000 (113449487.000.000) 2023-03-29 17:01:30 Job submitted from host: <10.14.0.160:9618?addrs=10.14.0.160-9618&alias=ldas-pcdev2.ligo.caltech.edu&noUDP&sock=schedd_7450_a8a7>
    DAG Node: 196
...
040 (113449487.000.000) 2023-03-29 17:13:44 Started transferring input files
	Transferring to host: <10.14.4.99:9618?addrs=10.14.4.99-9618&alias=node849.cluster.ldas.cit&noUDP&sock=slot1_8_1685044_af23_14623>
...
040 (113449487.000.000) 2023-03-29 17:13:44 Finished transferring input files
...
001 (113449487.000.000) 2023-03-29 17:13:45 Job executing on host: <10.14.4.99:9618?addrs=10.14.4.99-9618&alias=node849.cluster.ldas.cit&noUDP&sock=startd_5175_32b2>
...
006 (113449487.000.000) 2023-03-29 17:13:54 Image size of job updated: 313396
	86  -  MemoryUsage of job (MB)
	87356  -  ResidentSetSize of job (KB)
...
006 (113449487.000.000) 2023-03-29 17:18:55 Image size of job updated: 4344828
	437  -  MemoryUsage of job (MB)
	447160  -  ResidentSetSize of job (KB)
...
006 (113449487.000.000) 2023-03-29 17:23:55 Image size of job updated: 4404836
	439  -  MemoryUsage of job (MB)
	449208  -  ResidentSetSize of job (KB)
...
006 (113449487.000.000) 2023-03-29 17:58:58 Image size of job updated: 4404836
	447  -  MemoryUsage of job (MB)
	457252  -  ResidentSetSize of job (KB)
...
006 (113449487.000.000) 2023-03-29 18:03:59 Image size of job updated: 4404836
	450  -  MemoryUsage of job (MB)
	459864  -  ResidentSetSize of job (KB)
...
006 (113449487.000.000) 2023-03-29 18:09:00 Image size of job updated: 4404836
	460  -  MemoryUsage of job (MB)
	470928  -  ResidentSetSize of job (KB)
...
006 (113449487.000.000) 2023-03-29 18:14:00 Image size of job updated: 4404836
	462  -  MemoryUsage of job (MB)
	472868  -  ResidentSetSize of job (KB)
...
006 (113449487.000.000) 2023-03-29 18:19:01 Image size of job updated: 4404836
	465  -  MemoryUsage of job (MB)
	475356  -  ResidentSetSize of job (KB)
...
006 (113449487.000.000) 2023-03-29 18:24:02 Image size of job updated: 4404836
	487  -  MemoryUsage of job (MB)
	497984  -  ResidentSetSize of job (KB)
...
006 (113449487.000.000) 2023-03-29 18:29:02 Image size of job updated: 4404836
	487  -  MemoryUsage of job (MB)
	498004  -  ResidentSetSize of job (KB)
...
006 (113449487.000.000) 2023-03-29 18:34:02 Image size of job updated: 4404836
	489  -  MemoryUsage of job (MB)
	500664  -  ResidentSetSize of job (KB)
...
006 (113449487.000.000) 2023-03-29 18:39:03 Image size of job updated: 4404836
	491  -  MemoryUsage of job (MB)
	502016  -  ResidentSetSize of job (KB)
...
006 (113449487.000.000) 2023-03-29 18:49:03 Image size of job updated: 4404836
	491  -  MemoryUsage of job (MB)
	502196  -  ResidentSetSize of job (KB)
...
006 (113449487.000.000) 2023-03-29 18:54:04 Image size of job updated: 4407384
	518  -  MemoryUsage of job (MB)
	530376  -  ResidentSetSize of job (KB)
...
006 (113449487.000.000) 2023-03-29 18:59:05 Image size of job updated: 4407384
	529  -  MemoryUsage of job (MB)
	540920  -  ResidentSetSize of job (KB)
...
006 (113449487.000.000) 2023-03-29 19:04:05 Image size of job updated: 4407856
	533  -  MemoryUsage of job (MB)
	544960  -  ResidentSetSize of job (KB)
...
006 (113449487.000.000) 2023-03-29 19:09:06 Image size of job updated: 4407856
	534  -  MemoryUsage of job (MB)
	546088  -  ResidentSetSize of job (KB)
...
006 (113449487.000.000) 2023-03-29 19:14:07 Image size of job updated: 4407908
	598  -  MemoryUsage of job (MB)
	611752  -  ResidentSetSize of job (KB)
...
006 (113449487.000.000) 2023-03-29 19:19:07 Image size of job updated: 4413376
	753  -  MemoryUsage of job (MB)
	770720  -  ResidentSetSize of job (KB)
...
006 (113449487.000.000) 2023-03-29 19:24:07 Image size of job updated: 4413376
	790  -  MemoryUsage of job (MB)
	808068  -  ResidentSetSize of job (KB)
...
006 (113449487.000.000) 2023-03-29 19:29:08 Image size of job updated: 4435548
	810  -  MemoryUsage of job (MB)
	828740  -  ResidentSetSize of job (KB)
...
006 (113449487.000.000) 2023-03-29 19:34:08 Image size of job updated: 4436216
	812  -  MemoryUsage of job (MB)
	830632  -  ResidentSetSize of job (KB)
...
006 (113449487.000.000) 2023-03-29 19:39:08 Image size of job updated: 4441572
	814  -  MemoryUsage of job (MB)
	832960  -  ResidentSetSize of job (KB)
...
006 (113449487.000.000) 2023-03-29 19:54:09 Image size of job updated: 4445736
	819  -  MemoryUsage of job (MB)
	837936  -  ResidentSetSize of job (KB)
...
006 (113449487.000.000) 2023-03-29 19:59:10 Image size of job updated: 4445736
	819  -  MemoryUsage of job (MB)
	838284  -  ResidentSetSize of job (KB)
...
006 (113449487.000.000) 2023-03-29 20:14:12 Image size of job updated: 4455952
	831  -  MemoryUsage of job (MB)
	850020  -  ResidentSetSize of job (KB)
...
006 (113449487.000.000) 2023-03-29 20:19:13 Image size of job updated: 4459912
	834  -  MemoryUsage of job (MB)
	853336  -  ResidentSetSize of job (KB)
...
006 (113449487.000.000) 2023-03-29 20:24:13 Image size of job updated: 4459912
	834  -  MemoryUsage of job (MB)
	853340  -  ResidentSetSize of job (KB)
...
006 (113449487.000.000) 2023-03-29 20:29:13 Image size of job updated: 4461812
	836  -  MemoryUsage of job (MB)
	855900  -  ResidentSetSize of job (KB)
...
006 (113449487.000.000) 2023-03-29 20:34:14 Image size of job updated: 4491416
	862  -  MemoryUsage of job (MB)
	881844  -  ResidentSetSize of job (KB)
...
006 (113449487.000.000) 2023-03-29 20:44:14 Image size of job updated: 4501836
	864  -  MemoryUsage of job (MB)
	884380  -  ResidentSetSize of job (KB)
...
006 (113449487.000.000) 2023-03-29 20:49:16 Image size of job updated: 4501836
	865  -  MemoryUsage of job (MB)
	884980  -  ResidentSetSize of job (KB)
...
006 (113449487.000.000) 2023-03-29 20:54:16 Image size of job updated: 4504404
	867  -  MemoryUsage of job (MB)
	887340  -  ResidentSetSize of job (KB)
...
006 (113449487.000.000) 2023-03-29 20:59:16 Image size of job updated: 4504404
	867  -  MemoryUsage of job (MB)
	887456  -  ResidentSetSize of job (KB)
...
006 (113449487.000.000) 2023-03-29 21:04:17 Image size of job updated: 4504404
	869  -  MemoryUsage of job (MB)
	889016  -  ResidentSetSize of job (KB)
...
006 (113449487.000.000) 2023-03-29 21:09:18 Image size of job updated: 4504404
	869  -  MemoryUsage of job (MB)
	889020  -  ResidentSetSize of job (KB)
...
006 (113449487.000.000) 2023-03-29 21:14:18 Image size of job updated: 4504404
	869  -  MemoryUsage of job (MB)
	889648  -  ResidentSetSize of job (KB)
...
006 (113449487.000.000) 2023-03-29 21:19:19 Image size of job updated: 4504816
	875  -  MemoryUsage of job (MB)
	895640  -  ResidentSetSize of job (KB)
...
006 (113449487.000.000) 2023-03-29 21:34:20 Image size of job updated: 4506676
	877  -  MemoryUsage of job (MB)
	897328  -  ResidentSetSize of job (KB)
...
006 (113449487.000.000) 2023-03-29 21:39:21 Image size of job updated: 4506676
	877  -  MemoryUsage of job (MB)
	897360  -  ResidentSetSize of job (KB)
...
006 (113449487.000.000) 2023-03-29 21:44:21 Image size of job updated: 4510284
	877  -  MemoryUsage of job (MB)
	897360  -  ResidentSetSize of job (KB)
...
006 (113449487.000.000) 2023-03-29 21:54:22 Image size of job updated: 4539480
	913  -  MemoryUsage of job (MB)
	933984  -  ResidentSetSize of job (KB)
...
006 (113449487.000.000) 2023-03-29 22:19:25 Image size of job updated: 4539568
	913  -  MemoryUsage of job (MB)
	934148  -  ResidentSetSize of job (KB)
...
006 (113449487.000.000) 2023-03-29 22:24:25 Image size of job updated: 4539724
	913  -  MemoryUsage of job (MB)
	934420  -  ResidentSetSize of job (KB)
...
006 (113449487.000.000) 2023-03-29 22:29:26 Image size of job updated: 4541652
	915  -  MemoryUsage of job (MB)
	936484  -  ResidentSetSize of job (KB)
...
006 (113449487.000.000) 2023-03-29 22:34:26 Image size of job updated: 4541988
	915  -  MemoryUsage of job (MB)
	936484  -  ResidentSetSize of job (KB)
...
006 (113449487.000.000) 2023-03-29 22:39:26 Image size of job updated: 4543280
	916  -  MemoryUsage of job (MB)
	937652  -  ResidentSetSize of job (KB)
...
006 (113449487.000.000) 2023-03-29 22:54:27 Image size of job updated: 4544232
	917  -  MemoryUsage of job (MB)
	938336  -  ResidentSetSize of job (KB)
...
006 (113449487.000.000) 2023-03-29 22:59:28 Image size of job updated: 4544568
	918  -  MemoryUsage of job (MB)
	939312  -  ResidentSetSize of job (KB)
...
006 (113449487.000.000) 2023-03-29 23:04:29 Image size of job updated: 4544744
	918  -  MemoryUsage of job (MB)
	939312  -  ResidentSetSize of job (KB)
...
006 (113449487.000.000) 2023-03-29 23:09:29 Image size of job updated: 4544852
	918  -  MemoryUsage of job (MB)
	939312  -  ResidentSetSize of job (KB)
...
006 (113449487.000.000) 2023-03-29 23:14:30 Image size of job updated: 4545464
	919  -  MemoryUsage of job (MB)
	940496  -  ResidentSetSize of job (KB)
...
006 (113449487.000.000) 2023-03-29 23:19:31 Image size of job updated: 4547012
	919  -  MemoryUsage of job (MB)
	940496  -  ResidentSetSize of job (KB)
...
006 (113449487.000.000) 2023-03-29 23:39:32 Image size of job updated: 4550704
	924  -  MemoryUsage of job (MB)
	945804  -  ResidentSetSize of job (KB)
...
006 (113449487.000.000) 2023-03-29 23:44:32 Image size of job updated: 4551740
	925  -  MemoryUsage of job (MB)
	946692  -  ResidentSetSize of job (KB)
...
006 (113449487.000.000) 2023-03-29 23:54:34 Image size of job updated: 4554092
	927  -  MemoryUsage of job (MB)
	949244  -  ResidentSetSize of job (KB)
...
006 (113449487.000.000) 2023-03-29 23:59:34 Image size of job updated: 4555740
	927  -  MemoryUsage of job (MB)
	949244  -  ResidentSetSize of job (KB)
...
006 (113449487.000.000) 2023-03-30 00:04:35 Image size of job updated: 4555740
	928  -  MemoryUsage of job (MB)
	950004  -  ResidentSetSize of job (KB)
...
006 (113449487.000.000) 2023-03-30 00:09:36 Image size of job updated: 4597752
	928  -  MemoryUsage of job (MB)
	950004  -  ResidentSetSize of job (KB)
...
006 (113449487.000.000) 2023-03-30 00:24:37 Image size of job updated: 4597752
	933  -  MemoryUsage of job (MB)
	954944  -  ResidentSetSize of job (KB)
...
006 (113449487.000.000) 2023-03-30 00:44:38 Image size of job updated: 4608552
	933  -  MemoryUsage of job (MB)
	954944  -  ResidentSetSize of job (KB)
...
006 (113449487.000.000) 2023-03-30 00:54:39 Image size of job updated: 4609192
	933  -  MemoryUsage of job (MB)
	954944  -  ResidentSetSize of job (KB)
...
006 (113449487.000.000) 2023-03-30 01:09:41 Image size of job updated: 4610620
	934  -  MemoryUsage of job (MB)
	955888  -  ResidentSetSize of job (KB)
...
006 (113449487.000.000) 2023-03-30 01:19:42 Image size of job updated: 4610620
	936  -  MemoryUsage of job (MB)
	958364  -  ResidentSetSize of job (KB)
...
006 (113449487.000.000) 2023-03-30 01:24:42 Image size of job updated: 4610620
	938  -  MemoryUsage of job (MB)
	959996  -  ResidentSetSize of job (KB)
...
006 (113449487.000.000) 2023-03-30 01:29:43 Image size of job updated: 4610620
	938  -  MemoryUsage of job (MB)
	960212  -  ResidentSetSize of job (KB)
...
006 (113449487.000.000) 2023-03-30 01:54:45 Image size of job updated: 4610620
	940  -  MemoryUsage of job (MB)
	961624  -  ResidentSetSize of job (KB)
...
006 (113449487.000.000) 2023-03-30 01:59:46 Image size of job updated: 4610620
	940  -  MemoryUsage of job (MB)
	961652  -  ResidentSetSize of job (KB)
...
006 (113449487.000.000) 2023-03-30 02:09:47 Image size of job updated: 4610620
	940  -  MemoryUsage of job (MB)
	961780  -  ResidentSetSize of job (KB)
...
006 (113449487.000.000) 2023-03-30 02:14:48 Image size of job updated: 4610620
	940  -  MemoryUsage of job (MB)
	962208  -  ResidentSetSize of job (KB)
...
006 (113449487.000.000) 2023-03-30 02:19:49 Image size of job updated: 4610620
	940  -  MemoryUsage of job (MB)
	962484  -  ResidentSetSize of job (KB)
...
006 (113449487.000.000) 2023-03-30 02:24:49 Image size of job updated: 4622724
	940  -  MemoryUsage of job (MB)
	962484  -  ResidentSetSize of job (KB)
...
006 (113449487.000.000) 2023-03-30 02:54:52 Image size of job updated: 4622724
	943  -  MemoryUsage of job (MB)
	965176  -  ResidentSetSize of job (KB)
...
006 (113449487.000.000) 2023-03-30 03:19:55 Image size of job updated: 4622724
	943  -  MemoryUsage of job (MB)
	965492  -  ResidentSetSize of job (KB)
...
006 (113449487.000.000) 2023-03-30 03:24:56 Image size of job updated: 4622724
	944  -  MemoryUsage of job (MB)
	965756  -  ResidentSetSize of job (KB)
...
006 (113449487.000.000) 2023-03-30 03:29:56 Image size of job updated: 4622724
	962  -  MemoryUsage of job (MB)
	984724  -  ResidentSetSize of job (KB)
...
006 (113449487.000.000) 2023-03-30 03:54:58 Image size of job updated: 4622724
	965  -  MemoryUsage of job (MB)
	987988  -  ResidentSetSize of job (KB)
...
006 (113449487.000.000) 2023-03-30 03:59:59 Image size of job updated: 4622724
	966  -  MemoryUsage of job (MB)
	988492  -  ResidentSetSize of job (KB)
...
006 (113449487.000.000) 2023-03-30 04:10:00 Image size of job updated: 4633032
	966  -  MemoryUsage of job (MB)
	988492  -  ResidentSetSize of job (KB)
...
006 (113449487.000.000) 2023-03-30 04:20:01 Image size of job updated: 4633032
	966  -  MemoryUsage of job (MB)
	988816  -  ResidentSetSize of job (KB)
...
006 (113449487.000.000) 2023-03-30 04:30:03 Image size of job updated: 4636736
	966  -  MemoryUsage of job (MB)
	988816  -  ResidentSetSize of job (KB)
...
006 (113449487.000.000) 2023-03-30 04:45:04 Image size of job updated: 4636736
	968  -  MemoryUsage of job (MB)
	991232  -  ResidentSetSize of job (KB)
...
006 (113449487.000.000) 2023-03-30 04:55:04 Image size of job updated: 4639560
	985  -  MemoryUsage of job (MB)
	1007856  -  ResidentSetSize of job (KB)
...
006 (113449487.000.000) 2023-03-30 05:00:05 Image size of job updated: 4639560
	986  -  MemoryUsage of job (MB)
	1009236  -  ResidentSetSize of job (KB)
...
006 (113449487.000.000) 2023-03-30 05:05:06 Image size of job updated: 4639560
	990  -  MemoryUsage of job (MB)
	1013688  -  ResidentSetSize of job (KB)
...
006 (113449487.000.000) 2023-03-30 05:25:08 Image size of job updated: 4639560
	991  -  MemoryUsage of job (MB)
	1014676  -  ResidentSetSize of job (KB)
...
006 (113449487.000.000) 2023-03-30 06:05:11 Image size of job updated: 4639560
	998  -  MemoryUsage of job (MB)
	1021020  -  ResidentSetSize of job (KB)
...
006 (113449487.000.000) 2023-03-30 06:10:12 Image size of job updated: 4639560
	1001  -  MemoryUsage of job (MB)
	1024260  -  ResidentSetSize of job (KB)
...
006 (113449487.000.000) 2023-03-30 06:15:12 Image size of job updated: 4639560
	1017  -  MemoryUsage of job (MB)
	1040880  -  ResidentSetSize of job (KB)
...
006 (113449487.000.000) 2023-03-30 06:20:13 Image size of job updated: 4639560
	1019  -  MemoryUsage of job (MB)
	1042680  -  ResidentSetSize of job (KB)
...
006 (113449487.000.000) 2023-03-30 06:25:14 Image size of job updated: 4639560
	1020  -  MemoryUsage of job (MB)
	1044016  -  ResidentSetSize of job (KB)
...
006 (113449487.000.000) 2023-03-30 06:30:14 Image size of job updated: 4639560
	1039  -  MemoryUsage of job (MB)
	1063196  -  ResidentSetSize of job (KB)
...
006 (113449487.000.000) 2023-03-30 06:35:14 Image size of job updated: 4639560
	1040  -  MemoryUsage of job (MB)
	1064048  -  ResidentSetSize of job (KB)
...
006 (113449487.000.000) 2023-03-30 06:40:15 Image size of job updated: 4659596
	1045  -  MemoryUsage of job (MB)
	1069316  -  ResidentSetSize of job (KB)
...
006 (113449487.000.000) 2023-03-30 06:55:16 Image size of job updated: 4659596
	1046  -  MemoryUsage of job (MB)
	1070376  -  ResidentSetSize of job (KB)
...
006 (113449487.000.000) 2023-03-30 07:05:16 Image size of job updated: 4670420
	1115  -  MemoryUsage of job (MB)
	1141384  -  ResidentSetSize of job (KB)
...
006 (113449487.000.000) 2023-03-30 07:40:20 Image size of job updated: 4677156
	1115  -  MemoryUsage of job (MB)
	1141384  -  ResidentSetSize of job (KB)
...
006 (113449487.000.000) 2023-03-30 08:20:25 Image size of job updated: 4677156
	1122  -  MemoryUsage of job (MB)
	1147960  -  ResidentSetSize of job (KB)
...
006 (113449487.000.000) 2023-03-30 08:30:27 Image size of job updated: 4677156
	1124  -  MemoryUsage of job (MB)
	1150464  -  ResidentSetSize of job (KB)
...
006 (113449487.000.000) 2023-03-30 08:40:28 Image size of job updated: 4677156
	1130  -  MemoryUsage of job (MB)
	1156436  -  ResidentSetSize of job (KB)
...
006 (113449487.000.000) 2023-03-30 09:00:30 Image size of job updated: 4705532
	1130  -  MemoryUsage of job (MB)
	1156436  -  ResidentSetSize of job (KB)
...
006 (113449487.000.000) 2023-03-30 09:10:30 Image size of job updated: 4705532
	1214  -  MemoryUsage of job (MB)
	1242592  -  ResidentSetSize of job (KB)
...
006 (113449487.000.000) 2023-03-30 09:15:31 Image size of job updated: 4708412
	1214  -  MemoryUsage of job (MB)
	1242592  -  ResidentSetSize of job (KB)
...
006 (113449487.000.000) 2023-03-30 09:25:32 Image size of job updated: 4711728
	1214  -  MemoryUsage of job (MB)
	1242592  -  ResidentSetSize of job (KB)
...
006 (113449487.000.000) 2023-03-30 10:10:37 Image size of job updated: 4729848
	1214  -  MemoryUsage of job (MB)
	1242592  -  ResidentSetSize of job (KB)
...
006 (113449487.000.000) 2023-03-30 10:25:39 Image size of job updated: 4829952
	1214  -  MemoryUsage of job (MB)
	1242592  -  ResidentSetSize of job (KB)
...
006 (113449487.000.000) 2023-03-30 10:50:41 Image size of job updated: 4829952
	1257  -  MemoryUsage of job (MB)
	1286772  -  ResidentSetSize of job (KB)
...
006 (113449487.000.000) 2023-03-30 13:35:59 Image size of job updated: 4829952
	1319  -  MemoryUsage of job (MB)
	1350232  -  ResidentSetSize of job (KB)
...
006 (113449487.000.000) 2023-03-30 14:31:05 Image size of job updated: 4835068
	1338  -  MemoryUsage of job (MB)
	1369844  -  ResidentSetSize of job (KB)
...
006 (113449487.000.000) 2023-03-30 14:51:07 Image size of job updated: 4843216
	1338  -  MemoryUsage of job (MB)
	1369844  -  ResidentSetSize of job (KB)
...
006 (113449487.000.000) 2023-03-30 15:06:09 Image size of job updated: 4848088
	1338  -  MemoryUsage of job (MB)
	1369844  -  ResidentSetSize of job (KB)
...
006 (113449487.000.000) 2023-03-30 15:21:10 Image size of job updated: 4851256
	1338  -  MemoryUsage of job (MB)
	1369844  -  ResidentSetSize of job (KB)
...
006 (113449487.000.000) 2023-03-30 16:01:14 Image size of job updated: 4853620
	1338  -  MemoryUsage of job (MB)
	1369844  -  ResidentSetSize of job (KB)
...
006 (113449487.000.000) 2023-03-30 16:26:16 Image size of job updated: 4862596
	1338  -  MemoryUsage of job (MB)
	1369844  -  ResidentSetSize of job (KB)
...
006 (113449487.000.000) 2023-03-30 17:11:21 Image size of job updated: 4875116
	1338  -  MemoryUsage of job (MB)
	1369844  -  ResidentSetSize of job (KB)
...
004 (113449487.000.000) 2023-03-30 17:31:21 Job was evicted.
	(0) CPU times
		Usr 2 03:14:35, Sys 0 00:19:45  -  Run Remote Usage
		Usr 0 00:00:00, Sys 0 00:00:00  -  Run Local Usage
	0  -  Run Bytes Sent By Job
	381  -  Run Bytes Received By Job
	Partitionable Resources :    Usage  Request Allocated 
	   Cpus                 :     0.99        1         1 
	   Disk (KB)            :  1168      500000    624256 
	   GPUs                 :                           0 
	   Memory (MB)          :  1338       20000     20096 
...
040 (113449487.000.000) 2023-03-30 17:34:55 Started transferring input files
	Transferring to host: <10.14.4.36:9618?addrs=10.14.4.36-9618&alias=node786.cluster.ldas.cit&noUDP&sock=slot1_12_2606228_2576_17281>
...
040 (113449487.000.000) 2023-03-30 17:34:55 Finished transferring input files
...
001 (113449487.000.000) 2023-03-30 17:34:56 Job executing on host: <10.14.4.36:9618?addrs=10.14.4.36-9618&alias=node786.cluster.ldas.cit&noUDP&sock=startd_209977_55d8>
...
006 (113449487.000.000) 2023-03-30 20:45:26 Image size of job updated: 5001400
	1465  -  MemoryUsage of job (MB)
	1500000  -  ResidentSetSize of job (KB)
...
006 (113449487.000.000) 2023-03-31 06:09:06 Image size of job updated: 5010952
	1465  -  MemoryUsage of job (MB)
	1500000  -  ResidentSetSize of job (KB)
...
006 (113449487.000.000) 2023-03-31 06:19:07 Image size of job updated: 5014548
	1465  -  MemoryUsage of job (MB)
	1500000  -  ResidentSetSize of job (KB)
...
006 (113449487.000.000) 2023-03-31 06:39:08 Image size of job updated: 5019468
	1465  -  MemoryUsage of job (MB)
	1500000  -  ResidentSetSize of job (KB)
...
006 (113449487.000.000) 2023-03-31 08:14:21 Image size of job updated: 5037516
	1465  -  MemoryUsage of job (MB)
	1500000  -  ResidentSetSize of job (KB)
...
006 (113449487.000.000) 2023-03-31 10:04:36 Image size of job updated: 5058028
	1465  -  MemoryUsage of job (MB)
	1500000  -  ResidentSetSize of job (KB)
...
006 (113449487.000.000) 2023-03-31 10:59:41 Image size of job updated: 5080476
	1465  -  MemoryUsage of job (MB)
	1500000  -  ResidentSetSize of job (KB)
...
006 (113449487.000.000) 2023-03-31 14:49:59 Image size of job updated: 5099480
	1465  -  MemoryUsage of job (MB)
	1500000  -  ResidentSetSize of job (KB)
...
006 (113449487.000.000) 2023-03-31 16:25:12 Image size of job updated: 5103620
	1465  -  MemoryUsage of job (MB)
	1500000  -  ResidentSetSize of job (KB)
...
006 (113449487.000.000) 2023-03-31 17:00:17 Image size of job updated: 5128128
	1465  -  MemoryUsage of job (MB)
	1500000  -  ResidentSetSize of job (KB)
...
004 (113449487.000.000) 2023-03-31 17:50:57 Job was evicted.
	(0) CPU times
		Usr 2 07:24:32, Sys 0 00:05:38  -  Run Remote Usage
		Usr 0 00:00:00, Sys 0 00:00:00  -  Run Local Usage
	0  -  Run Bytes Sent By Job
	381  -  Run Bytes Received By Job
	Partitionable Resources :    Usage  Request Allocated 
	   Cpus                 :     2.20        1         1 
	   Disk (KB)            :   517      500000    624256 
	   GPUs                 :                           0 
	   Memory (MB)          :  1465       20000     20096 
...
040 (113449487.000.000) 2023-03-31 17:53:20 Started transferring input files
	Transferring to host: <10.14.9.137:9618?addrs=10.14.9.137-9618&alias=node2137.cluster.ldas.cit&noUDP&sock=slot1_4_3453635_09b2_7827>
...
040 (113449487.000.000) 2023-03-31 17:53:20 Finished transferring input files
...
001 (113449487.000.000) 2023-03-31 17:53:21 Job executing on host: <10.14.9.137:9618?addrs=10.14.9.137-9618&alias=node2137.cluster.ldas.cit&noUDP&sock=startd_3453594_ce0a>
...
006 (113449487.000.000) 2023-03-31 22:08:58 Image size of job updated: 7500000
	1530  -  MemoryUsage of job (MB)
	1566556  -  ResidentSetSize of job (KB)
...
006 (113449487.000.000) 2023-04-01 08:24:56 Image size of job updated: 7500000
	1550  -  MemoryUsage of job (MB)
	1586224  -  ResidentSetSize of job (KB)
...
006 (113449487.000.000) 2023-04-01 08:34:57 Image size of job updated: 7500000
	1557  -  MemoryUsage of job (MB)
	1593724  -  ResidentSetSize of job (KB)
...
006 (113449487.000.000) 2023-04-01 08:54:59 Image size of job updated: 7500000
	1563  -  MemoryUsage of job (MB)
	1599576  -  ResidentSetSize of job (KB)
...
006 (113449487.000.000) 2023-04-01 08:59:59 Image size of job updated: 7500000
	1567  -  MemoryUsage of job (MB)
	1603688  -  ResidentSetSize of job (KB)
...
006 (113449487.000.000) 2023-04-01 09:04:59 Image size of job updated: 7500000
	1585  -  MemoryUsage of job (MB)
	1622312  -  ResidentSetSize of job (KB)
...
006 (113449487.000.000) 2023-04-01 09:15:01 Image size of job updated: 7500000
	1611  -  MemoryUsage of job (MB)
	1649036  -  ResidentSetSize of job (KB)
...
006 (113449487.000.000) 2023-04-01 13:15:24 Image size of job updated: 7500000
	1619  -  MemoryUsage of job (MB)
	1656836  -  ResidentSetSize of job (KB)
...
006 (113449487.000.000) 2023-04-01 14:10:30 Image size of job updated: 7500000
	1639  -  MemoryUsage of job (MB)
	1677444  -  ResidentSetSize of job (KB)
...
004 (113449487.000.000) 2023-04-01 14:19:49 Job was evicted.
	(0) CPU times
		Usr 3 10:00:39, Sys 0 00:03:57  -  Run Remote Usage
		Usr 0 00:00:00, Sys 0 00:00:00  -  Run Local Usage
	0  -  Run Bytes Sent By Job
	381  -  Run Bytes Received By Job
	Partitionable Resources :    Usage  Request Allocated 
	   Cpus                 :     1.99        1         1 
	   Disk (KB)            :   395      500000    609620 
	   GPUs                 :                           0 
	   Memory (MB)          :  1639       20000     20096 
...
009 (113449487.000.000) 2023-04-01 14:19:49 Job was aborted.
	removed because <OtherJobRemoveRequirements = DAGManJobId =?= 113449369> fired when job (113449369.0) was removed
...
000 (113484532.000.000) 2023-04-01 14:22:50 Job submitted from host: <10.14.0.160:9618?addrs=10.14.0.160-9618&alias=ldas-pcdev2.ligo.caltech.edu&noUDP&sock=schedd_7450_a8a7>
    DAG Node: 196
...
040 (113484532.000.000) 2023-04-01 14:24:44 Started transferring input files
	Transferring to host: <10.14.10.69:9618?addrs=10.14.10.69-9618&alias=node2319.cluster.ldas.cit&noUDP&sock=slot1_2_523803_594d_9851>
...
040 (113484532.000.000) 2023-04-01 14:24:44 Finished transferring input files
...
001 (113484532.000.000) 2023-04-01 14:24:45 Job executing on host: <10.14.10.69:9618?addrs=10.14.10.69-9618&alias=node2319.cluster.ldas.cit&noUDP&sock=startd_523761_0f55>
...
006 (113484532.000.000) 2023-04-01 14:24:54 Image size of job updated: 121956
	102  -  MemoryUsage of job (MB)
	104316  -  ResidentSetSize of job (KB)
...
006 (113484532.000.000) 2023-04-01 14:29:55 Image size of job updated: 4518324
	609  -  MemoryUsage of job (MB)
	623248  -  ResidentSetSize of job (KB)
...
006 (113484532.000.000) 2023-04-01 14:34:55 Image size of job updated: 4535512
	626  -  MemoryUsage of job (MB)
	640448  -  ResidentSetSize of job (KB)
...
006 (113484532.000.000) 2023-04-01 14:39:55 Image size of job updated: 4566296
	632  -  MemoryUsage of job (MB)
	646884  -  ResidentSetSize of job (KB)
...
006 (113484532.000.000) 2023-04-01 14:44:56 Image size of job updated: 4566296
	645  -  MemoryUsage of job (MB)
	660040  -  ResidentSetSize of job (KB)
...
006 (113484532.000.000) 2023-04-01 14:49:56 Image size of job updated: 4566296
	653  -  MemoryUsage of job (MB)
	668440  -  ResidentSetSize of job (KB)
...
006 (113484532.000.000) 2023-04-01 14:54:56 Image size of job updated: 4581428
	670  -  MemoryUsage of job (MB)
	685488  -  ResidentSetSize of job (KB)
...
006 (113484532.000.000) 2023-04-01 14:59:58 Image size of job updated: 4588092
	677  -  MemoryUsage of job (MB)
	692704  -  ResidentSetSize of job (KB)
...
006 (113484532.000.000) 2023-04-01 15:04:58 Image size of job updated: 4588916
	677  -  MemoryUsage of job (MB)
	692980  -  ResidentSetSize of job (KB)
...
006 (113484532.000.000) 2023-04-01 15:09:58 Image size of job updated: 4892488
	795  -  MemoryUsage of job (MB)
	813908  -  ResidentSetSize of job (KB)
...
006 (113484532.000.000) 2023-04-01 15:14:59 Image size of job updated: 5131104
	1028  -  MemoryUsage of job (MB)
	1052656  -  ResidentSetSize of job (KB)
...
006 (113484532.000.000) 2023-04-01 15:30:00 Image size of job updated: 5239804
	1028  -  MemoryUsage of job (MB)
	1052656  -  ResidentSetSize of job (KB)
...
006 (113484532.000.000) 2023-04-01 16:05:04 Image size of job updated: 5245496
	1076  -  MemoryUsage of job (MB)
	1101528  -  ResidentSetSize of job (KB)
...
006 (113484532.000.000) 2023-04-01 16:10:05 Image size of job updated: 5245496
	1085  -  MemoryUsage of job (MB)
	1110940  -  ResidentSetSize of job (KB)
...
006 (113484532.000.000) 2023-04-01 16:15:05 Image size of job updated: 5245496
	1100  -  MemoryUsage of job (MB)
	1125912  -  ResidentSetSize of job (KB)
...
006 (113484532.000.000) 2023-04-01 16:25:06 Image size of job updated: 5245496
	1142  -  MemoryUsage of job (MB)
	1169012  -  ResidentSetSize of job (KB)
...
006 (113484532.000.000) 2023-04-01 16:30:06 Image size of job updated: 5245496
	1293  -  MemoryUsage of job (MB)
	1323384  -  ResidentSetSize of job (KB)
...
006 (113484532.000.000) 2023-04-01 16:35:06 Image size of job updated: 5245496
	1374  -  MemoryUsage of job (MB)
	1406400  -  ResidentSetSize of job (KB)
...
006 (113484532.000.000) 2023-04-01 16:40:07 Image size of job updated: 5245496
	1375  -  MemoryUsage of job (MB)
	1407856  -  ResidentSetSize of job (KB)
...
006 (113484532.000.000) 2023-04-01 16:45:07 Image size of job updated: 5268256
	1628  -  MemoryUsage of job (MB)
	1666488  -  ResidentSetSize of job (KB)
...
006 (113484532.000.000) 2023-04-01 16:50:07 Image size of job updated: 14091800
	1628  -  MemoryUsage of job (MB)
	1666488  -  ResidentSetSize of job (KB)
...
040 (113484532.000.000) 2023-04-01 16:51:32 Started transferring output files
...
040 (113484532.000.000) 2023-04-01 16:51:32 Finished transferring output files
...
005 (113484532.000.000) 2023-04-01 16:51:32 Job terminated.
	(1) Normal termination (return value 0)
		Usr 0 07:02:55, Sys 0 00:00:47  -  Run Remote Usage
		Usr 0 00:00:00, Sys 0 00:00:00  -  Run Local Usage
		Usr 0 07:02:55, Sys 0 00:00:47  -  Total Remote Usage
		Usr 0 00:00:00, Sys 0 00:00:00  -  Total Local Usage
	60279  -  Run Bytes Sent By Job
	381  -  Run Bytes Received By Job
	60279  -  Total Bytes Sent By Job
	381  -  Total Bytes Received By Job
	Partitionable Resources :    Usage  Request Allocated 
	   Cpus                 :     0.99        1         1 
	   Disk (KB)            :    81      500000    624256 
	   GPUs                 :                           0 
	   Memory (MB)          :  1628       20000     20096 

	Job terminated of its own accord at 2023-04-01T23:51:32Z with exit-code 0.
...
