000 (113449545.000.000) 2023-03-29 17:01:30 Job submitted from host: <10.14.0.160:9618?addrs=10.14.0.160-9618&alias=ldas-pcdev2.ligo.caltech.edu&noUDP&sock=schedd_7450_a8a7>
    DAG Node: 259
...
022 (113449545.000.000) 2023-03-29 17:20:20 Job disconnected, attempting to reconnect
    Socket between submit and execute hosts closed unexpectedly
    Trying to reconnect to slot1_2@node2267.cluster.ldas.cit <10.14.10.17:9618?addrs=10.14.10.17-9618&alias=node2267.cluster.ldas.cit&noUDP&sock=startd_3479_e213>
...
024 (113449545.000.000) 2023-03-29 17:20:29 Job reconnection failed
    Job not found at execution machine
    Can not reconnect to slot1_2@node2267.cluster.ldas.cit, rescheduling job
...
040 (113449545.000.000) 2023-03-29 17:22:11 Started transferring input files
	Transferring to host: <10.14.10.58:9618?addrs=10.14.10.58-9618&alias=node2308.cluster.ldas.cit&noUDP&sock=slot1_11_3864988_706a_4757>
...
040 (113449545.000.000) 2023-03-29 17:22:11 Finished transferring input files
...
001 (113449545.000.000) 2023-03-29 17:22:12 Job executing on host: <10.14.10.58:9618?addrs=10.14.10.58-9618&alias=node2308.cluster.ldas.cit&noUDP&sock=startd_3864947_bf7b>
...
006 (113449545.000.000) 2023-03-29 17:22:20 Image size of job updated: 598372
	192  -  MemoryUsage of job (MB)
	196528  -  ResidentSetSize of job (KB)
...
006 (113449545.000.000) 2023-03-29 17:27:20 Image size of job updated: 5008336
	213  -  MemoryUsage of job (MB)
	218068  -  ResidentSetSize of job (KB)
...
006 (113449545.000.000) 2023-03-29 17:32:20 Image size of job updated: 5008336
	403  -  MemoryUsage of job (MB)
	412544  -  ResidentSetSize of job (KB)
...
006 (113449545.000.000) 2023-03-29 17:37:21 Image size of job updated: 5008336
	409  -  MemoryUsage of job (MB)
	418464  -  ResidentSetSize of job (KB)
...
006 (113449545.000.000) 2023-03-29 17:42:22 Image size of job updated: 5010896
	498  -  MemoryUsage of job (MB)
	509116  -  ResidentSetSize of job (KB)
...
006 (113449545.000.000) 2023-03-29 17:47:22 Image size of job updated: 5011972
	498  -  MemoryUsage of job (MB)
	509868  -  ResidentSetSize of job (KB)
...
006 (113449545.000.000) 2023-03-29 17:52:23 Image size of job updated: 5052964
	539  -  MemoryUsage of job (MB)
	551396  -  ResidentSetSize of job (KB)
...
006 (113449545.000.000) 2023-03-29 17:57:24 Image size of job updated: 5053220
	539  -  MemoryUsage of job (MB)
	551780  -  ResidentSetSize of job (KB)
...
006 (113449545.000.000) 2023-03-29 18:02:24 Image size of job updated: 5075428
	561  -  MemoryUsage of job (MB)
	574240  -  ResidentSetSize of job (KB)
...
006 (113449545.000.000) 2023-03-29 18:07:24 Image size of job updated: 5087600
	594  -  MemoryUsage of job (MB)
	607944  -  ResidentSetSize of job (KB)
...
006 (113449545.000.000) 2023-03-29 18:12:25 Image size of job updated: 5088208
	634  -  MemoryUsage of job (MB)
	648504  -  ResidentSetSize of job (KB)
...
006 (113449545.000.000) 2023-03-29 18:17:26 Image size of job updated: 5097536
	669  -  MemoryUsage of job (MB)
	684180  -  ResidentSetSize of job (KB)
...
006 (113449545.000.000) 2023-03-29 18:22:26 Image size of job updated: 5111312
	682  -  MemoryUsage of job (MB)
	697956  -  ResidentSetSize of job (KB)
...
006 (113449545.000.000) 2023-03-29 18:27:26 Image size of job updated: 5116096
	747  -  MemoryUsage of job (MB)
	764848  -  ResidentSetSize of job (KB)
...
006 (113449545.000.000) 2023-03-29 18:32:27 Image size of job updated: 5125820
	894  -  MemoryUsage of job (MB)
	915384  -  ResidentSetSize of job (KB)
...
006 (113449545.000.000) 2023-03-29 18:37:27 Image size of job updated: 5126240
	1023  -  MemoryUsage of job (MB)
	1046824  -  ResidentSetSize of job (KB)
...
006 (113449545.000.000) 2023-03-29 18:42:27 Image size of job updated: 5130832
	1037  -  MemoryUsage of job (MB)
	1061452  -  ResidentSetSize of job (KB)
...
006 (113449545.000.000) 2023-03-29 18:47:28 Image size of job updated: 5150964
	1048  -  MemoryUsage of job (MB)
	1072484  -  ResidentSetSize of job (KB)
...
006 (113449545.000.000) 2023-03-29 18:52:29 Image size of job updated: 5159676
	1056  -  MemoryUsage of job (MB)
	1081332  -  ResidentSetSize of job (KB)
...
006 (113449545.000.000) 2023-03-29 18:57:29 Image size of job updated: 5185592
	1082  -  MemoryUsage of job (MB)
	1107060  -  ResidentSetSize of job (KB)
...
006 (113449545.000.000) 2023-03-29 19:02:30 Image size of job updated: 5186188
	1119  -  MemoryUsage of job (MB)
	1145284  -  ResidentSetSize of job (KB)
...
006 (113449545.000.000) 2023-03-29 19:07:31 Image size of job updated: 5206568
	1139  -  MemoryUsage of job (MB)
	1166176  -  ResidentSetSize of job (KB)
...
006 (113449545.000.000) 2023-03-29 19:12:31 Image size of job updated: 5218184
	1152  -  MemoryUsage of job (MB)
	1179116  -  ResidentSetSize of job (KB)
...
006 (113449545.000.000) 2023-03-29 19:17:31 Image size of job updated: 5229628
	1161  -  MemoryUsage of job (MB)
	1188236  -  ResidentSetSize of job (KB)
...
006 (113449545.000.000) 2023-03-29 19:22:32 Image size of job updated: 5239624
	1171  -  MemoryUsage of job (MB)
	1198284  -  ResidentSetSize of job (KB)
...
006 (113449545.000.000) 2023-03-29 19:27:33 Image size of job updated: 5256264
	1175  -  MemoryUsage of job (MB)
	1202464  -  ResidentSetSize of job (KB)
...
006 (113449545.000.000) 2023-03-29 19:37:33 Image size of job updated: 5265664
	1194  -  MemoryUsage of job (MB)
	1222304  -  ResidentSetSize of job (KB)
...
006 (113449545.000.000) 2023-03-29 19:42:34 Image size of job updated: 5265664
	1197  -  MemoryUsage of job (MB)
	1225376  -  ResidentSetSize of job (KB)
...
006 (113449545.000.000) 2023-03-29 19:47:34 Image size of job updated: 5305936
	1236  -  MemoryUsage of job (MB)
	1265628  -  ResidentSetSize of job (KB)
...
006 (113449545.000.000) 2023-03-29 19:52:34 Image size of job updated: 5312892
	1243  -  MemoryUsage of job (MB)
	1272624  -  ResidentSetSize of job (KB)
...
006 (113449545.000.000) 2023-03-29 19:57:35 Image size of job updated: 5354524
	1259  -  MemoryUsage of job (MB)
	1289028  -  ResidentSetSize of job (KB)
...
006 (113449545.000.000) 2023-03-29 20:02:36 Image size of job updated: 5357804
	1287  -  MemoryUsage of job (MB)
	1317604  -  ResidentSetSize of job (KB)
...
006 (113449545.000.000) 2023-03-29 20:07:36 Image size of job updated: 5362980
	1292  -  MemoryUsage of job (MB)
	1322816  -  ResidentSetSize of job (KB)
...
006 (113449545.000.000) 2023-03-29 20:12:37 Image size of job updated: 5404788
	1292  -  MemoryUsage of job (MB)
	1322816  -  ResidentSetSize of job (KB)
...
006 (113449545.000.000) 2023-03-29 20:27:38 Image size of job updated: 5404788
	1311  -  MemoryUsage of job (MB)
	1342436  -  ResidentSetSize of job (KB)
...
006 (113449545.000.000) 2023-03-29 20:47:41 Image size of job updated: 5404788
	1319  -  MemoryUsage of job (MB)
	1350396  -  ResidentSetSize of job (KB)
...
006 (113449545.000.000) 2023-03-29 20:57:42 Image size of job updated: 5411132
	1339  -  MemoryUsage of job (MB)
	1371092  -  ResidentSetSize of job (KB)
...
006 (113449545.000.000) 2023-03-29 21:02:42 Image size of job updated: 5439856
	1339  -  MemoryUsage of job (MB)
	1371092  -  ResidentSetSize of job (KB)
...
006 (113449545.000.000) 2023-03-29 22:42:53 Image size of job updated: 5455216
	1379  -  MemoryUsage of job (MB)
	1411672  -  ResidentSetSize of job (KB)
...
006 (113449545.000.000) 2023-03-29 22:52:54 Image size of job updated: 5513136
	1381  -  MemoryUsage of job (MB)
	1413432  -  ResidentSetSize of job (KB)
...
006 (113449545.000.000) 2023-03-29 22:57:55 Image size of job updated: 5513136
	1389  -  MemoryUsage of job (MB)
	1422076  -  ResidentSetSize of job (KB)
...
006 (113449545.000.000) 2023-03-29 23:02:55 Image size of job updated: 5528208
	1392  -  MemoryUsage of job (MB)
	1425156  -  ResidentSetSize of job (KB)
...
006 (113449545.000.000) 2023-03-29 23:07:55 Image size of job updated: 5528208
	1408  -  MemoryUsage of job (MB)
	1440936  -  ResidentSetSize of job (KB)
...
006 (113449545.000.000) 2023-03-29 23:12:56 Image size of job updated: 5548076
	1412  -  MemoryUsage of job (MB)
	1444956  -  ResidentSetSize of job (KB)
...
006 (113449545.000.000) 2023-03-29 23:17:56 Image size of job updated: 5548076
	1412  -  MemoryUsage of job (MB)
	1445032  -  ResidentSetSize of job (KB)
...
006 (113449545.000.000) 2023-03-29 23:22:56 Image size of job updated: 5548076
	1412  -  MemoryUsage of job (MB)
	1445072  -  ResidentSetSize of job (KB)
...
006 (113449545.000.000) 2023-03-29 23:27:57 Image size of job updated: 5548076
	1414  -  MemoryUsage of job (MB)
	1447808  -  ResidentSetSize of job (KB)
...
006 (113449545.000.000) 2023-03-29 23:37:58 Image size of job updated: 5560108
	1419  -  MemoryUsage of job (MB)
	1452180  -  ResidentSetSize of job (KB)
...
006 (113449545.000.000) 2023-03-29 23:42:59 Image size of job updated: 5560108
	1419  -  MemoryUsage of job (MB)
	1452432  -  ResidentSetSize of job (KB)
...
006 (113449545.000.000) 2023-03-29 23:48:00 Image size of job updated: 5560108
	1421  -  MemoryUsage of job (MB)
	1454380  -  ResidentSetSize of job (KB)
...
006 (113449545.000.000) 2023-03-29 23:58:00 Image size of job updated: 5560108
	1421  -  MemoryUsage of job (MB)
	1454520  -  ResidentSetSize of job (KB)
...
006 (113449545.000.000) 2023-03-30 00:13:02 Image size of job updated: 5560108
	1426  -  MemoryUsage of job (MB)
	1459888  -  ResidentSetSize of job (KB)
...
006 (113449545.000.000) 2023-03-30 00:28:04 Image size of job updated: 5560108
	1427  -  MemoryUsage of job (MB)
	1460488  -  ResidentSetSize of job (KB)
...
006 (113449545.000.000) 2023-03-30 00:48:06 Image size of job updated: 5560108
	1457  -  MemoryUsage of job (MB)
	1491464  -  ResidentSetSize of job (KB)
...
006 (113449545.000.000) 2023-03-30 01:08:08 Image size of job updated: 5560108
	1461  -  MemoryUsage of job (MB)
	1495956  -  ResidentSetSize of job (KB)
...
006 (113449545.000.000) 2023-03-30 01:23:10 Image size of job updated: 5625724
	1461  -  MemoryUsage of job (MB)
	1495956  -  ResidentSetSize of job (KB)
...
006 (113449545.000.000) 2023-03-30 01:33:11 Image size of job updated: 5631356
	1461  -  MemoryUsage of job (MB)
	1495956  -  ResidentSetSize of job (KB)
...
006 (113449545.000.000) 2023-03-30 01:48:12 Image size of job updated: 5631356
	1470  -  MemoryUsage of job (MB)
	1505196  -  ResidentSetSize of job (KB)
...
006 (113449545.000.000) 2023-03-30 01:58:14 Image size of job updated: 5642208
	1475  -  MemoryUsage of job (MB)
	1510376  -  ResidentSetSize of job (KB)
...
006 (113449545.000.000) 2023-03-30 02:03:14 Image size of job updated: 5642208
	1477  -  MemoryUsage of job (MB)
	1511580  -  ResidentSetSize of job (KB)
...
006 (113449545.000.000) 2023-03-30 02:08:15 Image size of job updated: 5642208
	1477  -  MemoryUsage of job (MB)
	1511584  -  ResidentSetSize of job (KB)
...
006 (113449545.000.000) 2023-03-30 02:23:16 Image size of job updated: 5665420
	1477  -  MemoryUsage of job (MB)
	1511584  -  ResidentSetSize of job (KB)
...
006 (113449545.000.000) 2023-03-30 02:53:20 Image size of job updated: 5710436
	1533  -  MemoryUsage of job (MB)
	1569312  -  ResidentSetSize of job (KB)
...
006 (113449545.000.000) 2023-03-30 02:58:20 Image size of job updated: 5710436
	1533  -  MemoryUsage of job (MB)
	1569316  -  ResidentSetSize of job (KB)
...
006 (113449545.000.000) 2023-03-30 03:03:21 Image size of job updated: 5710436
	1561  -  MemoryUsage of job (MB)
	1597484  -  ResidentSetSize of job (KB)
...
006 (113449545.000.000) 2023-03-30 03:33:24 Image size of job updated: 5758036
	1575  -  MemoryUsage of job (MB)
	1612684  -  ResidentSetSize of job (KB)
...
006 (113449545.000.000) 2023-03-30 03:43:25 Image size of job updated: 5758036
	1578  -  MemoryUsage of job (MB)
	1615308  -  ResidentSetSize of job (KB)
...
006 (113449545.000.000) 2023-03-30 04:23:29 Image size of job updated: 5767616
	1674  -  MemoryUsage of job (MB)
	1713236  -  ResidentSetSize of job (KB)
...
006 (113449545.000.000) 2023-03-30 04:28:29 Image size of job updated: 5780376
	1686  -  MemoryUsage of job (MB)
	1726228  -  ResidentSetSize of job (KB)
...
006 (113449545.000.000) 2023-03-30 07:08:46 Image size of job updated: 5780376
	1697  -  MemoryUsage of job (MB)
	1737136  -  ResidentSetSize of job (KB)
...
006 (113449545.000.000) 2023-03-30 07:23:47 Image size of job updated: 5795156
	1697  -  MemoryUsage of job (MB)
	1737136  -  ResidentSetSize of job (KB)
...
006 (113449545.000.000) 2023-03-30 07:48:49 Image size of job updated: 5799420
	1697  -  MemoryUsage of job (MB)
	1737136  -  ResidentSetSize of job (KB)
...
006 (113449545.000.000) 2023-03-30 08:23:52 Image size of job updated: 5802384
	1697  -  MemoryUsage of job (MB)
	1737136  -  ResidentSetSize of job (KB)
...
006 (113449545.000.000) 2023-03-30 09:03:57 Image size of job updated: 5809236
	1697  -  MemoryUsage of job (MB)
	1737136  -  ResidentSetSize of job (KB)
...
006 (113449545.000.000) 2023-03-30 09:28:59 Image size of job updated: 5833696
	1697  -  MemoryUsage of job (MB)
	1737136  -  ResidentSetSize of job (KB)
...
006 (113449545.000.000) 2023-03-30 10:54:07 Image size of job updated: 5841452
	1697  -  MemoryUsage of job (MB)
	1737136  -  ResidentSetSize of job (KB)
...
006 (113449545.000.000) 2023-03-30 11:24:11 Image size of job updated: 5865756
	1697  -  MemoryUsage of job (MB)
	1737136  -  ResidentSetSize of job (KB)
...
006 (113449545.000.000) 2023-03-30 12:59:22 Image size of job updated: 5887208
	1697  -  MemoryUsage of job (MB)
	1737136  -  ResidentSetSize of job (KB)
...
006 (113449545.000.000) 2023-03-30 13:39:25 Image size of job updated: 5916312
	1697  -  MemoryUsage of job (MB)
	1737136  -  ResidentSetSize of job (KB)
...
006 (113449545.000.000) 2023-03-30 13:54:26 Image size of job updated: 5924196
	1697  -  MemoryUsage of job (MB)
	1737136  -  ResidentSetSize of job (KB)
...
006 (113449545.000.000) 2023-03-30 14:04:27 Image size of job updated: 5928348
	1697  -  MemoryUsage of job (MB)
	1737136  -  ResidentSetSize of job (KB)
...
006 (113449545.000.000) 2023-03-30 14:19:29 Image size of job updated: 5937552
	1697  -  MemoryUsage of job (MB)
	1737136  -  ResidentSetSize of job (KB)
...
006 (113449545.000.000) 2023-03-30 14:49:31 Image size of job updated: 5939692
	1697  -  MemoryUsage of job (MB)
	1737136  -  ResidentSetSize of job (KB)
...
006 (113449545.000.000) 2023-03-30 14:59:33 Image size of job updated: 5941940
	1697  -  MemoryUsage of job (MB)
	1737136  -  ResidentSetSize of job (KB)
...
006 (113449545.000.000) 2023-03-30 16:19:41 Image size of job updated: 5941940
	1698  -  MemoryUsage of job (MB)
	1738680  -  ResidentSetSize of job (KB)
...
006 (113449545.000.000) 2023-03-30 16:34:43 Image size of job updated: 5941940
	1711  -  MemoryUsage of job (MB)
	1751600  -  ResidentSetSize of job (KB)
...
006 (113449545.000.000) 2023-03-30 16:39:44 Image size of job updated: 5941940
	1711  -  MemoryUsage of job (MB)
	1751788  -  ResidentSetSize of job (KB)
...
006 (113449545.000.000) 2023-03-30 16:49:44 Image size of job updated: 5960080
	1713  -  MemoryUsage of job (MB)
	1753304  -  ResidentSetSize of job (KB)
...
006 (113449545.000.000) 2023-03-30 16:54:45 Image size of job updated: 5960080
	1713  -  MemoryUsage of job (MB)
	1753480  -  ResidentSetSize of job (KB)
...
006 (113449545.000.000) 2023-03-30 16:59:45 Image size of job updated: 5966840
	1713  -  MemoryUsage of job (MB)
	1753480  -  ResidentSetSize of job (KB)
...
006 (113449545.000.000) 2023-03-30 17:14:47 Image size of job updated: 5966840
	1717  -  MemoryUsage of job (MB)
	1757436  -  ResidentSetSize of job (KB)
...
006 (113449545.000.000) 2023-03-30 17:19:47 Image size of job updated: 5966840
	1718  -  MemoryUsage of job (MB)
	1759200  -  ResidentSetSize of job (KB)
...
004 (113449545.000.000) 2023-03-30 17:22:20 Job was evicted.
	(0) CPU times
		Usr 4 02:52:36, Sys 0 00:04:26  -  Run Remote Usage
		Usr 0 00:00:00, Sys 0 00:00:00  -  Run Local Usage
	0  -  Run Bytes Sent By Job
	366  -  Run Bytes Received By Job
	Partitionable Resources :    Usage  Request Allocated 
	   Cpus                 :     0.99        1         1 
	   Disk (KB)            :  4120      500000    624256 
	   GPUs                 :                           0 
	   Memory (MB)          :  1718       20000     20096 
...
040 (113449545.000.000) 2023-03-30 17:29:02 Started transferring input files
	Transferring to host: <10.14.10.136:9618?addrs=10.14.10.136-9618&alias=node2386.cluster.ldas.cit&noUDP&sock=slot1_8_3222436_6d58_18209>
...
040 (113449545.000.000) 2023-03-30 17:29:02 Finished transferring input files
...
001 (113449545.000.000) 2023-03-30 17:29:03 Job executing on host: <10.14.10.136:9618?addrs=10.14.10.136-9618&alias=node2386.cluster.ldas.cit&noUDP&sock=startd_4324_7b9a>
...
006 (113449545.000.000) 2023-03-31 11:26:05 Image size of job updated: 7500000
	2079  -  MemoryUsage of job (MB)
	2128648  -  ResidentSetSize of job (KB)
...
006 (113449545.000.000) 2023-03-31 14:46:27 Image size of job updated: 7500000
	2151  -  MemoryUsage of job (MB)
	2202568  -  ResidentSetSize of job (KB)
...
006 (113449545.000.000) 2023-03-31 17:16:41 Image size of job updated: 7500000
	2379  -  MemoryUsage of job (MB)
	2435376  -  ResidentSetSize of job (KB)
...
004 (113449545.000.000) 2023-03-31 17:30:32 Job was evicted.
	(0) CPU times
		Usr 3 16:26:55, Sys 0 00:03:45  -  Run Remote Usage
		Usr 0 00:00:00, Sys 0 00:00:00  -  Run Local Usage
	0  -  Run Bytes Sent By Job
	366  -  Run Bytes Received By Job
	Partitionable Resources :    Usage  Request Allocated 
	   Cpus                 :     5.94        1         1 
	   Disk (KB)            :  3296      500000    624256 
	   GPUs                 :                           0 
	   Memory (MB)          :  2379       20000     20096 
...
040 (113449545.000.000) 2023-03-31 17:53:22 Started transferring input files
	Transferring to host: <10.14.9.196:9618?addrs=10.14.9.196-9618&alias=node2196.cluster.ldas.cit&noUDP&sock=slot1_5_186547_fcbb_155722>
...
040 (113449545.000.000) 2023-03-31 17:53:22 Finished transferring input files
...
001 (113449545.000.000) 2023-03-31 17:53:23 Job executing on host: <10.14.9.196:9618?addrs=10.14.9.196-9618&alias=node2196.cluster.ldas.cit&noUDP&sock=startd_186508_8dac>
...
040 (113449545.000.000) 2023-03-31 17:53:24 Started transferring output files
...
040 (113449545.000.000) 2023-03-31 17:53:24 Finished transferring output files
...
005 (113449545.000.000) 2023-03-31 17:53:24 Job terminated.
	(1) Normal termination (return value 127)
		Usr 0 00:00:00, Sys 0 00:00:00  -  Run Remote Usage
		Usr 0 00:00:00, Sys 0 00:00:00  -  Run Local Usage
		Usr 7 19:19:31, Sys 0 00:08:11  -  Total Remote Usage
		Usr 0 00:00:00, Sys 0 00:00:00  -  Total Local Usage
	411  -  Run Bytes Sent By Job
	366  -  Run Bytes Received By Job
	411  -  Total Bytes Sent By Job
	1098  -  Total Bytes Received By Job
	Partitionable Resources :    Usage  Request Allocated 
	   Cpus                 :     5.94        1         1 
	   Disk (KB)            :    16      500000    519527 
	   GPUs                 :                           0 
	   Memory (MB)          :  2442       20000     20096 

	Job terminated of its own accord at 2023-04-01T00:53:24Z with exit-code 127.
...
000 (113587185.000.000) 2023-04-05 14:54:15 Job submitted from host: <10.14.0.160:9618?addrs=10.14.0.160-9618&alias=ldas-pcdev2.ligo.caltech.edu&noUDP&sock=schedd_7450_a8a7>
    DAG Node: 259
...
040 (113587185.000.000) 2023-04-05 14:56:12 Started transferring input files
	Transferring to host: <10.14.4.56:9618?addrs=10.14.4.56-9618&alias=node806.cluster.ldas.cit&noUDP&sock=slot1_10_2264012_041a_1058>
...
040 (113587185.000.000) 2023-04-05 14:56:12 Finished transferring input files
...
001 (113587185.000.000) 2023-04-05 14:56:13 Job executing on host: <10.14.4.56:9618?addrs=10.14.4.56-9618&alias=node806.cluster.ldas.cit&noUDP&sock=startd_2263970_b084>
...
006 (113587185.000.000) 2023-04-05 14:56:22 Image size of job updated: 206728
	192  -  MemoryUsage of job (MB)
	196460  -  ResidentSetSize of job (KB)
...
006 (113587185.000.000) 2023-04-05 15:01:23 Image size of job updated: 5266096
	758  -  MemoryUsage of job (MB)
	776096  -  ResidentSetSize of job (KB)
...
006 (113587185.000.000) 2023-04-05 15:06:24 Image size of job updated: 5480768
	970  -  MemoryUsage of job (MB)
	992632  -  ResidentSetSize of job (KB)
...
006 (113587185.000.000) 2023-04-05 15:11:24 Image size of job updated: 5963760
	1241  -  MemoryUsage of job (MB)
	1270544  -  ResidentSetSize of job (KB)
...
006 (113587185.000.000) 2023-04-05 15:16:25 Image size of job updated: 5963760
	1273  -  MemoryUsage of job (MB)
	1303352  -  ResidentSetSize of job (KB)
...
006 (113587185.000.000) 2023-04-05 15:26:26 Image size of job updated: 6091532
	1315  -  MemoryUsage of job (MB)
	1345956  -  ResidentSetSize of job (KB)
...
006 (113587185.000.000) 2023-04-05 15:31:27 Image size of job updated: 6091532
	1317  -  MemoryUsage of job (MB)
	1348004  -  ResidentSetSize of job (KB)
...
006 (113587185.000.000) 2023-04-05 15:36:28 Image size of job updated: 6091532
	1333  -  MemoryUsage of job (MB)
	1364560  -  ResidentSetSize of job (KB)
...
006 (113587185.000.000) 2023-04-05 15:41:28 Image size of job updated: 6091532
	1343  -  MemoryUsage of job (MB)
	1374408  -  ResidentSetSize of job (KB)
...
006 (113587185.000.000) 2023-04-05 16:11:31 Image size of job updated: 6123744
	1343  -  MemoryUsage of job (MB)
	1374780  -  ResidentSetSize of job (KB)
...
006 (113587185.000.000) 2023-04-05 16:16:31 Image size of job updated: 6123744
	1364  -  MemoryUsage of job (MB)
	1395832  -  ResidentSetSize of job (KB)
...
006 (113587185.000.000) 2023-04-05 16:21:32 Image size of job updated: 6143592
	1364  -  MemoryUsage of job (MB)
	1395832  -  ResidentSetSize of job (KB)
...
006 (113587185.000.000) 2023-04-05 16:41:34 Image size of job updated: 6174572
	1376  -  MemoryUsage of job (MB)
	1408472  -  ResidentSetSize of job (KB)
...
006 (113587185.000.000) 2023-04-05 16:51:35 Image size of job updated: 6174572
	1415  -  MemoryUsage of job (MB)
	1447964  -  ResidentSetSize of job (KB)
...
006 (113587185.000.000) 2023-04-05 17:11:38 Image size of job updated: 6189168
	1415  -  MemoryUsage of job (MB)
	1447964  -  ResidentSetSize of job (KB)
...
006 (113587185.000.000) 2023-04-05 17:21:39 Image size of job updated: 6189168
	1446  -  MemoryUsage of job (MB)
	1480264  -  ResidentSetSize of job (KB)
...
006 (113587185.000.000) 2023-04-05 17:26:40 Image size of job updated: 6219276
	1754  -  MemoryUsage of job (MB)
	1795380  -  ResidentSetSize of job (KB)
...
006 (113587185.000.000) 2023-04-05 17:36:40 Image size of job updated: 6219276
	1758  -  MemoryUsage of job (MB)
	1799568  -  ResidentSetSize of job (KB)
...
006 (113587185.000.000) 2023-04-05 17:41:41 Image size of job updated: 6228976
	1782  -  MemoryUsage of job (MB)
	1823932  -  ResidentSetSize of job (KB)
...
006 (113587185.000.000) 2023-04-05 19:41:53 Image size of job updated: 6228976
	1783  -  MemoryUsage of job (MB)
	1824972  -  ResidentSetSize of job (KB)
...
006 (113587185.000.000) 2023-04-05 19:46:54 Image size of job updated: 6228976
	1794  -  MemoryUsage of job (MB)
	1836088  -  ResidentSetSize of job (KB)
...
006 (113587185.000.000) 2023-04-05 19:51:54 Image size of job updated: 6228976
	1843  -  MemoryUsage of job (MB)
	1887208  -  ResidentSetSize of job (KB)
...
006 (113587185.000.000) 2023-04-05 19:56:55 Image size of job updated: 6228976
	1851  -  MemoryUsage of job (MB)
	1894836  -  ResidentSetSize of job (KB)
...
006 (113587185.000.000) 2023-04-05 20:01:56 Image size of job updated: 6235976
	1853  -  MemoryUsage of job (MB)
	1896604  -  ResidentSetSize of job (KB)
...
006 (113587185.000.000) 2023-04-05 20:11:57 Image size of job updated: 6235976
	1856  -  MemoryUsage of job (MB)
	1899576  -  ResidentSetSize of job (KB)
...
006 (113587185.000.000) 2023-04-05 20:41:59 Image size of job updated: 6235976
	1856  -  MemoryUsage of job (MB)
	1899952  -  ResidentSetSize of job (KB)
...
006 (113587185.000.000) 2023-04-05 20:52:01 Image size of job updated: 6235976
	1859  -  MemoryUsage of job (MB)
	1903256  -  ResidentSetSize of job (KB)
...
006 (113587185.000.000) 2023-04-05 20:57:01 Image size of job updated: 6235976
	1878  -  MemoryUsage of job (MB)
	1922076  -  ResidentSetSize of job (KB)
...
006 (113587185.000.000) 2023-04-05 21:17:03 Image size of job updated: 6235976
	1883  -  MemoryUsage of job (MB)
	1927308  -  ResidentSetSize of job (KB)
...
006 (113587185.000.000) 2023-04-05 21:22:04 Image size of job updated: 6235976
	1886  -  MemoryUsage of job (MB)
	1931016  -  ResidentSetSize of job (KB)
...
006 (113587185.000.000) 2023-04-05 21:27:04 Image size of job updated: 6236736
	2171  -  MemoryUsage of job (MB)
	2223036  -  ResidentSetSize of job (KB)
...
006 (113587185.000.000) 2023-04-06 00:57:23 Image size of job updated: 6275792
	2171  -  MemoryUsage of job (MB)
	2223036  -  ResidentSetSize of job (KB)
...
006 (113587185.000.000) 2023-04-06 02:02:27 Image size of job updated: 6307008
	2171  -  MemoryUsage of job (MB)
	2223036  -  ResidentSetSize of job (KB)
...
006 (113587185.000.000) 2023-04-06 02:22:28 Image size of job updated: 6307628
	2171  -  MemoryUsage of job (MB)
	2223036  -  ResidentSetSize of job (KB)
...
006 (113587185.000.000) 2023-04-06 02:37:29 Image size of job updated: 6311692
	2171  -  MemoryUsage of job (MB)
	2223036  -  ResidentSetSize of job (KB)
...
006 (113587185.000.000) 2023-04-06 04:17:39 Image size of job updated: 6591812
	2171  -  MemoryUsage of job (MB)
	2223036  -  ResidentSetSize of job (KB)
...
006 (113587185.000.000) 2023-04-06 09:58:12 Image size of job updated: 6591812
	2298  -  MemoryUsage of job (MB)
	2352712  -  ResidentSetSize of job (KB)
...
006 (113587185.000.000) 2023-04-06 13:08:32 Image size of job updated: 6706268
	2298  -  MemoryUsage of job (MB)
	2352712  -  ResidentSetSize of job (KB)
...
006 (113587185.000.000) 2023-04-06 13:23:34 Image size of job updated: 6729812
	2298  -  MemoryUsage of job (MB)
	2352712  -  ResidentSetSize of job (KB)
...
004 (113587185.000.000) 2023-04-06 15:16:59 Job was evicted.
	(0) CPU times
		Usr 2 23:19:52, Sys 0 00:06:47  -  Run Remote Usage
		Usr 0 00:00:00, Sys 0 00:00:00  -  Run Local Usage
	0  -  Run Bytes Sent By Job
	366  -  Run Bytes Received By Job
	Partitionable Resources :    Usage  Request Allocated 
	   Cpus                 :     1.00        1         1 
	   Disk (KB)            :  3091      500000    624256 
	   GPUs                 :                           0 
	   Memory (MB)          :  2298       20000     20096 
...
040 (113587185.000.000) 2023-04-06 15:24:20 Started transferring input files
	Transferring to host: <10.14.10.87:9618?addrs=10.14.10.87-9618&alias=node2337.cluster.ldas.cit&noUDP&sock=slot1_8_4037012_e8bd_1606>
...
040 (113587185.000.000) 2023-04-06 15:24:20 Finished transferring input files
...
001 (113587185.000.000) 2023-04-06 15:24:21 Job executing on host: <10.14.10.87:9618?addrs=10.14.10.87-9618&alias=node2337.cluster.ldas.cit&noUDP&sock=startd_4036971_e754>
...
004 (113587185.000.000) 2023-04-06 16:04:44 Job was evicted.
	(0) CPU times
		Usr 0 02:25:17, Sys 0 00:00:07  -  Run Remote Usage
		Usr 0 00:00:00, Sys 0 00:00:00  -  Run Local Usage
	0  -  Run Bytes Sent By Job
	366  -  Run Bytes Received By Job
	Partitionable Resources :    Usage  Request Allocated 
	   Cpus                 :     0.99        1         1 
	   Disk (KB)            :  2728      500000    624256 
	   GPUs                 :                           0 
	   Memory (MB)          :  2442       20000     20096 
...
009 (113587185.000.000) 2023-04-06 16:04:44 Job was aborted.
	removed because <OtherJobRemoveRequirements = DAGManJobId =?= 113587092> fired when job (113587092.0) was removed
...
000 (113604298.000.000) 2023-04-06 16:27:57 Job submitted from host: <10.14.0.160:9618?addrs=10.14.0.160-9618&alias=ldas-pcdev2.ligo.caltech.edu&noUDP&sock=schedd_7450_a8a7>
    DAG Node: 259
...
040 (113604298.000.000) 2023-04-06 16:32:44 Started transferring input files
	Transferring to host: <10.14.10.74:9618?addrs=10.14.10.74-9618&alias=node2324.cluster.ldas.cit&noUDP&sock=slot1_16_3653764_05dc_1596>
...
040 (113604298.000.000) 2023-04-06 16:32:44 Finished transferring input files
...
001 (113604298.000.000) 2023-04-06 16:32:45 Job executing on host: <10.14.10.74:9618?addrs=10.14.10.74-9618&alias=node2324.cluster.ldas.cit&noUDP&sock=startd_3653720_9857>
...
006 (113604298.000.000) 2023-04-06 16:32:54 Image size of job updated: 245808
	191  -  MemoryUsage of job (MB)
	194564  -  ResidentSetSize of job (KB)
...
006 (113604298.000.000) 2023-04-06 16:37:55 Image size of job updated: 5069412
	191  -  MemoryUsage of job (MB)
	194564  -  ResidentSetSize of job (KB)
...
006 (113604298.000.000) 2023-04-06 16:42:56 Image size of job updated: 5069412
	357  -  MemoryUsage of job (MB)
	364740  -  ResidentSetSize of job (KB)
...
006 (113604298.000.000) 2023-04-06 16:47:56 Image size of job updated: 5069412
	371  -  MemoryUsage of job (MB)
	379076  -  ResidentSetSize of job (KB)
...
006 (113604298.000.000) 2023-04-06 16:52:56 Image size of job updated: 5069412
	506  -  MemoryUsage of job (MB)
	517352  -  ResidentSetSize of job (KB)
...
006 (113604298.000.000) 2023-04-06 16:57:57 Image size of job updated: 5069412
	517  -  MemoryUsage of job (MB)
	528912  -  ResidentSetSize of job (KB)
...
006 (113604298.000.000) 2023-04-06 17:02:57 Image size of job updated: 5093500
	574  -  MemoryUsage of job (MB)
	586880  -  ResidentSetSize of job (KB)
...
006 (113604298.000.000) 2023-04-06 17:07:57 Image size of job updated: 5108592
	588  -  MemoryUsage of job (MB)
	601680  -  ResidentSetSize of job (KB)
...
006 (113604298.000.000) 2023-04-06 17:12:58 Image size of job updated: 5120528
	600  -  MemoryUsage of job (MB)
	614372  -  ResidentSetSize of job (KB)
...
006 (113604298.000.000) 2023-04-06 17:17:58 Image size of job updated: 5121040
	601  -  MemoryUsage of job (MB)
	615136  -  ResidentSetSize of job (KB)
...
006 (113604298.000.000) 2023-04-06 17:22:58 Image size of job updated: 5146280
	626  -  MemoryUsage of job (MB)
	640244  -  ResidentSetSize of job (KB)
...
006 (113604298.000.000) 2023-04-06 17:27:59 Image size of job updated: 5177724
	685  -  MemoryUsage of job (MB)
	701100  -  ResidentSetSize of job (KB)
...
006 (113604298.000.000) 2023-04-06 17:33:00 Image size of job updated: 5207028
	770  -  MemoryUsage of job (MB)
	788132  -  ResidentSetSize of job (KB)
...
006 (113604298.000.000) 2023-04-06 17:38:00 Image size of job updated: 5207580
	855  -  MemoryUsage of job (MB)
	875452  -  ResidentSetSize of job (KB)
...
006 (113604298.000.000) 2023-04-06 17:43:00 Image size of job updated: 5242164
	890  -  MemoryUsage of job (MB)
	911332  -  ResidentSetSize of job (KB)
...
006 (113604298.000.000) 2023-04-06 17:48:01 Image size of job updated: 5242164
	918  -  MemoryUsage of job (MB)
	939708  -  ResidentSetSize of job (KB)
...
006 (113604298.000.000) 2023-04-06 17:53:01 Image size of job updated: 5284808
	960  -  MemoryUsage of job (MB)
	983036  -  ResidentSetSize of job (KB)
...
006 (113604298.000.000) 2023-04-06 17:58:01 Image size of job updated: 5311248
	1004  -  MemoryUsage of job (MB)
	1027652  -  ResidentSetSize of job (KB)
...
006 (113604298.000.000) 2023-04-06 18:03:02 Image size of job updated: 5361504
	1004  -  MemoryUsage of job (MB)
	1027652  -  ResidentSetSize of job (KB)
...
006 (113604298.000.000) 2023-04-06 18:08:03 Image size of job updated: 5361504
	1050  -  MemoryUsage of job (MB)
	1074840  -  ResidentSetSize of job (KB)
...
006 (113604298.000.000) 2023-04-06 18:13:03 Image size of job updated: 5361504
	1181  -  MemoryUsage of job (MB)
	1209288  -  ResidentSetSize of job (KB)
...
006 (113604298.000.000) 2023-04-06 18:18:03 Image size of job updated: 5361504
	1241  -  MemoryUsage of job (MB)
	1270324  -  ResidentSetSize of job (KB)
...
006 (113604298.000.000) 2023-04-06 18:23:04 Image size of job updated: 5371048
	1277  -  MemoryUsage of job (MB)
	1306740  -  ResidentSetSize of job (KB)
...
006 (113604298.000.000) 2023-04-06 18:58:07 Image size of job updated: 5374096
	1281  -  MemoryUsage of job (MB)
	1311400  -  ResidentSetSize of job (KB)
...
006 (113604298.000.000) 2023-04-06 19:03:07 Image size of job updated: 5390724
	1299  -  MemoryUsage of job (MB)
	1330168  -  ResidentSetSize of job (KB)
...
006 (113604298.000.000) 2023-04-06 19:08:07 Image size of job updated: 5406308
	1315  -  MemoryUsage of job (MB)
	1345644  -  ResidentSetSize of job (KB)
...
006 (113604298.000.000) 2023-04-06 19:13:08 Image size of job updated: 5419884
	1322  -  MemoryUsage of job (MB)
	1353344  -  ResidentSetSize of job (KB)
...
006 (113604298.000.000) 2023-04-06 19:18:09 Image size of job updated: 5419884
	1326  -  MemoryUsage of job (MB)
	1357036  -  ResidentSetSize of job (KB)
...
006 (113604298.000.000) 2023-04-06 19:23:09 Image size of job updated: 5469544
	1373  -  MemoryUsage of job (MB)
	1405536  -  ResidentSetSize of job (KB)
...
006 (113604298.000.000) 2023-04-06 19:28:10 Image size of job updated: 5469996
	1374  -  MemoryUsage of job (MB)
	1406044  -  ResidentSetSize of job (KB)
...
006 (113604298.000.000) 2023-04-06 19:33:11 Image size of job updated: 5470508
	1374  -  MemoryUsage of job (MB)
	1406044  -  ResidentSetSize of job (KB)
...
006 (113604298.000.000) 2023-04-06 19:48:12 Image size of job updated: 5486000
	1383  -  MemoryUsage of job (MB)
	1416144  -  ResidentSetSize of job (KB)
...
006 (113604298.000.000) 2023-04-06 19:53:12 Image size of job updated: 5486000
	1386  -  MemoryUsage of job (MB)
	1418496  -  ResidentSetSize of job (KB)
...
006 (113604298.000.000) 2023-04-06 19:58:12 Image size of job updated: 5490496
	1388  -  MemoryUsage of job (MB)
	1421228  -  ResidentSetSize of job (KB)
...
006 (113604298.000.000) 2023-04-06 20:03:13 Image size of job updated: 5490496
	1392  -  MemoryUsage of job (MB)
	1424420  -  ResidentSetSize of job (KB)
...
006 (113604298.000.000) 2023-04-06 20:08:14 Image size of job updated: 5491704
	1395  -  MemoryUsage of job (MB)
	1427560  -  ResidentSetSize of job (KB)
...
006 (113604298.000.000) 2023-04-06 20:13:14 Image size of job updated: 5586740
	1421  -  MemoryUsage of job (MB)
	1455020  -  ResidentSetSize of job (KB)
...
006 (113604298.000.000) 2023-04-06 20:18:15 Image size of job updated: 5586740
	1441  -  MemoryUsage of job (MB)
	1475292  -  ResidentSetSize of job (KB)
...
006 (113604298.000.000) 2023-04-06 20:23:16 Image size of job updated: 5586740
	1441  -  MemoryUsage of job (MB)
	1475368  -  ResidentSetSize of job (KB)
...
006 (113604298.000.000) 2023-04-06 20:28:16 Image size of job updated: 5619516
	1444  -  MemoryUsage of job (MB)
	1478532  -  ResidentSetSize of job (KB)
...
006 (113604298.000.000) 2023-04-06 20:38:17 Image size of job updated: 5644464
	1472  -  MemoryUsage of job (MB)
	1506932  -  ResidentSetSize of job (KB)
...
006 (113604298.000.000) 2023-04-06 20:43:18 Image size of job updated: 5644464
	1474  -  MemoryUsage of job (MB)
	1508724  -  ResidentSetSize of job (KB)
...
006 (113604298.000.000) 2023-04-06 20:48:18 Image size of job updated: 5653280
	1477  -  MemoryUsage of job (MB)
	1511652  -  ResidentSetSize of job (KB)
...
006 (113604298.000.000) 2023-04-06 20:53:19 Image size of job updated: 5653280
	1477  -  MemoryUsage of job (MB)
	1511980  -  ResidentSetSize of job (KB)
...
006 (113604298.000.000) 2023-04-06 20:58:20 Image size of job updated: 5653280
	1495  -  MemoryUsage of job (MB)
	1530676  -  ResidentSetSize of job (KB)
...
006 (113604298.000.000) 2023-04-06 21:23:22 Image size of job updated: 5653280
	1522  -  MemoryUsage of job (MB)
	1557680  -  ResidentSetSize of job (KB)
...
006 (113604298.000.000) 2023-04-06 21:28:22 Image size of job updated: 5653280
	1527  -  MemoryUsage of job (MB)
	1563356  -  ResidentSetSize of job (KB)
...
006 (113604298.000.000) 2023-04-06 21:33:23 Image size of job updated: 5720416
	1535  -  MemoryUsage of job (MB)
	1571408  -  ResidentSetSize of job (KB)
...
006 (113604298.000.000) 2023-04-06 21:58:25 Image size of job updated: 5720416
	1548  -  MemoryUsage of job (MB)
	1584688  -  ResidentSetSize of job (KB)
...
006 (113604298.000.000) 2023-04-06 22:08:27 Image size of job updated: 5720416
	1550  -  MemoryUsage of job (MB)
	1586736  -  ResidentSetSize of job (KB)
...
006 (113604298.000.000) 2023-04-06 22:13:27 Image size of job updated: 5751424
	1556  -  MemoryUsage of job (MB)
	1592832  -  ResidentSetSize of job (KB)
...
006 (113604298.000.000) 2023-04-06 22:18:27 Image size of job updated: 5751424
	1560  -  MemoryUsage of job (MB)
	1596928  -  ResidentSetSize of job (KB)
...
006 (113604298.000.000) 2023-04-06 22:23:28 Image size of job updated: 5751424
	1572  -  MemoryUsage of job (MB)
	1609320  -  ResidentSetSize of job (KB)
...
006 (113604298.000.000) 2023-04-06 22:38:29 Image size of job updated: 5787240
	1576  -  MemoryUsage of job (MB)
	1612932  -  ResidentSetSize of job (KB)
...
006 (113604298.000.000) 2023-04-06 22:53:30 Image size of job updated: 5794620
	1586  -  MemoryUsage of job (MB)
	1623436  -  ResidentSetSize of job (KB)
...
006 (113604298.000.000) 2023-04-06 22:58:30 Image size of job updated: 5794620
	1588  -  MemoryUsage of job (MB)
	1625764  -  ResidentSetSize of job (KB)
...
006 (113604298.000.000) 2023-04-07 00:03:38 Image size of job updated: 5819348
	1588  -  MemoryUsage of job (MB)
	1625764  -  ResidentSetSize of job (KB)
...
006 (113604298.000.000) 2023-04-07 00:18:40 Image size of job updated: 5832944
	1597  -  MemoryUsage of job (MB)
	1634912  -  ResidentSetSize of job (KB)
...
006 (113604298.000.000) 2023-04-07 00:23:40 Image size of job updated: 5832944
	1616  -  MemoryUsage of job (MB)
	1654516  -  ResidentSetSize of job (KB)
...
006 (113604298.000.000) 2023-04-07 00:33:42 Image size of job updated: 5832944
	1621  -  MemoryUsage of job (MB)
	1659540  -  ResidentSetSize of job (KB)
...
006 (113604298.000.000) 2023-04-07 00:38:42 Image size of job updated: 5832944
	1626  -  MemoryUsage of job (MB)
	1664504  -  ResidentSetSize of job (KB)
...
006 (113604298.000.000) 2023-04-07 01:03:44 Image size of job updated: 5832944
	1633  -  MemoryUsage of job (MB)
	1671528  -  ResidentSetSize of job (KB)
...
006 (113604298.000.000) 2023-04-07 01:08:45 Image size of job updated: 5832944
	1636  -  MemoryUsage of job (MB)
	1675188  -  ResidentSetSize of job (KB)
...
006 (113604298.000.000) 2023-04-07 01:13:45 Image size of job updated: 5900040
	1642  -  MemoryUsage of job (MB)
	1681092  -  ResidentSetSize of job (KB)
...
006 (113604298.000.000) 2023-04-07 01:18:45 Image size of job updated: 5900040
	1644  -  MemoryUsage of job (MB)
	1683140  -  ResidentSetSize of job (KB)
...
006 (113604298.000.000) 2023-04-07 01:28:47 Image size of job updated: 5908064
	1650  -  MemoryUsage of job (MB)
	1689556  -  ResidentSetSize of job (KB)
...
006 (113604298.000.000) 2023-04-07 01:33:47 Image size of job updated: 5908064
	1652  -  MemoryUsage of job (MB)
	1691604  -  ResidentSetSize of job (KB)
...
006 (113604298.000.000) 2023-04-07 01:38:48 Image size of job updated: 5915584
	1660  -  MemoryUsage of job (MB)
	1699384  -  ResidentSetSize of job (KB)
...
006 (113604298.000.000) 2023-04-07 01:43:49 Image size of job updated: 5915584
	1662  -  MemoryUsage of job (MB)
	1701684  -  ResidentSetSize of job (KB)
...
006 (113604298.000.000) 2023-04-07 01:48:49 Image size of job updated: 5924664
	1670  -  MemoryUsage of job (MB)
	1709648  -  ResidentSetSize of job (KB)
...
006 (113604298.000.000) 2023-04-07 01:53:50 Image size of job updated: 5924664
	1672  -  MemoryUsage of job (MB)
	1711696  -  ResidentSetSize of job (KB)
...
006 (113604298.000.000) 2023-04-07 02:03:52 Image size of job updated: 5933928
	1672  -  MemoryUsage of job (MB)
	1712008  -  ResidentSetSize of job (KB)
...
006 (113604298.000.000) 2023-04-07 02:08:52 Image size of job updated: 5933928
	1676  -  MemoryUsage of job (MB)
	1715360  -  ResidentSetSize of job (KB)
...
006 (113604298.000.000) 2023-04-07 02:23:54 Image size of job updated: 5933928
	1684  -  MemoryUsage of job (MB)
	1723868  -  ResidentSetSize of job (KB)
...
006 (113604298.000.000) 2023-04-07 02:28:54 Image size of job updated: 5962964
	1689  -  MemoryUsage of job (MB)
	1729076  -  ResidentSetSize of job (KB)
...
006 (113604298.000.000) 2023-04-07 02:33:55 Image size of job updated: 5962964
	1691  -  MemoryUsage of job (MB)
	1731216  -  ResidentSetSize of job (KB)
...
006 (113604298.000.000) 2023-04-07 02:38:56 Image size of job updated: 5971960
	1697  -  MemoryUsage of job (MB)
	1737412  -  ResidentSetSize of job (KB)
...
006 (113604298.000.000) 2023-04-07 02:43:56 Image size of job updated: 5971960
	1697  -  MemoryUsage of job (MB)
	1737720  -  ResidentSetSize of job (KB)
...
006 (113604298.000.000) 2023-04-07 02:48:56 Image size of job updated: 5971960
	1700  -  MemoryUsage of job (MB)
	1739900  -  ResidentSetSize of job (KB)
...
006 (113604298.000.000) 2023-04-07 02:53:57 Image size of job updated: 6149580
	1706  -  MemoryUsage of job (MB)
	1746600  -  ResidentSetSize of job (KB)
...
006 (113604298.000.000) 2023-04-07 03:59:03 Image size of job updated: 6149580
	1735  -  MemoryUsage of job (MB)
	1776228  -  ResidentSetSize of job (KB)
...
006 (113604298.000.000) 2023-04-07 04:24:06 Image size of job updated: 6226188
	1735  -  MemoryUsage of job (MB)
	1776228  -  ResidentSetSize of job (KB)
...
006 (113604298.000.000) 2023-04-07 04:29:06 Image size of job updated: 6226188
	1739  -  MemoryUsage of job (MB)
	1780108  -  ResidentSetSize of job (KB)
...
006 (113604298.000.000) 2023-04-07 04:34:07 Image size of job updated: 6226188
	1765  -  MemoryUsage of job (MB)
	1807196  -  ResidentSetSize of job (KB)
...
006 (113604298.000.000) 2023-04-07 05:39:13 Image size of job updated: 6226188
	1774  -  MemoryUsage of job (MB)
	1815788  -  ResidentSetSize of job (KB)
...
006 (113604298.000.000) 2023-04-07 05:44:14 Image size of job updated: 6226188
	1781  -  MemoryUsage of job (MB)
	1822764  -  ResidentSetSize of job (KB)
...
006 (113604298.000.000) 2023-04-07 05:59:16 Image size of job updated: 6226188
	1793  -  MemoryUsage of job (MB)
	1835216  -  ResidentSetSize of job (KB)
...
006 (113604298.000.000) 2023-04-07 06:04:17 Image size of job updated: 6226188
	1796  -  MemoryUsage of job (MB)
	1838880  -  ResidentSetSize of job (KB)
...
006 (113604298.000.000) 2023-04-07 06:09:17 Image size of job updated: 6226188
	1802  -  MemoryUsage of job (MB)
	1845196  -  ResidentSetSize of job (KB)
...
006 (113604298.000.000) 2023-04-07 07:04:23 Image size of job updated: 6226188
	1827  -  MemoryUsage of job (MB)
	1870208  -  ResidentSetSize of job (KB)
...
006 (113604298.000.000) 2023-04-07 07:39:26 Image size of job updated: 6226188
	1841  -  MemoryUsage of job (MB)
	1884896  -  ResidentSetSize of job (KB)
...
006 (113604298.000.000) 2023-04-07 08:24:32 Image size of job updated: 6226188
	1852  -  MemoryUsage of job (MB)
	1895968  -  ResidentSetSize of job (KB)
...
006 (113604298.000.000) 2023-04-07 08:34:32 Image size of job updated: 6226188
	1879  -  MemoryUsage of job (MB)
	1923264  -  ResidentSetSize of job (KB)
...
006 (113604298.000.000) 2023-04-07 09:09:36 Image size of job updated: 6235340
	1879  -  MemoryUsage of job (MB)
	1923264  -  ResidentSetSize of job (KB)
...
006 (113604298.000.000) 2023-04-07 09:14:37 Image size of job updated: 6235340
	1881  -  MemoryUsage of job (MB)
	1925464  -  ResidentSetSize of job (KB)
...
006 (113604298.000.000) 2023-04-07 09:44:40 Image size of job updated: 6235340
	1892  -  MemoryUsage of job (MB)
	1937308  -  ResidentSetSize of job (KB)
...
006 (113604298.000.000) 2023-04-07 09:54:42 Image size of job updated: 6237652
	1892  -  MemoryUsage of job (MB)
	1937308  -  ResidentSetSize of job (KB)
...
006 (113604298.000.000) 2023-04-07 09:59:42 Image size of job updated: 6237652
	1903  -  MemoryUsage of job (MB)
	1948100  -  ResidentSetSize of job (KB)
...
006 (113604298.000.000) 2023-04-07 10:09:44 Image size of job updated: 6237652
	1925  -  MemoryUsage of job (MB)
	1971024  -  ResidentSetSize of job (KB)
...
006 (113604298.000.000) 2023-04-07 11:04:49 Image size of job updated: 6279832
	1925  -  MemoryUsage of job (MB)
	1971024  -  ResidentSetSize of job (KB)
...
006 (113604298.000.000) 2023-04-07 11:29:50 Image size of job updated: 6279832
	1957  -  MemoryUsage of job (MB)
	2003476  -  ResidentSetSize of job (KB)
...
006 (113604298.000.000) 2023-04-07 11:34:50 Image size of job updated: 6279832
	1958  -  MemoryUsage of job (MB)
	2004112  -  ResidentSetSize of job (KB)
...
006 (113604298.000.000) 2023-04-07 11:39:51 Image size of job updated: 6279832
	1960  -  MemoryUsage of job (MB)
	2006160  -  ResidentSetSize of job (KB)
...
006 (113604298.000.000) 2023-04-07 11:44:51 Image size of job updated: 6329620
	1960  -  MemoryUsage of job (MB)
	2006160  -  ResidentSetSize of job (KB)
...
006 (113604298.000.000) 2023-04-07 12:09:53 Image size of job updated: 6329620
	1964  -  MemoryUsage of job (MB)
	2010132  -  ResidentSetSize of job (KB)
...
006 (113604298.000.000) 2023-04-07 12:14:54 Image size of job updated: 6329620
	1964  -  MemoryUsage of job (MB)
	2010268  -  ResidentSetSize of job (KB)
...
006 (113604298.000.000) 2023-04-07 12:29:55 Image size of job updated: 6335460
	1964  -  MemoryUsage of job (MB)
	2010268  -  ResidentSetSize of job (KB)
...
006 (113604298.000.000) 2023-04-07 12:34:56 Image size of job updated: 6335460
	1974  -  MemoryUsage of job (MB)
	2020712  -  ResidentSetSize of job (KB)
...
006 (113604298.000.000) 2023-04-07 12:39:56 Image size of job updated: 6335460
	1976  -  MemoryUsage of job (MB)
	2022504  -  ResidentSetSize of job (KB)
...
006 (113604298.000.000) 2023-04-07 12:44:56 Image size of job updated: 6351320
	1976  -  MemoryUsage of job (MB)
	2022504  -  ResidentSetSize of job (KB)
...
006 (113604298.000.000) 2023-04-07 13:04:58 Image size of job updated: 6351320
	1988  -  MemoryUsage of job (MB)
	2035380  -  ResidentSetSize of job (KB)
...
006 (113604298.000.000) 2023-04-07 13:20:00 Image size of job updated: 6351320
	1989  -  MemoryUsage of job (MB)
	2036604  -  ResidentSetSize of job (KB)
...
006 (113604298.000.000) 2023-04-07 13:30:02 Image size of job updated: 6357196
	1989  -  MemoryUsage of job (MB)
	2036604  -  ResidentSetSize of job (KB)
...
006 (113604298.000.000) 2023-04-07 14:00:04 Image size of job updated: 6396104
	1990  -  MemoryUsage of job (MB)
	2037032  -  ResidentSetSize of job (KB)
...
006 (113604298.000.000) 2023-04-07 14:05:05 Image size of job updated: 6396104
	1990  -  MemoryUsage of job (MB)
	2037088  -  ResidentSetSize of job (KB)
...
006 (113604298.000.000) 2023-04-07 14:10:05 Image size of job updated: 6441328
	1990  -  MemoryUsage of job (MB)
	2037088  -  ResidentSetSize of job (KB)
...
006 (113604298.000.000) 2023-04-07 14:25:06 Image size of job updated: 6441328
	2017  -  MemoryUsage of job (MB)
	2064684  -  ResidentSetSize of job (KB)
...
006 (113604298.000.000) 2023-04-07 14:35:07 Image size of job updated: 6441328
	2018  -  MemoryUsage of job (MB)
	2066228  -  ResidentSetSize of job (KB)
...
006 (113604298.000.000) 2023-04-07 15:40:14 Image size of job updated: 6465820
	2038  -  MemoryUsage of job (MB)
	2086484  -  ResidentSetSize of job (KB)
...
006 (113604298.000.000) 2023-04-07 15:45:15 Image size of job updated: 6465820
	2051  -  MemoryUsage of job (MB)
	2099568  -  ResidentSetSize of job (KB)
...
006 (113604298.000.000) 2023-04-07 16:40:21 Image size of job updated: 6465820
	2068  -  MemoryUsage of job (MB)
	2117556  -  ResidentSetSize of job (KB)
...
006 (113604298.000.000) 2023-04-07 16:50:21 Image size of job updated: 6465820
	2095  -  MemoryUsage of job (MB)
	2145076  -  ResidentSetSize of job (KB)
...
006 (113604298.000.000) 2023-04-07 17:20:25 Image size of job updated: 6465820
	2111  -  MemoryUsage of job (MB)
	2161504  -  ResidentSetSize of job (KB)
...
006 (113604298.000.000) 2023-04-07 18:20:31 Image size of job updated: 6478556
	2111  -  MemoryUsage of job (MB)
	2161504  -  ResidentSetSize of job (KB)
...
006 (113604298.000.000) 2023-04-07 18:40:33 Image size of job updated: 6478556
	2127  -  MemoryUsage of job (MB)
	2177912  -  ResidentSetSize of job (KB)
...
006 (113604298.000.000) 2023-04-07 18:50:35 Image size of job updated: 6485984
	2127  -  MemoryUsage of job (MB)
	2177912  -  ResidentSetSize of job (KB)
...
004 (113604298.000.000) 2023-04-07 21:26:13 Job was evicted.
	(0) CPU times
		Usr 5 00:12:38, Sys 0 00:04:15  -  Run Remote Usage
		Usr 0 00:00:00, Sys 0 00:00:00  -  Run Local Usage
	0  -  Run Bytes Sent By Job
	366  -  Run Bytes Received By Job
	Partitionable Resources :    Usage  Request Allocated 
	   Cpus                 :     7.92        1         1 
	   Disk (KB)            :  5150      500000    624256 
	   GPUs                 :                           0 
	   Memory (MB)          :  2127       20000     20096 
...
040 (113604298.000.000) 2023-04-07 22:27:42 Started transferring input files
	Transferring to host: <10.14.10.111:9618?addrs=10.14.10.111-9618&alias=node2361.cluster.ldas.cit&noUDP&sock=slot1_4_2090576_aa0e_5595>
...
040 (113604298.000.000) 2023-04-07 22:27:42 Finished transferring input files
...
001 (113604298.000.000) 2023-04-07 22:27:43 Job executing on host: <10.14.10.111:9618?addrs=10.14.10.111-9618&alias=node2361.cluster.ldas.cit&noUDP&sock=startd_2090534_04f1>
...
006 (113604298.000.000) 2023-04-08 04:18:26 Image size of job updated: 7500000
	2257  -  MemoryUsage of job (MB)
	2310280  -  ResidentSetSize of job (KB)
...
006 (113604298.000.000) 2023-04-08 07:38:48 Image size of job updated: 7500000
	2275  -  MemoryUsage of job (MB)
	2329100  -  ResidentSetSize of job (KB)
...
006 (113604298.000.000) 2023-04-08 08:38:54 Image size of job updated: 7500000
	2482  -  MemoryUsage of job (MB)
	2541228  -  ResidentSetSize of job (KB)
...
006 (113604298.000.000) 2023-04-08 18:44:59 Image size of job updated: 7500000
	2485  -  MemoryUsage of job (MB)
	2544380  -  ResidentSetSize of job (KB)
...
006 (113604298.000.000) 2023-04-08 18:50:00 Image size of job updated: 20561672
	2485  -  MemoryUsage of job (MB)
	2544380  -  ResidentSetSize of job (KB)
...
040 (113604298.000.000) 2023-04-08 18:50:07 Started transferring output files
...
040 (113604298.000.000) 2023-04-08 18:50:07 Finished transferring output files
...
005 (113604298.000.000) 2023-04-08 18:50:07 Job terminated.
	(1) Normal termination (return value 0)
		Usr 4 03:56:43, Sys 0 00:04:17  -  Run Remote Usage
		Usr 0 00:00:00, Sys 0 00:00:00  -  Run Local Usage
		Usr 9 04:09:21, Sys 0 00:08:32  -  Total Remote Usage
		Usr 0 00:00:00, Sys 0 00:00:00  -  Total Local Usage
	3434732  -  Run Bytes Sent By Job
	366  -  Run Bytes Received By Job
	3434732  -  Total Bytes Sent By Job
	732  -  Total Bytes Received By Job
	Partitionable Resources :    Usage  Request Allocated 
	   Cpus                 :     0.76        1         1 
	   Disk (KB)            :  3378      500000    624256 
	   GPUs                 :                           0 
	   Memory (MB)          :  2485       20000     20096 

	Job terminated of its own accord at 2023-04-09T01:50:07Z with exit-code 0.
...
