000 (113449516.000.000) 2023-03-29 17:01:30 Job submitted from host: <10.14.0.160:9618?addrs=10.14.0.160-9618&alias=ldas-pcdev2.ligo.caltech.edu&noUDP&sock=schedd_7450_a8a7>
    DAG Node: 493
...
022 (113449516.000.000) 2023-03-29 17:15:11 Job disconnected, attempting to reconnect
    Socket between submit and execute hosts closed unexpectedly
    Trying to reconnect to slot1_6@node2267.cluster.ldas.cit <10.14.10.17:9618?addrs=10.14.10.17-9618&alias=node2267.cluster.ldas.cit&noUDP&sock=startd_3479_e213>
...
024 (113449516.000.000) 2023-03-29 17:15:20 Job reconnection failed
    Job not found at execution machine
    Can not reconnect to slot1_6@node2267.cluster.ldas.cit, rescheduling job
...
022 (113449516.000.000) 2023-03-29 17:16:42 Job disconnected, attempting to reconnect
    Socket between submit and execute hosts closed unexpectedly
    Trying to reconnect to slot1_3@node2199.cluster.ldas.cit <10.14.9.199:9618?addrs=10.14.9.199-9618&alias=node2199.cluster.ldas.cit&noUDP&sock=startd_3766_bdc1>
...
024 (113449516.000.000) 2023-03-29 17:16:50 Job reconnection failed
    Job not found at execution machine
    Can not reconnect to slot1_3@node2199.cluster.ldas.cit, rescheduling job
...
040 (113449516.000.000) 2023-03-29 17:18:24 Started transferring input files
	Transferring to host: <10.14.10.16:9618?addrs=10.14.10.16-9618&alias=node2266.cluster.ldas.cit&noUDP&sock=slot1_1_764009_34b5_5028>
...
040 (113449516.000.000) 2023-03-29 17:18:24 Finished transferring input files
...
001 (113449516.000.000) 2023-03-29 17:18:25 Job executing on host: <10.14.10.16:9618?addrs=10.14.10.16-9618&alias=node2266.cluster.ldas.cit&noUDP&sock=startd_179947_40cc>
...
006 (113449516.000.000) 2023-03-29 17:18:33 Image size of job updated: 197224
	102  -  MemoryUsage of job (MB)
	103980  -  ResidentSetSize of job (KB)
...
006 (113449516.000.000) 2023-03-29 17:23:33 Image size of job updated: 3936704
	527  -  MemoryUsage of job (MB)
	539072  -  ResidentSetSize of job (KB)
...
006 (113449516.000.000) 2023-03-29 17:28:33 Image size of job updated: 3950748
	544  -  MemoryUsage of job (MB)
	556656  -  ResidentSetSize of job (KB)
...
006 (113449516.000.000) 2023-03-29 17:33:34 Image size of job updated: 4054076
	616  -  MemoryUsage of job (MB)
	630128  -  ResidentSetSize of job (KB)
...
006 (113449516.000.000) 2023-03-29 17:38:34 Image size of job updated: 4054476
	616  -  MemoryUsage of job (MB)
	630128  -  ResidentSetSize of job (KB)
...
006 (113449516.000.000) 2023-03-29 17:43:34 Image size of job updated: 4054564
	621  -  MemoryUsage of job (MB)
	634952  -  ResidentSetSize of job (KB)
...
006 (113449516.000.000) 2023-03-29 17:48:35 Image size of job updated: 4067180
	787  -  MemoryUsage of job (MB)
	805016  -  ResidentSetSize of job (KB)
...
006 (113449516.000.000) 2023-03-29 17:53:36 Image size of job updated: 4068812
	861  -  MemoryUsage of job (MB)
	881552  -  ResidentSetSize of job (KB)
...
006 (113449516.000.000) 2023-03-29 17:58:36 Image size of job updated: 4091744
	877  -  MemoryUsage of job (MB)
	897452  -  ResidentSetSize of job (KB)
...
006 (113449516.000.000) 2023-03-29 18:03:37 Image size of job updated: 4091744
	878  -  MemoryUsage of job (MB)
	898132  -  ResidentSetSize of job (KB)
...
006 (113449516.000.000) 2023-03-29 18:08:38 Image size of job updated: 4097532
	882  -  MemoryUsage of job (MB)
	902148  -  ResidentSetSize of job (KB)
...
006 (113449516.000.000) 2023-03-29 18:13:38 Image size of job updated: 4097532
	883  -  MemoryUsage of job (MB)
	903672  -  ResidentSetSize of job (KB)
...
006 (113449516.000.000) 2023-03-29 18:23:39 Image size of job updated: 4097808
	890  -  MemoryUsage of job (MB)
	911120  -  ResidentSetSize of job (KB)
...
006 (113449516.000.000) 2023-03-29 18:28:39 Image size of job updated: 4097808
	891  -  MemoryUsage of job (MB)
	911736  -  ResidentSetSize of job (KB)
...
006 (113449516.000.000) 2023-03-29 18:33:39 Image size of job updated: 4098892
	891  -  MemoryUsage of job (MB)
	911736  -  ResidentSetSize of job (KB)
...
006 (113449516.000.000) 2023-03-29 18:38:40 Image size of job updated: 4098892
	891  -  MemoryUsage of job (MB)
	911744  -  ResidentSetSize of job (KB)
...
006 (113449516.000.000) 2023-03-29 18:43:41 Image size of job updated: 4113252
	898  -  MemoryUsage of job (MB)
	918948  -  ResidentSetSize of job (KB)
...
006 (113449516.000.000) 2023-03-29 18:53:41 Image size of job updated: 4113252
	900  -  MemoryUsage of job (MB)
	921024  -  ResidentSetSize of job (KB)
...
006 (113449516.000.000) 2023-03-29 19:03:42 Image size of job updated: 4130864
	904  -  MemoryUsage of job (MB)
	925148  -  ResidentSetSize of job (KB)
...
006 (113449516.000.000) 2023-03-29 19:08:42 Image size of job updated: 4130864
	905  -  MemoryUsage of job (MB)
	925824  -  ResidentSetSize of job (KB)
...
006 (113449516.000.000) 2023-03-29 19:13:43 Image size of job updated: 4130864
	905  -  MemoryUsage of job (MB)
	926104  -  ResidentSetSize of job (KB)
...
006 (113449516.000.000) 2023-03-29 19:18:44 Image size of job updated: 4130864
	910  -  MemoryUsage of job (MB)
	931200  -  ResidentSetSize of job (KB)
...
006 (113449516.000.000) 2023-03-29 19:23:44 Image size of job updated: 4130864
	911  -  MemoryUsage of job (MB)
	932044  -  ResidentSetSize of job (KB)
...
006 (113449516.000.000) 2023-03-29 20:03:48 Image size of job updated: 4131476
	923  -  MemoryUsage of job (MB)
	944936  -  ResidentSetSize of job (KB)
...
006 (113449516.000.000) 2023-03-29 20:08:49 Image size of job updated: 4131512
	924  -  MemoryUsage of job (MB)
	945880  -  ResidentSetSize of job (KB)
...
006 (113449516.000.000) 2023-03-29 20:13:49 Image size of job updated: 4140724
	933  -  MemoryUsage of job (MB)
	954564  -  ResidentSetSize of job (KB)
...
006 (113449516.000.000) 2023-03-29 20:18:49 Image size of job updated: 4140724
	933  -  MemoryUsage of job (MB)
	954572  -  ResidentSetSize of job (KB)
...
006 (113449516.000.000) 2023-03-29 20:22:12 Image size of job updated: 7770476
	933  -  MemoryUsage of job (MB)
	954572  -  ResidentSetSize of job (KB)
...
040 (113449516.000.000) 2023-03-29 20:22:12 Started transferring output files
...
040 (113449516.000.000) 2023-03-29 20:22:12 Finished transferring output files
...
005 (113449516.000.000) 2023-03-29 20:22:12 Job terminated.
	(1) Normal termination (return value 0)
		Usr 0 11:20:30, Sys 0 00:01:05  -  Run Remote Usage
		Usr 0 00:00:00, Sys 0 00:00:00  -  Run Local Usage
		Usr 0 11:20:30, Sys 0 00:01:05  -  Total Remote Usage
		Usr 0 00:00:00, Sys 0 00:00:00  -  Total Local Usage
	335763  -  Run Bytes Sent By Job
	375  -  Run Bytes Received By Job
	335763  -  Total Bytes Sent By Job
	375  -  Total Bytes Received By Job
	Partitionable Resources :    Usage  Request Allocated 
	   Cpus                 :     0.99        1         1 
	   Disk (KB)            :   350      500000    624256 
	   GPUs                 :                           0 
	   Memory (MB)          :   933       20000     20096 

	Job terminated of its own accord at 2023-03-30T03:22:12Z with exit-code 0.
...
000 (113471237.000.000) 2023-03-31 13:47:39 Job submitted from host: <10.14.0.160:9618?addrs=10.14.0.160-9618&alias=ldas-pcdev2.ligo.caltech.edu&noUDP&sock=schedd_7450_a8a7>
    DAG Node: 493
...
040 (113471237.000.000) 2023-03-31 13:50:53 Started transferring input files
	Transferring to host: <10.14.4.50:9618?addrs=10.14.4.50-9618&alias=node800.cluster.ldas.cit&noUDP&sock=slot1_9_3595434_42d8_16659>
...
040 (113471237.000.000) 2023-03-31 13:50:53 Finished transferring input files
...
001 (113471237.000.000) 2023-03-31 13:50:54 Job executing on host: <10.14.4.50:9618?addrs=10.14.4.50-9618&alias=node800.cluster.ldas.cit&noUDP&sock=startd_3595398_8dd9>
...
006 (113471237.000.000) 2023-03-31 13:51:03 Image size of job updated: 407084
	121  -  MemoryUsage of job (MB)
	123632  -  ResidentSetSize of job (KB)
...
006 (113471237.000.000) 2023-03-31 13:51:05 Image size of job updated: 425436
	121  -  MemoryUsage of job (MB)
	123632  -  ResidentSetSize of job (KB)
...
040 (113471237.000.000) 2023-03-31 13:51:05 Started transferring output files
...
040 (113471237.000.000) 2023-03-31 13:51:05 Finished transferring output files
...
005 (113471237.000.000) 2023-03-31 13:51:05 Job terminated.
	(1) Normal termination (return value 0)
		Usr 0 00:00:07, Sys 0 00:00:00  -  Run Remote Usage
		Usr 0 00:00:00, Sys 0 00:00:00  -  Run Local Usage
		Usr 0 00:00:07, Sys 0 00:00:00  -  Total Remote Usage
		Usr 0 00:00:00, Sys 0 00:00:00  -  Total Local Usage
	5662  -  Run Bytes Sent By Job
	375  -  Run Bytes Received By Job
	5662  -  Total Bytes Sent By Job
	375  -  Total Bytes Received By Job
	Partitionable Resources :    Usage  Request Allocated 
	   Cpus                 :     0.04        1         1 
	   Disk (KB)            :    27      500000    624256 
	   GPUs                 :                           0 
	   Memory (MB)          :   121       20000     20096 

	Job terminated of its own accord at 2023-03-31T20:51:05Z with exit-code 0.
...
