14:24 bilby INFO    : Waveform generator initiated with
  frequency_domain_source_model: bilby.gw.source.lal_binary_black_hole
  time_domain_source_model: None
  parameter_conversion: bilby.gw.conversion.convert_to_lal_binary_black_hole_parameters
14:24 bilby INFO    : Injected signal in H1:
14:24 bilby INFO    :   optimal SNR = 7.50
14:24 bilby INFO    :   matched filter SNR = 6.28-0.10j
14:24 bilby INFO    :   mass_1 = 65.42543884025174
14:24 bilby INFO    :   mass_2 = 48.33423213996695
14:24 bilby INFO    :   a_1 = 0.5064795420467003
14:24 bilby INFO    :   a_2 = 0.8426391974883763
14:24 bilby INFO    :   tilt_1 = 1.5490880884342988
14:24 bilby INFO    :   tilt_2 = 1.513570875082376
14:24 bilby INFO    :   phi_12 = 2.5741462948963063
14:24 bilby INFO    :   phi_jl = 5.716321211589531
14:24 bilby INFO    :   luminosity_distance = 3745.6482831638
14:24 bilby INFO    :   theta_jn = 0.12828825974831276
14:24 bilby INFO    :   psi = 2.6462273841
14:24 bilby INFO    :   phase = 5.1951993712
14:24 bilby INFO    :   geocent_time = 1126259642.413
14:24 bilby INFO    :   ra = 2.9484339004
14:24 bilby INFO    :   dec = 2.7837053714
14:24 bilby INFO    : Injected signal in L1:
14:24 bilby INFO    :   optimal SNR = 6.86
14:24 bilby INFO    :   matched filter SNR = 5.41+0.79j
14:24 bilby INFO    :   mass_1 = 65.42543884025174
14:24 bilby INFO    :   mass_2 = 48.33423213996695
14:24 bilby INFO    :   a_1 = 0.5064795420467003
14:24 bilby INFO    :   a_2 = 0.8426391974883763
14:24 bilby INFO    :   tilt_1 = 1.5490880884342988
14:24 bilby INFO    :   tilt_2 = 1.513570875082376
14:24 bilby INFO    :   phi_12 = 2.5741462948963063
14:24 bilby INFO    :   phi_jl = 5.716321211589531
14:24 bilby INFO    :   luminosity_distance = 3745.6482831638
14:24 bilby INFO    :   theta_jn = 0.12828825974831276
14:24 bilby INFO    :   psi = 2.6462273841
14:24 bilby INFO    :   phase = 5.1951993712
14:24 bilby INFO    :   geocent_time = 1126259642.413
14:24 bilby INFO    :   ra = 2.9484339004
14:24 bilby INFO    :   dec = 2.7837053714
14:24 bilby INFO    : Injected signal in V1:
14:24 bilby INFO    :   optimal SNR = 1.90
14:24 bilby INFO    :   matched filter SNR = 0.46-1.50j
14:24 bilby INFO    :   mass_1 = 65.42543884025174
14:24 bilby INFO    :   mass_2 = 48.33423213996695
14:24 bilby INFO    :   a_1 = 0.5064795420467003
14:24 bilby INFO    :   a_2 = 0.8426391974883763
14:24 bilby INFO    :   tilt_1 = 1.5490880884342988
14:24 bilby INFO    :   tilt_2 = 1.513570875082376
14:24 bilby INFO    :   phi_12 = 2.5741462948963063
14:24 bilby INFO    :   phi_jl = 5.716321211589531
14:24 bilby INFO    :   luminosity_distance = 3745.6482831638
14:24 bilby INFO    :   theta_jn = 0.12828825974831276
14:24 bilby INFO    :   psi = 2.6462273841
14:24 bilby INFO    :   phase = 5.1951993712
14:24 bilby INFO    :   geocent_time = 1126259642.413
14:24 bilby INFO    :   ra = 2.9484339004
14:24 bilby INFO    :   dec = 2.7837053714
14:24 bilby INFO    : Running for label 'job_00406_fixedExtrinsic', output will be saved to '/home/simona.miller/comp-spin-mock-injections/Data/IndividualInferenceOutput/new_bilby/population1_highSpinPrecessing_highmass'
14:24 bilby INFO    : Using lal version 7.3.0
14:24 bilby INFO    : Using lal git version Branch: None;Tag: lalsuite-v7.13;Id: ec1fcb1d2d1dab69321fdb8f0afef1f867b11e06;;Builder: Unknown User <>;Repository status: UNCLEAN: Modified working tree
14:24 bilby INFO    : Using lalsimulation version 5.0.0
14:24 bilby INFO    : Using lalsimulation git version Branch: None;Tag: lalsuite-v7.13;Id: ec1fcb1d2d1dab69321fdb8f0afef1f867b11e06;;Builder: Unknown User <>;Repository status: UNCLEAN: Modified working tree
14:24 bilby INFO    : Analysis priors:
14:24 bilby INFO    : chirp_mass=bilby.gw.prior.UniformInComponentsChirpMass(minimum=2, maximum=200, name='chirp_mass', latex_label='$\\mathcal{M}$', unit=None, boundary=None)
14:24 bilby INFO    : mass_ratio=bilby.gw.prior.UniformInComponentsMassRatio(minimum=0.05, maximum=1, name='mass_ratio', latex_label='$q$', unit=None, boundary=None, equal_mass=False)
14:24 bilby INFO    : a_1=Uniform(minimum=0, maximum=0.99, name='a_1', latex_label='$a_1$', unit=None, boundary=None)
14:24 bilby INFO    : a_2=Uniform(minimum=0, maximum=0.99, name='a_2', latex_label='$a_2$', unit=None, boundary=None)
14:24 bilby INFO    : tilt_1=Sine(minimum=0, maximum=3.141592653589793, name='tilt_1', latex_label='$\\theta_1$', unit=None, boundary=None)
14:24 bilby INFO    : tilt_2=Sine(minimum=0, maximum=3.141592653589793, name='tilt_2', latex_label='$\\theta_2$', unit=None, boundary=None)
14:24 bilby INFO    : phi_12=Uniform(minimum=0, maximum=6.283185307179586, name='phi_12', latex_label='$\\Delta\\phi$', unit=None, boundary='periodic')
14:24 bilby INFO    : phi_jl=Uniform(minimum=0, maximum=6.283185307179586, name='phi_jl', latex_label='$\\phi_{JL}$', unit=None, boundary='periodic')
14:24 bilby INFO    : mass_1=Constraint(minimum=55.42543884025174, maximum=75.42543884025174, name='mass_1', latex_label='$m_1$', unit=None)
14:24 bilby INFO    : mass_2=Constraint(minimum=38.33423213996695, maximum=58.33423213996695, name='mass_2', latex_label='$m_2$', unit=None)
14:24 bilby INFO    : ra=2.9484339004
14:24 bilby INFO    : dec=2.7837053714
14:24 bilby INFO    : geocent_time=1126259642.413
14:24 bilby INFO    : phase=5.1951993712
14:24 bilby INFO    : psi=2.6462273841
14:24 bilby INFO    : luminosity_distance=3745.6482831638
14:24 bilby INFO    : theta_jn=0.12828825974831276
14:24 bilby INFO    : Analysis likelihood class: <class 'bilby.gw.likelihood.base.GravitationalWaveTransient'>
14:24 bilby INFO    : Analysis likelihood noise evidence: -24219.649231403353
14:24 bilby INFO    : Single likelihood evaluation took 8.166e-02 s
14:25 bilby INFO    : Checkpoint every check_point_delta_t = 600s
14:25 bilby WARNING : Using cached result
14:25 bilby INFO    : Summary of results:
nsamples: 6705
ln_noise_evidence: -24219.649
ln_evidence: -24189.552 +/-  0.046
ln_bayes_factor: 30.098 +/-  0.046

