13:50 bilby INFO    : Waveform generator initiated with
  frequency_domain_source_model: bilby.gw.source.lal_binary_black_hole
  time_domain_source_model: None
  parameter_conversion: bilby.gw.conversion.convert_to_lal_binary_black_hole_parameters
13:50 bilby INFO    : Injected signal in H1:
13:50 bilby INFO    :   optimal SNR = 7.32
13:50 bilby INFO    :   matched filter SNR = 7.26+0.06j
13:50 bilby INFO    :   mass_1 = 43.844736863627155
13:50 bilby INFO    :   mass_2 = 38.35136100153059
13:50 bilby INFO    :   a_1 = 0.8534903626206287
13:50 bilby INFO    :   a_2 = 0.4598377938083487
13:50 bilby INFO    :   tilt_1 = 1.0329257389660604
13:50 bilby INFO    :   tilt_2 = 1.7903400526656066
13:50 bilby INFO    :   phi_12 = 6.230154530131665
13:50 bilby INFO    :   phi_jl = 0.5426516790295096
13:50 bilby INFO    :   luminosity_distance = 1731.0870337647
13:50 bilby INFO    :   theta_jn = 2.4335989118225934
13:50 bilby INFO    :   psi = 5.6711225574
13:50 bilby INFO    :   phase = 3.570674891
13:50 bilby INFO    :   geocent_time = 1126259642.413
13:50 bilby INFO    :   ra = 1.8593246394
13:50 bilby INFO    :   dec = 1.7616168597000001
13:50 bilby INFO    : Injected signal in L1:
13:50 bilby INFO    :   optimal SNR = 7.45
13:50 bilby INFO    :   matched filter SNR = 9.01+0.29j
13:50 bilby INFO    :   mass_1 = 43.844736863627155
13:50 bilby INFO    :   mass_2 = 38.35136100153059
13:50 bilby INFO    :   a_1 = 0.8534903626206287
13:50 bilby INFO    :   a_2 = 0.4598377938083487
13:50 bilby INFO    :   tilt_1 = 1.0329257389660604
13:50 bilby INFO    :   tilt_2 = 1.7903400526656066
13:50 bilby INFO    :   phi_12 = 6.230154530131665
13:50 bilby INFO    :   phi_jl = 0.5426516790295096
13:50 bilby INFO    :   luminosity_distance = 1731.0870337647
13:50 bilby INFO    :   theta_jn = 2.4335989118225934
13:50 bilby INFO    :   psi = 5.6711225574
13:50 bilby INFO    :   phase = 3.570674891
13:50 bilby INFO    :   geocent_time = 1126259642.413
13:50 bilby INFO    :   ra = 1.8593246394
13:50 bilby INFO    :   dec = 1.7616168597000001
13:50 bilby INFO    : Injected signal in V1:
13:50 bilby INFO    :   optimal SNR = 3.05
13:50 bilby INFO    :   matched filter SNR = 1.45+0.61j
13:50 bilby INFO    :   mass_1 = 43.844736863627155
13:50 bilby INFO    :   mass_2 = 38.35136100153059
13:50 bilby INFO    :   a_1 = 0.8534903626206287
13:50 bilby INFO    :   a_2 = 0.4598377938083487
13:50 bilby INFO    :   tilt_1 = 1.0329257389660604
13:50 bilby INFO    :   tilt_2 = 1.7903400526656066
13:50 bilby INFO    :   phi_12 = 6.230154530131665
13:50 bilby INFO    :   phi_jl = 0.5426516790295096
13:50 bilby INFO    :   luminosity_distance = 1731.0870337647
13:50 bilby INFO    :   theta_jn = 2.4335989118225934
13:50 bilby INFO    :   psi = 5.6711225574
13:50 bilby INFO    :   phase = 3.570674891
13:50 bilby INFO    :   geocent_time = 1126259642.413
13:50 bilby INFO    :   ra = 1.8593246394
13:50 bilby INFO    :   dec = 1.7616168597000001
13:50 bilby INFO    : Running for label 'job_00126_justSpin', output will be saved to '/home/simona.miller/comp-spin-mock-injections/Data/IndividualInferenceOutput/new_bilby/population1_highSpinPrecessing_highmass'
13:50 bilby INFO    : Using lal version 7.3.0
13:50 bilby INFO    : Using lal git version Branch: None;Tag: lalsuite-v7.13;Id: ec1fcb1d2d1dab69321fdb8f0afef1f867b11e06;;Builder: Unknown User <>;Repository status: UNCLEAN: Modified working tree
13:50 bilby INFO    : Using lalsimulation version 5.0.0
13:50 bilby INFO    : Using lalsimulation git version Branch: None;Tag: lalsuite-v7.13;Id: ec1fcb1d2d1dab69321fdb8f0afef1f867b11e06;;Builder: Unknown User <>;Repository status: UNCLEAN: Modified working tree
13:51 bilby INFO    : Analysis priors:
13:51 bilby INFO    : a_1=Uniform(minimum=0, maximum=0.99, name='a_1', latex_label='$a_1$', unit=None, boundary=None)
13:51 bilby INFO    : a_2=Uniform(minimum=0, maximum=0.99, name='a_2', latex_label='$a_2$', unit=None, boundary=None)
13:51 bilby INFO    : tilt_1=Sine(minimum=0, maximum=3.141592653589793, name='tilt_1', latex_label='$\\theta_1$', unit=None, boundary=None)
13:51 bilby INFO    : tilt_2=Sine(minimum=0, maximum=3.141592653589793, name='tilt_2', latex_label='$\\theta_2$', unit=None, boundary=None)
13:51 bilby INFO    : ra=1.8593246394
13:51 bilby INFO    : dec=1.7616168597000001
13:51 bilby INFO    : geocent_time=1126259642.413
13:51 bilby INFO    : phase=3.570674891
13:51 bilby INFO    : psi=5.6711225574
13:51 bilby INFO    : luminosity_distance=1731.0870337647
13:51 bilby INFO    : theta_jn=2.4335989118225934
13:51 bilby INFO    : mass_1=43.844736863627155
13:51 bilby INFO    : mass_2=38.35136100153059
13:51 bilby INFO    : phi_12=6.230154530131665
13:51 bilby INFO    : phi_jl=0.5426516790295096
13:51 bilby INFO    : Analysis likelihood class: <class 'bilby.gw.likelihood.base.GravitationalWaveTransient'>
13:51 bilby INFO    : Analysis likelihood noise evidence: -24218.727084622013
13:51 bilby INFO    : Single likelihood evaluation took 2.842e-02 s
13:51 bilby INFO    : Checkpoint every check_point_delta_t = 600s
13:51 bilby WARNING : Using cached result
13:51 bilby INFO    : Summary of results:
nsamples: 5523
ln_noise_evidence: -24218.727
ln_evidence: -24157.268 +/-  0.060
ln_bayes_factor: 61.459 +/-  0.060

