000 (113449424.000.000) 2023-03-29 17:01:29 Job submitted from host: <10.14.0.160:9618?addrs=10.14.0.160-9618&alias=ldas-pcdev2.ligo.caltech.edu&noUDP&sock=schedd_7450_a8a7>
    DAG Node: 752
...
040 (113449424.000.000) 2023-03-29 17:10:46 Started transferring input files
	Transferring to host: <10.14.10.90:9618?addrs=10.14.10.90-9618&alias=node2340.cluster.ldas.cit&noUDP&sock=slot1_11_5123_5de9_79>
...
040 (113449424.000.000) 2023-03-29 17:10:46 Finished transferring input files
...
001 (113449424.000.000) 2023-03-29 17:10:47 Job executing on host: <10.14.10.90:9618?addrs=10.14.10.90-9618&alias=node2340.cluster.ldas.cit&noUDP&sock=startd_4060_6699>
...
006 (113449424.000.000) 2023-03-29 17:10:55 Image size of job updated: 217088
	192  -  MemoryUsage of job (MB)
	196572  -  ResidentSetSize of job (KB)
...
006 (113449424.000.000) 2023-03-29 17:15:55 Image size of job updated: 5428976
	215  -  MemoryUsage of job (MB)
	219488  -  ResidentSetSize of job (KB)
...
006 (113449424.000.000) 2023-03-29 17:20:56 Image size of job updated: 5428976
	257  -  MemoryUsage of job (MB)
	262468  -  ResidentSetSize of job (KB)
...
006 (113449424.000.000) 2023-03-29 17:25:57 Image size of job updated: 5428976
	439  -  MemoryUsage of job (MB)
	449076  -  ResidentSetSize of job (KB)
...
006 (113449424.000.000) 2023-03-29 17:30:57 Image size of job updated: 5428976
	440  -  MemoryUsage of job (MB)
	450248  -  ResidentSetSize of job (KB)
...
006 (113449424.000.000) 2023-03-29 17:35:57 Image size of job updated: 5428976
	525  -  MemoryUsage of job (MB)
	536776  -  ResidentSetSize of job (KB)
...
006 (113449424.000.000) 2023-03-29 17:40:58 Image size of job updated: 5428976
	537  -  MemoryUsage of job (MB)
	549016  -  ResidentSetSize of job (KB)
...
006 (113449424.000.000) 2023-03-29 17:45:59 Image size of job updated: 5428976
	566  -  MemoryUsage of job (MB)
	579132  -  ResidentSetSize of job (KB)
...
006 (113449424.000.000) 2023-03-29 17:50:59 Image size of job updated: 5428976
	571  -  MemoryUsage of job (MB)
	584404  -  ResidentSetSize of job (KB)
...
006 (113449424.000.000) 2023-03-29 17:56:00 Image size of job updated: 5428976
	573  -  MemoryUsage of job (MB)
	586240  -  ResidentSetSize of job (KB)
...
006 (113449424.000.000) 2023-03-29 18:01:01 Image size of job updated: 5428976
	583  -  MemoryUsage of job (MB)
	596724  -  ResidentSetSize of job (KB)
...
006 (113449424.000.000) 2023-03-29 18:06:01 Image size of job updated: 5428976
	599  -  MemoryUsage of job (MB)
	612704  -  ResidentSetSize of job (KB)
...
006 (113449424.000.000) 2023-03-29 18:11:01 Image size of job updated: 5428976
	599  -  MemoryUsage of job (MB)
	613260  -  ResidentSetSize of job (KB)
...
006 (113449424.000.000) 2023-03-29 18:16:02 Image size of job updated: 5428976
	640  -  MemoryUsage of job (MB)
	654936  -  ResidentSetSize of job (KB)
...
006 (113449424.000.000) 2023-03-29 18:21:02 Image size of job updated: 5428976
	769  -  MemoryUsage of job (MB)
	786624  -  ResidentSetSize of job (KB)
...
006 (113449424.000.000) 2023-03-29 18:26:02 Image size of job updated: 5428976
	939  -  MemoryUsage of job (MB)
	960624  -  ResidentSetSize of job (KB)
...
006 (113449424.000.000) 2023-03-29 18:31:03 Image size of job updated: 5428976
	947  -  MemoryUsage of job (MB)
	969308  -  ResidentSetSize of job (KB)
...
006 (113449424.000.000) 2023-03-29 18:36:04 Image size of job updated: 5428976
	957  -  MemoryUsage of job (MB)
	979208  -  ResidentSetSize of job (KB)
...
006 (113449424.000.000) 2023-03-29 18:46:05 Image size of job updated: 5428976
	963  -  MemoryUsage of job (MB)
	985120  -  ResidentSetSize of job (KB)
...
006 (113449424.000.000) 2023-03-29 18:51:06 Image size of job updated: 5428976
	988  -  MemoryUsage of job (MB)
	1010776  -  ResidentSetSize of job (KB)
...
006 (113449424.000.000) 2023-03-29 18:56:06 Image size of job updated: 5428976
	1007  -  MemoryUsage of job (MB)
	1030836  -  ResidentSetSize of job (KB)
...
006 (113449424.000.000) 2023-03-29 19:01:06 Image size of job updated: 5428976
	1040  -  MemoryUsage of job (MB)
	1064656  -  ResidentSetSize of job (KB)
...
006 (113449424.000.000) 2023-03-29 19:06:07 Image size of job updated: 5428976
	1074  -  MemoryUsage of job (MB)
	1099268  -  ResidentSetSize of job (KB)
...
006 (113449424.000.000) 2023-03-29 19:11:08 Image size of job updated: 5428976
	1103  -  MemoryUsage of job (MB)
	1128560  -  ResidentSetSize of job (KB)
...
006 (113449424.000.000) 2023-03-29 19:16:08 Image size of job updated: 5428976
	1168  -  MemoryUsage of job (MB)
	1195592  -  ResidentSetSize of job (KB)
...
006 (113449424.000.000) 2023-03-29 19:21:09 Image size of job updated: 5428976
	1179  -  MemoryUsage of job (MB)
	1206488  -  ResidentSetSize of job (KB)
...
006 (113449424.000.000) 2023-03-29 19:31:10 Image size of job updated: 5428976
	1189  -  MemoryUsage of job (MB)
	1217044  -  ResidentSetSize of job (KB)
...
006 (113449424.000.000) 2023-03-29 19:41:11 Image size of job updated: 5428976
	1192  -  MemoryUsage of job (MB)
	1219688  -  ResidentSetSize of job (KB)
...
006 (113449424.000.000) 2023-03-29 19:51:12 Image size of job updated: 5428976
	1193  -  MemoryUsage of job (MB)
	1221216  -  ResidentSetSize of job (KB)
...
006 (113449424.000.000) 2023-03-29 19:56:12 Image size of job updated: 5428976
	1193  -  MemoryUsage of job (MB)
	1221416  -  ResidentSetSize of job (KB)
...
006 (113449424.000.000) 2023-03-29 20:01:13 Image size of job updated: 5428976
	1193  -  MemoryUsage of job (MB)
	1221420  -  ResidentSetSize of job (KB)
...
006 (113449424.000.000) 2023-03-29 20:16:14 Image size of job updated: 5428976
	1206  -  MemoryUsage of job (MB)
	1234872  -  ResidentSetSize of job (KB)
...
006 (113449424.000.000) 2023-03-29 20:21:15 Image size of job updated: 5428976
	1209  -  MemoryUsage of job (MB)
	1237588  -  ResidentSetSize of job (KB)
...
006 (113449424.000.000) 2023-03-29 21:01:18 Image size of job updated: 5428976
	1209  -  MemoryUsage of job (MB)
	1237896  -  ResidentSetSize of job (KB)
...
006 (113449424.000.000) 2023-03-29 21:06:19 Image size of job updated: 5428976
	1210  -  MemoryUsage of job (MB)
	1238836  -  ResidentSetSize of job (KB)
...
006 (113449424.000.000) 2023-03-29 21:11:20 Image size of job updated: 5428976
	1226  -  MemoryUsage of job (MB)
	1254936  -  ResidentSetSize of job (KB)
...
006 (113449424.000.000) 2023-03-29 21:46:24 Image size of job updated: 5428976
	1249  -  MemoryUsage of job (MB)
	1278104  -  ResidentSetSize of job (KB)
...
006 (113449424.000.000) 2023-03-29 21:51:24 Image size of job updated: 5428976
	1259  -  MemoryUsage of job (MB)
	1288728  -  ResidentSetSize of job (KB)
...
006 (113449424.000.000) 2023-03-29 21:56:24 Image size of job updated: 5428976
	1260  -  MemoryUsage of job (MB)
	1290068  -  ResidentSetSize of job (KB)
...
006 (113449424.000.000) 2023-03-29 22:06:26 Image size of job updated: 5428976
	1262  -  MemoryUsage of job (MB)
	1292116  -  ResidentSetSize of job (KB)
...
006 (113449424.000.000) 2023-03-29 22:11:26 Image size of job updated: 5428976
	1265  -  MemoryUsage of job (MB)
	1294892  -  ResidentSetSize of job (KB)
...
006 (113449424.000.000) 2023-03-29 22:16:27 Image size of job updated: 5428976
	1267  -  MemoryUsage of job (MB)
	1296940  -  ResidentSetSize of job (KB)
...
006 (113449424.000.000) 2023-03-29 22:21:28 Image size of job updated: 5428976
	1269  -  MemoryUsage of job (MB)
	1299252  -  ResidentSetSize of job (KB)
...
006 (113449424.000.000) 2023-03-29 22:26:28 Image size of job updated: 5428976
	1270  -  MemoryUsage of job (MB)
	1299968  -  ResidentSetSize of job (KB)
...
006 (113449424.000.000) 2023-03-29 22:31:28 Image size of job updated: 5428976
	1279  -  MemoryUsage of job (MB)
	1309684  -  ResidentSetSize of job (KB)
...
006 (113449424.000.000) 2023-03-29 22:36:29 Image size of job updated: 5428976
	1280  -  MemoryUsage of job (MB)
	1309840  -  ResidentSetSize of job (KB)
...
006 (113449424.000.000) 2023-03-29 22:41:30 Image size of job updated: 5428976
	1300  -  MemoryUsage of job (MB)
	1330200  -  ResidentSetSize of job (KB)
...
006 (113449424.000.000) 2023-03-29 22:46:30 Image size of job updated: 5428976
	1300  -  MemoryUsage of job (MB)
	1331144  -  ResidentSetSize of job (KB)
...
006 (113449424.000.000) 2023-03-29 22:51:31 Image size of job updated: 5428976
	1302  -  MemoryUsage of job (MB)
	1333192  -  ResidentSetSize of job (KB)
...
006 (113449424.000.000) 2023-03-29 22:56:32 Image size of job updated: 5428976
	1309  -  MemoryUsage of job (MB)
	1339632  -  ResidentSetSize of job (KB)
...
006 (113449424.000.000) 2023-03-29 23:01:32 Image size of job updated: 5428976
	1311  -  MemoryUsage of job (MB)
	1341936  -  ResidentSetSize of job (KB)
...
006 (113449424.000.000) 2023-03-29 23:06:32 Image size of job updated: 5428976
	1313  -  MemoryUsage of job (MB)
	1343768  -  ResidentSetSize of job (KB)
...
006 (113449424.000.000) 2023-03-29 23:16:33 Image size of job updated: 5428976
	1313  -  MemoryUsage of job (MB)
	1343836  -  ResidentSetSize of job (KB)
...
006 (113449424.000.000) 2023-03-29 23:21:33 Image size of job updated: 5428976
	1328  -  MemoryUsage of job (MB)
	1358968  -  ResidentSetSize of job (KB)
...
006 (113449424.000.000) 2023-03-29 23:26:34 Image size of job updated: 5428976
	1345  -  MemoryUsage of job (MB)
	1376620  -  ResidentSetSize of job (KB)
...
006 (113449424.000.000) 2023-03-29 23:31:35 Image size of job updated: 5428976
	1346  -  MemoryUsage of job (MB)
	1377596  -  ResidentSetSize of job (KB)
...
006 (113449424.000.000) 2023-03-29 23:36:35 Image size of job updated: 5428976
	1348  -  MemoryUsage of job (MB)
	1379700  -  ResidentSetSize of job (KB)
...
006 (113449424.000.000) 2023-03-29 23:56:36 Image size of job updated: 5452244
	1382  -  MemoryUsage of job (MB)
	1415020  -  ResidentSetSize of job (KB)
...
006 (113449424.000.000) 2023-03-30 00:01:37 Image size of job updated: 5452244
	1384  -  MemoryUsage of job (MB)
	1417128  -  ResidentSetSize of job (KB)
...
006 (113449424.000.000) 2023-03-30 00:16:38 Image size of job updated: 5456840
	1391  -  MemoryUsage of job (MB)
	1423548  -  ResidentSetSize of job (KB)
...
006 (113449424.000.000) 2023-03-30 00:26:39 Image size of job updated: 5544224
	1392  -  MemoryUsage of job (MB)
	1425220  -  ResidentSetSize of job (KB)
...
006 (113449424.000.000) 2023-03-30 00:31:39 Image size of job updated: 5544224
	1393  -  MemoryUsage of job (MB)
	1426292  -  ResidentSetSize of job (KB)
...
006 (113449424.000.000) 2023-03-30 00:36:40 Image size of job updated: 5544224
	1399  -  MemoryUsage of job (MB)
	1432348  -  ResidentSetSize of job (KB)
...
006 (113449424.000.000) 2023-03-30 00:41:41 Image size of job updated: 5544224
	1401  -  MemoryUsage of job (MB)
	1434148  -  ResidentSetSize of job (KB)
...
006 (113449424.000.000) 2023-03-30 00:51:41 Image size of job updated: 5566484
	1407  -  MemoryUsage of job (MB)
	1440444  -  ResidentSetSize of job (KB)
...
006 (113449424.000.000) 2023-03-30 00:56:42 Image size of job updated: 5566484
	1408  -  MemoryUsage of job (MB)
	1441468  -  ResidentSetSize of job (KB)
...
006 (113449424.000.000) 2023-03-30 01:01:43 Image size of job updated: 5566484
	1411  -  MemoryUsage of job (MB)
	1444556  -  ResidentSetSize of job (KB)
...
006 (113449424.000.000) 2023-03-30 01:06:43 Image size of job updated: 5566484
	1413  -  MemoryUsage of job (MB)
	1446604  -  ResidentSetSize of job (KB)
...
006 (113449424.000.000) 2023-03-30 01:11:44 Image size of job updated: 5566484
	1414  -  MemoryUsage of job (MB)
	1447760  -  ResidentSetSize of job (KB)
...
006 (113449424.000.000) 2023-03-30 01:16:45 Image size of job updated: 5566484
	1415  -  MemoryUsage of job (MB)
	1448204  -  ResidentSetSize of job (KB)
...
006 (113449424.000.000) 2023-03-30 01:21:45 Image size of job updated: 5566484
	1416  -  MemoryUsage of job (MB)
	1449268  -  ResidentSetSize of job (KB)
...
006 (113449424.000.000) 2023-03-30 01:26:45 Image size of job updated: 5593256
	1421  -  MemoryUsage of job (MB)
	1454808  -  ResidentSetSize of job (KB)
...
006 (113449424.000.000) 2023-03-30 01:36:47 Image size of job updated: 5593256
	1427  -  MemoryUsage of job (MB)
	1460788  -  ResidentSetSize of job (KB)
...
006 (113449424.000.000) 2023-03-30 01:41:47 Image size of job updated: 5593256
	1429  -  MemoryUsage of job (MB)
	1462836  -  ResidentSetSize of job (KB)
...
006 (113449424.000.000) 2023-03-30 01:51:48 Image size of job updated: 5620036
	1444  -  MemoryUsage of job (MB)
	1477724  -  ResidentSetSize of job (KB)
...
006 (113449424.000.000) 2023-03-30 01:56:49 Image size of job updated: 5620036
	1445  -  MemoryUsage of job (MB)
	1479516  -  ResidentSetSize of job (KB)
...
006 (113449424.000.000) 2023-03-30 02:01:49 Image size of job updated: 5620036
	1448  -  MemoryUsage of job (MB)
	1482428  -  ResidentSetSize of job (KB)
...
006 (113449424.000.000) 2023-03-30 02:16:51 Image size of job updated: 5620036
	1453  -  MemoryUsage of job (MB)
	1487304  -  ResidentSetSize of job (KB)
...
006 (113449424.000.000) 2023-03-30 02:21:51 Image size of job updated: 5620036
	1454  -  MemoryUsage of job (MB)
	1487996  -  ResidentSetSize of job (KB)
...
006 (113449424.000.000) 2023-03-30 02:26:52 Image size of job updated: 5631828
	1458  -  MemoryUsage of job (MB)
	1492064  -  ResidentSetSize of job (KB)
...
006 (113449424.000.000) 2023-03-30 02:31:53 Image size of job updated: 5631828
	1460  -  MemoryUsage of job (MB)
	1494592  -  ResidentSetSize of job (KB)
...
006 (113449424.000.000) 2023-03-30 02:36:53 Image size of job updated: 5649600
	1460  -  MemoryUsage of job (MB)
	1494592  -  ResidentSetSize of job (KB)
...
006 (113449424.000.000) 2023-03-30 02:46:55 Image size of job updated: 5656376
	1469  -  MemoryUsage of job (MB)
	1503916  -  ResidentSetSize of job (KB)
...
006 (113449424.000.000) 2023-03-30 03:01:56 Image size of job updated: 5660856
	1472  -  MemoryUsage of job (MB)
	1507072  -  ResidentSetSize of job (KB)
...
006 (113449424.000.000) 2023-03-30 03:06:57 Image size of job updated: 5660856
	1474  -  MemoryUsage of job (MB)
	1509120  -  ResidentSetSize of job (KB)
...
006 (113449424.000.000) 2023-03-30 03:11:57 Image size of job updated: 5660856
	1475  -  MemoryUsage of job (MB)
	1509804  -  ResidentSetSize of job (KB)
...
006 (113449424.000.000) 2023-03-30 03:16:57 Image size of job updated: 5660856
	1477  -  MemoryUsage of job (MB)
	1511852  -  ResidentSetSize of job (KB)
...
006 (113449424.000.000) 2023-03-30 03:21:58 Image size of job updated: 5660856
	1480  -  MemoryUsage of job (MB)
	1514724  -  ResidentSetSize of job (KB)
...
006 (113449424.000.000) 2023-03-30 03:31:59 Image size of job updated: 5660856
	1482  -  MemoryUsage of job (MB)
	1516856  -  ResidentSetSize of job (KB)
...
006 (113449424.000.000) 2023-03-30 03:37:00 Image size of job updated: 5660856
	1484  -  MemoryUsage of job (MB)
	1518916  -  ResidentSetSize of job (KB)
...
006 (113449424.000.000) 2023-03-30 03:47:01 Image size of job updated: 5660856
	1487  -  MemoryUsage of job (MB)
	1521844  -  ResidentSetSize of job (KB)
...
006 (113449424.000.000) 2023-03-30 03:52:01 Image size of job updated: 5660856
	1488  -  MemoryUsage of job (MB)
	1522720  -  ResidentSetSize of job (KB)
...
006 (113449424.000.000) 2023-03-30 03:57:02 Image size of job updated: 5660856
	1491  -  MemoryUsage of job (MB)
	1526016  -  ResidentSetSize of job (KB)
...
006 (113449424.000.000) 2023-03-30 04:02:03 Image size of job updated: 5696016
	1493  -  MemoryUsage of job (MB)
	1528284  -  ResidentSetSize of job (KB)
...
006 (113449424.000.000) 2023-03-30 04:12:04 Image size of job updated: 5696016
	1497  -  MemoryUsage of job (MB)
	1532324  -  ResidentSetSize of job (KB)
...
006 (113449424.000.000) 2023-03-30 04:27:05 Image size of job updated: 5703496
	1497  -  MemoryUsage of job (MB)
	1532324  -  ResidentSetSize of job (KB)
...
006 (113449424.000.000) 2023-03-30 04:37:07 Image size of job updated: 5703496
	1504  -  MemoryUsage of job (MB)
	1539420  -  ResidentSetSize of job (KB)
...
006 (113449424.000.000) 2023-03-30 04:42:07 Image size of job updated: 5703496
	1506  -  MemoryUsage of job (MB)
	1541468  -  ResidentSetSize of job (KB)
...
006 (113449424.000.000) 2023-03-30 04:52:09 Image size of job updated: 5711520
	1508  -  MemoryUsage of job (MB)
	1543488  -  ResidentSetSize of job (KB)
...
006 (113449424.000.000) 2023-03-30 04:57:09 Image size of job updated: 5711520
	1510  -  MemoryUsage of job (MB)
	1545536  -  ResidentSetSize of job (KB)
...
006 (113449424.000.000) 2023-03-30 05:02:09 Image size of job updated: 5715288
	1512  -  MemoryUsage of job (MB)
	1547704  -  ResidentSetSize of job (KB)
...
006 (113449424.000.000) 2023-03-30 05:17:11 Image size of job updated: 5715288
	1516  -  MemoryUsage of job (MB)
	1552084  -  ResidentSetSize of job (KB)
...
006 (113449424.000.000) 2023-03-30 05:27:12 Image size of job updated: 5722800
	1518  -  MemoryUsage of job (MB)
	1553788  -  ResidentSetSize of job (KB)
...
006 (113449424.000.000) 2023-03-30 05:32:12 Image size of job updated: 5722800
	1519  -  MemoryUsage of job (MB)
	1554664  -  ResidentSetSize of job (KB)
...
006 (113449424.000.000) 2023-03-30 05:37:12 Image size of job updated: 5722800
	1519  -  MemoryUsage of job (MB)
	1555292  -  ResidentSetSize of job (KB)
...
006 (113449424.000.000) 2023-03-30 05:42:13 Image size of job updated: 5722800
	1524  -  MemoryUsage of job (MB)
	1560132  -  ResidentSetSize of job (KB)
...
006 (113449424.000.000) 2023-03-30 05:52:14 Image size of job updated: 5722800
	1526  -  MemoryUsage of job (MB)
	1562128  -  ResidentSetSize of job (KB)
...
006 (113449424.000.000) 2023-03-30 05:57:14 Image size of job updated: 5722800
	1528  -  MemoryUsage of job (MB)
	1564176  -  ResidentSetSize of job (KB)
...
006 (113449424.000.000) 2023-03-30 06:07:15 Image size of job updated: 5750956
	1528  -  MemoryUsage of job (MB)
	1564176  -  ResidentSetSize of job (KB)
...
006 (113449424.000.000) 2023-03-30 06:12:15 Image size of job updated: 5750956
	1530  -  MemoryUsage of job (MB)
	1566068  -  ResidentSetSize of job (KB)
...
006 (113449424.000.000) 2023-03-30 06:17:16 Image size of job updated: 5755312
	1532  -  MemoryUsage of job (MB)
	1568464  -  ResidentSetSize of job (KB)
...
006 (113449424.000.000) 2023-03-30 06:32:18 Image size of job updated: 5760880
	1535  -  MemoryUsage of job (MB)
	1571228  -  ResidentSetSize of job (KB)
...
006 (113449424.000.000) 2023-03-30 06:37:19 Image size of job updated: 5760880
	1535  -  MemoryUsage of job (MB)
	1571484  -  ResidentSetSize of job (KB)
...
006 (113449424.000.000) 2023-03-30 06:42:19 Image size of job updated: 5760880
	1537  -  MemoryUsage of job (MB)
	1573788  -  ResidentSetSize of job (KB)
...
006 (113449424.000.000) 2023-03-30 06:47:19 Image size of job updated: 5760880
	1540  -  MemoryUsage of job (MB)
	1576820  -  ResidentSetSize of job (KB)
...
006 (113449424.000.000) 2023-03-30 06:57:20 Image size of job updated: 5760880
	1542  -  MemoryUsage of job (MB)
	1578868  -  ResidentSetSize of job (KB)
...
006 (113449424.000.000) 2023-03-30 07:02:20 Image size of job updated: 5764616
	1542  -  MemoryUsage of job (MB)
	1578868  -  ResidentSetSize of job (KB)
...
006 (113449424.000.000) 2023-03-30 07:07:21 Image size of job updated: 5764616
	1543  -  MemoryUsage of job (MB)
	1579088  -  ResidentSetSize of job (KB)
...
006 (113449424.000.000) 2023-03-30 07:17:22 Image size of job updated: 5767904
	1543  -  MemoryUsage of job (MB)
	1579088  -  ResidentSetSize of job (KB)
...
006 (113449424.000.000) 2023-03-30 07:27:23 Image size of job updated: 5772192
	1550  -  MemoryUsage of job (MB)
	1586704  -  ResidentSetSize of job (KB)
...
006 (113449424.000.000) 2023-03-30 07:37:23 Image size of job updated: 5772192
	1552  -  MemoryUsage of job (MB)
	1588752  -  ResidentSetSize of job (KB)
...
006 (113449424.000.000) 2023-03-30 07:42:24 Image size of job updated: 5775688
	1552  -  MemoryUsage of job (MB)
	1588752  -  ResidentSetSize of job (KB)
...
006 (113449424.000.000) 2023-03-30 07:47:25 Image size of job updated: 5775688
	1554  -  MemoryUsage of job (MB)
	1590728  -  ResidentSetSize of job (KB)
...
006 (113449424.000.000) 2023-03-30 07:52:25 Image size of job updated: 5778616
	1554  -  MemoryUsage of job (MB)
	1590728  -  ResidentSetSize of job (KB)
...
006 (113449424.000.000) 2023-03-30 08:07:26 Image size of job updated: 5783656
	1561  -  MemoryUsage of job (MB)
	1597488  -  ResidentSetSize of job (KB)
...
006 (113449424.000.000) 2023-03-30 08:12:26 Image size of job updated: 5783656
	1561  -  MemoryUsage of job (MB)
	1597860  -  ResidentSetSize of job (KB)
...
006 (113449424.000.000) 2023-03-30 08:17:27 Image size of job updated: 5783656
	1569  -  MemoryUsage of job (MB)
	1606164  -  ResidentSetSize of job (KB)
...
006 (113449424.000.000) 2023-03-30 08:22:28 Image size of job updated: 5792860
	1570  -  MemoryUsage of job (MB)
	1606760  -  ResidentSetSize of job (KB)
...
006 (113449424.000.000) 2023-03-30 08:27:28 Image size of job updated: 5792860
	1572  -  MemoryUsage of job (MB)
	1608820  -  ResidentSetSize of job (KB)
...
006 (113449424.000.000) 2023-03-30 08:32:28 Image size of job updated: 5792860
	1586  -  MemoryUsage of job (MB)
	1623228  -  ResidentSetSize of job (KB)
...
006 (113449424.000.000) 2023-03-30 08:47:29 Image size of job updated: 5792860
	1589  -  MemoryUsage of job (MB)
	1626708  -  ResidentSetSize of job (KB)
...
006 (113449424.000.000) 2023-03-30 09:02:31 Image size of job updated: 5834032
	1591  -  MemoryUsage of job (MB)
	1628976  -  ResidentSetSize of job (KB)
...
006 (113449424.000.000) 2023-03-30 09:27:34 Image size of job updated: 5842796
	1600  -  MemoryUsage of job (MB)
	1637888  -  ResidentSetSize of job (KB)
...
006 (113449424.000.000) 2023-03-30 09:37:34 Image size of job updated: 5842796
	1601  -  MemoryUsage of job (MB)
	1638868  -  ResidentSetSize of job (KB)
...
006 (113449424.000.000) 2023-03-30 09:42:35 Image size of job updated: 5849344
	1601  -  MemoryUsage of job (MB)
	1638868  -  ResidentSetSize of job (KB)
...
006 (113449424.000.000) 2023-03-30 10:07:38 Image size of job updated: 5854844
	1611  -  MemoryUsage of job (MB)
	1649636  -  ResidentSetSize of job (KB)
...
006 (113449424.000.000) 2023-03-30 10:17:39 Image size of job updated: 5854844
	1613  -  MemoryUsage of job (MB)
	1651576  -  ResidentSetSize of job (KB)
...
006 (113449424.000.000) 2023-03-30 10:47:42 Image size of job updated: 5886064
	1641  -  MemoryUsage of job (MB)
	1679784  -  ResidentSetSize of job (KB)
...
006 (113449424.000.000) 2023-03-30 10:57:44 Image size of job updated: 5888576
	1644  -  MemoryUsage of job (MB)
	1682620  -  ResidentSetSize of job (KB)
...
006 (113449424.000.000) 2023-03-30 11:12:46 Image size of job updated: 5888576
	1645  -  MemoryUsage of job (MB)
	1683800  -  ResidentSetSize of job (KB)
...
006 (113449424.000.000) 2023-03-30 11:17:46 Image size of job updated: 5888576
	1646  -  MemoryUsage of job (MB)
	1684908  -  ResidentSetSize of job (KB)
...
006 (113449424.000.000) 2023-03-30 11:22:46 Image size of job updated: 5888576
	1648  -  MemoryUsage of job (MB)
	1687172  -  ResidentSetSize of job (KB)
...
006 (113449424.000.000) 2023-03-30 11:27:47 Image size of job updated: 5888576
	1648  -  MemoryUsage of job (MB)
	1687424  -  ResidentSetSize of job (KB)
...
006 (113449424.000.000) 2023-03-30 11:32:48 Image size of job updated: 5888576
	1653  -  MemoryUsage of job (MB)
	1691672  -  ResidentSetSize of job (KB)
...
006 (113449424.000.000) 2023-03-30 11:37:48 Image size of job updated: 5888576
	1660  -  MemoryUsage of job (MB)
	1698936  -  ResidentSetSize of job (KB)
...
006 (113449424.000.000) 2023-03-30 12:07:51 Image size of job updated: 5888576
	1665  -  MemoryUsage of job (MB)
	1704088  -  ResidentSetSize of job (KB)
...
006 (113449424.000.000) 2023-03-30 12:17:52 Image size of job updated: 5888576
	1694  -  MemoryUsage of job (MB)
	1734640  -  ResidentSetSize of job (KB)
...
006 (113449424.000.000) 2023-03-30 12:27:53 Image size of job updated: 5888576
	1695  -  MemoryUsage of job (MB)
	1735264  -  ResidentSetSize of job (KB)
...
006 (113449424.000.000) 2023-03-30 12:32:53 Image size of job updated: 5965392
	1695  -  MemoryUsage of job (MB)
	1735264  -  ResidentSetSize of job (KB)
...
006 (113449424.000.000) 2023-03-30 12:42:55 Image size of job updated: 5966896
	1695  -  MemoryUsage of job (MB)
	1735264  -  ResidentSetSize of job (KB)
...
006 (113449424.000.000) 2023-03-30 12:57:57 Image size of job updated: 5966896
	1857  -  MemoryUsage of job (MB)
	1900888  -  ResidentSetSize of job (KB)
...
006 (113449424.000.000) 2023-03-30 13:53:03 Image size of job updated: 5984920
	1857  -  MemoryUsage of job (MB)
	1900888  -  ResidentSetSize of job (KB)
...
006 (113449424.000.000) 2023-03-30 15:13:11 Image size of job updated: 5997372
	1857  -  MemoryUsage of job (MB)
	1900888  -  ResidentSetSize of job (KB)
...
006 (113449424.000.000) 2023-03-30 15:28:12 Image size of job updated: 5999876
	1857  -  MemoryUsage of job (MB)
	1900888  -  ResidentSetSize of job (KB)
...
006 (113449424.000.000) 2023-03-30 17:23:23 Image size of job updated: 6035584
	1857  -  MemoryUsage of job (MB)
	1900888  -  ResidentSetSize of job (KB)
...
006 (113449424.000.000) 2023-03-30 18:28:30 Image size of job updated: 6044604
	1857  -  MemoryUsage of job (MB)
	1900888  -  ResidentSetSize of job (KB)
...
004 (113449424.000.000) 2023-03-30 18:36:02 Job was evicted.
	(0) CPU times
		Usr 4 15:55:19, Sys 0 00:02:53  -  Run Remote Usage
		Usr 0 00:00:00, Sys 0 00:00:00  -  Run Local Usage
	0  -  Run Bytes Sent By Job
	366  -  Run Bytes Received By Job
	Partitionable Resources :    Usage  Request Allocated 
	   Cpus                 :     7.97        1         1 
	   Disk (KB)            :  4196      500000    624256 
	   GPUs                 :                           0 
	   Memory (MB)          :  1857       20000     20096 
...
040 (113449424.000.000) 2023-03-30 18:39:07 Started transferring input files
	Transferring to host: <10.14.9.65:9618?addrs=10.14.9.65-9618&alias=node2065.cluster.ldas.cit&noUDP&sock=slot1_6_2623658_287b_2830>
...
040 (113449424.000.000) 2023-03-30 18:39:07 Finished transferring input files
...
001 (113449424.000.000) 2023-03-30 18:39:08 Job executing on host: <10.14.9.65:9618?addrs=10.14.9.65-9618&alias=node2065.cluster.ldas.cit&noUDP&sock=startd_2623618_4da4>
...
006 (113449424.000.000) 2023-03-31 11:50:59 Image size of job updated: 7500000
	1986  -  MemoryUsage of job (MB)
	2033500  -  ResidentSetSize of job (KB)
...
006 (113449424.000.000) 2023-03-31 15:46:23 Image size of job updated: 7500000
	2023  -  MemoryUsage of job (MB)
	2070604  -  ResidentSetSize of job (KB)
...
004 (113449424.000.000) 2023-03-31 18:39:22 Job was evicted.
	(0) CPU times
		Usr 4 09:36:16, Sys 0 00:12:15  -  Run Remote Usage
		Usr 0 00:00:00, Sys 0 00:00:00  -  Run Local Usage
	0  -  Run Bytes Sent By Job
	366  -  Run Bytes Received By Job
	Partitionable Resources :    Usage  Request Allocated 
	   Cpus                 :     7.90        1         1 
	   Disk (KB)            :  2971      500000    609620 
	   GPUs                 :                           0 
	   Memory (MB)          :  2023       20000     20096 
...
040 (113449424.000.000) 2023-03-31 18:45:20 Started transferring input files
	Transferring to host: <10.14.10.55:9618?addrs=10.14.10.55-9618&alias=node2305.cluster.ldas.cit&noUDP&sock=slot1_1_3986052_faa5_21268>
...
040 (113449424.000.000) 2023-03-31 18:45:20 Finished transferring input files
...
001 (113449424.000.000) 2023-03-31 18:45:21 Job executing on host: <10.14.10.55:9618?addrs=10.14.10.55-9618&alias=node2305.cluster.ldas.cit&noUDP&sock=startd_187743_a922>
...
004 (113449424.000.000) 2023-04-01 19:00:08 Job was evicted.
	(0) CPU times
		Usr 3 17:10:24, Sys 0 00:06:45  -  Run Remote Usage
		Usr 0 00:00:00, Sys 0 00:00:00  -  Run Local Usage
	0  -  Run Bytes Sent By Job
	366  -  Run Bytes Received By Job
	Partitionable Resources :    Usage  Request Allocated 
	   Cpus                 :     6.75        1         1 
	   Disk (KB)            :  3002      500000    589752 
	   GPUs                 :                           0 
	   Memory (MB)          :  2198       20000     20096 
...
040 (113449424.000.000) 2023-04-01 19:00:59 Started transferring input files
	Transferring to host: <10.14.9.73:9618?addrs=10.14.9.73-9618&alias=node2073.cluster.ldas.cit&noUDP&sock=slot1_13_1210326_e87b_5398>
...
040 (113449424.000.000) 2023-04-01 19:00:59 Finished transferring input files
...
001 (113449424.000.000) 2023-04-01 19:01:00 Job executing on host: <10.14.9.73:9618?addrs=10.14.9.73-9618&alias=node2073.cluster.ldas.cit&noUDP&sock=startd_1210288_7aa2>
...
006 (113449424.000.000) 2023-04-02 16:28:18 Image size of job updated: 7500000
	2198  -  MemoryUsage of job (MB)
	2250560  -  ResidentSetSize of job (KB)
...
004 (113449424.000.000) 2023-04-02 20:26:45 Job was evicted.
	(0) CPU times
		Usr 2 21:54:17, Sys 0 00:02:59  -  Run Remote Usage
		Usr 0 00:00:00, Sys 0 00:00:00  -  Run Local Usage
	0  -  Run Bytes Sent By Job
	366  -  Run Bytes Received By Job
	Partitionable Resources :    Usage  Request Allocated 
	   Cpus                 :     1.00        1         1 
	   Disk (KB)            :  2871      500000    609620 
	   GPUs                 :                           0 
	   Memory (MB)          :  2198       20000     20096 
...
040 (113449424.000.000) 2023-04-02 20:34:52 Started transferring input files
	Transferring to host: <10.14.10.105:9618?addrs=10.14.10.105-9618&alias=node2355.cluster.ldas.cit&noUDP&sock=slot1_13_3018454_a7b2_7396>
...
040 (113449424.000.000) 2023-04-02 20:34:52 Finished transferring input files
...
001 (113449424.000.000) 2023-04-02 20:34:53 Job executing on host: <10.14.10.105:9618?addrs=10.14.10.105-9618&alias=node2355.cluster.ldas.cit&noUDP&sock=startd_3018412_2655>
...
004 (113449424.000.000) 2023-04-03 23:08:51 Job was evicted.
	(0) CPU times
		Usr 3 13:18:49, Sys 0 00:04:14  -  Run Remote Usage
		Usr 0 00:00:00, Sys 0 00:00:00  -  Run Local Usage
	0  -  Run Bytes Sent By Job
	366  -  Run Bytes Received By Job
	Partitionable Resources :    Usage  Request Allocated 
	   Cpus                 :     0.99        1         1 
	   Disk (KB)            :  3126      500000    624256 
	   GPUs                 :                           0 
	   Memory (MB)          :  2442       20000     20096 
...
040 (113449424.000.000) 2023-04-03 23:12:32 Started transferring input files
	Transferring to host: <10.14.10.23:9618?addrs=10.14.10.23-9618&alias=node2273.cluster.ldas.cit&noUDP&sock=slot1_8_2373610_b8c3_20474>
...
040 (113449424.000.000) 2023-04-03 23:12:32 Finished transferring input files
...
001 (113449424.000.000) 2023-04-03 23:12:33 Job executing on host: <10.14.10.23:9618?addrs=10.14.10.23-9618&alias=node2273.cluster.ldas.cit&noUDP&sock=startd_1667036_9dca>
...
004 (113449424.000.000) 2023-04-04 13:15:42 Job was evicted.
	(0) CPU times
		Usr 2 05:22:46, Sys 0 00:02:14  -  Run Remote Usage
		Usr 0 00:00:00, Sys 0 00:00:00  -  Run Local Usage
	0  -  Run Bytes Sent By Job
	366  -  Run Bytes Received By Job
	Partitionable Resources :    Usage  Request Allocated 
	   Cpus                 :     1.99        1         1 
	   Disk (KB)            :  2975      500000    600884 
	   GPUs                 :                           0 
	   Memory (MB)          :  2442       20000     20096 
...
040 (113449424.000.000) 2023-04-04 14:01:11 Started transferring input files
	Transferring to host: <10.14.4.123:9618?addrs=10.14.4.123-9618&alias=node873.cluster.ldas.cit&noUDP&sock=slot1_1_3988297_c8e0_5>
...
040 (113449424.000.000) 2023-04-04 14:01:11 Finished transferring input files
...
001 (113449424.000.000) 2023-04-04 14:01:12 Job executing on host: <10.14.4.123:9618?addrs=10.14.4.123-9618&alias=node873.cluster.ldas.cit&noUDP&sock=startd_3988255_c797>
...
004 (113449424.000.000) 2023-04-05 14:52:21 Job was evicted.
	(0) CPU times
		Usr 3 05:24:20, Sys 0 00:15:33  -  Run Remote Usage
		Usr 0 00:00:00, Sys 0 00:00:00  -  Run Local Usage
	0  -  Run Bytes Sent By Job
	366  -  Run Bytes Received By Job
	Partitionable Resources :    Usage  Request Allocated 
	   Cpus                 :     0.99        1         1 
	   Disk (KB)            :  2907      500000    558637 
	   GPUs                 :                           0 
	   Memory (MB)          :  2442       20000     20096 
...
009 (113449424.000.000) 2023-04-05 14:52:22 Job was aborted.
	removed because <OtherJobRemoveRequirements = DAGManJobId =?= 113449368> fired when job (113449368.0) was removed
...
000 (113587135.000.000) 2023-04-05 14:54:13 Job submitted from host: <10.14.0.160:9618?addrs=10.14.0.160-9618&alias=ldas-pcdev2.ligo.caltech.edu&noUDP&sock=schedd_7450_a8a7>
    DAG Node: 752
...
022 (113587135.000.000) 2023-04-05 14:56:12 Job disconnected, attempting to reconnect
    Socket between submit and execute hosts closed unexpectedly
    Trying to reconnect to slot1_1@node2199.cluster.ldas.cit <10.14.9.199:9618?addrs=10.14.9.199-9618&alias=node2199.cluster.ldas.cit&noUDP&sock=startd_3766_bdc1>
...
024 (113587135.000.000) 2023-04-05 14:56:21 Job reconnection failed
    Job not found at execution machine
    Can not reconnect to slot1_1@node2199.cluster.ldas.cit, rescheduling job
...
040 (113587135.000.000) 2023-04-05 14:57:55 Started transferring input files
	Transferring to host: <10.14.10.99:9618?addrs=10.14.10.99-9618&alias=node2349.cluster.ldas.cit&noUDP&sock=slot1_11_1479718_f145_33359>
...
040 (113587135.000.000) 2023-04-05 14:57:55 Finished transferring input files
...
001 (113587135.000.000) 2023-04-05 14:57:56 Job executing on host: <10.14.10.99:9618?addrs=10.14.10.99-9618&alias=node2349.cluster.ldas.cit&noUDP&sock=startd_1479682_5b16>
...
006 (113587135.000.000) 2023-04-05 14:58:04 Image size of job updated: 194220
	40  -  MemoryUsage of job (MB)
	40352  -  ResidentSetSize of job (KB)
...
006 (113587135.000.000) 2023-04-05 15:03:04 Image size of job updated: 5376596
	815  -  MemoryUsage of job (MB)
	833728  -  ResidentSetSize of job (KB)
...
006 (113587135.000.000) 2023-04-05 15:08:04 Image size of job updated: 5479540
	924  -  MemoryUsage of job (MB)
	945908  -  ResidentSetSize of job (KB)
...
006 (113587135.000.000) 2023-04-05 15:13:05 Image size of job updated: 5531268
	969  -  MemoryUsage of job (MB)
	991448  -  ResidentSetSize of job (KB)
...
006 (113587135.000.000) 2023-04-05 15:18:05 Image size of job updated: 5570896
	1007  -  MemoryUsage of job (MB)
	1030352  -  ResidentSetSize of job (KB)
...
006 (113587135.000.000) 2023-04-05 15:23:05 Image size of job updated: 6479800
	1577  -  MemoryUsage of job (MB)
	1613852  -  ResidentSetSize of job (KB)
...
006 (113587135.000.000) 2023-04-05 15:38:07 Image size of job updated: 6589492
	1595  -  MemoryUsage of job (MB)
	1632856  -  ResidentSetSize of job (KB)
...
006 (113587135.000.000) 2023-04-05 15:48:08 Image size of job updated: 6589492
	1596  -  MemoryUsage of job (MB)
	1633672  -  ResidentSetSize of job (KB)
...
006 (113587135.000.000) 2023-04-05 15:58:09 Image size of job updated: 6651996
	1660  -  MemoryUsage of job (MB)
	1699420  -  ResidentSetSize of job (KB)
...
006 (113587135.000.000) 2023-04-05 16:18:12 Image size of job updated: 6651996
	1664  -  MemoryUsage of job (MB)
	1703228  -  ResidentSetSize of job (KB)
...
006 (113587135.000.000) 2023-04-05 16:23:12 Image size of job updated: 6651996
	1682  -  MemoryUsage of job (MB)
	1721444  -  ResidentSetSize of job (KB)
...
006 (113587135.000.000) 2023-04-05 16:33:14 Image size of job updated: 6683800
	1682  -  MemoryUsage of job (MB)
	1721444  -  ResidentSetSize of job (KB)
...
006 (113587135.000.000) 2023-04-05 16:48:16 Image size of job updated: 6683800
	1691  -  MemoryUsage of job (MB)
	1730584  -  ResidentSetSize of job (KB)
...
006 (113587135.000.000) 2023-04-05 17:03:18 Image size of job updated: 6683800
	1692  -  MemoryUsage of job (MB)
	1732344  -  ResidentSetSize of job (KB)
...
006 (113587135.000.000) 2023-04-05 17:08:18 Image size of job updated: 6687520
	1695  -  MemoryUsage of job (MB)
	1734664  -  ResidentSetSize of job (KB)
...
006 (113587135.000.000) 2023-04-05 17:28:21 Image size of job updated: 6687520
	1695  -  MemoryUsage of job (MB)
	1735024  -  ResidentSetSize of job (KB)
...
006 (113587135.000.000) 2023-04-05 17:33:22 Image size of job updated: 6687520
	1711  -  MemoryUsage of job (MB)
	1751936  -  ResidentSetSize of job (KB)
...
006 (113587135.000.000) 2023-04-05 17:38:22 Image size of job updated: 6687520
	1720  -  MemoryUsage of job (MB)
	1761064  -  ResidentSetSize of job (KB)
...
006 (113587135.000.000) 2023-04-05 17:43:22 Image size of job updated: 6687520
	1750  -  MemoryUsage of job (MB)
	1791024  -  ResidentSetSize of job (KB)
...
006 (113587135.000.000) 2023-04-05 17:48:23 Image size of job updated: 6691276
	2093  -  MemoryUsage of job (MB)
	2142592  -  ResidentSetSize of job (KB)
...
006 (113587135.000.000) 2023-04-05 18:13:24 Image size of job updated: 6719520
	2093  -  MemoryUsage of job (MB)
	2142592  -  ResidentSetSize of job (KB)
...
006 (113587135.000.000) 2023-04-05 18:28:25 Image size of job updated: 6739780
	2093  -  MemoryUsage of job (MB)
	2142592  -  ResidentSetSize of job (KB)
...
006 (113587135.000.000) 2023-04-05 20:48:40 Image size of job updated: 6739780
	2435  -  MemoryUsage of job (MB)
	2492716  -  ResidentSetSize of job (KB)
...
006 (113587135.000.000) 2023-04-05 21:23:45 Image size of job updated: 6761856
	2435  -  MemoryUsage of job (MB)
	2492716  -  ResidentSetSize of job (KB)
...
006 (113587135.000.000) 2023-04-05 21:43:47 Image size of job updated: 6763872
	2435  -  MemoryUsage of job (MB)
	2492716  -  ResidentSetSize of job (KB)
...
006 (113587135.000.000) 2023-04-05 22:08:51 Image size of job updated: 6769856
	2435  -  MemoryUsage of job (MB)
	2492716  -  ResidentSetSize of job (KB)
...
006 (113587135.000.000) 2023-04-05 22:43:55 Image size of job updated: 6773760
	2435  -  MemoryUsage of job (MB)
	2492716  -  ResidentSetSize of job (KB)
...
006 (113587135.000.000) 2023-04-05 22:58:56 Image size of job updated: 6775032
	2435  -  MemoryUsage of job (MB)
	2492716  -  ResidentSetSize of job (KB)
...
006 (113587135.000.000) 2023-04-05 23:18:57 Image size of job updated: 6777840
	2435  -  MemoryUsage of job (MB)
	2492716  -  ResidentSetSize of job (KB)
...
006 (113587135.000.000) 2023-04-05 23:38:59 Image size of job updated: 6780136
	2435  -  MemoryUsage of job (MB)
	2492716  -  ResidentSetSize of job (KB)
...
006 (113587135.000.000) 2023-04-05 23:59:00 Image size of job updated: 6782688
	2435  -  MemoryUsage of job (MB)
	2492716  -  ResidentSetSize of job (KB)
...
006 (113587135.000.000) 2023-04-06 02:39:15 Image size of job updated: 6797692
	2435  -  MemoryUsage of job (MB)
	2492716  -  ResidentSetSize of job (KB)
...
006 (113587135.000.000) 2023-04-06 03:59:23 Image size of job updated: 6805616
	2435  -  MemoryUsage of job (MB)
	2492716  -  ResidentSetSize of job (KB)
...
006 (113587135.000.000) 2023-04-06 04:19:25 Image size of job updated: 6808908
	2435  -  MemoryUsage of job (MB)
	2492716  -  ResidentSetSize of job (KB)
...
006 (113587135.000.000) 2023-04-06 04:39:27 Image size of job updated: 6817504
	2435  -  MemoryUsage of job (MB)
	2492716  -  ResidentSetSize of job (KB)
...
006 (113587135.000.000) 2023-04-06 05:04:29 Image size of job updated: 6819272
	2435  -  MemoryUsage of job (MB)
	2492716  -  ResidentSetSize of job (KB)
...
006 (113587135.000.000) 2023-04-06 05:24:31 Image size of job updated: 6823128
	2435  -  MemoryUsage of job (MB)
	2492716  -  ResidentSetSize of job (KB)
...
006 (113587135.000.000) 2023-04-06 08:44:54 Image size of job updated: 6840420
	2435  -  MemoryUsage of job (MB)
	2492716  -  ResidentSetSize of job (KB)
...
006 (113587135.000.000) 2023-04-06 09:09:57 Image size of job updated: 6845264
	2435  -  MemoryUsage of job (MB)
	2492716  -  ResidentSetSize of job (KB)
...
006 (113587135.000.000) 2023-04-06 09:24:59 Image size of job updated: 6847808
	2435  -  MemoryUsage of job (MB)
	2492716  -  ResidentSetSize of job (KB)
...
006 (113587135.000.000) 2023-04-06 09:55:02 Image size of job updated: 6849064
	2435  -  MemoryUsage of job (MB)
	2492716  -  ResidentSetSize of job (KB)
...
006 (113587135.000.000) 2023-04-06 10:20:04 Image size of job updated: 6850336
	2435  -  MemoryUsage of job (MB)
	2492716  -  ResidentSetSize of job (KB)
...
006 (113587135.000.000) 2023-04-06 10:35:05 Image size of job updated: 6850832
	2435  -  MemoryUsage of job (MB)
	2492716  -  ResidentSetSize of job (KB)
...
006 (113587135.000.000) 2023-04-06 11:00:07 Image size of job updated: 6852104
	2435  -  MemoryUsage of job (MB)
	2492716  -  ResidentSetSize of job (KB)
...
006 (113587135.000.000) 2023-04-06 11:30:10 Image size of job updated: 6856692
	2435  -  MemoryUsage of job (MB)
	2492716  -  ResidentSetSize of job (KB)
...
006 (113587135.000.000) 2023-04-06 11:55:13 Image size of job updated: 6856916
	2435  -  MemoryUsage of job (MB)
	2492716  -  ResidentSetSize of job (KB)
...
006 (113587135.000.000) 2023-04-06 12:20:17 Image size of job updated: 6858188
	2435  -  MemoryUsage of job (MB)
	2492716  -  ResidentSetSize of job (KB)
...
006 (113587135.000.000) 2023-04-06 14:10:25 Image size of job updated: 6858188
	2577  -  MemoryUsage of job (MB)
	2637940  -  ResidentSetSize of job (KB)
...
004 (113587135.000.000) 2023-04-06 15:02:14 Job was evicted.
	(0) CPU times
		Usr 2 21:24:16, Sys 0 00:03:35  -  Run Remote Usage
		Usr 0 00:00:00, Sys 0 00:00:00  -  Run Local Usage
	0  -  Run Bytes Sent By Job
	366  -  Run Bytes Received By Job
	Partitionable Resources :    Usage  Request Allocated 
	   Cpus                 :     0.99        1         1 
	   Disk (KB)            :  2869      500000    624256 
	   GPUs                 :                           0 
	   Memory (MB)          :  2577       20000     20096 
...
040 (113587135.000.000) 2023-04-06 15:06:25 Started transferring input files
	Transferring to host: <10.14.4.99:9618?addrs=10.14.4.99-9618&alias=node849.cluster.ldas.cit&noUDP&sock=slot1_3_1601128_454e_1118>
...
040 (113587135.000.000) 2023-04-06 15:06:25 Finished transferring input files
...
001 (113587135.000.000) 2023-04-06 15:06:26 Job executing on host: <10.14.4.99:9618?addrs=10.14.4.99-9618&alias=node849.cluster.ldas.cit&noUDP&sock=startd_1601085_b747>
...
004 (113587135.000.000) 2023-04-06 16:04:44 Job was evicted.
	(0) CPU times
		Usr 0 04:25:45, Sys 0 00:00:22  -  Run Remote Usage
		Usr 0 00:00:00, Sys 0 00:00:00  -  Run Local Usage
	0  -  Run Bytes Sent By Job
	366  -  Run Bytes Received By Job
	Partitionable Resources :    Usage  Request Allocated 
	   Cpus                 :     0.99        1         1 
	   Disk (KB)            :  2719      500000    624256 
	   GPUs                 :                           0 
	   Memory (MB)          :  2686       20000     20096 
...
009 (113587135.000.000) 2023-04-06 16:04:44 Job was aborted.
	removed because <OtherJobRemoveRequirements = DAGManJobId =?= 113587092> fired when job (113587092.0) was removed
...
000 (113604248.000.000) 2023-04-06 16:27:56 Job submitted from host: <10.14.0.160:9618?addrs=10.14.0.160-9618&alias=ldas-pcdev2.ligo.caltech.edu&noUDP&sock=schedd_7450_a8a7>
    DAG Node: 752
...
040 (113604248.000.000) 2023-04-06 16:29:22 Started transferring input files
	Transferring to host: <10.14.10.96:9618?addrs=10.14.10.96-9618&alias=node2346.cluster.ldas.cit&noUDP&sock=slot1_10_1887235_88e1_32211>
...
040 (113604248.000.000) 2023-04-06 16:29:22 Finished transferring input files
...
001 (113604248.000.000) 2023-04-06 16:29:23 Job executing on host: <10.14.10.96:9618?addrs=10.14.10.96-9618&alias=node2346.cluster.ldas.cit&noUDP&sock=startd_4416_9650>
...
006 (113604248.000.000) 2023-04-06 16:29:32 Image size of job updated: 598376
	190  -  MemoryUsage of job (MB)
	194368  -  ResidentSetSize of job (KB)
...
006 (113604248.000.000) 2023-04-06 16:34:33 Image size of job updated: 5448052
	698  -  MemoryUsage of job (MB)
	714644  -  ResidentSetSize of job (KB)
...
006 (113604248.000.000) 2023-04-06 16:39:34 Image size of job updated: 5507456
	698  -  MemoryUsage of job (MB)
	714644  -  ResidentSetSize of job (KB)
...
006 (113604248.000.000) 2023-04-06 18:29:44 Image size of job updated: 5507456
	827  -  MemoryUsage of job (MB)
	846112  -  ResidentSetSize of job (KB)
...
006 (113604248.000.000) 2023-04-06 18:34:44 Image size of job updated: 5507456
	947  -  MemoryUsage of job (MB)
	968820  -  ResidentSetSize of job (KB)
...
006 (113604248.000.000) 2023-04-06 18:39:44 Image size of job updated: 5507456
	954  -  MemoryUsage of job (MB)
	976340  -  ResidentSetSize of job (KB)
...
006 (113604248.000.000) 2023-04-06 18:44:46 Image size of job updated: 5507456
	964  -  MemoryUsage of job (MB)
	986824  -  ResidentSetSize of job (KB)
...
006 (113604248.000.000) 2023-04-06 18:49:46 Image size of job updated: 5507456
	964  -  MemoryUsage of job (MB)
	986868  -  ResidentSetSize of job (KB)
...
006 (113604248.000.000) 2023-04-06 18:54:46 Image size of job updated: 5507456
	967  -  MemoryUsage of job (MB)
	989572  -  ResidentSetSize of job (KB)
...
006 (113604248.000.000) 2023-04-06 19:04:48 Image size of job updated: 5507456
	1002  -  MemoryUsage of job (MB)
	1025932  -  ResidentSetSize of job (KB)
...
006 (113604248.000.000) 2023-04-06 19:14:49 Image size of job updated: 5507456
	1011  -  MemoryUsage of job (MB)
	1034452  -  ResidentSetSize of job (KB)
...
006 (113604248.000.000) 2023-04-06 19:24:50 Image size of job updated: 5507456
	1012  -  MemoryUsage of job (MB)
	1035832  -  ResidentSetSize of job (KB)
...
006 (113604248.000.000) 2023-04-06 19:29:51 Image size of job updated: 5507456
	1016  -  MemoryUsage of job (MB)
	1040044  -  ResidentSetSize of job (KB)
...
006 (113604248.000.000) 2023-04-06 19:34:52 Image size of job updated: 5507456
	1036  -  MemoryUsage of job (MB)
	1060328  -  ResidentSetSize of job (KB)
...
006 (113604248.000.000) 2023-04-06 19:39:52 Image size of job updated: 5507456
	1047  -  MemoryUsage of job (MB)
	1071132  -  ResidentSetSize of job (KB)
...
006 (113604248.000.000) 2023-04-06 19:44:52 Image size of job updated: 5507456
	1067  -  MemoryUsage of job (MB)
	1092008  -  ResidentSetSize of job (KB)
...
006 (113604248.000.000) 2023-04-06 19:54:53 Image size of job updated: 5507456
	1100  -  MemoryUsage of job (MB)
	1125912  -  ResidentSetSize of job (KB)
...
006 (113604248.000.000) 2023-04-06 19:59:53 Image size of job updated: 5507456
	1120  -  MemoryUsage of job (MB)
	1146436  -  ResidentSetSize of job (KB)
...
006 (113604248.000.000) 2023-04-06 20:14:54 Image size of job updated: 5507456
	1125  -  MemoryUsage of job (MB)
	1151904  -  ResidentSetSize of job (KB)
...
006 (113604248.000.000) 2023-04-06 20:29:56 Image size of job updated: 5507456
	1140  -  MemoryUsage of job (MB)
	1166376  -  ResidentSetSize of job (KB)
...
006 (113604248.000.000) 2023-04-06 20:44:58 Image size of job updated: 5507456
	1151  -  MemoryUsage of job (MB)
	1178292  -  ResidentSetSize of job (KB)
...
006 (113604248.000.000) 2023-04-06 20:49:59 Image size of job updated: 5507456
	1191  -  MemoryUsage of job (MB)
	1219084  -  ResidentSetSize of job (KB)
...
006 (113604248.000.000) 2023-04-06 20:55:00 Image size of job updated: 5507456
	1213  -  MemoryUsage of job (MB)
	1241256  -  ResidentSetSize of job (KB)
...
006 (113604248.000.000) 2023-04-06 21:00:00 Image size of job updated: 5507456
	1217  -  MemoryUsage of job (MB)
	1246144  -  ResidentSetSize of job (KB)
...
006 (113604248.000.000) 2023-04-06 21:10:01 Image size of job updated: 5507456
	1224  -  MemoryUsage of job (MB)
	1252584  -  ResidentSetSize of job (KB)
...
006 (113604248.000.000) 2023-04-06 21:15:01 Image size of job updated: 5507456
	1246  -  MemoryUsage of job (MB)
	1275864  -  ResidentSetSize of job (KB)
...
006 (113604248.000.000) 2023-04-06 21:25:02 Image size of job updated: 5507456
	1266  -  MemoryUsage of job (MB)
	1295384  -  ResidentSetSize of job (KB)
...
006 (113604248.000.000) 2023-04-06 21:30:02 Image size of job updated: 5507456
	1269  -  MemoryUsage of job (MB)
	1299408  -  ResidentSetSize of job (KB)
...
006 (113604248.000.000) 2023-04-06 21:40:03 Image size of job updated: 5507456
	1272  -  MemoryUsage of job (MB)
	1301644  -  ResidentSetSize of job (KB)
...
006 (113604248.000.000) 2023-04-06 21:50:04 Image size of job updated: 5507456
	1276  -  MemoryUsage of job (MB)
	1305648  -  ResidentSetSize of job (KB)
...
006 (113604248.000.000) 2023-04-06 22:20:08 Image size of job updated: 5507456
	1301  -  MemoryUsage of job (MB)
	1331316  -  ResidentSetSize of job (KB)
...
006 (113604248.000.000) 2023-04-06 22:30:09 Image size of job updated: 5507456
	1304  -  MemoryUsage of job (MB)
	1334884  -  ResidentSetSize of job (KB)
...
006 (113604248.000.000) 2023-04-06 22:40:09 Image size of job updated: 5507456
	1307  -  MemoryUsage of job (MB)
	1337524  -  ResidentSetSize of job (KB)
...
006 (113604248.000.000) 2023-04-06 23:00:11 Image size of job updated: 5507456
	1311  -  MemoryUsage of job (MB)
	1342232  -  ResidentSetSize of job (KB)
...
006 (113604248.000.000) 2023-04-06 23:20:14 Image size of job updated: 5507456
	1324  -  MemoryUsage of job (MB)
	1355328  -  ResidentSetSize of job (KB)
...
006 (113604248.000.000) 2023-04-06 23:25:14 Image size of job updated: 5507456
	1324  -  MemoryUsage of job (MB)
	1355364  -  ResidentSetSize of job (KB)
...
006 (113604248.000.000) 2023-04-06 23:35:16 Image size of job updated: 5507456
	1325  -  MemoryUsage of job (MB)
	1356204  -  ResidentSetSize of job (KB)
...
006 (113604248.000.000) 2023-04-06 23:45:17 Image size of job updated: 5507456
	1327  -  MemoryUsage of job (MB)
	1358028  -  ResidentSetSize of job (KB)
...
006 (113604248.000.000) 2023-04-07 00:00:19 Image size of job updated: 5507456
	1327  -  MemoryUsage of job (MB)
	1358148  -  ResidentSetSize of job (KB)
...
006 (113604248.000.000) 2023-04-07 00:10:20 Image size of job updated: 5507456
	1330  -  MemoryUsage of job (MB)
	1361328  -  ResidentSetSize of job (KB)
...
006 (113604248.000.000) 2023-04-07 00:20:22 Image size of job updated: 5507456
	1332  -  MemoryUsage of job (MB)
	1363800  -  ResidentSetSize of job (KB)
...
006 (113604248.000.000) 2023-04-07 00:35:24 Image size of job updated: 5507456
	1334  -  MemoryUsage of job (MB)
	1365632  -  ResidentSetSize of job (KB)
...
006 (113604248.000.000) 2023-04-07 00:50:26 Image size of job updated: 5507456
	1335  -  MemoryUsage of job (MB)
	1366680  -  ResidentSetSize of job (KB)
...
006 (113604248.000.000) 2023-04-07 01:00:27 Image size of job updated: 5507456
	1340  -  MemoryUsage of job (MB)
	1372148  -  ResidentSetSize of job (KB)
...
006 (113604248.000.000) 2023-04-07 01:05:28 Image size of job updated: 5507456
	1371  -  MemoryUsage of job (MB)
	1403044  -  ResidentSetSize of job (KB)
...
006 (113604248.000.000) 2023-04-07 01:30:31 Image size of job updated: 5539540
	1374  -  MemoryUsage of job (MB)
	1405992  -  ResidentSetSize of job (KB)
...
006 (113604248.000.000) 2023-04-07 01:40:32 Image size of job updated: 5539540
	1381  -  MemoryUsage of job (MB)
	1413140  -  ResidentSetSize of job (KB)
...
006 (113604248.000.000) 2023-04-07 01:45:33 Image size of job updated: 5539540
	1381  -  MemoryUsage of job (MB)
	1413856  -  ResidentSetSize of job (KB)
...
006 (113604248.000.000) 2023-04-07 01:50:34 Image size of job updated: 5539540
	1381  -  MemoryUsage of job (MB)
	1413896  -  ResidentSetSize of job (KB)
...
006 (113604248.000.000) 2023-04-07 01:55:34 Image size of job updated: 5539540
	1382  -  MemoryUsage of job (MB)
	1415072  -  ResidentSetSize of job (KB)
...
006 (113604248.000.000) 2023-04-07 02:05:35 Image size of job updated: 5539540
	1384  -  MemoryUsage of job (MB)
	1417204  -  ResidentSetSize of job (KB)
...
006 (113604248.000.000) 2023-04-07 02:15:35 Image size of job updated: 5539540
	1387  -  MemoryUsage of job (MB)
	1419512  -  ResidentSetSize of job (KB)
...
006 (113604248.000.000) 2023-04-07 02:25:37 Image size of job updated: 5563940
	1468  -  MemoryUsage of job (MB)
	1502656  -  ResidentSetSize of job (KB)
...
006 (113604248.000.000) 2023-04-07 02:40:39 Image size of job updated: 5570628
	1468  -  MemoryUsage of job (MB)
	1502656  -  ResidentSetSize of job (KB)
...
006 (113604248.000.000) 2023-04-07 02:55:41 Image size of job updated: 5576340
	1468  -  MemoryUsage of job (MB)
	1502656  -  ResidentSetSize of job (KB)
...
006 (113604248.000.000) 2023-04-07 03:05:41 Image size of job updated: 5607924
	1468  -  MemoryUsage of job (MB)
	1502656  -  ResidentSetSize of job (KB)
...
006 (113604248.000.000) 2023-04-07 03:15:42 Image size of job updated: 5611316
	1468  -  MemoryUsage of job (MB)
	1502656  -  ResidentSetSize of job (KB)
...
006 (113604248.000.000) 2023-04-07 03:30:44 Image size of job updated: 5711512
	1468  -  MemoryUsage of job (MB)
	1502656  -  ResidentSetSize of job (KB)
...
006 (113604248.000.000) 2023-04-07 05:15:54 Image size of job updated: 5711512
	1471  -  MemoryUsage of job (MB)
	1506060  -  ResidentSetSize of job (KB)
...
006 (113604248.000.000) 2023-04-07 05:25:56 Image size of job updated: 5711512
	1473  -  MemoryUsage of job (MB)
	1508348  -  ResidentSetSize of job (KB)
...
006 (113604248.000.000) 2023-04-07 05:30:56 Image size of job updated: 5711512
	1475  -  MemoryUsage of job (MB)
	1509612  -  ResidentSetSize of job (KB)
...
006 (113604248.000.000) 2023-04-07 05:45:58 Image size of job updated: 5711512
	1475  -  MemoryUsage of job (MB)
	1509956  -  ResidentSetSize of job (KB)
...
006 (113604248.000.000) 2023-04-07 07:56:10 Image size of job updated: 5711512
	1480  -  MemoryUsage of job (MB)
	1514900  -  ResidentSetSize of job (KB)
...
006 (113604248.000.000) 2023-04-07 08:01:11 Image size of job updated: 5711512
	1480  -  MemoryUsage of job (MB)
	1515152  -  ResidentSetSize of job (KB)
...
006 (113604248.000.000) 2023-04-07 08:21:14 Image size of job updated: 5711512
	1486  -  MemoryUsage of job (MB)
	1521108  -  ResidentSetSize of job (KB)
...
006 (113604248.000.000) 2023-04-07 08:26:14 Image size of job updated: 5711512
	1488  -  MemoryUsage of job (MB)
	1522900  -  ResidentSetSize of job (KB)
...
006 (113604248.000.000) 2023-04-07 08:46:15 Image size of job updated: 5711512
	1492  -  MemoryUsage of job (MB)
	1527360  -  ResidentSetSize of job (KB)
...
006 (113604248.000.000) 2023-04-07 08:56:16 Image size of job updated: 5711512
	1560  -  MemoryUsage of job (MB)
	1597220  -  ResidentSetSize of job (KB)
...
006 (113604248.000.000) 2023-04-07 09:01:16 Image size of job updated: 5731496
	1572  -  MemoryUsage of job (MB)
	1608708  -  ResidentSetSize of job (KB)
...
006 (113604248.000.000) 2023-04-07 09:11:17 Image size of job updated: 5732216
	1572  -  MemoryUsage of job (MB)
	1608708  -  ResidentSetSize of job (KB)
...
006 (113604248.000.000) 2023-04-07 09:36:19 Image size of job updated: 5757556
	1572  -  MemoryUsage of job (MB)
	1608708  -  ResidentSetSize of job (KB)
...
006 (113604248.000.000) 2023-04-07 10:46:27 Image size of job updated: 5903480
	1572  -  MemoryUsage of job (MB)
	1608708  -  ResidentSetSize of job (KB)
...
006 (113604248.000.000) 2023-04-07 11:01:28 Image size of job updated: 5916552
	1572  -  MemoryUsage of job (MB)
	1608708  -  ResidentSetSize of job (KB)
...
006 (113604248.000.000) 2023-04-07 12:11:35 Image size of job updated: 5916552
	1580  -  MemoryUsage of job (MB)
	1617152  -  ResidentSetSize of job (KB)
...
006 (113604248.000.000) 2023-04-07 12:46:40 Image size of job updated: 5916552
	1580  -  MemoryUsage of job (MB)
	1617864  -  ResidentSetSize of job (KB)
...
006 (113604248.000.000) 2023-04-07 12:51:40 Image size of job updated: 5916552
	1590  -  MemoryUsage of job (MB)
	1627432  -  ResidentSetSize of job (KB)
...
006 (113604248.000.000) 2023-04-07 12:56:40 Image size of job updated: 5916552
	1590  -  MemoryUsage of job (MB)
	1627556  -  ResidentSetSize of job (KB)
...
006 (113604248.000.000) 2023-04-07 13:11:41 Image size of job updated: 5916552
	1600  -  MemoryUsage of job (MB)
	1637716  -  ResidentSetSize of job (KB)
...
006 (113604248.000.000) 2023-04-07 15:11:56 Image size of job updated: 5916552
	1619  -  MemoryUsage of job (MB)
	1657748  -  ResidentSetSize of job (KB)
...
006 (113604248.000.000) 2023-04-07 15:31:57 Image size of job updated: 5916552
	1627  -  MemoryUsage of job (MB)
	1665692  -  ResidentSetSize of job (KB)
...
006 (113604248.000.000) 2023-04-07 15:56:59 Image size of job updated: 5916552
	1630  -  MemoryUsage of job (MB)
	1668264  -  ResidentSetSize of job (KB)
...
006 (113604248.000.000) 2023-04-07 16:27:02 Image size of job updated: 5916552
	1630  -  MemoryUsage of job (MB)
	1668988  -  ResidentSetSize of job (KB)
...
004 (113604248.000.000) 2023-04-07 16:29:34 Job was evicted.
	(0) CPU times
		Usr 3 02:52:28, Sys 0 00:03:44  -  Run Remote Usage
		Usr 0 00:00:00, Sys 0 00:00:00  -  Run Local Usage
	0  -  Run Bytes Sent By Job
	366  -  Run Bytes Received By Job
	Partitionable Resources :    Usage  Request Allocated 
	   Cpus                 :     0.94        1         1 
	   Disk (KB)            :  4008      500000    624256 
	   GPUs                 :                           0 
	   Memory (MB)          :  1630       20000     20096 
...
040 (113604248.000.000) 2023-04-07 16:56:57 Started transferring input files
	Transferring to host: <10.14.4.98:9618?addrs=10.14.4.98-9618&alias=node848.cluster.ldas.cit&noUDP&sock=slot1_1_4059735_5179_9301>
...
040 (113604248.000.000) 2023-04-07 16:56:57 Finished transferring input files
...
001 (113604248.000.000) 2023-04-07 16:56:58 Job executing on host: <10.14.4.98:9618?addrs=10.14.4.98-9618&alias=node848.cluster.ldas.cit&noUDP&sock=startd_4059693_4e42>
...
006 (113604248.000.000) 2023-04-08 09:08:45 Image size of job updated: 7500000
	1710  -  MemoryUsage of job (MB)
	1750532  -  ResidentSetSize of job (KB)
...
006 (113604248.000.000) 2023-04-08 09:23:46 Image size of job updated: 7500000
	1710  -  MemoryUsage of job (MB)
	1750724  -  ResidentSetSize of job (KB)
...
006 (113604248.000.000) 2023-04-08 09:33:48 Image size of job updated: 7500000
	1712  -  MemoryUsage of job (MB)
	1752244  -  ResidentSetSize of job (KB)
...
006 (113604248.000.000) 2023-04-08 09:58:50 Image size of job updated: 7500000
	1721  -  MemoryUsage of job (MB)
	1762200  -  ResidentSetSize of job (KB)
...
006 (113604248.000.000) 2023-04-08 10:08:51 Image size of job updated: 7500000
	1876  -  MemoryUsage of job (MB)
	1920452  -  ResidentSetSize of job (KB)
...
004 (113604248.000.000) 2023-04-08 18:09:27 Job was evicted.
	(0) CPU times
		Usr 4 07:23:29, Sys 0 00:06:36  -  Run Remote Usage
		Usr 0 00:00:00, Sys 0 00:00:00  -  Run Local Usage
	0  -  Run Bytes Sent By Job
	366  -  Run Bytes Received By Job
	Partitionable Resources :    Usage  Request Allocated 
	   Cpus                 :     5.96        1         1 
	   Disk (KB)            :  3111      500000    624256 
	   GPUs                 :                           0 
	   Memory (MB)          :  1876       20000     20096 
...
040 (113604248.000.000) 2023-04-08 18:10:29 Started transferring input files
	Transferring to host: <10.14.3.241:9618?addrs=10.14.3.241-9618&alias=node741.cluster.ldas.cit&noUDP&sock=slot1_8_209666_6a07_3164>
...
040 (113604248.000.000) 2023-04-08 18:10:29 Finished transferring input files
...
001 (113604248.000.000) 2023-04-08 18:10:30 Job executing on host: <10.14.3.241:9618?addrs=10.14.3.241-9618&alias=node741.cluster.ldas.cit&noUDP&sock=startd_209624_34ea>
...
004 (113604248.000.000) 2023-04-09 18:30:40 Job was evicted.
	(0) CPU times
		Usr 3 04:41:41, Sys 0 00:04:43  -  Run Remote Usage
		Usr 0 00:00:00, Sys 0 00:00:00  -  Run Local Usage
	0  -  Run Bytes Sent By Job
	366  -  Run Bytes Received By Job
	Partitionable Resources :    Usage  Request Allocated 
	   Cpus                 :     7.93        1         1 
	   Disk (KB)            :  2978      500000    624256 
	   GPUs                 :                           0 
	   Memory (MB)          :  1954       20000     20096 
...
040 (113604248.000.000) 2023-04-09 18:33:31 Started transferring input files
	Transferring to host: <10.14.4.79:9618?addrs=10.14.4.79-9618&alias=node829.cluster.ldas.cit&noUDP&sock=slot1_7_2254102_8647_3423>
...
040 (113604248.000.000) 2023-04-09 18:33:31 Finished transferring input files
...
001 (113604248.000.000) 2023-04-09 18:33:32 Job executing on host: <10.14.4.79:9618?addrs=10.14.4.79-9618&alias=node829.cluster.ldas.cit&noUDP&sock=startd_2254057_3230>
...
006 (113604248.000.000) 2023-04-10 09:25:15 Image size of job updated: 7500000
	1954  -  MemoryUsage of job (MB)
	2000852  -  ResidentSetSize of job (KB)
...
006 (113604248.000.000) 2023-04-10 09:30:16 Image size of job updated: 7500000
	1955  -  MemoryUsage of job (MB)
	2001132  -  ResidentSetSize of job (KB)
...
006 (113604248.000.000) 2023-04-10 10:35:22 Image size of job updated: 7500000
	2247  -  MemoryUsage of job (MB)
	2300680  -  ResidentSetSize of job (KB)
...
006 (113604248.000.000) 2023-04-10 16:56:02 Image size of job updated: 7500000
	2312  -  MemoryUsage of job (MB)
	2366680  -  ResidentSetSize of job (KB)
...
004 (113604248.000.000) 2023-04-10 18:49:58 Job was evicted.
	(0) CPU times
		Usr 3 01:07:01, Sys 0 00:07:32  -  Run Remote Usage
		Usr 0 00:00:00, Sys 0 00:00:00  -  Run Local Usage
	0  -  Run Bytes Sent By Job
	366  -  Run Bytes Received By Job
	Partitionable Resources :    Usage  Request Allocated 
	   Cpus                 :     2.75        1         1 
	   Disk (KB)            :  3296      500000    624256 
	   GPUs                 :                           0 
	   Memory (MB)          :  2312       20000     20096 
...
040 (113604248.000.000) 2023-04-10 18:53:42 Started transferring input files
	Transferring to host: <10.14.10.56:9618?addrs=10.14.10.56-9618&alias=node2306.cluster.ldas.cit&noUDP&sock=slot1_7_413308_a020_8347>
...
040 (113604248.000.000) 2023-04-10 18:53:42 Finished transferring input files
...
001 (113604248.000.000) 2023-04-10 18:53:43 Job executing on host: <10.14.10.56:9618?addrs=10.14.10.56-9618&alias=node2306.cluster.ldas.cit&noUDP&sock=startd_413267_5dcc>
...
004 (113604248.000.000) 2023-04-11 19:17:30 Job was evicted.
	(0) CPU times
		Usr 3 10:59:23, Sys 0 00:04:53  -  Run Remote Usage
		Usr 0 00:00:00, Sys 0 00:00:00  -  Run Local Usage
	0  -  Run Bytes Sent By Job
	366  -  Run Bytes Received By Job
	Partitionable Resources :    Usage  Request Allocated 
	   Cpus                 :     0.97        1         1 
	   Disk (KB)            :  3202      500000    624256 
	   GPUs                 :                           0 
	   Memory (MB)          :  2442       20000     20096 
...
040 (113604248.000.000) 2023-04-11 19:18:43 Started transferring input files
	Transferring to host: <10.14.10.75:9618?addrs=10.14.10.75-9618&alias=node2325.cluster.ldas.cit&noUDP&sock=slot1_16_3595718_5d64_10527>
...
040 (113604248.000.000) 2023-04-11 19:18:43 Finished transferring input files
...
001 (113604248.000.000) 2023-04-11 19:18:44 Job executing on host: <10.14.10.75:9618?addrs=10.14.10.75-9618&alias=node2325.cluster.ldas.cit&noUDP&sock=startd_3595573_96ec>
...
006 (113604248.000.000) 2023-04-12 00:39:30 Image size of job updated: 7500000
	2465  -  MemoryUsage of job (MB)
	2523812  -  ResidentSetSize of job (KB)
...
006 (113604248.000.000) 2023-04-12 02:44:42 Image size of job updated: 7500000
	2519  -  MemoryUsage of job (MB)
	2579032  -  ResidentSetSize of job (KB)
...
006 (113604248.000.000) 2023-04-12 10:00:29 Image size of job updated: 7500000
	2522  -  MemoryUsage of job (MB)
	2582368  -  ResidentSetSize of job (KB)
...
006 (113604248.000.000) 2023-04-12 11:35:38 Image size of job updated: 7500000
	2589  -  MemoryUsage of job (MB)
	2650116  -  ResidentSetSize of job (KB)
...
006 (113604248.000.000) 2023-04-12 12:25:44 Image size of job updated: 7500000
	2600  -  MemoryUsage of job (MB)
	2661476  -  ResidentSetSize of job (KB)
...
004 (113604248.000.000) 2023-04-12 20:00:47 Job was evicted.
	(0) CPU times
		Usr 4 07:02:14, Sys 0 00:02:56  -  Run Remote Usage
		Usr 0 00:00:00, Sys 0 00:00:00  -  Run Local Usage
	0  -  Run Bytes Sent By Job
	366  -  Run Bytes Received By Job
	Partitionable Resources :    Usage  Request Allocated 
	   Cpus                 :     7.92        1         1 
	   Disk (KB)            :  3189      500000    624256 
	   GPUs                 :                           0 
	   Memory (MB)          :  2600       20000     20096 
...
040 (113604248.000.000) 2023-04-12 20:02:36 Started transferring input files
	Transferring to host: <10.14.10.92:9618?addrs=10.14.10.92-9618&alias=node2342.cluster.ldas.cit&noUDP&sock=slot1_3_2101019_b3d6_18640>
...
040 (113604248.000.000) 2023-04-12 20:02:36 Finished transferring input files
...
001 (113604248.000.000) 2023-04-12 20:02:37 Job executing on host: <10.14.10.92:9618?addrs=10.14.10.92-9618&alias=node2342.cluster.ldas.cit&noUDP&sock=startd_2100976_5cdf>
...
006 (113604248.000.000) 2023-04-13 10:39:15 Image size of job updated: 7500000
	2938  -  MemoryUsage of job (MB)
	3007516  -  ResidentSetSize of job (KB)
...
004 (113604248.000.000) 2023-04-13 21:48:12 Job was evicted.
	(0) CPU times
		Usr 4 09:52:19, Sys 0 00:06:04  -  Run Remote Usage
		Usr 0 00:00:00, Sys 0 00:00:00  -  Run Local Usage
	0  -  Run Bytes Sent By Job
	366  -  Run Bytes Received By Job
	Partitionable Resources :    Usage  Request Allocated 
	   Cpus                 :     6.77        1         1 
	   Disk (KB)            :  2945      500000    624256 
	   GPUs                 :                           0 
	   Memory (MB)          :  2938       20000     20096 
...
040 (113604248.000.000) 2023-04-13 21:52:32 Started transferring input files
	Transferring to host: <10.14.9.73:9618?addrs=10.14.9.73-9618&alias=node2073.cluster.ldas.cit&noUDP&sock=slot1_11_4889_7e20_425>
...
040 (113604248.000.000) 2023-04-13 21:52:32 Finished transferring input files
...
001 (113604248.000.000) 2023-04-13 21:52:33 Job executing on host: <10.14.9.73:9618?addrs=10.14.9.73-9618&alias=node2073.cluster.ldas.cit&noUDP&sock=startd_3564_2fa0>
...
004 (113604248.000.000) 2023-04-14 23:33:18 Job was evicted.
	(0) CPU times
		Usr 4 02:32:15, Sys 0 00:08:47  -  Run Remote Usage
		Usr 0 00:00:00, Sys 0 00:00:00  -  Run Local Usage
	0  -  Run Bytes Sent By Job
	366  -  Run Bytes Received By Job
	Partitionable Resources :    Usage  Request Allocated 
	   Cpus                 :     7.56        1         1 
	   Disk (KB)            :  2846      500000    609612 
	   GPUs                 :                           0 
	   Memory (MB)          :  3174       20000     20096 
...
040 (113604248.000.000) 2023-04-14 23:34:35 Started transferring input files
	Transferring to host: <10.14.4.65:9618?addrs=10.14.4.65-9618&alias=node815.cluster.ldas.cit&noUDP&sock=slot1_3_2256477_ed48_5321>
...
040 (113604248.000.000) 2023-04-14 23:34:35 Finished transferring input files
...
001 (113604248.000.000) 2023-04-14 23:34:36 Job executing on host: <10.14.4.65:9618?addrs=10.14.4.65-9618&alias=node815.cluster.ldas.cit&noUDP&sock=startd_2256435_4e67>
...
004 (113604248.000.000) 2023-04-15 23:35:13 Job was evicted.
	(0) CPU times
		Usr 5 01:57:47, Sys 0 00:05:17  -  Run Remote Usage
		Usr 0 00:00:00, Sys 0 00:00:00  -  Run Local Usage
	0  -  Run Bytes Sent By Job
	366  -  Run Bytes Received By Job
	Partitionable Resources :    Usage  Request Allocated 
	   Cpus                 :     6.66        1         1 
	   Disk (KB)            :  2874      500000    624256 
	   GPUs                 :                           0 
	   Memory (MB)          :  3174       20000     20096 
...
040 (113604248.000.000) 2023-04-15 23:36:48 Started transferring input files
	Transferring to host: <10.14.3.247:9618?addrs=10.14.3.247-9618&alias=node747.cluster.ldas.cit&noUDP&sock=slot1_22_1649662_dd44_17688>
...
040 (113604248.000.000) 2023-04-15 23:36:48 Finished transferring input files
...
001 (113604248.000.000) 2023-04-15 23:36:49 Job executing on host: <10.14.3.247:9618?addrs=10.14.3.247-9618&alias=node747.cluster.ldas.cit&noUDP&sock=startd_1649624_6ec1>
...
004 (113604248.000.000) 2023-04-16 23:44:04 Job was evicted.
	(0) CPU times
		Usr 5 21:00:53, Sys 0 00:06:12  -  Run Remote Usage
		Usr 0 00:00:00, Sys 0 00:00:00  -  Run Local Usage
	0  -  Run Bytes Sent By Job
	366  -  Run Bytes Received By Job
	Partitionable Resources :    Usage  Request Allocated 
	   Cpus                 :     7.97        1         1 
	   Disk (KB)            :  2809      500000    609620 
	   GPUs                 :                           0 
	   Memory (MB)          :  3174       20000     20096 
...
040 (113604248.000.000) 2023-04-16 23:47:20 Started transferring input files
	Transferring to host: <10.14.9.64:9618?addrs=10.14.9.64-9618&alias=node2064.cluster.ldas.cit&noUDP&sock=slot1_1_4607_cc54_1810>
...
040 (113604248.000.000) 2023-04-16 23:47:20 Finished transferring input files
...
001 (113604248.000.000) 2023-04-16 23:47:21 Job executing on host: <10.14.9.64:9618?addrs=10.14.9.64-9618&alias=node2064.cluster.ldas.cit&noUDP&sock=startd_3044_8260>
...
004 (113604248.000.000) 2023-04-17 23:54:36 Job was evicted.
	(0) CPU times
		Usr 5 06:42:01, Sys 0 00:18:47  -  Run Remote Usage
		Usr 0 00:00:00, Sys 0 00:00:00  -  Run Local Usage
	0  -  Run Bytes Sent By Job
	366  -  Run Bytes Received By Job
	Partitionable Resources :    Usage  Request Allocated 
	   Cpus                 :     7.89        1         1 
	   Disk (KB)            :  2813      500000    609620 
	   GPUs                 :                           0 
	   Memory (MB)          :  3174       20000     20096 
...
040 (113604248.000.000) 2023-04-18 00:31:12 Started transferring input files
	Transferring to host: <10.14.10.91:9618?addrs=10.14.10.91-9618&alias=node2341.cluster.ldas.cit&noUDP&sock=slot1_25_723740_0d70_20300>
...
040 (113604248.000.000) 2023-04-18 00:31:12 Finished transferring input files
...
001 (113604248.000.000) 2023-04-18 00:31:13 Job executing on host: <10.14.10.91:9618?addrs=10.14.10.91-9618&alias=node2341.cluster.ldas.cit&noUDP&sock=startd_723697_86a4>
...
004 (113604248.000.000) 2023-04-18 09:20:11 Job was evicted.
	(0) CPU times
		Usr 2 03:19:58, Sys 0 00:01:15  -  Run Remote Usage
		Usr 0 00:00:00, Sys 0 00:00:00  -  Run Local Usage
	0  -  Run Bytes Sent By Job
	366  -  Run Bytes Received By Job
	Partitionable Resources :    Usage  Request Allocated 
	   Cpus                 :     7.97        1         1 
	   Disk (KB)            :  2774      500000    624256 
	   GPUs                 :                           0 
	   Memory (MB)          :  3174       20000     20096 
...
040 (113604248.000.000) 2023-04-18 09:25:17 Started transferring input files
	Transferring to host: <10.14.9.102:9618?addrs=10.14.9.102-9618&alias=node2102.cluster.ldas.cit&noUDP&sock=slot1_2_3044316_c60d_6>
...
040 (113604248.000.000) 2023-04-18 09:25:17 Finished transferring input files
...
001 (113604248.000.000) 2023-04-18 09:25:18 Job executing on host: <10.14.9.102:9618?addrs=10.14.9.102-9618&alias=node2102.cluster.ldas.cit&noUDP&sock=startd_3810_ebec>
...
022 (113604248.000.000) 2023-04-18 09:30:37 Job disconnected, attempting to reconnect
    Local schedd and job shadow died, schedd now running again
    Trying to reconnect to slot1_2@node2102.cluster.ldas.cit <10.14.9.102:9618?addrs=10.14.9.102-9618&alias=node2102.cluster.ldas.cit&noUDP&sock=startd_3810_ebec>
...
023 (113604248.000.000) 2023-04-18 09:30:45 Job reconnected to slot1_2@node2102.cluster.ldas.cit
    startd address: <10.14.9.102:9618?addrs=10.14.9.102-9618&alias=node2102.cluster.ldas.cit&noUDP&sock=startd_3810_ebec>
    starter address: <10.14.9.102:9618?addrs=10.14.9.102-9618&alias=node2102.cluster.ldas.cit&noUDP&sock=slot1_2_3044316_c60d_6>
...
022 (113604248.000.000) 2023-04-18 09:56:17 Job disconnected, attempting to reconnect
    Local schedd and job shadow died, schedd now running again
    Trying to reconnect to slot1_2@node2102.cluster.ldas.cit <10.14.9.102:9618?addrs=10.14.9.102-9618&alias=node2102.cluster.ldas.cit&noUDP&sock=startd_3810_ebec>
...
023 (113604248.000.000) 2023-04-18 09:56:20 Job reconnected to slot1_2@node2102.cluster.ldas.cit
    startd address: <10.14.9.102:9618?addrs=10.14.9.102-9618&alias=node2102.cluster.ldas.cit&noUDP&sock=startd_3810_ebec>
    starter address: <10.14.9.102:9618?addrs=10.14.9.102-9618&alias=node2102.cluster.ldas.cit&noUDP&sock=slot1_2_3044316_c60d_6>
...
004 (113604248.000.000) 2023-04-19 09:25:41 Job was evicted.
	(0) CPU times
		Usr 3 06:41:16, Sys 0 00:05:25  -  Run Remote Usage
		Usr 0 00:00:00, Sys 0 00:00:00  -  Run Local Usage
	0  -  Run Bytes Sent By Job
	0  -  Run Bytes Received By Job
	Partitionable Resources :    Usage  Request Allocated 
	   Cpus                 :     2.29        1         1 
	   Disk (KB)            :  2740      500000    609620 
	   Memory (MB)          :  3174       20000     20096 
...
040 (113604248.000.000) 2023-04-19 09:28:48 Started transferring input files
	Transferring to host: <10.14.10.21:9618?addrs=10.14.10.21-9618&alias=node2271.cluster.ldas.cit&noUDP&sock=slot1_3_3270604_23ff_66>
...
040 (113604248.000.000) 2023-04-19 09:28:48 Finished transferring input files
...
001 (113604248.000.000) 2023-04-19 09:28:49 Job executing on host: <10.14.10.21:9618?addrs=10.14.10.21-9618&alias=node2271.cluster.ldas.cit&noUDP&sock=startd_2785671_2eab>
...
006 (113604248.000.000) 2023-04-19 19:20:00 Image size of job updated: 7583260
	3174  -  MemoryUsage of job (MB)
	3250000  -  ResidentSetSize of job (KB)
...
004 (113604248.000.000) 2023-04-20 09:50:00 Job was evicted.
	(0) CPU times
		Usr 6 04:38:10, Sys 0 00:04:22  -  Run Remote Usage
		Usr 0 00:00:00, Sys 0 00:00:00  -  Run Local Usage
	0  -  Run Bytes Sent By Job
	366  -  Run Bytes Received By Job
	Partitionable Resources :    Usage  Request Allocated 
	   Cpus                 :     7.83        1         1 
	   Disk (KB)            :  2878      500000    624256 
	   GPUs                 :                           0 
	   Memory (MB)          :  3174       20000     20096 
...
040 (113604248.000.000) 2023-04-20 09:51:14 Started transferring input files
	Transferring to host: <10.14.9.161:9618?addrs=10.14.9.161-9618&alias=node2161.cluster.ldas.cit&noUDP&sock=slot1_4_1205305_28ce_1540>
...
040 (113604248.000.000) 2023-04-20 09:51:14 Finished transferring input files
...
001 (113604248.000.000) 2023-04-20 09:51:15 Job executing on host: <10.14.9.161:9618?addrs=10.14.9.161-9618&alias=node2161.cluster.ldas.cit&noUDP&sock=startd_3647_1dfc>
...
004 (113604248.000.000) 2023-04-21 09:56:38 Job was evicted.
	(0) CPU times
		Usr 6 00:56:35, Sys 0 00:06:12  -  Run Remote Usage
		Usr 0 00:00:00, Sys 0 00:00:00  -  Run Local Usage
	0  -  Run Bytes Sent By Job
	366  -  Run Bytes Received By Job
	Partitionable Resources :    Usage  Request Allocated 
	   Cpus                 :     7.91        1         1 
	   Disk (KB)            :  2818      500000    609620 
	   GPUs                 :                           0 
	   Memory (MB)          :  3174       20000     20096 
...
040 (113604248.000.000) 2023-04-21 09:56:42 Started transferring input files
	Transferring to host: <10.14.4.11:9618?addrs=10.14.4.11-9618&alias=node761.cluster.ldas.cit&noUDP&sock=slot1_7_3111263_fdd0_2203>
...
040 (113604248.000.000) 2023-04-21 09:56:42 Finished transferring input files
...
001 (113604248.000.000) 2023-04-21 09:56:43 Job executing on host: <10.14.4.11:9618?addrs=10.14.4.11-9618&alias=node761.cluster.ldas.cit&noUDP&sock=startd_1415716_0011>
...
