000 (113449378.000.000) 2023-03-29 17:01:28 Job submitted from host: <10.14.0.160:9618?addrs=10.14.0.160-9618&alias=ldas-pcdev2.ligo.caltech.edu&noUDP&sock=schedd_7450_a8a7>
    DAG Node: 859
...
040 (113449378.000.000) 2023-03-29 17:06:07 Started transferring input files
	Transferring to host: <10.14.4.5:9618?addrs=10.14.4.5-9618&alias=node755.cluster.ldas.cit&noUDP&sock=slot1_18_310401_55a7_508>
...
040 (113449378.000.000) 2023-03-29 17:06:07 Finished transferring input files
...
001 (113449378.000.000) 2023-03-29 17:06:08 Job executing on host: <10.14.4.5:9618?addrs=10.14.4.5-9618&alias=node755.cluster.ldas.cit&noUDP&sock=startd_310362_187d>
...
006 (113449378.000.000) 2023-03-29 17:06:17 Image size of job updated: 206512
	192  -  MemoryUsage of job (MB)
	196420  -  ResidentSetSize of job (KB)
...
006 (113449378.000.000) 2023-03-29 17:11:18 Image size of job updated: 5130152
	263  -  MemoryUsage of job (MB)
	268704  -  ResidentSetSize of job (KB)
...
006 (113449378.000.000) 2023-03-29 17:16:18 Image size of job updated: 5130152
	264  -  MemoryUsage of job (MB)
	269852  -  ResidentSetSize of job (KB)
...
006 (113449378.000.000) 2023-03-29 17:21:18 Image size of job updated: 5130152
	443  -  MemoryUsage of job (MB)
	453400  -  ResidentSetSize of job (KB)
...
006 (113449378.000.000) 2023-03-29 17:26:19 Image size of job updated: 5130152
	446  -  MemoryUsage of job (MB)
	456416  -  ResidentSetSize of job (KB)
...
006 (113449378.000.000) 2023-03-29 17:31:20 Image size of job updated: 5130152
	513  -  MemoryUsage of job (MB)
	524636  -  ResidentSetSize of job (KB)
...
006 (113449378.000.000) 2023-03-29 17:36:20 Image size of job updated: 5130152
	513  -  MemoryUsage of job (MB)
	525260  -  ResidentSetSize of job (KB)
...
006 (113449378.000.000) 2023-03-29 17:41:21 Image size of job updated: 5130152
	531  -  MemoryUsage of job (MB)
	543392  -  ResidentSetSize of job (KB)
...
006 (113449378.000.000) 2023-03-29 17:46:22 Image size of job updated: 5130152
	534  -  MemoryUsage of job (MB)
	546064  -  ResidentSetSize of job (KB)
...
006 (113449378.000.000) 2023-03-29 17:51:22 Image size of job updated: 5130152
	536  -  MemoryUsage of job (MB)
	547856  -  ResidentSetSize of job (KB)
...
006 (113449378.000.000) 2023-03-29 17:56:22 Image size of job updated: 5130152
	537  -  MemoryUsage of job (MB)
	549872  -  ResidentSetSize of job (KB)
...
006 (113449378.000.000) 2023-03-29 18:01:23 Image size of job updated: 5130152
	538  -  MemoryUsage of job (MB)
	550116  -  ResidentSetSize of job (KB)
...
006 (113449378.000.000) 2023-03-29 18:06:23 Image size of job updated: 5130152
	542  -  MemoryUsage of job (MB)
	554200  -  ResidentSetSize of job (KB)
...
006 (113449378.000.000) 2023-03-29 18:11:23 Image size of job updated: 5130152
	544  -  MemoryUsage of job (MB)
	556304  -  ResidentSetSize of job (KB)
...
006 (113449378.000.000) 2023-03-29 18:16:24 Image size of job updated: 5130152
	617  -  MemoryUsage of job (MB)
	631304  -  ResidentSetSize of job (KB)
...
006 (113449378.000.000) 2023-03-29 18:21:24 Image size of job updated: 5130152
	780  -  MemoryUsage of job (MB)
	797860  -  ResidentSetSize of job (KB)
...
006 (113449378.000.000) 2023-03-29 18:26:24 Image size of job updated: 5130152
	901  -  MemoryUsage of job (MB)
	921620  -  ResidentSetSize of job (KB)
...
006 (113449378.000.000) 2023-03-29 18:31:25 Image size of job updated: 5130152
	908  -  MemoryUsage of job (MB)
	929124  -  ResidentSetSize of job (KB)
...
006 (113449378.000.000) 2023-03-29 18:36:26 Image size of job updated: 5130152
	911  -  MemoryUsage of job (MB)
	932812  -  ResidentSetSize of job (KB)
...
006 (113449378.000.000) 2023-03-29 18:41:26 Image size of job updated: 5130152
	913  -  MemoryUsage of job (MB)
	933948  -  ResidentSetSize of job (KB)
...
006 (113449378.000.000) 2023-03-29 18:46:27 Image size of job updated: 5130152
	918  -  MemoryUsage of job (MB)
	939336  -  ResidentSetSize of job (KB)
...
006 (113449378.000.000) 2023-03-29 18:51:28 Image size of job updated: 5130152
	918  -  MemoryUsage of job (MB)
	939708  -  ResidentSetSize of job (KB)
...
006 (113449378.000.000) 2023-03-29 18:56:28 Image size of job updated: 5130152
	918  -  MemoryUsage of job (MB)
	939996  -  ResidentSetSize of job (KB)
...
006 (113449378.000.000) 2023-03-29 19:01:28 Image size of job updated: 5144540
	950  -  MemoryUsage of job (MB)
	972272  -  ResidentSetSize of job (KB)
...
006 (113449378.000.000) 2023-03-29 19:06:29 Image size of job updated: 5144812
	950  -  MemoryUsage of job (MB)
	972496  -  ResidentSetSize of job (KB)
...
006 (113449378.000.000) 2023-03-29 19:11:29 Image size of job updated: 5152496
	958  -  MemoryUsage of job (MB)
	980024  -  ResidentSetSize of job (KB)
...
006 (113449378.000.000) 2023-03-29 19:21:30 Image size of job updated: 5165116
	971  -  MemoryUsage of job (MB)
	993932  -  ResidentSetSize of job (KB)
...
006 (113449378.000.000) 2023-03-29 19:26:31 Image size of job updated: 5165276
	971  -  MemoryUsage of job (MB)
	994096  -  ResidentSetSize of job (KB)
...
006 (113449378.000.000) 2023-03-29 19:31:31 Image size of job updated: 5175260
	978  -  MemoryUsage of job (MB)
	1001352  -  ResidentSetSize of job (KB)
...
006 (113449378.000.000) 2023-03-29 19:36:32 Image size of job updated: 5180612
	986  -  MemoryUsage of job (MB)
	1009316  -  ResidentSetSize of job (KB)
...
006 (113449378.000.000) 2023-03-29 19:41:33 Image size of job updated: 5193924
	988  -  MemoryUsage of job (MB)
	1010828  -  ResidentSetSize of job (KB)
...
006 (113449378.000.000) 2023-03-29 19:46:33 Image size of job updated: 5193924
	1012  -  MemoryUsage of job (MB)
	1035772  -  ResidentSetSize of job (KB)
...
006 (113449378.000.000) 2023-03-29 19:51:33 Image size of job updated: 5195896
	1015  -  MemoryUsage of job (MB)
	1038908  -  ResidentSetSize of job (KB)
...
006 (113449378.000.000) 2023-03-29 20:06:34 Image size of job updated: 5195896
	1020  -  MemoryUsage of job (MB)
	1043796  -  ResidentSetSize of job (KB)
...
006 (113449378.000.000) 2023-03-29 20:16:36 Image size of job updated: 5227068
	1051  -  MemoryUsage of job (MB)
	1075872  -  ResidentSetSize of job (KB)
...
006 (113449378.000.000) 2023-03-29 20:26:37 Image size of job updated: 5238076
	1051  -  MemoryUsage of job (MB)
	1075876  -  ResidentSetSize of job (KB)
...
006 (113449378.000.000) 2023-03-29 20:36:38 Image size of job updated: 5262904
	1053  -  MemoryUsage of job (MB)
	1077640  -  ResidentSetSize of job (KB)
...
006 (113449378.000.000) 2023-03-29 20:41:39 Image size of job updated: 5262904
	1053  -  MemoryUsage of job (MB)
	1077896  -  ResidentSetSize of job (KB)
...
006 (113449378.000.000) 2023-03-29 20:51:40 Image size of job updated: 5262904
	1054  -  MemoryUsage of job (MB)
	1078992  -  ResidentSetSize of job (KB)
...
006 (113449378.000.000) 2023-03-29 21:01:42 Image size of job updated: 5262904
	1077  -  MemoryUsage of job (MB)
	1102344  -  ResidentSetSize of job (KB)
...
006 (113449378.000.000) 2023-03-29 21:16:43 Image size of job updated: 5262904
	1117  -  MemoryUsage of job (MB)
	1143636  -  ResidentSetSize of job (KB)
...
006 (113449378.000.000) 2023-03-29 21:21:44 Image size of job updated: 5262904
	1137  -  MemoryUsage of job (MB)
	1164040  -  ResidentSetSize of job (KB)
...
006 (113449378.000.000) 2023-03-29 21:26:44 Image size of job updated: 5262904
	1157  -  MemoryUsage of job (MB)
	1184692  -  ResidentSetSize of job (KB)
...
006 (113449378.000.000) 2023-03-29 21:31:45 Image size of job updated: 5262904
	1187  -  MemoryUsage of job (MB)
	1215236  -  ResidentSetSize of job (KB)
...
006 (113449378.000.000) 2023-03-29 21:36:46 Image size of job updated: 5262904
	1189  -  MemoryUsage of job (MB)
	1216680  -  ResidentSetSize of job (KB)
...
006 (113449378.000.000) 2023-03-29 21:41:46 Image size of job updated: 5287732
	1189  -  MemoryUsage of job (MB)
	1216680  -  ResidentSetSize of job (KB)
...
006 (113449378.000.000) 2023-03-29 21:51:47 Image size of job updated: 5287732
	1195  -  MemoryUsage of job (MB)
	1223016  -  ResidentSetSize of job (KB)
...
006 (113449378.000.000) 2023-03-29 21:56:47 Image size of job updated: 5287732
	1195  -  MemoryUsage of job (MB)
	1223276  -  ResidentSetSize of job (KB)
...
006 (113449378.000.000) 2023-03-29 22:01:47 Image size of job updated: 5287732
	1195  -  MemoryUsage of job (MB)
	1223580  -  ResidentSetSize of job (KB)
...
006 (113449378.000.000) 2023-03-29 22:06:48 Image size of job updated: 5287732
	1196  -  MemoryUsage of job (MB)
	1223952  -  ResidentSetSize of job (KB)
...
006 (113449378.000.000) 2023-03-29 23:21:55 Image size of job updated: 5311548
	1203  -  MemoryUsage of job (MB)
	1231412  -  ResidentSetSize of job (KB)
...
006 (113449378.000.000) 2023-03-29 23:26:56 Image size of job updated: 5311548
	1203  -  MemoryUsage of job (MB)
	1231432  -  ResidentSetSize of job (KB)
...
006 (113449378.000.000) 2023-03-29 23:36:57 Image size of job updated: 5311548
	1204  -  MemoryUsage of job (MB)
	1232032  -  ResidentSetSize of job (KB)
...
006 (113449378.000.000) 2023-03-29 23:41:57 Image size of job updated: 5375636
	1214  -  MemoryUsage of job (MB)
	1242956  -  ResidentSetSize of job (KB)
...
006 (113449378.000.000) 2023-03-29 23:51:58 Image size of job updated: 5375636
	1216  -  MemoryUsage of job (MB)
	1244864  -  ResidentSetSize of job (KB)
...
006 (113449378.000.000) 2023-03-30 00:01:59 Image size of job updated: 5375636
	1217  -  MemoryUsage of job (MB)
	1245664  -  ResidentSetSize of job (KB)
...
006 (113449378.000.000) 2023-03-30 00:07:00 Image size of job updated: 5375636
	1218  -  MemoryUsage of job (MB)
	1246896  -  ResidentSetSize of job (KB)
...
006 (113449378.000.000) 2023-03-30 00:17:01 Image size of job updated: 5375636
	1220  -  MemoryUsage of job (MB)
	1248264  -  ResidentSetSize of job (KB)
...
006 (113449378.000.000) 2023-03-30 00:22:02 Image size of job updated: 5375636
	1220  -  MemoryUsage of job (MB)
	1248520  -  ResidentSetSize of job (KB)
...
006 (113449378.000.000) 2023-03-30 01:07:06 Image size of job updated: 5375636
	1228  -  MemoryUsage of job (MB)
	1256572  -  ResidentSetSize of job (KB)
...
006 (113449378.000.000) 2023-03-30 01:17:07 Image size of job updated: 5375636
	1239  -  MemoryUsage of job (MB)
	1268648  -  ResidentSetSize of job (KB)
...
006 (113449378.000.000) 2023-03-30 01:37:09 Image size of job updated: 5375636
	1259  -  MemoryUsage of job (MB)
	1289176  -  ResidentSetSize of job (KB)
...
006 (113449378.000.000) 2023-03-30 01:42:10 Image size of job updated: 5375636
	1269  -  MemoryUsage of job (MB)
	1298588  -  ResidentSetSize of job (KB)
...
006 (113449378.000.000) 2023-03-30 01:47:10 Image size of job updated: 5375636
	1287  -  MemoryUsage of job (MB)
	1317260  -  ResidentSetSize of job (KB)
...
006 (113449378.000.000) 2023-03-30 02:02:12 Image size of job updated: 5375636
	1288  -  MemoryUsage of job (MB)
	1318592  -  ResidentSetSize of job (KB)
...
006 (113449378.000.000) 2023-03-30 02:17:14 Image size of job updated: 5412792
	1288  -  MemoryUsage of job (MB)
	1318592  -  ResidentSetSize of job (KB)
...
006 (113449378.000.000) 2023-03-30 02:32:16 Image size of job updated: 5412792
	1291  -  MemoryUsage of job (MB)
	1321148  -  ResidentSetSize of job (KB)
...
006 (113449378.000.000) 2023-03-30 02:42:16 Image size of job updated: 5414616
	1291  -  MemoryUsage of job (MB)
	1321376  -  ResidentSetSize of job (KB)
...
006 (113449378.000.000) 2023-03-30 02:52:17 Image size of job updated: 5417832
	1293  -  MemoryUsage of job (MB)
	1323212  -  ResidentSetSize of job (KB)
...
006 (113449378.000.000) 2023-03-30 03:17:20 Image size of job updated: 5420448
	1294  -  MemoryUsage of job (MB)
	1324516  -  ResidentSetSize of job (KB)
...
006 (113449378.000.000) 2023-03-30 03:27:21 Image size of job updated: 5420448
	1295  -  MemoryUsage of job (MB)
	1325844  -  ResidentSetSize of job (KB)
...
006 (113449378.000.000) 2023-03-30 03:37:23 Image size of job updated: 5432396
	1295  -  MemoryUsage of job (MB)
	1325844  -  ResidentSetSize of job (KB)
...
006 (113449378.000.000) 2023-03-30 03:42:23 Image size of job updated: 5449112
	1312  -  MemoryUsage of job (MB)
	1343372  -  ResidentSetSize of job (KB)
...
006 (113449378.000.000) 2023-03-30 03:52:24 Image size of job updated: 5449112
	1383  -  MemoryUsage of job (MB)
	1415336  -  ResidentSetSize of job (KB)
...
006 (113449378.000.000) 2023-03-30 04:07:25 Image size of job updated: 5454544
	1383  -  MemoryUsage of job (MB)
	1415336  -  ResidentSetSize of job (KB)
...
006 (113449378.000.000) 2023-03-30 04:27:28 Image size of job updated: 5459576
	1383  -  MemoryUsage of job (MB)
	1415336  -  ResidentSetSize of job (KB)
...
006 (113449378.000.000) 2023-03-30 04:57:30 Image size of job updated: 5464000
	1383  -  MemoryUsage of job (MB)
	1415336  -  ResidentSetSize of job (KB)
...
006 (113449378.000.000) 2023-03-30 05:12:32 Image size of job updated: 5464736
	1383  -  MemoryUsage of job (MB)
	1415336  -  ResidentSetSize of job (KB)
...
006 (113449378.000.000) 2023-03-30 05:32:34 Image size of job updated: 5474556
	1383  -  MemoryUsage of job (MB)
	1415336  -  ResidentSetSize of job (KB)
...
006 (113449378.000.000) 2023-03-30 05:47:35 Image size of job updated: 5485876
	1383  -  MemoryUsage of job (MB)
	1415336  -  ResidentSetSize of job (KB)
...
006 (113449378.000.000) 2023-03-30 05:57:36 Image size of job updated: 5487372
	1383  -  MemoryUsage of job (MB)
	1415336  -  ResidentSetSize of job (KB)
...
006 (113449378.000.000) 2023-03-30 06:27:39 Image size of job updated: 5499012
	1383  -  MemoryUsage of job (MB)
	1415336  -  ResidentSetSize of job (KB)
...
006 (113449378.000.000) 2023-03-30 06:37:40 Image size of job updated: 5500828
	1383  -  MemoryUsage of job (MB)
	1415336  -  ResidentSetSize of job (KB)
...
006 (113449378.000.000) 2023-03-30 06:47:41 Image size of job updated: 5500828
	1435  -  MemoryUsage of job (MB)
	1468876  -  ResidentSetSize of job (KB)
...
006 (113449378.000.000) 2023-03-30 06:52:42 Image size of job updated: 5502276
	1435  -  MemoryUsage of job (MB)
	1468876  -  ResidentSetSize of job (KB)
...
006 (113449378.000.000) 2023-03-30 07:02:43 Image size of job updated: 5503036
	1435  -  MemoryUsage of job (MB)
	1468876  -  ResidentSetSize of job (KB)
...
006 (113449378.000.000) 2023-03-30 07:57:49 Image size of job updated: 5583432
	1435  -  MemoryUsage of job (MB)
	1468876  -  ResidentSetSize of job (KB)
...
006 (113449378.000.000) 2023-03-30 09:27:58 Image size of job updated: 5583432
	1468  -  MemoryUsage of job (MB)
	1503172  -  ResidentSetSize of job (KB)
...
006 (113449378.000.000) 2023-03-30 10:28:05 Image size of job updated: 5583432
	1480  -  MemoryUsage of job (MB)
	1514972  -  ResidentSetSize of job (KB)
...
006 (113449378.000.000) 2023-03-30 14:13:29 Image size of job updated: 5583660
	1480  -  MemoryUsage of job (MB)
	1514972  -  ResidentSetSize of job (KB)
...
006 (113449378.000.000) 2023-03-30 14:28:30 Image size of job updated: 5584916
	1480  -  MemoryUsage of job (MB)
	1514972  -  ResidentSetSize of job (KB)
...
006 (113449378.000.000) 2023-03-30 15:43:38 Image size of job updated: 5588220
	1480  -  MemoryUsage of job (MB)
	1514972  -  ResidentSetSize of job (KB)
...
006 (113449378.000.000) 2023-03-30 16:03:40 Image size of job updated: 5588716
	1480  -  MemoryUsage of job (MB)
	1514972  -  ResidentSetSize of job (KB)
...
006 (113449378.000.000) 2023-03-30 16:13:42 Image size of job updated: 5591236
	1480  -  MemoryUsage of job (MB)
	1514972  -  ResidentSetSize of job (KB)
...
006 (113449378.000.000) 2023-03-30 16:48:44 Image size of job updated: 5620784
	1480  -  MemoryUsage of job (MB)
	1514972  -  ResidentSetSize of job (KB)
...
006 (113449378.000.000) 2023-03-30 17:08:46 Image size of job updated: 5622768
	1480  -  MemoryUsage of job (MB)
	1514972  -  ResidentSetSize of job (KB)
...
006 (113449378.000.000) 2023-03-30 17:18:48 Image size of job updated: 5625784
	1480  -  MemoryUsage of job (MB)
	1514972  -  ResidentSetSize of job (KB)
...
004 (113449378.000.000) 2023-03-30 17:26:27 Job was evicted.
	(0) CPU times
		Usr 2 00:24:00, Sys 0 00:06:06  -  Run Remote Usage
		Usr 0 00:00:00, Sys 0 00:00:00  -  Run Local Usage
	0  -  Run Bytes Sent By Job
	366  -  Run Bytes Received By Job
	Partitionable Resources :    Usage  Request Allocated 
	   Cpus                 :     1.00        1         1 
	   Disk (KB)            :  3701      500000    609620 
	   GPUs                 :                           0 
	   Memory (MB)          :  1480       20000     20096 
...
040 (113449378.000.000) 2023-03-30 17:26:33 Entered queue to transfer input files
	Transferring to host: <10.14.10.114:9618?addrs=10.14.10.114-9618&alias=node2364.cluster.ldas.cit&noUDP&sock=slot1_16_501136_6594_1064>
...
040 (113449378.000.000) 2023-03-30 17:26:33 Started transferring input files
	Seconds spent in queue: 0
...
040 (113449378.000.000) 2023-03-30 17:26:33 Finished transferring input files
...
001 (113449378.000.000) 2023-03-30 17:26:34 Job executing on host: <10.14.10.114:9618?addrs=10.14.10.114-9618&alias=node2364.cluster.ldas.cit&noUDP&sock=startd_501092_02ed>
...
006 (113449378.000.000) 2023-03-31 07:48:08 Image size of job updated: 7500000
	1711  -  MemoryUsage of job (MB)
	1751496  -  ResidentSetSize of job (KB)
...
006 (113449378.000.000) 2023-03-31 09:23:18 Image size of job updated: 7500000
	1717  -  MemoryUsage of job (MB)
	1757688  -  ResidentSetSize of job (KB)
...
006 (113449378.000.000) 2023-03-31 09:33:18 Image size of job updated: 7500000
	1734  -  MemoryUsage of job (MB)
	1775500  -  ResidentSetSize of job (KB)
...
006 (113449378.000.000) 2023-03-31 09:43:19 Image size of job updated: 7500000
	1737  -  MemoryUsage of job (MB)
	1778068  -  ResidentSetSize of job (KB)
...
006 (113449378.000.000) 2023-03-31 09:53:20 Image size of job updated: 7500000
	1781  -  MemoryUsage of job (MB)
	1823524  -  ResidentSetSize of job (KB)
...
006 (113449378.000.000) 2023-03-31 09:58:21 Image size of job updated: 7500000
	1782  -  MemoryUsage of job (MB)
	1823952  -  ResidentSetSize of job (KB)
...
006 (113449378.000.000) 2023-03-31 10:03:21 Image size of job updated: 7500000
	1783  -  MemoryUsage of job (MB)
	1824920  -  ResidentSetSize of job (KB)
...
006 (113449378.000.000) 2023-03-31 10:38:24 Image size of job updated: 7500000
	1798  -  MemoryUsage of job (MB)
	1840312  -  ResidentSetSize of job (KB)
...
006 (113449378.000.000) 2023-03-31 10:43:25 Image size of job updated: 7500000
	1802  -  MemoryUsage of job (MB)
	1844692  -  ResidentSetSize of job (KB)
...
006 (113449378.000.000) 2023-03-31 11:48:32 Image size of job updated: 7500000
	1914  -  MemoryUsage of job (MB)
	1959496  -  ResidentSetSize of job (KB)
...
004 (113449378.000.000) 2023-03-31 18:04:41 Job was evicted.
	(0) CPU times
		Usr 3 19:50:14, Sys 0 00:07:00  -  Run Remote Usage
		Usr 0 00:00:00, Sys 0 00:00:00  -  Run Local Usage
	0  -  Run Bytes Sent By Job
	366  -  Run Bytes Received By Job
	Partitionable Resources :    Usage  Request Allocated 
	   Cpus                 :     0.99        1         1 
	   Disk (KB)            :  3460      500000    624256 
	   GPUs                 :                           0 
	   Memory (MB)          :  1914       20000     20096 
...
040 (113449378.000.000) 2023-03-31 18:17:30 Started transferring input files
	Seconds spent in queue: 89457
...
040 (113449378.000.000) 2023-03-31 18:17:30 Finished transferring input files
...
001 (113449378.000.000) 2023-03-31 18:17:31 Job executing on host: <10.14.4.14:9618?addrs=10.14.4.14-9618&alias=node764.cluster.ldas.cit&noUDP&sock=startd_2239742_4bf6>
...
006 (113449378.000.000) 2023-04-01 14:09:39 Image size of job updated: 7500000
	1984  -  MemoryUsage of job (MB)
	2031264  -  ResidentSetSize of job (KB)
...
004 (113449378.000.000) 2023-04-01 18:41:17 Job was evicted.
	(0) CPU times
		Usr 3 19:36:08, Sys 0 00:09:16  -  Run Remote Usage
		Usr 0 00:00:00, Sys 0 00:00:00  -  Run Local Usage
	0  -  Run Bytes Sent By Job
	366  -  Run Bytes Received By Job
	Partitionable Resources :    Usage  Request Allocated 
	   Cpus                 :     7.60        1         1 
	   Disk (KB)            :  2879      500000    609620 
	   GPUs                 :                           0 
	   Memory (MB)          :  1984       20000     20096 
...
040 (113449378.000.000) 2023-04-01 18:41:24 Started transferring input files
	Seconds spent in queue: 177291
...
040 (113449378.000.000) 2023-04-01 18:41:24 Finished transferring input files
...
001 (113449378.000.000) 2023-04-01 18:41:25 Job executing on host: <10.14.10.88:9618?addrs=10.14.10.88-9618&alias=node2338.cluster.ldas.cit&noUDP&sock=startd_4084_dcdf>
...
004 (113449378.000.000) 2023-04-02 22:35:26 Job was evicted.
	(0) CPU times
		Usr 5 09:43:58, Sys 0 00:04:53  -  Run Remote Usage
		Usr 0 00:00:00, Sys 0 00:00:00  -  Run Local Usage
	0  -  Run Bytes Sent By Job
	366  -  Run Bytes Received By Job
	Partitionable Resources :    Usage  Request Allocated 
	   Cpus                 :     7.95        1         1 
	   Disk (KB)            :  3021      500000    624256 
	   GPUs                 :                           0 
	   Memory (MB)          :  2198       20000     20096 
...
040 (113449378.000.000) 2023-04-02 22:47:16 Started transferring input files
	Seconds spent in queue: 278443
...
040 (113449378.000.000) 2023-04-02 22:47:16 Finished transferring input files
...
001 (113449378.000.000) 2023-04-02 22:47:17 Job executing on host: <10.14.10.91:9618?addrs=10.14.10.91-9618&alias=node2341.cluster.ldas.cit&noUDP&sock=startd_3947433_4878>
...
040 (113449378.000.000) 2023-04-03 01:12:25 Started transferring output files
	Seconds spent in queue: 287152
...
040 (113449378.000.000) 2023-04-03 01:12:25 Finished transferring output files
...
005 (113449378.000.000) 2023-04-03 01:12:25 Job terminated.
	(1) Normal termination (return value 0)
		Usr 0 14:40:15, Sys 0 00:00:42  -  Run Remote Usage
		Usr 0 00:00:00, Sys 0 00:00:00  -  Run Local Usage
		Usr 15 16:14:35, Sys 0 00:27:57  -  Total Remote Usage
		Usr 0 00:00:00, Sys 0 00:00:00  -  Total Local Usage
	2795279  -  Run Bytes Sent By Job
	366  -  Run Bytes Received By Job
	2795279  -  Total Bytes Sent By Job
	1830  -  Total Bytes Received By Job
	Partitionable Resources :    Usage  Request Allocated 
	   Cpus                 :     7.96        1         1 
	   Disk (KB)            :  2753      500000    624256 
	   GPUs                 :                           0 
	   Memory (MB)          :  2198       20000     20096 

	Job terminated of its own accord at 2023-04-03T08:12:25Z with exit-code 0.
...
000 (113587101.000.000) 2023-04-05 14:54:12 Job submitted from host: <10.14.0.160:9618?addrs=10.14.0.160-9618&alias=ldas-pcdev2.ligo.caltech.edu&noUDP&sock=schedd_7450_a8a7>
    DAG Node: 859
...
040 (113587101.000.000) 2023-04-05 14:56:12 Started transferring input files
	Transferring to host: <10.14.9.107:9618?addrs=10.14.9.107-9618&alias=node2107.cluster.ldas.cit&noUDP&sock=slot1_2_2044862_040b_715>
...
040 (113587101.000.000) 2023-04-05 14:56:12 Finished transferring input files
...
001 (113587101.000.000) 2023-04-05 14:56:13 Job executing on host: <10.14.9.107:9618?addrs=10.14.9.107-9618&alias=node2107.cluster.ldas.cit&noUDP&sock=startd_2044821_b41c>
...
006 (113587101.000.000) 2023-04-05 14:56:21 Image size of job updated: 565592
	190  -  MemoryUsage of job (MB)
	194540  -  ResidentSetSize of job (KB)
...
006 (113587101.000.000) 2023-04-05 15:01:21 Image size of job updated: 5097120
	841  -  MemoryUsage of job (MB)
	860180  -  ResidentSetSize of job (KB)
...
006 (113587101.000.000) 2023-04-05 15:06:22 Image size of job updated: 5289612
	1032  -  MemoryUsage of job (MB)
	1056376  -  ResidentSetSize of job (KB)
...
006 (113587101.000.000) 2023-04-05 15:11:23 Image size of job updated: 5322012
	1032  -  MemoryUsage of job (MB)
	1056376  -  ResidentSetSize of job (KB)
...
006 (113587101.000.000) 2023-04-05 15:21:24 Image size of job updated: 5701020
	1130  -  MemoryUsage of job (MB)
	1156256  -  ResidentSetSize of job (KB)
...
006 (113587101.000.000) 2023-04-05 15:26:25 Image size of job updated: 5701020
	1239  -  MemoryUsage of job (MB)
	1268488  -  ResidentSetSize of job (KB)
...
006 (113587101.000.000) 2023-04-05 15:31:25 Image size of job updated: 5732496
	1423  -  MemoryUsage of job (MB)
	1456328  -  ResidentSetSize of job (KB)
...
006 (113587101.000.000) 2023-04-05 15:36:25 Image size of job updated: 5789480
	1423  -  MemoryUsage of job (MB)
	1456328  -  ResidentSetSize of job (KB)
...
006 (113587101.000.000) 2023-04-05 16:06:28 Image size of job updated: 5789480
	1675  -  MemoryUsage of job (MB)
	1714268  -  ResidentSetSize of job (KB)
...
006 (113587101.000.000) 2023-04-05 16:11:29 Image size of job updated: 5789480
	1706  -  MemoryUsage of job (MB)
	1746124  -  ResidentSetSize of job (KB)
...
006 (113587101.000.000) 2023-04-05 16:31:31 Image size of job updated: 5789480
	1730  -  MemoryUsage of job (MB)
	1770596  -  ResidentSetSize of job (KB)
...
006 (113587101.000.000) 2023-04-05 16:36:32 Image size of job updated: 5803384
	1730  -  MemoryUsage of job (MB)
	1770596  -  ResidentSetSize of job (KB)
...
006 (113587101.000.000) 2023-04-05 16:46:33 Image size of job updated: 5827136
	1730  -  MemoryUsage of job (MB)
	1770596  -  ResidentSetSize of job (KB)
...
006 (113587101.000.000) 2023-04-05 16:51:34 Image size of job updated: 5827136
	1776  -  MemoryUsage of job (MB)
	1818020  -  ResidentSetSize of job (KB)
...
006 (113587101.000.000) 2023-04-05 17:06:35 Image size of job updated: 5827620
	1776  -  MemoryUsage of job (MB)
	1818020  -  ResidentSetSize of job (KB)
...
006 (113587101.000.000) 2023-04-05 17:36:38 Image size of job updated: 5843160
	1776  -  MemoryUsage of job (MB)
	1818020  -  ResidentSetSize of job (KB)
...
006 (113587101.000.000) 2023-04-05 17:56:40 Image size of job updated: 5857428
	1776  -  MemoryUsage of job (MB)
	1818020  -  ResidentSetSize of job (KB)
...
006 (113587101.000.000) 2023-04-05 18:06:41 Image size of job updated: 5875220
	1776  -  MemoryUsage of job (MB)
	1818020  -  ResidentSetSize of job (KB)
...
006 (113587101.000.000) 2023-04-05 18:36:45 Image size of job updated: 5875220
	1796  -  MemoryUsage of job (MB)
	1838640  -  ResidentSetSize of job (KB)
...
006 (113587101.000.000) 2023-04-05 20:01:54 Image size of job updated: 5922548
	1796  -  MemoryUsage of job (MB)
	1838640  -  ResidentSetSize of job (KB)
...
006 (113587101.000.000) 2023-04-05 21:22:01 Image size of job updated: 5922548
	1801  -  MemoryUsage of job (MB)
	1843548  -  ResidentSetSize of job (KB)
...
006 (113587101.000.000) 2023-04-05 22:17:08 Image size of job updated: 5922548
	1815  -  MemoryUsage of job (MB)
	1858016  -  ResidentSetSize of job (KB)
...
006 (113587101.000.000) 2023-04-05 23:02:13 Image size of job updated: 5922548
	1884  -  MemoryUsage of job (MB)
	1928908  -  ResidentSetSize of job (KB)
...
006 (113587101.000.000) 2023-04-05 23:32:16 Image size of job updated: 6172320
	1884  -  MemoryUsage of job (MB)
	1928908  -  ResidentSetSize of job (KB)
...
006 (113587101.000.000) 2023-04-05 23:52:18 Image size of job updated: 6172320
	1959  -  MemoryUsage of job (MB)
	2005772  -  ResidentSetSize of job (KB)
...
006 (113587101.000.000) 2023-04-06 01:17:27 Image size of job updated: 6172320
	2034  -  MemoryUsage of job (MB)
	2081844  -  ResidentSetSize of job (KB)
...
006 (113587101.000.000) 2023-04-06 03:42:40 Image size of job updated: 6195692
	2034  -  MemoryUsage of job (MB)
	2081844  -  ResidentSetSize of job (KB)
...
006 (113587101.000.000) 2023-04-06 12:48:39 Image size of job updated: 6195692
	2087  -  MemoryUsage of job (MB)
	2136732  -  ResidentSetSize of job (KB)
...
004 (113587101.000.000) 2023-04-06 15:16:59 Job was evicted.
	(0) CPU times
		Usr 5 16:10:04, Sys 0 00:05:29  -  Run Remote Usage
		Usr 0 00:00:00, Sys 0 00:00:00  -  Run Local Usage
	0  -  Run Bytes Sent By Job
	366  -  Run Bytes Received By Job
	Partitionable Resources :    Usage  Request Allocated 
	   Cpus                 :     7.96        1         1 
	   Disk (KB)            :  2936      500000    609620 
	   GPUs                 :                           0 
	   Memory (MB)          :  2087       20000     20096 
...
040 (113587101.000.000) 2023-04-06 15:21:36 Started transferring input files
	Transferring to host: <10.14.9.148:9618?addrs=10.14.9.148-9618&alias=node2148.cluster.ldas.cit&noUDP&sock=slot1_4_1002746_0501_1216>
...
040 (113587101.000.000) 2023-04-06 15:21:36 Finished transferring input files
...
001 (113587101.000.000) 2023-04-06 15:21:37 Job executing on host: <10.14.9.148:9618?addrs=10.14.9.148-9618&alias=node2148.cluster.ldas.cit&noUDP&sock=startd_1002705_ce9a>
...
004 (113587101.000.000) 2023-04-06 16:04:44 Job was evicted.
	(0) CPU times
		Usr 0 04:47:17, Sys 0 00:00:13  -  Run Remote Usage
		Usr 0 00:00:00, Sys 0 00:00:00  -  Run Local Usage
	0  -  Run Bytes Sent By Job
	366  -  Run Bytes Received By Job
	Partitionable Resources :    Usage  Request Allocated 
	   Cpus                 :     7.97        1         1 
	   Disk (KB)            :  2713      500000    609620 
	   GPUs                 :                           0 
	   Memory (MB)          :  2198       20000     20096 
...
009 (113587101.000.000) 2023-04-06 16:04:44 Job was aborted.
	removed because <OtherJobRemoveRequirements = DAGManJobId =?= 113587092> fired when job (113587092.0) was removed
...
000 (113604214.000.000) 2023-04-06 16:27:55 Job submitted from host: <10.14.0.160:9618?addrs=10.14.0.160-9618&alias=ldas-pcdev2.ligo.caltech.edu&noUDP&sock=schedd_7450_a8a7>
    DAG Node: 859
...
040 (113604214.000.000) 2023-04-06 16:29:22 Started transferring input files
	Transferring to host: <10.14.10.76:9618?addrs=10.14.10.76-9618&alias=node2326.cluster.ldas.cit&noUDP&sock=slot1_4_3662080_65ae_2534>
...
040 (113604214.000.000) 2023-04-06 16:29:22 Finished transferring input files
...
001 (113604214.000.000) 2023-04-06 16:29:23 Job executing on host: <10.14.10.76:9618?addrs=10.14.10.76-9618&alias=node2326.cluster.ldas.cit&noUDP&sock=startd_3662038_0d1c>
...
006 (113604214.000.000) 2023-04-06 16:29:32 Image size of job updated: 598372
	192  -  MemoryUsage of job (MB)
	196572  -  ResidentSetSize of job (KB)
...
006 (113604214.000.000) 2023-04-06 16:34:33 Image size of job updated: 5092616
	337  -  MemoryUsage of job (MB)
	344576  -  ResidentSetSize of job (KB)
...
006 (113604214.000.000) 2023-04-06 16:39:34 Image size of job updated: 5092616
	521  -  MemoryUsage of job (MB)
	533004  -  ResidentSetSize of job (KB)
...
006 (113604214.000.000) 2023-04-06 16:44:34 Image size of job updated: 5092616
	535  -  MemoryUsage of job (MB)
	546996  -  ResidentSetSize of job (KB)
...
006 (113604214.000.000) 2023-04-06 16:49:34 Image size of job updated: 5124100
	609  -  MemoryUsage of job (MB)
	622660  -  ResidentSetSize of job (KB)
...
006 (113604214.000.000) 2023-04-06 16:54:35 Image size of job updated: 5130628
	616  -  MemoryUsage of job (MB)
	630184  -  ResidentSetSize of job (KB)
...
006 (113604214.000.000) 2023-04-06 16:59:35 Image size of job updated: 5143652
	628  -  MemoryUsage of job (MB)
	642556  -  ResidentSetSize of job (KB)
...
006 (113604214.000.000) 2023-04-06 17:04:35 Image size of job updated: 5145040
	630  -  MemoryUsage of job (MB)
	644100  -  ResidentSetSize of job (KB)
...
006 (113604214.000.000) 2023-04-06 17:09:36 Image size of job updated: 5155488
	633  -  MemoryUsage of job (MB)
	647556  -  ResidentSetSize of job (KB)
...
006 (113604214.000.000) 2023-04-06 17:14:37 Image size of job updated: 5155488
	638  -  MemoryUsage of job (MB)
	652472  -  ResidentSetSize of job (KB)
...
006 (113604214.000.000) 2023-04-06 17:19:37 Image size of job updated: 5167964
	644  -  MemoryUsage of job (MB)
	658928  -  ResidentSetSize of job (KB)
...
006 (113604214.000.000) 2023-04-06 17:24:38 Image size of job updated: 5170676
	657  -  MemoryUsage of job (MB)
	672476  -  ResidentSetSize of job (KB)
...
006 (113604214.000.000) 2023-04-06 17:29:39 Image size of job updated: 5190536
	665  -  MemoryUsage of job (MB)
	679972  -  ResidentSetSize of job (KB)
...
006 (113604214.000.000) 2023-04-06 17:34:39 Image size of job updated: 5190536
	665  -  MemoryUsage of job (MB)
	680072  -  ResidentSetSize of job (KB)
...
006 (113604214.000.000) 2023-04-06 17:39:39 Image size of job updated: 5191048
	666  -  MemoryUsage of job (MB)
	680964  -  ResidentSetSize of job (KB)
...
006 (113604214.000.000) 2023-04-06 17:44:40 Image size of job updated: 5191048
	668  -  MemoryUsage of job (MB)
	683264  -  ResidentSetSize of job (KB)
...
006 (113604214.000.000) 2023-04-06 17:49:40 Image size of job updated: 5229764
	696  -  MemoryUsage of job (MB)
	712424  -  ResidentSetSize of job (KB)
...
006 (113604214.000.000) 2023-04-06 17:54:40 Image size of job updated: 5229764
	726  -  MemoryUsage of job (MB)
	743120  -  ResidentSetSize of job (KB)
...
006 (113604214.000.000) 2023-04-06 17:59:41 Image size of job updated: 5229764
	810  -  MemoryUsage of job (MB)
	829096  -  ResidentSetSize of job (KB)
...
006 (113604214.000.000) 2023-04-06 18:04:42 Image size of job updated: 5229764
	819  -  MemoryUsage of job (MB)
	838572  -  ResidentSetSize of job (KB)
...
006 (113604214.000.000) 2023-04-06 18:09:42 Image size of job updated: 5229764
	850  -  MemoryUsage of job (MB)
	869380  -  ResidentSetSize of job (KB)
...
006 (113604214.000.000) 2023-04-06 18:14:42 Image size of job updated: 5250992
	867  -  MemoryUsage of job (MB)
	887652  -  ResidentSetSize of job (KB)
...
006 (113604214.000.000) 2023-04-06 18:19:43 Image size of job updated: 5277876
	931  -  MemoryUsage of job (MB)
	952696  -  ResidentSetSize of job (KB)
...
006 (113604214.000.000) 2023-04-06 18:24:43 Image size of job updated: 5307384
	988  -  MemoryUsage of job (MB)
	1011556  -  ResidentSetSize of job (KB)
...
006 (113604214.000.000) 2023-04-06 18:29:43 Image size of job updated: 5307532
	988  -  MemoryUsage of job (MB)
	1011556  -  ResidentSetSize of job (KB)
...
006 (113604214.000.000) 2023-04-06 18:44:45 Image size of job updated: 5312944
	991  -  MemoryUsage of job (MB)
	1014400  -  ResidentSetSize of job (KB)
...
006 (113604214.000.000) 2023-04-06 18:49:46 Image size of job updated: 5315360
	998  -  MemoryUsage of job (MB)
	1021476  -  ResidentSetSize of job (KB)
...
006 (113604214.000.000) 2023-04-06 18:54:47 Image size of job updated: 5316084
	999  -  MemoryUsage of job (MB)
	1022080  -  ResidentSetSize of job (KB)
...
006 (113604214.000.000) 2023-04-06 18:59:47 Image size of job updated: 5323904
	1006  -  MemoryUsage of job (MB)
	1029540  -  ResidentSetSize of job (KB)
...
006 (113604214.000.000) 2023-04-06 19:04:47 Image size of job updated: 5331896
	1014  -  MemoryUsage of job (MB)
	1037684  -  ResidentSetSize of job (KB)
...
006 (113604214.000.000) 2023-04-06 19:09:48 Image size of job updated: 5339232
	1018  -  MemoryUsage of job (MB)
	1041588  -  ResidentSetSize of job (KB)
...
006 (113604214.000.000) 2023-04-06 19:14:49 Image size of job updated: 5342444
	1024  -  MemoryUsage of job (MB)
	1048432  -  ResidentSetSize of job (KB)
...
006 (113604214.000.000) 2023-04-06 19:19:49 Image size of job updated: 5393140
	1029  -  MemoryUsage of job (MB)
	1053044  -  ResidentSetSize of job (KB)
...
006 (113604214.000.000) 2023-04-06 19:29:51 Image size of job updated: 5393140
	1050  -  MemoryUsage of job (MB)
	1074552  -  ResidentSetSize of job (KB)
...
006 (113604214.000.000) 2023-04-06 19:39:51 Image size of job updated: 5393140
	1065  -  MemoryUsage of job (MB)
	1090116  -  ResidentSetSize of job (KB)
...
006 (113604214.000.000) 2023-04-06 19:44:52 Image size of job updated: 5393140
	1065  -  MemoryUsage of job (MB)
	1090120  -  ResidentSetSize of job (KB)
...
006 (113604214.000.000) 2023-04-06 19:49:52 Image size of job updated: 5393140
	1067  -  MemoryUsage of job (MB)
	1091616  -  ResidentSetSize of job (KB)
...
006 (113604214.000.000) 2023-04-06 19:54:52 Image size of job updated: 5444744
	1072  -  MemoryUsage of job (MB)
	1096724  -  ResidentSetSize of job (KB)
...
006 (113604214.000.000) 2023-04-06 20:09:54 Image size of job updated: 5471344
	1144  -  MemoryUsage of job (MB)
	1171152  -  ResidentSetSize of job (KB)
...
006 (113604214.000.000) 2023-04-06 20:14:54 Image size of job updated: 5475288
	1150  -  MemoryUsage of job (MB)
	1177212  -  ResidentSetSize of job (KB)
...
006 (113604214.000.000) 2023-04-06 20:19:55 Image size of job updated: 5492324
	1167  -  MemoryUsage of job (MB)
	1194264  -  ResidentSetSize of job (KB)
...
006 (113604214.000.000) 2023-04-06 20:24:55 Image size of job updated: 5494380
	1170  -  MemoryUsage of job (MB)
	1197464  -  ResidentSetSize of job (KB)
...
006 (113604214.000.000) 2023-04-06 20:29:55 Image size of job updated: 5502644
	1179  -  MemoryUsage of job (MB)
	1206672  -  ResidentSetSize of job (KB)
...
006 (113604214.000.000) 2023-04-06 20:34:56 Image size of job updated: 5504308
	1232  -  MemoryUsage of job (MB)
	1260732  -  ResidentSetSize of job (KB)
...
006 (113604214.000.000) 2023-04-06 20:39:57 Image size of job updated: 5507892
	1282  -  MemoryUsage of job (MB)
	1312228  -  ResidentSetSize of job (KB)
...
006 (113604214.000.000) 2023-04-06 20:44:57 Image size of job updated: 5507892
	1391  -  MemoryUsage of job (MB)
	1424060  -  ResidentSetSize of job (KB)
...
006 (113604214.000.000) 2023-04-06 20:49:58 Image size of job updated: 5538240
	1395  -  MemoryUsage of job (MB)
	1427720  -  ResidentSetSize of job (KB)
...
006 (113604214.000.000) 2023-04-06 20:54:59 Image size of job updated: 5538240
	1395  -  MemoryUsage of job (MB)
	1427872  -  ResidentSetSize of job (KB)
...
006 (113604214.000.000) 2023-04-06 20:59:59 Image size of job updated: 5603024
	1400  -  MemoryUsage of job (MB)
	1433140  -  ResidentSetSize of job (KB)
...
006 (113604214.000.000) 2023-04-06 21:04:59 Image size of job updated: 5603024
	1411  -  MemoryUsage of job (MB)
	1444828  -  ResidentSetSize of job (KB)
...
006 (113604214.000.000) 2023-04-06 21:10:00 Image size of job updated: 5603024
	1416  -  MemoryUsage of job (MB)
	1449748  -  ResidentSetSize of job (KB)
...
006 (113604214.000.000) 2023-04-06 21:15:00 Image size of job updated: 5603024
	1489  -  MemoryUsage of job (MB)
	1524184  -  ResidentSetSize of job (KB)
...
006 (113604214.000.000) 2023-04-06 21:20:00 Image size of job updated: 5603024
	1491  -  MemoryUsage of job (MB)
	1526472  -  ResidentSetSize of job (KB)
...
006 (113604214.000.000) 2023-04-06 21:55:04 Image size of job updated: 5604056
	1528  -  MemoryUsage of job (MB)
	1563884  -  ResidentSetSize of job (KB)
...
006 (113604214.000.000) 2023-04-06 22:00:06 Image size of job updated: 5618036
	1532  -  MemoryUsage of job (MB)
	1568584  -  ResidentSetSize of job (KB)
...
006 (113604214.000.000) 2023-04-06 22:05:06 Image size of job updated: 5622976
	1535  -  MemoryUsage of job (MB)
	1571604  -  ResidentSetSize of job (KB)
...
006 (113604214.000.000) 2023-04-06 22:10:06 Image size of job updated: 5650024
	1535  -  MemoryUsage of job (MB)
	1571604  -  ResidentSetSize of job (KB)
...
006 (113604214.000.000) 2023-04-06 22:20:08 Image size of job updated: 5650024
	1543  -  MemoryUsage of job (MB)
	1579124  -  ResidentSetSize of job (KB)
...
006 (113604214.000.000) 2023-04-06 22:25:08 Image size of job updated: 5651852
	1543  -  MemoryUsage of job (MB)
	1579124  -  ResidentSetSize of job (KB)
...
006 (113604214.000.000) 2023-04-06 23:10:13 Image size of job updated: 5651852
	1566  -  MemoryUsage of job (MB)
	1602628  -  ResidentSetSize of job (KB)
...
006 (113604214.000.000) 2023-04-06 23:15:13 Image size of job updated: 5652912
	1570  -  MemoryUsage of job (MB)
	1606660  -  ResidentSetSize of job (KB)
...
006 (113604214.000.000) 2023-04-06 23:20:13 Image size of job updated: 5663716
	1573  -  MemoryUsage of job (MB)
	1610552  -  ResidentSetSize of job (KB)
...
006 (113604214.000.000) 2023-04-06 23:25:14 Image size of job updated: 5664760
	1583  -  MemoryUsage of job (MB)
	1620180  -  ResidentSetSize of job (KB)
...
006 (113604214.000.000) 2023-04-06 23:30:15 Image size of job updated: 5669176
	1587  -  MemoryUsage of job (MB)
	1624728  -  ResidentSetSize of job (KB)
...
006 (113604214.000.000) 2023-04-06 23:35:15 Image size of job updated: 5675088
	1592  -  MemoryUsage of job (MB)
	1629628  -  ResidentSetSize of job (KB)
...
006 (113604214.000.000) 2023-04-06 23:45:17 Image size of job updated: 5676340
	1596  -  MemoryUsage of job (MB)
	1633860  -  ResidentSetSize of job (KB)
...
006 (113604214.000.000) 2023-04-06 23:50:17 Image size of job updated: 5678596
	1598  -  MemoryUsage of job (MB)
	1635856  -  ResidentSetSize of job (KB)
...
006 (113604214.000.000) 2023-04-06 23:55:17 Image size of job updated: 5704204
	1598  -  MemoryUsage of job (MB)
	1635856  -  ResidentSetSize of job (KB)
...
006 (113604214.000.000) 2023-04-07 00:05:19 Image size of job updated: 5704204
	1599  -  MemoryUsage of job (MB)
	1637240  -  ResidentSetSize of job (KB)
...
006 (113604214.000.000) 2023-04-07 00:15:20 Image size of job updated: 5787712
	1599  -  MemoryUsage of job (MB)
	1637240  -  ResidentSetSize of job (KB)
...
006 (113604214.000.000) 2023-04-07 00:20:21 Image size of job updated: 5787712
	1601  -  MemoryUsage of job (MB)
	1639068  -  ResidentSetSize of job (KB)
...
006 (113604214.000.000) 2023-04-07 00:45:23 Image size of job updated: 5787712
	1604  -  MemoryUsage of job (MB)
	1642320  -  ResidentSetSize of job (KB)
...
006 (113604214.000.000) 2023-04-07 00:55:25 Image size of job updated: 5787712
	1610  -  MemoryUsage of job (MB)
	1647892  -  ResidentSetSize of job (KB)
...
006 (113604214.000.000) 2023-04-07 01:05:25 Image size of job updated: 5787712
	1611  -  MemoryUsage of job (MB)
	1649596  -  ResidentSetSize of job (KB)
...
006 (113604214.000.000) 2023-04-07 01:30:29 Image size of job updated: 5787908
	1611  -  MemoryUsage of job (MB)
	1649596  -  ResidentSetSize of job (KB)
...
006 (113604214.000.000) 2023-04-07 01:45:30 Image size of job updated: 5799044
	1611  -  MemoryUsage of job (MB)
	1649596  -  ResidentSetSize of job (KB)
...
006 (113604214.000.000) 2023-04-07 02:10:33 Image size of job updated: 5799044
	1629  -  MemoryUsage of job (MB)
	1667232  -  ResidentSetSize of job (KB)
...
006 (113604214.000.000) 2023-04-07 02:15:33 Image size of job updated: 5849824
	1646  -  MemoryUsage of job (MB)
	1685052  -  ResidentSetSize of job (KB)
...
006 (113604214.000.000) 2023-04-07 02:20:34 Image size of job updated: 5849824
	1646  -  MemoryUsage of job (MB)
	1685376  -  ResidentSetSize of job (KB)
...
006 (113604214.000.000) 2023-04-07 02:45:37 Image size of job updated: 5849824
	1651  -  MemoryUsage of job (MB)
	1689616  -  ResidentSetSize of job (KB)
...
006 (113604214.000.000) 2023-04-07 03:15:41 Image size of job updated: 5849824
	1655  -  MemoryUsage of job (MB)
	1694580  -  ResidentSetSize of job (KB)
...
006 (113604214.000.000) 2023-04-07 03:20:41 Image size of job updated: 5849824
	1661  -  MemoryUsage of job (MB)
	1700448  -  ResidentSetSize of job (KB)
...
006 (113604214.000.000) 2023-04-07 03:40:43 Image size of job updated: 5849824
	1672  -  MemoryUsage of job (MB)
	1711256  -  ResidentSetSize of job (KB)
...
006 (113604214.000.000) 2023-04-07 04:20:47 Image size of job updated: 5849824
	1674  -  MemoryUsage of job (MB)
	1713948  -  ResidentSetSize of job (KB)
...
006 (113604214.000.000) 2023-04-07 06:05:58 Image size of job updated: 5851452
	1674  -  MemoryUsage of job (MB)
	1713948  -  ResidentSetSize of job (KB)
...
006 (113604214.000.000) 2023-04-07 07:06:04 Image size of job updated: 5851452
	1728  -  MemoryUsage of job (MB)
	1768552  -  ResidentSetSize of job (KB)
...
006 (113604214.000.000) 2023-04-07 08:06:10 Image size of job updated: 5855068
	1728  -  MemoryUsage of job (MB)
	1768552  -  ResidentSetSize of job (KB)
...
006 (113604214.000.000) 2023-04-07 09:16:17 Image size of job updated: 5855068
	1769  -  MemoryUsage of job (MB)
	1811044  -  ResidentSetSize of job (KB)
...
006 (113604214.000.000) 2023-04-07 09:21:18 Image size of job updated: 5874796
	1769  -  MemoryUsage of job (MB)
	1811044  -  ResidentSetSize of job (KB)
...
006 (113604214.000.000) 2023-04-07 09:41:19 Image size of job updated: 5904252
	1769  -  MemoryUsage of job (MB)
	1811044  -  ResidentSetSize of job (KB)
...
006 (113604214.000.000) 2023-04-07 11:21:29 Image size of job updated: 5904252
	1803  -  MemoryUsage of job (MB)
	1845852  -  ResidentSetSize of job (KB)
...
006 (113604214.000.000) 2023-04-07 12:06:33 Image size of job updated: 5907100
	1803  -  MemoryUsage of job (MB)
	1845852  -  ResidentSetSize of job (KB)
...
006 (113604214.000.000) 2023-04-07 12:36:37 Image size of job updated: 5942388
	1803  -  MemoryUsage of job (MB)
	1845852  -  ResidentSetSize of job (KB)
...
006 (113604214.000.000) 2023-04-07 13:11:41 Image size of job updated: 5942388
	1806  -  MemoryUsage of job (MB)
	1848344  -  ResidentSetSize of job (KB)
...
006 (113604214.000.000) 2023-04-07 14:41:51 Image size of job updated: 5948940
	1806  -  MemoryUsage of job (MB)
	1848344  -  ResidentSetSize of job (KB)
...
006 (113604214.000.000) 2023-04-07 16:02:00 Image size of job updated: 5980992
	1806  -  MemoryUsage of job (MB)
	1848344  -  ResidentSetSize of job (KB)
...
004 (113604214.000.000) 2023-04-07 16:41:59 Job was evicted.
	(0) CPU times
		Usr 4 23:02:47, Sys 0 00:04:41  -  Run Remote Usage
		Usr 0 00:00:00, Sys 0 00:00:00  -  Run Local Usage
	0  -  Run Bytes Sent By Job
	366  -  Run Bytes Received By Job
	Partitionable Resources :    Usage  Request Allocated 
	   Cpus                 :     2.96        1         1 
	   Disk (KB)            :  4094      500000    624256 
	   GPUs                 :                           0 
	   Memory (MB)          :  1806       20000     20096 
...
040 (113604214.000.000) 2023-04-07 16:54:55 Started transferring input files
	Transferring to host: <10.14.3.12:9618?addrs=10.14.3.12-9618&alias=node512.cluster.ldas.cit&noUDP&sock=slot1_1_2256723_4192_51257>
...
040 (113604214.000.000) 2023-04-07 16:54:55 Finished transferring input files
...
001 (113604214.000.000) 2023-04-07 16:54:56 Job executing on host: <10.14.3.12:9618?addrs=10.14.3.12-9618&alias=node512.cluster.ldas.cit&noUDP&sock=startd_2256687_2845>
...
004 (113604214.000.000) 2023-04-08 22:24:24 Job was evicted.
	(0) CPU times
		Usr 6 08:58:43, Sys 0 00:17:02  -  Run Remote Usage
		Usr 0 00:00:00, Sys 0 00:00:00  -  Run Local Usage
	0  -  Run Bytes Sent By Job
	366  -  Run Bytes Received By Job
	Partitionable Resources :    Usage  Request Allocated 
	   Cpus                 :     0.99        1         1 
	   Disk (KB)            :  2941      500000    609620 
	   GPUs                 :                           0 
	   Memory (MB)          :  1954       20000     20096 
...
040 (113604214.000.000) 2023-04-08 22:25:21 Started transferring input files
	Transferring to host: <10.14.10.45:9618?addrs=10.14.10.45-9618&alias=node2295.cluster.ldas.cit&noUDP&sock=slot1_12_925037_ffc9_4336>
...
040 (113604214.000.000) 2023-04-08 22:25:21 Finished transferring input files
...
001 (113604214.000.000) 2023-04-08 22:25:22 Job executing on host: <10.14.10.45:9618?addrs=10.14.10.45-9618&alias=node2295.cluster.ldas.cit&noUDP&sock=startd_924995_35ef>
...
006 (113604214.000.000) 2023-04-09 11:46:52 Image size of job updated: 7500000
	2024  -  MemoryUsage of job (MB)
	2072512  -  ResidentSetSize of job (KB)
...
004 (113604214.000.000) 2023-04-09 22:26:51 Job was evicted.
	(0) CPU times
		Usr 4 04:09:11, Sys 0 00:09:39  -  Run Remote Usage
		Usr 0 00:00:00, Sys 0 00:00:00  -  Run Local Usage
	0  -  Run Bytes Sent By Job
	366  -  Run Bytes Received By Job
	Partitionable Resources :    Usage  Request Allocated 
	   Cpus                 :     1.97        1         1 
	   Disk (KB)            :  3256      500000    624256 
	   GPUs                 :                           0 
	   Memory (MB)          :  2024       20000     20096 
...
040 (113604214.000.000) 2023-04-09 22:28:46 Started transferring input files
	Transferring to host: <10.14.10.102:9618?addrs=10.14.10.102-9618&alias=node2352.cluster.ldas.cit&noUDP&sock=slot1_12_2129182_1570_7491>
...
040 (113604214.000.000) 2023-04-09 22:28:46 Finished transferring input files
...
001 (113604214.000.000) 2023-04-09 22:28:47 Job executing on host: <10.14.10.102:9618?addrs=10.14.10.102-9618&alias=node2352.cluster.ldas.cit&noUDP&sock=startd_2129140_8632>
...
006 (113604214.000.000) 2023-04-10 08:59:58 Image size of job updated: 7500000
	2367  -  MemoryUsage of job (MB)
	2423356  -  ResidentSetSize of job (KB)
...
006 (113604214.000.000) 2023-04-10 10:35:07 Image size of job updated: 7500000
	2416  -  MemoryUsage of job (MB)
	2473812  -  ResidentSetSize of job (KB)
...
006 (113604214.000.000) 2023-04-10 12:55:21 Image size of job updated: 7500000
	2450  -  MemoryUsage of job (MB)
	2508060  -  ResidentSetSize of job (KB)
...
006 (113604214.000.000) 2023-04-10 17:35:52 Image size of job updated: 7500000
	2480  -  MemoryUsage of job (MB)
	2538508  -  ResidentSetSize of job (KB)
...
006 (113604214.000.000) 2023-04-11 00:51:37 Image size of job updated: 13840936
	2480  -  MemoryUsage of job (MB)
	2538508  -  ResidentSetSize of job (KB)
...
040 (113604214.000.000) 2023-04-11 00:54:52 Started transferring output files
...
040 (113604214.000.000) 2023-04-11 00:54:52 Finished transferring output files
...
005 (113604214.000.000) 2023-04-11 00:54:52 Job terminated.
	(1) Normal termination (return value 0)
		Usr 3 19:16:05, Sys 0 00:04:10  -  Run Remote Usage
		Usr 0 00:00:00, Sys 0 00:00:00  -  Run Local Usage
		Usr 19 07:26:46, Sys 0 00:35:32  -  Total Remote Usage
		Usr 0 00:00:00, Sys 0 00:00:00  -  Total Local Usage
	3628690  -  Run Bytes Sent By Job
	366  -  Run Bytes Received By Job
	3628690  -  Total Bytes Sent By Job
	1464  -  Total Bytes Received By Job
	Partitionable Resources :    Usage  Request Allocated 
	   Cpus                 :     0.99        1         1 
	   Disk (KB)            :  3567      500000    624256 
	   GPUs                 :                           0 
	   Memory (MB)          :  2480       20000     20096 

	Job terminated of its own accord at 2023-04-11T07:54:52Z with exit-code 0.
...
