000 (113449615.000.000) 2023-03-29 17:01:31 Job submitted from host: <10.14.0.160:9618?addrs=10.14.0.160-9618&alias=ldas-pcdev2.ligo.caltech.edu&noUDP&sock=schedd_7450_a8a7>
    DAG Node: 757
...
022 (113449615.000.000) 2023-03-29 17:31:03 Job disconnected, attempting to reconnect
    Socket between submit and execute hosts closed unexpectedly
    Trying to reconnect to slot1_5@node2267.cluster.ldas.cit <10.14.10.17:9618?addrs=10.14.10.17-9618&alias=node2267.cluster.ldas.cit&noUDP&sock=startd_3479_e213>
...
024 (113449615.000.000) 2023-03-29 17:31:11 Job reconnection failed
    Job not found at execution machine
    Can not reconnect to slot1_5@node2267.cluster.ldas.cit, rescheduling job
...
022 (113449615.000.000) 2023-03-29 17:32:42 Job disconnected, attempting to reconnect
    Socket between submit and execute hosts closed unexpectedly
    Trying to reconnect to slot1_2@node2199.cluster.ldas.cit <10.14.9.199:9618?addrs=10.14.9.199-9618&alias=node2199.cluster.ldas.cit&noUDP&sock=startd_3766_bdc1>
...
024 (113449615.000.000) 2023-03-29 17:32:50 Job reconnection failed
    Job not found at execution machine
    Can not reconnect to slot1_2@node2199.cluster.ldas.cit, rescheduling job
...
022 (113449615.000.000) 2023-03-29 17:34:09 Job disconnected, attempting to reconnect
    Socket between submit and execute hosts closed unexpectedly
    Trying to reconnect to slot1_4@node2199.cluster.ldas.cit <10.14.9.199:9618?addrs=10.14.9.199-9618&alias=node2199.cluster.ldas.cit&noUDP&sock=startd_3766_bdc1>
...
024 (113449615.000.000) 2023-03-29 17:34:17 Job reconnection failed
    Job not found at execution machine
    Can not reconnect to slot1_4@node2199.cluster.ldas.cit, rescheduling job
...
040 (113449615.000.000) 2023-03-29 17:35:49 Started transferring input files
	Transferring to host: <10.14.4.26:9618?addrs=10.14.4.26-9618&alias=node776.cluster.ldas.cit&noUDP&sock=slot1_4_2208658_1d8f_413>
...
040 (113449615.000.000) 2023-03-29 17:35:49 Finished transferring input files
...
001 (113449615.000.000) 2023-03-29 17:35:50 Job executing on host: <10.14.4.26:9618?addrs=10.14.4.26-9618&alias=node776.cluster.ldas.cit&noUDP&sock=startd_2208620_317f>
...
006 (113449615.000.000) 2023-03-29 17:35:58 Image size of job updated: 452172
	143  -  MemoryUsage of job (MB)
	145900  -  ResidentSetSize of job (KB)
...
006 (113449615.000.000) 2023-03-29 17:40:58 Image size of job updated: 3936060
	526  -  MemoryUsage of job (MB)
	538416  -  ResidentSetSize of job (KB)
...
006 (113449615.000.000) 2023-03-29 17:45:59 Image size of job updated: 3942584
	534  -  MemoryUsage of job (MB)
	546672  -  ResidentSetSize of job (KB)
...
006 (113449615.000.000) 2023-03-29 17:51:00 Image size of job updated: 4048896
	611  -  MemoryUsage of job (MB)
	625272  -  ResidentSetSize of job (KB)
...
006 (113449615.000.000) 2023-03-29 17:56:00 Image size of job updated: 4052404
	615  -  MemoryUsage of job (MB)
	628980  -  ResidentSetSize of job (KB)
...
006 (113449615.000.000) 2023-03-29 18:01:00 Image size of job updated: 4054556
	617  -  MemoryUsage of job (MB)
	631388  -  ResidentSetSize of job (KB)
...
006 (113449615.000.000) 2023-03-29 18:06:01 Image size of job updated: 4059488
	621  -  MemoryUsage of job (MB)
	635472  -  ResidentSetSize of job (KB)
...
006 (113449615.000.000) 2023-03-29 18:11:01 Image size of job updated: 4059488
	622  -  MemoryUsage of job (MB)
	636508  -  ResidentSetSize of job (KB)
...
006 (113449615.000.000) 2023-03-29 18:16:01 Image size of job updated: 4103932
	644  -  MemoryUsage of job (MB)
	658728  -  ResidentSetSize of job (KB)
...
006 (113449615.000.000) 2023-03-29 18:21:02 Image size of job updated: 4103932
	645  -  MemoryUsage of job (MB)
	660168  -  ResidentSetSize of job (KB)
...
006 (113449615.000.000) 2023-03-29 18:26:02 Image size of job updated: 4106212
	645  -  MemoryUsage of job (MB)
	660168  -  ResidentSetSize of job (KB)
...
006 (113449615.000.000) 2023-03-29 18:31:02 Image size of job updated: 4106212
	778  -  MemoryUsage of job (MB)
	796036  -  ResidentSetSize of job (KB)
...
006 (113449615.000.000) 2023-03-29 18:36:03 Image size of job updated: 4106212
	874  -  MemoryUsage of job (MB)
	894168  -  ResidentSetSize of job (KB)
...
006 (113449615.000.000) 2023-03-29 18:46:04 Image size of job updated: 4106212
	874  -  MemoryUsage of job (MB)
	894172  -  ResidentSetSize of job (KB)
...
006 (113449615.000.000) 2023-03-29 18:51:05 Image size of job updated: 4109444
	892  -  MemoryUsage of job (MB)
	912496  -  ResidentSetSize of job (KB)
...
006 (113449615.000.000) 2023-03-29 19:31:09 Image size of job updated: 4112260
	895  -  MemoryUsage of job (MB)
	916400  -  ResidentSetSize of job (KB)
...
006 (113449615.000.000) 2023-03-29 19:36:09 Image size of job updated: 4112508
	895  -  MemoryUsage of job (MB)
	916400  -  ResidentSetSize of job (KB)
...
006 (113449615.000.000) 2023-03-29 19:41:10 Image size of job updated: 4118960
	895  -  MemoryUsage of job (MB)
	916400  -  ResidentSetSize of job (KB)
...
006 (113449615.000.000) 2023-03-29 19:56:11 Image size of job updated: 4133908
	902  -  MemoryUsage of job (MB)
	923356  -  ResidentSetSize of job (KB)
...
006 (113449615.000.000) 2023-03-29 20:11:12 Image size of job updated: 4133908
	906  -  MemoryUsage of job (MB)
	927136  -  ResidentSetSize of job (KB)
...
006 (113449615.000.000) 2023-03-29 20:36:15 Image size of job updated: 4136768
	918  -  MemoryUsage of job (MB)
	939932  -  ResidentSetSize of job (KB)
...
006 (113449615.000.000) 2023-03-29 20:41:15 Image size of job updated: 4137280
	918  -  MemoryUsage of job (MB)
	939932  -  ResidentSetSize of job (KB)
...
006 (113449615.000.000) 2023-03-29 20:46:15 Image size of job updated: 4148484
	928  -  MemoryUsage of job (MB)
	949592  -  ResidentSetSize of job (KB)
...
006 (113449615.000.000) 2023-03-29 20:56:17 Image size of job updated: 4148484
	929  -  MemoryUsage of job (MB)
	950768  -  ResidentSetSize of job (KB)
...
006 (113449615.000.000) 2023-03-29 21:01:17 Image size of job updated: 4150460
	933  -  MemoryUsage of job (MB)
	954600  -  ResidentSetSize of job (KB)
...
006 (113449615.000.000) 2023-03-29 21:06:18 Image size of job updated: 4150916
	933  -  MemoryUsage of job (MB)
	955068  -  ResidentSetSize of job (KB)
...
006 (113449615.000.000) 2023-03-29 21:11:19 Image size of job updated: 4151508
	933  -  MemoryUsage of job (MB)
	955068  -  ResidentSetSize of job (KB)
...
006 (113449615.000.000) 2023-03-29 21:21:19 Image size of job updated: 4151844
	934  -  MemoryUsage of job (MB)
	955800  -  ResidentSetSize of job (KB)
...
006 (113449615.000.000) 2023-03-29 21:26:20 Image size of job updated: 4155740
	938  -  MemoryUsage of job (MB)
	959744  -  ResidentSetSize of job (KB)
...
006 (113449615.000.000) 2023-03-29 21:31:21 Image size of job updated: 4165824
	938  -  MemoryUsage of job (MB)
	959744  -  ResidentSetSize of job (KB)
...
006 (113449615.000.000) 2023-03-29 21:41:22 Image size of job updated: 4169208
	939  -  MemoryUsage of job (MB)
	961268  -  ResidentSetSize of job (KB)
...
006 (113449615.000.000) 2023-03-29 21:51:23 Image size of job updated: 4169208
	939  -  MemoryUsage of job (MB)
	961272  -  ResidentSetSize of job (KB)
...
006 (113449615.000.000) 2023-03-29 21:56:23 Image size of job updated: 4169208
	941  -  MemoryUsage of job (MB)
	962808  -  ResidentSetSize of job (KB)
...
006 (113449615.000.000) 2023-03-29 22:11:24 Image size of job updated: 4169208
	941  -  MemoryUsage of job (MB)
	963412  -  ResidentSetSize of job (KB)
...
006 (113449615.000.000) 2023-03-29 22:16:25 Image size of job updated: 4169208
	942  -  MemoryUsage of job (MB)
	964508  -  ResidentSetSize of job (KB)
...
006 (113449615.000.000) 2023-03-29 22:26:26 Image size of job updated: 4169208
	943  -  MemoryUsage of job (MB)
	965528  -  ResidentSetSize of job (KB)
...
006 (113449615.000.000) 2023-03-29 22:31:27 Image size of job updated: 4169208
	946  -  MemoryUsage of job (MB)
	968652  -  ResidentSetSize of job (KB)
...
006 (113449615.000.000) 2023-03-29 22:36:28 Image size of job updated: 4177100
	948  -  MemoryUsage of job (MB)
	970424  -  ResidentSetSize of job (KB)
...
006 (113449615.000.000) 2023-03-29 22:41:28 Image size of job updated: 4177100
	948  -  MemoryUsage of job (MB)
	970432  -  ResidentSetSize of job (KB)
...
006 (113449615.000.000) 2023-03-29 22:46:28 Image size of job updated: 4177100
	948  -  MemoryUsage of job (MB)
	970616  -  ResidentSetSize of job (KB)
...
006 (113449615.000.000) 2023-03-29 22:51:30 Image size of job updated: 4177100
	950  -  MemoryUsage of job (MB)
	972384  -  ResidentSetSize of job (KB)
...
006 (113449615.000.000) 2023-03-29 23:06:31 Image size of job updated: 4189720
	971  -  MemoryUsage of job (MB)
	993444  -  ResidentSetSize of job (KB)
...
006 (113449615.000.000) 2023-03-29 23:11:32 Image size of job updated: 4189720
	971  -  MemoryUsage of job (MB)
	993896  -  ResidentSetSize of job (KB)
...
006 (113449615.000.000) 2023-03-29 23:16:32 Image size of job updated: 4191628
	971  -  MemoryUsage of job (MB)
	994172  -  ResidentSetSize of job (KB)
...
006 (113449615.000.000) 2023-03-29 23:46:35 Image size of job updated: 4207232
	985  -  MemoryUsage of job (MB)
	1008384  -  ResidentSetSize of job (KB)
...
006 (113449615.000.000) 2023-03-29 23:56:36 Image size of job updated: 4207612
	988  -  MemoryUsage of job (MB)
	1011520  -  ResidentSetSize of job (KB)
...
006 (113449615.000.000) 2023-03-30 00:01:37 Image size of job updated: 4208216
	988  -  MemoryUsage of job (MB)
	1011520  -  ResidentSetSize of job (KB)
...
006 (113449615.000.000) 2023-03-30 00:06:37 Image size of job updated: 4209500
	990  -  MemoryUsage of job (MB)
	1013656  -  ResidentSetSize of job (KB)
...
006 (113449615.000.000) 2023-03-30 00:11:37 Image size of job updated: 4211492
	992  -  MemoryUsage of job (MB)
	1015568  -  ResidentSetSize of job (KB)
...
006 (113449615.000.000) 2023-03-30 00:16:39 Image size of job updated: 4212388
	992  -  MemoryUsage of job (MB)
	1015568  -  ResidentSetSize of job (KB)
...
006 (113449615.000.000) 2023-03-30 00:21:39 Image size of job updated: 4217788
	997  -  MemoryUsage of job (MB)
	1020524  -  ResidentSetSize of job (KB)
...
006 (113449615.000.000) 2023-03-30 00:26:39 Image size of job updated: 4217788
	997  -  MemoryUsage of job (MB)
	1020680  -  ResidentSetSize of job (KB)
...
006 (113449615.000.000) 2023-03-30 00:31:40 Image size of job updated: 4239040
	1018  -  MemoryUsage of job (MB)
	1042128  -  ResidentSetSize of job (KB)
...
006 (113449615.000.000) 2023-03-30 00:36:41 Image size of job updated: 4239820
	1018  -  MemoryUsage of job (MB)
	1042128  -  ResidentSetSize of job (KB)
...
006 (113449615.000.000) 2023-03-30 00:41:41 Image size of job updated: 4239820
	1019  -  MemoryUsage of job (MB)
	1043396  -  ResidentSetSize of job (KB)
...
006 (113449615.000.000) 2023-03-30 00:46:41 Image size of job updated: 4240120
	1019  -  MemoryUsage of job (MB)
	1043396  -  ResidentSetSize of job (KB)
...
006 (113449615.000.000) 2023-03-30 02:01:50 Image size of job updated: 4244804
	1025  -  MemoryUsage of job (MB)
	1049480  -  ResidentSetSize of job (KB)
...
006 (113449615.000.000) 2023-03-30 02:06:50 Image size of job updated: 4245828
	1025  -  MemoryUsage of job (MB)
	1049500  -  ResidentSetSize of job (KB)
...
006 (113449615.000.000) 2023-03-30 02:11:51 Image size of job updated: 4246856
	1025  -  MemoryUsage of job (MB)
	1049500  -  ResidentSetSize of job (KB)
...
006 (113449615.000.000) 2023-03-30 02:16:52 Image size of job updated: 4251084
	1031  -  MemoryUsage of job (MB)
	1055484  -  ResidentSetSize of job (KB)
...
006 (113449615.000.000) 2023-03-30 02:21:52 Image size of job updated: 4251084
	1031  -  MemoryUsage of job (MB)
	1055488  -  ResidentSetSize of job (KB)
...
006 (113449615.000.000) 2023-03-30 02:26:52 Image size of job updated: 4252136
	1032  -  MemoryUsage of job (MB)
	1056636  -  ResidentSetSize of job (KB)
...
006 (113449615.000.000) 2023-03-30 02:31:53 Image size of job updated: 4252904
	1032  -  MemoryUsage of job (MB)
	1056768  -  ResidentSetSize of job (KB)
...
006 (113449615.000.000) 2023-03-30 02:36:54 Image size of job updated: 4252904
	1033  -  MemoryUsage of job (MB)
	1056880  -  ResidentSetSize of job (KB)
...
006 (113449615.000.000) 2023-03-30 02:41:54 Image size of job updated: 4256748
	1035  -  MemoryUsage of job (MB)
	1058860  -  ResidentSetSize of job (KB)
...
006 (113449615.000.000) 2023-03-30 02:46:55 Image size of job updated: 4257384
	1035  -  MemoryUsage of job (MB)
	1059760  -  ResidentSetSize of job (KB)
...
006 (113449615.000.000) 2023-03-30 02:51:56 Image size of job updated: 4260664
	1039  -  MemoryUsage of job (MB)
	1063432  -  ResidentSetSize of job (KB)
...
006 (113449615.000.000) 2023-03-30 02:56:56 Image size of job updated: 4260664
	1039  -  MemoryUsage of job (MB)
	1063500  -  ResidentSetSize of job (KB)
...
006 (113449615.000.000) 2023-03-30 03:01:56 Image size of job updated: 4261672
	1039  -  MemoryUsage of job (MB)
	1063844  -  ResidentSetSize of job (KB)
...
006 (113449615.000.000) 2023-03-30 03:06:57 Image size of job updated: 4263552
	1042  -  MemoryUsage of job (MB)
	1066876  -  ResidentSetSize of job (KB)
...
006 (113449615.000.000) 2023-03-30 03:11:58 Image size of job updated: 4264540
	1042  -  MemoryUsage of job (MB)
	1066984  -  ResidentSetSize of job (KB)
...
006 (113449615.000.000) 2023-03-30 03:16:58 Image size of job updated: 4265704
	1042  -  MemoryUsage of job (MB)
	1066984  -  ResidentSetSize of job (KB)
...
006 (113449615.000.000) 2023-03-30 03:21:59 Image size of job updated: 4267864
	1046  -  MemoryUsage of job (MB)
	1070768  -  ResidentSetSize of job (KB)
...
006 (113449615.000.000) 2023-03-30 03:32:00 Image size of job updated: 4271036
	1051  -  MemoryUsage of job (MB)
	1075476  -  ResidentSetSize of job (KB)
...
006 (113449615.000.000) 2023-03-30 03:37:00 Image size of job updated: 4271292
	1051  -  MemoryUsage of job (MB)
	1075768  -  ResidentSetSize of job (KB)
...
006 (113449615.000.000) 2023-03-30 03:47:01 Image size of job updated: 4277344
	1054  -  MemoryUsage of job (MB)
	1078684  -  ResidentSetSize of job (KB)
...
006 (113449615.000.000) 2023-03-30 03:57:02 Image size of job updated: 4277348
	1054  -  MemoryUsage of job (MB)
	1079116  -  ResidentSetSize of job (KB)
...
006 (113449615.000.000) 2023-03-30 04:02:03 Image size of job updated: 4277596
	1055  -  MemoryUsage of job (MB)
	1079372  -  ResidentSetSize of job (KB)
...
006 (113449615.000.000) 2023-03-30 04:07:03 Image size of job updated: 4278580
	1056  -  MemoryUsage of job (MB)
	1080356  -  ResidentSetSize of job (KB)
...
006 (113449615.000.000) 2023-03-30 04:12:04 Image size of job updated: 4281260
	1058  -  MemoryUsage of job (MB)
	1083052  -  ResidentSetSize of job (KB)
...
006 (113449615.000.000) 2023-03-30 04:17:05 Image size of job updated: 4281260
	1058  -  MemoryUsage of job (MB)
	1083276  -  ResidentSetSize of job (KB)
...
006 (113449615.000.000) 2023-03-30 04:22:05 Image size of job updated: 4281804
	1059  -  MemoryUsage of job (MB)
	1084204  -  ResidentSetSize of job (KB)
...
006 (113449615.000.000) 2023-03-30 04:27:05 Image size of job updated: 4282316
	1060  -  MemoryUsage of job (MB)
	1084628  -  ResidentSetSize of job (KB)
...
006 (113449615.000.000) 2023-03-30 04:32:06 Image size of job updated: 4285192
	1063  -  MemoryUsage of job (MB)
	1087564  -  ResidentSetSize of job (KB)
...
006 (113449615.000.000) 2023-03-30 04:37:07 Image size of job updated: 4288728
	1063  -  MemoryUsage of job (MB)
	1087564  -  ResidentSetSize of job (KB)
...
006 (113449615.000.000) 2023-03-30 04:42:07 Image size of job updated: 4288728
	1067  -  MemoryUsage of job (MB)
	1091852  -  ResidentSetSize of job (KB)
...
006 (113449615.000.000) 2023-03-30 04:52:09 Image size of job updated: 4288728
	1067  -  MemoryUsage of job (MB)
	1091876  -  ResidentSetSize of job (KB)
...
006 (113449615.000.000) 2023-03-30 04:57:09 Image size of job updated: 4288728
	1067  -  MemoryUsage of job (MB)
	1091880  -  ResidentSetSize of job (KB)
...
006 (113449615.000.000) 2023-03-30 05:02:09 Image size of job updated: 8218624
	1067  -  MemoryUsage of job (MB)
	1091880  -  ResidentSetSize of job (KB)
...
040 (113449615.000.000) 2023-03-30 05:03:40 Started transferring output files
...
040 (113449615.000.000) 2023-03-30 05:03:40 Finished transferring output files
...
005 (113449615.000.000) 2023-03-30 05:03:40 Job terminated.
	(1) Normal termination (return value 0)
		Usr 1 17:30:57, Sys 0 00:03:07  -  Run Remote Usage
		Usr 0 00:00:00, Sys 0 00:00:00  -  Run Local Usage
		Usr 1 17:30:57, Sys 0 00:03:07  -  Total Remote Usage
		Usr 0 00:00:00, Sys 0 00:00:00  -  Total Local Usage
	663383  -  Run Bytes Sent By Job
	375  -  Run Bytes Received By Job
	663383  -  Total Bytes Sent By Job
	375  -  Total Bytes Received By Job
	Partitionable Resources :    Usage  Request Allocated 
	   Cpus                 :     4.97        1         1 
	   Disk (KB)            :   670      500000    609620 
	   GPUs                 :                           0 
	   Memory (MB)          :  1067       20000     20096 

	Job terminated of its own accord at 2023-03-30T12:03:40Z with exit-code 0.
...
000 (113471272.000.000) 2023-03-31 13:47:40 Job submitted from host: <10.14.0.160:9618?addrs=10.14.0.160-9618&alias=ldas-pcdev2.ligo.caltech.edu&noUDP&sock=schedd_7450_a8a7>
    DAG Node: 757
...
040 (113471272.000.000) 2023-03-31 13:51:05 Started transferring input files
	Transferring to host: <10.14.10.69:9618?addrs=10.14.10.69-9618&alias=node2319.cluster.ldas.cit&noUDP&sock=slot1_7_523803_594d_9172>
...
040 (113471272.000.000) 2023-03-31 13:51:05 Finished transferring input files
...
001 (113471272.000.000) 2023-03-31 13:51:06 Job executing on host: <10.14.10.69:9618?addrs=10.14.10.69-9618&alias=node2319.cluster.ldas.cit&noUDP&sock=startd_523761_0f55>
...
006 (113471272.000.000) 2023-03-31 13:51:14 Image size of job updated: 436936
	128  -  MemoryUsage of job (MB)
	130744  -  ResidentSetSize of job (KB)
...
040 (113471272.000.000) 2023-03-31 13:51:15 Started transferring output files
...
040 (113471272.000.000) 2023-03-31 13:51:15 Finished transferring output files
...
005 (113471272.000.000) 2023-03-31 13:51:15 Job terminated.
	(1) Normal termination (return value 0)
		Usr 0 00:00:07, Sys 0 00:00:00  -  Run Remote Usage
		Usr 0 00:00:00, Sys 0 00:00:00  -  Run Local Usage
		Usr 0 00:00:07, Sys 0 00:00:00  -  Total Remote Usage
		Usr 0 00:00:00, Sys 0 00:00:00  -  Total Local Usage
	5668  -  Run Bytes Sent By Job
	375  -  Run Bytes Received By Job
	5668  -  Total Bytes Sent By Job
	375  -  Total Bytes Received By Job
	Partitionable Resources :    Usage  Request Allocated 
	   Cpus                 :                 1         1 
	   Disk (KB)            :       20   500000    624256 
	   GPUs                 :                           0 
	   Memory (MB)          :      128    20000     20096 

	Job terminated of its own accord at 2023-03-31T20:51:15Z with exit-code 0.
...
