000 (113449453.000.000) 2023-03-29 17:01:29 Job submitted from host: <10.14.0.160:9618?addrs=10.14.0.160-9618&alias=ldas-pcdev2.ligo.caltech.edu&noUDP&sock=schedd_7450_a8a7>
    DAG Node: 140
...
040 (113449453.000.000) 2023-03-29 17:12:11 Started transferring input files
	Transferring to host: <10.14.3.38:9618?addrs=10.14.3.38-9618&alias=node538.cluster.ldas.cit&noUDP&sock=slot1_2_3451422_c778_26865>
...
040 (113449453.000.000) 2023-03-29 17:12:11 Finished transferring input files
...
001 (113449453.000.000) 2023-03-29 17:12:12 Job executing on host: <10.14.3.38:9618?addrs=10.14.3.38-9618&alias=node538.cluster.ldas.cit&noUDP&sock=startd_3451385_9d55>
...
006 (113449453.000.000) 2023-03-29 17:12:21 Image size of job updated: 313444
	92  -  MemoryUsage of job (MB)
	94000  -  ResidentSetSize of job (KB)
...
006 (113449453.000.000) 2023-03-29 17:17:21 Image size of job updated: 4713548
	230  -  MemoryUsage of job (MB)
	235024  -  ResidentSetSize of job (KB)
...
006 (113449453.000.000) 2023-03-29 17:22:21 Image size of job updated: 5314180
	286  -  MemoryUsage of job (MB)
	292544  -  ResidentSetSize of job (KB)
...
006 (113449453.000.000) 2023-03-29 17:27:22 Image size of job updated: 5402168
	286  -  MemoryUsage of job (MB)
	292544  -  ResidentSetSize of job (KB)
...
004 (113449453.000.000) 2023-03-29 17:33:49 Job was evicted.
	(0) CPU times
		Usr 0 00:19:07, Sys 0 00:00:12  -  Run Remote Usage
		Usr 0 00:00:00, Sys 0 00:00:00  -  Run Local Usage
	0  -  Run Bytes Sent By Job
	366  -  Run Bytes Received By Job
	Partitionable Resources :    Usage  Request Allocated 
	   Cpus                 :     0.99        1         1 
	   Disk (KB)            :  2711      500000    609620 
	   GPUs                 :                           0 
	   Memory (MB)          :   286       20000     20096 
...
022 (113449453.000.000) 2023-03-29 17:34:08 Job disconnected, attempting to reconnect
    Socket between submit and execute hosts closed unexpectedly
    Trying to reconnect to slot1_1@node2199.cluster.ldas.cit <10.14.9.199:9618?addrs=10.14.9.199-9618&alias=node2199.cluster.ldas.cit&noUDP&sock=startd_3766_bdc1>
...
024 (113449453.000.000) 2023-03-29 17:34:16 Job reconnection failed
    Job not found at execution machine
    Can not reconnect to slot1_1@node2199.cluster.ldas.cit, rescheduling job
...
040 (113449453.000.000) 2023-03-29 17:35:49 Started transferring input files
	Transferring to host: <10.14.3.247:9618?addrs=10.14.3.247-9618&alias=node747.cluster.ldas.cit&noUDP&sock=slot1_2_1649662_dd44_668>
...
040 (113449453.000.000) 2023-03-29 17:35:49 Finished transferring input files
...
001 (113449453.000.000) 2023-03-29 17:35:50 Job executing on host: <10.14.3.247:9618?addrs=10.14.3.247-9618&alias=node747.cluster.ldas.cit&noUDP&sock=startd_1649624_6ec1>
...
006 (113449453.000.000) 2023-03-29 18:00:59 Image size of job updated: 7500000
	330  -  MemoryUsage of job (MB)
	337240  -  ResidentSetSize of job (KB)
...
006 (113449453.000.000) 2023-03-29 18:06:00 Image size of job updated: 7500000
	336  -  MemoryUsage of job (MB)
	343656  -  ResidentSetSize of job (KB)
...
006 (113449453.000.000) 2023-03-29 18:11:00 Image size of job updated: 7500000
	492  -  MemoryUsage of job (MB)
	503152  -  ResidentSetSize of job (KB)
...
006 (113449453.000.000) 2023-03-29 18:21:01 Image size of job updated: 7500000
	512  -  MemoryUsage of job (MB)
	524104  -  ResidentSetSize of job (KB)
...
006 (113449453.000.000) 2023-03-29 18:26:02 Image size of job updated: 7500000
	515  -  MemoryUsage of job (MB)
	526460  -  ResidentSetSize of job (KB)
...
006 (113449453.000.000) 2023-03-29 18:31:02 Image size of job updated: 7500000
	521  -  MemoryUsage of job (MB)
	532640  -  ResidentSetSize of job (KB)
...
006 (113449453.000.000) 2023-03-29 18:36:03 Image size of job updated: 7500000
	555  -  MemoryUsage of job (MB)
	567572  -  ResidentSetSize of job (KB)
...
006 (113449453.000.000) 2023-03-29 18:41:04 Image size of job updated: 7500000
	557  -  MemoryUsage of job (MB)
	569676  -  ResidentSetSize of job (KB)
...
006 (113449453.000.000) 2023-03-29 18:46:04 Image size of job updated: 7500000
	646  -  MemoryUsage of job (MB)
	660828  -  ResidentSetSize of job (KB)
...
006 (113449453.000.000) 2023-03-29 18:51:04 Image size of job updated: 7500000
	805  -  MemoryUsage of job (MB)
	823380  -  ResidentSetSize of job (KB)
...
006 (113449453.000.000) 2023-03-29 18:56:05 Image size of job updated: 7500000
	863  -  MemoryUsage of job (MB)
	882880  -  ResidentSetSize of job (KB)
...
006 (113449453.000.000) 2023-03-29 19:01:05 Image size of job updated: 7500000
	865  -  MemoryUsage of job (MB)
	884960  -  ResidentSetSize of job (KB)
...
006 (113449453.000.000) 2023-03-29 19:06:05 Image size of job updated: 7500000
	885  -  MemoryUsage of job (MB)
	905420  -  ResidentSetSize of job (KB)
...
006 (113449453.000.000) 2023-03-29 19:11:06 Image size of job updated: 7500000
	885  -  MemoryUsage of job (MB)
	905652  -  ResidentSetSize of job (KB)
...
006 (113449453.000.000) 2023-03-29 19:31:09 Image size of job updated: 7500000
	901  -  MemoryUsage of job (MB)
	921632  -  ResidentSetSize of job (KB)
...
006 (113449453.000.000) 2023-03-29 19:36:09 Image size of job updated: 7500000
	902  -  MemoryUsage of job (MB)
	923636  -  ResidentSetSize of job (KB)
...
006 (113449453.000.000) 2023-03-29 19:41:10 Image size of job updated: 7500000
	929  -  MemoryUsage of job (MB)
	951220  -  ResidentSetSize of job (KB)
...
006 (113449453.000.000) 2023-03-29 19:46:11 Image size of job updated: 7500000
	938  -  MemoryUsage of job (MB)
	959908  -  ResidentSetSize of job (KB)
...
006 (113449453.000.000) 2023-03-29 19:51:11 Image size of job updated: 7500000
	944  -  MemoryUsage of job (MB)
	965828  -  ResidentSetSize of job (KB)
...
006 (113449453.000.000) 2023-03-29 20:06:12 Image size of job updated: 7500000
	945  -  MemoryUsage of job (MB)
	966664  -  ResidentSetSize of job (KB)
...
006 (113449453.000.000) 2023-03-29 20:11:12 Image size of job updated: 7500000
	945  -  MemoryUsage of job (MB)
	967564  -  ResidentSetSize of job (KB)
...
006 (113449453.000.000) 2023-03-29 20:16:13 Image size of job updated: 7500000
	956  -  MemoryUsage of job (MB)
	978692  -  ResidentSetSize of job (KB)
...
006 (113449453.000.000) 2023-03-29 20:31:15 Image size of job updated: 7500000
	960  -  MemoryUsage of job (MB)
	982760  -  ResidentSetSize of job (KB)
...
006 (113449453.000.000) 2023-03-29 20:36:16 Image size of job updated: 7500000
	960  -  MemoryUsage of job (MB)
	982860  -  ResidentSetSize of job (KB)
...
006 (113449453.000.000) 2023-03-29 20:41:16 Image size of job updated: 7500000
	963  -  MemoryUsage of job (MB)
	985224  -  ResidentSetSize of job (KB)
...
006 (113449453.000.000) 2023-03-29 21:16:19 Image size of job updated: 7500000
	974  -  MemoryUsage of job (MB)
	997064  -  ResidentSetSize of job (KB)
...
006 (113449453.000.000) 2023-03-29 21:26:21 Image size of job updated: 7500000
	977  -  MemoryUsage of job (MB)
	1000380  -  ResidentSetSize of job (KB)
...
006 (113449453.000.000) 2023-03-29 21:31:21 Image size of job updated: 7500000
	978  -  MemoryUsage of job (MB)
	1001152  -  ResidentSetSize of job (KB)
...
006 (113449453.000.000) 2023-03-29 21:36:22 Image size of job updated: 7500000
	982  -  MemoryUsage of job (MB)
	1005248  -  ResidentSetSize of job (KB)
...
006 (113449453.000.000) 2023-03-29 21:56:24 Image size of job updated: 7500000
	1005  -  MemoryUsage of job (MB)
	1028120  -  ResidentSetSize of job (KB)
...
006 (113449453.000.000) 2023-03-29 22:06:24 Image size of job updated: 7500000
	1009  -  MemoryUsage of job (MB)
	1032432  -  ResidentSetSize of job (KB)
...
006 (113449453.000.000) 2023-03-29 22:21:26 Image size of job updated: 7500000
	1014  -  MemoryUsage of job (MB)
	1037696  -  ResidentSetSize of job (KB)
...
006 (113449453.000.000) 2023-03-29 22:26:27 Image size of job updated: 7500000
	1018  -  MemoryUsage of job (MB)
	1041680  -  ResidentSetSize of job (KB)
...
006 (113449453.000.000) 2023-03-29 22:46:30 Image size of job updated: 7500000
	1028  -  MemoryUsage of job (MB)
	1051964  -  ResidentSetSize of job (KB)
...
006 (113449453.000.000) 2023-03-29 22:51:30 Image size of job updated: 7500000
	1028  -  MemoryUsage of job (MB)
	1052360  -  ResidentSetSize of job (KB)
...
006 (113449453.000.000) 2023-03-29 22:56:30 Image size of job updated: 7500000
	1029  -  MemoryUsage of job (MB)
	1053032  -  ResidentSetSize of job (KB)
...
006 (113449453.000.000) 2023-03-29 23:06:31 Image size of job updated: 7500000
	1030  -  MemoryUsage of job (MB)
	1054188  -  ResidentSetSize of job (KB)
...
006 (113449453.000.000) 2023-03-29 23:11:31 Image size of job updated: 7500000
	1049  -  MemoryUsage of job (MB)
	1074028  -  ResidentSetSize of job (KB)
...
006 (113449453.000.000) 2023-03-29 23:16:32 Image size of job updated: 7500000
	1052  -  MemoryUsage of job (MB)
	1076840  -  ResidentSetSize of job (KB)
...
006 (113449453.000.000) 2023-03-29 23:31:34 Image size of job updated: 7500000
	1053  -  MemoryUsage of job (MB)
	1078072  -  ResidentSetSize of job (KB)
...
006 (113449453.000.000) 2023-03-29 23:36:35 Image size of job updated: 7500000
	1057  -  MemoryUsage of job (MB)
	1081712  -  ResidentSetSize of job (KB)
...
006 (113449453.000.000) 2023-03-29 23:41:35 Image size of job updated: 7500000
	1068  -  MemoryUsage of job (MB)
	1093016  -  ResidentSetSize of job (KB)
...
006 (113449453.000.000) 2023-03-30 00:01:36 Image size of job updated: 7500000
	1086  -  MemoryUsage of job (MB)
	1111992  -  ResidentSetSize of job (KB)
...
006 (113449453.000.000) 2023-03-30 00:11:38 Image size of job updated: 7500000
	1109  -  MemoryUsage of job (MB)
	1134608  -  ResidentSetSize of job (KB)
...
006 (113449453.000.000) 2023-03-30 00:46:42 Image size of job updated: 7500000
	1134  -  MemoryUsage of job (MB)
	1160856  -  ResidentSetSize of job (KB)
...
006 (113449453.000.000) 2023-03-30 00:51:42 Image size of job updated: 7500000
	1134  -  MemoryUsage of job (MB)
	1160864  -  ResidentSetSize of job (KB)
...
006 (113449453.000.000) 2023-03-30 01:06:43 Image size of job updated: 7500000
	1137  -  MemoryUsage of job (MB)
	1163732  -  ResidentSetSize of job (KB)
...
006 (113449453.000.000) 2023-03-30 01:16:45 Image size of job updated: 7500000
	1155  -  MemoryUsage of job (MB)
	1182420  -  ResidentSetSize of job (KB)
...
006 (113449453.000.000) 2023-03-30 01:21:45 Image size of job updated: 7500000
	1156  -  MemoryUsage of job (MB)
	1183532  -  ResidentSetSize of job (KB)
...
006 (113449453.000.000) 2023-03-30 01:31:47 Image size of job updated: 7500000
	1177  -  MemoryUsage of job (MB)
	1204948  -  ResidentSetSize of job (KB)
...
006 (113449453.000.000) 2023-03-30 02:01:50 Image size of job updated: 7500000
	1212  -  MemoryUsage of job (MB)
	1240492  -  ResidentSetSize of job (KB)
...
006 (113449453.000.000) 2023-03-30 02:11:50 Image size of job updated: 7500000
	1213  -  MemoryUsage of job (MB)
	1241388  -  ResidentSetSize of job (KB)
...
006 (113449453.000.000) 2023-03-30 02:16:51 Image size of job updated: 7500000
	1225  -  MemoryUsage of job (MB)
	1254016  -  ResidentSetSize of job (KB)
...
006 (113449453.000.000) 2023-03-30 02:21:52 Image size of job updated: 7500000
	1227  -  MemoryUsage of job (MB)
	1255444  -  ResidentSetSize of job (KB)
...
006 (113449453.000.000) 2023-03-30 02:31:53 Image size of job updated: 7500000
	1227  -  MemoryUsage of job (MB)
	1256192  -  ResidentSetSize of job (KB)
...
006 (113449453.000.000) 2023-03-30 02:56:55 Image size of job updated: 7500000
	1232  -  MemoryUsage of job (MB)
	1260828  -  ResidentSetSize of job (KB)
...
006 (113449453.000.000) 2023-03-30 03:11:56 Image size of job updated: 7500000
	1261  -  MemoryUsage of job (MB)
	1290948  -  ResidentSetSize of job (KB)
...
006 (113449453.000.000) 2023-03-30 03:21:57 Image size of job updated: 7500000
	1262  -  MemoryUsage of job (MB)
	1291652  -  ResidentSetSize of job (KB)
...
006 (113449453.000.000) 2023-03-30 03:31:58 Image size of job updated: 7500000
	1267  -  MemoryUsage of job (MB)
	1297376  -  ResidentSetSize of job (KB)
...
006 (113449453.000.000) 2023-03-30 04:27:04 Image size of job updated: 7500000
	1268  -  MemoryUsage of job (MB)
	1298044  -  ResidentSetSize of job (KB)
...
006 (113449453.000.000) 2023-03-30 04:42:06 Image size of job updated: 7500000
	1270  -  MemoryUsage of job (MB)
	1300320  -  ResidentSetSize of job (KB)
...
006 (113449453.000.000) 2023-03-30 05:07:08 Image size of job updated: 7500000
	1274  -  MemoryUsage of job (MB)
	1303772  -  ResidentSetSize of job (KB)
...
006 (113449453.000.000) 2023-03-30 05:17:09 Image size of job updated: 7500000
	1276  -  MemoryUsage of job (MB)
	1305712  -  ResidentSetSize of job (KB)
...
006 (113449453.000.000) 2023-03-30 05:32:11 Image size of job updated: 7500000
	1277  -  MemoryUsage of job (MB)
	1307596  -  ResidentSetSize of job (KB)
...
006 (113449453.000.000) 2023-03-30 05:37:12 Image size of job updated: 7500000
	1284  -  MemoryUsage of job (MB)
	1314656  -  ResidentSetSize of job (KB)
...
006 (113449453.000.000) 2023-03-30 05:42:12 Image size of job updated: 7500000
	1285  -  MemoryUsage of job (MB)
	1315764  -  ResidentSetSize of job (KB)
...
006 (113449453.000.000) 2023-03-30 06:07:14 Image size of job updated: 7500000
	1308  -  MemoryUsage of job (MB)
	1339348  -  ResidentSetSize of job (KB)
...
006 (113449453.000.000) 2023-03-30 06:32:17 Image size of job updated: 7500000
	1315  -  MemoryUsage of job (MB)
	1346340  -  ResidentSetSize of job (KB)
...
006 (113449453.000.000) 2023-03-30 06:42:19 Image size of job updated: 7500000
	1318  -  MemoryUsage of job (MB)
	1348976  -  ResidentSetSize of job (KB)
...
006 (113449453.000.000) 2023-03-30 06:47:19 Image size of job updated: 7500000
	1335  -  MemoryUsage of job (MB)
	1366192  -  ResidentSetSize of job (KB)
...
006 (113449453.000.000) 2023-03-30 06:52:19 Image size of job updated: 7500000
	1337  -  MemoryUsage of job (MB)
	1368476  -  ResidentSetSize of job (KB)
...
006 (113449453.000.000) 2023-03-30 08:02:27 Image size of job updated: 7500000
	1340  -  MemoryUsage of job (MB)
	1371296  -  ResidentSetSize of job (KB)
...
006 (113449453.000.000) 2023-03-30 08:12:28 Image size of job updated: 7500000
	1341  -  MemoryUsage of job (MB)
	1372748  -  ResidentSetSize of job (KB)
...
006 (113449453.000.000) 2023-03-30 08:17:28 Image size of job updated: 7500000
	1342  -  MemoryUsage of job (MB)
	1373844  -  ResidentSetSize of job (KB)
...
006 (113449453.000.000) 2023-03-30 08:27:29 Image size of job updated: 7500000
	1345  -  MemoryUsage of job (MB)
	1376612  -  ResidentSetSize of job (KB)
...
006 (113449453.000.000) 2023-03-30 08:37:30 Image size of job updated: 7500000
	1347  -  MemoryUsage of job (MB)
	1378444  -  ResidentSetSize of job (KB)
...
006 (113449453.000.000) 2023-03-30 09:07:33 Image size of job updated: 7500000
	1352  -  MemoryUsage of job (MB)
	1383496  -  ResidentSetSize of job (KB)
...
006 (113449453.000.000) 2023-03-30 09:17:35 Image size of job updated: 7500000
	1353  -  MemoryUsage of job (MB)
	1384988  -  ResidentSetSize of job (KB)
...
006 (113449453.000.000) 2023-03-30 09:32:37 Image size of job updated: 7500000
	1355  -  MemoryUsage of job (MB)
	1386648  -  ResidentSetSize of job (KB)
...
006 (113449453.000.000) 2023-03-30 10:07:41 Image size of job updated: 7500000
	1385  -  MemoryUsage of job (MB)
	1417916  -  ResidentSetSize of job (KB)
...
006 (113449453.000.000) 2023-03-30 10:12:41 Image size of job updated: 7500000
	1385  -  MemoryUsage of job (MB)
	1418116  -  ResidentSetSize of job (KB)
...
006 (113449453.000.000) 2023-03-30 10:17:42 Image size of job updated: 7500000
	1502  -  MemoryUsage of job (MB)
	1537136  -  ResidentSetSize of job (KB)
...
006 (113449453.000.000) 2023-03-30 10:42:44 Image size of job updated: 7500000
	1509  -  MemoryUsage of job (MB)
	1544248  -  ResidentSetSize of job (KB)
...
006 (113449453.000.000) 2023-03-30 13:53:04 Image size of job updated: 7500000
	1529  -  MemoryUsage of job (MB)
	1565464  -  ResidentSetSize of job (KB)
...
006 (113449453.000.000) 2023-03-30 16:48:23 Image size of job updated: 7500000
	1567  -  MemoryUsage of job (MB)
	1603612  -  ResidentSetSize of job (KB)
...
006 (113449453.000.000) 2023-03-30 17:18:26 Image size of job updated: 7500000
	1571  -  MemoryUsage of job (MB)
	1608208  -  ResidentSetSize of job (KB)
...
006 (113449453.000.000) 2023-03-30 17:33:28 Image size of job updated: 7500000
	1572  -  MemoryUsage of job (MB)
	1609724  -  ResidentSetSize of job (KB)
...
004 (113449453.000.000) 2023-03-30 17:59:44 Job was evicted.
	(0) CPU times
		Usr 2 21:02:26, Sys 0 00:13:17  -  Run Remote Usage
		Usr 0 00:00:00, Sys 0 00:00:00  -  Run Local Usage
	0  -  Run Bytes Sent By Job
	366  -  Run Bytes Received By Job
	Partitionable Resources :    Usage  Request Allocated 
	   Cpus                 :     7.96        1         1 
	   Disk (KB)            :  3808      500000    609620 
	   GPUs                 :                           0 
	   Memory (MB)          :  1572       20000     20096 
...
040 (113449453.000.000) 2023-03-30 18:02:08 Started transferring input files
	Transferring to host: <10.14.10.46:9618?addrs=10.14.10.46-9618&alias=node2296.cluster.ldas.cit&noUDP&sock=slot1_14_3043786_5738_21313>
...
040 (113449453.000.000) 2023-03-30 18:02:08 Finished transferring input files
...
001 (113449453.000.000) 2023-03-30 18:02:09 Job executing on host: <10.14.10.46:9618?addrs=10.14.10.46-9618&alias=node2296.cluster.ldas.cit&noUDP&sock=startd_188412_89fe>
...
006 (113449453.000.000) 2023-03-31 03:11:13 Image size of job updated: 7500000
	1710  -  MemoryUsage of job (MB)
	1750576  -  ResidentSetSize of job (KB)
...
006 (113449453.000.000) 2023-03-31 03:21:14 Image size of job updated: 7500000
	1905  -  MemoryUsage of job (MB)
	1950168  -  ResidentSetSize of job (KB)
...
006 (113449453.000.000) 2023-03-31 04:41:21 Image size of job updated: 7500000
	1928  -  MemoryUsage of job (MB)
	1973416  -  ResidentSetSize of job (KB)
...
004 (113449453.000.000) 2023-03-31 18:04:41 Job was evicted.
	(0) CPU times
		Usr 4 06:39:38, Sys 0 00:06:28  -  Run Remote Usage
		Usr 0 00:00:00, Sys 0 00:00:00  -  Run Local Usage
	0  -  Run Bytes Sent By Job
	366  -  Run Bytes Received By Job
	Partitionable Resources :    Usage  Request Allocated 
	   Cpus                 :     1.00        1         1 
	   Disk (KB)            :  3487      500000    622029 
	   GPUs                 :                           0 
	   Memory (MB)          :  1928       20000     20096 
...
040 (113449453.000.000) 2023-03-31 18:19:53 Started transferring input files
	Transferring to host: <10.14.10.69:9618?addrs=10.14.10.69-9618&alias=node2319.cluster.ldas.cit&noUDP&sock=slot1_16_523803_594d_9264>
...
040 (113449453.000.000) 2023-03-31 18:19:53 Finished transferring input files
...
001 (113449453.000.000) 2023-03-31 18:19:54 Job executing on host: <10.14.10.69:9618?addrs=10.14.10.69-9618&alias=node2319.cluster.ldas.cit&noUDP&sock=startd_523761_0f55>
...
006 (113449453.000.000) 2023-04-01 09:31:36 Image size of job updated: 7500000
	1969  -  MemoryUsage of job (MB)
	2016152  -  ResidentSetSize of job (KB)
...
006 (113449453.000.000) 2023-04-01 13:21:59 Image size of job updated: 7500000
	1970  -  MemoryUsage of job (MB)
	2017224  -  ResidentSetSize of job (KB)
...
006 (113449453.000.000) 2023-04-01 16:17:17 Image size of job updated: 7500000
	2038  -  MemoryUsage of job (MB)
	2086896  -  ResidentSetSize of job (KB)
...
004 (113449453.000.000) 2023-04-01 19:22:07 Job was evicted.
	(0) CPU times
		Usr 4 13:23:27, Sys 0 00:05:18  -  Run Remote Usage
		Usr 0 00:00:00, Sys 0 00:00:00  -  Run Local Usage
	0  -  Run Bytes Sent By Job
	366  -  Run Bytes Received By Job
	Partitionable Resources :    Usage  Request Allocated 
	   Cpus                 :     0.99        1         1 
	   Disk (KB)            :  2991      500000    624256 
	   GPUs                 :                           0 
	   Memory (MB)          :  2038       20000     20096 
...
040 (113449453.000.000) 2023-04-01 19:22:57 Started transferring input files
	Transferring to host: <10.14.10.55:9618?addrs=10.14.10.55-9618&alias=node2305.cluster.ldas.cit&noUDP&sock=slot1_1_3986052_faa5_21884>
...
040 (113449453.000.000) 2023-04-01 19:22:57 Finished transferring input files
...
001 (113449453.000.000) 2023-04-01 19:22:58 Job executing on host: <10.14.10.55:9618?addrs=10.14.10.55-9618&alias=node2305.cluster.ldas.cit&noUDP&sock=startd_187743_a922>
...
006 (113449453.000.000) 2023-04-02 23:51:03 Image size of job updated: 7500000
	2225  -  MemoryUsage of job (MB)
	2278052  -  ResidentSetSize of job (KB)
...
004 (113449453.000.000) 2023-04-02 23:55:36 Job was evicted.
	(0) CPU times
		Usr 6 12:35:49, Sys 0 00:11:00  -  Run Remote Usage
		Usr 0 00:00:00, Sys 0 00:00:00  -  Run Local Usage
	0  -  Run Bytes Sent By Job
	366  -  Run Bytes Received By Job
	Partitionable Resources :    Usage  Request Allocated 
	   Cpus                 :     3.92        1         1 
	   Disk (KB)            :  3014      500000    589752 
	   GPUs                 :                           0 
	   Memory (MB)          :  2225       20000     20096 
...
040 (113449453.000.000) 2023-04-03 00:07:00 Started transferring input files
	Transferring to host: <10.14.10.121:9618?addrs=10.14.10.121-9618&alias=node2371.cluster.ldas.cit&noUDP&sock=slot1_18_696772_a827_35119>
...
040 (113449453.000.000) 2023-04-03 00:07:00 Finished transferring input files
...
001 (113449453.000.000) 2023-04-03 00:07:01 Job executing on host: <10.14.10.121:9618?addrs=10.14.10.121-9618&alias=node2371.cluster.ldas.cit&noUDP&sock=startd_4129_baa2>
...
040 (113449453.000.000) 2023-04-03 16:20:43 Started transferring output files
...
040 (113449453.000.000) 2023-04-03 16:20:43 Finished transferring output files
...
005 (113449453.000.000) 2023-04-03 16:20:43 Job terminated.
	(1) Normal termination (return value 0)
		Usr 2 14:24:13, Sys 0 00:01:31  -  Run Remote Usage
		Usr 0 00:00:00, Sys 0 00:00:00  -  Run Local Usage
		Usr 20 20:24:40, Sys 0 00:37:46  -  Total Remote Usage
		Usr 0 00:00:00, Sys 0 00:00:00  -  Total Local Usage
	2817136  -  Run Bytes Sent By Job
	366  -  Run Bytes Received By Job
	2817136  -  Total Bytes Sent By Job
	2196  -  Total Bytes Received By Job
	Partitionable Resources :    Usage  Request Allocated 
	   Cpus                 :     5.97        1         1 
	   Disk (KB)            :  2775      500000    624256 
	   GPUs                 :                           0 
	   Memory (MB)          :  2442       20000     20096 

	Job terminated of its own accord at 2023-04-03T23:20:43Z with exit-code 0.
...
000 (113587150.000.000) 2023-04-05 14:54:13 Job submitted from host: <10.14.0.160:9618?addrs=10.14.0.160-9618&alias=ldas-pcdev2.ligo.caltech.edu&noUDP&sock=schedd_7450_a8a7>
    DAG Node: 140
...
040 (113587150.000.000) 2023-04-05 14:56:12 Started transferring input files
	Transferring to host: <10.14.4.5:9618?addrs=10.14.4.5-9618&alias=node755.cluster.ldas.cit&noUDP&sock=slot1_20_310401_55a7_7881>
...
040 (113587150.000.000) 2023-04-05 14:56:12 Finished transferring input files
...
001 (113587150.000.000) 2023-04-05 14:56:13 Job executing on host: <10.14.4.5:9618?addrs=10.14.4.5-9618&alias=node755.cluster.ldas.cit&noUDP&sock=startd_310362_187d>
...
006 (113587150.000.000) 2023-04-05 14:56:22 Image size of job updated: 194700
	190  -  MemoryUsage of job (MB)
	194392  -  ResidentSetSize of job (KB)
...
006 (113587150.000.000) 2023-04-05 15:01:23 Image size of job updated: 5308640
	768  -  MemoryUsage of job (MB)
	785792  -  ResidentSetSize of job (KB)
...
006 (113587150.000.000) 2023-04-05 15:06:24 Image size of job updated: 5338224
	799  -  MemoryUsage of job (MB)
	817864  -  ResidentSetSize of job (KB)
...
006 (113587150.000.000) 2023-04-05 15:11:24 Image size of job updated: 5383508
	844  -  MemoryUsage of job (MB)
	863836  -  ResidentSetSize of job (KB)
...
006 (113587150.000.000) 2023-04-05 15:16:25 Image size of job updated: 5469480
	929  -  MemoryUsage of job (MB)
	950608  -  ResidentSetSize of job (KB)
...
006 (113587150.000.000) 2023-04-05 15:21:26 Image size of job updated: 5517572
	976  -  MemoryUsage of job (MB)
	998752  -  ResidentSetSize of job (KB)
...
006 (113587150.000.000) 2023-04-05 15:26:26 Image size of job updated: 5522388
	981  -  MemoryUsage of job (MB)
	1003568  -  ResidentSetSize of job (KB)
...
006 (113587150.000.000) 2023-04-05 15:31:26 Image size of job updated: 5631428
	1087  -  MemoryUsage of job (MB)
	1112608  -  ResidentSetSize of job (KB)
...
006 (113587150.000.000) 2023-04-05 15:36:27 Image size of job updated: 5659920
	1087  -  MemoryUsage of job (MB)
	1112608  -  ResidentSetSize of job (KB)
...
006 (113587150.000.000) 2023-04-05 16:11:30 Image size of job updated: 6086040
	1252  -  MemoryUsage of job (MB)
	1281644  -  ResidentSetSize of job (KB)
...
006 (113587150.000.000) 2023-04-05 16:16:30 Image size of job updated: 6086040
	1254  -  MemoryUsage of job (MB)
	1284092  -  ResidentSetSize of job (KB)
...
006 (113587150.000.000) 2023-04-05 16:21:31 Image size of job updated: 6086040
	1271  -  MemoryUsage of job (MB)
	1301004  -  ResidentSetSize of job (KB)
...
006 (113587150.000.000) 2023-04-05 16:26:32 Image size of job updated: 6086040
	1292  -  MemoryUsage of job (MB)
	1322216  -  ResidentSetSize of job (KB)
...
006 (113587150.000.000) 2023-04-05 16:31:32 Image size of job updated: 6086040
	1311  -  MemoryUsage of job (MB)
	1341704  -  ResidentSetSize of job (KB)
...
006 (113587150.000.000) 2023-04-05 16:36:33 Image size of job updated: 6086040
	1370  -  MemoryUsage of job (MB)
	1402164  -  ResidentSetSize of job (KB)
...
006 (113587150.000.000) 2023-04-05 16:41:34 Image size of job updated: 6086040
	1482  -  MemoryUsage of job (MB)
	1516824  -  ResidentSetSize of job (KB)
...
006 (113587150.000.000) 2023-04-05 17:26:38 Image size of job updated: 6184156
	1482  -  MemoryUsage of job (MB)
	1516824  -  ResidentSetSize of job (KB)
...
006 (113587150.000.000) 2023-04-05 17:51:41 Image size of job updated: 6184156
	1609  -  MemoryUsage of job (MB)
	1647228  -  ResidentSetSize of job (KB)
...
006 (113587150.000.000) 2023-04-05 18:21:43 Image size of job updated: 6194468
	1609  -  MemoryUsage of job (MB)
	1647228  -  ResidentSetSize of job (KB)
...
006 (113587150.000.000) 2023-04-05 18:36:45 Image size of job updated: 6194468
	1661  -  MemoryUsage of job (MB)
	1700392  -  ResidentSetSize of job (KB)
...
006 (113587150.000.000) 2023-04-05 18:41:45 Image size of job updated: 6194468
	1748  -  MemoryUsage of job (MB)
	1789816  -  ResidentSetSize of job (KB)
...
006 (113587150.000.000) 2023-04-05 18:46:46 Image size of job updated: 6194468
	1825  -  MemoryUsage of job (MB)
	1867832  -  ResidentSetSize of job (KB)
...
006 (113587150.000.000) 2023-04-05 18:51:47 Image size of job updated: 6194468
	1911  -  MemoryUsage of job (MB)
	1956856  -  ResidentSetSize of job (KB)
...
006 (113587150.000.000) 2023-04-05 18:56:47 Image size of job updated: 6213284
	1911  -  MemoryUsage of job (MB)
	1956856  -  ResidentSetSize of job (KB)
...
006 (113587150.000.000) 2023-04-05 19:16:48 Image size of job updated: 6573672
	1911  -  MemoryUsage of job (MB)
	1956856  -  ResidentSetSize of job (KB)
...
006 (113587150.000.000) 2023-04-05 20:47:00 Image size of job updated: 6573672
	1913  -  MemoryUsage of job (MB)
	1958120  -  ResidentSetSize of job (KB)
...
006 (113587150.000.000) 2023-04-05 23:17:16 Image size of job updated: 6573672
	1922  -  MemoryUsage of job (MB)
	1968088  -  ResidentSetSize of job (KB)
...
006 (113587150.000.000) 2023-04-05 23:22:16 Image size of job updated: 6573672
	1984  -  MemoryUsage of job (MB)
	2030736  -  ResidentSetSize of job (KB)
...
006 (113587150.000.000) 2023-04-06 03:17:43 Image size of job updated: 6573672
	2050  -  MemoryUsage of job (MB)
	2098324  -  ResidentSetSize of job (KB)
...
004 (113587150.000.000) 2023-04-06 15:08:21 Job was evicted.
	(0) CPU times
		Usr 5 18:13:59, Sys 0 00:13:59  -  Run Remote Usage
		Usr 0 00:00:00, Sys 0 00:00:00  -  Run Local Usage
	0  -  Run Bytes Sent By Job
	366  -  Run Bytes Received By Job
	Partitionable Resources :    Usage  Request Allocated 
	   Cpus                 :     7.94        1         1 
	   Disk (KB)            :  2790      500000    609620 
	   GPUs                 :                           0 
	   Memory (MB)          :  2050       20000     20096 
...
040 (113587150.000.000) 2023-04-06 15:13:58 Started transferring input files
	Transferring to host: <10.14.10.129:9618?addrs=10.14.10.129-9618&alias=node2379.cluster.ldas.cit&noUDP&sock=slot1_19_84142_6697_33099>
...
040 (113587150.000.000) 2023-04-06 15:13:58 Finished transferring input files
...
001 (113587150.000.000) 2023-04-06 15:13:59 Job executing on host: <10.14.10.129:9618?addrs=10.14.10.129-9618&alias=node2379.cluster.ldas.cit&noUDP&sock=startd_84106_4c80>
...
004 (113587150.000.000) 2023-04-06 16:04:44 Job was evicted.
	(0) CPU times
		Usr 0 03:51:50, Sys 0 00:00:11  -  Run Remote Usage
		Usr 0 00:00:00, Sys 0 00:00:00  -  Run Local Usage
	0  -  Run Bytes Sent By Job
	366  -  Run Bytes Received By Job
	Partitionable Resources :    Usage  Request Allocated 
	   Cpus                 :     0.99        1         1 
	   Disk (KB)            :  2713      500000    624256 
	   GPUs                 :                           0 
	   Memory (MB)          :  2198       20000     20096 
...
009 (113587150.000.000) 2023-04-06 16:04:44 Job was aborted.
	removed because <OtherJobRemoveRequirements = DAGManJobId =?= 113587092> fired when job (113587092.0) was removed
...
000 (113604263.000.000) 2023-04-06 16:27:56 Job submitted from host: <10.14.0.160:9618?addrs=10.14.0.160-9618&alias=ldas-pcdev2.ligo.caltech.edu&noUDP&sock=schedd_7450_a8a7>
    DAG Node: 140
...
040 (113604263.000.000) 2023-04-06 16:31:05 Started transferring input files
	Transferring to host: <10.14.4.85:9618?addrs=10.14.4.85-9618&alias=node835.cluster.ldas.cit&noUDP&sock=slot1_11_1350884_bc0e_19313>
...
040 (113604263.000.000) 2023-04-06 16:31:05 Finished transferring input files
...
001 (113604263.000.000) 2023-04-06 16:31:06 Job executing on host: <10.14.4.85:9618?addrs=10.14.4.85-9618&alias=node835.cluster.ldas.cit&noUDP&sock=startd_3402_1148>
...
006 (113604263.000.000) 2023-04-06 16:31:14 Image size of job updated: 196404
	192  -  MemoryUsage of job (MB)
	196396  -  ResidentSetSize of job (KB)
...
006 (113604263.000.000) 2023-04-06 16:36:14 Image size of job updated: 5287804
	659  -  MemoryUsage of job (MB)
	674240  -  ResidentSetSize of job (KB)
...
006 (113604263.000.000) 2023-04-06 16:41:14 Image size of job updated: 5473936
	659  -  MemoryUsage of job (MB)
	674240  -  ResidentSetSize of job (KB)
...
006 (113604263.000.000) 2023-04-06 18:51:27 Image size of job updated: 5473936
	758  -  MemoryUsage of job (MB)
	775856  -  ResidentSetSize of job (KB)
...
006 (113604263.000.000) 2023-04-06 18:56:28 Image size of job updated: 5473936
	915  -  MemoryUsage of job (MB)
	936852  -  ResidentSetSize of job (KB)
...
006 (113604263.000.000) 2023-04-06 19:01:29 Image size of job updated: 5473936
	922  -  MemoryUsage of job (MB)
	943764  -  ResidentSetSize of job (KB)
...
006 (113604263.000.000) 2023-04-06 19:16:31 Image size of job updated: 5473936
	930  -  MemoryUsage of job (MB)
	951780  -  ResidentSetSize of job (KB)
...
006 (113604263.000.000) 2023-04-06 19:21:31 Image size of job updated: 5473936
	931  -  MemoryUsage of job (MB)
	952724  -  ResidentSetSize of job (KB)
...
006 (113604263.000.000) 2023-04-06 19:26:32 Image size of job updated: 5473936
	940  -  MemoryUsage of job (MB)
	962340  -  ResidentSetSize of job (KB)
...
006 (113604263.000.000) 2023-04-06 19:31:33 Image size of job updated: 5473936
	941  -  MemoryUsage of job (MB)
	962616  -  ResidentSetSize of job (KB)
...
006 (113604263.000.000) 2023-04-06 19:36:33 Image size of job updated: 5473936
	944  -  MemoryUsage of job (MB)
	965992  -  ResidentSetSize of job (KB)
...
006 (113604263.000.000) 2023-04-06 19:41:34 Image size of job updated: 5473936
	959  -  MemoryUsage of job (MB)
	981340  -  ResidentSetSize of job (KB)
...
006 (113604263.000.000) 2023-04-06 20:06:37 Image size of job updated: 5473936
	980  -  MemoryUsage of job (MB)
	1003024  -  ResidentSetSize of job (KB)
...
006 (113604263.000.000) 2023-04-06 20:11:38 Image size of job updated: 5473936
	998  -  MemoryUsage of job (MB)
	1021840  -  ResidentSetSize of job (KB)
...
006 (113604263.000.000) 2023-04-06 20:16:39 Image size of job updated: 5473936
	1026  -  MemoryUsage of job (MB)
	1050596  -  ResidentSetSize of job (KB)
...
006 (113604263.000.000) 2023-04-06 20:21:39 Image size of job updated: 5473936
	1027  -  MemoryUsage of job (MB)
	1051088  -  ResidentSetSize of job (KB)
...
006 (113604263.000.000) 2023-04-06 20:26:40 Image size of job updated: 5473936
	1027  -  MemoryUsage of job (MB)
	1051596  -  ResidentSetSize of job (KB)
...
006 (113604263.000.000) 2023-04-06 20:31:41 Image size of job updated: 5473936
	1045  -  MemoryUsage of job (MB)
	1069932  -  ResidentSetSize of job (KB)
...
006 (113604263.000.000) 2023-04-06 20:41:42 Image size of job updated: 5473936
	1051  -  MemoryUsage of job (MB)
	1075700  -  ResidentSetSize of job (KB)
...
006 (113604263.000.000) 2023-04-06 20:51:43 Image size of job updated: 5473936
	1052  -  MemoryUsage of job (MB)
	1076280  -  ResidentSetSize of job (KB)
...
006 (113604263.000.000) 2023-04-06 20:56:44 Image size of job updated: 5473936
	1052  -  MemoryUsage of job (MB)
	1077244  -  ResidentSetSize of job (KB)
...
006 (113604263.000.000) 2023-04-06 21:06:45 Image size of job updated: 5473936
	1061  -  MemoryUsage of job (MB)
	1086072  -  ResidentSetSize of job (KB)
...
006 (113604263.000.000) 2023-04-06 21:11:46 Image size of job updated: 5473936
	1062  -  MemoryUsage of job (MB)
	1087304  -  ResidentSetSize of job (KB)
...
006 (113604263.000.000) 2023-04-06 21:16:47 Image size of job updated: 5473936
	1067  -  MemoryUsage of job (MB)
	1092180  -  ResidentSetSize of job (KB)
...
006 (113604263.000.000) 2023-04-06 21:26:48 Image size of job updated: 5473936
	1070  -  MemoryUsage of job (MB)
	1094968  -  ResidentSetSize of job (KB)
...
006 (113604263.000.000) 2023-04-06 21:51:51 Image size of job updated: 5473936
	1075  -  MemoryUsage of job (MB)
	1100424  -  ResidentSetSize of job (KB)
...
006 (113604263.000.000) 2023-04-06 21:56:52 Image size of job updated: 5473936
	1075  -  MemoryUsage of job (MB)
	1100720  -  ResidentSetSize of job (KB)
...
006 (113604263.000.000) 2023-04-06 22:01:53 Image size of job updated: 5473936
	1078  -  MemoryUsage of job (MB)
	1103804  -  ResidentSetSize of job (KB)
...
006 (113604263.000.000) 2023-04-06 22:11:54 Image size of job updated: 5473936
	1098  -  MemoryUsage of job (MB)
	1124156  -  ResidentSetSize of job (KB)
...
006 (113604263.000.000) 2023-04-06 22:16:55 Image size of job updated: 5473936
	1106  -  MemoryUsage of job (MB)
	1132280  -  ResidentSetSize of job (KB)
...
006 (113604263.000.000) 2023-04-06 22:26:56 Image size of job updated: 5473936
	1117  -  MemoryUsage of job (MB)
	1142996  -  ResidentSetSize of job (KB)
...
006 (113604263.000.000) 2023-04-06 22:31:57 Image size of job updated: 5473936
	1136  -  MemoryUsage of job (MB)
	1163092  -  ResidentSetSize of job (KB)
...
006 (113604263.000.000) 2023-04-06 22:36:57 Image size of job updated: 5473936
	1144  -  MemoryUsage of job (MB)
	1171308  -  ResidentSetSize of job (KB)
...
006 (113604263.000.000) 2023-04-06 22:51:59 Image size of job updated: 5473936
	1149  -  MemoryUsage of job (MB)
	1176424  -  ResidentSetSize of job (KB)
...
006 (113604263.000.000) 2023-04-06 23:02:01 Image size of job updated: 5473936
	1169  -  MemoryUsage of job (MB)
	1196484  -  ResidentSetSize of job (KB)
...
006 (113604263.000.000) 2023-04-06 23:12:02 Image size of job updated: 5473936
	1173  -  MemoryUsage of job (MB)
	1200432  -  ResidentSetSize of job (KB)
...
006 (113604263.000.000) 2023-04-06 23:17:03 Image size of job updated: 5473936
	1191  -  MemoryUsage of job (MB)
	1219508  -  ResidentSetSize of job (KB)
...
006 (113604263.000.000) 2023-04-06 23:27:05 Image size of job updated: 5473936
	1193  -  MemoryUsage of job (MB)
	1221252  -  ResidentSetSize of job (KB)
...
006 (113604263.000.000) 2023-04-06 23:42:06 Image size of job updated: 5473936
	1194  -  MemoryUsage of job (MB)
	1222444  -  ResidentSetSize of job (KB)
...
006 (113604263.000.000) 2023-04-07 00:02:07 Image size of job updated: 5473936
	1198  -  MemoryUsage of job (MB)
	1226520  -  ResidentSetSize of job (KB)
...
006 (113604263.000.000) 2023-04-07 00:17:08 Image size of job updated: 5473936
	1232  -  MemoryUsage of job (MB)
	1261312  -  ResidentSetSize of job (KB)
...
006 (113604263.000.000) 2023-04-07 00:32:09 Image size of job updated: 5473936
	1234  -  MemoryUsage of job (MB)
	1262720  -  ResidentSetSize of job (KB)
...
006 (113604263.000.000) 2023-04-07 00:42:10 Image size of job updated: 5473936
	1236  -  MemoryUsage of job (MB)
	1264800  -  ResidentSetSize of job (KB)
...
006 (113604263.000.000) 2023-04-07 01:37:15 Image size of job updated: 5473936
	1270  -  MemoryUsage of job (MB)
	1300188  -  ResidentSetSize of job (KB)
...
006 (113604263.000.000) 2023-04-07 02:02:18 Image size of job updated: 5473936
	1274  -  MemoryUsage of job (MB)
	1304248  -  ResidentSetSize of job (KB)
...
006 (113604263.000.000) 2023-04-07 02:17:19 Image size of job updated: 5473936
	1278  -  MemoryUsage of job (MB)
	1307908  -  ResidentSetSize of job (KB)
...
006 (113604263.000.000) 2023-04-07 02:32:21 Image size of job updated: 5473936
	1281  -  MemoryUsage of job (MB)
	1311000  -  ResidentSetSize of job (KB)
...
006 (113604263.000.000) 2023-04-07 02:37:21 Image size of job updated: 5473936
	1282  -  MemoryUsage of job (MB)
	1311748  -  ResidentSetSize of job (KB)
...
006 (113604263.000.000) 2023-04-07 02:47:23 Image size of job updated: 5473936
	1284  -  MemoryUsage of job (MB)
	1314708  -  ResidentSetSize of job (KB)
...
006 (113604263.000.000) 2023-04-07 02:52:23 Image size of job updated: 5473936
	1286  -  MemoryUsage of job (MB)
	1316120  -  ResidentSetSize of job (KB)
...
006 (113604263.000.000) 2023-04-07 02:57:24 Image size of job updated: 5473936
	1288  -  MemoryUsage of job (MB)
	1317964  -  ResidentSetSize of job (KB)
...
006 (113604263.000.000) 2023-04-07 03:27:28 Image size of job updated: 5473936
	1333  -  MemoryUsage of job (MB)
	1364656  -  ResidentSetSize of job (KB)
...
006 (113604263.000.000) 2023-04-07 04:32:37 Image size of job updated: 5483156
	1333  -  MemoryUsage of job (MB)
	1364656  -  ResidentSetSize of job (KB)
...
006 (113604263.000.000) 2023-04-07 04:47:39 Image size of job updated: 5485420
	1333  -  MemoryUsage of job (MB)
	1364656  -  ResidentSetSize of job (KB)
...
006 (113604263.000.000) 2023-04-07 04:57:40 Image size of job updated: 5485420
	1338  -  MemoryUsage of job (MB)
	1369780  -  ResidentSetSize of job (KB)
...
006 (113604263.000.000) 2023-04-07 05:27:44 Image size of job updated: 5499288
	1345  -  MemoryUsage of job (MB)
	1376864  -  ResidentSetSize of job (KB)
...
006 (113604263.000.000) 2023-04-07 05:32:45 Image size of job updated: 5499288
	1351  -  MemoryUsage of job (MB)
	1383276  -  ResidentSetSize of job (KB)
...
006 (113604263.000.000) 2023-04-07 05:37:45 Image size of job updated: 5499288
	1352  -  MemoryUsage of job (MB)
	1383624  -  ResidentSetSize of job (KB)
...
006 (113604263.000.000) 2023-04-07 05:42:46 Image size of job updated: 5499288
	1353  -  MemoryUsage of job (MB)
	1385224  -  ResidentSetSize of job (KB)
...
006 (113604263.000.000) 2023-04-07 05:57:48 Image size of job updated: 5521252
	1366  -  MemoryUsage of job (MB)
	1398176  -  ResidentSetSize of job (KB)
...
006 (113604263.000.000) 2023-04-07 06:07:49 Image size of job updated: 5521252
	1366  -  MemoryUsage of job (MB)
	1398332  -  ResidentSetSize of job (KB)
...
006 (113604263.000.000) 2023-04-07 06:52:55 Image size of job updated: 5569144
	1403  -  MemoryUsage of job (MB)
	1435700  -  ResidentSetSize of job (KB)
...
006 (113604263.000.000) 2023-04-07 07:02:57 Image size of job updated: 5569144
	1404  -  MemoryUsage of job (MB)
	1437004  -  ResidentSetSize of job (KB)
...
006 (113604263.000.000) 2023-04-07 07:07:57 Image size of job updated: 5574288
	1406  -  MemoryUsage of job (MB)
	1439148  -  ResidentSetSize of job (KB)
...
006 (113604263.000.000) 2023-04-07 07:22:59 Image size of job updated: 5578040
	1411  -  MemoryUsage of job (MB)
	1444160  -  ResidentSetSize of job (KB)
...
006 (113604263.000.000) 2023-04-07 07:28:00 Image size of job updated: 5578040
	1413  -  MemoryUsage of job (MB)
	1446208  -  ResidentSetSize of job (KB)
...
006 (113604263.000.000) 2023-04-07 07:33:01 Image size of job updated: 5578040
	1417  -  MemoryUsage of job (MB)
	1450944  -  ResidentSetSize of job (KB)
...
006 (113604263.000.000) 2023-04-07 07:48:03 Image size of job updated: 5591644
	1417  -  MemoryUsage of job (MB)
	1450944  -  ResidentSetSize of job (KB)
...
006 (113604263.000.000) 2023-04-07 08:08:05 Image size of job updated: 5595196
	1427  -  MemoryUsage of job (MB)
	1460932  -  ResidentSetSize of job (KB)
...
006 (113604263.000.000) 2023-04-07 08:38:09 Image size of job updated: 5619856
	1440  -  MemoryUsage of job (MB)
	1474384  -  ResidentSetSize of job (KB)
...
006 (113604263.000.000) 2023-04-07 08:53:11 Image size of job updated: 5619856
	1442  -  MemoryUsage of job (MB)
	1476448  -  ResidentSetSize of job (KB)
...
006 (113604263.000.000) 2023-04-07 09:08:13 Image size of job updated: 5624872
	1446  -  MemoryUsage of job (MB)
	1480040  -  ResidentSetSize of job (KB)
...
006 (113604263.000.000) 2023-04-07 09:28:16 Image size of job updated: 5629680
	1451  -  MemoryUsage of job (MB)
	1485192  -  ResidentSetSize of job (KB)
...
006 (113604263.000.000) 2023-04-07 09:43:18 Image size of job updated: 5629680
	1455  -  MemoryUsage of job (MB)
	1488920  -  ResidentSetSize of job (KB)
...
006 (113604263.000.000) 2023-04-07 10:03:21 Image size of job updated: 5629680
	1458  -  MemoryUsage of job (MB)
	1492812  -  ResidentSetSize of job (KB)
...
006 (113604263.000.000) 2023-04-07 10:13:22 Image size of job updated: 5629680
	1458  -  MemoryUsage of job (MB)
	1492888  -  ResidentSetSize of job (KB)
...
006 (113604263.000.000) 2023-04-07 10:18:23 Image size of job updated: 5639668
	1460  -  MemoryUsage of job (MB)
	1494428  -  ResidentSetSize of job (KB)
...
006 (113604263.000.000) 2023-04-07 10:33:25 Image size of job updated: 5639668
	1460  -  MemoryUsage of job (MB)
	1494484  -  ResidentSetSize of job (KB)
...
006 (113604263.000.000) 2023-04-07 10:38:25 Image size of job updated: 5643004
	1579  -  MemoryUsage of job (MB)
	1616296  -  ResidentSetSize of job (KB)
...
006 (113604263.000.000) 2023-04-07 10:58:28 Image size of job updated: 5646508
	1579  -  MemoryUsage of job (MB)
	1616296  -  ResidentSetSize of job (KB)
...
006 (113604263.000.000) 2023-04-07 11:13:30 Image size of job updated: 5649500
	1579  -  MemoryUsage of job (MB)
	1616296  -  ResidentSetSize of job (KB)
...
006 (113604263.000.000) 2023-04-07 12:23:39 Image size of job updated: 5784704
	1579  -  MemoryUsage of job (MB)
	1616296  -  ResidentSetSize of job (KB)
...
004 (113604263.000.000) 2023-04-07 17:13:30 Job was evicted.
	(0) CPU times
		Usr 1 22:03:10, Sys 0 00:04:10  -  Run Remote Usage
		Usr 0 00:00:00, Sys 0 00:00:00  -  Run Local Usage
	0  -  Run Bytes Sent By Job
	366  -  Run Bytes Received By Job
	Partitionable Resources :    Usage  Request Allocated 
	   Cpus                 :     0.91        1         1 
	   Disk (KB)            :  4048      500000    619149 
	   GPUs                 :                           0 
	   Memory (MB)          :  1579       20000     20096 
...
040 (113604263.000.000) 2023-04-07 17:13:41 Started transferring input files
	Transferring to host: <10.14.9.83:9618?addrs=10.14.9.83-9618&alias=node2083.cluster.ldas.cit&noUDP&sock=slot1_9_4180996_a99c_13374>
...
040 (113604263.000.000) 2023-04-07 17:13:41 Finished transferring input files
...
001 (113604263.000.000) 2023-04-07 17:13:42 Job executing on host: <10.14.9.83:9618?addrs=10.14.9.83-9618&alias=node2083.cluster.ldas.cit&noUDP&sock=startd_4180957_52c9>
...
004 (113604263.000.000) 2023-04-08 17:19:12 Job was evicted.
	(0) CPU times
		Usr 2 13:25:17, Sys 0 00:08:17  -  Run Remote Usage
		Usr 0 00:00:00, Sys 0 00:00:00  -  Run Local Usage
	0  -  Run Bytes Sent By Job
	366  -  Run Bytes Received By Job
	Partitionable Resources :    Usage  Request Allocated 
	   Cpus                 :     0.99        1         1 
	   Disk (KB)            :  3095      500000    609620 
	   GPUs                 :                           0 
	   Memory (MB)          :  1709       20000     20096 
...
040 (113604263.000.000) 2023-04-08 17:19:14 Started transferring input files
	Transferring to host: <10.14.9.150:9618?addrs=10.14.9.150-9618&alias=node2150.cluster.ldas.cit&noUDP&sock=slot1_4_3437225_b557_2164>
...
040 (113604263.000.000) 2023-04-08 17:19:14 Finished transferring input files
...
001 (113604263.000.000) 2023-04-08 17:19:15 Job executing on host: <10.14.9.150:9618?addrs=10.14.9.150-9618&alias=node2150.cluster.ldas.cit&noUDP&sock=startd_3437183_394e>
...
006 (113604263.000.000) 2023-04-09 00:20:06 Image size of job updated: 7500000
	1719  -  MemoryUsage of job (MB)
	1759776  -  ResidentSetSize of job (KB)
...
006 (113604263.000.000) 2023-04-09 01:40:14 Image size of job updated: 7500000
	1742  -  MemoryUsage of job (MB)
	1783768  -  ResidentSetSize of job (KB)
...
006 (113604263.000.000) 2023-04-09 04:25:31 Image size of job updated: 7500000
	1808  -  MemoryUsage of job (MB)
	1850588  -  ResidentSetSize of job (KB)
...
006 (113604263.000.000) 2023-04-09 07:20:50 Image size of job updated: 7500000
	1861  -  MemoryUsage of job (MB)
	1905020  -  ResidentSetSize of job (KB)
...
006 (113604263.000.000) 2023-04-09 08:50:58 Image size of job updated: 7500000
	1895  -  MemoryUsage of job (MB)
	1939692  -  ResidentSetSize of job (KB)
...
006 (113604263.000.000) 2023-04-09 11:46:17 Image size of job updated: 7500000
	1941  -  MemoryUsage of job (MB)
	1987248  -  ResidentSetSize of job (KB)
...
006 (113604263.000.000) 2023-04-09 14:56:38 Image size of job updated: 7500000
	1977  -  MemoryUsage of job (MB)
	2023548  -  ResidentSetSize of job (KB)
...
006 (113604263.000.000) 2023-04-09 15:46:42 Image size of job updated: 7500000
	2017  -  MemoryUsage of job (MB)
	2064464  -  ResidentSetSize of job (KB)
...
004 (113604263.000.000) 2023-04-09 17:20:18 Job was evicted.
	(0) CPU times
		Usr 5 06:00:57, Sys 0 00:05:06  -  Run Remote Usage
		Usr 0 00:00:00, Sys 0 00:00:00  -  Run Local Usage
	0  -  Run Bytes Sent By Job
	366  -  Run Bytes Received By Job
	Partitionable Resources :    Usage  Request Allocated 
	   Cpus                 :     2.98        1         1 
	   Disk (KB)            :  3232      500000    609620 
	   GPUs                 :                           0 
	   Memory (MB)          :  2017       20000     20096 
...
040 (113604263.000.000) 2023-04-09 17:23:19 Started transferring input files
	Transferring to host: <10.14.4.30:9618?addrs=10.14.4.30-9618&alias=node780.cluster.ldas.cit&noUDP&sock=slot1_10_1794807_a5b2_22968>
...
040 (113604263.000.000) 2023-04-09 17:23:20 Finished transferring input files
...
001 (113604263.000.000) 2023-04-09 17:23:21 Job executing on host: <10.14.4.30:9618?addrs=10.14.4.30-9618&alias=node780.cluster.ldas.cit&noUDP&sock=startd_1794771_33aa>
...
004 (113604263.000.000) 2023-04-10 20:44:25 Job was evicted.
	(0) CPU times
		Usr 4 15:49:50, Sys 0 00:11:09  -  Run Remote Usage
		Usr 0 00:00:00, Sys 0 00:00:00  -  Run Local Usage
	0  -  Run Bytes Sent By Job
	366  -  Run Bytes Received By Job
	Partitionable Resources :    Usage  Request Allocated 
	   Cpus                 :     5.82        1         1 
	   Disk (KB)            :  2915      500000    624256 
	   GPUs                 :                           0 
	   Memory (MB)          :  2198       20000     20096 
...
040 (113604263.000.000) 2023-04-10 20:48:34 Started transferring input files
	Transferring to host: <10.14.4.3:9618?addrs=10.14.4.3-9618&alias=node753.cluster.ldas.cit&noUDP&sock=slot1_17_3120222_6adc_13829>
...
040 (113604263.000.000) 2023-04-10 20:48:34 Finished transferring input files
...
001 (113604263.000.000) 2023-04-10 20:48:35 Job executing on host: <10.14.4.3:9618?addrs=10.14.4.3-9618&alias=node753.cluster.ldas.cit&noUDP&sock=startd_3120184_46d6>
...
004 (113604263.000.000) 2023-04-11 21:07:18 Job was evicted.
	(0) CPU times
		Usr 2 16:42:16, Sys 0 00:20:12  -  Run Remote Usage
		Usr 0 00:00:00, Sys 0 00:00:00  -  Run Local Usage
	0  -  Run Bytes Sent By Job
	366  -  Run Bytes Received By Job
	Partitionable Resources :    Usage  Request Allocated 
	   Cpus                 :     3.98        1         1 
	   Disk (KB)            :  2759      500000    609620 
	   GPUs                 :                           0 
	   Memory (MB)          :  2198       20000     20096 
...
040 (113604263.000.000) 2023-04-11 21:11:09 Started transferring input files
	Transferring to host: <10.14.9.155:9618?addrs=10.14.9.155-9618&alias=node2155.cluster.ldas.cit&noUDP&sock=slot1_15_1169798_440b_6219>
...
040 (113604263.000.000) 2023-04-11 21:11:09 Finished transferring input files
...
001 (113604263.000.000) 2023-04-11 21:11:10 Job executing on host: <10.14.9.155:9618?addrs=10.14.9.155-9618&alias=node2155.cluster.ldas.cit&noUDP&sock=startd_1169757_9592>
...
022 (113604263.000.000) 2023-04-12 17:59:49 Job disconnected, attempting to reconnect
    Socket between submit and execute hosts closed unexpectedly
    Trying to reconnect to slot1_15@node2155.cluster.ldas.cit <10.14.9.155:9618?addrs=10.14.9.155-9618&alias=node2155.cluster.ldas.cit&noUDP&sock=startd_1169757_9592>
...
024 (113604263.000.000) 2023-04-12 18:39:49 Job reconnection failed
    Job disconnected too long: JobLeaseDuration (2400 seconds) expired
    Can not reconnect to slot1_15@node2155.cluster.ldas.cit, rescheduling job
...
040 (113604263.000.000) 2023-04-12 18:46:05 Started transferring input files
	Transferring to host: <10.14.10.39:9618?addrs=10.14.10.39-9618&alias=node2289.cluster.ldas.cit&noUDP&sock=slot1_3_787819_813d_17773>
...
040 (113604263.000.000) 2023-04-12 18:46:05 Finished transferring input files
...
001 (113604263.000.000) 2023-04-12 18:46:06 Job executing on host: <10.14.10.39:9618?addrs=10.14.10.39-9618&alias=node2289.cluster.ldas.cit&noUDP&sock=startd_787777_1374>
...
006 (113604263.000.000) 2023-04-13 15:03:19 Image size of job updated: 7500000
	2259  -  MemoryUsage of job (MB)
	2312504  -  ResidentSetSize of job (KB)
...
004 (113604263.000.000) 2023-04-13 18:52:12 Job was evicted.
	(0) CPU times
		Usr 5 21:05:36, Sys 0 00:08:37  -  Run Remote Usage
		Usr 0 00:00:00, Sys 0 00:00:00  -  Run Local Usage
	0  -  Run Bytes Sent By Job
	366  -  Run Bytes Received By Job
	Partitionable Resources :    Usage  Request Allocated 
	   Cpus                 :     7.77        1         1 
	   Disk (KB)            :  3010      500000    624256 
	   GPUs                 :                           0 
	   Memory (MB)          :  2259       20000     20096 
...
040 (113604263.000.000) 2023-04-13 18:53:17 Started transferring input files
	Transferring to host: <10.14.4.41:9618?addrs=10.14.4.41-9618&alias=node791.cluster.ldas.cit&noUDP&sock=slot1_18_3281107_744a_27403>
...
040 (113604263.000.000) 2023-04-13 18:53:17 Finished transferring input files
...
001 (113604263.000.000) 2023-04-13 18:53:18 Job executing on host: <10.14.4.41:9618?addrs=10.14.4.41-9618&alias=node791.cluster.ldas.cit&noUDP&sock=startd_3281071_606f>
...
004 (113604263.000.000) 2023-04-14 18:56:43 Job was evicted.
	(0) CPU times
		Usr 3 12:34:21, Sys 0 00:08:00  -  Run Remote Usage
		Usr 0 00:00:00, Sys 0 00:00:00  -  Run Local Usage
	0  -  Run Bytes Sent By Job
	366  -  Run Bytes Received By Job
	Partitionable Resources :    Usage  Request Allocated 
	   Cpus                 :     0.99        1         1 
	   Disk (KB)            :  2836      500000    624256 
	   GPUs                 :                           0 
	   Memory (MB)          :  2442       20000     20096 
...
040 (113604263.000.000) 2023-04-14 19:00:25 Started transferring input files
	Transferring to host: <10.14.9.177:9618?addrs=10.14.9.177-9618&alias=node2177.cluster.ldas.cit&noUDP&sock=slot1_1_4676_6a37_1365>
...
040 (113604263.000.000) 2023-04-14 19:00:25 Finished transferring input files
...
001 (113604263.000.000) 2023-04-14 19:00:26 Job executing on host: <10.14.9.177:9618?addrs=10.14.9.177-9618&alias=node2177.cluster.ldas.cit&noUDP&sock=startd_3365_b047>
...
006 (113604263.000.000) 2023-04-15 19:43:06 Image size of job updated: 7500000
	2533  -  MemoryUsage of job (MB)
	2593628  -  ResidentSetSize of job (KB)
...
004 (113604263.000.000) 2023-04-15 19:47:42 Job was evicted.
	(0) CPU times
		Usr 5 10:26:50, Sys 0 00:05:33  -  Run Remote Usage
		Usr 0 00:00:00, Sys 0 00:00:00  -  Run Local Usage
	0  -  Run Bytes Sent By Job
	366  -  Run Bytes Received By Job
	Partitionable Resources :    Usage  Request Allocated 
	   Cpus                 :     7.92        1         1 
	   Disk (KB)            :  2940      500000    609620 
	   GPUs                 :                           0 
	   Memory (MB)          :  2533       20000     20096 
...
040 (113604263.000.000) 2023-04-15 19:49:42 Started transferring input files
	Transferring to host: <10.14.10.45:9618?addrs=10.14.10.45-9618&alias=node2295.cluster.ldas.cit&noUDP&sock=slot1_23_925037_ffc9_15328>
...
040 (113604263.000.000) 2023-04-15 19:49:42 Finished transferring input files
...
001 (113604263.000.000) 2023-04-15 19:49:43 Job executing on host: <10.14.10.45:9618?addrs=10.14.10.45-9618&alias=node2295.cluster.ldas.cit&noUDP&sock=startd_924995_35ef>
...
040 (113604263.000.000) 2023-04-15 21:54:43 Started transferring output files
...
040 (113604263.000.000) 2023-04-15 21:54:43 Finished transferring output files
...
005 (113604263.000.000) 2023-04-15 21:54:43 Job terminated.
	(1) Normal termination (return value 0)
		Usr 0 10:06:42, Sys 0 00:00:47  -  Run Remote Usage
		Usr 0 00:00:00, Sys 0 00:00:00  -  Run Local Usage
		Usr 37 18:49:36, Sys 0 01:16:18  -  Total Remote Usage
		Usr 0 00:00:00, Sys 0 00:00:00  -  Total Local Usage
	2777878  -  Run Bytes Sent By Job
	366  -  Run Bytes Received By Job
	2777878  -  Total Bytes Sent By Job
	3660  -  Total Bytes Received By Job
	Partitionable Resources :    Usage  Request Allocated 
	   Cpus                 :     0.97        1         1 
	   Disk (KB)            :  2736      500000    624256 
	   GPUs                 :                           0 
	   Memory (MB)          :  2686       20000     20096 

	Job terminated of its own accord at 2023-04-16T04:54:43Z with exit-code 0.
...
