000 (113449565.000.000) 2023-03-29 17:01:30 Job submitted from host: <10.14.0.160:9618?addrs=10.14.0.160-9618&alias=ldas-pcdev2.ligo.caltech.edu&noUDP&sock=schedd_7450_a8a7>
    DAG Node: 508
...
040 (113449565.000.000) 2023-03-29 17:22:11 Started transferring input files
	Transferring to host: <10.14.3.41:9618?addrs=10.14.3.41-9618&alias=node541.cluster.ldas.cit&noUDP&sock=slot1_4_1915318_8c77_28586>
...
040 (113449565.000.000) 2023-03-29 17:22:11 Finished transferring input files
...
001 (113449565.000.000) 2023-03-29 17:22:12 Job executing on host: <10.14.3.41:9618?addrs=10.14.3.41-9618&alias=node541.cluster.ldas.cit&noUDP&sock=startd_1915282_b962>
...
006 (113449565.000.000) 2023-03-29 17:22:20 Image size of job updated: 245468
	190  -  MemoryUsage of job (MB)
	194308  -  ResidentSetSize of job (KB)
...
006 (113449565.000.000) 2023-03-29 17:27:20 Image size of job updated: 5362228
	344  -  MemoryUsage of job (MB)
	351600  -  ResidentSetSize of job (KB)
...
006 (113449565.000.000) 2023-03-29 17:32:20 Image size of job updated: 5362228
	606  -  MemoryUsage of job (MB)
	620088  -  ResidentSetSize of job (KB)
...
006 (113449565.000.000) 2023-03-29 18:07:23 Image size of job updated: 5362228
	686  -  MemoryUsage of job (MB)
	701652  -  ResidentSetSize of job (KB)
...
006 (113449565.000.000) 2023-03-29 18:12:23 Image size of job updated: 5362228
	688  -  MemoryUsage of job (MB)
	703672  -  ResidentSetSize of job (KB)
...
006 (113449565.000.000) 2023-03-29 18:17:23 Image size of job updated: 5362228
	705  -  MemoryUsage of job (MB)
	721740  -  ResidentSetSize of job (KB)
...
006 (113449565.000.000) 2023-03-29 18:22:24 Image size of job updated: 5362228
	706  -  MemoryUsage of job (MB)
	722128  -  ResidentSetSize of job (KB)
...
006 (113449565.000.000) 2023-03-29 18:27:25 Image size of job updated: 5362228
	706  -  MemoryUsage of job (MB)
	722244  -  ResidentSetSize of job (KB)
...
006 (113449565.000.000) 2023-03-29 18:32:25 Image size of job updated: 5362228
	706  -  MemoryUsage of job (MB)
	722504  -  ResidentSetSize of job (KB)
...
006 (113449565.000.000) 2023-03-29 18:37:26 Image size of job updated: 5362228
	714  -  MemoryUsage of job (MB)
	730176  -  ResidentSetSize of job (KB)
...
006 (113449565.000.000) 2023-03-29 18:42:27 Image size of job updated: 5362228
	714  -  MemoryUsage of job (MB)
	730328  -  ResidentSetSize of job (KB)
...
006 (113449565.000.000) 2023-03-29 18:47:27 Image size of job updated: 5362228
	729  -  MemoryUsage of job (MB)
	746344  -  ResidentSetSize of job (KB)
...
006 (113449565.000.000) 2023-03-29 18:52:28 Image size of job updated: 5362228
	730  -  MemoryUsage of job (MB)
	746504  -  ResidentSetSize of job (KB)
...
006 (113449565.000.000) 2023-03-29 18:57:29 Image size of job updated: 5362228
	730  -  MemoryUsage of job (MB)
	746556  -  ResidentSetSize of job (KB)
...
006 (113449565.000.000) 2023-03-29 19:02:29 Image size of job updated: 5362228
	733  -  MemoryUsage of job (MB)
	750208  -  ResidentSetSize of job (KB)
...
006 (113449565.000.000) 2023-03-29 19:07:30 Image size of job updated: 5362228
	742  -  MemoryUsage of job (MB)
	759532  -  ResidentSetSize of job (KB)
...
006 (113449565.000.000) 2023-03-29 19:12:31 Image size of job updated: 5362228
	743  -  MemoryUsage of job (MB)
	760200  -  ResidentSetSize of job (KB)
...
006 (113449565.000.000) 2023-03-29 19:17:31 Image size of job updated: 5362228
	743  -  MemoryUsage of job (MB)
	760204  -  ResidentSetSize of job (KB)
...
006 (113449565.000.000) 2023-03-29 19:22:32 Image size of job updated: 5362228
	775  -  MemoryUsage of job (MB)
	793268  -  ResidentSetSize of job (KB)
...
006 (113449565.000.000) 2023-03-29 19:27:33 Image size of job updated: 5362228
	775  -  MemoryUsage of job (MB)
	793276  -  ResidentSetSize of job (KB)
...
006 (113449565.000.000) 2023-03-29 19:32:33 Image size of job updated: 5362228
	775  -  MemoryUsage of job (MB)
	793388  -  ResidentSetSize of job (KB)
...
006 (113449565.000.000) 2023-03-29 19:37:34 Image size of job updated: 5362228
	777  -  MemoryUsage of job (MB)
	795184  -  ResidentSetSize of job (KB)
...
006 (113449565.000.000) 2023-03-29 19:42:35 Image size of job updated: 5362228
	787  -  MemoryUsage of job (MB)
	805888  -  ResidentSetSize of job (KB)
...
006 (113449565.000.000) 2023-03-29 19:47:35 Image size of job updated: 5362228
	790  -  MemoryUsage of job (MB)
	808508  -  ResidentSetSize of job (KB)
...
006 (113449565.000.000) 2023-03-29 19:52:36 Image size of job updated: 5362228
	797  -  MemoryUsage of job (MB)
	815528  -  ResidentSetSize of job (KB)
...
006 (113449565.000.000) 2023-03-29 19:57:37 Image size of job updated: 5362228
	797  -  MemoryUsage of job (MB)
	815636  -  ResidentSetSize of job (KB)
...
006 (113449565.000.000) 2023-03-29 20:02:37 Image size of job updated: 5362228
	802  -  MemoryUsage of job (MB)
	820416  -  ResidentSetSize of job (KB)
...
006 (113449565.000.000) 2023-03-29 20:07:38 Image size of job updated: 5362228
	842  -  MemoryUsage of job (MB)
	861296  -  ResidentSetSize of job (KB)
...
006 (113449565.000.000) 2023-03-29 20:12:39 Image size of job updated: 5362228
	842  -  MemoryUsage of job (MB)
	862124  -  ResidentSetSize of job (KB)
...
006 (113449565.000.000) 2023-03-29 20:17:39 Image size of job updated: 5362228
	846  -  MemoryUsage of job (MB)
	865964  -  ResidentSetSize of job (KB)
...
006 (113449565.000.000) 2023-03-29 20:22:40 Image size of job updated: 5362228
	846  -  MemoryUsage of job (MB)
	866092  -  ResidentSetSize of job (KB)
...
006 (113449565.000.000) 2023-03-29 20:27:41 Image size of job updated: 5362228
	854  -  MemoryUsage of job (MB)
	873696  -  ResidentSetSize of job (KB)
...
006 (113449565.000.000) 2023-03-29 20:37:42 Image size of job updated: 5362228
	859  -  MemoryUsage of job (MB)
	879596  -  ResidentSetSize of job (KB)
...
006 (113449565.000.000) 2023-03-29 20:42:43 Image size of job updated: 5362228
	906  -  MemoryUsage of job (MB)
	927640  -  ResidentSetSize of job (KB)
...
006 (113449565.000.000) 2023-03-29 20:47:43 Image size of job updated: 5362228
	945  -  MemoryUsage of job (MB)
	967108  -  ResidentSetSize of job (KB)
...
006 (113449565.000.000) 2023-03-29 20:52:44 Image size of job updated: 5362228
	949  -  MemoryUsage of job (MB)
	970856  -  ResidentSetSize of job (KB)
...
006 (113449565.000.000) 2023-03-29 20:57:45 Image size of job updated: 5362228
	949  -  MemoryUsage of job (MB)
	971396  -  ResidentSetSize of job (KB)
...
006 (113449565.000.000) 2023-03-29 21:02:45 Image size of job updated: 5362228
	952  -  MemoryUsage of job (MB)
	974728  -  ResidentSetSize of job (KB)
...
006 (113449565.000.000) 2023-03-29 21:07:46 Image size of job updated: 5362228
	954  -  MemoryUsage of job (MB)
	976228  -  ResidentSetSize of job (KB)
...
006 (113449565.000.000) 2023-03-29 21:27:49 Image size of job updated: 5362228
	957  -  MemoryUsage of job (MB)
	979624  -  ResidentSetSize of job (KB)
...
006 (113449565.000.000) 2023-03-29 21:32:49 Image size of job updated: 5362228
	963  -  MemoryUsage of job (MB)
	986004  -  ResidentSetSize of job (KB)
...
006 (113449565.000.000) 2023-03-29 21:37:49 Image size of job updated: 5362228
	970  -  MemoryUsage of job (MB)
	992856  -  ResidentSetSize of job (KB)
...
006 (113449565.000.000) 2023-03-29 21:47:50 Image size of job updated: 5362228
	974  -  MemoryUsage of job (MB)
	997224  -  ResidentSetSize of job (KB)
...
006 (113449565.000.000) 2023-03-29 22:27:53 Image size of job updated: 5362228
	989  -  MemoryUsage of job (MB)
	1012192  -  ResidentSetSize of job (KB)
...
006 (113449565.000.000) 2023-03-29 22:42:55 Image size of job updated: 5362228
	991  -  MemoryUsage of job (MB)
	1014464  -  ResidentSetSize of job (KB)
...
006 (113449565.000.000) 2023-03-29 22:52:55 Image size of job updated: 5362228
	1000  -  MemoryUsage of job (MB)
	1023756  -  ResidentSetSize of job (KB)
...
006 (113449565.000.000) 2023-03-29 22:57:56 Image size of job updated: 5362228
	1009  -  MemoryUsage of job (MB)
	1033064  -  ResidentSetSize of job (KB)
...
006 (113449565.000.000) 2023-03-29 23:02:57 Image size of job updated: 5362228
	1009  -  MemoryUsage of job (MB)
	1033176  -  ResidentSetSize of job (KB)
...
006 (113449565.000.000) 2023-03-29 23:07:57 Image size of job updated: 5362228
	1013  -  MemoryUsage of job (MB)
	1037292  -  ResidentSetSize of job (KB)
...
006 (113449565.000.000) 2023-03-29 23:12:58 Image size of job updated: 5362228
	1013  -  MemoryUsage of job (MB)
	1037308  -  ResidentSetSize of job (KB)
...
006 (113449565.000.000) 2023-03-29 23:17:59 Image size of job updated: 5362228
	1038  -  MemoryUsage of job (MB)
	1061948  -  ResidentSetSize of job (KB)
...
006 (113449565.000.000) 2023-03-29 23:33:01 Image size of job updated: 5362228
	1053  -  MemoryUsage of job (MB)
	1077684  -  ResidentSetSize of job (KB)
...
006 (113449565.000.000) 2023-03-29 23:38:01 Image size of job updated: 5362228
	1072  -  MemoryUsage of job (MB)
	1097288  -  ResidentSetSize of job (KB)
...
006 (113449565.000.000) 2023-03-29 23:48:02 Image size of job updated: 5362228
	1077  -  MemoryUsage of job (MB)
	1101984  -  ResidentSetSize of job (KB)
...
006 (113449565.000.000) 2023-03-29 23:53:03 Image size of job updated: 5362228
	1099  -  MemoryUsage of job (MB)
	1124732  -  ResidentSetSize of job (KB)
...
006 (113449565.000.000) 2023-03-30 00:38:08 Image size of job updated: 5362228
	1132  -  MemoryUsage of job (MB)
	1159124  -  ResidentSetSize of job (KB)
...
006 (113449565.000.000) 2023-03-30 00:48:08 Image size of job updated: 5362228
	1136  -  MemoryUsage of job (MB)
	1162420  -  ResidentSetSize of job (KB)
...
006 (113449565.000.000) 2023-03-30 00:53:09 Image size of job updated: 5362228
	1138  -  MemoryUsage of job (MB)
	1165256  -  ResidentSetSize of job (KB)
...
006 (113449565.000.000) 2023-03-30 00:58:10 Image size of job updated: 5362228
	1158  -  MemoryUsage of job (MB)
	1185640  -  ResidentSetSize of job (KB)
...
006 (113449565.000.000) 2023-03-30 01:08:11 Image size of job updated: 5362228
	1161  -  MemoryUsage of job (MB)
	1188204  -  ResidentSetSize of job (KB)
...
006 (113449565.000.000) 2023-03-30 01:33:14 Image size of job updated: 5362228
	1164  -  MemoryUsage of job (MB)
	1191612  -  ResidentSetSize of job (KB)
...
006 (113449565.000.000) 2023-03-30 01:38:14 Image size of job updated: 5362228
	1165  -  MemoryUsage of job (MB)
	1192956  -  ResidentSetSize of job (KB)
...
006 (113449565.000.000) 2023-03-30 02:03:18 Image size of job updated: 5363632
	1172  -  MemoryUsage of job (MB)
	1199552  -  ResidentSetSize of job (KB)
...
006 (113449565.000.000) 2023-03-30 02:08:18 Image size of job updated: 5363632
	1192  -  MemoryUsage of job (MB)
	1220300  -  ResidentSetSize of job (KB)
...
006 (113449565.000.000) 2023-03-30 02:13:19 Image size of job updated: 5366644
	1192  -  MemoryUsage of job (MB)
	1220300  -  ResidentSetSize of job (KB)
...
006 (113449565.000.000) 2023-03-30 02:23:20 Image size of job updated: 5366644
	1199  -  MemoryUsage of job (MB)
	1227296  -  ResidentSetSize of job (KB)
...
006 (113449565.000.000) 2023-03-30 02:28:21 Image size of job updated: 5367876
	1199  -  MemoryUsage of job (MB)
	1227296  -  ResidentSetSize of job (KB)
...
006 (113449565.000.000) 2023-03-30 02:38:22 Image size of job updated: 5371164
	1199  -  MemoryUsage of job (MB)
	1227296  -  ResidentSetSize of job (KB)
...
006 (113449565.000.000) 2023-03-30 02:53:23 Image size of job updated: 5375148
	1199  -  MemoryUsage of job (MB)
	1227676  -  ResidentSetSize of job (KB)
...
006 (113449565.000.000) 2023-03-30 02:58:23 Image size of job updated: 5375148
	1200  -  MemoryUsage of job (MB)
	1228036  -  ResidentSetSize of job (KB)
...
006 (113449565.000.000) 2023-03-30 03:03:24 Image size of job updated: 5375148
	1200  -  MemoryUsage of job (MB)
	1228068  -  ResidentSetSize of job (KB)
...
006 (113449565.000.000) 2023-03-30 03:18:26 Image size of job updated: 5375148
	1202  -  MemoryUsage of job (MB)
	1230508  -  ResidentSetSize of job (KB)
...
006 (113449565.000.000) 2023-03-30 03:23:27 Image size of job updated: 5375148
	1222  -  MemoryUsage of job (MB)
	1250380  -  ResidentSetSize of job (KB)
...
006 (113449565.000.000) 2023-03-30 03:28:27 Image size of job updated: 5381988
	1223  -  MemoryUsage of job (MB)
	1251680  -  ResidentSetSize of job (KB)
...
006 (113449565.000.000) 2023-03-30 03:43:29 Image size of job updated: 5381988
	1252  -  MemoryUsage of job (MB)
	1281572  -  ResidentSetSize of job (KB)
...
006 (113449565.000.000) 2023-03-30 04:08:31 Image size of job updated: 5421484
	1252  -  MemoryUsage of job (MB)
	1281572  -  ResidentSetSize of job (KB)
...
006 (113449565.000.000) 2023-03-30 04:28:32 Image size of job updated: 5422996
	1257  -  MemoryUsage of job (MB)
	1286436  -  ResidentSetSize of job (KB)
...
006 (113449565.000.000) 2023-03-30 04:48:33 Image size of job updated: 5422996
	1257  -  MemoryUsage of job (MB)
	1286876  -  ResidentSetSize of job (KB)
...
006 (113449565.000.000) 2023-03-30 04:58:35 Image size of job updated: 5422996
	1270  -  MemoryUsage of job (MB)
	1300132  -  ResidentSetSize of job (KB)
...
006 (113449565.000.000) 2023-03-30 05:13:37 Image size of job updated: 5435676
	1270  -  MemoryUsage of job (MB)
	1300132  -  ResidentSetSize of job (KB)
...
006 (113449565.000.000) 2023-03-30 05:33:39 Image size of job updated: 5438436
	1270  -  MemoryUsage of job (MB)
	1300132  -  ResidentSetSize of job (KB)
...
006 (113449565.000.000) 2023-03-30 05:43:41 Image size of job updated: 5439956
	1270  -  MemoryUsage of job (MB)
	1300132  -  ResidentSetSize of job (KB)
...
006 (113449565.000.000) 2023-03-30 05:58:43 Image size of job updated: 5519316
	1270  -  MemoryUsage of job (MB)
	1300132  -  ResidentSetSize of job (KB)
...
006 (113449565.000.000) 2023-03-30 06:13:45 Image size of job updated: 5519316
	1273  -  MemoryUsage of job (MB)
	1302716  -  ResidentSetSize of job (KB)
...
006 (113449565.000.000) 2023-03-30 06:28:46 Image size of job updated: 5519316
	1273  -  MemoryUsage of job (MB)
	1303040  -  ResidentSetSize of job (KB)
...
006 (113449565.000.000) 2023-03-30 06:43:48 Image size of job updated: 5519316
	1273  -  MemoryUsage of job (MB)
	1303468  -  ResidentSetSize of job (KB)
...
006 (113449565.000.000) 2023-03-30 06:58:50 Image size of job updated: 5519316
	1274  -  MemoryUsage of job (MB)
	1304260  -  ResidentSetSize of job (KB)
...
006 (113449565.000.000) 2023-03-30 07:18:51 Image size of job updated: 5529468
	1274  -  MemoryUsage of job (MB)
	1304260  -  ResidentSetSize of job (KB)
...
006 (113449565.000.000) 2023-03-30 07:33:52 Image size of job updated: 5529468
	1286  -  MemoryUsage of job (MB)
	1316416  -  ResidentSetSize of job (KB)
...
006 (113449565.000.000) 2023-03-30 07:43:53 Image size of job updated: 5529468
	1287  -  MemoryUsage of job (MB)
	1317592  -  ResidentSetSize of job (KB)
...
006 (113449565.000.000) 2023-03-30 07:53:53 Image size of job updated: 5529468
	1294  -  MemoryUsage of job (MB)
	1324328  -  ResidentSetSize of job (KB)
...
006 (113449565.000.000) 2023-03-30 07:58:54 Image size of job updated: 5529468
	1296  -  MemoryUsage of job (MB)
	1326380  -  ResidentSetSize of job (KB)
...
006 (113449565.000.000) 2023-03-30 08:03:54 Image size of job updated: 5529468
	1296  -  MemoryUsage of job (MB)
	1326636  -  ResidentSetSize of job (KB)
...
006 (113449565.000.000) 2023-03-30 08:23:56 Image size of job updated: 5529468
	1298  -  MemoryUsage of job (MB)
	1328724  -  ResidentSetSize of job (KB)
...
006 (113449565.000.000) 2023-03-30 08:28:57 Image size of job updated: 5529468
	1298  -  MemoryUsage of job (MB)
	1328836  -  ResidentSetSize of job (KB)
...
006 (113449565.000.000) 2023-03-30 08:38:58 Image size of job updated: 5529468
	1299  -  MemoryUsage of job (MB)
	1330064  -  ResidentSetSize of job (KB)
...
006 (113449565.000.000) 2023-03-30 08:54:00 Image size of job updated: 5529468
	1301  -  MemoryUsage of job (MB)
	1331904  -  ResidentSetSize of job (KB)
...
006 (113449565.000.000) 2023-03-30 09:04:02 Image size of job updated: 5529468
	1328  -  MemoryUsage of job (MB)
	1359604  -  ResidentSetSize of job (KB)
...
006 (113449565.000.000) 2023-03-30 09:19:04 Image size of job updated: 5529468
	1418  -  MemoryUsage of job (MB)
	1451572  -  ResidentSetSize of job (KB)
...
006 (113449565.000.000) 2023-03-30 11:44:19 Image size of job updated: 5534396
	1437  -  MemoryUsage of job (MB)
	1470660  -  ResidentSetSize of job (KB)
...
006 (113449565.000.000) 2023-03-30 11:59:20 Image size of job updated: 5535388
	1437  -  MemoryUsage of job (MB)
	1470660  -  ResidentSetSize of job (KB)
...
006 (113449565.000.000) 2023-03-30 12:19:22 Image size of job updated: 5535884
	1437  -  MemoryUsage of job (MB)
	1470660  -  ResidentSetSize of job (KB)
...
006 (113449565.000.000) 2023-03-30 12:49:26 Image size of job updated: 5537380
	1437  -  MemoryUsage of job (MB)
	1470660  -  ResidentSetSize of job (KB)
...
006 (113449565.000.000) 2023-03-30 12:59:27 Image size of job updated: 5538636
	1437  -  MemoryUsage of job (MB)
	1470660  -  ResidentSetSize of job (KB)
...
006 (113449565.000.000) 2023-03-30 13:14:28 Image size of job updated: 5541852
	1437  -  MemoryUsage of job (MB)
	1470660  -  ResidentSetSize of job (KB)
...
006 (113449565.000.000) 2023-03-30 13:19:28 Image size of job updated: 5634396
	1437  -  MemoryUsage of job (MB)
	1470660  -  ResidentSetSize of job (KB)
...
006 (113449565.000.000) 2023-03-30 18:40:02 Image size of job updated: 5634396
	1507  -  MemoryUsage of job (MB)
	1542804  -  ResidentSetSize of job (KB)
...
006 (113449565.000.000) 2023-03-30 20:00:10 Image size of job updated: 5646860
	1507  -  MemoryUsage of job (MB)
	1542804  -  ResidentSetSize of job (KB)
...
006 (113449565.000.000) 2023-03-30 20:15:12 Image size of job updated: 5648344
	1507  -  MemoryUsage of job (MB)
	1542804  -  ResidentSetSize of job (KB)
...
006 (113449565.000.000) 2023-03-30 20:35:13 Image size of job updated: 5666480
	1507  -  MemoryUsage of job (MB)
	1542804  -  ResidentSetSize of job (KB)
...
006 (113449565.000.000) 2023-03-30 20:50:14 Image size of job updated: 5668992
	1507  -  MemoryUsage of job (MB)
	1542804  -  ResidentSetSize of job (KB)
...
006 (113449565.000.000) 2023-03-30 21:10:17 Image size of job updated: 5670248
	1507  -  MemoryUsage of job (MB)
	1542804  -  ResidentSetSize of job (KB)
...
006 (113449565.000.000) 2023-03-30 21:20:18 Image size of job updated: 5670744
	1507  -  MemoryUsage of job (MB)
	1542804  -  ResidentSetSize of job (KB)
...
006 (113449565.000.000) 2023-03-30 22:50:29 Image size of job updated: 5670744
	1551  -  MemoryUsage of job (MB)
	1587248  -  ResidentSetSize of job (KB)
...
006 (113449565.000.000) 2023-03-30 23:50:33 Image size of job updated: 5691708
	1551  -  MemoryUsage of job (MB)
	1587248  -  ResidentSetSize of job (KB)
...
006 (113449565.000.000) 2023-03-31 00:20:36 Image size of job updated: 5712332
	1551  -  MemoryUsage of job (MB)
	1587248  -  ResidentSetSize of job (KB)
...
006 (113449565.000.000) 2023-03-31 00:45:39 Image size of job updated: 5723780
	1551  -  MemoryUsage of job (MB)
	1587248  -  ResidentSetSize of job (KB)
...
006 (113449565.000.000) 2023-03-31 01:10:43 Image size of job updated: 5725780
	1623  -  MemoryUsage of job (MB)
	1661844  -  ResidentSetSize of job (KB)
...
006 (113449565.000.000) 2023-03-31 01:45:47 Image size of job updated: 5731668
	1623  -  MemoryUsage of job (MB)
	1661844  -  ResidentSetSize of job (KB)
...
006 (113449565.000.000) 2023-03-31 02:15:50 Image size of job updated: 5735444
	1623  -  MemoryUsage of job (MB)
	1661844  -  ResidentSetSize of job (KB)
...
006 (113449565.000.000) 2023-03-31 02:30:51 Image size of job updated: 5751940
	1634  -  MemoryUsage of job (MB)
	1673112  -  ResidentSetSize of job (KB)
...
004 (113449565.000.000) 2023-03-31 03:10:05 Job was evicted.
	(0) CPU times
		Usr 3 20:04:19, Sys 0 00:11:59  -  Run Remote Usage
		Usr 0 00:00:00, Sys 0 00:00:00  -  Run Local Usage
	0  -  Run Bytes Sent By Job
	366  -  Run Bytes Received By Job
	Partitionable Resources :    Usage  Request Allocated 
	   Cpus                 :     7.95        1         1 
	   Disk (KB)            :  3634      500000    609620 
	   GPUs                 :                           0 
	   Memory (MB)          :  1634       20000     20096 
...
040 (113449565.000.000) 2023-03-31 03:16:32 Started transferring input files
	Transferring to host: <10.14.9.142:9618?addrs=10.14.9.142-9618&alias=node2142.cluster.ldas.cit&noUDP&sock=slot1_3_3940449_8a46_6668>
...
040 (113449565.000.000) 2023-03-31 03:16:32 Finished transferring input files
...
001 (113449565.000.000) 2023-03-31 03:16:33 Job executing on host: <10.14.9.142:9618?addrs=10.14.9.142-9618&alias=node2142.cluster.ldas.cit&noUDP&sock=startd_3940408_b7a7>
...
006 (113449565.000.000) 2023-03-31 20:33:28 Image size of job updated: 7500000
	1711  -  MemoryUsage of job (MB)
	1751568  -  ResidentSetSize of job (KB)
...
006 (113449565.000.000) 2023-03-31 20:43:29 Image size of job updated: 7500000
	1714  -  MemoryUsage of job (MB)
	1754608  -  ResidentSetSize of job (KB)
...
006 (113449565.000.000) 2023-03-31 20:48:29 Image size of job updated: 7500000
	1716  -  MemoryUsage of job (MB)
	1756820  -  ResidentSetSize of job (KB)
...
006 (113449565.000.000) 2023-03-31 20:53:30 Image size of job updated: 7500000
	1746  -  MemoryUsage of job (MB)
	1787544  -  ResidentSetSize of job (KB)
...
006 (113449565.000.000) 2023-03-31 22:13:38 Image size of job updated: 7500000
	1891  -  MemoryUsage of job (MB)
	1936300  -  ResidentSetSize of job (KB)
...
006 (113449565.000.000) 2023-03-31 22:48:41 Image size of job updated: 7500000
	1911  -  MemoryUsage of job (MB)
	1956116  -  ResidentSetSize of job (KB)
...
006 (113449565.000.000) 2023-04-01 00:43:54 Image size of job updated: 7500000
	1928  -  MemoryUsage of job (MB)
	1973972  -  ResidentSetSize of job (KB)
...
006 (113449565.000.000) 2023-04-01 01:28:58 Image size of job updated: 7500000
	1938  -  MemoryUsage of job (MB)
	1983660  -  ResidentSetSize of job (KB)
...
004 (113449565.000.000) 2023-04-01 03:21:22 Job was evicted.
	(0) CPU times
		Usr 3 17:26:18, Sys 0 00:06:30  -  Run Remote Usage
		Usr 0 00:00:00, Sys 0 00:00:00  -  Run Local Usage
	0  -  Run Bytes Sent By Job
	366  -  Run Bytes Received By Job
	Partitionable Resources :    Usage  Request Allocated 
	   Cpus                 :     1.00        1         1 
	   Disk (KB)            :  3374      500000    609620 
	   GPUs                 :                           0 
	   Memory (MB)          :  1938       20000     20096 
...
040 (113449565.000.000) 2023-04-01 03:23:38 Started transferring input files
	Transferring to host: <10.14.4.35:9618?addrs=10.14.4.35-9618&alias=node785.cluster.ldas.cit&noUDP&sock=slot1_5_2682066_e0c2_18227>
...
040 (113449565.000.000) 2023-04-01 03:23:38 Finished transferring input files
...
001 (113449565.000.000) 2023-04-01 03:23:39 Job executing on host: <10.14.4.35:9618?addrs=10.14.4.35-9618&alias=node785.cluster.ldas.cit&noUDP&sock=startd_2682030_13a8>
...
006 (113449565.000.000) 2023-04-02 02:11:19 Image size of job updated: 7500000
	2152  -  MemoryUsage of job (MB)
	2203068  -  ResidentSetSize of job (KB)
...
004 (113449565.000.000) 2023-04-02 03:23:57 Job was evicted.
	(0) CPU times
		Usr 2 21:30:54, Sys 0 00:06:31  -  Run Remote Usage
		Usr 0 00:00:00, Sys 0 00:00:00  -  Run Local Usage
	0  -  Run Bytes Sent By Job
	366  -  Run Bytes Received By Job
	Partitionable Resources :    Usage  Request Allocated 
	   Cpus                 :     0.96        1         1 
	   Disk (KB)            :  2972      500000    624256 
	   GPUs                 :                           0 
	   Memory (MB)          :  2152       20000     20096 
...
040 (113449565.000.000) 2023-04-02 06:35:33 Entered queue to transfer input files
	Transferring to host: <10.14.4.41:9618?addrs=10.14.4.41-9618&alias=node791.cluster.ldas.cit&noUDP&sock=slot1_6_3281107_744a_16806>
...
040 (113449565.000.000) 2023-04-02 06:36:02 Started transferring input files
	Seconds spent in queue: 29
...
040 (113449565.000.000) 2023-04-02 06:36:02 Finished transferring input files
...
001 (113449565.000.000) 2023-04-02 06:36:03 Job executing on host: <10.14.4.41:9618?addrs=10.14.4.41-9618&alias=node791.cluster.ldas.cit&noUDP&sock=startd_3281071_606f>
...
006 (113449565.000.000) 2023-04-02 19:02:41 Image size of job updated: 7500000
	2220  -  MemoryUsage of job (MB)
	2273228  -  ResidentSetSize of job (KB)
...
004 (113449565.000.000) 2023-04-03 06:40:03 Job was evicted.
	(0) CPU times
		Usr 3 00:33:41, Sys 0 00:07:28  -  Run Remote Usage
		Usr 0 00:00:00, Sys 0 00:00:00  -  Run Local Usage
	0  -  Run Bytes Sent By Job
	366  -  Run Bytes Received By Job
	Partitionable Resources :    Usage  Request Allocated 
	   Cpus                 :     5.35        1         1 
	   Disk (KB)            :  2885      500000    624256 
	   GPUs                 :                           0 
	   Memory (MB)          :  2220       20000     20096 
...
040 (113449565.000.000) 2023-04-03 06:41:56 Started transferring input files
	Seconds spent in queue: 86783
...
040 (113449565.000.000) 2023-04-03 06:41:56 Finished transferring input files
...
001 (113449565.000.000) 2023-04-03 06:41:58 Job executing on host: <10.14.4.1:9618?addrs=10.14.4.1-9618&alias=node751.cluster.ldas.cit&noUDP&sock=startd_3213168_910e>
...
004 (113449565.000.000) 2023-04-04 08:18:45 Job was evicted.
	(0) CPU times
		Usr 4 12:16:38, Sys 0 00:13:34  -  Run Remote Usage
		Usr 0 00:00:00, Sys 0 00:00:00  -  Run Local Usage
	0  -  Run Bytes Sent By Job
	366  -  Run Bytes Received By Job
	Partitionable Resources :    Usage  Request Allocated 
	   Cpus                 :     6.27        1         1 
	   Disk (KB)            :  2840      500000    609620 
	   GPUs                 :                           0 
	   Memory (MB)          :  2442       20000     20096 
...
040 (113449565.000.000) 2023-04-04 08:22:56 Started transferring input files
	Seconds spent in queue: 179243
...
040 (113449565.000.000) 2023-04-04 08:22:56 Finished transferring input files
...
001 (113449565.000.000) 2023-04-04 08:22:57 Job executing on host: <10.14.9.70:9618?addrs=10.14.9.70-9618&alias=node2070.cluster.ldas.cit&noUDP&sock=startd_3401945_e307>
...
004 (113449565.000.000) 2023-04-05 08:39:45 Job was evicted.
	(0) CPU times
		Usr 4 23:11:13, Sys 0 00:08:45  -  Run Remote Usage
		Usr 0 00:00:00, Sys 0 00:00:00  -  Run Local Usage
	0  -  Run Bytes Sent By Job
	366  -  Run Bytes Received By Job
	Partitionable Resources :    Usage  Request Allocated 
	   Cpus                 :     1.00        1         1 
	   Disk (KB)            :  2869      500000    609620 
	   GPUs                 :                           0 
	   Memory (MB)          :  2442       20000     20096 
...
040 (113449565.000.000) 2023-04-05 08:40:42 Started transferring input files
	Seconds spent in queue: 266709
...
040 (113449565.000.000) 2023-04-05 08:40:42 Finished transferring input files
...
001 (113449565.000.000) 2023-04-05 08:40:43 Job executing on host: <10.14.10.42:9618?addrs=10.14.10.42-9618&alias=node2292.cluster.ldas.cit&noUDP&sock=startd_1835780_f700>
...
004 (113449565.000.000) 2023-04-05 14:52:22 Job was evicted.
	(0) CPU times
		Usr 1 07:43:08, Sys 0 00:00:56  -  Run Remote Usage
		Usr 0 00:00:00, Sys 0 00:00:00  -  Run Local Usage
	0  -  Run Bytes Sent By Job
	366  -  Run Bytes Received By Job
	Partitionable Resources :    Usage  Request Allocated 
	   Cpus                 :     7.96        1         1 
	   Disk (KB)            :  2762      500000    624256 
	   GPUs                 :                           0 
	   Memory (MB)          :  2442       20000     20096 
...
009 (113449565.000.000) 2023-04-05 14:52:22 Job was aborted.
	removed because <OtherJobRemoveRequirements = DAGManJobId =?= 113449368> fired when job (113449368.0) was removed
...
000 (113587192.000.000) 2023-04-05 14:54:15 Job submitted from host: <10.14.0.160:9618?addrs=10.14.0.160-9618&alias=ldas-pcdev2.ligo.caltech.edu&noUDP&sock=schedd_7450_a8a7>
    DAG Node: 508
...
022 (113587192.000.000) 2023-04-05 14:56:13 Job disconnected, attempting to reconnect
    Socket between submit and execute hosts closed unexpectedly
    Trying to reconnect to slot1_5@node2199.cluster.ldas.cit <10.14.9.199:9618?addrs=10.14.9.199-9618&alias=node2199.cluster.ldas.cit&noUDP&sock=startd_3766_bdc1>
...
024 (113587192.000.000) 2023-04-05 14:56:22 Job reconnection failed
    Job not found at execution machine
    Can not reconnect to slot1_5@node2199.cluster.ldas.cit, rescheduling job
...
040 (113587192.000.000) 2023-04-05 14:59:19 Started transferring input files
	Transferring to host: <10.14.10.38:9618?addrs=10.14.10.38-9618&alias=node2288.cluster.ldas.cit&noUDP&sock=slot1_7_1627261_5555_231>
...
040 (113587192.000.000) 2023-04-05 14:59:19 Finished transferring input files
...
001 (113587192.000.000) 2023-04-05 14:59:20 Job executing on host: <10.14.10.38:9618?addrs=10.14.10.38-9618&alias=node2288.cluster.ldas.cit&noUDP&sock=startd_1627219_7759>
...
006 (113587192.000.000) 2023-04-05 14:59:28 Image size of job updated: 202636
	192  -  MemoryUsage of job (MB)
	196564  -  ResidentSetSize of job (KB)
...
006 (113587192.000.000) 2023-04-05 15:04:28 Image size of job updated: 5337640
	779  -  MemoryUsage of job (MB)
	796988  -  ResidentSetSize of job (KB)
...
006 (113587192.000.000) 2023-04-05 15:09:28 Image size of job updated: 5420916
	862  -  MemoryUsage of job (MB)
	881728  -  ResidentSetSize of job (KB)
...
006 (113587192.000.000) 2023-04-05 15:14:29 Image size of job updated: 5566372
	1004  -  MemoryUsage of job (MB)
	1027120  -  ResidentSetSize of job (KB)
...
006 (113587192.000.000) 2023-04-05 15:19:29 Image size of job updated: 5714476
	1118  -  MemoryUsage of job (MB)
	1144336  -  ResidentSetSize of job (KB)
...
006 (113587192.000.000) 2023-04-05 15:29:30 Image size of job updated: 5844360
	1271  -  MemoryUsage of job (MB)
	1301196  -  ResidentSetSize of job (KB)
...
006 (113587192.000.000) 2023-04-05 15:34:31 Image size of job updated: 5872680
	1299  -  MemoryUsage of job (MB)
	1329352  -  ResidentSetSize of job (KB)
...
006 (113587192.000.000) 2023-04-05 15:39:31 Image size of job updated: 5993396
	1417  -  MemoryUsage of job (MB)
	1450268  -  ResidentSetSize of job (KB)
...
006 (113587192.000.000) 2023-04-05 15:44:32 Image size of job updated: 6081568
	1503  -  MemoryUsage of job (MB)
	1538500  -  ResidentSetSize of job (KB)
...
006 (113587192.000.000) 2023-04-05 15:59:33 Image size of job updated: 6227688
	1503  -  MemoryUsage of job (MB)
	1538500  -  ResidentSetSize of job (KB)
...
006 (113587192.000.000) 2023-04-05 16:14:35 Image size of job updated: 6238184
	1503  -  MemoryUsage of job (MB)
	1538500  -  ResidentSetSize of job (KB)
...
006 (113587192.000.000) 2023-04-05 16:39:38 Image size of job updated: 6238184
	1552  -  MemoryUsage of job (MB)
	1588260  -  ResidentSetSize of job (KB)
...
006 (113587192.000.000) 2023-04-05 16:54:39 Image size of job updated: 6255588
	1552  -  MemoryUsage of job (MB)
	1588260  -  ResidentSetSize of job (KB)
...
006 (113587192.000.000) 2023-04-05 18:29:50 Image size of job updated: 6255588
	1576  -  MemoryUsage of job (MB)
	1613592  -  ResidentSetSize of job (KB)
...
006 (113587192.000.000) 2023-04-05 19:54:58 Image size of job updated: 6255588
	1593  -  MemoryUsage of job (MB)
	1631096  -  ResidentSetSize of job (KB)
...
006 (113587192.000.000) 2023-04-05 20:15:00 Image size of job updated: 6255588
	1676  -  MemoryUsage of job (MB)
	1715856  -  ResidentSetSize of job (KB)
...
006 (113587192.000.000) 2023-04-05 20:20:01 Image size of job updated: 6255588
	1821  -  MemoryUsage of job (MB)
	1864148  -  ResidentSetSize of job (KB)
...
006 (113587192.000.000) 2023-04-05 20:50:03 Image size of job updated: 6255588
	1846  -  MemoryUsage of job (MB)
	1889832  -  ResidentSetSize of job (KB)
...
006 (113587192.000.000) 2023-04-05 21:20:06 Image size of job updated: 6255588
	1870  -  MemoryUsage of job (MB)
	1913896  -  ResidentSetSize of job (KB)
...
006 (113587192.000.000) 2023-04-05 22:25:13 Image size of job updated: 6255588
	1922  -  MemoryUsage of job (MB)
	1968088  -  ResidentSetSize of job (KB)
...
006 (113587192.000.000) 2023-04-05 22:35:14 Image size of job updated: 6255588
	1958  -  MemoryUsage of job (MB)
	2004296  -  ResidentSetSize of job (KB)
...
006 (113587192.000.000) 2023-04-06 01:15:31 Image size of job updated: 6298764
	1958  -  MemoryUsage of job (MB)
	2004296  -  ResidentSetSize of job (KB)
...
006 (113587192.000.000) 2023-04-06 05:00:54 Image size of job updated: 6298764
	1966  -  MemoryUsage of job (MB)
	2013120  -  ResidentSetSize of job (KB)
...
006 (113587192.000.000) 2023-04-06 05:56:01 Image size of job updated: 6298764
	2033  -  MemoryUsage of job (MB)
	2081772  -  ResidentSetSize of job (KB)
...
006 (113587192.000.000) 2023-04-06 06:56:07 Image size of job updated: 6298764
	2065  -  MemoryUsage of job (MB)
	2113744  -  ResidentSetSize of job (KB)
...
006 (113587192.000.000) 2023-04-06 07:11:09 Image size of job updated: 6301420
	2065  -  MemoryUsage of job (MB)
	2113744  -  ResidentSetSize of job (KB)
...
006 (113587192.000.000) 2023-04-06 08:06:14 Image size of job updated: 6301420
	2070  -  MemoryUsage of job (MB)
	2119512  -  ResidentSetSize of job (KB)
...
006 (113587192.000.000) 2023-04-06 12:01:38 Image size of job updated: 6301420
	2141  -  MemoryUsage of job (MB)
	2191720  -  ResidentSetSize of job (KB)
...
004 (113587192.000.000) 2023-04-06 15:59:01 Job was evicted.
	(0) CPU times
		Usr 5 23:59:20, Sys 0 00:06:49  -  Run Remote Usage
		Usr 0 00:00:00, Sys 0 00:00:00  -  Run Local Usage
	0  -  Run Bytes Sent By Job
	366  -  Run Bytes Received By Job
	Partitionable Resources :    Usage  Request Allocated 
	   Cpus                 :     5.97        1         1 
	   Disk (KB)            :  2889      500000    624256 
	   GPUs                 :                           0 
	   Memory (MB)          :  2141       20000     20096 
...
040 (113587192.000.000) 2023-04-06 16:02:20 Started transferring input files
	Transferring to host: <10.14.4.118:9618?addrs=10.14.4.118-9618&alias=node868.cluster.ldas.cit&noUDP&sock=slot1_1_3762494_24e2_2018>
...
040 (113587192.000.000) 2023-04-06 16:02:20 Finished transferring input files
...
001 (113587192.000.000) 2023-04-06 16:02:21 Job executing on host: <10.14.4.118:9618?addrs=10.14.4.118-9618&alias=node868.cluster.ldas.cit&noUDP&sock=startd_3762453_6399>
...
004 (113587192.000.000) 2023-04-06 16:04:44 Job was evicted.
	(0) CPU times
		Usr 0 00:02:45, Sys 0 00:00:01  -  Run Remote Usage
		Usr 0 00:00:00, Sys 0 00:00:00  -  Run Local Usage
	0  -  Run Bytes Sent By Job
	366  -  Run Bytes Received By Job
	Partitionable Resources :    Usage  Request Allocated 
	   Cpus                 :     5.97        1         1 
	   Disk (KB)            :  2706      500000    558636 
	   GPUs                 :                           0 
	   Memory (MB)          :  2198       20000     20096 
...
009 (113587192.000.000) 2023-04-06 16:04:44 Job was aborted.
	removed because <OtherJobRemoveRequirements = DAGManJobId =?= 113587092> fired when job (113587092.0) was removed
...
000 (113604305.000.000) 2023-04-06 16:27:57 Job submitted from host: <10.14.0.160:9618?addrs=10.14.0.160-9618&alias=ldas-pcdev2.ligo.caltech.edu&noUDP&sock=schedd_7450_a8a7>
    DAG Node: 508
...
040 (113604305.000.000) 2023-04-06 16:32:44 Started transferring input files
	Transferring to host: <10.14.9.71:9618?addrs=10.14.9.71-9618&alias=node2071.cluster.ldas.cit&noUDP&sock=slot1_12_4006320_9e5d_10907>
...
040 (113604305.000.000) 2023-04-06 16:32:44 Finished transferring input files
...
001 (113604305.000.000) 2023-04-06 16:32:45 Job executing on host: <10.14.9.71:9618?addrs=10.14.9.71-9618&alias=node2071.cluster.ldas.cit&noUDP&sock=startd_4006281_1dc6>
...
006 (113604305.000.000) 2023-04-06 16:32:54 Image size of job updated: 565596
	191  -  MemoryUsage of job (MB)
	194608  -  ResidentSetSize of job (KB)
...
006 (113604305.000.000) 2023-04-06 16:37:55 Image size of job updated: 5148152
	464  -  MemoryUsage of job (MB)
	474484  -  ResidentSetSize of job (KB)
...
006 (113604305.000.000) 2023-04-06 16:42:55 Image size of job updated: 5148152
	636  -  MemoryUsage of job (MB)
	651024  -  ResidentSetSize of job (KB)
...
006 (113604305.000.000) 2023-04-06 16:47:56 Image size of job updated: 5148152
	647  -  MemoryUsage of job (MB)
	661996  -  ResidentSetSize of job (KB)
...
006 (113604305.000.000) 2023-04-06 16:52:57 Image size of job updated: 5148152
	655  -  MemoryUsage of job (MB)
	670568  -  ResidentSetSize of job (KB)
...
006 (113604305.000.000) 2023-04-06 16:57:57 Image size of job updated: 5148152
	715  -  MemoryUsage of job (MB)
	731556  -  ResidentSetSize of job (KB)
...
006 (113604305.000.000) 2023-04-06 17:02:57 Image size of job updated: 5148152
	718  -  MemoryUsage of job (MB)
	734784  -  ResidentSetSize of job (KB)
...
006 (113604305.000.000) 2023-04-06 17:07:58 Image size of job updated: 5148152
	733  -  MemoryUsage of job (MB)
	750232  -  ResidentSetSize of job (KB)
...
006 (113604305.000.000) 2023-04-06 17:12:58 Image size of job updated: 5148152
	735  -  MemoryUsage of job (MB)
	752520  -  ResidentSetSize of job (KB)
...
006 (113604305.000.000) 2023-04-06 17:17:58 Image size of job updated: 5148152
	742  -  MemoryUsage of job (MB)
	759676  -  ResidentSetSize of job (KB)
...
006 (113604305.000.000) 2023-04-06 17:22:59 Image size of job updated: 5148152
	743  -  MemoryUsage of job (MB)
	760108  -  ResidentSetSize of job (KB)
...
006 (113604305.000.000) 2023-04-06 17:28:00 Image size of job updated: 5148152
	748  -  MemoryUsage of job (MB)
	764952  -  ResidentSetSize of job (KB)
...
006 (113604305.000.000) 2023-04-06 17:38:01 Image size of job updated: 5148152
	770  -  MemoryUsage of job (MB)
	788064  -  ResidentSetSize of job (KB)
...
006 (113604305.000.000) 2023-04-06 17:43:02 Image size of job updated: 5148152
	775  -  MemoryUsage of job (MB)
	792656  -  ResidentSetSize of job (KB)
...
006 (113604305.000.000) 2023-04-06 17:48:02 Image size of job updated: 5148152
	778  -  MemoryUsage of job (MB)
	796440  -  ResidentSetSize of job (KB)
...
006 (113604305.000.000) 2023-04-06 17:53:02 Image size of job updated: 5148152
	783  -  MemoryUsage of job (MB)
	800976  -  ResidentSetSize of job (KB)
...
006 (113604305.000.000) 2023-04-06 17:58:03 Image size of job updated: 5148152
	793  -  MemoryUsage of job (MB)
	811052  -  ResidentSetSize of job (KB)
...
006 (113604305.000.000) 2023-04-06 18:08:04 Image size of job updated: 5148152
	796  -  MemoryUsage of job (MB)
	814276  -  ResidentSetSize of job (KB)
...
006 (113604305.000.000) 2023-04-06 18:13:05 Image size of job updated: 5148152
	796  -  MemoryUsage of job (MB)
	814280  -  ResidentSetSize of job (KB)
...
006 (113604305.000.000) 2023-04-06 18:18:06 Image size of job updated: 5148152
	796  -  MemoryUsage of job (MB)
	814284  -  ResidentSetSize of job (KB)
...
006 (113604305.000.000) 2023-04-06 18:28:06 Image size of job updated: 5148152
	816  -  MemoryUsage of job (MB)
	834900  -  ResidentSetSize of job (KB)
...
006 (113604305.000.000) 2023-04-06 18:33:07 Image size of job updated: 5148152
	818  -  MemoryUsage of job (MB)
	837544  -  ResidentSetSize of job (KB)
...
006 (113604305.000.000) 2023-04-06 18:43:07 Image size of job updated: 5148152
	819  -  MemoryUsage of job (MB)
	837740  -  ResidentSetSize of job (KB)
...
006 (113604305.000.000) 2023-04-06 18:48:08 Image size of job updated: 5148152
	819  -  MemoryUsage of job (MB)
	838004  -  ResidentSetSize of job (KB)
...
006 (113604305.000.000) 2023-04-06 18:53:09 Image size of job updated: 5148152
	819  -  MemoryUsage of job (MB)
	838448  -  ResidentSetSize of job (KB)
...
006 (113604305.000.000) 2023-04-06 18:58:09 Image size of job updated: 5148152
	821  -  MemoryUsage of job (MB)
	840396  -  ResidentSetSize of job (KB)
...
006 (113604305.000.000) 2023-04-06 19:08:11 Image size of job updated: 5148152
	825  -  MemoryUsage of job (MB)
	844724  -  ResidentSetSize of job (KB)
...
006 (113604305.000.000) 2023-04-06 19:23:12 Image size of job updated: 5148152
	826  -  MemoryUsage of job (MB)
	844892  -  ResidentSetSize of job (KB)
...
006 (113604305.000.000) 2023-04-06 19:28:12 Image size of job updated: 5148152
	831  -  MemoryUsage of job (MB)
	850880  -  ResidentSetSize of job (KB)
...
006 (113604305.000.000) 2023-04-06 19:33:12 Image size of job updated: 5148152
	833  -  MemoryUsage of job (MB)
	852696  -  ResidentSetSize of job (KB)
...
006 (113604305.000.000) 2023-04-06 19:38:13 Image size of job updated: 5148152
	833  -  MemoryUsage of job (MB)
	852728  -  ResidentSetSize of job (KB)
...
006 (113604305.000.000) 2023-04-06 19:48:14 Image size of job updated: 5148152
	834  -  MemoryUsage of job (MB)
	853696  -  ResidentSetSize of job (KB)
...
006 (113604305.000.000) 2023-04-06 19:53:15 Image size of job updated: 5148152
	865  -  MemoryUsage of job (MB)
	885384  -  ResidentSetSize of job (KB)
...
006 (113604305.000.000) 2023-04-06 20:03:16 Image size of job updated: 5148152
	866  -  MemoryUsage of job (MB)
	885964  -  ResidentSetSize of job (KB)
...
006 (113604305.000.000) 2023-04-06 20:08:16 Image size of job updated: 5148152
	868  -  MemoryUsage of job (MB)
	888276  -  ResidentSetSize of job (KB)
...
006 (113604305.000.000) 2023-04-06 20:13:17 Image size of job updated: 5148152
	868  -  MemoryUsage of job (MB)
	888284  -  ResidentSetSize of job (KB)
...
006 (113604305.000.000) 2023-04-06 20:18:18 Image size of job updated: 5148152
	868  -  MemoryUsage of job (MB)
	888308  -  ResidentSetSize of job (KB)
...
006 (113604305.000.000) 2023-04-06 20:33:20 Image size of job updated: 5148152
	869  -  MemoryUsage of job (MB)
	889512  -  ResidentSetSize of job (KB)
...
006 (113604305.000.000) 2023-04-06 20:38:20 Image size of job updated: 5148152
	897  -  MemoryUsage of job (MB)
	918200  -  ResidentSetSize of job (KB)
...
006 (113604305.000.000) 2023-04-06 20:43:21 Image size of job updated: 5148152
	926  -  MemoryUsage of job (MB)
	947896  -  ResidentSetSize of job (KB)
...
006 (113604305.000.000) 2023-04-06 20:48:22 Image size of job updated: 5148152
	926  -  MemoryUsage of job (MB)
	947908  -  ResidentSetSize of job (KB)
...
006 (113604305.000.000) 2023-04-06 20:53:22 Image size of job updated: 5148152
	935  -  MemoryUsage of job (MB)
	956980  -  ResidentSetSize of job (KB)
...
006 (113604305.000.000) 2023-04-06 21:03:23 Image size of job updated: 5148152
	962  -  MemoryUsage of job (MB)
	984268  -  ResidentSetSize of job (KB)
...
006 (113604305.000.000) 2023-04-06 21:08:23 Image size of job updated: 5148152
	990  -  MemoryUsage of job (MB)
	1013000  -  ResidentSetSize of job (KB)
...
006 (113604305.000.000) 2023-04-06 21:13:23 Image size of job updated: 5148152
	991  -  MemoryUsage of job (MB)
	1014492  -  ResidentSetSize of job (KB)
...
006 (113604305.000.000) 2023-04-06 21:38:27 Image size of job updated: 5148152
	1003  -  MemoryUsage of job (MB)
	1026352  -  ResidentSetSize of job (KB)
...
006 (113604305.000.000) 2023-04-06 21:43:27 Image size of job updated: 5148152
	1004  -  MemoryUsage of job (MB)
	1027124  -  ResidentSetSize of job (KB)
...
006 (113604305.000.000) 2023-04-06 21:53:28 Image size of job updated: 5148152
	1014  -  MemoryUsage of job (MB)
	1038332  -  ResidentSetSize of job (KB)
...
006 (113604305.000.000) 2023-04-06 22:03:28 Image size of job updated: 5148152
	1017  -  MemoryUsage of job (MB)
	1040860  -  ResidentSetSize of job (KB)
...
006 (113604305.000.000) 2023-04-06 22:18:30 Image size of job updated: 5148152
	1017  -  MemoryUsage of job (MB)
	1040920  -  ResidentSetSize of job (KB)
...
006 (113604305.000.000) 2023-04-06 22:23:31 Image size of job updated: 5148152
	1046  -  MemoryUsage of job (MB)
	1070152  -  ResidentSetSize of job (KB)
...
006 (113604305.000.000) 2023-04-06 22:28:32 Image size of job updated: 5148152
	1074  -  MemoryUsage of job (MB)
	1099136  -  ResidentSetSize of job (KB)
...
006 (113604305.000.000) 2023-04-06 22:48:34 Image size of job updated: 5148152
	1075  -  MemoryUsage of job (MB)
	1100064  -  ResidentSetSize of job (KB)
...
006 (113604305.000.000) 2023-04-06 22:58:35 Image size of job updated: 5154008
	1107  -  MemoryUsage of job (MB)
	1132928  -  ResidentSetSize of job (KB)
...
006 (113604305.000.000) 2023-04-06 23:03:35 Image size of job updated: 5178756
	1110  -  MemoryUsage of job (MB)
	1136004  -  ResidentSetSize of job (KB)
...
006 (113604305.000.000) 2023-04-06 23:13:36 Image size of job updated: 5178756
	1114  -  MemoryUsage of job (MB)
	1140652  -  ResidentSetSize of job (KB)
...
006 (113604305.000.000) 2023-04-06 23:38:39 Image size of job updated: 5181896
	1114  -  MemoryUsage of job (MB)
	1140652  -  ResidentSetSize of job (KB)
...
006 (113604305.000.000) 2023-04-06 23:53:41 Image size of job updated: 5193824
	1133  -  MemoryUsage of job (MB)
	1159644  -  ResidentSetSize of job (KB)
...
006 (113604305.000.000) 2023-04-06 23:58:41 Image size of job updated: 5202384
	1135  -  MemoryUsage of job (MB)
	1161660  -  ResidentSetSize of job (KB)
...
006 (113604305.000.000) 2023-04-07 00:08:42 Image size of job updated: 5204592
	1140  -  MemoryUsage of job (MB)
	1166960  -  ResidentSetSize of job (KB)
...
006 (113604305.000.000) 2023-04-07 00:23:44 Image size of job updated: 5246292
	1140  -  MemoryUsage of job (MB)
	1166960  -  ResidentSetSize of job (KB)
...
006 (113604305.000.000) 2023-04-07 00:43:46 Image size of job updated: 5246292
	1142  -  MemoryUsage of job (MB)
	1168584  -  ResidentSetSize of job (KB)
...
006 (113604305.000.000) 2023-04-07 01:48:52 Image size of job updated: 5246292
	1159  -  MemoryUsage of job (MB)
	1185904  -  ResidentSetSize of job (KB)
...
006 (113604305.000.000) 2023-04-07 01:53:52 Image size of job updated: 5246292
	1159  -  MemoryUsage of job (MB)
	1186240  -  ResidentSetSize of job (KB)
...
006 (113604305.000.000) 2023-04-07 02:23:56 Image size of job updated: 5281348
	1160  -  MemoryUsage of job (MB)
	1186860  -  ResidentSetSize of job (KB)
...
006 (113604305.000.000) 2023-04-07 02:38:57 Image size of job updated: 5281348
	1161  -  MemoryUsage of job (MB)
	1187916  -  ResidentSetSize of job (KB)
...
006 (113604305.000.000) 2023-04-07 03:19:00 Image size of job updated: 5281348
	1182  -  MemoryUsage of job (MB)
	1209484  -  ResidentSetSize of job (KB)
...
006 (113604305.000.000) 2023-04-07 03:24:01 Image size of job updated: 5308412
	1245  -  MemoryUsage of job (MB)
	1274104  -  ResidentSetSize of job (KB)
...
006 (113604305.000.000) 2023-04-07 03:34:02 Image size of job updated: 5310528
	1247  -  MemoryUsage of job (MB)
	1276396  -  ResidentSetSize of job (KB)
...
006 (113604305.000.000) 2023-04-07 03:49:04 Image size of job updated: 5380872
	1249  -  MemoryUsage of job (MB)
	1278248  -  ResidentSetSize of job (KB)
...
006 (113604305.000.000) 2023-04-07 04:04:05 Image size of job updated: 5382704
	1250  -  MemoryUsage of job (MB)
	1279776  -  ResidentSetSize of job (KB)
...
006 (113604305.000.000) 2023-04-07 04:19:07 Image size of job updated: 5386984
	1253  -  MemoryUsage of job (MB)
	1282532  -  ResidentSetSize of job (KB)
...
006 (113604305.000.000) 2023-04-07 04:29:07 Image size of job updated: 5386984
	1253  -  MemoryUsage of job (MB)
	1283048  -  ResidentSetSize of job (KB)
...
006 (113604305.000.000) 2023-04-07 04:49:09 Image size of job updated: 5386984
	1257  -  MemoryUsage of job (MB)
	1286776  -  ResidentSetSize of job (KB)
...
006 (113604305.000.000) 2023-04-07 05:04:11 Image size of job updated: 5386984
	1258  -  MemoryUsage of job (MB)
	1288048  -  ResidentSetSize of job (KB)
...
006 (113604305.000.000) 2023-04-07 05:14:12 Image size of job updated: 5386984
	1266  -  MemoryUsage of job (MB)
	1295428  -  ResidentSetSize of job (KB)
...
006 (113604305.000.000) 2023-04-07 05:24:13 Image size of job updated: 5404756
	1266  -  MemoryUsage of job (MB)
	1295428  -  ResidentSetSize of job (KB)
...
006 (113604305.000.000) 2023-04-07 05:39:15 Image size of job updated: 5404756
	1268  -  MemoryUsage of job (MB)
	1297464  -  ResidentSetSize of job (KB)
...
006 (113604305.000.000) 2023-04-07 06:09:18 Image size of job updated: 5404756
	1270  -  MemoryUsage of job (MB)
	1300364  -  ResidentSetSize of job (KB)
...
006 (113604305.000.000) 2023-04-07 06:24:19 Image size of job updated: 5416156
	1270  -  MemoryUsage of job (MB)
	1300364  -  ResidentSetSize of job (KB)
...
006 (113604305.000.000) 2023-04-07 06:34:21 Image size of job updated: 5418236
	1273  -  MemoryUsage of job (MB)
	1303048  -  ResidentSetSize of job (KB)
...
006 (113604305.000.000) 2023-04-07 06:54:22 Image size of job updated: 5418236
	1273  -  MemoryUsage of job (MB)
	1303380  -  ResidentSetSize of job (KB)
...
006 (113604305.000.000) 2023-04-07 07:09:24 Image size of job updated: 5418236
	1276  -  MemoryUsage of job (MB)
	1306060  -  ResidentSetSize of job (KB)
...
006 (113604305.000.000) 2023-04-07 07:34:26 Image size of job updated: 5424596
	1276  -  MemoryUsage of job (MB)
	1306272  -  ResidentSetSize of job (KB)
...
006 (113604305.000.000) 2023-04-07 07:39:27 Image size of job updated: 5424596
	1276  -  MemoryUsage of job (MB)
	1306528  -  ResidentSetSize of job (KB)
...
006 (113604305.000.000) 2023-04-07 07:54:28 Image size of job updated: 5427740
	1278  -  MemoryUsage of job (MB)
	1308412  -  ResidentSetSize of job (KB)
...
006 (113604305.000.000) 2023-04-07 07:59:29 Image size of job updated: 5427740
	1278  -  MemoryUsage of job (MB)
	1308420  -  ResidentSetSize of job (KB)
...
006 (113604305.000.000) 2023-04-07 08:09:30 Image size of job updated: 5429452
	1280  -  MemoryUsage of job (MB)
	1310224  -  ResidentSetSize of job (KB)
...
006 (113604305.000.000) 2023-04-07 08:19:31 Image size of job updated: 5429452
	1282  -  MemoryUsage of job (MB)
	1312016  -  ResidentSetSize of job (KB)
...
006 (113604305.000.000) 2023-04-07 08:29:33 Image size of job updated: 5443268
	1282  -  MemoryUsage of job (MB)
	1312444  -  ResidentSetSize of job (KB)
...
006 (113604305.000.000) 2023-04-07 08:39:33 Image size of job updated: 5443268
	1292  -  MemoryUsage of job (MB)
	1322804  -  ResidentSetSize of job (KB)
...
006 (113604305.000.000) 2023-04-07 08:44:34 Image size of job updated: 5445724
	1373  -  MemoryUsage of job (MB)
	1405536  -  ResidentSetSize of job (KB)
...
006 (113604305.000.000) 2023-04-07 08:54:35 Image size of job updated: 5447688
	1373  -  MemoryUsage of job (MB)
	1405536  -  ResidentSetSize of job (KB)
...
006 (113604305.000.000) 2023-04-07 09:04:37 Image size of job updated: 5447688
	1375  -  MemoryUsage of job (MB)
	1407584  -  ResidentSetSize of job (KB)
...
006 (113604305.000.000) 2023-04-07 09:09:37 Image size of job updated: 5448824
	1378  -  MemoryUsage of job (MB)
	1410728  -  ResidentSetSize of job (KB)
...
006 (113604305.000.000) 2023-04-07 09:24:39 Image size of job updated: 5451112
	1380  -  MemoryUsage of job (MB)
	1412980  -  ResidentSetSize of job (KB)
...
006 (113604305.000.000) 2023-04-07 09:39:41 Image size of job updated: 5544984
	1380  -  MemoryUsage of job (MB)
	1412980  -  ResidentSetSize of job (KB)
...
006 (113604305.000.000) 2023-04-07 09:59:42 Image size of job updated: 5544984
	1387  -  MemoryUsage of job (MB)
	1419744  -  ResidentSetSize of job (KB)
...
006 (113604305.000.000) 2023-04-07 10:14:44 Image size of job updated: 5544984
	1388  -  MemoryUsage of job (MB)
	1421048  -  ResidentSetSize of job (KB)
...
006 (113604305.000.000) 2023-04-07 10:19:44 Image size of job updated: 5544984
	1388  -  MemoryUsage of job (MB)
	1421156  -  ResidentSetSize of job (KB)
...
006 (113604305.000.000) 2023-04-07 10:24:44 Image size of job updated: 5544984
	1391  -  MemoryUsage of job (MB)
	1424216  -  ResidentSetSize of job (KB)
...
006 (113604305.000.000) 2023-04-07 10:29:45 Image size of job updated: 5544984
	1394  -  MemoryUsage of job (MB)
	1426528  -  ResidentSetSize of job (KB)
...
006 (113604305.000.000) 2023-04-07 10:44:47 Image size of job updated: 5544984
	1396  -  MemoryUsage of job (MB)
	1429220  -  ResidentSetSize of job (KB)
...
006 (113604305.000.000) 2023-04-07 10:49:47 Image size of job updated: 5544984
	1398  -  MemoryUsage of job (MB)
	1431268  -  ResidentSetSize of job (KB)
...
006 (113604305.000.000) 2023-04-07 10:59:48 Image size of job updated: 5544984
	1401  -  MemoryUsage of job (MB)
	1433764  -  ResidentSetSize of job (KB)
...
006 (113604305.000.000) 2023-04-07 11:04:49 Image size of job updated: 5544984
	1403  -  MemoryUsage of job (MB)
	1435812  -  ResidentSetSize of job (KB)
...
006 (113604305.000.000) 2023-04-07 11:14:49 Image size of job updated: 5544984
	1403  -  MemoryUsage of job (MB)
	1436404  -  ResidentSetSize of job (KB)
...
006 (113604305.000.000) 2023-04-07 11:34:51 Image size of job updated: 5544984
	1408  -  MemoryUsage of job (MB)
	1440852  -  ResidentSetSize of job (KB)
...
006 (113604305.000.000) 2023-04-07 11:39:52 Image size of job updated: 5544984
	1409  -  MemoryUsage of job (MB)
	1441800  -  ResidentSetSize of job (KB)
...
006 (113604305.000.000) 2023-04-07 11:44:52 Image size of job updated: 5544984
	1409  -  MemoryUsage of job (MB)
	1442020  -  ResidentSetSize of job (KB)
...
006 (113604305.000.000) 2023-04-07 12:04:54 Image size of job updated: 5544984
	1442  -  MemoryUsage of job (MB)
	1475984  -  ResidentSetSize of job (KB)
...
006 (113604305.000.000) 2023-04-07 12:14:56 Image size of job updated: 5594720
	1445  -  MemoryUsage of job (MB)
	1478792  -  ResidentSetSize of job (KB)
...
006 (113604305.000.000) 2023-04-07 12:24:57 Image size of job updated: 5594720
	1537  -  MemoryUsage of job (MB)
	1573828  -  ResidentSetSize of job (KB)
...
006 (113604305.000.000) 2023-04-07 12:29:58 Image size of job updated: 5594720
	1661  -  MemoryUsage of job (MB)
	1699940  -  ResidentSetSize of job (KB)
...
006 (113604305.000.000) 2023-04-07 12:34:58 Image size of job updated: 5594720
	1666  -  MemoryUsage of job (MB)
	1705332  -  ResidentSetSize of job (KB)
...
006 (113604305.000.000) 2023-04-07 12:50:00 Image size of job updated: 5594720
	1668  -  MemoryUsage of job (MB)
	1707304  -  ResidentSetSize of job (KB)
...
006 (113604305.000.000) 2023-04-07 13:00:01 Image size of job updated: 5594720
	1672  -  MemoryUsage of job (MB)
	1711184  -  ResidentSetSize of job (KB)
...
006 (113604305.000.000) 2023-04-07 13:10:02 Image size of job updated: 5594720
	1675  -  MemoryUsage of job (MB)
	1714428  -  ResidentSetSize of job (KB)
...
006 (113604305.000.000) 2023-04-07 13:20:03 Image size of job updated: 5594720
	1677  -  MemoryUsage of job (MB)
	1716476  -  ResidentSetSize of job (KB)
...
006 (113604305.000.000) 2023-04-07 13:25:03 Image size of job updated: 5594720
	1679  -  MemoryUsage of job (MB)
	1718772  -  ResidentSetSize of job (KB)
...
006 (113604305.000.000) 2023-04-07 13:35:04 Image size of job updated: 5594720
	1679  -  MemoryUsage of job (MB)
	1719060  -  ResidentSetSize of job (KB)
...
006 (113604305.000.000) 2023-04-07 13:40:05 Image size of job updated: 5594720
	1691  -  MemoryUsage of job (MB)
	1731176  -  ResidentSetSize of job (KB)
...
006 (113604305.000.000) 2023-04-07 13:55:07 Image size of job updated: 5594720
	1696  -  MemoryUsage of job (MB)
	1736264  -  ResidentSetSize of job (KB)
...
006 (113604305.000.000) 2023-04-07 14:25:09 Image size of job updated: 5645936
	1696  -  MemoryUsage of job (MB)
	1736264  -  ResidentSetSize of job (KB)
...
006 (113604305.000.000) 2023-04-07 14:40:10 Image size of job updated: 5661136
	1712  -  MemoryUsage of job (MB)
	1752200  -  ResidentSetSize of job (KB)
...
006 (113604305.000.000) 2023-04-07 15:00:13 Image size of job updated: 5661136
	1713  -  MemoryUsage of job (MB)
	1753708  -  ResidentSetSize of job (KB)
...
006 (113604305.000.000) 2023-04-07 15:10:13 Image size of job updated: 5661136
	1713  -  MemoryUsage of job (MB)
	1753880  -  ResidentSetSize of job (KB)
...
006 (113604305.000.000) 2023-04-07 15:30:16 Image size of job updated: 5666400
	1716  -  MemoryUsage of job (MB)
	1757152  -  ResidentSetSize of job (KB)
...
006 (113604305.000.000) 2023-04-07 15:35:17 Image size of job updated: 5666400
	1717  -  MemoryUsage of job (MB)
	1757276  -  ResidentSetSize of job (KB)
...
006 (113604305.000.000) 2023-04-07 15:45:17 Image size of job updated: 5667912
	1838  -  MemoryUsage of job (MB)
	1881332  -  ResidentSetSize of job (KB)
...
006 (113604305.000.000) 2023-04-07 16:30:21 Image size of job updated: 5814080
	1838  -  MemoryUsage of job (MB)
	1881332  -  ResidentSetSize of job (KB)
...
004 (113604305.000.000) 2023-04-07 16:48:46 Job was evicted.
	(0) CPU times
		Usr 3 08:05:15, Sys 0 00:05:12  -  Run Remote Usage
		Usr 0 00:00:00, Sys 0 00:00:00  -  Run Local Usage
	0  -  Run Bytes Sent By Job
	366  -  Run Bytes Received By Job
	Partitionable Resources :    Usage  Request Allocated 
	   Cpus                 :     0.99        1         1 
	   Disk (KB)            :  3923      500000    609620 
	   GPUs                 :                           0 
	   Memory (MB)          :  1838       20000     20096 
...
040 (113604305.000.000) 2023-04-07 16:56:58 Started transferring input files
	Transferring to host: <10.14.10.83:9618?addrs=10.14.10.83-9618&alias=node2333.cluster.ldas.cit&noUDP&sock=slot1_2_373726_8697_3522>
...
040 (113604305.000.000) 2023-04-07 16:56:58 Finished transferring input files
...
001 (113604305.000.000) 2023-04-07 16:56:59 Job executing on host: <10.14.10.83:9618?addrs=10.14.10.83-9618&alias=node2333.cluster.ldas.cit&noUDP&sock=startd_373685_681c>
...
004 (113604305.000.000) 2023-04-08 16:58:25 Job was evicted.
	(0) CPU times
		Usr 4 11:57:35, Sys 0 00:02:38  -  Run Remote Usage
		Usr 0 00:00:00, Sys 0 00:00:00  -  Run Local Usage
	0  -  Run Bytes Sent By Job
	366  -  Run Bytes Received By Job
	Partitionable Resources :    Usage  Request Allocated 
	   Cpus                 :     6.16        1         1 
	   Disk (KB)            :  3315      500000    624256 
	   GPUs                 :                           0 
	   Memory (MB)          :  1954       20000     20096 
...
040 (113604305.000.000) 2023-04-08 16:59:11 Started transferring input files
	Transferring to host: <10.14.9.157:9618?addrs=10.14.9.157-9618&alias=node2157.cluster.ldas.cit&noUDP&sock=slot1_16_48294_3de5_2096>
...
040 (113604305.000.000) 2023-04-08 16:59:11 Finished transferring input files
...
001 (113604305.000.000) 2023-04-08 16:59:12 Job executing on host: <10.14.9.157:9618?addrs=10.14.9.157-9618&alias=node2157.cluster.ldas.cit&noUDP&sock=startd_48149_c9a1>
...
004 (113604305.000.000) 2023-04-09 17:02:10 Job was evicted.
	(0) CPU times
		Usr 3 23:50:04, Sys 0 00:10:28  -  Run Remote Usage
		Usr 0 00:00:00, Sys 0 00:00:00  -  Run Local Usage
	0  -  Run Bytes Sent By Job
	366  -  Run Bytes Received By Job
	Partitionable Resources :    Usage  Request Allocated 
	   Cpus                 :     0.55        1         1 
	   Disk (KB)            :  2871      500000    609620 
	   GPUs                 :                           0 
	   Memory (MB)          :  1954       20000     20096 
...
040 (113604305.000.000) 2023-04-09 17:04:18 Started transferring input files
	Transferring to host: <10.14.4.14:9618?addrs=10.14.4.14-9618&alias=node764.cluster.ldas.cit&noUDP&sock=slot1_19_2239782_ca01_10682>
...
040 (113604305.000.000) 2023-04-09 17:04:18 Finished transferring input files
...
001 (113604305.000.000) 2023-04-09 17:04:19 Job executing on host: <10.14.4.14:9618?addrs=10.14.4.14-9618&alias=node764.cluster.ldas.cit&noUDP&sock=startd_2239742_4bf6>
...
004 (113604305.000.000) 2023-04-10 18:19:42 Job was evicted.
	(0) CPU times
		Usr 4 08:29:09, Sys 0 00:24:02  -  Run Remote Usage
		Usr 0 00:00:00, Sys 0 00:00:00  -  Run Local Usage
	0  -  Run Bytes Sent By Job
	366  -  Run Bytes Received By Job
	Partitionable Resources :    Usage  Request Allocated 
	   Cpus                 :     5.17        1         1 
	   Disk (KB)            :  2801      500000    609620 
	   GPUs                 :                           0 
	   Memory (MB)          :  1954       20000     20096 
...
040 (113604305.000.000) 2023-04-10 18:23:31 Started transferring input files
	Transferring to host: <10.14.9.178:9618?addrs=10.14.9.178-9618&alias=node2178.cluster.ldas.cit&noUDP&sock=slot1_7_3303690_3881_6911>
...
040 (113604305.000.000) 2023-04-10 18:23:31 Finished transferring input files
...
001 (113604305.000.000) 2023-04-10 18:23:32 Job executing on host: <10.14.9.178:9618?addrs=10.14.9.178-9618&alias=node2178.cluster.ldas.cit&noUDP&sock=startd_3303543_4caf>
...
004 (113604305.000.000) 2023-04-11 18:30:20 Job was evicted.
	(0) CPU times
		Usr 6 09:18:44, Sys 0 00:09:36  -  Run Remote Usage
		Usr 0 00:00:00, Sys 0 00:00:00  -  Run Local Usage
	0  -  Run Bytes Sent By Job
	366  -  Run Bytes Received By Job
	Partitionable Resources :    Usage  Request Allocated 
	   Cpus                 :     0.99        1         1 
	   Disk (KB)            :  2889      500000    609620 
	   GPUs                 :                           0 
	   Memory (MB)          :  1954       20000     20096 
...
040 (113604305.000.000) 2023-04-11 18:31:32 Started transferring input files
	Transferring to host: <10.14.10.74:9618?addrs=10.14.10.74-9618&alias=node2324.cluster.ldas.cit&noUDP&sock=slot1_22_3653764_05dc_9596>
...
040 (113604305.000.000) 2023-04-11 18:31:32 Finished transferring input files
...
001 (113604305.000.000) 2023-04-11 18:31:33 Job executing on host: <10.14.10.74:9618?addrs=10.14.10.74-9618&alias=node2324.cluster.ldas.cit&noUDP&sock=startd_3653720_9857>
...
004 (113604305.000.000) 2023-04-12 19:41:45 Job was evicted.
	(0) CPU times
		Usr 6 22:29:35, Sys 0 00:05:23  -  Run Remote Usage
		Usr 0 00:00:00, Sys 0 00:00:00  -  Run Local Usage
	0  -  Run Bytes Sent By Job
	366  -  Run Bytes Received By Job
	Partitionable Resources :    Usage  Request Allocated 
	   Cpus                 :     7.91        1         1 
	   Disk (KB)            :  2925      500000    624256 
	   GPUs                 :                           0 
	   Memory (MB)          :  1954       20000     20000 
...
040 (113604305.000.000) 2023-04-12 19:43:39 Started transferring input files
	Transferring to host: <10.14.4.37:9618?addrs=10.14.4.37-9618&alias=node787.cluster.ldas.cit&noUDP&sock=slot1_5_3080332_4dc6_28169>
...
040 (113604305.000.000) 2023-04-12 19:43:39 Finished transferring input files
...
001 (113604305.000.000) 2023-04-12 19:43:40 Job executing on host: <10.14.4.37:9618?addrs=10.14.4.37-9618&alias=node787.cluster.ldas.cit&noUDP&sock=startd_273760_2b08>
...
004 (113604305.000.000) 2023-04-13 19:51:54 Job was evicted.
	(0) CPU times
		Usr 4 14:41:11, Sys 0 00:08:49  -  Run Remote Usage
		Usr 0 00:00:00, Sys 0 00:00:00  -  Run Local Usage
	0  -  Run Bytes Sent By Job
	366  -  Run Bytes Received By Job
	Partitionable Resources :    Usage  Request Allocated 
	   Cpus                 :     7.95        1         1 
	   Disk (KB)            :  2802      500000    624256 
	   GPUs                 :                           0 
	   Memory (MB)          :  1954       20000     20096 
...
040 (113604305.000.000) 2023-04-13 19:54:53 Entered queue to transfer input files
	Transferring to host: <10.14.9.157:9618?addrs=10.14.9.157-9618&alias=node2157.cluster.ldas.cit&noUDP&sock=slot1_8_48294_3de5_7342>
...
040 (113604305.000.000) 2023-04-13 19:56:25 Started transferring input files
	Seconds spent in queue: 92
...
040 (113604305.000.000) 2023-04-13 19:56:25 Finished transferring input files
...
001 (113604305.000.000) 2023-04-13 19:56:26 Job executing on host: <10.14.9.157:9618?addrs=10.14.9.157-9618&alias=node2157.cluster.ldas.cit&noUDP&sock=startd_48149_c9a1>
...
004 (113604305.000.000) 2023-04-14 20:03:58 Job was evicted.
	(0) CPU times
		Usr 5 16:46:04, Sys 0 00:11:37  -  Run Remote Usage
		Usr 0 00:00:00, Sys 0 00:00:00  -  Run Local Usage
	0  -  Run Bytes Sent By Job
	366  -  Run Bytes Received By Job
	Partitionable Resources :    Usage  Request Allocated 
	   Cpus                 :     1.00        1         1 
	   Disk (KB)            :  2811      500000    609620 
	   GPUs                 :                           0 
	   Memory (MB)          :  1954       20000     20096 
...
040 (113604305.000.000) 2023-04-14 20:05:20 Started transferring input files
	Seconds spent in queue: 87027
...
040 (113604305.000.000) 2023-04-14 20:05:20 Finished transferring input files
...
001 (113604305.000.000) 2023-04-14 20:05:21 Job executing on host: <10.14.4.81:9618?addrs=10.14.4.81-9618&alias=node831.cluster.ldas.cit&noUDP&sock=startd_3489_be05>
...
006 (113604305.000.000) 2023-04-15 05:56:30 Image size of job updated: 7500000
	1970  -  MemoryUsage of job (MB)
	2016736  -  ResidentSetSize of job (KB)
...
004 (113604305.000.000) 2023-04-15 20:12:01 Job was evicted.
	(0) CPU times
		Usr 6 09:39:00, Sys 0 00:05:51  -  Run Remote Usage
		Usr 0 00:00:00, Sys 0 00:00:00  -  Run Local Usage
	0  -  Run Bytes Sent By Job
	366  -  Run Bytes Received By Job
	Partitionable Resources :    Usage  Request Allocated 
	   Cpus                 :     7.76        1         1 
	   Disk (KB)            :  2817      500000    624256 
	   GPUs                 :                           0 
	   Memory (MB)          :  1970       20000     20096 
...
040 (113604305.000.000) 2023-04-15 20:13:22 Started transferring input files
	Seconds spent in queue: 173909
...
040 (113604305.000.000) 2023-04-15 20:13:22 Finished transferring input files
...
001 (113604305.000.000) 2023-04-15 20:13:23 Job executing on host: <10.14.10.126:9618?addrs=10.14.10.126-9618&alias=node2376.cluster.ldas.cit&noUDP&sock=startd_1387670_c6eb>
...
004 (113604305.000.000) 2023-04-16 20:28:41 Job was evicted.
	(0) CPU times
		Usr 4 00:59:21, Sys 0 00:03:04  -  Run Remote Usage
		Usr 0 00:00:00, Sys 0 00:00:00  -  Run Local Usage
	0  -  Run Bytes Sent By Job
	366  -  Run Bytes Received By Job
	Partitionable Resources :    Usage  Request Allocated 
	   Cpus                 :     7.76        1         1 
	   Disk (KB)            :  2782      500000    624256 
	   GPUs                 :                           0 
	   Memory (MB)          :  2198       20000     20096 
...
040 (113604305.000.000) 2023-04-16 20:29:51 Started transferring input files
	Seconds spent in queue: 261298
...
040 (113604305.000.000) 2023-04-16 20:29:51 Finished transferring input files
...
001 (113604305.000.000) 2023-04-16 20:29:52 Job executing on host: <10.14.10.86:9618?addrs=10.14.10.86-9618&alias=node2336.cluster.ldas.cit&noUDP&sock=startd_3766155_a734>
...
004 (113604305.000.000) 2023-04-17 22:59:26 Job was evicted.
	(0) CPU times
		Usr 6 16:40:18, Sys 0 00:04:44  -  Run Remote Usage
		Usr 0 00:00:00, Sys 0 00:00:00  -  Run Local Usage
	0  -  Run Bytes Sent By Job
	366  -  Run Bytes Received By Job
	Partitionable Resources :    Usage  Request Allocated 
	   Cpus                 :     7.91        1         1 
	   Disk (KB)            :  2885      500000    624256 
	   GPUs                 :                           0 
	   Memory (MB)          :  2198       20000     20096 
...
040 (113604305.000.000) 2023-04-18 00:31:12 Started transferring input files
	Seconds spent in queue: 362179
...
040 (113604305.000.000) 2023-04-18 00:31:12 Finished transferring input files
...
001 (113604305.000.000) 2023-04-18 00:31:13 Job executing on host: <10.14.4.46:9618?addrs=10.14.4.46-9618&alias=node796.cluster.ldas.cit&noUDP&sock=startd_335393_4799>
...
004 (113604305.000.000) 2023-04-18 09:16:44 Job was evicted.
	(0) CPU times
		Usr 1 20:39:52, Sys 0 00:03:09  -  Run Remote Usage
		Usr 0 00:00:00, Sys 0 00:00:00  -  Run Local Usage
	0  -  Run Bytes Sent By Job
	366  -  Run Bytes Received By Job
	Partitionable Resources :    Usage  Request Allocated 
	   Cpus                 :     4.77        1         1 
	   Disk (KB)            :  2740      500000    624256 
	   GPUs                 :                           0 
	   Memory (MB)          :  2198       20000     20096 
...
040 (113604305.000.000) 2023-04-18 09:31:33 Entered queue to transfer input files
	Transferring to host: <10.14.10.124:9618?addrs=10.14.10.124-9618&alias=node2374.cluster.ldas.cit&noUDP&sock=slot1_19_532941_e581_22>
...
040 (113604305.000.000) 2023-04-18 09:31:51 Started transferring input files
	Seconds spent in queue: 18
...
040 (113604305.000.000) 2023-04-18 09:31:51 Finished transferring input files
...
001 (113604305.000.000) 2023-04-18 09:31:52 Job executing on host: <10.14.10.124:9618?addrs=10.14.10.124-9618&alias=node2374.cluster.ldas.cit&noUDP&sock=startd_4197_5f13>
...
022 (113604305.000.000) 2023-04-18 09:56:15 Job disconnected, attempting to reconnect
    Local schedd and job shadow died, schedd now running again
    Trying to reconnect to slot1_19@node2374.cluster.ldas.cit <10.14.10.124:9618?addrs=10.14.10.124-9618&alias=node2374.cluster.ldas.cit&noUDP&sock=startd_4197_5f13>
...
023 (113604305.000.000) 2023-04-18 09:56:19 Job reconnected to slot1_19@node2374.cluster.ldas.cit
    startd address: <10.14.10.124:9618?addrs=10.14.10.124-9618&alias=node2374.cluster.ldas.cit&noUDP&sock=startd_4197_5f13>
    starter address: <10.14.10.124:9618?addrs=10.14.10.124-9618&alias=node2374.cluster.ldas.cit&noUDP&sock=slot1_19_532941_e581_22>
...
004 (113604305.000.000) 2023-04-19 10:03:14 Job was evicted.
	(0) CPU times
		Usr 3 19:25:17, Sys 0 00:03:21  -  Run Remote Usage
		Usr 0 00:00:00, Sys 0 00:00:00  -  Run Local Usage
	0  -  Run Bytes Sent By Job
	0  -  Run Bytes Received By Job
	Partitionable Resources :    Usage  Request Allocated 
	   Cpus                 :     7.96        1         1 
	   Disk (KB)            :  2775      500000    624256 
	   Memory (MB)          :  2198       20000     20096 
...
040 (113604305.000.000) 2023-04-19 10:03:15 Started transferring input files
	Seconds spent in queue: 88302
...
040 (113604305.000.000) 2023-04-19 10:03:15 Finished transferring input files
...
001 (113604305.000.000) 2023-04-19 10:03:16 Job executing on host: <10.14.10.103:9618?addrs=10.14.10.103-9618&alias=node2353.cluster.ldas.cit&noUDP&sock=startd_43913_3e73>
...
006 (113604305.000.000) 2023-04-19 15:08:55 Image size of job updated: 7500000
	2206  -  MemoryUsage of job (MB)
	2258640  -  ResidentSetSize of job (KB)
...
006 (113604305.000.000) 2023-04-20 04:10:14 Image size of job updated: 7500000
	2288  -  MemoryUsage of job (MB)
	2342096  -  ResidentSetSize of job (KB)
...
006 (113604305.000.000) 2023-04-20 04:40:16 Image size of job updated: 7500000
	2293  -  MemoryUsage of job (MB)
	2347104  -  ResidentSetSize of job (KB)
...
040 (113604305.000.000) 2023-04-20 08:53:54 Started transferring output files
	Seconds spent in queue: 170541
...
040 (113604305.000.000) 2023-04-20 08:53:54 Finished transferring output files
...
005 (113604305.000.000) 2023-04-20 08:53:54 Job terminated.
	(1) Normal termination (return value 0)
		Usr 6 03:31:58, Sys 0 00:04:24  -  Run Remote Usage
		Usr 0 00:00:00, Sys 0 00:00:00  -  Run Local Usage
		Usr 68 19:04:36, Sys 0 01:42:19  -  Total Remote Usage
		Usr 0 00:00:00, Sys 0 00:00:00  -  Total Local Usage
	2912946  -  Run Bytes Sent By Job
	366  -  Run Bytes Received By Job
	2912946  -  Total Bytes Sent By Job
	5124  -  Total Bytes Received By Job
	Partitionable Resources :    Usage  Request Allocated 
	   Cpus                 :     3.96        1         1 
	   Disk (KB)            :  2868      500000    624256 
	   GPUs                 :                           0 
	   Memory (MB)          :  2293       20000     20096 

	Job terminated of its own accord at 2023-04-20T15:53:54Z with exit-code 0.
...
