14:45 bilby INFO    : Waveform generator initiated with
  frequency_domain_source_model: bilby.gw.source.lal_binary_black_hole
  time_domain_source_model: None
  parameter_conversion: bilby.gw.conversion.convert_to_lal_binary_black_hole_parameters
14:45 bilby INFO    : Injected signal in H1:
14:45 bilby INFO    :   optimal SNR = 7.71
14:45 bilby INFO    :   matched filter SNR = 7.50+2.37j
14:45 bilby INFO    :   mass_1 = 27.637550453667618
14:45 bilby INFO    :   mass_2 = 26.654198433152963
14:45 bilby INFO    :   a_1 = 0.4686168961440025
14:45 bilby INFO    :   a_2 = 0.14497181744433268
14:45 bilby INFO    :   tilt_1 = 1.3670198456232945
14:45 bilby INFO    :   tilt_2 = 1.1394849869450272
14:45 bilby INFO    :   phi_12 = 4.35302027078472
14:45 bilby INFO    :   phi_jl = 3.010003711033736
14:45 bilby INFO    :   luminosity_distance = 1456.3517776757
14:45 bilby INFO    :   theta_jn = 2.4827436861274017
14:45 bilby INFO    :   psi = 3.3840043249000002
14:45 bilby INFO    :   phase = 4.397058483
14:45 bilby INFO    :   geocent_time = 1126259642.413
14:45 bilby INFO    :   ra = 1.6633091128
14:45 bilby INFO    :   dec = 3.8714251765
14:45 bilby INFO    : Injected signal in L1:
14:45 bilby INFO    :   optimal SNR = 11.16
14:45 bilby INFO    :   matched filter SNR = 11.87-0.25j
14:45 bilby INFO    :   mass_1 = 27.637550453667618
14:45 bilby INFO    :   mass_2 = 26.654198433152963
14:45 bilby INFO    :   a_1 = 0.4686168961440025
14:45 bilby INFO    :   a_2 = 0.14497181744433268
14:45 bilby INFO    :   tilt_1 = 1.3670198456232945
14:45 bilby INFO    :   tilt_2 = 1.1394849869450272
14:45 bilby INFO    :   phi_12 = 4.35302027078472
14:45 bilby INFO    :   phi_jl = 3.010003711033736
14:45 bilby INFO    :   luminosity_distance = 1456.3517776757
14:45 bilby INFO    :   theta_jn = 2.4827436861274017
14:45 bilby INFO    :   psi = 3.3840043249000002
14:45 bilby INFO    :   phase = 4.397058483
14:45 bilby INFO    :   geocent_time = 1126259642.413
14:45 bilby INFO    :   ra = 1.6633091128
14:45 bilby INFO    :   dec = 3.8714251765
14:45 bilby INFO    : Injected signal in V1:
14:45 bilby INFO    :   optimal SNR = 4.13
14:45 bilby INFO    :   matched filter SNR = 3.62-0.09j
14:45 bilby INFO    :   mass_1 = 27.637550453667618
14:45 bilby INFO    :   mass_2 = 26.654198433152963
14:45 bilby INFO    :   a_1 = 0.4686168961440025
14:45 bilby INFO    :   a_2 = 0.14497181744433268
14:45 bilby INFO    :   tilt_1 = 1.3670198456232945
14:45 bilby INFO    :   tilt_2 = 1.1394849869450272
14:45 bilby INFO    :   phi_12 = 4.35302027078472
14:45 bilby INFO    :   phi_jl = 3.010003711033736
14:45 bilby INFO    :   luminosity_distance = 1456.3517776757
14:45 bilby INFO    :   theta_jn = 2.4827436861274017
14:45 bilby INFO    :   psi = 3.3840043249000002
14:45 bilby INFO    :   phase = 4.397058483
14:45 bilby INFO    :   geocent_time = 1126259642.413
14:45 bilby INFO    :   ra = 1.6633091128
14:45 bilby INFO    :   dec = 3.8714251765
14:45 bilby INFO    : Running for label 'job_00746_justSpin', output will be saved to '/home/simona.miller/comp-spin-mock-injections/Data/IndividualInferenceOutput/new_bilby/population1_highSpinPrecessing_highmass'
14:45 bilby INFO    : Using lal version 7.3.0
14:45 bilby INFO    : Using lal git version Branch: None;Tag: lalsuite-v7.13;Id: ec1fcb1d2d1dab69321fdb8f0afef1f867b11e06;;Builder: Unknown User <>;Repository status: UNCLEAN: Modified working tree
14:45 bilby INFO    : Using lalsimulation version 5.0.0
14:45 bilby INFO    : Using lalsimulation git version Branch: None;Tag: lalsuite-v7.13;Id: ec1fcb1d2d1dab69321fdb8f0afef1f867b11e06;;Builder: Unknown User <>;Repository status: UNCLEAN: Modified working tree
14:45 bilby INFO    : Analysis priors:
14:45 bilby INFO    : a_1=Uniform(minimum=0, maximum=0.99, name='a_1', latex_label='$a_1$', unit=None, boundary=None)
14:45 bilby INFO    : a_2=Uniform(minimum=0, maximum=0.99, name='a_2', latex_label='$a_2$', unit=None, boundary=None)
14:45 bilby INFO    : tilt_1=Sine(minimum=0, maximum=3.141592653589793, name='tilt_1', latex_label='$\\theta_1$', unit=None, boundary=None)
14:45 bilby INFO    : tilt_2=Sine(minimum=0, maximum=3.141592653589793, name='tilt_2', latex_label='$\\theta_2$', unit=None, boundary=None)
14:45 bilby INFO    : ra=1.6633091128
14:45 bilby INFO    : dec=3.8714251765
14:45 bilby INFO    : geocent_time=1126259642.413
14:45 bilby INFO    : phase=4.397058483
14:45 bilby INFO    : psi=3.3840043249000002
14:45 bilby INFO    : luminosity_distance=1456.3517776757
14:45 bilby INFO    : theta_jn=2.4827436861274017
14:45 bilby INFO    : mass_1=27.637550453667618
14:45 bilby INFO    : mass_2=26.654198433152963
14:45 bilby INFO    : phi_12=4.35302027078472
14:45 bilby INFO    : phi_jl=3.010003711033736
14:45 bilby INFO    : Analysis likelihood class: <class 'bilby.gw.likelihood.base.GravitationalWaveTransient'>
14:45 bilby INFO    : Analysis likelihood noise evidence: -24243.313207444462
14:45 bilby INFO    : Single likelihood evaluation took 4.433e-02 s
14:45 bilby INFO    : Using sampler Dynesty with kwargs {'nlive': 2000, 'bound': 'live', 'sample': 'act-walk', 'periodic': None, 'reflective': None, 'update_interval': 600, 'first_update': None, 'npdim': None, 'rstate': None, 'queue_size': 8, 'pool': None, 'use_pool': None, 'live_points': None, 'logl_args': None, 'logl_kwargs': None, 'ptform_args': None, 'ptform_kwargs': None, 'gradient': None, 'grad_args': None, 'grad_kwargs': None, 'compute_jac': False, 'enlarge': None, 'bootstrap': None, 'walks': 100, 'facc': 0.2, 'slices': None, 'fmove': 0.9, 'max_move': 100, 'update_func': None, 'ncdim': None, 'blob': False, 'save_history': False, 'history_filename': None, 'maxiter': None, 'maxcall': None, 'dlogz': 0.1, 'logl_max': inf, 'n_effective': None, 'add_live': True, 'print_progress': True, 'print_func': <bound method Dynesty._print_func of <bilby.core.sampler.dynesty.Dynesty object at 0x14bfa142ce20>>, 'save_bounds': False, 'checkpoint_file': None, 'checkpoint_every': 60, 'resume': False}
14:45 bilby INFO    : Checkpoint every check_point_delta_t = 600s
14:45 bilby INFO    : Using dynesty version 2.1.0
14:45 bilby INFO    : Using the bilby-implemented rwalk sampling tracking the autocorrelation function and thinning by 5 with maximum length 25000
14:45 bilby INFO    : Setting up multiproccesing pool with 8 processes
14:45 bilby INFO    : Reading resume file /home/simona.miller/comp-spin-mock-injections/Data/IndividualInferenceOutput/new_bilby/population1_highSpinPrecessing_highmass/job_00746_justSpin_resume.pickle
14:45 bilby INFO    : Resume file successfully loaded.
15:10 bilby INFO    : Written checkpoint file /home/simona.miller/comp-spin-mock-injections/Data/IndividualInferenceOutput/new_bilby/population1_highSpinPrecessing_highmass/job_00746_justSpin_resume.pickle
15:35 bilby INFO    : Written checkpoint file /home/simona.miller/comp-spin-mock-injections/Data/IndividualInferenceOutput/new_bilby/population1_highSpinPrecessing_highmass/job_00746_justSpin_resume.pickle
16:04 bilby INFO    : Written checkpoint file /home/simona.miller/comp-spin-mock-injections/Data/IndividualInferenceOutput/new_bilby/population1_highSpinPrecessing_highmass/job_00746_justSpin_resume.pickle
16:33 bilby INFO    : Written checkpoint file /home/simona.miller/comp-spin-mock-injections/Data/IndividualInferenceOutput/new_bilby/population1_highSpinPrecessing_highmass/job_00746_justSpin_resume.pickle
17:03 bilby INFO    : Written checkpoint file /home/simona.miller/comp-spin-mock-injections/Data/IndividualInferenceOutput/new_bilby/population1_highSpinPrecessing_highmass/job_00746_justSpin_resume.pickle
17:34 bilby INFO    : Written checkpoint file /home/simona.miller/comp-spin-mock-injections/Data/IndividualInferenceOutput/new_bilby/population1_highSpinPrecessing_highmass/job_00746_justSpin_resume.pickle
18:10 bilby INFO    : Written checkpoint file /home/simona.miller/comp-spin-mock-injections/Data/IndividualInferenceOutput/new_bilby/population1_highSpinPrecessing_highmass/job_00746_justSpin_resume.pickle
18:42 bilby INFO    : Written checkpoint file /home/simona.miller/comp-spin-mock-injections/Data/IndividualInferenceOutput/new_bilby/population1_highSpinPrecessing_highmass/job_00746_justSpin_resume.pickle
19:11 bilby INFO    : Written checkpoint file /home/simona.miller/comp-spin-mock-injections/Data/IndividualInferenceOutput/new_bilby/population1_highSpinPrecessing_highmass/job_00746_justSpin_resume.pickle
19:53 bilby INFO    : Written checkpoint file /home/simona.miller/comp-spin-mock-injections/Data/IndividualInferenceOutput/new_bilby/population1_highSpinPrecessing_highmass/job_00746_justSpin_resume.pickle
20:16 bilby INFO    : Written checkpoint file /home/simona.miller/comp-spin-mock-injections/Data/IndividualInferenceOutput/new_bilby/population1_highSpinPrecessing_highmass/job_00746_justSpin_resume.pickle
20:57 bilby INFO    : Written checkpoint file /home/simona.miller/comp-spin-mock-injections/Data/IndividualInferenceOutput/new_bilby/population1_highSpinPrecessing_highmass/job_00746_justSpin_resume.pickle
21:42 bilby INFO    : Written checkpoint file /home/simona.miller/comp-spin-mock-injections/Data/IndividualInferenceOutput/new_bilby/population1_highSpinPrecessing_highmass/job_00746_justSpin_resume.pickle
22:13 bilby INFO    : Written checkpoint file /home/simona.miller/comp-spin-mock-injections/Data/IndividualInferenceOutput/new_bilby/population1_highSpinPrecessing_highmass/job_00746_justSpin_resume.pickle
23:13 bilby INFO    : Written checkpoint file /home/simona.miller/comp-spin-mock-injections/Data/IndividualInferenceOutput/new_bilby/population1_highSpinPrecessing_highmass/job_00746_justSpin_resume.pickle
00:04 bilby INFO    : Written checkpoint file /home/simona.miller/comp-spin-mock-injections/Data/IndividualInferenceOutput/new_bilby/population1_highSpinPrecessing_highmass/job_00746_justSpin_resume.pickle
00:55 bilby INFO    : Written checkpoint file /home/simona.miller/comp-spin-mock-injections/Data/IndividualInferenceOutput/new_bilby/population1_highSpinPrecessing_highmass/job_00746_justSpin_resume.pickle
01:27 bilby INFO    : Written checkpoint file /home/simona.miller/comp-spin-mock-injections/Data/IndividualInferenceOutput/new_bilby/population1_highSpinPrecessing_highmass/job_00746_justSpin_resume.pickle
02:17 bilby INFO    : Written checkpoint file /home/simona.miller/comp-spin-mock-injections/Data/IndividualInferenceOutput/new_bilby/population1_highSpinPrecessing_highmass/job_00746_justSpin_resume.pickle
03:29 bilby INFO    : Written checkpoint file /home/simona.miller/comp-spin-mock-injections/Data/IndividualInferenceOutput/new_bilby/population1_highSpinPrecessing_highmass/job_00746_justSpin_resume.pickle
04:25 bilby INFO    : Written checkpoint file /home/simona.miller/comp-spin-mock-injections/Data/IndividualInferenceOutput/new_bilby/population1_highSpinPrecessing_highmass/job_00746_justSpin_resume.pickle
05:00 bilby INFO    : Written checkpoint file /home/simona.miller/comp-spin-mock-injections/Data/IndividualInferenceOutput/new_bilby/population1_highSpinPrecessing_highmass/job_00746_justSpin_resume.pickle
05:33 bilby INFO    : Written checkpoint file /home/simona.miller/comp-spin-mock-injections/Data/IndividualInferenceOutput/new_bilby/population1_highSpinPrecessing_highmass/job_00746_justSpin_resume.pickle
06:19 bilby INFO    : Written checkpoint file /home/simona.miller/comp-spin-mock-injections/Data/IndividualInferenceOutput/new_bilby/population1_highSpinPrecessing_highmass/job_00746_justSpin_resume.pickle
06:21 bilby INFO    : Written checkpoint file /home/simona.miller/comp-spin-mock-injections/Data/IndividualInferenceOutput/new_bilby/population1_highSpinPrecessing_highmass/job_00746_justSpin_resume.pickle
06:22 bilby INFO    : Starting to close worker pool.
06:22 bilby INFO    : Finished closing worker pool.
06:22 bilby INFO    : Rejection sampling nested samples to obtain 5043 posterior samples
06:22 bilby INFO    : Sampling time: 2 days, 16:03:20.404200
06:22 bilby INFO    : Computing per-detector log likelihoods.
06:22 bilby INFO    : Using a pool with size 8 for nsamples=5043
06:23 bilby INFO    : Generating sky frame parameters.
06:23 bilby INFO    : Computing SNRs for every sample.
06:23 bilby INFO    : Using a pool with size 8 for nsamples=5043
06:24 bilby INFO    : Summary of results:
nsamples: 5043
ln_noise_evidence: -24243.313
ln_evidence: -24138.884 +/-  0.050
ln_bayes_factor: 104.429 +/-  0.050

