000 (113449464.000.000) 2023-03-29 17:01:29 Job submitted from host: <10.14.0.160:9618?addrs=10.14.0.160-9618&alias=ldas-pcdev2.ligo.caltech.edu&noUDP&sock=schedd_7450_a8a7>
    DAG Node: 42
...
040 (113449464.000.000) 2023-03-29 17:12:11 Started transferring input files
	Transferring to host: <10.14.4.33:9618?addrs=10.14.4.33-9618&alias=node783.cluster.ldas.cit&noUDP&sock=slot1_17_2171755_9d13_18739>
...
040 (113449464.000.000) 2023-03-29 17:12:11 Finished transferring input files
...
001 (113449464.000.000) 2023-03-29 17:12:12 Job executing on host: <10.14.4.33:9618?addrs=10.14.4.33-9618&alias=node783.cluster.ldas.cit&noUDP&sock=startd_380285_752d>
...
006 (113449464.000.000) 2023-03-29 17:12:21 Image size of job updated: 125024
	100  -  MemoryUsage of job (MB)
	102316  -  ResidentSetSize of job (KB)
...
006 (113449464.000.000) 2023-03-29 17:17:22 Image size of job updated: 4242292
	141  -  MemoryUsage of job (MB)
	143980  -  ResidentSetSize of job (KB)
...
006 (113449464.000.000) 2023-03-29 17:22:22 Image size of job updated: 4242292
	312  -  MemoryUsage of job (MB)
	319408  -  ResidentSetSize of job (KB)
...
006 (113449464.000.000) 2023-03-29 17:27:23 Image size of job updated: 4251984
	324  -  MemoryUsage of job (MB)
	331608  -  ResidentSetSize of job (KB)
...
006 (113449464.000.000) 2023-03-29 17:32:24 Image size of job updated: 4342000
	441  -  MemoryUsage of job (MB)
	451060  -  ResidentSetSize of job (KB)
...
006 (113449464.000.000) 2023-03-29 17:37:24 Image size of job updated: 4344024
	443  -  MemoryUsage of job (MB)
	452992  -  ResidentSetSize of job (KB)
...
006 (113449464.000.000) 2023-03-29 17:42:25 Image size of job updated: 4366564
	464  -  MemoryUsage of job (MB)
	474296  -  ResidentSetSize of job (KB)
...
006 (113449464.000.000) 2023-03-29 17:47:26 Image size of job updated: 4366564
	495  -  MemoryUsage of job (MB)
	506656  -  ResidentSetSize of job (KB)
...
006 (113449464.000.000) 2023-03-29 17:52:26 Image size of job updated: 4367360
	568  -  MemoryUsage of job (MB)
	581016  -  ResidentSetSize of job (KB)
...
006 (113449464.000.000) 2023-03-29 17:57:27 Image size of job updated: 4368428
	751  -  MemoryUsage of job (MB)
	768832  -  ResidentSetSize of job (KB)
...
006 (113449464.000.000) 2023-03-29 18:02:28 Image size of job updated: 4380876
	807  -  MemoryUsage of job (MB)
	825920  -  ResidentSetSize of job (KB)
...
006 (113449464.000.000) 2023-03-29 18:07:28 Image size of job updated: 4382688
	809  -  MemoryUsage of job (MB)
	827624  -  ResidentSetSize of job (KB)
...
006 (113449464.000.000) 2023-03-29 18:12:29 Image size of job updated: 4386444
	810  -  MemoryUsage of job (MB)
	829284  -  ResidentSetSize of job (KB)
...
006 (113449464.000.000) 2023-03-29 18:22:30 Image size of job updated: 4386444
	812  -  MemoryUsage of job (MB)
	830756  -  ResidentSetSize of job (KB)
...
006 (113449464.000.000) 2023-03-29 18:27:31 Image size of job updated: 4393020
	816  -  MemoryUsage of job (MB)
	834668  -  ResidentSetSize of job (KB)
...
006 (113449464.000.000) 2023-03-29 18:32:32 Image size of job updated: 4393020
	831  -  MemoryUsage of job (MB)
	850404  -  ResidentSetSize of job (KB)
...
006 (113449464.000.000) 2023-03-29 18:37:32 Image size of job updated: 4403688
	846  -  MemoryUsage of job (MB)
	866160  -  ResidentSetSize of job (KB)
...
006 (113449464.000.000) 2023-03-29 18:42:33 Image size of job updated: 4404168
	846  -  MemoryUsage of job (MB)
	866160  -  ResidentSetSize of job (KB)
...
006 (113449464.000.000) 2023-03-29 18:47:34 Image size of job updated: 4408160
	846  -  MemoryUsage of job (MB)
	866284  -  ResidentSetSize of job (KB)
...
006 (113449464.000.000) 2023-03-29 18:52:34 Image size of job updated: 4408160
	848  -  MemoryUsage of job (MB)
	867928  -  ResidentSetSize of job (KB)
...
006 (113449464.000.000) 2023-03-29 18:57:35 Image size of job updated: 4430436
	873  -  MemoryUsage of job (MB)
	893624  -  ResidentSetSize of job (KB)
...
006 (113449464.000.000) 2023-03-29 19:02:36 Image size of job updated: 4431992
	874  -  MemoryUsage of job (MB)
	894808  -  ResidentSetSize of job (KB)
...
006 (113449464.000.000) 2023-03-29 19:07:36 Image size of job updated: 4446312
	889  -  MemoryUsage of job (MB)
	910272  -  ResidentSetSize of job (KB)
...
006 (113449464.000.000) 2023-03-29 19:12:37 Image size of job updated: 4448364
	891  -  MemoryUsage of job (MB)
	911628  -  ResidentSetSize of job (KB)
...
006 (113449464.000.000) 2023-03-29 19:17:38 Image size of job updated: 4460068
	896  -  MemoryUsage of job (MB)
	917400  -  ResidentSetSize of job (KB)
...
006 (113449464.000.000) 2023-03-29 19:42:41 Image size of job updated: 4460068
	899  -  MemoryUsage of job (MB)
	919616  -  ResidentSetSize of job (KB)
...
006 (113449464.000.000) 2023-03-29 19:52:42 Image size of job updated: 4460068
	903  -  MemoryUsage of job (MB)
	923716  -  ResidentSetSize of job (KB)
...
006 (113449464.000.000) 2023-03-29 19:57:43 Image size of job updated: 4462432
	904  -  MemoryUsage of job (MB)
	924784  -  ResidentSetSize of job (KB)
...
006 (113449464.000.000) 2023-03-29 20:02:44 Image size of job updated: 4465112
	924  -  MemoryUsage of job (MB)
	945896  -  ResidentSetSize of job (KB)
...
006 (113449464.000.000) 2023-03-29 20:07:44 Image size of job updated: 4465892
	924  -  MemoryUsage of job (MB)
	945896  -  ResidentSetSize of job (KB)
...
006 (113449464.000.000) 2023-03-29 20:12:45 Image size of job updated: 4468900
	928  -  MemoryUsage of job (MB)
	949824  -  ResidentSetSize of job (KB)
...
006 (113449464.000.000) 2023-03-29 20:17:46 Image size of job updated: 4472480
	929  -  MemoryUsage of job (MB)
	950276  -  ResidentSetSize of job (KB)
...
006 (113449464.000.000) 2023-03-29 20:22:46 Image size of job updated: 4472480
	929  -  MemoryUsage of job (MB)
	950568  -  ResidentSetSize of job (KB)
...
006 (113449464.000.000) 2023-03-29 20:27:47 Image size of job updated: 4502008
	955  -  MemoryUsage of job (MB)
	977568  -  ResidentSetSize of job (KB)
...
006 (113449464.000.000) 2023-03-29 20:32:48 Image size of job updated: 4502008
	960  -  MemoryUsage of job (MB)
	982120  -  ResidentSetSize of job (KB)
...
006 (113449464.000.000) 2023-03-29 21:22:54 Image size of job updated: 4509112
	981  -  MemoryUsage of job (MB)
	1004092  -  ResidentSetSize of job (KB)
...
006 (113449464.000.000) 2023-03-29 21:27:55 Image size of job updated: 4510916
	981  -  MemoryUsage of job (MB)
	1004092  -  ResidentSetSize of job (KB)
...
006 (113449464.000.000) 2023-03-29 21:37:56 Image size of job updated: 4526136
	1016  -  MemoryUsage of job (MB)
	1039520  -  ResidentSetSize of job (KB)
...
006 (113449464.000.000) 2023-03-29 21:42:57 Image size of job updated: 4527812
	1052  -  MemoryUsage of job (MB)
	1076412  -  ResidentSetSize of job (KB)
...
006 (113449464.000.000) 2023-03-29 22:48:05 Image size of job updated: 4527812
	1053  -  MemoryUsage of job (MB)
	1077284  -  ResidentSetSize of job (KB)
...
006 (113449464.000.000) 2023-03-29 22:53:05 Image size of job updated: 4527812
	1053  -  MemoryUsage of job (MB)
	1077840  -  ResidentSetSize of job (KB)
...
006 (113449464.000.000) 2023-03-29 23:03:07 Image size of job updated: 4527812
	1054  -  MemoryUsage of job (MB)
	1078276  -  ResidentSetSize of job (KB)
...
006 (113449464.000.000) 2023-03-29 23:23:09 Image size of job updated: 4538688
	1066  -  MemoryUsage of job (MB)
	1090688  -  ResidentSetSize of job (KB)
...
006 (113449464.000.000) 2023-03-29 23:28:10 Image size of job updated: 4544020
	1070  -  MemoryUsage of job (MB)
	1095408  -  ResidentSetSize of job (KB)
...
006 (113449464.000.000) 2023-03-29 23:33:11 Image size of job updated: 4545156
	1070  -  MemoryUsage of job (MB)
	1095408  -  ResidentSetSize of job (KB)
...
006 (113449464.000.000) 2023-03-29 23:38:11 Image size of job updated: 4549360
	1082  -  MemoryUsage of job (MB)
	1107648  -  ResidentSetSize of job (KB)
...
006 (113449464.000.000) 2023-03-29 23:43:12 Image size of job updated: 4549360
	1082  -  MemoryUsage of job (MB)
	1107652  -  ResidentSetSize of job (KB)
...
006 (113449464.000.000) 2023-03-29 23:48:13 Image size of job updated: 4549432
	1086  -  MemoryUsage of job (MB)
	1111680  -  ResidentSetSize of job (KB)
...
006 (113449464.000.000) 2023-03-30 00:03:15 Image size of job updated: 4549432
	1088  -  MemoryUsage of job (MB)
	1113612  -  ResidentSetSize of job (KB)
...
006 (113449464.000.000) 2023-03-30 00:13:16 Image size of job updated: 4552896
	1089  -  MemoryUsage of job (MB)
	1114596  -  ResidentSetSize of job (KB)
...
006 (113449464.000.000) 2023-03-30 00:18:17 Image size of job updated: 4567560
	1089  -  MemoryUsage of job (MB)
	1114596  -  ResidentSetSize of job (KB)
...
006 (113449464.000.000) 2023-03-30 00:33:18 Image size of job updated: 4572080
	1108  -  MemoryUsage of job (MB)
	1134520  -  ResidentSetSize of job (KB)
...
006 (113449464.000.000) 2023-03-30 00:38:18 Image size of job updated: 4575492
	1108  -  MemoryUsage of job (MB)
	1134520  -  ResidentSetSize of job (KB)
...
006 (113449464.000.000) 2023-03-30 00:43:19 Image size of job updated: 4575492
	1109  -  MemoryUsage of job (MB)
	1134952  -  ResidentSetSize of job (KB)
...
006 (113449464.000.000) 2023-03-30 01:23:23 Image size of job updated: 4610040
	1109  -  MemoryUsage of job (MB)
	1134952  -  ResidentSetSize of job (KB)
...
006 (113449464.000.000) 2023-03-30 01:53:25 Image size of job updated: 4610040
	1123  -  MemoryUsage of job (MB)
	1149268  -  ResidentSetSize of job (KB)
...
006 (113449464.000.000) 2023-03-30 02:08:26 Image size of job updated: 4610040
	1127  -  MemoryUsage of job (MB)
	1153068  -  ResidentSetSize of job (KB)
...
006 (113449464.000.000) 2023-03-30 02:13:27 Image size of job updated: 4668852
	1127  -  MemoryUsage of job (MB)
	1153068  -  ResidentSetSize of job (KB)
...
006 (113449464.000.000) 2023-03-30 03:03:34 Image size of job updated: 4668852
	1127  -  MemoryUsage of job (MB)
	1153744  -  ResidentSetSize of job (KB)
...
006 (113449464.000.000) 2023-03-30 03:53:40 Image size of job updated: 4668852
	1150  -  MemoryUsage of job (MB)
	1177276  -  ResidentSetSize of job (KB)
...
006 (113449464.000.000) 2023-03-30 04:23:44 Image size of job updated: 4668852
	1154  -  MemoryUsage of job (MB)
	1181640  -  ResidentSetSize of job (KB)
...
006 (113449464.000.000) 2023-03-30 05:48:56 Image size of job updated: 4692800
	1154  -  MemoryUsage of job (MB)
	1181640  -  ResidentSetSize of job (KB)
...
006 (113449464.000.000) 2023-03-30 06:03:58 Image size of job updated: 4692800
	1155  -  MemoryUsage of job (MB)
	1181764  -  ResidentSetSize of job (KB)
...
006 (113449464.000.000) 2023-03-30 06:24:00 Image size of job updated: 4692800
	1164  -  MemoryUsage of job (MB)
	1191452  -  ResidentSetSize of job (KB)
...
006 (113449464.000.000) 2023-03-30 06:39:02 Image size of job updated: 4692800
	1167  -  MemoryUsage of job (MB)
	1194244  -  ResidentSetSize of job (KB)
...
006 (113449464.000.000) 2023-03-30 06:44:03 Image size of job updated: 4707564
	1167  -  MemoryUsage of job (MB)
	1194244  -  ResidentSetSize of job (KB)
...
006 (113449464.000.000) 2023-03-30 07:09:05 Image size of job updated: 4707564
	1180  -  MemoryUsage of job (MB)
	1207324  -  ResidentSetSize of job (KB)
...
006 (113449464.000.000) 2023-03-30 07:29:06 Image size of job updated: 4707564
	1180  -  MemoryUsage of job (MB)
	1207716  -  ResidentSetSize of job (KB)
...
006 (113449464.000.000) 2023-03-30 07:49:08 Image size of job updated: 4735064
	1180  -  MemoryUsage of job (MB)
	1207716  -  ResidentSetSize of job (KB)
...
006 (113449464.000.000) 2023-03-30 07:59:08 Image size of job updated: 4735064
	1262  -  MemoryUsage of job (MB)
	1291908  -  ResidentSetSize of job (KB)
...
006 (113449464.000.000) 2023-03-30 10:29:18 Image size of job updated: 4776484
	1262  -  MemoryUsage of job (MB)
	1291908  -  ResidentSetSize of job (KB)
...
006 (113449464.000.000) 2023-03-30 11:09:21 Image size of job updated: 4783688
	1262  -  MemoryUsage of job (MB)
	1291908  -  ResidentSetSize of job (KB)
...
006 (113449464.000.000) 2023-03-30 12:19:26 Image size of job updated: 4803988
	1262  -  MemoryUsage of job (MB)
	1291908  -  ResidentSetSize of job (KB)
...
006 (113449464.000.000) 2023-03-30 13:04:31 Image size of job updated: 4803988
	1285  -  MemoryUsage of job (MB)
	1315204  -  ResidentSetSize of job (KB)
...
006 (113449464.000.000) 2023-03-30 13:34:35 Image size of job updated: 4821684
	1285  -  MemoryUsage of job (MB)
	1315204  -  ResidentSetSize of job (KB)
...
006 (113449464.000.000) 2023-03-30 14:09:40 Image size of job updated: 4824184
	1285  -  MemoryUsage of job (MB)
	1315204  -  ResidentSetSize of job (KB)
...
006 (113449464.000.000) 2023-03-30 14:29:41 Image size of job updated: 4826904
	1285  -  MemoryUsage of job (MB)
	1315204  -  ResidentSetSize of job (KB)
...
006 (113449464.000.000) 2023-03-30 14:39:42 Image size of job updated: 4826904
	1344  -  MemoryUsage of job (MB)
	1375448  -  ResidentSetSize of job (KB)
...
006 (113449464.000.000) 2023-03-30 15:04:43 Image size of job updated: 4829736
	1344  -  MemoryUsage of job (MB)
	1375448  -  ResidentSetSize of job (KB)
...
006 (113449464.000.000) 2023-03-30 15:29:46 Image size of job updated: 4848768
	1344  -  MemoryUsage of job (MB)
	1375448  -  ResidentSetSize of job (KB)
...
006 (113449464.000.000) 2023-03-30 16:04:51 Image size of job updated: 4850272
	1344  -  MemoryUsage of job (MB)
	1375448  -  ResidentSetSize of job (KB)
...
006 (113449464.000.000) 2023-03-30 16:14:52 Image size of job updated: 4850272
	1379  -  MemoryUsage of job (MB)
	1411616  -  ResidentSetSize of job (KB)
...
006 (113449464.000.000) 2023-03-30 16:54:56 Image size of job updated: 4850272
	1395  -  MemoryUsage of job (MB)
	1428404  -  ResidentSetSize of job (KB)
...
006 (113449464.000.000) 2023-03-30 16:59:57 Image size of job updated: 4874352
	1395  -  MemoryUsage of job (MB)
	1428404  -  ResidentSetSize of job (KB)
...
004 (113449464.000.000) 2023-03-30 17:23:57 Job was evicted.
	(0) CPU times
		Usr 2 08:50:58, Sys 0 00:06:45  -  Run Remote Usage
		Usr 0 00:00:00, Sys 0 00:00:00  -  Run Local Usage
	0  -  Run Bytes Sent By Job
	381  -  Run Bytes Received By Job
	Partitionable Resources :    Usage  Request Allocated 
	   Cpus                 :     0.99        1         1 
	   Disk (KB)            :  1185      500000    624256 
	   GPUs                 :                           0 
	   Memory (MB)          :  1395       20000     20096 
...
040 (113449464.000.000) 2023-03-30 17:26:33 Started transferring input files
	Transferring to host: <10.14.10.75:9618?addrs=10.14.10.75-9618&alias=node2325.cluster.ldas.cit&noUDP&sock=slot1_2_441540_9f9c_6204>
...
040 (113449464.000.000) 2023-03-30 17:26:33 Finished transferring input files
...
001 (113449464.000.000) 2023-03-30 17:26:35 Job executing on host: <10.14.10.75:9618?addrs=10.14.10.75-9618&alias=node2325.cluster.ldas.cit&noUDP&sock=startd_441498_7bf7>
...
006 (113449464.000.000) 2023-03-31 02:52:43 Image size of job updated: 5014656
	1465  -  MemoryUsage of job (MB)
	1500000  -  ResidentSetSize of job (KB)
...
006 (113449464.000.000) 2023-03-31 06:48:06 Image size of job updated: 5037776
	1465  -  MemoryUsage of job (MB)
	1500000  -  ResidentSetSize of job (KB)
...
006 (113449464.000.000) 2023-03-31 11:53:39 Image size of job updated: 5043820
	1465  -  MemoryUsage of job (MB)
	1500000  -  ResidentSetSize of job (KB)
...
006 (113449464.000.000) 2023-03-31 12:33:43 Image size of job updated: 5056796
	1465  -  MemoryUsage of job (MB)
	1500000  -  ResidentSetSize of job (KB)
...
006 (113449464.000.000) 2023-03-31 14:03:52 Image size of job updated: 5121296
	1465  -  MemoryUsage of job (MB)
	1500000  -  ResidentSetSize of job (KB)
...
006 (113449464.000.000) 2023-03-31 15:34:01 Image size of job updated: 5131768
	1468  -  MemoryUsage of job (MB)
	1502980  -  ResidentSetSize of job (KB)
...
006 (113449464.000.000) 2023-03-31 15:39:01 Image size of job updated: 5131768
	1470  -  MemoryUsage of job (MB)
	1504296  -  ResidentSetSize of job (KB)
...
006 (113449464.000.000) 2023-03-31 15:44:02 Image size of job updated: 5131768
	1474  -  MemoryUsage of job (MB)
	1508620  -  ResidentSetSize of job (KB)
...
006 (113449464.000.000) 2023-03-31 15:49:02 Image size of job updated: 5131768
	1476  -  MemoryUsage of job (MB)
	1510428  -  ResidentSetSize of job (KB)
...
006 (113449464.000.000) 2023-03-31 15:54:02 Image size of job updated: 5131768
	1485  -  MemoryUsage of job (MB)
	1520460  -  ResidentSetSize of job (KB)
...
006 (113449464.000.000) 2023-03-31 16:19:06 Image size of job updated: 5137180
	1485  -  MemoryUsage of job (MB)
	1520460  -  ResidentSetSize of job (KB)
...
004 (113449464.000.000) 2023-03-31 17:28:17 Job was evicted.
	(0) CPU times
		Usr 2 03:52:29, Sys 0 00:07:38  -  Run Remote Usage
		Usr 0 00:00:00, Sys 0 00:00:00  -  Run Local Usage
	0  -  Run Bytes Sent By Job
	381  -  Run Bytes Received By Job
	Partitionable Resources :    Usage  Request Allocated 
	   Cpus                 :     2.10        1         1 
	   Disk (KB)            :   403      500000    624256 
	   GPUs                 :                           0 
	   Memory (MB)          :  1485       20000     20096 
...
022 (113449464.000.000) 2023-03-31 17:48:48 Job disconnected, attempting to reconnect
    Socket between submit and execute hosts closed unexpectedly
    Trying to reconnect to slot1_2@node2267.cluster.ldas.cit <10.14.10.17:9618?addrs=10.14.10.17-9618&alias=node2267.cluster.ldas.cit&noUDP&sock=startd_3479_e213>
...
024 (113449464.000.000) 2023-03-31 17:48:56 Job reconnection failed
    Job not found at execution machine
    Can not reconnect to slot1_2@node2267.cluster.ldas.cit, rescheduling job
...
040 (113449464.000.000) 2023-03-31 17:53:20 Started transferring input files
	Transferring to host: <10.14.4.43:9618?addrs=10.14.4.43-9618&alias=node793.cluster.ldas.cit&noUDP&sock=slot1_1_418518_8ab4_14958>
...
040 (113449464.000.000) 2023-03-31 17:53:20 Finished transferring input files
...
001 (113449464.000.000) 2023-03-31 17:53:21 Job executing on host: <10.14.4.43:9618?addrs=10.14.4.43-9618&alias=node793.cluster.ldas.cit&noUDP&sock=startd_418482_6c31>
...
006 (113449464.000.000) 2023-04-01 13:35:39 Image size of job updated: 13301740
	1709  -  MemoryUsage of job (MB)
	1750000  -  ResidentSetSize of job (KB)
...
040 (113449464.000.000) 2023-04-01 13:37:34 Started transferring output files
...
040 (113449464.000.000) 2023-04-01 13:37:34 Finished transferring output files
...
005 (113449464.000.000) 2023-04-01 13:37:34 Job terminated.
	(1) Normal termination (return value 0)
		Usr 1 15:24:19, Sys 0 00:04:21  -  Run Remote Usage
		Usr 0 00:00:00, Sys 0 00:00:00  -  Run Local Usage
		Usr 6 04:07:46, Sys 0 00:18:44  -  Total Remote Usage
		Usr 0 00:00:00, Sys 0 00:00:00  -  Total Local Usage
	206767  -  Run Bytes Sent By Job
	381  -  Run Bytes Received By Job
	206767  -  Total Bytes Sent By Job
	1143  -  Total Bytes Received By Job
	Partitionable Resources :    Usage  Request Allocated 
	   Cpus                 :     1.75        1         1 
	   Disk (KB)            :   225      500000    624256 
	   GPUs                 :                           0 
	   Memory (MB)          :  1709       20000     20096 

	Job terminated of its own accord at 2023-04-01T20:37:34Z with exit-code 0.
...
000 (113484522.000.000) 2023-04-01 14:22:49 Job submitted from host: <10.14.0.160:9618?addrs=10.14.0.160-9618&alias=ldas-pcdev2.ligo.caltech.edu&noUDP&sock=schedd_7450_a8a7>
    DAG Node: 42
...
040 (113484522.000.000) 2023-04-01 14:24:44 Started transferring input files
	Transferring to host: <10.14.10.47:9618?addrs=10.14.10.47-9618&alias=node2297.cluster.ldas.cit&noUDP&sock=slot1_10_1268055_3606_24631>
...
040 (113484522.000.000) 2023-04-01 14:24:44 Finished transferring input files
...
001 (113484522.000.000) 2023-04-01 14:24:45 Job executing on host: <10.14.10.47:9618?addrs=10.14.10.47-9618&alias=node2297.cluster.ldas.cit&noUDP&sock=startd_175453_be30>
...
006 (113484522.000.000) 2023-04-01 14:24:54 Image size of job updated: 159952
	100  -  MemoryUsage of job (MB)
	102248  -  ResidentSetSize of job (KB)
...
006 (113484522.000.000) 2023-04-01 14:25:00 Image size of job updated: 463688
	100  -  MemoryUsage of job (MB)
	102248  -  ResidentSetSize of job (KB)
...
040 (113484522.000.000) 2023-04-01 14:25:00 Started transferring output files
...
040 (113484522.000.000) 2023-04-01 14:25:00 Finished transferring output files
...
005 (113484522.000.000) 2023-04-01 14:25:00 Job terminated.
	(1) Normal termination (return value 0)
		Usr 0 00:00:10, Sys 0 00:00:00  -  Run Remote Usage
		Usr 0 00:00:00, Sys 0 00:00:00  -  Run Local Usage
		Usr 0 00:00:10, Sys 0 00:00:00  -  Total Remote Usage
		Usr 0 00:00:00, Sys 0 00:00:00  -  Total Local Usage
	6438  -  Run Bytes Sent By Job
	381  -  Run Bytes Received By Job
	6438  -  Total Bytes Sent By Job
	381  -  Total Bytes Received By Job
	Partitionable Resources :    Usage  Request Allocated 
	   Cpus                 :                 1         1 
	   Disk (KB)            :       21   500000    610140 
	   GPUs                 :                           0 
	   Memory (MB)          :      100    20000     20096 

	Job terminated of its own accord at 2023-04-01T21:25:00Z with exit-code 0.
...
