000 (113449557.000.000) 2023-03-29 17:01:30 Job submitted from host: <10.14.0.160:9618?addrs=10.14.0.160-9618&alias=ldas-pcdev2.ligo.caltech.edu&noUDP&sock=schedd_7450_a8a7>
    DAG Node: 62
...
022 (113449557.000.000) 2023-03-29 17:22:11 Job disconnected, attempting to reconnect
    Socket between submit and execute hosts closed unexpectedly
    Trying to reconnect to slot1_1@node2199.cluster.ldas.cit <10.14.9.199:9618?addrs=10.14.9.199-9618&alias=node2199.cluster.ldas.cit&noUDP&sock=startd_3766_bdc1>
...
024 (113449557.000.000) 2023-03-29 17:22:19 Job reconnection failed
    Job not found at execution machine
    Can not reconnect to slot1_1@node2199.cluster.ldas.cit, rescheduling job
...
040 (113449557.000.000) 2023-03-29 17:23:39 Started transferring input files
	Transferring to host: <10.14.9.182:9618?addrs=10.14.9.182-9618&alias=node2182.cluster.ldas.cit&noUDP&sock=slot1_1_3426969_6db6_5201>
...
040 (113449557.000.000) 2023-03-29 17:23:39 Finished transferring input files
...
001 (113449557.000.000) 2023-03-29 17:23:40 Job executing on host: <10.14.9.182:9618?addrs=10.14.9.182-9618&alias=node2182.cluster.ldas.cit&noUDP&sock=startd_3426928_2596>
...
006 (113449557.000.000) 2023-03-29 17:23:49 Image size of job updated: 313296
	100  -  MemoryUsage of job (MB)
	102292  -  ResidentSetSize of job (KB)
...
006 (113449557.000.000) 2023-03-29 17:28:49 Image size of job updated: 4099540
	140  -  MemoryUsage of job (MB)
	143284  -  ResidentSetSize of job (KB)
...
006 (113449557.000.000) 2023-03-29 17:33:49 Image size of job updated: 4099540
	305  -  MemoryUsage of job (MB)
	311344  -  ResidentSetSize of job (KB)
...
006 (113449557.000.000) 2023-03-29 17:38:50 Image size of job updated: 4099540
	316  -  MemoryUsage of job (MB)
	322972  -  ResidentSetSize of job (KB)
...
006 (113449557.000.000) 2023-03-29 17:43:50 Image size of job updated: 4099540
	438  -  MemoryUsage of job (MB)
	447696  -  ResidentSetSize of job (KB)
...
006 (113449557.000.000) 2023-03-29 17:48:50 Image size of job updated: 4099540
	439  -  MemoryUsage of job (MB)
	448736  -  ResidentSetSize of job (KB)
...
006 (113449557.000.000) 2023-03-29 17:53:51 Image size of job updated: 4111268
	468  -  MemoryUsage of job (MB)
	478448  -  ResidentSetSize of job (KB)
...
006 (113449557.000.000) 2023-03-29 17:58:52 Image size of job updated: 4113552
	470  -  MemoryUsage of job (MB)
	481112  -  ResidentSetSize of job (KB)
...
006 (113449557.000.000) 2023-03-29 18:08:53 Image size of job updated: 4127232
	482  -  MemoryUsage of job (MB)
	492556  -  ResidentSetSize of job (KB)
...
006 (113449557.000.000) 2023-03-29 18:13:54 Image size of job updated: 4127232
	482  -  MemoryUsage of job (MB)
	493160  -  ResidentSetSize of job (KB)
...
006 (113449557.000.000) 2023-03-29 18:18:54 Image size of job updated: 4137084
	494  -  MemoryUsage of job (MB)
	505000  -  ResidentSetSize of job (KB)
...
006 (113449557.000.000) 2023-03-29 18:23:54 Image size of job updated: 4139120
	502  -  MemoryUsage of job (MB)
	513336  -  ResidentSetSize of job (KB)
...
006 (113449557.000.000) 2023-03-29 18:28:56 Image size of job updated: 4151968
	538  -  MemoryUsage of job (MB)
	550612  -  ResidentSetSize of job (KB)
...
006 (113449557.000.000) 2023-03-29 18:33:56 Image size of job updated: 4152408
	538  -  MemoryUsage of job (MB)
	550612  -  ResidentSetSize of job (KB)
...
006 (113449557.000.000) 2023-03-29 18:38:56 Image size of job updated: 4191556
	776  -  MemoryUsage of job (MB)
	794292  -  ResidentSetSize of job (KB)
...
006 (113449557.000.000) 2023-03-29 18:43:57 Image size of job updated: 4191984
	857  -  MemoryUsage of job (MB)
	877220  -  ResidentSetSize of job (KB)
...
006 (113449557.000.000) 2023-03-29 18:48:58 Image size of job updated: 4206636
	865  -  MemoryUsage of job (MB)
	885512  -  ResidentSetSize of job (KB)
...
006 (113449557.000.000) 2023-03-29 18:53:58 Image size of job updated: 4206636
	866  -  MemoryUsage of job (MB)
	886704  -  ResidentSetSize of job (KB)
...
006 (113449557.000.000) 2023-03-29 19:04:00 Image size of job updated: 4206636
	871  -  MemoryUsage of job (MB)
	890964  -  ResidentSetSize of job (KB)
...
006 (113449557.000.000) 2023-03-29 19:14:00 Image size of job updated: 4215344
	880  -  MemoryUsage of job (MB)
	900968  -  ResidentSetSize of job (KB)
...
006 (113449557.000.000) 2023-03-29 19:19:01 Image size of job updated: 4216216
	881  -  MemoryUsage of job (MB)
	901636  -  ResidentSetSize of job (KB)
...
006 (113449557.000.000) 2023-03-29 19:24:01 Image size of job updated: 4216792
	881  -  MemoryUsage of job (MB)
	901636  -  ResidentSetSize of job (KB)
...
006 (113449557.000.000) 2023-03-29 19:34:02 Image size of job updated: 4216792
	893  -  MemoryUsage of job (MB)
	914156  -  ResidentSetSize of job (KB)
...
006 (113449557.000.000) 2023-03-29 20:04:05 Image size of job updated: 4251968
	933  -  MemoryUsage of job (MB)
	954836  -  ResidentSetSize of job (KB)
...
006 (113449557.000.000) 2023-03-29 20:09:06 Image size of job updated: 4253668
	935  -  MemoryUsage of job (MB)
	956872  -  ResidentSetSize of job (KB)
...
006 (113449557.000.000) 2023-03-29 20:14:06 Image size of job updated: 4253972
	935  -  MemoryUsage of job (MB)
	956872  -  ResidentSetSize of job (KB)
...
006 (113449557.000.000) 2023-03-29 20:29:08 Image size of job updated: 4272640
	951  -  MemoryUsage of job (MB)
	973448  -  ResidentSetSize of job (KB)
...
006 (113449557.000.000) 2023-03-29 20:34:08 Image size of job updated: 4273116
	952  -  MemoryUsage of job (MB)
	974484  -  ResidentSetSize of job (KB)
...
006 (113449557.000.000) 2023-03-29 20:39:08 Image size of job updated: 4288652
	968  -  MemoryUsage of job (MB)
	990260  -  ResidentSetSize of job (KB)
...
006 (113449557.000.000) 2023-03-29 20:44:09 Image size of job updated: 4289336
	970  -  MemoryUsage of job (MB)
	992392  -  ResidentSetSize of job (KB)
...
006 (113449557.000.000) 2023-03-29 20:49:09 Image size of job updated: 4289472
	970  -  MemoryUsage of job (MB)
	992392  -  ResidentSetSize of job (KB)
...
006 (113449557.000.000) 2023-03-29 21:09:11 Image size of job updated: 4289472
	993  -  MemoryUsage of job (MB)
	1016224  -  ResidentSetSize of job (KB)
...
006 (113449557.000.000) 2023-03-29 21:14:12 Image size of job updated: 4289472
	997  -  MemoryUsage of job (MB)
	1019940  -  ResidentSetSize of job (KB)
...
006 (113449557.000.000) 2023-03-29 21:19:13 Image size of job updated: 4289472
	998  -  MemoryUsage of job (MB)
	1021156  -  ResidentSetSize of job (KB)
...
006 (113449557.000.000) 2023-03-29 21:29:13 Image size of job updated: 4289472
	1003  -  MemoryUsage of job (MB)
	1026140  -  ResidentSetSize of job (KB)
...
006 (113449557.000.000) 2023-03-29 21:34:14 Image size of job updated: 4289472
	1021  -  MemoryUsage of job (MB)
	1044664  -  ResidentSetSize of job (KB)
...
006 (113449557.000.000) 2023-03-29 21:39:14 Image size of job updated: 4289472
	1028  -  MemoryUsage of job (MB)
	1051720  -  ResidentSetSize of job (KB)
...
006 (113449557.000.000) 2023-03-29 21:44:14 Image size of job updated: 4289472
	1030  -  MemoryUsage of job (MB)
	1053844  -  ResidentSetSize of job (KB)
...
006 (113449557.000.000) 2023-03-29 21:54:15 Image size of job updated: 4324580
	1030  -  MemoryUsage of job (MB)
	1053844  -  ResidentSetSize of job (KB)
...
006 (113449557.000.000) 2023-03-29 22:09:17 Image size of job updated: 4324580
	1050  -  MemoryUsage of job (MB)
	1074908  -  ResidentSetSize of job (KB)
...
006 (113449557.000.000) 2023-03-29 22:14:17 Image size of job updated: 4324580
	1053  -  MemoryUsage of job (MB)
	1077556  -  ResidentSetSize of job (KB)
...
006 (113449557.000.000) 2023-03-29 22:19:18 Image size of job updated: 4324580
	1054  -  MemoryUsage of job (MB)
	1078704  -  ResidentSetSize of job (KB)
...
006 (113449557.000.000) 2023-03-29 22:24:19 Image size of job updated: 4324580
	1059  -  MemoryUsage of job (MB)
	1083528  -  ResidentSetSize of job (KB)
...
006 (113449557.000.000) 2023-03-29 22:29:19 Image size of job updated: 4324580
	1061  -  MemoryUsage of job (MB)
	1085620  -  ResidentSetSize of job (KB)
...
006 (113449557.000.000) 2023-03-29 22:34:19 Image size of job updated: 4324580
	1062  -  MemoryUsage of job (MB)
	1086896  -  ResidentSetSize of job (KB)
...
006 (113449557.000.000) 2023-03-29 22:39:21 Image size of job updated: 4324580
	1078  -  MemoryUsage of job (MB)
	1103780  -  ResidentSetSize of job (KB)
...
006 (113449557.000.000) 2023-03-29 22:44:21 Image size of job updated: 4324580
	1079  -  MemoryUsage of job (MB)
	1104372  -  ResidentSetSize of job (KB)
...
006 (113449557.000.000) 2023-03-29 22:49:21 Image size of job updated: 4324580
	1082  -  MemoryUsage of job (MB)
	1107152  -  ResidentSetSize of job (KB)
...
006 (113449557.000.000) 2023-03-29 22:54:22 Image size of job updated: 4324580
	1100  -  MemoryUsage of job (MB)
	1125904  -  ResidentSetSize of job (KB)
...
006 (113449557.000.000) 2023-03-29 22:59:23 Image size of job updated: 4324580
	1101  -  MemoryUsage of job (MB)
	1127416  -  ResidentSetSize of job (KB)
...
006 (113449557.000.000) 2023-03-29 23:04:23 Image size of job updated: 4324580
	1105  -  MemoryUsage of job (MB)
	1131452  -  ResidentSetSize of job (KB)
...
006 (113449557.000.000) 2023-03-29 23:09:23 Image size of job updated: 4330948
	1113  -  MemoryUsage of job (MB)
	1138944  -  ResidentSetSize of job (KB)
...
006 (113449557.000.000) 2023-03-29 23:19:25 Image size of job updated: 4331996
	1114  -  MemoryUsage of job (MB)
	1139976  -  ResidentSetSize of job (KB)
...
006 (113449557.000.000) 2023-03-29 23:44:28 Image size of job updated: 4333028
	1116  -  MemoryUsage of job (MB)
	1141796  -  ResidentSetSize of job (KB)
...
006 (113449557.000.000) 2023-03-29 23:49:29 Image size of job updated: 4334048
	1116  -  MemoryUsage of job (MB)
	1141796  -  ResidentSetSize of job (KB)
...
006 (113449557.000.000) 2023-03-29 23:54:29 Image size of job updated: 4334316
	1116  -  MemoryUsage of job (MB)
	1141796  -  ResidentSetSize of job (KB)
...
006 (113449557.000.000) 2023-03-29 23:59:29 Image size of job updated: 4342780
	1121  -  MemoryUsage of job (MB)
	1147112  -  ResidentSetSize of job (KB)
...
006 (113449557.000.000) 2023-03-30 00:04:30 Image size of job updated: 4342780
	1122  -  MemoryUsage of job (MB)
	1148244  -  ResidentSetSize of job (KB)
...
006 (113449557.000.000) 2023-03-30 00:09:31 Image size of job updated: 4352896
	1134  -  MemoryUsage of job (MB)
	1160944  -  ResidentSetSize of job (KB)
...
006 (113449557.000.000) 2023-03-30 00:14:31 Image size of job updated: 4355928
	1134  -  MemoryUsage of job (MB)
	1160944  -  ResidentSetSize of job (KB)
...
006 (113449557.000.000) 2023-03-30 00:39:33 Image size of job updated: 4386028
	1166  -  MemoryUsage of job (MB)
	1193420  -  ResidentSetSize of job (KB)
...
006 (113449557.000.000) 2023-03-30 00:44:34 Image size of job updated: 4386068
	1166  -  MemoryUsage of job (MB)
	1193420  -  ResidentSetSize of job (KB)
...
006 (113449557.000.000) 2023-03-30 00:54:34 Image size of job updated: 4451128
	1166  -  MemoryUsage of job (MB)
	1193420  -  ResidentSetSize of job (KB)
...
006 (113449557.000.000) 2023-03-30 01:04:35 Image size of job updated: 4451128
	1172  -  MemoryUsage of job (MB)
	1199244  -  ResidentSetSize of job (KB)
...
006 (113449557.000.000) 2023-03-30 01:14:36 Image size of job updated: 4451128
	1173  -  MemoryUsage of job (MB)
	1200520  -  ResidentSetSize of job (KB)
...
006 (113449557.000.000) 2023-03-30 01:19:37 Image size of job updated: 4451128
	1176  -  MemoryUsage of job (MB)
	1203424  -  ResidentSetSize of job (KB)
...
006 (113449557.000.000) 2023-03-30 01:24:37 Image size of job updated: 4451128
	1179  -  MemoryUsage of job (MB)
	1207180  -  ResidentSetSize of job (KB)
...
006 (113449557.000.000) 2023-03-30 01:29:38 Image size of job updated: 4451128
	1180  -  MemoryUsage of job (MB)
	1208228  -  ResidentSetSize of job (KB)
...
006 (113449557.000.000) 2023-03-30 01:39:39 Image size of job updated: 4451128
	1181  -  MemoryUsage of job (MB)
	1209344  -  ResidentSetSize of job (KB)
...
006 (113449557.000.000) 2023-03-30 01:44:39 Image size of job updated: 4451128
	1183  -  MemoryUsage of job (MB)
	1211336  -  ResidentSetSize of job (KB)
...
006 (113449557.000.000) 2023-03-30 01:49:40 Image size of job updated: 4451128
	1186  -  MemoryUsage of job (MB)
	1213824  -  ResidentSetSize of job (KB)
...
006 (113449557.000.000) 2023-03-30 02:14:43 Image size of job updated: 4451128
	1189  -  MemoryUsage of job (MB)
	1217140  -  ResidentSetSize of job (KB)
...
006 (113449557.000.000) 2023-03-30 02:19:43 Image size of job updated: 4451128
	1192  -  MemoryUsage of job (MB)
	1220360  -  ResidentSetSize of job (KB)
...
006 (113449557.000.000) 2023-03-30 02:24:44 Image size of job updated: 4465092
	1192  -  MemoryUsage of job (MB)
	1220360  -  ResidentSetSize of job (KB)
...
006 (113449557.000.000) 2023-03-30 02:29:45 Image size of job updated: 4491660
	1198  -  MemoryUsage of job (MB)
	1226324  -  ResidentSetSize of job (KB)
...
006 (113449557.000.000) 2023-03-30 03:04:49 Image size of job updated: 4503340
	1198  -  MemoryUsage of job (MB)
	1226324  -  ResidentSetSize of job (KB)
...
006 (113449557.000.000) 2023-03-30 03:09:49 Image size of job updated: 4503340
	1198  -  MemoryUsage of job (MB)
	1226692  -  ResidentSetSize of job (KB)
...
006 (113449557.000.000) 2023-03-30 03:14:50 Image size of job updated: 4507980
	1202  -  MemoryUsage of job (MB)
	1230796  -  ResidentSetSize of job (KB)
...
006 (113449557.000.000) 2023-03-30 03:19:51 Image size of job updated: 4507980
	1203  -  MemoryUsage of job (MB)
	1231216  -  ResidentSetSize of job (KB)
...
006 (113449557.000.000) 2023-03-30 03:24:51 Image size of job updated: 4507980
	1209  -  MemoryUsage of job (MB)
	1237940  -  ResidentSetSize of job (KB)
...
006 (113449557.000.000) 2023-03-30 03:29:51 Image size of job updated: 4523352
	1216  -  MemoryUsage of job (MB)
	1244416  -  ResidentSetSize of job (KB)
...
006 (113449557.000.000) 2023-03-30 03:44:52 Image size of job updated: 4523352
	1216  -  MemoryUsage of job (MB)
	1244560  -  ResidentSetSize of job (KB)
...
006 (113449557.000.000) 2023-03-30 03:49:53 Image size of job updated: 4529780
	1224  -  MemoryUsage of job (MB)
	1252428  -  ResidentSetSize of job (KB)
...
006 (113449557.000.000) 2023-03-30 03:54:54 Image size of job updated: 4529780
	1226  -  MemoryUsage of job (MB)
	1254856  -  ResidentSetSize of job (KB)
...
006 (113449557.000.000) 2023-03-30 03:59:54 Image size of job updated: 4529780
	1227  -  MemoryUsage of job (MB)
	1256448  -  ResidentSetSize of job (KB)
...
006 (113449557.000.000) 2023-03-30 05:55:07 Image size of job updated: 4537184
	1227  -  MemoryUsage of job (MB)
	1256448  -  ResidentSetSize of job (KB)
...
006 (113449557.000.000) 2023-03-30 06:15:09 Image size of job updated: 4537588
	1227  -  MemoryUsage of job (MB)
	1256448  -  ResidentSetSize of job (KB)
...
006 (113449557.000.000) 2023-03-30 06:40:12 Image size of job updated: 4537588
	1229  -  MemoryUsage of job (MB)
	1258100  -  ResidentSetSize of job (KB)
...
006 (113449557.000.000) 2023-03-30 06:45:13 Image size of job updated: 4537588
	1230  -  MemoryUsage of job (MB)
	1258848  -  ResidentSetSize of job (KB)
...
006 (113449557.000.000) 2023-03-30 06:55:14 Image size of job updated: 4537588
	1256  -  MemoryUsage of job (MB)
	1286020  -  ResidentSetSize of job (KB)
...
006 (113449557.000.000) 2023-03-30 07:00:15 Image size of job updated: 4537588
	1262  -  MemoryUsage of job (MB)
	1291776  -  ResidentSetSize of job (KB)
...
006 (113449557.000.000) 2023-03-30 07:05:15 Image size of job updated: 4537588
	1264  -  MemoryUsage of job (MB)
	1293884  -  ResidentSetSize of job (KB)
...
006 (113449557.000.000) 2023-03-30 07:10:15 Image size of job updated: 4537588
	1264  -  MemoryUsage of job (MB)
	1294132  -  ResidentSetSize of job (KB)
...
006 (113449557.000.000) 2023-03-30 07:15:16 Image size of job updated: 4537588
	1265  -  MemoryUsage of job (MB)
	1294768  -  ResidentSetSize of job (KB)
...
006 (113449557.000.000) 2023-03-30 07:20:16 Image size of job updated: 4537588
	1266  -  MemoryUsage of job (MB)
	1295500  -  ResidentSetSize of job (KB)
...
006 (113449557.000.000) 2023-03-30 07:25:16 Image size of job updated: 4569748
	1266  -  MemoryUsage of job (MB)
	1295500  -  ResidentSetSize of job (KB)
...
006 (113449557.000.000) 2023-03-30 08:25:24 Image size of job updated: 4569888
	1266  -  MemoryUsage of job (MB)
	1295500  -  ResidentSetSize of job (KB)
...
006 (113449557.000.000) 2023-03-30 09:00:27 Image size of job updated: 4575824
	1266  -  MemoryUsage of job (MB)
	1295500  -  ResidentSetSize of job (KB)
...
006 (113449557.000.000) 2023-03-30 09:20:29 Image size of job updated: 4584088
	1266  -  MemoryUsage of job (MB)
	1295500  -  ResidentSetSize of job (KB)
...
006 (113449557.000.000) 2023-03-30 09:40:31 Image size of job updated: 4584088
	1271  -  MemoryUsage of job (MB)
	1300880  -  ResidentSetSize of job (KB)
...
006 (113449557.000.000) 2023-03-30 09:45:32 Image size of job updated: 4584088
	1272  -  MemoryUsage of job (MB)
	1301532  -  ResidentSetSize of job (KB)
...
006 (113449557.000.000) 2023-03-30 10:10:34 Image size of job updated: 4598232
	1272  -  MemoryUsage of job (MB)
	1301532  -  ResidentSetSize of job (KB)
...
006 (113449557.000.000) 2023-03-30 10:20:36 Image size of job updated: 4728412
	1274  -  MemoryUsage of job (MB)
	1303728  -  ResidentSetSize of job (KB)
...
006 (113449557.000.000) 2023-03-30 10:25:36 Image size of job updated: 4728412
	1274  -  MemoryUsage of job (MB)
	1303836  -  ResidentSetSize of job (KB)
...
006 (113449557.000.000) 2023-03-30 10:30:36 Image size of job updated: 4728412
	1274  -  MemoryUsage of job (MB)
	1304312  -  ResidentSetSize of job (KB)
...
006 (113449557.000.000) 2023-03-30 10:55:39 Image size of job updated: 4728412
	1279  -  MemoryUsage of job (MB)
	1308964  -  ResidentSetSize of job (KB)
...
006 (113449557.000.000) 2023-03-30 11:05:40 Image size of job updated: 4728412
	1279  -  MemoryUsage of job (MB)
	1309064  -  ResidentSetSize of job (KB)
...
006 (113449557.000.000) 2023-03-30 11:10:41 Image size of job updated: 4728412
	1288  -  MemoryUsage of job (MB)
	1318432  -  ResidentSetSize of job (KB)
...
006 (113449557.000.000) 2023-03-30 11:20:41 Image size of job updated: 4728412
	1288  -  MemoryUsage of job (MB)
	1318800  -  ResidentSetSize of job (KB)
...
006 (113449557.000.000) 2023-03-30 11:45:44 Image size of job updated: 4728412
	1328  -  MemoryUsage of job (MB)
	1358924  -  ResidentSetSize of job (KB)
...
006 (113449557.000.000) 2023-03-30 15:31:06 Image size of job updated: 4728412
	1424  -  MemoryUsage of job (MB)
	1457392  -  ResidentSetSize of job (KB)
...
006 (113449557.000.000) 2023-03-30 18:01:21 Image size of job updated: 4847868
	1424  -  MemoryUsage of job (MB)
	1457392  -  ResidentSetSize of job (KB)
...
004 (113449557.000.000) 2023-03-30 18:02:24 Job was evicted.
	(0) CPU times
		Usr 3 00:52:33, Sys 0 00:06:55  -  Run Remote Usage
		Usr 0 00:00:00, Sys 0 00:00:00  -  Run Local Usage
	0  -  Run Bytes Sent By Job
	381  -  Run Bytes Received By Job
	Partitionable Resources :    Usage  Request Allocated 
	   Cpus                 :     6.94        1         1 
	   Disk (KB)            :  1200      500000    609620 
	   GPUs                 :                           0 
	   Memory (MB)          :  1424       20000     20096 
...
040 (113449557.000.000) 2023-03-30 18:04:46 Started transferring input files
	Transferring to host: <10.14.3.250:9618?addrs=10.14.3.250-9618&alias=node750.cluster.ldas.cit&noUDP&sock=slot1_12_1732178_d9e0_5031>
...
040 (113449557.000.000) 2023-03-30 18:04:46 Finished transferring input files
...
001 (113449557.000.000) 2023-03-30 18:04:47 Job executing on host: <10.14.3.250:9618?addrs=10.14.3.250-9618&alias=node750.cluster.ldas.cit&noUDP&sock=startd_1732138_2c65>
...
006 (113449557.000.000) 2023-03-31 02:49:15 Image size of job updated: 5003808
	1465  -  MemoryUsage of job (MB)
	1500000  -  ResidentSetSize of job (KB)
...
006 (113449557.000.000) 2023-03-31 03:14:18 Image size of job updated: 5007416
	1465  -  MemoryUsage of job (MB)
	1500000  -  ResidentSetSize of job (KB)
...
006 (113449557.000.000) 2023-03-31 04:14:24 Image size of job updated: 5035616
	1465  -  MemoryUsage of job (MB)
	1500000  -  ResidentSetSize of job (KB)
...
006 (113449557.000.000) 2023-03-31 04:44:27 Image size of job updated: 5037136
	1465  -  MemoryUsage of job (MB)
	1500000  -  ResidentSetSize of job (KB)
...
006 (113449557.000.000) 2023-03-31 07:54:45 Image size of job updated: 5078872
	1465  -  MemoryUsage of job (MB)
	1500000  -  ResidentSetSize of job (KB)
...
006 (113449557.000.000) 2023-03-31 09:09:53 Image size of job updated: 5106868
	1465  -  MemoryUsage of job (MB)
	1500000  -  ResidentSetSize of job (KB)
...
006 (113449557.000.000) 2023-03-31 09:44:56 Image size of job updated: 5111828
	1465  -  MemoryUsage of job (MB)
	1500000  -  ResidentSetSize of job (KB)
...
006 (113449557.000.000) 2023-03-31 10:25:00 Image size of job updated: 5119032
	1465  -  MemoryUsage of job (MB)
	1500000  -  ResidentSetSize of job (KB)
...
006 (113449557.000.000) 2023-03-31 11:55:10 Image size of job updated: 5132136
	1465  -  MemoryUsage of job (MB)
	1500000  -  ResidentSetSize of job (KB)
...
006 (113449557.000.000) 2023-03-31 12:10:11 Image size of job updated: 5271804
	1465  -  MemoryUsage of job (MB)
	1500000  -  ResidentSetSize of job (KB)
...
004 (113449557.000.000) 2023-03-31 18:12:12 Job was evicted.
	(0) CPU times
		Usr 2 02:11:20, Sys 0 00:06:44  -  Run Remote Usage
		Usr 0 00:00:00, Sys 0 00:00:00  -  Run Local Usage
	0  -  Run Bytes Sent By Job
	381  -  Run Bytes Received By Job
	Partitionable Resources :    Usage  Request Allocated 
	   Cpus                 :     1.00        1         1 
	   Disk (KB)            :   412      500000    609620 
	   GPUs                 :                           0 
	   Memory (MB)          :  1465       20000     20096 
...
040 (113449557.000.000) 2023-03-31 18:21:51 Started transferring input files
	Transferring to host: <10.14.9.103:9618?addrs=10.14.9.103-9618&alias=node2103.cluster.ldas.cit&noUDP&sock=slot1_7_441887_1dca_8593>
...
040 (113449557.000.000) 2023-03-31 18:21:51 Finished transferring input files
...
001 (113449557.000.000) 2023-03-31 18:21:52 Job executing on host: <10.14.9.103:9618?addrs=10.14.9.103-9618&alias=node2103.cluster.ldas.cit&noUDP&sock=startd_441847_de85>
...
006 (113449557.000.000) 2023-04-01 08:08:24 Image size of job updated: 7500000
	1625  -  MemoryUsage of job (MB)
	1663984  -  ResidentSetSize of job (KB)
...
004 (113449557.000.000) 2023-04-01 14:19:49 Job was evicted.
	(0) CPU times
		Usr 3 00:19:19, Sys 0 00:05:07  -  Run Remote Usage
		Usr 0 00:00:00, Sys 0 00:00:00  -  Run Local Usage
	0  -  Run Bytes Sent By Job
	381  -  Run Bytes Received By Job
	Partitionable Resources :    Usage  Request Allocated 
	   Cpus                 :     7.89        1         1 
	   Disk (KB)            :   354      500000    609620 
	   GPUs                 :                           0 
	   Memory (MB)          :  1625       20000     20096 
...
009 (113449557.000.000) 2023-04-01 14:19:49 Job was aborted.
	removed because <OtherJobRemoveRequirements = DAGManJobId =?= 113449369> fired when job (113449369.0) was removed
...
000 (113484555.000.000) 2023-04-01 14:22:50 Job submitted from host: <10.14.0.160:9618?addrs=10.14.0.160-9618&alias=ldas-pcdev2.ligo.caltech.edu&noUDP&sock=schedd_7450_a8a7>
    DAG Node: 62
...
040 (113484555.000.000) 2023-04-01 14:24:44 Started transferring input files
	Transferring to host: <10.14.10.74:9618?addrs=10.14.10.74-9618&alias=node2324.cluster.ldas.cit&noUDP&sock=slot1_21_1200339_29c4_8538>
...
040 (113484555.000.000) 2023-04-01 14:24:44 Finished transferring input files
...
001 (113484555.000.000) 2023-04-01 14:24:45 Job executing on host: <10.14.10.74:9618?addrs=10.14.10.74-9618&alias=node2324.cluster.ldas.cit&noUDP&sock=startd_1200297_7bea>
...
006 (113484555.000.000) 2023-04-01 14:24:54 Image size of job updated: 120604
	100  -  MemoryUsage of job (MB)
	102320  -  ResidentSetSize of job (KB)
...
006 (113484555.000.000) 2023-04-01 14:29:54 Image size of job updated: 4523056
	609  -  MemoryUsage of job (MB)
	623304  -  ResidentSetSize of job (KB)
...
006 (113484555.000.000) 2023-04-01 14:34:54 Image size of job updated: 4538448
	624  -  MemoryUsage of job (MB)
	638352  -  ResidentSetSize of job (KB)
...
006 (113484555.000.000) 2023-04-01 14:39:55 Image size of job updated: 4556048
	641  -  MemoryUsage of job (MB)
	655948  -  ResidentSetSize of job (KB)
...
006 (113484555.000.000) 2023-04-01 14:44:56 Image size of job updated: 4910096
	982  -  MemoryUsage of job (MB)
	1005320  -  ResidentSetSize of job (KB)
...
006 (113484555.000.000) 2023-04-01 14:49:56 Image size of job updated: 4915704
	982  -  MemoryUsage of job (MB)
	1005320  -  ResidentSetSize of job (KB)
...
006 (113484555.000.000) 2023-04-01 14:59:57 Image size of job updated: 4915704
	985  -  MemoryUsage of job (MB)
	1008368  -  ResidentSetSize of job (KB)
...
006 (113484555.000.000) 2023-04-01 15:04:57 Image size of job updated: 4922636
	994  -  MemoryUsage of job (MB)
	1017828  -  ResidentSetSize of job (KB)
...
006 (113484555.000.000) 2023-04-01 15:09:57 Image size of job updated: 4924092
	994  -  MemoryUsage of job (MB)
	1017828  -  ResidentSetSize of job (KB)
...
006 (113484555.000.000) 2023-04-01 15:14:58 Image size of job updated: 4924092
	995  -  MemoryUsage of job (MB)
	1018220  -  ResidentSetSize of job (KB)
...
006 (113484555.000.000) 2023-04-01 15:19:59 Image size of job updated: 5186708
	1028  -  MemoryUsage of job (MB)
	1052456  -  ResidentSetSize of job (KB)
...
006 (113484555.000.000) 2023-04-01 15:35:01 Image size of job updated: 5197184
	1041  -  MemoryUsage of job (MB)
	1065296  -  ResidentSetSize of job (KB)
...
006 (113484555.000.000) 2023-04-01 15:45:01 Image size of job updated: 5197184
	1041  -  MemoryUsage of job (MB)
	1065672  -  ResidentSetSize of job (KB)
...
006 (113484555.000.000) 2023-04-01 16:05:03 Image size of job updated: 5197184
	1046  -  MemoryUsage of job (MB)
	1070644  -  ResidentSetSize of job (KB)
...
006 (113484555.000.000) 2023-04-01 16:10:04 Image size of job updated: 5197184
	1058  -  MemoryUsage of job (MB)
	1082636  -  ResidentSetSize of job (KB)
...
006 (113484555.000.000) 2023-04-01 16:20:05 Image size of job updated: 5197184
	1067  -  MemoryUsage of job (MB)
	1092592  -  ResidentSetSize of job (KB)
...
006 (113484555.000.000) 2023-04-01 16:25:06 Image size of job updated: 5197184
	1068  -  MemoryUsage of job (MB)
	1093048  -  ResidentSetSize of job (KB)
...
006 (113484555.000.000) 2023-04-01 16:30:06 Image size of job updated: 5197184
	1070  -  MemoryUsage of job (MB)
	1094848  -  ResidentSetSize of job (KB)
...
006 (113484555.000.000) 2023-04-01 16:35:06 Image size of job updated: 5197184
	1071  -  MemoryUsage of job (MB)
	1096608  -  ResidentSetSize of job (KB)
...
006 (113484555.000.000) 2023-04-01 16:40:07 Image size of job updated: 5197184
	1074  -  MemoryUsage of job (MB)
	1098888  -  ResidentSetSize of job (KB)
...
006 (113484555.000.000) 2023-04-01 16:45:07 Image size of job updated: 5220476
	1074  -  MemoryUsage of job (MB)
	1098888  -  ResidentSetSize of job (KB)
...
006 (113484555.000.000) 2023-04-01 16:50:07 Image size of job updated: 5220476
	1154  -  MemoryUsage of job (MB)
	1181348  -  ResidentSetSize of job (KB)
...
006 (113484555.000.000) 2023-04-01 16:55:08 Image size of job updated: 5220476
	1172  -  MemoryUsage of job (MB)
	1199276  -  ResidentSetSize of job (KB)
...
006 (113484555.000.000) 2023-04-01 17:00:09 Image size of job updated: 5220476
	1175  -  MemoryUsage of job (MB)
	1202744  -  ResidentSetSize of job (KB)
...
006 (113484555.000.000) 2023-04-01 17:35:12 Image size of job updated: 5220476
	1247  -  MemoryUsage of job (MB)
	1276028  -  ResidentSetSize of job (KB)
...
006 (113484555.000.000) 2023-04-01 17:40:12 Image size of job updated: 5220476
	1410  -  MemoryUsage of job (MB)
	1443516  -  ResidentSetSize of job (KB)
...
006 (113484555.000.000) 2023-04-01 18:00:15 Image size of job updated: 5220476
	1415  -  MemoryUsage of job (MB)
	1448940  -  ResidentSetSize of job (KB)
...
006 (113484555.000.000) 2023-04-01 18:30:17 Image size of job updated: 5220476
	1428  -  MemoryUsage of job (MB)
	1462232  -  ResidentSetSize of job (KB)
...
006 (113484555.000.000) 2023-04-01 19:20:22 Image size of job updated: 5288692
	1428  -  MemoryUsage of job (MB)
	1462232  -  ResidentSetSize of job (KB)
...
006 (113484555.000.000) 2023-04-01 19:30:24 Image size of job updated: 5288692
	1447  -  MemoryUsage of job (MB)
	1481024  -  ResidentSetSize of job (KB)
...
006 (113484555.000.000) 2023-04-01 19:35:24 Image size of job updated: 5288692
	1452  -  MemoryUsage of job (MB)
	1486336  -  ResidentSetSize of job (KB)
...
006 (113484555.000.000) 2023-04-01 19:40:24 Image size of job updated: 5288692
	1470  -  MemoryUsage of job (MB)
	1504768  -  ResidentSetSize of job (KB)
...
006 (113484555.000.000) 2023-04-01 19:55:26 Image size of job updated: 5303264
	1470  -  MemoryUsage of job (MB)
	1504768  -  ResidentSetSize of job (KB)
...
006 (113484555.000.000) 2023-04-01 20:00:27 Image size of job updated: 5303264
	1474  -  MemoryUsage of job (MB)
	1508532  -  ResidentSetSize of job (KB)
...
006 (113484555.000.000) 2023-04-01 20:20:30 Image size of job updated: 5308208
	1474  -  MemoryUsage of job (MB)
	1508532  -  ResidentSetSize of job (KB)
...
006 (113484555.000.000) 2023-04-01 20:50:32 Image size of job updated: 5318236
	1474  -  MemoryUsage of job (MB)
	1508532  -  ResidentSetSize of job (KB)
...
006 (113484555.000.000) 2023-04-01 20:55:33 Image size of job updated: 5318236
	1480  -  MemoryUsage of job (MB)
	1514588  -  ResidentSetSize of job (KB)
...
006 (113484555.000.000) 2023-04-01 21:35:37 Image size of job updated: 5318236
	1482  -  MemoryUsage of job (MB)
	1517432  -  ResidentSetSize of job (KB)
...
006 (113484555.000.000) 2023-04-01 21:40:37 Image size of job updated: 5318236
	1492  -  MemoryUsage of job (MB)
	1527340  -  ResidentSetSize of job (KB)
...
006 (113484555.000.000) 2023-04-01 22:10:41 Image size of job updated: 5324144
	1492  -  MemoryUsage of job (MB)
	1527340  -  ResidentSetSize of job (KB)
...
006 (113484555.000.000) 2023-04-01 23:00:47 Image size of job updated: 5334516
	1492  -  MemoryUsage of job (MB)
	1527340  -  ResidentSetSize of job (KB)
...
006 (113484555.000.000) 2023-04-01 23:40:50 Image size of job updated: 5342724
	1492  -  MemoryUsage of job (MB)
	1527340  -  ResidentSetSize of job (KB)
...
006 (113484555.000.000) 2023-04-02 00:00:53 Image size of job updated: 5349760
	1492  -  MemoryUsage of job (MB)
	1527340  -  ResidentSetSize of job (KB)
...
006 (113484555.000.000) 2023-04-02 00:20:55 Image size of job updated: 5366100
	1492  -  MemoryUsage of job (MB)
	1527340  -  ResidentSetSize of job (KB)
...
006 (113484555.000.000) 2023-04-02 00:30:55 Image size of job updated: 5366100
	1503  -  MemoryUsage of job (MB)
	1538260  -  ResidentSetSize of job (KB)
...
006 (113484555.000.000) 2023-04-02 00:50:57 Image size of job updated: 5375108
	1503  -  MemoryUsage of job (MB)
	1538260  -  ResidentSetSize of job (KB)
...
006 (113484555.000.000) 2023-04-02 01:00:58 Image size of job updated: 5375108
	1506  -  MemoryUsage of job (MB)
	1541276  -  ResidentSetSize of job (KB)
...
006 (113484555.000.000) 2023-04-02 01:05:58 Image size of job updated: 5375108
	1526  -  MemoryUsage of job (MB)
	1562044  -  ResidentSetSize of job (KB)
...
006 (113484555.000.000) 2023-04-02 01:16:00 Image size of job updated: 5375108
	1527  -  MemoryUsage of job (MB)
	1563336  -  ResidentSetSize of job (KB)
...
006 (113484555.000.000) 2023-04-02 01:21:00 Image size of job updated: 5375108
	1532  -  MemoryUsage of job (MB)
	1568432  -  ResidentSetSize of job (KB)
...
006 (113484555.000.000) 2023-04-02 01:31:01 Image size of job updated: 5394560
	1532  -  MemoryUsage of job (MB)
	1568432  -  ResidentSetSize of job (KB)
...
006 (113484555.000.000) 2023-04-02 02:16:04 Image size of job updated: 5418324
	1539  -  MemoryUsage of job (MB)
	1575600  -  ResidentSetSize of job (KB)
...
006 (113484555.000.000) 2023-04-02 03:21:11 Image size of job updated: 5418324
	1543  -  MemoryUsage of job (MB)
	1580020  -  ResidentSetSize of job (KB)
...
006 (113484555.000.000) 2023-04-02 03:26:11 Image size of job updated: 5418324
	1545  -  MemoryUsage of job (MB)
	1581572  -  ResidentSetSize of job (KB)
...
006 (113484555.000.000) 2023-04-02 04:16:16 Image size of job updated: 5418324
	1593  -  MemoryUsage of job (MB)
	1630444  -  ResidentSetSize of job (KB)
...
006 (113484555.000.000) 2023-04-02 04:21:16 Image size of job updated: 5418324
	1611  -  MemoryUsage of job (MB)
	1648960  -  ResidentSetSize of job (KB)
...
006 (113484555.000.000) 2023-04-02 04:26:17 Image size of job updated: 5418324
	1615  -  MemoryUsage of job (MB)
	1653460  -  ResidentSetSize of job (KB)
...
006 (113484555.000.000) 2023-04-02 04:31:17 Image size of job updated: 5418324
	1650  -  MemoryUsage of job (MB)
	1688588  -  ResidentSetSize of job (KB)
...
006 (113484555.000.000) 2023-04-02 05:01:21 Image size of job updated: 5441112
	1659  -  MemoryUsage of job (MB)
	1698136  -  ResidentSetSize of job (KB)
...
006 (113484555.000.000) 2023-04-02 05:06:21 Image size of job updated: 5441112
	1663  -  MemoryUsage of job (MB)
	1702868  -  ResidentSetSize of job (KB)
...
006 (113484555.000.000) 2023-04-02 05:11:21 Image size of job updated: 5441112
	1671  -  MemoryUsage of job (MB)
	1711056  -  ResidentSetSize of job (KB)
...
006 (113484555.000.000) 2023-04-02 06:31:29 Image size of job updated: 5445836
	1671  -  MemoryUsage of job (MB)
	1711056  -  ResidentSetSize of job (KB)
...
006 (113484555.000.000) 2023-04-02 06:41:30 Image size of job updated: 5445836
	1674  -  MemoryUsage of job (MB)
	1714120  -  ResidentSetSize of job (KB)
...
006 (113484555.000.000) 2023-04-02 07:21:34 Image size of job updated: 5445836
	1685  -  MemoryUsage of job (MB)
	1725144  -  ResidentSetSize of job (KB)
...
006 (113484555.000.000) 2023-04-02 07:26:34 Image size of job updated: 5445836
	1694  -  MemoryUsage of job (MB)
	1734504  -  ResidentSetSize of job (KB)
...
006 (113484555.000.000) 2023-04-02 07:31:34 Image size of job updated: 5445836
	1713  -  MemoryUsage of job (MB)
	1753824  -  ResidentSetSize of job (KB)
...
006 (113484555.000.000) 2023-04-02 08:16:39 Image size of job updated: 5470664
	1713  -  MemoryUsage of job (MB)
	1753824  -  ResidentSetSize of job (KB)
...
006 (113484555.000.000) 2023-04-02 09:31:47 Image size of job updated: 5470664
	1715  -  MemoryUsage of job (MB)
	1756096  -  ResidentSetSize of job (KB)
...
006 (113484555.000.000) 2023-04-02 09:36:48 Image size of job updated: 5470664
	1723  -  MemoryUsage of job (MB)
	1764020  -  ResidentSetSize of job (KB)
...
006 (113484555.000.000) 2023-04-02 09:46:49 Image size of job updated: 5470664
	1725  -  MemoryUsage of job (MB)
	1765932  -  ResidentSetSize of job (KB)
...
006 (113484555.000.000) 2023-04-02 09:56:51 Image size of job updated: 5470664
	1726  -  MemoryUsage of job (MB)
	1766736  -  ResidentSetSize of job (KB)
...
006 (113484555.000.000) 2023-04-02 10:01:51 Image size of job updated: 5490032
	1992  -  MemoryUsage of job (MB)
	2039692  -  ResidentSetSize of job (KB)
...
004 (113484555.000.000) 2023-04-02 14:28:13 Job was evicted.
	(0) CPU times
		Usr 3 06:35:18, Sys 0 00:03:25  -  Run Remote Usage
		Usr 0 00:00:00, Sys 0 00:00:00  -  Run Local Usage
	0  -  Run Bytes Sent By Job
	381  -  Run Bytes Received By Job
	Partitionable Resources :    Usage  Request Allocated 
	   Cpus                 :     2.70        1         1 
	   Disk (KB)            :   348      500000    624256 
	   GPUs                 :                           0 
	   Memory (MB)          :  1992       20000     20096 
...
040 (113484555.000.000) 2023-04-02 14:30:58 Started transferring input files
	Transferring to host: <10.14.10.99:9618?addrs=10.14.10.99-9618&alias=node2349.cluster.ldas.cit&noUDP&sock=slot1_13_1479718_f145_28868>
...
040 (113484555.000.000) 2023-04-02 14:30:58 Finished transferring input files
...
001 (113484555.000.000) 2023-04-02 14:30:59 Job executing on host: <10.14.10.99:9618?addrs=10.14.10.99-9618&alias=node2349.cluster.ldas.cit&noUDP&sock=startd_1479682_5b16>
...
004 (113484555.000.000) 2023-04-03 15:00:47 Job was evicted.
	(0) CPU times
		Usr 2 16:24:37, Sys 0 00:03:24  -  Run Remote Usage
		Usr 0 00:00:00, Sys 0 00:00:00  -  Run Local Usage
	0  -  Run Bytes Sent By Job
	381  -  Run Bytes Received By Job
	Partitionable Resources :    Usage  Request Allocated 
	   Cpus                 :     0.99        1         1 
	   Disk (KB)            :   226      500000    624256 
	   GPUs                 :                           0 
	   Memory (MB)          :  2198       20000     20096 
...
040 (113484555.000.000) 2023-04-03 15:04:06 Started transferring input files
	Transferring to host: <10.14.10.82:9618?addrs=10.14.10.82-9618&alias=node2332.cluster.ldas.cit&noUDP&sock=slot1_12_3848607_8aef_11648>
...
040 (113484555.000.000) 2023-04-03 15:04:06 Finished transferring input files
...
001 (113484555.000.000) 2023-04-03 15:04:07 Job executing on host: <10.14.10.82:9618?addrs=10.14.10.82-9618&alias=node2332.cluster.ldas.cit&noUDP&sock=startd_3848564_5f66>
...
004 (113484555.000.000) 2023-04-04 13:15:51 Job was evicted.
	(0) CPU times
		Usr 2 14:04:06, Sys 0 00:01:28  -  Run Remote Usage
		Usr 0 00:00:00, Sys 0 00:00:00  -  Run Local Usage
	0  -  Run Bytes Sent By Job
	381  -  Run Bytes Received By Job
	Partitionable Resources :    Usage  Request Allocated 
	   Cpus                 :     3.97        1         1 
	   Disk (KB)            :   241      500000    624256 
	   GPUs                 :                           0 
	   Memory (MB)          :  2198       20000     20096 
...
040 (113484555.000.000) 2023-04-04 14:01:11 Started transferring input files
	Transferring to host: <10.14.10.106:9618?addrs=10.14.10.106-9618&alias=node2356.cluster.ldas.cit&noUDP&sock=slot1_2_676894_cebf_6>
...
040 (113484555.000.000) 2023-04-04 14:01:11 Finished transferring input files
...
001 (113484555.000.000) 2023-04-04 14:01:12 Job executing on host: <10.14.10.106:9618?addrs=10.14.10.106-9618&alias=node2356.cluster.ldas.cit&noUDP&sock=startd_676851_1101>
...
006 (113484555.000.000) 2023-04-04 20:11:58 Image size of job updated: 11449424
	2198  -  MemoryUsage of job (MB)
	2250000  -  ResidentSetSize of job (KB)
...
040 (113484555.000.000) 2023-04-04 20:12:08 Started transferring output files
...
040 (113484555.000.000) 2023-04-04 20:12:08 Finished transferring output files
...
005 (113484555.000.000) 2023-04-04 20:12:08 Job terminated.
	(1) Normal termination (return value 0)
		Usr 0 16:57:21, Sys 0 00:00:48  -  Run Remote Usage
		Usr 0 00:00:00, Sys 0 00:00:00  -  Run Local Usage
		Usr 9 06:01:22, Sys 0 00:09:05  -  Total Remote Usage
		Usr 0 00:00:00, Sys 0 00:00:00  -  Total Local Usage
	80645  -  Run Bytes Sent By Job
	381  -  Run Bytes Received By Job
	80645  -  Total Bytes Sent By Job
	1524  -  Total Bytes Received By Job
	Partitionable Resources :    Usage  Request Allocated 
	   Cpus                 :     0.99        1         1 
	   Disk (KB)            :   102      500000    624246 
	   GPUs                 :                           0 
	   Memory (MB)          :  2198       20000     20096 

	Job terminated of its own accord at 2023-04-05T03:12:08Z with exit-code 0.
...
