000 (113449372.000.000) 2023-03-29 17:01:27 Job submitted from host: <10.14.0.160:9618?addrs=10.14.0.160-9618&alias=ldas-pcdev2.ligo.caltech.edu&noUDP&sock=schedd_7450_a8a7>
    DAG Node: 536
...
040 (113449372.000.000) 2023-03-29 17:03:19 Started transferring input files
	Transferring to host: <10.14.9.74:9618?addrs=10.14.9.74-9618&alias=node2074.cluster.ldas.cit&noUDP&sock=slot1_7_3447071_1b27_2000>
...
040 (113449372.000.000) 2023-03-29 17:03:19 Finished transferring input files
...
001 (113449372.000.000) 2023-03-29 17:03:20 Job executing on host: <10.14.9.74:9618?addrs=10.14.9.74-9618&alias=node2074.cluster.ldas.cit&noUDP&sock=startd_3447033_812b>
...
006 (113449372.000.000) 2023-03-29 17:03:28 Image size of job updated: 565600
	191  -  MemoryUsage of job (MB)
	194608  -  ResidentSetSize of job (KB)
...
006 (113449372.000.000) 2023-03-29 17:08:28 Image size of job updated: 4771952
	191  -  MemoryUsage of job (MB)
	194608  -  ResidentSetSize of job (KB)
...
006 (113449372.000.000) 2023-03-29 17:13:29 Image size of job updated: 4771952
	367  -  MemoryUsage of job (MB)
	374976  -  ResidentSetSize of job (KB)
...
006 (113449372.000.000) 2023-03-29 17:18:29 Image size of job updated: 4771952
	372  -  MemoryUsage of job (MB)
	380904  -  ResidentSetSize of job (KB)
...
006 (113449372.000.000) 2023-03-29 17:23:29 Image size of job updated: 4771952
	487  -  MemoryUsage of job (MB)
	498632  -  ResidentSetSize of job (KB)
...
006 (113449372.000.000) 2023-03-29 17:28:30 Image size of job updated: 4771952
	489  -  MemoryUsage of job (MB)
	500200  -  ResidentSetSize of job (KB)
...
006 (113449372.000.000) 2023-03-29 17:33:31 Image size of job updated: 4771952
	513  -  MemoryUsage of job (MB)
	524368  -  ResidentSetSize of job (KB)
...
006 (113449372.000.000) 2023-03-29 17:38:31 Image size of job updated: 4771952
	513  -  MemoryUsage of job (MB)
	525288  -  ResidentSetSize of job (KB)
...
006 (113449372.000.000) 2023-03-29 17:43:31 Image size of job updated: 4782372
	526  -  MemoryUsage of job (MB)
	537736  -  ResidentSetSize of job (KB)
...
006 (113449372.000.000) 2023-03-29 17:48:32 Image size of job updated: 4788036
	532  -  MemoryUsage of job (MB)
	543788  -  ResidentSetSize of job (KB)
...
006 (113449372.000.000) 2023-03-29 17:53:32 Image size of job updated: 4806480
	549  -  MemoryUsage of job (MB)
	562160  -  ResidentSetSize of job (KB)
...
006 (113449372.000.000) 2023-03-29 17:58:32 Image size of job updated: 4811064
	554  -  MemoryUsage of job (MB)
	566952  -  ResidentSetSize of job (KB)
...
006 (113449372.000.000) 2023-03-29 18:03:33 Image size of job updated: 4824356
	566  -  MemoryUsage of job (MB)
	578712  -  ResidentSetSize of job (KB)
...
006 (113449372.000.000) 2023-03-29 18:08:34 Image size of job updated: 4824356
	566  -  MemoryUsage of job (MB)
	578984  -  ResidentSetSize of job (KB)
...
006 (113449372.000.000) 2023-03-29 18:13:34 Image size of job updated: 4824356
	567  -  MemoryUsage of job (MB)
	580200  -  ResidentSetSize of job (KB)
...
006 (113449372.000.000) 2023-03-29 18:18:35 Image size of job updated: 4824596
	567  -  MemoryUsage of job (MB)
	580200  -  ResidentSetSize of job (KB)
...
006 (113449372.000.000) 2023-03-29 18:23:36 Image size of job updated: 4828868
	572  -  MemoryUsage of job (MB)
	585380  -  ResidentSetSize of job (KB)
...
006 (113449372.000.000) 2023-03-29 18:28:36 Image size of job updated: 4834244
	577  -  MemoryUsage of job (MB)
	590672  -  ResidentSetSize of job (KB)
...
006 (113449372.000.000) 2023-03-29 18:33:36 Image size of job updated: 4834380
	578  -  MemoryUsage of job (MB)
	591160  -  ResidentSetSize of job (KB)
...
006 (113449372.000.000) 2023-03-29 18:38:37 Image size of job updated: 4838068
	578  -  MemoryUsage of job (MB)
	591160  -  ResidentSetSize of job (KB)
...
006 (113449372.000.000) 2023-03-29 18:48:38 Image size of job updated: 4874160
	616  -  MemoryUsage of job (MB)
	630616  -  ResidentSetSize of job (KB)
...
006 (113449372.000.000) 2023-03-29 18:53:39 Image size of job updated: 4878680
	660  -  MemoryUsage of job (MB)
	675116  -  ResidentSetSize of job (KB)
...
006 (113449372.000.000) 2023-03-29 18:58:40 Image size of job updated: 4903084
	885  -  MemoryUsage of job (MB)
	905516  -  ResidentSetSize of job (KB)
...
006 (113449372.000.000) 2023-03-29 19:03:40 Image size of job updated: 4903560
	935  -  MemoryUsage of job (MB)
	956820  -  ResidentSetSize of job (KB)
...
006 (113449372.000.000) 2023-03-29 19:08:40 Image size of job updated: 4922896
	945  -  MemoryUsage of job (MB)
	967252  -  ResidentSetSize of job (KB)
...
006 (113449372.000.000) 2023-03-29 19:13:41 Image size of job updated: 4922896
	946  -  MemoryUsage of job (MB)
	968688  -  ResidentSetSize of job (KB)
...
006 (113449372.000.000) 2023-03-29 19:18:42 Image size of job updated: 4922896
	952  -  MemoryUsage of job (MB)
	974568  -  ResidentSetSize of job (KB)
...
006 (113449372.000.000) 2023-03-29 19:23:42 Image size of job updated: 4922896
	992  -  MemoryUsage of job (MB)
	1015096  -  ResidentSetSize of job (KB)
...
006 (113449372.000.000) 2023-03-29 19:28:43 Image size of job updated: 4923000
	995  -  MemoryUsage of job (MB)
	1017912  -  ResidentSetSize of job (KB)
...
006 (113449372.000.000) 2023-03-29 19:33:44 Image size of job updated: 4934248
	1006  -  MemoryUsage of job (MB)
	1029988  -  ResidentSetSize of job (KB)
...
006 (113449372.000.000) 2023-03-29 19:38:44 Image size of job updated: 4936692
	1009  -  MemoryUsage of job (MB)
	1032472  -  ResidentSetSize of job (KB)
...
006 (113449372.000.000) 2023-03-29 19:43:44 Image size of job updated: 4968044
	1039  -  MemoryUsage of job (MB)
	1063928  -  ResidentSetSize of job (KB)
...
006 (113449372.000.000) 2023-03-29 19:48:45 Image size of job updated: 4968044
	1059  -  MemoryUsage of job (MB)
	1084044  -  ResidentSetSize of job (KB)
...
006 (113449372.000.000) 2023-03-29 19:53:45 Image size of job updated: 4984108
	1083  -  MemoryUsage of job (MB)
	1108032  -  ResidentSetSize of job (KB)
...
006 (113449372.000.000) 2023-03-29 19:58:45 Image size of job updated: 4984108
	1122  -  MemoryUsage of job (MB)
	1148560  -  ResidentSetSize of job (KB)
...
006 (113449372.000.000) 2023-03-29 20:03:46 Image size of job updated: 4984108
	1147  -  MemoryUsage of job (MB)
	1173772  -  ResidentSetSize of job (KB)
...
006 (113449372.000.000) 2023-03-29 20:23:49 Image size of job updated: 4984108
	1154  -  MemoryUsage of job (MB)
	1181000  -  ResidentSetSize of job (KB)
...
006 (113449372.000.000) 2023-03-29 20:28:49 Image size of job updated: 4987532
	1157  -  MemoryUsage of job (MB)
	1184492  -  ResidentSetSize of job (KB)
...
006 (113449372.000.000) 2023-03-29 20:38:50 Image size of job updated: 4987532
	1158  -  MemoryUsage of job (MB)
	1184880  -  ResidentSetSize of job (KB)
...
006 (113449372.000.000) 2023-03-29 21:08:53 Image size of job updated: 5000808
	1158  -  MemoryUsage of job (MB)
	1184880  -  ResidentSetSize of job (KB)
...
006 (113449372.000.000) 2023-03-29 21:18:54 Image size of job updated: 5000808
	1160  -  MemoryUsage of job (MB)
	1187176  -  ResidentSetSize of job (KB)
...
006 (113449372.000.000) 2023-03-29 21:23:54 Image size of job updated: 5000808
	1167  -  MemoryUsage of job (MB)
	1194948  -  ResidentSetSize of job (KB)
...
006 (113449372.000.000) 2023-03-29 21:33:55 Image size of job updated: 5001736
	1167  -  MemoryUsage of job (MB)
	1194948  -  ResidentSetSize of job (KB)
...
006 (113449372.000.000) 2023-03-29 21:43:56 Image size of job updated: 5008824
	1173  -  MemoryUsage of job (MB)
	1200356  -  ResidentSetSize of job (KB)
...
006 (113449372.000.000) 2023-03-29 21:53:57 Image size of job updated: 5019220
	1173  -  MemoryUsage of job (MB)
	1200644  -  ResidentSetSize of job (KB)
...
006 (113449372.000.000) 2023-03-29 21:58:58 Image size of job updated: 5019220
	1174  -  MemoryUsage of job (MB)
	1201292  -  ResidentSetSize of job (KB)
...
006 (113449372.000.000) 2023-03-29 22:08:59 Image size of job updated: 5019220
	1184  -  MemoryUsage of job (MB)
	1212128  -  ResidentSetSize of job (KB)
...
006 (113449372.000.000) 2023-03-29 22:29:01 Image size of job updated: 5077488
	1239  -  MemoryUsage of job (MB)
	1267864  -  ResidentSetSize of job (KB)
...
006 (113449372.000.000) 2023-03-29 22:39:03 Image size of job updated: 5126660
	1239  -  MemoryUsage of job (MB)
	1267864  -  ResidentSetSize of job (KB)
...
006 (113449372.000.000) 2023-03-29 22:54:05 Image size of job updated: 5126660
	1260  -  MemoryUsage of job (MB)
	1289392  -  ResidentSetSize of job (KB)
...
006 (113449372.000.000) 2023-03-29 22:59:05 Image size of job updated: 5126660
	1262  -  MemoryUsage of job (MB)
	1291692  -  ResidentSetSize of job (KB)
...
006 (113449372.000.000) 2023-03-29 23:04:05 Image size of job updated: 5126660
	1263  -  MemoryUsage of job (MB)
	1292428  -  ResidentSetSize of job (KB)
...
006 (113449372.000.000) 2023-03-29 23:14:07 Image size of job updated: 5126660
	1264  -  MemoryUsage of job (MB)
	1293392  -  ResidentSetSize of job (KB)
...
006 (113449372.000.000) 2023-03-29 23:19:07 Image size of job updated: 5126660
	1265  -  MemoryUsage of job (MB)
	1294628  -  ResidentSetSize of job (KB)
...
006 (113449372.000.000) 2023-03-29 23:24:08 Image size of job updated: 5126660
	1267  -  MemoryUsage of job (MB)
	1297244  -  ResidentSetSize of job (KB)
...
006 (113449372.000.000) 2023-03-29 23:29:09 Image size of job updated: 5160840
	1269  -  MemoryUsage of job (MB)
	1298680  -  ResidentSetSize of job (KB)
...
006 (113449372.000.000) 2023-03-29 23:39:09 Image size of job updated: 5160840
	1272  -  MemoryUsage of job (MB)
	1302144  -  ResidentSetSize of job (KB)
...
006 (113449372.000.000) 2023-03-29 23:44:11 Image size of job updated: 5160840
	1274  -  MemoryUsage of job (MB)
	1304192  -  ResidentSetSize of job (KB)
...
006 (113449372.000.000) 2023-03-29 23:54:11 Image size of job updated: 5160840
	1276  -  MemoryUsage of job (MB)
	1306348  -  ResidentSetSize of job (KB)
...
006 (113449372.000.000) 2023-03-29 23:59:12 Image size of job updated: 5160840
	1278  -  MemoryUsage of job (MB)
	1308396  -  ResidentSetSize of job (KB)
...
006 (113449372.000.000) 2023-03-30 00:04:13 Image size of job updated: 5160840
	1279  -  MemoryUsage of job (MB)
	1309664  -  ResidentSetSize of job (KB)
...
006 (113449372.000.000) 2023-03-30 00:14:13 Image size of job updated: 5160840
	1290  -  MemoryUsage of job (MB)
	1320156  -  ResidentSetSize of job (KB)
...
006 (113449372.000.000) 2023-03-30 00:19:14 Image size of job updated: 5160840
	1290  -  MemoryUsage of job (MB)
	1320856  -  ResidentSetSize of job (KB)
...
006 (113449372.000.000) 2023-03-30 00:24:14 Image size of job updated: 5160840
	1291  -  MemoryUsage of job (MB)
	1321116  -  ResidentSetSize of job (KB)
...
006 (113449372.000.000) 2023-03-30 00:29:14 Image size of job updated: 5160840
	1291  -  MemoryUsage of job (MB)
	1321448  -  ResidentSetSize of job (KB)
...
006 (113449372.000.000) 2023-03-30 00:34:15 Image size of job updated: 5160840
	1301  -  MemoryUsage of job (MB)
	1331356  -  ResidentSetSize of job (KB)
...
006 (113449372.000.000) 2023-03-30 00:44:16 Image size of job updated: 5207864
	1301  -  MemoryUsage of job (MB)
	1331356  -  ResidentSetSize of job (KB)
...
006 (113449372.000.000) 2023-03-30 00:54:18 Image size of job updated: 5207864
	1311  -  MemoryUsage of job (MB)
	1342028  -  ResidentSetSize of job (KB)
...
006 (113449372.000.000) 2023-03-30 00:59:18 Image size of job updated: 5207864
	1313  -  MemoryUsage of job (MB)
	1343940  -  ResidentSetSize of job (KB)
...
006 (113449372.000.000) 2023-03-30 01:04:18 Image size of job updated: 5207864
	1377  -  MemoryUsage of job (MB)
	1409908  -  ResidentSetSize of job (KB)
...
006 (113449372.000.000) 2023-03-30 02:24:26 Image size of job updated: 5209220
	1377  -  MemoryUsage of job (MB)
	1409908  -  ResidentSetSize of job (KB)
...
006 (113449372.000.000) 2023-03-30 02:29:26 Image size of job updated: 5242292
	1377  -  MemoryUsage of job (MB)
	1409908  -  ResidentSetSize of job (KB)
...
006 (113449372.000.000) 2023-03-30 03:09:31 Image size of job updated: 5242292
	1379  -  MemoryUsage of job (MB)
	1411572  -  ResidentSetSize of job (KB)
...
006 (113449372.000.000) 2023-03-30 03:19:31 Image size of job updated: 5242292
	1379  -  MemoryUsage of job (MB)
	1411852  -  ResidentSetSize of job (KB)
...
006 (113449372.000.000) 2023-03-30 03:24:32 Image size of job updated: 5294688
	1381  -  MemoryUsage of job (MB)
	1414084  -  ResidentSetSize of job (KB)
...
006 (113449372.000.000) 2023-03-30 03:29:33 Image size of job updated: 5294688
	1382  -  MemoryUsage of job (MB)
	1414604  -  ResidentSetSize of job (KB)
...
006 (113449372.000.000) 2023-03-30 03:34:33 Image size of job updated: 5294688
	1383  -  MemoryUsage of job (MB)
	1415800  -  ResidentSetSize of job (KB)
...
006 (113449372.000.000) 2023-03-30 03:39:34 Image size of job updated: 5294688
	1386  -  MemoryUsage of job (MB)
	1418476  -  ResidentSetSize of job (KB)
...
006 (113449372.000.000) 2023-03-30 03:44:35 Image size of job updated: 5294688
	1388  -  MemoryUsage of job (MB)
	1421268  -  ResidentSetSize of job (KB)
...
006 (113449372.000.000) 2023-03-30 03:49:35 Image size of job updated: 5294688
	1390  -  MemoryUsage of job (MB)
	1423316  -  ResidentSetSize of job (KB)
...
006 (113449372.000.000) 2023-03-30 03:59:36 Image size of job updated: 5294688
	1406  -  MemoryUsage of job (MB)
	1439352  -  ResidentSetSize of job (KB)
...
006 (113449372.000.000) 2023-03-30 04:09:37 Image size of job updated: 5294688
	1408  -  MemoryUsage of job (MB)
	1440788  -  ResidentSetSize of job (KB)
...
006 (113449372.000.000) 2023-03-30 04:19:39 Image size of job updated: 5294688
	1410  -  MemoryUsage of job (MB)
	1442836  -  ResidentSetSize of job (KB)
...
006 (113449372.000.000) 2023-03-30 04:39:41 Image size of job updated: 5336644
	1415  -  MemoryUsage of job (MB)
	1448456  -  ResidentSetSize of job (KB)
...
006 (113449372.000.000) 2023-03-30 04:44:41 Image size of job updated: 5336644
	1418  -  MemoryUsage of job (MB)
	1451572  -  ResidentSetSize of job (KB)
...
006 (113449372.000.000) 2023-03-30 04:54:42 Image size of job updated: 5342156
	1420  -  MemoryUsage of job (MB)
	1453060  -  ResidentSetSize of job (KB)
...
006 (113449372.000.000) 2023-03-30 05:04:43 Image size of job updated: 5344660
	1421  -  MemoryUsage of job (MB)
	1454844  -  ResidentSetSize of job (KB)
...
006 (113449372.000.000) 2023-03-30 05:09:44 Image size of job updated: 5344660
	1422  -  MemoryUsage of job (MB)
	1455316  -  ResidentSetSize of job (KB)
...
006 (113449372.000.000) 2023-03-30 05:14:45 Image size of job updated: 5344660
	1422  -  MemoryUsage of job (MB)
	1456128  -  ResidentSetSize of job (KB)
...
006 (113449372.000.000) 2023-03-30 05:19:45 Image size of job updated: 5359424
	1422  -  MemoryUsage of job (MB)
	1456128  -  ResidentSetSize of job (KB)
...
006 (113449372.000.000) 2023-03-30 05:29:46 Image size of job updated: 5359424
	1428  -  MemoryUsage of job (MB)
	1461660  -  ResidentSetSize of job (KB)
...
006 (113449372.000.000) 2023-03-30 05:39:46 Image size of job updated: 5359424
	1430  -  MemoryUsage of job (MB)
	1463708  -  ResidentSetSize of job (KB)
...
006 (113449372.000.000) 2023-03-30 05:44:48 Image size of job updated: 5359424
	1433  -  MemoryUsage of job (MB)
	1466488  -  ResidentSetSize of job (KB)
...
006 (113449372.000.000) 2023-03-30 05:54:48 Image size of job updated: 5367360
	1433  -  MemoryUsage of job (MB)
	1467052  -  ResidentSetSize of job (KB)
...
006 (113449372.000.000) 2023-03-30 05:59:49 Image size of job updated: 5367360
	1435  -  MemoryUsage of job (MB)
	1469100  -  ResidentSetSize of job (KB)
...
006 (113449372.000.000) 2023-03-30 06:09:50 Image size of job updated: 5367360
	1437  -  MemoryUsage of job (MB)
	1470700  -  ResidentSetSize of job (KB)
...
006 (113449372.000.000) 2023-03-30 06:19:52 Image size of job updated: 5367360
	1439  -  MemoryUsage of job (MB)
	1472748  -  ResidentSetSize of job (KB)
...
006 (113449372.000.000) 2023-03-30 06:24:52 Image size of job updated: 5367360
	1441  -  MemoryUsage of job (MB)
	1474628  -  ResidentSetSize of job (KB)
...
006 (113449372.000.000) 2023-03-30 06:34:53 Image size of job updated: 5377320
	1443  -  MemoryUsage of job (MB)
	1476924  -  ResidentSetSize of job (KB)
...
006 (113449372.000.000) 2023-03-30 06:39:54 Image size of job updated: 5377320
	1443  -  MemoryUsage of job (MB)
	1477360  -  ResidentSetSize of job (KB)
...
006 (113449372.000.000) 2023-03-30 06:44:54 Image size of job updated: 5377320
	1443  -  MemoryUsage of job (MB)
	1477460  -  ResidentSetSize of job (KB)
...
006 (113449372.000.000) 2023-03-30 06:49:55 Image size of job updated: 5388844
	1443  -  MemoryUsage of job (MB)
	1477460  -  ResidentSetSize of job (KB)
...
006 (113449372.000.000) 2023-03-30 07:04:56 Image size of job updated: 5388844
	1459  -  MemoryUsage of job (MB)
	1493608  -  ResidentSetSize of job (KB)
...
006 (113449372.000.000) 2023-03-30 07:14:58 Image size of job updated: 5388844
	1459  -  MemoryUsage of job (MB)
	1493776  -  ResidentSetSize of job (KB)
...
006 (113449372.000.000) 2023-03-30 07:29:59 Image size of job updated: 5388844
	1463  -  MemoryUsage of job (MB)
	1497440  -  ResidentSetSize of job (KB)
...
006 (113449372.000.000) 2023-03-30 07:55:01 Image size of job updated: 5388844
	1469  -  MemoryUsage of job (MB)
	1503264  -  ResidentSetSize of job (KB)
...
006 (113449372.000.000) 2023-03-30 08:00:01 Image size of job updated: 5388844
	1470  -  MemoryUsage of job (MB)
	1505176  -  ResidentSetSize of job (KB)
...
006 (113449372.000.000) 2023-03-30 08:05:02 Image size of job updated: 5419408
	1473  -  MemoryUsage of job (MB)
	1508268  -  ResidentSetSize of job (KB)
...
006 (113449372.000.000) 2023-03-30 08:10:02 Image size of job updated: 5419408
	1474  -  MemoryUsage of job (MB)
	1508928  -  ResidentSetSize of job (KB)
...
006 (113449372.000.000) 2023-03-30 08:20:03 Image size of job updated: 5419408
	1476  -  MemoryUsage of job (MB)
	1510508  -  ResidentSetSize of job (KB)
...
006 (113449372.000.000) 2023-03-30 08:30:04 Image size of job updated: 5419408
	1480  -  MemoryUsage of job (MB)
	1514744  -  ResidentSetSize of job (KB)
...
006 (113449372.000.000) 2023-03-30 08:45:06 Image size of job updated: 5429200
	1481  -  MemoryUsage of job (MB)
	1516360  -  ResidentSetSize of job (KB)
...
006 (113449372.000.000) 2023-03-30 08:50:06 Image size of job updated: 5429200
	1482  -  MemoryUsage of job (MB)
	1516864  -  ResidentSetSize of job (KB)
...
006 (113449372.000.000) 2023-03-30 08:55:07 Image size of job updated: 5429200
	1483  -  MemoryUsage of job (MB)
	1518500  -  ResidentSetSize of job (KB)
...
006 (113449372.000.000) 2023-03-30 09:10:08 Image size of job updated: 5433400
	1483  -  MemoryUsage of job (MB)
	1518500  -  ResidentSetSize of job (KB)
...
006 (113449372.000.000) 2023-03-30 09:20:09 Image size of job updated: 5433400
	1500  -  MemoryUsage of job (MB)
	1535664  -  ResidentSetSize of job (KB)
...
006 (113449372.000.000) 2023-03-30 09:35:11 Image size of job updated: 5472408
	1511  -  MemoryUsage of job (MB)
	1546248  -  ResidentSetSize of job (KB)
...
006 (113449372.000.000) 2023-03-30 09:45:12 Image size of job updated: 5472408
	1512  -  MemoryUsage of job (MB)
	1547552  -  ResidentSetSize of job (KB)
...
006 (113449372.000.000) 2023-03-30 09:50:12 Image size of job updated: 5472408
	1514  -  MemoryUsage of job (MB)
	1549600  -  ResidentSetSize of job (KB)
...
006 (113449372.000.000) 2023-03-30 09:55:12 Image size of job updated: 5472408
	1514  -  MemoryUsage of job (MB)
	1549860  -  ResidentSetSize of job (KB)
...
006 (113449372.000.000) 2023-03-30 10:00:13 Image size of job updated: 5472408
	1515  -  MemoryUsage of job (MB)
	1551168  -  ResidentSetSize of job (KB)
...
006 (113449372.000.000) 2023-03-30 10:25:15 Image size of job updated: 5476728
	1516  -  MemoryUsage of job (MB)
	1551756  -  ResidentSetSize of job (KB)
...
006 (113449372.000.000) 2023-03-30 10:30:15 Image size of job updated: 5476728
	1516  -  MemoryUsage of job (MB)
	1551984  -  ResidentSetSize of job (KB)
...
006 (113449372.000.000) 2023-03-30 10:35:16 Image size of job updated: 5480556
	1518  -  MemoryUsage of job (MB)
	1553908  -  ResidentSetSize of job (KB)
...
006 (113449372.000.000) 2023-03-30 10:40:17 Image size of job updated: 5480556
	1520  -  MemoryUsage of job (MB)
	1555956  -  ResidentSetSize of job (KB)
...
006 (113449372.000.000) 2023-03-30 10:45:17 Image size of job updated: 5482316
	1521  -  MemoryUsage of job (MB)
	1557204  -  ResidentSetSize of job (KB)
...
006 (113449372.000.000) 2023-03-30 10:55:19 Image size of job updated: 5484820
	1523  -  MemoryUsage of job (MB)
	1558716  -  ResidentSetSize of job (KB)
...
006 (113449372.000.000) 2023-03-30 11:00:19 Image size of job updated: 5484820
	1525  -  MemoryUsage of job (MB)
	1560764  -  ResidentSetSize of job (KB)
...
006 (113449372.000.000) 2023-03-30 11:10:20 Image size of job updated: 5484820
	1526  -  MemoryUsage of job (MB)
	1562476  -  ResidentSetSize of job (KB)
...
006 (113449372.000.000) 2023-03-30 11:25:21 Image size of job updated: 5484820
	1529  -  MemoryUsage of job (MB)
	1564872  -  ResidentSetSize of job (KB)
...
006 (113449372.000.000) 2023-03-30 11:40:23 Image size of job updated: 5492852
	1531  -  MemoryUsage of job (MB)
	1566736  -  ResidentSetSize of job (KB)
...
006 (113449372.000.000) 2023-03-30 11:45:24 Image size of job updated: 5492852
	1531  -  MemoryUsage of job (MB)
	1566936  -  ResidentSetSize of job (KB)
...
006 (113449372.000.000) 2023-03-30 11:50:25 Image size of job updated: 5495292
	1533  -  MemoryUsage of job (MB)
	1568988  -  ResidentSetSize of job (KB)
...
006 (113449372.000.000) 2023-03-30 11:55:25 Image size of job updated: 5495292
	1533  -  MemoryUsage of job (MB)
	1569488  -  ResidentSetSize of job (KB)
...
006 (113449372.000.000) 2023-03-30 12:00:25 Image size of job updated: 5497612
	1534  -  MemoryUsage of job (MB)
	1570684  -  ResidentSetSize of job (KB)
...
006 (113449372.000.000) 2023-03-30 12:05:26 Image size of job updated: 5497612
	1535  -  MemoryUsage of job (MB)
	1571184  -  ResidentSetSize of job (KB)
...
006 (113449372.000.000) 2023-03-30 12:10:27 Image size of job updated: 5497612
	1539  -  MemoryUsage of job (MB)
	1575832  -  ResidentSetSize of job (KB)
...
006 (113449372.000.000) 2023-03-30 12:25:29 Image size of job updated: 5521072
	1543  -  MemoryUsage of job (MB)
	1579512  -  ResidentSetSize of job (KB)
...
006 (113449372.000.000) 2023-03-30 12:30:29 Image size of job updated: 5521072
	1545  -  MemoryUsage of job (MB)
	1581424  -  ResidentSetSize of job (KB)
...
006 (113449372.000.000) 2023-03-30 12:35:29 Image size of job updated: 5555656
	1577  -  MemoryUsage of job (MB)
	1614080  -  ResidentSetSize of job (KB)
...
006 (113449372.000.000) 2023-03-30 12:45:30 Image size of job updated: 5555656
	1578  -  MemoryUsage of job (MB)
	1615872  -  ResidentSetSize of job (KB)
...
006 (113449372.000.000) 2023-03-30 13:00:32 Image size of job updated: 5555656
	1706  -  MemoryUsage of job (MB)
	1746568  -  ResidentSetSize of job (KB)
...
006 (113449372.000.000) 2023-03-30 15:15:46 Image size of job updated: 5561348
	1706  -  MemoryUsage of job (MB)
	1746568  -  ResidentSetSize of job (KB)
...
006 (113449372.000.000) 2023-03-30 15:50:50 Image size of job updated: 5565248
	1706  -  MemoryUsage of job (MB)
	1746568  -  ResidentSetSize of job (KB)
...
006 (113449372.000.000) 2023-03-30 16:05:51 Image size of job updated: 5567504
	1706  -  MemoryUsage of job (MB)
	1746568  -  ResidentSetSize of job (KB)
...
006 (113449372.000.000) 2023-03-30 16:15:51 Image size of job updated: 5567504
	1731  -  MemoryUsage of job (MB)
	1771684  -  ResidentSetSize of job (KB)
...
006 (113449372.000.000) 2023-03-30 16:20:52 Image size of job updated: 5575148
	1731  -  MemoryUsage of job (MB)
	1771684  -  ResidentSetSize of job (KB)
...
006 (113449372.000.000) 2023-03-30 16:45:55 Image size of job updated: 5611072
	1731  -  MemoryUsage of job (MB)
	1771684  -  ResidentSetSize of job (KB)
...
006 (113449372.000.000) 2023-03-30 17:10:57 Image size of job updated: 5614096
	1731  -  MemoryUsage of job (MB)
	1771684  -  ResidentSetSize of job (KB)
...
004 (113449372.000.000) 2023-03-30 18:02:24 Job was evicted.
	(0) CPU times
		Usr 4 04:25:54, Sys 0 00:04:55  -  Run Remote Usage
		Usr 0 00:00:00, Sys 0 00:00:00  -  Run Local Usage
	0  -  Run Bytes Sent By Job
	366  -  Run Bytes Received By Job
	Partitionable Resources :    Usage  Request Allocated 
	   Cpus                 :     7.96        1         1 
	   Disk (KB)            :  3917      500000    609620 
	   GPUs                 :                           0 
	   Memory (MB)          :  1731       20000     20096 
...
040 (113449372.000.000) 2023-03-30 18:04:45 Started transferring input files
	Transferring to host: <10.14.10.39:9618?addrs=10.14.10.39-9618&alias=node2289.cluster.ldas.cit&noUDP&sock=slot1_2_3859256_ba00_18719>
...
040 (113449372.000.000) 2023-03-30 18:04:45 Finished transferring input files
...
001 (113449372.000.000) 2023-03-30 18:04:46 Job executing on host: <10.14.10.39:9618?addrs=10.14.10.39-9618&alias=node2289.cluster.ldas.cit&noUDP&sock=startd_159828_4ae4>
...
006 (113449372.000.000) 2023-03-31 05:29:11 Image size of job updated: 7500000
	1969  -  MemoryUsage of job (MB)
	2015416  -  ResidentSetSize of job (KB)
...
004 (113449372.000.000) 2023-03-31 18:07:08 Job was evicted.
	(0) CPU times
		Usr 4 00:41:10, Sys 0 00:04:30  -  Run Remote Usage
		Usr 0 00:00:00, Sys 0 00:00:00  -  Run Local Usage
	0  -  Run Bytes Sent By Job
	366  -  Run Bytes Received By Job
	Partitionable Resources :    Usage  Request Allocated 
	   Cpus                 :     7.72        1         1 
	   Disk (KB)            :  3349      500000    615352 
	   GPUs                 :                           0 
	   Memory (MB)          :  1969       20000     20096 
...
040 (113449372.000.000) 2023-03-31 18:17:30 Started transferring input files
	Transferring to host: <10.14.3.246:9618?addrs=10.14.3.246-9618&alias=node746.cluster.ldas.cit&noUDP&sock=slot1_5_1480379_ad40_4177>
...
040 (113449372.000.000) 2023-03-31 18:17:30 Finished transferring input files
...
001 (113449372.000.000) 2023-03-31 18:17:31 Job executing on host: <10.14.3.246:9618?addrs=10.14.3.246-9618&alias=node746.cluster.ldas.cit&noUDP&sock=startd_1480340_b067>
...
004 (113449372.000.000) 2023-04-01 18:46:47 Job was evicted.
	(0) CPU times
		Usr 2 16:56:23, Sys 0 00:13:01  -  Run Remote Usage
		Usr 0 00:00:00, Sys 0 00:00:00  -  Run Local Usage
	0  -  Run Bytes Sent By Job
	366  -  Run Bytes Received By Job
	Partitionable Resources :    Usage  Request Allocated 
	   Cpus                 :     1.95        1         1 
	   Disk (KB)            :  2816      500000    609620 
	   GPUs                 :                           0 
	   Memory (MB)          :  2198       20000     20096 
...
040 (113449372.000.000) 2023-04-01 18:51:46 Started transferring input files
	Transferring to host: <10.14.4.51:9618?addrs=10.14.4.51-9618&alias=node801.cluster.ldas.cit&noUDP&sock=slot1_21_3950761_46e9_16851>
...
040 (113449372.000.000) 2023-04-01 18:51:46 Finished transferring input files
...
001 (113449372.000.000) 2023-04-01 18:51:47 Job executing on host: <10.14.4.51:9618?addrs=10.14.4.51-9618&alias=node801.cluster.ldas.cit&noUDP&sock=startd_3950725_523e>
...
040 (113449372.000.000) 2023-04-02 14:22:24 Started transferring output files
...
040 (113449372.000.000) 2023-04-02 14:22:24 Finished transferring output files
...
005 (113449372.000.000) 2023-04-02 14:22:24 Job terminated.
	(1) Normal termination (return value 0)
		Usr 1 17:12:38, Sys 0 00:02:53  -  Run Remote Usage
		Usr 0 00:00:00, Sys 0 00:00:00  -  Run Local Usage
		Usr 12 15:16:05, Sys 0 00:25:19  -  Total Remote Usage
		Usr 0 00:00:00, Sys 0 00:00:00  -  Total Local Usage
	2843520  -  Run Bytes Sent By Job
	366  -  Run Bytes Received By Job
	2843520  -  Total Bytes Sent By Job
	1464  -  Total Bytes Received By Job
	Partitionable Resources :    Usage  Request Allocated 
	   Cpus                 :     0.97        1         1 
	   Disk (KB)            :  2800      500000    624256 
	   GPUs                 :                           0 
	   Memory (MB)          :  2198       20000     20096 

	Job terminated of its own accord at 2023-04-02T21:22:24Z with exit-code 0.
...
000 (113587095.000.000) 2023-04-05 14:54:12 Job submitted from host: <10.14.0.160:9618?addrs=10.14.0.160-9618&alias=ldas-pcdev2.ligo.caltech.edu&noUDP&sock=schedd_7450_a8a7>
    DAG Node: 536
...
040 (113587095.000.000) 2023-04-05 14:56:12 Started transferring input files
	Transferring to host: <10.14.4.49:9618?addrs=10.14.4.49-9618&alias=node799.cluster.ldas.cit&noUDP&sock=slot1_8_1769014_2539_21852>
...
040 (113587095.000.000) 2023-04-05 14:56:12 Finished transferring input files
...
001 (113587095.000.000) 2023-04-05 14:56:13 Job executing on host: <10.14.4.49:9618?addrs=10.14.4.49-9618&alias=node799.cluster.ldas.cit&noUDP&sock=startd_1768978_5965>
...
006 (113587095.000.000) 2023-04-05 14:56:21 Image size of job updated: 204136
	192  -  MemoryUsage of job (MB)
	196348  -  ResidentSetSize of job (KB)
...
006 (113587095.000.000) 2023-04-05 15:01:21 Image size of job updated: 5223968
	704  -  MemoryUsage of job (MB)
	720104  -  ResidentSetSize of job (KB)
...
006 (113587095.000.000) 2023-04-05 15:06:22 Image size of job updated: 5299700
	778  -  MemoryUsage of job (MB)
	796652  -  ResidentSetSize of job (KB)
...
006 (113587095.000.000) 2023-04-05 15:11:22 Image size of job updated: 5398352
	875  -  MemoryUsage of job (MB)
	895272  -  ResidentSetSize of job (KB)
...
006 (113587095.000.000) 2023-04-05 15:16:22 Image size of job updated: 5489332
	964  -  MemoryUsage of job (MB)
	986604  -  ResidentSetSize of job (KB)
...
006 (113587095.000.000) 2023-04-05 15:21:24 Image size of job updated: 5561768
	1011  -  MemoryUsage of job (MB)
	1035204  -  ResidentSetSize of job (KB)
...
006 (113587095.000.000) 2023-04-05 15:26:24 Image size of job updated: 6014108
	1297  -  MemoryUsage of job (MB)
	1327344  -  ResidentSetSize of job (KB)
...
006 (113587095.000.000) 2023-04-05 15:41:26 Image size of job updated: 6135596
	1340  -  MemoryUsage of job (MB)
	1372084  -  ResidentSetSize of job (KB)
...
006 (113587095.000.000) 2023-04-05 15:46:26 Image size of job updated: 6135596
	1352  -  MemoryUsage of job (MB)
	1383792  -  ResidentSetSize of job (KB)
...
006 (113587095.000.000) 2023-04-05 15:51:27 Image size of job updated: 6135596
	1369  -  MemoryUsage of job (MB)
	1401552  -  ResidentSetSize of job (KB)
...
006 (113587095.000.000) 2023-04-05 15:56:28 Image size of job updated: 6135596
	1388  -  MemoryUsage of job (MB)
	1421188  -  ResidentSetSize of job (KB)
...
006 (113587095.000.000) 2023-04-05 16:06:29 Image size of job updated: 6158476
	1388  -  MemoryUsage of job (MB)
	1421188  -  ResidentSetSize of job (KB)
...
006 (113587095.000.000) 2023-04-05 16:16:30 Image size of job updated: 6415268
	1388  -  MemoryUsage of job (MB)
	1421188  -  ResidentSetSize of job (KB)
...
006 (113587095.000.000) 2023-04-05 16:51:35 Image size of job updated: 6415268
	1593  -  MemoryUsage of job (MB)
	1631060  -  ResidentSetSize of job (KB)
...
006 (113587095.000.000) 2023-04-05 17:11:38 Image size of job updated: 6415268
	1679  -  MemoryUsage of job (MB)
	1718476  -  ResidentSetSize of job (KB)
...
006 (113587095.000.000) 2023-04-05 17:16:38 Image size of job updated: 6415268
	1697  -  MemoryUsage of job (MB)
	1737248  -  ResidentSetSize of job (KB)
...
006 (113587095.000.000) 2023-04-05 17:21:39 Image size of job updated: 6415268
	1712  -  MemoryUsage of job (MB)
	1752092  -  ResidentSetSize of job (KB)
...
006 (113587095.000.000) 2023-04-05 17:26:40 Image size of job updated: 6415268
	1714  -  MemoryUsage of job (MB)
	1754304  -  ResidentSetSize of job (KB)
...
006 (113587095.000.000) 2023-04-05 17:31:40 Image size of job updated: 6415268
	1715  -  MemoryUsage of job (MB)
	1755324  -  ResidentSetSize of job (KB)
...
006 (113587095.000.000) 2023-04-05 17:36:41 Image size of job updated: 6415268
	1727  -  MemoryUsage of job (MB)
	1768008  -  ResidentSetSize of job (KB)
...
006 (113587095.000.000) 2023-04-05 17:56:44 Image size of job updated: 6415268
	1733  -  MemoryUsage of job (MB)
	1774364  -  ResidentSetSize of job (KB)
...
006 (113587095.000.000) 2023-04-05 18:36:47 Image size of job updated: 6415268
	1746  -  MemoryUsage of job (MB)
	1787896  -  ResidentSetSize of job (KB)
...
006 (113587095.000.000) 2023-04-05 19:46:52 Image size of job updated: 6466632
	1746  -  MemoryUsage of job (MB)
	1787896  -  ResidentSetSize of job (KB)
...
006 (113587095.000.000) 2023-04-05 20:36:56 Image size of job updated: 6466632
	1757  -  MemoryUsage of job (MB)
	1798832  -  ResidentSetSize of job (KB)
...
006 (113587095.000.000) 2023-04-05 20:41:57 Image size of job updated: 6466632
	1788  -  MemoryUsage of job (MB)
	1830320  -  ResidentSetSize of job (KB)
...
006 (113587095.000.000) 2023-04-05 23:07:11 Image size of job updated: 6466632
	1794  -  MemoryUsage of job (MB)
	1836548  -  ResidentSetSize of job (KB)
...
006 (113587095.000.000) 2023-04-05 23:17:13 Image size of job updated: 6466632
	1794  -  MemoryUsage of job (MB)
	1836656  -  ResidentSetSize of job (KB)
...
006 (113587095.000.000) 2023-04-05 23:32:14 Image size of job updated: 6466632
	1794  -  MemoryUsage of job (MB)
	1836800  -  ResidentSetSize of job (KB)
...
006 (113587095.000.000) 2023-04-06 02:37:30 Image size of job updated: 6466632
	1817  -  MemoryUsage of job (MB)
	1860252  -  ResidentSetSize of job (KB)
...
006 (113587095.000.000) 2023-04-06 03:02:33 Image size of job updated: 6466632
	1822  -  MemoryUsage of job (MB)
	1865192  -  ResidentSetSize of job (KB)
...
006 (113587095.000.000) 2023-04-06 03:57:40 Image size of job updated: 6466632
	1842  -  MemoryUsage of job (MB)
	1885256  -  ResidentSetSize of job (KB)
...
006 (113587095.000.000) 2023-04-06 04:32:43 Image size of job updated: 6466632
	1856  -  MemoryUsage of job (MB)
	1900024  -  ResidentSetSize of job (KB)
...
006 (113587095.000.000) 2023-04-06 04:37:44 Image size of job updated: 6466632
	1861  -  MemoryUsage of job (MB)
	1904912  -  ResidentSetSize of job (KB)
...
006 (113587095.000.000) 2023-04-06 04:42:44 Image size of job updated: 6466632
	1891  -  MemoryUsage of job (MB)
	1936212  -  ResidentSetSize of job (KB)
...
006 (113587095.000.000) 2023-04-06 04:47:44 Image size of job updated: 6466632
	1892  -  MemoryUsage of job (MB)
	1936508  -  ResidentSetSize of job (KB)
...
006 (113587095.000.000) 2023-04-06 05:12:47 Image size of job updated: 6466632
	1898  -  MemoryUsage of job (MB)
	1943492  -  ResidentSetSize of job (KB)
...
006 (113587095.000.000) 2023-04-06 05:32:49 Image size of job updated: 6466632
	1902  -  MemoryUsage of job (MB)
	1946712  -  ResidentSetSize of job (KB)
...
006 (113587095.000.000) 2023-04-06 05:57:52 Image size of job updated: 6466632
	1902  -  MemoryUsage of job (MB)
	1947140  -  ResidentSetSize of job (KB)
...
006 (113587095.000.000) 2023-04-06 06:17:54 Image size of job updated: 6466632
	1919  -  MemoryUsage of job (MB)
	1965052  -  ResidentSetSize of job (KB)
...
006 (113587095.000.000) 2023-04-06 06:22:54 Image size of job updated: 6466632
	1928  -  MemoryUsage of job (MB)
	1973924  -  ResidentSetSize of job (KB)
...
006 (113587095.000.000) 2023-04-06 06:27:54 Image size of job updated: 6466632
	1947  -  MemoryUsage of job (MB)
	1992892  -  ResidentSetSize of job (KB)
...
006 (113587095.000.000) 2023-04-06 06:37:56 Image size of job updated: 6466632
	1953  -  MemoryUsage of job (MB)
	1999500  -  ResidentSetSize of job (KB)
...
006 (113587095.000.000) 2023-04-06 07:58:03 Image size of job updated: 6466632
	1965  -  MemoryUsage of job (MB)
	2011288  -  ResidentSetSize of job (KB)
...
006 (113587095.000.000) 2023-04-06 08:18:04 Image size of job updated: 6466632
	1968  -  MemoryUsage of job (MB)
	2015060  -  ResidentSetSize of job (KB)
...
006 (113587095.000.000) 2023-04-06 08:43:08 Image size of job updated: 6466632
	1974  -  MemoryUsage of job (MB)
	2021212  -  ResidentSetSize of job (KB)
...
006 (113587095.000.000) 2023-04-06 09:18:11 Image size of job updated: 6466632
	1978  -  MemoryUsage of job (MB)
	2025368  -  ResidentSetSize of job (KB)
...
006 (113587095.000.000) 2023-04-06 09:23:12 Image size of job updated: 6466632
	1981  -  MemoryUsage of job (MB)
	2028536  -  ResidentSetSize of job (KB)
...
006 (113587095.000.000) 2023-04-06 09:28:12 Image size of job updated: 6466632
	1983  -  MemoryUsage of job (MB)
	2030584  -  ResidentSetSize of job (KB)
...
006 (113587095.000.000) 2023-04-06 09:38:13 Image size of job updated: 6466632
	1986  -  MemoryUsage of job (MB)
	2032796  -  ResidentSetSize of job (KB)
...
006 (113587095.000.000) 2023-04-06 11:18:23 Image size of job updated: 6466632
	2005  -  MemoryUsage of job (MB)
	2052952  -  ResidentSetSize of job (KB)
...
006 (113587095.000.000) 2023-04-06 12:03:28 Image size of job updated: 6466632
	2007  -  MemoryUsage of job (MB)
	2054824  -  ResidentSetSize of job (KB)
...
006 (113587095.000.000) 2023-04-06 12:23:30 Image size of job updated: 6466632
	2012  -  MemoryUsage of job (MB)
	2059820  -  ResidentSetSize of job (KB)
...
004 (113587095.000.000) 2023-04-06 15:16:59 Job was evicted.
	(0) CPU times
		Usr 3 12:37:24, Sys 0 00:06:21  -  Run Remote Usage
		Usr 0 00:00:00, Sys 0 00:00:00  -  Run Local Usage
	0  -  Run Bytes Sent By Job
	366  -  Run Bytes Received By Job
	Partitionable Resources :    Usage  Request Allocated 
	   Cpus                 :     7.96        1         1 
	   Disk (KB)            :  2904      500000    624256 
	   GPUs                 :                           0 
	   Memory (MB)          :  2012       20000     20096 
...
040 (113587095.000.000) 2023-04-06 15:21:36 Started transferring input files
	Transferring to host: <10.14.9.155:9618?addrs=10.14.9.155-9618&alias=node2155.cluster.ldas.cit&noUDP&sock=slot1_1_1169798_440b_1357>
...
040 (113587095.000.000) 2023-04-06 15:21:36 Finished transferring input files
...
001 (113587095.000.000) 2023-04-06 15:21:37 Job executing on host: <10.14.9.155:9618?addrs=10.14.9.155-9618&alias=node2155.cluster.ldas.cit&noUDP&sock=startd_1169757_9592>
...
004 (113587095.000.000) 2023-04-06 16:04:44 Job was evicted.
	(0) CPU times
		Usr 0 03:06:09, Sys 0 00:00:07  -  Run Remote Usage
		Usr 0 00:00:00, Sys 0 00:00:00  -  Run Local Usage
	0  -  Run Bytes Sent By Job
	366  -  Run Bytes Received By Job
	Partitionable Resources :    Usage  Request Allocated 
	   Cpus                 :     1.00        1         1 
	   Disk (KB)            :  2709      500000    609620 
	   GPUs                 :                           0 
	   Memory (MB)          :  2198       20000     20096 
...
009 (113587095.000.000) 2023-04-06 16:04:44 Job was aborted.
	removed because <OtherJobRemoveRequirements = DAGManJobId =?= 113587092> fired when job (113587092.0) was removed
...
000 (113604208.000.000) 2023-04-06 16:27:55 Job submitted from host: <10.14.0.160:9618?addrs=10.14.0.160-9618&alias=ldas-pcdev2.ligo.caltech.edu&noUDP&sock=schedd_7450_a8a7>
    DAG Node: 536
...
040 (113604208.000.000) 2023-04-06 16:29:22 Started transferring input files
	Transferring to host: <10.14.4.83:9618?addrs=10.14.4.83-9618&alias=node833.cluster.ldas.cit&noUDP&sock=slot1_21_1628855_7356_20343>
...
040 (113604208.000.000) 2023-04-06 16:29:22 Finished transferring input files
...
001 (113604208.000.000) 2023-04-06 16:29:23 Job executing on host: <10.14.4.83:9618?addrs=10.14.4.83-9618&alias=node833.cluster.ldas.cit&noUDP&sock=startd_3459_2a2e>
...
006 (113604208.000.000) 2023-04-06 16:29:32 Image size of job updated: 247612
	192  -  MemoryUsage of job (MB)
	196412  -  ResidentSetSize of job (KB)
...
006 (113604208.000.000) 2023-04-06 16:34:33 Image size of job updated: 5052740
	230  -  MemoryUsage of job (MB)
	235284  -  ResidentSetSize of job (KB)
...
006 (113604208.000.000) 2023-04-06 16:39:34 Image size of job updated: 5052740
	392  -  MemoryUsage of job (MB)
	400852  -  ResidentSetSize of job (KB)
...
006 (113604208.000.000) 2023-04-06 16:44:34 Image size of job updated: 5052740
	414  -  MemoryUsage of job (MB)
	423088  -  ResidentSetSize of job (KB)
...
006 (113604208.000.000) 2023-04-06 16:49:35 Image size of job updated: 5052740
	418  -  MemoryUsage of job (MB)
	427732  -  ResidentSetSize of job (KB)
...
006 (113604208.000.000) 2023-04-06 16:54:36 Image size of job updated: 5052740
	477  -  MemoryUsage of job (MB)
	488056  -  ResidentSetSize of job (KB)
...
006 (113604208.000.000) 2023-04-06 16:59:36 Image size of job updated: 5052740
	478  -  MemoryUsage of job (MB)
	489008  -  ResidentSetSize of job (KB)
...
006 (113604208.000.000) 2023-04-06 17:04:37 Image size of job updated: 5052740
	504  -  MemoryUsage of job (MB)
	515828  -  ResidentSetSize of job (KB)
...
006 (113604208.000.000) 2023-04-06 17:09:38 Image size of job updated: 5052740
	507  -  MemoryUsage of job (MB)
	518944  -  ResidentSetSize of job (KB)
...
006 (113604208.000.000) 2023-04-06 17:14:38 Image size of job updated: 5052740
	515  -  MemoryUsage of job (MB)
	527156  -  ResidentSetSize of job (KB)
...
006 (113604208.000.000) 2023-04-06 17:19:39 Image size of job updated: 5052740
	516  -  MemoryUsage of job (MB)
	527572  -  ResidentSetSize of job (KB)
...
006 (113604208.000.000) 2023-04-06 17:24:40 Image size of job updated: 5052740
	538  -  MemoryUsage of job (MB)
	550180  -  ResidentSetSize of job (KB)
...
006 (113604208.000.000) 2023-04-06 17:29:40 Image size of job updated: 5052740
	538  -  MemoryUsage of job (MB)
	550292  -  ResidentSetSize of job (KB)
...
006 (113604208.000.000) 2023-04-06 17:34:41 Image size of job updated: 5068140
	574  -  MemoryUsage of job (MB)
	587428  -  ResidentSetSize of job (KB)
...
006 (113604208.000.000) 2023-04-06 17:39:42 Image size of job updated: 5068296
	574  -  MemoryUsage of job (MB)
	587652  -  ResidentSetSize of job (KB)
...
006 (113604208.000.000) 2023-04-06 17:44:42 Image size of job updated: 5072640
	579  -  MemoryUsage of job (MB)
	592000  -  ResidentSetSize of job (KB)
...
006 (113604208.000.000) 2023-04-06 17:49:43 Image size of job updated: 5077416
	583  -  MemoryUsage of job (MB)
	596836  -  ResidentSetSize of job (KB)
...
006 (113604208.000.000) 2023-04-06 17:54:44 Image size of job updated: 5078232
	584  -  MemoryUsage of job (MB)
	597672  -  ResidentSetSize of job (KB)
...
006 (113604208.000.000) 2023-04-06 17:59:44 Image size of job updated: 5091004
	597  -  MemoryUsage of job (MB)
	610396  -  ResidentSetSize of job (KB)
...
006 (113604208.000.000) 2023-04-06 18:04:44 Image size of job updated: 5091304
	597  -  MemoryUsage of job (MB)
	610796  -  ResidentSetSize of job (KB)
...
006 (113604208.000.000) 2023-04-06 18:09:45 Image size of job updated: 5096540
	602  -  MemoryUsage of job (MB)
	615876  -  ResidentSetSize of job (KB)
...
006 (113604208.000.000) 2023-04-06 18:14:45 Image size of job updated: 5106384
	612  -  MemoryUsage of job (MB)
	625764  -  ResidentSetSize of job (KB)
...
006 (113604208.000.000) 2023-04-06 18:19:45 Image size of job updated: 5114420
	618  -  MemoryUsage of job (MB)
	632084  -  ResidentSetSize of job (KB)
...
006 (113604208.000.000) 2023-04-06 18:24:46 Image size of job updated: 5114420
	618  -  MemoryUsage of job (MB)
	632408  -  ResidentSetSize of job (KB)
...
006 (113604208.000.000) 2023-04-06 18:29:46 Image size of job updated: 5123264
	628  -  MemoryUsage of job (MB)
	642784  -  ResidentSetSize of job (KB)
...
006 (113604208.000.000) 2023-04-06 18:34:46 Image size of job updated: 5123408
	628  -  MemoryUsage of job (MB)
	642932  -  ResidentSetSize of job (KB)
...
006 (113604208.000.000) 2023-04-06 18:39:47 Image size of job updated: 5123808
	634  -  MemoryUsage of job (MB)
	648476  -  ResidentSetSize of job (KB)
...
006 (113604208.000.000) 2023-04-06 18:44:47 Image size of job updated: 5127072
	634  -  MemoryUsage of job (MB)
	648476  -  ResidentSetSize of job (KB)
...
006 (113604208.000.000) 2023-04-06 18:54:48 Image size of job updated: 5137876
	644  -  MemoryUsage of job (MB)
	659144  -  ResidentSetSize of job (KB)
...
006 (113604208.000.000) 2023-04-06 18:59:48 Image size of job updated: 5139464
	646  -  MemoryUsage of job (MB)
	660696  -  ResidentSetSize of job (KB)
...
006 (113604208.000.000) 2023-04-06 19:04:48 Image size of job updated: 5163664
	669  -  MemoryUsage of job (MB)
	684728  -  ResidentSetSize of job (KB)
...
006 (113604208.000.000) 2023-04-06 19:09:50 Image size of job updated: 5165176
	671  -  MemoryUsage of job (MB)
	686208  -  ResidentSetSize of job (KB)
...
006 (113604208.000.000) 2023-04-06 19:14:50 Image size of job updated: 5166192
	672  -  MemoryUsage of job (MB)
	687152  -  ResidentSetSize of job (KB)
...
006 (113604208.000.000) 2023-04-06 19:19:50 Image size of job updated: 5191864
	697  -  MemoryUsage of job (MB)
	712952  -  ResidentSetSize of job (KB)
...
006 (113604208.000.000) 2023-04-06 19:24:51 Image size of job updated: 5195868
	701  -  MemoryUsage of job (MB)
	717060  -  ResidentSetSize of job (KB)
...
006 (113604208.000.000) 2023-04-06 19:29:52 Image size of job updated: 5202652
	707  -  MemoryUsage of job (MB)
	723904  -  ResidentSetSize of job (KB)
...
006 (113604208.000.000) 2023-04-06 19:39:53 Image size of job updated: 5204816
	710  -  MemoryUsage of job (MB)
	726020  -  ResidentSetSize of job (KB)
...
006 (113604208.000.000) 2023-04-06 19:44:54 Image size of job updated: 5211028
	744  -  MemoryUsage of job (MB)
	761048  -  ResidentSetSize of job (KB)
...
006 (113604208.000.000) 2023-04-06 19:54:55 Image size of job updated: 5246440
	779  -  MemoryUsage of job (MB)
	796816  -  ResidentSetSize of job (KB)
...
006 (113604208.000.000) 2023-04-06 19:59:56 Image size of job updated: 5246440
	779  -  MemoryUsage of job (MB)
	796820  -  ResidentSetSize of job (KB)
...
006 (113604208.000.000) 2023-04-06 20:04:56 Image size of job updated: 5261324
	779  -  MemoryUsage of job (MB)
	796820  -  ResidentSetSize of job (KB)
...
006 (113604208.000.000) 2023-04-06 20:14:58 Image size of job updated: 5261324
	789  -  MemoryUsage of job (MB)
	807504  -  ResidentSetSize of job (KB)
...
006 (113604208.000.000) 2023-04-06 20:19:58 Image size of job updated: 5261324
	817  -  MemoryUsage of job (MB)
	836340  -  ResidentSetSize of job (KB)
...
006 (113604208.000.000) 2023-04-06 20:24:59 Image size of job updated: 5261324
	817  -  MemoryUsage of job (MB)
	836344  -  ResidentSetSize of job (KB)
...
006 (113604208.000.000) 2023-04-06 20:30:00 Image size of job updated: 5261392
	821  -  MemoryUsage of job (MB)
	840240  -  ResidentSetSize of job (KB)
...
006 (113604208.000.000) 2023-04-06 20:35:00 Image size of job updated: 5261392
	821  -  MemoryUsage of job (MB)
	840492  -  ResidentSetSize of job (KB)
...
006 (113604208.000.000) 2023-04-06 20:40:01 Image size of job updated: 5271256
	821  -  MemoryUsage of job (MB)
	840492  -  ResidentSetSize of job (KB)
...
006 (113604208.000.000) 2023-04-06 20:50:02 Image size of job updated: 5271256
	920  -  MemoryUsage of job (MB)
	941268  -  ResidentSetSize of job (KB)
...
006 (113604208.000.000) 2023-04-06 20:55:03 Image size of job updated: 5271256
	1040  -  MemoryUsage of job (MB)
	1064460  -  ResidentSetSize of job (KB)
...
006 (113604208.000.000) 2023-04-06 21:00:04 Image size of job updated: 5293124
	1143  -  MemoryUsage of job (MB)
	1170076  -  ResidentSetSize of job (KB)
...
006 (113604208.000.000) 2023-04-06 21:05:04 Image size of job updated: 5293124
	1163  -  MemoryUsage of job (MB)
	1190624  -  ResidentSetSize of job (KB)
...
006 (113604208.000.000) 2023-04-06 21:10:04 Image size of job updated: 5295428
	1163  -  MemoryUsage of job (MB)
	1190624  -  ResidentSetSize of job (KB)
...
006 (113604208.000.000) 2023-04-06 21:15:05 Image size of job updated: 5299740
	1163  -  MemoryUsage of job (MB)
	1190624  -  ResidentSetSize of job (KB)
...
006 (113604208.000.000) 2023-04-06 21:25:05 Image size of job updated: 5301436
	1193  -  MemoryUsage of job (MB)
	1221444  -  ResidentSetSize of job (KB)
...
006 (113604208.000.000) 2023-04-06 21:30:06 Image size of job updated: 5305436
	1213  -  MemoryUsage of job (MB)
	1241408  -  ResidentSetSize of job (KB)
...
006 (113604208.000.000) 2023-04-06 21:35:06 Image size of job updated: 5306168
	1216  -  MemoryUsage of job (MB)
	1244988  -  ResidentSetSize of job (KB)
...
006 (113604208.000.000) 2023-04-06 21:45:07 Image size of job updated: 5321072
	1251  -  MemoryUsage of job (MB)
	1280156  -  ResidentSetSize of job (KB)
...
006 (113604208.000.000) 2023-04-06 21:50:08 Image size of job updated: 5349924
	1288  -  MemoryUsage of job (MB)
	1318372  -  ResidentSetSize of job (KB)
...
006 (113604208.000.000) 2023-04-06 21:55:08 Image size of job updated: 5349924
	1288  -  MemoryUsage of job (MB)
	1318888  -  ResidentSetSize of job (KB)
...
006 (113604208.000.000) 2023-04-06 22:00:09 Image size of job updated: 5349924
	1289  -  MemoryUsage of job (MB)
	1319308  -  ResidentSetSize of job (KB)
...
006 (113604208.000.000) 2023-04-06 22:05:10 Image size of job updated: 5382776
	1291  -  MemoryUsage of job (MB)
	1321864  -  ResidentSetSize of job (KB)
...
006 (113604208.000.000) 2023-04-06 22:10:10 Image size of job updated: 5382776
	1296  -  MemoryUsage of job (MB)
	1326996  -  ResidentSetSize of job (KB)
...
006 (113604208.000.000) 2023-04-06 22:15:11 Image size of job updated: 5393700
	1298  -  MemoryUsage of job (MB)
	1328796  -  ResidentSetSize of job (KB)
...
006 (113604208.000.000) 2023-04-06 22:25:12 Image size of job updated: 5393700
	1300  -  MemoryUsage of job (MB)
	1330596  -  ResidentSetSize of job (KB)
...
006 (113604208.000.000) 2023-04-06 22:30:13 Image size of job updated: 5393700
	1302  -  MemoryUsage of job (MB)
	1332644  -  ResidentSetSize of job (KB)
...
006 (113604208.000.000) 2023-04-06 22:40:14 Image size of job updated: 5399596
	1302  -  MemoryUsage of job (MB)
	1332644  -  ResidentSetSize of job (KB)
...
006 (113604208.000.000) 2023-04-06 23:05:17 Image size of job updated: 5399596
	1327  -  MemoryUsage of job (MB)
	1358672  -  ResidentSetSize of job (KB)
...
006 (113604208.000.000) 2023-04-06 23:10:17 Image size of job updated: 5399596
	1328  -  MemoryUsage of job (MB)
	1359116  -  ResidentSetSize of job (KB)
...
006 (113604208.000.000) 2023-04-06 23:15:17 Image size of job updated: 5399596
	1332  -  MemoryUsage of job (MB)
	1363020  -  ResidentSetSize of job (KB)
...
006 (113604208.000.000) 2023-04-06 23:40:19 Image size of job updated: 5399596
	1337  -  MemoryUsage of job (MB)
	1368684  -  ResidentSetSize of job (KB)
...
006 (113604208.000.000) 2023-04-06 23:45:19 Image size of job updated: 5399596
	1342  -  MemoryUsage of job (MB)
	1374192  -  ResidentSetSize of job (KB)
...
006 (113604208.000.000) 2023-04-06 23:50:20 Image size of job updated: 5399596
	1344  -  MemoryUsage of job (MB)
	1375384  -  ResidentSetSize of job (KB)
...
006 (113604208.000.000) 2023-04-06 23:55:20 Image size of job updated: 5399596
	1344  -  MemoryUsage of job (MB)
	1375888  -  ResidentSetSize of job (KB)
...
006 (113604208.000.000) 2023-04-07 00:00:20 Image size of job updated: 5399596
	1344  -  MemoryUsage of job (MB)
	1375948  -  ResidentSetSize of job (KB)
...
006 (113604208.000.000) 2023-04-07 00:05:22 Image size of job updated: 5403660
	1348  -  MemoryUsage of job (MB)
	1379396  -  ResidentSetSize of job (KB)
...
006 (113604208.000.000) 2023-04-07 00:10:22 Image size of job updated: 5403660
	1348  -  MemoryUsage of job (MB)
	1379976  -  ResidentSetSize of job (KB)
...
006 (113604208.000.000) 2023-04-07 00:15:22 Image size of job updated: 5460792
	1352  -  MemoryUsage of job (MB)
	1383492  -  ResidentSetSize of job (KB)
...
006 (113604208.000.000) 2023-04-07 00:40:26 Image size of job updated: 5460792
	1357  -  MemoryUsage of job (MB)
	1388608  -  ResidentSetSize of job (KB)
...
006 (113604208.000.000) 2023-04-07 00:55:28 Image size of job updated: 5460792
	1358  -  MemoryUsage of job (MB)
	1390036  -  ResidentSetSize of job (KB)
...
006 (113604208.000.000) 2023-04-07 01:00:28 Image size of job updated: 5470592
	1361  -  MemoryUsage of job (MB)
	1392856  -  ResidentSetSize of job (KB)
...
006 (113604208.000.000) 2023-04-07 01:05:29 Image size of job updated: 5470592
	1362  -  MemoryUsage of job (MB)
	1393776  -  ResidentSetSize of job (KB)
...
006 (113604208.000.000) 2023-04-07 01:10:30 Image size of job updated: 5470592
	1365  -  MemoryUsage of job (MB)
	1397596  -  ResidentSetSize of job (KB)
...
006 (113604208.000.000) 2023-04-07 01:15:30 Image size of job updated: 5470592
	1366  -  MemoryUsage of job (MB)
	1398736  -  ResidentSetSize of job (KB)
...
006 (113604208.000.000) 2023-04-07 01:25:32 Image size of job updated: 5470592
	1369  -  MemoryUsage of job (MB)
	1401432  -  ResidentSetSize of job (KB)
...
006 (113604208.000.000) 2023-04-07 01:35:33 Image size of job updated: 5470592
	1371  -  MemoryUsage of job (MB)
	1403224  -  ResidentSetSize of job (KB)
...
006 (113604208.000.000) 2023-04-07 01:40:34 Image size of job updated: 5470592
	1374  -  MemoryUsage of job (MB)
	1406324  -  ResidentSetSize of job (KB)
...
006 (113604208.000.000) 2023-04-07 01:50:34 Image size of job updated: 5470592
	1379  -  MemoryUsage of job (MB)
	1411148  -  ResidentSetSize of job (KB)
...
006 (113604208.000.000) 2023-04-07 02:00:35 Image size of job updated: 5470592
	1448  -  MemoryUsage of job (MB)
	1482228  -  ResidentSetSize of job (KB)
...
006 (113604208.000.000) 2023-04-07 02:15:37 Image size of job updated: 5511560
	1448  -  MemoryUsage of job (MB)
	1482228  -  ResidentSetSize of job (KB)
...
006 (113604208.000.000) 2023-04-07 02:25:38 Image size of job updated: 5588020
	1448  -  MemoryUsage of job (MB)
	1482228  -  ResidentSetSize of job (KB)
...
006 (113604208.000.000) 2023-04-07 03:05:43 Image size of job updated: 5615604
	1448  -  MemoryUsage of job (MB)
	1482228  -  ResidentSetSize of job (KB)
...
006 (113604208.000.000) 2023-04-07 04:30:52 Image size of job updated: 5615604
	1452  -  MemoryUsage of job (MB)
	1486452  -  ResidentSetSize of job (KB)
...
006 (113604208.000.000) 2023-04-07 04:40:53 Image size of job updated: 5615604
	1456  -  MemoryUsage of job (MB)
	1489940  -  ResidentSetSize of job (KB)
...
006 (113604208.000.000) 2023-04-07 04:45:53 Image size of job updated: 5615604
	1458  -  MemoryUsage of job (MB)
	1492252  -  ResidentSetSize of job (KB)
...
006 (113604208.000.000) 2023-04-07 04:55:54 Image size of job updated: 5615604
	1458  -  MemoryUsage of job (MB)
	1492380  -  ResidentSetSize of job (KB)
...
006 (113604208.000.000) 2023-04-07 05:00:54 Image size of job updated: 5615604
	1465  -  MemoryUsage of job (MB)
	1499356  -  ResidentSetSize of job (KB)
...
006 (113604208.000.000) 2023-04-07 05:05:54 Image size of job updated: 5615604
	1465  -  MemoryUsage of job (MB)
	1499480  -  ResidentSetSize of job (KB)
...
006 (113604208.000.000) 2023-04-07 05:10:55 Image size of job updated: 5617032
	1466  -  MemoryUsage of job (MB)
	1500296  -  ResidentSetSize of job (KB)
...
006 (113604208.000.000) 2023-04-07 05:30:58 Image size of job updated: 5617032
	1469  -  MemoryUsage of job (MB)
	1503264  -  ResidentSetSize of job (KB)
...
006 (113604208.000.000) 2023-04-07 05:35:58 Image size of job updated: 5617032
	1469  -  MemoryUsage of job (MB)
	1503408  -  ResidentSetSize of job (KB)
...
006 (113604208.000.000) 2023-04-07 06:06:02 Image size of job updated: 5617032
	1490  -  MemoryUsage of job (MB)
	1525620  -  ResidentSetSize of job (KB)
...
006 (113604208.000.000) 2023-04-07 06:16:03 Image size of job updated: 5653976
	1490  -  MemoryUsage of job (MB)
	1525620  -  ResidentSetSize of job (KB)
...
006 (113604208.000.000) 2023-04-07 06:56:07 Image size of job updated: 5697856
	1535  -  MemoryUsage of job (MB)
	1571140  -  ResidentSetSize of job (KB)
...
006 (113604208.000.000) 2023-04-07 07:11:09 Image size of job updated: 5697856
	1537  -  MemoryUsage of job (MB)
	1573680  -  ResidentSetSize of job (KB)
...
006 (113604208.000.000) 2023-04-07 07:16:09 Image size of job updated: 5697856
	1539  -  MemoryUsage of job (MB)
	1575728  -  ResidentSetSize of job (KB)
...
006 (113604208.000.000) 2023-04-07 07:26:10 Image size of job updated: 5697856
	1557  -  MemoryUsage of job (MB)
	1593424  -  ResidentSetSize of job (KB)
...
006 (113604208.000.000) 2023-04-07 08:01:14 Image size of job updated: 5712276
	1557  -  MemoryUsage of job (MB)
	1593424  -  ResidentSetSize of job (KB)
...
006 (113604208.000.000) 2023-04-07 08:16:15 Image size of job updated: 5712276
	1570  -  MemoryUsage of job (MB)
	1606728  -  ResidentSetSize of job (KB)
...
006 (113604208.000.000) 2023-04-07 08:26:16 Image size of job updated: 5712276
	1572  -  MemoryUsage of job (MB)
	1609112  -  ResidentSetSize of job (KB)
...
006 (113604208.000.000) 2023-04-07 08:51:19 Image size of job updated: 5757408
	1572  -  MemoryUsage of job (MB)
	1609112  -  ResidentSetSize of job (KB)
...
006 (113604208.000.000) 2023-04-07 09:06:20 Image size of job updated: 5761672
	1583  -  MemoryUsage of job (MB)
	1620792  -  ResidentSetSize of job (KB)
...
006 (113604208.000.000) 2023-04-07 09:16:22 Image size of job updated: 5764680
	1586  -  MemoryUsage of job (MB)
	1623232  -  ResidentSetSize of job (KB)
...
006 (113604208.000.000) 2023-04-07 09:31:23 Image size of job updated: 5764680
	1591  -  MemoryUsage of job (MB)
	1628484  -  ResidentSetSize of job (KB)
...
006 (113604208.000.000) 2023-04-07 09:41:24 Image size of job updated: 5764680
	1609  -  MemoryUsage of job (MB)
	1647144  -  ResidentSetSize of job (KB)
...
006 (113604208.000.000) 2023-04-07 10:46:30 Image size of job updated: 5778492
	1609  -  MemoryUsage of job (MB)
	1647144  -  ResidentSetSize of job (KB)
...
006 (113604208.000.000) 2023-04-07 11:01:32 Image size of job updated: 5815224
	1620  -  MemoryUsage of job (MB)
	1658292  -  ResidentSetSize of job (KB)
...
006 (113604208.000.000) 2023-04-07 11:06:33 Image size of job updated: 5815224
	1620  -  MemoryUsage of job (MB)
	1658416  -  ResidentSetSize of job (KB)
...
006 (113604208.000.000) 2023-04-07 11:21:34 Image size of job updated: 5818148
	1624  -  MemoryUsage of job (MB)
	1662160  -  ResidentSetSize of job (KB)
...
006 (113604208.000.000) 2023-04-07 11:26:35 Image size of job updated: 5818148
	1624  -  MemoryUsage of job (MB)
	1662176  -  ResidentSetSize of job (KB)
...
006 (113604208.000.000) 2023-04-07 11:31:35 Image size of job updated: 5818148
	1626  -  MemoryUsage of job (MB)
	1664224  -  ResidentSetSize of job (KB)
...
006 (113604208.000.000) 2023-04-07 11:41:37 Image size of job updated: 5824140
	1626  -  MemoryUsage of job (MB)
	1664224  -  ResidentSetSize of job (KB)
...
006 (113604208.000.000) 2023-04-07 11:56:38 Image size of job updated: 5824140
	1630  -  MemoryUsage of job (MB)
	1668692  -  ResidentSetSize of job (KB)
...
006 (113604208.000.000) 2023-04-07 12:01:39 Image size of job updated: 5824140
	1632  -  MemoryUsage of job (MB)
	1670220  -  ResidentSetSize of job (KB)
...
006 (113604208.000.000) 2023-04-07 12:31:42 Image size of job updated: 5835380
	1640  -  MemoryUsage of job (MB)
	1678488  -  ResidentSetSize of job (KB)
...
006 (113604208.000.000) 2023-04-07 12:41:42 Image size of job updated: 5835380
	1657  -  MemoryUsage of job (MB)
	1696028  -  ResidentSetSize of job (KB)
...
006 (113604208.000.000) 2023-04-07 12:46:44 Image size of job updated: 5854628
	1657  -  MemoryUsage of job (MB)
	1696664  -  ResidentSetSize of job (KB)
...
006 (113604208.000.000) 2023-04-07 12:56:44 Image size of job updated: 5854628
	1660  -  MemoryUsage of job (MB)
	1699072  -  ResidentSetSize of job (KB)
...
006 (113604208.000.000) 2023-04-07 13:11:46 Image size of job updated: 5854628
	1663  -  MemoryUsage of job (MB)
	1702720  -  ResidentSetSize of job (KB)
...
006 (113604208.000.000) 2023-04-07 13:46:50 Image size of job updated: 5869996
	1663  -  MemoryUsage of job (MB)
	1702720  -  ResidentSetSize of job (KB)
...
006 (113604208.000.000) 2023-04-07 14:16:52 Image size of job updated: 5876176
	1679  -  MemoryUsage of job (MB)
	1718440  -  ResidentSetSize of job (KB)
...
006 (113604208.000.000) 2023-04-07 14:26:53 Image size of job updated: 5876176
	1681  -  MemoryUsage of job (MB)
	1720560  -  ResidentSetSize of job (KB)
...
006 (113604208.000.000) 2023-04-07 14:41:54 Image size of job updated: 5876176
	1681  -  MemoryUsage of job (MB)
	1720856  -  ResidentSetSize of job (KB)
...
006 (113604208.000.000) 2023-04-07 14:56:55 Image size of job updated: 5876176
	1681  -  MemoryUsage of job (MB)
	1721172  -  ResidentSetSize of job (KB)
...
006 (113604208.000.000) 2023-04-07 15:01:55 Image size of job updated: 5876176
	1682  -  MemoryUsage of job (MB)
	1721364  -  ResidentSetSize of job (KB)
...
006 (113604208.000.000) 2023-04-07 15:06:56 Image size of job updated: 5876176
	1693  -  MemoryUsage of job (MB)
	1733080  -  ResidentSetSize of job (KB)
...
006 (113604208.000.000) 2023-04-07 15:37:00 Image size of job updated: 5895288
	1693  -  MemoryUsage of job (MB)
	1733080  -  ResidentSetSize of job (KB)
...
006 (113604208.000.000) 2023-04-07 15:52:02 Image size of job updated: 5900552
	1693  -  MemoryUsage of job (MB)
	1733080  -  ResidentSetSize of job (KB)
...
006 (113604208.000.000) 2023-04-07 16:12:04 Image size of job updated: 5906688
	1693  -  MemoryUsage of job (MB)
	1733588  -  ResidentSetSize of job (KB)
...
004 (113604208.000.000) 2023-04-07 16:45:16 Job was evicted.
	(0) CPU times
		Usr 3 01:01:17, Sys 0 00:06:52  -  Run Remote Usage
		Usr 0 00:00:00, Sys 0 00:00:00  -  Run Local Usage
	0  -  Run Bytes Sent By Job
	366  -  Run Bytes Received By Job
	Partitionable Resources :    Usage  Request Allocated 
	   Cpus                 :     4.62        1         1 
	   Disk (KB)            :  4101      500000    624256 
	   GPUs                 :                           0 
	   Memory (MB)          :  1693       20000     20096 
...
040 (113604208.000.000) 2023-04-07 16:54:55 Started transferring input files
	Transferring to host: <10.14.3.31:9618?addrs=10.14.3.31-9618&alias=node531.cluster.ldas.cit&noUDP&sock=slot1_9_6095_3a91_11542>
...
040 (113604208.000.000) 2023-04-07 16:54:55 Finished transferring input files
...
001 (113604208.000.000) 2023-04-07 16:54:56 Job executing on host: <10.14.3.31:9618?addrs=10.14.3.31-9618&alias=node531.cluster.ldas.cit&noUDP&sock=startd_4041_5e4c>
...
006 (113604208.000.000) 2023-04-08 13:32:17 Image size of job updated: 7500000
	1766  -  MemoryUsage of job (MB)
	1808216  -  ResidentSetSize of job (KB)
...
006 (113604208.000.000) 2023-04-08 16:37:35 Image size of job updated: 7500000
	1806  -  MemoryUsage of job (MB)
	1848976  -  ResidentSetSize of job (KB)
...
006 (113604208.000.000) 2023-04-09 04:28:50 Image size of job updated: 7500000
	1806  -  MemoryUsage of job (MB)
	1849148  -  ResidentSetSize of job (KB)
...
006 (113604208.000.000) 2023-04-09 05:03:53 Image size of job updated: 7500000
	1808  -  MemoryUsage of job (MB)
	1851368  -  ResidentSetSize of job (KB)
...
004 (113604208.000.000) 2023-04-09 07:09:11 Job was evicted.
	(0) CPU times
		Usr 5 02:26:52, Sys 0 00:15:44  -  Run Remote Usage
		Usr 0 00:00:00, Sys 0 00:00:00  -  Run Local Usage
	0  -  Run Bytes Sent By Job
	366  -  Run Bytes Received By Job
	Partitionable Resources :    Usage  Request Allocated 
	   Cpus                 :     6.58        1         1 
	   Disk (KB)            :  3131      500000    609620 
	   gpus                 :                           0 
	   Memory (MB)          :  1808       20000     20096 
	   mics                 :                           0 
...
040 (113604208.000.000) 2023-04-09 07:14:14 Started transferring input files
	Transferring to host: <10.14.10.109:9618?addrs=10.14.10.109-9618&alias=node2359.cluster.ldas.cit&noUDP&sock=slot1_16_146124_53af_5229>
...
040 (113604208.000.000) 2023-04-09 07:14:14 Finished transferring input files
...
001 (113604208.000.000) 2023-04-09 07:14:15 Job executing on host: <10.14.10.109:9618?addrs=10.14.10.109-9618&alias=node2359.cluster.ldas.cit&noUDP&sock=startd_146083_5da5>
...
006 (113604208.000.000) 2023-04-09 17:35:30 Image size of job updated: 7500000
	1968  -  MemoryUsage of job (MB)
	2014544  -  ResidentSetSize of job (KB)
...
006 (113604208.000.000) 2023-04-09 19:55:45 Image size of job updated: 7500000
	2019  -  MemoryUsage of job (MB)
	2067408  -  ResidentSetSize of job (KB)
...
006 (113604208.000.000) 2023-04-10 00:11:13 Image size of job updated: 7500000
	2050  -  MemoryUsage of job (MB)
	2098752  -  ResidentSetSize of job (KB)
...
006 (113604208.000.000) 2023-04-10 01:01:19 Image size of job updated: 7500000
	2052  -  MemoryUsage of job (MB)
	2101164  -  ResidentSetSize of job (KB)
...
006 (113604208.000.000) 2023-04-10 02:46:30 Image size of job updated: 7500000
	2053  -  MemoryUsage of job (MB)
	2101672  -  ResidentSetSize of job (KB)
...
006 (113604208.000.000) 2023-04-10 04:11:40 Image size of job updated: 7500000
	2076  -  MemoryUsage of job (MB)
	2125388  -  ResidentSetSize of job (KB)
...
004 (113604208.000.000) 2023-04-10 07:14:42 Job was evicted.
	(0) CPU times
		Usr 4 13:54:23, Sys 0 00:03:23  -  Run Remote Usage
		Usr 0 00:00:00, Sys 0 00:00:00  -  Run Local Usage
	0  -  Run Bytes Sent By Job
	366  -  Run Bytes Received By Job
	Partitionable Resources :    Usage  Request Allocated 
	   Cpus                 :     7.92        1         1 
	   Disk (KB)            :  3369      500000    624256 
	   GPUs                 :                           0 
	   Memory (MB)          :  2076       20000     20096 
...
040 (113604208.000.000) 2023-04-10 07:17:11 Started transferring input files
	Transferring to host: <10.14.4.39:9618?addrs=10.14.4.39-9618&alias=node789.cluster.ldas.cit&noUDP&sock=slot1_10_218143_3a40_23043>
...
040 (113604208.000.000) 2023-04-10 07:17:11 Finished transferring input files
...
001 (113604208.000.000) 2023-04-10 07:17:12 Job executing on host: <10.14.4.39:9618?addrs=10.14.4.39-9618&alias=node789.cluster.ldas.cit&noUDP&sock=startd_271615_e062>
...
004 (113604208.000.000) 2023-04-11 07:27:50 Job was evicted.
	(0) CPU times
		Usr 3 02:23:44, Sys 0 00:09:05  -  Run Remote Usage
		Usr 0 00:00:00, Sys 0 00:00:00  -  Run Local Usage
	0  -  Run Bytes Sent By Job
	366  -  Run Bytes Received By Job
	Partitionable Resources :    Usage  Request Allocated 
	   Cpus                 :     2.85        1         1 
	   Disk (KB)            :  2859      500000    624256 
	   GPUs                 :                           0 
	   Memory (MB)          :  2198       20000     20096 
...
040 (113604208.000.000) 2023-04-11 07:33:27 Started transferring input files
	Transferring to host: <10.14.4.67:9618?addrs=10.14.4.67-9618&alias=node817.cluster.ldas.cit&noUDP&sock=slot1_8_2288974_00d1_4743>
...
040 (113604208.000.000) 2023-04-11 07:33:27 Finished transferring input files
...
001 (113604208.000.000) 2023-04-11 07:33:28 Job executing on host: <10.14.4.67:9618?addrs=10.14.4.67-9618&alias=node817.cluster.ldas.cit&noUDP&sock=startd_2288932_8b97>
...
004 (113604208.000.000) 2023-04-12 08:16:48 Job was evicted.
	(0) CPU times
		Usr 3 20:46:10, Sys 0 00:06:51  -  Run Remote Usage
		Usr 0 00:00:00, Sys 0 00:00:00  -  Run Local Usage
	0  -  Run Bytes Sent By Job
	366  -  Run Bytes Received By Job
	Partitionable Resources :    Usage  Request Allocated 
	   Cpus                 :     1.00        1         1 
	   Disk (KB)            :  2873      500000    624256 
	   GPUs                 :                           0 
	   Memory (MB)          :  2198       20000     20096 
...
040 (113604208.000.000) 2023-04-12 08:19:31 Started transferring input files
	Transferring to host: <10.14.10.17:9618?addrs=10.14.10.17-9618&alias=node2267.cluster.ldas.cit&noUDP&sock=slot1_7_4345_320a_2114>
...
040 (113604208.000.000) 2023-04-12 08:19:31 Finished transferring input files
...
001 (113604208.000.000) 2023-04-12 08:19:32 Job executing on host: <10.14.10.17:9618?addrs=10.14.10.17-9618&alias=node2267.cluster.ldas.cit&noUDP&sock=startd_3640_50d2>
...
040 (113604208.000.000) 2023-04-12 09:31:01 Started transferring output files
...
040 (113604208.000.000) 2023-04-12 09:31:01 Finished transferring output files
...
005 (113604208.000.000) 2023-04-12 09:31:01 Job terminated.
	(1) Normal termination (return value 0)
		Usr 0 06:58:55, Sys 0 00:00:49  -  Run Remote Usage
		Usr 0 00:00:00, Sys 0 00:00:00  -  Run Local Usage
		Usr 19 23:31:21, Sys 0 00:42:44  -  Total Remote Usage
		Usr 0 00:00:00, Sys 0 00:00:00  -  Total Local Usage
	2758956  -  Run Bytes Sent By Job
	366  -  Run Bytes Received By Job
	2758956  -  Total Bytes Sent By Job
	2196  -  Total Bytes Received By Job
	Partitionable Resources :    Usage  Request Allocated 
	   Cpus                 :     0.99        1         1 
	   Disk (KB)            :  2717      500000    624256 
	   GPUs                 :                           0 
	   Memory (MB)          :  2198       20000     20096 

	Job terminated of its own accord at 2023-04-12T16:31:01Z with exit-code 0.
...
