13:50 bilby INFO    : Waveform generator initiated with
  frequency_domain_source_model: bilby.gw.source.lal_binary_black_hole
  time_domain_source_model: None
  parameter_conversion: bilby.gw.conversion.convert_to_lal_binary_black_hole_parameters
13:50 bilby INFO    : Injected signal in H1:
13:50 bilby INFO    :   optimal SNR = 7.59
13:50 bilby INFO    :   matched filter SNR = 4.81+0.27j
13:50 bilby INFO    :   mass_1 = 68.31028891289061
13:50 bilby INFO    :   mass_2 = 58.84793995877483
13:50 bilby INFO    :   a_1 = 0.6762667061601086
13:50 bilby INFO    :   a_2 = 0.911975683090097
13:50 bilby INFO    :   tilt_1 = 1.0322084500059634
13:50 bilby INFO    :   tilt_2 = 1.4324688929126737
13:50 bilby INFO    :   phi_12 = 1.1881692164345008
13:50 bilby INFO    :   phi_jl = 1.0920965449766864
13:50 bilby INFO    :   luminosity_distance = 2320.1096345
13:50 bilby INFO    :   theta_jn = 0.8784417745207066
13:50 bilby INFO    :   psi = 4.9247072216
13:50 bilby INFO    :   phase = 0.8163581004
13:50 bilby INFO    :   geocent_time = 1126259642.413
13:50 bilby INFO    :   ra = 4.3092624967
13:50 bilby INFO    :   dec = 3.7888412804
13:50 bilby INFO    : Injected signal in L1:
13:50 bilby INFO    :   optimal SNR = 10.31
13:50 bilby INFO    :   matched filter SNR = 8.09+0.31j
13:50 bilby INFO    :   mass_1 = 68.31028891289061
13:50 bilby INFO    :   mass_2 = 58.84793995877483
13:50 bilby INFO    :   a_1 = 0.6762667061601086
13:50 bilby INFO    :   a_2 = 0.911975683090097
13:50 bilby INFO    :   tilt_1 = 1.0322084500059634
13:50 bilby INFO    :   tilt_2 = 1.4324688929126737
13:50 bilby INFO    :   phi_12 = 1.1881692164345008
13:50 bilby INFO    :   phi_jl = 1.0920965449766864
13:50 bilby INFO    :   luminosity_distance = 2320.1096345
13:50 bilby INFO    :   theta_jn = 0.8784417745207066
13:50 bilby INFO    :   psi = 4.9247072216
13:50 bilby INFO    :   phase = 0.8163581004
13:50 bilby INFO    :   geocent_time = 1126259642.413
13:50 bilby INFO    :   ra = 4.3092624967
13:50 bilby INFO    :   dec = 3.7888412804
13:50 bilby INFO    : Injected signal in V1:
13:50 bilby INFO    :   optimal SNR = 2.82
13:50 bilby INFO    :   matched filter SNR = 1.44-1.59j
13:50 bilby INFO    :   mass_1 = 68.31028891289061
13:50 bilby INFO    :   mass_2 = 58.84793995877483
13:50 bilby INFO    :   a_1 = 0.6762667061601086
13:50 bilby INFO    :   a_2 = 0.911975683090097
13:50 bilby INFO    :   tilt_1 = 1.0322084500059634
13:50 bilby INFO    :   tilt_2 = 1.4324688929126737
13:50 bilby INFO    :   phi_12 = 1.1881692164345008
13:50 bilby INFO    :   phi_jl = 1.0920965449766864
13:50 bilby INFO    :   luminosity_distance = 2320.1096345
13:50 bilby INFO    :   theta_jn = 0.8784417745207066
13:50 bilby INFO    :   psi = 4.9247072216
13:50 bilby INFO    :   phase = 0.8163581004
13:50 bilby INFO    :   geocent_time = 1126259642.413
13:50 bilby INFO    :   ra = 4.3092624967
13:50 bilby INFO    :   dec = 3.7888412804
13:50 bilby INFO    : Running for label 'job_00565_justSpin', output will be saved to '/home/simona.miller/comp-spin-mock-injections/Data/IndividualInferenceOutput/new_bilby/population1_highSpinPrecessing_highmass'
13:50 bilby INFO    : Using lal version 7.3.0
13:50 bilby INFO    : Using lal git version Branch: None;Tag: lalsuite-v7.13;Id: ec1fcb1d2d1dab69321fdb8f0afef1f867b11e06;;Builder: Unknown User <>;Repository status: UNCLEAN: Modified working tree
13:50 bilby INFO    : Using lalsimulation version 5.0.0
13:50 bilby INFO    : Using lalsimulation git version Branch: None;Tag: lalsuite-v7.13;Id: ec1fcb1d2d1dab69321fdb8f0afef1f867b11e06;;Builder: Unknown User <>;Repository status: UNCLEAN: Modified working tree
13:51 bilby INFO    : Analysis priors:
13:51 bilby INFO    : a_1=Uniform(minimum=0, maximum=0.99, name='a_1', latex_label='$a_1$', unit=None, boundary=None)
13:51 bilby INFO    : a_2=Uniform(minimum=0, maximum=0.99, name='a_2', latex_label='$a_2$', unit=None, boundary=None)
13:51 bilby INFO    : tilt_1=Sine(minimum=0, maximum=3.141592653589793, name='tilt_1', latex_label='$\\theta_1$', unit=None, boundary=None)
13:51 bilby INFO    : tilt_2=Sine(minimum=0, maximum=3.141592653589793, name='tilt_2', latex_label='$\\theta_2$', unit=None, boundary=None)
13:51 bilby INFO    : ra=4.3092624967
13:51 bilby INFO    : dec=3.7888412804
13:51 bilby INFO    : geocent_time=1126259642.413
13:51 bilby INFO    : phase=0.8163581004
13:51 bilby INFO    : psi=4.9247072216
13:51 bilby INFO    : luminosity_distance=2320.1096345
13:51 bilby INFO    : theta_jn=0.8784417745207066
13:51 bilby INFO    : mass_1=68.31028891289061
13:51 bilby INFO    : mass_2=58.84793995877483
13:51 bilby INFO    : phi_12=1.1881692164345008
13:51 bilby INFO    : phi_jl=1.0920965449766864
13:51 bilby INFO    : Analysis likelihood class: <class 'bilby.gw.likelihood.base.GravitationalWaveTransient'>
13:51 bilby INFO    : Analysis likelihood noise evidence: -24120.268602540986
13:51 bilby INFO    : Single likelihood evaluation took 1.742e-02 s
13:51 bilby INFO    : Checkpoint every check_point_delta_t = 600s
13:51 bilby WARNING : Using cached result
13:51 bilby INFO    : Summary of results:
nsamples: 5971
ln_noise_evidence: -24120.269
ln_evidence: -24081.786 +/-  0.044
ln_bayes_factor: 38.483 +/-  0.044

