14:24 bilby INFO    : Waveform generator initiated with
  frequency_domain_source_model: bilby.gw.source.lal_binary_black_hole
  time_domain_source_model: None
  parameter_conversion: bilby.gw.conversion.convert_to_lal_binary_black_hole_parameters
14:24 bilby INFO    : Injected signal in H1:
14:24 bilby INFO    :   optimal SNR = 8.71
14:24 bilby INFO    :   matched filter SNR = 8.63-0.04j
14:24 bilby INFO    :   mass_1 = 85.1644365418197
14:24 bilby INFO    :   mass_2 = 82.28517588317773
14:24 bilby INFO    :   a_1 = 0.7391707990229944
14:24 bilby INFO    :   a_2 = 0.12959423247265797
14:24 bilby INFO    :   tilt_1 = 1.2217328405466494
14:24 bilby INFO    :   tilt_2 = 0.9650649610928248
14:24 bilby INFO    :   phi_12 = 2.446159023005848
14:24 bilby INFO    :   phi_jl = 2.0830941131756866
14:24 bilby INFO    :   luminosity_distance = 4832.1423631298
14:24 bilby INFO    :   theta_jn = 0.3105296129072086
14:24 bilby INFO    :   psi = 3.0644907107
14:24 bilby INFO    :   phase = 2.7683167227
14:24 bilby INFO    :   geocent_time = 1126259642.413
14:24 bilby INFO    :   ra = 0.5497577614
14:24 bilby INFO    :   dec = 3.4547049268
14:24 bilby INFO    : Injected signal in L1:
14:24 bilby INFO    :   optimal SNR = 11.79
14:24 bilby INFO    :   matched filter SNR = 12.38+1.10j
14:24 bilby INFO    :   mass_1 = 85.1644365418197
14:24 bilby INFO    :   mass_2 = 82.28517588317773
14:24 bilby INFO    :   a_1 = 0.7391707990229944
14:24 bilby INFO    :   a_2 = 0.12959423247265797
14:24 bilby INFO    :   tilt_1 = 1.2217328405466494
14:24 bilby INFO    :   tilt_2 = 0.9650649610928248
14:24 bilby INFO    :   phi_12 = 2.446159023005848
14:24 bilby INFO    :   phi_jl = 2.0830941131756866
14:24 bilby INFO    :   luminosity_distance = 4832.1423631298
14:24 bilby INFO    :   theta_jn = 0.3105296129072086
14:24 bilby INFO    :   psi = 3.0644907107
14:24 bilby INFO    :   phase = 2.7683167227
14:24 bilby INFO    :   geocent_time = 1126259642.413
14:24 bilby INFO    :   ra = 0.5497577614
14:24 bilby INFO    :   dec = 3.4547049268
14:24 bilby INFO    : Injected signal in V1:
14:24 bilby INFO    :   optimal SNR = 2.30
14:24 bilby INFO    :   matched filter SNR = 2.06+1.04j
14:24 bilby INFO    :   mass_1 = 85.1644365418197
14:24 bilby INFO    :   mass_2 = 82.28517588317773
14:24 bilby INFO    :   a_1 = 0.7391707990229944
14:24 bilby INFO    :   a_2 = 0.12959423247265797
14:24 bilby INFO    :   tilt_1 = 1.2217328405466494
14:24 bilby INFO    :   tilt_2 = 0.9650649610928248
14:24 bilby INFO    :   phi_12 = 2.446159023005848
14:24 bilby INFO    :   phi_jl = 2.0830941131756866
14:24 bilby INFO    :   luminosity_distance = 4832.1423631298
14:24 bilby INFO    :   theta_jn = 0.3105296129072086
14:24 bilby INFO    :   psi = 3.0644907107
14:24 bilby INFO    :   phase = 2.7683167227
14:24 bilby INFO    :   geocent_time = 1126259642.413
14:24 bilby INFO    :   ra = 0.5497577614
14:24 bilby INFO    :   dec = 3.4547049268
14:24 bilby INFO    : Running for label 'job_00894_fixedExtrinsic', output will be saved to '/home/simona.miller/comp-spin-mock-injections/Data/IndividualInferenceOutput/new_bilby/population1_highSpinPrecessing_highmass'
14:24 bilby INFO    : Using lal version 7.3.0
14:24 bilby INFO    : Using lal git version Branch: None;Tag: lalsuite-v7.13;Id: ec1fcb1d2d1dab69321fdb8f0afef1f867b11e06;;Builder: Unknown User <>;Repository status: UNCLEAN: Modified working tree
14:24 bilby INFO    : Using lalsimulation version 5.0.0
14:24 bilby INFO    : Using lalsimulation git version Branch: None;Tag: lalsuite-v7.13;Id: ec1fcb1d2d1dab69321fdb8f0afef1f867b11e06;;Builder: Unknown User <>;Repository status: UNCLEAN: Modified working tree
14:24 bilby INFO    : Analysis priors:
14:24 bilby INFO    : chirp_mass=bilby.gw.prior.UniformInComponentsChirpMass(minimum=2, maximum=200, name='chirp_mass', latex_label='$\\mathcal{M}$', unit=None, boundary=None)
14:24 bilby INFO    : mass_ratio=bilby.gw.prior.UniformInComponentsMassRatio(minimum=0.05, maximum=1, name='mass_ratio', latex_label='$q$', unit=None, boundary=None, equal_mass=False)
14:24 bilby INFO    : a_1=Uniform(minimum=0, maximum=0.99, name='a_1', latex_label='$a_1$', unit=None, boundary=None)
14:24 bilby INFO    : a_2=Uniform(minimum=0, maximum=0.99, name='a_2', latex_label='$a_2$', unit=None, boundary=None)
14:24 bilby INFO    : tilt_1=Sine(minimum=0, maximum=3.141592653589793, name='tilt_1', latex_label='$\\theta_1$', unit=None, boundary=None)
14:24 bilby INFO    : tilt_2=Sine(minimum=0, maximum=3.141592653589793, name='tilt_2', latex_label='$\\theta_2$', unit=None, boundary=None)
14:24 bilby INFO    : phi_12=Uniform(minimum=0, maximum=6.283185307179586, name='phi_12', latex_label='$\\Delta\\phi$', unit=None, boundary='periodic')
14:24 bilby INFO    : phi_jl=Uniform(minimum=0, maximum=6.283185307179586, name='phi_jl', latex_label='$\\phi_{JL}$', unit=None, boundary='periodic')
14:24 bilby INFO    : mass_1=Constraint(minimum=75.1644365418197, maximum=95.1644365418197, name='mass_1', latex_label='$m_1$', unit=None)
14:24 bilby INFO    : mass_2=Constraint(minimum=72.28517588317773, maximum=92.28517588317773, name='mass_2', latex_label='$m_2$', unit=None)
14:24 bilby INFO    : ra=0.5497577614
14:24 bilby INFO    : dec=3.4547049268
14:24 bilby INFO    : geocent_time=1126259642.413
14:24 bilby INFO    : phase=2.7683167227
14:24 bilby INFO    : psi=3.0644907107
14:24 bilby INFO    : luminosity_distance=4832.1423631298
14:24 bilby INFO    : theta_jn=0.3105296129072086
14:24 bilby INFO    : Analysis likelihood class: <class 'bilby.gw.likelihood.base.GravitationalWaveTransient'>
14:24 bilby INFO    : Analysis likelihood noise evidence: -24070.08731826991
14:24 bilby INFO    : Single likelihood evaluation took 6.919e-02 s
14:24 bilby INFO    : Checkpoint every check_point_delta_t = 600s
14:24 bilby WARNING : Using cached result
14:24 bilby INFO    : Summary of results:
nsamples: 6043
ln_noise_evidence: -24070.087
ln_evidence: -23957.956 +/-  0.049
ln_bayes_factor: 112.131 +/-  0.049

