000 (113449434.000.000) 2023-03-29 17:01:29 Job submitted from host: <10.14.0.160:9618?addrs=10.14.0.160-9618&alias=ldas-pcdev2.ligo.caltech.edu&noUDP&sock=schedd_7450_a8a7>
    DAG Node: 782
...
040 (113449434.000.000) 2023-03-29 17:10:46 Started transferring input files
	Transferring to host: <10.14.4.49:9618?addrs=10.14.4.49-9618&alias=node799.cluster.ldas.cit&noUDP&sock=slot1_9_1769014_2539_15289>
...
040 (113449434.000.000) 2023-03-29 17:10:46 Finished transferring input files
...
001 (113449434.000.000) 2023-03-29 17:10:47 Job executing on host: <10.14.4.49:9618?addrs=10.14.4.49-9618&alias=node799.cluster.ldas.cit&noUDP&sock=startd_1768978_5965>
...
006 (113449434.000.000) 2023-03-29 17:10:55 Image size of job updated: 236612
	192  -  MemoryUsage of job (MB)
	196424  -  ResidentSetSize of job (KB)
...
006 (113449434.000.000) 2023-03-29 17:15:55 Image size of job updated: 5317092
	590  -  MemoryUsage of job (MB)
	603300  -  ResidentSetSize of job (KB)
...
006 (113449434.000.000) 2023-03-29 17:51:00 Image size of job updated: 5317092
	749  -  MemoryUsage of job (MB)
	766836  -  ResidentSetSize of job (KB)
...
006 (113449434.000.000) 2023-03-29 17:56:01 Image size of job updated: 5317092
	836  -  MemoryUsage of job (MB)
	855292  -  ResidentSetSize of job (KB)
...
006 (113449434.000.000) 2023-03-29 18:01:01 Image size of job updated: 5317092
	840  -  MemoryUsage of job (MB)
	859624  -  ResidentSetSize of job (KB)
...
006 (113449434.000.000) 2023-03-29 18:06:02 Image size of job updated: 5317092
	843  -  MemoryUsage of job (MB)
	862860  -  ResidentSetSize of job (KB)
...
006 (113449434.000.000) 2023-03-29 18:11:03 Image size of job updated: 5317092
	868  -  MemoryUsage of job (MB)
	888780  -  ResidentSetSize of job (KB)
...
006 (113449434.000.000) 2023-03-29 18:16:03 Image size of job updated: 5317092
	869  -  MemoryUsage of job (MB)
	888872  -  ResidentSetSize of job (KB)
...
006 (113449434.000.000) 2023-03-29 18:21:04 Image size of job updated: 5317092
	879  -  MemoryUsage of job (MB)
	899872  -  ResidentSetSize of job (KB)
...
006 (113449434.000.000) 2023-03-29 18:26:05 Image size of job updated: 5317092
	889  -  MemoryUsage of job (MB)
	909840  -  ResidentSetSize of job (KB)
...
006 (113449434.000.000) 2023-03-29 18:31:05 Image size of job updated: 5317092
	913  -  MemoryUsage of job (MB)
	934704  -  ResidentSetSize of job (KB)
...
006 (113449434.000.000) 2023-03-29 18:41:07 Image size of job updated: 5317092
	915  -  MemoryUsage of job (MB)
	936372  -  ResidentSetSize of job (KB)
...
006 (113449434.000.000) 2023-03-29 18:46:07 Image size of job updated: 5317092
	915  -  MemoryUsage of job (MB)
	936376  -  ResidentSetSize of job (KB)
...
006 (113449434.000.000) 2023-03-29 18:51:08 Image size of job updated: 5317092
	916  -  MemoryUsage of job (MB)
	937420  -  ResidentSetSize of job (KB)
...
006 (113449434.000.000) 2023-03-29 19:01:09 Image size of job updated: 5317092
	920  -  MemoryUsage of job (MB)
	941088  -  ResidentSetSize of job (KB)
...
006 (113449434.000.000) 2023-03-29 19:16:11 Image size of job updated: 5317092
	935  -  MemoryUsage of job (MB)
	956648  -  ResidentSetSize of job (KB)
...
006 (113449434.000.000) 2023-03-29 19:21:12 Image size of job updated: 5317092
	942  -  MemoryUsage of job (MB)
	963972  -  ResidentSetSize of job (KB)
...
006 (113449434.000.000) 2023-03-29 19:26:13 Image size of job updated: 5317092
	944  -  MemoryUsage of job (MB)
	966480  -  ResidentSetSize of job (KB)
...
006 (113449434.000.000) 2023-03-29 19:36:14 Image size of job updated: 5317092
	955  -  MemoryUsage of job (MB)
	977820  -  ResidentSetSize of job (KB)
...
006 (113449434.000.000) 2023-03-29 19:41:15 Image size of job updated: 5317092
	961  -  MemoryUsage of job (MB)
	983724  -  ResidentSetSize of job (KB)
...
006 (113449434.000.000) 2023-03-29 19:46:15 Image size of job updated: 5317092
	973  -  MemoryUsage of job (MB)
	995896  -  ResidentSetSize of job (KB)
...
006 (113449434.000.000) 2023-03-29 19:51:15 Image size of job updated: 5317092
	991  -  MemoryUsage of job (MB)
	1013964  -  ResidentSetSize of job (KB)
...
006 (113449434.000.000) 2023-03-29 19:56:16 Image size of job updated: 5317092
	991  -  MemoryUsage of job (MB)
	1014132  -  ResidentSetSize of job (KB)
...
006 (113449434.000.000) 2023-03-29 20:01:16 Image size of job updated: 5317092
	997  -  MemoryUsage of job (MB)
	1020448  -  ResidentSetSize of job (KB)
...
006 (113449434.000.000) 2023-03-29 20:06:16 Image size of job updated: 5317092
	1015  -  MemoryUsage of job (MB)
	1039020  -  ResidentSetSize of job (KB)
...
006 (113449434.000.000) 2023-03-29 20:11:17 Image size of job updated: 5317092
	1049  -  MemoryUsage of job (MB)
	1073812  -  ResidentSetSize of job (KB)
...
006 (113449434.000.000) 2023-03-29 20:16:17 Image size of job updated: 5317092
	1053  -  MemoryUsage of job (MB)
	1078024  -  ResidentSetSize of job (KB)
...
006 (113449434.000.000) 2023-03-29 20:21:17 Image size of job updated: 5317092
	1059  -  MemoryUsage of job (MB)
	1083688  -  ResidentSetSize of job (KB)
...
006 (113449434.000.000) 2023-03-29 20:31:18 Image size of job updated: 5317092
	1113  -  MemoryUsage of job (MB)
	1139656  -  ResidentSetSize of job (KB)
...
006 (113449434.000.000) 2023-03-29 20:36:18 Image size of job updated: 5317092
	1132  -  MemoryUsage of job (MB)
	1158236  -  ResidentSetSize of job (KB)
...
006 (113449434.000.000) 2023-03-29 20:41:20 Image size of job updated: 5317092
	1133  -  MemoryUsage of job (MB)
	1159180  -  ResidentSetSize of job (KB)
...
006 (113449434.000.000) 2023-03-29 20:46:20 Image size of job updated: 5317092
	1150  -  MemoryUsage of job (MB)
	1177016  -  ResidentSetSize of job (KB)
...
006 (113449434.000.000) 2023-03-29 20:51:20 Image size of job updated: 5317092
	1153  -  MemoryUsage of job (MB)
	1180252  -  ResidentSetSize of job (KB)
...
006 (113449434.000.000) 2023-03-29 20:56:21 Image size of job updated: 5317092
	1161  -  MemoryUsage of job (MB)
	1188400  -  ResidentSetSize of job (KB)
...
006 (113449434.000.000) 2023-03-29 21:01:22 Image size of job updated: 5317092
	1165  -  MemoryUsage of job (MB)
	1192916  -  ResidentSetSize of job (KB)
...
006 (113449434.000.000) 2023-03-29 21:21:24 Image size of job updated: 5317092
	1170  -  MemoryUsage of job (MB)
	1197728  -  ResidentSetSize of job (KB)
...
006 (113449434.000.000) 2023-03-29 21:26:25 Image size of job updated: 5317092
	1173  -  MemoryUsage of job (MB)
	1200852  -  ResidentSetSize of job (KB)
...
006 (113449434.000.000) 2023-03-29 21:31:26 Image size of job updated: 5317092
	1201  -  MemoryUsage of job (MB)
	1229704  -  ResidentSetSize of job (KB)
...
006 (113449434.000.000) 2023-03-29 21:36:26 Image size of job updated: 5317092
	1203  -  MemoryUsage of job (MB)
	1231280  -  ResidentSetSize of job (KB)
...
006 (113449434.000.000) 2023-03-29 21:46:28 Image size of job updated: 5317092
	1204  -  MemoryUsage of job (MB)
	1232540  -  ResidentSetSize of job (KB)
...
006 (113449434.000.000) 2023-03-29 22:01:30 Image size of job updated: 5317092
	1246  -  MemoryUsage of job (MB)
	1275800  -  ResidentSetSize of job (KB)
...
006 (113449434.000.000) 2023-03-29 22:06:30 Image size of job updated: 5317092
	1246  -  MemoryUsage of job (MB)
	1275820  -  ResidentSetSize of job (KB)
...
006 (113449434.000.000) 2023-03-29 23:06:38 Image size of job updated: 5317652
	1246  -  MemoryUsage of job (MB)
	1275820  -  ResidentSetSize of job (KB)
...
006 (113449434.000.000) 2023-03-29 23:41:43 Image size of job updated: 5334208
	1246  -  MemoryUsage of job (MB)
	1275820  -  ResidentSetSize of job (KB)
...
006 (113449434.000.000) 2023-03-30 00:26:49 Image size of job updated: 5412668
	1303  -  MemoryUsage of job (MB)
	1334088  -  ResidentSetSize of job (KB)
...
006 (113449434.000.000) 2023-03-30 00:31:50 Image size of job updated: 5412668
	1305  -  MemoryUsage of job (MB)
	1336136  -  ResidentSetSize of job (KB)
...
006 (113449434.000.000) 2023-03-30 00:41:51 Image size of job updated: 5416276
	1307  -  MemoryUsage of job (MB)
	1337956  -  ResidentSetSize of job (KB)
...
006 (113449434.000.000) 2023-03-30 00:46:52 Image size of job updated: 5416276
	1307  -  MemoryUsage of job (MB)
	1338084  -  ResidentSetSize of job (KB)
...
006 (113449434.000.000) 2023-03-30 00:51:52 Image size of job updated: 5416276
	1311  -  MemoryUsage of job (MB)
	1342200  -  ResidentSetSize of job (KB)
...
006 (113449434.000.000) 2023-03-30 00:56:52 Image size of job updated: 5416276
	1312  -  MemoryUsage of job (MB)
	1343184  -  ResidentSetSize of job (KB)
...
006 (113449434.000.000) 2023-03-30 01:06:53 Image size of job updated: 5432056
	1315  -  MemoryUsage of job (MB)
	1346276  -  ResidentSetSize of job (KB)
...
006 (113449434.000.000) 2023-03-30 01:21:54 Image size of job updated: 5432056
	1340  -  MemoryUsage of job (MB)
	1371632  -  ResidentSetSize of job (KB)
...
006 (113449434.000.000) 2023-03-30 01:31:55 Image size of job updated: 5434208
	1340  -  MemoryUsage of job (MB)
	1371632  -  ResidentSetSize of job (KB)
...
006 (113449434.000.000) 2023-03-30 01:41:55 Image size of job updated: 5437192
	1340  -  MemoryUsage of job (MB)
	1371632  -  ResidentSetSize of job (KB)
...
006 (113449434.000.000) 2023-03-30 02:17:00 Image size of job updated: 5464564
	1340  -  MemoryUsage of job (MB)
	1371632  -  ResidentSetSize of job (KB)
...
006 (113449434.000.000) 2023-03-30 02:27:01 Image size of job updated: 5469020
	1341  -  MemoryUsage of job (MB)
	1372456  -  ResidentSetSize of job (KB)
...
006 (113449434.000.000) 2023-03-30 02:32:02 Image size of job updated: 5469020
	1341  -  MemoryUsage of job (MB)
	1372536  -  ResidentSetSize of job (KB)
...
006 (113449434.000.000) 2023-03-30 02:37:03 Image size of job updated: 5473356
	1346  -  MemoryUsage of job (MB)
	1377712  -  ResidentSetSize of job (KB)
...
006 (113449434.000.000) 2023-03-30 02:47:04 Image size of job updated: 5473356
	1348  -  MemoryUsage of job (MB)
	1379760  -  ResidentSetSize of job (KB)
...
006 (113449434.000.000) 2023-03-30 02:52:05 Image size of job updated: 5561264
	1349  -  MemoryUsage of job (MB)
	1381288  -  ResidentSetSize of job (KB)
...
006 (113449434.000.000) 2023-03-30 02:57:05 Image size of job updated: 5561264
	1350  -  MemoryUsage of job (MB)
	1381744  -  ResidentSetSize of job (KB)
...
006 (113449434.000.000) 2023-03-30 03:12:06 Image size of job updated: 5561264
	1453  -  MemoryUsage of job (MB)
	1487620  -  ResidentSetSize of job (KB)
...
006 (113449434.000.000) 2023-03-30 05:37:17 Image size of job updated: 5570792
	1453  -  MemoryUsage of job (MB)
	1487620  -  ResidentSetSize of job (KB)
...
006 (113449434.000.000) 2023-03-30 05:47:18 Image size of job updated: 5570792
	1519  -  MemoryUsage of job (MB)
	1554588  -  ResidentSetSize of job (KB)
...
006 (113449434.000.000) 2023-03-30 06:17:22 Image size of job updated: 5580044
	1519  -  MemoryUsage of job (MB)
	1554588  -  ResidentSetSize of job (KB)
...
006 (113449434.000.000) 2023-03-30 06:27:24 Image size of job updated: 5582616
	1519  -  MemoryUsage of job (MB)
	1554588  -  ResidentSetSize of job (KB)
...
006 (113449434.000.000) 2023-03-30 06:37:25 Image size of job updated: 5582616
	1542  -  MemoryUsage of job (MB)
	1578468  -  ResidentSetSize of job (KB)
...
006 (113449434.000.000) 2023-03-30 07:02:28 Image size of job updated: 5596576
	1542  -  MemoryUsage of job (MB)
	1578468  -  ResidentSetSize of job (KB)
...
006 (113449434.000.000) 2023-03-30 07:17:30 Image size of job updated: 5620700
	1542  -  MemoryUsage of job (MB)
	1578468  -  ResidentSetSize of job (KB)
...
006 (113449434.000.000) 2023-03-30 07:27:32 Image size of job updated: 5623676
	1542  -  MemoryUsage of job (MB)
	1578468  -  ResidentSetSize of job (KB)
...
006 (113449434.000.000) 2023-03-30 07:42:34 Image size of job updated: 5624916
	1542  -  MemoryUsage of job (MB)
	1578468  -  ResidentSetSize of job (KB)
...
006 (113449434.000.000) 2023-03-30 07:57:36 Image size of job updated: 5626924
	1542  -  MemoryUsage of job (MB)
	1578468  -  ResidentSetSize of job (KB)
...
006 (113449434.000.000) 2023-03-30 08:52:39 Image size of job updated: 5638704
	1542  -  MemoryUsage of job (MB)
	1578468  -  ResidentSetSize of job (KB)
...
006 (113449434.000.000) 2023-03-30 09:07:40 Image size of job updated: 5644216
	1542  -  MemoryUsage of job (MB)
	1578468  -  ResidentSetSize of job (KB)
...
006 (113449434.000.000) 2023-03-30 09:37:42 Image size of job updated: 5651220
	1542  -  MemoryUsage of job (MB)
	1578468  -  ResidentSetSize of job (KB)
...
006 (113449434.000.000) 2023-03-30 10:02:46 Image size of job updated: 5653980
	1542  -  MemoryUsage of job (MB)
	1578468  -  ResidentSetSize of job (KB)
...
006 (113449434.000.000) 2023-03-30 10:12:47 Image size of job updated: 5674616
	1542  -  MemoryUsage of job (MB)
	1578468  -  ResidentSetSize of job (KB)
...
006 (113449434.000.000) 2023-03-30 10:37:48 Image size of job updated: 5680220
	1542  -  MemoryUsage of job (MB)
	1578468  -  ResidentSetSize of job (KB)
...
006 (113449434.000.000) 2023-03-30 10:52:50 Image size of job updated: 5683740
	1542  -  MemoryUsage of job (MB)
	1578468  -  ResidentSetSize of job (KB)
...
006 (113449434.000.000) 2023-03-30 11:02:52 Image size of job updated: 5686484
	1542  -  MemoryUsage of job (MB)
	1578468  -  ResidentSetSize of job (KB)
...
006 (113449434.000.000) 2023-03-30 11:27:55 Image size of job updated: 5690756
	1542  -  MemoryUsage of job (MB)
	1578468  -  ResidentSetSize of job (KB)
...
006 (113449434.000.000) 2023-03-30 11:42:57 Image size of job updated: 5694052
	1542  -  MemoryUsage of job (MB)
	1578468  -  ResidentSetSize of job (KB)
...
006 (113449434.000.000) 2023-03-30 11:52:58 Image size of job updated: 5696124
	1542  -  MemoryUsage of job (MB)
	1578468  -  ResidentSetSize of job (KB)
...
006 (113449434.000.000) 2023-03-30 12:08:00 Image size of job updated: 5700144
	1542  -  MemoryUsage of job (MB)
	1578468  -  ResidentSetSize of job (KB)
...
006 (113449434.000.000) 2023-03-30 12:33:04 Image size of job updated: 5704392
	1542  -  MemoryUsage of job (MB)
	1578468  -  ResidentSetSize of job (KB)
...
006 (113449434.000.000) 2023-03-30 12:43:05 Image size of job updated: 5705856
	1542  -  MemoryUsage of job (MB)
	1578468  -  ResidentSetSize of job (KB)
...
006 (113449434.000.000) 2023-03-30 13:03:07 Image size of job updated: 5732608
	1551  -  MemoryUsage of job (MB)
	1587344  -  ResidentSetSize of job (KB)
...
006 (113449434.000.000) 2023-03-30 13:18:08 Image size of job updated: 5732608
	1552  -  MemoryUsage of job (MB)
	1589076  -  ResidentSetSize of job (KB)
...
006 (113449434.000.000) 2023-03-30 13:23:08 Image size of job updated: 5732608
	1555  -  MemoryUsage of job (MB)
	1591444  -  ResidentSetSize of job (KB)
...
006 (113449434.000.000) 2023-03-30 13:28:08 Image size of job updated: 5732608
	1557  -  MemoryUsage of job (MB)
	1593704  -  ResidentSetSize of job (KB)
...
006 (113449434.000.000) 2023-03-30 13:38:09 Image size of job updated: 5757292
	1558  -  MemoryUsage of job (MB)
	1594924  -  ResidentSetSize of job (KB)
...
006 (113449434.000.000) 2023-03-30 13:48:10 Image size of job updated: 5757292
	1558  -  MemoryUsage of job (MB)
	1595168  -  ResidentSetSize of job (KB)
...
006 (113449434.000.000) 2023-03-30 14:18:12 Image size of job updated: 5761324
	1562  -  MemoryUsage of job (MB)
	1599264  -  ResidentSetSize of job (KB)
...
006 (113449434.000.000) 2023-03-30 14:38:13 Image size of job updated: 5763084
	1563  -  MemoryUsage of job (MB)
	1600072  -  ResidentSetSize of job (KB)
...
006 (113449434.000.000) 2023-03-30 14:43:13 Image size of job updated: 5763084
	1565  -  MemoryUsage of job (MB)
	1601864  -  ResidentSetSize of job (KB)
...
006 (113449434.000.000) 2023-03-30 14:53:14 Image size of job updated: 5766620
	1567  -  MemoryUsage of job (MB)
	1604188  -  ResidentSetSize of job (KB)
...
006 (113449434.000.000) 2023-03-30 15:03:15 Image size of job updated: 5766620
	1567  -  MemoryUsage of job (MB)
	1604192  -  ResidentSetSize of job (KB)
...
006 (113449434.000.000) 2023-03-30 15:13:15 Image size of job updated: 5766620
	1584  -  MemoryUsage of job (MB)
	1621560  -  ResidentSetSize of job (KB)
...
006 (113449434.000.000) 2023-03-30 15:23:16 Image size of job updated: 5785652
	1585  -  MemoryUsage of job (MB)
	1622444  -  ResidentSetSize of job (KB)
...
006 (113449434.000.000) 2023-03-30 15:28:16 Image size of job updated: 5785652
	1587  -  MemoryUsage of job (MB)
	1624492  -  ResidentSetSize of job (KB)
...
006 (113449434.000.000) 2023-03-30 15:38:17 Image size of job updated: 5786660
	1587  -  MemoryUsage of job (MB)
	1624492  -  ResidentSetSize of job (KB)
...
006 (113449434.000.000) 2023-03-30 15:53:18 Image size of job updated: 5786660
	1589  -  MemoryUsage of job (MB)
	1626600  -  ResidentSetSize of job (KB)
...
006 (113449434.000.000) 2023-03-30 16:08:19 Image size of job updated: 5791180
	1592  -  MemoryUsage of job (MB)
	1629240  -  ResidentSetSize of job (KB)
...
006 (113449434.000.000) 2023-03-30 16:18:20 Image size of job updated: 5793180
	1593  -  MemoryUsage of job (MB)
	1630780  -  ResidentSetSize of job (KB)
...
006 (113449434.000.000) 2023-03-30 16:23:21 Image size of job updated: 5793180
	1595  -  MemoryUsage of job (MB)
	1632828  -  ResidentSetSize of job (KB)
...
006 (113449434.000.000) 2023-03-30 16:28:21 Image size of job updated: 5793180
	1609  -  MemoryUsage of job (MB)
	1647172  -  ResidentSetSize of job (KB)
...
006 (113449434.000.000) 2023-03-30 16:33:22 Image size of job updated: 5810704
	1609  -  MemoryUsage of job (MB)
	1647172  -  ResidentSetSize of job (KB)
...
006 (113449434.000.000) 2023-03-30 16:53:25 Image size of job updated: 5833544
	1633  -  MemoryUsage of job (MB)
	1672192  -  ResidentSetSize of job (KB)
...
006 (113449434.000.000) 2023-03-30 17:18:26 Image size of job updated: 5851976
	1633  -  MemoryUsage of job (MB)
	1672192  -  ResidentSetSize of job (KB)
...
004 (113449434.000.000) 2023-03-30 17:21:19 Job was evicted.
	(0) CPU times
		Usr 2 14:35:32, Sys 0 00:04:58  -  Run Remote Usage
		Usr 0 00:00:00, Sys 0 00:00:00  -  Run Local Usage
	0  -  Run Bytes Sent By Job
	366  -  Run Bytes Received By Job
	Partitionable Resources :    Usage  Request Allocated 
	   Cpus                 :     4.24        1         1 
	   Disk (KB)            :  4046      500000    624256 
	   GPUs                 :                           0 
	   Memory (MB)          :  1633       20000     20096 
...
040 (113449434.000.000) 2023-03-30 17:21:27 Entered queue to transfer input files
	Transferring to host: <10.14.4.30:9618?addrs=10.14.4.30-9618&alias=node780.cluster.ldas.cit&noUDP&sock=slot1_23_1794807_a5b2_13467>
...
040 (113449434.000.000) 2023-03-30 17:21:50 Started transferring input files
	Seconds spent in queue: 23
...
040 (113449434.000.000) 2023-03-30 17:21:50 Finished transferring input files
...
001 (113449434.000.000) 2023-03-30 17:21:51 Job executing on host: <10.14.4.30:9618?addrs=10.14.4.30-9618&alias=node780.cluster.ldas.cit&noUDP&sock=startd_1794771_33aa>
...
006 (113449434.000.000) 2023-03-31 16:01:25 Image size of job updated: 7500000
	1731  -  MemoryUsage of job (MB)
	1771524  -  ResidentSetSize of job (KB)
...
006 (113449434.000.000) 2023-03-31 16:06:25 Image size of job updated: 7500000
	1932  -  MemoryUsage of job (MB)
	1977400  -  ResidentSetSize of job (KB)
...
004 (113449434.000.000) 2023-03-31 17:50:57 Job was evicted.
	(0) CPU times
		Usr 2 00:48:26, Sys 0 00:03:33  -  Run Remote Usage
		Usr 0 00:00:00, Sys 0 00:00:00  -  Run Local Usage
	0  -  Run Bytes Sent By Job
	366  -  Run Bytes Received By Job
	Partitionable Resources :    Usage  Request Allocated 
	   Cpus                 :     0.97        1         1 
	   Disk (KB)            :  3039      500000    624256 
	   GPUs                 :                           0 
	   Memory (MB)          :  1932       20000     20096 
...
040 (113449434.000.000) 2023-03-31 17:50:58 Started transferring input files
	Seconds spent in queue: 88171
...
040 (113449434.000.000) 2023-03-31 17:50:58 Finished transferring input files
...
001 (113449434.000.000) 2023-03-31 17:50:59 Job executing on host: <10.14.9.69:9618?addrs=10.14.9.69-9618&alias=node2069.cluster.ldas.cit&noUDP&sock=startd_2458697_36ff>
...
006 (113449434.000.000) 2023-04-01 04:22:14 Image size of job updated: 7500000
	1981  -  MemoryUsage of job (MB)
	2028376  -  ResidentSetSize of job (KB)
...
004 (113449434.000.000) 2023-04-01 18:36:53 Job was evicted.
	(0) CPU times
		Usr 3 16:47:19, Sys 0 00:05:14  -  Run Remote Usage
		Usr 0 00:00:00, Sys 0 00:00:00  -  Run Local Usage
	0  -  Run Bytes Sent By Job
	366  -  Run Bytes Received By Job
	Partitionable Resources :    Usage  Request Allocated 
	   Cpus                 :     7.81        1         1 
	   Disk (KB)            :  3087      500000    609620 
	   GPUs                 :                           0 
	   Memory (MB)          :  1981       20000     20096 
...
040 (113449434.000.000) 2023-04-01 18:39:30 Started transferring input files
	Seconds spent in queue: 177483
...
040 (113449434.000.000) 2023-04-01 18:39:30 Finished transferring input files
...
001 (113449434.000.000) 2023-04-01 18:39:31 Job executing on host: <10.14.10.122:9618?addrs=10.14.10.122-9618&alias=node2372.cluster.ldas.cit&noUDP&sock=startd_4258_365a>
...
006 (113449434.000.000) 2023-04-02 10:56:21 Image size of job updated: 7500000
	2207  -  MemoryUsage of job (MB)
	2259828  -  ResidentSetSize of job (KB)
...
006 (113449434.000.000) 2023-04-02 21:52:32 Image size of job updated: 7500000
	2210  -  MemoryUsage of job (MB)
	2262680  -  ResidentSetSize of job (KB)
...
004 (113449434.000.000) 2023-04-02 21:57:20 Job was evicted.
	(0) CPU times
		Usr 3 20:03:02, Sys 0 00:04:45  -  Run Remote Usage
		Usr 0 00:00:00, Sys 0 00:00:00  -  Run Local Usage
	0  -  Run Bytes Sent By Job
	366  -  Run Bytes Received By Job
	Partitionable Resources :    Usage  Request Allocated 
	   Cpus                 :     0.99        1         1 
	   Disk (KB)            :  3026      500000    624256 
	   GPUs                 :                           0 
	   Memory (MB)          :  2210       20000     20096 
...
040 (113449434.000.000) 2023-04-02 22:03:43 Started transferring input files
	Seconds spent in queue: 276136
...
040 (113449434.000.000) 2023-04-02 22:03:43 Finished transferring input files
...
001 (113449434.000.000) 2023-04-02 22:03:45 Job executing on host: <10.14.10.109:9618?addrs=10.14.10.109-9618&alias=node2359.cluster.ldas.cit&noUDP&sock=startd_2112540_4e10>
...
004 (113449434.000.000) 2023-04-03 22:11:57 Job was evicted.
	(0) CPU times
		Usr 4 08:46:26, Sys 0 00:05:10  -  Run Remote Usage
		Usr 0 00:00:00, Sys 0 00:00:00  -  Run Local Usage
	0  -  Run Bytes Sent By Job
	366  -  Run Bytes Received By Job
	Partitionable Resources :    Usage  Request Allocated 
	   Cpus                 :     6.92        1         1 
	   Disk (KB)            :  3010      500000    624256 
	   GPUs                 :                           0 
	   Memory (MB)          :  2442       20000     20096 
...
040 (113449434.000.000) 2023-04-03 22:13:21 Started transferring input files
	Seconds spent in queue: 363114
...
040 (113449434.000.000) 2023-04-03 22:13:21 Finished transferring input files
...
001 (113449434.000.000) 2023-04-03 22:13:22 Job executing on host: <10.14.10.68:9618?addrs=10.14.10.68-9618&alias=node2318.cluster.ldas.cit&noUDP&sock=startd_722744_d8e2>
...
004 (113449434.000.000) 2023-04-04 13:15:49 Job was evicted.
	(0) CPU times
		Usr 2 18:39:21, Sys 0 00:03:07  -  Run Remote Usage
		Usr 0 00:00:00, Sys 0 00:00:00  -  Run Local Usage
	0  -  Run Bytes Sent By Job
	366  -  Run Bytes Received By Job
	Partitionable Resources :    Usage  Request Allocated 
	   Cpus                 :     0.99        1         1 
	   Disk (KB)            :  2862      500000    624256 
	   GPUs                 :                           0 
	   Memory (MB)          :  2442       20000     20096 
...
040 (113449434.000.000) 2023-04-04 14:01:11 Started transferring input files
	Seconds spent in queue: 419984
...
040 (113449434.000.000) 2023-04-04 14:01:11 Finished transferring input files
...
001 (113449434.000.000) 2023-04-04 14:01:12 Job executing on host: <10.14.4.120:9618?addrs=10.14.4.120-9618&alias=node870.cluster.ldas.cit&noUDP&sock=startd_3961473_8e27>
...
004 (113449434.000.000) 2023-04-05 14:52:22 Job was evicted.
	(0) CPU times
		Usr 3 23:15:50, Sys 0 00:20:12  -  Run Remote Usage
		Usr 0 00:00:00, Sys 0 00:00:00  -  Run Local Usage
	0  -  Run Bytes Sent By Job
	366  -  Run Bytes Received By Job
	Partitionable Resources :    Usage  Request Allocated 
	   Cpus                 :     1.08        1         1 
	   Disk (KB)            :  2890      500000    558637 
	   GPUs                 :                           0 
	   Memory (MB)          :  2442       20000     20096 
...
009 (113449434.000.000) 2023-04-05 14:52:22 Job was aborted.
	removed because <OtherJobRemoveRequirements = DAGManJobId =?= 113449368> fired when job (113449368.0) was removed
...
000 (113587140.000.000) 2023-04-05 14:54:13 Job submitted from host: <10.14.0.160:9618?addrs=10.14.0.160-9618&alias=ldas-pcdev2.ligo.caltech.edu&noUDP&sock=schedd_7450_a8a7>
    DAG Node: 782
...
040 (113587140.000.000) 2023-04-05 14:56:12 Started transferring input files
	Transferring to host: <10.14.3.41:9618?addrs=10.14.3.41-9618&alias=node541.cluster.ldas.cit&noUDP&sock=slot1_12_1915318_8c77_36247>
...
040 (113587140.000.000) 2023-04-05 14:56:12 Finished transferring input files
...
001 (113587140.000.000) 2023-04-05 14:56:13 Job executing on host: <10.14.3.41:9618?addrs=10.14.3.41-9618&alias=node541.cluster.ldas.cit&noUDP&sock=startd_1915282_b962>
...
006 (113587140.000.000) 2023-04-05 14:56:22 Image size of job updated: 221308
	190  -  MemoryUsage of job (MB)
	194312  -  ResidentSetSize of job (KB)
...
006 (113587140.000.000) 2023-04-05 15:01:23 Image size of job updated: 5365516
	807  -  MemoryUsage of job (MB)
	825704  -  ResidentSetSize of job (KB)
...
006 (113587140.000.000) 2023-04-05 15:06:24 Image size of job updated: 5399548
	847  -  MemoryUsage of job (MB)
	867204  -  ResidentSetSize of job (KB)
...
006 (113587140.000.000) 2023-04-05 15:11:24 Image size of job updated: 5407296
	855  -  MemoryUsage of job (MB)
	875156  -  ResidentSetSize of job (KB)
...
006 (113587140.000.000) 2023-04-05 15:16:25 Image size of job updated: 5456108
	935  -  MemoryUsage of job (MB)
	956648  -  ResidentSetSize of job (KB)
...
006 (113587140.000.000) 2023-04-05 15:21:26 Image size of job updated: 5485168
	963  -  MemoryUsage of job (MB)
	985592  -  ResidentSetSize of job (KB)
...
006 (113587140.000.000) 2023-04-05 15:26:26 Image size of job updated: 5528824
	1017  -  MemoryUsage of job (MB)
	1040876  -  ResidentSetSize of job (KB)
...
006 (113587140.000.000) 2023-04-05 15:31:27 Image size of job updated: 5574232
	1174  -  MemoryUsage of job (MB)
	1201696  -  ResidentSetSize of job (KB)
...
006 (113587140.000.000) 2023-04-05 15:36:28 Image size of job updated: 5627868
	1346  -  MemoryUsage of job (MB)
	1378156  -  ResidentSetSize of job (KB)
...
006 (113587140.000.000) 2023-04-05 15:41:28 Image size of job updated: 5689148
	1389  -  MemoryUsage of job (MB)
	1421560  -  ResidentSetSize of job (KB)
...
006 (113587140.000.000) 2023-04-05 16:51:36 Image size of job updated: 5897176
	1389  -  MemoryUsage of job (MB)
	1421560  -  ResidentSetSize of job (KB)
...
006 (113587140.000.000) 2023-04-05 16:56:36 Image size of job updated: 6262848
	1725  -  MemoryUsage of job (MB)
	1766016  -  ResidentSetSize of job (KB)
...
006 (113587140.000.000) 2023-04-05 17:01:36 Image size of job updated: 6262848
	1735  -  MemoryUsage of job (MB)
	1775880  -  ResidentSetSize of job (KB)
...
006 (113587140.000.000) 2023-04-05 17:06:37 Image size of job updated: 6262848
	1769  -  MemoryUsage of job (MB)
	1810972  -  ResidentSetSize of job (KB)
...
006 (113587140.000.000) 2023-04-05 17:11:38 Image size of job updated: 6262848
	1840  -  MemoryUsage of job (MB)
	1883456  -  ResidentSetSize of job (KB)
...
006 (113587140.000.000) 2023-04-05 17:16:38 Image size of job updated: 6262848
	1867  -  MemoryUsage of job (MB)
	1911116  -  ResidentSetSize of job (KB)
...
006 (113587140.000.000) 2023-04-05 17:21:39 Image size of job updated: 6262848
	1879  -  MemoryUsage of job (MB)
	1923308  -  ResidentSetSize of job (KB)
...
006 (113587140.000.000) 2023-04-05 17:26:40 Image size of job updated: 6262848
	1914  -  MemoryUsage of job (MB)
	1959380  -  ResidentSetSize of job (KB)
...
006 (113587140.000.000) 2023-04-05 18:01:44 Image size of job updated: 6382824
	1914  -  MemoryUsage of job (MB)
	1959380  -  ResidentSetSize of job (KB)
...
006 (113587140.000.000) 2023-04-05 18:31:48 Image size of job updated: 6387208
	1914  -  MemoryUsage of job (MB)
	1959380  -  ResidentSetSize of job (KB)
...
006 (113587140.000.000) 2023-04-05 18:51:50 Image size of job updated: 6387208
	1945  -  MemoryUsage of job (MB)
	1991052  -  ResidentSetSize of job (KB)
...
006 (113587140.000.000) 2023-04-05 19:21:53 Image size of job updated: 6449428
	1945  -  MemoryUsage of job (MB)
	1991052  -  ResidentSetSize of job (KB)
...
006 (113587140.000.000) 2023-04-05 19:46:56 Image size of job updated: 6449428
	1946  -  MemoryUsage of job (MB)
	1992492  -  ResidentSetSize of job (KB)
...
004 (113587140.000.000) 2023-04-05 19:47:59 Job was evicted.
	(0) CPU times
		Usr 0 14:22:42, Sys 0 00:01:11  -  Run Remote Usage
		Usr 0 00:00:00, Sys 0 00:00:00  -  Run Local Usage
	0  -  Run Bytes Sent By Job
	366  -  Run Bytes Received By Job
	Partitionable Resources :    Usage  Request Allocated 
	   Cpus                 :     3.95        1         1 
	   Disk (KB)            :  2721      500000    609620 
	   GPUs                 :                           0 
	   Memory (MB)          :  1946       20000     20096 
...
040 (113587140.000.000) 2023-04-05 20:17:40 Started transferring input files
	Transferring to host: <10.14.4.70:9618?addrs=10.14.4.70-9618&alias=node820.cluster.ldas.cit&noUDP&sock=slot1_6_2252768_99d1_549>
...
040 (113587140.000.000) 2023-04-05 20:17:40 Finished transferring input files
...
001 (113587140.000.000) 2023-04-05 20:17:41 Job executing on host: <10.14.4.70:9618?addrs=10.14.4.70-9618&alias=node820.cluster.ldas.cit&noUDP&sock=startd_2252725_8e0a>
...
006 (113587140.000.000) 2023-04-05 21:47:57 Image size of job updated: 7500000
	2178  -  MemoryUsage of job (MB)
	2229720  -  ResidentSetSize of job (KB)
...
006 (113587140.000.000) 2023-04-06 00:28:13 Image size of job updated: 7500000
	2188  -  MemoryUsage of job (MB)
	2239752  -  ResidentSetSize of job (KB)
...
006 (113587140.000.000) 2023-04-06 00:58:15 Image size of job updated: 7500000
	2197  -  MemoryUsage of job (MB)
	2249680  -  ResidentSetSize of job (KB)
...
004 (113587140.000.000) 2023-04-06 16:04:44 Job was evicted.
	(0) CPU times
		Usr 2 13:43:39, Sys 0 00:04:42  -  Run Remote Usage
		Usr 0 00:00:00, Sys 0 00:00:00  -  Run Local Usage
	0  -  Run Bytes Sent By Job
	366  -  Run Bytes Received By Job
	Partitionable Resources :    Usage  Request Allocated 
	   Cpus                 :     1.00        1         1 
	   Disk (KB)            :  2872      500000    624256 
	   GPUs                 :                           0 
	   Memory (MB)          :  2197       20000     20096 
...
009 (113587140.000.000) 2023-04-06 16:04:44 Job was aborted.
	removed because <OtherJobRemoveRequirements = DAGManJobId =?= 113587092> fired when job (113587092.0) was removed
...
000 (113604253.000.000) 2023-04-06 16:27:56 Job submitted from host: <10.14.0.160:9618?addrs=10.14.0.160-9618&alias=ldas-pcdev2.ligo.caltech.edu&noUDP&sock=schedd_7450_a8a7>
    DAG Node: 782
...
040 (113604253.000.000) 2023-04-06 16:31:05 Started transferring input files
	Transferring to host: <10.14.10.28:9618?addrs=10.14.10.28-9618&alias=node2278.cluster.ldas.cit&noUDP&sock=slot1_10_920214_c265_1423>
...
040 (113604253.000.000) 2023-04-06 16:31:05 Finished transferring input files
...
001 (113604253.000.000) 2023-04-06 16:31:06 Job executing on host: <10.14.10.28:9618?addrs=10.14.10.28-9618&alias=node2278.cluster.ldas.cit&noUDP&sock=startd_920173_b842>
...
006 (113604253.000.000) 2023-04-06 16:31:14 Image size of job updated: 598380
	190  -  MemoryUsage of job (MB)
	194544  -  ResidentSetSize of job (KB)
...
006 (113604253.000.000) 2023-04-06 16:36:14 Image size of job updated: 5279588
	190  -  MemoryUsage of job (MB)
	194544  -  ResidentSetSize of job (KB)
...
006 (113604253.000.000) 2023-04-06 16:41:14 Image size of job updated: 5279588
	367  -  MemoryUsage of job (MB)
	375680  -  ResidentSetSize of job (KB)
...
006 (113604253.000.000) 2023-04-06 16:46:15 Image size of job updated: 5279588
	386  -  MemoryUsage of job (MB)
	394984  -  ResidentSetSize of job (KB)
...
006 (113604253.000.000) 2023-04-06 16:51:16 Image size of job updated: 5279588
	486  -  MemoryUsage of job (MB)
	496684  -  ResidentSetSize of job (KB)
...
006 (113604253.000.000) 2023-04-06 16:56:16 Image size of job updated: 5279588
	496  -  MemoryUsage of job (MB)
	507740  -  ResidentSetSize of job (KB)
...
006 (113604253.000.000) 2023-04-06 17:01:16 Image size of job updated: 5279588
	538  -  MemoryUsage of job (MB)
	550384  -  ResidentSetSize of job (KB)
...
006 (113604253.000.000) 2023-04-06 17:06:17 Image size of job updated: 5279588
	551  -  MemoryUsage of job (MB)
	563296  -  ResidentSetSize of job (KB)
...
006 (113604253.000.000) 2023-04-06 17:11:18 Image size of job updated: 5279588
	573  -  MemoryUsage of job (MB)
	586696  -  ResidentSetSize of job (KB)
...
006 (113604253.000.000) 2023-04-06 17:16:18 Image size of job updated: 5279588
	579  -  MemoryUsage of job (MB)
	592056  -  ResidentSetSize of job (KB)
...
006 (113604253.000.000) 2023-04-06 17:21:19 Image size of job updated: 5279588
	580  -  MemoryUsage of job (MB)
	593440  -  ResidentSetSize of job (KB)
...
006 (113604253.000.000) 2023-04-06 17:26:20 Image size of job updated: 5279588
	602  -  MemoryUsage of job (MB)
	615712  -  ResidentSetSize of job (KB)
...
006 (113604253.000.000) 2023-04-06 17:31:20 Image size of job updated: 5279588
	613  -  MemoryUsage of job (MB)
	627016  -  ResidentSetSize of job (KB)
...
006 (113604253.000.000) 2023-04-06 17:36:20 Image size of job updated: 5279588
	637  -  MemoryUsage of job (MB)
	652260  -  ResidentSetSize of job (KB)
...
006 (113604253.000.000) 2023-04-06 17:46:22 Image size of job updated: 5279588
	719  -  MemoryUsage of job (MB)
	736248  -  ResidentSetSize of job (KB)
...
006 (113604253.000.000) 2023-04-06 18:01:24 Image size of job updated: 5279588
	720  -  MemoryUsage of job (MB)
	736884  -  ResidentSetSize of job (KB)
...
006 (113604253.000.000) 2023-04-06 18:06:24 Image size of job updated: 5279588
	792  -  MemoryUsage of job (MB)
	810060  -  ResidentSetSize of job (KB)
...
006 (113604253.000.000) 2023-04-06 18:11:24 Image size of job updated: 5279588
	956  -  MemoryUsage of job (MB)
	978636  -  ResidentSetSize of job (KB)
...
006 (113604253.000.000) 2023-04-06 18:16:25 Image size of job updated: 5279588
	1074  -  MemoryUsage of job (MB)
	1098984  -  ResidentSetSize of job (KB)
...
006 (113604253.000.000) 2023-04-06 18:21:25 Image size of job updated: 5279588
	1092  -  MemoryUsage of job (MB)
	1117988  -  ResidentSetSize of job (KB)
...
006 (113604253.000.000) 2023-04-06 18:26:25 Image size of job updated: 5279588
	1110  -  MemoryUsage of job (MB)
	1136200  -  ResidentSetSize of job (KB)
...
006 (113604253.000.000) 2023-04-06 18:31:26 Image size of job updated: 5301884
	1178  -  MemoryUsage of job (MB)
	1205868  -  ResidentSetSize of job (KB)
...
006 (113604253.000.000) 2023-04-06 18:36:27 Image size of job updated: 5302004
	1178  -  MemoryUsage of job (MB)
	1206188  -  ResidentSetSize of job (KB)
...
006 (113604253.000.000) 2023-04-06 18:46:27 Image size of job updated: 5302004
	1185  -  MemoryUsage of job (MB)
	1212468  -  ResidentSetSize of job (KB)
...
006 (113604253.000.000) 2023-04-06 18:51:28 Image size of job updated: 5343880
	1195  -  MemoryUsage of job (MB)
	1222868  -  ResidentSetSize of job (KB)
...
006 (113604253.000.000) 2023-04-06 18:56:28 Image size of job updated: 5343880
	1233  -  MemoryUsage of job (MB)
	1262568  -  ResidentSetSize of job (KB)
...
006 (113604253.000.000) 2023-04-06 19:01:28 Image size of job updated: 5343880
	1236  -  MemoryUsage of job (MB)
	1264776  -  ResidentSetSize of job (KB)
...
006 (113604253.000.000) 2023-04-06 19:06:29 Image size of job updated: 5343880
	1238  -  MemoryUsage of job (MB)
	1266968  -  ResidentSetSize of job (KB)
...
006 (113604253.000.000) 2023-04-06 19:11:30 Image size of job updated: 5343880
	1255  -  MemoryUsage of job (MB)
	1285088  -  ResidentSetSize of job (KB)
...
006 (113604253.000.000) 2023-04-06 19:26:32 Image size of job updated: 5345076
	1255  -  MemoryUsage of job (MB)
	1285088  -  ResidentSetSize of job (KB)
...
006 (113604253.000.000) 2023-04-06 19:36:32 Image size of job updated: 5345076
	1259  -  MemoryUsage of job (MB)
	1288688  -  ResidentSetSize of job (KB)
...
006 (113604253.000.000) 2023-04-06 19:46:34 Image size of job updated: 5394280
	1306  -  MemoryUsage of job (MB)
	1336740  -  ResidentSetSize of job (KB)
...
006 (113604253.000.000) 2023-04-06 19:51:34 Image size of job updated: 5396860
	1308  -  MemoryUsage of job (MB)
	1339320  -  ResidentSetSize of job (KB)
...
006 (113604253.000.000) 2023-04-06 19:56:34 Image size of job updated: 5398080
	1311  -  MemoryUsage of job (MB)
	1342384  -  ResidentSetSize of job (KB)
...
006 (113604253.000.000) 2023-04-06 20:01:35 Image size of job updated: 5400096
	1313  -  MemoryUsage of job (MB)
	1344488  -  ResidentSetSize of job (KB)
...
006 (113604253.000.000) 2023-04-06 20:06:35 Image size of job updated: 5411924
	1320  -  MemoryUsage of job (MB)
	1350956  -  ResidentSetSize of job (KB)
...
006 (113604253.000.000) 2023-04-06 20:11:35 Image size of job updated: 5416696
	1325  -  MemoryUsage of job (MB)
	1356128  -  ResidentSetSize of job (KB)
...
006 (113604253.000.000) 2023-04-06 20:16:36 Image size of job updated: 5416880
	1327  -  MemoryUsage of job (MB)
	1358436  -  ResidentSetSize of job (KB)
...
006 (113604253.000.000) 2023-04-06 20:21:37 Image size of job updated: 5433148
	1341  -  MemoryUsage of job (MB)
	1372676  -  ResidentSetSize of job (KB)
...
006 (113604253.000.000) 2023-04-06 20:26:37 Image size of job updated: 5433148
	1341  -  MemoryUsage of job (MB)
	1372768  -  ResidentSetSize of job (KB)
...
006 (113604253.000.000) 2023-04-06 20:31:38 Image size of job updated: 5433752
	1346  -  MemoryUsage of job (MB)
	1378204  -  ResidentSetSize of job (KB)
...
006 (113604253.000.000) 2023-04-06 20:36:39 Image size of job updated: 5445360
	1354  -  MemoryUsage of job (MB)
	1386408  -  ResidentSetSize of job (KB)
...
006 (113604253.000.000) 2023-04-06 20:46:39 Image size of job updated: 5452288
	1358  -  MemoryUsage of job (MB)
	1389732  -  ResidentSetSize of job (KB)
...
006 (113604253.000.000) 2023-04-06 20:51:40 Image size of job updated: 5452288
	1358  -  MemoryUsage of job (MB)
	1389812  -  ResidentSetSize of job (KB)
...
006 (113604253.000.000) 2023-04-06 20:56:40 Image size of job updated: 5458404
	1368  -  MemoryUsage of job (MB)
	1400372  -  ResidentSetSize of job (KB)
...
006 (113604253.000.000) 2023-04-06 21:01:40 Image size of job updated: 5458404
	1370  -  MemoryUsage of job (MB)
	1401952  -  ResidentSetSize of job (KB)
...
006 (113604253.000.000) 2023-04-06 21:06:41 Image size of job updated: 5458404
	1370  -  MemoryUsage of job (MB)
	1402576  -  ResidentSetSize of job (KB)
...
006 (113604253.000.000) 2023-04-06 21:11:42 Image size of job updated: 5466500
	1372  -  MemoryUsage of job (MB)
	1404564  -  ResidentSetSize of job (KB)
...
006 (113604253.000.000) 2023-04-06 21:16:42 Image size of job updated: 5471932
	1372  -  MemoryUsage of job (MB)
	1404564  -  ResidentSetSize of job (KB)
...
006 (113604253.000.000) 2023-04-06 21:21:42 Image size of job updated: 5480104
	1387  -  MemoryUsage of job (MB)
	1419820  -  ResidentSetSize of job (KB)
...
006 (113604253.000.000) 2023-04-06 21:26:43 Image size of job updated: 5480104
	1389  -  MemoryUsage of job (MB)
	1421908  -  ResidentSetSize of job (KB)
...
006 (113604253.000.000) 2023-04-06 21:36:43 Image size of job updated: 5483364
	1389  -  MemoryUsage of job (MB)
	1421908  -  ResidentSetSize of job (KB)
...
006 (113604253.000.000) 2023-04-06 21:46:45 Image size of job updated: 5484352
	1396  -  MemoryUsage of job (MB)
	1428488  -  ResidentSetSize of job (KB)
...
006 (113604253.000.000) 2023-04-06 21:51:45 Image size of job updated: 5509456
	1413  -  MemoryUsage of job (MB)
	1446384  -  ResidentSetSize of job (KB)
...
006 (113604253.000.000) 2023-04-06 21:56:45 Image size of job updated: 5514748
	1420  -  MemoryUsage of job (MB)
	1453944  -  ResidentSetSize of job (KB)
...
006 (113604253.000.000) 2023-04-06 22:06:47 Image size of job updated: 5514748
	1424  -  MemoryUsage of job (MB)
	1457340  -  ResidentSetSize of job (KB)
...
006 (113604253.000.000) 2023-04-06 22:11:47 Image size of job updated: 5516000
	1424  -  MemoryUsage of job (MB)
	1457340  -  ResidentSetSize of job (KB)
...
006 (113604253.000.000) 2023-04-06 22:26:49 Image size of job updated: 5540444
	1424  -  MemoryUsage of job (MB)
	1457340  -  ResidentSetSize of job (KB)
...
006 (113604253.000.000) 2023-04-06 22:41:51 Image size of job updated: 5636392
	1470  -  MemoryUsage of job (MB)
	1504704  -  ResidentSetSize of job (KB)
...
006 (113604253.000.000) 2023-04-06 22:46:51 Image size of job updated: 5636392
	1473  -  MemoryUsage of job (MB)
	1507484  -  ResidentSetSize of job (KB)
...
006 (113604253.000.000) 2023-04-06 22:56:53 Image size of job updated: 5636392
	1491  -  MemoryUsage of job (MB)
	1526376  -  ResidentSetSize of job (KB)
...
006 (113604253.000.000) 2023-04-06 23:06:53 Image size of job updated: 5636392
	1493  -  MemoryUsage of job (MB)
	1528424  -  ResidentSetSize of job (KB)
...
006 (113604253.000.000) 2023-04-06 23:26:55 Image size of job updated: 5703224
	1522  -  MemoryUsage of job (MB)
	1558000  -  ResidentSetSize of job (KB)
...
006 (113604253.000.000) 2023-04-06 23:36:56 Image size of job updated: 5703224
	1523  -  MemoryUsage of job (MB)
	1559036  -  ResidentSetSize of job (KB)
...
006 (113604253.000.000) 2023-04-06 23:41:57 Image size of job updated: 5739348
	1545  -  MemoryUsage of job (MB)
	1581996  -  ResidentSetSize of job (KB)
...
006 (113604253.000.000) 2023-04-06 23:46:58 Image size of job updated: 5739348
	1548  -  MemoryUsage of job (MB)
	1585036  -  ResidentSetSize of job (KB)
...
006 (113604253.000.000) 2023-04-06 23:56:58 Image size of job updated: 5745676
	1556  -  MemoryUsage of job (MB)
	1592512  -  ResidentSetSize of job (KB)
...
006 (113604253.000.000) 2023-04-07 00:06:59 Image size of job updated: 5745676
	1558  -  MemoryUsage of job (MB)
	1594560  -  ResidentSetSize of job (KB)
...
006 (113604253.000.000) 2023-04-07 00:11:59 Image size of job updated: 5768304
	1574  -  MemoryUsage of job (MB)
	1611464  -  ResidentSetSize of job (KB)
...
006 (113604253.000.000) 2023-04-07 00:22:01 Image size of job updated: 5768304
	1583  -  MemoryUsage of job (MB)
	1620796  -  ResidentSetSize of job (KB)
...
006 (113604253.000.000) 2023-04-07 00:32:02 Image size of job updated: 5780156
	1590  -  MemoryUsage of job (MB)
	1628156  -  ResidentSetSize of job (KB)
...
006 (113604253.000.000) 2023-04-07 00:37:03 Image size of job updated: 5780156
	1594  -  MemoryUsage of job (MB)
	1631704  -  ResidentSetSize of job (KB)
...
006 (113604253.000.000) 2023-04-07 01:12:06 Image size of job updated: 5788020
	1594  -  MemoryUsage of job (MB)
	1631704  -  ResidentSetSize of job (KB)
...
006 (113604253.000.000) 2023-04-07 01:22:06 Image size of job updated: 5798848
	1598  -  MemoryUsage of job (MB)
	1635732  -  ResidentSetSize of job (KB)
...
006 (113604253.000.000) 2023-04-07 01:27:07 Image size of job updated: 5798848
	1598  -  MemoryUsage of job (MB)
	1635912  -  ResidentSetSize of job (KB)
...
006 (113604253.000.000) 2023-04-07 02:02:11 Image size of job updated: 5810648
	1606  -  MemoryUsage of job (MB)
	1644160  -  ResidentSetSize of job (KB)
...
006 (113604253.000.000) 2023-04-07 02:22:13 Image size of job updated: 5810648
	1614  -  MemoryUsage of job (MB)
	1652304  -  ResidentSetSize of job (KB)
...
006 (113604253.000.000) 2023-04-07 02:27:13 Image size of job updated: 5810648
	1618  -  MemoryUsage of job (MB)
	1656356  -  ResidentSetSize of job (KB)
...
006 (113604253.000.000) 2023-04-07 02:47:15 Image size of job updated: 5812860
	1618  -  MemoryUsage of job (MB)
	1656356  -  ResidentSetSize of job (KB)
...
006 (113604253.000.000) 2023-04-07 02:52:15 Image size of job updated: 5812860
	1642  -  MemoryUsage of job (MB)
	1680856  -  ResidentSetSize of job (KB)
...
006 (113604253.000.000) 2023-04-07 03:52:22 Image size of job updated: 5812860
	1653  -  MemoryUsage of job (MB)
	1692168  -  ResidentSetSize of job (KB)
...
006 (113604253.000.000) 2023-04-07 03:57:22 Image size of job updated: 5812860
	1654  -  MemoryUsage of job (MB)
	1693612  -  ResidentSetSize of job (KB)
...
006 (113604253.000.000) 2023-04-07 04:02:22 Image size of job updated: 5962272
	1744  -  MemoryUsage of job (MB)
	1785108  -  ResidentSetSize of job (KB)
...
006 (113604253.000.000) 2023-04-07 12:08:13 Image size of job updated: 5962272
	1748  -  MemoryUsage of job (MB)
	1789604  -  ResidentSetSize of job (KB)
...
006 (113604253.000.000) 2023-04-07 12:33:16 Image size of job updated: 6015004
	1748  -  MemoryUsage of job (MB)
	1789604  -  ResidentSetSize of job (KB)
...
006 (113604253.000.000) 2023-04-07 13:13:20 Image size of job updated: 6015004
	1750  -  MemoryUsage of job (MB)
	1791560  -  ResidentSetSize of job (KB)
...
006 (113604253.000.000) 2023-04-07 13:18:21 Image size of job updated: 6015004
	1755  -  MemoryUsage of job (MB)
	1796200  -  ResidentSetSize of job (KB)
...
006 (113604253.000.000) 2023-04-07 13:48:24 Image size of job updated: 6015004
	1761  -  MemoryUsage of job (MB)
	1802324  -  ResidentSetSize of job (KB)
...
006 (113604253.000.000) 2023-04-07 13:58:26 Image size of job updated: 6015004
	1769  -  MemoryUsage of job (MB)
	1810744  -  ResidentSetSize of job (KB)
...
006 (113604253.000.000) 2023-04-07 14:03:26 Image size of job updated: 6015004
	1772  -  MemoryUsage of job (MB)
	1813948  -  ResidentSetSize of job (KB)
...
006 (113604253.000.000) 2023-04-07 14:08:26 Image size of job updated: 6015004
	1775  -  MemoryUsage of job (MB)
	1816716  -  ResidentSetSize of job (KB)
...
006 (113604253.000.000) 2023-04-07 14:53:30 Image size of job updated: 6036944
	1775  -  MemoryUsage of job (MB)
	1816716  -  ResidentSetSize of job (KB)
...
006 (113604253.000.000) 2023-04-07 15:03:31 Image size of job updated: 6039068
	1775  -  MemoryUsage of job (MB)
	1816716  -  ResidentSetSize of job (KB)
...
006 (113604253.000.000) 2023-04-07 15:08:32 Image size of job updated: 6039068
	1777  -  MemoryUsage of job (MB)
	1819512  -  ResidentSetSize of job (KB)
...
006 (113604253.000.000) 2023-04-07 15:28:34 Image size of job updated: 6039068
	1787  -  MemoryUsage of job (MB)
	1829180  -  ResidentSetSize of job (KB)
...
006 (113604253.000.000) 2023-04-07 15:53:36 Image size of job updated: 6183472
	1787  -  MemoryUsage of job (MB)
	1829180  -  ResidentSetSize of job (KB)
...
006 (113604253.000.000) 2023-04-07 16:33:41 Image size of job updated: 6183472
	1804  -  MemoryUsage of job (MB)
	1846336  -  ResidentSetSize of job (KB)
...
006 (113604253.000.000) 2023-04-07 18:58:55 Image size of job updated: 6183472
	1844  -  MemoryUsage of job (MB)
	1887956  -  ResidentSetSize of job (KB)
...
006 (113604253.000.000) 2023-04-07 19:49:00 Image size of job updated: 6183472
	1856  -  MemoryUsage of job (MB)
	1900352  -  ResidentSetSize of job (KB)
...
006 (113604253.000.000) 2023-04-07 20:29:04 Image size of job updated: 6185920
	1856  -  MemoryUsage of job (MB)
	1900352  -  ResidentSetSize of job (KB)
...
004 (113604253.000.000) 2023-04-07 21:24:14 Job was evicted.
	(0) CPU times
		Usr 5 01:08:48, Sys 0 00:06:28  -  Run Remote Usage
		Usr 0 00:00:00, Sys 0 00:00:00  -  Run Local Usage
	0  -  Run Bytes Sent By Job
	366  -  Run Bytes Received By Job
	Partitionable Resources :    Usage  Request Allocated 
	   Cpus                 :     0.97        1         1 
	   Disk (KB)            :  4387      500000    624256 
	   GPUs                 :                           0 
	   Memory (MB)          :  1856       20000     20096 
...
040 (113604253.000.000) 2023-04-07 22:27:41 Started transferring input files
	Transferring to host: <10.14.10.103:9618?addrs=10.14.10.103-9618&alias=node2353.cluster.ldas.cit&noUDP&sock=slot1_9_43954_51b4_4754>
...
040 (113604253.000.000) 2023-04-07 22:27:41 Finished transferring input files
...
001 (113604253.000.000) 2023-04-07 22:27:42 Job executing on host: <10.14.10.103:9618?addrs=10.14.10.103-9618&alias=node2353.cluster.ldas.cit&noUDP&sock=startd_43913_3e73>
...
006 (113604253.000.000) 2023-04-08 07:53:52 Image size of job updated: 7500000
	2017  -  MemoryUsage of job (MB)
	2064528  -  ResidentSetSize of job (KB)
...
006 (113604253.000.000) 2023-04-08 11:29:15 Image size of job updated: 7500000
	2080  -  MemoryUsage of job (MB)
	2128956  -  ResidentSetSize of job (KB)
...
006 (113604253.000.000) 2023-04-08 19:05:02 Image size of job updated: 7500000
	2300  -  MemoryUsage of job (MB)
	2354240  -  ResidentSetSize of job (KB)
...
004 (113604253.000.000) 2023-04-08 22:50:40 Job was evicted.
	(0) CPU times
		Usr 3 22:32:21, Sys 0 00:03:29  -  Run Remote Usage
		Usr 0 00:00:00, Sys 0 00:00:00  -  Run Local Usage
	0  -  Run Bytes Sent By Job
	366  -  Run Bytes Received By Job
	Partitionable Resources :    Usage  Request Allocated 
	   Cpus                 :     0.99        1         1 
	   Disk (KB)            :  3398      500000    624256 
	   GPUs                 :                           0 
	   Memory (MB)          :  2300       20000     20096 
...
040 (113604253.000.000) 2023-04-08 22:51:25 Started transferring input files
	Transferring to host: <10.14.3.243:9618?addrs=10.14.3.243-9618&alias=node743.cluster.ldas.cit&noUDP&sock=slot1_13_1572099_b6d2_11649>
...
040 (113604253.000.000) 2023-04-08 22:51:25 Finished transferring input files
...
001 (113604253.000.000) 2023-04-08 22:51:26 Job executing on host: <10.14.3.243:9618?addrs=10.14.3.243-9618&alias=node743.cluster.ldas.cit&noUDP&sock=startd_1572060_faea>
...
004 (113604253.000.000) 2023-04-09 22:52:13 Job was evicted.
	(0) CPU times
		Usr 1 16:44:58, Sys 0 00:12:25  -  Run Remote Usage
		Usr 0 00:00:00, Sys 0 00:00:00  -  Run Local Usage
	0  -  Run Bytes Sent By Job
	366  -  Run Bytes Received By Job
	Partitionable Resources :    Usage  Request Allocated 
	   Cpus                 :     0.99        1         1 
	   Disk (KB)            :  2849      500000    609620 
	   GPUs                 :                           0 
	   Memory (MB)          :  2442       20000     20096 
...
040 (113604253.000.000) 2023-04-09 22:56:29 Started transferring input files
	Transferring to host: <10.14.3.40:9618?addrs=10.14.3.40-9618&alias=node540.cluster.ldas.cit&noUDP&sock=slot1_13_249325_c474_32749>
...
040 (113604253.000.000) 2023-04-09 22:56:29 Finished transferring input files
...
001 (113604253.000.000) 2023-04-09 22:56:30 Job executing on host: <10.14.3.40:9618?addrs=10.14.3.40-9618&alias=node540.cluster.ldas.cit&noUDP&sock=startd_3573_5bfa>
...
004 (113604253.000.000) 2023-04-10 11:08:23 Job was evicted.
	(0) CPU times
		Usr 1 12:21:48, Sys 0 00:08:25  -  Run Remote Usage
		Usr 0 00:00:00, Sys 0 00:00:00  -  Run Local Usage
	0  -  Run Bytes Sent By Job
	366  -  Run Bytes Received By Job
	Partitionable Resources :    Usage  Request Allocated 
	   Cpus                 :     0.99        1         1 
	   Disk (KB)            :  2819      500000    609620 
	   GPUs                 :                           0 
	   Memory (MB)          :  2442       20000     20096 
...
040 (113604253.000.000) 2023-04-10 11:25:32 Started transferring input files
	Transferring to host: <10.14.4.95:9618?addrs=10.14.4.95-9618&alias=node845.cluster.ldas.cit&noUDP&sock=slot1_3_1700527_dbb8_10615>
...
040 (113604253.000.000) 2023-04-10 11:25:32 Finished transferring input files
...
001 (113604253.000.000) 2023-04-10 11:25:33 Job executing on host: <10.14.4.95:9618?addrs=10.14.4.95-9618&alias=node845.cluster.ldas.cit&noUDP&sock=startd_1700485_d923>
...
006 (113604253.000.000) 2023-04-11 02:07:13 Image size of job updated: 7500000
	2538  -  MemoryUsage of job (MB)
	2598696  -  ResidentSetSize of job (KB)
...
006 (113604253.000.000) 2023-04-11 10:08:05 Image size of job updated: 7500000
	2659  -  MemoryUsage of job (MB)
	2722588  -  ResidentSetSize of job (KB)
...
004 (113604253.000.000) 2023-04-11 11:28:41 Job was evicted.
	(0) CPU times
		Usr 3 17:48:20, Sys 0 00:06:49  -  Run Remote Usage
		Usr 0 00:00:00, Sys 0 00:00:00  -  Run Local Usage
	0  -  Run Bytes Sent By Job
	366  -  Run Bytes Received By Job
	Partitionable Resources :    Usage  Request Allocated 
	   Cpus                 :     0.99        1         1 
	   Disk (KB)            :  3140      500000    624256 
	   GPUs                 :                           0 
	   Memory (MB)          :  2659       20000     20096 
...
040 (113604253.000.000) 2023-04-11 11:31:43 Started transferring input files
	Transferring to host: <10.14.10.132:9618?addrs=10.14.10.132-9618&alias=node2382.cluster.ldas.cit&noUDP&sock=slot1_17_327371_3c1a_37241>
...
040 (113604253.000.000) 2023-04-11 11:31:43 Finished transferring input files
...
001 (113604253.000.000) 2023-04-11 11:31:44 Job executing on host: <10.14.10.132:9618?addrs=10.14.10.132-9618&alias=node2382.cluster.ldas.cit&noUDP&sock=startd_4140_462d>
...
004 (113604253.000.000) 2023-04-12 11:35:53 Job was evicted.
	(0) CPU times
		Usr 3 12:48:08, Sys 0 00:05:24  -  Run Remote Usage
		Usr 0 00:00:00, Sys 0 00:00:00  -  Run Local Usage
	0  -  Run Bytes Sent By Job
	366  -  Run Bytes Received By Job
	Partitionable Resources :    Usage  Request Allocated 
	   Cpus                 :     2.96        1         1 
	   Disk (KB)            :  3038      500000    624256 
	   GPUs                 :                           0 
	   Memory (MB)          :  2686       20000     20096 
...
040 (113604253.000.000) 2023-04-12 11:36:57 Started transferring input files
	Transferring to host: <10.14.9.66:9618?addrs=10.14.9.66-9618&alias=node2066.cluster.ldas.cit&noUDP&sock=slot1_6_3419515_6947_19626>
...
040 (113604253.000.000) 2023-04-12 11:36:57 Finished transferring input files
...
001 (113604253.000.000) 2023-04-12 11:36:58 Job executing on host: <10.14.9.66:9618?addrs=10.14.9.66-9618&alias=node2066.cluster.ldas.cit&noUDP&sock=startd_3419373_0b94>
...
004 (113604253.000.000) 2023-04-13 11:43:05 Job was evicted.
	(0) CPU times
		Usr 3 19:20:52, Sys 0 00:13:02  -  Run Remote Usage
		Usr 0 00:00:00, Sys 0 00:00:00  -  Run Local Usage
	0  -  Run Bytes Sent By Job
	366  -  Run Bytes Received By Job
	Partitionable Resources :    Usage  Request Allocated 
	   Cpus                 :     1.00        1         1 
	   Disk (KB)            :  2904      500000    609620 
	   GPUs                 :                           0 
	   Memory (MB)          :  2686       20000     20096 
...
040 (113604253.000.000) 2023-04-13 15:09:35 Started transferring input files
	Transferring to host: <10.14.4.83:9618?addrs=10.14.4.83-9618&alias=node833.cluster.ldas.cit&noUDP&sock=slot1_19_1628855_7356_26283>
...
040 (113604253.000.000) 2023-04-13 15:09:35 Finished transferring input files
...
001 (113604253.000.000) 2023-04-13 15:09:36 Job executing on host: <10.14.4.83:9618?addrs=10.14.4.83-9618&alias=node833.cluster.ldas.cit&noUDP&sock=startd_3459_2a2e>
...
004 (113604253.000.000) 2023-04-14 15:11:10 Job was evicted.
	(0) CPU times
		Usr 2 14:05:31, Sys 0 00:05:36  -  Run Remote Usage
		Usr 0 00:00:00, Sys 0 00:00:00  -  Run Local Usage
	0  -  Run Bytes Sent By Job
	366  -  Run Bytes Received By Job
	Partitionable Resources :    Usage  Request Allocated 
	   Cpus                 :     1.97        1         1 
	   Disk (KB)            :  2837      500000    624256 
	   GPUs                 :                           0 
	   Memory (MB)          :  2686       20000     20096 
...
040 (113604253.000.000) 2023-04-14 15:30:39 Started transferring input files
	Transferring to host: <10.14.4.13:9618?addrs=10.14.4.13-9618&alias=node763.cluster.ldas.cit&noUDP&sock=slot1_17_3675407_796c_17485>
...
040 (113604253.000.000) 2023-04-14 15:30:39 Finished transferring input files
...
001 (113604253.000.000) 2023-04-14 15:30:40 Job executing on host: <10.14.4.13:9618?addrs=10.14.4.13-9618&alias=node763.cluster.ldas.cit&noUDP&sock=startd_3675368_528d>
...
004 (113604253.000.000) 2023-04-15 15:55:41 Job was evicted.
	(0) CPU times
		Usr 3 10:14:49, Sys 0 00:12:37  -  Run Remote Usage
		Usr 0 00:00:00, Sys 0 00:00:00  -  Run Local Usage
	0  -  Run Bytes Sent By Job
	366  -  Run Bytes Received By Job
	Partitionable Resources :    Usage  Request Allocated 
	   Cpus                 :     5.64        1         1 
	   Disk (KB)            :  2804      500000    609620 
	   GPUs                 :                           0 
	   Memory (MB)          :  2686       20000     20096 
...
040 (113604253.000.000) 2023-04-15 16:06:30 Started transferring input files
	Transferring to host: <10.14.4.64:9618?addrs=10.14.4.64-9618&alias=node814.cluster.ldas.cit&noUDP&sock=slot1_7_2209758_2a3c_6592>
...
040 (113604253.000.000) 2023-04-15 16:06:30 Finished transferring input files
...
001 (113604253.000.000) 2023-04-15 16:06:31 Job executing on host: <10.14.4.64:9618?addrs=10.14.4.64-9618&alias=node814.cluster.ldas.cit&noUDP&sock=startd_2209716_f54b>
...
006 (113604253.000.000) 2023-04-16 09:53:25 Image size of job updated: 7500000
	2767  -  MemoryUsage of job (MB)
	2833152  -  ResidentSetSize of job (KB)
...
006 (113604253.000.000) 2023-04-16 13:18:45 Image size of job updated: 7500000
	2815  -  MemoryUsage of job (MB)
	2882552  -  ResidentSetSize of job (KB)
...
004 (113604253.000.000) 2023-04-16 16:07:01 Job was evicted.
	(0) CPU times
		Usr 5 15:38:03, Sys 0 00:15:34  -  Run Remote Usage
		Usr 0 00:00:00, Sys 0 00:00:00  -  Run Local Usage
	0  -  Run Bytes Sent By Job
	366  -  Run Bytes Received By Job
	Partitionable Resources :    Usage  Request Allocated 
	   Cpus                 :     7.95        1         1 
	   Disk (KB)            :  2957      500000    624256 
	   GPUs                 :                           0 
	   Memory (MB)          :  2815       20000     20096 
...
040 (113604253.000.000) 2023-04-16 16:17:13 Started transferring input files
	Transferring to host: <10.14.10.37:9618?addrs=10.14.10.37-9618&alias=node2287.cluster.ldas.cit&noUDP&sock=slot1_2_2191798_b862_18034>
...
040 (113604253.000.000) 2023-04-16 16:17:13 Finished transferring input files
...
001 (113604253.000.000) 2023-04-16 16:17:14 Job executing on host: <10.14.10.37:9618?addrs=10.14.10.37-9618&alias=node2287.cluster.ldas.cit&noUDP&sock=startd_2191756_e45c>
...
006 (113604253.000.000) 2023-04-17 15:39:48 Image size of job updated: 7500000
	2939  -  MemoryUsage of job (MB)
	3009072  -  ResidentSetSize of job (KB)
...
004 (113604253.000.000) 2023-04-17 16:19:05 Job was evicted.
	(0) CPU times
		Usr 5 13:17:43, Sys 0 00:10:01  -  Run Remote Usage
		Usr 0 00:00:00, Sys 0 00:00:00  -  Run Local Usage
	0  -  Run Bytes Sent By Job
	366  -  Run Bytes Received By Job
	Partitionable Resources :    Usage  Request Allocated 
	   Cpus                 :     7.79        1         1 
	   Disk (KB)            :  2974      500000    624256 
	   GPUs                 :                           0 
	   Memory (MB)          :  2939       20000     20000 
...
040 (113604253.000.000) 2023-04-17 16:29:45 Started transferring input files
	Transferring to host: <10.14.9.160:9618?addrs=10.14.9.160-9618&alias=node2160.cluster.ldas.cit&noUDP&sock=slot1_21_3579614_a3d5_13813>
...
040 (113604253.000.000) 2023-04-17 16:29:45 Finished transferring input files
...
001 (113604253.000.000) 2023-04-17 16:29:46 Job executing on host: <10.14.9.160:9618?addrs=10.14.9.160-9618&alias=node2160.cluster.ldas.cit&noUDP&sock=startd_3579573_eb9d>
...
004 (113604253.000.000) 2023-04-18 09:19:50 Job was evicted.
	(0) CPU times
		Usr 3 17:25:26, Sys 0 00:04:55  -  Run Remote Usage
		Usr 0 00:00:00, Sys 0 00:00:00  -  Run Local Usage
	0  -  Run Bytes Sent By Job
	366  -  Run Bytes Received By Job
	Partitionable Resources :    Usage  Request Allocated 
	   Cpus                 :     7.96        1         1 
	   Disk (KB)            :  2823      500000    609612 
	   GPUs                 :                           0 
	   Memory (MB)          :  3174       20000     20096 
...
040 (113604253.000.000) 2023-04-18 09:25:17 Started transferring input files
	Transferring to host: <10.14.9.102:9618?addrs=10.14.9.102-9618&alias=node2102.cluster.ldas.cit&noUDP&sock=slot1_4_3044316_c60d_8>
...
040 (113604253.000.000) 2023-04-18 09:25:17 Finished transferring input files
...
001 (113604253.000.000) 2023-04-18 09:25:18 Job executing on host: <10.14.9.102:9618?addrs=10.14.9.102-9618&alias=node2102.cluster.ldas.cit&noUDP&sock=startd_3810_ebec>
...
022 (113604253.000.000) 2023-04-18 09:30:28 Job disconnected, attempting to reconnect
    Local schedd and job shadow died, schedd now running again
    Trying to reconnect to slot1_4@node2102.cluster.ldas.cit <10.14.9.102:9618?addrs=10.14.9.102-9618&alias=node2102.cluster.ldas.cit&noUDP&sock=startd_3810_ebec>
...
023 (113604253.000.000) 2023-04-18 09:30:43 Job reconnected to slot1_4@node2102.cluster.ldas.cit
    startd address: <10.14.9.102:9618?addrs=10.14.9.102-9618&alias=node2102.cluster.ldas.cit&noUDP&sock=startd_3810_ebec>
    starter address: <10.14.9.102:9618?addrs=10.14.9.102-9618&alias=node2102.cluster.ldas.cit&noUDP&sock=slot1_4_3044316_c60d_8>
...
022 (113604253.000.000) 2023-04-18 09:56:14 Job disconnected, attempting to reconnect
    Local schedd and job shadow died, schedd now running again
    Trying to reconnect to slot1_4@node2102.cluster.ldas.cit <10.14.9.102:9618?addrs=10.14.9.102-9618&alias=node2102.cluster.ldas.cit&noUDP&sock=startd_3810_ebec>
...
023 (113604253.000.000) 2023-04-18 09:56:19 Job reconnected to slot1_4@node2102.cluster.ldas.cit
    startd address: <10.14.9.102:9618?addrs=10.14.9.102-9618&alias=node2102.cluster.ldas.cit&noUDP&sock=startd_3810_ebec>
    starter address: <10.14.9.102:9618?addrs=10.14.9.102-9618&alias=node2102.cluster.ldas.cit&noUDP&sock=slot1_4_3044316_c60d_8>
...
004 (113604253.000.000) 2023-04-19 09:25:41 Job was evicted.
	(0) CPU times
		Usr 3 12:08:15, Sys 0 00:02:21  -  Run Remote Usage
		Usr 0 00:00:00, Sys 0 00:00:00  -  Run Local Usage
	0  -  Run Bytes Sent By Job
	0  -  Run Bytes Received By Job
	Partitionable Resources :    Usage  Request Allocated 
	   Cpus                 :     1.00        1         1 
	   Disk (KB)            :  2776      500000    609620 
	   Memory (MB)          :  3174       20000     20096 
...
040 (113604253.000.000) 2023-04-19 09:28:48 Started transferring input files
	Transferring to host: <10.14.10.115:9618?addrs=10.14.10.115-9618&alias=node2365.cluster.ldas.cit&noUDP&sock=slot1_16_1268237_724e_673>
...
040 (113604253.000.000) 2023-04-19 09:28:48 Finished transferring input files
...
001 (113604253.000.000) 2023-04-19 09:28:49 Job executing on host: <10.14.10.115:9618?addrs=10.14.10.115-9618&alias=node2365.cluster.ldas.cit&noUDP&sock=startd_1171481_1ad8>
...
006 (113604253.000.000) 2023-04-19 10:09:01 Image size of job updated: 24195952
	3174  -  MemoryUsage of job (MB)
	3250000  -  ResidentSetSize of job (KB)
...
040 (113604253.000.000) 2023-04-19 10:09:57 Started transferring output files
...
040 (113604253.000.000) 2023-04-19 10:09:57 Finished transferring output files
...
005 (113604253.000.000) 2023-04-19 10:09:57 Job terminated.
	(1) Normal termination (return value 0)
		Usr 0 03:38:41, Sys 0 00:00:30  -  Run Remote Usage
		Usr 0 00:00:00, Sys 0 00:00:00  -  Run Local Usage
		Usr 47 22:32:50, Sys 0 01:47:37  -  Total Remote Usage
		Usr 0 00:00:00, Sys 0 00:00:00  -  Total Local Usage
	2826290  -  Run Bytes Sent By Job
	366  -  Run Bytes Received By Job
	2826290  -  Total Bytes Sent By Job
	5124  -  Total Bytes Received By Job
	Partitionable Resources :    Usage  Request Allocated 
	   Cpus                 :     0.99        1         1 
	   Disk (KB)            :  2784      500000    624256 
	   GPUs                 :                           0 
	   Memory (MB)          :  3174       20000     20096 

	Job terminated of its own accord at 2023-04-19T17:09:57Z with exit-code 0.
...
