000 (113449430.000.000) 2023-03-29 17:01:29 Job submitted from host: <10.14.0.160:9618?addrs=10.14.0.160-9618&alias=ldas-pcdev2.ligo.caltech.edu&noUDP&sock=schedd_7450_a8a7>
    DAG Node: 370
...
040 (113449430.000.000) 2023-03-29 17:10:46 Started transferring input files
	Transferring to host: <10.14.3.32:9618?addrs=10.14.3.32-9618&alias=node532.cluster.ldas.cit&noUDP&sock=slot1_15_2761148_4d12_13598>
...
040 (113449430.000.000) 2023-03-29 17:10:46 Finished transferring input files
...
001 (113449430.000.000) 2023-03-29 17:10:47 Job executing on host: <10.14.3.32:9618?addrs=10.14.3.32-9618&alias=node532.cluster.ldas.cit&noUDP&sock=startd_4170_da04>
...
006 (113449430.000.000) 2023-03-29 17:10:56 Image size of job updated: 61152
	45  -  MemoryUsage of job (MB)
	45128  -  ResidentSetSize of job (KB)
...
006 (113449430.000.000) 2023-03-29 17:15:57 Image size of job updated: 5120076
	437  -  MemoryUsage of job (MB)
	447088  -  ResidentSetSize of job (KB)
...
006 (113449430.000.000) 2023-03-29 17:20:58 Image size of job updated: 5120076
	441  -  MemoryUsage of job (MB)
	451256  -  ResidentSetSize of job (KB)
...
004 (113449430.000.000) 2023-03-29 17:33:49 Job was evicted.
	(0) CPU times
		Usr 0 00:32:13, Sys 0 00:00:09  -  Run Remote Usage
		Usr 0 00:00:00, Sys 0 00:00:00  -  Run Local Usage
	0  -  Run Bytes Sent By Job
	366  -  Run Bytes Received By Job
	Partitionable Resources :    Usage  Request Allocated 
	   Cpus                 :     2.11        1         1 
	   Disk (KB)            :  2718      500000    609620 
	   gpus                 :                           0 
	   Memory (MB)          :   441       20000     20096 
	   mics                 :                           0 
...
040 (113449430.000.000) 2023-03-29 17:34:08 Started transferring input files
	Transferring to host: <10.14.10.117:9618?addrs=10.14.10.117-9618&alias=node2367.cluster.ldas.cit&noUDP&sock=slot1_10_1623432_74d9_376>
...
040 (113449430.000.000) 2023-03-29 17:34:08 Finished transferring input files
...
001 (113449430.000.000) 2023-03-29 17:34:09 Job executing on host: <10.14.10.117:9618?addrs=10.14.10.117-9618&alias=node2367.cluster.ldas.cit&noUDP&sock=startd_1623386_58d6>
...
006 (113449430.000.000) 2023-03-29 17:54:18 Image size of job updated: 7500000
	492  -  MemoryUsage of job (MB)
	503764  -  ResidentSetSize of job (KB)
...
006 (113449430.000.000) 2023-03-29 17:59:19 Image size of job updated: 7500000
	495  -  MemoryUsage of job (MB)
	506412  -  ResidentSetSize of job (KB)
...
006 (113449430.000.000) 2023-03-29 18:04:20 Image size of job updated: 7500000
	511  -  MemoryUsage of job (MB)
	522376  -  ResidentSetSize of job (KB)
...
006 (113449430.000.000) 2023-03-29 18:09:20 Image size of job updated: 7500000
	515  -  MemoryUsage of job (MB)
	526400  -  ResidentSetSize of job (KB)
...
006 (113449430.000.000) 2023-03-29 18:14:20 Image size of job updated: 7500000
	531  -  MemoryUsage of job (MB)
	542976  -  ResidentSetSize of job (KB)
...
006 (113449430.000.000) 2023-03-29 18:19:21 Image size of job updated: 7500000
	568  -  MemoryUsage of job (MB)
	581364  -  ResidentSetSize of job (KB)
...
006 (113449430.000.000) 2023-03-29 18:24:22 Image size of job updated: 7500000
	731  -  MemoryUsage of job (MB)
	748048  -  ResidentSetSize of job (KB)
...
006 (113449430.000.000) 2023-03-29 18:29:22 Image size of job updated: 7500000
	857  -  MemoryUsage of job (MB)
	877392  -  ResidentSetSize of job (KB)
...
006 (113449430.000.000) 2023-03-29 18:34:22 Image size of job updated: 7500000
	875  -  MemoryUsage of job (MB)
	895480  -  ResidentSetSize of job (KB)
...
006 (113449430.000.000) 2023-03-29 18:39:23 Image size of job updated: 7500000
	879  -  MemoryUsage of job (MB)
	899196  -  ResidentSetSize of job (KB)
...
006 (113449430.000.000) 2023-03-29 18:44:23 Image size of job updated: 7500000
	880  -  MemoryUsage of job (MB)
	900308  -  ResidentSetSize of job (KB)
...
006 (113449430.000.000) 2023-03-29 18:49:23 Image size of job updated: 7500000
	896  -  MemoryUsage of job (MB)
	916624  -  ResidentSetSize of job (KB)
...
006 (113449430.000.000) 2023-03-29 18:54:24 Image size of job updated: 7500000
	898  -  MemoryUsage of job (MB)
	918776  -  ResidentSetSize of job (KB)
...
006 (113449430.000.000) 2023-03-29 18:59:25 Image size of job updated: 7500000
	922  -  MemoryUsage of job (MB)
	943212  -  ResidentSetSize of job (KB)
...
006 (113449430.000.000) 2023-03-29 19:04:25 Image size of job updated: 7500000
	927  -  MemoryUsage of job (MB)
	948852  -  ResidentSetSize of job (KB)
...
006 (113449430.000.000) 2023-03-29 19:09:25 Image size of job updated: 7500000
	938  -  MemoryUsage of job (MB)
	960120  -  ResidentSetSize of job (KB)
...
006 (113449430.000.000) 2023-03-29 19:14:26 Image size of job updated: 7500000
	952  -  MemoryUsage of job (MB)
	974604  -  ResidentSetSize of job (KB)
...
006 (113449430.000.000) 2023-03-29 19:19:26 Image size of job updated: 7500000
	960  -  MemoryUsage of job (MB)
	982128  -  ResidentSetSize of job (KB)
...
006 (113449430.000.000) 2023-03-29 19:24:26 Image size of job updated: 7500000
	980  -  MemoryUsage of job (MB)
	1002788  -  ResidentSetSize of job (KB)
...
006 (113449430.000.000) 2023-03-29 19:29:27 Image size of job updated: 7500000
	1034  -  MemoryUsage of job (MB)
	1058572  -  ResidentSetSize of job (KB)
...
006 (113449430.000.000) 2023-03-29 19:34:28 Image size of job updated: 7500000
	1035  -  MemoryUsage of job (MB)
	1059260  -  ResidentSetSize of job (KB)
...
006 (113449430.000.000) 2023-03-29 19:39:28 Image size of job updated: 7500000
	1086  -  MemoryUsage of job (MB)
	1111556  -  ResidentSetSize of job (KB)
...
006 (113449430.000.000) 2023-03-29 19:44:28 Image size of job updated: 7500000
	1143  -  MemoryUsage of job (MB)
	1169944  -  ResidentSetSize of job (KB)
...
006 (113449430.000.000) 2023-03-29 19:49:29 Image size of job updated: 7500000
	1159  -  MemoryUsage of job (MB)
	1186168  -  ResidentSetSize of job (KB)
...
006 (113449430.000.000) 2023-03-29 19:54:29 Image size of job updated: 7500000
	1187  -  MemoryUsage of job (MB)
	1214892  -  ResidentSetSize of job (KB)
...
006 (113449430.000.000) 2023-03-29 20:04:30 Image size of job updated: 7500000
	1190  -  MemoryUsage of job (MB)
	1218436  -  ResidentSetSize of job (KB)
...
006 (113449430.000.000) 2023-03-29 20:14:31 Image size of job updated: 7500000
	1199  -  MemoryUsage of job (MB)
	1227112  -  ResidentSetSize of job (KB)
...
006 (113449430.000.000) 2023-03-29 20:19:31 Image size of job updated: 7500000
	1199  -  MemoryUsage of job (MB)
	1227392  -  ResidentSetSize of job (KB)
...
006 (113449430.000.000) 2023-03-29 20:24:32 Image size of job updated: 7500000
	1203  -  MemoryUsage of job (MB)
	1230948  -  ResidentSetSize of job (KB)
...
006 (113449430.000.000) 2023-03-29 20:44:35 Image size of job updated: 7500000
	1248  -  MemoryUsage of job (MB)
	1277036  -  ResidentSetSize of job (KB)
...
006 (113449430.000.000) 2023-03-29 20:49:35 Image size of job updated: 7500000
	1248  -  MemoryUsage of job (MB)
	1277708  -  ResidentSetSize of job (KB)
...
006 (113449430.000.000) 2023-03-29 21:19:40 Image size of job updated: 7500000
	1270  -  MemoryUsage of job (MB)
	1300464  -  ResidentSetSize of job (KB)
...
006 (113449430.000.000) 2023-03-29 21:29:40 Image size of job updated: 7500000
	1285  -  MemoryUsage of job (MB)
	1315436  -  ResidentSetSize of job (KB)
...
006 (113449430.000.000) 2023-03-29 21:39:41 Image size of job updated: 7500000
	1287  -  MemoryUsage of job (MB)
	1317340  -  ResidentSetSize of job (KB)
...
006 (113449430.000.000) 2023-03-29 22:04:43 Image size of job updated: 7500000
	1288  -  MemoryUsage of job (MB)
	1318608  -  ResidentSetSize of job (KB)
...
006 (113449430.000.000) 2023-03-29 22:09:43 Image size of job updated: 7500000
	1332  -  MemoryUsage of job (MB)
	1362960  -  ResidentSetSize of job (KB)
...
006 (113449430.000.000) 2023-03-29 22:19:45 Image size of job updated: 7500000
	1333  -  MemoryUsage of job (MB)
	1364096  -  ResidentSetSize of job (KB)
...
006 (113449430.000.000) 2023-03-29 22:29:46 Image size of job updated: 7500000
	1335  -  MemoryUsage of job (MB)
	1366568  -  ResidentSetSize of job (KB)
...
006 (113449430.000.000) 2023-03-29 22:39:47 Image size of job updated: 7500000
	1339  -  MemoryUsage of job (MB)
	1370616  -  ResidentSetSize of job (KB)
...
006 (113449430.000.000) 2023-03-29 22:49:48 Image size of job updated: 7500000
	1340  -  MemoryUsage of job (MB)
	1371968  -  ResidentSetSize of job (KB)
...
006 (113449430.000.000) 2023-03-29 22:54:49 Image size of job updated: 7500000
	1340  -  MemoryUsage of job (MB)
	1371972  -  ResidentSetSize of job (KB)
...
006 (113449430.000.000) 2023-03-29 22:59:49 Image size of job updated: 7500000
	1344  -  MemoryUsage of job (MB)
	1375488  -  ResidentSetSize of job (KB)
...
006 (113449430.000.000) 2023-03-29 23:14:51 Image size of job updated: 7500000
	1374  -  MemoryUsage of job (MB)
	1406828  -  ResidentSetSize of job (KB)
...
006 (113449430.000.000) 2023-03-29 23:24:52 Image size of job updated: 7500000
	1377  -  MemoryUsage of job (MB)
	1409616  -  ResidentSetSize of job (KB)
...
006 (113449430.000.000) 2023-03-29 23:34:53 Image size of job updated: 7500000
	1379  -  MemoryUsage of job (MB)
	1411212  -  ResidentSetSize of job (KB)
...
006 (113449430.000.000) 2023-03-29 23:44:55 Image size of job updated: 7500000
	1382  -  MemoryUsage of job (MB)
	1414888  -  ResidentSetSize of job (KB)
...
006 (113449430.000.000) 2023-03-29 23:59:56 Image size of job updated: 7500000
	1384  -  MemoryUsage of job (MB)
	1416424  -  ResidentSetSize of job (KB)
...
006 (113449430.000.000) 2023-03-30 00:09:57 Image size of job updated: 7500000
	1385  -  MemoryUsage of job (MB)
	1417988  -  ResidentSetSize of job (KB)
...
006 (113449430.000.000) 2023-03-30 00:24:58 Image size of job updated: 7500000
	1388  -  MemoryUsage of job (MB)
	1420864  -  ResidentSetSize of job (KB)
...
006 (113449430.000.000) 2023-03-30 00:34:59 Image size of job updated: 7500000
	1389  -  MemoryUsage of job (MB)
	1421644  -  ResidentSetSize of job (KB)
...
006 (113449430.000.000) 2023-03-30 00:50:00 Image size of job updated: 7500000
	1392  -  MemoryUsage of job (MB)
	1425376  -  ResidentSetSize of job (KB)
...
006 (113449430.000.000) 2023-03-30 00:55:02 Image size of job updated: 7500000
	1393  -  MemoryUsage of job (MB)
	1425428  -  ResidentSetSize of job (KB)
...
006 (113449430.000.000) 2023-03-30 01:00:02 Image size of job updated: 7500000
	1396  -  MemoryUsage of job (MB)
	1428624  -  ResidentSetSize of job (KB)
...
006 (113449430.000.000) 2023-03-30 01:15:04 Image size of job updated: 7500000
	1396  -  MemoryUsage of job (MB)
	1429308  -  ResidentSetSize of job (KB)
...
006 (113449430.000.000) 2023-03-30 01:25:04 Image size of job updated: 7500000
	1399  -  MemoryUsage of job (MB)
	1431660  -  ResidentSetSize of job (KB)
...
006 (113449430.000.000) 2023-03-30 01:40:06 Image size of job updated: 7500000
	1402  -  MemoryUsage of job (MB)
	1434960  -  ResidentSetSize of job (KB)
...
006 (113449430.000.000) 2023-03-30 02:05:08 Image size of job updated: 7500000
	1405  -  MemoryUsage of job (MB)
	1438264  -  ResidentSetSize of job (KB)
...
006 (113449430.000.000) 2023-03-30 02:15:10 Image size of job updated: 7500000
	1408  -  MemoryUsage of job (MB)
	1440880  -  ResidentSetSize of job (KB)
...
006 (113449430.000.000) 2023-03-30 02:30:12 Image size of job updated: 7500000
	1410  -  MemoryUsage of job (MB)
	1443300  -  ResidentSetSize of job (KB)
...
006 (113449430.000.000) 2023-03-30 02:35:12 Image size of job updated: 7500000
	1410  -  MemoryUsage of job (MB)
	1443648  -  ResidentSetSize of job (KB)
...
006 (113449430.000.000) 2023-03-30 02:40:13 Image size of job updated: 7500000
	1413  -  MemoryUsage of job (MB)
	1446852  -  ResidentSetSize of job (KB)
...
006 (113449430.000.000) 2023-03-30 02:50:14 Image size of job updated: 7500000
	1416  -  MemoryUsage of job (MB)
	1449180  -  ResidentSetSize of job (KB)
...
006 (113449430.000.000) 2023-03-30 03:00:15 Image size of job updated: 7500000
	1420  -  MemoryUsage of job (MB)
	1453192  -  ResidentSetSize of job (KB)
...
006 (113449430.000.000) 2023-03-30 03:05:16 Image size of job updated: 7500000
	1420  -  MemoryUsage of job (MB)
	1453472  -  ResidentSetSize of job (KB)
...
006 (113449430.000.000) 2023-03-30 03:10:16 Image size of job updated: 7500000
	1469  -  MemoryUsage of job (MB)
	1503808  -  ResidentSetSize of job (KB)
...
006 (113449430.000.000) 2023-03-30 05:15:28 Image size of job updated: 7500000
	1470  -  MemoryUsage of job (MB)
	1505016  -  ResidentSetSize of job (KB)
...
006 (113449430.000.000) 2023-03-30 05:50:30 Image size of job updated: 7500000
	1481  -  MemoryUsage of job (MB)
	1516100  -  ResidentSetSize of job (KB)
...
006 (113449430.000.000) 2023-03-30 06:45:36 Image size of job updated: 7500000
	1532  -  MemoryUsage of job (MB)
	1568676  -  ResidentSetSize of job (KB)
...
006 (113449430.000.000) 2023-03-30 07:00:38 Image size of job updated: 7500000
	1535  -  MemoryUsage of job (MB)
	1571464  -  ResidentSetSize of job (KB)
...
006 (113449430.000.000) 2023-03-30 07:35:41 Image size of job updated: 7500000
	1553  -  MemoryUsage of job (MB)
	1590040  -  ResidentSetSize of job (KB)
...
006 (113449430.000.000) 2023-03-30 08:05:43 Image size of job updated: 7500000
	1556  -  MemoryUsage of job (MB)
	1592524  -  ResidentSetSize of job (KB)
...
006 (113449430.000.000) 2023-03-30 08:30:46 Image size of job updated: 7500000
	1573  -  MemoryUsage of job (MB)
	1609740  -  ResidentSetSize of job (KB)
...
006 (113449430.000.000) 2023-03-30 08:45:48 Image size of job updated: 7500000
	1574  -  MemoryUsage of job (MB)
	1611524  -  ResidentSetSize of job (KB)
...
006 (113449430.000.000) 2023-03-30 08:50:49 Image size of job updated: 7500000
	1587  -  MemoryUsage of job (MB)
	1624996  -  ResidentSetSize of job (KB)
...
006 (113449430.000.000) 2023-03-30 09:00:49 Image size of job updated: 7500000
	1590  -  MemoryUsage of job (MB)
	1627808  -  ResidentSetSize of job (KB)
...
006 (113449430.000.000) 2023-03-30 09:05:50 Image size of job updated: 7500000
	1591  -  MemoryUsage of job (MB)
	1628268  -  ResidentSetSize of job (KB)
...
006 (113449430.000.000) 2023-03-30 09:15:51 Image size of job updated: 7500000
	1591  -  MemoryUsage of job (MB)
	1628700  -  ResidentSetSize of job (KB)
...
006 (113449430.000.000) 2023-03-30 09:25:53 Image size of job updated: 7500000
	1593  -  MemoryUsage of job (MB)
	1630568  -  ResidentSetSize of job (KB)
...
006 (113449430.000.000) 2023-03-30 09:40:55 Image size of job updated: 7500000
	1593  -  MemoryUsage of job (MB)
	1630976  -  ResidentSetSize of job (KB)
...
006 (113449430.000.000) 2023-03-30 09:50:55 Image size of job updated: 7500000
	1596  -  MemoryUsage of job (MB)
	1634236  -  ResidentSetSize of job (KB)
...
006 (113449430.000.000) 2023-03-30 11:31:06 Image size of job updated: 7500000
	1602  -  MemoryUsage of job (MB)
	1639920  -  ResidentSetSize of job (KB)
...
006 (113449430.000.000) 2023-03-30 11:46:07 Image size of job updated: 7500000
	1602  -  MemoryUsage of job (MB)
	1640272  -  ResidentSetSize of job (KB)
...
006 (113449430.000.000) 2023-03-30 11:56:08 Image size of job updated: 7500000
	1604  -  MemoryUsage of job (MB)
	1642096  -  ResidentSetSize of job (KB)
...
006 (113449430.000.000) 2023-03-30 12:01:08 Image size of job updated: 7500000
	1703  -  MemoryUsage of job (MB)
	1742996  -  ResidentSetSize of job (KB)
...
004 (113449430.000.000) 2023-03-30 18:15:45 Job was evicted.
	(0) CPU times
		Usr 4 05:12:52, Sys 0 00:04:33  -  Run Remote Usage
		Usr 0 00:00:00, Sys 0 00:00:00  -  Run Local Usage
	0  -  Run Bytes Sent By Job
	366  -  Run Bytes Received By Job
	Partitionable Resources :    Usage  Request Allocated 
	   Cpus                 :     1.98        1         1 
	   Disk (KB)            :  3858      500000    624256 
	   GPUs                 :                           0 
	   Memory (MB)          :  1703       20000     20096 
...
040 (113449430.000.000) 2023-03-30 18:23:43 Started transferring input files
	Transferring to host: <10.14.10.53:9618?addrs=10.14.10.53-9618&alias=node2303.cluster.ldas.cit&noUDP&sock=slot1_1_2570129_229b_19588>
...
040 (113449430.000.000) 2023-03-30 18:23:43 Finished transferring input files
...
001 (113449430.000.000) 2023-03-30 18:23:44 Job executing on host: <10.14.10.53:9618?addrs=10.14.10.53-9618&alias=node2303.cluster.ldas.cit&noUDP&sock=startd_202993_e46a>
...
006 (113449430.000.000) 2023-03-31 02:49:45 Image size of job updated: 7500000
	1719  -  MemoryUsage of job (MB)
	1759720  -  ResidentSetSize of job (KB)
...
006 (113449430.000.000) 2023-03-31 03:14:47 Image size of job updated: 7500000
	1725  -  MemoryUsage of job (MB)
	1765816  -  ResidentSetSize of job (KB)
...
006 (113449430.000.000) 2023-03-31 03:19:48 Image size of job updated: 7500000
	1731  -  MemoryUsage of job (MB)
	1772420  -  ResidentSetSize of job (KB)
...
006 (113449430.000.000) 2023-03-31 03:24:49 Image size of job updated: 7500000
	1733  -  MemoryUsage of job (MB)
	1773860  -  ResidentSetSize of job (KB)
...
006 (113449430.000.000) 2023-03-31 06:50:11 Image size of job updated: 7500000
	1769  -  MemoryUsage of job (MB)
	1811260  -  ResidentSetSize of job (KB)
...
006 (113449430.000.000) 2023-03-31 08:25:22 Image size of job updated: 7500000
	1772  -  MemoryUsage of job (MB)
	1813788  -  ResidentSetSize of job (KB)
...
006 (113449430.000.000) 2023-03-31 09:50:32 Image size of job updated: 7500000
	1879  -  MemoryUsage of job (MB)
	1923160  -  ResidentSetSize of job (KB)
...
004 (113449430.000.000) 2023-03-31 18:27:37 Job was evicted.
	(0) CPU times
		Usr 4 08:51:46, Sys 0 00:06:38  -  Run Remote Usage
		Usr 0 00:00:00, Sys 0 00:00:00  -  Run Local Usage
	0  -  Run Bytes Sent By Job
	366  -  Run Bytes Received By Job
	Partitionable Resources :    Usage  Request Allocated 
	   Cpus                 :     0.97        1         1 
	   Disk (KB)            :  3132      500000    624256 
	   GPUs                 :                           0 
	   Memory (MB)          :  1879       20000     20096 
...
040 (113449430.000.000) 2023-03-31 18:33:18 Started transferring input files
	Transferring to host: <10.14.9.103:9618?addrs=10.14.9.103-9618&alias=node2103.cluster.ldas.cit&noUDP&sock=slot1_5_441887_1dca_8595>
...
040 (113449430.000.000) 2023-03-31 18:33:18 Finished transferring input files
...
001 (113449430.000.000) 2023-03-31 18:33:19 Job executing on host: <10.14.9.103:9618?addrs=10.14.9.103-9618&alias=node2103.cluster.ldas.cit&noUDP&sock=startd_441847_de85>
...
004 (113449430.000.000) 2023-04-01 19:40:01 Job was evicted.
	(0) CPU times
		Usr 4 19:28:29, Sys 0 00:06:47  -  Run Remote Usage
		Usr 0 00:00:00, Sys 0 00:00:00  -  Run Local Usage
	0  -  Run Bytes Sent By Job
	366  -  Run Bytes Received By Job
	Partitionable Resources :    Usage  Request Allocated 
	   Cpus                 :     1.98        1         1 
	   Disk (KB)            :  2873      500000    609620 
	   GPUs                 :                           0 
	   Memory (MB)          :  1954       20000     20096 
...
040 (113449430.000.000) 2023-04-01 19:57:10 Started transferring input files
	Transferring to host: <10.14.10.24:9618?addrs=10.14.10.24-9618&alias=node2274.cluster.ldas.cit&noUDP&sock=slot1_2_1638048_c02c_26606>
...
040 (113449430.000.000) 2023-04-01 19:57:10 Finished transferring input files
...
001 (113449430.000.000) 2023-04-01 19:57:11 Job executing on host: <10.14.10.24:9618?addrs=10.14.10.24-9618&alias=node2274.cluster.ldas.cit&noUDP&sock=startd_223416_5f1c>
...
006 (113449430.000.000) 2023-04-02 13:54:10 Image size of job updated: 7500000
	1974  -  MemoryUsage of job (MB)
	2020996  -  ResidentSetSize of job (KB)
...
006 (113449430.000.000) 2023-04-02 21:19:56 Image size of job updated: 7500000
	2002  -  MemoryUsage of job (MB)
	2049448  -  ResidentSetSize of job (KB)
...
004 (113449430.000.000) 2023-04-02 21:51:14 Job was evicted.
	(0) CPU times
		Usr 5 15:42:11, Sys 0 00:05:37  -  Run Remote Usage
		Usr 0 00:00:00, Sys 0 00:00:00  -  Run Local Usage
	0  -  Run Bytes Sent By Job
	366  -  Run Bytes Received By Job
	Partitionable Resources :    Usage  Request Allocated 
	   Cpus                 :     1.00        1         1 
	   Disk (KB)            :  2992      500000    624256 
	   GPUs                 :                           0 
	   Memory (MB)          :  2002       20000     20096 
...
040 (113449430.000.000) 2023-04-02 22:03:43 Started transferring input files
	Transferring to host: <10.14.9.146:9618?addrs=10.14.9.146-9618&alias=node2146.cluster.ldas.cit&noUDP&sock=slot1_3_2325471_70fe_8422>
...
040 (113449430.000.000) 2023-04-02 22:03:43 Finished transferring input files
...
001 (113449430.000.000) 2023-04-02 22:03:44 Job executing on host: <10.14.9.146:9618?addrs=10.14.9.146-9618&alias=node2146.cluster.ldas.cit&noUDP&sock=startd_2325429_739b>
...
006 (113449430.000.000) 2023-04-03 21:06:15 Image size of job updated: 7500000
	2205  -  MemoryUsage of job (MB)
	2257140  -  ResidentSetSize of job (KB)
...
004 (113449430.000.000) 2023-04-03 23:54:13 Job was evicted.
	(0) CPU times
		Usr 5 06:16:33, Sys 0 00:05:03  -  Run Remote Usage
		Usr 0 00:00:00, Sys 0 00:00:00  -  Run Local Usage
	0  -  Run Bytes Sent By Job
	366  -  Run Bytes Received By Job
	Partitionable Resources :    Usage  Request Allocated 
	   Cpus                 :     5.97        1         1 
	   Disk (KB)            :  2897      500000    609620 
	   GPUs                 :                           0 
	   Memory (MB)          :  2205       20000     20096 
...
040 (113449430.000.000) 2023-04-03 23:55:22 Started transferring input files
	Transferring to host: <10.14.4.66:9618?addrs=10.14.4.66-9618&alias=node816.cluster.ldas.cit&noUDP&sock=slot1_2_1937729_2026_412>
...
040 (113449430.000.000) 2023-04-03 23:55:22 Finished transferring input files
...
001 (113449430.000.000) 2023-04-03 23:55:23 Job executing on host: <10.14.4.66:9618?addrs=10.14.4.66-9618&alias=node816.cluster.ldas.cit&noUDP&sock=startd_1937686_0131>
...
004 (113449430.000.000) 2023-04-04 13:15:18 Job was evicted.
	(0) CPU times
		Usr 1 18:24:44, Sys 0 00:02:53  -  Run Remote Usage
		Usr 0 00:00:00, Sys 0 00:00:00  -  Run Local Usage
	0  -  Run Bytes Sent By Job
	366  -  Run Bytes Received By Job
	Partitionable Resources :    Usage  Request Allocated 
	   Cpus                 :     3.74        1         1 
	   Disk (KB)            :  2747      500000    624256 
	   GPUs                 :                           0 
	   Memory (MB)          :  2442       20000     20096 
...
040 (113449430.000.000) 2023-04-04 14:01:11 Started transferring input files
	Transferring to host: <10.14.4.116:9618?addrs=10.14.4.116-9618&alias=node866.cluster.ldas.cit&noUDP&sock=slot1_2_3727317_c3eb_6>
...
040 (113449430.000.000) 2023-04-04 14:01:11 Finished transferring input files
...
001 (113449430.000.000) 2023-04-04 14:01:12 Job executing on host: <10.14.4.116:9618?addrs=10.14.4.116-9618&alias=node866.cluster.ldas.cit&noUDP&sock=startd_3727275_3500>
...
004 (113449430.000.000) 2023-04-05 14:52:21 Job was evicted.
	(0) CPU times
		Usr 3 13:21:20, Sys 0 00:16:48  -  Run Remote Usage
		Usr 0 00:00:00, Sys 0 00:00:00  -  Run Local Usage
	0  -  Run Bytes Sent By Job
	366  -  Run Bytes Received By Job
	Partitionable Resources :    Usage  Request Allocated 
	   Cpus                 :     0.99        1         1 
	   Disk (KB)            :  2836      500000    558636 
	   GPUs                 :                           0 
	   Memory (MB)          :  2442       20000     20096 
...
009 (113449430.000.000) 2023-04-05 14:52:22 Job was aborted.
	removed because <OtherJobRemoveRequirements = DAGManJobId =?= 113449368> fired when job (113449368.0) was removed
...
000 (113587138.000.000) 2023-04-05 14:54:13 Job submitted from host: <10.14.0.160:9618?addrs=10.14.0.160-9618&alias=ldas-pcdev2.ligo.caltech.edu&noUDP&sock=schedd_7450_a8a7>
    DAG Node: 370
...
040 (113587138.000.000) 2023-04-05 14:56:12 Started transferring input files
	Transferring to host: <10.14.3.34:9618?addrs=10.14.3.34-9618&alias=node534.cluster.ldas.cit&noUDP&sock=slot1_8_3217641_ea75_34485>
...
040 (113587138.000.000) 2023-04-05 14:56:12 Finished transferring input files
...
001 (113587138.000.000) 2023-04-05 14:56:13 Job executing on host: <10.14.3.34:9618?addrs=10.14.3.34-9618&alias=node534.cluster.ldas.cit&noUDP&sock=startd_3217605_fac5>
...
006 (113587138.000.000) 2023-04-05 14:56:22 Image size of job updated: 598372
	190  -  MemoryUsage of job (MB)
	194408  -  ResidentSetSize of job (KB)
...
006 (113587138.000.000) 2023-04-05 15:01:23 Image size of job updated: 5286752
	769  -  MemoryUsage of job (MB)
	787128  -  ResidentSetSize of job (KB)
...
006 (113587138.000.000) 2023-04-05 15:06:24 Image size of job updated: 5338488
	815  -  MemoryUsage of job (MB)
	834064  -  ResidentSetSize of job (KB)
...
006 (113587138.000.000) 2023-04-05 15:11:24 Image size of job updated: 5396216
	875  -  MemoryUsage of job (MB)
	895896  -  ResidentSetSize of job (KB)
...
006 (113587138.000.000) 2023-04-05 15:16:24 Image size of job updated: 5462552
	936  -  MemoryUsage of job (MB)
	958376  -  ResidentSetSize of job (KB)
...
006 (113587138.000.000) 2023-04-05 15:21:25 Image size of job updated: 5495948
	999  -  MemoryUsage of job (MB)
	1022084  -  ResidentSetSize of job (KB)
...
006 (113587138.000.000) 2023-04-05 15:26:26 Image size of job updated: 5522324
	1024  -  MemoryUsage of job (MB)
	1048380  -  ResidentSetSize of job (KB)
...
006 (113587138.000.000) 2023-04-05 15:31:26 Image size of job updated: 5637372
	1068  -  MemoryUsage of job (MB)
	1092808  -  ResidentSetSize of job (KB)
...
006 (113587138.000.000) 2023-04-05 15:56:29 Image size of job updated: 6421940
	1433  -  MemoryUsage of job (MB)
	1467344  -  ResidentSetSize of job (KB)
...
006 (113587138.000.000) 2023-04-05 16:01:30 Image size of job updated: 6421940
	1536  -  MemoryUsage of job (MB)
	1572116  -  ResidentSetSize of job (KB)
...
006 (113587138.000.000) 2023-04-05 16:06:30 Image size of job updated: 6421940
	1655  -  MemoryUsage of job (MB)
	1693996  -  ResidentSetSize of job (KB)
...
006 (113587138.000.000) 2023-04-05 16:11:31 Image size of job updated: 6421940
	1723  -  MemoryUsage of job (MB)
	1763508  -  ResidentSetSize of job (KB)
...
006 (113587138.000.000) 2023-04-05 16:16:32 Image size of job updated: 6421940
	1761  -  MemoryUsage of job (MB)
	1803068  -  ResidentSetSize of job (KB)
...
006 (113587138.000.000) 2023-04-05 16:21:32 Image size of job updated: 6421940
	1768  -  MemoryUsage of job (MB)
	1809716  -  ResidentSetSize of job (KB)
...
006 (113587138.000.000) 2023-04-05 17:06:36 Image size of job updated: 6421940
	1772  -  MemoryUsage of job (MB)
	1813540  -  ResidentSetSize of job (KB)
...
006 (113587138.000.000) 2023-04-05 17:11:37 Image size of job updated: 6421940
	1800  -  MemoryUsage of job (MB)
	1842636  -  ResidentSetSize of job (KB)
...
006 (113587138.000.000) 2023-04-05 18:21:43 Image size of job updated: 6421940
	2064  -  MemoryUsage of job (MB)
	2113248  -  ResidentSetSize of job (KB)
...
006 (113587138.000.000) 2023-04-06 12:33:34 Image size of job updated: 6717676
	2064  -  MemoryUsage of job (MB)
	2113248  -  ResidentSetSize of job (KB)
...
004 (113587138.000.000) 2023-04-06 15:21:57 Job was evicted.
	(0) CPU times
		Usr 3 19:03:14, Sys 0 00:06:29  -  Run Remote Usage
		Usr 0 00:00:00, Sys 0 00:00:00  -  Run Local Usage
	0  -  Run Bytes Sent By Job
	366  -  Run Bytes Received By Job
	Partitionable Resources :    Usage  Request Allocated 
	   Cpus                 :     1.99        1         1 
	   Disk (KB)            :  2808      500000    609620 
	   GPUs                 :                           0 
	   Memory (MB)          :  2064       20000     20096 
...
040 (113587138.000.000) 2023-04-06 15:24:19 Started transferring input files
	Transferring to host: <10.14.10.115:9618?addrs=10.14.10.115-9618&alias=node2365.cluster.ldas.cit&noUDP&sock=slot1_1_1171524_6391_1305>
...
040 (113587138.000.000) 2023-04-06 15:24:19 Finished transferring input files
...
001 (113587138.000.000) 2023-04-06 15:24:20 Job executing on host: <10.14.10.115:9618?addrs=10.14.10.115-9618&alias=node2365.cluster.ldas.cit&noUDP&sock=startd_1171481_1ad8>
...
004 (113587138.000.000) 2023-04-06 16:04:44 Job was evicted.
	(0) CPU times
		Usr 0 02:31:28, Sys 0 00:00:06  -  Run Remote Usage
		Usr 0 00:00:00, Sys 0 00:00:00  -  Run Local Usage
	0  -  Run Bytes Sent By Job
	366  -  Run Bytes Received By Job
	Partitionable Resources :    Usage  Request Allocated 
	   Cpus                 :     1.98        1         1 
	   Disk (KB)            :  2717      500000    624256 
	   GPUs                 :                           0 
	   Memory (MB)          :  2198       20000     20096 
...
009 (113587138.000.000) 2023-04-06 16:04:44 Job was aborted.
	removed because <OtherJobRemoveRequirements = DAGManJobId =?= 113587092> fired when job (113587092.0) was removed
...
000 (113604251.000.000) 2023-04-06 16:27:56 Job submitted from host: <10.14.0.160:9618?addrs=10.14.0.160-9618&alias=ldas-pcdev2.ligo.caltech.edu&noUDP&sock=schedd_7450_a8a7>
    DAG Node: 370
...
040 (113604251.000.000) 2023-04-06 16:29:22 Started transferring input files
	Transferring to host: <10.14.4.13:9618?addrs=10.14.4.13-9618&alias=node763.cluster.ldas.cit&noUDP&sock=slot1_23_3675407_796c_8653>
...
040 (113604251.000.000) 2023-04-06 16:29:22 Finished transferring input files
...
001 (113604251.000.000) 2023-04-06 16:29:23 Job executing on host: <10.14.4.13:9618?addrs=10.14.4.13-9618&alias=node763.cluster.ldas.cit&noUDP&sock=startd_3675368_528d>
...
006 (113604251.000.000) 2023-04-06 16:29:32 Image size of job updated: 303936
	190  -  MemoryUsage of job (MB)
	194376  -  ResidentSetSize of job (KB)
...
006 (113604251.000.000) 2023-04-06 16:34:33 Image size of job updated: 5077652
	190  -  MemoryUsage of job (MB)
	194376  -  ResidentSetSize of job (KB)
...
006 (113604251.000.000) 2023-04-06 16:44:33 Image size of job updated: 5077652
	357  -  MemoryUsage of job (MB)
	364884  -  ResidentSetSize of job (KB)
...
006 (113604251.000.000) 2023-04-06 16:49:34 Image size of job updated: 5077652
	364  -  MemoryUsage of job (MB)
	372328  -  ResidentSetSize of job (KB)
...
006 (113604251.000.000) 2023-04-06 16:54:35 Image size of job updated: 5077652
	483  -  MemoryUsage of job (MB)
	494572  -  ResidentSetSize of job (KB)
...
006 (113604251.000.000) 2023-04-06 16:59:35 Image size of job updated: 5077652
	487  -  MemoryUsage of job (MB)
	498264  -  ResidentSetSize of job (KB)
...
006 (113604251.000.000) 2023-04-06 17:04:36 Image size of job updated: 5077652
	510  -  MemoryUsage of job (MB)
	521504  -  ResidentSetSize of job (KB)
...
006 (113604251.000.000) 2023-04-06 17:09:37 Image size of job updated: 5077652
	515  -  MemoryUsage of job (MB)
	526492  -  ResidentSetSize of job (KB)
...
006 (113604251.000.000) 2023-04-06 17:14:37 Image size of job updated: 5077652
	521  -  MemoryUsage of job (MB)
	533108  -  ResidentSetSize of job (KB)
...
006 (113604251.000.000) 2023-04-06 17:19:37 Image size of job updated: 5077652
	525  -  MemoryUsage of job (MB)
	536624  -  ResidentSetSize of job (KB)
...
006 (113604251.000.000) 2023-04-06 17:24:39 Image size of job updated: 5077652
	525  -  MemoryUsage of job (MB)
	537548  -  ResidentSetSize of job (KB)
...
006 (113604251.000.000) 2023-04-06 17:29:39 Image size of job updated: 5077652
	543  -  MemoryUsage of job (MB)
	555876  -  ResidentSetSize of job (KB)
...
006 (113604251.000.000) 2023-04-06 17:34:39 Image size of job updated: 5082884
	553  -  MemoryUsage of job (MB)
	565700  -  ResidentSetSize of job (KB)
...
006 (113604251.000.000) 2023-04-06 17:39:40 Image size of job updated: 5108864
	590  -  MemoryUsage of job (MB)
	603952  -  ResidentSetSize of job (KB)
...
006 (113604251.000.000) 2023-04-06 17:44:41 Image size of job updated: 5114840
	597  -  MemoryUsage of job (MB)
	610860  -  ResidentSetSize of job (KB)
...
006 (113604251.000.000) 2023-04-06 17:49:41 Image size of job updated: 5117504
	599  -  MemoryUsage of job (MB)
	613192  -  ResidentSetSize of job (KB)
...
006 (113604251.000.000) 2023-04-06 17:59:42 Image size of job updated: 5118448
	601  -  MemoryUsage of job (MB)
	614444  -  ResidentSetSize of job (KB)
...
006 (113604251.000.000) 2023-04-06 18:04:42 Image size of job updated: 5119400
	601  -  MemoryUsage of job (MB)
	615148  -  ResidentSetSize of job (KB)
...
006 (113604251.000.000) 2023-04-06 18:09:42 Image size of job updated: 5127200
	609  -  MemoryUsage of job (MB)
	623396  -  ResidentSetSize of job (KB)
...
006 (113604251.000.000) 2023-04-06 18:14:43 Image size of job updated: 5133528
	616  -  MemoryUsage of job (MB)
	629956  -  ResidentSetSize of job (KB)
...
006 (113604251.000.000) 2023-04-06 18:19:43 Image size of job updated: 5133528
	616  -  MemoryUsage of job (MB)
	629960  -  ResidentSetSize of job (KB)
...
006 (113604251.000.000) 2023-04-06 18:29:44 Image size of job updated: 5156744
	638  -  MemoryUsage of job (MB)
	653120  -  ResidentSetSize of job (KB)
...
006 (113604251.000.000) 2023-04-06 18:34:45 Image size of job updated: 5163156
	645  -  MemoryUsage of job (MB)
	659720  -  ResidentSetSize of job (KB)
...
006 (113604251.000.000) 2023-04-06 18:39:45 Image size of job updated: 5169300
	650  -  MemoryUsage of job (MB)
	665044  -  ResidentSetSize of job (KB)
...
006 (113604251.000.000) 2023-04-06 18:44:46 Image size of job updated: 5169300
	651  -  MemoryUsage of job (MB)
	665720  -  ResidentSetSize of job (KB)
...
006 (113604251.000.000) 2023-04-06 18:49:47 Image size of job updated: 5177944
	655  -  MemoryUsage of job (MB)
	670232  -  ResidentSetSize of job (KB)
...
006 (113604251.000.000) 2023-04-06 18:54:47 Image size of job updated: 5177944
	658  -  MemoryUsage of job (MB)
	673024  -  ResidentSetSize of job (KB)
...
006 (113604251.000.000) 2023-04-06 19:04:48 Image size of job updated: 5211696
	694  -  MemoryUsage of job (MB)
	709820  -  ResidentSetSize of job (KB)
...
006 (113604251.000.000) 2023-04-06 19:09:48 Image size of job updated: 5212676
	695  -  MemoryUsage of job (MB)
	710800  -  ResidentSetSize of job (KB)
...
006 (113604251.000.000) 2023-04-06 19:14:48 Image size of job updated: 5215408
	697  -  MemoryUsage of job (MB)
	713196  -  ResidentSetSize of job (KB)
...
006 (113604251.000.000) 2023-04-06 19:39:52 Image size of job updated: 5218656
	701  -  MemoryUsage of job (MB)
	717288  -  ResidentSetSize of job (KB)
...
006 (113604251.000.000) 2023-04-06 19:44:52 Image size of job updated: 5232452
	745  -  MemoryUsage of job (MB)
	762184  -  ResidentSetSize of job (KB)
...
006 (113604251.000.000) 2023-04-06 19:49:53 Image size of job updated: 5240240
	886  -  MemoryUsage of job (MB)
	906356  -  ResidentSetSize of job (KB)
...
006 (113604251.000.000) 2023-04-06 19:54:54 Image size of job updated: 5242072
	958  -  MemoryUsage of job (MB)
	980520  -  ResidentSetSize of job (KB)
...
006 (113604251.000.000) 2023-04-06 19:59:54 Image size of job updated: 5242072
	1045  -  MemoryUsage of job (MB)
	1069956  -  ResidentSetSize of job (KB)
...
006 (113604251.000.000) 2023-04-06 20:04:54 Image size of job updated: 5242072
	1048  -  MemoryUsage of job (MB)
	1073112  -  ResidentSetSize of job (KB)
...
006 (113604251.000.000) 2023-04-06 20:09:55 Image size of job updated: 5242072
	1053  -  MemoryUsage of job (MB)
	1077600  -  ResidentSetSize of job (KB)
...
006 (113604251.000.000) 2023-04-06 20:19:55 Image size of job updated: 5242072
	1072  -  MemoryUsage of job (MB)
	1097668  -  ResidentSetSize of job (KB)
...
006 (113604251.000.000) 2023-04-06 20:34:57 Image size of job updated: 5245676
	1082  -  MemoryUsage of job (MB)
	1107760  -  ResidentSetSize of job (KB)
...
006 (113604251.000.000) 2023-04-06 20:44:59 Image size of job updated: 5256320
	1093  -  MemoryUsage of job (MB)
	1118324  -  ResidentSetSize of job (KB)
...
006 (113604251.000.000) 2023-04-06 20:49:59 Image size of job updated: 5270444
	1097  -  MemoryUsage of job (MB)
	1122408  -  ResidentSetSize of job (KB)
...
006 (113604251.000.000) 2023-04-06 20:54:59 Image size of job updated: 5270444
	1114  -  MemoryUsage of job (MB)
	1139984  -  ResidentSetSize of job (KB)
...
006 (113604251.000.000) 2023-04-06 21:00:00 Image size of job updated: 5270444
	1115  -  MemoryUsage of job (MB)
	1141344  -  ResidentSetSize of job (KB)
...
006 (113604251.000.000) 2023-04-06 21:10:00 Image size of job updated: 5270444
	1116  -  MemoryUsage of job (MB)
	1141836  -  ResidentSetSize of job (KB)
...
006 (113604251.000.000) 2023-04-06 21:15:02 Image size of job updated: 5270444
	1120  -  MemoryUsage of job (MB)
	1146300  -  ResidentSetSize of job (KB)
...
006 (113604251.000.000) 2023-04-06 21:20:02 Image size of job updated: 5312644
	1163  -  MemoryUsage of job (MB)
	1190476  -  ResidentSetSize of job (KB)
...
006 (113604251.000.000) 2023-04-06 21:25:02 Image size of job updated: 5312796
	1163  -  MemoryUsage of job (MB)
	1190592  -  ResidentSetSize of job (KB)
...
006 (113604251.000.000) 2023-04-06 21:30:03 Image size of job updated: 5320704
	1163  -  MemoryUsage of job (MB)
	1190592  -  ResidentSetSize of job (KB)
...
006 (113604251.000.000) 2023-04-06 22:05:07 Image size of job updated: 5320704
	1187  -  MemoryUsage of job (MB)
	1214684  -  ResidentSetSize of job (KB)
...
006 (113604251.000.000) 2023-04-06 22:10:07 Image size of job updated: 5320704
	1187  -  MemoryUsage of job (MB)
	1215116  -  ResidentSetSize of job (KB)
...
006 (113604251.000.000) 2023-04-06 22:20:08 Image size of job updated: 5356096
	1187  -  MemoryUsage of job (MB)
	1215116  -  ResidentSetSize of job (KB)
...
006 (113604251.000.000) 2023-04-06 22:25:09 Image size of job updated: 5363244
	1187  -  MemoryUsage of job (MB)
	1215116  -  ResidentSetSize of job (KB)
...
006 (113604251.000.000) 2023-04-06 22:40:11 Image size of job updated: 5363244
	1189  -  MemoryUsage of job (MB)
	1216840  -  ResidentSetSize of job (KB)
...
006 (113604251.000.000) 2023-04-06 22:45:11 Image size of job updated: 5363244
	1194  -  MemoryUsage of job (MB)
	1222300  -  ResidentSetSize of job (KB)
...
006 (113604251.000.000) 2023-04-06 23:00:12 Image size of job updated: 5363244
	1226  -  MemoryUsage of job (MB)
	1255312  -  ResidentSetSize of job (KB)
...
006 (113604251.000.000) 2023-04-06 23:05:12 Image size of job updated: 5367476
	1227  -  MemoryUsage of job (MB)
	1256064  -  ResidentSetSize of job (KB)
...
006 (113604251.000.000) 2023-04-06 23:10:13 Image size of job updated: 5370980
	1227  -  MemoryUsage of job (MB)
	1256064  -  ResidentSetSize of job (KB)
...
006 (113604251.000.000) 2023-04-06 23:25:14 Image size of job updated: 5370980
	1240  -  MemoryUsage of job (MB)
	1269004  -  ResidentSetSize of job (KB)
...
006 (113604251.000.000) 2023-04-06 23:30:15 Image size of job updated: 5370980
	1242  -  MemoryUsage of job (MB)
	1271056  -  ResidentSetSize of job (KB)
...
006 (113604251.000.000) 2023-04-06 23:35:15 Image size of job updated: 5380044
	1293  -  MemoryUsage of job (MB)
	1323860  -  ResidentSetSize of job (KB)
...
006 (113604251.000.000) 2023-04-06 23:40:16 Image size of job updated: 5380044
	1294  -  MemoryUsage of job (MB)
	1324132  -  ResidentSetSize of job (KB)
...
006 (113604251.000.000) 2023-04-06 23:45:17 Image size of job updated: 5386620
	1297  -  MemoryUsage of job (MB)
	1327452  -  ResidentSetSize of job (KB)
...
006 (113604251.000.000) 2023-04-06 23:50:17 Image size of job updated: 5386620
	1297  -  MemoryUsage of job (MB)
	1327764  -  ResidentSetSize of job (KB)
...
006 (113604251.000.000) 2023-04-06 23:55:18 Image size of job updated: 5386620
	1317  -  MemoryUsage of job (MB)
	1347732  -  ResidentSetSize of job (KB)
...
006 (113604251.000.000) 2023-04-07 00:00:19 Image size of job updated: 5439652
	1320  -  MemoryUsage of job (MB)
	1350828  -  ResidentSetSize of job (KB)
...
006 (113604251.000.000) 2023-04-07 00:15:21 Image size of job updated: 5439652
	1324  -  MemoryUsage of job (MB)
	1355208  -  ResidentSetSize of job (KB)
...
006 (113604251.000.000) 2023-04-07 00:25:21 Image size of job updated: 5446684
	1326  -  MemoryUsage of job (MB)
	1357004  -  ResidentSetSize of job (KB)
...
006 (113604251.000.000) 2023-04-07 00:35:23 Image size of job updated: 5457388
	1328  -  MemoryUsage of job (MB)
	1359204  -  ResidentSetSize of job (KB)
...
006 (113604251.000.000) 2023-04-07 00:40:23 Image size of job updated: 5457388
	1329  -  MemoryUsage of job (MB)
	1360112  -  ResidentSetSize of job (KB)
...
006 (113604251.000.000) 2023-04-07 00:45:24 Image size of job updated: 5457388
	1329  -  MemoryUsage of job (MB)
	1360216  -  ResidentSetSize of job (KB)
...
006 (113604251.000.000) 2023-04-07 00:50:25 Image size of job updated: 5457388
	1333  -  MemoryUsage of job (MB)
	1364832  -  ResidentSetSize of job (KB)
...
006 (113604251.000.000) 2023-04-07 01:00:25 Image size of job updated: 5464732
	1333  -  MemoryUsage of job (MB)
	1364832  -  ResidentSetSize of job (KB)
...
006 (113604251.000.000) 2023-04-07 01:25:28 Image size of job updated: 5477036
	1349  -  MemoryUsage of job (MB)
	1380368  -  ResidentSetSize of job (KB)
...
006 (113604251.000.000) 2023-04-07 01:30:28 Image size of job updated: 5477036
	1349  -  MemoryUsage of job (MB)
	1380908  -  ResidentSetSize of job (KB)
...
006 (113604251.000.000) 2023-04-07 01:35:29 Image size of job updated: 5477036
	1349  -  MemoryUsage of job (MB)
	1381004  -  ResidentSetSize of job (KB)
...
006 (113604251.000.000) 2023-04-07 01:40:30 Image size of job updated: 5477036
	1360  -  MemoryUsage of job (MB)
	1392020  -  ResidentSetSize of job (KB)
...
006 (113604251.000.000) 2023-04-07 01:45:30 Image size of job updated: 5477036
	1361  -  MemoryUsage of job (MB)
	1392956  -  ResidentSetSize of job (KB)
...
006 (113604251.000.000) 2023-04-07 01:50:31 Image size of job updated: 5477036
	1364  -  MemoryUsage of job (MB)
	1396292  -  ResidentSetSize of job (KB)
...
006 (113604251.000.000) 2023-04-07 01:55:32 Image size of job updated: 5505728
	1364  -  MemoryUsage of job (MB)
	1396292  -  ResidentSetSize of job (KB)
...
006 (113604251.000.000) 2023-04-07 02:10:33 Image size of job updated: 5509596
	1372  -  MemoryUsage of job (MB)
	1404724  -  ResidentSetSize of job (KB)
...
006 (113604251.000.000) 2023-04-07 02:15:33 Image size of job updated: 5509596
	1373  -  MemoryUsage of job (MB)
	1405596  -  ResidentSetSize of job (KB)
...
006 (113604251.000.000) 2023-04-07 02:25:34 Image size of job updated: 5515948
	1373  -  MemoryUsage of job (MB)
	1405596  -  ResidentSetSize of job (KB)
...
006 (113604251.000.000) 2023-04-07 02:35:35 Image size of job updated: 5528536
	1380  -  MemoryUsage of job (MB)
	1412728  -  ResidentSetSize of job (KB)
...
006 (113604251.000.000) 2023-04-07 02:50:37 Image size of job updated: 5533120
	1385  -  MemoryUsage of job (MB)
	1417852  -  ResidentSetSize of job (KB)
...
006 (113604251.000.000) 2023-04-07 02:55:37 Image size of job updated: 5533120
	1386  -  MemoryUsage of job (MB)
	1418976  -  ResidentSetSize of job (KB)
...
006 (113604251.000.000) 2023-04-07 03:15:39 Image size of job updated: 5538704
	1386  -  MemoryUsage of job (MB)
	1418976  -  ResidentSetSize of job (KB)
...
006 (113604251.000.000) 2023-04-07 03:35:42 Image size of job updated: 5548604
	1400  -  MemoryUsage of job (MB)
	1432808  -  ResidentSetSize of job (KB)
...
006 (113604251.000.000) 2023-04-07 03:40:42 Image size of job updated: 5548604
	1403  -  MemoryUsage of job (MB)
	1435752  -  ResidentSetSize of job (KB)
...
006 (113604251.000.000) 2023-04-07 03:45:42 Image size of job updated: 5565248
	1407  -  MemoryUsage of job (MB)
	1440724  -  ResidentSetSize of job (KB)
...
006 (113604251.000.000) 2023-04-07 03:55:43 Image size of job updated: 5565248
	1409  -  MemoryUsage of job (MB)
	1442772  -  ResidentSetSize of job (KB)
...
006 (113604251.000.000) 2023-04-07 04:00:43 Image size of job updated: 5570512
	1412  -  MemoryUsage of job (MB)
	1445380  -  ResidentSetSize of job (KB)
...
006 (113604251.000.000) 2023-04-07 04:15:45 Image size of job updated: 5570512
	1413  -  MemoryUsage of job (MB)
	1446448  -  ResidentSetSize of job (KB)
...
006 (113604251.000.000) 2023-04-07 04:20:46 Image size of job updated: 5663824
	1415  -  MemoryUsage of job (MB)
	1448692  -  ResidentSetSize of job (KB)
...
006 (113604251.000.000) 2023-04-07 04:25:47 Image size of job updated: 5663824
	1417  -  MemoryUsage of job (MB)
	1450740  -  ResidentSetSize of job (KB)
...
006 (113604251.000.000) 2023-04-07 05:05:50 Image size of job updated: 5663824
	1427  -  MemoryUsage of job (MB)
	1460528  -  ResidentSetSize of job (KB)
...
006 (113604251.000.000) 2023-04-07 05:10:51 Image size of job updated: 5663824
	1427  -  MemoryUsage of job (MB)
	1460904  -  ResidentSetSize of job (KB)
...
006 (113604251.000.000) 2023-04-07 05:15:52 Image size of job updated: 5663824
	1430  -  MemoryUsage of job (MB)
	1463940  -  ResidentSetSize of job (KB)
...
006 (113604251.000.000) 2023-04-07 05:20:52 Image size of job updated: 5663824
	1432  -  MemoryUsage of job (MB)
	1466144  -  ResidentSetSize of job (KB)
...
006 (113604251.000.000) 2023-04-07 05:30:54 Image size of job updated: 5663824
	1434  -  MemoryUsage of job (MB)
	1467612  -  ResidentSetSize of job (KB)
...
006 (113604251.000.000) 2023-04-07 06:00:57 Image size of job updated: 5663824
	1445  -  MemoryUsage of job (MB)
	1479504  -  ResidentSetSize of job (KB)
...
006 (113604251.000.000) 2023-04-07 06:15:58 Image size of job updated: 5663824
	1448  -  MemoryUsage of job (MB)
	1482560  -  ResidentSetSize of job (KB)
...
006 (113604251.000.000) 2023-04-07 06:41:01 Image size of job updated: 5663824
	1449  -  MemoryUsage of job (MB)
	1483232  -  ResidentSetSize of job (KB)
...
006 (113604251.000.000) 2023-04-07 06:46:01 Image size of job updated: 5663824
	1454  -  MemoryUsage of job (MB)
	1487984  -  ResidentSetSize of job (KB)
...
006 (113604251.000.000) 2023-04-07 06:56:03 Image size of job updated: 5663824
	1456  -  MemoryUsage of job (MB)
	1490032  -  ResidentSetSize of job (KB)
...
006 (113604251.000.000) 2023-04-07 07:21:04 Image size of job updated: 5663824
	1462  -  MemoryUsage of job (MB)
	1496856  -  ResidentSetSize of job (KB)
...
006 (113604251.000.000) 2023-04-07 07:31:06 Image size of job updated: 5663824
	1463  -  MemoryUsage of job (MB)
	1497108  -  ResidentSetSize of job (KB)
...
006 (113604251.000.000) 2023-04-07 07:36:06 Image size of job updated: 5663824
	1463  -  MemoryUsage of job (MB)
	1498004  -  ResidentSetSize of job (KB)
...
006 (113604251.000.000) 2023-04-07 07:46:08 Image size of job updated: 5663824
	1466  -  MemoryUsage of job (MB)
	1500772  -  ResidentSetSize of job (KB)
...
006 (113604251.000.000) 2023-04-07 07:56:09 Image size of job updated: 5663824
	1472  -  MemoryUsage of job (MB)
	1506456  -  ResidentSetSize of job (KB)
...
006 (113604251.000.000) 2023-04-07 08:16:11 Image size of job updated: 5687528
	1500  -  MemoryUsage of job (MB)
	1535136  -  ResidentSetSize of job (KB)
...
006 (113604251.000.000) 2023-04-07 08:36:13 Image size of job updated: 5690508
	1506  -  MemoryUsage of job (MB)
	1541368  -  ResidentSetSize of job (KB)
...
006 (113604251.000.000) 2023-04-07 08:51:15 Image size of job updated: 5694540
	1508  -  MemoryUsage of job (MB)
	1544004  -  ResidentSetSize of job (KB)
...
006 (113604251.000.000) 2023-04-07 08:56:15 Image size of job updated: 5694540
	1510  -  MemoryUsage of job (MB)
	1546052  -  ResidentSetSize of job (KB)
...
006 (113604251.000.000) 2023-04-07 09:06:16 Image size of job updated: 5697036
	1510  -  MemoryUsage of job (MB)
	1546052  -  ResidentSetSize of job (KB)
...
006 (113604251.000.000) 2023-04-07 09:21:17 Image size of job updated: 5699292
	1512  -  MemoryUsage of job (MB)
	1547916  -  ResidentSetSize of job (KB)
...
006 (113604251.000.000) 2023-04-07 09:26:18 Image size of job updated: 5699292
	1514  -  MemoryUsage of job (MB)
	1549928  -  ResidentSetSize of job (KB)
...
006 (113604251.000.000) 2023-04-07 09:31:18 Image size of job updated: 5702300
	1634  -  MemoryUsage of job (MB)
	1672264  -  ResidentSetSize of job (KB)
...
006 (113604251.000.000) 2023-04-07 09:51:20 Image size of job updated: 5703508
	1634  -  MemoryUsage of job (MB)
	1672264  -  ResidentSetSize of job (KB)
...
006 (113604251.000.000) 2023-04-07 11:31:30 Image size of job updated: 5704632
	1634  -  MemoryUsage of job (MB)
	1672264  -  ResidentSetSize of job (KB)
...
006 (113604251.000.000) 2023-04-07 11:46:31 Image size of job updated: 5706904
	1634  -  MemoryUsage of job (MB)
	1672264  -  ResidentSetSize of job (KB)
...
006 (113604251.000.000) 2023-04-07 12:01:33 Image size of job updated: 5710896
	1634  -  MemoryUsage of job (MB)
	1672264  -  ResidentSetSize of job (KB)
...
006 (113604251.000.000) 2023-04-07 12:31:37 Image size of job updated: 5713160
	1634  -  MemoryUsage of job (MB)
	1672264  -  ResidentSetSize of job (KB)
...
006 (113604251.000.000) 2023-04-07 12:41:39 Image size of job updated: 5714168
	1634  -  MemoryUsage of job (MB)
	1672264  -  ResidentSetSize of job (KB)
...
006 (113604251.000.000) 2023-04-07 13:01:41 Image size of job updated: 5727236
	1653  -  MemoryUsage of job (MB)
	1691748  -  ResidentSetSize of job (KB)
...
006 (113604251.000.000) 2023-04-07 13:56:46 Image size of job updated: 5736652
	1653  -  MemoryUsage of job (MB)
	1691748  -  ResidentSetSize of job (KB)
...
006 (113604251.000.000) 2023-04-07 14:11:48 Image size of job updated: 5756580
	1653  -  MemoryUsage of job (MB)
	1691748  -  ResidentSetSize of job (KB)
...
006 (113604251.000.000) 2023-04-07 14:26:50 Image size of job updated: 5758844
	1653  -  MemoryUsage of job (MB)
	1691748  -  ResidentSetSize of job (KB)
...
006 (113604251.000.000) 2023-04-07 15:51:58 Image size of job updated: 5763816
	1653  -  MemoryUsage of job (MB)
	1691748  -  ResidentSetSize of job (KB)
...
006 (113604251.000.000) 2023-04-07 16:02:00 Image size of job updated: 5784244
	1653  -  MemoryUsage of job (MB)
	1691748  -  ResidentSetSize of job (KB)
...
004 (113604251.000.000) 2023-04-07 16:29:26 Job was evicted.
	(0) CPU times
		Usr 3 01:24:14, Sys 0 00:09:08  -  Run Remote Usage
		Usr 0 00:00:00, Sys 0 00:00:00  -  Run Local Usage
	0  -  Run Bytes Sent By Job
	366  -  Run Bytes Received By Job
	Partitionable Resources :    Usage  Request Allocated 
	   Cpus                 :     0.97        1         1 
	   Disk (KB)            :  4012      500000    609620 
	   GPUs                 :                           0 
	   Memory (MB)          :  1653       20000     20096 
...
040 (113604251.000.000) 2023-04-07 16:56:57 Started transferring input files
	Transferring to host: <10.14.10.104:9618?addrs=10.14.10.104-9618&alias=node2354.cluster.ldas.cit&noUDP&sock=slot1_18_3333864_888c_3747>
...
040 (113604251.000.000) 2023-04-07 16:56:57 Finished transferring input files
...
001 (113604251.000.000) 2023-04-07 16:56:58 Job executing on host: <10.14.10.104:9618?addrs=10.14.10.104-9618&alias=node2354.cluster.ldas.cit&noUDP&sock=startd_3333822_2cd0>
...
006 (113604251.000.000) 2023-04-07 22:12:37 Image size of job updated: 7500000
	1784  -  MemoryUsage of job (MB)
	1826300  -  ResidentSetSize of job (KB)
...
006 (113604251.000.000) 2023-04-08 03:58:14 Image size of job updated: 7500000
	1790  -  MemoryUsage of job (MB)
	1832832  -  ResidentSetSize of job (KB)
...
006 (113604251.000.000) 2023-04-08 04:13:15 Image size of job updated: 7500000
	1804  -  MemoryUsage of job (MB)
	1847152  -  ResidentSetSize of job (KB)
...
006 (113604251.000.000) 2023-04-08 04:58:19 Image size of job updated: 7500000
	1822  -  MemoryUsage of job (MB)
	1865412  -  ResidentSetSize of job (KB)
...
006 (113604251.000.000) 2023-04-08 09:48:50 Image size of job updated: 7500000
	1825  -  MemoryUsage of job (MB)
	1867816  -  ResidentSetSize of job (KB)
...
006 (113604251.000.000) 2023-04-08 10:18:53 Image size of job updated: 7500000
	1835  -  MemoryUsage of job (MB)
	1878660  -  ResidentSetSize of job (KB)
...
006 (113604251.000.000) 2023-04-08 11:39:01 Image size of job updated: 7500000
	1899  -  MemoryUsage of job (MB)
	1943756  -  ResidentSetSize of job (KB)
...
006 (113604251.000.000) 2023-04-08 15:04:23 Image size of job updated: 7500000
	1915  -  MemoryUsage of job (MB)
	1960572  -  ResidentSetSize of job (KB)
...
006 (113604251.000.000) 2023-04-08 15:14:24 Image size of job updated: 7500000
	1942  -  MemoryUsage of job (MB)
	1988404  -  ResidentSetSize of job (KB)
...
006 (113604251.000.000) 2023-04-08 17:04:37 Image size of job updated: 7500000
	1958  -  MemoryUsage of job (MB)
	2004972  -  ResidentSetSize of job (KB)
...
004 (113604251.000.000) 2023-04-08 18:09:27 Job was evicted.
	(0) CPU times
		Usr 4 23:22:58, Sys 0 00:02:12  -  Run Remote Usage
		Usr 0 00:00:00, Sys 0 00:00:00  -  Run Local Usage
	0  -  Run Bytes Sent By Job
	366  -  Run Bytes Received By Job
	Partitionable Resources :    Usage  Request Allocated 
	   Cpus                 :     7.93        1         1 
	   Disk (KB)            :  3560      500000    624256 
	   GPUs                 :                           0 
	   Memory (MB)          :  1958       20000     20096 
...
040 (113604251.000.000) 2023-04-08 18:10:29 Started transferring input files
	Transferring to host: <10.14.3.241:9618?addrs=10.14.3.241-9618&alias=node741.cluster.ldas.cit&noUDP&sock=slot1_13_209666_6a07_3165>
...
040 (113604251.000.000) 2023-04-08 18:10:29 Finished transferring input files
...
001 (113604251.000.000) 2023-04-08 18:10:30 Job executing on host: <10.14.3.241:9618?addrs=10.14.3.241-9618&alias=node741.cluster.ldas.cit&noUDP&sock=startd_209624_34ea>
...
004 (113604251.000.000) 2023-04-09 18:28:20 Job was evicted.
	(0) CPU times
		Usr 5 04:44:01, Sys 0 00:05:52  -  Run Remote Usage
		Usr 0 00:00:00, Sys 0 00:00:00  -  Run Local Usage
	0  -  Run Bytes Sent By Job
	366  -  Run Bytes Received By Job
	Partitionable Resources :    Usage  Request Allocated 
	   Cpus                 :     0.99        1         1 
	   Disk (KB)            :  2935      500000    624256 
	   GPUs                 :                           0 
	   Memory (MB)          :  2198       20000     20096 
...
040 (113604251.000.000) 2023-04-09 18:33:31 Started transferring input files
	Transferring to host: <10.14.4.73:9618?addrs=10.14.4.73-9618&alias=node823.cluster.ldas.cit&noUDP&sock=slot1_5_2268645_6237_4526>
...
040 (113604251.000.000) 2023-04-09 18:33:31 Finished transferring input files
...
001 (113604251.000.000) 2023-04-09 18:33:32 Job executing on host: <10.14.4.73:9618?addrs=10.14.4.73-9618&alias=node823.cluster.ldas.cit&noUDP&sock=startd_2268602_db33>
...
004 (113604251.000.000) 2023-04-10 19:11:04 Job was evicted.
	(0) CPU times
		Usr 3 23:17:08, Sys 0 00:09:40  -  Run Remote Usage
		Usr 0 00:00:00, Sys 0 00:00:00  -  Run Local Usage
	0  -  Run Bytes Sent By Job
	366  -  Run Bytes Received By Job
	Partitionable Resources :    Usage  Request Allocated 
	   Cpus                 :     4.88        1         1 
	   Disk (KB)            :  2982      500000    624256 
	   GPUs                 :                           0 
	   Memory (MB)          :  2198       20000     20096 
...
040 (113604251.000.000) 2023-04-10 19:16:05 Started transferring input files
	Transferring to host: <10.14.10.32:9618?addrs=10.14.10.32-9618&alias=node2282.cluster.ldas.cit&noUDP&sock=slot1_7_3564180_fda1_4941>
...
040 (113604251.000.000) 2023-04-10 19:16:05 Finished transferring input files
...
001 (113604251.000.000) 2023-04-10 19:16:06 Job executing on host: <10.14.10.32:9618?addrs=10.14.10.32-9618&alias=node2282.cluster.ldas.cit&noUDP&sock=startd_3564138_cb50>
...
006 (113604251.000.000) 2023-04-11 06:27:20 Image size of job updated: 7500000
	2375  -  MemoryUsage of job (MB)
	2431528  -  ResidentSetSize of job (KB)
...
004 (113604251.000.000) 2023-04-11 19:32:32 Job was evicted.
	(0) CPU times
		Usr 3 14:53:01, Sys 0 00:03:44  -  Run Remote Usage
		Usr 0 00:00:00, Sys 0 00:00:00  -  Run Local Usage
	0  -  Run Bytes Sent By Job
	366  -  Run Bytes Received By Job
	Partitionable Resources :    Usage  Request Allocated 
	   Cpus                 :     5.89        1         1 
	   Disk (KB)            :  3173      500000    624256 
	   GPUs                 :                           0 
	   Memory (MB)          :  2375       20000     20096 
...
040 (113604251.000.000) 2023-04-11 20:18:10 Started transferring input files
	Transferring to host: <10.14.10.82:9618?addrs=10.14.10.82-9618&alias=node2332.cluster.ldas.cit&noUDP&sock=slot1_10_371416_ebf9_9198>
...
040 (113604251.000.000) 2023-04-11 20:18:10 Finished transferring input files
...
001 (113604251.000.000) 2023-04-11 20:18:11 Job executing on host: <10.14.10.82:9618?addrs=10.14.10.82-9618&alias=node2332.cluster.ldas.cit&noUDP&sock=startd_371372_e18e>
...
006 (113604251.000.000) 2023-04-12 03:59:10 Image size of job updated: 7500000
	2493  -  MemoryUsage of job (MB)
	2552348  -  ResidentSetSize of job (KB)
...
006 (113604251.000.000) 2023-04-12 08:09:35 Image size of job updated: 7500000
	2573  -  MemoryUsage of job (MB)
	2634240  -  ResidentSetSize of job (KB)
...
006 (113604251.000.000) 2023-04-12 10:19:48 Image size of job updated: 7500000
	2680  -  MemoryUsage of job (MB)
	2743556  -  ResidentSetSize of job (KB)
...
004 (113604251.000.000) 2023-04-12 21:14:30 Job was evicted.
	(0) CPU times
		Usr 4 06:25:42, Sys 0 00:03:08  -  Run Remote Usage
		Usr 0 00:00:00, Sys 0 00:00:00  -  Run Local Usage
	0  -  Run Bytes Sent By Job
	366  -  Run Bytes Received By Job
	Partitionable Resources :    Usage  Request Allocated 
	   Cpus                 :     5.93        1         1 
	   Disk (KB)            :  3178      500000    624256 
	   GPUs                 :                           0 
	   Memory (MB)          :  2680       20000     20096 
...
040 (113604251.000.000) 2023-04-12 21:15:53 Started transferring input files
	Transferring to host: <10.14.4.75:9618?addrs=10.14.4.75-9618&alias=node825.cluster.ldas.cit&noUDP&sock=slot1_7_2281689_0fc9_5706>
...
040 (113604251.000.000) 2023-04-12 21:15:53 Finished transferring input files
...
001 (113604251.000.000) 2023-04-12 21:15:54 Job executing on host: <10.14.4.75:9618?addrs=10.14.4.75-9618&alias=node825.cluster.ldas.cit&noUDP&sock=startd_2281647_a426>
...
040 (113604251.000.000) 2023-04-13 15:14:45 Started transferring output files
...
040 (113604251.000.000) 2023-04-13 15:14:45 Finished transferring output files
...
005 (113604251.000.000) 2023-04-13 15:14:45 Job terminated.
	(1) Normal termination (return value 0)
		Usr 3 07:49:38, Sys 0 00:06:39  -  Run Remote Usage
		Usr 0 00:00:00, Sys 0 00:00:00  -  Run Local Usage
		Usr 28 09:56:42, Sys 0 00:40:23  -  Total Remote Usage
		Usr 0 00:00:00, Sys 0 00:00:00  -  Total Local Usage
	2930671  -  Run Bytes Sent By Job
	366  -  Run Bytes Received By Job
	2930671  -  Total Bytes Sent By Job
	2562  -  Total Bytes Received By Job
	Partitionable Resources :    Usage  Request Allocated 
	   Cpus                 :     4.98        1         1 
	   Disk (KB)            :  2885      500000    624256 
	   GPUs                 :                           0 
	   Memory (MB)          :  2686       20000     20096 

	Job terminated of its own accord at 2023-04-13T22:14:45Z with exit-code 0.
...
