14:24 bilby INFO    : Waveform generator initiated with
  frequency_domain_source_model: bilby.gw.source.lal_binary_black_hole
  time_domain_source_model: None
  parameter_conversion: bilby.gw.conversion.convert_to_lal_binary_black_hole_parameters
14:24 bilby INFO    : Injected signal in H1:
14:24 bilby INFO    :   optimal SNR = 6.34
14:24 bilby INFO    :   matched filter SNR = 5.88-0.21j
14:24 bilby INFO    :   mass_1 = 113.93899576874018
14:24 bilby INFO    :   mass_2 = 83.05362284823836
14:24 bilby INFO    :   a_1 = 0.3539439345896794
14:24 bilby INFO    :   a_2 = 0.9175697572968488
14:24 bilby INFO    :   tilt_1 = 1.1260415322096393
14:24 bilby INFO    :   tilt_2 = 1.320753747207133
14:24 bilby INFO    :   phi_12 = 2.6630914588468606
14:24 bilby INFO    :   phi_jl = 0.5884362079558833
14:24 bilby INFO    :   luminosity_distance = 6582.4483159991
14:24 bilby INFO    :   theta_jn = 0.5999320224610691
14:24 bilby INFO    :   psi = 2.1954787104
14:24 bilby INFO    :   phase = 1.6685445215999999
14:24 bilby INFO    :   geocent_time = 1126259642.413
14:24 bilby INFO    :   ra = 0.7384498564
14:24 bilby INFO    :   dec = 3.9273423055
14:24 bilby INFO    : Injected signal in L1:
14:24 bilby INFO    :   optimal SNR = 8.16
14:24 bilby INFO    :   matched filter SNR = 7.41+0.64j
14:24 bilby INFO    :   mass_1 = 113.93899576874018
14:24 bilby INFO    :   mass_2 = 83.05362284823836
14:24 bilby INFO    :   a_1 = 0.3539439345896794
14:24 bilby INFO    :   a_2 = 0.9175697572968488
14:24 bilby INFO    :   tilt_1 = 1.1260415322096393
14:24 bilby INFO    :   tilt_2 = 1.320753747207133
14:24 bilby INFO    :   phi_12 = 2.6630914588468606
14:24 bilby INFO    :   phi_jl = 0.5884362079558833
14:24 bilby INFO    :   luminosity_distance = 6582.4483159991
14:24 bilby INFO    :   theta_jn = 0.5999320224610691
14:24 bilby INFO    :   psi = 2.1954787104
14:24 bilby INFO    :   phase = 1.6685445215999999
14:24 bilby INFO    :   geocent_time = 1126259642.413
14:24 bilby INFO    :   ra = 0.7384498564
14:24 bilby INFO    :   dec = 3.9273423055
14:24 bilby INFO    : Injected signal in V1:
14:24 bilby INFO    :   optimal SNR = 1.43
14:24 bilby INFO    :   matched filter SNR = 1.50+1.00j
14:24 bilby INFO    :   mass_1 = 113.93899576874018
14:24 bilby INFO    :   mass_2 = 83.05362284823836
14:24 bilby INFO    :   a_1 = 0.3539439345896794
14:24 bilby INFO    :   a_2 = 0.9175697572968488
14:24 bilby INFO    :   tilt_1 = 1.1260415322096393
14:24 bilby INFO    :   tilt_2 = 1.320753747207133
14:24 bilby INFO    :   phi_12 = 2.6630914588468606
14:24 bilby INFO    :   phi_jl = 0.5884362079558833
14:24 bilby INFO    :   luminosity_distance = 6582.4483159991
14:24 bilby INFO    :   theta_jn = 0.5999320224610691
14:24 bilby INFO    :   psi = 2.1954787104
14:24 bilby INFO    :   phase = 1.6685445215999999
14:24 bilby INFO    :   geocent_time = 1126259642.413
14:24 bilby INFO    :   ra = 0.7384498564
14:24 bilby INFO    :   dec = 3.9273423055
14:24 bilby INFO    : Running for label 'job_00495_fixedExtrinsic', output will be saved to '/home/simona.miller/comp-spin-mock-injections/Data/IndividualInferenceOutput/new_bilby/population1_highSpinPrecessing_highmass'
14:24 bilby INFO    : Using lal version 7.3.0
14:24 bilby INFO    : Using lal git version Branch: None;Tag: lalsuite-v7.13;Id: ec1fcb1d2d1dab69321fdb8f0afef1f867b11e06;;Builder: Unknown User <>;Repository status: UNCLEAN: Modified working tree
14:24 bilby INFO    : Using lalsimulation version 5.0.0
14:24 bilby INFO    : Using lalsimulation git version Branch: None;Tag: lalsuite-v7.13;Id: ec1fcb1d2d1dab69321fdb8f0afef1f867b11e06;;Builder: Unknown User <>;Repository status: UNCLEAN: Modified working tree
14:24 bilby INFO    : Analysis priors:
14:24 bilby INFO    : chirp_mass=bilby.gw.prior.UniformInComponentsChirpMass(minimum=2, maximum=200, name='chirp_mass', latex_label='$\\mathcal{M}$', unit=None, boundary=None)
14:24 bilby INFO    : mass_ratio=bilby.gw.prior.UniformInComponentsMassRatio(minimum=0.05, maximum=1, name='mass_ratio', latex_label='$q$', unit=None, boundary=None, equal_mass=False)
14:24 bilby INFO    : a_1=Uniform(minimum=0, maximum=0.99, name='a_1', latex_label='$a_1$', unit=None, boundary=None)
14:24 bilby INFO    : a_2=Uniform(minimum=0, maximum=0.99, name='a_2', latex_label='$a_2$', unit=None, boundary=None)
14:24 bilby INFO    : tilt_1=Sine(minimum=0, maximum=3.141592653589793, name='tilt_1', latex_label='$\\theta_1$', unit=None, boundary=None)
14:24 bilby INFO    : tilt_2=Sine(minimum=0, maximum=3.141592653589793, name='tilt_2', latex_label='$\\theta_2$', unit=None, boundary=None)
14:24 bilby INFO    : phi_12=Uniform(minimum=0, maximum=6.283185307179586, name='phi_12', latex_label='$\\Delta\\phi$', unit=None, boundary='periodic')
14:24 bilby INFO    : phi_jl=Uniform(minimum=0, maximum=6.283185307179586, name='phi_jl', latex_label='$\\phi_{JL}$', unit=None, boundary='periodic')
14:24 bilby INFO    : mass_1=Constraint(minimum=103.93899576874018, maximum=123.93899576874018, name='mass_1', latex_label='$m_1$', unit=None)
14:24 bilby INFO    : mass_2=Constraint(minimum=73.05362284823836, maximum=93.05362284823836, name='mass_2', latex_label='$m_2$', unit=None)
14:24 bilby INFO    : ra=0.7384498564
14:24 bilby INFO    : dec=3.9273423055
14:24 bilby INFO    : geocent_time=1126259642.413
14:24 bilby INFO    : phase=1.6685445215999999
14:24 bilby INFO    : psi=2.1954787104
14:24 bilby INFO    : luminosity_distance=6582.4483159991
14:24 bilby INFO    : theta_jn=0.5999320224610691
14:24 bilby INFO    : Analysis likelihood class: <class 'bilby.gw.likelihood.base.GravitationalWaveTransient'>
14:24 bilby INFO    : Analysis likelihood noise evidence: -24153.051067433866
14:24 bilby INFO    : Single likelihood evaluation took 6.703e-02 s
14:24 bilby INFO    : Checkpoint every check_point_delta_t = 600s
14:24 bilby WARNING : Using cached result
14:24 bilby INFO    : Summary of results:
nsamples: 5433
ln_noise_evidence: -24153.051
ln_evidence: -24109.770 +/-  0.041
ln_bayes_factor: 43.281 +/-  0.041

