000 (113449512.000.000) 2023-03-29 17:01:30 Job submitted from host: <10.14.0.160:9618?addrs=10.14.0.160-9618&alias=ldas-pcdev2.ligo.caltech.edu&noUDP&sock=schedd_7450_a8a7>
    DAG Node: 116
...
022 (113449512.000.000) 2023-03-29 17:15:11 Job disconnected, attempting to reconnect
    Socket between submit and execute hosts closed unexpectedly
    Trying to reconnect to slot1_4@node2199.cluster.ldas.cit <10.14.9.199:9618?addrs=10.14.9.199-9618&alias=node2199.cluster.ldas.cit&noUDP&sock=startd_3766_bdc1>
...
024 (113449512.000.000) 2023-03-29 17:15:19 Job reconnection failed
    Job not found at execution machine
    Can not reconnect to slot1_4@node2199.cluster.ldas.cit, rescheduling job
...
040 (113449512.000.000) 2023-03-29 17:16:42 Started transferring input files
	Transferring to host: <10.14.4.51:9618?addrs=10.14.4.51-9618&alias=node801.cluster.ldas.cit&noUDP&sock=slot1_6_3950761_46e9_11699>
...
040 (113449512.000.000) 2023-03-29 17:16:42 Finished transferring input files
...
001 (113449512.000.000) 2023-03-29 17:16:43 Job executing on host: <10.14.4.51:9618?addrs=10.14.4.51-9618&alias=node801.cluster.ldas.cit&noUDP&sock=startd_3950725_523e>
...
006 (113449512.000.000) 2023-03-29 17:16:51 Image size of job updated: 309188
	192  -  MemoryUsage of job (MB)
	196408  -  ResidentSetSize of job (KB)
...
006 (113449512.000.000) 2023-03-29 17:21:51 Image size of job updated: 5179160
	308  -  MemoryUsage of job (MB)
	314836  -  ResidentSetSize of job (KB)
...
006 (113449512.000.000) 2023-03-29 17:26:52 Image size of job updated: 5179160
	348  -  MemoryUsage of job (MB)
	356120  -  ResidentSetSize of job (KB)
...
006 (113449512.000.000) 2023-03-29 17:31:53 Image size of job updated: 5179160
	522  -  MemoryUsage of job (MB)
	533916  -  ResidentSetSize of job (KB)
...
006 (113449512.000.000) 2023-03-29 17:36:53 Image size of job updated: 5179160
	685  -  MemoryUsage of job (MB)
	700648  -  ResidentSetSize of job (KB)
...
006 (113449512.000.000) 2023-03-29 17:41:54 Image size of job updated: 5179160
	854  -  MemoryUsage of job (MB)
	874172  -  ResidentSetSize of job (KB)
...
006 (113449512.000.000) 2023-03-29 17:46:55 Image size of job updated: 5179160
	858  -  MemoryUsage of job (MB)
	877796  -  ResidentSetSize of job (KB)
...
006 (113449512.000.000) 2023-03-29 17:51:55 Image size of job updated: 5179160
	859  -  MemoryUsage of job (MB)
	878700  -  ResidentSetSize of job (KB)
...
006 (113449512.000.000) 2023-03-29 17:56:56 Image size of job updated: 5179160
	860  -  MemoryUsage of job (MB)
	879892  -  ResidentSetSize of job (KB)
...
006 (113449512.000.000) 2023-03-29 18:01:57 Image size of job updated: 5179160
	866  -  MemoryUsage of job (MB)
	886000  -  ResidentSetSize of job (KB)
...
006 (113449512.000.000) 2023-03-29 18:06:57 Image size of job updated: 5179160
	866  -  MemoryUsage of job (MB)
	886316  -  ResidentSetSize of job (KB)
...
006 (113449512.000.000) 2023-03-29 18:11:58 Image size of job updated: 5179160
	866  -  MemoryUsage of job (MB)
	886552  -  ResidentSetSize of job (KB)
...
006 (113449512.000.000) 2023-03-29 18:16:59 Image size of job updated: 5179160
	867  -  MemoryUsage of job (MB)
	886908  -  ResidentSetSize of job (KB)
...
006 (113449512.000.000) 2023-03-29 18:21:59 Image size of job updated: 5179160
	870  -  MemoryUsage of job (MB)
	890052  -  ResidentSetSize of job (KB)
...
006 (113449512.000.000) 2023-03-29 18:27:00 Image size of job updated: 5179160
	870  -  MemoryUsage of job (MB)
	890156  -  ResidentSetSize of job (KB)
...
006 (113449512.000.000) 2023-03-29 18:32:01 Image size of job updated: 5179160
	874  -  MemoryUsage of job (MB)
	894244  -  ResidentSetSize of job (KB)
...
006 (113449512.000.000) 2023-03-29 18:37:01 Image size of job updated: 5179160
	874  -  MemoryUsage of job (MB)
	894280  -  ResidentSetSize of job (KB)
...
006 (113449512.000.000) 2023-03-29 18:42:02 Image size of job updated: 5179160
	877  -  MemoryUsage of job (MB)
	897628  -  ResidentSetSize of job (KB)
...
006 (113449512.000.000) 2023-03-29 18:47:03 Image size of job updated: 5179160
	879  -  MemoryUsage of job (MB)
	899884  -  ResidentSetSize of job (KB)
...
006 (113449512.000.000) 2023-03-29 18:52:03 Image size of job updated: 5179160
	884  -  MemoryUsage of job (MB)
	904912  -  ResidentSetSize of job (KB)
...
006 (113449512.000.000) 2023-03-29 18:57:04 Image size of job updated: 5179160
	889  -  MemoryUsage of job (MB)
	909756  -  ResidentSetSize of job (KB)
...
006 (113449512.000.000) 2023-03-29 19:12:06 Image size of job updated: 5179160
	891  -  MemoryUsage of job (MB)
	911496  -  ResidentSetSize of job (KB)
...
006 (113449512.000.000) 2023-03-29 19:17:07 Image size of job updated: 5179160
	891  -  MemoryUsage of job (MB)
	911756  -  ResidentSetSize of job (KB)
...
006 (113449512.000.000) 2023-03-29 19:27:08 Image size of job updated: 5179160
	891  -  MemoryUsage of job (MB)
	911820  -  ResidentSetSize of job (KB)
...
006 (113449512.000.000) 2023-03-29 19:42:10 Image size of job updated: 5179160
	926  -  MemoryUsage of job (MB)
	947624  -  ResidentSetSize of job (KB)
...
006 (113449512.000.000) 2023-03-29 19:52:11 Image size of job updated: 5179160
	931  -  MemoryUsage of job (MB)
	952624  -  ResidentSetSize of job (KB)
...
006 (113449512.000.000) 2023-03-29 19:57:12 Image size of job updated: 5179160
	931  -  MemoryUsage of job (MB)
	953232  -  ResidentSetSize of job (KB)
...
006 (113449512.000.000) 2023-03-29 20:02:13 Image size of job updated: 5179160
	957  -  MemoryUsage of job (MB)
	979548  -  ResidentSetSize of job (KB)
...
006 (113449512.000.000) 2023-03-29 20:12:14 Image size of job updated: 5179160
	958  -  MemoryUsage of job (MB)
	980520  -  ResidentSetSize of job (KB)
...
006 (113449512.000.000) 2023-03-29 20:17:15 Image size of job updated: 5179160
	960  -  MemoryUsage of job (MB)
	982692  -  ResidentSetSize of job (KB)
...
006 (113449512.000.000) 2023-03-29 20:27:16 Image size of job updated: 5179160
	961  -  MemoryUsage of job (MB)
	983048  -  ResidentSetSize of job (KB)
...
006 (113449512.000.000) 2023-03-29 20:37:17 Image size of job updated: 5179160
	969  -  MemoryUsage of job (MB)
	992156  -  ResidentSetSize of job (KB)
...
006 (113449512.000.000) 2023-03-29 20:42:18 Image size of job updated: 5179160
	970  -  MemoryUsage of job (MB)
	992956  -  ResidentSetSize of job (KB)
...
006 (113449512.000.000) 2023-03-29 20:47:19 Image size of job updated: 5179160
	974  -  MemoryUsage of job (MB)
	997192  -  ResidentSetSize of job (KB)
...
006 (113449512.000.000) 2023-03-29 20:52:19 Image size of job updated: 5179160
	979  -  MemoryUsage of job (MB)
	1001548  -  ResidentSetSize of job (KB)
...
006 (113449512.000.000) 2023-03-29 20:57:20 Image size of job updated: 5179160
	982  -  MemoryUsage of job (MB)
	1005284  -  ResidentSetSize of job (KB)
...
006 (113449512.000.000) 2023-03-29 21:02:21 Image size of job updated: 5179160
	985  -  MemoryUsage of job (MB)
	1008072  -  ResidentSetSize of job (KB)
...
006 (113449512.000.000) 2023-03-29 21:07:21 Image size of job updated: 5179840
	989  -  MemoryUsage of job (MB)
	1012204  -  ResidentSetSize of job (KB)
...
006 (113449512.000.000) 2023-03-29 21:12:22 Image size of job updated: 5199160
	1008  -  MemoryUsage of job (MB)
	1031744  -  ResidentSetSize of job (KB)
...
006 (113449512.000.000) 2023-03-29 21:17:23 Image size of job updated: 5222184
	1026  -  MemoryUsage of job (MB)
	1049648  -  ResidentSetSize of job (KB)
...
006 (113449512.000.000) 2023-03-29 21:27:23 Image size of job updated: 5230468
	1028  -  MemoryUsage of job (MB)
	1052456  -  ResidentSetSize of job (KB)
...
006 (113449512.000.000) 2023-03-29 21:42:24 Image size of job updated: 5230468
	1031  -  MemoryUsage of job (MB)
	1055296  -  ResidentSetSize of job (KB)
...
006 (113449512.000.000) 2023-03-29 21:52:25 Image size of job updated: 5235548
	1057  -  MemoryUsage of job (MB)
	1081380  -  ResidentSetSize of job (KB)
...
006 (113449512.000.000) 2023-03-29 22:07:26 Image size of job updated: 5241376
	1061  -  MemoryUsage of job (MB)
	1085556  -  ResidentSetSize of job (KB)
...
006 (113449512.000.000) 2023-03-29 22:12:27 Image size of job updated: 5241376
	1061  -  MemoryUsage of job (MB)
	1086132  -  ResidentSetSize of job (KB)
...
006 (113449512.000.000) 2023-03-29 22:17:28 Image size of job updated: 5241376
	1063  -  MemoryUsage of job (MB)
	1087912  -  ResidentSetSize of job (KB)
...
006 (113449512.000.000) 2023-03-29 22:27:29 Image size of job updated: 5241376
	1082  -  MemoryUsage of job (MB)
	1107704  -  ResidentSetSize of job (KB)
...
006 (113449512.000.000) 2023-03-29 22:32:30 Image size of job updated: 5268068
	1134  -  MemoryUsage of job (MB)
	1160548  -  ResidentSetSize of job (KB)
...
006 (113449512.000.000) 2023-03-29 22:42:30 Image size of job updated: 5268068
	1154  -  MemoryUsage of job (MB)
	1181544  -  ResidentSetSize of job (KB)
...
006 (113449512.000.000) 2023-03-29 22:47:31 Image size of job updated: 5268384
	1155  -  MemoryUsage of job (MB)
	1182640  -  ResidentSetSize of job (KB)
...
006 (113449512.000.000) 2023-03-29 22:52:31 Image size of job updated: 5270584
	1158  -  MemoryUsage of job (MB)
	1184888  -  ResidentSetSize of job (KB)
...
006 (113449512.000.000) 2023-03-29 22:57:31 Image size of job updated: 5272888
	1180  -  MemoryUsage of job (MB)
	1207464  -  ResidentSetSize of job (KB)
...
006 (113449512.000.000) 2023-03-29 23:07:32 Image size of job updated: 5273532
	1200  -  MemoryUsage of job (MB)
	1228472  -  ResidentSetSize of job (KB)
...
006 (113449512.000.000) 2023-03-29 23:12:32 Image size of job updated: 5273532
	1220  -  MemoryUsage of job (MB)
	1248264  -  ResidentSetSize of job (KB)
...
006 (113449512.000.000) 2023-03-29 23:17:33 Image size of job updated: 5281076
	1229  -  MemoryUsage of job (MB)
	1257660  -  ResidentSetSize of job (KB)
...
006 (113449512.000.000) 2023-03-29 23:22:33 Image size of job updated: 5285220
	1231  -  MemoryUsage of job (MB)
	1260068  -  ResidentSetSize of job (KB)
...
006 (113449512.000.000) 2023-03-29 23:27:33 Image size of job updated: 5286712
	1233  -  MemoryUsage of job (MB)
	1261876  -  ResidentSetSize of job (KB)
...
006 (113449512.000.000) 2023-03-29 23:32:34 Image size of job updated: 5291576
	1236  -  MemoryUsage of job (MB)
	1265100  -  ResidentSetSize of job (KB)
...
006 (113449512.000.000) 2023-03-29 23:37:34 Image size of job updated: 5291576
	1237  -  MemoryUsage of job (MB)
	1265924  -  ResidentSetSize of job (KB)
...
006 (113449512.000.000) 2023-03-29 23:42:34 Image size of job updated: 5292152
	1238  -  MemoryUsage of job (MB)
	1267140  -  ResidentSetSize of job (KB)
...
006 (113449512.000.000) 2023-03-29 23:52:35 Image size of job updated: 5309608
	1255  -  MemoryUsage of job (MB)
	1284344  -  ResidentSetSize of job (KB)
...
006 (113449512.000.000) 2023-03-29 23:57:35 Image size of job updated: 5309608
	1255  -  MemoryUsage of job (MB)
	1284360  -  ResidentSetSize of job (KB)
...
006 (113449512.000.000) 2023-03-30 00:07:37 Image size of job updated: 5310724
	1256  -  MemoryUsage of job (MB)
	1285940  -  ResidentSetSize of job (KB)
...
006 (113449512.000.000) 2023-03-30 00:17:38 Image size of job updated: 5311284
	1256  -  MemoryUsage of job (MB)
	1285940  -  ResidentSetSize of job (KB)
...
006 (113449512.000.000) 2023-03-30 00:32:40 Image size of job updated: 5327172
	1271  -  MemoryUsage of job (MB)
	1301212  -  ResidentSetSize of job (KB)
...
006 (113449512.000.000) 2023-03-30 00:37:41 Image size of job updated: 5327172
	1272  -  MemoryUsage of job (MB)
	1301980  -  ResidentSetSize of job (KB)
...
006 (113449512.000.000) 2023-03-30 00:42:41 Image size of job updated: 5331524
	1272  -  MemoryUsage of job (MB)
	1301980  -  ResidentSetSize of job (KB)
...
006 (113449512.000.000) 2023-03-30 00:57:42 Image size of job updated: 5331524
	1276  -  MemoryUsage of job (MB)
	1306420  -  ResidentSetSize of job (KB)
...
006 (113449512.000.000) 2023-03-30 01:02:42 Image size of job updated: 5347432
	1292  -  MemoryUsage of job (MB)
	1322276  -  ResidentSetSize of job (KB)
...
006 (113449512.000.000) 2023-03-30 01:07:43 Image size of job updated: 5348816
	1292  -  MemoryUsage of job (MB)
	1322276  -  ResidentSetSize of job (KB)
...
006 (113449512.000.000) 2023-03-30 01:17:43 Image size of job updated: 5350064
	1295  -  MemoryUsage of job (MB)
	1325380  -  ResidentSetSize of job (KB)
...
006 (113449512.000.000) 2023-03-30 01:32:44 Image size of job updated: 5353136
	1296  -  MemoryUsage of job (MB)
	1327096  -  ResidentSetSize of job (KB)
...
006 (113449512.000.000) 2023-03-30 01:42:45 Image size of job updated: 5360152
	1305  -  MemoryUsage of job (MB)
	1335376  -  ResidentSetSize of job (KB)
...
006 (113449512.000.000) 2023-03-30 01:47:45 Image size of job updated: 5367996
	1305  -  MemoryUsage of job (MB)
	1335376  -  ResidentSetSize of job (KB)
...
006 (113449512.000.000) 2023-03-30 01:57:47 Image size of job updated: 5367996
	1308  -  MemoryUsage of job (MB)
	1338760  -  ResidentSetSize of job (KB)
...
006 (113449512.000.000) 2023-03-30 02:12:49 Image size of job updated: 5367996
	1309  -  MemoryUsage of job (MB)
	1340320  -  ResidentSetSize of job (KB)
...
006 (113449512.000.000) 2023-03-30 02:17:49 Image size of job updated: 5367996
	1310  -  MemoryUsage of job (MB)
	1341308  -  ResidentSetSize of job (KB)
...
006 (113449512.000.000) 2023-03-30 02:22:50 Image size of job updated: 5371176
	1312  -  MemoryUsage of job (MB)
	1342568  -  ResidentSetSize of job (KB)
...
006 (113449512.000.000) 2023-03-30 02:32:51 Image size of job updated: 5375012
	1319  -  MemoryUsage of job (MB)
	1350356  -  ResidentSetSize of job (KB)
...
006 (113449512.000.000) 2023-03-30 02:37:52 Image size of job updated: 5379364
	1320  -  MemoryUsage of job (MB)
	1350856  -  ResidentSetSize of job (KB)
...
006 (113449512.000.000) 2023-03-30 02:47:53 Image size of job updated: 5379364
	1321  -  MemoryUsage of job (MB)
	1352384  -  ResidentSetSize of job (KB)
...
006 (113449512.000.000) 2023-03-30 02:57:54 Image size of job updated: 5379364
	1323  -  MemoryUsage of job (MB)
	1353824  -  ResidentSetSize of job (KB)
...
006 (113449512.000.000) 2023-03-30 03:07:54 Image size of job updated: 5392432
	1324  -  MemoryUsage of job (MB)
	1355116  -  ResidentSetSize of job (KB)
...
006 (113449512.000.000) 2023-03-30 03:22:55 Image size of job updated: 5394448
	1324  -  MemoryUsage of job (MB)
	1355116  -  ResidentSetSize of job (KB)
...
006 (113449512.000.000) 2023-03-30 03:37:56 Image size of job updated: 5397636
	1324  -  MemoryUsage of job (MB)
	1355116  -  ResidentSetSize of job (KB)
...
006 (113449512.000.000) 2023-03-30 03:42:57 Image size of job updated: 5397636
	1325  -  MemoryUsage of job (MB)
	1356308  -  ResidentSetSize of job (KB)
...
006 (113449512.000.000) 2023-03-30 03:47:57 Image size of job updated: 5397636
	1327  -  MemoryUsage of job (MB)
	1358044  -  ResidentSetSize of job (KB)
...
006 (113449512.000.000) 2023-03-30 04:13:00 Image size of job updated: 5397636
	1331  -  MemoryUsage of job (MB)
	1362500  -  ResidentSetSize of job (KB)
...
006 (113449512.000.000) 2023-03-30 04:28:02 Image size of job updated: 5397636
	1332  -  MemoryUsage of job (MB)
	1363784  -  ResidentSetSize of job (KB)
...
006 (113449512.000.000) 2023-03-30 04:33:03 Image size of job updated: 5401936
	1343  -  MemoryUsage of job (MB)
	1375160  -  ResidentSetSize of job (KB)
...
006 (113449512.000.000) 2023-03-30 04:43:04 Image size of job updated: 5402296
	1344  -  MemoryUsage of job (MB)
	1375472  -  ResidentSetSize of job (KB)
...
006 (113449512.000.000) 2023-03-30 04:48:05 Image size of job updated: 5404808
	1348  -  MemoryUsage of job (MB)
	1379904  -  ResidentSetSize of job (KB)
...
006 (113449512.000.000) 2023-03-30 04:53:05 Image size of job updated: 5473044
	1349  -  MemoryUsage of job (MB)
	1381320  -  ResidentSetSize of job (KB)
...
006 (113449512.000.000) 2023-03-30 05:08:07 Image size of job updated: 5473044
	1350  -  MemoryUsage of job (MB)
	1382200  -  ResidentSetSize of job (KB)
...
006 (113449512.000.000) 2023-03-30 05:18:09 Image size of job updated: 5479472
	1354  -  MemoryUsage of job (MB)
	1386468  -  ResidentSetSize of job (KB)
...
006 (113449512.000.000) 2023-03-30 05:33:11 Image size of job updated: 5479472
	1358  -  MemoryUsage of job (MB)
	1390092  -  ResidentSetSize of job (KB)
...
006 (113449512.000.000) 2023-03-30 05:38:11 Image size of job updated: 5479472
	1358  -  MemoryUsage of job (MB)
	1390216  -  ResidentSetSize of job (KB)
...
006 (113449512.000.000) 2023-03-30 05:58:12 Image size of job updated: 5496208
	1365  -  MemoryUsage of job (MB)
	1397728  -  ResidentSetSize of job (KB)
...
006 (113449512.000.000) 2023-03-30 06:03:13 Image size of job updated: 5496208
	1365  -  MemoryUsage of job (MB)
	1397732  -  ResidentSetSize of job (KB)
...
006 (113449512.000.000) 2023-03-30 06:08:13 Image size of job updated: 5496208
	1366  -  MemoryUsage of job (MB)
	1398604  -  ResidentSetSize of job (KB)
...
006 (113449512.000.000) 2023-03-30 06:18:14 Image size of job updated: 5496208
	1368  -  MemoryUsage of job (MB)
	1400652  -  ResidentSetSize of job (KB)
...
006 (113449512.000.000) 2023-03-30 06:23:14 Image size of job updated: 5496208
	1368  -  MemoryUsage of job (MB)
	1400756  -  ResidentSetSize of job (KB)
...
006 (113449512.000.000) 2023-03-30 06:28:14 Image size of job updated: 5496208
	1370  -  MemoryUsage of job (MB)
	1402308  -  ResidentSetSize of job (KB)
...
006 (113449512.000.000) 2023-03-30 06:43:16 Image size of job updated: 5496208
	1374  -  MemoryUsage of job (MB)
	1406216  -  ResidentSetSize of job (KB)
...
006 (113449512.000.000) 2023-03-30 06:53:18 Image size of job updated: 5496208
	1375  -  MemoryUsage of job (MB)
	1407540  -  ResidentSetSize of job (KB)
...
006 (113449512.000.000) 2023-03-30 07:03:18 Image size of job updated: 5508480
	1376  -  MemoryUsage of job (MB)
	1408524  -  ResidentSetSize of job (KB)
...
006 (113449512.000.000) 2023-03-30 07:13:19 Image size of job updated: 5508480
	1379  -  MemoryUsage of job (MB)
	1411664  -  ResidentSetSize of job (KB)
...
006 (113449512.000.000) 2023-03-30 07:18:19 Image size of job updated: 5508480
	1382  -  MemoryUsage of job (MB)
	1414384  -  ResidentSetSize of job (KB)
...
006 (113449512.000.000) 2023-03-30 07:28:21 Image size of job updated: 5508480
	1396  -  MemoryUsage of job (MB)
	1429196  -  ResidentSetSize of job (KB)
...
006 (113449512.000.000) 2023-03-30 07:33:21 Image size of job updated: 5508480
	1409  -  MemoryUsage of job (MB)
	1442080  -  ResidentSetSize of job (KB)
...
006 (113449512.000.000) 2023-03-30 07:38:21 Image size of job updated: 5629944
	1411  -  MemoryUsage of job (MB)
	1444792  -  ResidentSetSize of job (KB)
...
006 (113449512.000.000) 2023-03-30 07:53:22 Image size of job updated: 5629944
	1413  -  MemoryUsage of job (MB)
	1446012  -  ResidentSetSize of job (KB)
...
006 (113449512.000.000) 2023-03-30 07:58:23 Image size of job updated: 5629944
	1415  -  MemoryUsage of job (MB)
	1448060  -  ResidentSetSize of job (KB)
...
006 (113449512.000.000) 2023-03-30 08:03:24 Image size of job updated: 5629944
	1417  -  MemoryUsage of job (MB)
	1450808  -  ResidentSetSize of job (KB)
...
006 (113449512.000.000) 2023-03-30 08:18:26 Image size of job updated: 5629944
	1418  -  MemoryUsage of job (MB)
	1451208  -  ResidentSetSize of job (KB)
...
006 (113449512.000.000) 2023-03-30 08:23:26 Image size of job updated: 5629944
	1420  -  MemoryUsage of job (MB)
	1453256  -  ResidentSetSize of job (KB)
...
006 (113449512.000.000) 2023-03-30 08:28:26 Image size of job updated: 5629944
	1448  -  MemoryUsage of job (MB)
	1481888  -  ResidentSetSize of job (KB)
...
006 (113449512.000.000) 2023-03-30 08:38:28 Image size of job updated: 5629944
	1456  -  MemoryUsage of job (MB)
	1490596  -  ResidentSetSize of job (KB)
...
006 (113449512.000.000) 2023-03-30 08:53:30 Image size of job updated: 5629944
	1457  -  MemoryUsage of job (MB)
	1491964  -  ResidentSetSize of job (KB)
...
006 (113449512.000.000) 2023-03-30 08:58:30 Image size of job updated: 5629944
	1459  -  MemoryUsage of job (MB)
	1494012  -  ResidentSetSize of job (KB)
...
006 (113449512.000.000) 2023-03-30 09:03:30 Image size of job updated: 5629944
	1461  -  MemoryUsage of job (MB)
	1495308  -  ResidentSetSize of job (KB)
...
006 (113449512.000.000) 2023-03-30 09:18:32 Image size of job updated: 5629944
	1473  -  MemoryUsage of job (MB)
	1507560  -  ResidentSetSize of job (KB)
...
006 (113449512.000.000) 2023-03-30 09:23:33 Image size of job updated: 5629944
	1478  -  MemoryUsage of job (MB)
	1513372  -  ResidentSetSize of job (KB)
...
006 (113449512.000.000) 2023-03-30 09:33:34 Image size of job updated: 5629944
	1479  -  MemoryUsage of job (MB)
	1513940  -  ResidentSetSize of job (KB)
...
006 (113449512.000.000) 2023-03-30 09:38:34 Image size of job updated: 5637548
	1482  -  MemoryUsage of job (MB)
	1516856  -  ResidentSetSize of job (KB)
...
006 (113449512.000.000) 2023-03-30 09:48:36 Image size of job updated: 5637548
	1482  -  MemoryUsage of job (MB)
	1517176  -  ResidentSetSize of job (KB)
...
006 (113449512.000.000) 2023-03-30 09:53:36 Image size of job updated: 5637548
	1482  -  MemoryUsage of job (MB)
	1517300  -  ResidentSetSize of job (KB)
...
006 (113449512.000.000) 2023-03-30 09:58:37 Image size of job updated: 5637548
	1485  -  MemoryUsage of job (MB)
	1520216  -  ResidentSetSize of job (KB)
...
006 (113449512.000.000) 2023-03-30 10:08:38 Image size of job updated: 5637548
	1489  -  MemoryUsage of job (MB)
	1524584  -  ResidentSetSize of job (KB)
...
006 (113449512.000.000) 2023-03-30 10:23:40 Image size of job updated: 5637548
	1490  -  MemoryUsage of job (MB)
	1525144  -  ResidentSetSize of job (KB)
...
006 (113449512.000.000) 2023-03-30 10:38:42 Image size of job updated: 5647208
	1493  -  MemoryUsage of job (MB)
	1528032  -  ResidentSetSize of job (KB)
...
006 (113449512.000.000) 2023-03-30 10:48:43 Image size of job updated: 5648096
	1493  -  MemoryUsage of job (MB)
	1528316  -  ResidentSetSize of job (KB)
...
006 (113449512.000.000) 2023-03-30 10:58:43 Image size of job updated: 5648096
	1495  -  MemoryUsage of job (MB)
	1530452  -  ResidentSetSize of job (KB)
...
006 (113449512.000.000) 2023-03-30 11:08:44 Image size of job updated: 5648096
	1497  -  MemoryUsage of job (MB)
	1532244  -  ResidentSetSize of job (KB)
...
006 (113449512.000.000) 2023-03-30 11:28:45 Image size of job updated: 5648096
	1513  -  MemoryUsage of job (MB)
	1549204  -  ResidentSetSize of job (KB)
...
006 (113449512.000.000) 2023-03-30 11:53:49 Image size of job updated: 5648096
	1517  -  MemoryUsage of job (MB)
	1553228  -  ResidentSetSize of job (KB)
...
006 (113449512.000.000) 2023-03-30 12:08:51 Image size of job updated: 5648096
	1518  -  MemoryUsage of job (MB)
	1553568  -  ResidentSetSize of job (KB)
...
006 (113449512.000.000) 2023-03-30 12:18:52 Image size of job updated: 5674856
	1518  -  MemoryUsage of job (MB)
	1553568  -  ResidentSetSize of job (KB)
...
006 (113449512.000.000) 2023-03-30 12:33:54 Image size of job updated: 5676836
	1520  -  MemoryUsage of job (MB)
	1556348  -  ResidentSetSize of job (KB)
...
006 (113449512.000.000) 2023-03-30 12:38:55 Image size of job updated: 5676836
	1521  -  MemoryUsage of job (MB)
	1556760  -  ResidentSetSize of job (KB)
...
006 (113449512.000.000) 2023-03-30 12:48:56 Image size of job updated: 5676836
	1521  -  MemoryUsage of job (MB)
	1557140  -  ResidentSetSize of job (KB)
...
006 (113449512.000.000) 2023-03-30 13:03:57 Image size of job updated: 5676836
	1526  -  MemoryUsage of job (MB)
	1561676  -  ResidentSetSize of job (KB)
...
006 (113449512.000.000) 2023-03-30 13:08:58 Image size of job updated: 5676836
	1528  -  MemoryUsage of job (MB)
	1563736  -  ResidentSetSize of job (KB)
...
006 (113449512.000.000) 2023-03-30 13:13:58 Image size of job updated: 5676836
	1528  -  MemoryUsage of job (MB)
	1563860  -  ResidentSetSize of job (KB)
...
006 (113449512.000.000) 2023-03-30 13:18:58 Image size of job updated: 5676836
	1528  -  MemoryUsage of job (MB)
	1563984  -  ResidentSetSize of job (KB)
...
006 (113449512.000.000) 2023-03-30 13:24:00 Image size of job updated: 5676836
	1531  -  MemoryUsage of job (MB)
	1567240  -  ResidentSetSize of job (KB)
...
006 (113449512.000.000) 2023-03-30 13:39:01 Image size of job updated: 5700656
	1532  -  MemoryUsage of job (MB)
	1568640  -  ResidentSetSize of job (KB)
...
006 (113449512.000.000) 2023-03-30 13:44:02 Image size of job updated: 5700656
	1534  -  MemoryUsage of job (MB)
	1570432  -  ResidentSetSize of job (KB)
...
006 (113449512.000.000) 2023-03-30 13:59:04 Image size of job updated: 5700656
	1542  -  MemoryUsage of job (MB)
	1578128  -  ResidentSetSize of job (KB)
...
006 (113449512.000.000) 2023-03-30 14:19:06 Image size of job updated: 5711868
	1545  -  MemoryUsage of job (MB)
	1581696  -  ResidentSetSize of job (KB)
...
006 (113449512.000.000) 2023-03-30 14:34:07 Image size of job updated: 5711868
	1546  -  MemoryUsage of job (MB)
	1582516  -  ResidentSetSize of job (KB)
...
006 (113449512.000.000) 2023-03-30 14:44:08 Image size of job updated: 5717116
	1550  -  MemoryUsage of job (MB)
	1586208  -  ResidentSetSize of job (KB)
...
006 (113449512.000.000) 2023-03-30 14:59:10 Image size of job updated: 5718636
	1551  -  MemoryUsage of job (MB)
	1587420  -  ResidentSetSize of job (KB)
...
006 (113449512.000.000) 2023-03-30 15:19:13 Image size of job updated: 5720148
	1551  -  MemoryUsage of job (MB)
	1587420  -  ResidentSetSize of job (KB)
...
006 (113449512.000.000) 2023-03-30 15:29:13 Image size of job updated: 5778188
	1606  -  MemoryUsage of job (MB)
	1643868  -  ResidentSetSize of job (KB)
...
006 (113449512.000.000) 2023-03-30 15:49:15 Image size of job updated: 5778188
	1607  -  MemoryUsage of job (MB)
	1645296  -  ResidentSetSize of job (KB)
...
006 (113449512.000.000) 2023-03-30 15:54:15 Image size of job updated: 5778188
	1609  -  MemoryUsage of job (MB)
	1647088  -  ResidentSetSize of job (KB)
...
006 (113449512.000.000) 2023-03-30 16:04:16 Image size of job updated: 5783476
	1611  -  MemoryUsage of job (MB)
	1649524  -  ResidentSetSize of job (KB)
...
006 (113449512.000.000) 2023-03-30 16:09:17 Image size of job updated: 5783476
	1612  -  MemoryUsage of job (MB)
	1649888  -  ResidentSetSize of job (KB)
...
006 (113449512.000.000) 2023-03-30 16:14:17 Image size of job updated: 5785484
	1613  -  MemoryUsage of job (MB)
	1651136  -  ResidentSetSize of job (KB)
...
006 (113449512.000.000) 2023-03-30 16:24:19 Image size of job updated: 5785484
	1614  -  MemoryUsage of job (MB)
	1652160  -  ResidentSetSize of job (KB)
...
006 (113449512.000.000) 2023-03-30 16:29:19 Image size of job updated: 5787780
	1616  -  MemoryUsage of job (MB)
	1653848  -  ResidentSetSize of job (KB)
...
006 (113449512.000.000) 2023-03-30 16:44:20 Image size of job updated: 5803032
	1619  -  MemoryUsage of job (MB)
	1657244  -  ResidentSetSize of job (KB)
...
006 (113449512.000.000) 2023-03-30 16:59:22 Image size of job updated: 5805544
	1620  -  MemoryUsage of job (MB)
	1658728  -  ResidentSetSize of job (KB)
...
006 (113449512.000.000) 2023-03-30 17:14:24 Image size of job updated: 5806296
	1621  -  MemoryUsage of job (MB)
	1659204  -  ResidentSetSize of job (KB)
...
004 (113449512.000.000) 2023-03-30 17:17:09 Job was evicted.
	(0) CPU times
		Usr 2 22:44:57, Sys 0 00:05:29  -  Run Remote Usage
		Usr 0 00:00:00, Sys 0 00:00:00  -  Run Local Usage
	0  -  Run Bytes Sent By Job
	366  -  Run Bytes Received By Job
	Partitionable Resources :    Usage  Request Allocated 
	   Cpus                 :     4.88        1         1 
	   Disk (KB)            :  3653      500000    624256 
	   GPUs                 :                           0 
	   Memory (MB)          :  1621       20000     20096 
...
040 (113449512.000.000) 2023-03-30 17:29:02 Started transferring input files
	Transferring to host: <10.14.10.114:9618?addrs=10.14.10.114-9618&alias=node2364.cluster.ldas.cit&noUDP&sock=slot1_3_501136_6594_1068>
...
040 (113449512.000.000) 2023-03-30 17:29:02 Finished transferring input files
...
001 (113449512.000.000) 2023-03-30 17:29:03 Job executing on host: <10.14.10.114:9618?addrs=10.14.10.114-9618&alias=node2364.cluster.ldas.cit&noUDP&sock=startd_501092_02ed>
...
006 (113449512.000.000) 2023-03-31 16:31:36 Image size of job updated: 7500000
	1810  -  MemoryUsage of job (MB)
	1853156  -  ResidentSetSize of job (KB)
...
004 (113449512.000.000) 2023-03-31 18:07:08 Job was evicted.
	(0) CPU times
		Usr 3 05:19:41, Sys 0 00:05:41  -  Run Remote Usage
		Usr 0 00:00:00, Sys 0 00:00:00  -  Run Local Usage
	0  -  Run Bytes Sent By Job
	366  -  Run Bytes Received By Job
	Partitionable Resources :    Usage  Request Allocated 
	   Cpus                 :     7.93        1         1 
	   Disk (KB)            :  3252      500000    624256 
	   GPUs                 :                           0 
	   Memory (MB)          :  1810       20000     20096 
...
040 (113449512.000.000) 2023-03-31 18:19:53 Started transferring input files
	Transferring to host: <10.14.10.112:9618?addrs=10.14.10.112-9618&alias=node2362.cluster.ldas.cit&noUDP&sock=slot1_17_1499178_45dd_2075>
...
040 (113449512.000.000) 2023-03-31 18:19:54 Finished transferring input files
...
001 (113449512.000.000) 2023-03-31 18:19:55 Job executing on host: <10.14.10.112:9618?addrs=10.14.10.112-9618&alias=node2362.cluster.ldas.cit&noUDP&sock=startd_1499136_2e83>
...
006 (113449512.000.000) 2023-04-01 12:26:51 Image size of job updated: 7500000
	1959  -  MemoryUsage of job (MB)
	2005312  -  ResidentSetSize of job (KB)
...
004 (113449512.000.000) 2023-04-01 19:40:01 Job was evicted.
	(0) CPU times
		Usr 4 02:22:33, Sys 0 00:04:49  -  Run Remote Usage
		Usr 0 00:00:00, Sys 0 00:00:00  -  Run Local Usage
	0  -  Run Bytes Sent By Job
	366  -  Run Bytes Received By Job
	Partitionable Resources :    Usage  Request Allocated 
	   Cpus                 :     1.23        1         1 
	   Disk (KB)            :  3124      500000    624256 
	   GPUs                 :                           0 
	   Memory (MB)          :  1959       20000     20096 
...
040 (113449512.000.000) 2023-04-01 19:57:10 Started transferring input files
	Transferring to host: <10.14.10.75:9618?addrs=10.14.10.75-9618&alias=node2325.cluster.ldas.cit&noUDP&sock=slot1_11_441540_9f9c_8707>
...
040 (113449512.000.000) 2023-04-01 19:57:10 Finished transferring input files
...
001 (113449512.000.000) 2023-04-01 19:57:11 Job executing on host: <10.14.10.75:9618?addrs=10.14.10.75-9618&alias=node2325.cluster.ldas.cit&noUDP&sock=startd_441498_7bf7>
...
004 (113449512.000.000) 2023-04-02 22:23:04 Job was evicted.
	(0) CPU times
		Usr 2 07:25:54, Sys 0 00:07:43  -  Run Remote Usage
		Usr 0 00:00:00, Sys 0 00:00:00  -  Run Local Usage
	0  -  Run Bytes Sent By Job
	366  -  Run Bytes Received By Job
	Partitionable Resources :    Usage  Request Allocated 
	   Cpus                 :     2.00        1         1 
	   Disk (KB)            :  2838      500000    624256 
	   GPUs                 :                           0 
	   Memory (MB)          :  2198       20000     20096 
...
040 (113449512.000.000) 2023-04-02 22:23:07 Started transferring input files
	Transferring to host: <10.14.10.76:9618?addrs=10.14.10.76-9618&alias=node2326.cluster.ldas.cit&noUDP&sock=slot1_19_426499_e0d9_14826>
...
040 (113449512.000.000) 2023-04-02 22:23:07 Finished transferring input files
...
001 (113449512.000.000) 2023-04-02 22:23:08 Job executing on host: <10.14.10.76:9618?addrs=10.14.10.76-9618&alias=node2326.cluster.ldas.cit&noUDP&sock=startd_426455_3cca>
...
004 (113449512.000.000) 2023-04-04 01:22:00 Job was evicted.
	(0) CPU times
		Usr 4 09:00:16, Sys 0 00:05:34  -  Run Remote Usage
		Usr 0 00:00:00, Sys 0 00:00:00  -  Run Local Usage
	0  -  Run Bytes Sent By Job
	366  -  Run Bytes Received By Job
	Partitionable Resources :    Usage  Request Allocated 
	   Cpus                 :     0.99        1         1 
	   Disk (KB)            :  2980      500000    624256 
	   GPUs                 :                           0 
	   Memory (MB)          :  2198       20000     20096 
...
040 (113449512.000.000) 2023-04-04 01:36:51 Started transferring input files
	Transferring to host: <10.14.10.26:9618?addrs=10.14.10.26-9618&alias=node2276.cluster.ldas.cit&noUDP&sock=slot1_3_1387394_551b_28160>
...
040 (113449512.000.000) 2023-04-04 01:36:51 Finished transferring input files
...
001 (113449512.000.000) 2023-04-04 01:36:52 Job executing on host: <10.14.10.26:9618?addrs=10.14.10.26-9618&alias=node2276.cluster.ldas.cit&noUDP&sock=startd_679276_6a2b>
...
004 (113449512.000.000) 2023-04-04 13:15:47 Job was evicted.
	(0) CPU times
		Usr 1 21:46:08, Sys 0 00:01:59  -  Run Remote Usage
		Usr 0 00:00:00, Sys 0 00:00:00  -  Run Local Usage
	0  -  Run Bytes Sent By Job
	366  -  Run Bytes Received By Job
	Partitionable Resources :    Usage  Request Allocated 
	   Cpus                 :     7.97        1         1 
	   Disk (KB)            :  2855      500000    624256 
	   GPUs                 :                           0 
	   Memory (MB)          :  2198       20000     20096 
...
040 (113449512.000.000) 2023-04-04 14:01:11 Started transferring input files
	Transferring to host: <10.14.10.68:9618?addrs=10.14.10.68-9618&alias=node2318.cluster.ldas.cit&noUDP&sock=slot1_2_3337961_3d92_6>
...
040 (113449512.000.000) 2023-04-04 14:01:11 Finished transferring input files
...
001 (113449512.000.000) 2023-04-04 14:01:12 Job executing on host: <10.14.10.68:9618?addrs=10.14.10.68-9618&alias=node2318.cluster.ldas.cit&noUDP&sock=startd_3337919_6054>
...
006 (113449512.000.000) 2023-04-05 01:27:31 Image size of job updated: 7500000
	2232  -  MemoryUsage of job (MB)
	2285236  -  ResidentSetSize of job (KB)
...
006 (113449512.000.000) 2023-04-05 04:52:52 Image size of job updated: 7500000
	2287  -  MemoryUsage of job (MB)
	2340944  -  ResidentSetSize of job (KB)
...
006 (113449512.000.000) 2023-04-05 06:08:00 Image size of job updated: 7500000
	2346  -  MemoryUsage of job (MB)
	2401996  -  ResidentSetSize of job (KB)
...
006 (113449512.000.000) 2023-04-05 12:48:42 Image size of job updated: 7500000
	2369  -  MemoryUsage of job (MB)
	2425112  -  ResidentSetSize of job (KB)
...
004 (113449512.000.000) 2023-04-05 14:01:37 Job was evicted.
	(0) CPU times
		Usr 3 12:57:19, Sys 0 00:04:24  -  Run Remote Usage
		Usr 0 00:00:00, Sys 0 00:00:00  -  Run Local Usage
	0  -  Run Bytes Sent By Job
	366  -  Run Bytes Received By Job
	Partitionable Resources :    Usage  Request Allocated 
	   Cpus                 :     0.99        1         1 
	   Disk (KB)            :  2896      500000    624256 
	   GPUs                 :                           0 
	   Memory (MB)          :  2369       20000     20096 
...
040 (113449512.000.000) 2023-04-05 14:05:30 Started transferring input files
	Transferring to host: <10.14.9.91:9618?addrs=10.14.9.91-9618&alias=node2091.cluster.ldas.cit&noUDP&sock=slot1_10_2994812_ba30_8891>
...
040 (113449512.000.000) 2023-04-05 14:05:30 Finished transferring input files
...
001 (113449512.000.000) 2023-04-05 14:05:31 Job executing on host: <10.14.9.91:9618?addrs=10.14.9.91-9618&alias=node2091.cluster.ldas.cit&noUDP&sock=startd_2994774_72a6>
...
004 (113449512.000.000) 2023-04-05 14:52:22 Job was evicted.
	(0) CPU times
		Usr 0 02:18:04, Sys 0 00:00:07  -  Run Remote Usage
		Usr 0 00:00:00, Sys 0 00:00:00  -  Run Local Usage
	0  -  Run Bytes Sent By Job
	366  -  Run Bytes Received By Job
	Partitionable Resources :    Usage  Request Allocated 
	   Cpus                 :     1.97        1         1 
	   Disk (KB)            :  2713      500000    609620 
	   GPUs                 :                           0 
	   Memory (MB)          :  2442       20000     20096 
...
009 (113449512.000.000) 2023-04-05 14:52:22 Job was aborted.
	removed because <OtherJobRemoveRequirements = DAGManJobId =?= 113449368> fired when job (113449368.0) was removed
...
000 (113587174.000.000) 2023-04-05 14:54:14 Job submitted from host: <10.14.0.160:9618?addrs=10.14.0.160-9618&alias=ldas-pcdev2.ligo.caltech.edu&noUDP&sock=schedd_7450_a8a7>
    DAG Node: 116
...
040 (113587174.000.000) 2023-04-05 14:56:12 Started transferring input files
	Transferring to host: <10.14.9.90:9618?addrs=10.14.9.90-9618&alias=node2090.cluster.ldas.cit&noUDP&sock=slot1_12_3667716_7814_13587>
...
040 (113587174.000.000) 2023-04-05 14:56:12 Finished transferring input files
...
001 (113587174.000.000) 2023-04-05 14:56:13 Job executing on host: <10.14.9.90:9618?addrs=10.14.9.90-9618&alias=node2090.cluster.ldas.cit&noUDP&sock=startd_3667678_9f42>
...
006 (113587174.000.000) 2023-04-05 14:56:22 Image size of job updated: 565596
	190  -  MemoryUsage of job (MB)
	194500  -  ResidentSetSize of job (KB)
...
006 (113587174.000.000) 2023-04-05 15:01:23 Image size of job updated: 5009480
	769  -  MemoryUsage of job (MB)
	787164  -  ResidentSetSize of job (KB)
...
006 (113587174.000.000) 2023-04-05 15:06:24 Image size of job updated: 5048280
	814  -  MemoryUsage of job (MB)
	833340  -  ResidentSetSize of job (KB)
...
006 (113587174.000.000) 2023-04-05 15:11:24 Image size of job updated: 5096668
	854  -  MemoryUsage of job (MB)
	874408  -  ResidentSetSize of job (KB)
...
006 (113587174.000.000) 2023-04-05 15:16:25 Image size of job updated: 5151316
	908  -  MemoryUsage of job (MB)
	928952  -  ResidentSetSize of job (KB)
...
006 (113587174.000.000) 2023-04-05 15:21:26 Image size of job updated: 5195928
	951  -  MemoryUsage of job (MB)
	973204  -  ResidentSetSize of job (KB)
...
006 (113587174.000.000) 2023-04-05 15:26:26 Image size of job updated: 5262540
	1016  -  MemoryUsage of job (MB)
	1040112  -  ResidentSetSize of job (KB)
...
006 (113587174.000.000) 2023-04-05 15:31:27 Image size of job updated: 5275720
	1031  -  MemoryUsage of job (MB)
	1055288  -  ResidentSetSize of job (KB)
...
006 (113587174.000.000) 2023-04-05 15:36:28 Image size of job updated: 5283084
	1036  -  MemoryUsage of job (MB)
	1060660  -  ResidentSetSize of job (KB)
...
006 (113587174.000.000) 2023-04-05 15:41:28 Image size of job updated: 5406476
	1158  -  MemoryUsage of job (MB)
	1185748  -  ResidentSetSize of job (KB)
...
006 (113587174.000.000) 2023-04-05 15:46:28 Image size of job updated: 5996692
	1446  -  MemoryUsage of job (MB)
	1479868  -  ResidentSetSize of job (KB)
...
006 (113587174.000.000) 2023-04-05 15:51:29 Image size of job updated: 5996692
	1450  -  MemoryUsage of job (MB)
	1484356  -  ResidentSetSize of job (KB)
...
006 (113587174.000.000) 2023-04-05 15:56:29 Image size of job updated: 5996692
	1458  -  MemoryUsage of job (MB)
	1492720  -  ResidentSetSize of job (KB)
...
006 (113587174.000.000) 2023-04-05 16:01:29 Image size of job updated: 5996692
	1487  -  MemoryUsage of job (MB)
	1521884  -  ResidentSetSize of job (KB)
...
006 (113587174.000.000) 2023-04-05 16:06:30 Image size of job updated: 5996692
	1495  -  MemoryUsage of job (MB)
	1530456  -  ResidentSetSize of job (KB)
...
006 (113587174.000.000) 2023-04-05 16:11:31 Image size of job updated: 5996692
	1523  -  MemoryUsage of job (MB)
	1559248  -  ResidentSetSize of job (KB)
...
006 (113587174.000.000) 2023-04-05 16:21:32 Image size of job updated: 6137892
	1523  -  MemoryUsage of job (MB)
	1559248  -  ResidentSetSize of job (KB)
...
006 (113587174.000.000) 2023-04-05 16:41:35 Image size of job updated: 6137892
	1548  -  MemoryUsage of job (MB)
	1584804  -  ResidentSetSize of job (KB)
...
006 (113587174.000.000) 2023-04-05 16:46:35 Image size of job updated: 6137892
	1665  -  MemoryUsage of job (MB)
	1704604  -  ResidentSetSize of job (KB)
...
006 (113587174.000.000) 2023-04-05 16:51:35 Image size of job updated: 6184664
	1890  -  MemoryUsage of job (MB)
	1935012  -  ResidentSetSize of job (KB)
...
006 (113587174.000.000) 2023-04-05 17:06:37 Image size of job updated: 6229860
	1890  -  MemoryUsage of job (MB)
	1935012  -  ResidentSetSize of job (KB)
...
006 (113587174.000.000) 2023-04-05 17:36:40 Image size of job updated: 6237504
	2260  -  MemoryUsage of job (MB)
	2313500  -  ResidentSetSize of job (KB)
...
006 (113587174.000.000) 2023-04-05 19:21:50 Image size of job updated: 6243792
	2260  -  MemoryUsage of job (MB)
	2313500  -  ResidentSetSize of job (KB)
...
006 (113587174.000.000) 2023-04-05 19:56:54 Image size of job updated: 6255544
	2260  -  MemoryUsage of job (MB)
	2313500  -  ResidentSetSize of job (KB)
...
006 (113587174.000.000) 2023-04-06 00:27:22 Image size of job updated: 6255544
	2260  -  MemoryUsage of job (MB)
	2313532  -  ResidentSetSize of job (KB)
...
006 (113587174.000.000) 2023-04-06 00:52:25 Image size of job updated: 6274972
	2260  -  MemoryUsage of job (MB)
	2313532  -  ResidentSetSize of job (KB)
...
006 (113587174.000.000) 2023-04-06 01:52:30 Image size of job updated: 6274972
	2298  -  MemoryUsage of job (MB)
	2352492  -  ResidentSetSize of job (KB)
...
006 (113587174.000.000) 2023-04-06 02:22:33 Image size of job updated: 6575848
	2298  -  MemoryUsage of job (MB)
	2352492  -  ResidentSetSize of job (KB)
...
006 (113587174.000.000) 2023-04-06 05:27:50 Image size of job updated: 6575848
	2357  -  MemoryUsage of job (MB)
	2412596  -  ResidentSetSize of job (KB)
...
004 (113587174.000.000) 2023-04-06 15:50:02 Job was evicted.
	(0) CPU times
		Usr 3 17:17:27, Sys 0 00:08:19  -  Run Remote Usage
		Usr 0 00:00:00, Sys 0 00:00:00  -  Run Local Usage
	0  -  Run Bytes Sent By Job
	366  -  Run Bytes Received By Job
	Partitionable Resources :    Usage  Request Allocated 
	   Cpus                 :     0.99        1         1 
	   Disk (KB)            :  2860      500000    609620 
	   GPUs                 :                           0 
	   Memory (MB)          :  2357       20000     20096 
...
040 (113587174.000.000) 2023-04-06 16:02:20 Started transferring input files
	Transferring to host: <10.14.4.82:9618?addrs=10.14.4.82-9618&alias=node832.cluster.ldas.cit&noUDP&sock=slot1_3_712548_46a9_20968>
...
040 (113587174.000.000) 2023-04-06 16:02:20 Finished transferring input files
...
001 (113587174.000.000) 2023-04-06 16:02:21 Job executing on host: <10.14.4.82:9618?addrs=10.14.4.82-9618&alias=node832.cluster.ldas.cit&noUDP&sock=startd_3301_ca37>
...
004 (113587174.000.000) 2023-04-06 16:04:44 Job was evicted.
	(0) CPU times
		Usr 0 00:03:40, Sys 0 00:00:01  -  Run Remote Usage
		Usr 0 00:00:00, Sys 0 00:00:00  -  Run Local Usage
	0  -  Run Bytes Sent By Job
	366  -  Run Bytes Received By Job
	Partitionable Resources :    Usage  Request Allocated 
	   Cpus                 :     0.99        1         1 
	   Disk (KB)            :  2705      500000    624256 
	   GPUs                 :                           0 
	   Memory (MB)          :  2442       20000     20000 
...
009 (113587174.000.000) 2023-04-06 16:04:44 Job was aborted.
	removed because <OtherJobRemoveRequirements = DAGManJobId =?= 113587092> fired when job (113587092.0) was removed
...
000 (113604287.000.000) 2023-04-06 16:27:57 Job submitted from host: <10.14.0.160:9618?addrs=10.14.0.160-9618&alias=ldas-pcdev2.ligo.caltech.edu&noUDP&sock=schedd_7450_a8a7>
    DAG Node: 116
...
040 (113604287.000.000) 2023-04-06 16:32:44 Started transferring input files
	Transferring to host: <10.14.4.67:9618?addrs=10.14.4.67-9618&alias=node817.cluster.ldas.cit&noUDP&sock=slot1_3_2288974_00d1_1204>
...
040 (113604287.000.000) 2023-04-06 16:32:44 Finished transferring input files
...
001 (113604287.000.000) 2023-04-06 16:32:45 Job executing on host: <10.14.4.67:9618?addrs=10.14.4.67-9618&alias=node817.cluster.ldas.cit&noUDP&sock=startd_2288932_8b97>
...
006 (113604287.000.000) 2023-04-06 16:32:54 Image size of job updated: 594112
	190  -  MemoryUsage of job (MB)
	194420  -  ResidentSetSize of job (KB)
...
006 (113604287.000.000) 2023-04-06 16:37:55 Image size of job updated: 5165696
	295  -  MemoryUsage of job (MB)
	301472  -  ResidentSetSize of job (KB)
...
006 (113604287.000.000) 2023-04-06 16:42:56 Image size of job updated: 5165696
	296  -  MemoryUsage of job (MB)
	302540  -  ResidentSetSize of job (KB)
...
006 (113604287.000.000) 2023-04-06 16:47:56 Image size of job updated: 5165696
	467  -  MemoryUsage of job (MB)
	478068  -  ResidentSetSize of job (KB)
...
006 (113604287.000.000) 2023-04-06 16:52:57 Image size of job updated: 5165696
	476  -  MemoryUsage of job (MB)
	486884  -  ResidentSetSize of job (KB)
...
006 (113604287.000.000) 2023-04-06 16:57:58 Image size of job updated: 5165696
	538  -  MemoryUsage of job (MB)
	550248  -  ResidentSetSize of job (KB)
...
006 (113604287.000.000) 2023-04-06 17:02:58 Image size of job updated: 5165696
	545  -  MemoryUsage of job (MB)
	557088  -  ResidentSetSize of job (KB)
...
006 (113604287.000.000) 2023-04-06 17:07:58 Image size of job updated: 5165696
	552  -  MemoryUsage of job (MB)
	564360  -  ResidentSetSize of job (KB)
...
006 (113604287.000.000) 2023-04-06 17:12:59 Image size of job updated: 5165696
	558  -  MemoryUsage of job (MB)
	571052  -  ResidentSetSize of job (KB)
...
006 (113604287.000.000) 2023-04-06 17:18:00 Image size of job updated: 5165696
	567  -  MemoryUsage of job (MB)
	580388  -  ResidentSetSize of job (KB)
...
006 (113604287.000.000) 2023-04-06 17:23:00 Image size of job updated: 5165696
	571  -  MemoryUsage of job (MB)
	583988  -  ResidentSetSize of job (KB)
...
006 (113604287.000.000) 2023-04-06 17:28:01 Image size of job updated: 5165696
	572  -  MemoryUsage of job (MB)
	584944  -  ResidentSetSize of job (KB)
...
006 (113604287.000.000) 2023-04-06 17:33:02 Image size of job updated: 5165696
	592  -  MemoryUsage of job (MB)
	606008  -  ResidentSetSize of job (KB)
...
006 (113604287.000.000) 2023-04-06 17:38:02 Image size of job updated: 5165696
	593  -  MemoryUsage of job (MB)
	606544  -  ResidentSetSize of job (KB)
...
006 (113604287.000.000) 2023-04-06 17:43:03 Image size of job updated: 5165696
	600  -  MemoryUsage of job (MB)
	613580  -  ResidentSetSize of job (KB)
...
006 (113604287.000.000) 2023-04-06 17:48:04 Image size of job updated: 5165696
	600  -  MemoryUsage of job (MB)
	613796  -  ResidentSetSize of job (KB)
...
006 (113604287.000.000) 2023-04-06 17:53:04 Image size of job updated: 5165696
	606  -  MemoryUsage of job (MB)
	619612  -  ResidentSetSize of job (KB)
...
006 (113604287.000.000) 2023-04-06 17:58:04 Image size of job updated: 5165696
	606  -  MemoryUsage of job (MB)
	619624  -  ResidentSetSize of job (KB)
...
006 (113604287.000.000) 2023-04-06 18:03:05 Image size of job updated: 5165696
	610  -  MemoryUsage of job (MB)
	623872  -  ResidentSetSize of job (KB)
...
006 (113604287.000.000) 2023-04-06 18:08:06 Image size of job updated: 5165696
	627  -  MemoryUsage of job (MB)
	641372  -  ResidentSetSize of job (KB)
...
006 (113604287.000.000) 2023-04-06 18:13:06 Image size of job updated: 5165696
	631  -  MemoryUsage of job (MB)
	645748  -  ResidentSetSize of job (KB)
...
006 (113604287.000.000) 2023-04-06 18:18:07 Image size of job updated: 5165696
	635  -  MemoryUsage of job (MB)
	649920  -  ResidentSetSize of job (KB)
...
006 (113604287.000.000) 2023-04-06 18:28:08 Image size of job updated: 5165696
	647  -  MemoryUsage of job (MB)
	661936  -  ResidentSetSize of job (KB)
...
006 (113604287.000.000) 2023-04-06 18:33:08 Image size of job updated: 5165696
	647  -  MemoryUsage of job (MB)
	662216  -  ResidentSetSize of job (KB)
...
006 (113604287.000.000) 2023-04-06 18:38:09 Image size of job updated: 5165732
	664  -  MemoryUsage of job (MB)
	679856  -  ResidentSetSize of job (KB)
...
006 (113604287.000.000) 2023-04-06 18:43:09 Image size of job updated: 5166100
	665  -  MemoryUsage of job (MB)
	680208  -  ResidentSetSize of job (KB)
...
006 (113604287.000.000) 2023-04-06 18:48:09 Image size of job updated: 5180276
	674  -  MemoryUsage of job (MB)
	689788  -  ResidentSetSize of job (KB)
...
006 (113604287.000.000) 2023-04-06 18:53:10 Image size of job updated: 5184236
	684  -  MemoryUsage of job (MB)
	699796  -  ResidentSetSize of job (KB)
...
006 (113604287.000.000) 2023-04-06 18:58:11 Image size of job updated: 5190464
	690  -  MemoryUsage of job (MB)
	705792  -  ResidentSetSize of job (KB)
...
006 (113604287.000.000) 2023-04-06 19:03:11 Image size of job updated: 5211484
	705  -  MemoryUsage of job (MB)
	721224  -  ResidentSetSize of job (KB)
...
006 (113604287.000.000) 2023-04-06 19:08:12 Image size of job updated: 5218228
	715  -  MemoryUsage of job (MB)
	732104  -  ResidentSetSize of job (KB)
...
006 (113604287.000.000) 2023-04-06 19:13:13 Image size of job updated: 5218228
	715  -  MemoryUsage of job (MB)
	732136  -  ResidentSetSize of job (KB)
...
006 (113604287.000.000) 2023-04-06 19:18:13 Image size of job updated: 5270744
	768  -  MemoryUsage of job (MB)
	785960  -  ResidentSetSize of job (KB)
...
006 (113604287.000.000) 2023-04-06 19:23:13 Image size of job updated: 5278708
	776  -  MemoryUsage of job (MB)
	793940  -  ResidentSetSize of job (KB)
...
006 (113604287.000.000) 2023-04-06 19:43:15 Image size of job updated: 5291860
	789  -  MemoryUsage of job (MB)
	807340  -  ResidentSetSize of job (KB)
...
006 (113604287.000.000) 2023-04-06 19:48:16 Image size of job updated: 5293252
	790  -  MemoryUsage of job (MB)
	808752  -  ResidentSetSize of job (KB)
...
006 (113604287.000.000) 2023-04-06 19:58:16 Image size of job updated: 5305724
	803  -  MemoryUsage of job (MB)
	821256  -  ResidentSetSize of job (KB)
...
006 (113604287.000.000) 2023-04-06 20:08:18 Image size of job updated: 5336648
	803  -  MemoryUsage of job (MB)
	821256  -  ResidentSetSize of job (KB)
...
006 (113604287.000.000) 2023-04-06 20:23:20 Image size of job updated: 5336648
	854  -  MemoryUsage of job (MB)
	874228  -  ResidentSetSize of job (KB)
...
006 (113604287.000.000) 2023-04-06 20:28:20 Image size of job updated: 5336648
	855  -  MemoryUsage of job (MB)
	875088  -  ResidentSetSize of job (KB)
...
006 (113604287.000.000) 2023-04-06 20:33:20 Image size of job updated: 5336648
	926  -  MemoryUsage of job (MB)
	947280  -  ResidentSetSize of job (KB)
...
006 (113604287.000.000) 2023-04-06 20:38:21 Image size of job updated: 5336648
	1032  -  MemoryUsage of job (MB)
	1056616  -  ResidentSetSize of job (KB)
...
006 (113604287.000.000) 2023-04-06 20:43:21 Image size of job updated: 5349896
	1160  -  MemoryUsage of job (MB)
	1187108  -  ResidentSetSize of job (KB)
...
006 (113604287.000.000) 2023-04-06 20:48:21 Image size of job updated: 5349896
	1161  -  MemoryUsage of job (MB)
	1188596  -  ResidentSetSize of job (KB)
...
006 (113604287.000.000) 2023-04-06 20:53:22 Image size of job updated: 5349896
	1162  -  MemoryUsage of job (MB)
	1189144  -  ResidentSetSize of job (KB)
...
006 (113604287.000.000) 2023-04-06 20:58:23 Image size of job updated: 5349896
	1170  -  MemoryUsage of job (MB)
	1197636  -  ResidentSetSize of job (KB)
...
006 (113604287.000.000) 2023-04-06 21:08:24 Image size of job updated: 5349896
	1173  -  MemoryUsage of job (MB)
	1200820  -  ResidentSetSize of job (KB)
...
006 (113604287.000.000) 2023-04-06 21:13:25 Image size of job updated: 5349896
	1176  -  MemoryUsage of job (MB)
	1203520  -  ResidentSetSize of job (KB)
...
006 (113604287.000.000) 2023-04-06 21:18:25 Image size of job updated: 5349896
	1196  -  MemoryUsage of job (MB)
	1224092  -  ResidentSetSize of job (KB)
...
006 (113604287.000.000) 2023-04-06 21:23:25 Image size of job updated: 5349896
	1215  -  MemoryUsage of job (MB)
	1243896  -  ResidentSetSize of job (KB)
...
006 (113604287.000.000) 2023-04-06 21:28:26 Image size of job updated: 5350816
	1237  -  MemoryUsage of job (MB)
	1266248  -  ResidentSetSize of job (KB)
...
006 (113604287.000.000) 2023-04-06 21:33:26 Image size of job updated: 5350816
	1257  -  MemoryUsage of job (MB)
	1286540  -  ResidentSetSize of job (KB)
...
006 (113604287.000.000) 2023-04-06 21:38:26 Image size of job updated: 5396452
	1259  -  MemoryUsage of job (MB)
	1288324  -  ResidentSetSize of job (KB)
...
006 (113604287.000.000) 2023-04-06 21:43:27 Image size of job updated: 5396452
	1263  -  MemoryUsage of job (MB)
	1293036  -  ResidentSetSize of job (KB)
...
006 (113604287.000.000) 2023-04-06 21:48:28 Image size of job updated: 5396452
	1300  -  MemoryUsage of job (MB)
	1330548  -  ResidentSetSize of job (KB)
...
006 (113604287.000.000) 2023-04-06 21:58:28 Image size of job updated: 5396452
	1300  -  MemoryUsage of job (MB)
	1331040  -  ResidentSetSize of job (KB)
...
006 (113604287.000.000) 2023-04-06 22:03:29 Image size of job updated: 5396452
	1318  -  MemoryUsage of job (MB)
	1349608  -  ResidentSetSize of job (KB)
...
006 (113604287.000.000) 2023-04-06 22:08:29 Image size of job updated: 5447892
	1326  -  MemoryUsage of job (MB)
	1357436  -  ResidentSetSize of job (KB)
...
006 (113604287.000.000) 2023-04-06 22:18:30 Image size of job updated: 5447892
	1331  -  MemoryUsage of job (MB)
	1362248  -  ResidentSetSize of job (KB)
...
006 (113604287.000.000) 2023-04-06 22:28:31 Image size of job updated: 5447892
	1341  -  MemoryUsage of job (MB)
	1372656  -  ResidentSetSize of job (KB)
...
006 (113604287.000.000) 2023-04-06 22:33:32 Image size of job updated: 5447892
	1341  -  MemoryUsage of job (MB)
	1372692  -  ResidentSetSize of job (KB)
...
006 (113604287.000.000) 2023-04-06 22:48:33 Image size of job updated: 5447892
	1405  -  MemoryUsage of job (MB)
	1438068  -  ResidentSetSize of job (KB)
...
006 (113604287.000.000) 2023-04-06 23:03:35 Image size of job updated: 5461128
	1405  -  MemoryUsage of job (MB)
	1438068  -  ResidentSetSize of job (KB)
...
006 (113604287.000.000) 2023-04-06 23:38:38 Image size of job updated: 5521472
	1405  -  MemoryUsage of job (MB)
	1438068  -  ResidentSetSize of job (KB)
...
006 (113604287.000.000) 2023-04-06 23:53:40 Image size of job updated: 5541096
	1408  -  MemoryUsage of job (MB)
	1441248  -  ResidentSetSize of job (KB)
...
006 (113604287.000.000) 2023-04-06 23:58:41 Image size of job updated: 5541096
	1408  -  MemoryUsage of job (MB)
	1441260  -  ResidentSetSize of job (KB)
...
006 (113604287.000.000) 2023-04-07 00:08:42 Image size of job updated: 5541096
	1409  -  MemoryUsage of job (MB)
	1441968  -  ResidentSetSize of job (KB)
...
006 (113604287.000.000) 2023-04-07 00:23:43 Image size of job updated: 5541096
	1411  -  MemoryUsage of job (MB)
	1444144  -  ResidentSetSize of job (KB)
...
006 (113604287.000.000) 2023-04-07 00:38:45 Image size of job updated: 5541096
	1425  -  MemoryUsage of job (MB)
	1458940  -  ResidentSetSize of job (KB)
...
006 (113604287.000.000) 2023-04-07 00:43:45 Image size of job updated: 5541096
	1500  -  MemoryUsage of job (MB)
	1535724  -  ResidentSetSize of job (KB)
...
006 (113604287.000.000) 2023-04-07 01:48:53 Image size of job updated: 5551588
	1500  -  MemoryUsage of job (MB)
	1535724  -  ResidentSetSize of job (KB)
...
006 (113604287.000.000) 2023-04-07 02:28:57 Image size of job updated: 5585400
	1500  -  MemoryUsage of job (MB)
	1535724  -  ResidentSetSize of job (KB)
...
006 (113604287.000.000) 2023-04-07 02:54:00 Image size of job updated: 5586832
	1500  -  MemoryUsage of job (MB)
	1535724  -  ResidentSetSize of job (KB)
...
006 (113604287.000.000) 2023-04-07 04:04:07 Image size of job updated: 5612132
	1500  -  MemoryUsage of job (MB)
	1535724  -  ResidentSetSize of job (KB)
...
006 (113604287.000.000) 2023-04-07 05:44:16 Image size of job updated: 5612132
	1510  -  MemoryUsage of job (MB)
	1545572  -  ResidentSetSize of job (KB)
...
006 (113604287.000.000) 2023-04-07 05:59:18 Image size of job updated: 5674064
	1511  -  MemoryUsage of job (MB)
	1546396  -  ResidentSetSize of job (KB)
...
006 (113604287.000.000) 2023-04-07 06:14:20 Image size of job updated: 5687680
	1610  -  MemoryUsage of job (MB)
	1648596  -  ResidentSetSize of job (KB)
...
006 (113604287.000.000) 2023-04-07 06:29:22 Image size of job updated: 5690336
	1610  -  MemoryUsage of job (MB)
	1648596  -  ResidentSetSize of job (KB)
...
006 (113604287.000.000) 2023-04-07 08:34:34 Image size of job updated: 5703864
	1610  -  MemoryUsage of job (MB)
	1648596  -  ResidentSetSize of job (KB)
...
006 (113604287.000.000) 2023-04-07 08:54:35 Image size of job updated: 5708432
	1610  -  MemoryUsage of job (MB)
	1648596  -  ResidentSetSize of job (KB)
...
006 (113604287.000.000) 2023-04-07 09:24:37 Image size of job updated: 5729548
	1610  -  MemoryUsage of job (MB)
	1648596  -  ResidentSetSize of job (KB)
...
006 (113604287.000.000) 2023-04-07 10:49:45 Image size of job updated: 5733068
	1610  -  MemoryUsage of job (MB)
	1648596  -  ResidentSetSize of job (KB)
...
006 (113604287.000.000) 2023-04-07 10:59:47 Image size of job updated: 5755180
	1666  -  MemoryUsage of job (MB)
	1705932  -  ResidentSetSize of job (KB)
...
006 (113604287.000.000) 2023-04-07 11:29:49 Image size of job updated: 5760244
	1666  -  MemoryUsage of job (MB)
	1705932  -  ResidentSetSize of job (KB)
...
006 (113604287.000.000) 2023-04-07 11:44:51 Image size of job updated: 5765188
	1666  -  MemoryUsage of job (MB)
	1705932  -  ResidentSetSize of job (KB)
...
006 (113604287.000.000) 2023-04-07 12:44:58 Image size of job updated: 5771484
	1666  -  MemoryUsage of job (MB)
	1705932  -  ResidentSetSize of job (KB)
...
006 (113604287.000.000) 2023-04-07 13:05:00 Image size of job updated: 5775960
	1666  -  MemoryUsage of job (MB)
	1705932  -  ResidentSetSize of job (KB)
...
006 (113604287.000.000) 2023-04-07 14:10:06 Image size of job updated: 5793316
	1666  -  MemoryUsage of job (MB)
	1705932  -  ResidentSetSize of job (KB)
...
006 (113604287.000.000) 2023-04-07 15:10:10 Image size of job updated: 5839396
	1666  -  MemoryUsage of job (MB)
	1705932  -  ResidentSetSize of job (KB)
...
006 (113604287.000.000) 2023-04-07 15:25:12 Image size of job updated: 5839396
	1752  -  MemoryUsage of job (MB)
	1793216  -  ResidentSetSize of job (KB)
...
006 (113604287.000.000) 2023-04-07 16:05:18 Image size of job updated: 5883276
	1752  -  MemoryUsage of job (MB)
	1793216  -  ResidentSetSize of job (KB)
...
004 (113604287.000.000) 2023-04-07 16:58:29 Job was evicted.
	(0) CPU times
		Usr 3 10:38:02, Sys 0 00:07:31  -  Run Remote Usage
		Usr 0 00:00:00, Sys 0 00:00:00  -  Run Local Usage
	0  -  Run Bytes Sent By Job
	366  -  Run Bytes Received By Job
	Partitionable Resources :    Usage  Request Allocated 
	   Cpus                 :     0.99        1         1 
	   Disk (KB)            :  4081      500000    624256 
	   GPUs                 :                           0 
	   Memory (MB)          :  1752       20000     20096 
...
040 (113604287.000.000) 2023-04-07 16:58:34 Started transferring input files
	Transferring to host: <10.14.9.76:9618?addrs=10.14.9.76-9618&alias=node2076.cluster.ldas.cit&noUDP&sock=slot1_2_3764496_bbf3_13270>
...
040 (113604287.000.000) 2023-04-07 16:58:34 Finished transferring input files
...
001 (113604287.000.000) 2023-04-07 16:58:35 Job executing on host: <10.14.9.76:9618?addrs=10.14.9.76-9618&alias=node2076.cluster.ldas.cit&noUDP&sock=startd_3764457_f764>
...
004 (113604287.000.000) 2023-04-08 18:11:20 Job was evicted.
	(0) CPU times
		Usr 2 20:26:31, Sys 0 00:10:34  -  Run Remote Usage
		Usr 0 00:00:00, Sys 0 00:00:00  -  Run Local Usage
	0  -  Run Bytes Sent By Job
	366  -  Run Bytes Received By Job
	Partitionable Resources :    Usage  Request Allocated 
	   Cpus                 :     0.99        1         1 
	   Disk (KB)            :  3055      500000    609620 
	   GPUs                 :                           0 
	   Memory (MB)          :  1954       20000     20096 
...
040 (113604287.000.000) 2023-04-08 18:12:36 Started transferring input files
	Transferring to host: <10.14.4.57:9618?addrs=10.14.4.57-9618&alias=node807.cluster.ldas.cit&noUDP&sock=slot1_4_2320941_a585_2357>
...
040 (113604287.000.000) 2023-04-08 18:12:36 Finished transferring input files
...
001 (113604287.000.000) 2023-04-08 18:12:37 Job executing on host: <10.14.4.57:9618?addrs=10.14.4.57-9618&alias=node807.cluster.ldas.cit&noUDP&sock=startd_2320897_e065>
...
006 (113604287.000.000) 2023-04-09 11:09:26 Image size of job updated: 7500000
	2043  -  MemoryUsage of job (MB)
	2091336  -  ResidentSetSize of job (KB)
...
004 (113604287.000.000) 2023-04-09 18:13:13 Job was evicted.
	(0) CPU times
		Usr 3 18:25:20, Sys 0 00:09:27  -  Run Remote Usage
		Usr 0 00:00:00, Sys 0 00:00:00  -  Run Local Usage
	0  -  Run Bytes Sent By Job
	366  -  Run Bytes Received By Job
	Partitionable Resources :    Usage  Request Allocated 
	   Cpus                 :     4.80        1         1 
	   Disk (KB)            :  3138      500000    624256 
	   GPUs                 :                           0 
	   Memory (MB)          :  2043       20000     20096 
...
040 (113604287.000.000) 2023-04-09 18:14:20 Started transferring input files
	Transferring to host: <10.14.10.97:9618?addrs=10.14.10.97-9618&alias=node2347.cluster.ldas.cit&noUDP&sock=slot1_12_2285595_3128_46126>
...
040 (113604287.000.000) 2023-04-09 18:14:20 Finished transferring input files
...
001 (113604287.000.000) 2023-04-09 18:14:21 Job executing on host: <10.14.10.97:9618?addrs=10.14.10.97-9618&alias=node2347.cluster.ldas.cit&noUDP&sock=startd_4165_6c0b>
...
004 (113604287.000.000) 2023-04-10 18:18:31 Job was evicted.
	(0) CPU times
		Usr 2 15:35:52, Sys 0 00:03:06  -  Run Remote Usage
		Usr 0 00:00:00, Sys 0 00:00:00  -  Run Local Usage
	0  -  Run Bytes Sent By Job
	366  -  Run Bytes Received By Job
	Partitionable Resources :    Usage  Request Allocated 
	   Cpus                 :     4.12        1         1 
	   Disk (KB)            :  2934      500000    624256 
	   GPUs                 :                           0 
	   Memory (MB)          :  2198       20000     20096 
...
040 (113604287.000.000) 2023-04-10 18:23:31 Started transferring input files
	Transferring to host: <10.14.4.10:9618?addrs=10.14.4.10-9618&alias=node760.cluster.ldas.cit&noUDP&sock=slot1_10_82650_26da_12889>
...
040 (113604287.000.000) 2023-04-10 18:23:31 Finished transferring input files
...
001 (113604287.000.000) 2023-04-10 18:23:32 Job executing on host: <10.14.4.10:9618?addrs=10.14.4.10-9618&alias=node760.cluster.ldas.cit&noUDP&sock=startd_82612_8a02>
...
006 (113604287.000.000) 2023-04-10 22:34:09 Image size of job updated: 7500000
	2213  -  MemoryUsage of job (MB)
	2265680  -  ResidentSetSize of job (KB)
...
004 (113604287.000.000) 2023-04-11 19:32:32 Job was evicted.
	(0) CPU times
		Usr 2 17:01:05, Sys 0 00:17:33  -  Run Remote Usage
		Usr 0 00:00:00, Sys 0 00:00:00  -  Run Local Usage
	0  -  Run Bytes Sent By Job
	366  -  Run Bytes Received By Job
	Partitionable Resources :    Usage  Request Allocated 
	   Cpus                 :     3.11        1         1 
	   Disk (KB)            :  2831      500000    609620 
	   GPUs                 :                           0 
	   Memory (MB)          :  2213       20000     20096 
...
040 (113604287.000.000) 2023-04-11 20:18:11 Started transferring input files
	Transferring to host: <10.14.10.66:9618?addrs=10.14.10.66-9618&alias=node2316.cluster.ldas.cit&noUDP&sock=slot1_6_689286_17b7_9556>
...
040 (113604287.000.000) 2023-04-11 20:18:11 Finished transferring input files
...
001 (113604287.000.000) 2023-04-11 20:18:12 Job executing on host: <10.14.10.66:9618?addrs=10.14.10.66-9618&alias=node2316.cluster.ldas.cit&noUDP&sock=startd_689244_a234>
...
004 (113604287.000.000) 2023-04-12 20:20:04 Job was evicted.
	(0) CPU times
		Usr 3 19:11:37, Sys 0 00:02:19  -  Run Remote Usage
		Usr 0 00:00:00, Sys 0 00:00:00  -  Run Local Usage
	0  -  Run Bytes Sent By Job
	366  -  Run Bytes Received By Job
	Partitionable Resources :    Usage  Request Allocated 
	   Cpus                 :     4.05        1         1 
	   Disk (KB)            :  3234      500000    624256 
	   GPUs                 :                           0 
	   Memory (MB)          :  2442       20000     20096 
...
040 (113604287.000.000) 2023-04-12 20:20:06 Started transferring input files
	Transferring to host: <10.14.9.91:9618?addrs=10.14.9.91-9618&alias=node2091.cluster.ldas.cit&noUDP&sock=slot1_11_2994812_ba30_17606>
...
040 (113604287.000.000) 2023-04-12 20:20:06 Finished transferring input files
...
001 (113604287.000.000) 2023-04-12 20:20:07 Job executing on host: <10.14.9.91:9618?addrs=10.14.9.91-9618&alias=node2091.cluster.ldas.cit&noUDP&sock=startd_2994774_72a6>
...
004 (113604287.000.000) 2023-04-13 20:22:20 Job was evicted.
	(0) CPU times
		Usr 2 11:23:34, Sys 0 00:06:06  -  Run Remote Usage
		Usr 0 00:00:00, Sys 0 00:00:00  -  Run Local Usage
	0  -  Run Bytes Sent By Job
	366  -  Run Bytes Received By Job
	Partitionable Resources :    Usage  Request Allocated 
	   Cpus                 :     3.00        1         1 
	   Disk (KB)            :  2851      500000    609620 
	   GPUs                 :                           0 
	   Memory (MB)          :  2442       20000     20096 
...
040 (113604287.000.000) 2023-04-13 20:23:47 Started transferring input files
	Transferring to host: <10.14.10.124:9618?addrs=10.14.10.124-9618&alias=node2374.cluster.ldas.cit&noUDP&sock=slot1_14_5610_809d_18993>
...
040 (113604287.000.000) 2023-04-13 20:23:47 Finished transferring input files
...
001 (113604287.000.000) 2023-04-13 20:23:48 Job executing on host: <10.14.10.124:9618?addrs=10.14.10.124-9618&alias=node2374.cluster.ldas.cit&noUDP&sock=startd_4197_5f13>
...
006 (113604287.000.000) 2023-04-14 13:05:40 Image size of job updated: 7500000
	2523  -  MemoryUsage of job (MB)
	2582776  -  ResidentSetSize of job (KB)
...
004 (113604287.000.000) 2023-04-14 20:34:11 Job was evicted.
	(0) CPU times
		Usr 2 09:36:49, Sys 0 00:02:22  -  Run Remote Usage
		Usr 0 00:00:00, Sys 0 00:00:00  -  Run Local Usage
	0  -  Run Bytes Sent By Job
	366  -  Run Bytes Received By Job
	Partitionable Resources :    Usage  Request Allocated 
	   Cpus                 :     0.94        1         1 
	   Disk (KB)            :  2900      500000    592483 
	   GPUs                 :                           0 
	   Memory (MB)          :  2523       20000     20096 
...
040 (113604287.000.000) 2023-04-14 20:35:17 Started transferring input files
	Transferring to host: <10.14.9.87:9618?addrs=10.14.9.87-9618&alias=node2087.cluster.ldas.cit&noUDP&sock=slot1_2_4912_b2c1_1698>
...
040 (113604287.000.000) 2023-04-14 20:35:17 Finished transferring input files
...
001 (113604287.000.000) 2023-04-14 20:35:18 Job executing on host: <10.14.9.87:9618?addrs=10.14.9.87-9618&alias=node2087.cluster.ldas.cit&noUDP&sock=startd_3636_9271>
...
004 (113604287.000.000) 2023-04-15 20:53:35 Job was evicted.
	(0) CPU times
		Usr 2 18:05:28, Sys 0 00:05:28  -  Run Remote Usage
		Usr 0 00:00:00, Sys 0 00:00:00  -  Run Local Usage
	0  -  Run Bytes Sent By Job
	366  -  Run Bytes Received By Job
	Partitionable Resources :    Usage  Request Allocated 
	   Cpus                 :     1.00        1         1 
	   Disk (KB)            :  2913      500000    609620 
	   GPUs                 :                           0 
	   Memory (MB)          :  2686       20000     20096 
...
040 (113604287.000.000) 2023-04-15 20:56:01 Started transferring input files
	Transferring to host: <10.14.9.62:9618?addrs=10.14.9.62-9618&alias=node2062.cluster.ldas.cit&noUDP&sock=slot1_10_866956_ae30_24748>
...
040 (113604287.000.000) 2023-04-15 20:56:01 Finished transferring input files
...
001 (113604287.000.000) 2023-04-15 20:56:02 Job executing on host: <10.14.9.62:9618?addrs=10.14.9.62-9618&alias=node2062.cluster.ldas.cit&noUDP&sock=startd_866917_888d>
...
004 (113604287.000.000) 2023-04-16 21:03:31 Job was evicted.
	(0) CPU times
		Usr 2 07:11:00, Sys 0 00:06:35  -  Run Remote Usage
		Usr 0 00:00:00, Sys 0 00:00:00  -  Run Local Usage
	0  -  Run Bytes Sent By Job
	366  -  Run Bytes Received By Job
	Partitionable Resources :    Usage  Request Allocated 
	   Cpus                 :     2.38        1         1 
	   Disk (KB)            :  2835      500000    609620 
	   GPUs                 :                           0 
	   Memory (MB)          :  2686       20000     20096 
...
040 (113604287.000.000) 2023-04-16 21:06:35 Started transferring input files
	Transferring to host: <10.14.9.189:9618?addrs=10.14.9.189-9618&alias=node2189.cluster.ldas.cit&noUDP&sock=slot1_8_3868_1b16_2445>
...
040 (113604287.000.000) 2023-04-16 21:06:35 Finished transferring input files
...
001 (113604287.000.000) 2023-04-16 21:06:36 Job executing on host: <10.14.9.189:9618?addrs=10.14.9.189-9618&alias=node2189.cluster.ldas.cit&noUDP&sock=startd_3715_c26d>
...
004 (113604287.000.000) 2023-04-17 22:44:52 Job was evicted.
	(0) CPU times
		Usr 4 00:44:09, Sys 0 00:06:55  -  Run Remote Usage
		Usr 0 00:00:00, Sys 0 00:00:00  -  Run Local Usage
	0  -  Run Bytes Sent By Job
	366  -  Run Bytes Received By Job
	Partitionable Resources :    Usage  Request Allocated 
	   Cpus                 :     5.61        1         1 
	   Disk (KB)            :  2949      500000    609620 
	   GPUs                 :                           0 
	   Memory (MB)          :  2686       20000     20096 
...
040 (113604287.000.000) 2023-04-18 00:31:12 Started transferring input files
	Transferring to host: <10.14.9.78:9618?addrs=10.14.9.78-9618&alias=node2078.cluster.ldas.cit&noUDP&sock=slot1_12_1621219_329f_23955>
...
040 (113604287.000.000) 2023-04-18 00:31:12 Finished transferring input files
...
001 (113604287.000.000) 2023-04-18 00:31:13 Job executing on host: <10.14.9.78:9618?addrs=10.14.9.78-9618&alias=node2078.cluster.ldas.cit&noUDP&sock=startd_1621180_36e9>
...
006 (113604287.000.000) 2023-04-18 05:46:56 Image size of job updated: 7500000
	2689  -  MemoryUsage of job (MB)
	2753152  -  ResidentSetSize of job (KB)
...
004 (113604287.000.000) 2023-04-18 09:17:07 Job was evicted.
	(0) CPU times
		Usr 1 13:42:59, Sys 0 00:02:12  -  Run Remote Usage
		Usr 0 00:00:00, Sys 0 00:00:00  -  Run Local Usage
	0  -  Run Bytes Sent By Job
	366  -  Run Bytes Received By Job
	Partitionable Resources :    Usage  Request Allocated 
	   Cpus                 :     6.34        1         1 
	   Disk (KB)            :  2779      500000    609620 
	   GPUs                 :                           0 
	   Memory (MB)          :  2689       20000     20096 
...
040 (113604287.000.000) 2023-04-18 09:25:17 Started transferring input files
	Transferring to host: <10.14.9.63:9618?addrs=10.14.9.63-9618&alias=node2063.cluster.ldas.cit&noUDP&sock=slot1_8_2189875_caf4_12>
...
040 (113604287.000.000) 2023-04-18 09:25:17 Finished transferring input files
...
001 (113604287.000.000) 2023-04-18 09:25:18 Job executing on host: <10.14.9.63:9618?addrs=10.14.9.63-9618&alias=node2063.cluster.ldas.cit&noUDP&sock=startd_3402_1148>
...
022 (113604287.000.000) 2023-04-18 09:30:29 Job disconnected, attempting to reconnect
    Local schedd and job shadow died, schedd now running again
    Trying to reconnect to slot1_8@node2063.cluster.ldas.cit <10.14.9.63:9618?addrs=10.14.9.63-9618&alias=node2063.cluster.ldas.cit&noUDP&sock=startd_3402_1148>
...
023 (113604287.000.000) 2023-04-18 09:30:44 Job reconnected to slot1_8@node2063.cluster.ldas.cit
    startd address: <10.14.9.63:9618?addrs=10.14.9.63-9618&alias=node2063.cluster.ldas.cit&noUDP&sock=startd_3402_1148>
    starter address: <10.14.9.63:9618?addrs=10.14.9.63-9618&alias=node2063.cluster.ldas.cit&noUDP&sock=slot1_8_2189875_caf4_12>
...
022 (113604287.000.000) 2023-04-18 09:56:15 Job disconnected, attempting to reconnect
    Local schedd and job shadow died, schedd now running again
    Trying to reconnect to slot1_8@node2063.cluster.ldas.cit <10.14.9.63:9618?addrs=10.14.9.63-9618&alias=node2063.cluster.ldas.cit&noUDP&sock=startd_3402_1148>
...
023 (113604287.000.000) 2023-04-18 09:56:19 Job reconnected to slot1_8@node2063.cluster.ldas.cit
    startd address: <10.14.9.63:9618?addrs=10.14.9.63-9618&alias=node2063.cluster.ldas.cit&noUDP&sock=startd_3402_1148>
    starter address: <10.14.9.63:9618?addrs=10.14.9.63-9618&alias=node2063.cluster.ldas.cit&noUDP&sock=slot1_8_2189875_caf4_12>
...
004 (113604287.000.000) 2023-04-19 09:27:53 Job was evicted.
	(0) CPU times
		Usr 3 00:19:28, Sys 0 00:07:05  -  Run Remote Usage
		Usr 0 00:00:00, Sys 0 00:00:00  -  Run Local Usage
	0  -  Run Bytes Sent By Job
	0  -  Run Bytes Received By Job
	Partitionable Resources :    Usage  Request Allocated 
	   Cpus                 :     1.00        1         1 
	   Disk (KB)            :  2819      500000    609620 
	   Memory (MB)          :  2930       20000     20096 
...
040 (113604287.000.000) 2023-04-19 09:28:48 Started transferring input files
	Transferring to host: <10.14.4.80:9618?addrs=10.14.4.80-9618&alias=node830.cluster.ldas.cit&noUDP&sock=slot1_9_3636101_d76e_111>
...
040 (113604287.000.000) 2023-04-19 09:28:48 Finished transferring input files
...
001 (113604287.000.000) 2023-04-19 09:28:49 Job executing on host: <10.14.4.80:9618?addrs=10.14.4.80-9618&alias=node830.cluster.ldas.cit&noUDP&sock=startd_2249767_9ce5>
...
004 (113604287.000.000) 2023-04-20 10:04:51 Job was evicted.
	(0) CPU times
		Usr 4 16:28:19, Sys 0 00:10:41  -  Run Remote Usage
		Usr 0 00:00:00, Sys 0 00:00:00  -  Run Local Usage
	0  -  Run Bytes Sent By Job
	366  -  Run Bytes Received By Job
	Partitionable Resources :    Usage  Request Allocated 
	   Cpus                 :     7.96        1         1 
	   Disk (KB)            :  2911      500000    624256 
	   GPUs                 :                           0 
	   Memory (MB)          :  2930       20000     20096 
...
040 (113604287.000.000) 2023-04-20 10:06:55 Started transferring input files
	Transferring to host: <10.14.9.157:9618?addrs=10.14.9.157-9618&alias=node2157.cluster.ldas.cit&noUDP&sock=slot1_8_2393393_a288_883>
...
040 (113604287.000.000) 2023-04-20 10:06:55 Finished transferring input files
...
001 (113604287.000.000) 2023-04-20 10:06:56 Job executing on host: <10.14.9.157:9618?addrs=10.14.9.157-9618&alias=node2157.cluster.ldas.cit&noUDP&sock=startd_48149_c9a1>
...
006 (113604287.000.000) 2023-04-21 09:34:29 Image size of job updated: 7500000
	2977  -  MemoryUsage of job (MB)
	3047988  -  ResidentSetSize of job (KB)
...
004 (113604287.000.000) 2023-04-21 10:28:17 Job was evicted.
	(0) CPU times
		Usr 5 08:49:35, Sys 0 00:04:46  -  Run Remote Usage
		Usr 0 00:00:00, Sys 0 00:00:00  -  Run Local Usage
	0  -  Run Bytes Sent By Job
	366  -  Run Bytes Received By Job
	Partitionable Resources :    Usage  Request Allocated 
	   Cpus                 :     1.99        1         1 
	   Disk (KB)            :  2920      500000    609620 
	   GPUs                 :                           0 
	   Memory (MB)          :  2977       20000     20096 
...
040 (113604287.000.000) 2023-04-21 10:31:29 Started transferring input files
	Transferring to host: <10.14.9.113:9618?addrs=10.14.9.113-9618&alias=node2113.cluster.ldas.cit&noUDP&sock=slot1_1_2957482_5d82_2694>
...
040 (113604287.000.000) 2023-04-21 10:31:29 Finished transferring input files
...
001 (113604287.000.000) 2023-04-21 10:31:30 Job executing on host: <10.14.9.113:9618?addrs=10.14.9.113-9618&alias=node2113.cluster.ldas.cit&noUDP&sock=startd_1787521_4e0b>
...
