000 (113449465.000.000) 2023-03-29 17:01:29 Job submitted from host: <10.14.0.160:9618?addrs=10.14.0.160-9618&alias=ldas-pcdev2.ligo.caltech.edu&noUDP&sock=schedd_7450_a8a7>
    DAG Node: 62
...
022 (113449465.000.000) 2023-03-29 17:12:12 Job disconnected, attempting to reconnect
    Socket between submit and execute hosts closed unexpectedly
    Trying to reconnect to slot1_3@node2199.cluster.ldas.cit <10.14.9.199:9618?addrs=10.14.9.199-9618&alias=node2199.cluster.ldas.cit&noUDP&sock=startd_3766_bdc1>
...
024 (113449465.000.000) 2023-03-29 17:12:20 Job reconnection failed
    Job not found at execution machine
    Can not reconnect to slot1_3@node2199.cluster.ldas.cit, rescheduling job
...
040 (113449465.000.000) 2023-03-29 17:13:44 Started transferring input files
	Transferring to host: <10.14.4.85:9618?addrs=10.14.4.85-9618&alias=node835.cluster.ldas.cit&noUDP&sock=slot1_8_1350884_bc0e_11994>
...
040 (113449465.000.000) 2023-03-29 17:13:44 Finished transferring input files
...
001 (113449465.000.000) 2023-03-29 17:13:45 Job executing on host: <10.14.4.85:9618?addrs=10.14.4.85-9618&alias=node835.cluster.ldas.cit&noUDP&sock=startd_3402_1148>
...
006 (113449465.000.000) 2023-03-29 17:13:54 Image size of job updated: 308752
	190  -  MemoryUsage of job (MB)
	194376  -  ResidentSetSize of job (KB)
...
006 (113449465.000.000) 2023-03-29 17:18:56 Image size of job updated: 5367268
	530  -  MemoryUsage of job (MB)
	541772  -  ResidentSetSize of job (KB)
...
006 (113449465.000.000) 2023-03-29 17:43:57 Image size of job updated: 5367268
	715  -  MemoryUsage of job (MB)
	731716  -  ResidentSetSize of job (KB)
...
006 (113449465.000.000) 2023-03-29 17:48:58 Image size of job updated: 5367268
	834  -  MemoryUsage of job (MB)
	853104  -  ResidentSetSize of job (KB)
...
006 (113449465.000.000) 2023-03-29 17:53:59 Image size of job updated: 5367268
	862  -  MemoryUsage of job (MB)
	882512  -  ResidentSetSize of job (KB)
...
006 (113449465.000.000) 2023-03-29 17:58:59 Image size of job updated: 5367268
	865  -  MemoryUsage of job (MB)
	885672  -  ResidentSetSize of job (KB)
...
006 (113449465.000.000) 2023-03-29 18:04:00 Image size of job updated: 5367268
	866  -  MemoryUsage of job (MB)
	885992  -  ResidentSetSize of job (KB)
...
006 (113449465.000.000) 2023-03-29 18:09:00 Image size of job updated: 5367268
	866  -  MemoryUsage of job (MB)
	886720  -  ResidentSetSize of job (KB)
...
006 (113449465.000.000) 2023-03-29 18:14:00 Image size of job updated: 5367268
	869  -  MemoryUsage of job (MB)
	889724  -  ResidentSetSize of job (KB)
...
006 (113449465.000.000) 2023-03-29 18:19:02 Image size of job updated: 5367268
	869  -  MemoryUsage of job (MB)
	889748  -  ResidentSetSize of job (KB)
...
006 (113449465.000.000) 2023-03-29 18:24:02 Image size of job updated: 5367268
	871  -  MemoryUsage of job (MB)
	891492  -  ResidentSetSize of job (KB)
...
006 (113449465.000.000) 2023-03-29 18:29:02 Image size of job updated: 5367268
	871  -  MemoryUsage of job (MB)
	891564  -  ResidentSetSize of job (KB)
...
006 (113449465.000.000) 2023-03-29 18:34:03 Image size of job updated: 5367268
	874  -  MemoryUsage of job (MB)
	894056  -  ResidentSetSize of job (KB)
...
006 (113449465.000.000) 2023-03-29 18:39:04 Image size of job updated: 5367268
	876  -  MemoryUsage of job (MB)
	896496  -  ResidentSetSize of job (KB)
...
006 (113449465.000.000) 2023-03-29 18:44:04 Image size of job updated: 5367268
	897  -  MemoryUsage of job (MB)
	918356  -  ResidentSetSize of job (KB)
...
006 (113449465.000.000) 2023-03-29 18:49:05 Image size of job updated: 5367268
	898  -  MemoryUsage of job (MB)
	919008  -  ResidentSetSize of job (KB)
...
006 (113449465.000.000) 2023-03-29 18:54:06 Image size of job updated: 5367268
	899  -  MemoryUsage of job (MB)
	919636  -  ResidentSetSize of job (KB)
...
006 (113449465.000.000) 2023-03-29 18:59:06 Image size of job updated: 5367268
	918  -  MemoryUsage of job (MB)
	939900  -  ResidentSetSize of job (KB)
...
006 (113449465.000.000) 2023-03-29 19:04:07 Image size of job updated: 5367268
	918  -  MemoryUsage of job (MB)
	939932  -  ResidentSetSize of job (KB)
...
006 (113449465.000.000) 2023-03-29 19:09:08 Image size of job updated: 5367268
	922  -  MemoryUsage of job (MB)
	943940  -  ResidentSetSize of job (KB)
...
006 (113449465.000.000) 2023-03-29 19:14:08 Image size of job updated: 5367268
	925  -  MemoryUsage of job (MB)
	946680  -  ResidentSetSize of job (KB)
...
006 (113449465.000.000) 2023-03-29 19:19:09 Image size of job updated: 5367268
	925  -  MemoryUsage of job (MB)
	946948  -  ResidentSetSize of job (KB)
...
006 (113449465.000.000) 2023-03-29 19:24:10 Image size of job updated: 5367268
	928  -  MemoryUsage of job (MB)
	949440  -  ResidentSetSize of job (KB)
...
006 (113449465.000.000) 2023-03-29 19:29:10 Image size of job updated: 5367268
	932  -  MemoryUsage of job (MB)
	953584  -  ResidentSetSize of job (KB)
...
006 (113449465.000.000) 2023-03-29 19:49:13 Image size of job updated: 5367268
	932  -  MemoryUsage of job (MB)
	954112  -  ResidentSetSize of job (KB)
...
006 (113449465.000.000) 2023-03-29 19:54:14 Image size of job updated: 5367268
	948  -  MemoryUsage of job (MB)
	970124  -  ResidentSetSize of job (KB)
...
006 (113449465.000.000) 2023-03-29 19:59:14 Image size of job updated: 5367268
	950  -  MemoryUsage of job (MB)
	972188  -  ResidentSetSize of job (KB)
...
006 (113449465.000.000) 2023-03-29 20:04:15 Image size of job updated: 5367268
	970  -  MemoryUsage of job (MB)
	992904  -  ResidentSetSize of job (KB)
...
006 (113449465.000.000) 2023-03-29 20:09:16 Image size of job updated: 5367268
	971  -  MemoryUsage of job (MB)
	993500  -  ResidentSetSize of job (KB)
...
006 (113449465.000.000) 2023-03-29 20:14:16 Image size of job updated: 5367268
	989  -  MemoryUsage of job (MB)
	1011852  -  ResidentSetSize of job (KB)
...
006 (113449465.000.000) 2023-03-29 20:19:17 Image size of job updated: 5367268
	989  -  MemoryUsage of job (MB)
	1011880  -  ResidentSetSize of job (KB)
...
006 (113449465.000.000) 2023-03-29 20:24:18 Image size of job updated: 5367268
	991  -  MemoryUsage of job (MB)
	1014592  -  ResidentSetSize of job (KB)
...
006 (113449465.000.000) 2023-03-29 20:29:18 Image size of job updated: 5367268
	992  -  MemoryUsage of job (MB)
	1014892  -  ResidentSetSize of job (KB)
...
006 (113449465.000.000) 2023-03-29 20:34:19 Image size of job updated: 5367268
	997  -  MemoryUsage of job (MB)
	1020112  -  ResidentSetSize of job (KB)
...
006 (113449465.000.000) 2023-03-29 20:44:20 Image size of job updated: 5367268
	1002  -  MemoryUsage of job (MB)
	1025220  -  ResidentSetSize of job (KB)
...
006 (113449465.000.000) 2023-03-29 20:49:20 Image size of job updated: 5367268
	1005  -  MemoryUsage of job (MB)
	1028368  -  ResidentSetSize of job (KB)
...
006 (113449465.000.000) 2023-03-29 20:54:21 Image size of job updated: 5367268
	1005  -  MemoryUsage of job (MB)
	1028384  -  ResidentSetSize of job (KB)
...
006 (113449465.000.000) 2023-03-29 20:59:21 Image size of job updated: 5367268
	1010  -  MemoryUsage of job (MB)
	1033592  -  ResidentSetSize of job (KB)
...
006 (113449465.000.000) 2023-03-29 21:09:22 Image size of job updated: 5367268
	1015  -  MemoryUsage of job (MB)
	1038980  -  ResidentSetSize of job (KB)
...
006 (113449465.000.000) 2023-03-29 21:19:22 Image size of job updated: 5367268
	1017  -  MemoryUsage of job (MB)
	1041408  -  ResidentSetSize of job (KB)
...
006 (113449465.000.000) 2023-03-29 21:29:23 Image size of job updated: 5367268
	1048  -  MemoryUsage of job (MB)
	1072856  -  ResidentSetSize of job (KB)
...
006 (113449465.000.000) 2023-03-29 21:39:24 Image size of job updated: 5367268
	1072  -  MemoryUsage of job (MB)
	1097296  -  ResidentSetSize of job (KB)
...
006 (113449465.000.000) 2023-03-29 21:54:26 Image size of job updated: 5367268
	1081  -  MemoryUsage of job (MB)
	1106608  -  ResidentSetSize of job (KB)
...
006 (113449465.000.000) 2023-03-29 22:04:27 Image size of job updated: 5367268
	1085  -  MemoryUsage of job (MB)
	1110312  -  ResidentSetSize of job (KB)
...
006 (113449465.000.000) 2023-03-29 22:09:28 Image size of job updated: 5367268
	1085  -  MemoryUsage of job (MB)
	1110396  -  ResidentSetSize of job (KB)
...
006 (113449465.000.000) 2023-03-29 22:19:29 Image size of job updated: 5367268
	1093  -  MemoryUsage of job (MB)
	1119016  -  ResidentSetSize of job (KB)
...
006 (113449465.000.000) 2023-03-29 22:24:30 Image size of job updated: 5367268
	1110  -  MemoryUsage of job (MB)
	1136136  -  ResidentSetSize of job (KB)
...
006 (113449465.000.000) 2023-03-29 22:29:30 Image size of job updated: 5367268
	1110  -  MemoryUsage of job (MB)
	1136536  -  ResidentSetSize of job (KB)
...
006 (113449465.000.000) 2023-03-29 22:34:31 Image size of job updated: 5367268
	1128  -  MemoryUsage of job (MB)
	1154180  -  ResidentSetSize of job (KB)
...
006 (113449465.000.000) 2023-03-29 22:39:32 Image size of job updated: 5367268
	1152  -  MemoryUsage of job (MB)
	1179348  -  ResidentSetSize of job (KB)
...
006 (113449465.000.000) 2023-03-29 22:54:34 Image size of job updated: 5367268
	1152  -  MemoryUsage of job (MB)
	1179356  -  ResidentSetSize of job (KB)
...
006 (113449465.000.000) 2023-03-29 22:59:34 Image size of job updated: 5367268
	1169  -  MemoryUsage of job (MB)
	1197000  -  ResidentSetSize of job (KB)
...
006 (113449465.000.000) 2023-03-29 23:29:38 Image size of job updated: 5367268
	1174  -  MemoryUsage of job (MB)
	1201368  -  ResidentSetSize of job (KB)
...
006 (113449465.000.000) 2023-03-29 23:34:39 Image size of job updated: 5367268
	1193  -  MemoryUsage of job (MB)
	1221368  -  ResidentSetSize of job (KB)
...
006 (113449465.000.000) 2023-03-29 23:39:40 Image size of job updated: 5367268
	1215  -  MemoryUsage of job (MB)
	1243188  -  ResidentSetSize of job (KB)
...
006 (113449465.000.000) 2023-03-29 23:49:41 Image size of job updated: 5367268
	1218  -  MemoryUsage of job (MB)
	1246488  -  ResidentSetSize of job (KB)
...
006 (113449465.000.000) 2023-03-29 23:59:42 Image size of job updated: 5367268
	1231  -  MemoryUsage of job (MB)
	1260424  -  ResidentSetSize of job (KB)
...
006 (113449465.000.000) 2023-03-30 00:04:42 Image size of job updated: 5367268
	1233  -  MemoryUsage of job (MB)
	1262428  -  ResidentSetSize of job (KB)
...
006 (113449465.000.000) 2023-03-30 00:09:43 Image size of job updated: 5367268
	1234  -  MemoryUsage of job (MB)
	1262680  -  ResidentSetSize of job (KB)
...
006 (113449465.000.000) 2023-03-30 00:14:43 Image size of job updated: 5367268
	1245  -  MemoryUsage of job (MB)
	1274208  -  ResidentSetSize of job (KB)
...
006 (113449465.000.000) 2023-03-30 00:19:43 Image size of job updated: 5367268
	1245  -  MemoryUsage of job (MB)
	1274584  -  ResidentSetSize of job (KB)
...
006 (113449465.000.000) 2023-03-30 00:24:44 Image size of job updated: 5367268
	1247  -  MemoryUsage of job (MB)
	1276772  -  ResidentSetSize of job (KB)
...
006 (113449465.000.000) 2023-03-30 00:29:44 Image size of job updated: 5367268
	1261  -  MemoryUsage of job (MB)
	1291040  -  ResidentSetSize of job (KB)
...
006 (113449465.000.000) 2023-03-30 00:49:45 Image size of job updated: 5367268
	1287  -  MemoryUsage of job (MB)
	1317640  -  ResidentSetSize of job (KB)
...
006 (113449465.000.000) 2023-03-30 00:54:46 Image size of job updated: 5367268
	1288  -  MemoryUsage of job (MB)
	1318188  -  ResidentSetSize of job (KB)
...
006 (113449465.000.000) 2023-03-30 00:59:46 Image size of job updated: 5367268
	1289  -  MemoryUsage of job (MB)
	1319876  -  ResidentSetSize of job (KB)
...
006 (113449465.000.000) 2023-03-30 01:04:46 Image size of job updated: 5367268
	1290  -  MemoryUsage of job (MB)
	1320188  -  ResidentSetSize of job (KB)
...
006 (113449465.000.000) 2023-03-30 01:14:47 Image size of job updated: 5367268
	1292  -  MemoryUsage of job (MB)
	1322380  -  ResidentSetSize of job (KB)
...
006 (113449465.000.000) 2023-03-30 01:19:47 Image size of job updated: 5367268
	1292  -  MemoryUsage of job (MB)
	1322632  -  ResidentSetSize of job (KB)
...
006 (113449465.000.000) 2023-03-30 01:24:48 Image size of job updated: 5375052
	1292  -  MemoryUsage of job (MB)
	1322632  -  ResidentSetSize of job (KB)
...
006 (113449465.000.000) 2023-03-30 01:34:48 Image size of job updated: 5375052
	1306  -  MemoryUsage of job (MB)
	1336660  -  ResidentSetSize of job (KB)
...
006 (113449465.000.000) 2023-03-30 01:39:49 Image size of job updated: 5375052
	1308  -  MemoryUsage of job (MB)
	1338412  -  ResidentSetSize of job (KB)
...
006 (113449465.000.000) 2023-03-30 01:44:49 Image size of job updated: 5390332
	1308  -  MemoryUsage of job (MB)
	1338412  -  ResidentSetSize of job (KB)
...
006 (113449465.000.000) 2023-03-30 02:09:51 Image size of job updated: 5401592
	1313  -  MemoryUsage of job (MB)
	1344112  -  ResidentSetSize of job (KB)
...
006 (113449465.000.000) 2023-03-30 02:14:51 Image size of job updated: 5401592
	1314  -  MemoryUsage of job (MB)
	1345080  -  ResidentSetSize of job (KB)
...
006 (113449465.000.000) 2023-03-30 02:19:51 Image size of job updated: 5401592
	1314  -  MemoryUsage of job (MB)
	1345456  -  ResidentSetSize of job (KB)
...
006 (113449465.000.000) 2023-03-30 02:24:52 Image size of job updated: 5401592
	1318  -  MemoryUsage of job (MB)
	1348876  -  ResidentSetSize of job (KB)
...
006 (113449465.000.000) 2023-03-30 02:29:52 Image size of job updated: 5401592
	1318  -  MemoryUsage of job (MB)
	1349376  -  ResidentSetSize of job (KB)
...
006 (113449465.000.000) 2023-03-30 02:34:52 Image size of job updated: 5407200
	1375  -  MemoryUsage of job (MB)
	1407244  -  ResidentSetSize of job (KB)
...
006 (113449465.000.000) 2023-03-30 02:59:54 Image size of job updated: 5412564
	1375  -  MemoryUsage of job (MB)
	1407244  -  ResidentSetSize of job (KB)
...
006 (113449465.000.000) 2023-03-30 03:14:55 Image size of job updated: 5414836
	1375  -  MemoryUsage of job (MB)
	1407244  -  ResidentSetSize of job (KB)
...
006 (113449465.000.000) 2023-03-30 03:24:56 Image size of job updated: 5417312
	1375  -  MemoryUsage of job (MB)
	1407244  -  ResidentSetSize of job (KB)
...
006 (113449465.000.000) 2023-03-30 03:34:57 Image size of job updated: 5427712
	1375  -  MemoryUsage of job (MB)
	1407244  -  ResidentSetSize of job (KB)
...
006 (113449465.000.000) 2023-03-30 03:49:59 Image size of job updated: 5430136
	1375  -  MemoryUsage of job (MB)
	1407244  -  ResidentSetSize of job (KB)
...
006 (113449465.000.000) 2023-03-30 04:30:05 Image size of job updated: 5437160
	1375  -  MemoryUsage of job (MB)
	1407244  -  ResidentSetSize of job (KB)
...
006 (113449465.000.000) 2023-03-30 05:25:11 Image size of job updated: 5463280
	1375  -  MemoryUsage of job (MB)
	1407244  -  ResidentSetSize of job (KB)
...
006 (113449465.000.000) 2023-03-30 06:10:14 Image size of job updated: 5469988
	1375  -  MemoryUsage of job (MB)
	1407244  -  ResidentSetSize of job (KB)
...
006 (113449465.000.000) 2023-03-30 06:25:15 Image size of job updated: 5491412
	1458  -  MemoryUsage of job (MB)
	1492336  -  ResidentSetSize of job (KB)
...
006 (113449465.000.000) 2023-03-30 07:05:19 Image size of job updated: 5516276
	1458  -  MemoryUsage of job (MB)
	1492336  -  ResidentSetSize of job (KB)
...
006 (113449465.000.000) 2023-03-30 07:25:21 Image size of job updated: 5522116
	1458  -  MemoryUsage of job (MB)
	1492336  -  ResidentSetSize of job (KB)
...
006 (113449465.000.000) 2023-03-30 07:50:25 Image size of job updated: 5607552
	1458  -  MemoryUsage of job (MB)
	1492336  -  ResidentSetSize of job (KB)
...
006 (113449465.000.000) 2023-03-30 11:00:43 Image size of job updated: 5607552
	1459  -  MemoryUsage of job (MB)
	1493088  -  ResidentSetSize of job (KB)
...
006 (113449465.000.000) 2023-03-30 11:15:45 Image size of job updated: 5607552
	1459  -  MemoryUsage of job (MB)
	1493928  -  ResidentSetSize of job (KB)
...
006 (113449465.000.000) 2023-03-30 11:25:46 Image size of job updated: 5607552
	1460  -  MemoryUsage of job (MB)
	1494564  -  ResidentSetSize of job (KB)
...
006 (113449465.000.000) 2023-03-30 11:45:49 Image size of job updated: 5607552
	1463  -  MemoryUsage of job (MB)
	1498092  -  ResidentSetSize of job (KB)
...
006 (113449465.000.000) 2023-03-30 11:50:49 Image size of job updated: 5607552
	1464  -  MemoryUsage of job (MB)
	1498216  -  ResidentSetSize of job (KB)
...
006 (113449465.000.000) 2023-03-30 12:00:51 Image size of job updated: 5607552
	1467  -  MemoryUsage of job (MB)
	1501596  -  ResidentSetSize of job (KB)
...
006 (113449465.000.000) 2023-03-30 12:10:52 Image size of job updated: 5609036
	1469  -  MemoryUsage of job (MB)
	1503372  -  ResidentSetSize of job (KB)
...
006 (113449465.000.000) 2023-03-30 12:25:54 Image size of job updated: 5609036
	1471  -  MemoryUsage of job (MB)
	1505328  -  ResidentSetSize of job (KB)
...
006 (113449465.000.000) 2023-03-30 12:40:56 Image size of job updated: 5609036
	1473  -  MemoryUsage of job (MB)
	1508120  -  ResidentSetSize of job (KB)
...
006 (113449465.000.000) 2023-03-30 12:50:57 Image size of job updated: 5614032
	1474  -  MemoryUsage of job (MB)
	1509120  -  ResidentSetSize of job (KB)
...
006 (113449465.000.000) 2023-03-30 13:05:58 Image size of job updated: 5614032
	1475  -  MemoryUsage of job (MB)
	1509620  -  ResidentSetSize of job (KB)
...
006 (113449465.000.000) 2023-03-30 13:15:59 Image size of job updated: 5616800
	1478  -  MemoryUsage of job (MB)
	1513016  -  ResidentSetSize of job (KB)
...
006 (113449465.000.000) 2023-03-30 13:31:00 Image size of job updated: 5618296
	1479  -  MemoryUsage of job (MB)
	1513644  -  ResidentSetSize of job (KB)
...
006 (113449465.000.000) 2023-03-30 14:01:03 Image size of job updated: 5618296
	1484  -  MemoryUsage of job (MB)
	1519304  -  ResidentSetSize of job (KB)
...
006 (113449465.000.000) 2023-03-30 14:16:04 Image size of job updated: 5618296
	1487  -  MemoryUsage of job (MB)
	1521712  -  ResidentSetSize of job (KB)
...
006 (113449465.000.000) 2023-03-30 14:26:05 Image size of job updated: 5618296
	1592  -  MemoryUsage of job (MB)
	1629628  -  ResidentSetSize of job (KB)
...
006 (113449465.000.000) 2023-03-30 15:01:09 Image size of job updated: 5633392
	1592  -  MemoryUsage of job (MB)
	1629628  -  ResidentSetSize of job (KB)
...
006 (113449465.000.000) 2023-03-30 15:16:10 Image size of job updated: 5649420
	1592  -  MemoryUsage of job (MB)
	1629628  -  ResidentSetSize of job (KB)
...
006 (113449465.000.000) 2023-03-30 15:31:11 Image size of job updated: 5652916
	1592  -  MemoryUsage of job (MB)
	1629628  -  ResidentSetSize of job (KB)
...
006 (113449465.000.000) 2023-03-30 15:56:15 Image size of job updated: 5658140
	1592  -  MemoryUsage of job (MB)
	1629628  -  ResidentSetSize of job (KB)
...
006 (113449465.000.000) 2023-03-30 16:31:19 Image size of job updated: 5679044
	1592  -  MemoryUsage of job (MB)
	1629628  -  ResidentSetSize of job (KB)
...
006 (113449465.000.000) 2023-03-30 16:46:20 Image size of job updated: 5687144
	1592  -  MemoryUsage of job (MB)
	1629628  -  ResidentSetSize of job (KB)
...
006 (113449465.000.000) 2023-03-30 17:11:22 Image size of job updated: 5693232
	1592  -  MemoryUsage of job (MB)
	1629628  -  ResidentSetSize of job (KB)
...
004 (113449465.000.000) 2023-03-30 17:23:55 Job was evicted.
	(0) CPU times
		Usr 2 14:11:58, Sys 0 00:05:20  -  Run Remote Usage
		Usr 0 00:00:00, Sys 0 00:00:00  -  Run Local Usage
	0  -  Run Bytes Sent By Job
	366  -  Run Bytes Received By Job
	Partitionable Resources :    Usage  Request Allocated 
	   Cpus                 :     3.32        1         1 
	   Disk (KB)            :  3715      500000    619149 
	   GPUs                 :                           0 
	   Memory (MB)          :  1592       20000     20096 
...
040 (113449465.000.000) 2023-03-30 17:26:33 Started transferring input files
	Transferring to host: <10.14.10.64:9618?addrs=10.14.10.64-9618&alias=node2314.cluster.ldas.cit&noUDP&sock=slot1_4_3432305_1f8f_6634>
...
040 (113449465.000.000) 2023-03-30 17:26:33 Finished transferring input files
...
001 (113449465.000.000) 2023-03-30 17:26:35 Job executing on host: <10.14.10.64:9618?addrs=10.14.10.64-9618&alias=node2314.cluster.ldas.cit&noUDP&sock=startd_3432263_8359>
...
006 (113449465.000.000) 2023-03-31 17:09:08 Image size of job updated: 7500000
	1837  -  MemoryUsage of job (MB)
	1880372  -  ResidentSetSize of job (KB)
...
004 (113449465.000.000) 2023-03-31 17:50:57 Job was evicted.
	(0) CPU times
		Usr 2 23:00:44, Sys 0 00:07:49  -  Run Remote Usage
		Usr 0 00:00:00, Sys 0 00:00:00  -  Run Local Usage
	0  -  Run Bytes Sent By Job
	366  -  Run Bytes Received By Job
	Partitionable Resources :    Usage  Request Allocated 
	   Cpus                 :     0.99        1         1 
	   Disk (KB)            :  3237      500000    624256 
	   GPUs                 :                           0 
	   Memory (MB)          :  1837       20000     20096 
...
040 (113449465.000.000) 2023-03-31 17:53:20 Started transferring input files
	Transferring to host: <10.14.4.43:9618?addrs=10.14.4.43-9618&alias=node793.cluster.ldas.cit&noUDP&sock=slot1_9_418518_8ab4_14959>
...
040 (113449465.000.000) 2023-03-31 17:53:20 Finished transferring input files
...
001 (113449465.000.000) 2023-03-31 17:53:21 Job executing on host: <10.14.4.43:9618?addrs=10.14.4.43-9618&alias=node793.cluster.ldas.cit&noUDP&sock=startd_418482_6c31>
...
004 (113449465.000.000) 2023-04-01 18:11:25 Job was evicted.
	(0) CPU times
		Usr 2 05:05:27, Sys 0 00:04:45  -  Run Remote Usage
		Usr 0 00:00:00, Sys 0 00:00:00  -  Run Local Usage
	0  -  Run Bytes Sent By Job
	366  -  Run Bytes Received By Job
	Partitionable Resources :    Usage  Request Allocated 
	   Cpus                 :     2.62        1         1 
	   Disk (KB)            :  2911      500000    624256 
	   GPUs                 :                           0 
	   Memory (MB)          :  1954       20000     20096 
...
040 (113449465.000.000) 2023-04-01 18:16:13 Started transferring input files
	Transferring to host: <10.14.10.126:9618?addrs=10.14.10.126-9618&alias=node2376.cluster.ldas.cit&noUDP&sock=slot1_20_1387802_ce2c_26148>
...
040 (113449465.000.000) 2023-04-01 18:16:13 Finished transferring input files
...
001 (113449465.000.000) 2023-04-01 18:16:14 Job executing on host: <10.14.10.126:9618?addrs=10.14.10.126-9618&alias=node2376.cluster.ldas.cit&noUDP&sock=startd_1387670_c6eb>
...
006 (113449465.000.000) 2023-04-02 09:28:01 Image size of job updated: 7500000
	2038  -  MemoryUsage of job (MB)
	2086364  -  ResidentSetSize of job (KB)
...
006 (113449465.000.000) 2023-04-02 23:24:25 Image size of job updated: 7500000
	2123  -  MemoryUsage of job (MB)
	2173092  -  ResidentSetSize of job (KB)
...
004 (113449465.000.000) 2023-04-03 01:22:28 Job was evicted.
	(0) CPU times
		Usr 4 21:13:24, Sys 0 00:05:17  -  Run Remote Usage
		Usr 0 00:00:00, Sys 0 00:00:00  -  Run Local Usage
	0  -  Run Bytes Sent By Job
	366  -  Run Bytes Received By Job
	Partitionable Resources :    Usage  Request Allocated 
	   Cpus                 :     7.04        1         1 
	   Disk (KB)            :  3067      500000    624256 
	   GPUs                 :                           0 
	   Memory (MB)          :  2123       20000     20096 
...
040 (113449465.000.000) 2023-04-03 01:22:31 Started transferring input files
	Transferring to host: <10.14.10.83:9618?addrs=10.14.10.83-9618&alias=node2333.cluster.ldas.cit&noUDP&sock=slot1_3_631394_f105_10125>
...
040 (113449465.000.000) 2023-04-03 01:22:31 Finished transferring input files
...
001 (113449465.000.000) 2023-04-03 01:22:32 Job executing on host: <10.14.10.83:9618?addrs=10.14.10.83-9618&alias=node2333.cluster.ldas.cit&noUDP&sock=startd_631351_d9d8>
...
006 (113449465.000.000) 2023-04-03 23:55:01 Image size of job updated: 7500000
	2223  -  MemoryUsage of job (MB)
	2275944  -  ResidentSetSize of job (KB)
...
004 (113449465.000.000) 2023-04-04 01:28:41 Job was evicted.
	(0) CPU times
		Usr 3 05:12:50, Sys 0 00:03:48  -  Run Remote Usage
		Usr 0 00:00:00, Sys 0 00:00:00  -  Run Local Usage
	0  -  Run Bytes Sent By Job
	366  -  Run Bytes Received By Job
	Partitionable Resources :    Usage  Request Allocated 
	   Cpus                 :     5.72        1         1 
	   Disk (KB)            :  2901      500000    624256 
	   GPUs                 :                           0 
	   Memory (MB)          :  2223       20000     20096 
...
040 (113449465.000.000) 2023-04-04 01:36:51 Started transferring input files
	Transferring to host: <10.14.9.198:9618?addrs=10.14.9.198-9618&alias=node2198.cluster.ldas.cit&noUDP&sock=slot1_1_187610_f786_134980>
...
040 (113449465.000.000) 2023-04-04 01:36:51 Finished transferring input files
...
001 (113449465.000.000) 2023-04-04 01:36:52 Job executing on host: <10.14.9.198:9618?addrs=10.14.9.198-9618&alias=node2198.cluster.ldas.cit&noUDP&sock=startd_187572_5e70>
...
040 (113449465.000.000) 2023-04-04 01:36:53 Started transferring output files
...
040 (113449465.000.000) 2023-04-04 01:36:53 Finished transferring output files
...
005 (113449465.000.000) 2023-04-04 01:36:53 Job terminated.
	(1) Normal termination (return value 127)
		Usr 0 00:00:00, Sys 0 00:00:00  -  Run Remote Usage
		Usr 0 00:00:00, Sys 0 00:00:00  -  Run Local Usage
		Usr 15 20:44:23, Sys 0 00:26:59  -  Total Remote Usage
		Usr 0 00:00:00, Sys 0 00:00:00  -  Total Local Usage
	407  -  Run Bytes Sent By Job
	366  -  Run Bytes Received By Job
	407  -  Total Bytes Sent By Job
	2196  -  Total Bytes Received By Job
	Partitionable Resources :    Usage  Request Allocated 
	   Cpus                 :     5.72        1         1 
	   Disk (KB)            :    16      500000    519527 
	   GPUs                 :                           0 
	   Memory (MB)          :  2442       20000     20096 

	Job terminated of its own accord at 2023-04-04T08:36:53Z with exit-code 127.
...
000 (113587156.000.000) 2023-04-05 14:54:14 Job submitted from host: <10.14.0.160:9618?addrs=10.14.0.160-9618&alias=ldas-pcdev2.ligo.caltech.edu&noUDP&sock=schedd_7450_a8a7>
    DAG Node: 62
...
040 (113587156.000.000) 2023-04-05 14:56:12 Started transferring input files
	Transferring to host: <10.14.9.85:9618?addrs=10.14.9.85-9618&alias=node2085.cluster.ldas.cit&noUDP&sock=slot1_7_314696_8cf6_10153>
...
040 (113587156.000.000) 2023-04-05 14:56:12 Finished transferring input files
...
001 (113587156.000.000) 2023-04-05 14:56:13 Job executing on host: <10.14.9.85:9618?addrs=10.14.9.85-9618&alias=node2085.cluster.ldas.cit&noUDP&sock=startd_314656_6c29>
...
006 (113587156.000.000) 2023-04-05 14:56:22 Image size of job updated: 565600
	190  -  MemoryUsage of job (MB)
	194496  -  ResidentSetSize of job (KB)
...
006 (113587156.000.000) 2023-04-05 15:01:23 Image size of job updated: 4983512
	732  -  MemoryUsage of job (MB)
	748560  -  ResidentSetSize of job (KB)
...
006 (113587156.000.000) 2023-04-05 15:06:24 Image size of job updated: 5041412
	789  -  MemoryUsage of job (MB)
	807328  -  ResidentSetSize of job (KB)
...
006 (113587156.000.000) 2023-04-05 15:11:24 Image size of job updated: 5127944
	873  -  MemoryUsage of job (MB)
	893888  -  ResidentSetSize of job (KB)
...
006 (113587156.000.000) 2023-04-05 15:16:25 Image size of job updated: 5219224
	963  -  MemoryUsage of job (MB)
	986012  -  ResidentSetSize of job (KB)
...
006 (113587156.000.000) 2023-04-05 15:21:26 Image size of job updated: 5225356
	969  -  MemoryUsage of job (MB)
	991712  -  ResidentSetSize of job (KB)
...
006 (113587156.000.000) 2023-04-05 15:26:26 Image size of job updated: 5867968
	1352  -  MemoryUsage of job (MB)
	1383496  -  ResidentSetSize of job (KB)
...
006 (113587156.000.000) 2023-04-05 15:31:27 Image size of job updated: 5867968
	1385  -  MemoryUsage of job (MB)
	1417240  -  ResidentSetSize of job (KB)
...
006 (113587156.000.000) 2023-04-05 15:41:28 Image size of job updated: 5867968
	1402  -  MemoryUsage of job (MB)
	1435004  -  ResidentSetSize of job (KB)
...
006 (113587156.000.000) 2023-04-05 15:46:28 Image size of job updated: 5867968
	1448  -  MemoryUsage of job (MB)
	1482216  -  ResidentSetSize of job (KB)
...
006 (113587156.000.000) 2023-04-05 15:51:29 Image size of job updated: 5867968
	1644  -  MemoryUsage of job (MB)
	1682492  -  ResidentSetSize of job (KB)
...
006 (113587156.000.000) 2023-04-05 15:56:29 Image size of job updated: 5935076
	1687  -  MemoryUsage of job (MB)
	1726828  -  ResidentSetSize of job (KB)
...
006 (113587156.000.000) 2023-04-05 16:16:31 Image size of job updated: 5978228
	1731  -  MemoryUsage of job (MB)
	1771904  -  ResidentSetSize of job (KB)
...
006 (113587156.000.000) 2023-04-05 16:21:32 Image size of job updated: 5978228
	1743  -  MemoryUsage of job (MB)
	1784696  -  ResidentSetSize of job (KB)
...
006 (113587156.000.000) 2023-04-05 16:26:33 Image size of job updated: 5978228
	1747  -  MemoryUsage of job (MB)
	1788476  -  ResidentSetSize of job (KB)
...
006 (113587156.000.000) 2023-04-05 16:36:34 Image size of job updated: 6011768
	1747  -  MemoryUsage of job (MB)
	1788476  -  ResidentSetSize of job (KB)
...
006 (113587156.000.000) 2023-04-05 17:21:38 Image size of job updated: 6011768
	1749  -  MemoryUsage of job (MB)
	1790920  -  ResidentSetSize of job (KB)
...
006 (113587156.000.000) 2023-04-05 17:31:39 Image size of job updated: 6011768
	1757  -  MemoryUsage of job (MB)
	1798964  -  ResidentSetSize of job (KB)
...
006 (113587156.000.000) 2023-04-05 17:36:39 Image size of job updated: 6011768
	1769  -  MemoryUsage of job (MB)
	1811292  -  ResidentSetSize of job (KB)
...
006 (113587156.000.000) 2023-04-05 18:16:43 Image size of job updated: 6011768
	1770  -  MemoryUsage of job (MB)
	1812064  -  ResidentSetSize of job (KB)
...
006 (113587156.000.000) 2023-04-05 18:26:45 Image size of job updated: 6032860
	1780  -  MemoryUsage of job (MB)
	1821932  -  ResidentSetSize of job (KB)
...
006 (113587156.000.000) 2023-04-05 18:36:45 Image size of job updated: 6032860
	1783  -  MemoryUsage of job (MB)
	1825452  -  ResidentSetSize of job (KB)
...
006 (113587156.000.000) 2023-04-05 18:41:46 Image size of job updated: 6032860
	1797  -  MemoryUsage of job (MB)
	1839928  -  ResidentSetSize of job (KB)
...
006 (113587156.000.000) 2023-04-05 19:11:49 Image size of job updated: 6033096
	1797  -  MemoryUsage of job (MB)
	1839928  -  ResidentSetSize of job (KB)
...
006 (113587156.000.000) 2023-04-05 19:26:50 Image size of job updated: 6036152
	1797  -  MemoryUsage of job (MB)
	1839928  -  ResidentSetSize of job (KB)
...
006 (113587156.000.000) 2023-04-05 20:11:55 Image size of job updated: 6036152
	1800  -  MemoryUsage of job (MB)
	1842364  -  ResidentSetSize of job (KB)
...
006 (113587156.000.000) 2023-04-05 20:16:55 Image size of job updated: 6036152
	1802  -  MemoryUsage of job (MB)
	1845128  -  ResidentSetSize of job (KB)
...
006 (113587156.000.000) 2023-04-05 20:21:55 Image size of job updated: 6036152
	1832  -  MemoryUsage of job (MB)
	1875680  -  ResidentSetSize of job (KB)
...
006 (113587156.000.000) 2023-04-05 21:07:00 Image size of job updated: 6036152
	2093  -  MemoryUsage of job (MB)
	2143056  -  ResidentSetSize of job (KB)
...
006 (113587156.000.000) 2023-04-05 21:12:00 Image size of job updated: 6057848
	2093  -  MemoryUsage of job (MB)
	2143056  -  ResidentSetSize of job (KB)
...
006 (113587156.000.000) 2023-04-05 21:37:03 Image size of job updated: 6074064
	2093  -  MemoryUsage of job (MB)
	2143056  -  ResidentSetSize of job (KB)
...
006 (113587156.000.000) 2023-04-05 22:02:06 Image size of job updated: 6096404
	2093  -  MemoryUsage of job (MB)
	2143056  -  ResidentSetSize of job (KB)
...
006 (113587156.000.000) 2023-04-06 00:27:22 Image size of job updated: 6122948
	2093  -  MemoryUsage of job (MB)
	2143056  -  ResidentSetSize of job (KB)
...
006 (113587156.000.000) 2023-04-06 00:52:25 Image size of job updated: 6126984
	2093  -  MemoryUsage of job (MB)
	2143056  -  ResidentSetSize of job (KB)
...
006 (113587156.000.000) 2023-04-06 01:32:29 Image size of job updated: 6129592
	2093  -  MemoryUsage of job (MB)
	2143056  -  ResidentSetSize of job (KB)
...
006 (113587156.000.000) 2023-04-06 01:57:31 Image size of job updated: 6156000
	2093  -  MemoryUsage of job (MB)
	2143056  -  ResidentSetSize of job (KB)
...
006 (113587156.000.000) 2023-04-06 06:07:58 Image size of job updated: 6400820
	2093  -  MemoryUsage of job (MB)
	2143056  -  ResidentSetSize of job (KB)
...
006 (113587156.000.000) 2023-04-06 09:33:18 Image size of job updated: 6400820
	2301  -  MemoryUsage of job (MB)
	2355860  -  ResidentSetSize of job (KB)
...
004 (113587156.000.000) 2023-04-06 15:16:59 Job was evicted.
	(0) CPU times
		Usr 4 06:06:47, Sys 0 00:05:06  -  Run Remote Usage
		Usr 0 00:00:00, Sys 0 00:00:00  -  Run Local Usage
	0  -  Run Bytes Sent By Job
	366  -  Run Bytes Received By Job
	Partitionable Resources :    Usage  Request Allocated 
	   Cpus                 :     3.98        1         1 
	   Disk (KB)            :  2909      500000    609620 
	   GPUs                 :                           0 
	   Memory (MB)          :  2301       20000     20096 
...
040 (113587156.000.000) 2023-04-06 15:21:36 Started transferring input files
	Transferring to host: <10.14.10.125:9618?addrs=10.14.10.125-9618&alias=node2375.cluster.ldas.cit&noUDP&sock=slot1_8_4170239_6206_33886>
...
040 (113587156.000.000) 2023-04-06 15:21:36 Finished transferring input files
...
001 (113587156.000.000) 2023-04-06 15:21:37 Job executing on host: <10.14.10.125:9618?addrs=10.14.10.125-9618&alias=node2375.cluster.ldas.cit&noUDP&sock=startd_4089_4ad8>
...
004 (113587156.000.000) 2023-04-06 16:04:44 Job was evicted.
	(0) CPU times
		Usr 0 01:47:46, Sys 0 00:00:13  -  Run Remote Usage
		Usr 0 00:00:00, Sys 0 00:00:00  -  Run Local Usage
	0  -  Run Bytes Sent By Job
	366  -  Run Bytes Received By Job
	Partitionable Resources :    Usage  Request Allocated 
	   Cpus                 :     0.92        1         1 
	   Disk (KB)            :  2713      500000    624256 
	   GPUs                 :                           0 
	   Memory (MB)          :  2442       20000     20096 
...
009 (113587156.000.000) 2023-04-06 16:04:44 Job was aborted.
	removed because <OtherJobRemoveRequirements = DAGManJobId =?= 113587092> fired when job (113587092.0) was removed
...
000 (113604269.000.000) 2023-04-06 16:27:56 Job submitted from host: <10.14.0.160:9618?addrs=10.14.0.160-9618&alias=ldas-pcdev2.ligo.caltech.edu&noUDP&sock=schedd_7450_a8a7>
    DAG Node: 62
...
040 (113604269.000.000) 2023-04-06 16:31:05 Started transferring input files
	Transferring to host: <10.14.9.118:9618?addrs=10.14.9.118-9618&alias=node2118.cluster.ldas.cit&noUDP&sock=slot1_4_1467045_aae2_1484>
...
040 (113604269.000.000) 2023-04-06 16:31:05 Finished transferring input files
...
001 (113604269.000.000) 2023-04-06 16:31:06 Job executing on host: <10.14.9.118:9618?addrs=10.14.9.118-9618&alias=node2118.cluster.ldas.cit&noUDP&sock=startd_1467002_ee34>
...
006 (113604269.000.000) 2023-04-06 16:31:14 Image size of job updated: 247680
	190  -  MemoryUsage of job (MB)
	194432  -  ResidentSetSize of job (KB)
...
006 (113604269.000.000) 2023-04-06 16:36:14 Image size of job updated: 5033012
	190  -  MemoryUsage of job (MB)
	194432  -  ResidentSetSize of job (KB)
...
006 (113604269.000.000) 2023-04-06 16:41:14 Image size of job updated: 5033012
	363  -  MemoryUsage of job (MB)
	371568  -  ResidentSetSize of job (KB)
...
006 (113604269.000.000) 2023-04-06 16:46:15 Image size of job updated: 5033012
	374  -  MemoryUsage of job (MB)
	382172  -  ResidentSetSize of job (KB)
...
006 (113604269.000.000) 2023-04-06 16:51:16 Image size of job updated: 5033012
	479  -  MemoryUsage of job (MB)
	489760  -  ResidentSetSize of job (KB)
...
006 (113604269.000.000) 2023-04-06 16:56:16 Image size of job updated: 5033012
	490  -  MemoryUsage of job (MB)
	501148  -  ResidentSetSize of job (KB)
...
006 (113604269.000.000) 2023-04-06 17:01:16 Image size of job updated: 5033012
	525  -  MemoryUsage of job (MB)
	536864  -  ResidentSetSize of job (KB)
...
006 (113604269.000.000) 2023-04-06 17:06:17 Image size of job updated: 5033012
	528  -  MemoryUsage of job (MB)
	539652  -  ResidentSetSize of job (KB)
...
006 (113604269.000.000) 2023-04-06 17:11:17 Image size of job updated: 5033012
	554  -  MemoryUsage of job (MB)
	566692  -  ResidentSetSize of job (KB)
...
006 (113604269.000.000) 2023-04-06 17:16:17 Image size of job updated: 5033012
	554  -  MemoryUsage of job (MB)
	566744  -  ResidentSetSize of job (KB)
...
006 (113604269.000.000) 2023-04-06 17:21:18 Image size of job updated: 5033012
	555  -  MemoryUsage of job (MB)
	567380  -  ResidentSetSize of job (KB)
...
006 (113604269.000.000) 2023-04-06 17:26:18 Image size of job updated: 5033012
	557  -  MemoryUsage of job (MB)
	570180  -  ResidentSetSize of job (KB)
...
006 (113604269.000.000) 2023-04-06 17:31:18 Image size of job updated: 5033012
	561  -  MemoryUsage of job (MB)
	573728  -  ResidentSetSize of job (KB)
...
006 (113604269.000.000) 2023-04-06 17:36:19 Image size of job updated: 5033012
	654  -  MemoryUsage of job (MB)
	669376  -  ResidentSetSize of job (KB)
...
006 (113604269.000.000) 2023-04-06 17:41:20 Image size of job updated: 5033012
	895  -  MemoryUsage of job (MB)
	915964  -  ResidentSetSize of job (KB)
...
006 (113604269.000.000) 2023-04-06 17:46:20 Image size of job updated: 5033012
	955  -  MemoryUsage of job (MB)
	976920  -  ResidentSetSize of job (KB)
...
006 (113604269.000.000) 2023-04-06 17:51:21 Image size of job updated: 5033012
	955  -  MemoryUsage of job (MB)
	977260  -  ResidentSetSize of job (KB)
...
006 (113604269.000.000) 2023-04-06 17:56:22 Image size of job updated: 5033012
	971  -  MemoryUsage of job (MB)
	993456  -  ResidentSetSize of job (KB)
...
006 (113604269.000.000) 2023-04-06 18:01:22 Image size of job updated: 5033012
	971  -  MemoryUsage of job (MB)
	993676  -  ResidentSetSize of job (KB)
...
006 (113604269.000.000) 2023-04-06 18:06:22 Image size of job updated: 5033012
	979  -  MemoryUsage of job (MB)
	1001848  -  ResidentSetSize of job (KB)
...
006 (113604269.000.000) 2023-04-06 18:11:23 Image size of job updated: 5033012
	1010  -  MemoryUsage of job (MB)
	1033648  -  ResidentSetSize of job (KB)
...
006 (113604269.000.000) 2023-04-06 18:16:24 Image size of job updated: 5033012
	1016  -  MemoryUsage of job (MB)
	1040316  -  ResidentSetSize of job (KB)
...
006 (113604269.000.000) 2023-04-06 18:21:24 Image size of job updated: 5033012
	1028  -  MemoryUsage of job (MB)
	1051912  -  ResidentSetSize of job (KB)
...
006 (113604269.000.000) 2023-04-06 18:26:24 Image size of job updated: 5033012
	1031  -  MemoryUsage of job (MB)
	1054968  -  ResidentSetSize of job (KB)
...
006 (113604269.000.000) 2023-04-06 18:31:25 Image size of job updated: 5033012
	1043  -  MemoryUsage of job (MB)
	1067640  -  ResidentSetSize of job (KB)
...
006 (113604269.000.000) 2023-04-06 18:41:25 Image size of job updated: 5033012
	1052  -  MemoryUsage of job (MB)
	1076500  -  ResidentSetSize of job (KB)
...
006 (113604269.000.000) 2023-04-06 18:46:26 Image size of job updated: 5033012
	1071  -  MemoryUsage of job (MB)
	1096324  -  ResidentSetSize of job (KB)
...
006 (113604269.000.000) 2023-04-06 18:51:27 Image size of job updated: 5033012
	1105  -  MemoryUsage of job (MB)
	1130868  -  ResidentSetSize of job (KB)
...
006 (113604269.000.000) 2023-04-06 18:56:27 Image size of job updated: 5033012
	1106  -  MemoryUsage of job (MB)
	1131952  -  ResidentSetSize of job (KB)
...
006 (113604269.000.000) 2023-04-06 19:01:27 Image size of job updated: 5033012
	1107  -  MemoryUsage of job (MB)
	1132628  -  ResidentSetSize of job (KB)
...
006 (113604269.000.000) 2023-04-06 19:06:28 Image size of job updated: 5033012
	1111  -  MemoryUsage of job (MB)
	1137504  -  ResidentSetSize of job (KB)
...
006 (113604269.000.000) 2023-04-06 19:11:28 Image size of job updated: 5033012
	1112  -  MemoryUsage of job (MB)
	1137916  -  ResidentSetSize of job (KB)
...
006 (113604269.000.000) 2023-04-06 19:16:28 Image size of job updated: 5033012
	1123  -  MemoryUsage of job (MB)
	1149120  -  ResidentSetSize of job (KB)
...
006 (113604269.000.000) 2023-04-06 19:21:29 Image size of job updated: 5033012
	1123  -  MemoryUsage of job (MB)
	1149368  -  ResidentSetSize of job (KB)
...
006 (113604269.000.000) 2023-04-06 19:26:30 Image size of job updated: 5033012
	1124  -  MemoryUsage of job (MB)
	1150680  -  ResidentSetSize of job (KB)
...
006 (113604269.000.000) 2023-04-06 19:31:30 Image size of job updated: 5033012
	1126  -  MemoryUsage of job (MB)
	1152480  -  ResidentSetSize of job (KB)
...
006 (113604269.000.000) 2023-04-06 19:36:30 Image size of job updated: 5033012
	1127  -  MemoryUsage of job (MB)
	1153248  -  ResidentSetSize of job (KB)
...
006 (113604269.000.000) 2023-04-06 19:41:31 Image size of job updated: 5033012
	1128  -  MemoryUsage of job (MB)
	1154732  -  ResidentSetSize of job (KB)
...
006 (113604269.000.000) 2023-04-06 19:46:31 Image size of job updated: 5033012
	1135  -  MemoryUsage of job (MB)
	1161764  -  ResidentSetSize of job (KB)
...
006 (113604269.000.000) 2023-04-06 19:51:31 Image size of job updated: 5033012
	1135  -  MemoryUsage of job (MB)
	1161768  -  ResidentSetSize of job (KB)
...
006 (113604269.000.000) 2023-04-06 19:56:32 Image size of job updated: 5033012
	1151  -  MemoryUsage of job (MB)
	1178060  -  ResidentSetSize of job (KB)
...
006 (113604269.000.000) 2023-04-06 20:01:33 Image size of job updated: 5033012
	1191  -  MemoryUsage of job (MB)
	1219140  -  ResidentSetSize of job (KB)
...
006 (113604269.000.000) 2023-04-06 20:16:35 Image size of job updated: 5033012
	1209  -  MemoryUsage of job (MB)
	1237108  -  ResidentSetSize of job (KB)
...
006 (113604269.000.000) 2023-04-06 20:21:35 Image size of job updated: 5054904
	1245  -  MemoryUsage of job (MB)
	1273948  -  ResidentSetSize of job (KB)
...
006 (113604269.000.000) 2023-04-06 20:26:35 Image size of job updated: 5061328
	1251  -  MemoryUsage of job (MB)
	1280372  -  ResidentSetSize of job (KB)
...
006 (113604269.000.000) 2023-04-06 20:31:36 Image size of job updated: 5065876
	1272  -  MemoryUsage of job (MB)
	1301884  -  ResidentSetSize of job (KB)
...
006 (113604269.000.000) 2023-04-06 20:41:36 Image size of job updated: 5067436
	1273  -  MemoryUsage of job (MB)
	1303552  -  ResidentSetSize of job (KB)
...
006 (113604269.000.000) 2023-04-06 20:46:37 Image size of job updated: 5069176
	1275  -  MemoryUsage of job (MB)
	1305364  -  ResidentSetSize of job (KB)
...
006 (113604269.000.000) 2023-04-06 20:51:38 Image size of job updated: 5069176
	1292  -  MemoryUsage of job (MB)
	1322104  -  ResidentSetSize of job (KB)
...
006 (113604269.000.000) 2023-04-06 20:56:38 Image size of job updated: 5071964
	1294  -  MemoryUsage of job (MB)
	1324224  -  ResidentSetSize of job (KB)
...
006 (113604269.000.000) 2023-04-06 21:06:39 Image size of job updated: 5074964
	1297  -  MemoryUsage of job (MB)
	1327768  -  ResidentSetSize of job (KB)
...
006 (113604269.000.000) 2023-04-06 21:31:40 Image size of job updated: 5083092
	1305  -  MemoryUsage of job (MB)
	1335924  -  ResidentSetSize of job (KB)
...
006 (113604269.000.000) 2023-04-06 21:41:42 Image size of job updated: 5093072
	1315  -  MemoryUsage of job (MB)
	1345664  -  ResidentSetSize of job (KB)
...
006 (113604269.000.000) 2023-04-06 21:46:42 Image size of job updated: 5115452
	1337  -  MemoryUsage of job (MB)
	1368236  -  ResidentSetSize of job (KB)
...
006 (113604269.000.000) 2023-04-06 22:01:44 Image size of job updated: 5117684
	1339  -  MemoryUsage of job (MB)
	1370512  -  ResidentSetSize of job (KB)
...
006 (113604269.000.000) 2023-04-06 22:06:44 Image size of job updated: 5123408
	1344  -  MemoryUsage of job (MB)
	1376116  -  ResidentSetSize of job (KB)
...
006 (113604269.000.000) 2023-04-06 22:11:45 Image size of job updated: 5136904
	1357  -  MemoryUsage of job (MB)
	1389496  -  ResidentSetSize of job (KB)
...
006 (113604269.000.000) 2023-04-06 22:16:46 Image size of job updated: 5136904
	1357  -  MemoryUsage of job (MB)
	1389500  -  ResidentSetSize of job (KB)
...
006 (113604269.000.000) 2023-04-06 22:26:46 Image size of job updated: 5149420
	1370  -  MemoryUsage of job (MB)
	1401868  -  ResidentSetSize of job (KB)
...
006 (113604269.000.000) 2023-04-06 22:31:47 Image size of job updated: 5169148
	1389  -  MemoryUsage of job (MB)
	1421548  -  ResidentSetSize of job (KB)
...
006 (113604269.000.000) 2023-04-06 22:46:48 Image size of job updated: 5170516
	1389  -  MemoryUsage of job (MB)
	1421880  -  ResidentSetSize of job (KB)
...
006 (113604269.000.000) 2023-04-06 22:56:49 Image size of job updated: 5175916
	1395  -  MemoryUsage of job (MB)
	1428180  -  ResidentSetSize of job (KB)
...
006 (113604269.000.000) 2023-04-06 23:01:50 Image size of job updated: 5179564
	1399  -  MemoryUsage of job (MB)
	1431968  -  ResidentSetSize of job (KB)
...
006 (113604269.000.000) 2023-04-06 23:16:51 Image size of job updated: 5184268
	1402  -  MemoryUsage of job (MB)
	1435128  -  ResidentSetSize of job (KB)
...
006 (113604269.000.000) 2023-04-06 23:21:52 Image size of job updated: 5201060
	1420  -  MemoryUsage of job (MB)
	1453076  -  ResidentSetSize of job (KB)
...
006 (113604269.000.000) 2023-04-06 23:36:54 Image size of job updated: 5202760
	1421  -  MemoryUsage of job (MB)
	1455048  -  ResidentSetSize of job (KB)
...
006 (113604269.000.000) 2023-04-06 23:46:55 Image size of job updated: 5271508
	1483  -  MemoryUsage of job (MB)
	1518184  -  ResidentSetSize of job (KB)
...
006 (113604269.000.000) 2023-04-06 23:51:55 Image size of job updated: 5274560
	1485  -  MemoryUsage of job (MB)
	1520176  -  ResidentSetSize of job (KB)
...
006 (113604269.000.000) 2023-04-07 00:06:57 Image size of job updated: 5280096
	1491  -  MemoryUsage of job (MB)
	1526728  -  ResidentSetSize of job (KB)
...
006 (113604269.000.000) 2023-04-07 00:11:58 Image size of job updated: 5285452
	1497  -  MemoryUsage of job (MB)
	1532104  -  ResidentSetSize of job (KB)
...
006 (113604269.000.000) 2023-04-07 00:16:59 Image size of job updated: 5285452
	1499  -  MemoryUsage of job (MB)
	1534220  -  ResidentSetSize of job (KB)
...
006 (113604269.000.000) 2023-04-07 00:21:59 Image size of job updated: 5285452
	1501  -  MemoryUsage of job (MB)
	1536496  -  ResidentSetSize of job (KB)
...
006 (113604269.000.000) 2023-04-07 00:27:00 Image size of job updated: 5287520
	1501  -  MemoryUsage of job (MB)
	1536496  -  ResidentSetSize of job (KB)
...
006 (113604269.000.000) 2023-04-07 00:32:01 Image size of job updated: 5287520
	1503  -  MemoryUsage of job (MB)
	1538288  -  ResidentSetSize of job (KB)
...
006 (113604269.000.000) 2023-04-07 00:42:01 Image size of job updated: 5290548
	1506  -  MemoryUsage of job (MB)
	1541324  -  ResidentSetSize of job (KB)
...
006 (113604269.000.000) 2023-04-07 00:52:03 Image size of job updated: 5295332
	1506  -  MemoryUsage of job (MB)
	1541324  -  ResidentSetSize of job (KB)
...
006 (113604269.000.000) 2023-04-07 00:57:03 Image size of job updated: 5297392
	1512  -  MemoryUsage of job (MB)
	1548056  -  ResidentSetSize of job (KB)
...
006 (113604269.000.000) 2023-04-07 01:02:04 Image size of job updated: 5297392
	1513  -  MemoryUsage of job (MB)
	1548424  -  ResidentSetSize of job (KB)
...
006 (113604269.000.000) 2023-04-07 01:07:05 Image size of job updated: 5300284
	1514  -  MemoryUsage of job (MB)
	1550028  -  ResidentSetSize of job (KB)
...
006 (113604269.000.000) 2023-04-07 01:12:05 Image size of job updated: 5300284
	1515  -  MemoryUsage of job (MB)
	1550980  -  ResidentSetSize of job (KB)
...
006 (113604269.000.000) 2023-04-07 01:17:05 Image size of job updated: 5307340
	1515  -  MemoryUsage of job (MB)
	1551244  -  ResidentSetSize of job (KB)
...
006 (113604269.000.000) 2023-04-07 01:22:06 Image size of job updated: 5307596
	1516  -  MemoryUsage of job (MB)
	1551500  -  ResidentSetSize of job (KB)
...
006 (113604269.000.000) 2023-04-07 01:27:06 Image size of job updated: 5310936
	1516  -  MemoryUsage of job (MB)
	1551500  -  ResidentSetSize of job (KB)
...
006 (113604269.000.000) 2023-04-07 01:47:08 Image size of job updated: 5361768
	1516  -  MemoryUsage of job (MB)
	1551500  -  ResidentSetSize of job (KB)
...
006 (113604269.000.000) 2023-04-07 01:52:08 Image size of job updated: 5361768
	1563  -  MemoryUsage of job (MB)
	1599964  -  ResidentSetSize of job (KB)
...
006 (113604269.000.000) 2023-04-07 01:57:09 Image size of job updated: 5361768
	1565  -  MemoryUsage of job (MB)
	1602012  -  ResidentSetSize of job (KB)
...
006 (113604269.000.000) 2023-04-07 02:02:09 Image size of job updated: 5361768
	1567  -  MemoryUsage of job (MB)
	1604384  -  ResidentSetSize of job (KB)
...
006 (113604269.000.000) 2023-04-07 02:07:09 Image size of job updated: 5361768
	1569  -  MemoryUsage of job (MB)
	1605924  -  ResidentSetSize of job (KB)
...
006 (113604269.000.000) 2023-04-07 02:17:11 Image size of job updated: 5434652
	1572  -  MemoryUsage of job (MB)
	1608892  -  ResidentSetSize of job (KB)
...
006 (113604269.000.000) 2023-04-07 02:22:11 Image size of job updated: 5434652
	1572  -  MemoryUsage of job (MB)
	1609308  -  ResidentSetSize of job (KB)
...
006 (113604269.000.000) 2023-04-07 02:27:12 Image size of job updated: 5438036
	1575  -  MemoryUsage of job (MB)
	1612684  -  ResidentSetSize of job (KB)
...
006 (113604269.000.000) 2023-04-07 02:32:13 Image size of job updated: 5438036
	1578  -  MemoryUsage of job (MB)
	1615580  -  ResidentSetSize of job (KB)
...
006 (113604269.000.000) 2023-04-07 02:42:13 Image size of job updated: 5438036
	1581  -  MemoryUsage of job (MB)
	1618260  -  ResidentSetSize of job (KB)
...
006 (113604269.000.000) 2023-04-07 02:57:15 Image size of job updated: 5438036
	1582  -  MemoryUsage of job (MB)
	1619868  -  ResidentSetSize of job (KB)
...
006 (113604269.000.000) 2023-04-07 03:02:15 Image size of job updated: 5438036
	1583  -  MemoryUsage of job (MB)
	1620648  -  ResidentSetSize of job (KB)
...
006 (113604269.000.000) 2023-04-07 03:07:16 Image size of job updated: 5459496
	1590  -  MemoryUsage of job (MB)
	1627160  -  ResidentSetSize of job (KB)
...
006 (113604269.000.000) 2023-04-07 03:22:17 Image size of job updated: 5461984
	1591  -  MemoryUsage of job (MB)
	1628960  -  ResidentSetSize of job (KB)
...
006 (113604269.000.000) 2023-04-07 03:27:18 Image size of job updated: 5461984
	1592  -  MemoryUsage of job (MB)
	1629212  -  ResidentSetSize of job (KB)
...
006 (113604269.000.000) 2023-04-07 03:32:18 Image size of job updated: 5465752
	1675  -  MemoryUsage of job (MB)
	1714716  -  ResidentSetSize of job (KB)
...
006 (113604269.000.000) 2023-04-07 03:47:19 Image size of job updated: 5467648
	1675  -  MemoryUsage of job (MB)
	1714716  -  ResidentSetSize of job (KB)
...
006 (113604269.000.000) 2023-04-07 03:57:20 Image size of job updated: 5471592
	1675  -  MemoryUsage of job (MB)
	1714716  -  ResidentSetSize of job (KB)
...
006 (113604269.000.000) 2023-04-07 04:07:21 Image size of job updated: 5486580
	1675  -  MemoryUsage of job (MB)
	1714716  -  ResidentSetSize of job (KB)
...
006 (113604269.000.000) 2023-04-07 04:22:23 Image size of job updated: 5491492
	1675  -  MemoryUsage of job (MB)
	1714716  -  ResidentSetSize of job (KB)
...
006 (113604269.000.000) 2023-04-07 05:07:28 Image size of job updated: 5504092
	1675  -  MemoryUsage of job (MB)
	1714716  -  ResidentSetSize of job (KB)
...
006 (113604269.000.000) 2023-04-07 05:22:29 Image size of job updated: 5507332
	1675  -  MemoryUsage of job (MB)
	1714716  -  ResidentSetSize of job (KB)
...
006 (113604269.000.000) 2023-04-07 05:37:31 Image size of job updated: 5523560
	1675  -  MemoryUsage of job (MB)
	1714716  -  ResidentSetSize of job (KB)
...
006 (113604269.000.000) 2023-04-07 07:07:41 Image size of job updated: 5550552
	1675  -  MemoryUsage of job (MB)
	1714716  -  ResidentSetSize of job (KB)
...
006 (113604269.000.000) 2023-04-07 07:37:44 Image size of job updated: 5574588
	1675  -  MemoryUsage of job (MB)
	1714716  -  ResidentSetSize of job (KB)
...
006 (113604269.000.000) 2023-04-07 08:07:46 Image size of job updated: 5586136
	1676  -  MemoryUsage of job (MB)
	1715696  -  ResidentSetSize of job (KB)
...
006 (113604269.000.000) 2023-04-07 08:22:48 Image size of job updated: 5586136
	1680  -  MemoryUsage of job (MB)
	1719752  -  ResidentSetSize of job (KB)
...
006 (113604269.000.000) 2023-04-07 08:37:50 Image size of job updated: 5595700
	1684  -  MemoryUsage of job (MB)
	1724272  -  ResidentSetSize of job (KB)
...
006 (113604269.000.000) 2023-04-07 08:47:51 Image size of job updated: 5599156
	1684  -  MemoryUsage of job (MB)
	1724272  -  ResidentSetSize of job (KB)
...
006 (113604269.000.000) 2023-04-07 09:02:53 Image size of job updated: 5599156
	1688  -  MemoryUsage of job (MB)
	1728100  -  ResidentSetSize of job (KB)
...
006 (113604269.000.000) 2023-04-07 09:07:54 Image size of job updated: 5599156
	1689  -  MemoryUsage of job (MB)
	1729212  -  ResidentSetSize of job (KB)
...
006 (113604269.000.000) 2023-04-07 09:12:54 Image size of job updated: 5599156
	1692  -  MemoryUsage of job (MB)
	1732380  -  ResidentSetSize of job (KB)
...
006 (113604269.000.000) 2023-04-07 09:17:54 Image size of job updated: 5599156
	1692  -  MemoryUsage of job (MB)
	1732492  -  ResidentSetSize of job (KB)
...
006 (113604269.000.000) 2023-04-07 09:27:55 Image size of job updated: 5599156
	1693  -  MemoryUsage of job (MB)
	1733472  -  ResidentSetSize of job (KB)
...
006 (113604269.000.000) 2023-04-07 09:37:56 Image size of job updated: 5599156
	1694  -  MemoryUsage of job (MB)
	1734472  -  ResidentSetSize of job (KB)
...
006 (113604269.000.000) 2023-04-07 09:42:57 Image size of job updated: 5599156
	1696  -  MemoryUsage of job (MB)
	1735800  -  ResidentSetSize of job (KB)
...
006 (113604269.000.000) 2023-04-07 09:47:57 Image size of job updated: 5599156
	1713  -  MemoryUsage of job (MB)
	1753716  -  ResidentSetSize of job (KB)
...
006 (113604269.000.000) 2023-04-07 10:02:59 Image size of job updated: 5641372
	1716  -  MemoryUsage of job (MB)
	1756888  -  ResidentSetSize of job (KB)
...
006 (113604269.000.000) 2023-04-07 10:18:01 Image size of job updated: 5646864
	1716  -  MemoryUsage of job (MB)
	1756888  -  ResidentSetSize of job (KB)
...
006 (113604269.000.000) 2023-04-07 10:38:03 Image size of job updated: 5651624
	1725  -  MemoryUsage of job (MB)
	1765764  -  ResidentSetSize of job (KB)
...
006 (113604269.000.000) 2023-04-07 10:43:03 Image size of job updated: 5651624
	1727  -  MemoryUsage of job (MB)
	1767556  -  ResidentSetSize of job (KB)
...
006 (113604269.000.000) 2023-04-07 10:58:04 Image size of job updated: 5651624
	1727  -  MemoryUsage of job (MB)
	1768128  -  ResidentSetSize of job (KB)
...
006 (113604269.000.000) 2023-04-07 11:03:05 Image size of job updated: 5651624
	1735  -  MemoryUsage of job (MB)
	1775708  -  ResidentSetSize of job (KB)
...
006 (113604269.000.000) 2023-04-07 12:18:13 Image size of job updated: 5651624
	1741  -  MemoryUsage of job (MB)
	1782064  -  ResidentSetSize of job (KB)
...
006 (113604269.000.000) 2023-04-07 12:28:15 Image size of job updated: 5672292
	1741  -  MemoryUsage of job (MB)
	1782064  -  ResidentSetSize of job (KB)
...
006 (113604269.000.000) 2023-04-07 13:23:20 Image size of job updated: 5683628
	1741  -  MemoryUsage of job (MB)
	1782064  -  ResidentSetSize of job (KB)
...
006 (113604269.000.000) 2023-04-07 13:33:22 Image size of job updated: 5683628
	1741  -  MemoryUsage of job (MB)
	1782384  -  ResidentSetSize of job (KB)
...
006 (113604269.000.000) 2023-04-07 13:38:22 Image size of job updated: 5683628
	1743  -  MemoryUsage of job (MB)
	1784176  -  ResidentSetSize of job (KB)
...
006 (113604269.000.000) 2023-04-07 13:53:24 Image size of job updated: 5688628
	1744  -  MemoryUsage of job (MB)
	1785552  -  ResidentSetSize of job (KB)
...
006 (113604269.000.000) 2023-04-07 14:03:25 Image size of job updated: 5688628
	1755  -  MemoryUsage of job (MB)
	1797008  -  ResidentSetSize of job (KB)
...
006 (113604269.000.000) 2023-04-07 14:08:26 Image size of job updated: 5703128
	1760  -  MemoryUsage of job (MB)
	1801280  -  ResidentSetSize of job (KB)
...
006 (113604269.000.000) 2023-04-07 14:28:27 Image size of job updated: 5706392
	1761  -  MemoryUsage of job (MB)
	1802908  -  ResidentSetSize of job (KB)
...
006 (113604269.000.000) 2023-04-07 14:48:28 Image size of job updated: 5706392
	1761  -  MemoryUsage of job (MB)
	1802912  -  ResidentSetSize of job (KB)
...
006 (113604269.000.000) 2023-04-07 14:58:30 Image size of job updated: 5713504
	1769  -  MemoryUsage of job (MB)
	1811000  -  ResidentSetSize of job (KB)
...
006 (113604269.000.000) 2023-04-07 15:13:32 Image size of job updated: 5716512
	1773  -  MemoryUsage of job (MB)
	1815020  -  ResidentSetSize of job (KB)
...
006 (113604269.000.000) 2023-04-07 15:38:33 Image size of job updated: 5716512
	1774  -  MemoryUsage of job (MB)
	1816036  -  ResidentSetSize of job (KB)
...
004 (113604269.000.000) 2023-04-07 16:41:59 Job was evicted.
	(0) CPU times
		Usr 4 02:02:55, Sys 0 00:03:12  -  Run Remote Usage
		Usr 0 00:00:00, Sys 0 00:00:00  -  Run Local Usage
	0  -  Run Bytes Sent By Job
	366  -  Run Bytes Received By Job
	Partitionable Resources :    Usage  Request Allocated 
	   Cpus                 :     0.99        1         1 
	   Disk (KB)            :  3970      500000    609612 
	   GPUs                 :                           0 
	   Memory (MB)          :  1774       20000     20096 
...
040 (113604269.000.000) 2023-04-07 16:56:57 Started transferring input files
	Transferring to host: <10.14.9.103:9618?addrs=10.14.9.103-9618&alias=node2103.cluster.ldas.cit&noUDP&sock=slot1_11_441887_1dca_14014>
...
040 (113604269.000.000) 2023-04-07 16:56:57 Finished transferring input files
...
001 (113604269.000.000) 2023-04-07 16:56:58 Job executing on host: <10.14.9.103:9618?addrs=10.14.9.103-9618&alias=node2103.cluster.ldas.cit&noUDP&sock=startd_441847_de85>
...
004 (113604269.000.000) 2023-04-08 17:07:46 Job was evicted.
	(0) CPU times
		Usr 2 19:22:38, Sys 0 00:05:58  -  Run Remote Usage
		Usr 0 00:00:00, Sys 0 00:00:00  -  Run Local Usage
	0  -  Run Bytes Sent By Job
	366  -  Run Bytes Received By Job
	Partitionable Resources :    Usage  Request Allocated 
	   Cpus                 :     2.65        1         1 
	   Disk (KB)            :  2977      500000    609620 
	   GPUs                 :                           0 
	   Memory (MB)          :  1954       20000     20096 
...
040 (113604269.000.000) 2023-04-08 17:07:55 Started transferring input files
	Transferring to host: <10.14.9.111:9618?addrs=10.14.9.111-9618&alias=node2111.cluster.ldas.cit&noUDP&sock=slot1_16_193117_2586_1979>
...
040 (113604269.000.000) 2023-04-08 17:07:55 Finished transferring input files
...
001 (113604269.000.000) 2023-04-08 17:07:56 Job executing on host: <10.14.9.111:9618?addrs=10.14.9.111-9618&alias=node2111.cluster.ldas.cit&noUDP&sock=startd_192967_e3e2>
...
004 (113604269.000.000) 2023-04-09 17:18:20 Job was evicted.
	(0) CPU times
		Usr 3 18:05:01, Sys 0 00:03:21  -  Run Remote Usage
		Usr 0 00:00:00, Sys 0 00:00:00  -  Run Local Usage
	0  -  Run Bytes Sent By Job
	366  -  Run Bytes Received By Job
	Partitionable Resources :    Usage  Request Allocated 
	   Cpus                 :     2.97        1         1 
	   Disk (KB)            :  2840      500000    609620 
	   GPUs                 :                           0 
	   Memory (MB)          :  1954       20000     20096 
...
040 (113604269.000.000) 2023-04-09 17:19:03 Started transferring input files
	Transferring to host: <10.14.9.85:9618?addrs=10.14.9.85-9618&alias=node2085.cluster.ldas.cit&noUDP&sock=slot1_8_314696_8cf6_14176>
...
040 (113604269.000.000) 2023-04-09 17:19:03 Finished transferring input files
...
001 (113604269.000.000) 2023-04-09 17:19:04 Job executing on host: <10.14.9.85:9618?addrs=10.14.9.85-9618&alias=node2085.cluster.ldas.cit&noUDP&sock=startd_314656_6c29>
...
004 (113604269.000.000) 2023-04-10 17:22:18 Job was evicted.
	(0) CPU times
		Usr 1 23:46:39, Sys 0 00:14:50  -  Run Remote Usage
		Usr 0 00:00:00, Sys 0 00:00:00  -  Run Local Usage
	0  -  Run Bytes Sent By Job
	366  -  Run Bytes Received By Job
	Partitionable Resources :    Usage  Request Allocated 
	   Cpus                 :     2.38        1         1 
	   Disk (KB)            :  2869      500000    609620 
	   GPUs                 :                           0 
	   Memory (MB)          :  1954       20000     20096 
...
040 (113604269.000.000) 2023-04-10 17:25:26 Started transferring input files
	Transferring to host: <10.14.9.131:9618?addrs=10.14.9.131-9618&alias=node2131.cluster.ldas.cit&noUDP&sock=slot1_12_2026002_708c_5515>
...
040 (113604269.000.000) 2023-04-10 17:25:26 Finished transferring input files
...
001 (113604269.000.000) 2023-04-10 17:25:27 Job executing on host: <10.14.9.131:9618?addrs=10.14.9.131-9618&alias=node2131.cluster.ldas.cit&noUDP&sock=startd_2025958_4128>
...
006 (113604269.000.000) 2023-04-11 09:02:12 Image size of job updated: 7500000
	2071  -  MemoryUsage of job (MB)
	2120584  -  ResidentSetSize of job (KB)
...
004 (113604269.000.000) 2023-04-11 17:35:18 Job was evicted.
	(0) CPU times
		Usr 4 04:04:50, Sys 0 00:03:32  -  Run Remote Usage
		Usr 0 00:00:00, Sys 0 00:00:00  -  Run Local Usage
	0  -  Run Bytes Sent By Job
	366  -  Run Bytes Received By Job
	Partitionable Resources :    Usage  Request Allocated 
	   Cpus                 :     0.99        1         1 
	   Disk (KB)            :  3076      500000    609620 
	   GPUs                 :                           0 
	   Memory (MB)          :  2071       20000     20096 
...
040 (113604269.000.000) 2023-04-11 17:42:38 Started transferring input files
	Transferring to host: <10.14.10.68:9618?addrs=10.14.10.68-9618&alias=node2318.cluster.ldas.cit&noUDP&sock=slot1_20_3337961_3d92_7422>
...
040 (113604269.000.000) 2023-04-11 17:42:38 Finished transferring input files
...
001 (113604269.000.000) 2023-04-11 17:42:39 Job executing on host: <10.14.10.68:9618?addrs=10.14.10.68-9618&alias=node2318.cluster.ldas.cit&noUDP&sock=startd_3337919_6054>
...
004 (113604269.000.000) 2023-04-12 18:19:51 Job was evicted.
	(0) CPU times
		Usr 3 22:27:33, Sys 0 00:02:20  -  Run Remote Usage
		Usr 0 00:00:00, Sys 0 00:00:00  -  Run Local Usage
	0  -  Run Bytes Sent By Job
	366  -  Run Bytes Received By Job
	Partitionable Resources :    Usage  Request Allocated 
	   Cpus                 :     1.98        1         1 
	   Disk (KB)            :  3063      500000    624256 
	   GPUs                 :                           0 
	   Memory (MB)          :  2198       20000     20096 
...
040 (113604269.000.000) 2023-04-12 18:25:56 Started transferring input files
	Transferring to host: <10.14.4.74:9618?addrs=10.14.4.74-9618&alias=node824.cluster.ldas.cit&noUDP&sock=slot1_12_2277176_3eb2_6769>
...
040 (113604269.000.000) 2023-04-12 18:25:56 Finished transferring input files
...
001 (113604269.000.000) 2023-04-12 18:25:57 Job executing on host: <10.14.4.74:9618?addrs=10.14.4.74-9618&alias=node824.cluster.ldas.cit&noUDP&sock=startd_2277133_69a5>
...
006 (113604269.000.000) 2023-04-13 15:23:21 Image size of job updated: 7500000
	2302  -  MemoryUsage of job (MB)
	2356852  -  ResidentSetSize of job (KB)
...
004 (113604269.000.000) 2023-04-13 18:30:49 Job was evicted.
	(0) CPU times
		Usr 3 06:58:14, Sys 0 00:05:04  -  Run Remote Usage
		Usr 0 00:00:00, Sys 0 00:00:00  -  Run Local Usage
	0  -  Run Bytes Sent By Job
	366  -  Run Bytes Received By Job
	Partitionable Resources :    Usage  Request Allocated 
	   Cpus                 :     3.97        1         1 
	   Disk (KB)            :  2911      500000    624256 
	   GPUs                 :                           0 
	   Memory (MB)          :  2302       20000     20096 
...
040 (113604269.000.000) 2023-04-13 18:33:38 Started transferring input files
	Transferring to host: <10.14.4.45:9618?addrs=10.14.4.45-9618&alias=node795.cluster.ldas.cit&noUDP&sock=slot1_2_1591311_4e5f_27609>
...
040 (113604269.000.000) 2023-04-13 18:33:38 Finished transferring input files
...
001 (113604269.000.000) 2023-04-13 18:33:39 Job executing on host: <10.14.4.45:9618?addrs=10.14.4.45-9618&alias=node795.cluster.ldas.cit&noUDP&sock=startd_3182_2a72>
...
004 (113604269.000.000) 2023-04-14 19:04:19 Job was evicted.
	(0) CPU times
		Usr 2 23:35:17, Sys 0 00:05:46  -  Run Remote Usage
		Usr 0 00:00:00, Sys 0 00:00:00  -  Run Local Usage
	0  -  Run Bytes Sent By Job
	366  -  Run Bytes Received By Job
	Partitionable Resources :    Usage  Request Allocated 
	   Cpus                 :     3.47        1         1 
	   Disk (KB)            :  2872      500000    624256 
	   GPUs                 :                           0 
	   Memory (MB)          :  2442       20000     20096 
...
040 (113604269.000.000) 2023-04-14 19:06:06 Started transferring input files
	Transferring to host: <10.14.9.141:9618?addrs=10.14.9.141-9618&alias=node2141.cluster.ldas.cit&noUDP&sock=slot1_6_1759164_ede9_11072>
...
040 (113604269.000.000) 2023-04-14 19:06:06 Finished transferring input files
...
001 (113604269.000.000) 2023-04-14 19:06:07 Job executing on host: <10.14.9.141:9618?addrs=10.14.9.141-9618&alias=node2141.cluster.ldas.cit&noUDP&sock=startd_1759122_f3f6>
...
004 (113604269.000.000) 2023-04-15 19:47:42 Job was evicted.
	(0) CPU times
		Usr 5 03:01:29, Sys 0 00:03:21  -  Run Remote Usage
		Usr 0 00:00:00, Sys 0 00:00:00  -  Run Local Usage
	0  -  Run Bytes Sent By Job
	366  -  Run Bytes Received By Job
	Partitionable Resources :    Usage  Request Allocated 
	   Cpus                 :     7.97        1         1 
	   Disk (KB)            :  2976      500000    609620 
	   GPUs                 :                           0 
	   Memory (MB)          :  2442       20000     20096 
...
040 (113604269.000.000) 2023-04-15 19:50:44 Started transferring input files
	Transferring to host: <10.14.4.66:9618?addrs=10.14.4.66-9618&alias=node816.cluster.ldas.cit&noUDP&sock=slot1_2_2285100_6b74_10414>
...
040 (113604269.000.000) 2023-04-15 19:50:44 Finished transferring input files
...
001 (113604269.000.000) 2023-04-15 19:50:45 Job executing on host: <10.14.4.66:9618?addrs=10.14.4.66-9618&alias=node816.cluster.ldas.cit&noUDP&sock=startd_2285058_4db2>
...
004 (113604269.000.000) 2023-04-16 19:54:50 Job was evicted.
	(0) CPU times
		Usr 5 01:56:02, Sys 0 00:06:41  -  Run Remote Usage
		Usr 0 00:00:00, Sys 0 00:00:00  -  Run Local Usage
	0  -  Run Bytes Sent By Job
	366  -  Run Bytes Received By Job
	Partitionable Resources :    Usage  Request Allocated 
	   Cpus                 :     1.00        1         1 
	   Disk (KB)            :  2874      500000    624256 
	   GPUs                 :                           0 
	   Memory (MB)          :  2442       20000     20096 
...
040 (113604269.000.000) 2023-04-16 19:56:04 Started transferring input files
	Transferring to host: <10.14.10.20:9618?addrs=10.14.10.20-9618&alias=node2270.cluster.ldas.cit&noUDP&sock=slot1_14_2092941_054e_20515>
...
040 (113604269.000.000) 2023-04-16 19:56:04 Finished transferring input files
...
001 (113604269.000.000) 2023-04-16 19:56:05 Job executing on host: <10.14.10.20:9618?addrs=10.14.10.20-9618&alias=node2270.cluster.ldas.cit&noUDP&sock=startd_2092898_86d5>
...
040 (113604269.000.000) 2023-04-17 17:43:55 Started transferring output files
...
040 (113604269.000.000) 2023-04-17 17:43:55 Finished transferring output files
...
005 (113604269.000.000) 2023-04-17 17:43:56 Job terminated.
	(1) Normal termination (return value 0)
		Usr 4 21:20:05, Sys 0 00:06:14  -  Run Remote Usage
		Usr 0 00:00:00, Sys 0 00:00:00  -  Run Local Usage
		Usr 42 02:40:43, Sys 0 01:00:19  -  Total Remote Usage
		Usr 0 00:00:00, Sys 0 00:00:00  -  Total Local Usage
	3003313  -  Run Bytes Sent By Job
	366  -  Run Bytes Received By Job
	3003313  -  Total Bytes Sent By Job
	4026  -  Total Bytes Received By Job
	Partitionable Resources :    Usage  Request Allocated 
	   Cpus                 :     0.97        1         1 
	   Disk (KB)            :  2956      500000    624256 
	   GPUs                 :                           0 
	   Memory (MB)          :  2442       20000     20096 

	Job terminated of its own accord at 2023-04-18T00:43:55Z with exit-code 0.
...
