000 (113449376.000.000) 2023-03-29 17:01:28 Job submitted from host: <10.14.0.160:9618?addrs=10.14.0.160-9618&alias=ldas-pcdev2.ligo.caltech.edu&noUDP&sock=schedd_7450_a8a7>
    DAG Node: 961
...
040 (113449376.000.000) 2023-03-29 17:03:19 Started transferring input files
	Transferring to host: <10.14.10.135:9618?addrs=10.14.10.135-9618&alias=node2385.cluster.ldas.cit&noUDP&sock=slot1_27_678386_0e7b_22933>
...
040 (113449376.000.000) 2023-03-29 17:03:19 Finished transferring input files
...
001 (113449376.000.000) 2023-03-29 17:03:20 Job executing on host: <10.14.10.135:9618?addrs=10.14.10.135-9618&alias=node2385.cluster.ldas.cit&noUDP&sock=startd_4316_fed8>
...
006 (113449376.000.000) 2023-03-29 17:03:29 Image size of job updated: 219508
	192  -  MemoryUsage of job (MB)
	196424  -  ResidentSetSize of job (KB)
...
006 (113449376.000.000) 2023-03-29 17:08:30 Image size of job updated: 5438884
	408  -  MemoryUsage of job (MB)
	416984  -  ResidentSetSize of job (KB)
...
006 (113449376.000.000) 2023-03-29 17:13:31 Image size of job updated: 5438884
	410  -  MemoryUsage of job (MB)
	419032  -  ResidentSetSize of job (KB)
...
006 (113449376.000.000) 2023-03-29 17:18:31 Image size of job updated: 5438884
	472  -  MemoryUsage of job (MB)
	483236  -  ResidentSetSize of job (KB)
...
006 (113449376.000.000) 2023-03-29 17:23:31 Image size of job updated: 5438884
	483  -  MemoryUsage of job (MB)
	493704  -  ResidentSetSize of job (KB)
...
006 (113449376.000.000) 2023-03-29 17:28:32 Image size of job updated: 5438884
	548  -  MemoryUsage of job (MB)
	560824  -  ResidentSetSize of job (KB)
...
006 (113449376.000.000) 2023-03-29 17:33:32 Image size of job updated: 5438884
	552  -  MemoryUsage of job (MB)
	564392  -  ResidentSetSize of job (KB)
...
006 (113449376.000.000) 2023-03-29 17:38:32 Image size of job updated: 5438884
	559  -  MemoryUsage of job (MB)
	571788  -  ResidentSetSize of job (KB)
...
006 (113449376.000.000) 2023-03-29 17:43:33 Image size of job updated: 5438884
	589  -  MemoryUsage of job (MB)
	602756  -  ResidentSetSize of job (KB)
...
006 (113449376.000.000) 2023-03-29 17:48:33 Image size of job updated: 5438884
	590  -  MemoryUsage of job (MB)
	603996  -  ResidentSetSize of job (KB)
...
006 (113449376.000.000) 2023-03-29 17:53:33 Image size of job updated: 5438884
	590  -  MemoryUsage of job (MB)
	604012  -  ResidentSetSize of job (KB)
...
006 (113449376.000.000) 2023-03-29 17:58:34 Image size of job updated: 5438884
	677  -  MemoryUsage of job (MB)
	693000  -  ResidentSetSize of job (KB)
...
006 (113449376.000.000) 2023-03-29 18:03:34 Image size of job updated: 5438884
	864  -  MemoryUsage of job (MB)
	884136  -  ResidentSetSize of job (KB)
...
006 (113449376.000.000) 2023-03-29 18:08:34 Image size of job updated: 5438884
	869  -  MemoryUsage of job (MB)
	889764  -  ResidentSetSize of job (KB)
...
006 (113449376.000.000) 2023-03-29 18:13:35 Image size of job updated: 5438884
	874  -  MemoryUsage of job (MB)
	894884  -  ResidentSetSize of job (KB)
...
006 (113449376.000.000) 2023-03-29 18:18:35 Image size of job updated: 5438884
	880  -  MemoryUsage of job (MB)
	900284  -  ResidentSetSize of job (KB)
...
006 (113449376.000.000) 2023-03-29 18:23:35 Image size of job updated: 5438884
	887  -  MemoryUsage of job (MB)
	907876  -  ResidentSetSize of job (KB)
...
006 (113449376.000.000) 2023-03-29 18:28:36 Image size of job updated: 5438884
	888  -  MemoryUsage of job (MB)
	908324  -  ResidentSetSize of job (KB)
...
006 (113449376.000.000) 2023-03-29 18:33:36 Image size of job updated: 5438884
	892  -  MemoryUsage of job (MB)
	912960  -  ResidentSetSize of job (KB)
...
006 (113449376.000.000) 2023-03-29 18:38:36 Image size of job updated: 5438884
	892  -  MemoryUsage of job (MB)
	913360  -  ResidentSetSize of job (KB)
...
006 (113449376.000.000) 2023-03-29 18:43:37 Image size of job updated: 5438884
	895  -  MemoryUsage of job (MB)
	916036  -  ResidentSetSize of job (KB)
...
006 (113449376.000.000) 2023-03-29 18:48:37 Image size of job updated: 5438884
	895  -  MemoryUsage of job (MB)
	916064  -  ResidentSetSize of job (KB)
...
006 (113449376.000.000) 2023-03-29 18:53:37 Image size of job updated: 5438884
	895  -  MemoryUsage of job (MB)
	916068  -  ResidentSetSize of job (KB)
...
006 (113449376.000.000) 2023-03-29 19:03:38 Image size of job updated: 5438884
	896  -  MemoryUsage of job (MB)
	917376  -  ResidentSetSize of job (KB)
...
006 (113449376.000.000) 2023-03-29 19:18:40 Image size of job updated: 5438884
	910  -  MemoryUsage of job (MB)
	931660  -  ResidentSetSize of job (KB)
...
006 (113449376.000.000) 2023-03-29 19:28:41 Image size of job updated: 5438884
	913  -  MemoryUsage of job (MB)
	934084  -  ResidentSetSize of job (KB)
...
006 (113449376.000.000) 2023-03-29 19:33:42 Image size of job updated: 5438884
	914  -  MemoryUsage of job (MB)
	935740  -  ResidentSetSize of job (KB)
...
006 (113449376.000.000) 2023-03-29 19:38:42 Image size of job updated: 5438884
	920  -  MemoryUsage of job (MB)
	941608  -  ResidentSetSize of job (KB)
...
006 (113449376.000.000) 2023-03-29 19:43:43 Image size of job updated: 5438884
	937  -  MemoryUsage of job (MB)
	959440  -  ResidentSetSize of job (KB)
...
006 (113449376.000.000) 2023-03-29 19:53:44 Image size of job updated: 5438884
	940  -  MemoryUsage of job (MB)
	961592  -  ResidentSetSize of job (KB)
...
006 (113449376.000.000) 2023-03-29 19:58:45 Image size of job updated: 5438884
	943  -  MemoryUsage of job (MB)
	965004  -  ResidentSetSize of job (KB)
...
006 (113449376.000.000) 2023-03-29 20:03:46 Image size of job updated: 5438884
	950  -  MemoryUsage of job (MB)
	971944  -  ResidentSetSize of job (KB)
...
006 (113449376.000.000) 2023-03-29 20:13:47 Image size of job updated: 5438884
	950  -  MemoryUsage of job (MB)
	972132  -  ResidentSetSize of job (KB)
...
006 (113449376.000.000) 2023-03-29 20:18:48 Image size of job updated: 5438884
	955  -  MemoryUsage of job (MB)
	977196  -  ResidentSetSize of job (KB)
...
006 (113449376.000.000) 2023-03-29 20:23:48 Image size of job updated: 5438884
	955  -  MemoryUsage of job (MB)
	977584  -  ResidentSetSize of job (KB)
...
006 (113449376.000.000) 2023-03-29 20:28:49 Image size of job updated: 5438884
	957  -  MemoryUsage of job (MB)
	979696  -  ResidentSetSize of job (KB)
...
006 (113449376.000.000) 2023-03-29 20:38:50 Image size of job updated: 5438884
	993  -  MemoryUsage of job (MB)
	1016372  -  ResidentSetSize of job (KB)
...
006 (113449376.000.000) 2023-03-29 20:48:52 Image size of job updated: 5438884
	1006  -  MemoryUsage of job (MB)
	1029388  -  ResidentSetSize of job (KB)
...
006 (113449376.000.000) 2023-03-29 20:58:53 Image size of job updated: 5438884
	1006  -  MemoryUsage of job (MB)
	1029400  -  ResidentSetSize of job (KB)
...
006 (113449376.000.000) 2023-03-29 21:03:54 Image size of job updated: 5438884
	1012  -  MemoryUsage of job (MB)
	1036132  -  ResidentSetSize of job (KB)
...
006 (113449376.000.000) 2023-03-29 21:08:54 Image size of job updated: 5438884
	1016  -  MemoryUsage of job (MB)
	1039400  -  ResidentSetSize of job (KB)
...
006 (113449376.000.000) 2023-03-29 21:23:56 Image size of job updated: 5438884
	1017  -  MemoryUsage of job (MB)
	1040756  -  ResidentSetSize of job (KB)
...
006 (113449376.000.000) 2023-03-29 21:28:56 Image size of job updated: 5438884
	1038  -  MemoryUsage of job (MB)
	1062016  -  ResidentSetSize of job (KB)
...
006 (113449376.000.000) 2023-03-29 21:33:57 Image size of job updated: 5438884
	1043  -  MemoryUsage of job (MB)
	1067464  -  ResidentSetSize of job (KB)
...
006 (113449376.000.000) 2023-03-29 21:43:57 Image size of job updated: 5438884
	1044  -  MemoryUsage of job (MB)
	1068592  -  ResidentSetSize of job (KB)
...
006 (113449376.000.000) 2023-03-29 21:48:58 Image size of job updated: 5438884
	1065  -  MemoryUsage of job (MB)
	1089608  -  ResidentSetSize of job (KB)
...
006 (113449376.000.000) 2023-03-29 21:53:58 Image size of job updated: 5438884
	1068  -  MemoryUsage of job (MB)
	1093064  -  ResidentSetSize of job (KB)
...
006 (113449376.000.000) 2023-03-29 21:58:58 Image size of job updated: 5438884
	1071  -  MemoryUsage of job (MB)
	1095716  -  ResidentSetSize of job (KB)
...
006 (113449376.000.000) 2023-03-29 22:03:59 Image size of job updated: 5438884
	1073  -  MemoryUsage of job (MB)
	1097812  -  ResidentSetSize of job (KB)
...
006 (113449376.000.000) 2023-03-29 22:08:59 Image size of job updated: 5438884
	1095  -  MemoryUsage of job (MB)
	1121008  -  ResidentSetSize of job (KB)
...
006 (113449376.000.000) 2023-03-29 22:13:59 Image size of job updated: 5438884
	1116  -  MemoryUsage of job (MB)
	1142740  -  ResidentSetSize of job (KB)
...
006 (113449376.000.000) 2023-03-29 22:19:01 Image size of job updated: 5438884
	1125  -  MemoryUsage of job (MB)
	1151624  -  ResidentSetSize of job (KB)
...
006 (113449376.000.000) 2023-03-29 22:24:01 Image size of job updated: 5438884
	1148  -  MemoryUsage of job (MB)
	1175000  -  ResidentSetSize of job (KB)
...
006 (113449376.000.000) 2023-03-29 22:29:01 Image size of job updated: 5438884
	1167  -  MemoryUsage of job (MB)
	1194672  -  ResidentSetSize of job (KB)
...
006 (113449376.000.000) 2023-03-29 22:34:03 Image size of job updated: 5438884
	1168  -  MemoryUsage of job (MB)
	1195900  -  ResidentSetSize of job (KB)
...
006 (113449376.000.000) 2023-03-29 22:39:03 Image size of job updated: 5438884
	1169  -  MemoryUsage of job (MB)
	1196652  -  ResidentSetSize of job (KB)
...
006 (113449376.000.000) 2023-03-29 22:44:03 Image size of job updated: 5438884
	1170  -  MemoryUsage of job (MB)
	1197100  -  ResidentSetSize of job (KB)
...
006 (113449376.000.000) 2023-03-29 22:49:04 Image size of job updated: 5438884
	1187  -  MemoryUsage of job (MB)
	1214592  -  ResidentSetSize of job (KB)
...
006 (113449376.000.000) 2023-03-29 23:04:06 Image size of job updated: 5438884
	1191  -  MemoryUsage of job (MB)
	1219536  -  ResidentSetSize of job (KB)
...
006 (113449376.000.000) 2023-03-29 23:14:07 Image size of job updated: 5438884
	1194  -  MemoryUsage of job (MB)
	1222212  -  ResidentSetSize of job (KB)
...
006 (113449376.000.000) 2023-03-29 23:19:08 Image size of job updated: 5438884
	1194  -  MemoryUsage of job (MB)
	1222236  -  ResidentSetSize of job (KB)
...
006 (113449376.000.000) 2023-03-29 23:24:09 Image size of job updated: 5438884
	1194  -  MemoryUsage of job (MB)
	1222364  -  ResidentSetSize of job (KB)
...
006 (113449376.000.000) 2023-03-29 23:29:09 Image size of job updated: 5438884
	1195  -  MemoryUsage of job (MB)
	1223612  -  ResidentSetSize of job (KB)
...
006 (113449376.000.000) 2023-03-29 23:34:10 Image size of job updated: 5438884
	1197  -  MemoryUsage of job (MB)
	1225508  -  ResidentSetSize of job (KB)
...
006 (113449376.000.000) 2023-03-29 23:39:11 Image size of job updated: 5438884
	1229  -  MemoryUsage of job (MB)
	1258280  -  ResidentSetSize of job (KB)
...
006 (113449376.000.000) 2023-03-29 23:44:11 Image size of job updated: 5438884
	1232  -  MemoryUsage of job (MB)
	1260844  -  ResidentSetSize of job (KB)
...
006 (113449376.000.000) 2023-03-29 23:49:12 Image size of job updated: 5438884
	1233  -  MemoryUsage of job (MB)
	1262064  -  ResidentSetSize of job (KB)
...
006 (113449376.000.000) 2023-03-30 00:14:15 Image size of job updated: 5438884
	1240  -  MemoryUsage of job (MB)
	1269180  -  ResidentSetSize of job (KB)
...
006 (113449376.000.000) 2023-03-30 00:19:16 Image size of job updated: 5438884
	1241  -  MemoryUsage of job (MB)
	1269940  -  ResidentSetSize of job (KB)
...
006 (113449376.000.000) 2023-03-30 00:24:17 Image size of job updated: 5438884
	1248  -  MemoryUsage of job (MB)
	1277728  -  ResidentSetSize of job (KB)
...
006 (113449376.000.000) 2023-03-30 00:39:19 Image size of job updated: 5438884
	1254  -  MemoryUsage of job (MB)
	1284028  -  ResidentSetSize of job (KB)
...
006 (113449376.000.000) 2023-03-30 00:44:19 Image size of job updated: 5438884
	1255  -  MemoryUsage of job (MB)
	1284136  -  ResidentSetSize of job (KB)
...
006 (113449376.000.000) 2023-03-30 00:49:19 Image size of job updated: 5438884
	1256  -  MemoryUsage of job (MB)
	1285604  -  ResidentSetSize of job (KB)
...
006 (113449376.000.000) 2023-03-30 00:59:20 Image size of job updated: 5438884
	1268  -  MemoryUsage of job (MB)
	1297508  -  ResidentSetSize of job (KB)
...
006 (113449376.000.000) 2023-03-30 01:04:20 Image size of job updated: 5438884
	1269  -  MemoryUsage of job (MB)
	1298696  -  ResidentSetSize of job (KB)
...
006 (113449376.000.000) 2023-03-30 01:14:21 Image size of job updated: 5438884
	1270  -  MemoryUsage of job (MB)
	1299496  -  ResidentSetSize of job (KB)
...
006 (113449376.000.000) 2023-03-30 01:19:21 Image size of job updated: 5438884
	1270  -  MemoryUsage of job (MB)
	1299620  -  ResidentSetSize of job (KB)
...
006 (113449376.000.000) 2023-03-30 01:24:22 Image size of job updated: 5438884
	1270  -  MemoryUsage of job (MB)
	1299868  -  ResidentSetSize of job (KB)
...
006 (113449376.000.000) 2023-03-30 01:29:22 Image size of job updated: 5438884
	1271  -  MemoryUsage of job (MB)
	1301324  -  ResidentSetSize of job (KB)
...
006 (113449376.000.000) 2023-03-30 01:34:22 Image size of job updated: 5438884
	1272  -  MemoryUsage of job (MB)
	1301572  -  ResidentSetSize of job (KB)
...
006 (113449376.000.000) 2023-03-30 01:39:23 Image size of job updated: 5438884
	1272  -  MemoryUsage of job (MB)
	1302448  -  ResidentSetSize of job (KB)
...
006 (113449376.000.000) 2023-03-30 01:44:23 Image size of job updated: 5438884
	1274  -  MemoryUsage of job (MB)
	1304352  -  ResidentSetSize of job (KB)
...
006 (113449376.000.000) 2023-03-30 01:49:23 Image size of job updated: 5438884
	1276  -  MemoryUsage of job (MB)
	1306448  -  ResidentSetSize of job (KB)
...
006 (113449376.000.000) 2023-03-30 02:09:26 Image size of job updated: 5438884
	1292  -  MemoryUsage of job (MB)
	1322712  -  ResidentSetSize of job (KB)
...
006 (113449376.000.000) 2023-03-30 02:19:26 Image size of job updated: 5438884
	1310  -  MemoryUsage of job (MB)
	1340684  -  ResidentSetSize of job (KB)
...
006 (113449376.000.000) 2023-03-30 02:24:27 Image size of job updated: 5438884
	1311  -  MemoryUsage of job (MB)
	1341836  -  ResidentSetSize of job (KB)
...
006 (113449376.000.000) 2023-03-30 02:34:28 Image size of job updated: 5456008
	1311  -  MemoryUsage of job (MB)
	1341836  -  ResidentSetSize of job (KB)
...
006 (113449376.000.000) 2023-03-30 03:09:33 Image size of job updated: 5494380
	1350  -  MemoryUsage of job (MB)
	1381640  -  ResidentSetSize of job (KB)
...
006 (113449376.000.000) 2023-03-30 03:19:34 Image size of job updated: 5494380
	1350  -  MemoryUsage of job (MB)
	1381824  -  ResidentSetSize of job (KB)
...
006 (113449376.000.000) 2023-03-30 03:39:37 Image size of job updated: 5494380
	1358  -  MemoryUsage of job (MB)
	1389608  -  ResidentSetSize of job (KB)
...
006 (113449376.000.000) 2023-03-30 03:49:38 Image size of job updated: 5494380
	1359  -  MemoryUsage of job (MB)
	1391476  -  ResidentSetSize of job (KB)
...
006 (113449376.000.000) 2023-03-30 04:19:42 Image size of job updated: 5494380
	1371  -  MemoryUsage of job (MB)
	1403508  -  ResidentSetSize of job (KB)
...
006 (113449376.000.000) 2023-03-30 04:24:43 Image size of job updated: 5519332
	1371  -  MemoryUsage of job (MB)
	1403508  -  ResidentSetSize of job (KB)
...
006 (113449376.000.000) 2023-03-30 04:34:44 Image size of job updated: 5523236
	1371  -  MemoryUsage of job (MB)
	1403508  -  ResidentSetSize of job (KB)
...
006 (113449376.000.000) 2023-03-30 04:49:45 Image size of job updated: 5525276
	1371  -  MemoryUsage of job (MB)
	1403516  -  ResidentSetSize of job (KB)
...
006 (113449376.000.000) 2023-03-30 04:54:45 Image size of job updated: 5525276
	1372  -  MemoryUsage of job (MB)
	1404456  -  ResidentSetSize of job (KB)
...
006 (113449376.000.000) 2023-03-30 04:59:46 Image size of job updated: 5525276
	1376  -  MemoryUsage of job (MB)
	1408220  -  ResidentSetSize of job (KB)
...
006 (113449376.000.000) 2023-03-30 05:04:46 Image size of job updated: 5540600
	1378  -  MemoryUsage of job (MB)
	1410136  -  ResidentSetSize of job (KB)
...
006 (113449376.000.000) 2023-03-30 05:09:46 Image size of job updated: 5540600
	1378  -  MemoryUsage of job (MB)
	1410260  -  ResidentSetSize of job (KB)
...
006 (113449376.000.000) 2023-03-30 05:14:47 Image size of job updated: 5540600
	1379  -  MemoryUsage of job (MB)
	1411476  -  ResidentSetSize of job (KB)
...
006 (113449376.000.000) 2023-03-30 05:24:47 Image size of job updated: 5540600
	1385  -  MemoryUsage of job (MB)
	1417484  -  ResidentSetSize of job (KB)
...
006 (113449376.000.000) 2023-03-30 05:29:48 Image size of job updated: 5551928
	1388  -  MemoryUsage of job (MB)
	1420776  -  ResidentSetSize of job (KB)
...
006 (113449376.000.000) 2023-03-30 05:34:49 Image size of job updated: 5551928
	1388  -  MemoryUsage of job (MB)
	1421276  -  ResidentSetSize of job (KB)
...
006 (113449376.000.000) 2023-03-30 05:44:50 Image size of job updated: 5551928
	1392  -  MemoryUsage of job (MB)
	1425048  -  ResidentSetSize of job (KB)
...
006 (113449376.000.000) 2023-03-30 05:49:51 Image size of job updated: 5551928
	1392  -  MemoryUsage of job (MB)
	1425172  -  ResidentSetSize of job (KB)
...
006 (113449376.000.000) 2023-03-30 05:54:51 Image size of job updated: 5551928
	1393  -  MemoryUsage of job (MB)
	1425424  -  ResidentSetSize of job (KB)
...
006 (113449376.000.000) 2023-03-30 05:59:52 Image size of job updated: 5551928
	1394  -  MemoryUsage of job (MB)
	1426800  -  ResidentSetSize of job (KB)
...
006 (113449376.000.000) 2023-03-30 06:19:55 Image size of job updated: 5580020
	1415  -  MemoryUsage of job (MB)
	1448856  -  ResidentSetSize of job (KB)
...
006 (113449376.000.000) 2023-03-30 06:24:55 Image size of job updated: 5580020
	1418  -  MemoryUsage of job (MB)
	1451032  -  ResidentSetSize of job (KB)
...
006 (113449376.000.000) 2023-03-30 06:34:56 Image size of job updated: 5581764
	1498  -  MemoryUsage of job (MB)
	1533400  -  ResidentSetSize of job (KB)
...
006 (113449376.000.000) 2023-03-30 06:59:57 Image size of job updated: 5585044
	1498  -  MemoryUsage of job (MB)
	1533400  -  ResidentSetSize of job (KB)
...
006 (113449376.000.000) 2023-03-30 07:14:58 Image size of job updated: 5589808
	1498  -  MemoryUsage of job (MB)
	1533400  -  ResidentSetSize of job (KB)
...
006 (113449376.000.000) 2023-03-30 07:35:00 Image size of job updated: 5591816
	1498  -  MemoryUsage of job (MB)
	1533400  -  ResidentSetSize of job (KB)
...
006 (113449376.000.000) 2023-03-30 08:40:08 Image size of job updated: 5596156
	1498  -  MemoryUsage of job (MB)
	1533400  -  ResidentSetSize of job (KB)
...
006 (113449376.000.000) 2023-03-30 08:55:10 Image size of job updated: 5597636
	1498  -  MemoryUsage of job (MB)
	1533400  -  ResidentSetSize of job (KB)
...
006 (113449376.000.000) 2023-03-30 09:35:14 Image size of job updated: 5606804
	1498  -  MemoryUsage of job (MB)
	1533400  -  ResidentSetSize of job (KB)
...
006 (113449376.000.000) 2023-03-30 10:00:16 Image size of job updated: 5606804
	1541  -  MemoryUsage of job (MB)
	1577444  -  ResidentSetSize of job (KB)
...
006 (113449376.000.000) 2023-03-30 10:05:16 Image size of job updated: 5628352
	1541  -  MemoryUsage of job (MB)
	1577444  -  ResidentSetSize of job (KB)
...
006 (113449376.000.000) 2023-03-30 10:15:17 Image size of job updated: 5629864
	1541  -  MemoryUsage of job (MB)
	1577444  -  ResidentSetSize of job (KB)
...
006 (113449376.000.000) 2023-03-30 10:30:18 Image size of job updated: 5632368
	1541  -  MemoryUsage of job (MB)
	1577444  -  ResidentSetSize of job (KB)
...
006 (113449376.000.000) 2023-03-30 11:00:22 Image size of job updated: 5653860
	1541  -  MemoryUsage of job (MB)
	1577444  -  ResidentSetSize of job (KB)
...
006 (113449376.000.000) 2023-03-30 11:10:23 Image size of job updated: 5656372
	1541  -  MemoryUsage of job (MB)
	1577444  -  ResidentSetSize of job (KB)
...
006 (113449376.000.000) 2023-03-30 12:10:30 Image size of job updated: 5675320
	1541  -  MemoryUsage of job (MB)
	1577444  -  ResidentSetSize of job (KB)
...
006 (113449376.000.000) 2023-03-30 12:30:33 Image size of job updated: 5680504
	1541  -  MemoryUsage of job (MB)
	1577444  -  ResidentSetSize of job (KB)
...
006 (113449376.000.000) 2023-03-30 12:45:35 Image size of job updated: 5682224
	1541  -  MemoryUsage of job (MB)
	1577444  -  ResidentSetSize of job (KB)
...
006 (113449376.000.000) 2023-03-30 13:00:36 Image size of job updated: 5683440
	1541  -  MemoryUsage of job (MB)
	1577444  -  ResidentSetSize of job (KB)
...
006 (113449376.000.000) 2023-03-30 14:25:44 Image size of job updated: 5696144
	1541  -  MemoryUsage of job (MB)
	1577444  -  ResidentSetSize of job (KB)
...
006 (113449376.000.000) 2023-03-30 15:30:52 Image size of job updated: 5717684
	1541  -  MemoryUsage of job (MB)
	1577444  -  ResidentSetSize of job (KB)
...
006 (113449376.000.000) 2023-03-30 16:15:56 Image size of job updated: 5717684
	1550  -  MemoryUsage of job (MB)
	1586828  -  ResidentSetSize of job (KB)
...
006 (113449376.000.000) 2023-03-30 16:25:58 Image size of job updated: 5764568
	1562  -  MemoryUsage of job (MB)
	1598860  -  ResidentSetSize of job (KB)
...
006 (113449376.000.000) 2023-03-30 16:35:58 Image size of job updated: 5769484
	1566  -  MemoryUsage of job (MB)
	1603216  -  ResidentSetSize of job (KB)
...
006 (113449376.000.000) 2023-03-30 16:45:59 Image size of job updated: 5769484
	1568  -  MemoryUsage of job (MB)
	1604848  -  ResidentSetSize of job (KB)
...
006 (113449376.000.000) 2023-03-30 16:50:59 Image size of job updated: 5769484
	1568  -  MemoryUsage of job (MB)
	1604956  -  ResidentSetSize of job (KB)
...
006 (113449376.000.000) 2023-03-30 16:56:00 Image size of job updated: 5769484
	1585  -  MemoryUsage of job (MB)
	1622068  -  ResidentSetSize of job (KB)
...
006 (113449376.000.000) 2023-03-30 17:01:01 Image size of job updated: 5769484
	1585  -  MemoryUsage of job (MB)
	1622664  -  ResidentSetSize of job (KB)
...
006 (113449376.000.000) 2023-03-30 17:11:01 Image size of job updated: 5790920
	1586  -  MemoryUsage of job (MB)
	1623884  -  ResidentSetSize of job (KB)
...
006 (113449376.000.000) 2023-03-30 17:26:02 Image size of job updated: 5793176
	1589  -  MemoryUsage of job (MB)
	1626880  -  ResidentSetSize of job (KB)
...
006 (113449376.000.000) 2023-03-30 17:36:04 Image size of job updated: 5793176
	1591  -  MemoryUsage of job (MB)
	1628560  -  ResidentSetSize of job (KB)
...
006 (113449376.000.000) 2023-03-30 17:41:04 Image size of job updated: 5793176
	1591  -  MemoryUsage of job (MB)
	1629152  -  ResidentSetSize of job (KB)
...
006 (113449376.000.000) 2023-03-30 17:46:05 Image size of job updated: 5793176
	1593  -  MemoryUsage of job (MB)
	1631036  -  ResidentSetSize of job (KB)
...
006 (113449376.000.000) 2023-03-30 17:51:06 Image size of job updated: 5793176
	1596  -  MemoryUsage of job (MB)
	1633540  -  ResidentSetSize of job (KB)
...
006 (113449376.000.000) 2023-03-30 17:56:06 Image size of job updated: 5793176
	1596  -  MemoryUsage of job (MB)
	1634040  -  ResidentSetSize of job (KB)
...
006 (113449376.000.000) 2023-03-30 18:01:06 Image size of job updated: 5793176
	1601  -  MemoryUsage of job (MB)
	1638504  -  ResidentSetSize of job (KB)
...
006 (113449376.000.000) 2023-03-30 18:11:07 Image size of job updated: 5821968
	1601  -  MemoryUsage of job (MB)
	1638504  -  ResidentSetSize of job (KB)
...
006 (113449376.000.000) 2023-03-30 18:26:09 Image size of job updated: 5821968
	1605  -  MemoryUsage of job (MB)
	1643192  -  ResidentSetSize of job (KB)
...
006 (113449376.000.000) 2023-03-30 18:36:10 Image size of job updated: 5821968
	1607  -  MemoryUsage of job (MB)
	1645240  -  ResidentSetSize of job (KB)
...
006 (113449376.000.000) 2023-03-30 18:56:12 Image size of job updated: 5821968
	1613  -  MemoryUsage of job (MB)
	1651404  -  ResidentSetSize of job (KB)
...
006 (113449376.000.000) 2023-03-30 19:16:15 Image size of job updated: 5836504
	1615  -  MemoryUsage of job (MB)
	1653240  -  ResidentSetSize of job (KB)
...
006 (113449376.000.000) 2023-03-30 19:21:15 Image size of job updated: 5836504
	1617  -  MemoryUsage of job (MB)
	1655288  -  ResidentSetSize of job (KB)
...
006 (113449376.000.000) 2023-03-30 19:41:18 Image size of job updated: 5836504
	1619  -  MemoryUsage of job (MB)
	1657580  -  ResidentSetSize of job (KB)
...
006 (113449376.000.000) 2023-03-30 19:46:18 Image size of job updated: 5836504
	1621  -  MemoryUsage of job (MB)
	1659628  -  ResidentSetSize of job (KB)
...
006 (113449376.000.000) 2023-03-30 19:56:19 Image size of job updated: 5836504
	1623  -  MemoryUsage of job (MB)
	1661184  -  ResidentSetSize of job (KB)
...
006 (113449376.000.000) 2023-03-30 20:01:20 Image size of job updated: 5836504
	1625  -  MemoryUsage of job (MB)
	1663232  -  ResidentSetSize of job (KB)
...
006 (113449376.000.000) 2023-03-30 20:06:20 Image size of job updated: 5836504
	1625  -  MemoryUsage of job (MB)
	1663484  -  ResidentSetSize of job (KB)
...
006 (113449376.000.000) 2023-03-30 20:11:20 Image size of job updated: 5836504
	1628  -  MemoryUsage of job (MB)
	1666164  -  ResidentSetSize of job (KB)
...
006 (113449376.000.000) 2023-03-30 20:21:22 Image size of job updated: 5836504
	1629  -  MemoryUsage of job (MB)
	1667188  -  ResidentSetSize of job (KB)
...
006 (113449376.000.000) 2023-03-30 20:46:24 Image size of job updated: 5857664
	1636  -  MemoryUsage of job (MB)
	1674380  -  ResidentSetSize of job (KB)
...
006 (113449376.000.000) 2023-03-30 21:01:25 Image size of job updated: 5857664
	1640  -  MemoryUsage of job (MB)
	1678736  -  ResidentSetSize of job (KB)
...
006 (113449376.000.000) 2023-03-30 21:06:26 Image size of job updated: 5857664
	1643  -  MemoryUsage of job (MB)
	1681632  -  ResidentSetSize of job (KB)
...
006 (113449376.000.000) 2023-03-30 21:21:27 Image size of job updated: 5857664
	1648  -  MemoryUsage of job (MB)
	1686872  -  ResidentSetSize of job (KB)
...
006 (113449376.000.000) 2023-03-30 21:31:28 Image size of job updated: 5857664
	1650  -  MemoryUsage of job (MB)
	1688920  -  ResidentSetSize of job (KB)
...
006 (113449376.000.000) 2023-03-30 21:36:28 Image size of job updated: 5857664
	1652  -  MemoryUsage of job (MB)
	1690696  -  ResidentSetSize of job (KB)
...
006 (113449376.000.000) 2023-03-30 21:51:30 Image size of job updated: 5857664
	1653  -  MemoryUsage of job (MB)
	1692600  -  ResidentSetSize of job (KB)
...
006 (113449376.000.000) 2023-03-30 22:01:32 Image size of job updated: 5857664
	1657  -  MemoryUsage of job (MB)
	1696732  -  ResidentSetSize of job (KB)
...
006 (113449376.000.000) 2023-03-30 22:11:32 Image size of job updated: 5857664
	1659  -  MemoryUsage of job (MB)
	1698780  -  ResidentSetSize of job (KB)
...
006 (113449376.000.000) 2023-03-30 22:21:34 Image size of job updated: 5857664
	1662  -  MemoryUsage of job (MB)
	1700924  -  ResidentSetSize of job (KB)
...
006 (113449376.000.000) 2023-03-30 22:26:34 Image size of job updated: 5857664
	1662  -  MemoryUsage of job (MB)
	1701020  -  ResidentSetSize of job (KB)
...
006 (113449376.000.000) 2023-03-30 22:36:36 Image size of job updated: 5903432
	1808  -  MemoryUsage of job (MB)
	1850672  -  ResidentSetSize of job (KB)
...
006 (113449376.000.000) 2023-03-31 00:08:21 Image size of job updated: 5904488
	1808  -  MemoryUsage of job (MB)
	1850672  -  ResidentSetSize of job (KB)
...
004 (113449376.000.000) 2023-03-31 00:27:26 Job was evicted.
	(0) CPU times
		Usr 4 00:30:35, Sys 0 00:04:50  -  Run Remote Usage
		Usr 0 00:00:00, Sys 0 00:00:00  -  Run Local Usage
	0  -  Run Bytes Sent By Job
	366  -  Run Bytes Received By Job
	Partitionable Resources :    Usage  Request Allocated 
	   Cpus                 :     1.00        1         1 
	   Disk (KB)            :  3934      500000    624256 
	   GPUs                 :                           0 
	   Memory (MB)          :  1808       20000     20096 
...
040 (113449376.000.000) 2023-03-31 00:29:27 Started transferring input files
	Transferring to host: <10.14.9.158:9618?addrs=10.14.9.158-9618&alias=node2158.cluster.ldas.cit&noUDP&sock=slot1_6_3978554_f5b4_6717>
...
040 (113449376.000.000) 2023-03-31 00:29:27 Finished transferring input files
...
001 (113449376.000.000) 2023-03-31 00:29:28 Job executing on host: <10.14.9.158:9618?addrs=10.14.9.158-9618&alias=node2158.cluster.ldas.cit&noUDP&sock=startd_3978513_93f5>
...
004 (113449376.000.000) 2023-04-01 02:16:35 Job was evicted.
	(0) CPU times
		Usr 3 21:31:36, Sys 0 00:06:09  -  Run Remote Usage
		Usr 0 00:00:00, Sys 0 00:00:00  -  Run Local Usage
	0  -  Run Bytes Sent By Job
	366  -  Run Bytes Received By Job
	Partitionable Resources :    Usage  Request Allocated 
	   Cpus                 :     5.98        1         1 
	   Disk (KB)            :  3137      500000    609620 
	   GPUs                 :                           0 
	   Memory (MB)          :  1954       20000     20096 
...
040 (113449376.000.000) 2023-04-01 02:16:39 Started transferring input files
	Transferring to host: <10.14.9.172:9618?addrs=10.14.9.172-9618&alias=node2172.cluster.ldas.cit&noUDP&sock=slot1_2_2819644_065d_11681>
...
040 (113449376.000.000) 2023-04-01 02:16:39 Finished transferring input files
...
001 (113449376.000.000) 2023-04-01 02:16:40 Job executing on host: <10.14.9.172:9618?addrs=10.14.9.172-9618&alias=node2172.cluster.ldas.cit&noUDP&sock=startd_2819601_5712>
...
006 (113449376.000.000) 2023-04-01 16:23:16 Image size of job updated: 7500000
	2037  -  MemoryUsage of job (MB)
	2084916  -  ResidentSetSize of job (KB)
...
006 (113449376.000.000) 2023-04-01 23:44:03 Image size of job updated: 7500000
	2089  -  MemoryUsage of job (MB)
	2138928  -  ResidentSetSize of job (KB)
...
006 (113449376.000.000) 2023-04-02 01:04:11 Image size of job updated: 7500000
	2113  -  MemoryUsage of job (MB)
	2163024  -  ResidentSetSize of job (KB)
...
004 (113449376.000.000) 2023-04-02 02:33:16 Job was evicted.
	(0) CPU times
		Usr 4 05:52:11, Sys 0 00:08:43  -  Run Remote Usage
		Usr 0 00:00:00, Sys 0 00:00:00  -  Run Local Usage
	0  -  Run Bytes Sent By Job
	366  -  Run Bytes Received By Job
	Partitionable Resources :    Usage  Request Allocated 
	   Cpus                 :     0.99        1         1 
	   Disk (KB)            :  2991      500000    609620 
	   GPUs                 :                           0 
	   Memory (MB)          :  2113       20000     20096 
...
040 (113449376.000.000) 2023-04-02 05:44:46 Entered queue to transfer input files
	Transferring to host: <10.14.10.120:9618?addrs=10.14.10.120-9618&alias=node2370.cluster.ldas.cit&noUDP&sock=slot1_22_1733606_019a_30451>
...
040 (113449376.000.000) 2023-04-02 05:44:48 Started transferring input files
	Seconds spent in queue: 2
...
040 (113449376.000.000) 2023-04-02 05:44:48 Finished transferring input files
...
001 (113449376.000.000) 2023-04-02 05:44:49 Job executing on host: <10.14.10.120:9618?addrs=10.14.10.120-9618&alias=node2370.cluster.ldas.cit&noUDP&sock=startd_4141_f5c5>
...
004 (113449376.000.000) 2023-04-03 05:48:01 Job was evicted.
	(0) CPU times
		Usr 3 19:14:07, Sys 0 00:04:42  -  Run Remote Usage
		Usr 0 00:00:00, Sys 0 00:00:00  -  Run Local Usage
	0  -  Run Bytes Sent By Job
	366  -  Run Bytes Received By Job
	Partitionable Resources :    Usage  Request Allocated 
	   Cpus                 :     0.99        1         1 
	   Disk (KB)            :  2887      500000    624256 
	   GPUs                 :                           0 
	   Memory (MB)          :  2198       20000     20096 
...
040 (113449376.000.000) 2023-04-03 05:50:03 Started transferring input files
	Seconds spent in queue: 86717
...
040 (113449376.000.000) 2023-04-03 05:50:03 Finished transferring input files
...
001 (113449376.000.000) 2023-04-03 05:50:04 Job executing on host: <10.14.9.198:9618?addrs=10.14.9.198-9618&alias=node2198.cluster.ldas.cit&noUDP&sock=startd_187572_5e70>
...
040 (113449376.000.000) 2023-04-03 05:50:04 Started transferring output files
	Seconds spent in queue: 86718
...
040 (113449376.000.000) 2023-04-03 05:50:04 Finished transferring output files
...
005 (113449376.000.000) 2023-04-03 05:50:04 Job terminated.
	(1) Normal termination (return value 127)
		Usr 0 00:00:00, Sys 0 00:00:00  -  Run Remote Usage
		Usr 0 00:00:00, Sys 0 00:00:00  -  Run Local Usage
		Usr 15 23:08:29, Sys 0 00:24:24  -  Total Remote Usage
		Usr 0 00:00:00, Sys 0 00:00:00  -  Total Local Usage
	403  -  Run Bytes Sent By Job
	366  -  Run Bytes Received By Job
	403  -  Total Bytes Sent By Job
	1830  -  Total Bytes Received By Job
	Partitionable Resources :    Usage  Request Allocated 
	   Cpus                 :     0.99        1         1 
	   Disk (KB)            :    16      500000    519527 
	   GPUs                 :                           0 
	   Memory (MB)          :  2198       20000     20096 

	Job terminated of its own accord at 2023-04-03T12:50:04Z with exit-code 127.
...
000 (113587099.000.000) 2023-04-05 14:54:12 Job submitted from host: <10.14.0.160:9618?addrs=10.14.0.160-9618&alias=ldas-pcdev2.ligo.caltech.edu&noUDP&sock=schedd_7450_a8a7>
    DAG Node: 961
...
040 (113587099.000.000) 2023-04-05 14:56:12 Started transferring input files
	Transferring to host: <10.14.10.132:9618?addrs=10.14.10.132-9618&alias=node2382.cluster.ldas.cit&noUDP&sock=slot1_6_327371_3c1a_29349>
...
040 (113587099.000.000) 2023-04-05 14:56:12 Finished transferring input files
...
001 (113587099.000.000) 2023-04-05 14:56:13 Job executing on host: <10.14.10.132:9618?addrs=10.14.10.132-9618&alias=node2382.cluster.ldas.cit&noUDP&sock=startd_4140_462d>
...
006 (113587099.000.000) 2023-04-05 14:56:21 Image size of job updated: 231064
	194  -  MemoryUsage of job (MB)
	198472  -  ResidentSetSize of job (KB)
...
006 (113587099.000.000) 2023-04-05 15:01:21 Image size of job updated: 5235132
	714  -  MemoryUsage of job (MB)
	730760  -  ResidentSetSize of job (KB)
...
006 (113587099.000.000) 2023-04-05 15:06:22 Image size of job updated: 5270120
	755  -  MemoryUsage of job (MB)
	773064  -  ResidentSetSize of job (KB)
...
006 (113587099.000.000) 2023-04-05 15:11:22 Image size of job updated: 5362752
	870  -  MemoryUsage of job (MB)
	890792  -  ResidentSetSize of job (KB)
...
006 (113587099.000.000) 2023-04-05 15:16:22 Image size of job updated: 5416020
	923  -  MemoryUsage of job (MB)
	944492  -  ResidentSetSize of job (KB)
...
006 (113587099.000.000) 2023-04-05 15:21:23 Image size of job updated: 5503472
	1010  -  MemoryUsage of job (MB)
	1033512  -  ResidentSetSize of job (KB)
...
006 (113587099.000.000) 2023-04-05 15:26:23 Image size of job updated: 5544132
	1086  -  MemoryUsage of job (MB)
	1111152  -  ResidentSetSize of job (KB)
...
006 (113587099.000.000) 2023-04-05 15:31:23 Image size of job updated: 5571564
	1226  -  MemoryUsage of job (MB)
	1254828  -  ResidentSetSize of job (KB)
...
006 (113587099.000.000) 2023-04-05 15:36:25 Image size of job updated: 6086952
	1353  -  MemoryUsage of job (MB)
	1384872  -  ResidentSetSize of job (KB)
...
006 (113587099.000.000) 2023-04-05 15:46:25 Image size of job updated: 6086952
	1438  -  MemoryUsage of job (MB)
	1471736  -  ResidentSetSize of job (KB)
...
006 (113587099.000.000) 2023-04-05 15:51:26 Image size of job updated: 6142480
	1628  -  MemoryUsage of job (MB)
	1666592  -  ResidentSetSize of job (KB)
...
006 (113587099.000.000) 2023-04-05 15:56:27 Image size of job updated: 6142480
	1638  -  MemoryUsage of job (MB)
	1676320  -  ResidentSetSize of job (KB)
...
006 (113587099.000.000) 2023-04-05 16:01:27 Image size of job updated: 6142480
	1642  -  MemoryUsage of job (MB)
	1681124  -  ResidentSetSize of job (KB)
...
006 (113587099.000.000) 2023-04-05 16:06:28 Image size of job updated: 6142480
	1670  -  MemoryUsage of job (MB)
	1709264  -  ResidentSetSize of job (KB)
...
006 (113587099.000.000) 2023-04-05 16:11:29 Image size of job updated: 6142480
	1706  -  MemoryUsage of job (MB)
	1746508  -  ResidentSetSize of job (KB)
...
006 (113587099.000.000) 2023-04-05 16:31:31 Image size of job updated: 6388412
	1706  -  MemoryUsage of job (MB)
	1746508  -  ResidentSetSize of job (KB)
...
006 (113587099.000.000) 2023-04-05 17:21:35 Image size of job updated: 6388412
	1715  -  MemoryUsage of job (MB)
	1756152  -  ResidentSetSize of job (KB)
...
006 (113587099.000.000) 2023-04-05 17:26:36 Image size of job updated: 6388412
	1716  -  MemoryUsage of job (MB)
	1756764  -  ResidentSetSize of job (KB)
...
006 (113587099.000.000) 2023-04-05 17:31:37 Image size of job updated: 6388412
	1752  -  MemoryUsage of job (MB)
	1793752  -  ResidentSetSize of job (KB)
...
006 (113587099.000.000) 2023-04-05 18:16:41 Image size of job updated: 6388412
	1755  -  MemoryUsage of job (MB)
	1796344  -  ResidentSetSize of job (KB)
...
006 (113587099.000.000) 2023-04-05 18:51:45 Image size of job updated: 6388412
	1764  -  MemoryUsage of job (MB)
	1805520  -  ResidentSetSize of job (KB)
...
006 (113587099.000.000) 2023-04-05 19:21:48 Image size of job updated: 6388412
	1776  -  MemoryUsage of job (MB)
	1817684  -  ResidentSetSize of job (KB)
...
006 (113587099.000.000) 2023-04-05 22:37:07 Image size of job updated: 6388412
	1787  -  MemoryUsage of job (MB)
	1829652  -  ResidentSetSize of job (KB)
...
006 (113587099.000.000) 2023-04-06 00:17:18 Image size of job updated: 6388412
	1791  -  MemoryUsage of job (MB)
	1833036  -  ResidentSetSize of job (KB)
...
006 (113587099.000.000) 2023-04-06 00:22:18 Image size of job updated: 6388412
	1804  -  MemoryUsage of job (MB)
	1846512  -  ResidentSetSize of job (KB)
...
006 (113587099.000.000) 2023-04-06 02:27:31 Image size of job updated: 6388412
	1840  -  MemoryUsage of job (MB)
	1883220  -  ResidentSetSize of job (KB)
...
006 (113587099.000.000) 2023-04-06 06:02:55 Image size of job updated: 6388412
	1870  -  MemoryUsage of job (MB)
	1914692  -  ResidentSetSize of job (KB)
...
006 (113587099.000.000) 2023-04-06 07:33:06 Image size of job updated: 6388412
	1890  -  MemoryUsage of job (MB)
	1935144  -  ResidentSetSize of job (KB)
...
006 (113587099.000.000) 2023-04-06 08:38:13 Image size of job updated: 6388412
	1901  -  MemoryUsage of job (MB)
	1945760  -  ResidentSetSize of job (KB)
...
006 (113587099.000.000) 2023-04-06 08:43:14 Image size of job updated: 6388412
	1911  -  MemoryUsage of job (MB)
	1956344  -  ResidentSetSize of job (KB)
...
006 (113587099.000.000) 2023-04-06 08:48:14 Image size of job updated: 6388412
	1934  -  MemoryUsage of job (MB)
	1979932  -  ResidentSetSize of job (KB)
...
006 (113587099.000.000) 2023-04-06 09:58:21 Image size of job updated: 6388412
	1936  -  MemoryUsage of job (MB)
	1981600  -  ResidentSetSize of job (KB)
...
006 (113587099.000.000) 2023-04-06 10:03:22 Image size of job updated: 6388412
	1938  -  MemoryUsage of job (MB)
	1984164  -  ResidentSetSize of job (KB)
...
006 (113587099.000.000) 2023-04-06 10:13:23 Image size of job updated: 6388412
	2165  -  MemoryUsage of job (MB)
	2216064  -  ResidentSetSize of job (KB)
...
004 (113587099.000.000) 2023-04-06 14:58:43 Job was evicted.
	(0) CPU times
		Usr 3 19:51:33, Sys 0 00:03:20  -  Run Remote Usage
		Usr 0 00:00:00, Sys 0 00:00:00  -  Run Local Usage
	0  -  Run Bytes Sent By Job
	366  -  Run Bytes Received By Job
	Partitionable Resources :    Usage  Request Allocated 
	   Cpus                 :     6.96        1         1 
	   Disk (KB)            :  2882      500000    624256 
	   GPUs                 :                           0 
	   Memory (MB)          :  2165       20000     20096 
...
040 (113587099.000.000) 2023-04-06 15:05:02 Started transferring input files
	Transferring to host: <10.14.4.83:9618?addrs=10.14.4.83-9618&alias=node833.cluster.ldas.cit&noUDP&sock=slot1_21_1628855_7356_20283>
...
040 (113587099.000.000) 2023-04-06 15:05:02 Finished transferring input files
...
001 (113587099.000.000) 2023-04-06 15:05:03 Job executing on host: <10.14.4.83:9618?addrs=10.14.4.83-9618&alias=node833.cluster.ldas.cit&noUDP&sock=startd_3459_2a2e>
...
004 (113587099.000.000) 2023-04-06 16:04:44 Job was evicted.
	(0) CPU times
		Usr 0 03:20:32, Sys 0 00:00:25  -  Run Remote Usage
		Usr 0 00:00:00, Sys 0 00:00:00  -  Run Local Usage
	0  -  Run Bytes Sent By Job
	366  -  Run Bytes Received By Job
	Partitionable Resources :    Usage  Request Allocated 
	   Cpus                 :     0.87        1         1 
	   Disk (KB)            :  2714      500000    624256 
	   GPUs                 :                           0 
	   Memory (MB)          :  2198       20000     20096 
...
009 (113587099.000.000) 2023-04-06 16:04:44 Job was aborted.
	removed because <OtherJobRemoveRequirements = DAGManJobId =?= 113587092> fired when job (113587092.0) was removed
...
000 (113604212.000.000) 2023-04-06 16:27:55 Job submitted from host: <10.14.0.160:9618?addrs=10.14.0.160-9618&alias=ldas-pcdev2.ligo.caltech.edu&noUDP&sock=schedd_7450_a8a7>
    DAG Node: 961
...
040 (113604212.000.000) 2023-04-06 16:29:22 Started transferring input files
	Transferring to host: <10.14.10.129:9618?addrs=10.14.10.129-9618&alias=node2379.cluster.ldas.cit&noUDP&sock=slot1_21_84142_6697_33156>
...
040 (113604212.000.000) 2023-04-06 16:29:22 Finished transferring input files
...
001 (113604212.000.000) 2023-04-06 16:29:23 Job executing on host: <10.14.10.129:9618?addrs=10.14.10.129-9618&alias=node2379.cluster.ldas.cit&noUDP&sock=startd_84106_4c80>
...
006 (113604212.000.000) 2023-04-06 16:29:32 Image size of job updated: 25224
	21  -  MemoryUsage of job (MB)
	20996  -  ResidentSetSize of job (KB)
...
006 (113604212.000.000) 2023-04-06 16:34:33 Image size of job updated: 5432696
	388  -  MemoryUsage of job (MB)
	396776  -  ResidentSetSize of job (KB)
...
006 (113604212.000.000) 2023-04-06 16:39:33 Image size of job updated: 5489372
	388  -  MemoryUsage of job (MB)
	396776  -  ResidentSetSize of job (KB)
...
006 (113604212.000.000) 2023-04-06 16:54:35 Image size of job updated: 5489372
	394  -  MemoryUsage of job (MB)
	402452  -  ResidentSetSize of job (KB)
...
006 (113604212.000.000) 2023-04-06 16:59:35 Image size of job updated: 5489372
	487  -  MemoryUsage of job (MB)
	498572  -  ResidentSetSize of job (KB)
...
006 (113604212.000.000) 2023-04-06 17:04:36 Image size of job updated: 5489372
	490  -  MemoryUsage of job (MB)
	501600  -  ResidentSetSize of job (KB)
...
006 (113604212.000.000) 2023-04-06 17:09:36 Image size of job updated: 5489372
	499  -  MemoryUsage of job (MB)
	510864  -  ResidentSetSize of job (KB)
...
006 (113604212.000.000) 2023-04-06 17:14:36 Image size of job updated: 5489372
	501  -  MemoryUsage of job (MB)
	512168  -  ResidentSetSize of job (KB)
...
006 (113604212.000.000) 2023-04-06 17:19:37 Image size of job updated: 5489372
	506  -  MemoryUsage of job (MB)
	517716  -  ResidentSetSize of job (KB)
...
006 (113604212.000.000) 2023-04-06 17:24:37 Image size of job updated: 5489372
	525  -  MemoryUsage of job (MB)
	536856  -  ResidentSetSize of job (KB)
...
006 (113604212.000.000) 2023-04-06 17:29:37 Image size of job updated: 5489372
	527  -  MemoryUsage of job (MB)
	539644  -  ResidentSetSize of job (KB)
...
006 (113604212.000.000) 2023-04-06 17:34:38 Image size of job updated: 5489372
	529  -  MemoryUsage of job (MB)
	541204  -  ResidentSetSize of job (KB)
...
006 (113604212.000.000) 2023-04-06 17:39:38 Image size of job updated: 5489372
	531  -  MemoryUsage of job (MB)
	543512  -  ResidentSetSize of job (KB)
...
006 (113604212.000.000) 2023-04-06 17:44:38 Image size of job updated: 5489372
	540  -  MemoryUsage of job (MB)
	552292  -  ResidentSetSize of job (KB)
...
006 (113604212.000.000) 2023-04-06 17:49:39 Image size of job updated: 5489372
	540  -  MemoryUsage of job (MB)
	552856  -  ResidentSetSize of job (KB)
...
006 (113604212.000.000) 2023-04-06 17:54:39 Image size of job updated: 5489372
	546  -  MemoryUsage of job (MB)
	558836  -  ResidentSetSize of job (KB)
...
006 (113604212.000.000) 2023-04-06 18:09:40 Image size of job updated: 5489372
	553  -  MemoryUsage of job (MB)
	565900  -  ResidentSetSize of job (KB)
...
006 (113604212.000.000) 2023-04-06 18:14:40 Image size of job updated: 5489372
	554  -  MemoryUsage of job (MB)
	566292  -  ResidentSetSize of job (KB)
...
006 (113604212.000.000) 2023-04-06 18:19:41 Image size of job updated: 5489372
	600  -  MemoryUsage of job (MB)
	614208  -  ResidentSetSize of job (KB)
...
006 (113604212.000.000) 2023-04-06 18:24:41 Image size of job updated: 5489372
	602  -  MemoryUsage of job (MB)
	616020  -  ResidentSetSize of job (KB)
...
006 (113604212.000.000) 2023-04-06 18:29:41 Image size of job updated: 5489372
	603  -  MemoryUsage of job (MB)
	617388  -  ResidentSetSize of job (KB)
...
006 (113604212.000.000) 2023-04-06 18:34:42 Image size of job updated: 5489372
	620  -  MemoryUsage of job (MB)
	634752  -  ResidentSetSize of job (KB)
...
006 (113604212.000.000) 2023-04-06 18:39:42 Image size of job updated: 5489372
	620  -  MemoryUsage of job (MB)
	634756  -  ResidentSetSize of job (KB)
...
006 (113604212.000.000) 2023-04-06 18:44:42 Image size of job updated: 5489372
	622  -  MemoryUsage of job (MB)
	636928  -  ResidentSetSize of job (KB)
...
006 (113604212.000.000) 2023-04-06 18:59:43 Image size of job updated: 5489372
	627  -  MemoryUsage of job (MB)
	641412  -  ResidentSetSize of job (KB)
...
006 (113604212.000.000) 2023-04-06 19:04:44 Image size of job updated: 5489372
	628  -  MemoryUsage of job (MB)
	642472  -  ResidentSetSize of job (KB)
...
006 (113604212.000.000) 2023-04-06 19:09:44 Image size of job updated: 5489372
	632  -  MemoryUsage of job (MB)
	646500  -  ResidentSetSize of job (KB)
...
006 (113604212.000.000) 2023-04-06 19:14:44 Image size of job updated: 5489372
	632  -  MemoryUsage of job (MB)
	646512  -  ResidentSetSize of job (KB)
...
006 (113604212.000.000) 2023-04-06 19:19:45 Image size of job updated: 5489372
	633  -  MemoryUsage of job (MB)
	647492  -  ResidentSetSize of job (KB)
...
006 (113604212.000.000) 2023-04-06 19:24:46 Image size of job updated: 5489372
	633  -  MemoryUsage of job (MB)
	647512  -  ResidentSetSize of job (KB)
...
006 (113604212.000.000) 2023-04-06 19:29:46 Image size of job updated: 5489372
	644  -  MemoryUsage of job (MB)
	658480  -  ResidentSetSize of job (KB)
...
006 (113604212.000.000) 2023-04-06 19:44:48 Image size of job updated: 5489372
	682  -  MemoryUsage of job (MB)
	697984  -  ResidentSetSize of job (KB)
...
006 (113604212.000.000) 2023-04-06 19:49:49 Image size of job updated: 5489372
	701  -  MemoryUsage of job (MB)
	716960  -  ResidentSetSize of job (KB)
...
006 (113604212.000.000) 2023-04-06 19:54:50 Image size of job updated: 5489372
	813  -  MemoryUsage of job (MB)
	832268  -  ResidentSetSize of job (KB)
...
006 (113604212.000.000) 2023-04-06 19:59:50 Image size of job updated: 5489372
	961  -  MemoryUsage of job (MB)
	983544  -  ResidentSetSize of job (KB)
...
006 (113604212.000.000) 2023-04-06 20:04:51 Image size of job updated: 5489372
	971  -  MemoryUsage of job (MB)
	993292  -  ResidentSetSize of job (KB)
...
006 (113604212.000.000) 2023-04-06 20:09:52 Image size of job updated: 5489372
	971  -  MemoryUsage of job (MB)
	993764  -  ResidentSetSize of job (KB)
...
006 (113604212.000.000) 2023-04-06 20:14:52 Image size of job updated: 5489372
	976  -  MemoryUsage of job (MB)
	998780  -  ResidentSetSize of job (KB)
...
006 (113604212.000.000) 2023-04-06 20:29:54 Image size of job updated: 5489372
	981  -  MemoryUsage of job (MB)
	1003652  -  ResidentSetSize of job (KB)
...
006 (113604212.000.000) 2023-04-06 20:34:55 Image size of job updated: 5489372
	981  -  MemoryUsage of job (MB)
	1004148  -  ResidentSetSize of job (KB)
...
006 (113604212.000.000) 2023-04-06 20:44:56 Image size of job updated: 5489372
	998  -  MemoryUsage of job (MB)
	1021220  -  ResidentSetSize of job (KB)
...
006 (113604212.000.000) 2023-04-06 20:49:57 Image size of job updated: 5489372
	1007  -  MemoryUsage of job (MB)
	1030224  -  ResidentSetSize of job (KB)
...
006 (113604212.000.000) 2023-04-06 20:54:58 Image size of job updated: 5489372
	1009  -  MemoryUsage of job (MB)
	1033028  -  ResidentSetSize of job (KB)
...
006 (113604212.000.000) 2023-04-06 21:10:00 Image size of job updated: 5489372
	1017  -  MemoryUsage of job (MB)
	1040788  -  ResidentSetSize of job (KB)
...
006 (113604212.000.000) 2023-04-06 21:20:01 Image size of job updated: 5489372
	1021  -  MemoryUsage of job (MB)
	1045152  -  ResidentSetSize of job (KB)
...
006 (113604212.000.000) 2023-04-06 21:25:02 Image size of job updated: 5489372
	1025  -  MemoryUsage of job (MB)
	1049200  -  ResidentSetSize of job (KB)
...
006 (113604212.000.000) 2023-04-06 21:30:02 Image size of job updated: 5489372
	1026  -  MemoryUsage of job (MB)
	1050024  -  ResidentSetSize of job (KB)
...
006 (113604212.000.000) 2023-04-06 21:35:03 Image size of job updated: 5489372
	1026  -  MemoryUsage of job (MB)
	1050524  -  ResidentSetSize of job (KB)
...
006 (113604212.000.000) 2023-04-06 21:40:04 Image size of job updated: 5489372
	1062  -  MemoryUsage of job (MB)
	1086628  -  ResidentSetSize of job (KB)
...
006 (113604212.000.000) 2023-04-06 23:00:14 Image size of job updated: 5489372
	1062  -  MemoryUsage of job (MB)
	1087020  -  ResidentSetSize of job (KB)
...
006 (113604212.000.000) 2023-04-06 23:10:16 Image size of job updated: 5489372
	1064  -  MemoryUsage of job (MB)
	1089068  -  ResidentSetSize of job (KB)
...
006 (113604212.000.000) 2023-04-06 23:15:16 Image size of job updated: 5489372
	1067  -  MemoryUsage of job (MB)
	1092488  -  ResidentSetSize of job (KB)
...
006 (113604212.000.000) 2023-04-06 23:30:18 Image size of job updated: 5489372
	1089  -  MemoryUsage of job (MB)
	1114144  -  ResidentSetSize of job (KB)
...
006 (113604212.000.000) 2023-04-06 23:35:19 Image size of job updated: 5489372
	1096  -  MemoryUsage of job (MB)
	1122012  -  ResidentSetSize of job (KB)
...
006 (113604212.000.000) 2023-04-06 23:40:20 Image size of job updated: 5489372
	1098  -  MemoryUsage of job (MB)
	1123816  -  ResidentSetSize of job (KB)
...
006 (113604212.000.000) 2023-04-06 23:45:20 Image size of job updated: 5489372
	1118  -  MemoryUsage of job (MB)
	1144148  -  ResidentSetSize of job (KB)
...
006 (113604212.000.000) 2023-04-06 23:50:21 Image size of job updated: 5489372
	1120  -  MemoryUsage of job (MB)
	1146680  -  ResidentSetSize of job (KB)
...
006 (113604212.000.000) 2023-04-07 00:00:22 Image size of job updated: 5489372
	1124  -  MemoryUsage of job (MB)
	1150844  -  ResidentSetSize of job (KB)
...
006 (113604212.000.000) 2023-04-07 00:10:24 Image size of job updated: 5489372
	1133  -  MemoryUsage of job (MB)
	1159296  -  ResidentSetSize of job (KB)
...
006 (113604212.000.000) 2023-04-07 00:15:24 Image size of job updated: 5489372
	1154  -  MemoryUsage of job (MB)
	1181384  -  ResidentSetSize of job (KB)
...
006 (113604212.000.000) 2023-04-07 00:25:25 Image size of job updated: 5489372
	1155  -  MemoryUsage of job (MB)
	1181776  -  ResidentSetSize of job (KB)
...
006 (113604212.000.000) 2023-04-07 00:35:25 Image size of job updated: 5489372
	1159  -  MemoryUsage of job (MB)
	1186260  -  ResidentSetSize of job (KB)
...
006 (113604212.000.000) 2023-04-07 00:40:26 Image size of job updated: 5489372
	1179  -  MemoryUsage of job (MB)
	1206436  -  ResidentSetSize of job (KB)
...
006 (113604212.000.000) 2023-04-07 00:45:26 Image size of job updated: 5489372
	1180  -  MemoryUsage of job (MB)
	1207912  -  ResidentSetSize of job (KB)
...
006 (113604212.000.000) 2023-04-07 01:05:27 Image size of job updated: 5489372
	1206  -  MemoryUsage of job (MB)
	1234536  -  ResidentSetSize of job (KB)
...
006 (113604212.000.000) 2023-04-07 01:15:28 Image size of job updated: 5489372
	1207  -  MemoryUsage of job (MB)
	1235512  -  ResidentSetSize of job (KB)
...
006 (113604212.000.000) 2023-04-07 01:20:28 Image size of job updated: 5489372
	1227  -  MemoryUsage of job (MB)
	1255572  -  ResidentSetSize of job (KB)
...
006 (113604212.000.000) 2023-04-07 01:25:29 Image size of job updated: 5489372
	1227  -  MemoryUsage of job (MB)
	1255576  -  ResidentSetSize of job (KB)
...
006 (113604212.000.000) 2023-04-07 01:30:29 Image size of job updated: 5489372
	1237  -  MemoryUsage of job (MB)
	1265840  -  ResidentSetSize of job (KB)
...
006 (113604212.000.000) 2023-04-07 01:55:31 Image size of job updated: 5489372
	1248  -  MemoryUsage of job (MB)
	1277944  -  ResidentSetSize of job (KB)
...
006 (113604212.000.000) 2023-04-07 02:00:31 Image size of job updated: 5489372
	1249  -  MemoryUsage of job (MB)
	1278456  -  ResidentSetSize of job (KB)
...
006 (113604212.000.000) 2023-04-07 02:05:31 Image size of job updated: 5489372
	1255  -  MemoryUsage of job (MB)
	1285008  -  ResidentSetSize of job (KB)
...
006 (113604212.000.000) 2023-04-07 02:15:32 Image size of job updated: 5489372
	1259  -  MemoryUsage of job (MB)
	1288260  -  ResidentSetSize of job (KB)
...
006 (113604212.000.000) 2023-04-07 02:20:32 Image size of job updated: 5489372
	1261  -  MemoryUsage of job (MB)
	1290740  -  ResidentSetSize of job (KB)
...
006 (113604212.000.000) 2023-04-07 02:25:33 Image size of job updated: 5489372
	1264  -  MemoryUsage of job (MB)
	1293400  -  ResidentSetSize of job (KB)
...
006 (113604212.000.000) 2023-04-07 02:45:34 Image size of job updated: 5489372
	1265  -  MemoryUsage of job (MB)
	1294508  -  ResidentSetSize of job (KB)
...
006 (113604212.000.000) 2023-04-07 02:55:35 Image size of job updated: 5489372
	1271  -  MemoryUsage of job (MB)
	1300784  -  ResidentSetSize of job (KB)
...
006 (113604212.000.000) 2023-04-07 03:00:35 Image size of job updated: 5489372
	1273  -  MemoryUsage of job (MB)
	1303292  -  ResidentSetSize of job (KB)
...
006 (113604212.000.000) 2023-04-07 03:25:38 Image size of job updated: 5489372
	1277  -  MemoryUsage of job (MB)
	1307276  -  ResidentSetSize of job (KB)
...
006 (113604212.000.000) 2023-04-07 03:30:39 Image size of job updated: 5489372
	1279  -  MemoryUsage of job (MB)
	1308904  -  ResidentSetSize of job (KB)
...
006 (113604212.000.000) 2023-04-07 03:35:39 Image size of job updated: 5489372
	1281  -  MemoryUsage of job (MB)
	1310952  -  ResidentSetSize of job (KB)
...
006 (113604212.000.000) 2023-04-07 03:40:40 Image size of job updated: 5489372
	1297  -  MemoryUsage of job (MB)
	1327592  -  ResidentSetSize of job (KB)
...
006 (113604212.000.000) 2023-04-07 03:45:41 Image size of job updated: 5489372
	1298  -  MemoryUsage of job (MB)
	1328904  -  ResidentSetSize of job (KB)
...
006 (113604212.000.000) 2023-04-07 04:20:45 Image size of job updated: 5489372
	1393  -  MemoryUsage of job (MB)
	1425604  -  ResidentSetSize of job (KB)
...
006 (113604212.000.000) 2023-04-07 04:35:46 Image size of job updated: 5502100
	1393  -  MemoryUsage of job (MB)
	1425604  -  ResidentSetSize of job (KB)
...
006 (113604212.000.000) 2023-04-07 05:15:49 Image size of job updated: 5519164
	1393  -  MemoryUsage of job (MB)
	1425604  -  ResidentSetSize of job (KB)
...
006 (113604212.000.000) 2023-04-07 06:05:54 Image size of job updated: 5547928
	1393  -  MemoryUsage of job (MB)
	1425604  -  ResidentSetSize of job (KB)
...
006 (113604212.000.000) 2023-04-07 06:15:54 Image size of job updated: 5567164
	1393  -  MemoryUsage of job (MB)
	1425604  -  ResidentSetSize of job (KB)
...
006 (113604212.000.000) 2023-04-07 06:45:58 Image size of job updated: 5587756
	1393  -  MemoryUsage of job (MB)
	1425604  -  ResidentSetSize of job (KB)
...
006 (113604212.000.000) 2023-04-07 06:55:59 Image size of job updated: 5607880
	1405  -  MemoryUsage of job (MB)
	1438700  -  ResidentSetSize of job (KB)
...
006 (113604212.000.000) 2023-04-07 07:00:59 Image size of job updated: 5607880
	1407  -  MemoryUsage of job (MB)
	1440748  -  ResidentSetSize of job (KB)
...
006 (113604212.000.000) 2023-04-07 07:05:59 Image size of job updated: 5607880
	1412  -  MemoryUsage of job (MB)
	1445796  -  ResidentSetSize of job (KB)
...
006 (113604212.000.000) 2023-04-07 07:16:01 Image size of job updated: 5607880
	1415  -  MemoryUsage of job (MB)
	1448100  -  ResidentSetSize of job (KB)
...
006 (113604212.000.000) 2023-04-07 07:21:01 Image size of job updated: 5607880
	1415  -  MemoryUsage of job (MB)
	1448656  -  ResidentSetSize of job (KB)
...
006 (113604212.000.000) 2023-04-07 07:26:02 Image size of job updated: 5607880
	1418  -  MemoryUsage of job (MB)
	1451076  -  ResidentSetSize of job (KB)
...
006 (113604212.000.000) 2023-04-07 07:31:03 Image size of job updated: 5607880
	1419  -  MemoryUsage of job (MB)
	1452236  -  ResidentSetSize of job (KB)
...
006 (113604212.000.000) 2023-04-07 07:36:03 Image size of job updated: 5607880
	1434  -  MemoryUsage of job (MB)
	1467560  -  ResidentSetSize of job (KB)
...
006 (113604212.000.000) 2023-04-07 07:41:04 Image size of job updated: 5607880
	1436  -  MemoryUsage of job (MB)
	1469608  -  ResidentSetSize of job (KB)
...
006 (113604212.000.000) 2023-04-07 07:46:05 Image size of job updated: 5640108
	1438  -  MemoryUsage of job (MB)
	1471940  -  ResidentSetSize of job (KB)
...
006 (113604212.000.000) 2023-04-07 07:51:05 Image size of job updated: 5640108
	1440  -  MemoryUsage of job (MB)
	1473988  -  ResidentSetSize of job (KB)
...
006 (113604212.000.000) 2023-04-07 08:01:06 Image size of job updated: 5643876
	1442  -  MemoryUsage of job (MB)
	1476000  -  ResidentSetSize of job (KB)
...
006 (113604212.000.000) 2023-04-07 08:16:08 Image size of job updated: 5646140
	1445  -  MemoryUsage of job (MB)
	1479076  -  ResidentSetSize of job (KB)
...
006 (113604212.000.000) 2023-04-07 08:21:08 Image size of job updated: 5646140
	1445  -  MemoryUsage of job (MB)
	1479576  -  ResidentSetSize of job (KB)
...
006 (113604212.000.000) 2023-04-07 08:26:08 Image size of job updated: 5646140
	1449  -  MemoryUsage of job (MB)
	1482996  -  ResidentSetSize of job (KB)
...
006 (113604212.000.000) 2023-04-07 08:36:10 Image size of job updated: 5646140
	1449  -  MemoryUsage of job (MB)
	1483252  -  ResidentSetSize of job (KB)
...
006 (113604212.000.000) 2023-04-07 08:41:10 Image size of job updated: 5646140
	1468  -  MemoryUsage of job (MB)
	1502852  -  ResidentSetSize of job (KB)
...
006 (113604212.000.000) 2023-04-07 09:01:13 Image size of job updated: 5685860
	1470  -  MemoryUsage of job (MB)
	1504452  -  ResidentSetSize of job (KB)
...
006 (113604212.000.000) 2023-04-07 09:11:14 Image size of job updated: 5685860
	1472  -  MemoryUsage of job (MB)
	1506500  -  ResidentSetSize of job (KB)
...
006 (113604212.000.000) 2023-04-07 09:21:16 Image size of job updated: 5685860
	1472  -  MemoryUsage of job (MB)
	1506664  -  ResidentSetSize of job (KB)
...
006 (113604212.000.000) 2023-04-07 09:26:16 Image size of job updated: 5699296
	1483  -  MemoryUsage of job (MB)
	1518212  -  ResidentSetSize of job (KB)
...
006 (113604212.000.000) 2023-04-07 09:46:17 Image size of job updated: 5699296
	1499  -  MemoryUsage of job (MB)
	1534208  -  ResidentSetSize of job (KB)
...
006 (113604212.000.000) 2023-04-07 09:56:19 Image size of job updated: 5699296
	1504  -  MemoryUsage of job (MB)
	1539972  -  ResidentSetSize of job (KB)
...
006 (113604212.000.000) 2023-04-07 10:36:22 Image size of job updated: 5734300
	1516  -  MemoryUsage of job (MB)
	1551992  -  ResidentSetSize of job (KB)
...
006 (113604212.000.000) 2023-04-07 10:41:23 Image size of job updated: 5734300
	1516  -  MemoryUsage of job (MB)
	1552116  -  ResidentSetSize of job (KB)
...
006 (113604212.000.000) 2023-04-07 10:51:24 Image size of job updated: 5757628
	1516  -  MemoryUsage of job (MB)
	1552116  -  ResidentSetSize of job (KB)
...
006 (113604212.000.000) 2023-04-07 11:01:26 Image size of job updated: 5757628
	1531  -  MemoryUsage of job (MB)
	1567660  -  ResidentSetSize of job (KB)
...
006 (113604212.000.000) 2023-04-07 11:11:26 Image size of job updated: 5757628
	1532  -  MemoryUsage of job (MB)
	1568176  -  ResidentSetSize of job (KB)
...
006 (113604212.000.000) 2023-04-07 13:31:42 Image size of job updated: 5776232
	1532  -  MemoryUsage of job (MB)
	1568176  -  ResidentSetSize of job (KB)
...
006 (113604212.000.000) 2023-04-07 13:51:45 Image size of job updated: 5776232
	1542  -  MemoryUsage of job (MB)
	1578000  -  ResidentSetSize of job (KB)
...
006 (113604212.000.000) 2023-04-07 14:01:45 Image size of job updated: 5776232
	1554  -  MemoryUsage of job (MB)
	1590752  -  ResidentSetSize of job (KB)
...
006 (113604212.000.000) 2023-04-07 14:11:46 Image size of job updated: 5797680
	1557  -  MemoryUsage of job (MB)
	1593616  -  ResidentSetSize of job (KB)
...
006 (113604212.000.000) 2023-04-07 14:41:50 Image size of job updated: 5797680
	1565  -  MemoryUsage of job (MB)
	1601848  -  ResidentSetSize of job (KB)
...
006 (113604212.000.000) 2023-04-07 15:16:53 Image size of job updated: 5834424
	1572  -  MemoryUsage of job (MB)
	1609516  -  ResidentSetSize of job (KB)
...
006 (113604212.000.000) 2023-04-07 15:21:53 Image size of job updated: 5834424
	1574  -  MemoryUsage of job (MB)
	1611564  -  ResidentSetSize of job (KB)
...
006 (113604212.000.000) 2023-04-07 15:36:55 Image size of job updated: 5853876
	1581  -  MemoryUsage of job (MB)
	1618100  -  ResidentSetSize of job (KB)
...
006 (113604212.000.000) 2023-04-07 15:41:55 Image size of job updated: 5853876
	1583  -  MemoryUsage of job (MB)
	1620148  -  ResidentSetSize of job (KB)
...
006 (113604212.000.000) 2023-04-07 15:51:56 Image size of job updated: 5858636
	1597  -  MemoryUsage of job (MB)
	1634980  -  ResidentSetSize of job (KB)
...
006 (113604212.000.000) 2023-04-07 16:01:57 Image size of job updated: 5860380
	1597  -  MemoryUsage of job (MB)
	1634980  -  ResidentSetSize of job (KB)
...
006 (113604212.000.000) 2023-04-07 16:16:59 Image size of job updated: 5866156
	1760  -  MemoryUsage of job (MB)
	1801600  -  ResidentSetSize of job (KB)
...
006 (113604212.000.000) 2023-04-07 16:37:01 Image size of job updated: 5869164
	1760  -  MemoryUsage of job (MB)
	1801600  -  ResidentSetSize of job (KB)
...
006 (113604212.000.000) 2023-04-07 16:47:02 Image size of job updated: 5870396
	1760  -  MemoryUsage of job (MB)
	1801600  -  ResidentSetSize of job (KB)
...
006 (113604212.000.000) 2023-04-07 17:02:04 Image size of job updated: 5874892
	1760  -  MemoryUsage of job (MB)
	1801600  -  ResidentSetSize of job (KB)
...
006 (113604212.000.000) 2023-04-07 17:17:05 Image size of job updated: 5877380
	1760  -  MemoryUsage of job (MB)
	1801600  -  ResidentSetSize of job (KB)
...
006 (113604212.000.000) 2023-04-07 17:32:07 Image size of job updated: 5904472
	1760  -  MemoryUsage of job (MB)
	1801600  -  ResidentSetSize of job (KB)
...
006 (113604212.000.000) 2023-04-07 18:07:11 Image size of job updated: 5927724
	1760  -  MemoryUsage of job (MB)
	1801600  -  ResidentSetSize of job (KB)
...
006 (113604212.000.000) 2023-04-07 18:22:12 Image size of job updated: 5930300
	1760  -  MemoryUsage of job (MB)
	1801600  -  ResidentSetSize of job (KB)
...
006 (113604212.000.000) 2023-04-07 18:37:14 Image size of job updated: 5938068
	1760  -  MemoryUsage of job (MB)
	1801600  -  ResidentSetSize of job (KB)
...
004 (113604212.000.000) 2023-04-07 19:37:30 Job was evicted.
	(0) CPU times
		Usr 3 06:09:55, Sys 0 00:02:34  -  Run Remote Usage
		Usr 0 00:00:00, Sys 0 00:00:00  -  Run Local Usage
	0  -  Run Bytes Sent By Job
	366  -  Run Bytes Received By Job
	Partitionable Resources :    Usage  Request Allocated 
	   Cpus                 :     4.95        1         1 
	   Disk (KB)            :  4196      500000    624256 
	   GPUs                 :                           0 
	   Memory (MB)          :  1760       20000     20096 
...
040 (113604212.000.000) 2023-04-07 19:43:01 Started transferring input files
	Transferring to host: <10.14.10.92:9618?addrs=10.14.10.92-9618&alias=node2342.cluster.ldas.cit&noUDP&sock=slot1_14_2101019_b3d6_5940>
...
040 (113604212.000.000) 2023-04-07 19:43:01 Finished transferring input files
...
001 (113604212.000.000) 2023-04-07 19:43:02 Job executing on host: <10.14.10.92:9618?addrs=10.14.10.92-9618&alias=node2342.cluster.ldas.cit&noUDP&sock=startd_2100976_5cdf>
...
006 (113604212.000.000) 2023-04-08 16:45:19 Image size of job updated: 7500000
	2022  -  MemoryUsage of job (MB)
	2070108  -  ResidentSetSize of job (KB)
...
006 (113604212.000.000) 2023-04-08 17:05:21 Image size of job updated: 7500000
	2023  -  MemoryUsage of job (MB)
	2071268  -  ResidentSetSize of job (KB)
...
004 (113604212.000.000) 2023-04-08 19:44:40 Job was evicted.
	(0) CPU times
		Usr 4 09:59:25, Sys 0 00:02:59  -  Run Remote Usage
		Usr 0 00:00:00, Sys 0 00:00:00  -  Run Local Usage
	0  -  Run Bytes Sent By Job
	366  -  Run Bytes Received By Job
	Partitionable Resources :    Usage  Request Allocated 
	   Cpus                 :     1.99        1         1 
	   Disk (KB)            :  3375      500000    624256 
	   GPUs                 :                           0 
	   Memory (MB)          :  2023       20000     20096 
...
040 (113604212.000.000) 2023-04-08 19:46:41 Started transferring input files
	Transferring to host: <10.14.9.160:9618?addrs=10.14.9.160-9618&alias=node2160.cluster.ldas.cit&noUDP&sock=slot1_6_3579614_a3d5_4368>
...
040 (113604212.000.000) 2023-04-08 19:46:41 Finished transferring input files
...
001 (113604212.000.000) 2023-04-08 19:46:42 Job executing on host: <10.14.9.160:9618?addrs=10.14.9.160-9618&alias=node2160.cluster.ldas.cit&noUDP&sock=startd_3579573_eb9d>
...
004 (113604212.000.000) 2023-04-09 19:49:35 Job was evicted.
	(0) CPU times
		Usr 4 15:01:30, Sys 0 00:04:39  -  Run Remote Usage
		Usr 0 00:00:00, Sys 0 00:00:00  -  Run Local Usage
	0  -  Run Bytes Sent By Job
	366  -  Run Bytes Received By Job
	Partitionable Resources :    Usage  Request Allocated 
	   Cpus                 :     7.96        1         1 
	   Disk (KB)            :  2981      500000    609612 
	   GPUs                 :                           0 
	   Memory (MB)          :  2198       20000     20096 
...
040 (113604212.000.000) 2023-04-09 19:50:41 Started transferring input files
	Transferring to host: <10.14.10.95:9618?addrs=10.14.10.95-9618&alias=node2345.cluster.ldas.cit&noUDP&sock=slot1_7_2785603_0f95_34997>
...
040 (113604212.000.000) 2023-04-09 19:50:41 Finished transferring input files
...
001 (113604212.000.000) 2023-04-09 19:50:42 Job executing on host: <10.14.10.95:9618?addrs=10.14.10.95-9618&alias=node2345.cluster.ldas.cit&noUDP&sock=startd_3908_2434>
...
004 (113604212.000.000) 2023-04-10 20:43:19 Job was evicted.
	(0) CPU times
		Usr 3 23:15:18, Sys 0 00:03:44  -  Run Remote Usage
		Usr 0 00:00:00, Sys 0 00:00:00  -  Run Local Usage
	0  -  Run Bytes Sent By Job
	366  -  Run Bytes Received By Job
	Partitionable Resources :    Usage  Request Allocated 
	   Cpus                 :     0.99        1         1 
	   Disk (KB)            :  2881      500000    624256 
	   GPUs                 :                           0 
	   Memory (MB)          :  2198       20000     20096 
...
040 (113604212.000.000) 2023-04-10 20:48:33 Started transferring input files
	Transferring to host: <10.14.9.138:9618?addrs=10.14.9.138-9618&alias=node2138.cluster.ldas.cit&noUDP&sock=slot1_1_2411463_95a6_6837>
...
040 (113604212.000.000) 2023-04-10 20:48:33 Finished transferring input files
...
001 (113604212.000.000) 2023-04-10 20:48:34 Job executing on host: <10.14.9.138:9618?addrs=10.14.9.138-9618&alias=node2138.cluster.ldas.cit&noUDP&sock=startd_2411420_200a>
...
004 (113604212.000.000) 2023-04-11 22:06:18 Job was evicted.
	(0) CPU times
		Usr 6 02:07:42, Sys 0 00:06:51  -  Run Remote Usage
		Usr 0 00:00:00, Sys 0 00:00:00  -  Run Local Usage
	0  -  Run Bytes Sent By Job
	366  -  Run Bytes Received By Job
	Partitionable Resources :    Usage  Request Allocated 
	   Cpus                 :     0.99        1         1 
	   Disk (KB)            :  2928      500000    609620 
	   GPUs                 :                           0 
	   Memory (MB)          :  2198       20000     20096 
...
040 (113604212.000.000) 2023-04-11 23:22:05 Started transferring input files
	Transferring to host: <10.14.10.73:9618?addrs=10.14.10.73-9618&alias=node2323.cluster.ldas.cit&noUDP&sock=slot1_1_1751566_7374_10423>
...
040 (113604212.000.000) 2023-04-11 23:22:05 Finished transferring input files
...
001 (113604212.000.000) 2023-04-11 23:22:06 Job executing on host: <10.14.10.73:9618?addrs=10.14.10.73-9618&alias=node2323.cluster.ldas.cit&noUDP&sock=startd_1751524_5b61>
...
006 (113604212.000.000) 2023-04-12 20:34:27 Image size of job updated: 7500000
	2199  -  MemoryUsage of job (MB)
	2251720  -  ResidentSetSize of job (KB)
...
006 (113604212.000.000) 2023-04-12 21:04:30 Image size of job updated: 7500000
	2253  -  MemoryUsage of job (MB)
	2306812  -  ResidentSetSize of job (KB)
...
006 (113604212.000.000) 2023-04-12 23:04:43 Image size of job updated: 7500000
	2256  -  MemoryUsage of job (MB)
	2310096  -  ResidentSetSize of job (KB)
...
004 (113604212.000.000) 2023-04-12 23:29:03 Job was evicted.
	(0) CPU times
		Usr 6 13:56:34, Sys 0 00:02:32  -  Run Remote Usage
		Usr 0 00:00:00, Sys 0 00:00:00  -  Run Local Usage
	0  -  Run Bytes Sent By Job
	366  -  Run Bytes Received By Job
	Partitionable Resources :    Usage  Request Allocated 
	   Cpus                 :     7.93        1         1 
	   Disk (KB)            :  2989      500000    624256 
	   GPUs                 :                           0 
	   Memory (MB)          :  2256       20000     20096 
...
040 (113604212.000.000) 2023-04-12 23:29:57 Started transferring input files
	Transferring to host: <10.14.10.65:9618?addrs=10.14.10.65-9618&alias=node2315.cluster.ldas.cit&noUDP&sock=slot1_9_2382208_ca61_17547>
...
040 (113604212.000.000) 2023-04-12 23:29:57 Finished transferring input files
...
001 (113604212.000.000) 2023-04-12 23:29:58 Job executing on host: <10.14.10.65:9618?addrs=10.14.10.65-9618&alias=node2315.cluster.ldas.cit&noUDP&sock=startd_2382165_a0e4>
...
004 (113604212.000.000) 2023-04-14 00:04:40 Job was evicted.
	(0) CPU times
		Usr 6 04:57:58, Sys 0 00:03:57  -  Run Remote Usage
		Usr 0 00:00:00, Sys 0 00:00:00  -  Run Local Usage
	0  -  Run Bytes Sent By Job
	366  -  Run Bytes Received By Job
	Partitionable Resources :    Usage  Request Allocated 
	   Cpus                 :     7.91        1         1 
	   Disk (KB)            :  2868      500000    624256 
	   GPUs                 :                           0 
	   Memory (MB)          :  2442       20000     20096 
...
040 (113604212.000.000) 2023-04-14 00:14:38 Started transferring input files
	Transferring to host: <10.14.10.47:9618?addrs=10.14.10.47-9618&alias=node2297.cluster.ldas.cit&noUDP&sock=slot1_16_1244110_cad8_19320>
...
040 (113604212.000.000) 2023-04-14 00:14:38 Finished transferring input files
...
001 (113604212.000.000) 2023-04-14 00:14:39 Job executing on host: <10.14.10.47:9618?addrs=10.14.10.47-9618&alias=node2297.cluster.ldas.cit&noUDP&sock=startd_1244065_b10b>
...
004 (113604212.000.000) 2023-04-15 00:37:28 Job was evicted.
	(0) CPU times
		Usr 5 19:27:29, Sys 0 00:08:49  -  Run Remote Usage
		Usr 0 00:00:00, Sys 0 00:00:00  -  Run Local Usage
	0  -  Run Bytes Sent By Job
	366  -  Run Bytes Received By Job
	Partitionable Resources :    Usage  Request Allocated 
	   Cpus                 :     7.81        1         1 
	   Disk (KB)            :  2888      500000    624256 
	   GPUs                 :                           0 
	   Memory (MB)          :  2442       20000     20096 
...
040 (113604212.000.000) 2023-04-15 00:38:20 Started transferring input files
	Transferring to host: <10.14.9.78:9618?addrs=10.14.9.78-9618&alias=node2078.cluster.ldas.cit&noUDP&sock=slot1_16_1621219_329f_20469>
...
040 (113604212.000.000) 2023-04-15 00:38:20 Finished transferring input files
...
001 (113604212.000.000) 2023-04-15 00:38:21 Job executing on host: <10.14.9.78:9618?addrs=10.14.9.78-9618&alias=node2078.cluster.ldas.cit&noUDP&sock=startd_1621180_36e9>
...
004 (113604212.000.000) 2023-04-16 01:35:00 Job was evicted.
	(0) CPU times
		Usr 6 13:56:24, Sys 0 00:09:02  -  Run Remote Usage
		Usr 0 00:00:00, Sys 0 00:00:00  -  Run Local Usage
	0  -  Run Bytes Sent By Job
	366  -  Run Bytes Received By Job
	Partitionable Resources :    Usage  Request Allocated 
	   Cpus                 :     7.94        1         1 
	   Disk (KB)            :  2829      500000    609620 
	   GPUs                 :                           0 
	   Memory (MB)          :  2442       20000     20096 
...
040 (113604212.000.000) 2023-04-16 01:36:05 Started transferring input files
	Transferring to host: <10.14.10.113:9618?addrs=10.14.10.113-9618&alias=node2363.cluster.ldas.cit&noUDP&sock=slot1_17_673418_a6b1_14442>
...
040 (113604212.000.000) 2023-04-16 01:36:05 Finished transferring input files
...
001 (113604212.000.000) 2023-04-16 01:36:06 Job executing on host: <10.14.10.113:9618?addrs=10.14.10.113-9618&alias=node2363.cluster.ldas.cit&noUDP&sock=startd_673376_8166>
...
006 (113604212.000.000) 2023-04-17 00:38:36 Image size of job updated: 7500000
	2544  -  MemoryUsage of job (MB)
	2604488  -  ResidentSetSize of job (KB)
...
004 (113604212.000.000) 2023-04-17 01:36:45 Job was evicted.
	(0) CPU times
		Usr 6 04:41:45, Sys 0 00:04:37  -  Run Remote Usage
		Usr 0 00:00:00, Sys 0 00:00:00  -  Run Local Usage
	0  -  Run Bytes Sent By Job
	366  -  Run Bytes Received By Job
	Partitionable Resources :    Usage  Request Allocated 
	   Cpus                 :     7.94        1         1 
	   Disk (KB)            :  2897      500000    624256 
	   GPUs                 :                           0 
	   Memory (MB)          :  2544       20000     20096 
...
040 (113604212.000.000) 2023-04-17 02:04:53 Started transferring input files
	Transferring to host: <10.14.10.103:9618?addrs=10.14.10.103-9618&alias=node2353.cluster.ldas.cit&noUDP&sock=slot1_6_43954_51b4_19617>
...
040 (113604212.000.000) 2023-04-17 02:04:53 Finished transferring input files
...
001 (113604212.000.000) 2023-04-17 02:04:54 Job executing on host: <10.14.10.103:9618?addrs=10.14.10.103-9618&alias=node2353.cluster.ldas.cit&noUDP&sock=startd_43913_3e73>
...
004 (113604212.000.000) 2023-04-18 02:06:31 Job was evicted.
	(0) CPU times
		Usr 5 21:35:39, Sys 0 00:02:17  -  Run Remote Usage
		Usr 0 00:00:00, Sys 0 00:00:00  -  Run Local Usage
	0  -  Run Bytes Sent By Job
	366  -  Run Bytes Received By Job
	Partitionable Resources :    Usage  Request Allocated 
	   Cpus                 :     6.94        1         1 
	   Disk (KB)            :  2885      500000    624256 
	   GPUs                 :                           0 
	   Memory (MB)          :  2686       20000     20096 
...
040 (113604212.000.000) 2023-04-18 02:09:08 Started transferring input files
	Transferring to host: <10.14.10.93:9618?addrs=10.14.10.93-9618&alias=node2343.cluster.ldas.cit&noUDP&sock=slot1_17_2501184_2547_16437>
...
040 (113604212.000.000) 2023-04-18 02:09:08 Finished transferring input files
...
001 (113604212.000.000) 2023-04-18 02:09:09 Job executing on host: <10.14.10.93:9618?addrs=10.14.10.93-9618&alias=node2343.cluster.ldas.cit&noUDP&sock=startd_2501141_44bb>
...
004 (113604212.000.000) 2023-04-18 09:20:05 Job was evicted.
	(0) CPU times
		Usr 1 14:16:55, Sys 0 00:00:55  -  Run Remote Usage
		Usr 0 00:00:00, Sys 0 00:00:00  -  Run Local Usage
	0  -  Run Bytes Sent By Job
	366  -  Run Bytes Received By Job
	Partitionable Resources :    Usage  Request Allocated 
	   Cpus                 :     7.96        1         1 
	   Disk (KB)            :  2761      500000    624256 
	   GPUs                 :                           0 
	   Memory (MB)          :  2686       20000     20096 
...
040 (113604212.000.000) 2023-04-18 09:23:56 Started transferring input files
	Transferring to host: <10.14.4.51:9618?addrs=10.14.4.51-9618&alias=node801.cluster.ldas.cit&noUDP&sock=slot1_1_3957347_b5b5_5>
...
040 (113604212.000.000) 2023-04-18 09:23:56 Finished transferring input files
...
001 (113604212.000.000) 2023-04-18 09:23:57 Job executing on host: <10.14.4.51:9618?addrs=10.14.4.51-9618&alias=node801.cluster.ldas.cit&noUDP&sock=startd_3950725_523e>
...
022 (113604212.000.000) 2023-04-18 09:30:36 Job disconnected, attempting to reconnect
    Local schedd and job shadow died, schedd now running again
    Trying to reconnect to slot1_1@node801.cluster.ldas.cit <10.14.4.51:9618?addrs=10.14.4.51-9618&alias=node801.cluster.ldas.cit&noUDP&sock=startd_3950725_523e>
...
023 (113604212.000.000) 2023-04-18 09:30:44 Job reconnected to slot1_1@node801.cluster.ldas.cit
    startd address: <10.14.4.51:9618?addrs=10.14.4.51-9618&alias=node801.cluster.ldas.cit&noUDP&sock=startd_3950725_523e>
    starter address: <10.14.4.51:9618?addrs=10.14.4.51-9618&alias=node801.cluster.ldas.cit&noUDP&sock=slot1_1_3957347_b5b5_5>
...
022 (113604212.000.000) 2023-04-18 09:56:16 Job disconnected, attempting to reconnect
    Local schedd and job shadow died, schedd now running again
    Trying to reconnect to slot1_1@node801.cluster.ldas.cit <10.14.4.51:9618?addrs=10.14.4.51-9618&alias=node801.cluster.ldas.cit&noUDP&sock=startd_3950725_523e>
...
023 (113604212.000.000) 2023-04-18 09:56:20 Job reconnected to slot1_1@node801.cluster.ldas.cit
    startd address: <10.14.4.51:9618?addrs=10.14.4.51-9618&alias=node801.cluster.ldas.cit&noUDP&sock=startd_3950725_523e>
    starter address: <10.14.4.51:9618?addrs=10.14.4.51-9618&alias=node801.cluster.ldas.cit&noUDP&sock=slot1_1_3957347_b5b5_5>
...
004 (113604212.000.000) 2023-04-19 09:25:42 Job was evicted.
	(0) CPU times
		Usr 1 14:21:07, Sys 0 00:01:45  -  Run Remote Usage
		Usr 0 00:00:00, Sys 0 00:00:00  -  Run Local Usage
	0  -  Run Bytes Sent By Job
	0  -  Run Bytes Received By Job
	Partitionable Resources :    Usage  Request Allocated 
	   Cpus                 :     2.50        1         1 
	   Disk (KB)            :  2736      500000    624256 
	   Memory (MB)          :  2686       20000     20096 
...
040 (113604212.000.000) 2023-04-19 09:28:47 Started transferring input files
	Transferring to host: <10.14.10.20:9618?addrs=10.14.10.20-9618&alias=node2270.cluster.ldas.cit&noUDP&sock=slot1_1_1060447_980c_67>
...
040 (113604212.000.000) 2023-04-19 09:28:47 Finished transferring input files
...
001 (113604212.000.000) 2023-04-19 09:28:48 Job executing on host: <10.14.10.20:9618?addrs=10.14.10.20-9618&alias=node2270.cluster.ldas.cit&noUDP&sock=startd_2092898_86d5>
...
006 (113604212.000.000) 2023-04-19 22:05:14 Image size of job updated: 7500000
	2720  -  MemoryUsage of job (MB)
	2784460  -  ResidentSetSize of job (KB)
...
006 (113604212.000.000) 2023-04-20 03:35:48 Image size of job updated: 7500000
	2721  -  MemoryUsage of job (MB)
	2785292  -  ResidentSetSize of job (KB)
...
006 (113604212.000.000) 2023-04-20 03:40:49 Image size of job updated: 7514272
	2721  -  MemoryUsage of job (MB)
	2785292  -  ResidentSetSize of job (KB)
...
006 (113604212.000.000) 2023-04-20 07:01:08 Image size of job updated: 7514272
	2865  -  MemoryUsage of job (MB)
	2933088  -  ResidentSetSize of job (KB)
...
004 (113604212.000.000) 2023-04-20 09:50:00 Job was evicted.
	(0) CPU times
		Usr 4 22:46:01, Sys 0 00:05:20  -  Run Remote Usage
		Usr 0 00:00:00, Sys 0 00:00:00  -  Run Local Usage
	0  -  Run Bytes Sent By Job
	366  -  Run Bytes Received By Job
	Partitionable Resources :    Usage  Request Allocated 
	   Cpus                 :     3.54        1         1 
	   Disk (KB)            :  2932      500000    624256 
	   GPUs                 :                           0 
	   Memory (MB)          :  2865       20000     20096 
...
040 (113604212.000.000) 2023-04-20 09:51:14 Started transferring input files
	Transferring to host: <10.14.10.89:9618?addrs=10.14.10.89-9618&alias=node2339.cluster.ldas.cit&noUDP&sock=slot1_19_226772_237f_2061>
...
040 (113604212.000.000) 2023-04-20 09:51:14 Finished transferring input files
...
001 (113604212.000.000) 2023-04-20 09:51:15 Job executing on host: <10.14.10.89:9618?addrs=10.14.10.89-9618&alias=node2339.cluster.ldas.cit&noUDP&sock=startd_2941399_a32c>
...
004 (113604212.000.000) 2023-04-21 09:54:53 Job was evicted.
	(0) CPU times
		Usr 4 16:43:20, Sys 0 00:03:17  -  Run Remote Usage
		Usr 0 00:00:00, Sys 0 00:00:00  -  Run Local Usage
	0  -  Run Bytes Sent By Job
	366  -  Run Bytes Received By Job
	Partitionable Resources :    Usage  Request Allocated 
	   Cpus                 :     4.97        1         1 
	   Disk (KB)            :  2884      500000    624256 
	   GPUs                 :                           0 
	   Memory (MB)          :  2930       20000     20096 
...
040 (113604212.000.000) 2023-04-21 09:54:55 Started transferring input files
	Transferring to host: <10.14.10.125:9618?addrs=10.14.10.125-9618&alias=node2375.cluster.ldas.cit&noUDP&sock=slot1_3_2844561_4e32_2415>
...
040 (113604212.000.000) 2023-04-21 09:54:55 Finished transferring input files
...
001 (113604212.000.000) 2023-04-21 09:54:56 Job executing on host: <10.14.10.125:9618?addrs=10.14.10.125-9618&alias=node2375.cluster.ldas.cit&noUDP&sock=startd_4089_4ad8>
...
