000 (113449507.000.000) 2023-03-29 17:01:30 Job submitted from host: <10.14.0.160:9618?addrs=10.14.0.160-9618&alias=ldas-pcdev2.ligo.caltech.edu&noUDP&sock=schedd_7450_a8a7>
    DAG Node: 859
...
040 (113449507.000.000) 2023-03-29 17:15:10 Started transferring input files
	Transferring to host: <10.14.4.50:9618?addrs=10.14.4.50-9618&alias=node800.cluster.ldas.cit&noUDP&sock=slot1_4_3595434_42d8_12078>
...
040 (113449507.000.000) 2023-03-29 17:15:10 Finished transferring input files
...
001 (113449507.000.000) 2023-03-29 17:15:11 Job executing on host: <10.14.4.50:9618?addrs=10.14.4.50-9618&alias=node800.cluster.ldas.cit&noUDP&sock=startd_3595398_8dd9>
...
006 (113449507.000.000) 2023-03-29 17:15:20 Image size of job updated: 394108
	170  -  MemoryUsage of job (MB)
	173976  -  ResidentSetSize of job (KB)
...
006 (113449507.000.000) 2023-03-29 17:20:21 Image size of job updated: 3914640
	524  -  MemoryUsage of job (MB)
	535616  -  ResidentSetSize of job (KB)
...
006 (113449507.000.000) 2023-03-29 17:25:22 Image size of job updated: 3926160
	538  -  MemoryUsage of job (MB)
	550164  -  ResidentSetSize of job (KB)
...
006 (113449507.000.000) 2023-03-29 17:30:22 Image size of job updated: 4026724
	609  -  MemoryUsage of job (MB)
	623544  -  ResidentSetSize of job (KB)
...
006 (113449507.000.000) 2023-03-29 17:35:23 Image size of job updated: 4027356
	718  -  MemoryUsage of job (MB)
	734524  -  ResidentSetSize of job (KB)
...
006 (113449507.000.000) 2023-03-29 17:40:24 Image size of job updated: 4067348
	866  -  MemoryUsage of job (MB)
	886628  -  ResidentSetSize of job (KB)
...
006 (113449507.000.000) 2023-03-29 17:45:24 Image size of job updated: 4067348
	867  -  MemoryUsage of job (MB)
	887528  -  ResidentSetSize of job (KB)
...
006 (113449507.000.000) 2023-03-29 17:50:25 Image size of job updated: 4088640
	882  -  MemoryUsage of job (MB)
	902308  -  ResidentSetSize of job (KB)
...
006 (113449507.000.000) 2023-03-29 17:55:26 Image size of job updated: 4088640
	883  -  MemoryUsage of job (MB)
	903204  -  ResidentSetSize of job (KB)
...
006 (113449507.000.000) 2023-03-29 18:00:26 Image size of job updated: 4093840
	883  -  MemoryUsage of job (MB)
	903204  -  ResidentSetSize of job (KB)
...
006 (113449507.000.000) 2023-03-29 18:10:28 Image size of job updated: 4093840
	888  -  MemoryUsage of job (MB)
	909132  -  ResidentSetSize of job (KB)
...
006 (113449507.000.000) 2023-03-29 18:15:28 Image size of job updated: 4093840
	889  -  MemoryUsage of job (MB)
	909348  -  ResidentSetSize of job (KB)
...
006 (113449507.000.000) 2023-03-29 18:20:29 Image size of job updated: 4093840
	890  -  MemoryUsage of job (MB)
	911116  -  ResidentSetSize of job (KB)
...
006 (113449507.000.000) 2023-03-29 18:25:30 Image size of job updated: 4093840
	891  -  MemoryUsage of job (MB)
	911472  -  ResidentSetSize of job (KB)
...
006 (113449507.000.000) 2023-03-29 18:30:30 Image size of job updated: 4103960
	892  -  MemoryUsage of job (MB)
	913108  -  ResidentSetSize of job (KB)
...
006 (113449507.000.000) 2023-03-29 18:35:31 Image size of job updated: 4103960
	893  -  MemoryUsage of job (MB)
	913828  -  ResidentSetSize of job (KB)
...
006 (113449507.000.000) 2023-03-29 18:55:34 Image size of job updated: 4111424
	893  -  MemoryUsage of job (MB)
	913828  -  ResidentSetSize of job (KB)
...
006 (113449507.000.000) 2023-03-29 19:05:35 Image size of job updated: 4111424
	895  -  MemoryUsage of job (MB)
	915696  -  ResidentSetSize of job (KB)
...
006 (113449507.000.000) 2023-03-29 19:10:36 Image size of job updated: 4111424
	895  -  MemoryUsage of job (MB)
	915704  -  ResidentSetSize of job (KB)
...
006 (113449507.000.000) 2023-03-29 19:15:36 Image size of job updated: 4124348
	904  -  MemoryUsage of job (MB)
	924708  -  ResidentSetSize of job (KB)
...
006 (113449507.000.000) 2023-03-29 19:20:37 Image size of job updated: 4124348
	905  -  MemoryUsage of job (MB)
	925824  -  ResidentSetSize of job (KB)
...
006 (113449507.000.000) 2023-03-29 19:25:38 Image size of job updated: 4124348
	907  -  MemoryUsage of job (MB)
	928608  -  ResidentSetSize of job (KB)
...
006 (113449507.000.000) 2023-03-29 19:30:38 Image size of job updated: 4127856
	919  -  MemoryUsage of job (MB)
	940920  -  ResidentSetSize of job (KB)
...
006 (113449507.000.000) 2023-03-29 19:50:41 Image size of job updated: 4127856
	928  -  MemoryUsage of job (MB)
	949980  -  ResidentSetSize of job (KB)
...
006 (113449507.000.000) 2023-03-29 19:55:42 Image size of job updated: 4127856
	928  -  MemoryUsage of job (MB)
	949988  -  ResidentSetSize of job (KB)
...
006 (113449507.000.000) 2023-03-29 20:00:42 Image size of job updated: 7835716
	928  -  MemoryUsage of job (MB)
	949988  -  ResidentSetSize of job (KB)
...
040 (113449507.000.000) 2023-03-29 20:00:48 Started transferring output files
...
040 (113449507.000.000) 2023-03-29 20:00:48 Finished transferring output files
...
005 (113449507.000.000) 2023-03-29 20:00:48 Job terminated.
	(1) Normal termination (return value 0)
		Usr 0 05:44:53, Sys 0 00:00:57  -  Run Remote Usage
		Usr 0 00:00:00, Sys 0 00:00:00  -  Run Local Usage
		Usr 0 05:44:53, Sys 0 00:00:57  -  Total Remote Usage
		Usr 0 00:00:00, Sys 0 00:00:00  -  Total Local Usage
	356361  -  Run Bytes Sent By Job
	375  -  Run Bytes Received By Job
	356361  -  Total Bytes Sent By Job
	375  -  Total Bytes Received By Job
	Partitionable Resources :    Usage  Request Allocated 
	   Cpus                 :     0.02        1         1 
	   Disk (KB)            :   369      500000    624256 
	   GPUs                 :                           0 
	   Memory (MB)          :   928       20000     20096 

	Job terminated of its own accord at 2023-03-30T03:00:48Z with exit-code 0.
...
000 (113471234.000.000) 2023-03-31 13:47:39 Job submitted from host: <10.14.0.160:9618?addrs=10.14.0.160-9618&alias=ldas-pcdev2.ligo.caltech.edu&noUDP&sock=schedd_7450_a8a7>
    DAG Node: 859
...
040 (113471234.000.000) 2023-03-31 13:50:54 Started transferring input files
	Transferring to host: <10.14.4.23:9618?addrs=10.14.4.23-9618&alias=node773.cluster.ldas.cit&noUDP&sock=slot1_7_4026539_bbb3_3129>
...
040 (113471234.000.000) 2023-03-31 13:50:54 Finished transferring input files
...
001 (113471234.000.000) 2023-03-31 13:50:55 Job executing on host: <10.14.4.23:9618?addrs=10.14.4.23-9618&alias=node773.cluster.ldas.cit&noUDP&sock=startd_4026501_5abf>
...
006 (113471234.000.000) 2023-03-31 13:51:03 Image size of job updated: 96988
	85  -  MemoryUsage of job (MB)
	86580  -  ResidentSetSize of job (KB)
...
006 (113471234.000.000) 2023-03-31 13:51:17 Image size of job updated: 474264
	85  -  MemoryUsage of job (MB)
	86580  -  ResidentSetSize of job (KB)
...
040 (113471234.000.000) 2023-03-31 13:51:17 Started transferring output files
...
040 (113471234.000.000) 2023-03-31 13:51:17 Finished transferring output files
...
005 (113471234.000.000) 2023-03-31 13:51:17 Job terminated.
	(1) Normal termination (return value 0)
		Usr 0 00:00:14, Sys 0 00:00:01  -  Run Remote Usage
		Usr 0 00:00:00, Sys 0 00:00:00  -  Run Local Usage
		Usr 0 00:00:14, Sys 0 00:00:01  -  Total Remote Usage
		Usr 0 00:00:00, Sys 0 00:00:00  -  Total Local Usage
	5662  -  Run Bytes Sent By Job
	375  -  Run Bytes Received By Job
	5662  -  Total Bytes Sent By Job
	375  -  Total Bytes Received By Job
	Partitionable Resources :    Usage  Request Allocated 
	   Cpus                 :                 1         1 
	   Disk (KB)            :       20   500000    609620 
	   GPUs                 :                           0 
	   Memory (MB)          :       85    20000     20096 

	Job terminated of its own accord at 2023-03-31T20:51:17Z with exit-code 0.
...
