13:57 bilby INFO    : Waveform generator initiated with
  frequency_domain_source_model: bilby.gw.source.lal_binary_black_hole
  time_domain_source_model: None
  parameter_conversion: bilby.gw.conversion.convert_to_lal_binary_black_hole_parameters
13:57 bilby INFO    : Injected signal in H1:
13:57 bilby INFO    :   optimal SNR = 7.32
13:57 bilby INFO    :   matched filter SNR = 6.60+0.07j
13:57 bilby INFO    :   mass_1 = 170.3000905075507
13:57 bilby INFO    :   mass_2 = 157.1533387442799
13:57 bilby INFO    :   a_1 = 0.9460585405460927
13:57 bilby INFO    :   a_2 = 0.7452048941476491
13:57 bilby INFO    :   tilt_1 = 1.540769193784415
13:57 bilby INFO    :   tilt_2 = 1.4216013466755493
13:57 bilby INFO    :   phi_12 = 1.7471612265161216
13:57 bilby INFO    :   phi_jl = 1.3199512717933517
13:57 bilby INFO    :   luminosity_distance = 7142.5095556205
13:57 bilby INFO    :   theta_jn = 0.7518081865135743
13:57 bilby INFO    :   psi = 0.7458153761
13:57 bilby INFO    :   phase = 0.8403903753
13:57 bilby INFO    :   geocent_time = 1126259642.413
13:57 bilby INFO    :   ra = 0.6349034073000001
13:57 bilby INFO    :   dec = 3.8641676533
13:57 bilby INFO    : Injected signal in L1:
13:57 bilby INFO    :   optimal SNR = 10.11
13:57 bilby INFO    :   matched filter SNR = 9.13-0.09j
13:57 bilby INFO    :   mass_1 = 170.3000905075507
13:57 bilby INFO    :   mass_2 = 157.1533387442799
13:57 bilby INFO    :   a_1 = 0.9460585405460927
13:57 bilby INFO    :   a_2 = 0.7452048941476491
13:57 bilby INFO    :   tilt_1 = 1.540769193784415
13:57 bilby INFO    :   tilt_2 = 1.4216013466755493
13:57 bilby INFO    :   phi_12 = 1.7471612265161216
13:57 bilby INFO    :   phi_jl = 1.3199512717933517
13:57 bilby INFO    :   luminosity_distance = 7142.5095556205
13:57 bilby INFO    :   theta_jn = 0.7518081865135743
13:57 bilby INFO    :   psi = 0.7458153761
13:57 bilby INFO    :   phase = 0.8403903753
13:57 bilby INFO    :   geocent_time = 1126259642.413
13:57 bilby INFO    :   ra = 0.6349034073000001
13:57 bilby INFO    :   dec = 3.8641676533
13:57 bilby INFO    : Injected signal in V1:
13:57 bilby INFO    :   optimal SNR = 1.28
13:57 bilby INFO    :   matched filter SNR = 1.90+0.55j
13:57 bilby INFO    :   mass_1 = 170.3000905075507
13:57 bilby INFO    :   mass_2 = 157.1533387442799
13:57 bilby INFO    :   a_1 = 0.9460585405460927
13:57 bilby INFO    :   a_2 = 0.7452048941476491
13:57 bilby INFO    :   tilt_1 = 1.540769193784415
13:57 bilby INFO    :   tilt_2 = 1.4216013466755493
13:57 bilby INFO    :   phi_12 = 1.7471612265161216
13:57 bilby INFO    :   phi_jl = 1.3199512717933517
13:57 bilby INFO    :   luminosity_distance = 7142.5095556205
13:57 bilby INFO    :   theta_jn = 0.7518081865135743
13:57 bilby INFO    :   psi = 0.7458153761
13:57 bilby INFO    :   phase = 0.8403903753
13:57 bilby INFO    :   geocent_time = 1126259642.413
13:57 bilby INFO    :   ra = 0.6349034073000001
13:57 bilby INFO    :   dec = 3.8641676533
13:57 bilby INFO    : Running for label 'job_00886_justSpin', output will be saved to '/home/simona.miller/comp-spin-mock-injections/Data/IndividualInferenceOutput/new_bilby/population1_highSpinPrecessing_highmass'
13:57 bilby INFO    : Using lal version 7.3.0
13:57 bilby INFO    : Using lal git version Branch: None;Tag: lalsuite-v7.13;Id: ec1fcb1d2d1dab69321fdb8f0afef1f867b11e06;;Builder: Unknown User <>;Repository status: UNCLEAN: Modified working tree
13:57 bilby INFO    : Using lalsimulation version 5.0.0
13:57 bilby INFO    : Using lalsimulation git version Branch: None;Tag: lalsuite-v7.13;Id: ec1fcb1d2d1dab69321fdb8f0afef1f867b11e06;;Builder: Unknown User <>;Repository status: UNCLEAN: Modified working tree
13:57 bilby INFO    : Analysis priors:
13:57 bilby INFO    : a_1=Uniform(minimum=0, maximum=0.99, name='a_1', latex_label='$a_1$', unit=None, boundary=None)
13:57 bilby INFO    : a_2=Uniform(minimum=0, maximum=0.99, name='a_2', latex_label='$a_2$', unit=None, boundary=None)
13:57 bilby INFO    : tilt_1=Sine(minimum=0, maximum=3.141592653589793, name='tilt_1', latex_label='$\\theta_1$', unit=None, boundary=None)
13:57 bilby INFO    : tilt_2=Sine(minimum=0, maximum=3.141592653589793, name='tilt_2', latex_label='$\\theta_2$', unit=None, boundary=None)
13:57 bilby INFO    : ra=0.6349034073000001
13:57 bilby INFO    : dec=3.8641676533
13:57 bilby INFO    : geocent_time=1126259642.413
13:57 bilby INFO    : phase=0.8403903753
13:57 bilby INFO    : psi=0.7458153761
13:57 bilby INFO    : luminosity_distance=7142.5095556205
13:57 bilby INFO    : theta_jn=0.7518081865135743
13:57 bilby INFO    : mass_1=170.3000905075507
13:57 bilby INFO    : mass_2=157.1533387442799
13:57 bilby INFO    : phi_12=1.7471612265161216
13:57 bilby INFO    : phi_jl=1.3199512717933517
13:57 bilby INFO    : Analysis likelihood class: <class 'bilby.gw.likelihood.base.GravitationalWaveTransient'>
13:57 bilby INFO    : Analysis likelihood noise evidence: -24358.441557990707
13:57 bilby INFO    : Single likelihood evaluation took 1.317e-02 s
13:57 bilby INFO    : Using sampler Dynesty with kwargs {'nlive': 2000, 'bound': 'live', 'sample': 'act-walk', 'periodic': None, 'reflective': None, 'update_interval': 600, 'first_update': None, 'npdim': None, 'rstate': None, 'queue_size': 8, 'pool': None, 'use_pool': None, 'live_points': None, 'logl_args': None, 'logl_kwargs': None, 'ptform_args': None, 'ptform_kwargs': None, 'gradient': None, 'grad_args': None, 'grad_kwargs': None, 'compute_jac': False, 'enlarge': None, 'bootstrap': None, 'walks': 100, 'facc': 0.2, 'slices': None, 'fmove': 0.9, 'max_move': 100, 'update_func': None, 'ncdim': None, 'blob': False, 'save_history': False, 'history_filename': None, 'maxiter': None, 'maxcall': None, 'dlogz': 0.1, 'logl_max': inf, 'n_effective': None, 'add_live': True, 'print_progress': True, 'print_func': <bound method Dynesty._print_func of <bilby.core.sampler.dynesty.Dynesty object at 0x1555389d8400>>, 'save_bounds': False, 'checkpoint_file': None, 'checkpoint_every': 60, 'resume': False}
13:57 bilby INFO    : Checkpoint every check_point_delta_t = 600s
13:57 bilby INFO    : Using dynesty version 2.1.0
13:57 bilby INFO    : Using the bilby-implemented rwalk sampling tracking the autocorrelation function and thinning by 5 with maximum length 25000
13:57 bilby INFO    : Setting up multiproccesing pool with 8 processes
13:57 bilby INFO    : Resume file /home/simona.miller/comp-spin-mock-injections/Data/IndividualInferenceOutput/new_bilby/population1_highSpinPrecessing_highmass/job_00886_justSpin_resume.pickle does not exist.
13:57 bilby INFO    : Generating initial points from the prior
14:08 bilby INFO    : Written checkpoint file /home/simona.miller/comp-spin-mock-injections/Data/IndividualInferenceOutput/new_bilby/population1_highSpinPrecessing_highmass/job_00886_justSpin_resume.pickle
14:18 bilby INFO    : Written checkpoint file /home/simona.miller/comp-spin-mock-injections/Data/IndividualInferenceOutput/new_bilby/population1_highSpinPrecessing_highmass/job_00886_justSpin_resume.pickle
14:29 bilby INFO    : Written checkpoint file /home/simona.miller/comp-spin-mock-injections/Data/IndividualInferenceOutput/new_bilby/population1_highSpinPrecessing_highmass/job_00886_justSpin_resume.pickle
14:40 bilby INFO    : Written checkpoint file /home/simona.miller/comp-spin-mock-injections/Data/IndividualInferenceOutput/new_bilby/population1_highSpinPrecessing_highmass/job_00886_justSpin_resume.pickle
14:41 bilby INFO    : Written checkpoint file /home/simona.miller/comp-spin-mock-injections/Data/IndividualInferenceOutput/new_bilby/population1_highSpinPrecessing_highmass/job_00886_justSpin_resume.pickle
14:41 bilby INFO    : Starting to close worker pool.
14:41 bilby INFO    : Finished closing worker pool.
14:41 bilby INFO    : Rejection sampling nested samples to obtain 5155 posterior samples
14:41 bilby INFO    : Sampling time: 0:43:30.442270
14:41 bilby INFO    : Computing per-detector log likelihoods.
14:41 bilby INFO    : Using a pool with size 8 for nsamples=5155
14:42 bilby INFO    : Generating sky frame parameters.
14:42 bilby INFO    : Computing SNRs for every sample.
14:42 bilby INFO    : Using a pool with size 8 for nsamples=5155
14:42 bilby INFO    : Summary of results:
nsamples: 5155
ln_noise_evidence: -24358.442
ln_evidence: -24294.268 +/-  0.044
ln_bayes_factor: 64.174 +/-  0.044

