000 (113449692.000.000) 2023-03-29 17:01:32 Job submitted from host: <10.14.0.160:9618?addrs=10.14.0.160-9618&alias=ldas-pcdev2.ligo.caltech.edu&noUDP&sock=schedd_7450_a8a7>
    DAG Node: 511
...
040 (113449692.000.000) 2023-03-29 17:37:14 Started transferring input files
	Transferring to host: <10.14.9.194:9618?addrs=10.14.9.194-9618&alias=node2194.cluster.ldas.cit&noUDP&sock=slot1_2_189911_3ac4_88754>
...
040 (113449692.000.000) 2023-03-29 17:37:14 Finished transferring input files
...
001 (113449692.000.000) 2023-03-29 17:37:15 Job executing on host: <10.14.9.194:9618?addrs=10.14.9.194-9618&alias=node2194.cluster.ldas.cit&noUDP&sock=startd_189641_87e3>
...
006 (113449692.000.000) 2023-03-29 17:37:15 Image size of job updated: 1
	0  -  MemoryUsage of job (MB)
	0  -  ResidentSetSize of job (KB)
...
040 (113449692.000.000) 2023-03-29 17:37:15 Started transferring output files
...
040 (113449692.000.000) 2023-03-29 17:37:15 Finished transferring output files
...
005 (113449692.000.000) 2023-03-29 17:37:15 Job terminated.
	(1) Normal termination (return value 127)
		Usr 0 00:00:00, Sys 0 00:00:00  -  Run Remote Usage
		Usr 0 00:00:00, Sys 0 00:00:00  -  Run Local Usage
		Usr 0 00:00:00, Sys 0 00:00:00  -  Total Remote Usage
		Usr 0 00:00:00, Sys 0 00:00:00  -  Total Local Usage
	407  -  Run Bytes Sent By Job
	375  -  Run Bytes Received By Job
	407  -  Total Bytes Sent By Job
	375  -  Total Bytes Received By Job
	Partitionable Resources :    Usage  Request Allocated 
	   Cpus                 :                 1         1 
	   Disk (KB)            :       14   500000    561711 
	   GPUs                 :                           0 
	   Memory (MB)          :        0    20000     20096 

	Job terminated of its own accord at 2023-03-30T00:37:15Z with exit-code 127.
...
000 (113471298.000.000) 2023-03-31 13:47:42 Job submitted from host: <10.14.0.160:9618?addrs=10.14.0.160-9618&alias=ldas-pcdev2.ligo.caltech.edu&noUDP&sock=schedd_7450_a8a7>
    DAG Node: 511
...
040 (113471298.000.000) 2023-03-31 13:51:15 Started transferring input files
	Transferring to host: <10.14.9.153:9618?addrs=10.14.9.153-9618&alias=node2153.cluster.ldas.cit&noUDP&sock=slot1_6_3490771_b598_7042>
...
040 (113471298.000.000) 2023-03-31 13:51:15 Finished transferring input files
...
001 (113471298.000.000) 2023-03-31 13:51:16 Job executing on host: <10.14.9.153:9618?addrs=10.14.9.153-9618&alias=node2153.cluster.ldas.cit&noUDP&sock=startd_3490729_537a>
...
006 (113471298.000.000) 2023-03-31 13:51:25 Image size of job updated: 454936
	167  -  MemoryUsage of job (MB)
	170048  -  ResidentSetSize of job (KB)
...
006 (113471298.000.000) 2023-03-31 13:56:26 Image size of job updated: 3640984
	522  -  MemoryUsage of job (MB)
	533712  -  ResidentSetSize of job (KB)
...
006 (113471298.000.000) 2023-03-31 14:01:26 Image size of job updated: 3642704
	601  -  MemoryUsage of job (MB)
	614828  -  ResidentSetSize of job (KB)
...
006 (113471298.000.000) 2023-03-31 14:06:26 Image size of job updated: 3786924
	850  -  MemoryUsage of job (MB)
	869464  -  ResidentSetSize of job (KB)
...
006 (113471298.000.000) 2023-03-31 14:11:27 Image size of job updated: 3789496
	853  -  MemoryUsage of job (MB)
	873272  -  ResidentSetSize of job (KB)
...
006 (113471298.000.000) 2023-03-31 14:16:27 Image size of job updated: 3803428
	867  -  MemoryUsage of job (MB)
	887312  -  ResidentSetSize of job (KB)
...
006 (113471298.000.000) 2023-03-31 14:21:27 Image size of job updated: 3805520
	869  -  MemoryUsage of job (MB)
	889676  -  ResidentSetSize of job (KB)
...
006 (113471298.000.000) 2023-03-31 14:26:28 Image size of job updated: 3817856
	882  -  MemoryUsage of job (MB)
	902492  -  ResidentSetSize of job (KB)
...
006 (113471298.000.000) 2023-03-31 14:31:29 Image size of job updated: 3818000
	882  -  MemoryUsage of job (MB)
	902744  -  ResidentSetSize of job (KB)
...
006 (113471298.000.000) 2023-03-31 14:36:29 Image size of job updated: 3819484
	882  -  MemoryUsage of job (MB)
	903080  -  ResidentSetSize of job (KB)
...
006 (113471298.000.000) 2023-03-31 14:41:30 Image size of job updated: 3820116
	884  -  MemoryUsage of job (MB)
	904840  -  ResidentSetSize of job (KB)
...
006 (113471298.000.000) 2023-03-31 14:46:31 Image size of job updated: 3828364
	892  -  MemoryUsage of job (MB)
	912756  -  ResidentSetSize of job (KB)
...
006 (113471298.000.000) 2023-03-31 14:51:31 Image size of job updated: 3829272
	893  -  MemoryUsage of job (MB)
	913544  -  ResidentSetSize of job (KB)
...
006 (113471298.000.000) 2023-03-31 14:56:32 Image size of job updated: 3851544
	898  -  MemoryUsage of job (MB)
	918852  -  ResidentSetSize of job (KB)
...
006 (113471298.000.000) 2023-03-31 15:01:33 Image size of job updated: 3851544
	898  -  MemoryUsage of job (MB)
	919212  -  ResidentSetSize of job (KB)
...
006 (113471298.000.000) 2023-03-31 15:16:34 Image size of job updated: 3851544
	899  -  MemoryUsage of job (MB)
	919692  -  ResidentSetSize of job (KB)
...
006 (113471298.000.000) 2023-03-31 15:21:34 Image size of job updated: 3851544
	906  -  MemoryUsage of job (MB)
	926880  -  ResidentSetSize of job (KB)
...
006 (113471298.000.000) 2023-03-31 15:26:34 Image size of job updated: 3851544
	906  -  MemoryUsage of job (MB)
	927220  -  ResidentSetSize of job (KB)
...
006 (113471298.000.000) 2023-03-31 15:31:35 Image size of job updated: 3861896
	907  -  MemoryUsage of job (MB)
	928068  -  ResidentSetSize of job (KB)
...
006 (113471298.000.000) 2023-03-31 15:36:36 Image size of job updated: 3861896
	907  -  MemoryUsage of job (MB)
	928688  -  ResidentSetSize of job (KB)
...
006 (113471298.000.000) 2023-03-31 15:41:36 Image size of job updated: 3862288
	926  -  MemoryUsage of job (MB)
	947564  -  ResidentSetSize of job (KB)
...
006 (113471298.000.000) 2023-03-31 15:46:37 Image size of job updated: 3862836
	926  -  MemoryUsage of job (MB)
	947564  -  ResidentSetSize of job (KB)
...
006 (113471298.000.000) 2023-03-31 16:06:39 Image size of job updated: 3880168
	926  -  MemoryUsage of job (MB)
	947564  -  ResidentSetSize of job (KB)
...
006 (113471298.000.000) 2023-03-31 16:26:41 Image size of job updated: 3880168
	937  -  MemoryUsage of job (MB)
	959412  -  ResidentSetSize of job (KB)
...
006 (113471298.000.000) 2023-03-31 17:31:48 Image size of job updated: 3880168
	954  -  MemoryUsage of job (MB)
	976144  -  ResidentSetSize of job (KB)
...
006 (113471298.000.000) 2023-03-31 17:41:16 Image size of job updated: 3883648
	954  -  MemoryUsage of job (MB)
	976144  -  ResidentSetSize of job (KB)
...
006 (113471298.000.000) 2023-03-31 17:54:40 Image size of job updated: 3886828
	958  -  MemoryUsage of job (MB)
	980108  -  ResidentSetSize of job (KB)
...
006 (113471298.000.000) 2023-03-31 18:05:23 Image size of job updated: 3897200
	960  -  MemoryUsage of job (MB)
	982132  -  ResidentSetSize of job (KB)
...
006 (113471298.000.000) 2023-03-31 18:11:50 Image size of job updated: 3935712
	964  -  MemoryUsage of job (MB)
	986240  -  ResidentSetSize of job (KB)
...
006 (113471298.000.000) 2023-03-31 18:21:51 Image size of job updated: 3935712
	970  -  MemoryUsage of job (MB)
	992944  -  ResidentSetSize of job (KB)
...
006 (113471298.000.000) 2023-03-31 18:26:52 Image size of job updated: 3935712
	970  -  MemoryUsage of job (MB)
	993068  -  ResidentSetSize of job (KB)
...
006 (113471298.000.000) 2023-03-31 18:31:52 Image size of job updated: 3935712
	994  -  MemoryUsage of job (MB)
	1017348  -  ResidentSetSize of job (KB)
...
006 (113471298.000.000) 2023-03-31 19:36:58 Image size of job updated: 3948160
	1000  -  MemoryUsage of job (MB)
	1023288  -  ResidentSetSize of job (KB)
...
006 (113471298.000.000) 2023-03-31 19:46:59 Image size of job updated: 3948160
	1019  -  MemoryUsage of job (MB)
	1043112  -  ResidentSetSize of job (KB)
...
006 (113471298.000.000) 2023-03-31 20:02:01 Image size of job updated: 3959120
	1019  -  MemoryUsage of job (MB)
	1043112  -  ResidentSetSize of job (KB)
...
006 (113471298.000.000) 2023-03-31 21:02:07 Image size of job updated: 3960608
	1019  -  MemoryUsage of job (MB)
	1043112  -  ResidentSetSize of job (KB)
...
006 (113471298.000.000) 2023-03-31 21:12:08 Image size of job updated: 3961364
	1022  -  MemoryUsage of job (MB)
	1046196  -  ResidentSetSize of job (KB)
...
006 (113471298.000.000) 2023-03-31 21:17:09 Image size of job updated: 3961364
	1023  -  MemoryUsage of job (MB)
	1046644  -  ResidentSetSize of job (KB)
...
006 (113471298.000.000) 2023-03-31 21:22:09 Image size of job updated: 3965732
	1028  -  MemoryUsage of job (MB)
	1051716  -  ResidentSetSize of job (KB)
...
006 (113471298.000.000) 2023-03-31 21:27:10 Image size of job updated: 3966680
	1028  -  MemoryUsage of job (MB)
	1052596  -  ResidentSetSize of job (KB)
...
006 (113471298.000.000) 2023-03-31 21:32:11 Image size of job updated: 3971308
	1033  -  MemoryUsage of job (MB)
	1057340  -  ResidentSetSize of job (KB)
...
006 (113471298.000.000) 2023-03-31 21:37:11 Image size of job updated: 3971924
	1034  -  MemoryUsage of job (MB)
	1058040  -  ResidentSetSize of job (KB)
...
006 (113471298.000.000) 2023-03-31 21:42:11 Image size of job updated: 3972420
	1034  -  MemoryUsage of job (MB)
	1058040  -  ResidentSetSize of job (KB)
...
006 (113471298.000.000) 2023-03-31 21:57:12 Image size of job updated: 3978992
	1040  -  MemoryUsage of job (MB)
	1064924  -  ResidentSetSize of job (KB)
...
006 (113471298.000.000) 2023-03-31 22:07:14 Image size of job updated: 3978992
	1041  -  MemoryUsage of job (MB)
	1065176  -  ResidentSetSize of job (KB)
...
006 (113471298.000.000) 2023-03-31 22:12:14 Image size of job updated: 4004748
	1063  -  MemoryUsage of job (MB)
	1088468  -  ResidentSetSize of job (KB)
...
006 (113471298.000.000) 2023-03-31 22:17:15 Image size of job updated: 4004748
	1063  -  MemoryUsage of job (MB)
	1088472  -  ResidentSetSize of job (KB)
...
006 (113471298.000.000) 2023-03-31 23:22:21 Image size of job updated: 9043544
	1063  -  MemoryUsage of job (MB)
	1088472  -  ResidentSetSize of job (KB)
...
040 (113471298.000.000) 2023-03-31 23:22:37 Started transferring output files
...
040 (113471298.000.000) 2023-03-31 23:22:37 Finished transferring output files
...
005 (113471298.000.000) 2023-03-31 23:22:37 Job terminated.
	(1) Normal termination (return value 0)
		Usr 1 03:07:32, Sys 0 00:02:52  -  Run Remote Usage
		Usr 0 00:00:00, Sys 0 00:00:00  -  Run Local Usage
		Usr 1 03:07:32, Sys 0 00:02:52  -  Total Remote Usage
		Usr 0 00:00:00, Sys 0 00:00:00  -  Total Local Usage
	612584  -  Run Bytes Sent By Job
	375  -  Run Bytes Received By Job
	612584  -  Total Bytes Sent By Job
	375  -  Total Bytes Received By Job
	Partitionable Resources :    Usage  Request Allocated 
	   Cpus                 :     2.27        1         1 
	   Disk (KB)            :   621      500000    609620 
	   GPUs                 :                           0 
	   Memory (MB)          :  1063       20000     20096 

	Job terminated of its own accord at 2023-04-01T06:22:37Z with exit-code 0.
...
