13:51 bilby INFO    : Waveform generator initiated with
  frequency_domain_source_model: bilby.gw.source.lal_binary_black_hole
  time_domain_source_model: None
  parameter_conversion: bilby.gw.conversion.convert_to_lal_binary_black_hole_parameters
13:51 bilby INFO    : Injected signal in H1:
13:51 bilby INFO    :   optimal SNR = 7.35
13:51 bilby INFO    :   matched filter SNR = 8.28+1.48j
13:51 bilby INFO    :   mass_1 = 50.18991577374649
13:51 bilby INFO    :   mass_2 = 42.15391694810759
13:51 bilby INFO    :   a_1 = 0.8039500731132323
13:51 bilby INFO    :   a_2 = 0.9143319866875984
13:51 bilby INFO    :   tilt_1 = 1.8185600047070736
13:51 bilby INFO    :   tilt_2 = 1.438685849889211
13:51 bilby INFO    :   phi_12 = 5.469801863666902
13:51 bilby INFO    :   phi_jl = 0.705834094266314
13:51 bilby INFO    :   luminosity_distance = 2915.5287290285
13:51 bilby INFO    :   theta_jn = 0.6353464445132984
13:51 bilby INFO    :   psi = 5.5961346726
13:51 bilby INFO    :   phase = 2.9967199523
13:51 bilby INFO    :   geocent_time = 1126259642.413
13:51 bilby INFO    :   ra = 0.6126583546000001
13:51 bilby INFO    :   dec = 3.1858283437
13:51 bilby INFO    : Injected signal in L1:
13:51 bilby INFO    :   optimal SNR = 10.18
13:51 bilby INFO    :   matched filter SNR = 11.10-0.29j
13:51 bilby INFO    :   mass_1 = 50.18991577374649
13:51 bilby INFO    :   mass_2 = 42.15391694810759
13:51 bilby INFO    :   a_1 = 0.8039500731132323
13:51 bilby INFO    :   a_2 = 0.9143319866875984
13:51 bilby INFO    :   tilt_1 = 1.8185600047070736
13:51 bilby INFO    :   tilt_2 = 1.438685849889211
13:51 bilby INFO    :   phi_12 = 5.469801863666902
13:51 bilby INFO    :   phi_jl = 0.705834094266314
13:51 bilby INFO    :   luminosity_distance = 2915.5287290285
13:51 bilby INFO    :   theta_jn = 0.6353464445132984
13:51 bilby INFO    :   psi = 5.5961346726
13:51 bilby INFO    :   phase = 2.9967199523
13:51 bilby INFO    :   geocent_time = 1126259642.413
13:51 bilby INFO    :   ra = 0.6126583546000001
13:51 bilby INFO    :   dec = 3.1858283437
13:51 bilby INFO    : Injected signal in V1:
13:51 bilby INFO    :   optimal SNR = 2.56
13:51 bilby INFO    :   matched filter SNR = 2.93-1.24j
13:51 bilby INFO    :   mass_1 = 50.18991577374649
13:51 bilby INFO    :   mass_2 = 42.15391694810759
13:51 bilby INFO    :   a_1 = 0.8039500731132323
13:51 bilby INFO    :   a_2 = 0.9143319866875984
13:51 bilby INFO    :   tilt_1 = 1.8185600047070736
13:51 bilby INFO    :   tilt_2 = 1.438685849889211
13:51 bilby INFO    :   phi_12 = 5.469801863666902
13:51 bilby INFO    :   phi_jl = 0.705834094266314
13:51 bilby INFO    :   luminosity_distance = 2915.5287290285
13:51 bilby INFO    :   theta_jn = 0.6353464445132984
13:51 bilby INFO    :   psi = 5.5961346726
13:51 bilby INFO    :   phase = 2.9967199523
13:51 bilby INFO    :   geocent_time = 1126259642.413
13:51 bilby INFO    :   ra = 0.6126583546000001
13:51 bilby INFO    :   dec = 3.1858283437
13:51 bilby INFO    : Running for label 'job_00154_justSpin', output will be saved to '/home/simona.miller/comp-spin-mock-injections/Data/IndividualInferenceOutput/new_bilby/population1_highSpinPrecessing_highmass'
13:51 bilby INFO    : Using lal version 7.3.0
13:51 bilby INFO    : Using lal git version Branch: None;Tag: lalsuite-v7.13;Id: ec1fcb1d2d1dab69321fdb8f0afef1f867b11e06;;Builder: Unknown User <>;Repository status: UNCLEAN: Modified working tree
13:51 bilby INFO    : Using lalsimulation version 5.0.0
13:51 bilby INFO    : Using lalsimulation git version Branch: None;Tag: lalsuite-v7.13;Id: ec1fcb1d2d1dab69321fdb8f0afef1f867b11e06;;Builder: Unknown User <>;Repository status: UNCLEAN: Modified working tree
13:51 bilby INFO    : Analysis priors:
13:51 bilby INFO    : a_1=Uniform(minimum=0, maximum=0.99, name='a_1', latex_label='$a_1$', unit=None, boundary=None)
13:51 bilby INFO    : a_2=Uniform(minimum=0, maximum=0.99, name='a_2', latex_label='$a_2$', unit=None, boundary=None)
13:51 bilby INFO    : tilt_1=Sine(minimum=0, maximum=3.141592653589793, name='tilt_1', latex_label='$\\theta_1$', unit=None, boundary=None)
13:51 bilby INFO    : tilt_2=Sine(minimum=0, maximum=3.141592653589793, name='tilt_2', latex_label='$\\theta_2$', unit=None, boundary=None)
13:51 bilby INFO    : ra=0.6126583546000001
13:51 bilby INFO    : dec=3.1858283437
13:51 bilby INFO    : geocent_time=1126259642.413
13:51 bilby INFO    : phase=2.9967199523
13:51 bilby INFO    : psi=5.5961346726
13:51 bilby INFO    : luminosity_distance=2915.5287290285
13:51 bilby INFO    : theta_jn=0.6353464445132984
13:51 bilby INFO    : mass_1=50.18991577374649
13:51 bilby INFO    : mass_2=42.15391694810759
13:51 bilby INFO    : phi_12=5.469801863666902
13:51 bilby INFO    : phi_jl=0.705834094266314
13:51 bilby INFO    : Analysis likelihood class: <class 'bilby.gw.likelihood.base.GravitationalWaveTransient'>
13:51 bilby INFO    : Analysis likelihood noise evidence: -24115.139511795736
13:51 bilby INFO    : Single likelihood evaluation took 2.402e-02 s
13:51 bilby INFO    : Checkpoint every check_point_delta_t = 600s
13:51 bilby WARNING : Using cached result
13:51 bilby INFO    : Summary of results:
nsamples: 6606
ln_noise_evidence: -24115.140
ln_evidence: -24021.427 +/-  0.062
ln_bayes_factor: 93.713 +/-  0.062

