13:51 bilby INFO    : Waveform generator initiated with
  frequency_domain_source_model: bilby.gw.source.lal_binary_black_hole
  time_domain_source_model: None
  parameter_conversion: bilby.gw.conversion.convert_to_lal_binary_black_hole_parameters
13:51 bilby INFO    : Injected signal in H1:
13:51 bilby INFO    :   optimal SNR = 4.28
13:51 bilby INFO    :   matched filter SNR = 4.90-0.41j
13:51 bilby INFO    :   mass_1 = 50.20476937461991
13:51 bilby INFO    :   mass_2 = 33.88754072150228
13:51 bilby INFO    :   a_1 = 0.39329010844500195
13:51 bilby INFO    :   a_2 = 0.48881388823536337
13:51 bilby INFO    :   tilt_1 = 1.764717816659488
13:51 bilby INFO    :   tilt_2 = 1.2855318420216315
13:51 bilby INFO    :   phi_12 = 5.505541367468331
13:51 bilby INFO    :   phi_jl = 5.066005858782802
13:51 bilby INFO    :   luminosity_distance = 1631.8390868842
13:51 bilby INFO    :   theta_jn = 0.8251856970971383
13:51 bilby INFO    :   psi = 3.5841796423
13:51 bilby INFO    :   phase = 0.4266279067
13:51 bilby INFO    :   geocent_time = 1126259642.413
13:51 bilby INFO    :   ra = 1.5285722053000002
13:51 bilby INFO    :   dec = 3.3492498559
13:51 bilby INFO    : Injected signal in L1:
13:51 bilby INFO    :   optimal SNR = 9.60
13:51 bilby INFO    :   matched filter SNR = 8.08+0.08j
13:51 bilby INFO    :   mass_1 = 50.20476937461991
13:51 bilby INFO    :   mass_2 = 33.88754072150228
13:51 bilby INFO    :   a_1 = 0.39329010844500195
13:51 bilby INFO    :   a_2 = 0.48881388823536337
13:51 bilby INFO    :   tilt_1 = 1.764717816659488
13:51 bilby INFO    :   tilt_2 = 1.2855318420216315
13:51 bilby INFO    :   phi_12 = 5.505541367468331
13:51 bilby INFO    :   phi_jl = 5.066005858782802
13:51 bilby INFO    :   luminosity_distance = 1631.8390868842
13:51 bilby INFO    :   theta_jn = 0.8251856970971383
13:51 bilby INFO    :   psi = 3.5841796423
13:51 bilby INFO    :   phase = 0.4266279067
13:51 bilby INFO    :   geocent_time = 1126259642.413
13:51 bilby INFO    :   ra = 1.5285722053000002
13:51 bilby INFO    :   dec = 3.3492498559
13:51 bilby INFO    : Injected signal in V1:
13:51 bilby INFO    :   optimal SNR = 2.44
13:51 bilby INFO    :   matched filter SNR = 2.54+0.74j
13:51 bilby INFO    :   mass_1 = 50.20476937461991
13:51 bilby INFO    :   mass_2 = 33.88754072150228
13:51 bilby INFO    :   a_1 = 0.39329010844500195
13:51 bilby INFO    :   a_2 = 0.48881388823536337
13:51 bilby INFO    :   tilt_1 = 1.764717816659488
13:51 bilby INFO    :   tilt_2 = 1.2855318420216315
13:51 bilby INFO    :   phi_12 = 5.505541367468331
13:51 bilby INFO    :   phi_jl = 5.066005858782802
13:51 bilby INFO    :   luminosity_distance = 1631.8390868842
13:51 bilby INFO    :   theta_jn = 0.8251856970971383
13:51 bilby INFO    :   psi = 3.5841796423
13:51 bilby INFO    :   phase = 0.4266279067
13:51 bilby INFO    :   geocent_time = 1126259642.413
13:51 bilby INFO    :   ra = 1.5285722053000002
13:51 bilby INFO    :   dec = 3.3492498559
13:51 bilby INFO    : Running for label 'job_00370_justSpin', output will be saved to '/home/simona.miller/comp-spin-mock-injections/Data/IndividualInferenceOutput/new_bilby/population1_highSpinPrecessing_highmass'
13:51 bilby INFO    : Using lal version 7.3.0
13:51 bilby INFO    : Using lal git version Branch: None;Tag: lalsuite-v7.13;Id: ec1fcb1d2d1dab69321fdb8f0afef1f867b11e06;;Builder: Unknown User <>;Repository status: UNCLEAN: Modified working tree
13:51 bilby INFO    : Using lalsimulation version 5.0.0
13:51 bilby INFO    : Using lalsimulation git version Branch: None;Tag: lalsuite-v7.13;Id: ec1fcb1d2d1dab69321fdb8f0afef1f867b11e06;;Builder: Unknown User <>;Repository status: UNCLEAN: Modified working tree
13:51 bilby INFO    : Analysis priors:
13:51 bilby INFO    : a_1=Uniform(minimum=0, maximum=0.99, name='a_1', latex_label='$a_1$', unit=None, boundary=None)
13:51 bilby INFO    : a_2=Uniform(minimum=0, maximum=0.99, name='a_2', latex_label='$a_2$', unit=None, boundary=None)
13:51 bilby INFO    : tilt_1=Sine(minimum=0, maximum=3.141592653589793, name='tilt_1', latex_label='$\\theta_1$', unit=None, boundary=None)
13:51 bilby INFO    : tilt_2=Sine(minimum=0, maximum=3.141592653589793, name='tilt_2', latex_label='$\\theta_2$', unit=None, boundary=None)
13:51 bilby INFO    : ra=1.5285722053000002
13:51 bilby INFO    : dec=3.3492498559
13:51 bilby INFO    : geocent_time=1126259642.413
13:51 bilby INFO    : phase=0.4266279067
13:51 bilby INFO    : psi=3.5841796423
13:51 bilby INFO    : luminosity_distance=1631.8390868842
13:51 bilby INFO    : theta_jn=0.8251856970971383
13:51 bilby INFO    : mass_1=50.20476937461991
13:51 bilby INFO    : mass_2=33.88754072150228
13:51 bilby INFO    : phi_12=5.505541367468331
13:51 bilby INFO    : phi_jl=5.066005858782802
13:51 bilby INFO    : Analysis likelihood class: <class 'bilby.gw.likelihood.base.GravitationalWaveTransient'>
13:51 bilby INFO    : Analysis likelihood noise evidence: -24085.066278801736
13:51 bilby INFO    : Single likelihood evaluation took 2.232e-02 s
13:51 bilby INFO    : Using sampler Dynesty with kwargs {'nlive': 2000, 'bound': 'live', 'sample': 'act-walk', 'periodic': None, 'reflective': None, 'update_interval': 600, 'first_update': None, 'npdim': None, 'rstate': None, 'queue_size': 8, 'pool': None, 'use_pool': None, 'live_points': None, 'logl_args': None, 'logl_kwargs': None, 'ptform_args': None, 'ptform_kwargs': None, 'gradient': None, 'grad_args': None, 'grad_kwargs': None, 'compute_jac': False, 'enlarge': None, 'bootstrap': None, 'walks': 100, 'facc': 0.2, 'slices': None, 'fmove': 0.9, 'max_move': 100, 'update_func': None, 'ncdim': None, 'blob': False, 'save_history': False, 'history_filename': None, 'maxiter': None, 'maxcall': None, 'dlogz': 0.1, 'logl_max': inf, 'n_effective': None, 'add_live': True, 'print_progress': True, 'print_func': <bound method Dynesty._print_func of <bilby.core.sampler.dynesty.Dynesty object at 0x149719e0ac10>>, 'save_bounds': False, 'checkpoint_file': None, 'checkpoint_every': 60, 'resume': False}
13:51 bilby INFO    : Checkpoint every check_point_delta_t = 600s
13:51 bilby INFO    : Using dynesty version 2.1.0
13:51 bilby INFO    : Using the bilby-implemented rwalk sampling tracking the autocorrelation function and thinning by 5 with maximum length 25000
13:51 bilby INFO    : Setting up multiproccesing pool with 8 processes
13:51 bilby INFO    : Resume file /home/simona.miller/comp-spin-mock-injections/Data/IndividualInferenceOutput/new_bilby/population1_highSpinPrecessing_highmass/job_00370_justSpin_resume.pickle does not exist.
13:51 bilby INFO    : Generating initial points from the prior
14:02 bilby INFO    : Written checkpoint file /home/simona.miller/comp-spin-mock-injections/Data/IndividualInferenceOutput/new_bilby/population1_highSpinPrecessing_highmass/job_00370_justSpin_resume.pickle
14:15 bilby INFO    : Written checkpoint file /home/simona.miller/comp-spin-mock-injections/Data/IndividualInferenceOutput/new_bilby/population1_highSpinPrecessing_highmass/job_00370_justSpin_resume.pickle
14:26 bilby INFO    : Written checkpoint file /home/simona.miller/comp-spin-mock-injections/Data/IndividualInferenceOutput/new_bilby/population1_highSpinPrecessing_highmass/job_00370_justSpin_resume.pickle
14:38 bilby INFO    : Written checkpoint file /home/simona.miller/comp-spin-mock-injections/Data/IndividualInferenceOutput/new_bilby/population1_highSpinPrecessing_highmass/job_00370_justSpin_resume.pickle
14:49 bilby INFO    : Written checkpoint file /home/simona.miller/comp-spin-mock-injections/Data/IndividualInferenceOutput/new_bilby/population1_highSpinPrecessing_highmass/job_00370_justSpin_resume.pickle
15:00 bilby INFO    : Written checkpoint file /home/simona.miller/comp-spin-mock-injections/Data/IndividualInferenceOutput/new_bilby/population1_highSpinPrecessing_highmass/job_00370_justSpin_resume.pickle
15:11 bilby INFO    : Written checkpoint file /home/simona.miller/comp-spin-mock-injections/Data/IndividualInferenceOutput/new_bilby/population1_highSpinPrecessing_highmass/job_00370_justSpin_resume.pickle
15:23 bilby INFO    : Written checkpoint file /home/simona.miller/comp-spin-mock-injections/Data/IndividualInferenceOutput/new_bilby/population1_highSpinPrecessing_highmass/job_00370_justSpin_resume.pickle
15:34 bilby INFO    : Written checkpoint file /home/simona.miller/comp-spin-mock-injections/Data/IndividualInferenceOutput/new_bilby/population1_highSpinPrecessing_highmass/job_00370_justSpin_resume.pickle
15:44 bilby INFO    : Written checkpoint file /home/simona.miller/comp-spin-mock-injections/Data/IndividualInferenceOutput/new_bilby/population1_highSpinPrecessing_highmass/job_00370_justSpin_resume.pickle
15:55 bilby INFO    : Written checkpoint file /home/simona.miller/comp-spin-mock-injections/Data/IndividualInferenceOutput/new_bilby/population1_highSpinPrecessing_highmass/job_00370_justSpin_resume.pickle
16:06 bilby INFO    : Written checkpoint file /home/simona.miller/comp-spin-mock-injections/Data/IndividualInferenceOutput/new_bilby/population1_highSpinPrecessing_highmass/job_00370_justSpin_resume.pickle
16:18 bilby INFO    : Written checkpoint file /home/simona.miller/comp-spin-mock-injections/Data/IndividualInferenceOutput/new_bilby/population1_highSpinPrecessing_highmass/job_00370_justSpin_resume.pickle
16:33 bilby INFO    : Written checkpoint file /home/simona.miller/comp-spin-mock-injections/Data/IndividualInferenceOutput/new_bilby/population1_highSpinPrecessing_highmass/job_00370_justSpin_resume.pickle
16:45 bilby INFO    : Written checkpoint file /home/simona.miller/comp-spin-mock-injections/Data/IndividualInferenceOutput/new_bilby/population1_highSpinPrecessing_highmass/job_00370_justSpin_resume.pickle
16:57 bilby INFO    : Written checkpoint file /home/simona.miller/comp-spin-mock-injections/Data/IndividualInferenceOutput/new_bilby/population1_highSpinPrecessing_highmass/job_00370_justSpin_resume.pickle
17:08 bilby INFO    : Written checkpoint file /home/simona.miller/comp-spin-mock-injections/Data/IndividualInferenceOutput/new_bilby/population1_highSpinPrecessing_highmass/job_00370_justSpin_resume.pickle
17:21 bilby INFO    : Written checkpoint file /home/simona.miller/comp-spin-mock-injections/Data/IndividualInferenceOutput/new_bilby/population1_highSpinPrecessing_highmass/job_00370_justSpin_resume.pickle
17:38 bilby INFO    : Written checkpoint file /home/simona.miller/comp-spin-mock-injections/Data/IndividualInferenceOutput/new_bilby/population1_highSpinPrecessing_highmass/job_00370_justSpin_resume.pickle
17:52 bilby INFO    : Written checkpoint file /home/simona.miller/comp-spin-mock-injections/Data/IndividualInferenceOutput/new_bilby/population1_highSpinPrecessing_highmass/job_00370_justSpin_resume.pickle
18:03 bilby INFO    : Written checkpoint file /home/simona.miller/comp-spin-mock-injections/Data/IndividualInferenceOutput/new_bilby/population1_highSpinPrecessing_highmass/job_00370_justSpin_resume.pickle
18:16 bilby INFO    : Written checkpoint file /home/simona.miller/comp-spin-mock-injections/Data/IndividualInferenceOutput/new_bilby/population1_highSpinPrecessing_highmass/job_00370_justSpin_resume.pickle
18:29 bilby INFO    : Written checkpoint file /home/simona.miller/comp-spin-mock-injections/Data/IndividualInferenceOutput/new_bilby/population1_highSpinPrecessing_highmass/job_00370_justSpin_resume.pickle
18:42 bilby INFO    : Written checkpoint file /home/simona.miller/comp-spin-mock-injections/Data/IndividualInferenceOutput/new_bilby/population1_highSpinPrecessing_highmass/job_00370_justSpin_resume.pickle
18:55 bilby INFO    : Written checkpoint file /home/simona.miller/comp-spin-mock-injections/Data/IndividualInferenceOutput/new_bilby/population1_highSpinPrecessing_highmass/job_00370_justSpin_resume.pickle
19:06 bilby INFO    : Written checkpoint file /home/simona.miller/comp-spin-mock-injections/Data/IndividualInferenceOutput/new_bilby/population1_highSpinPrecessing_highmass/job_00370_justSpin_resume.pickle
19:21 bilby INFO    : Written checkpoint file /home/simona.miller/comp-spin-mock-injections/Data/IndividualInferenceOutput/new_bilby/population1_highSpinPrecessing_highmass/job_00370_justSpin_resume.pickle
19:33 bilby INFO    : Written checkpoint file /home/simona.miller/comp-spin-mock-injections/Data/IndividualInferenceOutput/new_bilby/population1_highSpinPrecessing_highmass/job_00370_justSpin_resume.pickle
19:44 bilby INFO    : Written checkpoint file /home/simona.miller/comp-spin-mock-injections/Data/IndividualInferenceOutput/new_bilby/population1_highSpinPrecessing_highmass/job_00370_justSpin_resume.pickle
19:59 bilby INFO    : Written checkpoint file /home/simona.miller/comp-spin-mock-injections/Data/IndividualInferenceOutput/new_bilby/population1_highSpinPrecessing_highmass/job_00370_justSpin_resume.pickle
20:11 bilby INFO    : Written checkpoint file /home/simona.miller/comp-spin-mock-injections/Data/IndividualInferenceOutput/new_bilby/population1_highSpinPrecessing_highmass/job_00370_justSpin_resume.pickle
20:26 bilby INFO    : Written checkpoint file /home/simona.miller/comp-spin-mock-injections/Data/IndividualInferenceOutput/new_bilby/population1_highSpinPrecessing_highmass/job_00370_justSpin_resume.pickle
20:46 bilby INFO    : Written checkpoint file /home/simona.miller/comp-spin-mock-injections/Data/IndividualInferenceOutput/new_bilby/population1_highSpinPrecessing_highmass/job_00370_justSpin_resume.pickle
20:57 bilby INFO    : Written checkpoint file /home/simona.miller/comp-spin-mock-injections/Data/IndividualInferenceOutput/new_bilby/population1_highSpinPrecessing_highmass/job_00370_justSpin_resume.pickle
21:10 bilby INFO    : Written checkpoint file /home/simona.miller/comp-spin-mock-injections/Data/IndividualInferenceOutput/new_bilby/population1_highSpinPrecessing_highmass/job_00370_justSpin_resume.pickle
21:23 bilby INFO    : Written checkpoint file /home/simona.miller/comp-spin-mock-injections/Data/IndividualInferenceOutput/new_bilby/population1_highSpinPrecessing_highmass/job_00370_justSpin_resume.pickle
21:33 bilby INFO    : Written checkpoint file /home/simona.miller/comp-spin-mock-injections/Data/IndividualInferenceOutput/new_bilby/population1_highSpinPrecessing_highmass/job_00370_justSpin_resume.pickle
21:33 bilby INFO    : Starting to close worker pool.
21:33 bilby INFO    : Finished closing worker pool.
21:34 bilby INFO    : Rejection sampling nested samples to obtain 6031 posterior samples
21:34 bilby INFO    : Sampling time: 7:41:54.508570
21:34 bilby INFO    : Computing per-detector log likelihoods.
21:34 bilby INFO    : Using a pool with size 8 for nsamples=6031
21:36 bilby INFO    : Generating sky frame parameters.
21:36 bilby INFO    : Computing SNRs for every sample.
21:36 bilby INFO    : Using a pool with size 8 for nsamples=6031
21:37 bilby INFO    : Summary of results:
nsamples: 6031
ln_noise_evidence: -24085.066
ln_evidence: -24042.160 +/-  0.050
ln_bayes_factor: 42.907 +/-  0.050

