13:51 bilby INFO    : Waveform generator initiated with
  frequency_domain_source_model: bilby.gw.source.lal_binary_black_hole
  time_domain_source_model: None
  parameter_conversion: bilby.gw.conversion.convert_to_lal_binary_black_hole_parameters
13:51 bilby INFO    : Injected signal in H1:
13:51 bilby INFO    :   optimal SNR = 7.63
13:51 bilby INFO    :   matched filter SNR = 4.90+0.08j
13:51 bilby INFO    :   mass_1 = 57.269231859182504
13:51 bilby INFO    :   mass_2 = 49.383321852532504
13:51 bilby INFO    :   a_1 = 0.6271480357283301
13:51 bilby INFO    :   a_2 = 0.48366226182018723
13:51 bilby INFO    :   tilt_1 = 1.821588437620564
13:51 bilby INFO    :   tilt_2 = 1.3680225483303001
13:51 bilby INFO    :   phi_12 = 4.398189082784293
13:51 bilby INFO    :   phi_jl = 4.455740590415119
13:51 bilby INFO    :   luminosity_distance = 3577.3589792826
13:51 bilby INFO    :   theta_jn = 0.3413220377044894
13:51 bilby INFO    :   psi = 5.5647323526
13:51 bilby INFO    :   phase = 1.2566941279
13:51 bilby INFO    :   geocent_time = 1126259642.413
13:51 bilby INFO    :   ra = 0.5022535599
13:51 bilby INFO    :   dec = 4.0994362682
13:51 bilby INFO    : Injected signal in L1:
13:51 bilby INFO    :   optimal SNR = 8.41
13:51 bilby INFO    :   matched filter SNR = 8.63-1.75j
13:51 bilby INFO    :   mass_1 = 57.269231859182504
13:51 bilby INFO    :   mass_2 = 49.383321852532504
13:51 bilby INFO    :   a_1 = 0.6271480357283301
13:51 bilby INFO    :   a_2 = 0.48366226182018723
13:51 bilby INFO    :   tilt_1 = 1.821588437620564
13:51 bilby INFO    :   tilt_2 = 1.3680225483303001
13:51 bilby INFO    :   phi_12 = 4.398189082784293
13:51 bilby INFO    :   phi_jl = 4.455740590415119
13:51 bilby INFO    :   luminosity_distance = 3577.3589792826
13:51 bilby INFO    :   theta_jn = 0.3413220377044894
13:51 bilby INFO    :   psi = 5.5647323526
13:51 bilby INFO    :   phase = 1.2566941279
13:51 bilby INFO    :   geocent_time = 1126259642.413
13:51 bilby INFO    :   ra = 0.5022535599
13:51 bilby INFO    :   dec = 4.0994362682
13:51 bilby INFO    : Injected signal in V1:
13:51 bilby INFO    :   optimal SNR = 1.29
13:51 bilby INFO    :   matched filter SNR = 0.62-0.09j
13:51 bilby INFO    :   mass_1 = 57.269231859182504
13:51 bilby INFO    :   mass_2 = 49.383321852532504
13:51 bilby INFO    :   a_1 = 0.6271480357283301
13:51 bilby INFO    :   a_2 = 0.48366226182018723
13:51 bilby INFO    :   tilt_1 = 1.821588437620564
13:51 bilby INFO    :   tilt_2 = 1.3680225483303001
13:51 bilby INFO    :   phi_12 = 4.398189082784293
13:51 bilby INFO    :   phi_jl = 4.455740590415119
13:51 bilby INFO    :   luminosity_distance = 3577.3589792826
13:51 bilby INFO    :   theta_jn = 0.3413220377044894
13:51 bilby INFO    :   psi = 5.5647323526
13:51 bilby INFO    :   phase = 1.2566941279
13:51 bilby INFO    :   geocent_time = 1126259642.413
13:51 bilby INFO    :   ra = 0.5022535599
13:51 bilby INFO    :   dec = 4.0994362682
13:51 bilby INFO    : Running for label 'job_00542_justSpin', output will be saved to '/home/simona.miller/comp-spin-mock-injections/Data/IndividualInferenceOutput/new_bilby/population1_highSpinPrecessing_highmass'
13:51 bilby INFO    : Using lal version 7.3.0
13:51 bilby INFO    : Using lal git version Branch: None;Tag: lalsuite-v7.13;Id: ec1fcb1d2d1dab69321fdb8f0afef1f867b11e06;;Builder: Unknown User <>;Repository status: UNCLEAN: Modified working tree
13:51 bilby INFO    : Using lalsimulation version 5.0.0
13:51 bilby INFO    : Using lalsimulation git version Branch: None;Tag: lalsuite-v7.13;Id: ec1fcb1d2d1dab69321fdb8f0afef1f867b11e06;;Builder: Unknown User <>;Repository status: UNCLEAN: Modified working tree
13:51 bilby INFO    : Analysis priors:
13:51 bilby INFO    : a_1=Uniform(minimum=0, maximum=0.99, name='a_1', latex_label='$a_1$', unit=None, boundary=None)
13:51 bilby INFO    : a_2=Uniform(minimum=0, maximum=0.99, name='a_2', latex_label='$a_2$', unit=None, boundary=None)
13:51 bilby INFO    : tilt_1=Sine(minimum=0, maximum=3.141592653589793, name='tilt_1', latex_label='$\\theta_1$', unit=None, boundary=None)
13:51 bilby INFO    : tilt_2=Sine(minimum=0, maximum=3.141592653589793, name='tilt_2', latex_label='$\\theta_2$', unit=None, boundary=None)
13:51 bilby INFO    : ra=0.5022535599
13:51 bilby INFO    : dec=4.0994362682
13:51 bilby INFO    : geocent_time=1126259642.413
13:51 bilby INFO    : phase=1.2566941279
13:51 bilby INFO    : psi=5.5647323526
13:51 bilby INFO    : luminosity_distance=3577.3589792826
13:51 bilby INFO    : theta_jn=0.3413220377044894
13:51 bilby INFO    : mass_1=57.269231859182504
13:51 bilby INFO    : mass_2=49.383321852532504
13:51 bilby INFO    : phi_12=4.398189082784293
13:51 bilby INFO    : phi_jl=4.455740590415119
13:51 bilby INFO    : Analysis likelihood class: <class 'bilby.gw.likelihood.base.GravitationalWaveTransient'>
13:51 bilby INFO    : Analysis likelihood noise evidence: -24254.526003559855
13:51 bilby INFO    : Single likelihood evaluation took 3.303e-02 s
13:51 bilby INFO    : Checkpoint every check_point_delta_t = 600s
13:51 bilby WARNING : Using cached result
13:51 bilby INFO    : Summary of results:
nsamples: 5675
ln_noise_evidence: -24254.526
ln_evidence: -24205.800 +/-  0.047
ln_bayes_factor: 48.726 +/-  0.047

