000 (113449384.000.000) 2023-03-29 17:01:28 Job submitted from host: <10.14.0.160:9618?addrs=10.14.0.160-9618&alias=ldas-pcdev2.ligo.caltech.edu&noUDP&sock=schedd_7450_a8a7>
    DAG Node: 816
...
040 (113449384.000.000) 2023-03-29 17:09:20 Started transferring input files
	Transferring to host: <10.14.4.5:9618?addrs=10.14.4.5-9618&alias=node755.cluster.ldas.cit&noUDP&sock=slot1_4_310401_55a7_516>
...
040 (113449384.000.000) 2023-03-29 17:09:20 Finished transferring input files
...
001 (113449384.000.000) 2023-03-29 17:09:21 Job executing on host: <10.14.4.5:9618?addrs=10.14.4.5-9618&alias=node755.cluster.ldas.cit&noUDP&sock=startd_310362_187d>
...
006 (113449384.000.000) 2023-03-29 17:09:29 Image size of job updated: 194388
	190  -  MemoryUsage of job (MB)
	194380  -  ResidentSetSize of job (KB)
...
006 (113449384.000.000) 2023-03-29 17:14:29 Image size of job updated: 5341636
	314  -  MemoryUsage of job (MB)
	320812  -  ResidentSetSize of job (KB)
...
006 (113449384.000.000) 2023-03-29 17:29:31 Image size of job updated: 5341636
	356  -  MemoryUsage of job (MB)
	364528  -  ResidentSetSize of job (KB)
...
006 (113449384.000.000) 2023-03-29 17:34:31 Image size of job updated: 5341636
	366  -  MemoryUsage of job (MB)
	373904  -  ResidentSetSize of job (KB)
...
006 (113449384.000.000) 2023-03-29 17:39:32 Image size of job updated: 5341636
	481  -  MemoryUsage of job (MB)
	492148  -  ResidentSetSize of job (KB)
...
006 (113449384.000.000) 2023-03-29 17:44:32 Image size of job updated: 5341636
	482  -  MemoryUsage of job (MB)
	492700  -  ResidentSetSize of job (KB)
...
006 (113449384.000.000) 2023-03-29 17:49:32 Image size of job updated: 5341636
	482  -  MemoryUsage of job (MB)
	493476  -  ResidentSetSize of job (KB)
...
006 (113449384.000.000) 2023-03-29 17:54:34 Image size of job updated: 5341636
	505  -  MemoryUsage of job (MB)
	516672  -  ResidentSetSize of job (KB)
...
006 (113449384.000.000) 2023-03-29 17:59:34 Image size of job updated: 5341636
	508  -  MemoryUsage of job (MB)
	519812  -  ResidentSetSize of job (KB)
...
006 (113449384.000.000) 2023-03-29 18:04:34 Image size of job updated: 5341636
	510  -  MemoryUsage of job (MB)
	521900  -  ResidentSetSize of job (KB)
...
006 (113449384.000.000) 2023-03-29 18:09:35 Image size of job updated: 5341636
	513  -  MemoryUsage of job (MB)
	524820  -  ResidentSetSize of job (KB)
...
006 (113449384.000.000) 2023-03-29 18:14:36 Image size of job updated: 5341636
	532  -  MemoryUsage of job (MB)
	544640  -  ResidentSetSize of job (KB)
...
006 (113449384.000.000) 2023-03-29 18:19:36 Image size of job updated: 5341636
	532  -  MemoryUsage of job (MB)
	544688  -  ResidentSetSize of job (KB)
...
006 (113449384.000.000) 2023-03-29 18:24:37 Image size of job updated: 5341636
	534  -  MemoryUsage of job (MB)
	546288  -  ResidentSetSize of job (KB)
...
006 (113449384.000.000) 2023-03-29 18:29:38 Image size of job updated: 5341636
	538  -  MemoryUsage of job (MB)
	550424  -  ResidentSetSize of job (KB)
...
006 (113449384.000.000) 2023-03-29 18:34:38 Image size of job updated: 5341636
	555  -  MemoryUsage of job (MB)
	567604  -  ResidentSetSize of job (KB)
...
006 (113449384.000.000) 2023-03-29 18:39:38 Image size of job updated: 5341636
	555  -  MemoryUsage of job (MB)
	567852  -  ResidentSetSize of job (KB)
...
006 (113449384.000.000) 2023-03-29 18:49:39 Image size of job updated: 5341636
	582  -  MemoryUsage of job (MB)
	595588  -  ResidentSetSize of job (KB)
...
006 (113449384.000.000) 2023-03-29 18:54:39 Image size of job updated: 5341636
	747  -  MemoryUsage of job (MB)
	763984  -  ResidentSetSize of job (KB)
...
006 (113449384.000.000) 2023-03-29 18:59:40 Image size of job updated: 5341636
	881  -  MemoryUsage of job (MB)
	901636  -  ResidentSetSize of job (KB)
...
006 (113449384.000.000) 2023-03-29 19:04:41 Image size of job updated: 5341636
	902  -  MemoryUsage of job (MB)
	923232  -  ResidentSetSize of job (KB)
...
006 (113449384.000.000) 2023-03-29 19:09:41 Image size of job updated: 5341636
	906  -  MemoryUsage of job (MB)
	926968  -  ResidentSetSize of job (KB)
...
006 (113449384.000.000) 2023-03-29 19:14:42 Image size of job updated: 5341636
	925  -  MemoryUsage of job (MB)
	946464  -  ResidentSetSize of job (KB)
...
006 (113449384.000.000) 2023-03-29 19:19:43 Image size of job updated: 5341636
	945  -  MemoryUsage of job (MB)
	967640  -  ResidentSetSize of job (KB)
...
006 (113449384.000.000) 2023-03-29 19:24:43 Image size of job updated: 5341636
	951  -  MemoryUsage of job (MB)
	973624  -  ResidentSetSize of job (KB)
...
006 (113449384.000.000) 2023-03-29 19:39:45 Image size of job updated: 5341636
	968  -  MemoryUsage of job (MB)
	990428  -  ResidentSetSize of job (KB)
...
006 (113449384.000.000) 2023-03-29 19:44:45 Image size of job updated: 5341636
	968  -  MemoryUsage of job (MB)
	990476  -  ResidentSetSize of job (KB)
...
006 (113449384.000.000) 2023-03-29 19:49:46 Image size of job updated: 5341636
	993  -  MemoryUsage of job (MB)
	1016468  -  ResidentSetSize of job (KB)
...
006 (113449384.000.000) 2023-03-29 19:54:46 Image size of job updated: 5341636
	994  -  MemoryUsage of job (MB)
	1017456  -  ResidentSetSize of job (KB)
...
006 (113449384.000.000) 2023-03-29 19:59:46 Image size of job updated: 5341636
	994  -  MemoryUsage of job (MB)
	1017508  -  ResidentSetSize of job (KB)
...
006 (113449384.000.000) 2023-03-29 20:14:48 Image size of job updated: 5341636
	1008  -  MemoryUsage of job (MB)
	1031192  -  ResidentSetSize of job (KB)
...
006 (113449384.000.000) 2023-03-29 20:19:49 Image size of job updated: 5341636
	1021  -  MemoryUsage of job (MB)
	1045016  -  ResidentSetSize of job (KB)
...
006 (113449384.000.000) 2023-03-29 20:44:51 Image size of job updated: 5341636
	1023  -  MemoryUsage of job (MB)
	1047116  -  ResidentSetSize of job (KB)
...
006 (113449384.000.000) 2023-03-29 20:54:52 Image size of job updated: 5341636
	1030  -  MemoryUsage of job (MB)
	1054104  -  ResidentSetSize of job (KB)
...
006 (113449384.000.000) 2023-03-29 20:59:53 Image size of job updated: 5341636
	1044  -  MemoryUsage of job (MB)
	1068940  -  ResidentSetSize of job (KB)
...
006 (113449384.000.000) 2023-03-29 21:04:53 Image size of job updated: 5341636
	1045  -  MemoryUsage of job (MB)
	1069228  -  ResidentSetSize of job (KB)
...
006 (113449384.000.000) 2023-03-29 21:19:55 Image size of job updated: 5341636
	1054  -  MemoryUsage of job (MB)
	1078944  -  ResidentSetSize of job (KB)
...
006 (113449384.000.000) 2023-03-29 21:29:56 Image size of job updated: 5341636
	1073  -  MemoryUsage of job (MB)
	1098504  -  ResidentSetSize of job (KB)
...
006 (113449384.000.000) 2023-03-29 21:44:57 Image size of job updated: 5341636
	1077  -  MemoryUsage of job (MB)
	1101932  -  ResidentSetSize of job (KB)
...
006 (113449384.000.000) 2023-03-29 23:30:09 Image size of job updated: 5341636
	1079  -  MemoryUsage of job (MB)
	1104012  -  ResidentSetSize of job (KB)
...
006 (113449384.000.000) 2023-03-29 23:40:10 Image size of job updated: 5341636
	1083  -  MemoryUsage of job (MB)
	1108448  -  ResidentSetSize of job (KB)
...
006 (113449384.000.000) 2023-03-29 23:50:10 Image size of job updated: 5341636
	1083  -  MemoryUsage of job (MB)
	1108644  -  ResidentSetSize of job (KB)
...
006 (113449384.000.000) 2023-03-30 00:20:14 Image size of job updated: 5341636
	1107  -  MemoryUsage of job (MB)
	1132628  -  ResidentSetSize of job (KB)
...
006 (113449384.000.000) 2023-03-30 00:35:15 Image size of job updated: 5341636
	1128  -  MemoryUsage of job (MB)
	1154596  -  ResidentSetSize of job (KB)
...
006 (113449384.000.000) 2023-03-30 00:50:17 Image size of job updated: 5341636
	1146  -  MemoryUsage of job (MB)
	1173300  -  ResidentSetSize of job (KB)
...
006 (113449384.000.000) 2023-03-30 00:55:17 Image size of job updated: 5341636
	1148  -  MemoryUsage of job (MB)
	1174908  -  ResidentSetSize of job (KB)
...
006 (113449384.000.000) 2023-03-30 01:05:19 Image size of job updated: 5341636
	1150  -  MemoryUsage of job (MB)
	1176736  -  ResidentSetSize of job (KB)
...
006 (113449384.000.000) 2023-03-30 01:10:19 Image size of job updated: 5341636
	1168  -  MemoryUsage of job (MB)
	1195452  -  ResidentSetSize of job (KB)
...
006 (113449384.000.000) 2023-03-30 01:15:20 Image size of job updated: 5341636
	1169  -  MemoryUsage of job (MB)
	1196200  -  ResidentSetSize of job (KB)
...
006 (113449384.000.000) 2023-03-30 01:20:21 Image size of job updated: 5341636
	1186  -  MemoryUsage of job (MB)
	1213636  -  ResidentSetSize of job (KB)
...
006 (113449384.000.000) 2023-03-30 01:55:25 Image size of job updated: 5341636
	1234  -  MemoryUsage of job (MB)
	1262700  -  ResidentSetSize of job (KB)
...
006 (113449384.000.000) 2023-03-30 02:00:25 Image size of job updated: 5341636
	1234  -  MemoryUsage of job (MB)
	1262804  -  ResidentSetSize of job (KB)
...
006 (113449384.000.000) 2023-03-30 02:05:26 Image size of job updated: 5341636
	1234  -  MemoryUsage of job (MB)
	1263172  -  ResidentSetSize of job (KB)
...
006 (113449384.000.000) 2023-03-30 02:10:27 Image size of job updated: 5341636
	1235  -  MemoryUsage of job (MB)
	1263960  -  ResidentSetSize of job (KB)
...
006 (113449384.000.000) 2023-03-30 02:15:27 Image size of job updated: 5341636
	1235  -  MemoryUsage of job (MB)
	1264336  -  ResidentSetSize of job (KB)
...
006 (113449384.000.000) 2023-03-30 02:20:27 Image size of job updated: 5341636
	1235  -  MemoryUsage of job (MB)
	1264460  -  ResidentSetSize of job (KB)
...
006 (113449384.000.000) 2023-03-30 02:30:28 Image size of job updated: 5341636
	1237  -  MemoryUsage of job (MB)
	1266124  -  ResidentSetSize of job (KB)
...
006 (113449384.000.000) 2023-03-30 02:35:28 Image size of job updated: 5341636
	1237  -  MemoryUsage of job (MB)
	1266436  -  ResidentSetSize of job (KB)
...
006 (113449384.000.000) 2023-03-30 02:45:30 Image size of job updated: 5341636
	1239  -  MemoryUsage of job (MB)
	1268168  -  ResidentSetSize of job (KB)
...
006 (113449384.000.000) 2023-03-30 02:50:30 Image size of job updated: 5341636
	1241  -  MemoryUsage of job (MB)
	1270332  -  ResidentSetSize of job (KB)
...
006 (113449384.000.000) 2023-03-30 02:55:31 Image size of job updated: 5341636
	1241  -  MemoryUsage of job (MB)
	1270336  -  ResidentSetSize of job (KB)
...
006 (113449384.000.000) 2023-03-30 03:15:34 Image size of job updated: 5341636
	1241  -  MemoryUsage of job (MB)
	1270644  -  ResidentSetSize of job (KB)
...
006 (113449384.000.000) 2023-03-30 03:20:34 Image size of job updated: 5357220
	1248  -  MemoryUsage of job (MB)
	1277364  -  ResidentSetSize of job (KB)
...
006 (113449384.000.000) 2023-03-30 03:30:35 Image size of job updated: 5357220
	1252  -  MemoryUsage of job (MB)
	1281700  -  ResidentSetSize of job (KB)
...
006 (113449384.000.000) 2023-03-30 03:40:35 Image size of job updated: 5357220
	1252  -  MemoryUsage of job (MB)
	1281832  -  ResidentSetSize of job (KB)
...
006 (113449384.000.000) 2023-03-30 03:45:36 Image size of job updated: 5357220
	1253  -  MemoryUsage of job (MB)
	1282156  -  ResidentSetSize of job (KB)
...
006 (113449384.000.000) 2023-03-30 03:55:37 Image size of job updated: 5362160
	1253  -  MemoryUsage of job (MB)
	1282344  -  ResidentSetSize of job (KB)
...
006 (113449384.000.000) 2023-03-30 04:05:39 Image size of job updated: 5362160
	1254  -  MemoryUsage of job (MB)
	1283620  -  ResidentSetSize of job (KB)
...
006 (113449384.000.000) 2023-03-30 04:10:39 Image size of job updated: 5362160
	1254  -  MemoryUsage of job (MB)
	1283744  -  ResidentSetSize of job (KB)
...
006 (113449384.000.000) 2023-03-30 04:20:41 Image size of job updated: 5365592
	1255  -  MemoryUsage of job (MB)
	1285028  -  ResidentSetSize of job (KB)
...
006 (113449384.000.000) 2023-03-30 04:25:41 Image size of job updated: 5365592
	1256  -  MemoryUsage of job (MB)
	1285152  -  ResidentSetSize of job (KB)
...
006 (113449384.000.000) 2023-03-30 04:30:41 Image size of job updated: 5366344
	1256  -  MemoryUsage of job (MB)
	1285544  -  ResidentSetSize of job (KB)
...
006 (113449384.000.000) 2023-03-30 04:35:42 Image size of job updated: 5366344
	1256  -  MemoryUsage of job (MB)
	1286012  -  ResidentSetSize of job (KB)
...
006 (113449384.000.000) 2023-03-30 04:40:42 Image size of job updated: 5366344
	1257  -  MemoryUsage of job (MB)
	1286716  -  ResidentSetSize of job (KB)
...
006 (113449384.000.000) 2023-03-30 04:45:42 Image size of job updated: 5366344
	1258  -  MemoryUsage of job (MB)
	1287896  -  ResidentSetSize of job (KB)
...
006 (113449384.000.000) 2023-03-30 04:50:43 Image size of job updated: 5401220
	1258  -  MemoryUsage of job (MB)
	1287896  -  ResidentSetSize of job (KB)
...
006 (113449384.000.000) 2023-03-30 05:10:46 Image size of job updated: 5401220
	1266  -  MemoryUsage of job (MB)
	1295496  -  ResidentSetSize of job (KB)
...
006 (113449384.000.000) 2023-03-30 05:20:46 Image size of job updated: 5401220
	1268  -  MemoryUsage of job (MB)
	1298416  -  ResidentSetSize of job (KB)
...
006 (113449384.000.000) 2023-03-30 05:25:47 Image size of job updated: 5401220
	1270  -  MemoryUsage of job (MB)
	1300332  -  ResidentSetSize of job (KB)
...
006 (113449384.000.000) 2023-03-30 05:30:47 Image size of job updated: 5401220
	1272  -  MemoryUsage of job (MB)
	1302380  -  ResidentSetSize of job (KB)
...
006 (113449384.000.000) 2023-03-30 05:45:49 Image size of job updated: 5401220
	1278  -  MemoryUsage of job (MB)
	1308396  -  ResidentSetSize of job (KB)
...
006 (113449384.000.000) 2023-03-30 05:55:50 Image size of job updated: 5401220
	1278  -  MemoryUsage of job (MB)
	1308400  -  ResidentSetSize of job (KB)
...
006 (113449384.000.000) 2023-03-30 06:05:51 Image size of job updated: 5401220
	1280  -  MemoryUsage of job (MB)
	1310276  -  ResidentSetSize of job (KB)
...
006 (113449384.000.000) 2023-03-30 06:15:53 Image size of job updated: 5401220
	1282  -  MemoryUsage of job (MB)
	1312200  -  ResidentSetSize of job (KB)
...
006 (113449384.000.000) 2023-03-30 06:20:53 Image size of job updated: 5401220
	1282  -  MemoryUsage of job (MB)
	1312320  -  ResidentSetSize of job (KB)
...
006 (113449384.000.000) 2023-03-30 06:30:54 Image size of job updated: 5401220
	1283  -  MemoryUsage of job (MB)
	1313064  -  ResidentSetSize of job (KB)
...
006 (113449384.000.000) 2023-03-30 06:40:54 Image size of job updated: 5408540
	1291  -  MemoryUsage of job (MB)
	1321688  -  ResidentSetSize of job (KB)
...
006 (113449384.000.000) 2023-03-30 06:45:55 Image size of job updated: 5408540
	1291  -  MemoryUsage of job (MB)
	1321816  -  ResidentSetSize of job (KB)
...
006 (113449384.000.000) 2023-03-30 06:55:56 Image size of job updated: 5408540
	1292  -  MemoryUsage of job (MB)
	1322808  -  ResidentSetSize of job (KB)
...
006 (113449384.000.000) 2023-03-30 07:00:57 Image size of job updated: 5408540
	1294  -  MemoryUsage of job (MB)
	1324908  -  ResidentSetSize of job (KB)
...
006 (113449384.000.000) 2023-03-30 07:10:58 Image size of job updated: 5420048
	1296  -  MemoryUsage of job (MB)
	1326736  -  ResidentSetSize of job (KB)
...
006 (113449384.000.000) 2023-03-30 07:41:01 Image size of job updated: 5430620
	1305  -  MemoryUsage of job (MB)
	1335736  -  ResidentSetSize of job (KB)
...
006 (113449384.000.000) 2023-03-30 07:56:03 Image size of job updated: 5430620
	1308  -  MemoryUsage of job (MB)
	1338516  -  ResidentSetSize of job (KB)
...
006 (113449384.000.000) 2023-03-30 08:06:04 Image size of job updated: 5430620
	1317  -  MemoryUsage of job (MB)
	1347612  -  ResidentSetSize of job (KB)
...
006 (113449384.000.000) 2023-03-30 08:16:05 Image size of job updated: 5430620
	1318  -  MemoryUsage of job (MB)
	1349476  -  ResidentSetSize of job (KB)
...
006 (113449384.000.000) 2023-03-30 08:21:05 Image size of job updated: 5430620
	1322  -  MemoryUsage of job (MB)
	1353232  -  ResidentSetSize of job (KB)
...
006 (113449384.000.000) 2023-03-30 08:36:06 Image size of job updated: 5448452
	1322  -  MemoryUsage of job (MB)
	1353232  -  ResidentSetSize of job (KB)
...
006 (113449384.000.000) 2023-03-30 08:46:08 Image size of job updated: 5449676
	1325  -  MemoryUsage of job (MB)
	1356576  -  ResidentSetSize of job (KB)
...
006 (113449384.000.000) 2023-03-30 09:01:10 Image size of job updated: 5449676
	1338  -  MemoryUsage of job (MB)
	1369828  -  ResidentSetSize of job (KB)
...
006 (113449384.000.000) 2023-03-30 09:06:10 Image size of job updated: 5482892
	1338  -  MemoryUsage of job (MB)
	1369828  -  ResidentSetSize of job (KB)
...
006 (113449384.000.000) 2023-03-30 09:11:11 Image size of job updated: 5482892
	1355  -  MemoryUsage of job (MB)
	1387364  -  ResidentSetSize of job (KB)
...
006 (113449384.000.000) 2023-03-30 09:21:12 Image size of job updated: 5482892
	1359  -  MemoryUsage of job (MB)
	1390980  -  ResidentSetSize of job (KB)
...
006 (113449384.000.000) 2023-03-30 09:41:13 Image size of job updated: 5484576
	1359  -  MemoryUsage of job (MB)
	1390980  -  ResidentSetSize of job (KB)
...
006 (113449384.000.000) 2023-03-30 09:51:15 Image size of job updated: 5484920
	1359  -  MemoryUsage of job (MB)
	1390980  -  ResidentSetSize of job (KB)
...
006 (113449384.000.000) 2023-03-30 10:06:17 Image size of job updated: 5484920
	1360  -  MemoryUsage of job (MB)
	1391904  -  ResidentSetSize of job (KB)
...
006 (113449384.000.000) 2023-03-30 10:21:18 Image size of job updated: 5565608
	1360  -  MemoryUsage of job (MB)
	1391904  -  ResidentSetSize of job (KB)
...
006 (113449384.000.000) 2023-03-30 10:46:20 Image size of job updated: 5565608
	1365  -  MemoryUsage of job (MB)
	1397264  -  ResidentSetSize of job (KB)
...
006 (113449384.000.000) 2023-03-30 11:01:22 Image size of job updated: 5565608
	1379  -  MemoryUsage of job (MB)
	1411428  -  ResidentSetSize of job (KB)
...
006 (113449384.000.000) 2023-03-30 11:06:23 Image size of job updated: 5565608
	1387  -  MemoryUsage of job (MB)
	1419788  -  ResidentSetSize of job (KB)
...
006 (113449384.000.000) 2023-03-30 13:41:39 Image size of job updated: 5565608
	1393  -  MemoryUsage of job (MB)
	1425696  -  ResidentSetSize of job (KB)
...
006 (113449384.000.000) 2023-03-30 14:01:41 Image size of job updated: 5565608
	1393  -  MemoryUsage of job (MB)
	1425892  -  ResidentSetSize of job (KB)
...
006 (113449384.000.000) 2023-03-30 14:06:41 Image size of job updated: 5565608
	1395  -  MemoryUsage of job (MB)
	1427640  -  ResidentSetSize of job (KB)
...
006 (113449384.000.000) 2023-03-30 14:16:42 Image size of job updated: 5565608
	1472  -  MemoryUsage of job (MB)
	1506384  -  ResidentSetSize of job (KB)
...
006 (113449384.000.000) 2023-03-30 16:26:55 Image size of job updated: 5577468
	1472  -  MemoryUsage of job (MB)
	1506384  -  ResidentSetSize of job (KB)
...
006 (113449384.000.000) 2023-03-30 16:41:57 Image size of job updated: 5665316
	1472  -  MemoryUsage of job (MB)
	1506384  -  ResidentSetSize of job (KB)
...
004 (113449384.000.000) 2023-03-30 17:16:23 Job was evicted.
	(0) CPU times
		Usr 1 23:49:32, Sys 0 00:04:55  -  Run Remote Usage
		Usr 0 00:00:00, Sys 0 00:00:00  -  Run Local Usage
	0  -  Run Bytes Sent By Job
	366  -  Run Bytes Received By Job
	Partitionable Resources :    Usage  Request Allocated 
	   Cpus                 :     0.99        1         1 
	   Disk (KB)            :  3438      500000    609620 
	   GPUs                 :                           0 
	   Memory (MB)          :  1472       20000     20096 
...
040 (113449384.000.000) 2023-03-30 17:18:50 Entered queue to transfer input files
	Transferring to host: <10.14.10.60:9618?addrs=10.14.10.60-9618&alias=node2310.cluster.ldas.cit&noUDP&sock=slot1_5_2869576_a2cb_8472>
...
040 (113449384.000.000) 2023-03-30 17:19:06 Started transferring input files
	Seconds spent in queue: 16
...
040 (113449384.000.000) 2023-03-30 17:19:06 Finished transferring input files
...
001 (113449384.000.000) 2023-03-30 17:19:07 Job executing on host: <10.14.10.60:9618?addrs=10.14.10.60-9618&alias=node2310.cluster.ldas.cit&noUDP&sock=startd_2869535_e929>
...
006 (113449384.000.000) 2023-03-31 17:14:45 Image size of job updated: 7500000
	1876  -  MemoryUsage of job (MB)
	1920408  -  ResidentSetSize of job (KB)
...
004 (113449384.000.000) 2023-03-31 17:50:57 Job was evicted.
	(0) CPU times
		Usr 3 12:44:21, Sys 0 00:05:31  -  Run Remote Usage
		Usr 0 00:00:00, Sys 0 00:00:00  -  Run Local Usage
	0  -  Run Bytes Sent By Job
	366  -  Run Bytes Received By Job
	Partitionable Resources :    Usage  Request Allocated 
	   Cpus                 :     0.99        1         1 
	   Disk (KB)            :  3504      500000    624256 
	   GPUs                 :                           0 
	   Memory (MB)          :  1876       20000     20096 
...
040 (113449384.000.000) 2023-03-31 17:50:58 Started transferring input files
	Seconds spent in queue: 88328
...
040 (113449384.000.000) 2023-03-31 17:50:58 Finished transferring input files
...
001 (113449384.000.000) 2023-03-31 17:50:59 Job executing on host: <10.14.9.136:9618?addrs=10.14.9.136-9618&alias=node2136.cluster.ldas.cit&noUDP&sock=startd_4060625_9486>
...
006 (113449384.000.000) 2023-04-01 08:42:39 Image size of job updated: 7500000
	2025  -  MemoryUsage of job (MB)
	2073564  -  ResidentSetSize of job (KB)
...
004 (113449384.000.000) 2023-04-01 19:20:14 Job was evicted.
	(0) CPU times
		Usr 4 03:29:52, Sys 0 00:03:46  -  Run Remote Usage
		Usr 0 00:00:00, Sys 0 00:00:00  -  Run Local Usage
	0  -  Run Bytes Sent By Job
	366  -  Run Bytes Received By Job
	Partitionable Resources :    Usage  Request Allocated 
	   Cpus                 :     1.00        1         1 
	   Disk (KB)            :  3068      500000    609620 
	   GPUs                 :                           0 
	   Memory (MB)          :  2025       20000     20096 
...
040 (113449384.000.000) 2023-04-01 19:22:57 Started transferring input files
	Seconds spent in queue: 180247
...
040 (113449384.000.000) 2023-04-01 19:22:57 Finished transferring input files
...
001 (113449384.000.000) 2023-04-01 19:22:58 Job executing on host: <10.14.10.81:9618?addrs=10.14.10.81-9618&alias=node2331.cluster.ldas.cit&noUDP&sock=startd_253052_33d7>
...
004 (113449384.000.000) 2023-04-02 21:33:44 Job was evicted.
	(0) CPU times
		Usr 3 05:43:12, Sys 0 00:05:15  -  Run Remote Usage
		Usr 0 00:00:00, Sys 0 00:00:00  -  Run Local Usage
	0  -  Run Bytes Sent By Job
	366  -  Run Bytes Received By Job
	Partitionable Resources :    Usage  Request Allocated 
	   Cpus                 :     7.91        1         1 
	   Disk (KB)            :  2960      500000    624256 
	   GPUs                 :                           0 
	   Memory (MB)          :  2198       20000     20096 
...
040 (113449384.000.000) 2023-04-02 21:44:38 Started transferring input files
	Seconds spent in queue: 275148
...
040 (113449384.000.000) 2023-04-02 21:44:38 Finished transferring input files
...
001 (113449384.000.000) 2023-04-02 21:44:39 Job executing on host: <10.14.10.132:9618?addrs=10.14.10.132-9618&alias=node2382.cluster.ldas.cit&noUDP&sock=startd_4140_462d>
...
006 (113449384.000.000) 2023-04-03 12:56:21 Image size of job updated: 7500000
	2263  -  MemoryUsage of job (MB)
	2316424  -  ResidentSetSize of job (KB)
...
004 (113449384.000.000) 2023-04-03 21:58:13 Job was evicted.
	(0) CPU times
		Usr 2 17:41:34, Sys 0 00:03:48  -  Run Remote Usage
		Usr 0 00:00:00, Sys 0 00:00:00  -  Run Local Usage
	0  -  Run Bytes Sent By Job
	366  -  Run Bytes Received By Job
	Partitionable Resources :    Usage  Request Allocated 
	   Cpus                 :     3.06        1         1 
	   Disk (KB)            :  2950      500000    624256 
	   GPUs                 :                           0 
	   Memory (MB)          :  2263       20000     20096 
...
040 (113449384.000.000) 2023-04-03 21:58:17 Started transferring input files
	Seconds spent in queue: 362367
...
040 (113449384.000.000) 2023-04-03 21:58:17 Finished transferring input files
...
001 (113449384.000.000) 2023-04-03 21:58:18 Job executing on host: <10.14.9.64:9618?addrs=10.14.9.64-9618&alias=node2064.cluster.ldas.cit&noUDP&sock=startd_956994_dcf6>
...
004 (113449384.000.000) 2023-04-04 22:53:57 Job was evicted.
	(0) CPU times
		Usr 3 09:25:18, Sys 0 00:04:04  -  Run Remote Usage
		Usr 0 00:00:00, Sys 0 00:00:00  -  Run Local Usage
	0  -  Run Bytes Sent By Job
	366  -  Run Bytes Received By Job
	Partitionable Resources :    Usage  Request Allocated 
	   Cpus                 :     1.99        1         1 
	   Disk (KB)            :  2971      500000    609620 
	   GPUs                 :                           0 
	   Memory (MB)          :  2442       20000     20096 
...
040 (113449384.000.000) 2023-04-04 22:55:18 Started transferring input files
	Seconds spent in queue: 452188
...
040 (113449384.000.000) 2023-04-04 22:55:18 Finished transferring input files
...
001 (113449384.000.000) 2023-04-04 22:55:19 Job executing on host: <10.14.10.29:9618?addrs=10.14.10.29-9618&alias=node2279.cluster.ldas.cit&noUDP&sock=startd_2174146_e592>
...
006 (113449384.000.000) 2023-04-05 12:26:51 Image size of job updated: 7500000
	2510  -  MemoryUsage of job (MB)
	2570180  -  ResidentSetSize of job (KB)
...
004 (113449384.000.000) 2023-04-05 14:52:21 Job was evicted.
	(0) CPU times
		Usr 2 03:42:40, Sys 0 00:02:50  -  Run Remote Usage
		Usr 0 00:00:00, Sys 0 00:00:00  -  Run Local Usage
	0  -  Run Bytes Sent By Job
	366  -  Run Bytes Received By Job
	Partitionable Resources :    Usage  Request Allocated 
	   Cpus                 :     3.54        1         1 
	   Disk (KB)            :  2950      500000    624256 
	   GPUs                 :                           0 
	   Memory (MB)          :  2510       20000     20096 
...
009 (113449384.000.000) 2023-04-05 14:52:22 Job was aborted.
	removed because <OtherJobRemoveRequirements = DAGManJobId =?= 113449368> fired when job (113449368.0) was removed
...
000 (113587107.000.000) 2023-04-05 14:54:12 Job submitted from host: <10.14.0.160:9618?addrs=10.14.0.160-9618&alias=ldas-pcdev2.ligo.caltech.edu&noUDP&sock=schedd_7450_a8a7>
    DAG Node: 816
...
040 (113587107.000.000) 2023-04-05 14:56:12 Started transferring input files
	Transferring to host: <10.14.3.245:9618?addrs=10.14.3.245-9618&alias=node745.cluster.ldas.cit&noUDP&sock=slot1_10_1674053_87c4_8503>
...
040 (113587107.000.000) 2023-04-05 14:56:12 Finished transferring input files
...
001 (113587107.000.000) 2023-04-05 14:56:13 Job executing on host: <10.14.3.245:9618?addrs=10.14.3.245-9618&alias=node745.cluster.ldas.cit&noUDP&sock=startd_1674015_a13f>
...
006 (113587107.000.000) 2023-04-05 14:56:22 Image size of job updated: 334760
	192  -  MemoryUsage of job (MB)
	196432  -  ResidentSetSize of job (KB)
...
006 (113587107.000.000) 2023-04-05 15:01:23 Image size of job updated: 5372012
	833  -  MemoryUsage of job (MB)
	852168  -  ResidentSetSize of job (KB)
...
006 (113587107.000.000) 2023-04-05 15:06:24 Image size of job updated: 5459108
	915  -  MemoryUsage of job (MB)
	936936  -  ResidentSetSize of job (KB)
...
006 (113587107.000.000) 2023-04-05 15:11:24 Image size of job updated: 5498472
	954  -  MemoryUsage of job (MB)
	976416  -  ResidentSetSize of job (KB)
...
006 (113587107.000.000) 2023-04-05 15:16:24 Image size of job updated: 5534936
	989  -  MemoryUsage of job (MB)
	1012688  -  ResidentSetSize of job (KB)
...
006 (113587107.000.000) 2023-04-05 15:21:25 Image size of job updated: 5562956
	1017  -  MemoryUsage of job (MB)
	1040780  -  ResidentSetSize of job (KB)
...
006 (113587107.000.000) 2023-04-05 15:26:26 Image size of job updated: 5638616
	1017  -  MemoryUsage of job (MB)
	1040780  -  ResidentSetSize of job (KB)
...
006 (113587107.000.000) 2023-04-05 15:36:27 Image size of job updated: 5648276
	1104  -  MemoryUsage of job (MB)
	1129772  -  ResidentSetSize of job (KB)
...
006 (113587107.000.000) 2023-04-05 15:41:28 Image size of job updated: 6268720
	1104  -  MemoryUsage of job (MB)
	1129772  -  ResidentSetSize of job (KB)
...
006 (113587107.000.000) 2023-04-05 15:51:28 Image size of job updated: 6268720
	1108  -  MemoryUsage of job (MB)
	1133976  -  ResidentSetSize of job (KB)
...
006 (113587107.000.000) 2023-04-05 15:56:29 Image size of job updated: 6268720
	1155  -  MemoryUsage of job (MB)
	1182240  -  ResidentSetSize of job (KB)
...
006 (113587107.000.000) 2023-04-05 16:01:29 Image size of job updated: 6268720
	1239  -  MemoryUsage of job (MB)
	1268032  -  ResidentSetSize of job (KB)
...
006 (113587107.000.000) 2023-04-05 16:06:29 Image size of job updated: 6268720
	1333  -  MemoryUsage of job (MB)
	1364104  -  ResidentSetSize of job (KB)
...
006 (113587107.000.000) 2023-04-05 16:11:30 Image size of job updated: 6268720
	1457  -  MemoryUsage of job (MB)
	1490976  -  ResidentSetSize of job (KB)
...
006 (113587107.000.000) 2023-04-05 16:21:31 Image size of job updated: 6268720
	1514  -  MemoryUsage of job (MB)
	1549852  -  ResidentSetSize of job (KB)
...
006 (113587107.000.000) 2023-04-05 16:26:31 Image size of job updated: 6415096
	1799  -  MemoryUsage of job (MB)
	1842052  -  ResidentSetSize of job (KB)
...
006 (113587107.000.000) 2023-04-05 16:31:32 Image size of job updated: 6415096
	1803  -  MemoryUsage of job (MB)
	1846016  -  ResidentSetSize of job (KB)
...
006 (113587107.000.000) 2023-04-05 16:36:33 Image size of job updated: 6415096
	1836  -  MemoryUsage of job (MB)
	1879840  -  ResidentSetSize of job (KB)
...
006 (113587107.000.000) 2023-04-05 16:41:33 Image size of job updated: 6415096
	1869  -  MemoryUsage of job (MB)
	1913480  -  ResidentSetSize of job (KB)
...
006 (113587107.000.000) 2023-04-05 16:51:35 Image size of job updated: 6539392
	1920  -  MemoryUsage of job (MB)
	1965092  -  ResidentSetSize of job (KB)
...
006 (113587107.000.000) 2023-04-05 17:01:35 Image size of job updated: 6539392
	1920  -  MemoryUsage of job (MB)
	1965644  -  ResidentSetSize of job (KB)
...
006 (113587107.000.000) 2023-04-05 17:06:36 Image size of job updated: 6539392
	1920  -  MemoryUsage of job (MB)
	1965868  -  ResidentSetSize of job (KB)
...
006 (113587107.000.000) 2023-04-05 17:16:36 Image size of job updated: 6539392
	1944  -  MemoryUsage of job (MB)
	1990480  -  ResidentSetSize of job (KB)
...
006 (113587107.000.000) 2023-04-05 17:21:37 Image size of job updated: 6539392
	1945  -  MemoryUsage of job (MB)
	1990672  -  ResidentSetSize of job (KB)
...
006 (113587107.000.000) 2023-04-05 17:26:38 Image size of job updated: 6539392
	1945  -  MemoryUsage of job (MB)
	1991032  -  ResidentSetSize of job (KB)
...
006 (113587107.000.000) 2023-04-05 17:31:38 Image size of job updated: 6539392
	1945  -  MemoryUsage of job (MB)
	1991444  -  ResidentSetSize of job (KB)
...
006 (113587107.000.000) 2023-04-05 18:26:44 Image size of job updated: 6539392
	1951  -  MemoryUsage of job (MB)
	1997692  -  ResidentSetSize of job (KB)
...
006 (113587107.000.000) 2023-04-05 18:36:45 Image size of job updated: 6539392
	2238  -  MemoryUsage of job (MB)
	2291020  -  ResidentSetSize of job (KB)
...
006 (113587107.000.000) 2023-04-05 19:06:48 Image size of job updated: 6908036
	2238  -  MemoryUsage of job (MB)
	2291020  -  ResidentSetSize of job (KB)
...
006 (113587107.000.000) 2023-04-05 22:32:07 Image size of job updated: 6975492
	2238  -  MemoryUsage of job (MB)
	2291020  -  ResidentSetSize of job (KB)
...
006 (113587107.000.000) 2023-04-06 02:57:35 Image size of job updated: 6975492
	2417  -  MemoryUsage of job (MB)
	2474208  -  ResidentSetSize of job (KB)
...
006 (113587107.000.000) 2023-04-06 06:42:59 Image size of job updated: 7008384
	2417  -  MemoryUsage of job (MB)
	2474208  -  ResidentSetSize of job (KB)
...
004 (113587107.000.000) 2023-04-06 15:21:57 Job was evicted.
	(0) CPU times
		Usr 3 04:47:24, Sys 0 00:05:48  -  Run Remote Usage
		Usr 0 00:00:00, Sys 0 00:00:00  -  Run Local Usage
	0  -  Run Bytes Sent By Job
	366  -  Run Bytes Received By Job
	Partitionable Resources :    Usage  Request Allocated 
	   Cpus                 :     0.99        1         1 
	   Disk (KB)            :  2854      500000    609620 
	   GPUs                 :                           0 
	   Memory (MB)          :  2417       20000     20096 
...
040 (113587107.000.000) 2023-04-06 15:24:20 Started transferring input files
	Transferring to host: <10.14.4.32:9618?addrs=10.14.4.32-9618&alias=node782.cluster.ldas.cit&noUDP&sock=slot1_13_3131590_33aa_22755>
...
040 (113587107.000.000) 2023-04-06 15:24:20 Finished transferring input files
...
001 (113587107.000.000) 2023-04-06 15:24:21 Job executing on host: <10.14.4.32:9618?addrs=10.14.4.32-9618&alias=node782.cluster.ldas.cit&noUDP&sock=startd_230880_0e00>
...
004 (113587107.000.000) 2023-04-06 16:04:44 Job was evicted.
	(0) CPU times
		Usr 0 01:54:57, Sys 0 00:00:15  -  Run Remote Usage
		Usr 0 00:00:00, Sys 0 00:00:00  -  Run Local Usage
	0  -  Run Bytes Sent By Job
	366  -  Run Bytes Received By Job
	Partitionable Resources :    Usage  Request Allocated 
	   Cpus                 :     1.99        1         1 
	   Disk (KB)            :  2714      500000    624255 
	   GPUs                 :                           0 
	   Memory (MB)          :  2442       20000     20096 
...
009 (113587107.000.000) 2023-04-06 16:04:44 Job was aborted.
	removed because <OtherJobRemoveRequirements = DAGManJobId =?= 113587092> fired when job (113587092.0) was removed
...
000 (113604220.000.000) 2023-04-06 16:27:55 Job submitted from host: <10.14.0.160:9618?addrs=10.14.0.160-9618&alias=ldas-pcdev2.ligo.caltech.edu&noUDP&sock=schedd_7450_a8a7>
    DAG Node: 816
...
040 (113604220.000.000) 2023-04-06 16:29:22 Started transferring input files
	Transferring to host: <10.14.4.70:9618?addrs=10.14.4.70-9618&alias=node820.cluster.ldas.cit&noUDP&sock=slot1_7_2252768_99d1_946>
...
040 (113604220.000.000) 2023-04-06 16:29:22 Finished transferring input files
...
001 (113604220.000.000) 2023-04-06 16:29:23 Job executing on host: <10.14.4.70:9618?addrs=10.14.4.70-9618&alias=node820.cluster.ldas.cit&noUDP&sock=startd_2252725_8e0a>
...
006 (113604220.000.000) 2023-04-06 16:29:32 Image size of job updated: 247336
	192  -  MemoryUsage of job (MB)
	196464  -  ResidentSetSize of job (KB)
...
006 (113604220.000.000) 2023-04-06 16:34:33 Image size of job updated: 5283196
	630  -  MemoryUsage of job (MB)
	645024  -  ResidentSetSize of job (KB)
...
006 (113604220.000.000) 2023-04-06 16:39:34 Image size of job updated: 5283440
	631  -  MemoryUsage of job (MB)
	645904  -  ResidentSetSize of job (KB)
...
006 (113604220.000.000) 2023-04-06 17:54:41 Image size of job updated: 5283440
	646  -  MemoryUsage of job (MB)
	660560  -  ResidentSetSize of job (KB)
...
006 (113604220.000.000) 2023-04-06 17:59:42 Image size of job updated: 5283440
	647  -  MemoryUsage of job (MB)
	661640  -  ResidentSetSize of job (KB)
...
006 (113604220.000.000) 2023-04-06 18:04:43 Image size of job updated: 5283440
	663  -  MemoryUsage of job (MB)
	678164  -  ResidentSetSize of job (KB)
...
006 (113604220.000.000) 2023-04-06 18:09:43 Image size of job updated: 5283440
	663  -  MemoryUsage of job (MB)
	678168  -  ResidentSetSize of job (KB)
...
006 (113604220.000.000) 2023-04-06 18:14:43 Image size of job updated: 5283440
	672  -  MemoryUsage of job (MB)
	687676  -  ResidentSetSize of job (KB)
...
006 (113604220.000.000) 2023-04-06 18:19:44 Image size of job updated: 5283440
	685  -  MemoryUsage of job (MB)
	700480  -  ResidentSetSize of job (KB)
...
006 (113604220.000.000) 2023-04-06 18:24:45 Image size of job updated: 5283440
	718  -  MemoryUsage of job (MB)
	734376  -  ResidentSetSize of job (KB)
...
006 (113604220.000.000) 2023-04-06 18:34:46 Image size of job updated: 5283440
	747  -  MemoryUsage of job (MB)
	764152  -  ResidentSetSize of job (KB)
...
006 (113604220.000.000) 2023-04-06 18:39:47 Image size of job updated: 5283440
	760  -  MemoryUsage of job (MB)
	778136  -  ResidentSetSize of job (KB)
...
006 (113604220.000.000) 2023-04-06 18:44:47 Image size of job updated: 5283440
	770  -  MemoryUsage of job (MB)
	788056  -  ResidentSetSize of job (KB)
...
006 (113604220.000.000) 2023-04-06 19:04:48 Image size of job updated: 5288376
	799  -  MemoryUsage of job (MB)
	817248  -  ResidentSetSize of job (KB)
...
006 (113604220.000.000) 2023-04-06 19:09:49 Image size of job updated: 5296424
	807  -  MemoryUsage of job (MB)
	825348  -  ResidentSetSize of job (KB)
...
006 (113604220.000.000) 2023-04-06 19:14:50 Image size of job updated: 5308016
	818  -  MemoryUsage of job (MB)
	836984  -  ResidentSetSize of job (KB)
...
006 (113604220.000.000) 2023-04-06 19:19:50 Image size of job updated: 5309260
	819  -  MemoryUsage of job (MB)
	837924  -  ResidentSetSize of job (KB)
...
006 (113604220.000.000) 2023-04-06 19:24:50 Image size of job updated: 5313392
	830  -  MemoryUsage of job (MB)
	849520  -  ResidentSetSize of job (KB)
...
006 (113604220.000.000) 2023-04-06 19:34:52 Image size of job updated: 5331644
	835  -  MemoryUsage of job (MB)
	854692  -  ResidentSetSize of job (KB)
...
006 (113604220.000.000) 2023-04-06 19:39:52 Image size of job updated: 5331644
	863  -  MemoryUsage of job (MB)
	883100  -  ResidentSetSize of job (KB)
...
006 (113604220.000.000) 2023-04-06 19:44:53 Image size of job updated: 5331644
	900  -  MemoryUsage of job (MB)
	921540  -  ResidentSetSize of job (KB)
...
006 (113604220.000.000) 2023-04-06 19:49:54 Image size of job updated: 5331644
	928  -  MemoryUsage of job (MB)
	949944  -  ResidentSetSize of job (KB)
...
006 (113604220.000.000) 2023-04-06 19:54:54 Image size of job updated: 5331644
	935  -  MemoryUsage of job (MB)
	956768  -  ResidentSetSize of job (KB)
...
006 (113604220.000.000) 2023-04-06 19:59:54 Image size of job updated: 5331644
	963  -  MemoryUsage of job (MB)
	985704  -  ResidentSetSize of job (KB)
...
006 (113604220.000.000) 2023-04-06 20:04:55 Image size of job updated: 5331644
	963  -  MemoryUsage of job (MB)
	985712  -  ResidentSetSize of job (KB)
...
006 (113604220.000.000) 2023-04-06 20:09:56 Image size of job updated: 5331644
	992  -  MemoryUsage of job (MB)
	1015792  -  ResidentSetSize of job (KB)
...
006 (113604220.000.000) 2023-04-06 20:14:56 Image size of job updated: 5331644
	1021  -  MemoryUsage of job (MB)
	1045012  -  ResidentSetSize of job (KB)
...
006 (113604220.000.000) 2023-04-06 20:19:56 Image size of job updated: 5331644
	1027  -  MemoryUsage of job (MB)
	1050780  -  ResidentSetSize of job (KB)
...
006 (113604220.000.000) 2023-04-06 20:24:57 Image size of job updated: 5331644
	1027  -  MemoryUsage of job (MB)
	1050784  -  ResidentSetSize of job (KB)
...
006 (113604220.000.000) 2023-04-06 20:29:58 Image size of job updated: 5331644
	1027  -  MemoryUsage of job (MB)
	1050816  -  ResidentSetSize of job (KB)
...
006 (113604220.000.000) 2023-04-06 20:34:58 Image size of job updated: 5386612
	1029  -  MemoryUsage of job (MB)
	1053048  -  ResidentSetSize of job (KB)
...
006 (113604220.000.000) 2023-04-06 20:39:58 Image size of job updated: 5386612
	1029  -  MemoryUsage of job (MB)
	1053196  -  ResidentSetSize of job (KB)
...
006 (113604220.000.000) 2023-04-06 20:44:59 Image size of job updated: 5386612
	1032  -  MemoryUsage of job (MB)
	1056416  -  ResidentSetSize of job (KB)
...
006 (113604220.000.000) 2023-04-06 20:54:59 Image size of job updated: 5402516
	1032  -  MemoryUsage of job (MB)
	1056416  -  ResidentSetSize of job (KB)
...
006 (113604220.000.000) 2023-04-06 21:10:01 Image size of job updated: 5402516
	1041  -  MemoryUsage of job (MB)
	1065956  -  ResidentSetSize of job (KB)
...
006 (113604220.000.000) 2023-04-06 21:15:02 Image size of job updated: 5402516
	1042  -  MemoryUsage of job (MB)
	1066064  -  ResidentSetSize of job (KB)
...
006 (113604220.000.000) 2023-04-06 21:20:03 Image size of job updated: 5402516
	1070  -  MemoryUsage of job (MB)
	1095128  -  ResidentSetSize of job (KB)
...
006 (113604220.000.000) 2023-04-06 21:25:03 Image size of job updated: 5402516
	1074  -  MemoryUsage of job (MB)
	1098964  -  ResidentSetSize of job (KB)
...
006 (113604220.000.000) 2023-04-06 21:30:03 Image size of job updated: 5402516
	1086  -  MemoryUsage of job (MB)
	1111824  -  ResidentSetSize of job (KB)
...
006 (113604220.000.000) 2023-04-06 21:35:04 Image size of job updated: 5402516
	1088  -  MemoryUsage of job (MB)
	1113388  -  ResidentSetSize of job (KB)
...
006 (113604220.000.000) 2023-04-06 21:40:05 Image size of job updated: 5402516
	1088  -  MemoryUsage of job (MB)
	1113644  -  ResidentSetSize of job (KB)
...
006 (113604220.000.000) 2023-04-06 21:45:05 Image size of job updated: 5418676
	1143  -  MemoryUsage of job (MB)
	1169808  -  ResidentSetSize of job (KB)
...
006 (113604220.000.000) 2023-04-06 21:50:06 Image size of job updated: 5418676
	1238  -  MemoryUsage of job (MB)
	1267084  -  ResidentSetSize of job (KB)
...
006 (113604220.000.000) 2023-04-06 21:55:07 Image size of job updated: 5418676
	1334  -  MemoryUsage of job (MB)
	1365468  -  ResidentSetSize of job (KB)
...
006 (113604220.000.000) 2023-04-06 22:10:08 Image size of job updated: 5431068
	1384  -  MemoryUsage of job (MB)
	1417092  -  ResidentSetSize of job (KB)
...
006 (113604220.000.000) 2023-04-06 22:25:09 Image size of job updated: 5432756
	1387  -  MemoryUsage of job (MB)
	1419524  -  ResidentSetSize of job (KB)
...
006 (113604220.000.000) 2023-04-06 22:35:11 Image size of job updated: 5439140
	1393  -  MemoryUsage of job (MB)
	1425780  -  ResidentSetSize of job (KB)
...
006 (113604220.000.000) 2023-04-06 22:45:12 Image size of job updated: 5448588
	1393  -  MemoryUsage of job (MB)
	1425780  -  ResidentSetSize of job (KB)
...
006 (113604220.000.000) 2023-04-06 22:50:13 Image size of job updated: 5523256
	1397  -  MemoryUsage of job (MB)
	1430392  -  ResidentSetSize of job (KB)
...
006 (113604220.000.000) 2023-04-06 23:00:13 Image size of job updated: 5529272
	1399  -  MemoryUsage of job (MB)
	1432480  -  ResidentSetSize of job (KB)
...
006 (113604220.000.000) 2023-04-06 23:10:14 Image size of job updated: 5532688
	1403  -  MemoryUsage of job (MB)
	1436264  -  ResidentSetSize of job (KB)
...
006 (113604220.000.000) 2023-04-06 23:25:16 Image size of job updated: 5538632
	1406  -  MemoryUsage of job (MB)
	1439408  -  ResidentSetSize of job (KB)
...
006 (113604220.000.000) 2023-04-06 23:30:16 Image size of job updated: 5538632
	1406  -  MemoryUsage of job (MB)
	1439664  -  ResidentSetSize of job (KB)
...
006 (113604220.000.000) 2023-04-06 23:35:17 Image size of job updated: 5538632
	1497  -  MemoryUsage of job (MB)
	1532476  -  ResidentSetSize of job (KB)
...
006 (113604220.000.000) 2023-04-07 00:15:21 Image size of job updated: 5591780
	1497  -  MemoryUsage of job (MB)
	1532476  -  ResidentSetSize of job (KB)
...
006 (113604220.000.000) 2023-04-07 01:05:26 Image size of job updated: 5614756
	1497  -  MemoryUsage of job (MB)
	1532476  -  ResidentSetSize of job (KB)
...
006 (113604220.000.000) 2023-04-07 01:20:27 Image size of job updated: 5621732
	1497  -  MemoryUsage of job (MB)
	1532476  -  ResidentSetSize of job (KB)
...
006 (113604220.000.000) 2023-04-07 02:05:31 Image size of job updated: 5655600
	1500  -  MemoryUsage of job (MB)
	1535768  -  ResidentSetSize of job (KB)
...
006 (113604220.000.000) 2023-04-07 02:15:32 Image size of job updated: 5655600
	1502  -  MemoryUsage of job (MB)
	1537656  -  ResidentSetSize of job (KB)
...
006 (113604220.000.000) 2023-04-07 02:45:35 Image size of job updated: 5655600
	1504  -  MemoryUsage of job (MB)
	1539308  -  ResidentSetSize of job (KB)
...
006 (113604220.000.000) 2023-04-07 03:00:36 Image size of job updated: 5660536
	1504  -  MemoryUsage of job (MB)
	1539308  -  ResidentSetSize of job (KB)
...
006 (113604220.000.000) 2023-04-07 03:20:38 Image size of job updated: 5667792
	1512  -  MemoryUsage of job (MB)
	1548256  -  ResidentSetSize of job (KB)
...
006 (113604220.000.000) 2023-04-07 03:45:42 Image size of job updated: 5672800
	1512  -  MemoryUsage of job (MB)
	1548256  -  ResidentSetSize of job (KB)
...
006 (113604220.000.000) 2023-04-07 04:00:43 Image size of job updated: 5694424
	1525  -  MemoryUsage of job (MB)
	1561300  -  ResidentSetSize of job (KB)
...
006 (113604220.000.000) 2023-04-07 04:10:43 Image size of job updated: 5694424
	1543  -  MemoryUsage of job (MB)
	1579448  -  ResidentSetSize of job (KB)
...
006 (113604220.000.000) 2023-04-07 04:15:44 Image size of job updated: 5719840
	1668  -  MemoryUsage of job (MB)
	1707948  -  ResidentSetSize of job (KB)
...
006 (113604220.000.000) 2023-04-07 05:05:49 Image size of job updated: 5750248
	1668  -  MemoryUsage of job (MB)
	1707948  -  ResidentSetSize of job (KB)
...
006 (113604220.000.000) 2023-04-07 05:25:52 Image size of job updated: 5755480
	1668  -  MemoryUsage of job (MB)
	1707948  -  ResidentSetSize of job (KB)
...
006 (113604220.000.000) 2023-04-07 05:55:54 Image size of job updated: 5899072
	1668  -  MemoryUsage of job (MB)
	1707948  -  ResidentSetSize of job (KB)
...
006 (113604220.000.000) 2023-04-07 08:16:09 Image size of job updated: 5899072
	1675  -  MemoryUsage of job (MB)
	1714664  -  ResidentSetSize of job (KB)
...
006 (113604220.000.000) 2023-04-07 10:01:20 Image size of job updated: 5899072
	1681  -  MemoryUsage of job (MB)
	1720324  -  ResidentSetSize of job (KB)
...
006 (113604220.000.000) 2023-04-07 10:11:20 Image size of job updated: 5899072
	1681  -  MemoryUsage of job (MB)
	1720520  -  ResidentSetSize of job (KB)
...
006 (113604220.000.000) 2023-04-07 10:16:21 Image size of job updated: 5899072
	1681  -  MemoryUsage of job (MB)
	1720740  -  ResidentSetSize of job (KB)
...
006 (113604220.000.000) 2023-04-07 10:56:25 Image size of job updated: 5899072
	1699  -  MemoryUsage of job (MB)
	1739060  -  ResidentSetSize of job (KB)
...
006 (113604220.000.000) 2023-04-07 11:06:26 Image size of job updated: 5899072
	1700  -  MemoryUsage of job (MB)
	1740044  -  ResidentSetSize of job (KB)
...
006 (113604220.000.000) 2023-04-07 11:16:27 Image size of job updated: 5921888
	1710  -  MemoryUsage of job (MB)
	1750284  -  ResidentSetSize of job (KB)
...
006 (113604220.000.000) 2023-04-07 11:41:29 Image size of job updated: 5928544
	1715  -  MemoryUsage of job (MB)
	1755204  -  ResidentSetSize of job (KB)
...
006 (113604220.000.000) 2023-04-07 11:51:30 Image size of job updated: 5928544
	1719  -  MemoryUsage of job (MB)
	1759792  -  ResidentSetSize of job (KB)
...
006 (113604220.000.000) 2023-04-07 12:46:35 Image size of job updated: 5936840
	1720  -  MemoryUsage of job (MB)
	1761256  -  ResidentSetSize of job (KB)
...
006 (113604220.000.000) 2023-04-07 12:56:37 Image size of job updated: 5936840
	1722  -  MemoryUsage of job (MB)
	1762948  -  ResidentSetSize of job (KB)
...
006 (113604220.000.000) 2023-04-07 13:11:37 Image size of job updated: 5941344
	1723  -  MemoryUsage of job (MB)
	1763612  -  ResidentSetSize of job (KB)
...
006 (113604220.000.000) 2023-04-07 13:26:38 Image size of job updated: 5944372
	1724  -  MemoryUsage of job (MB)
	1764740  -  ResidentSetSize of job (KB)
...
006 (113604220.000.000) 2023-04-07 13:36:40 Image size of job updated: 5944372
	1891  -  MemoryUsage of job (MB)
	1935596  -  ResidentSetSize of job (KB)
...
006 (113604220.000.000) 2023-04-07 13:41:40 Image size of job updated: 5947356
	1891  -  MemoryUsage of job (MB)
	1935596  -  ResidentSetSize of job (KB)
...
006 (113604220.000.000) 2023-04-07 13:51:41 Image size of job updated: 5950364
	1891  -  MemoryUsage of job (MB)
	1935596  -  ResidentSetSize of job (KB)
...
006 (113604220.000.000) 2023-04-07 15:41:53 Image size of job updated: 5961900
	1891  -  MemoryUsage of job (MB)
	1935596  -  ResidentSetSize of job (KB)
...
006 (113604220.000.000) 2023-04-07 15:46:53 Image size of job updated: 5963820
	1891  -  MemoryUsage of job (MB)
	1935596  -  ResidentSetSize of job (KB)
...
006 (113604220.000.000) 2023-04-07 15:56:55 Image size of job updated: 5989884
	1891  -  MemoryUsage of job (MB)
	1935596  -  ResidentSetSize of job (KB)
...
004 (113604220.000.000) 2023-04-07 16:56:38 Job was evicted.
	(0) CPU times
		Usr 3 19:58:14, Sys 0 00:07:02  -  Run Remote Usage
		Usr 0 00:00:00, Sys 0 00:00:00  -  Run Local Usage
	0  -  Run Bytes Sent By Job
	366  -  Run Bytes Received By Job
	Partitionable Resources :    Usage  Request Allocated 
	   Cpus                 :     5.85        1         1 
	   Disk (KB)            :  4346      500000    624256 
	   GPUs                 :                           0 
	   Memory (MB)          :  1891       20000     20096 
...
040 (113604220.000.000) 2023-04-07 16:56:56 Started transferring input files
	Transferring to host: <10.14.10.45:9618?addrs=10.14.10.45-9618&alias=node2295.cluster.ldas.cit&noUDP&sock=slot1_1_925037_ffc9_3337>
...
040 (113604220.000.000) 2023-04-07 16:56:56 Finished transferring input files
...
001 (113604220.000.000) 2023-04-07 16:56:57 Job executing on host: <10.14.10.45:9618?addrs=10.14.10.45-9618&alias=node2295.cluster.ldas.cit&noUDP&sock=startd_924995_35ef>
...
006 (113604220.000.000) 2023-04-08 04:08:11 Image size of job updated: 7500000
	2043  -  MemoryUsage of job (MB)
	2091024  -  ResidentSetSize of job (KB)
...
006 (113604220.000.000) 2023-04-08 09:08:42 Image size of job updated: 7500000
	2045  -  MemoryUsage of job (MB)
	2094004  -  ResidentSetSize of job (KB)
...
006 (113604220.000.000) 2023-04-08 12:44:05 Image size of job updated: 7500000
	2110  -  MemoryUsage of job (MB)
	2160408  -  ResidentSetSize of job (KB)
...
006 (113604220.000.000) 2023-04-08 13:24:10 Image size of job updated: 7500000
	2207  -  MemoryUsage of job (MB)
	2259332  -  ResidentSetSize of job (KB)
...
006 (113604220.000.000) 2023-04-08 14:24:18 Image size of job updated: 7500000
	2240  -  MemoryUsage of job (MB)
	2293472  -  ResidentSetSize of job (KB)
...
006 (113604220.000.000) 2023-04-08 16:59:34 Image size of job updated: 7500000
	2251  -  MemoryUsage of job (MB)
	2304864  -  ResidentSetSize of job (KB)
...
006 (113604220.000.000) 2023-04-08 17:04:34 Image size of job updated: 7500000
	2252  -  MemoryUsage of job (MB)
	2305176  -  ResidentSetSize of job (KB)
...
004 (113604220.000.000) 2023-04-08 18:28:11 Job was evicted.
	(0) CPU times
		Usr 3 12:09:28, Sys 0 00:05:36  -  Run Remote Usage
		Usr 0 00:00:00, Sys 0 00:00:00  -  Run Local Usage
	0  -  Run Bytes Sent By Job
	366  -  Run Bytes Received By Job
	Partitionable Resources :    Usage  Request Allocated 
	   Cpus                 :     2.86        1         1 
	   Disk (KB)            :  3634      500000    624256 
	   GPUs                 :                           0 
	   Memory (MB)          :  2252       20000     20000 
...
040 (113604220.000.000) 2023-04-08 18:29:15 Started transferring input files
	Transferring to host: <10.14.9.70:9618?addrs=10.14.9.70-9618&alias=node2070.cluster.ldas.cit&noUDP&sock=slot1_14_3401983_87fe_15777>
...
040 (113604220.000.000) 2023-04-08 18:29:15 Finished transferring input files
...
001 (113604220.000.000) 2023-04-08 18:29:16 Job executing on host: <10.14.9.70:9618?addrs=10.14.9.70-9618&alias=node2070.cluster.ldas.cit&noUDP&sock=startd_3401945_e307>
...
004 (113604220.000.000) 2023-04-09 18:30:40 Job was evicted.
	(0) CPU times
		Usr 2 01:34:00, Sys 0 00:08:49  -  Run Remote Usage
		Usr 0 00:00:00, Sys 0 00:00:00  -  Run Local Usage
	0  -  Run Bytes Sent By Job
	366  -  Run Bytes Received By Job
	Partitionable Resources :    Usage  Request Allocated 
	   Cpus                 :     0.99        1         1 
	   Disk (KB)            :  2907      500000    609620 
	   GPUs                 :                           0 
	   Memory (MB)          :  2442       20000     20096 
...
040 (113604220.000.000) 2023-04-09 18:33:31 Started transferring input files
	Transferring to host: <10.14.4.77:9618?addrs=10.14.4.77-9618&alias=node827.cluster.ldas.cit&noUDP&sock=slot1_3_2310964_f290_2739>
...
040 (113604220.000.000) 2023-04-09 18:33:31 Finished transferring input files
...
001 (113604220.000.000) 2023-04-09 18:33:32 Job executing on host: <10.14.4.77:9618?addrs=10.14.4.77-9618&alias=node827.cluster.ldas.cit&noUDP&sock=startd_2310922_db31>
...
004 (113604220.000.000) 2023-04-10 20:34:15 Job was evicted.
	(0) CPU times
		Usr 3 17:07:57, Sys 0 00:09:56  -  Run Remote Usage
		Usr 0 00:00:00, Sys 0 00:00:00  -  Run Local Usage
	0  -  Run Bytes Sent By Job
	366  -  Run Bytes Received By Job
	Partitionable Resources :    Usage  Request Allocated 
	   Cpus                 :     7.95        1         1 
	   Disk (KB)            :  3077      500000    624256 
	   GPUs                 :                           0 
	   Memory (MB)          :  2442       20000     20096 
...
040 (113604220.000.000) 2023-04-10 20:36:11 Started transferring input files
	Transferring to host: <10.14.10.24:9618?addrs=10.14.10.24-9618&alias=node2274.cluster.ldas.cit&noUDP&sock=slot1_8_4070332_dd08_12069>
...
040 (113604220.000.000) 2023-04-10 20:36:11 Finished transferring input files
...
001 (113604220.000.000) 2023-04-10 20:36:12 Job executing on host: <10.14.10.24:9618?addrs=10.14.10.24-9618&alias=node2274.cluster.ldas.cit&noUDP&sock=startd_4070290_f75d>
...
006 (113604220.000.000) 2023-04-11 03:32:03 Image size of job updated: 7500000
	2457  -  MemoryUsage of job (MB)
	2515768  -  ResidentSetSize of job (KB)
...
004 (113604220.000.000) 2023-04-11 20:36:47 Job was evicted.
	(0) CPU times
		Usr 4 10:42:39, Sys 0 00:04:45  -  Run Remote Usage
		Usr 0 00:00:00, Sys 0 00:00:00  -  Run Local Usage
	0  -  Run Bytes Sent By Job
	366  -  Run Bytes Received By Job
	Partitionable Resources :    Usage  Request Allocated 
	   Cpus                 :     7.78        1         1 
	   Disk (KB)            :  3172      500000    624256 
	   GPUs                 :                           0 
	   Memory (MB)          :  2457       20000     20096 
...
040 (113604220.000.000) 2023-04-11 20:41:55 Started transferring input files
	Transferring to host: <10.14.10.22:9618?addrs=10.14.10.22-9618&alias=node2272.cluster.ldas.cit&noUDP&sock=slot1_17_1254925_f030_16012>
...
040 (113604220.000.000) 2023-04-11 20:41:55 Finished transferring input files
...
001 (113604220.000.000) 2023-04-11 20:41:56 Job executing on host: <10.14.10.22:9618?addrs=10.14.10.22-9618&alias=node2272.cluster.ldas.cit&noUDP&sock=startd_1254882_40fd>
...
004 (113604220.000.000) 2023-04-12 20:44:45 Job was evicted.
	(0) CPU times
		Usr 4 14:07:32, Sys 0 00:06:34  -  Run Remote Usage
		Usr 0 00:00:00, Sys 0 00:00:00  -  Run Local Usage
	0  -  Run Bytes Sent By Job
	366  -  Run Bytes Received By Job
	Partitionable Resources :    Usage  Request Allocated 
	   Cpus                 :     4.75        1         1 
	   Disk (KB)            :  2984      500000    624256 
	   GPUs                 :                           0 
	   Memory (MB)          :  2686       20000     20096 
...
040 (113604220.000.000) 2023-04-12 20:45:13 Started transferring input files
	Transferring to host: <10.14.10.87:9618?addrs=10.14.10.87-9618&alias=node2337.cluster.ldas.cit&noUDP&sock=slot1_12_4037012_e8bd_20175>
...
040 (113604220.000.000) 2023-04-12 20:45:13 Finished transferring input files
...
001 (113604220.000.000) 2023-04-12 20:45:14 Job executing on host: <10.14.10.87:9618?addrs=10.14.10.87-9618&alias=node2337.cluster.ldas.cit&noUDP&sock=startd_4036971_e754>
...
004 (113604220.000.000) 2023-04-13 21:55:13 Job was evicted.
	(0) CPU times
		Usr 5 10:13:12, Sys 0 00:02:49  -  Run Remote Usage
		Usr 0 00:00:00, Sys 0 00:00:00  -  Run Local Usage
	0  -  Run Bytes Sent By Job
	366  -  Run Bytes Received By Job
	Partitionable Resources :    Usage  Request Allocated 
	   Cpus                 :     2.98        1         1 
	   Disk (KB)            :  3045      500000    624256 
	   GPUs                 :                           0 
	   Memory (MB)          :  2686       20000     20096 
...
040 (113604220.000.000) 2023-04-13 21:57:06 Started transferring input files
	Transferring to host: <10.14.4.55:9618?addrs=10.14.4.55-9618&alias=node805.cluster.ldas.cit&noUDP&sock=slot1_3_2265327_8d70_6112>
...
040 (113604220.000.000) 2023-04-13 21:57:06 Finished transferring input files
...
001 (113604220.000.000) 2023-04-13 21:57:07 Job executing on host: <10.14.4.55:9618?addrs=10.14.4.55-9618&alias=node805.cluster.ldas.cit&noUDP&sock=startd_2265284_fbf6>
...
006 (113604220.000.000) 2023-04-14 07:23:10 Image size of job updated: 7515532
	2686  -  MemoryUsage of job (MB)
	2750000  -  ResidentSetSize of job (KB)
...
004 (113604220.000.000) 2023-04-15 00:55:00 Job was evicted.
	(0) CPU times
		Usr 4 04:09:20, Sys 0 00:02:13  -  Run Remote Usage
		Usr 0 00:00:00, Sys 0 00:00:00  -  Run Local Usage
	0  -  Run Bytes Sent By Job
	366  -  Run Bytes Received By Job
	Partitionable Resources :    Usage  Request Allocated 
	   Cpus                 :     7.95        1         1 
	   Disk (KB)            :  2835      500000    624256 
	   GPUs                 :                           0 
	   Memory (MB)          :  2686       20000     20096 
...
040 (113604220.000.000) 2023-04-15 00:55:58 Started transferring input files
	Transferring to host: <10.14.10.126:9618?addrs=10.14.10.126-9618&alias=node2376.cluster.ldas.cit&noUDP&sock=slot1_1_1387802_ce2c_45191>
...
040 (113604220.000.000) 2023-04-15 00:55:58 Finished transferring input files
...
001 (113604220.000.000) 2023-04-15 00:55:59 Job executing on host: <10.14.10.126:9618?addrs=10.14.10.126-9618&alias=node2376.cluster.ldas.cit&noUDP&sock=startd_1387670_c6eb>
...
006 (113604220.000.000) 2023-04-15 15:42:40 Image size of job updated: 10000000
	2798  -  MemoryUsage of job (MB)
	2865020  -  ResidentSetSize of job (KB)
...
006 (113604220.000.000) 2023-04-16 00:38:37 Image size of job updated: 10000000
	2926  -  MemoryUsage of job (MB)
	2995484  -  ResidentSetSize of job (KB)
...
004 (113604220.000.000) 2023-04-16 01:14:17 Job was evicted.
	(0) CPU times
		Usr 4 06:20:55, Sys 0 00:03:50  -  Run Remote Usage
		Usr 0 00:00:00, Sys 0 00:00:00  -  Run Local Usage
	0  -  Run Bytes Sent By Job
	366  -  Run Bytes Received By Job
	Partitionable Resources :    Usage  Request Allocated 
	   Cpus                 :     4.97        1         1 
	   Disk (KB)            :  2855      500000    624256 
	   GPUs                 :                           0 
	   Memory (MB)          :  2926       20000     20096 
...
040 (113604220.000.000) 2023-04-16 01:15:19 Started transferring input files
	Transferring to host: <10.14.10.103:9618?addrs=10.14.10.103-9618&alias=node2353.cluster.ldas.cit&noUDP&sock=slot1_4_43954_51b4_18699>
...
040 (113604220.000.000) 2023-04-16 01:15:19 Finished transferring input files
...
001 (113604220.000.000) 2023-04-16 01:15:20 Job executing on host: <10.14.10.103:9618?addrs=10.14.10.103-9618&alias=node2353.cluster.ldas.cit&noUDP&sock=startd_43913_3e73>
...
004 (113604220.000.000) 2023-04-17 01:15:29 Job was evicted.
	(0) CPU times
		Usr 5 02:10:44, Sys 0 00:03:54  -  Run Remote Usage
		Usr 0 00:00:00, Sys 0 00:00:00  -  Run Local Usage
	0  -  Run Bytes Sent By Job
	366  -  Run Bytes Received By Job
	Partitionable Resources :    Usage  Request Allocated 
	   Cpus                 :     6.91        1         1 
	   Disk (KB)            :  2940      500000    624256 
	   GPUs                 :                           0 
	   Memory (MB)          :  2930       20000     20096 
...
040 (113604220.000.000) 2023-04-17 02:04:52 Started transferring input files
	Transferring to host: <10.14.4.97:9618?addrs=10.14.4.97-9618&alias=node847.cluster.ldas.cit&noUDP&sock=slot1_3_2324267_1d4d_11426>
...
040 (113604220.000.000) 2023-04-17 02:04:53 Finished transferring input files
...
001 (113604220.000.000) 2023-04-17 02:04:53 Job executing on host: <10.14.4.97:9618?addrs=10.14.4.97-9618&alias=node847.cluster.ldas.cit&noUDP&sock=startd_2324226_4b2c>
...
004 (113604220.000.000) 2023-04-18 02:06:31 Job was evicted.
	(0) CPU times
		Usr 3 23:20:14, Sys 0 00:03:09  -  Run Remote Usage
		Usr 0 00:00:00, Sys 0 00:00:00  -  Run Local Usage
	0  -  Run Bytes Sent By Job
	366  -  Run Bytes Received By Job
	Partitionable Resources :    Usage  Request Allocated 
	   Cpus                 :     4.98        1         1 
	   Disk (KB)            :  2841      500000    624256 
	   GPUs                 :                           0 
	   Memory (MB)          :  2930       20000     20096 
...
040 (113604220.000.000) 2023-04-18 02:09:08 Started transferring input files
	Transferring to host: <10.14.9.132:9618?addrs=10.14.9.132-9618&alias=node2132.cluster.ldas.cit&noUDP&sock=slot1_3_1393996_09e7_13073>
...
040 (113604220.000.000) 2023-04-18 02:09:08 Finished transferring input files
...
001 (113604220.000.000) 2023-04-18 02:09:09 Job executing on host: <10.14.9.132:9618?addrs=10.14.9.132-9618&alias=node2132.cluster.ldas.cit&noUDP&sock=startd_1393953_6476>
...
006 (113604220.000.000) 2023-04-18 05:18:13 Image size of job updated: 10000000
	3093  -  MemoryUsage of job (MB)
	3166272  -  ResidentSetSize of job (KB)
...
004 (113604220.000.000) 2023-04-18 09:20:17 Job was evicted.
	(0) CPU times
		Usr 0 23:50:23, Sys 0 00:01:12  -  Run Remote Usage
		Usr 0 00:00:00, Sys 0 00:00:00  -  Run Local Usage
	0  -  Run Bytes Sent By Job
	366  -  Run Bytes Received By Job
	Partitionable Resources :    Usage  Request Allocated 
	   Cpus                 :     6.97        1         1 
	   Disk (KB)            :  2748      500000    609620 
	   GPUs                 :                           0 
	   Memory (MB)          :  3093       20000     20096 
...
040 (113604220.000.000) 2023-04-18 09:23:56 Started transferring input files
	Transferring to host: <10.14.4.51:9618?addrs=10.14.4.51-9618&alias=node801.cluster.ldas.cit&noUDP&sock=slot1_3_3957347_b5b5_7>
...
040 (113604220.000.000) 2023-04-18 09:23:56 Finished transferring input files
...
001 (113604220.000.000) 2023-04-18 09:23:57 Job executing on host: <10.14.4.51:9618?addrs=10.14.4.51-9618&alias=node801.cluster.ldas.cit&noUDP&sock=startd_3950725_523e>
...
022 (113604220.000.000) 2023-04-18 09:30:28 Job disconnected, attempting to reconnect
    Local schedd and job shadow died, schedd now running again
    Trying to reconnect to slot1_3@node801.cluster.ldas.cit <10.14.4.51:9618?addrs=10.14.4.51-9618&alias=node801.cluster.ldas.cit&noUDP&sock=startd_3950725_523e>
...
023 (113604220.000.000) 2023-04-18 09:30:43 Job reconnected to slot1_3@node801.cluster.ldas.cit
    startd address: <10.14.4.51:9618?addrs=10.14.4.51-9618&alias=node801.cluster.ldas.cit&noUDP&sock=startd_3950725_523e>
    starter address: <10.14.4.51:9618?addrs=10.14.4.51-9618&alias=node801.cluster.ldas.cit&noUDP&sock=slot1_3_3957347_b5b5_7>
...
022 (113604220.000.000) 2023-04-18 09:56:14 Job disconnected, attempting to reconnect
    Local schedd and job shadow died, schedd now running again
    Trying to reconnect to slot1_3@node801.cluster.ldas.cit <10.14.4.51:9618?addrs=10.14.4.51-9618&alias=node801.cluster.ldas.cit&noUDP&sock=startd_3950725_523e>
...
023 (113604220.000.000) 2023-04-18 09:56:18 Job reconnected to slot1_3@node801.cluster.ldas.cit
    startd address: <10.14.4.51:9618?addrs=10.14.4.51-9618&alias=node801.cluster.ldas.cit&noUDP&sock=startd_3950725_523e>
    starter address: <10.14.4.51:9618?addrs=10.14.4.51-9618&alias=node801.cluster.ldas.cit&noUDP&sock=slot1_3_3957347_b5b5_7>
...
004 (113604220.000.000) 2023-04-19 09:25:42 Job was evicted.
	(0) CPU times
		Usr 1 06:29:34, Sys 0 00:01:01  -  Run Remote Usage
		Usr 0 00:00:00, Sys 0 00:00:00  -  Run Local Usage
	0  -  Run Bytes Sent By Job
	0  -  Run Bytes Received By Job
	Partitionable Resources :    Usage  Request Allocated 
	   Cpus                 :     1.35        1         1 
	   Disk (KB)            :  2752      500000    624256 
	   Memory (MB)          :  3174       20000     20096 
...
040 (113604220.000.000) 2023-04-19 09:28:47 Started transferring input files
	Transferring to host: <10.14.10.27:9618?addrs=10.14.10.27-9618&alias=node2277.cluster.ldas.cit&noUDP&sock=slot1_1_3483012_cabd_1623>
...
040 (113604220.000.000) 2023-04-19 09:28:47 Finished transferring input files
...
001 (113604220.000.000) 2023-04-19 09:28:48 Job executing on host: <10.14.10.27:9618?addrs=10.14.10.27-9618&alias=node2277.cluster.ldas.cit&noUDP&sock=startd_1623855_0ac1>
...
006 (113604220.000.000) 2023-04-19 21:35:11 Image size of job updated: 10000000
	3267  -  MemoryUsage of job (MB)
	3344760  -  ResidentSetSize of job (KB)
...
006 (113604220.000.000) 2023-04-20 04:30:52 Image size of job updated: 10000000
	3455  -  MemoryUsage of job (MB)
	3537412  -  ResidentSetSize of job (KB)
...
004 (113604220.000.000) 2023-04-20 09:36:57 Job was evicted.
	(0) CPU times
		Usr 3 15:37:57, Sys 0 00:05:37  -  Run Remote Usage
		Usr 0 00:00:00, Sys 0 00:00:00  -  Run Local Usage
	0  -  Run Bytes Sent By Job
	366  -  Run Bytes Received By Job
	Partitionable Resources :    Usage  Request Allocated 
	   Cpus                 :     7.84        1         1 
	   Disk (KB)            :  3007      500000    624256 
	   GPUs                 :                           0 
	   Memory (MB)          :  3455       20000     20096 
...
040 (113604220.000.000) 2023-04-20 09:37:56 Started transferring input files
	Transferring to host: <10.14.9.60:9618?addrs=10.14.9.60-9618&alias=node2060.cluster.ldas.cit&noUDP&sock=slot1_12_1281033_62d6_1721>
...
040 (113604220.000.000) 2023-04-20 09:37:56 Finished transferring input files
...
001 (113604220.000.000) 2023-04-20 09:37:57 Job executing on host: <10.14.9.60:9618?addrs=10.14.9.60-9618&alias=node2060.cluster.ldas.cit&noUDP&sock=startd_3620_98ed>
...
006 (113604220.000.000) 2023-04-21 09:05:35 Image size of job updated: 27367340
	3663  -  MemoryUsage of job (MB)
	3750000  -  ResidentSetSize of job (KB)
...
040 (113604220.000.000) 2023-04-21 09:11:45 Started transferring output files
...
040 (113604220.000.000) 2023-04-21 09:11:45 Finished transferring output files
...
005 (113604220.000.000) 2023-04-21 09:11:45 Job terminated.
	(1) Normal termination (return value 0)
		Usr 3 17:19:02, Sys 0 00:05:26  -  Run Remote Usage
		Usr 0 00:00:00, Sys 0 00:00:00  -  Run Local Usage
		Usr 54 17:40:46, Sys 0 01:11:55  -  Total Remote Usage
		Usr 0 00:00:00, Sys 0 00:00:00  -  Total Local Usage
	3161887  -  Run Bytes Sent By Job
	366  -  Run Bytes Received By Job
	3161887  -  Total Bytes Sent By Job
	5490  -  Total Bytes Received By Job
	Partitionable Resources :    Usage  Request Allocated 
	   Cpus                 :     4.54        1         1 
	   Disk (KB)            :  3111      500000    609620 
	   GPUs                 :                           0 
	   Memory (MB)          :  3663       20000     20096 

	Job terminated of its own accord at 2023-04-21T16:11:45Z with exit-code 0.
...
