000 (113449646.000.000) 2023-03-29 17:01:31 Job submitted from host: <10.14.0.160:9618?addrs=10.14.0.160-9618&alias=ldas-pcdev2.ligo.caltech.edu&noUDP&sock=schedd_7450_a8a7>
    DAG Node: 633
...
040 (113449646.000.000) 2023-03-29 17:36:21 Started transferring input files
	Transferring to host: <10.14.9.194:9618?addrs=10.14.9.194-9618&alias=node2194.cluster.ldas.cit&noUDP&sock=slot1_2_189911_3ac4_88709>
...
040 (113449646.000.000) 2023-03-29 17:36:21 Finished transferring input files
...
001 (113449646.000.000) 2023-03-29 17:36:22 Job executing on host: <10.14.9.194:9618?addrs=10.14.9.194-9618&alias=node2194.cluster.ldas.cit&noUDP&sock=startd_189641_87e3>
...
006 (113449646.000.000) 2023-03-29 17:36:22 Image size of job updated: 1
	0  -  MemoryUsage of job (MB)
	0  -  ResidentSetSize of job (KB)
...
040 (113449646.000.000) 2023-03-29 17:36:22 Started transferring output files
...
040 (113449646.000.000) 2023-03-29 17:36:22 Finished transferring output files
...
005 (113449646.000.000) 2023-03-29 17:36:22 Job terminated.
	(1) Normal termination (return value 127)
		Usr 0 00:00:00, Sys 0 00:00:00  -  Run Remote Usage
		Usr 0 00:00:00, Sys 0 00:00:00  -  Run Local Usage
		Usr 0 00:00:00, Sys 0 00:00:00  -  Total Remote Usage
		Usr 0 00:00:00, Sys 0 00:00:00  -  Total Local Usage
	407  -  Run Bytes Sent By Job
	381  -  Run Bytes Received By Job
	407  -  Total Bytes Sent By Job
	381  -  Total Bytes Received By Job
	Partitionable Resources :    Usage  Request Allocated 
	   Cpus                 :                 1         1 
	   Disk (KB)            :       14   500000    561711 
	   GPUs                 :                           0 
	   Memory (MB)          :        0    20000     20096 

	Job terminated of its own accord at 2023-03-30T00:36:22Z with exit-code 127.
...
000 (113484586.000.000) 2023-04-01 14:22:52 Job submitted from host: <10.14.0.160:9618?addrs=10.14.0.160-9618&alias=ldas-pcdev2.ligo.caltech.edu&noUDP&sock=schedd_7450_a8a7>
    DAG Node: 633
...
040 (113484586.000.000) 2023-04-01 14:24:54 Started transferring input files
	Transferring to host: <10.14.10.19:9618?addrs=10.14.10.19-9618&alias=node2269.cluster.ldas.cit&noUDP&sock=slot1_9_4099450_20e8_25859>
...
040 (113484586.000.000) 2023-04-01 14:24:54 Finished transferring input files
...
001 (113484586.000.000) 2023-04-01 14:24:55 Job executing on host: <10.14.10.19:9618?addrs=10.14.10.19-9618&alias=node2269.cluster.ldas.cit&noUDP&sock=startd_247569_5210>
...
006 (113484586.000.000) 2023-04-01 14:25:04 Image size of job updated: 444120
	102  -  MemoryUsage of job (MB)
	104360  -  ResidentSetSize of job (KB)
...
006 (113484586.000.000) 2023-04-01 14:30:05 Image size of job updated: 4496828
	147  -  MemoryUsage of job (MB)
	149664  -  ResidentSetSize of job (KB)
...
006 (113484586.000.000) 2023-04-01 14:35:06 Image size of job updated: 4496828
	314  -  MemoryUsage of job (MB)
	321120  -  ResidentSetSize of job (KB)
...
006 (113484586.000.000) 2023-04-01 14:40:06 Image size of job updated: 4496828
	324  -  MemoryUsage of job (MB)
	331024  -  ResidentSetSize of job (KB)
...
006 (113484586.000.000) 2023-04-01 14:45:07 Image size of job updated: 4496828
	471  -  MemoryUsage of job (MB)
	482152  -  ResidentSetSize of job (KB)
...
006 (113484586.000.000) 2023-04-01 14:50:08 Image size of job updated: 4496828
	473  -  MemoryUsage of job (MB)
	483364  -  ResidentSetSize of job (KB)
...
006 (113484586.000.000) 2023-04-01 14:55:08 Image size of job updated: 4496828
	574  -  MemoryUsage of job (MB)
	587484  -  ResidentSetSize of job (KB)
...
006 (113484586.000.000) 2023-04-01 15:00:08 Image size of job updated: 4496828
	733  -  MemoryUsage of job (MB)
	749612  -  ResidentSetSize of job (KB)
...
006 (113484586.000.000) 2023-04-01 15:05:09 Image size of job updated: 4496828
	765  -  MemoryUsage of job (MB)
	782500  -  ResidentSetSize of job (KB)
...
006 (113484586.000.000) 2023-04-01 15:10:10 Image size of job updated: 4496828
	766  -  MemoryUsage of job (MB)
	783892  -  ResidentSetSize of job (KB)
...
006 (113484586.000.000) 2023-04-01 15:15:10 Image size of job updated: 4496828
	796  -  MemoryUsage of job (MB)
	814128  -  ResidentSetSize of job (KB)
...
006 (113484586.000.000) 2023-04-01 15:20:11 Image size of job updated: 4496828
	797  -  MemoryUsage of job (MB)
	815668  -  ResidentSetSize of job (KB)
...
006 (113484586.000.000) 2023-04-01 15:25:12 Image size of job updated: 4496828
	802  -  MemoryUsage of job (MB)
	820444  -  ResidentSetSize of job (KB)
...
006 (113484586.000.000) 2023-04-01 15:35:12 Image size of job updated: 4496828
	809  -  MemoryUsage of job (MB)
	828404  -  ResidentSetSize of job (KB)
...
006 (113484586.000.000) 2023-04-01 15:40:13 Image size of job updated: 4496828
	810  -  MemoryUsage of job (MB)
	828700  -  ResidentSetSize of job (KB)
...
006 (113484586.000.000) 2023-04-01 15:50:14 Image size of job updated: 4496828
	835  -  MemoryUsage of job (MB)
	854104  -  ResidentSetSize of job (KB)
...
006 (113484586.000.000) 2023-04-01 16:05:16 Image size of job updated: 4496828
	852  -  MemoryUsage of job (MB)
	872232  -  ResidentSetSize of job (KB)
...
006 (113484586.000.000) 2023-04-01 16:10:16 Image size of job updated: 4496828
	857  -  MemoryUsage of job (MB)
	876652  -  ResidentSetSize of job (KB)
...
006 (113484586.000.000) 2023-04-01 16:15:17 Image size of job updated: 4496828
	857  -  MemoryUsage of job (MB)
	876744  -  ResidentSetSize of job (KB)
...
006 (113484586.000.000) 2023-04-01 16:20:18 Image size of job updated: 4496828
	871  -  MemoryUsage of job (MB)
	891332  -  ResidentSetSize of job (KB)
...
006 (113484586.000.000) 2023-04-01 16:30:19 Image size of job updated: 4496828
	879  -  MemoryUsage of job (MB)
	899480  -  ResidentSetSize of job (KB)
...
006 (113484586.000.000) 2023-04-01 16:35:20 Image size of job updated: 4496828
	881  -  MemoryUsage of job (MB)
	901708  -  ResidentSetSize of job (KB)
...
006 (113484586.000.000) 2023-04-01 16:45:20 Image size of job updated: 4496828
	887  -  MemoryUsage of job (MB)
	907828  -  ResidentSetSize of job (KB)
...
006 (113484586.000.000) 2023-04-01 16:50:21 Image size of job updated: 4496828
	888  -  MemoryUsage of job (MB)
	908412  -  ResidentSetSize of job (KB)
...
006 (113484586.000.000) 2023-04-01 17:05:23 Image size of job updated: 4504952
	903  -  MemoryUsage of job (MB)
	923960  -  ResidentSetSize of job (KB)
...
006 (113484586.000.000) 2023-04-01 17:10:24 Image size of job updated: 4504952
	904  -  MemoryUsage of job (MB)
	924948  -  ResidentSetSize of job (KB)
...
006 (113484586.000.000) 2023-04-01 17:15:24 Image size of job updated: 4512968
	915  -  MemoryUsage of job (MB)
	936456  -  ResidentSetSize of job (KB)
...
006 (113484586.000.000) 2023-04-01 17:20:24 Image size of job updated: 4514924
	915  -  MemoryUsage of job (MB)
	936456  -  ResidentSetSize of job (KB)
...
006 (113484586.000.000) 2023-04-01 17:25:25 Image size of job updated: 4518016
	915  -  MemoryUsage of job (MB)
	936456  -  ResidentSetSize of job (KB)
...
006 (113484586.000.000) 2023-04-01 17:40:27 Image size of job updated: 4518016
	916  -  MemoryUsage of job (MB)
	937712  -  ResidentSetSize of job (KB)
...
006 (113484586.000.000) 2023-04-01 17:45:28 Image size of job updated: 4518016
	934  -  MemoryUsage of job (MB)
	956400  -  ResidentSetSize of job (KB)
...
006 (113484586.000.000) 2023-04-01 17:50:28 Image size of job updated: 4518016
	942  -  MemoryUsage of job (MB)
	964300  -  ResidentSetSize of job (KB)
...
006 (113484586.000.000) 2023-04-01 17:55:28 Image size of job updated: 4518016
	964  -  MemoryUsage of job (MB)
	986216  -  ResidentSetSize of job (KB)
...
006 (113484586.000.000) 2023-04-01 18:00:29 Image size of job updated: 4518016
	988  -  MemoryUsage of job (MB)
	1011244  -  ResidentSetSize of job (KB)
...
006 (113484586.000.000) 2023-04-01 18:05:30 Image size of job updated: 4518016
	990  -  MemoryUsage of job (MB)
	1013720  -  ResidentSetSize of job (KB)
...
006 (113484586.000.000) 2023-04-01 18:25:32 Image size of job updated: 4536728
	1029  -  MemoryUsage of job (MB)
	1053436  -  ResidentSetSize of job (KB)
...
006 (113484586.000.000) 2023-04-01 18:30:32 Image size of job updated: 4536728
	1031  -  MemoryUsage of job (MB)
	1055504  -  ResidentSetSize of job (KB)
...
006 (113484586.000.000) 2023-04-01 18:45:34 Image size of job updated: 4537940
	1032  -  MemoryUsage of job (MB)
	1056544  -  ResidentSetSize of job (KB)
...
006 (113484586.000.000) 2023-04-01 18:50:35 Image size of job updated: 4547044
	1059  -  MemoryUsage of job (MB)
	1083808  -  ResidentSetSize of job (KB)
...
006 (113484586.000.000) 2023-04-01 18:55:36 Image size of job updated: 4547044
	1061  -  MemoryUsage of job (MB)
	1085588  -  ResidentSetSize of job (KB)
...
006 (113484586.000.000) 2023-04-01 19:00:36 Image size of job updated: 4547280
	1061  -  MemoryUsage of job (MB)
	1085588  -  ResidentSetSize of job (KB)
...
006 (113484586.000.000) 2023-04-01 19:10:37 Image size of job updated: 4590772
	1061  -  MemoryUsage of job (MB)
	1085588  -  ResidentSetSize of job (KB)
...
006 (113484586.000.000) 2023-04-01 19:20:38 Image size of job updated: 4590772
	1065  -  MemoryUsage of job (MB)
	1089972  -  ResidentSetSize of job (KB)
...
006 (113484586.000.000) 2023-04-01 19:40:40 Image size of job updated: 4590772
	1094  -  MemoryUsage of job (MB)
	1119508  -  ResidentSetSize of job (KB)
...
006 (113484586.000.000) 2023-04-01 19:50:42 Image size of job updated: 4590772
	1101  -  MemoryUsage of job (MB)
	1126968  -  ResidentSetSize of job (KB)
...
006 (113484586.000.000) 2023-04-01 20:05:44 Image size of job updated: 4647844
	1103  -  MemoryUsage of job (MB)
	1129288  -  ResidentSetSize of job (KB)
...
006 (113484586.000.000) 2023-04-01 20:15:44 Image size of job updated: 4658112
	1108  -  MemoryUsage of job (MB)
	1134232  -  ResidentSetSize of job (KB)
...
006 (113484586.000.000) 2023-04-01 20:30:46 Image size of job updated: 4658112
	1113  -  MemoryUsage of job (MB)
	1139448  -  ResidentSetSize of job (KB)
...
006 (113484586.000.000) 2023-04-01 20:35:46 Image size of job updated: 4658112
	1113  -  MemoryUsage of job (MB)
	1139660  -  ResidentSetSize of job (KB)
...
006 (113484586.000.000) 2023-04-01 20:45:48 Image size of job updated: 4658112
	1119  -  MemoryUsage of job (MB)
	1144920  -  ResidentSetSize of job (KB)
...
006 (113484586.000.000) 2023-04-01 20:50:48 Image size of job updated: 4658112
	1120  -  MemoryUsage of job (MB)
	1146656  -  ResidentSetSize of job (KB)
...
006 (113484586.000.000) 2023-04-01 20:55:48 Image size of job updated: 4675500
	1120  -  MemoryUsage of job (MB)
	1146656  -  ResidentSetSize of job (KB)
...
006 (113484586.000.000) 2023-04-01 21:05:49 Image size of job updated: 4675500
	1126  -  MemoryUsage of job (MB)
	1152192  -  ResidentSetSize of job (KB)
...
006 (113484586.000.000) 2023-04-01 21:10:49 Image size of job updated: 4675500
	1127  -  MemoryUsage of job (MB)
	1153976  -  ResidentSetSize of job (KB)
...
006 (113484586.000.000) 2023-04-01 21:15:50 Image size of job updated: 4675500
	1138  -  MemoryUsage of job (MB)
	1164852  -  ResidentSetSize of job (KB)
...
006 (113484586.000.000) 2023-04-01 21:35:52 Image size of job updated: 4696044
	1138  -  MemoryUsage of job (MB)
	1164852  -  ResidentSetSize of job (KB)
...
006 (113484586.000.000) 2023-04-01 22:15:55 Image size of job updated: 4710540
	1147  -  MemoryUsage of job (MB)
	1173780  -  ResidentSetSize of job (KB)
...
006 (113484586.000.000) 2023-04-01 22:35:57 Image size of job updated: 4710540
	1157  -  MemoryUsage of job (MB)
	1183768  -  ResidentSetSize of job (KB)
...
006 (113484586.000.000) 2023-04-01 22:55:59 Image size of job updated: 4710540
	1172  -  MemoryUsage of job (MB)
	1199132  -  ResidentSetSize of job (KB)
...
006 (113484586.000.000) 2023-04-01 23:11:00 Image size of job updated: 4710540
	1172  -  MemoryUsage of job (MB)
	1199368  -  ResidentSetSize of job (KB)
...
006 (113484586.000.000) 2023-04-01 23:26:02 Image size of job updated: 4710540
	1175  -  MemoryUsage of job (MB)
	1202628  -  ResidentSetSize of job (KB)
...
006 (113484586.000.000) 2023-04-01 23:31:02 Image size of job updated: 4710540
	1178  -  MemoryUsage of job (MB)
	1206136  -  ResidentSetSize of job (KB)
...
006 (113484586.000.000) 2023-04-01 23:56:06 Image size of job updated: 4710540
	1180  -  MemoryUsage of job (MB)
	1207444  -  ResidentSetSize of job (KB)
...
006 (113484586.000.000) 2023-04-02 00:01:06 Image size of job updated: 4710540
	1182  -  MemoryUsage of job (MB)
	1209368  -  ResidentSetSize of job (KB)
...
006 (113484586.000.000) 2023-04-02 00:26:09 Image size of job updated: 4754200
	1182  -  MemoryUsage of job (MB)
	1209368  -  ResidentSetSize of job (KB)
...
006 (113484586.000.000) 2023-04-02 00:56:12 Image size of job updated: 4754200
	1211  -  MemoryUsage of job (MB)
	1239984  -  ResidentSetSize of job (KB)
...
006 (113484586.000.000) 2023-04-02 01:06:14 Image size of job updated: 4778572
	1211  -  MemoryUsage of job (MB)
	1239984  -  ResidentSetSize of job (KB)
...
006 (113484586.000.000) 2023-04-02 01:21:15 Image size of job updated: 4785784
	1211  -  MemoryUsage of job (MB)
	1239984  -  ResidentSetSize of job (KB)
...
006 (113484586.000.000) 2023-04-02 01:51:18 Image size of job updated: 4818652
	1211  -  MemoryUsage of job (MB)
	1239984  -  ResidentSetSize of job (KB)
...
006 (113484586.000.000) 2023-04-02 02:46:24 Image size of job updated: 4835536
	1228  -  MemoryUsage of job (MB)
	1257212  -  ResidentSetSize of job (KB)
...
006 (113484586.000.000) 2023-04-02 02:51:25 Image size of job updated: 4835536
	1233  -  MemoryUsage of job (MB)
	1262248  -  ResidentSetSize of job (KB)
...
006 (113484586.000.000) 2023-04-02 03:01:25 Image size of job updated: 4835536
	1251  -  MemoryUsage of job (MB)
	1280408  -  ResidentSetSize of job (KB)
...
006 (113484586.000.000) 2023-04-02 03:06:26 Image size of job updated: 4835536
	1259  -  MemoryUsage of job (MB)
	1288556  -  ResidentSetSize of job (KB)
...
006 (113484586.000.000) 2023-04-02 03:11:27 Image size of job updated: 4835536
	1260  -  MemoryUsage of job (MB)
	1290160  -  ResidentSetSize of job (KB)
...
006 (113484586.000.000) 2023-04-02 04:41:36 Image size of job updated: 4888400
	1260  -  MemoryUsage of job (MB)
	1290160  -  ResidentSetSize of job (KB)
...
006 (113484586.000.000) 2023-04-02 05:11:39 Image size of job updated: 4888400
	1264  -  MemoryUsage of job (MB)
	1293916  -  ResidentSetSize of job (KB)
...
006 (113484586.000.000) 2023-04-02 05:16:40 Image size of job updated: 4888400
	1266  -  MemoryUsage of job (MB)
	1295692  -  ResidentSetSize of job (KB)
...
006 (113484586.000.000) 2023-04-02 05:26:41 Image size of job updated: 4888400
	1287  -  MemoryUsage of job (MB)
	1316904  -  ResidentSetSize of job (KB)
...
006 (113484586.000.000) 2023-04-02 05:31:41 Image size of job updated: 4888400
	1288  -  MemoryUsage of job (MB)
	1318680  -  ResidentSetSize of job (KB)
...
006 (113484586.000.000) 2023-04-02 05:51:43 Image size of job updated: 4890924
	1288  -  MemoryUsage of job (MB)
	1318680  -  ResidentSetSize of job (KB)
...
006 (113484586.000.000) 2023-04-02 06:06:45 Image size of job updated: 4898660
	1288  -  MemoryUsage of job (MB)
	1318680  -  ResidentSetSize of job (KB)
...
006 (113484586.000.000) 2023-04-02 06:16:47 Image size of job updated: 4898660
	1413  -  MemoryUsage of job (MB)
	1446244  -  ResidentSetSize of job (KB)
...
006 (113484586.000.000) 2023-04-02 06:21:47 Image size of job updated: 4907692
	1413  -  MemoryUsage of job (MB)
	1446244  -  ResidentSetSize of job (KB)
...
006 (113484586.000.000) 2023-04-02 06:46:49 Image size of job updated: 4921684
	1432  -  MemoryUsage of job (MB)
	1466124  -  ResidentSetSize of job (KB)
...
006 (113484586.000.000) 2023-04-02 07:41:55 Image size of job updated: 4948316
	1432  -  MemoryUsage of job (MB)
	1466124  -  ResidentSetSize of job (KB)
...
006 (113484586.000.000) 2023-04-02 08:27:00 Image size of job updated: 4955148
	1432  -  MemoryUsage of job (MB)
	1466124  -  ResidentSetSize of job (KB)
...
006 (113484586.000.000) 2023-04-02 09:02:05 Image size of job updated: 4998864
	1432  -  MemoryUsage of job (MB)
	1466124  -  ResidentSetSize of job (KB)
...
006 (113484586.000.000) 2023-04-02 11:27:20 Image size of job updated: 5039964
	1432  -  MemoryUsage of job (MB)
	1466124  -  ResidentSetSize of job (KB)
...
006 (113484586.000.000) 2023-04-02 12:42:27 Image size of job updated: 5051276
	1432  -  MemoryUsage of job (MB)
	1466124  -  ResidentSetSize of job (KB)
...
006 (113484586.000.000) 2023-04-02 12:52:28 Image size of job updated: 5051276
	1561  -  MemoryUsage of job (MB)
	1597688  -  ResidentSetSize of job (KB)
...
006 (113484586.000.000) 2023-04-02 12:57:28 Image size of job updated: 5059668
	1561  -  MemoryUsage of job (MB)
	1597688  -  ResidentSetSize of job (KB)
...
006 (113484586.000.000) 2023-04-02 15:02:42 Image size of job updated: 5245592
	1561  -  MemoryUsage of job (MB)
	1597688  -  ResidentSetSize of job (KB)
...
004 (113484586.000.000) 2023-04-02 21:33:44 Job was evicted.
	(0) CPU times
		Usr 5 00:15:10, Sys 0 00:10:06  -  Run Remote Usage
		Usr 0 00:00:00, Sys 0 00:00:00  -  Run Local Usage
	0  -  Run Bytes Sent By Job
	381  -  Run Bytes Received By Job
	Partitionable Resources :    Usage  Request Allocated 
	   Cpus                 :     7.87        1         1 
	   Disk (KB)            :  1573      500000    624256 
	   GPUs                 :                           0 
	   Memory (MB)          :  1561       20000     20096 
...
040 (113484586.000.000) 2023-04-02 21:44:38 Started transferring input files
	Transferring to host: <10.14.4.8:9618?addrs=10.14.4.8-9618&alias=node758.cluster.ldas.cit&noUDP&sock=slot1_12_1395218_0c59_4347>
...
040 (113484586.000.000) 2023-04-02 21:44:38 Finished transferring input files
...
001 (113484586.000.000) 2023-04-02 21:44:39 Job executing on host: <10.14.4.8:9618?addrs=10.14.4.8-9618&alias=node758.cluster.ldas.cit&noUDP&sock=startd_1395180_032b>
...
004 (113484586.000.000) 2023-04-03 21:58:13 Job was evicted.
	(0) CPU times
		Usr 3 06:07:54, Sys 0 00:04:53  -  Run Remote Usage
		Usr 0 00:00:00, Sys 0 00:00:00  -  Run Local Usage
	0  -  Run Bytes Sent By Job
	381  -  Run Bytes Received By Job
	Partitionable Resources :    Usage  Request Allocated 
	   Cpus                 :     4.90        1         1 
	   Disk (KB)            :   186      500000    609620 
	   GPUs                 :                           0 
	   Memory (MB)          :  1709       20000     20096 
...
040 (113484586.000.000) 2023-04-03 21:59:42 Started transferring input files
	Transferring to host: <10.14.9.157:9618?addrs=10.14.9.157-9618&alias=node2157.cluster.ldas.cit&noUDP&sock=slot1_7_1565800_7fb2_9126>
...
040 (113484586.000.000) 2023-04-03 21:59:42 Finished transferring input files
...
001 (113484586.000.000) 2023-04-03 21:59:43 Job executing on host: <10.14.9.157:9618?addrs=10.14.9.157-9618&alias=node2157.cluster.ldas.cit&noUDP&sock=startd_1565758_5512>
...
004 (113484586.000.000) 2023-04-04 13:15:41 Job was evicted.
	(0) CPU times
		Usr 2 17:50:52, Sys 0 00:03:33  -  Run Remote Usage
		Usr 0 00:00:00, Sys 0 00:00:00  -  Run Local Usage
	0  -  Run Bytes Sent By Job
	381  -  Run Bytes Received By Job
	Partitionable Resources :    Usage  Request Allocated 
	   Cpus                 :     6.79        1         1 
	   Disk (KB)            :   195      500000    609620 
	   GPUs                 :                           0 
	   Memory (MB)          :  1709       20000     20096 
...
040 (113484586.000.000) 2023-04-04 14:01:11 Started transferring input files
	Transferring to host: <10.14.10.118:9618?addrs=10.14.10.118-9618&alias=node2368.cluster.ldas.cit&noUDP&sock=slot1_5_881045_a7cc_9>
...
040 (113484586.000.000) 2023-04-04 14:01:11 Finished transferring input files
...
001 (113484586.000.000) 2023-04-04 14:01:12 Job executing on host: <10.14.10.118:9618?addrs=10.14.10.118-9618&alias=node2368.cluster.ldas.cit&noUDP&sock=startd_881003_5b98>
...
006 (113484586.000.000) 2023-04-05 03:47:47 Image size of job updated: 7500000
	1731  -  MemoryUsage of job (MB)
	1772488  -  ResidentSetSize of job (KB)
...
004 (113484586.000.000) 2023-04-05 14:01:37 Job was evicted.
	(0) CPU times
		Usr 4 02:42:31, Sys 0 00:03:13  -  Run Remote Usage
		Usr 0 00:00:00, Sys 0 00:00:00  -  Run Local Usage
	0  -  Run Bytes Sent By Job
	381  -  Run Bytes Received By Job
	Partitionable Resources :    Usage  Request Allocated 
	   Cpus                 :     7.90        1         1 
	   Disk (KB)            :   228      500000    624256 
	   GPUs                 :                           0 
	   Memory (MB)          :  1731       20000     20096 
...
040 (113484586.000.000) 2023-04-05 14:05:30 Started transferring input files
	Transferring to host: <10.14.10.54:9618?addrs=10.14.10.54-9618&alias=node2304.cluster.ldas.cit&noUDP&sock=slot1_5_1758073_389d_1184>
...
040 (113484586.000.000) 2023-04-05 14:05:30 Finished transferring input files
...
001 (113484586.000.000) 2023-04-05 14:05:31 Job executing on host: <10.14.10.54:9618?addrs=10.14.10.54-9618&alias=node2304.cluster.ldas.cit&noUDP&sock=startd_1758031_9e23>
...
006 (113484586.000.000) 2023-04-06 11:59:49 Image size of job updated: 16009396
	1954  -  MemoryUsage of job (MB)
	2000000  -  ResidentSetSize of job (KB)
...
040 (113484586.000.000) 2023-04-06 11:59:49 Started transferring output files
...
040 (113484586.000.000) 2023-04-06 11:59:49 Finished transferring output files
...
005 (113484586.000.000) 2023-04-06 11:59:49 Job terminated.
	(1) Normal termination (return value 0)
		Usr 4 13:56:48, Sys 0 00:05:06  -  Run Remote Usage
		Usr 0 00:00:00, Sys 0 00:00:00  -  Run Local Usage
		Usr 19 16:53:15, Sys 0 00:26:51  -  Total Remote Usage
		Usr 0 00:00:00, Sys 0 00:00:00  -  Total Local Usage
	243946  -  Run Bytes Sent By Job
	381  -  Run Bytes Received By Job
	243946  -  Total Bytes Sent By Job
	1905  -  Total Bytes Received By Job
	Partitionable Resources :    Usage  Request Allocated 
	   Cpus                 :     0.99        1         1 
	   Disk (KB)            :   262      500000    624256 
	   GPUs                 :                           0 
	   Memory (MB)          :  1954       20000     20096 

	Job terminated of its own accord at 2023-04-06T18:59:49Z with exit-code 0.
...
