000 (113449500.000.000) 2023-03-29 17:01:30 Job submitted from host: <10.14.0.160:9618?addrs=10.14.0.160-9618&alias=ldas-pcdev2.ligo.caltech.edu&noUDP&sock=schedd_7450_a8a7>
    DAG Node: 563
...
040 (113449500.000.000) 2023-03-29 17:15:10 Started transferring input files
	Transferring to host: <10.14.3.5:9618?addrs=10.14.3.5-9618&alias=node505.cluster.ldas.cit&noUDP&sock=slot1_1_473568_3f33_22368>
...
040 (113449500.000.000) 2023-03-29 17:15:10 Finished transferring input files
...
001 (113449500.000.000) 2023-03-29 17:15:11 Job executing on host: <10.14.3.5:9618?addrs=10.14.3.5-9618&alias=node505.cluster.ldas.cit&noUDP&sock=startd_4104_94c4>
...
006 (113449500.000.000) 2023-03-29 17:15:20 Image size of job updated: 69220
	40  -  MemoryUsage of job (MB)
	40504  -  ResidentSetSize of job (KB)
...
006 (113449500.000.000) 2023-03-29 17:20:21 Image size of job updated: 600056
	347  -  MemoryUsage of job (MB)
	355176  -  ResidentSetSize of job (KB)
...
006 (113449500.000.000) 2023-03-29 17:25:21 Image size of job updated: 5289444
	347  -  MemoryUsage of job (MB)
	355176  -  ResidentSetSize of job (KB)
...
006 (113449500.000.000) 2023-03-29 17:45:22 Image size of job updated: 5289444
	528  -  MemoryUsage of job (MB)
	540616  -  ResidentSetSize of job (KB)
...
006 (113449500.000.000) 2023-03-29 17:50:23 Image size of job updated: 5289444
	707  -  MemoryUsage of job (MB)
	723620  -  ResidentSetSize of job (KB)
...
006 (113449500.000.000) 2023-03-29 17:55:23 Image size of job updated: 5289444
	791  -  MemoryUsage of job (MB)
	809816  -  ResidentSetSize of job (KB)
...
006 (113449500.000.000) 2023-03-29 18:00:23 Image size of job updated: 5289444
	840  -  MemoryUsage of job (MB)
	859376  -  ResidentSetSize of job (KB)
...
006 (113449500.000.000) 2023-03-29 18:05:24 Image size of job updated: 5289444
	842  -  MemoryUsage of job (MB)
	861208  -  ResidentSetSize of job (KB)
...
006 (113449500.000.000) 2023-03-29 18:10:25 Image size of job updated: 5289444
	845  -  MemoryUsage of job (MB)
	864292  -  ResidentSetSize of job (KB)
...
006 (113449500.000.000) 2023-03-29 18:15:25 Image size of job updated: 5289444
	849  -  MemoryUsage of job (MB)
	868480  -  ResidentSetSize of job (KB)
...
006 (113449500.000.000) 2023-03-29 18:20:26 Image size of job updated: 5289444
	851  -  MemoryUsage of job (MB)
	870868  -  ResidentSetSize of job (KB)
...
006 (113449500.000.000) 2023-03-29 18:25:27 Image size of job updated: 5289444
	852  -  MemoryUsage of job (MB)
	872012  -  ResidentSetSize of job (KB)
...
006 (113449500.000.000) 2023-03-29 18:30:27 Image size of job updated: 5289444
	855  -  MemoryUsage of job (MB)
	875280  -  ResidentSetSize of job (KB)
...
006 (113449500.000.000) 2023-03-29 18:40:29 Image size of job updated: 5289444
	857  -  MemoryUsage of job (MB)
	877408  -  ResidentSetSize of job (KB)
...
006 (113449500.000.000) 2023-03-29 18:50:30 Image size of job updated: 5289444
	858  -  MemoryUsage of job (MB)
	878444  -  ResidentSetSize of job (KB)
...
006 (113449500.000.000) 2023-03-29 18:55:31 Image size of job updated: 5289444
	859  -  MemoryUsage of job (MB)
	878704  -  ResidentSetSize of job (KB)
...
006 (113449500.000.000) 2023-03-29 19:00:31 Image size of job updated: 5289444
	859  -  MemoryUsage of job (MB)
	878744  -  ResidentSetSize of job (KB)
...
006 (113449500.000.000) 2023-03-29 19:05:31 Image size of job updated: 5289444
	860  -  MemoryUsage of job (MB)
	879756  -  ResidentSetSize of job (KB)
...
006 (113449500.000.000) 2023-03-29 19:10:32 Image size of job updated: 5289444
	860  -  MemoryUsage of job (MB)
	880040  -  ResidentSetSize of job (KB)
...
006 (113449500.000.000) 2023-03-29 19:15:32 Image size of job updated: 5289444
	897  -  MemoryUsage of job (MB)
	917792  -  ResidentSetSize of job (KB)
...
006 (113449500.000.000) 2023-03-29 19:20:32 Image size of job updated: 5289444
	901  -  MemoryUsage of job (MB)
	922184  -  ResidentSetSize of job (KB)
...
006 (113449500.000.000) 2023-03-29 19:25:33 Image size of job updated: 5289444
	923  -  MemoryUsage of job (MB)
	944688  -  ResidentSetSize of job (KB)
...
006 (113449500.000.000) 2023-03-29 19:35:33 Image size of job updated: 5289444
	930  -  MemoryUsage of job (MB)
	951788  -  ResidentSetSize of job (KB)
...
006 (113449500.000.000) 2023-03-29 19:40:34 Image size of job updated: 5289444
	938  -  MemoryUsage of job (MB)
	960272  -  ResidentSetSize of job (KB)
...
006 (113449500.000.000) 2023-03-29 19:45:34 Image size of job updated: 5289444
	942  -  MemoryUsage of job (MB)
	963716  -  ResidentSetSize of job (KB)
...
006 (113449500.000.000) 2023-03-29 19:50:34 Image size of job updated: 5289444
	943  -  MemoryUsage of job (MB)
	965132  -  ResidentSetSize of job (KB)
...
006 (113449500.000.000) 2023-03-29 19:55:35 Image size of job updated: 5289444
	962  -  MemoryUsage of job (MB)
	984072  -  ResidentSetSize of job (KB)
...
006 (113449500.000.000) 2023-03-29 20:20:37 Image size of job updated: 5289444
	988  -  MemoryUsage of job (MB)
	1010784  -  ResidentSetSize of job (KB)
...
006 (113449500.000.000) 2023-03-29 20:30:39 Image size of job updated: 5289444
	992  -  MemoryUsage of job (MB)
	1015752  -  ResidentSetSize of job (KB)
...
006 (113449500.000.000) 2023-03-29 20:35:39 Image size of job updated: 5289444
	1006  -  MemoryUsage of job (MB)
	1029664  -  ResidentSetSize of job (KB)
...
006 (113449500.000.000) 2023-03-29 20:40:39 Image size of job updated: 5289444
	1006  -  MemoryUsage of job (MB)
	1029832  -  ResidentSetSize of job (KB)
...
004 (113449500.000.000) 2023-03-29 20:42:37 Job was evicted.
	(0) CPU times
		Usr 0 11:05:27, Sys 0 00:01:23  -  Run Remote Usage
		Usr 0 00:00:00, Sys 0 00:00:00  -  Run Local Usage
	0  -  Run Bytes Sent By Job
	366  -  Run Bytes Received By Job
	Partitionable Resources :    Usage  Request Allocated 
	   Cpus                 :     1.99        1         1 
	   Disk (KB)            :  2970      500000    609620 
	   GPUs                 :                           0 
	   Memory (MB)          :  1006       20000     20096 
...
040 (113449500.000.000) 2023-03-29 20:44:44 Started transferring input files
	Transferring to host: <10.14.10.123:9618?addrs=10.14.10.123-9618&alias=node2373.cluster.ldas.cit&noUDP&sock=slot1_17_1968561_0f0c_20956>
...
040 (113449500.000.000) 2023-03-29 20:44:44 Finished transferring input files
...
001 (113449500.000.000) 2023-03-29 20:44:45 Job executing on host: <10.14.10.123:9618?addrs=10.14.10.123-9618&alias=node2373.cluster.ldas.cit&noUDP&sock=startd_4440_0c96>
...
006 (113449500.000.000) 2023-03-30 00:40:18 Image size of job updated: 7500000
	1243  -  MemoryUsage of job (MB)
	1272624  -  ResidentSetSize of job (KB)
...
006 (113449500.000.000) 2023-03-30 00:50:19 Image size of job updated: 7500000
	1245  -  MemoryUsage of job (MB)
	1274796  -  ResidentSetSize of job (KB)
...
006 (113449500.000.000) 2023-03-30 00:55:20 Image size of job updated: 7500000
	1249  -  MemoryUsage of job (MB)
	1278364  -  ResidentSetSize of job (KB)
...
006 (113449500.000.000) 2023-03-30 01:00:21 Image size of job updated: 7500000
	1249  -  MemoryUsage of job (MB)
	1278620  -  ResidentSetSize of job (KB)
...
006 (113449500.000.000) 2023-03-30 01:05:21 Image size of job updated: 7500000
	1249  -  MemoryUsage of job (MB)
	1278624  -  ResidentSetSize of job (KB)
...
006 (113449500.000.000) 2023-03-30 01:10:22 Image size of job updated: 7500000
	1252  -  MemoryUsage of job (MB)
	1281692  -  ResidentSetSize of job (KB)
...
006 (113449500.000.000) 2023-03-30 01:15:23 Image size of job updated: 7500000
	1255  -  MemoryUsage of job (MB)
	1284508  -  ResidentSetSize of job (KB)
...
006 (113449500.000.000) 2023-03-30 01:30:24 Image size of job updated: 7500000
	1265  -  MemoryUsage of job (MB)
	1294512  -  ResidentSetSize of job (KB)
...
006 (113449500.000.000) 2023-03-30 01:35:24 Image size of job updated: 7500000
	1265  -  MemoryUsage of job (MB)
	1295216  -  ResidentSetSize of job (KB)
...
006 (113449500.000.000) 2023-03-30 01:45:25 Image size of job updated: 7500000
	1276  -  MemoryUsage of job (MB)
	1306300  -  ResidentSetSize of job (KB)
...
006 (113449500.000.000) 2023-03-30 01:50:25 Image size of job updated: 7500000
	1301  -  MemoryUsage of job (MB)
	1331888  -  ResidentSetSize of job (KB)
...
006 (113449500.000.000) 2023-03-30 01:55:25 Image size of job updated: 7500000
	1359  -  MemoryUsage of job (MB)
	1391472  -  ResidentSetSize of job (KB)
...
006 (113449500.000.000) 2023-03-30 02:00:27 Image size of job updated: 7500000
	1359  -  MemoryUsage of job (MB)
	1391488  -  ResidentSetSize of job (KB)
...
006 (113449500.000.000) 2023-03-30 02:20:29 Image size of job updated: 7500000
	1381  -  MemoryUsage of job (MB)
	1413208  -  ResidentSetSize of job (KB)
...
006 (113449500.000.000) 2023-03-30 02:30:30 Image size of job updated: 7500000
	1385  -  MemoryUsage of job (MB)
	1417804  -  ResidentSetSize of job (KB)
...
006 (113449500.000.000) 2023-03-30 02:45:32 Image size of job updated: 7500000
	1393  -  MemoryUsage of job (MB)
	1426304  -  ResidentSetSize of job (KB)
...
006 (113449500.000.000) 2023-03-30 02:50:33 Image size of job updated: 7500000
	1397  -  MemoryUsage of job (MB)
	1430032  -  ResidentSetSize of job (KB)
...
006 (113449500.000.000) 2023-03-30 02:55:33 Image size of job updated: 7500000
	1397  -  MemoryUsage of job (MB)
	1430060  -  ResidentSetSize of job (KB)
...
006 (113449500.000.000) 2023-03-30 03:00:33 Image size of job updated: 7500000
	1398  -  MemoryUsage of job (MB)
	1431516  -  ResidentSetSize of job (KB)
...
006 (113449500.000.000) 2023-03-30 03:05:34 Image size of job updated: 7500000
	1401  -  MemoryUsage of job (MB)
	1434176  -  ResidentSetSize of job (KB)
...
006 (113449500.000.000) 2023-03-30 03:10:34 Image size of job updated: 7500000
	1402  -  MemoryUsage of job (MB)
	1434772  -  ResidentSetSize of job (KB)
...
006 (113449500.000.000) 2023-03-30 03:20:35 Image size of job updated: 7500000
	1407  -  MemoryUsage of job (MB)
	1439892  -  ResidentSetSize of job (KB)
...
006 (113449500.000.000) 2023-03-30 03:30:35 Image size of job updated: 7500000
	1409  -  MemoryUsage of job (MB)
	1441884  -  ResidentSetSize of job (KB)
...
006 (113449500.000.000) 2023-03-30 03:35:36 Image size of job updated: 7500000
	1411  -  MemoryUsage of job (MB)
	1443932  -  ResidentSetSize of job (KB)
...
006 (113449500.000.000) 2023-03-30 03:40:37 Image size of job updated: 7500000
	1413  -  MemoryUsage of job (MB)
	1446092  -  ResidentSetSize of job (KB)
...
006 (113449500.000.000) 2023-03-30 03:45:37 Image size of job updated: 7500000
	1415  -  MemoryUsage of job (MB)
	1448140  -  ResidentSetSize of job (KB)
...
006 (113449500.000.000) 2023-03-30 03:55:39 Image size of job updated: 7500000
	1417  -  MemoryUsage of job (MB)
	1450148  -  ResidentSetSize of job (KB)
...
006 (113449500.000.000) 2023-03-30 04:00:39 Image size of job updated: 7500000
	1419  -  MemoryUsage of job (MB)
	1452196  -  ResidentSetSize of job (KB)
...
006 (113449500.000.000) 2023-03-30 04:05:40 Image size of job updated: 7500000
	1420  -  MemoryUsage of job (MB)
	1453860  -  ResidentSetSize of job (KB)
...
006 (113449500.000.000) 2023-03-30 04:40:44 Image size of job updated: 7500000
	1430  -  MemoryUsage of job (MB)
	1463456  -  ResidentSetSize of job (KB)
...
006 (113449500.000.000) 2023-03-30 04:50:44 Image size of job updated: 7500000
	1435  -  MemoryUsage of job (MB)
	1468772  -  ResidentSetSize of job (KB)
...
006 (113449500.000.000) 2023-03-30 05:00:45 Image size of job updated: 7500000
	1437  -  MemoryUsage of job (MB)
	1470820  -  ResidentSetSize of job (KB)
...
006 (113449500.000.000) 2023-03-30 05:20:47 Image size of job updated: 7500000
	1442  -  MemoryUsage of job (MB)
	1475976  -  ResidentSetSize of job (KB)
...
006 (113449500.000.000) 2023-03-30 05:30:49 Image size of job updated: 7500000
	1445  -  MemoryUsage of job (MB)
	1478984  -  ResidentSetSize of job (KB)
...
006 (113449500.000.000) 2023-03-30 05:55:52 Image size of job updated: 7500000
	1450  -  MemoryUsage of job (MB)
	1484712  -  ResidentSetSize of job (KB)
...
006 (113449500.000.000) 2023-03-30 06:00:53 Image size of job updated: 7500000
	1451  -  MemoryUsage of job (MB)
	1485212  -  ResidentSetSize of job (KB)
...
006 (113449500.000.000) 2023-03-30 06:20:55 Image size of job updated: 7500000
	1458  -  MemoryUsage of job (MB)
	1492428  -  ResidentSetSize of job (KB)
...
006 (113449500.000.000) 2023-03-30 06:25:55 Image size of job updated: 7500000
	1460  -  MemoryUsage of job (MB)
	1494476  -  ResidentSetSize of job (KB)
...
006 (113449500.000.000) 2023-03-30 06:30:56 Image size of job updated: 7500000
	1462  -  MemoryUsage of job (MB)
	1496956  -  ResidentSetSize of job (KB)
...
006 (113449500.000.000) 2023-03-30 06:40:56 Image size of job updated: 7500000
	1465  -  MemoryUsage of job (MB)
	1499392  -  ResidentSetSize of job (KB)
...
006 (113449500.000.000) 2023-03-30 06:45:57 Image size of job updated: 7500000
	1467  -  MemoryUsage of job (MB)
	1501440  -  ResidentSetSize of job (KB)
...
006 (113449500.000.000) 2023-03-30 07:05:58 Image size of job updated: 7500000
	1472  -  MemoryUsage of job (MB)
	1507104  -  ResidentSetSize of job (KB)
...
006 (113449500.000.000) 2023-03-30 07:31:00 Image size of job updated: 7500000
	1484  -  MemoryUsage of job (MB)
	1518644  -  ResidentSetSize of job (KB)
...
006 (113449500.000.000) 2023-03-30 07:36:01 Image size of job updated: 7500000
	1484  -  MemoryUsage of job (MB)
	1518668  -  ResidentSetSize of job (KB)
...
006 (113449500.000.000) 2023-03-30 07:41:01 Image size of job updated: 7500000
	1487  -  MemoryUsage of job (MB)
	1521780  -  ResidentSetSize of job (KB)
...
006 (113449500.000.000) 2023-03-30 07:56:03 Image size of job updated: 7500000
	1487  -  MemoryUsage of job (MB)
	1521828  -  ResidentSetSize of job (KB)
...
006 (113449500.000.000) 2023-03-30 08:01:04 Image size of job updated: 7500000
	1488  -  MemoryUsage of job (MB)
	1522720  -  ResidentSetSize of job (KB)
...
006 (113449500.000.000) 2023-03-30 08:06:05 Image size of job updated: 7500000
	1507  -  MemoryUsage of job (MB)
	1543168  -  ResidentSetSize of job (KB)
...
006 (113449500.000.000) 2023-03-30 08:11:05 Image size of job updated: 7500000
	1511  -  MemoryUsage of job (MB)
	1546668  -  ResidentSetSize of job (KB)
...
006 (113449500.000.000) 2023-03-30 08:16:05 Image size of job updated: 7500000
	1511  -  MemoryUsage of job (MB)
	1547248  -  ResidentSetSize of job (KB)
...
006 (113449500.000.000) 2023-03-30 08:21:06 Image size of job updated: 7500000
	1516  -  MemoryUsage of job (MB)
	1551492  -  ResidentSetSize of job (KB)
...
006 (113449500.000.000) 2023-03-30 08:36:07 Image size of job updated: 7500000
	1516  -  MemoryUsage of job (MB)
	1552256  -  ResidentSetSize of job (KB)
...
006 (113449500.000.000) 2023-03-30 08:41:07 Image size of job updated: 7500000
	1518  -  MemoryUsage of job (MB)
	1554304  -  ResidentSetSize of job (KB)
...
006 (113449500.000.000) 2023-03-30 08:51:08 Image size of job updated: 7500000
	1520  -  MemoryUsage of job (MB)
	1556404  -  ResidentSetSize of job (KB)
...
006 (113449500.000.000) 2023-03-30 09:01:09 Image size of job updated: 7500000
	1521  -  MemoryUsage of job (MB)
	1557376  -  ResidentSetSize of job (KB)
...
006 (113449500.000.000) 2023-03-30 09:11:11 Image size of job updated: 7500000
	1523  -  MemoryUsage of job (MB)
	1559424  -  ResidentSetSize of job (KB)
...
006 (113449500.000.000) 2023-03-30 09:16:11 Image size of job updated: 7500000
	1525  -  MemoryUsage of job (MB)
	1561176  -  ResidentSetSize of job (KB)
...
006 (113449500.000.000) 2023-03-30 09:31:13 Image size of job updated: 7500000
	1529  -  MemoryUsage of job (MB)
	1565008  -  ResidentSetSize of job (KB)
...
006 (113449500.000.000) 2023-03-30 09:41:15 Image size of job updated: 7500000
	1530  -  MemoryUsage of job (MB)
	1566436  -  ResidentSetSize of job (KB)
...
006 (113449500.000.000) 2023-03-30 09:51:16 Image size of job updated: 7500000
	1532  -  MemoryUsage of job (MB)
	1568468  -  ResidentSetSize of job (KB)
...
006 (113449500.000.000) 2023-03-30 09:56:17 Image size of job updated: 7500000
	1534  -  MemoryUsage of job (MB)
	1570516  -  ResidentSetSize of job (KB)
...
006 (113449500.000.000) 2023-03-30 10:06:18 Image size of job updated: 7500000
	1538  -  MemoryUsage of job (MB)
	1574896  -  ResidentSetSize of job (KB)
...
006 (113449500.000.000) 2023-03-30 10:16:19 Image size of job updated: 7500000
	1539  -  MemoryUsage of job (MB)
	1575904  -  ResidentSetSize of job (KB)
...
006 (113449500.000.000) 2023-03-30 10:31:21 Image size of job updated: 7500000
	1542  -  MemoryUsage of job (MB)
	1578940  -  ResidentSetSize of job (KB)
...
006 (113449500.000.000) 2023-03-30 10:41:22 Image size of job updated: 7500000
	1543  -  MemoryUsage of job (MB)
	1579708  -  ResidentSetSize of job (KB)
...
006 (113449500.000.000) 2023-03-30 11:36:27 Image size of job updated: 7500000
	1544  -  MemoryUsage of job (MB)
	1580328  -  ResidentSetSize of job (KB)
...
006 (113449500.000.000) 2023-03-30 11:41:27 Image size of job updated: 7500000
	1546  -  MemoryUsage of job (MB)
	1582312  -  ResidentSetSize of job (KB)
...
006 (113449500.000.000) 2023-03-30 11:46:28 Image size of job updated: 7500000
	1546  -  MemoryUsage of job (MB)
	1582480  -  ResidentSetSize of job (KB)
...
006 (113449500.000.000) 2023-03-30 11:51:29 Image size of job updated: 7500000
	1562  -  MemoryUsage of job (MB)
	1599028  -  ResidentSetSize of job (KB)
...
006 (113449500.000.000) 2023-03-30 11:56:29 Image size of job updated: 7500000
	1564  -  MemoryUsage of job (MB)
	1601076  -  ResidentSetSize of job (KB)
...
006 (113449500.000.000) 2023-03-30 12:06:31 Image size of job updated: 7500000
	1566  -  MemoryUsage of job (MB)
	1603344  -  ResidentSetSize of job (KB)
...
006 (113449500.000.000) 2023-03-30 12:16:32 Image size of job updated: 7500000
	1566  -  MemoryUsage of job (MB)
	1603360  -  ResidentSetSize of job (KB)
...
006 (113449500.000.000) 2023-03-30 12:26:33 Image size of job updated: 7500000
	1568  -  MemoryUsage of job (MB)
	1604832  -  ResidentSetSize of job (KB)
...
006 (113449500.000.000) 2023-03-30 12:31:34 Image size of job updated: 7500000
	1568  -  MemoryUsage of job (MB)
	1604956  -  ResidentSetSize of job (KB)
...
006 (113449500.000.000) 2023-03-30 12:41:35 Image size of job updated: 7500000
	1570  -  MemoryUsage of job (MB)
	1607408  -  ResidentSetSize of job (KB)
...
006 (113449500.000.000) 2023-03-30 12:46:36 Image size of job updated: 7500000
	1571  -  MemoryUsage of job (MB)
	1607908  -  ResidentSetSize of job (KB)
...
006 (113449500.000.000) 2023-03-30 12:51:37 Image size of job updated: 7500000
	1572  -  MemoryUsage of job (MB)
	1608808  -  ResidentSetSize of job (KB)
...
006 (113449500.000.000) 2023-03-30 12:56:37 Image size of job updated: 7500000
	1572  -  MemoryUsage of job (MB)
	1609556  -  ResidentSetSize of job (KB)
...
006 (113449500.000.000) 2023-03-30 13:01:37 Image size of job updated: 7500000
	1572  -  MemoryUsage of job (MB)
	1609684  -  ResidentSetSize of job (KB)
...
006 (113449500.000.000) 2023-03-30 13:06:38 Image size of job updated: 7500000
	1585  -  MemoryUsage of job (MB)
	1622708  -  ResidentSetSize of job (KB)
...
006 (113449500.000.000) 2023-03-30 13:26:39 Image size of job updated: 7500000
	1592  -  MemoryUsage of job (MB)
	1630020  -  ResidentSetSize of job (KB)
...
006 (113449500.000.000) 2023-03-30 13:36:40 Image size of job updated: 7500000
	1595  -  MemoryUsage of job (MB)
	1632724  -  ResidentSetSize of job (KB)
...
006 (113449500.000.000) 2023-03-30 13:51:41 Image size of job updated: 7500000
	1596  -  MemoryUsage of job (MB)
	1634080  -  ResidentSetSize of job (KB)
...
006 (113449500.000.000) 2023-03-30 14:16:44 Image size of job updated: 7500000
	1601  -  MemoryUsage of job (MB)
	1638760  -  ResidentSetSize of job (KB)
...
006 (113449500.000.000) 2023-03-30 14:21:44 Image size of job updated: 7500000
	1601  -  MemoryUsage of job (MB)
	1639320  -  ResidentSetSize of job (KB)
...
006 (113449500.000.000) 2023-03-30 14:26:45 Image size of job updated: 7500000
	1604  -  MemoryUsage of job (MB)
	1641968  -  ResidentSetSize of job (KB)
...
006 (113449500.000.000) 2023-03-30 14:41:46 Image size of job updated: 7500000
	1607  -  MemoryUsage of job (MB)
	1645356  -  ResidentSetSize of job (KB)
...
006 (113449500.000.000) 2023-03-30 14:46:47 Image size of job updated: 7500000
	1608  -  MemoryUsage of job (MB)
	1646100  -  ResidentSetSize of job (KB)
...
006 (113449500.000.000) 2023-03-30 14:51:47 Image size of job updated: 7500000
	1610  -  MemoryUsage of job (MB)
	1647812  -  ResidentSetSize of job (KB)
...
006 (113449500.000.000) 2023-03-30 14:56:48 Image size of job updated: 7500000
	1612  -  MemoryUsage of job (MB)
	1650016  -  ResidentSetSize of job (KB)
...
006 (113449500.000.000) 2023-03-30 15:16:50 Image size of job updated: 7500000
	1618  -  MemoryUsage of job (MB)
	1656040  -  ResidentSetSize of job (KB)
...
006 (113449500.000.000) 2023-03-30 15:21:50 Image size of job updated: 7500000
	1620  -  MemoryUsage of job (MB)
	1658088  -  ResidentSetSize of job (KB)
...
006 (113449500.000.000) 2023-03-30 15:31:51 Image size of job updated: 7500000
	1622  -  MemoryUsage of job (MB)
	1660416  -  ResidentSetSize of job (KB)
...
006 (113449500.000.000) 2023-03-30 15:41:52 Image size of job updated: 7500000
	1625  -  MemoryUsage of job (MB)
	1663728  -  ResidentSetSize of job (KB)
...
006 (113449500.000.000) 2023-03-30 15:46:53 Image size of job updated: 7500000
	1626  -  MemoryUsage of job (MB)
	1664556  -  ResidentSetSize of job (KB)
...
006 (113449500.000.000) 2023-03-30 18:02:07 Image size of job updated: 7500000
	1627  -  MemoryUsage of job (MB)
	1665956  -  ResidentSetSize of job (KB)
...
006 (113449500.000.000) 2023-03-30 18:12:08 Image size of job updated: 7500000
	1628  -  MemoryUsage of job (MB)
	1666952  -  ResidentSetSize of job (KB)
...
006 (113449500.000.000) 2023-03-30 18:17:08 Image size of job updated: 7500000
	1629  -  MemoryUsage of job (MB)
	1667864  -  ResidentSetSize of job (KB)
...
006 (113449500.000.000) 2023-03-30 18:22:09 Image size of job updated: 7500000
	1648  -  MemoryUsage of job (MB)
	1687052  -  ResidentSetSize of job (KB)
...
006 (113449500.000.000) 2023-03-30 18:47:11 Image size of job updated: 7500000
	1659  -  MemoryUsage of job (MB)
	1698204  -  ResidentSetSize of job (KB)
...
006 (113449500.000.000) 2023-03-30 19:12:13 Image size of job updated: 7500000
	1662  -  MemoryUsage of job (MB)
	1701872  -  ResidentSetSize of job (KB)
...
006 (113449500.000.000) 2023-03-30 19:17:14 Image size of job updated: 7500000
	1663  -  MemoryUsage of job (MB)
	1702124  -  ResidentSetSize of job (KB)
...
006 (113449500.000.000) 2023-03-30 19:27:15 Image size of job updated: 7500000
	1665  -  MemoryUsage of job (MB)
	1704476  -  ResidentSetSize of job (KB)
...
006 (113449500.000.000) 2023-03-30 19:42:16 Image size of job updated: 7500000
	1668  -  MemoryUsage of job (MB)
	1708012  -  ResidentSetSize of job (KB)
...
006 (113449500.000.000) 2023-03-30 19:57:18 Image size of job updated: 7500000
	1670  -  MemoryUsage of job (MB)
	1710008  -  ResidentSetSize of job (KB)
...
006 (113449500.000.000) 2023-03-30 20:17:20 Image size of job updated: 7500000
	1672  -  MemoryUsage of job (MB)
	1711292  -  ResidentSetSize of job (KB)
...
006 (113449500.000.000) 2023-03-30 20:22:21 Image size of job updated: 7500000
	1674  -  MemoryUsage of job (MB)
	1713340  -  ResidentSetSize of job (KB)
...
006 (113449500.000.000) 2023-03-30 20:27:21 Image size of job updated: 7500000
	1675  -  MemoryUsage of job (MB)
	1714776  -  ResidentSetSize of job (KB)
...
006 (113449500.000.000) 2023-03-30 20:42:22 Image size of job updated: 7500000
	1696  -  MemoryUsage of job (MB)
	1735896  -  ResidentSetSize of job (KB)
...
006 (113449500.000.000) 2023-03-30 20:47:22 Image size of job updated: 7500000
	1698  -  MemoryUsage of job (MB)
	1737944  -  ResidentSetSize of job (KB)
...
006 (113449500.000.000) 2023-03-30 20:52:24 Image size of job updated: 7500000
	1701  -  MemoryUsage of job (MB)
	1741252  -  ResidentSetSize of job (KB)
...
006 (113449500.000.000) 2023-03-30 21:12:26 Image size of job updated: 7500000
	1705  -  MemoryUsage of job (MB)
	1745720  -  ResidentSetSize of job (KB)
...
006 (113449500.000.000) 2023-03-30 21:17:26 Image size of job updated: 7500000
	1706  -  MemoryUsage of job (MB)
	1745972  -  ResidentSetSize of job (KB)
...
006 (113449500.000.000) 2023-03-30 21:52:29 Image size of job updated: 7500000
	1712  -  MemoryUsage of job (MB)
	1752712  -  ResidentSetSize of job (KB)
...
006 (113449500.000.000) 2023-03-30 22:07:31 Image size of job updated: 7500000
	1714  -  MemoryUsage of job (MB)
	1754248  -  ResidentSetSize of job (KB)
...
006 (113449500.000.000) 2023-03-30 22:12:32 Image size of job updated: 7500000
	1714  -  MemoryUsage of job (MB)
	1754252  -  ResidentSetSize of job (KB)
...
006 (113449500.000.000) 2023-03-30 22:17:33 Image size of job updated: 7500000
	1901  -  MemoryUsage of job (MB)
	1946448  -  ResidentSetSize of job (KB)
...
004 (113449500.000.000) 2023-03-30 22:28:01 Job was evicted.
	(0) CPU times
		Usr 3 15:46:25, Sys 0 00:03:32  -  Run Remote Usage
		Usr 0 00:00:00, Sys 0 00:00:00  -  Run Local Usage
	0  -  Run Bytes Sent By Job
	366  -  Run Bytes Received By Job
	Partitionable Resources :    Usage  Request Allocated 
	   Cpus                 :     7.77        1         1 
	   Disk (KB)            :  3936      500000    624256 
	   GPUs                 :                           0 
	   Memory (MB)          :  1901       20000     20096 
...
040 (113449500.000.000) 2023-03-30 22:34:33 Started transferring input files
	Transferring to host: <10.14.4.20:9618?addrs=10.14.4.20-9618&alias=node770.cluster.ldas.cit&noUDP&sock=slot1_13_3604874_9858_2831>
...
040 (113449500.000.000) 2023-03-30 22:34:33 Finished transferring input files
...
001 (113449500.000.000) 2023-03-30 22:34:34 Job executing on host: <10.14.4.20:9618?addrs=10.14.4.20-9618&alias=node770.cluster.ldas.cit&noUDP&sock=startd_3604835_8d18>
...
006 (113449500.000.000) 2023-03-31 15:53:21 Image size of job updated: 7500000
	1977  -  MemoryUsage of job (MB)
	2024136  -  ResidentSetSize of job (KB)
...
006 (113449500.000.000) 2023-03-31 16:53:27 Image size of job updated: 7500000
	1990  -  MemoryUsage of job (MB)
	2037204  -  ResidentSetSize of job (KB)
...
006 (113449500.000.000) 2023-03-31 19:03:40 Image size of job updated: 7500000
	2002  -  MemoryUsage of job (MB)
	2049692  -  ResidentSetSize of job (KB)
...
006 (113449500.000.000) 2023-03-31 22:08:58 Image size of job updated: 7500000
	2027  -  MemoryUsage of job (MB)
	2075108  -  ResidentSetSize of job (KB)
...
004 (113449500.000.000) 2023-04-01 01:28:29 Job was evicted.
	(0) CPU times
		Usr 3 17:28:33, Sys 0 00:20:14  -  Run Remote Usage
		Usr 0 00:00:00, Sys 0 00:00:00  -  Run Local Usage
	0  -  Run Bytes Sent By Job
	366  -  Run Bytes Received By Job
	Partitionable Resources :    Usage  Request Allocated 
	   Cpus                 :     1.99        1         1 
	   Disk (KB)            :  3007      500000    609620 
	   GPUs                 :                           0 
	   Memory (MB)          :  2027       20000     20096 
...
040 (113449500.000.000) 2023-04-01 01:31:50 Started transferring input files
	Transferring to host: <10.14.10.116:9618?addrs=10.14.10.116-9618&alias=node2366.cluster.ldas.cit&noUDP&sock=slot1_10_2147095_69a8_3183>
...
040 (113449500.000.000) 2023-04-01 01:31:51 Finished transferring input files
...
001 (113449500.000.000) 2023-04-01 01:31:51 Job executing on host: <10.14.10.116:9618?addrs=10.14.10.116-9618&alias=node2366.cluster.ldas.cit&noUDP&sock=startd_2147053_5a2e>
...
006 (113449500.000.000) 2023-04-02 01:39:29 Image size of job updated: 7500000
	2275  -  MemoryUsage of job (MB)
	2328788  -  ResidentSetSize of job (KB)
...
004 (113449500.000.000) 2023-04-02 02:15:12 Job was evicted.
	(0) CPU times
		Usr 3 06:29:17, Sys 0 00:05:27  -  Run Remote Usage
		Usr 0 00:00:00, Sys 0 00:00:00  -  Run Local Usage
	0  -  Run Bytes Sent By Job
	366  -  Run Bytes Received By Job
	Partitionable Resources :    Usage  Request Allocated 
	   Cpus                 :     2.92        1         1 
	   Disk (KB)            :  3255      500000    624256 
	   GPUs                 :                           0 
	   Memory (MB)          :  2275       20000     20096 
...
040 (113449500.000.000) 2023-04-02 06:35:33 Entered queue to transfer input files
	Transferring to host: <10.14.10.92:9618?addrs=10.14.10.92-9618&alias=node2342.cluster.ldas.cit&noUDP&sock=slot1_7_2723727_d241_14611>
...
040 (113449500.000.000) 2023-04-02 06:36:02 Started transferring input files
	Seconds spent in queue: 29
...
040 (113449500.000.000) 2023-04-02 06:36:02 Finished transferring input files
...
001 (113449500.000.000) 2023-04-02 06:36:03 Job executing on host: <10.14.10.92:9618?addrs=10.14.10.92-9618&alias=node2342.cluster.ldas.cit&noUDP&sock=startd_2723683_91fb>
...
006 (113449500.000.000) 2023-04-03 05:03:34 Image size of job updated: 7500000
	2543  -  MemoryUsage of job (MB)
	2603708  -  ResidentSetSize of job (KB)
...
004 (113449500.000.000) 2023-04-03 06:52:42 Job was evicted.
	(0) CPU times
		Usr 3 22:40:41, Sys 0 00:03:25  -  Run Remote Usage
		Usr 0 00:00:00, Sys 0 00:00:00  -  Run Local Usage
	0  -  Run Bytes Sent By Job
	366  -  Run Bytes Received By Job
	Partitionable Resources :    Usage  Request Allocated 
	   Cpus                 :     6.96        1         1 
	   Disk (KB)            :  3235      500000    624256 
	   GPUs                 :                           0 
	   Memory (MB)          :  2543       20000     20096 
...
040 (113449500.000.000) 2023-04-03 06:54:40 Started transferring input files
	Seconds spent in queue: 87547
...
040 (113449500.000.000) 2023-04-03 06:54:40 Finished transferring input files
...
001 (113449500.000.000) 2023-04-03 06:54:41 Job executing on host: <10.14.10.64:9618?addrs=10.14.10.64-9618&alias=node2314.cluster.ldas.cit&noUDP&sock=startd_3432263_8359>
...
004 (113449500.000.000) 2023-04-04 07:04:55 Job was evicted.
	(0) CPU times
		Usr 2 13:43:23, Sys 0 00:04:57  -  Run Remote Usage
		Usr 0 00:00:00, Sys 0 00:00:00  -  Run Local Usage
	0  -  Run Bytes Sent By Job
	366  -  Run Bytes Received By Job
	Partitionable Resources :    Usage  Request Allocated 
	   Cpus                 :     3.97        1         1 
	   Disk (KB)            :  2909      500000    624256 
	   GPUs                 :                           0 
	   Memory (MB)          :  2686       20000     20096 
...
040 (113449500.000.000) 2023-04-04 07:07:44 Started transferring input files
	Seconds spent in queue: 174731
...
040 (113449500.000.000) 2023-04-04 07:07:44 Finished transferring input files
...
001 (113449500.000.000) 2023-04-04 07:07:45 Job executing on host: <10.14.10.113:9618?addrs=10.14.10.113-9618&alias=node2363.cluster.ldas.cit&noUDP&sock=startd_1246721_7c96>
...
004 (113449500.000.000) 2023-04-04 13:15:51 Job was evicted.
	(0) CPU times
		Usr 0 22:21:37, Sys 0 00:00:35  -  Run Remote Usage
		Usr 0 00:00:00, Sys 0 00:00:00  -  Run Local Usage
	0  -  Run Bytes Sent By Job
	366  -  Run Bytes Received By Job
	Partitionable Resources :    Usage  Request Allocated 
	   Cpus                 :     0.99        1         1 
	   Disk (KB)            :  2788      500000    624256 
	   GPUs                 :                           0 
	   Memory (MB)          :  2686       20000     20096 
...
040 (113449500.000.000) 2023-04-04 14:01:11 Started transferring input files
	Seconds spent in queue: 199538
...
040 (113449500.000.000) 2023-04-04 14:01:11 Finished transferring input files
...
001 (113449500.000.000) 2023-04-04 14:01:12 Job executing on host: <10.14.10.68:9618?addrs=10.14.10.68-9618&alias=node2318.cluster.ldas.cit&noUDP&sock=startd_3337919_6054>
...
006 (113449500.000.000) 2023-04-05 01:57:32 Image size of job updated: 7500000
	2695  -  MemoryUsage of job (MB)
	2759116  -  ResidentSetSize of job (KB)
...
004 (113449500.000.000) 2023-04-05 14:30:32 Job was evicted.
	(0) CPU times
		Usr 3 06:38:00, Sys 0 00:04:49  -  Run Remote Usage
		Usr 0 00:00:00, Sys 0 00:00:00  -  Run Local Usage
	0  -  Run Bytes Sent By Job
	366  -  Run Bytes Received By Job
	Partitionable Resources :    Usage  Request Allocated 
	   Cpus                 :     0.99        1         1 
	   Disk (KB)            :  2917      500000    624256 
	   GPUs                 :                           0 
	   Memory (MB)          :  2695       20000     20096 
...
040 (113449500.000.000) 2023-04-05 14:33:48 Started transferring input files
	Seconds spent in queue: 287895
...
040 (113449500.000.000) 2023-04-05 14:33:48 Finished transferring input files
...
001 (113449500.000.000) 2023-04-05 14:33:49 Job executing on host: <10.14.4.70:9618?addrs=10.14.4.70-9618&alias=node820.cluster.ldas.cit&noUDP&sock=startd_2252725_8e0a>
...
004 (113449500.000.000) 2023-04-05 14:52:21 Job was evicted.
	(0) CPU times
		Usr 0 01:22:21, Sys 0 00:00:09  -  Run Remote Usage
		Usr 0 00:00:00, Sys 0 00:00:00  -  Run Local Usage
	0  -  Run Bytes Sent By Job
	366  -  Run Bytes Received By Job
	Partitionable Resources :    Usage  Request Allocated 
	   Cpus                 :     1.98        1         1 
	   Disk (KB)            :  2713      500000    624256 
	   GPUs                 :                           0 
	   Memory (MB)          :  2930       20000     20096 
...
009 (113449500.000.000) 2023-04-05 14:52:21 Job was aborted.
	removed because <OtherJobRemoveRequirements = DAGManJobId =?= 113449368> fired when job (113449368.0) was removed
...
000 (113587170.000.000) 2023-04-05 14:54:14 Job submitted from host: <10.14.0.160:9618?addrs=10.14.0.160-9618&alias=ldas-pcdev2.ligo.caltech.edu&noUDP&sock=schedd_7450_a8a7>
    DAG Node: 563
...
040 (113587170.000.000) 2023-04-05 14:56:12 Started transferring input files
	Transferring to host: <10.14.3.41:9618?addrs=10.14.3.41-9618&alias=node541.cluster.ldas.cit&noUDP&sock=slot1_13_1915318_8c77_36248>
...
040 (113587170.000.000) 2023-04-05 14:56:12 Finished transferring input files
...
001 (113587170.000.000) 2023-04-05 14:56:13 Job executing on host: <10.14.3.41:9618?addrs=10.14.3.41-9618&alias=node541.cluster.ldas.cit&noUDP&sock=startd_1915282_b962>
...
006 (113587170.000.000) 2023-04-05 14:56:22 Image size of job updated: 220520
	190  -  MemoryUsage of job (MB)
	194300  -  ResidentSetSize of job (KB)
...
006 (113587170.000.000) 2023-04-05 15:01:24 Image size of job updated: 5414640
	875  -  MemoryUsage of job (MB)
	895964  -  ResidentSetSize of job (KB)
...
006 (113587170.000.000) 2023-04-05 15:06:24 Image size of job updated: 5430460
	898  -  MemoryUsage of job (MB)
	918760  -  ResidentSetSize of job (KB)
...
006 (113587170.000.000) 2023-04-05 15:11:24 Image size of job updated: 5450484
	948  -  MemoryUsage of job (MB)
	969968  -  ResidentSetSize of job (KB)
...
006 (113587170.000.000) 2023-04-05 15:16:26 Image size of job updated: 5482672
	980  -  MemoryUsage of job (MB)
	1002880  -  ResidentSetSize of job (KB)
...
006 (113587170.000.000) 2023-04-05 15:21:26 Image size of job updated: 5513900
	1162  -  MemoryUsage of job (MB)
	1189152  -  ResidentSetSize of job (KB)
...
006 (113587170.000.000) 2023-04-05 15:26:26 Image size of job updated: 5541744
	1301  -  MemoryUsage of job (MB)
	1331860  -  ResidentSetSize of job (KB)
...
006 (113587170.000.000) 2023-04-05 15:31:27 Image size of job updated: 5577312
	1336  -  MemoryUsage of job (MB)
	1367588  -  ResidentSetSize of job (KB)
...
006 (113587170.000.000) 2023-04-05 15:36:27 Image size of job updated: 5607848
	1366  -  MemoryUsage of job (MB)
	1398440  -  ResidentSetSize of job (KB)
...
006 (113587170.000.000) 2023-04-05 15:41:27 Image size of job updated: 5627668
	1386  -  MemoryUsage of job (MB)
	1418436  -  ResidentSetSize of job (KB)
...
006 (113587170.000.000) 2023-04-05 15:46:29 Image size of job updated: 5631308
	1389  -  MemoryUsage of job (MB)
	1421860  -  ResidentSetSize of job (KB)
...
006 (113587170.000.000) 2023-04-05 15:51:29 Image size of job updated: 5651004
	1408  -  MemoryUsage of job (MB)
	1441708  -  ResidentSetSize of job (KB)
...
006 (113587170.000.000) 2023-04-05 15:56:29 Image size of job updated: 5860292
	1542  -  MemoryUsage of job (MB)
	1578128  -  ResidentSetSize of job (KB)
...
006 (113587170.000.000) 2023-04-05 16:01:30 Image size of job updated: 6573712
	1961  -  MemoryUsage of job (MB)
	2007676  -  ResidentSetSize of job (KB)
...
006 (113587170.000.000) 2023-04-05 16:21:33 Image size of job updated: 6573712
	1975  -  MemoryUsage of job (MB)
	2021736  -  ResidentSetSize of job (KB)
...
006 (113587170.000.000) 2023-04-05 16:26:33 Image size of job updated: 6573712
	1980  -  MemoryUsage of job (MB)
	2026704  -  ResidentSetSize of job (KB)
...
006 (113587170.000.000) 2023-04-05 16:31:33 Image size of job updated: 6573712
	2009  -  MemoryUsage of job (MB)
	2057100  -  ResidentSetSize of job (KB)
...
006 (113587170.000.000) 2023-04-05 16:36:34 Image size of job updated: 6573712
	2031  -  MemoryUsage of job (MB)
	2079488  -  ResidentSetSize of job (KB)
...
006 (113587170.000.000) 2023-04-05 16:41:34 Image size of job updated: 6573712
	2034  -  MemoryUsage of job (MB)
	2081992  -  ResidentSetSize of job (KB)
...
006 (113587170.000.000) 2023-04-05 16:51:35 Image size of job updated: 6746688
	2040  -  MemoryUsage of job (MB)
	2088140  -  ResidentSetSize of job (KB)
...
006 (113587170.000.000) 2023-04-05 17:16:37 Image size of job updated: 6781228
	2080  -  MemoryUsage of job (MB)
	2129668  -  ResidentSetSize of job (KB)
...
006 (113587170.000.000) 2023-04-05 17:31:39 Image size of job updated: 6781228
	2080  -  MemoryUsage of job (MB)
	2129672  -  ResidentSetSize of job (KB)
...
006 (113587170.000.000) 2023-04-05 17:41:41 Image size of job updated: 6781228
	2081  -  MemoryUsage of job (MB)
	2130248  -  ResidentSetSize of job (KB)
...
006 (113587170.000.000) 2023-04-05 17:51:42 Image size of job updated: 6781228
	2091  -  MemoryUsage of job (MB)
	2140868  -  ResidentSetSize of job (KB)
...
006 (113587170.000.000) 2023-04-05 18:46:48 Image size of job updated: 6796308
	2093  -  MemoryUsage of job (MB)
	2142976  -  ResidentSetSize of job (KB)
...
006 (113587170.000.000) 2023-04-05 19:01:49 Image size of job updated: 6796308
	2095  -  MemoryUsage of job (MB)
	2144300  -  ResidentSetSize of job (KB)
...
006 (113587170.000.000) 2023-04-05 19:06:49 Image size of job updated: 6796308
	2112  -  MemoryUsage of job (MB)
	2162168  -  ResidentSetSize of job (KB)
...
006 (113587170.000.000) 2023-04-05 19:11:49 Image size of job updated: 6796308
	2116  -  MemoryUsage of job (MB)
	2166296  -  ResidentSetSize of job (KB)
...
006 (113587170.000.000) 2023-04-05 19:16:50 Image size of job updated: 6796308
	2124  -  MemoryUsage of job (MB)
	2174644  -  ResidentSetSize of job (KB)
...
004 (113587170.000.000) 2023-04-05 19:21:23 Job was evicted.
	(0) CPU times
		Usr 0 14:50:56, Sys 0 00:01:06  -  Run Remote Usage
		Usr 0 00:00:00, Sys 0 00:00:00  -  Run Local Usage
	0  -  Run Bytes Sent By Job
	366  -  Run Bytes Received By Job
	Partitionable Resources :    Usage  Request Allocated 
	   Cpus                 :     2.97        1         1 
	   Disk (KB)            :  2726      500000    609620 
	   GPUs                 :                           0 
	   Memory (MB)          :  2124       20000     20096 
...
040 (113587170.000.000) 2023-04-05 20:17:40 Started transferring input files
	Transferring to host: <10.14.4.117:9618?addrs=10.14.4.117-9618&alias=node867.cluster.ldas.cit&noUDP&sock=slot1_4_3761383_5814_102>
...
040 (113587170.000.000) 2023-04-05 20:17:40 Finished transferring input files
...
001 (113587170.000.000) 2023-04-05 20:17:41 Job executing on host: <10.14.4.117:9618?addrs=10.14.4.117-9618&alias=node867.cluster.ldas.cit&noUDP&sock=startd_3761342_55e1>
...
006 (113587170.000.000) 2023-04-06 01:28:22 Image size of job updated: 7500000
	2214  -  MemoryUsage of job (MB)
	2266300  -  ResidentSetSize of job (KB)
...
006 (113587170.000.000) 2023-04-06 01:53:26 Image size of job updated: 7500000
	2218  -  MemoryUsage of job (MB)
	2270992  -  ResidentSetSize of job (KB)
...
006 (113587170.000.000) 2023-04-06 03:33:36 Image size of job updated: 7500000
	2224  -  MemoryUsage of job (MB)
	2276408  -  ResidentSetSize of job (KB)
...
006 (113587170.000.000) 2023-04-06 03:38:36 Image size of job updated: 7500000
	2231  -  MemoryUsage of job (MB)
	2283552  -  ResidentSetSize of job (KB)
...
006 (113587170.000.000) 2023-04-06 03:43:36 Image size of job updated: 7500000
	2237  -  MemoryUsage of job (MB)
	2290096  -  ResidentSetSize of job (KB)
...
006 (113587170.000.000) 2023-04-06 04:18:39 Image size of job updated: 7500000
	2628  -  MemoryUsage of job (MB)
	2690148  -  ResidentSetSize of job (KB)
...
006 (113587170.000.000) 2023-04-06 07:44:00 Image size of job updated: 7500000
	2664  -  MemoryUsage of job (MB)
	2726964  -  ResidentSetSize of job (KB)
...
006 (113587170.000.000) 2023-04-06 09:24:09 Image size of job updated: 7500000
	2725  -  MemoryUsage of job (MB)
	2790192  -  ResidentSetSize of job (KB)
...
004 (113587170.000.000) 2023-04-06 16:04:44 Job was evicted.
	(0) CPU times
		Usr 2 13:00:13, Sys 0 00:13:11  -  Run Remote Usage
		Usr 0 00:00:00, Sys 0 00:00:00  -  Run Local Usage
	0  -  Run Bytes Sent By Job
	366  -  Run Bytes Received By Job
	Partitionable Resources :    Usage  Request Allocated 
	   Cpus                 :     3.18        1         1 
	   Disk (KB)            :  2848      500000    558636 
	   GPUs                 :                           0 
	   Memory (MB)          :  2725       20000     20096 
...
009 (113587170.000.000) 2023-04-06 16:04:44 Job was aborted.
	removed because <OtherJobRemoveRequirements = DAGManJobId =?= 113587092> fired when job (113587092.0) was removed
...
000 (113604283.000.000) 2023-04-06 16:27:57 Job submitted from host: <10.14.0.160:9618?addrs=10.14.0.160-9618&alias=ldas-pcdev2.ligo.caltech.edu&noUDP&sock=schedd_7450_a8a7>
    DAG Node: 563
...
040 (113604283.000.000) 2023-04-06 16:32:44 Started transferring input files
	Transferring to host: <10.14.4.74:9618?addrs=10.14.4.74-9618&alias=node824.cluster.ldas.cit&noUDP&sock=slot1_10_2277176_3eb2_2570>
...
040 (113604283.000.000) 2023-04-06 16:32:44 Finished transferring input files
...
001 (113604283.000.000) 2023-04-06 16:32:45 Job executing on host: <10.14.4.74:9618?addrs=10.14.4.74-9618&alias=node824.cluster.ldas.cit&noUDP&sock=startd_2277133_69a5>
...
006 (113604283.000.000) 2023-04-06 16:32:54 Image size of job updated: 245720
	190  -  MemoryUsage of job (MB)
	194412  -  ResidentSetSize of job (KB)
...
006 (113604283.000.000) 2023-04-06 16:37:55 Image size of job updated: 5234748
	495  -  MemoryUsage of job (MB)
	506688  -  ResidentSetSize of job (KB)
...
006 (113604283.000.000) 2023-04-06 17:07:58 Image size of job updated: 5234748
	526  -  MemoryUsage of job (MB)
	537692  -  ResidentSetSize of job (KB)
...
006 (113604283.000.000) 2023-04-06 17:12:58 Image size of job updated: 5234748
	531  -  MemoryUsage of job (MB)
	543084  -  ResidentSetSize of job (KB)
...
006 (113604283.000.000) 2023-04-06 17:17:59 Image size of job updated: 5234748
	558  -  MemoryUsage of job (MB)
	571188  -  ResidentSetSize of job (KB)
...
006 (113604283.000.000) 2023-04-06 17:22:59 Image size of job updated: 5234748
	562  -  MemoryUsage of job (MB)
	574568  -  ResidentSetSize of job (KB)
...
006 (113604283.000.000) 2023-04-06 17:27:59 Image size of job updated: 5234748
	570  -  MemoryUsage of job (MB)
	582888  -  ResidentSetSize of job (KB)
...
006 (113604283.000.000) 2023-04-06 17:33:00 Image size of job updated: 5234748
	572  -  MemoryUsage of job (MB)
	585636  -  ResidentSetSize of job (KB)
...
006 (113604283.000.000) 2023-04-06 17:38:01 Image size of job updated: 5234748
	577  -  MemoryUsage of job (MB)
	590496  -  ResidentSetSize of job (KB)
...
006 (113604283.000.000) 2023-04-06 17:43:01 Image size of job updated: 5234748
	622  -  MemoryUsage of job (MB)
	636000  -  ResidentSetSize of job (KB)
...
006 (113604283.000.000) 2023-04-06 17:48:01 Image size of job updated: 5234748
	622  -  MemoryUsage of job (MB)
	636256  -  ResidentSetSize of job (KB)
...
006 (113604283.000.000) 2023-04-06 17:53:02 Image size of job updated: 5234748
	649  -  MemoryUsage of job (MB)
	664316  -  ResidentSetSize of job (KB)
...
006 (113604283.000.000) 2023-04-06 17:58:03 Image size of job updated: 5234748
	654  -  MemoryUsage of job (MB)
	669220  -  ResidentSetSize of job (KB)
...
006 (113604283.000.000) 2023-04-06 18:28:05 Image size of job updated: 5234748
	684  -  MemoryUsage of job (MB)
	700252  -  ResidentSetSize of job (KB)
...
006 (113604283.000.000) 2023-04-06 18:33:06 Image size of job updated: 5234748
	686  -  MemoryUsage of job (MB)
	701596  -  ResidentSetSize of job (KB)
...
006 (113604283.000.000) 2023-04-06 18:38:06 Image size of job updated: 5234748
	694  -  MemoryUsage of job (MB)
	710224  -  ResidentSetSize of job (KB)
...
006 (113604283.000.000) 2023-04-06 18:48:07 Image size of job updated: 5234748
	695  -  MemoryUsage of job (MB)
	711148  -  ResidentSetSize of job (KB)
...
006 (113604283.000.000) 2023-04-06 18:53:08 Image size of job updated: 5234748
	695  -  MemoryUsage of job (MB)
	711388  -  ResidentSetSize of job (KB)
...
006 (113604283.000.000) 2023-04-06 18:58:08 Image size of job updated: 5244528
	741  -  MemoryUsage of job (MB)
	758680  -  ResidentSetSize of job (KB)
...
006 (113604283.000.000) 2023-04-06 19:03:08 Image size of job updated: 5244528
	770  -  MemoryUsage of job (MB)
	787856  -  ResidentSetSize of job (KB)
...
006 (113604283.000.000) 2023-04-06 19:08:10 Image size of job updated: 5244688
	850  -  MemoryUsage of job (MB)
	869820  -  ResidentSetSize of job (KB)
...
006 (113604283.000.000) 2023-04-06 19:13:10 Image size of job updated: 5259720
	1012  -  MemoryUsage of job (MB)
	1035840  -  ResidentSetSize of job (KB)
...
006 (113604283.000.000) 2023-04-06 19:18:10 Image size of job updated: 5270920
	1102  -  MemoryUsage of job (MB)
	1128104  -  ResidentSetSize of job (KB)
...
006 (113604283.000.000) 2023-04-06 19:23:11 Image size of job updated: 5289780
	1125  -  MemoryUsage of job (MB)
	1151588  -  ResidentSetSize of job (KB)
...
006 (113604283.000.000) 2023-04-06 19:33:12 Image size of job updated: 5292436
	1147  -  MemoryUsage of job (MB)
	1173848  -  ResidentSetSize of job (KB)
...
006 (113604283.000.000) 2023-04-06 19:38:12 Image size of job updated: 5311512
	1165  -  MemoryUsage of job (MB)
	1192424  -  ResidentSetSize of job (KB)
...
006 (113604283.000.000) 2023-04-06 19:48:14 Image size of job updated: 5311512
	1168  -  MemoryUsage of job (MB)
	1195604  -  ResidentSetSize of job (KB)
...
006 (113604283.000.000) 2023-04-06 19:53:14 Image size of job updated: 5314180
	1168  -  MemoryUsage of job (MB)
	1195732  -  ResidentSetSize of job (KB)
...
006 (113604283.000.000) 2023-04-06 20:03:15 Image size of job updated: 5318340
	1191  -  MemoryUsage of job (MB)
	1218608  -  ResidentSetSize of job (KB)
...
006 (113604283.000.000) 2023-04-06 20:13:16 Image size of job updated: 5320520
	1193  -  MemoryUsage of job (MB)
	1220868  -  ResidentSetSize of job (KB)
...
006 (113604283.000.000) 2023-04-06 20:18:16 Image size of job updated: 5320520
	1211  -  MemoryUsage of job (MB)
	1239084  -  ResidentSetSize of job (KB)
...
006 (113604283.000.000) 2023-04-06 20:28:18 Image size of job updated: 5346704
	1237  -  MemoryUsage of job (MB)
	1266136  -  ResidentSetSize of job (KB)
...
006 (113604283.000.000) 2023-04-06 20:33:18 Image size of job updated: 5346704
	1254  -  MemoryUsage of job (MB)
	1283840  -  ResidentSetSize of job (KB)
...
006 (113604283.000.000) 2023-04-06 20:43:20 Image size of job updated: 5353004
	1280  -  MemoryUsage of job (MB)
	1310572  -  ResidentSetSize of job (KB)
...
006 (113604283.000.000) 2023-04-06 20:48:20 Image size of job updated: 5353260
	1281  -  MemoryUsage of job (MB)
	1310828  -  ResidentSetSize of job (KB)
...
006 (113604283.000.000) 2023-04-06 20:53:20 Image size of job updated: 5392212
	1317  -  MemoryUsage of job (MB)
	1348052  -  ResidentSetSize of job (KB)
...
006 (113604283.000.000) 2023-04-06 21:03:22 Image size of job updated: 5397228
	1321  -  MemoryUsage of job (MB)
	1352700  -  ResidentSetSize of job (KB)
...
006 (113604283.000.000) 2023-04-06 21:13:22 Image size of job updated: 5461148
	1321  -  MemoryUsage of job (MB)
	1352700  -  ResidentSetSize of job (KB)
...
006 (113604283.000.000) 2023-04-06 21:28:24 Image size of job updated: 5470436
	1333  -  MemoryUsage of job (MB)
	1364520  -  ResidentSetSize of job (KB)
...
006 (113604283.000.000) 2023-04-06 21:53:27 Image size of job updated: 5470436
	1341  -  MemoryUsage of job (MB)
	1372672  -  ResidentSetSize of job (KB)
...
006 (113604283.000.000) 2023-04-06 22:03:28 Image size of job updated: 5470436
	1359  -  MemoryUsage of job (MB)
	1391480  -  ResidentSetSize of job (KB)
...
006 (113604283.000.000) 2023-04-06 22:18:30 Image size of job updated: 5470436
	1371  -  MemoryUsage of job (MB)
	1403560  -  ResidentSetSize of job (KB)
...
006 (113604283.000.000) 2023-04-06 22:28:31 Image size of job updated: 5524936
	1374  -  MemoryUsage of job (MB)
	1405964  -  ResidentSetSize of job (KB)
...
006 (113604283.000.000) 2023-04-06 22:38:33 Image size of job updated: 5564676
	1409  -  MemoryUsage of job (MB)
	1442452  -  ResidentSetSize of job (KB)
...
006 (113604283.000.000) 2023-04-06 22:48:34 Image size of job updated: 5570652
	1410  -  MemoryUsage of job (MB)
	1443216  -  ResidentSetSize of job (KB)
...
006 (113604283.000.000) 2023-04-06 23:03:35 Image size of job updated: 5570652
	1415  -  MemoryUsage of job (MB)
	1448592  -  ResidentSetSize of job (KB)
...
006 (113604283.000.000) 2023-04-06 23:08:36 Image size of job updated: 5570652
	1416  -  MemoryUsage of job (MB)
	1449788  -  ResidentSetSize of job (KB)
...
006 (113604283.000.000) 2023-04-06 23:18:37 Image size of job updated: 5570652
	1419  -  MemoryUsage of job (MB)
	1452648  -  ResidentSetSize of job (KB)
...
006 (113604283.000.000) 2023-04-06 23:28:38 Image size of job updated: 5674128
	1422  -  MemoryUsage of job (MB)
	1455336  -  ResidentSetSize of job (KB)
...
006 (113604283.000.000) 2023-04-06 23:33:39 Image size of job updated: 5674128
	1423  -  MemoryUsage of job (MB)
	1456200  -  ResidentSetSize of job (KB)
...
006 (113604283.000.000) 2023-04-06 23:38:39 Image size of job updated: 5674128
	1423  -  MemoryUsage of job (MB)
	1456204  -  ResidentSetSize of job (KB)
...
006 (113604283.000.000) 2023-04-06 23:43:39 Image size of job updated: 5674128
	1426  -  MemoryUsage of job (MB)
	1459856  -  ResidentSetSize of job (KB)
...
006 (113604283.000.000) 2023-04-06 23:48:40 Image size of job updated: 5674128
	1430  -  MemoryUsage of job (MB)
	1463428  -  ResidentSetSize of job (KB)
...
006 (113604283.000.000) 2023-04-06 23:53:41 Image size of job updated: 5674128
	1443  -  MemoryUsage of job (MB)
	1477396  -  ResidentSetSize of job (KB)
...
006 (113604283.000.000) 2023-04-06 23:58:41 Image size of job updated: 5674128
	1444  -  MemoryUsage of job (MB)
	1478340  -  ResidentSetSize of job (KB)
...
006 (113604283.000.000) 2023-04-07 00:03:41 Image size of job updated: 5674128
	1444  -  MemoryUsage of job (MB)
	1478572  -  ResidentSetSize of job (KB)
...
006 (113604283.000.000) 2023-04-07 00:13:43 Image size of job updated: 5674128
	1447  -  MemoryUsage of job (MB)
	1481524  -  ResidentSetSize of job (KB)
...
006 (113604283.000.000) 2023-04-07 00:23:44 Image size of job updated: 5674128
	1457  -  MemoryUsage of job (MB)
	1491116  -  ResidentSetSize of job (KB)
...
006 (113604283.000.000) 2023-04-07 00:28:45 Image size of job updated: 5674128
	1458  -  MemoryUsage of job (MB)
	1492960  -  ResidentSetSize of job (KB)
...
006 (113604283.000.000) 2023-04-07 00:33:45 Image size of job updated: 5674128
	1459  -  MemoryUsage of job (MB)
	1493200  -  ResidentSetSize of job (KB)
...
006 (113604283.000.000) 2023-04-07 00:38:45 Image size of job updated: 5674128
	1461  -  MemoryUsage of job (MB)
	1496060  -  ResidentSetSize of job (KB)
...
006 (113604283.000.000) 2023-04-07 00:53:47 Image size of job updated: 5674128
	1465  -  MemoryUsage of job (MB)
	1499964  -  ResidentSetSize of job (KB)
...
006 (113604283.000.000) 2023-04-07 01:13:49 Image size of job updated: 5674128
	1472  -  MemoryUsage of job (MB)
	1506852  -  ResidentSetSize of job (KB)
...
006 (113604283.000.000) 2023-04-07 01:33:51 Image size of job updated: 5674128
	1477  -  MemoryUsage of job (MB)
	1511644  -  ResidentSetSize of job (KB)
...
006 (113604283.000.000) 2023-04-07 01:38:52 Image size of job updated: 5674128
	1477  -  MemoryUsage of job (MB)
	1511664  -  ResidentSetSize of job (KB)
...
006 (113604283.000.000) 2023-04-07 01:43:53 Image size of job updated: 5674128
	1481  -  MemoryUsage of job (MB)
	1516352  -  ResidentSetSize of job (KB)
...
006 (113604283.000.000) 2023-04-07 01:53:53 Image size of job updated: 5675728
	1484  -  MemoryUsage of job (MB)
	1518896  -  ResidentSetSize of job (KB)
...
006 (113604283.000.000) 2023-04-07 02:08:55 Image size of job updated: 5708920
	1515  -  MemoryUsage of job (MB)
	1550496  -  ResidentSetSize of job (KB)
...
006 (113604283.000.000) 2023-04-07 02:18:57 Image size of job updated: 5716192
	1521  -  MemoryUsage of job (MB)
	1556588  -  ResidentSetSize of job (KB)
...
006 (113604283.000.000) 2023-04-07 02:28:57 Image size of job updated: 5716192
	1522  -  MemoryUsage of job (MB)
	1558304  -  ResidentSetSize of job (KB)
...
006 (113604283.000.000) 2023-04-07 02:43:59 Image size of job updated: 5716192
	1523  -  MemoryUsage of job (MB)
	1558664  -  ResidentSetSize of job (KB)
...
006 (113604283.000.000) 2023-04-07 02:48:59 Image size of job updated: 5728404
	1528  -  MemoryUsage of job (MB)
	1564356  -  ResidentSetSize of job (KB)
...
006 (113604283.000.000) 2023-04-07 03:04:00 Image size of job updated: 5731660
	1531  -  MemoryUsage of job (MB)
	1567156  -  ResidentSetSize of job (KB)
...
006 (113604283.000.000) 2023-04-07 03:14:01 Image size of job updated: 5731660
	1531  -  MemoryUsage of job (MB)
	1567512  -  ResidentSetSize of job (KB)
...
006 (113604283.000.000) 2023-04-07 03:19:02 Image size of job updated: 5731660
	1535  -  MemoryUsage of job (MB)
	1571364  -  ResidentSetSize of job (KB)
...
006 (113604283.000.000) 2023-04-07 03:24:02 Image size of job updated: 5731660
	1563  -  MemoryUsage of job (MB)
	1599736  -  ResidentSetSize of job (KB)
...
006 (113604283.000.000) 2023-04-07 04:19:06 Image size of job updated: 5756064
	1563  -  MemoryUsage of job (MB)
	1599736  -  ResidentSetSize of job (KB)
...
006 (113604283.000.000) 2023-04-07 05:09:11 Image size of job updated: 5777640
	1563  -  MemoryUsage of job (MB)
	1599788  -  ResidentSetSize of job (KB)
...
006 (113604283.000.000) 2023-04-07 05:14:11 Image size of job updated: 5777640
	1563  -  MemoryUsage of job (MB)
	1599904  -  ResidentSetSize of job (KB)
...
006 (113604283.000.000) 2023-04-07 05:19:12 Image size of job updated: 5777640
	1578  -  MemoryUsage of job (MB)
	1615512  -  ResidentSetSize of job (KB)
...
006 (113604283.000.000) 2023-04-07 05:24:13 Image size of job updated: 5777640
	1583  -  MemoryUsage of job (MB)
	1620764  -  ResidentSetSize of job (KB)
...
006 (113604283.000.000) 2023-04-07 05:29:13 Image size of job updated: 5777640
	1583  -  MemoryUsage of job (MB)
	1620776  -  ResidentSetSize of job (KB)
...
006 (113604283.000.000) 2023-04-07 06:09:16 Image size of job updated: 5816184
	1596  -  MemoryUsage of job (MB)
	1633428  -  ResidentSetSize of job (KB)
...
006 (113604283.000.000) 2023-04-07 06:34:19 Image size of job updated: 5816184
	1619  -  MemoryUsage of job (MB)
	1657356  -  ResidentSetSize of job (KB)
...
006 (113604283.000.000) 2023-04-07 06:39:20 Image size of job updated: 5816184
	1621  -  MemoryUsage of job (MB)
	1659252  -  ResidentSetSize of job (KB)
...
006 (113604283.000.000) 2023-04-07 06:44:20 Image size of job updated: 5816184
	1634  -  MemoryUsage of job (MB)
	1672492  -  ResidentSetSize of job (KB)
...
006 (113604283.000.000) 2023-04-07 06:49:20 Image size of job updated: 5816184
	1634  -  MemoryUsage of job (MB)
	1672744  -  ResidentSetSize of job (KB)
...
006 (113604283.000.000) 2023-04-07 06:54:21 Image size of job updated: 5820004
	1634  -  MemoryUsage of job (MB)
	1672744  -  ResidentSetSize of job (KB)
...
006 (113604283.000.000) 2023-04-07 07:09:22 Image size of job updated: 5820004
	1651  -  MemoryUsage of job (MB)
	1689720  -  ResidentSetSize of job (KB)
...
006 (113604283.000.000) 2023-04-07 07:24:24 Image size of job updated: 5887096
	1653  -  MemoryUsage of job (MB)
	1692412  -  ResidentSetSize of job (KB)
...
006 (113604283.000.000) 2023-04-07 07:39:26 Image size of job updated: 5893624
	1659  -  MemoryUsage of job (MB)
	1698336  -  ResidentSetSize of job (KB)
...
006 (113604283.000.000) 2023-04-07 07:54:27 Image size of job updated: 5893624
	1667  -  MemoryUsage of job (MB)
	1706296  -  ResidentSetSize of job (KB)
...
006 (113604283.000.000) 2023-04-07 08:39:32 Image size of job updated: 5899064
	1667  -  MemoryUsage of job (MB)
	1706296  -  ResidentSetSize of job (KB)
...
006 (113604283.000.000) 2023-04-07 09:29:37 Image size of job updated: 5899064
	1712  -  MemoryUsage of job (MB)
	1752604  -  ResidentSetSize of job (KB)
...
006 (113604283.000.000) 2023-04-07 09:39:37 Image size of job updated: 5961276
	1872  -  MemoryUsage of job (MB)
	1916416  -  ResidentSetSize of job (KB)
...
006 (113604283.000.000) 2023-04-07 10:19:42 Image size of job updated: 5978608
	1872  -  MemoryUsage of job (MB)
	1916416  -  ResidentSetSize of job (KB)
...
006 (113604283.000.000) 2023-04-07 11:29:50 Image size of job updated: 5978608
	1883  -  MemoryUsage of job (MB)
	1927632  -  ResidentSetSize of job (KB)
...
006 (113604283.000.000) 2023-04-07 12:19:56 Image size of job updated: 6001036
	1883  -  MemoryUsage of job (MB)
	1927632  -  ResidentSetSize of job (KB)
...
006 (113604283.000.000) 2023-04-07 13:15:00 Image size of job updated: 6026420
	1883  -  MemoryUsage of job (MB)
	1927632  -  ResidentSetSize of job (KB)
...
004 (113604283.000.000) 2023-04-07 16:38:17 Job was evicted.
	(0) CPU times
		Usr 3 13:10:27, Sys 0 00:05:49  -  Run Remote Usage
		Usr 0 00:00:00, Sys 0 00:00:00  -  Run Local Usage
	0  -  Run Bytes Sent By Job
	366  -  Run Bytes Received By Job
	Partitionable Resources :    Usage  Request Allocated 
	   Cpus                 :     7.89        1         1 
	   Disk (KB)            :  4433      500000    624256 
	   GPUs                 :                           0 
	   Memory (MB)          :  1883       20000     20096 
...
040 (113604283.000.000) 2023-04-07 16:56:57 Started transferring input files
	Transferring to host: <10.14.9.61:9618?addrs=10.14.9.61-9618&alias=node2061.cluster.ldas.cit&noUDP&sock=slot1_5_2792310_bfc5_12960>
...
040 (113604283.000.000) 2023-04-07 16:56:57 Finished transferring input files
...
001 (113604283.000.000) 2023-04-07 16:56:58 Job executing on host: <10.14.9.61:9618?addrs=10.14.9.61-9618&alias=node2061.cluster.ldas.cit&noUDP&sock=startd_2792272_eb54>
...
006 (113604283.000.000) 2023-04-08 09:08:47 Image size of job updated: 7500000
	1978  -  MemoryUsage of job (MB)
	2025128  -  ResidentSetSize of job (KB)
...
006 (113604283.000.000) 2023-04-08 13:59:19 Image size of job updated: 7500000
	2056  -  MemoryUsage of job (MB)
	2104580  -  ResidentSetSize of job (KB)
...
006 (113604283.000.000) 2023-04-08 17:09:38 Image size of job updated: 7500000
	2083  -  MemoryUsage of job (MB)
	2132764  -  ResidentSetSize of job (KB)
...
004 (113604283.000.000) 2023-04-08 18:10:19 Job was evicted.
	(0) CPU times
		Usr 2 07:07:36, Sys 0 00:10:56  -  Run Remote Usage
		Usr 0 00:00:00, Sys 0 00:00:00  -  Run Local Usage
	0  -  Run Bytes Sent By Job
	366  -  Run Bytes Received By Job
	Partitionable Resources :    Usage  Request Allocated 
	   Cpus                 :     0.99        1         1 
	   Disk (KB)            :  3220      500000    609620 
	   GPUs                 :                           0 
	   Memory (MB)          :  2083       20000     20096 
...
040 (113604283.000.000) 2023-04-08 18:10:29 Started transferring input files
	Transferring to host: <10.14.9.191:9618?addrs=10.14.9.191-9618&alias=node2191.cluster.ldas.cit&noUDP&sock=slot1_10_4190235_5fb4_3432>
...
040 (113604283.000.000) 2023-04-08 18:10:29 Finished transferring input files
...
001 (113604283.000.000) 2023-04-08 18:10:30 Job executing on host: <10.14.9.191:9618?addrs=10.14.9.191-9618&alias=node2191.cluster.ldas.cit&noUDP&sock=startd_4190189_b51f>
...
006 (113604283.000.000) 2023-04-09 06:41:56 Image size of job updated: 7500000
	2248  -  MemoryUsage of job (MB)
	2301348  -  ResidentSetSize of job (KB)
...
006 (113604283.000.000) 2023-04-09 08:37:08 Image size of job updated: 7500000
	2307  -  MemoryUsage of job (MB)
	2362304  -  ResidentSetSize of job (KB)
...
006 (113604283.000.000) 2023-04-09 17:08:02 Image size of job updated: 7500000
	2375  -  MemoryUsage of job (MB)
	2431536  -  ResidentSetSize of job (KB)
...
004 (113604283.000.000) 2023-04-09 18:11:24 Job was evicted.
	(0) CPU times
		Usr 3 06:02:16, Sys 0 00:09:47  -  Run Remote Usage
		Usr 0 00:00:00, Sys 0 00:00:00  -  Run Local Usage
	0  -  Run Bytes Sent By Job
	366  -  Run Bytes Received By Job
	Partitionable Resources :    Usage  Request Allocated 
	   Cpus                 :     0.99        1         1 
	   Disk (KB)            :  3225      500000    624248 
	   GPUs                 :                           0 
	   Memory (MB)          :  2375       20000     20096 
...
040 (113604283.000.000) 2023-04-09 18:12:22 Started transferring input files
	Transferring to host: <10.14.10.86:9618?addrs=10.14.10.86-9618&alias=node2336.cluster.ldas.cit&noUDP&sock=slot1_1_3766197_3e18_6122>
...
040 (113604283.000.000) 2023-04-09 18:12:22 Finished transferring input files
...
001 (113604283.000.000) 2023-04-09 18:12:23 Job executing on host: <10.14.10.86:9618?addrs=10.14.10.86-9618&alias=node2336.cluster.ldas.cit&noUDP&sock=startd_3766155_a734>
...
006 (113604283.000.000) 2023-04-10 03:38:31 Image size of job updated: 7500000
	2501  -  MemoryUsage of job (MB)
	2560904  -  ResidentSetSize of job (KB)
...
006 (113604283.000.000) 2023-04-10 06:43:50 Image size of job updated: 7500000
	2537  -  MemoryUsage of job (MB)
	2597156  -  ResidentSetSize of job (KB)
...
006 (113604283.000.000) 2023-04-10 07:03:52 Image size of job updated: 7500000
	2539  -  MemoryUsage of job (MB)
	2599064  -  ResidentSetSize of job (KB)
...
006 (113604283.000.000) 2023-04-10 08:09:00 Image size of job updated: 7500000
	2562  -  MemoryUsage of job (MB)
	2623032  -  ResidentSetSize of job (KB)
...
006 (113604283.000.000) 2023-04-10 14:49:43 Image size of job updated: 7500000
	2570  -  MemoryUsage of job (MB)
	2631104  -  ResidentSetSize of job (KB)
...
004 (113604283.000.000) 2023-04-11 00:25:30 Job was evicted.
	(0) CPU times
		Usr 4 12:43:55, Sys 0 00:03:14  -  Run Remote Usage
		Usr 0 00:00:00, Sys 0 00:00:00  -  Run Local Usage
	0  -  Run Bytes Sent By Job
	366  -  Run Bytes Received By Job
	Partitionable Resources :    Usage  Request Allocated 
	   Cpus                 :     2.41        1         1 
	   Disk (KB)            :  3391      500000    624256 
	   GPUs                 :                           0 
	   Memory (MB)          :  2570       20000     20096 
...
040 (113604283.000.000) 2023-04-11 00:30:11 Started transferring input files
	Transferring to host: <10.14.4.67:9618?addrs=10.14.4.67-9618&alias=node817.cluster.ldas.cit&noUDP&sock=slot1_9_2288974_00d1_4652>
...
040 (113604283.000.000) 2023-04-11 00:30:11 Finished transferring input files
...
001 (113604283.000.000) 2023-04-11 00:30:12 Job executing on host: <10.14.4.67:9618?addrs=10.14.4.67-9618&alias=node817.cluster.ldas.cit&noUDP&sock=startd_2288932_8b97>
...
006 (113604283.000.000) 2023-04-11 19:42:18 Image size of job updated: 7500000
	2695  -  MemoryUsage of job (MB)
	2759640  -  ResidentSetSize of job (KB)
...
004 (113604283.000.000) 2023-04-12 00:39:33 Job was evicted.
	(0) CPU times
		Usr 2 03:12:45, Sys 0 00:03:13  -  Run Remote Usage
		Usr 0 00:00:00, Sys 0 00:00:00  -  Run Local Usage
	0  -  Run Bytes Sent By Job
	366  -  Run Bytes Received By Job
	Partitionable Resources :    Usage  Request Allocated 
	   Cpus                 :     3.89        1         1 
	   Disk (KB)            :  2879      500000    624256 
	   GPUs                 :                           0 
	   Memory (MB)          :  2695       20000     20096 
...
040 (113604283.000.000) 2023-04-12 00:41:21 Started transferring input files
	Transferring to host: <10.14.9.135:9618?addrs=10.14.9.135-9618&alias=node2135.cluster.ldas.cit&noUDP&sock=slot1_13_1291696_6f27_6518>
...
040 (113604283.000.000) 2023-04-12 00:41:21 Finished transferring input files
...
001 (113604283.000.000) 2023-04-12 00:41:22 Job executing on host: <10.14.9.135:9618?addrs=10.14.9.135-9618&alias=node2135.cluster.ldas.cit&noUDP&sock=startd_1291551_234b>
...
022 (113604283.000.000) 2023-04-12 16:53:15 Job disconnected, attempting to reconnect
    Socket between submit and execute hosts closed unexpectedly
    Trying to reconnect to slot1_13@node2135.cluster.ldas.cit <10.14.9.135:9618?addrs=10.14.9.135-9618&alias=node2135.cluster.ldas.cit&noUDP&sock=startd_1291551_234b>
...
024 (113604283.000.000) 2023-04-12 17:33:15 Job reconnection failed
    Job disconnected too long: JobLeaseDuration (2400 seconds) expired
    Can not reconnect to slot1_13@node2135.cluster.ldas.cit, rescheduling job
...
040 (113604283.000.000) 2023-04-12 17:38:07 Started transferring input files
	Transferring to host: <10.14.10.123:9618?addrs=10.14.10.123-9618&alias=node2373.cluster.ldas.cit&noUDP&sock=slot1_13_1968561_0f0c_39789>
...
040 (113604283.000.000) 2023-04-12 17:38:07 Finished transferring input files
...
001 (113604283.000.000) 2023-04-12 17:38:08 Job executing on host: <10.14.10.123:9618?addrs=10.14.10.123-9618&alias=node2373.cluster.ldas.cit&noUDP&sock=startd_4440_0c96>
...
004 (113604283.000.000) 2023-04-13 17:45:08 Job was evicted.
	(0) CPU times
		Usr 2 21:16:11, Sys 0 00:04:41  -  Run Remote Usage
		Usr 0 00:00:00, Sys 0 00:00:00  -  Run Local Usage
	0  -  Run Bytes Sent By Job
	366  -  Run Bytes Received By Job
	Partitionable Resources :    Usage  Request Allocated 
	   Cpus                 :     1.99        1         1 
	   Disk (KB)            :  2999      500000    624256 
	   GPUs                 :                           0 
	   Memory (MB)          :  2930       20000     20096 
...
040 (113604283.000.000) 2023-04-13 17:45:12 Started transferring input files
	Transferring to host: <10.14.10.26:9618?addrs=10.14.10.26-9618&alias=node2276.cluster.ldas.cit&noUDP&sock=slot1_6_3404986_6a98_15560>
...
040 (113604283.000.000) 2023-04-13 17:45:12 Finished transferring input files
...
001 (113604283.000.000) 2023-04-13 17:45:14 Job executing on host: <10.14.10.26:9618?addrs=10.14.10.26-9618&alias=node2276.cluster.ldas.cit&noUDP&sock=startd_3404942_945d>
...
006 (113604283.000.000) 2023-04-14 12:32:06 Image size of job updated: 14990204
	2930  -  MemoryUsage of job (MB)
	3000000  -  ResidentSetSize of job (KB)
...
040 (113604283.000.000) 2023-04-14 12:32:06 Started transferring output files
...
040 (113604283.000.000) 2023-04-14 12:32:06 Finished transferring output files
...
005 (113604283.000.000) 2023-04-14 12:32:06 Job terminated.
	(1) Normal termination (return value 0)
		Usr 2 11:13:33, Sys 0 00:03:57  -  Run Remote Usage
		Usr 0 00:00:00, Sys 0 00:00:00  -  Run Local Usage
		Usr 23 03:27:10, Sys 0 00:43:21  -  Total Remote Usage
		Usr 0 00:00:00, Sys 0 00:00:00  -  Total Local Usage
	3116727  -  Run Bytes Sent By Job
	366  -  Run Bytes Received By Job
	3116727  -  Total Bytes Sent By Job
	2928  -  Total Bytes Received By Job
	Partitionable Resources :    Usage  Request Allocated 
	   Cpus                 :     5.08        1         1 
	   Disk (KB)            :  3067      500000    624256 
	   GPUs                 :                           0 
	   Memory (MB)          :  2930       20000     20096 

	Job terminated of its own accord at 2023-04-14T19:32:06Z with exit-code 0.
...
