13:50 bilby INFO    : Waveform generator initiated with
  frequency_domain_source_model: bilby.gw.source.lal_binary_black_hole
  time_domain_source_model: None
  parameter_conversion: bilby.gw.conversion.convert_to_lal_binary_black_hole_parameters
13:51 bilby INFO    : Injected signal in H1:
13:51 bilby INFO    :   optimal SNR = 7.32
13:51 bilby INFO    :   matched filter SNR = 6.97-0.51j
13:51 bilby INFO    :   mass_1 = 95.23081678104329
13:51 bilby INFO    :   mass_2 = 86.83423407670539
13:51 bilby INFO    :   a_1 = 0.6478998878355596
13:51 bilby INFO    :   a_2 = 0.21520700128774553
13:51 bilby INFO    :   tilt_1 = 1.5478414716443778
13:51 bilby INFO    :   tilt_2 = 0.9595935885611885
13:51 bilby INFO    :   phi_12 = 3.539519736570954
13:51 bilby INFO    :   phi_jl = 0.9137836452542362
13:51 bilby INFO    :   luminosity_distance = 5410.5253563676
13:51 bilby INFO    :   theta_jn = 0.4368468214980539
13:51 bilby INFO    :   psi = 2.8240517649
13:51 bilby INFO    :   phase = 6.0765072331
13:51 bilby INFO    :   geocent_time = 1126259642.413
13:51 bilby INFO    :   ra = 0.32033292950000003
13:51 bilby INFO    :   dec = 3.3882856753
13:51 bilby INFO    : Injected signal in L1:
13:51 bilby INFO    :   optimal SNR = 9.38
13:51 bilby INFO    :   matched filter SNR = 9.31+1.01j
13:51 bilby INFO    :   mass_1 = 95.23081678104329
13:51 bilby INFO    :   mass_2 = 86.83423407670539
13:51 bilby INFO    :   a_1 = 0.6478998878355596
13:51 bilby INFO    :   a_2 = 0.21520700128774553
13:51 bilby INFO    :   tilt_1 = 1.5478414716443778
13:51 bilby INFO    :   tilt_2 = 0.9595935885611885
13:51 bilby INFO    :   phi_12 = 3.539519736570954
13:51 bilby INFO    :   phi_jl = 0.9137836452542362
13:51 bilby INFO    :   luminosity_distance = 5410.5253563676
13:51 bilby INFO    :   theta_jn = 0.4368468214980539
13:51 bilby INFO    :   psi = 2.8240517649
13:51 bilby INFO    :   phase = 6.0765072331
13:51 bilby INFO    :   geocent_time = 1126259642.413
13:51 bilby INFO    :   ra = 0.32033292950000003
13:51 bilby INFO    :   dec = 3.3882856753
13:51 bilby INFO    : Injected signal in V1:
13:51 bilby INFO    :   optimal SNR = 2.02
13:51 bilby INFO    :   matched filter SNR = 1.09-0.59j
13:51 bilby INFO    :   mass_1 = 95.23081678104329
13:51 bilby INFO    :   mass_2 = 86.83423407670539
13:51 bilby INFO    :   a_1 = 0.6478998878355596
13:51 bilby INFO    :   a_2 = 0.21520700128774553
13:51 bilby INFO    :   tilt_1 = 1.5478414716443778
13:51 bilby INFO    :   tilt_2 = 0.9595935885611885
13:51 bilby INFO    :   phi_12 = 3.539519736570954
13:51 bilby INFO    :   phi_jl = 0.9137836452542362
13:51 bilby INFO    :   luminosity_distance = 5410.5253563676
13:51 bilby INFO    :   theta_jn = 0.4368468214980539
13:51 bilby INFO    :   psi = 2.8240517649
13:51 bilby INFO    :   phase = 6.0765072331
13:51 bilby INFO    :   geocent_time = 1126259642.413
13:51 bilby INFO    :   ra = 0.32033292950000003
13:51 bilby INFO    :   dec = 3.3882856753
13:51 bilby INFO    : Running for label 'job_00799_justSpin', output will be saved to '/home/simona.miller/comp-spin-mock-injections/Data/IndividualInferenceOutput/new_bilby/population1_highSpinPrecessing_highmass'
13:51 bilby INFO    : Using lal version 7.3.0
13:51 bilby INFO    : Using lal git version Branch: None;Tag: lalsuite-v7.13;Id: ec1fcb1d2d1dab69321fdb8f0afef1f867b11e06;;Builder: Unknown User <>;Repository status: UNCLEAN: Modified working tree
13:51 bilby INFO    : Using lalsimulation version 5.0.0
13:51 bilby INFO    : Using lalsimulation git version Branch: None;Tag: lalsuite-v7.13;Id: ec1fcb1d2d1dab69321fdb8f0afef1f867b11e06;;Builder: Unknown User <>;Repository status: UNCLEAN: Modified working tree
13:51 bilby INFO    : Analysis priors:
13:51 bilby INFO    : a_1=Uniform(minimum=0, maximum=0.99, name='a_1', latex_label='$a_1$', unit=None, boundary=None)
13:51 bilby INFO    : a_2=Uniform(minimum=0, maximum=0.99, name='a_2', latex_label='$a_2$', unit=None, boundary=None)
13:51 bilby INFO    : tilt_1=Sine(minimum=0, maximum=3.141592653589793, name='tilt_1', latex_label='$\\theta_1$', unit=None, boundary=None)
13:51 bilby INFO    : tilt_2=Sine(minimum=0, maximum=3.141592653589793, name='tilt_2', latex_label='$\\theta_2$', unit=None, boundary=None)
13:51 bilby INFO    : ra=0.32033292950000003
13:51 bilby INFO    : dec=3.3882856753
13:51 bilby INFO    : geocent_time=1126259642.413
13:51 bilby INFO    : phase=6.0765072331
13:51 bilby INFO    : psi=2.8240517649
13:51 bilby INFO    : luminosity_distance=5410.5253563676
13:51 bilby INFO    : theta_jn=0.4368468214980539
13:51 bilby INFO    : mass_1=95.23081678104329
13:51 bilby INFO    : mass_2=86.83423407670539
13:51 bilby INFO    : phi_12=3.539519736570954
13:51 bilby INFO    : phi_jl=0.9137836452542362
13:51 bilby INFO    : Analysis likelihood class: <class 'bilby.gw.likelihood.base.GravitationalWaveTransient'>
13:51 bilby INFO    : Analysis likelihood noise evidence: -24232.114693506544
13:51 bilby INFO    : Single likelihood evaluation took 1.678e-02 s
13:51 bilby INFO    : Checkpoint every check_point_delta_t = 600s
13:51 bilby WARNING : Using cached result
13:51 bilby INFO    : Summary of results:
nsamples: 4273
ln_noise_evidence: -24232.115
ln_evidence: -24166.181 +/-  0.042
ln_bayes_factor: 65.934 +/-  0.042

