000 (113449514.000.000) 2023-03-29 17:01:30 Job submitted from host: <10.14.0.160:9618?addrs=10.14.0.160-9618&alias=ldas-pcdev2.ligo.caltech.edu&noUDP&sock=schedd_7450_a8a7>
    DAG Node: 746
...
022 (113449514.000.000) 2023-03-29 17:15:11 Job disconnected, attempting to reconnect
    Socket between submit and execute hosts closed unexpectedly
    Trying to reconnect to slot1_4@node2267.cluster.ldas.cit <10.14.10.17:9618?addrs=10.14.10.17-9618&alias=node2267.cluster.ldas.cit&noUDP&sock=startd_3479_e213>
...
024 (113449514.000.000) 2023-03-29 17:15:19 Job reconnection failed
    Job not found at execution machine
    Can not reconnect to slot1_4@node2267.cluster.ldas.cit, rescheduling job
...
022 (113449514.000.000) 2023-03-29 17:16:42 Job disconnected, attempting to reconnect
    Socket between submit and execute hosts closed unexpectedly
    Trying to reconnect to slot1_2@node2267.cluster.ldas.cit <10.14.10.17:9618?addrs=10.14.10.17-9618&alias=node2267.cluster.ldas.cit&noUDP&sock=startd_3479_e213>
...
024 (113449514.000.000) 2023-03-29 17:16:50 Job reconnection failed
    Job not found at execution machine
    Can not reconnect to slot1_2@node2267.cluster.ldas.cit, rescheduling job
...
040 (113449514.000.000) 2023-03-29 17:18:24 Started transferring input files
	Transferring to host: <10.14.9.106:9618?addrs=10.14.9.106-9618&alias=node2106.cluster.ldas.cit&noUDP&sock=slot1_6_2658791_88f0_3294>
...
040 (113449514.000.000) 2023-03-29 17:18:24 Finished transferring input files
...
001 (113449514.000.000) 2023-03-29 17:18:25 Job executing on host: <10.14.9.106:9618?addrs=10.14.9.106-9618&alias=node2106.cluster.ldas.cit&noUDP&sock=startd_2658750_eee2>
...
006 (113449514.000.000) 2023-03-29 17:18:33 Image size of job updated: 313292
	86  -  MemoryUsage of job (MB)
	87656  -  ResidentSetSize of job (KB)
...
006 (113449514.000.000) 2023-03-29 17:23:33 Image size of job updated: 4132620
	141  -  MemoryUsage of job (MB)
	143608  -  ResidentSetSize of job (KB)
...
006 (113449514.000.000) 2023-03-29 17:28:34 Image size of job updated: 4132620
	142  -  MemoryUsage of job (MB)
	144680  -  ResidentSetSize of job (KB)
...
006 (113449514.000.000) 2023-03-29 17:33:35 Image size of job updated: 4132620
	366  -  MemoryUsage of job (MB)
	374588  -  ResidentSetSize of job (KB)
...
006 (113449514.000.000) 2023-03-29 17:38:35 Image size of job updated: 4132620
	619  -  MemoryUsage of job (MB)
	633428  -  ResidentSetSize of job (KB)
...
006 (113449514.000.000) 2023-03-29 17:43:35 Image size of job updated: 4132620
	726  -  MemoryUsage of job (MB)
	742992  -  ResidentSetSize of job (KB)
...
006 (113449514.000.000) 2023-03-29 17:48:36 Image size of job updated: 4132620
	727  -  MemoryUsage of job (MB)
	744192  -  ResidentSetSize of job (KB)
...
006 (113449514.000.000) 2023-03-29 17:53:36 Image size of job updated: 4132620
	758  -  MemoryUsage of job (MB)
	775296  -  ResidentSetSize of job (KB)
...
006 (113449514.000.000) 2023-03-29 17:58:36 Image size of job updated: 4132620
	759  -  MemoryUsage of job (MB)
	776752  -  ResidentSetSize of job (KB)
...
006 (113449514.000.000) 2023-03-29 18:03:37 Image size of job updated: 4132620
	772  -  MemoryUsage of job (MB)
	789908  -  ResidentSetSize of job (KB)
...
006 (113449514.000.000) 2023-03-29 18:08:37 Image size of job updated: 4132620
	773  -  MemoryUsage of job (MB)
	790720  -  ResidentSetSize of job (KB)
...
006 (113449514.000.000) 2023-03-29 18:13:37 Image size of job updated: 4132620
	794  -  MemoryUsage of job (MB)
	812632  -  ResidentSetSize of job (KB)
...
006 (113449514.000.000) 2023-03-29 18:18:38 Image size of job updated: 4133032
	796  -  MemoryUsage of job (MB)
	814288  -  ResidentSetSize of job (KB)
...
006 (113449514.000.000) 2023-03-29 18:23:38 Image size of job updated: 4139208
	799  -  MemoryUsage of job (MB)
	817544  -  ResidentSetSize of job (KB)
...
006 (113449514.000.000) 2023-03-29 18:38:40 Image size of job updated: 4158276
	820  -  MemoryUsage of job (MB)
	839524  -  ResidentSetSize of job (KB)
...
006 (113449514.000.000) 2023-03-29 18:43:40 Image size of job updated: 4158548
	820  -  MemoryUsage of job (MB)
	839524  -  ResidentSetSize of job (KB)
...
006 (113449514.000.000) 2023-03-29 18:48:41 Image size of job updated: 4169084
	825  -  MemoryUsage of job (MB)
	844068  -  ResidentSetSize of job (KB)
...
006 (113449514.000.000) 2023-03-29 18:53:42 Image size of job updated: 4169084
	826  -  MemoryUsage of job (MB)
	845392  -  ResidentSetSize of job (KB)
...
006 (113449514.000.000) 2023-03-29 18:58:42 Image size of job updated: 4176308
	836  -  MemoryUsage of job (MB)
	855172  -  ResidentSetSize of job (KB)
...
006 (113449514.000.000) 2023-03-29 19:08:44 Image size of job updated: 4185312
	841  -  MemoryUsage of job (MB)
	860676  -  ResidentSetSize of job (KB)
...
006 (113449514.000.000) 2023-03-29 19:13:44 Image size of job updated: 4185312
	842  -  MemoryUsage of job (MB)
	861800  -  ResidentSetSize of job (KB)
...
006 (113449514.000.000) 2023-03-29 19:18:44 Image size of job updated: 4213840
	873  -  MemoryUsage of job (MB)
	893744  -  ResidentSetSize of job (KB)
...
006 (113449514.000.000) 2023-03-29 19:23:45 Image size of job updated: 4215464
	874  -  MemoryUsage of job (MB)
	894572  -  ResidentSetSize of job (KB)
...
006 (113449514.000.000) 2023-03-29 19:28:45 Image size of job updated: 4218012
	887  -  MemoryUsage of job (MB)
	907624  -  ResidentSetSize of job (KB)
...
006 (113449514.000.000) 2023-03-29 19:33:45 Image size of job updated: 4228252
	887  -  MemoryUsage of job (MB)
	907664  -  ResidentSetSize of job (KB)
...
006 (113449514.000.000) 2023-03-29 19:43:47 Image size of job updated: 4259068
	917  -  MemoryUsage of job (MB)
	938540  -  ResidentSetSize of job (KB)
...
006 (113449514.000.000) 2023-03-29 20:28:51 Image size of job updated: 4280692
	917  -  MemoryUsage of job (MB)
	938540  -  ResidentSetSize of job (KB)
...
006 (113449514.000.000) 2023-03-29 20:33:52 Image size of job updated: 4280692
	917  -  MemoryUsage of job (MB)
	938684  -  ResidentSetSize of job (KB)
...
006 (113449514.000.000) 2023-03-29 20:38:52 Image size of job updated: 4280692
	923  -  MemoryUsage of job (MB)
	944732  -  ResidentSetSize of job (KB)
...
006 (113449514.000.000) 2023-03-29 20:43:53 Image size of job updated: 4280692
	925  -  MemoryUsage of job (MB)
	946632  -  ResidentSetSize of job (KB)
...
006 (113449514.000.000) 2023-03-29 20:53:54 Image size of job updated: 4298372
	931  -  MemoryUsage of job (MB)
	953264  -  ResidentSetSize of job (KB)
...
006 (113449514.000.000) 2023-03-29 20:58:55 Image size of job updated: 4298372
	932  -  MemoryUsage of job (MB)
	953612  -  ResidentSetSize of job (KB)
...
006 (113449514.000.000) 2023-03-29 21:13:56 Image size of job updated: 4298372
	939  -  MemoryUsage of job (MB)
	961508  -  ResidentSetSize of job (KB)
...
006 (113449514.000.000) 2023-03-29 21:18:57 Image size of job updated: 4298372
	940  -  MemoryUsage of job (MB)
	962068  -  ResidentSetSize of job (KB)
...
006 (113449514.000.000) 2023-03-29 21:23:57 Image size of job updated: 4298372
	944  -  MemoryUsage of job (MB)
	966256  -  ResidentSetSize of job (KB)
...
006 (113449514.000.000) 2023-03-29 21:38:59 Image size of job updated: 4323144
	983  -  MemoryUsage of job (MB)
	1005732  -  ResidentSetSize of job (KB)
...
006 (113449514.000.000) 2023-03-29 21:43:59 Image size of job updated: 4323144
	984  -  MemoryUsage of job (MB)
	1006652  -  ResidentSetSize of job (KB)
...
006 (113449514.000.000) 2023-03-29 21:49:00 Image size of job updated: 4326312
	984  -  MemoryUsage of job (MB)
	1006652  -  ResidentSetSize of job (KB)
...
006 (113449514.000.000) 2023-03-29 22:04:02 Image size of job updated: 4336784
	993  -  MemoryUsage of job (MB)
	1016636  -  ResidentSetSize of job (KB)
...
006 (113449514.000.000) 2023-03-29 22:09:03 Image size of job updated: 4336784
	1006  -  MemoryUsage of job (MB)
	1030024  -  ResidentSetSize of job (KB)
...
006 (113449514.000.000) 2023-03-29 22:14:03 Image size of job updated: 4336784
	1012  -  MemoryUsage of job (MB)
	1035280  -  ResidentSetSize of job (KB)
...
006 (113449514.000.000) 2023-03-29 22:19:03 Image size of job updated: 4336784
	1015  -  MemoryUsage of job (MB)
	1038504  -  ResidentSetSize of job (KB)
...
006 (113449514.000.000) 2023-03-29 22:29:04 Image size of job updated: 4364964
	1032  -  MemoryUsage of job (MB)
	1055956  -  ResidentSetSize of job (KB)
...
006 (113449514.000.000) 2023-03-29 22:34:04 Image size of job updated: 4364964
	1036  -  MemoryUsage of job (MB)
	1060712  -  ResidentSetSize of job (KB)
...
006 (113449514.000.000) 2023-03-29 22:39:05 Image size of job updated: 4364964
	1054  -  MemoryUsage of job (MB)
	1078428  -  ResidentSetSize of job (KB)
...
006 (113449514.000.000) 2023-03-29 22:44:05 Image size of job updated: 4364964
	1060  -  MemoryUsage of job (MB)
	1084780  -  ResidentSetSize of job (KB)
...
006 (113449514.000.000) 2023-03-29 22:54:07 Image size of job updated: 4386612
	1062  -  MemoryUsage of job (MB)
	1086836  -  ResidentSetSize of job (KB)
...
006 (113449514.000.000) 2023-03-29 22:59:07 Image size of job updated: 4386612
	1062  -  MemoryUsage of job (MB)
	1087376  -  ResidentSetSize of job (KB)
...
006 (113449514.000.000) 2023-03-29 23:04:07 Image size of job updated: 4386612
	1064  -  MemoryUsage of job (MB)
	1089124  -  ResidentSetSize of job (KB)
...
006 (113449514.000.000) 2023-03-29 23:09:08 Image size of job updated: 4386612
	1073  -  MemoryUsage of job (MB)
	1098364  -  ResidentSetSize of job (KB)
...
006 (113449514.000.000) 2023-03-29 23:24:10 Image size of job updated: 4386612
	1078  -  MemoryUsage of job (MB)
	1103556  -  ResidentSetSize of job (KB)
...
006 (113449514.000.000) 2023-03-29 23:59:14 Image size of job updated: 4386612
	1093  -  MemoryUsage of job (MB)
	1118976  -  ResidentSetSize of job (KB)
...
006 (113449514.000.000) 2023-03-30 00:09:15 Image size of job updated: 4386612
	1096  -  MemoryUsage of job (MB)
	1121700  -  ResidentSetSize of job (KB)
...
006 (113449514.000.000) 2023-03-30 00:14:16 Image size of job updated: 4386612
	1098  -  MemoryUsage of job (MB)
	1124148  -  ResidentSetSize of job (KB)
...
006 (113449514.000.000) 2023-03-30 00:34:18 Image size of job updated: 4393560
	1098  -  MemoryUsage of job (MB)
	1124148  -  ResidentSetSize of job (KB)
...
006 (113449514.000.000) 2023-03-30 00:44:18 Image size of job updated: 4393560
	1100  -  MemoryUsage of job (MB)
	1125596  -  ResidentSetSize of job (KB)
...
006 (113449514.000.000) 2023-03-30 00:54:20 Image size of job updated: 4393560
	1102  -  MemoryUsage of job (MB)
	1128336  -  ResidentSetSize of job (KB)
...
006 (113449514.000.000) 2023-03-30 01:04:21 Image size of job updated: 4402968
	1122  -  MemoryUsage of job (MB)
	1148020  -  ResidentSetSize of job (KB)
...
006 (113449514.000.000) 2023-03-30 01:29:24 Image size of job updated: 4437944
	1132  -  MemoryUsage of job (MB)
	1158208  -  ResidentSetSize of job (KB)
...
006 (113449514.000.000) 2023-03-30 01:34:24 Image size of job updated: 4437944
	1134  -  MemoryUsage of job (MB)
	1161148  -  ResidentSetSize of job (KB)
...
006 (113449514.000.000) 2023-03-30 01:39:25 Image size of job updated: 4437944
	1135  -  MemoryUsage of job (MB)
	1161780  -  ResidentSetSize of job (KB)
...
006 (113449514.000.000) 2023-03-30 01:44:26 Image size of job updated: 4535332
	1135  -  MemoryUsage of job (MB)
	1161780  -  ResidentSetSize of job (KB)
...
006 (113449514.000.000) 2023-03-30 02:09:28 Image size of job updated: 4535332
	1138  -  MemoryUsage of job (MB)
	1165280  -  ResidentSetSize of job (KB)
...
006 (113449514.000.000) 2023-03-30 02:14:30 Image size of job updated: 4535332
	1140  -  MemoryUsage of job (MB)
	1167100  -  ResidentSetSize of job (KB)
...
006 (113449514.000.000) 2023-03-30 02:19:30 Image size of job updated: 4535332
	1151  -  MemoryUsage of job (MB)
	1177772  -  ResidentSetSize of job (KB)
...
006 (113449514.000.000) 2023-03-30 02:24:30 Image size of job updated: 4535332
	1152  -  MemoryUsage of job (MB)
	1178988  -  ResidentSetSize of job (KB)
...
006 (113449514.000.000) 2023-03-30 02:29:31 Image size of job updated: 4535332
	1157  -  MemoryUsage of job (MB)
	1184012  -  ResidentSetSize of job (KB)
...
006 (113449514.000.000) 2023-03-30 02:34:32 Image size of job updated: 4535332
	1160  -  MemoryUsage of job (MB)
	1187336  -  ResidentSetSize of job (KB)
...
006 (113449514.000.000) 2023-03-30 02:39:32 Image size of job updated: 4535332
	1162  -  MemoryUsage of job (MB)
	1189280  -  ResidentSetSize of job (KB)
...
006 (113449514.000.000) 2023-03-30 02:44:32 Image size of job updated: 4539528
	1205  -  MemoryUsage of job (MB)
	1233656  -  ResidentSetSize of job (KB)
...
006 (113449514.000.000) 2023-03-30 02:54:33 Image size of job updated: 4539528
	1208  -  MemoryUsage of job (MB)
	1236896  -  ResidentSetSize of job (KB)
...
006 (113449514.000.000) 2023-03-30 03:59:40 Image size of job updated: 4541852
	1208  -  MemoryUsage of job (MB)
	1236896  -  ResidentSetSize of job (KB)
...
006 (113449514.000.000) 2023-03-30 04:14:41 Image size of job updated: 4554796
	1208  -  MemoryUsage of job (MB)
	1236896  -  ResidentSetSize of job (KB)
...
006 (113449514.000.000) 2023-03-30 04:19:41 Image size of job updated: 4554796
	1215  -  MemoryUsage of job (MB)
	1243784  -  ResidentSetSize of job (KB)
...
006 (113449514.000.000) 2023-03-30 04:24:41 Image size of job updated: 4554796
	1217  -  MemoryUsage of job (MB)
	1245228  -  ResidentSetSize of job (KB)
...
006 (113449514.000.000) 2023-03-30 04:29:42 Image size of job updated: 4554796
	1217  -  MemoryUsage of job (MB)
	1246116  -  ResidentSetSize of job (KB)
...
006 (113449514.000.000) 2023-03-30 04:34:43 Image size of job updated: 4554796
	1220  -  MemoryUsage of job (MB)
	1248444  -  ResidentSetSize of job (KB)
...
006 (113449514.000.000) 2023-03-30 04:39:43 Image size of job updated: 4554796
	1223  -  MemoryUsage of job (MB)
	1252012  -  ResidentSetSize of job (KB)
...
006 (113449514.000.000) 2023-03-30 04:44:44 Image size of job updated: 4554796
	1228  -  MemoryUsage of job (MB)
	1257004  -  ResidentSetSize of job (KB)
...
006 (113449514.000.000) 2023-03-30 04:49:45 Image size of job updated: 4554796
	1234  -  MemoryUsage of job (MB)
	1263364  -  ResidentSetSize of job (KB)
...
006 (113449514.000.000) 2023-03-30 04:54:45 Image size of job updated: 4554796
	1240  -  MemoryUsage of job (MB)
	1269004  -  ResidentSetSize of job (KB)
...
006 (113449514.000.000) 2023-03-30 04:59:45 Image size of job updated: 4554796
	1246  -  MemoryUsage of job (MB)
	1275668  -  ResidentSetSize of job (KB)
...
006 (113449514.000.000) 2023-03-30 05:04:47 Image size of job updated: 4584636
	1246  -  MemoryUsage of job (MB)
	1275668  -  ResidentSetSize of job (KB)
...
006 (113449514.000.000) 2023-03-30 05:19:48 Image size of job updated: 4589264
	1246  -  MemoryUsage of job (MB)
	1275668  -  ResidentSetSize of job (KB)
...
006 (113449514.000.000) 2023-03-30 05:39:50 Image size of job updated: 4589264
	1248  -  MemoryUsage of job (MB)
	1277388  -  ResidentSetSize of job (KB)
...
006 (113449514.000.000) 2023-03-30 05:44:50 Image size of job updated: 4600784
	1254  -  MemoryUsage of job (MB)
	1283936  -  ResidentSetSize of job (KB)
...
006 (113449514.000.000) 2023-03-30 05:54:51 Image size of job updated: 4600784
	1254  -  MemoryUsage of job (MB)
	1283960  -  ResidentSetSize of job (KB)
...
006 (113449514.000.000) 2023-03-30 06:09:52 Image size of job updated: 4667816
	1309  -  MemoryUsage of job (MB)
	1339784  -  ResidentSetSize of job (KB)
...
006 (113449514.000.000) 2023-03-30 06:34:56 Image size of job updated: 4667816
	1389  -  MemoryUsage of job (MB)
	1422280  -  ResidentSetSize of job (KB)
...
006 (113449514.000.000) 2023-03-30 07:09:58 Image size of job updated: 4690448
	1389  -  MemoryUsage of job (MB)
	1422280  -  ResidentSetSize of job (KB)
...
006 (113449514.000.000) 2023-03-30 07:30:00 Image size of job updated: 4705064
	1389  -  MemoryUsage of job (MB)
	1422280  -  ResidentSetSize of job (KB)
...
006 (113449514.000.000) 2023-03-30 08:05:04 Image size of job updated: 4705808
	1389  -  MemoryUsage of job (MB)
	1422280  -  ResidentSetSize of job (KB)
...
006 (113449514.000.000) 2023-03-30 10:30:19 Image size of job updated: 4707176
	1389  -  MemoryUsage of job (MB)
	1422280  -  ResidentSetSize of job (KB)
...
006 (113449514.000.000) 2023-03-30 10:40:21 Image size of job updated: 4707988
	1389  -  MemoryUsage of job (MB)
	1422280  -  ResidentSetSize of job (KB)
...
006 (113449514.000.000) 2023-03-30 11:20:23 Image size of job updated: 4716740
	1389  -  MemoryUsage of job (MB)
	1422280  -  ResidentSetSize of job (KB)
...
006 (113449514.000.000) 2023-03-30 12:25:30 Image size of job updated: 4750268
	1389  -  MemoryUsage of job (MB)
	1422280  -  ResidentSetSize of job (KB)
...
006 (113449514.000.000) 2023-03-30 13:05:34 Image size of job updated: 4757912
	1389  -  MemoryUsage of job (MB)
	1422280  -  ResidentSetSize of job (KB)
...
006 (113449514.000.000) 2023-03-30 13:30:37 Image size of job updated: 4760924
	1389  -  MemoryUsage of job (MB)
	1422280  -  ResidentSetSize of job (KB)
...
006 (113449514.000.000) 2023-03-30 15:15:48 Image size of job updated: 4781076
	1389  -  MemoryUsage of job (MB)
	1422280  -  ResidentSetSize of job (KB)
...
006 (113449514.000.000) 2023-03-30 15:25:49 Image size of job updated: 4781076
	1395  -  MemoryUsage of job (MB)
	1427852  -  ResidentSetSize of job (KB)
...
006 (113449514.000.000) 2023-03-30 16:15:54 Image size of job updated: 4791888
	1395  -  MemoryUsage of job (MB)
	1427852  -  ResidentSetSize of job (KB)
...
006 (113449514.000.000) 2023-03-30 16:20:55 Image size of job updated: 4791888
	1399  -  MemoryUsage of job (MB)
	1431984  -  ResidentSetSize of job (KB)
...
006 (113449514.000.000) 2023-03-30 16:50:57 Image size of job updated: 4799804
	1399  -  MemoryUsage of job (MB)
	1431984  -  ResidentSetSize of job (KB)
...
006 (113449514.000.000) 2023-03-30 17:05:59 Image size of job updated: 4804884
	1404  -  MemoryUsage of job (MB)
	1437120  -  ResidentSetSize of job (KB)
...
006 (113449514.000.000) 2023-03-30 17:11:00 Image size of job updated: 4804884
	1404  -  MemoryUsage of job (MB)
	1437448  -  ResidentSetSize of job (KB)
...
006 (113449514.000.000) 2023-03-30 17:16:01 Image size of job updated: 4804884
	1415  -  MemoryUsage of job (MB)
	1448880  -  ResidentSetSize of job (KB)
...
006 (113449514.000.000) 2023-03-30 17:21:01 Image size of job updated: 4817484
	1421  -  MemoryUsage of job (MB)
	1454828  -  ResidentSetSize of job (KB)
...
006 (113449514.000.000) 2023-03-30 17:26:01 Image size of job updated: 4817484
	1425  -  MemoryUsage of job (MB)
	1458256  -  ResidentSetSize of job (KB)
...
004 (113449514.000.000) 2023-03-30 17:26:27 Job was evicted.
	(0) CPU times
		Usr 3 14:09:37, Sys 0 00:05:59  -  Run Remote Usage
		Usr 0 00:00:00, Sys 0 00:00:00  -  Run Local Usage
	0  -  Run Bytes Sent By Job
	381  -  Run Bytes Received By Job
	Partitionable Resources :    Usage  Request Allocated 
	   Cpus                 :     1.00        1         1 
	   Disk (KB)            :  1525      500000    609620 
	   GPUs                 :                           0 
	   Memory (MB)          :  1425       20000     20096 
...
040 (113449514.000.000) 2023-03-30 17:29:02 Started transferring input files
	Transferring to host: <10.14.10.114:9618?addrs=10.14.10.114-9618&alias=node2364.cluster.ldas.cit&noUDP&sock=slot1_5_501136_6594_1069>
...
040 (113449514.000.000) 2023-03-30 17:29:02 Finished transferring input files
...
001 (113449514.000.000) 2023-03-30 17:29:03 Job executing on host: <10.14.10.114:9618?addrs=10.14.10.114-9618&alias=node2364.cluster.ldas.cit&noUDP&sock=startd_501092_02ed>
...
006 (113449514.000.000) 2023-03-30 19:29:26 Image size of job updated: 5012004
	1465  -  MemoryUsage of job (MB)
	1500000  -  ResidentSetSize of job (KB)
...
006 (113449514.000.000) 2023-03-30 19:39:27 Image size of job updated: 5037120
	1465  -  MemoryUsage of job (MB)
	1500000  -  ResidentSetSize of job (KB)
...
006 (113449514.000.000) 2023-03-30 20:09:30 Image size of job updated: 5037624
	1465  -  MemoryUsage of job (MB)
	1500000  -  ResidentSetSize of job (KB)
...
006 (113449514.000.000) 2023-03-30 20:24:32 Image size of job updated: 5050832
	1465  -  MemoryUsage of job (MB)
	1500000  -  ResidentSetSize of job (KB)
...
006 (113449514.000.000) 2023-03-30 22:39:46 Image size of job updated: 5053460
	1465  -  MemoryUsage of job (MB)
	1500000  -  ResidentSetSize of job (KB)
...
006 (113449514.000.000) 2023-03-30 23:34:51 Image size of job updated: 5064196
	1465  -  MemoryUsage of job (MB)
	1500000  -  ResidentSetSize of job (KB)
...
006 (113449514.000.000) 2023-03-31 00:04:55 Image size of job updated: 5076980
	1465  -  MemoryUsage of job (MB)
	1500000  -  ResidentSetSize of job (KB)
...
006 (113449514.000.000) 2023-03-31 00:39:58 Image size of job updated: 5080996
	1465  -  MemoryUsage of job (MB)
	1500000  -  ResidentSetSize of job (KB)
...
006 (113449514.000.000) 2023-03-31 00:50:00 Image size of job updated: 5082244
	1465  -  MemoryUsage of job (MB)
	1500000  -  ResidentSetSize of job (KB)
...
006 (113449514.000.000) 2023-03-31 02:25:10 Image size of job updated: 5342716
	1465  -  MemoryUsage of job (MB)
	1500000  -  ResidentSetSize of job (KB)
...
006 (113449514.000.000) 2023-03-31 08:00:42 Image size of job updated: 5342716
	1471  -  MemoryUsage of job (MB)
	1505388  -  ResidentSetSize of job (KB)
...
006 (113449514.000.000) 2023-03-31 08:20:44 Image size of job updated: 5342716
	1478  -  MemoryUsage of job (MB)
	1512844  -  ResidentSetSize of job (KB)
...
006 (113449514.000.000) 2023-03-31 09:10:49 Image size of job updated: 5342716
	1509  -  MemoryUsage of job (MB)
	1544560  -  ResidentSetSize of job (KB)
...
006 (113449514.000.000) 2023-03-31 09:15:50 Image size of job updated: 5342716
	1512  -  MemoryUsage of job (MB)
	1548140  -  ResidentSetSize of job (KB)
...
006 (113449514.000.000) 2023-03-31 09:20:51 Image size of job updated: 5342716
	1522  -  MemoryUsage of job (MB)
	1558068  -  ResidentSetSize of job (KB)
...
006 (113449514.000.000) 2023-03-31 09:45:52 Image size of job updated: 5342716
	1529  -  MemoryUsage of job (MB)
	1565092  -  ResidentSetSize of job (KB)
...
006 (113449514.000.000) 2023-03-31 09:50:53 Image size of job updated: 5342716
	1532  -  MemoryUsage of job (MB)
	1568236  -  ResidentSetSize of job (KB)
...
006 (113449514.000.000) 2023-03-31 10:10:56 Image size of job updated: 5342716
	1534  -  MemoryUsage of job (MB)
	1569812  -  ResidentSetSize of job (KB)
...
006 (113449514.000.000) 2023-03-31 10:20:56 Image size of job updated: 5342716
	1539  -  MemoryUsage of job (MB)
	1575128  -  ResidentSetSize of job (KB)
...
006 (113449514.000.000) 2023-03-31 10:25:57 Image size of job updated: 5342716
	1541  -  MemoryUsage of job (MB)
	1577456  -  ResidentSetSize of job (KB)
...
006 (113449514.000.000) 2023-03-31 10:51:00 Image size of job updated: 5342716
	1546  -  MemoryUsage of job (MB)
	1582396  -  ResidentSetSize of job (KB)
...
006 (113449514.000.000) 2023-03-31 11:16:02 Image size of job updated: 5342716
	1550  -  MemoryUsage of job (MB)
	1586852  -  ResidentSetSize of job (KB)
...
006 (113449514.000.000) 2023-03-31 11:21:03 Image size of job updated: 5342716
	1551  -  MemoryUsage of job (MB)
	1587380  -  ResidentSetSize of job (KB)
...
006 (113449514.000.000) 2023-03-31 11:26:03 Image size of job updated: 5342716
	1565  -  MemoryUsage of job (MB)
	1602220  -  ResidentSetSize of job (KB)
...
006 (113449514.000.000) 2023-03-31 11:36:04 Image size of job updated: 5352928
	1565  -  MemoryUsage of job (MB)
	1602220  -  ResidentSetSize of job (KB)
...
006 (113449514.000.000) 2023-03-31 12:01:06 Image size of job updated: 5352928
	1569  -  MemoryUsage of job (MB)
	1605772  -  ResidentSetSize of job (KB)
...
006 (113449514.000.000) 2023-03-31 12:36:09 Image size of job updated: 5352928
	1570  -  MemoryUsage of job (MB)
	1606912  -  ResidentSetSize of job (KB)
...
006 (113449514.000.000) 2023-03-31 12:51:11 Image size of job updated: 5352928
	1576  -  MemoryUsage of job (MB)
	1613428  -  ResidentSetSize of job (KB)
...
006 (113449514.000.000) 2023-03-31 12:56:12 Image size of job updated: 5352928
	1580  -  MemoryUsage of job (MB)
	1617216  -  ResidentSetSize of job (KB)
...
006 (113449514.000.000) 2023-03-31 13:01:13 Image size of job updated: 5352928
	1588  -  MemoryUsage of job (MB)
	1625520  -  ResidentSetSize of job (KB)
...
006 (113449514.000.000) 2023-03-31 13:31:16 Image size of job updated: 5352928
	1596  -  MemoryUsage of job (MB)
	1633680  -  ResidentSetSize of job (KB)
...
006 (113449514.000.000) 2023-03-31 14:16:20 Image size of job updated: 5352928
	1597  -  MemoryUsage of job (MB)
	1634928  -  ResidentSetSize of job (KB)
...
006 (113449514.000.000) 2023-03-31 14:26:22 Image size of job updated: 5352928
	1599  -  MemoryUsage of job (MB)
	1636476  -  ResidentSetSize of job (KB)
...
006 (113449514.000.000) 2023-03-31 14:36:22 Image size of job updated: 5352928
	1606  -  MemoryUsage of job (MB)
	1644028  -  ResidentSetSize of job (KB)
...
006 (113449514.000.000) 2023-03-31 15:06:26 Image size of job updated: 5353316
	1620  -  MemoryUsage of job (MB)
	1658424  -  ResidentSetSize of job (KB)
...
006 (113449514.000.000) 2023-03-31 15:11:26 Image size of job updated: 5353316
	1631  -  MemoryUsage of job (MB)
	1669240  -  ResidentSetSize of job (KB)
...
006 (113449514.000.000) 2023-03-31 15:51:31 Image size of job updated: 5360012
	1631  -  MemoryUsage of job (MB)
	1669240  -  ResidentSetSize of job (KB)
...
006 (113449514.000.000) 2023-03-31 16:01:31 Image size of job updated: 5360012
	1636  -  MemoryUsage of job (MB)
	1675196  -  ResidentSetSize of job (KB)
...
004 (113449514.000.000) 2023-03-31 17:58:41 Job was evicted.
	(0) CPU times
		Usr 3 06:55:54, Sys 0 00:06:52  -  Run Remote Usage
		Usr 0 00:00:00, Sys 0 00:00:00  -  Run Local Usage
	0  -  Run Bytes Sent By Job
	381  -  Run Bytes Received By Job
	Partitionable Resources :    Usage  Request Allocated 
	   Cpus                 :     0.99        1         1 
	   Disk (KB)            :   569      500000    624256 
	   GPUs                 :                           0 
	   Memory (MB)          :  1636       20000     20096 
...
040 (113449514.000.000) 2023-03-31 18:21:51 Started transferring input files
	Transferring to host: <10.14.10.71:9618?addrs=10.14.10.71-9618&alias=node2321.cluster.ldas.cit&noUDP&sock=slot1_4_3912181_2d49_10443>
...
040 (113449514.000.000) 2023-03-31 18:21:51 Finished transferring input files
...
001 (113449514.000.000) 2023-03-31 18:21:52 Job executing on host: <10.14.10.71:9618?addrs=10.14.10.71-9618&alias=node2321.cluster.ldas.cit&noUDP&sock=startd_3912139_88e2>
...
006 (113449514.000.000) 2023-03-31 20:26:11 Image size of job updated: 11021308
	1709  -  MemoryUsage of job (MB)
	1750000  -  ResidentSetSize of job (KB)
...
040 (113449514.000.000) 2023-03-31 20:26:11 Started transferring output files
...
040 (113449514.000.000) 2023-03-31 20:26:11 Finished transferring output files
...
005 (113449514.000.000) 2023-03-31 20:26:11 Job terminated.
	(1) Normal termination (return value 0)
		Usr 0 07:07:38, Sys 0 00:00:49  -  Run Remote Usage
		Usr 0 00:00:00, Sys 0 00:00:00  -  Run Local Usage
		Usr 7 04:13:09, Sys 0 00:13:40  -  Total Remote Usage
		Usr 0 00:00:00, Sys 0 00:00:00  -  Total Local Usage
	56127  -  Run Bytes Sent By Job
	381  -  Run Bytes Received By Job
	56127  -  Total Bytes Sent By Job
	1143  -  Total Bytes Received By Job
	Partitionable Resources :    Usage  Request Allocated 
	   Cpus                 :     0.99        1         1 
	   Disk (KB)            :    78      500000    624256 
	   GPUs                 :                           0 
	   Memory (MB)          :  1709       20000     20096 

	Job terminated of its own accord at 2023-04-01T03:26:11Z with exit-code 0.
...
000 (113484541.000.000) 2023-04-01 14:22:50 Job submitted from host: <10.14.0.160:9618?addrs=10.14.0.160-9618&alias=ldas-pcdev2.ligo.caltech.edu&noUDP&sock=schedd_7450_a8a7>
    DAG Node: 746
...
040 (113484541.000.000) 2023-04-01 14:24:44 Started transferring input files
	Transferring to host: <10.14.9.154:9618?addrs=10.14.9.154-9618&alias=node2154.cluster.ldas.cit&noUDP&sock=slot1_7_1756990_2651_8392>
...
040 (113484541.000.000) 2023-04-01 14:24:44 Finished transferring input files
...
001 (113484541.000.000) 2023-04-01 14:24:45 Job executing on host: <10.14.9.154:9618?addrs=10.14.9.154-9618&alias=node2154.cluster.ldas.cit&noUDP&sock=startd_1756948_c512>
...
006 (113484541.000.000) 2023-04-01 14:24:54 Image size of job updated: 170596
	98  -  MemoryUsage of job (MB)
	99812  -  ResidentSetSize of job (KB)
...
006 (113484541.000.000) 2023-04-01 14:25:16 Image size of job updated: 454684
	98  -  MemoryUsage of job (MB)
	99812  -  ResidentSetSize of job (KB)
...
040 (113484541.000.000) 2023-04-01 14:25:16 Started transferring output files
...
040 (113484541.000.000) 2023-04-01 14:25:16 Finished transferring output files
...
005 (113484541.000.000) 2023-04-01 14:25:16 Job terminated.
	(1) Normal termination (return value 0)
		Usr 0 00:00:25, Sys 0 00:00:01  -  Run Remote Usage
		Usr 0 00:00:00, Sys 0 00:00:00  -  Run Local Usage
		Usr 0 00:00:25, Sys 0 00:00:01  -  Total Remote Usage
		Usr 0 00:00:00, Sys 0 00:00:00  -  Total Local Usage
	6464  -  Run Bytes Sent By Job
	381  -  Run Bytes Received By Job
	6464  -  Total Bytes Sent By Job
	381  -  Total Bytes Received By Job
	Partitionable Resources :    Usage  Request Allocated 
	   Cpus                 :                 1         1 
	   Disk (KB)            :       21   500000    609620 
	   GPUs                 :                           0 
	   Memory (MB)          :       98    20000     20096 

	Job terminated of its own accord at 2023-04-01T21:25:16Z with exit-code 0.
...
