000 (113449588.000.000) 2023-03-29 17:01:31 Job submitted from host: <10.14.0.160:9618?addrs=10.14.0.160-9618&alias=ldas-pcdev2.ligo.caltech.edu&noUDP&sock=schedd_7450_a8a7>
    DAG Node: 345
...
022 (113449588.000.000) 2023-03-29 17:23:40 Job disconnected, attempting to reconnect
    Socket between submit and execute hosts closed unexpectedly
    Trying to reconnect to slot1_3@node2267.cluster.ldas.cit <10.14.10.17:9618?addrs=10.14.10.17-9618&alias=node2267.cluster.ldas.cit&noUDP&sock=startd_3479_e213>
...
024 (113449588.000.000) 2023-03-29 17:23:48 Job reconnection failed
    Job not found at execution machine
    Can not reconnect to slot1_3@node2267.cluster.ldas.cit, rescheduling job
...
022 (113449588.000.000) 2023-03-29 17:25:04 Job disconnected, attempting to reconnect
    Socket between submit and execute hosts closed unexpectedly
    Trying to reconnect to slot1_2@node2199.cluster.ldas.cit <10.14.9.199:9618?addrs=10.14.9.199-9618&alias=node2199.cluster.ldas.cit&noUDP&sock=startd_3766_bdc1>
...
024 (113449588.000.000) 2023-03-29 17:25:12 Job reconnection failed
    Job not found at execution machine
    Can not reconnect to slot1_2@node2199.cluster.ldas.cit, rescheduling job
...
040 (113449588.000.000) 2023-03-29 17:26:28 Started transferring input files
	Transferring to host: <10.14.9.120:9618?addrs=10.14.9.120-9618&alias=node2120.cluster.ldas.cit&noUDP&sock=slot1_4_3199755_9c5e_3757>
...
040 (113449588.000.000) 2023-03-29 17:26:28 Finished transferring input files
...
001 (113449588.000.000) 2023-03-29 17:26:29 Job executing on host: <10.14.9.120:9618?addrs=10.14.9.120-9618&alias=node2120.cluster.ldas.cit&noUDP&sock=startd_3199606_29a4>
...
006 (113449588.000.000) 2023-03-29 17:26:37 Image size of job updated: 339996
	170  -  MemoryUsage of job (MB)
	173288  -  ResidentSetSize of job (KB)
...
006 (113449588.000.000) 2023-03-29 17:31:37 Image size of job updated: 3642024
	526  -  MemoryUsage of job (MB)
	537724  -  ResidentSetSize of job (KB)
...
006 (113449588.000.000) 2023-03-29 17:36:38 Image size of job updated: 3653492
	541  -  MemoryUsage of job (MB)
	553108  -  ResidentSetSize of job (KB)
...
006 (113449588.000.000) 2023-03-29 17:41:39 Image size of job updated: 3786604
	610  -  MemoryUsage of job (MB)
	623920  -  ResidentSetSize of job (KB)
...
006 (113449588.000.000) 2023-03-29 17:46:39 Image size of job updated: 3789164
	612  -  MemoryUsage of job (MB)
	625668  -  ResidentSetSize of job (KB)
...
006 (113449588.000.000) 2023-03-29 17:51:40 Image size of job updated: 3798492
	620  -  MemoryUsage of job (MB)
	634080  -  ResidentSetSize of job (KB)
...
006 (113449588.000.000) 2023-03-29 17:56:41 Image size of job updated: 3799840
	620  -  MemoryUsage of job (MB)
	634080  -  ResidentSetSize of job (KB)
...
006 (113449588.000.000) 2023-03-29 18:01:41 Image size of job updated: 3816556
	641  -  MemoryUsage of job (MB)
	656112  -  ResidentSetSize of job (KB)
...
006 (113449588.000.000) 2023-03-29 18:06:41 Image size of job updated: 3819060
	642  -  MemoryUsage of job (MB)
	656852  -  ResidentSetSize of job (KB)
...
006 (113449588.000.000) 2023-03-29 18:11:42 Image size of job updated: 3819060
	644  -  MemoryUsage of job (MB)
	658708  -  ResidentSetSize of job (KB)
...
006 (113449588.000.000) 2023-03-29 18:16:42 Image size of job updated: 3821060
	644  -  MemoryUsage of job (MB)
	658708  -  ResidentSetSize of job (KB)
...
006 (113449588.000.000) 2023-03-29 18:21:42 Image size of job updated: 3821060
	645  -  MemoryUsage of job (MB)
	660144  -  ResidentSetSize of job (KB)
...
006 (113449588.000.000) 2023-03-29 18:26:43 Image size of job updated: 3822240
	645  -  MemoryUsage of job (MB)
	660144  -  ResidentSetSize of job (KB)
...
006 (113449588.000.000) 2023-03-29 18:31:44 Image size of job updated: 3823696
	645  -  MemoryUsage of job (MB)
	660144  -  ResidentSetSize of job (KB)
...
006 (113449588.000.000) 2023-03-29 18:36:44 Image size of job updated: 3828036
	653  -  MemoryUsage of job (MB)
	667740  -  ResidentSetSize of job (KB)
...
006 (113449588.000.000) 2023-03-29 18:41:45 Image size of job updated: 3830928
	654  -  MemoryUsage of job (MB)
	669244  -  ResidentSetSize of job (KB)
...
006 (113449588.000.000) 2023-03-29 18:46:46 Image size of job updated: 3839328
	656  -  MemoryUsage of job (MB)
	671616  -  ResidentSetSize of job (KB)
...
006 (113449588.000.000) 2023-03-29 18:51:46 Image size of job updated: 3839328
	658  -  MemoryUsage of job (MB)
	673308  -  ResidentSetSize of job (KB)
...
006 (113449588.000.000) 2023-03-29 18:56:46 Image size of job updated: 3839328
	658  -  MemoryUsage of job (MB)
	673584  -  ResidentSetSize of job (KB)
...
006 (113449588.000.000) 2023-03-29 19:01:48 Image size of job updated: 3839328
	659  -  MemoryUsage of job (MB)
	674316  -  ResidentSetSize of job (KB)
...
006 (113449588.000.000) 2023-03-29 19:06:48 Image size of job updated: 3839492
	689  -  MemoryUsage of job (MB)
	704576  -  ResidentSetSize of job (KB)
...
006 (113449588.000.000) 2023-03-29 19:11:48 Image size of job updated: 3839748
	885  -  MemoryUsage of job (MB)
	905484  -  ResidentSetSize of job (KB)
...
006 (113449588.000.000) 2023-03-29 19:16:49 Image size of job updated: 3844252
	889  -  MemoryUsage of job (MB)
	910208  -  ResidentSetSize of job (KB)
...
006 (113449588.000.000) 2023-03-29 19:21:50 Image size of job updated: 3878780
	905  -  MemoryUsage of job (MB)
	926284  -  ResidentSetSize of job (KB)
...
006 (113449588.000.000) 2023-03-29 19:26:50 Image size of job updated: 3878780
	906  -  MemoryUsage of job (MB)
	926788  -  ResidentSetSize of job (KB)
...
006 (113449588.000.000) 2023-03-29 19:31:50 Image size of job updated: 3878780
	908  -  MemoryUsage of job (MB)
	929256  -  ResidentSetSize of job (KB)
...
006 (113449588.000.000) 2023-03-29 20:26:55 Image size of job updated: 3878780
	911  -  MemoryUsage of job (MB)
	932352  -  ResidentSetSize of job (KB)
...
006 (113449588.000.000) 2023-03-29 20:36:57 Image size of job updated: 3878780
	911  -  MemoryUsage of job (MB)
	932596  -  ResidentSetSize of job (KB)
...
006 (113449588.000.000) 2023-03-29 20:41:57 Image size of job updated: 3881340
	925  -  MemoryUsage of job (MB)
	946880  -  ResidentSetSize of job (KB)
...
006 (113449588.000.000) 2023-03-29 20:46:58 Image size of job updated: 3890428
	934  -  MemoryUsage of job (MB)
	956268  -  ResidentSetSize of job (KB)
...
006 (113449588.000.000) 2023-03-29 20:51:59 Image size of job updated: 3894104
	938  -  MemoryUsage of job (MB)
	959676  -  ResidentSetSize of job (KB)
...
006 (113449588.000.000) 2023-03-29 21:01:59 Image size of job updated: 3895172
	938  -  MemoryUsage of job (MB)
	959676  -  ResidentSetSize of job (KB)
...
006 (113449588.000.000) 2023-03-29 21:12:01 Image size of job updated: 3902672
	938  -  MemoryUsage of job (MB)
	959676  -  ResidentSetSize of job (KB)
...
006 (113449588.000.000) 2023-03-29 21:32:03 Image size of job updated: 3902672
	939  -  MemoryUsage of job (MB)
	960604  -  ResidentSetSize of job (KB)
...
006 (113449588.000.000) 2023-03-29 21:42:04 Image size of job updated: 3908256
	939  -  MemoryUsage of job (MB)
	960604  -  ResidentSetSize of job (KB)
...
006 (113449588.000.000) 2023-03-29 21:52:05 Image size of job updated: 3908256
	941  -  MemoryUsage of job (MB)
	962572  -  ResidentSetSize of job (KB)
...
006 (113449588.000.000) 2023-03-29 22:02:06 Image size of job updated: 3908256
	944  -  MemoryUsage of job (MB)
	965872  -  ResidentSetSize of job (KB)
...
006 (113449588.000.000) 2023-03-29 22:42:10 Image size of job updated: 3939132
	980  -  MemoryUsage of job (MB)
	1002624  -  ResidentSetSize of job (KB)
...
006 (113449588.000.000) 2023-03-29 22:47:10 Image size of job updated: 3939132
	980  -  MemoryUsage of job (MB)
	1002904  -  ResidentSetSize of job (KB)
...
006 (113449588.000.000) 2023-03-29 22:52:10 Image size of job updated: 3940292
	980  -  MemoryUsage of job (MB)
	1002904  -  ResidentSetSize of job (KB)
...
006 (113449588.000.000) 2023-03-29 23:07:11 Image size of job updated: 3940456
	983  -  MemoryUsage of job (MB)
	1006128  -  ResidentSetSize of job (KB)
...
006 (113449588.000.000) 2023-03-29 23:12:12 Image size of job updated: 3944932
	985  -  MemoryUsage of job (MB)
	1008296  -  ResidentSetSize of job (KB)
...
006 (113449588.000.000) 2023-03-29 23:52:17 Image size of job updated: 3950512
	993  -  MemoryUsage of job (MB)
	1015956  -  ResidentSetSize of job (KB)
...
006 (113449588.000.000) 2023-03-29 23:57:17 Image size of job updated: 3958488
	998  -  MemoryUsage of job (MB)
	1021008  -  ResidentSetSize of job (KB)
...
006 (113449588.000.000) 2023-03-30 00:02:17 Image size of job updated: 3960512
	998  -  MemoryUsage of job (MB)
	1021008  -  ResidentSetSize of job (KB)
...
006 (113449588.000.000) 2023-03-30 00:07:19 Image size of job updated: 3960512
	1001  -  MemoryUsage of job (MB)
	1024140  -  ResidentSetSize of job (KB)
...
006 (113449588.000.000) 2023-03-30 00:12:19 Image size of job updated: 3960736
	1001  -  MemoryUsage of job (MB)
	1024816  -  ResidentSetSize of job (KB)
...
006 (113449588.000.000) 2023-03-30 00:17:19 Image size of job updated: 3960736
	1002  -  MemoryUsage of job (MB)
	1025568  -  ResidentSetSize of job (KB)
...
006 (113449588.000.000) 2023-03-30 00:22:20 Image size of job updated: 3964316
	1004  -  MemoryUsage of job (MB)
	1027800  -  ResidentSetSize of job (KB)
...
006 (113449588.000.000) 2023-03-30 00:27:21 Image size of job updated: 3968020
	1004  -  MemoryUsage of job (MB)
	1027800  -  ResidentSetSize of job (KB)
...
006 (113449588.000.000) 2023-03-30 00:42:22 Image size of job updated: 3968020
	1005  -  MemoryUsage of job (MB)
	1029052  -  ResidentSetSize of job (KB)
...
006 (113449588.000.000) 2023-03-30 00:47:23 Image size of job updated: 3968516
	1006  -  MemoryUsage of job (MB)
	1029312  -  ResidentSetSize of job (KB)
...
006 (113449588.000.000) 2023-03-30 00:52:23 Image size of job updated: 3968516
	1007  -  MemoryUsage of job (MB)
	1030764  -  ResidentSetSize of job (KB)
...
006 (113449588.000.000) 2023-03-30 00:57:24 Image size of job updated: 3968516
	1009  -  MemoryUsage of job (MB)
	1032436  -  ResidentSetSize of job (KB)
...
006 (113449588.000.000) 2023-03-30 01:02:25 Image size of job updated: 3972840
	1014  -  MemoryUsage of job (MB)
	1038148  -  ResidentSetSize of job (KB)
...
006 (113449588.000.000) 2023-03-30 01:07:25 Image size of job updated: 3976228
	1016  -  MemoryUsage of job (MB)
	1039928  -  ResidentSetSize of job (KB)
...
006 (113449588.000.000) 2023-03-30 01:12:25 Image size of job updated: 3982340
	1018  -  MemoryUsage of job (MB)
	1042308  -  ResidentSetSize of job (KB)
...
006 (113449588.000.000) 2023-03-30 01:17:26 Image size of job updated: 3987964
	1018  -  MemoryUsage of job (MB)
	1042308  -  ResidentSetSize of job (KB)
...
006 (113449588.000.000) 2023-03-30 01:22:27 Image size of job updated: 3987964
	1019  -  MemoryUsage of job (MB)
	1042848  -  ResidentSetSize of job (KB)
...
006 (113449588.000.000) 2023-03-30 01:27:27 Image size of job updated: 3992384
	1019  -  MemoryUsage of job (MB)
	1042848  -  ResidentSetSize of job (KB)
...
006 (113449588.000.000) 2023-03-30 01:42:29 Image size of job updated: 3992384
	1024  -  MemoryUsage of job (MB)
	1048140  -  ResidentSetSize of job (KB)
...
006 (113449588.000.000) 2023-03-30 01:52:30 Image size of job updated: 3992384
	1026  -  MemoryUsage of job (MB)
	1050464  -  ResidentSetSize of job (KB)
...
006 (113449588.000.000) 2023-03-30 01:57:31 Image size of job updated: 3992384
	1027  -  MemoryUsage of job (MB)
	1050632  -  ResidentSetSize of job (KB)
...
006 (113449588.000.000) 2023-03-30 02:02:31 Image size of job updated: 3992712
	1027  -  MemoryUsage of job (MB)
	1050632  -  ResidentSetSize of job (KB)
...
006 (113449588.000.000) 2023-03-30 02:07:32 Image size of job updated: 3992712
	1032  -  MemoryUsage of job (MB)
	1055872  -  ResidentSetSize of job (KB)
...
006 (113449588.000.000) 2023-03-30 02:12:33 Image size of job updated: 3997340
	1035  -  MemoryUsage of job (MB)
	1059268  -  ResidentSetSize of job (KB)
...
006 (113449588.000.000) 2023-03-30 02:17:33 Image size of job updated: 3998028
	1035  -  MemoryUsage of job (MB)
	1059268  -  ResidentSetSize of job (KB)
...
006 (113449588.000.000) 2023-03-30 02:47:36 Image size of job updated: 3998028
	1035  -  MemoryUsage of job (MB)
	1059760  -  ResidentSetSize of job (KB)
...
006 (113449588.000.000) 2023-03-30 02:52:36 Image size of job updated: 3998028
	1036  -  MemoryUsage of job (MB)
	1060520  -  ResidentSetSize of job (KB)
...
006 (113449588.000.000) 2023-03-30 02:57:37 Image size of job updated: 4004704
	1046  -  MemoryUsage of job (MB)
	1070120  -  ResidentSetSize of job (KB)
...
006 (113449588.000.000) 2023-03-30 03:02:38 Image size of job updated: 4005468
	1046  -  MemoryUsage of job (MB)
	1070120  -  ResidentSetSize of job (KB)
...
006 (113449588.000.000) 2023-03-30 03:17:39 Image size of job updated: 4005468
	1046  -  MemoryUsage of job (MB)
	1070140  -  ResidentSetSize of job (KB)
...
006 (113449588.000.000) 2023-03-30 03:22:39 Image size of job updated: 4007412
	1048  -  MemoryUsage of job (MB)
	1072688  -  ResidentSetSize of job (KB)
...
006 (113449588.000.000) 2023-03-30 03:27:39 Image size of job updated: 4010440
	1052  -  MemoryUsage of job (MB)
	1076488  -  ResidentSetSize of job (KB)
...
006 (113449588.000.000) 2023-03-30 03:32:40 Image size of job updated: 4011324
	1052  -  MemoryUsage of job (MB)
	1076488  -  ResidentSetSize of job (KB)
...
006 (113449588.000.000) 2023-03-30 03:57:43 Image size of job updated: 4024408
	1063  -  MemoryUsage of job (MB)
	1087580  -  ResidentSetSize of job (KB)
...
006 (113449588.000.000) 2023-03-30 04:02:43 Image size of job updated: 4024408
	1063  -  MemoryUsage of job (MB)
	1087640  -  ResidentSetSize of job (KB)
...
006 (113449588.000.000) 2023-03-30 04:07:44 Image size of job updated: 4024544
	1063  -  MemoryUsage of job (MB)
	1087996  -  ResidentSetSize of job (KB)
...
006 (113449588.000.000) 2023-03-30 04:12:44 Image size of job updated: 4024556
	1065  -  MemoryUsage of job (MB)
	1090152  -  ResidentSetSize of job (KB)
...
006 (113449588.000.000) 2023-03-30 04:17:44 Image size of job updated: 4024732
	1066  -  MemoryUsage of job (MB)
	1090632  -  ResidentSetSize of job (KB)
...
006 (113449588.000.000) 2023-03-30 06:02:54 Image size of job updated: 4027284
	1066  -  MemoryUsage of job (MB)
	1090632  -  ResidentSetSize of job (KB)
...
006 (113449588.000.000) 2023-03-30 06:07:54 Image size of job updated: 4029304
	1066  -  MemoryUsage of job (MB)
	1090632  -  ResidentSetSize of job (KB)
...
006 (113449588.000.000) 2023-03-30 06:17:55 Image size of job updated: 4032848
	1071  -  MemoryUsage of job (MB)
	1096552  -  ResidentSetSize of job (KB)
...
006 (113449588.000.000) 2023-03-30 06:22:55 Image size of job updated: 4032948
	1072  -  MemoryUsage of job (MB)
	1097256  -  ResidentSetSize of job (KB)
...
006 (113449588.000.000) 2023-03-30 06:27:55 Image size of job updated: 4032948
	1072  -  MemoryUsage of job (MB)
	1097404  -  ResidentSetSize of job (KB)
...
006 (113449588.000.000) 2023-03-30 06:32:56 Image size of job updated: 4036952
	1076  -  MemoryUsage of job (MB)
	1101280  -  ResidentSetSize of job (KB)
...
006 (113449588.000.000) 2023-03-30 06:37:57 Image size of job updated: 4040256
	1079  -  MemoryUsage of job (MB)
	1104568  -  ResidentSetSize of job (KB)
...
006 (113449588.000.000) 2023-03-30 06:42:57 Image size of job updated: 4040636
	1079  -  MemoryUsage of job (MB)
	1104568  -  ResidentSetSize of job (KB)
...
006 (113449588.000.000) 2023-03-30 07:18:00 Image size of job updated: 4049776
	1087  -  MemoryUsage of job (MB)
	1112592  -  ResidentSetSize of job (KB)
...
006 (113449588.000.000) 2023-03-30 07:23:01 Image size of job updated: 4049776
	1089  -  MemoryUsage of job (MB)
	1114712  -  ResidentSetSize of job (KB)
...
006 (113449588.000.000) 2023-03-30 07:31:29 Image size of job updated: 7990184
	1089  -  MemoryUsage of job (MB)
	1114712  -  ResidentSetSize of job (KB)
...
040 (113449588.000.000) 2023-03-30 07:31:29 Started transferring output files
...
040 (113449588.000.000) 2023-03-30 07:31:29 Finished transferring output files
...
005 (113449588.000.000) 2023-03-30 07:31:29 Job terminated.
	(1) Normal termination (return value 0)
		Usr 2 03:19:07, Sys 0 00:02:15  -  Run Remote Usage
		Usr 0 00:00:00, Sys 0 00:00:00  -  Run Local Usage
		Usr 2 03:19:07, Sys 0 00:02:15  -  Total Remote Usage
		Usr 0 00:00:00, Sys 0 00:00:00  -  Total Local Usage
	533772  -  Run Bytes Sent By Job
	375  -  Run Bytes Received By Job
	533772  -  Total Bytes Sent By Job
	375  -  Total Bytes Received By Job
	Partitionable Resources :    Usage  Request Allocated 
	   Cpus                 :     1.99        1         1 
	   Disk (KB)            :   544      500000    609620 
	   GPUs                 :                           0 
	   Memory (MB)          :  1089       20000     20096 

	Job terminated of its own accord at 2023-03-30T14:31:29Z with exit-code 0.
...
000 (113471263.000.000) 2023-03-31 13:47:40 Job submitted from host: <10.14.0.160:9618?addrs=10.14.0.160-9618&alias=ldas-pcdev2.ligo.caltech.edu&noUDP&sock=schedd_7450_a8a7>
    DAG Node: 345
...
022 (113471263.000.000) 2023-03-31 13:50:54 Job disconnected, attempting to reconnect
    Socket between submit and execute hosts closed unexpectedly
    Trying to reconnect to slot1_5@node2267.cluster.ldas.cit <10.14.10.17:9618?addrs=10.14.10.17-9618&alias=node2267.cluster.ldas.cit&noUDP&sock=startd_3479_e213>
...
024 (113471263.000.000) 2023-03-31 13:51:02 Job reconnection failed
    Job not found at execution machine
    Can not reconnect to slot1_5@node2267.cluster.ldas.cit, rescheduling job
...
040 (113471263.000.000) 2023-03-31 13:51:04 Started transferring input files
	Transferring to host: <10.14.4.50:9618?addrs=10.14.4.50-9618&alias=node800.cluster.ldas.cit&noUDP&sock=slot1_11_3595434_42d8_16661>
...
040 (113471263.000.000) 2023-03-31 13:51:04 Finished transferring input files
...
001 (113471263.000.000) 2023-03-31 13:51:05 Job executing on host: <10.14.4.50:9618?addrs=10.14.4.50-9618&alias=node800.cluster.ldas.cit&noUDP&sock=startd_3595398_8dd9>
...
006 (113471263.000.000) 2023-03-31 13:51:13 Image size of job updated: 313208
	120  -  MemoryUsage of job (MB)
	122656  -  ResidentSetSize of job (KB)
...
006 (113471263.000.000) 2023-03-31 13:51:15 Image size of job updated: 313292
	120  -  MemoryUsage of job (MB)
	122740  -  ResidentSetSize of job (KB)
...
040 (113471263.000.000) 2023-03-31 13:51:15 Started transferring output files
...
040 (113471263.000.000) 2023-03-31 13:51:15 Finished transferring output files
...
005 (113471263.000.000) 2023-03-31 13:51:15 Job terminated.
	(1) Normal termination (return value 0)
		Usr 0 00:00:08, Sys 0 00:00:00  -  Run Remote Usage
		Usr 0 00:00:00, Sys 0 00:00:00  -  Run Local Usage
		Usr 0 00:00:08, Sys 0 00:00:00  -  Total Remote Usage
		Usr 0 00:00:00, Sys 0 00:00:00  -  Total Local Usage
	5672  -  Run Bytes Sent By Job
	375  -  Run Bytes Received By Job
	5672  -  Total Bytes Sent By Job
	375  -  Total Bytes Received By Job
	Partitionable Resources :    Usage  Request Allocated 
	   Cpus                 :                 1         1 
	   Disk (KB)            :       20   500000    624256 
	   GPUs                 :                           0 
	   Memory (MB)          :      120    20000     20096 

	Job terminated of its own accord at 2023-03-31T20:51:15Z with exit-code 0.
...
