000 (113449397.000.000) 2023-03-29 17:01:28 Job submitted from host: <10.14.0.160:9618?addrs=10.14.0.160-9618&alias=ldas-pcdev2.ligo.caltech.edu&noUDP&sock=schedd_7450_a8a7>
    DAG Node: 255
...
022 (113449397.000.000) 2023-03-29 17:09:20 Job disconnected, attempting to reconnect
    Socket between submit and execute hosts closed unexpectedly
    Trying to reconnect to slot1_4@node2267.cluster.ldas.cit <10.14.10.17:9618?addrs=10.14.10.17-9618&alias=node2267.cluster.ldas.cit&noUDP&sock=startd_3479_e213>
...
024 (113449397.000.000) 2023-03-29 17:09:29 Job reconnection failed
    Job not found at execution machine
    Can not reconnect to slot1_4@node2267.cluster.ldas.cit, rescheduling job
...
040 (113449397.000.000) 2023-03-29 17:10:46 Started transferring input files
	Transferring to host: <10.14.4.83:9618?addrs=10.14.4.83-9618&alias=node833.cluster.ldas.cit&noUDP&sock=slot1_5_1628855_7356_12909>
...
040 (113449397.000.000) 2023-03-29 17:10:46 Finished transferring input files
...
001 (113449397.000.000) 2023-03-29 17:10:47 Job executing on host: <10.14.4.83:9618?addrs=10.14.4.83-9618&alias=node833.cluster.ldas.cit&noUDP&sock=startd_3459_2a2e>
...
006 (113449397.000.000) 2023-03-29 17:10:55 Image size of job updated: 214496
	192  -  MemoryUsage of job (MB)
	196416  -  ResidentSetSize of job (KB)
...
006 (113449397.000.000) 2023-03-29 17:15:55 Image size of job updated: 5295536
	323  -  MemoryUsage of job (MB)
	329808  -  ResidentSetSize of job (KB)
...
006 (113449397.000.000) 2023-03-29 17:20:55 Image size of job updated: 5334356
	323  -  MemoryUsage of job (MB)
	329808  -  ResidentSetSize of job (KB)
...
006 (113449397.000.000) 2023-03-29 17:30:56 Image size of job updated: 5334356
	473  -  MemoryUsage of job (MB)
	483844  -  ResidentSetSize of job (KB)
...
006 (113449397.000.000) 2023-03-29 17:35:56 Image size of job updated: 5334356
	477  -  MemoryUsage of job (MB)
	488264  -  ResidentSetSize of job (KB)
...
006 (113449397.000.000) 2023-03-29 17:40:57 Image size of job updated: 5334356
	567  -  MemoryUsage of job (MB)
	580512  -  ResidentSetSize of job (KB)
...
006 (113449397.000.000) 2023-03-29 17:45:57 Image size of job updated: 5334356
	572  -  MemoryUsage of job (MB)
	584784  -  ResidentSetSize of job (KB)
...
006 (113449397.000.000) 2023-03-29 17:50:57 Image size of job updated: 5334356
	574  -  MemoryUsage of job (MB)
	586896  -  ResidentSetSize of job (KB)
...
006 (113449397.000.000) 2023-03-29 17:55:58 Image size of job updated: 5334356
	575  -  MemoryUsage of job (MB)
	588020  -  ResidentSetSize of job (KB)
...
006 (113449397.000.000) 2023-03-29 18:00:58 Image size of job updated: 5334356
	671  -  MemoryUsage of job (MB)
	686468  -  ResidentSetSize of job (KB)
...
006 (113449397.000.000) 2023-03-29 18:05:58 Image size of job updated: 5334356
	833  -  MemoryUsage of job (MB)
	852968  -  ResidentSetSize of job (KB)
...
006 (113449397.000.000) 2023-03-29 18:10:59 Image size of job updated: 5334356
	839  -  MemoryUsage of job (MB)
	858364  -  ResidentSetSize of job (KB)
...
006 (113449397.000.000) 2023-03-29 18:15:59 Image size of job updated: 5334356
	841  -  MemoryUsage of job (MB)
	861084  -  ResidentSetSize of job (KB)
...
006 (113449397.000.000) 2023-03-29 18:20:59 Image size of job updated: 5334356
	845  -  MemoryUsage of job (MB)
	865120  -  ResidentSetSize of job (KB)
...
006 (113449397.000.000) 2023-03-29 18:26:00 Image size of job updated: 5334356
	852  -  MemoryUsage of job (MB)
	871748  -  ResidentSetSize of job (KB)
...
006 (113449397.000.000) 2023-03-29 18:31:00 Image size of job updated: 5334356
	894  -  MemoryUsage of job (MB)
	914656  -  ResidentSetSize of job (KB)
...
006 (113449397.000.000) 2023-03-29 18:36:00 Image size of job updated: 5334356
	894  -  MemoryUsage of job (MB)
	915064  -  ResidentSetSize of job (KB)
...
006 (113449397.000.000) 2023-03-29 18:41:01 Image size of job updated: 5334356
	895  -  MemoryUsage of job (MB)
	915984  -  ResidentSetSize of job (KB)
...
006 (113449397.000.000) 2023-03-29 18:46:01 Image size of job updated: 5334356
	895  -  MemoryUsage of job (MB)
	916032  -  ResidentSetSize of job (KB)
...
006 (113449397.000.000) 2023-03-29 18:51:01 Image size of job updated: 5334356
	897  -  MemoryUsage of job (MB)
	917604  -  ResidentSetSize of job (KB)
...
006 (113449397.000.000) 2023-03-29 18:56:02 Image size of job updated: 5334356
	897  -  MemoryUsage of job (MB)
	918344  -  ResidentSetSize of job (KB)
...
006 (113449397.000.000) 2023-03-29 19:01:02 Image size of job updated: 5334356
	897  -  MemoryUsage of job (MB)
	918500  -  ResidentSetSize of job (KB)
...
006 (113449397.000.000) 2023-03-29 19:06:02 Image size of job updated: 5334356
	898  -  MemoryUsage of job (MB)
	919400  -  ResidentSetSize of job (KB)
...
006 (113449397.000.000) 2023-03-29 19:11:03 Image size of job updated: 5334356
	905  -  MemoryUsage of job (MB)
	926356  -  ResidentSetSize of job (KB)
...
006 (113449397.000.000) 2023-03-29 19:16:03 Image size of job updated: 5334356
	932  -  MemoryUsage of job (MB)
	954132  -  ResidentSetSize of job (KB)
...
006 (113449397.000.000) 2023-03-29 19:21:03 Image size of job updated: 5334356
	932  -  MemoryUsage of job (MB)
	954140  -  ResidentSetSize of job (KB)
...
006 (113449397.000.000) 2023-03-29 19:26:04 Image size of job updated: 5334356
	951  -  MemoryUsage of job (MB)
	973628  -  ResidentSetSize of job (KB)
...
006 (113449397.000.000) 2023-03-29 19:31:05 Image size of job updated: 5334356
	964  -  MemoryUsage of job (MB)
	987040  -  ResidentSetSize of job (KB)
...
006 (113449397.000.000) 2023-03-29 19:36:05 Image size of job updated: 5334356
	997  -  MemoryUsage of job (MB)
	1020056  -  ResidentSetSize of job (KB)
...
006 (113449397.000.000) 2023-03-29 19:46:07 Image size of job updated: 5334356
	999  -  MemoryUsage of job (MB)
	1022116  -  ResidentSetSize of job (KB)
...
006 (113449397.000.000) 2023-03-29 19:51:07 Image size of job updated: 5334356
	999  -  MemoryUsage of job (MB)
	1022148  -  ResidentSetSize of job (KB)
...
006 (113449397.000.000) 2023-03-29 19:56:08 Image size of job updated: 5334356
	1007  -  MemoryUsage of job (MB)
	1030780  -  ResidentSetSize of job (KB)
...
006 (113449397.000.000) 2023-03-29 20:06:09 Image size of job updated: 5334356
	1016  -  MemoryUsage of job (MB)
	1040304  -  ResidentSetSize of job (KB)
...
006 (113449397.000.000) 2023-03-29 20:16:11 Image size of job updated: 5334356
	1019  -  MemoryUsage of job (MB)
	1043364  -  ResidentSetSize of job (KB)
...
006 (113449397.000.000) 2023-03-29 20:21:11 Image size of job updated: 5334356
	1020  -  MemoryUsage of job (MB)
	1043836  -  ResidentSetSize of job (KB)
...
006 (113449397.000.000) 2023-03-29 20:26:12 Image size of job updated: 5334356
	1022  -  MemoryUsage of job (MB)
	1045596  -  ResidentSetSize of job (KB)
...
006 (113449397.000.000) 2023-03-29 20:31:13 Image size of job updated: 5334356
	1022  -  MemoryUsage of job (MB)
	1046036  -  ResidentSetSize of job (KB)
...
006 (113449397.000.000) 2023-03-29 20:36:13 Image size of job updated: 5334356
	1041  -  MemoryUsage of job (MB)
	1065632  -  ResidentSetSize of job (KB)
...
006 (113449397.000.000) 2023-03-29 20:46:15 Image size of job updated: 5334356
	1064  -  MemoryUsage of job (MB)
	1089380  -  ResidentSetSize of job (KB)
...
006 (113449397.000.000) 2023-03-29 20:51:15 Image size of job updated: 5334356
	1084  -  MemoryUsage of job (MB)
	1109488  -  ResidentSetSize of job (KB)
...
006 (113449397.000.000) 2023-03-29 20:56:16 Image size of job updated: 5334356
	1085  -  MemoryUsage of job (MB)
	1110280  -  ResidentSetSize of job (KB)
...
006 (113449397.000.000) 2023-03-29 21:06:17 Image size of job updated: 5334356
	1104  -  MemoryUsage of job (MB)
	1129500  -  ResidentSetSize of job (KB)
...
006 (113449397.000.000) 2023-03-29 21:16:19 Image size of job updated: 5334356
	1123  -  MemoryUsage of job (MB)
	1149832  -  ResidentSetSize of job (KB)
...
006 (113449397.000.000) 2023-03-29 21:26:20 Image size of job updated: 5334356
	1134  -  MemoryUsage of job (MB)
	1161164  -  ResidentSetSize of job (KB)
...
006 (113449397.000.000) 2023-03-29 21:31:21 Image size of job updated: 5334356
	1138  -  MemoryUsage of job (MB)
	1165312  -  ResidentSetSize of job (KB)
...
006 (113449397.000.000) 2023-03-29 21:51:23 Image size of job updated: 5334356
	1141  -  MemoryUsage of job (MB)
	1168088  -  ResidentSetSize of job (KB)
...
006 (113449397.000.000) 2023-03-29 21:56:24 Image size of job updated: 5334356
	1161  -  MemoryUsage of job (MB)
	1188452  -  ResidentSetSize of job (KB)
...
006 (113449397.000.000) 2023-03-29 22:01:25 Image size of job updated: 5334356
	1165  -  MemoryUsage of job (MB)
	1192548  -  ResidentSetSize of job (KB)
...
006 (113449397.000.000) 2023-03-29 22:06:25 Image size of job updated: 5334356
	1168  -  MemoryUsage of job (MB)
	1195044  -  ResidentSetSize of job (KB)
...
006 (113449397.000.000) 2023-03-29 22:16:27 Image size of job updated: 5334356
	1172  -  MemoryUsage of job (MB)
	1200064  -  ResidentSetSize of job (KB)
...
006 (113449397.000.000) 2023-03-29 22:21:27 Image size of job updated: 5334356
	1192  -  MemoryUsage of job (MB)
	1220428  -  ResidentSetSize of job (KB)
...
006 (113449397.000.000) 2023-03-29 22:26:28 Image size of job updated: 5334356
	1194  -  MemoryUsage of job (MB)
	1222456  -  ResidentSetSize of job (KB)
...
006 (113449397.000.000) 2023-03-29 22:41:30 Image size of job updated: 5334356
	1250  -  MemoryUsage of job (MB)
	1279468  -  ResidentSetSize of job (KB)
...
006 (113449397.000.000) 2023-03-29 22:46:31 Image size of job updated: 5334356
	1252  -  MemoryUsage of job (MB)
	1281260  -  ResidentSetSize of job (KB)
...
006 (113449397.000.000) 2023-03-29 23:06:33 Image size of job updated: 5347644
	1263  -  MemoryUsage of job (MB)
	1292988  -  ResidentSetSize of job (KB)
...
006 (113449397.000.000) 2023-03-29 23:11:34 Image size of job updated: 5347644
	1266  -  MemoryUsage of job (MB)
	1295364  -  ResidentSetSize of job (KB)
...
006 (113449397.000.000) 2023-03-29 23:16:35 Image size of job updated: 5349160
	1387  -  MemoryUsage of job (MB)
	1419676  -  ResidentSetSize of job (KB)
...
006 (113449397.000.000) 2023-03-29 23:31:36 Image size of job updated: 5415008
	1387  -  MemoryUsage of job (MB)
	1419676  -  ResidentSetSize of job (KB)
...
006 (113449397.000.000) 2023-03-30 00:56:44 Image size of job updated: 5415988
	1387  -  MemoryUsage of job (MB)
	1419676  -  ResidentSetSize of job (KB)
...
006 (113449397.000.000) 2023-03-30 01:11:45 Image size of job updated: 5430428
	1387  -  MemoryUsage of job (MB)
	1419676  -  ResidentSetSize of job (KB)
...
006 (113449397.000.000) 2023-03-30 01:21:46 Image size of job updated: 5430684
	1387  -  MemoryUsage of job (MB)
	1419676  -  ResidentSetSize of job (KB)
...
006 (113449397.000.000) 2023-03-30 01:41:47 Image size of job updated: 5430952
	1387  -  MemoryUsage of job (MB)
	1419676  -  ResidentSetSize of job (KB)
...
006 (113449397.000.000) 2023-03-30 01:46:48 Image size of job updated: 5430952
	1429  -  MemoryUsage of job (MB)
	1463092  -  ResidentSetSize of job (KB)
...
006 (113449397.000.000) 2023-03-30 01:51:48 Image size of job updated: 5432084
	1429  -  MemoryUsage of job (MB)
	1463092  -  ResidentSetSize of job (KB)
...
006 (113449397.000.000) 2023-03-30 01:56:48 Image size of job updated: 5437264
	1429  -  MemoryUsage of job (MB)
	1463092  -  ResidentSetSize of job (KB)
...
006 (113449397.000.000) 2023-03-30 02:01:49 Image size of job updated: 5438396
	1429  -  MemoryUsage of job (MB)
	1463092  -  ResidentSetSize of job (KB)
...
006 (113449397.000.000) 2023-03-30 02:11:49 Image size of job updated: 5439384
	1429  -  MemoryUsage of job (MB)
	1463092  -  ResidentSetSize of job (KB)
...
006 (113449397.000.000) 2023-03-30 02:16:50 Image size of job updated: 5440324
	1429  -  MemoryUsage of job (MB)
	1463092  -  ResidentSetSize of job (KB)
...
006 (113449397.000.000) 2023-03-30 02:21:50 Image size of job updated: 5518888
	1429  -  MemoryUsage of job (MB)
	1463092  -  ResidentSetSize of job (KB)
...
006 (113449397.000.000) 2023-03-30 04:21:58 Image size of job updated: 5520948
	1429  -  MemoryUsage of job (MB)
	1463092  -  ResidentSetSize of job (KB)
...
006 (113449397.000.000) 2023-03-30 04:26:58 Image size of job updated: 5520948
	1433  -  MemoryUsage of job (MB)
	1467236  -  ResidentSetSize of job (KB)
...
006 (113449397.000.000) 2023-03-30 04:36:59 Image size of job updated: 5526252
	1433  -  MemoryUsage of job (MB)
	1467236  -  ResidentSetSize of job (KB)
...
006 (113449397.000.000) 2023-03-30 04:47:00 Image size of job updated: 5609956
	1439  -  MemoryUsage of job (MB)
	1472856  -  ResidentSetSize of job (KB)
...
006 (113449397.000.000) 2023-03-30 04:57:00 Image size of job updated: 5609956
	1439  -  MemoryUsage of job (MB)
	1473116  -  ResidentSetSize of job (KB)
...
006 (113449397.000.000) 2023-03-30 05:02:01 Image size of job updated: 5613132
	1439  -  MemoryUsage of job (MB)
	1473116  -  ResidentSetSize of job (KB)
...
006 (113449397.000.000) 2023-03-30 05:17:02 Image size of job updated: 5613132
	1444  -  MemoryUsage of job (MB)
	1478516  -  ResidentSetSize of job (KB)
...
006 (113449397.000.000) 2023-03-30 05:22:02 Image size of job updated: 5613132
	1446  -  MemoryUsage of job (MB)
	1480564  -  ResidentSetSize of job (KB)
...
006 (113449397.000.000) 2023-03-30 05:27:02 Image size of job updated: 5618528
	1446  -  MemoryUsage of job (MB)
	1480564  -  ResidentSetSize of job (KB)
...
006 (113449397.000.000) 2023-03-30 05:42:03 Image size of job updated: 5618528
	1452  -  MemoryUsage of job (MB)
	1486192  -  ResidentSetSize of job (KB)
...
006 (113449397.000.000) 2023-03-30 05:52:04 Image size of job updated: 5618528
	1453  -  MemoryUsage of job (MB)
	1487728  -  ResidentSetSize of job (KB)
...
006 (113449397.000.000) 2023-03-30 05:57:04 Image size of job updated: 5625872
	1455  -  MemoryUsage of job (MB)
	1489568  -  ResidentSetSize of job (KB)
...
006 (113449397.000.000) 2023-03-30 06:07:05 Image size of job updated: 5625872
	1457  -  MemoryUsage of job (MB)
	1490992  -  ResidentSetSize of job (KB)
...
006 (113449397.000.000) 2023-03-30 06:12:05 Image size of job updated: 5625872
	1457  -  MemoryUsage of job (MB)
	1490996  -  ResidentSetSize of job (KB)
...
006 (113449397.000.000) 2023-03-30 06:17:06 Image size of job updated: 5625872
	1457  -  MemoryUsage of job (MB)
	1491824  -  ResidentSetSize of job (KB)
...
006 (113449397.000.000) 2023-03-30 06:22:06 Image size of job updated: 5644436
	1460  -  MemoryUsage of job (MB)
	1494332  -  ResidentSetSize of job (KB)
...
006 (113449397.000.000) 2023-03-30 06:27:06 Image size of job updated: 5644436
	1462  -  MemoryUsage of job (MB)
	1496844  -  ResidentSetSize of job (KB)
...
006 (113449397.000.000) 2023-03-30 06:37:07 Image size of job updated: 5644436
	1463  -  MemoryUsage of job (MB)
	1498040  -  ResidentSetSize of job (KB)
...
006 (113449397.000.000) 2023-03-30 06:42:07 Image size of job updated: 5644436
	1464  -  MemoryUsage of job (MB)
	1499064  -  ResidentSetSize of job (KB)
...
006 (113449397.000.000) 2023-03-30 06:52:08 Image size of job updated: 5644436
	1474  -  MemoryUsage of job (MB)
	1508740  -  ResidentSetSize of job (KB)
...
006 (113449397.000.000) 2023-03-30 07:47:12 Image size of job updated: 5644840
	1474  -  MemoryUsage of job (MB)
	1508740  -  ResidentSetSize of job (KB)
...
006 (113449397.000.000) 2023-03-30 07:57:12 Image size of job updated: 5663316
	1474  -  MemoryUsage of job (MB)
	1508740  -  ResidentSetSize of job (KB)
...
006 (113449397.000.000) 2023-03-30 08:12:13 Image size of job updated: 5668692
	1474  -  MemoryUsage of job (MB)
	1508740  -  ResidentSetSize of job (KB)
...
006 (113449397.000.000) 2023-03-30 08:17:14 Image size of job updated: 5668692
	1474  -  MemoryUsage of job (MB)
	1509188  -  ResidentSetSize of job (KB)
...
006 (113449397.000.000) 2023-03-30 08:22:14 Image size of job updated: 5675144
	1476  -  MemoryUsage of job (MB)
	1510972  -  ResidentSetSize of job (KB)
...
006 (113449397.000.000) 2023-03-30 08:27:14 Image size of job updated: 5675144
	1478  -  MemoryUsage of job (MB)
	1512764  -  ResidentSetSize of job (KB)
...
006 (113449397.000.000) 2023-03-30 08:32:15 Image size of job updated: 5678808
	1481  -  MemoryUsage of job (MB)
	1515928  -  ResidentSetSize of job (KB)
...
006 (113449397.000.000) 2023-03-30 08:37:15 Image size of job updated: 5678808
	1483  -  MemoryUsage of job (MB)
	1517976  -  ResidentSetSize of job (KB)
...
006 (113449397.000.000) 2023-03-30 08:47:16 Image size of job updated: 5678808
	1486  -  MemoryUsage of job (MB)
	1520816  -  ResidentSetSize of job (KB)
...
006 (113449397.000.000) 2023-03-30 08:52:16 Image size of job updated: 5678808
	1488  -  MemoryUsage of job (MB)
	1522864  -  ResidentSetSize of job (KB)
...
006 (113449397.000.000) 2023-03-30 08:57:16 Image size of job updated: 5689000
	1490  -  MemoryUsage of job (MB)
	1525636  -  ResidentSetSize of job (KB)
...
006 (113449397.000.000) 2023-03-30 09:02:17 Image size of job updated: 5689000
	1491  -  MemoryUsage of job (MB)
	1526340  -  ResidentSetSize of job (KB)
...
006 (113449397.000.000) 2023-03-30 09:12:18 Image size of job updated: 5708400
	1494  -  MemoryUsage of job (MB)
	1529664  -  ResidentSetSize of job (KB)
...
006 (113449397.000.000) 2023-03-30 09:17:19 Image size of job updated: 5708400
	1496  -  MemoryUsage of job (MB)
	1531528  -  ResidentSetSize of job (KB)
...
006 (113449397.000.000) 2023-03-30 09:22:20 Image size of job updated: 5708400
	1499  -  MemoryUsage of job (MB)
	1534616  -  ResidentSetSize of job (KB)
...
006 (113449397.000.000) 2023-03-30 09:27:20 Image size of job updated: 5708400
	1501  -  MemoryUsage of job (MB)
	1536664  -  ResidentSetSize of job (KB)
...
006 (113449397.000.000) 2023-03-30 09:37:22 Image size of job updated: 5708400
	1503  -  MemoryUsage of job (MB)
	1538604  -  ResidentSetSize of job (KB)
...
006 (113449397.000.000) 2023-03-30 09:42:22 Image size of job updated: 5708400
	1506  -  MemoryUsage of job (MB)
	1541420  -  ResidentSetSize of job (KB)
...
006 (113449397.000.000) 2023-03-30 09:47:23 Image size of job updated: 5723672
	1508  -  MemoryUsage of job (MB)
	1543972  -  ResidentSetSize of job (KB)
...
006 (113449397.000.000) 2023-03-30 09:52:24 Image size of job updated: 5723672
	1509  -  MemoryUsage of job (MB)
	1544576  -  ResidentSetSize of job (KB)
...
006 (113449397.000.000) 2023-03-30 09:57:24 Image size of job updated: 5723672
	1512  -  MemoryUsage of job (MB)
	1547640  -  ResidentSetSize of job (KB)
...
006 (113449397.000.000) 2023-03-30 10:12:26 Image size of job updated: 5727584
	1514  -  MemoryUsage of job (MB)
	1549316  -  ResidentSetSize of job (KB)
...
006 (113449397.000.000) 2023-03-30 10:17:27 Image size of job updated: 5727584
	1514  -  MemoryUsage of job (MB)
	1550084  -  ResidentSetSize of job (KB)
...
006 (113449397.000.000) 2023-03-30 10:27:28 Image size of job updated: 5733328
	1519  -  MemoryUsage of job (MB)
	1555456  -  ResidentSetSize of job (KB)
...
006 (113449397.000.000) 2023-03-30 10:32:28 Image size of job updated: 5733328
	1520  -  MemoryUsage of job (MB)
	1555756  -  ResidentSetSize of job (KB)
...
006 (113449397.000.000) 2023-03-30 10:37:29 Image size of job updated: 5733328
	1521  -  MemoryUsage of job (MB)
	1557444  -  ResidentSetSize of job (KB)
...
006 (113449397.000.000) 2023-03-30 10:47:30 Image size of job updated: 5739588
	1521  -  MemoryUsage of job (MB)
	1557444  -  ResidentSetSize of job (KB)
...
006 (113449397.000.000) 2023-03-30 11:02:31 Image size of job updated: 5739588
	1534  -  MemoryUsage of job (MB)
	1570804  -  ResidentSetSize of job (KB)
...
006 (113449397.000.000) 2023-03-30 11:07:32 Image size of job updated: 5739588
	1536  -  MemoryUsage of job (MB)
	1572068  -  ResidentSetSize of job (KB)
...
006 (113449397.000.000) 2023-03-30 11:17:32 Image size of job updated: 5772644
	1541  -  MemoryUsage of job (MB)
	1577724  -  ResidentSetSize of job (KB)
...
006 (113449397.000.000) 2023-03-30 11:27:33 Image size of job updated: 5772644
	1542  -  MemoryUsage of job (MB)
	1578248  -  ResidentSetSize of job (KB)
...
006 (113449397.000.000) 2023-03-30 11:32:33 Image size of job updated: 5772644
	1550  -  MemoryUsage of job (MB)
	1586588  -  ResidentSetSize of job (KB)
...
006 (113449397.000.000) 2023-03-30 11:37:34 Image size of job updated: 5772644
	1552  -  MemoryUsage of job (MB)
	1588380  -  ResidentSetSize of job (KB)
...
006 (113449397.000.000) 2023-03-30 11:47:35 Image size of job updated: 5772644
	1552  -  MemoryUsage of job (MB)
	1588768  -  ResidentSetSize of job (KB)
...
006 (113449397.000.000) 2023-03-30 12:52:43 Image size of job updated: 5772644
	1694  -  MemoryUsage of job (MB)
	1733644  -  ResidentSetSize of job (KB)
...
006 (113449397.000.000) 2023-03-30 13:32:46 Image size of job updated: 5809888
	1694  -  MemoryUsage of job (MB)
	1733644  -  ResidentSetSize of job (KB)
...
006 (113449397.000.000) 2023-03-30 13:42:47 Image size of job updated: 5811896
	1694  -  MemoryUsage of job (MB)
	1733644  -  ResidentSetSize of job (KB)
...
006 (113449397.000.000) 2023-03-30 13:57:48 Image size of job updated: 5816024
	1694  -  MemoryUsage of job (MB)
	1733644  -  ResidentSetSize of job (KB)
...
006 (113449397.000.000) 2023-03-30 14:07:48 Image size of job updated: 5821448
	1694  -  MemoryUsage of job (MB)
	1733644  -  ResidentSetSize of job (KB)
...
006 (113449397.000.000) 2023-03-30 14:17:50 Image size of job updated: 5823192
	1694  -  MemoryUsage of job (MB)
	1733644  -  ResidentSetSize of job (KB)
...
006 (113449397.000.000) 2023-03-30 14:32:52 Image size of job updated: 5828552
	1694  -  MemoryUsage of job (MB)
	1733644  -  ResidentSetSize of job (KB)
...
006 (113449397.000.000) 2023-03-30 14:47:54 Image size of job updated: 5843372
	1694  -  MemoryUsage of job (MB)
	1733644  -  ResidentSetSize of job (KB)
...
006 (113449397.000.000) 2023-03-30 15:02:56 Image size of job updated: 5847884
	1694  -  MemoryUsage of job (MB)
	1733644  -  ResidentSetSize of job (KB)
...
006 (113449397.000.000) 2023-03-30 15:12:57 Image size of job updated: 5851780
	1694  -  MemoryUsage of job (MB)
	1733644  -  ResidentSetSize of job (KB)
...
006 (113449397.000.000) 2023-03-30 16:18:04 Image size of job updated: 5883348
	1775  -  MemoryUsage of job (MB)
	1817296  -  ResidentSetSize of job (KB)
...
006 (113449397.000.000) 2023-03-30 16:33:05 Image size of job updated: 5885828
	1775  -  MemoryUsage of job (MB)
	1817296  -  ResidentSetSize of job (KB)
...
006 (113449397.000.000) 2023-03-30 16:43:05 Image size of job updated: 5889204
	1775  -  MemoryUsage of job (MB)
	1817296  -  ResidentSetSize of job (KB)
...
006 (113449397.000.000) 2023-03-30 16:58:06 Image size of job updated: 5894724
	1775  -  MemoryUsage of job (MB)
	1817296  -  ResidentSetSize of job (KB)
...
006 (113449397.000.000) 2023-03-30 17:13:08 Image size of job updated: 5898244
	1775  -  MemoryUsage of job (MB)
	1817296  -  ResidentSetSize of job (KB)
...
004 (113449397.000.000) 2023-03-30 17:16:23 Job was evicted.
	(0) CPU times
		Usr 2 02:04:38, Sys 0 00:04:02  -  Run Remote Usage
		Usr 0 00:00:00, Sys 0 00:00:00  -  Run Local Usage
	0  -  Run Bytes Sent By Job
	366  -  Run Bytes Received By Job
	Partitionable Resources :    Usage  Request Allocated 
	   Cpus                 :     0.99        1         1 
	   Disk (KB)            :  4228      500000    624256 
	   GPUs                 :                           0 
	   Memory (MB)          :  1775       20000     20096 
...
040 (113449397.000.000) 2023-03-30 17:18:50 Entered queue to transfer input files
	Transferring to host: <10.14.10.83:9618?addrs=10.14.10.83-9618&alias=node2333.cluster.ldas.cit&noUDP&sock=slot1_4_631394_f105_5021>
...
040 (113449397.000.000) 2023-03-30 17:19:06 Started transferring input files
	Seconds spent in queue: 16
...
040 (113449397.000.000) 2023-03-30 17:19:06 Finished transferring input files
...
001 (113449397.000.000) 2023-03-30 17:19:07 Job executing on host: <10.14.10.83:9618?addrs=10.14.10.83-9618&alias=node2333.cluster.ldas.cit&noUDP&sock=startd_631351_d9d8>
...
006 (113449397.000.000) 2023-03-31 06:53:25 Image size of job updated: 7500000
	2071  -  MemoryUsage of job (MB)
	2119824  -  ResidentSetSize of job (KB)
...
006 (113449397.000.000) 2023-03-31 06:58:25 Image size of job updated: 7500000
	2115  -  MemoryUsage of job (MB)
	2164880  -  ResidentSetSize of job (KB)
...
006 (113449397.000.000) 2023-03-31 15:39:19 Image size of job updated: 7500000
	2326  -  MemoryUsage of job (MB)
	2381112  -  ResidentSetSize of job (KB)
...
006 (113449397.000.000) 2023-03-31 16:54:27 Image size of job updated: 7500000
	2343  -  MemoryUsage of job (MB)
	2398372  -  ResidentSetSize of job (KB)
...
004 (113449397.000.000) 2023-03-31 17:28:17 Job was evicted.
	(0) CPU times
		Usr 3 13:16:18, Sys 0 00:06:39  -  Run Remote Usage
		Usr 0 00:00:00, Sys 0 00:00:00  -  Run Local Usage
	0  -  Run Bytes Sent By Job
	366  -  Run Bytes Received By Job
	Partitionable Resources :    Usage  Request Allocated 
	   Cpus                 :     6.64        1         1 
	   Disk (KB)            :  3787      500000    624256 
	   GPUs                 :                           0 
	   Memory (MB)          :  2343       20000     20096 
...
040 (113449397.000.000) 2023-03-31 17:48:47 Started transferring input files
	Seconds spent in queue: 88197
...
040 (113449397.000.000) 2023-03-31 17:48:47 Finished transferring input files
...
001 (113449397.000.000) 2023-03-31 17:48:48 Job executing on host: <10.14.10.113:9618?addrs=10.14.10.113-9618&alias=node2363.cluster.ldas.cit&noUDP&sock=startd_1246721_7c96>
...
006 (113449397.000.000) 2023-04-01 19:16:35 Image size of job updated: 7500000
	2523  -  MemoryUsage of job (MB)
	2583100  -  ResidentSetSize of job (KB)
...
004 (113449397.000.000) 2023-04-01 19:42:37 Job was evicted.
	(0) CPU times
		Usr 2 12:30:13, Sys 0 00:11:11  -  Run Remote Usage
		Usr 0 00:00:00, Sys 0 00:00:00  -  Run Local Usage
	0  -  Run Bytes Sent By Job
	366  -  Run Bytes Received By Job
	Partitionable Resources :    Usage  Request Allocated 
	   Cpus                 :     2.23        1         1 
	   Disk (KB)            :  2985      500000    624256 
	   GPUs                 :                           0 
	   Memory (MB)          :  2523       20000     20096 
...
040 (113449397.000.000) 2023-04-01 19:57:09 Started transferring input files
	Seconds spent in queue: 182299
...
040 (113449397.000.000) 2023-04-01 19:57:09 Finished transferring input files
...
001 (113449397.000.000) 2023-04-01 19:57:10 Job executing on host: <10.14.10.130:9618?addrs=10.14.10.130-9618&alias=node2380.cluster.ldas.cit&noUDP&sock=startd_4128_0b0a>
...
004 (113449397.000.000) 2023-04-03 01:17:57 Job was evicted.
	(0) CPU times
		Usr 3 18:22:17, Sys 0 00:04:54  -  Run Remote Usage
		Usr 0 00:00:00, Sys 0 00:00:00  -  Run Local Usage
	0  -  Run Bytes Sent By Job
	366  -  Run Bytes Received By Job
	Partitionable Resources :    Usage  Request Allocated 
	   Cpus                 :     4.95        1         1 
	   Disk (KB)            :  3027      500000    624256 
	   GPUs                 :                           0 
	   Memory (MB)          :  2686       20000     20096 
...
040 (113449397.000.000) 2023-04-03 01:19:29 Started transferring input files
	Seconds spent in queue: 288039
...
040 (113449397.000.000) 2023-04-03 01:19:29 Finished transferring input files
...
001 (113449397.000.000) 2023-04-03 01:19:30 Job executing on host: <10.14.4.34:9618?addrs=10.14.4.34-9618&alias=node784.cluster.ldas.cit&noUDP&sock=startd_3179_1ba9>
...
004 (113449397.000.000) 2023-04-04 01:28:41 Job was evicted.
	(0) CPU times
		Usr 2 13:51:39, Sys 0 00:05:57  -  Run Remote Usage
		Usr 0 00:00:00, Sys 0 00:00:00  -  Run Local Usage
	0  -  Run Bytes Sent By Job
	366  -  Run Bytes Received By Job
	Partitionable Resources :    Usage  Request Allocated 
	   Cpus                 :     1.00        1         1 
	   Disk (KB)            :  2870      500000    624256 
	   GPUs                 :                           0 
	   Memory (MB)          :  2686       20000     20096 
...
040 (113449397.000.000) 2023-04-04 01:36:51 Started transferring input files
	Seconds spent in queue: 375481
...
040 (113449397.000.000) 2023-04-04 01:36:51 Finished transferring input files
...
001 (113449397.000.000) 2023-04-04 01:36:52 Job executing on host: <10.14.9.81:9618?addrs=10.14.9.81-9618&alias=node2081.cluster.ldas.cit&noUDP&sock=startd_1820365_8e98>
...
006 (113449397.000.000) 2023-04-04 23:16:11 Image size of job updated: 7500000
	2738  -  MemoryUsage of job (MB)
	2803356  -  ResidentSetSize of job (KB)
...
004 (113449397.000.000) 2023-04-05 02:05:23 Job was evicted.
	(0) CPU times
		Usr 4 04:03:18, Sys 0 00:11:23  -  Run Remote Usage
		Usr 0 00:00:00, Sys 0 00:00:00  -  Run Local Usage
	0  -  Run Bytes Sent By Job
	366  -  Run Bytes Received By Job
	Partitionable Resources :    Usage  Request Allocated 
	   Cpus                 :     2.98        1         1 
	   Disk (KB)            :  2916      500000    609620 
	   GPUs                 :                           0 
	   Memory (MB)          :  2738       20000     20096 
...
040 (113449397.000.000) 2023-04-05 02:11:13 Started transferring input files
	Seconds spent in queue: 463943
...
040 (113449397.000.000) 2023-04-05 02:11:13 Finished transferring input files
...
001 (113449397.000.000) 2023-04-05 02:11:14 Job executing on host: <10.14.10.121:9618?addrs=10.14.10.121-9618&alias=node2371.cluster.ldas.cit&noUDP&sock=startd_4129_baa2>
...
004 (113449397.000.000) 2023-04-05 14:52:21 Job was evicted.
	(0) CPU times
		Usr 2 00:44:18, Sys 0 00:01:47  -  Run Remote Usage
		Usr 0 00:00:00, Sys 0 00:00:00  -  Run Local Usage
	0  -  Run Bytes Sent By Job
	366  -  Run Bytes Received By Job
	Partitionable Resources :    Usage  Request Allocated 
	   Cpus                 :     1.00        1         1 
	   Disk (KB)            :  2837      500000    624256 
	   GPUs                 :                           0 
	   Memory (MB)          :  2930       20000     20096 
...
009 (113449397.000.000) 2023-04-05 14:52:22 Job was aborted.
	removed because <OtherJobRemoveRequirements = DAGManJobId =?= 113449368> fired when job (113449368.0) was removed
...
000 (113587120.000.000) 2023-04-05 14:54:12 Job submitted from host: <10.14.0.160:9618?addrs=10.14.0.160-9618&alias=ldas-pcdev2.ligo.caltech.edu&noUDP&sock=schedd_7450_a8a7>
    DAG Node: 255
...
040 (113587120.000.000) 2023-04-05 14:56:12 Started transferring input files
	Transferring to host: <10.14.3.244:9618?addrs=10.14.3.244-9618&alias=node744.cluster.ldas.cit&noUDP&sock=slot1_8_2546626_253f_8245>
...
040 (113587120.000.000) 2023-04-05 14:56:12 Finished transferring input files
...
001 (113587120.000.000) 2023-04-05 14:56:13 Job executing on host: <10.14.3.244:9618?addrs=10.14.3.244-9618&alias=node744.cluster.ldas.cit&noUDP&sock=startd_2546588_2160>
...
006 (113587120.000.000) 2023-04-05 14:56:22 Image size of job updated: 235868
	190  -  MemoryUsage of job (MB)
	194336  -  ResidentSetSize of job (KB)
...
006 (113587120.000.000) 2023-04-05 15:01:23 Image size of job updated: 5491040
	938  -  MemoryUsage of job (MB)
	959512  -  ResidentSetSize of job (KB)
...
006 (113587120.000.000) 2023-04-05 15:06:24 Image size of job updated: 5558396
	1020  -  MemoryUsage of job (MB)
	1044260  -  ResidentSetSize of job (KB)
...
006 (113587120.000.000) 2023-04-05 15:11:24 Image size of job updated: 5656648
	1101  -  MemoryUsage of job (MB)
	1126644  -  ResidentSetSize of job (KB)
...
006 (113587120.000.000) 2023-04-05 15:16:25 Image size of job updated: 5751756
	1197  -  MemoryUsage of job (MB)
	1225248  -  ResidentSetSize of job (KB)
...
006 (113587120.000.000) 2023-04-05 15:21:26 Image size of job updated: 5773360
	1215  -  MemoryUsage of job (MB)
	1243488  -  ResidentSetSize of job (KB)
...
006 (113587120.000.000) 2023-04-05 15:26:26 Image size of job updated: 5776444
	1215  -  MemoryUsage of job (MB)
	1243488  -  ResidentSetSize of job (KB)
...
006 (113587120.000.000) 2023-04-05 15:31:26 Image size of job updated: 5952676
	1393  -  MemoryUsage of job (MB)
	1426064  -  ResidentSetSize of job (KB)
...
006 (113587120.000.000) 2023-04-05 15:36:27 Image size of job updated: 6756372
	1792  -  MemoryUsage of job (MB)
	1834876  -  ResidentSetSize of job (KB)
...
006 (113587120.000.000) 2023-04-05 15:51:28 Image size of job updated: 6756372
	1846  -  MemoryUsage of job (MB)
	1889680  -  ResidentSetSize of job (KB)
...
006 (113587120.000.000) 2023-04-05 15:56:29 Image size of job updated: 6756372
	1982  -  MemoryUsage of job (MB)
	2028972  -  ResidentSetSize of job (KB)
...
006 (113587120.000.000) 2023-04-05 16:01:29 Image size of job updated: 6756372
	2004  -  MemoryUsage of job (MB)
	2051168  -  ResidentSetSize of job (KB)
...
006 (113587120.000.000) 2023-04-05 16:21:31 Image size of job updated: 6789000
	2041  -  MemoryUsage of job (MB)
	2089384  -  ResidentSetSize of job (KB)
...
006 (113587120.000.000) 2023-04-05 16:26:32 Image size of job updated: 6789000
	2047  -  MemoryUsage of job (MB)
	2095700  -  ResidentSetSize of job (KB)
...
006 (113587120.000.000) 2023-04-05 16:31:32 Image size of job updated: 6789000
	2079  -  MemoryUsage of job (MB)
	2128832  -  ResidentSetSize of job (KB)
...
006 (113587120.000.000) 2023-04-05 16:36:32 Image size of job updated: 6789000
	2099  -  MemoryUsage of job (MB)
	2148608  -  ResidentSetSize of job (KB)
...
006 (113587120.000.000) 2023-04-05 16:41:33 Image size of job updated: 6789000
	2137  -  MemoryUsage of job (MB)
	2188092  -  ResidentSetSize of job (KB)
...
006 (113587120.000.000) 2023-04-05 17:01:36 Image size of job updated: 6791960
	2137  -  MemoryUsage of job (MB)
	2188092  -  ResidentSetSize of job (KB)
...
006 (113587120.000.000) 2023-04-05 17:21:38 Image size of job updated: 6791960
	2161  -  MemoryUsage of job (MB)
	2212804  -  ResidentSetSize of job (KB)
...
006 (113587120.000.000) 2023-04-05 17:41:40 Image size of job updated: 6817332
	2161  -  MemoryUsage of job (MB)
	2212804  -  ResidentSetSize of job (KB)
...
006 (113587120.000.000) 2023-04-05 18:16:43 Image size of job updated: 6817332
	2499  -  MemoryUsage of job (MB)
	2558816  -  ResidentSetSize of job (KB)
...
006 (113587120.000.000) 2023-04-05 19:01:49 Image size of job updated: 6886096
	2499  -  MemoryUsage of job (MB)
	2558816  -  ResidentSetSize of job (KB)
...
006 (113587120.000.000) 2023-04-05 19:31:51 Image size of job updated: 6896828
	2499  -  MemoryUsage of job (MB)
	2558816  -  ResidentSetSize of job (KB)
...
006 (113587120.000.000) 2023-04-05 20:41:58 Image size of job updated: 6896828
	2513  -  MemoryUsage of job (MB)
	2572444  -  ResidentSetSize of job (KB)
...
006 (113587120.000.000) 2023-04-05 21:12:00 Image size of job updated: 6908780
	2513  -  MemoryUsage of job (MB)
	2572444  -  ResidentSetSize of job (KB)
...
006 (113587120.000.000) 2023-04-05 22:22:08 Image size of job updated: 6918196
	2513  -  MemoryUsage of job (MB)
	2572444  -  ResidentSetSize of job (KB)
...
006 (113587120.000.000) 2023-04-06 00:57:25 Image size of job updated: 6971812
	2723  -  MemoryUsage of job (MB)
	2787528  -  ResidentSetSize of job (KB)
...
006 (113587120.000.000) 2023-04-06 02:22:34 Image size of job updated: 7432180
	2723  -  MemoryUsage of job (MB)
	2787528  -  ResidentSetSize of job (KB)
...
006 (113587120.000.000) 2023-04-06 13:33:46 Image size of job updated: 7432180
	2792  -  MemoryUsage of job (MB)
	2858480  -  ResidentSetSize of job (KB)
...
006 (113587120.000.000) 2023-04-06 13:38:46 Image size of job updated: 7484016
	2792  -  MemoryUsage of job (MB)
	2858480  -  ResidentSetSize of job (KB)
...
004 (113587120.000.000) 2023-04-06 15:16:59 Job was evicted.
	(0) CPU times
		Usr 4 04:54:55, Sys 0 00:09:11  -  Run Remote Usage
		Usr 0 00:00:00, Sys 0 00:00:00  -  Run Local Usage
	0  -  Run Bytes Sent By Job
	366  -  Run Bytes Received By Job
	Partitionable Resources :    Usage  Request Allocated 
	   Cpus                 :     0.99        1         1 
	   Disk (KB)            :  2837      500000    609620 
	   GPUs                 :                           0 
	   Memory (MB)          :  2792       20000     20096 
...
040 (113587120.000.000) 2023-04-06 15:21:36 Started transferring input files
	Transferring to host: <10.14.10.30:9618?addrs=10.14.10.30-9618&alias=node2280.cluster.ldas.cit&noUDP&sock=slot1_9_447399_d1aa_338>
...
040 (113587120.000.000) 2023-04-06 15:21:36 Finished transferring input files
...
001 (113587120.000.000) 2023-04-06 15:21:37 Job executing on host: <10.14.10.30:9618?addrs=10.14.10.30-9618&alias=node2280.cluster.ldas.cit&noUDP&sock=startd_447254_9f19>
...
004 (113587120.000.000) 2023-04-06 16:04:44 Job was evicted.
	(0) CPU times
		Usr 0 02:57:31, Sys 0 00:00:07  -  Run Remote Usage
		Usr 0 00:00:00, Sys 0 00:00:00  -  Run Local Usage
	0  -  Run Bytes Sent By Job
	366  -  Run Bytes Received By Job
	Partitionable Resources :    Usage  Request Allocated 
	   Cpus                 :     7.96        1         1 
	   Disk (KB)            :  2720      500000    624256 
	   GPUs                 :                           0 
	   Memory (MB)          :  2930       20000     20096 
...
009 (113587120.000.000) 2023-04-06 16:04:44 Job was aborted.
	removed because <OtherJobRemoveRequirements = DAGManJobId =?= 113587092> fired when job (113587092.0) was removed
...
000 (113604233.000.000) 2023-04-06 16:27:55 Job submitted from host: <10.14.0.160:9618?addrs=10.14.0.160-9618&alias=ldas-pcdev2.ligo.caltech.edu&noUDP&sock=schedd_7450_a8a7>
    DAG Node: 255
...
040 (113604233.000.000) 2023-04-06 16:29:22 Started transferring input files
	Transferring to host: <10.14.9.103:9618?addrs=10.14.9.103-9618&alias=node2103.cluster.ldas.cit&noUDP&sock=slot1_9_441887_1dca_12551>
...
040 (113604233.000.000) 2023-04-06 16:29:22 Finished transferring input files
...
001 (113604233.000.000) 2023-04-06 16:29:23 Job executing on host: <10.14.9.103:9618?addrs=10.14.9.103-9618&alias=node2103.cluster.ldas.cit&noUDP&sock=startd_441847_de85>
...
006 (113604233.000.000) 2023-04-06 16:29:32 Image size of job updated: 245668
	190  -  MemoryUsage of job (MB)
	194452  -  ResidentSetSize of job (KB)
...
006 (113604233.000.000) 2023-04-06 16:34:33 Image size of job updated: 5162860
	288  -  MemoryUsage of job (MB)
	294144  -  ResidentSetSize of job (KB)
...
006 (113604233.000.000) 2023-04-06 16:39:33 Image size of job updated: 5162860
	289  -  MemoryUsage of job (MB)
	295184  -  ResidentSetSize of job (KB)
...
006 (113604233.000.000) 2023-04-06 16:44:33 Image size of job updated: 5162860
	469  -  MemoryUsage of job (MB)
	479628  -  ResidentSetSize of job (KB)
...
006 (113604233.000.000) 2023-04-06 16:49:33 Image size of job updated: 5162860
	472  -  MemoryUsage of job (MB)
	483204  -  ResidentSetSize of job (KB)
...
006 (113604233.000.000) 2023-04-06 16:54:34 Image size of job updated: 5162860
	537  -  MemoryUsage of job (MB)
	549456  -  ResidentSetSize of job (KB)
...
006 (113604233.000.000) 2023-04-06 16:59:34 Image size of job updated: 5162860
	545  -  MemoryUsage of job (MB)
	557576  -  ResidentSetSize of job (KB)
...
006 (113604233.000.000) 2023-04-06 17:04:34 Image size of job updated: 5162860
	555  -  MemoryUsage of job (MB)
	567428  -  ResidentSetSize of job (KB)
...
006 (113604233.000.000) 2023-04-06 17:09:35 Image size of job updated: 5162860
	564  -  MemoryUsage of job (MB)
	577268  -  ResidentSetSize of job (KB)
...
006 (113604233.000.000) 2023-04-06 17:14:36 Image size of job updated: 5162860
	582  -  MemoryUsage of job (MB)
	595344  -  ResidentSetSize of job (KB)
...
006 (113604233.000.000) 2023-04-06 17:19:36 Image size of job updated: 5162860
	588  -  MemoryUsage of job (MB)
	601296  -  ResidentSetSize of job (KB)
...
006 (113604233.000.000) 2023-04-06 17:24:36 Image size of job updated: 5162860
	599  -  MemoryUsage of job (MB)
	613036  -  ResidentSetSize of job (KB)
...
006 (113604233.000.000) 2023-04-06 17:29:37 Image size of job updated: 5162860
	613  -  MemoryUsage of job (MB)
	626940  -  ResidentSetSize of job (KB)
...
006 (113604233.000.000) 2023-04-06 17:34:37 Image size of job updated: 5162860
	662  -  MemoryUsage of job (MB)
	677708  -  ResidentSetSize of job (KB)
...
006 (113604233.000.000) 2023-04-06 17:39:37 Image size of job updated: 5162860
	662  -  MemoryUsage of job (MB)
	677740  -  ResidentSetSize of job (KB)
...
006 (113604233.000.000) 2023-04-06 17:44:38 Image size of job updated: 5162860
	682  -  MemoryUsage of job (MB)
	697948  -  ResidentSetSize of job (KB)
...
006 (113604233.000.000) 2023-04-06 17:49:39 Image size of job updated: 5162860
	719  -  MemoryUsage of job (MB)
	735556  -  ResidentSetSize of job (KB)
...
006 (113604233.000.000) 2023-04-06 17:54:39 Image size of job updated: 5162860
	934  -  MemoryUsage of job (MB)
	955644  -  ResidentSetSize of job (KB)
...
006 (113604233.000.000) 2023-04-06 17:59:39 Image size of job updated: 5162860
	1106  -  MemoryUsage of job (MB)
	1131532  -  ResidentSetSize of job (KB)
...
006 (113604233.000.000) 2023-04-06 18:04:40 Image size of job updated: 5162860
	1106  -  MemoryUsage of job (MB)
	1131544  -  ResidentSetSize of job (KB)
...
006 (113604233.000.000) 2023-04-06 18:34:43 Image size of job updated: 5162860
	1107  -  MemoryUsage of job (MB)
	1133368  -  ResidentSetSize of job (KB)
...
006 (113604233.000.000) 2023-04-06 18:39:44 Image size of job updated: 5162860
	1113  -  MemoryUsage of job (MB)
	1139408  -  ResidentSetSize of job (KB)
...
006 (113604233.000.000) 2023-04-06 18:44:44 Image size of job updated: 5162860
	1116  -  MemoryUsage of job (MB)
	1142484  -  ResidentSetSize of job (KB)
...
006 (113604233.000.000) 2023-04-06 18:59:46 Image size of job updated: 5162860
	1153  -  MemoryUsage of job (MB)
	1180588  -  ResidentSetSize of job (KB)
...
006 (113604233.000.000) 2023-04-06 19:04:46 Image size of job updated: 5162860
	1165  -  MemoryUsage of job (MB)
	1192608  -  ResidentSetSize of job (KB)
...
006 (113604233.000.000) 2023-04-06 19:09:47 Image size of job updated: 5162860
	1182  -  MemoryUsage of job (MB)
	1209984  -  ResidentSetSize of job (KB)
...
006 (113604233.000.000) 2023-04-06 19:14:48 Image size of job updated: 5162860
	1189  -  MemoryUsage of job (MB)
	1217156  -  ResidentSetSize of job (KB)
...
006 (113604233.000.000) 2023-04-06 19:19:48 Image size of job updated: 5162860
	1196  -  MemoryUsage of job (MB)
	1224640  -  ResidentSetSize of job (KB)
...
006 (113604233.000.000) 2023-04-06 19:24:48 Image size of job updated: 5162860
	1215  -  MemoryUsage of job (MB)
	1243904  -  ResidentSetSize of job (KB)
...
006 (113604233.000.000) 2023-04-06 19:29:49 Image size of job updated: 5162860
	1217  -  MemoryUsage of job (MB)
	1245320  -  ResidentSetSize of job (KB)
...
006 (113604233.000.000) 2023-04-06 19:34:49 Image size of job updated: 5162860
	1219  -  MemoryUsage of job (MB)
	1248172  -  ResidentSetSize of job (KB)
...
006 (113604233.000.000) 2023-04-06 19:39:49 Image size of job updated: 5162860
	1225  -  MemoryUsage of job (MB)
	1253540  -  ResidentSetSize of job (KB)
...
006 (113604233.000.000) 2023-04-06 19:44:50 Image size of job updated: 5162860
	1232  -  MemoryUsage of job (MB)
	1260648  -  ResidentSetSize of job (KB)
...
006 (113604233.000.000) 2023-04-06 19:49:51 Image size of job updated: 5162860
	1237  -  MemoryUsage of job (MB)
	1266144  -  ResidentSetSize of job (KB)
...
006 (113604233.000.000) 2023-04-06 19:54:51 Image size of job updated: 5162860
	1255  -  MemoryUsage of job (MB)
	1285060  -  ResidentSetSize of job (KB)
...
006 (113604233.000.000) 2023-04-06 19:59:52 Image size of job updated: 5162860
	1291  -  MemoryUsage of job (MB)
	1321452  -  ResidentSetSize of job (KB)
...
006 (113604233.000.000) 2023-04-06 20:04:53 Image size of job updated: 5162860
	1292  -  MemoryUsage of job (MB)
	1322260  -  ResidentSetSize of job (KB)
...
006 (113604233.000.000) 2023-04-06 20:09:53 Image size of job updated: 5164416
	1292  -  MemoryUsage of job (MB)
	1322260  -  ResidentSetSize of job (KB)
...
006 (113604233.000.000) 2023-04-06 20:34:55 Image size of job updated: 5164416
	1329  -  MemoryUsage of job (MB)
	1360296  -  ResidentSetSize of job (KB)
...
006 (113604233.000.000) 2023-04-06 20:39:56 Image size of job updated: 5164416
	1331  -  MemoryUsage of job (MB)
	1362396  -  ResidentSetSize of job (KB)
...
006 (113604233.000.000) 2023-04-06 20:44:56 Image size of job updated: 5197184
	1331  -  MemoryUsage of job (MB)
	1362396  -  ResidentSetSize of job (KB)
...
006 (113604233.000.000) 2023-04-06 21:09:59 Image size of job updated: 5197184
	1348  -  MemoryUsage of job (MB)
	1379884  -  ResidentSetSize of job (KB)
...
006 (113604233.000.000) 2023-04-06 21:14:59 Image size of job updated: 5197184
	1353  -  MemoryUsage of job (MB)
	1385004  -  ResidentSetSize of job (KB)
...
006 (113604233.000.000) 2023-04-06 21:19:59 Image size of job updated: 5197184
	1358  -  MemoryUsage of job (MB)
	1389948  -  ResidentSetSize of job (KB)
...
006 (113604233.000.000) 2023-04-06 21:25:00 Image size of job updated: 5197184
	1360  -  MemoryUsage of job (MB)
	1392508  -  ResidentSetSize of job (KB)
...
006 (113604233.000.000) 2023-04-06 21:30:01 Image size of job updated: 5197184
	1361  -  MemoryUsage of job (MB)
	1392764  -  ResidentSetSize of job (KB)
...
006 (113604233.000.000) 2023-04-06 21:35:01 Image size of job updated: 5235636
	1366  -  MemoryUsage of job (MB)
	1398248  -  ResidentSetSize of job (KB)
...
006 (113604233.000.000) 2023-04-06 21:40:02 Image size of job updated: 5235636
	1366  -  MemoryUsage of job (MB)
	1398512  -  ResidentSetSize of job (KB)
...
006 (113604233.000.000) 2023-04-06 21:45:03 Image size of job updated: 5235636
	1383  -  MemoryUsage of job (MB)
	1415624  -  ResidentSetSize of job (KB)
...
006 (113604233.000.000) 2023-04-06 21:50:03 Image size of job updated: 5235636
	1385  -  MemoryUsage of job (MB)
	1417344  -  ResidentSetSize of job (KB)
...
006 (113604233.000.000) 2023-04-06 21:55:03 Image size of job updated: 5273944
	1391  -  MemoryUsage of job (MB)
	1424256  -  ResidentSetSize of job (KB)
...
006 (113604233.000.000) 2023-04-06 22:00:04 Image size of job updated: 5273944
	1393  -  MemoryUsage of job (MB)
	1426040  -  ResidentSetSize of job (KB)
...
006 (113604233.000.000) 2023-04-06 22:10:04 Image size of job updated: 5273944
	1401  -  MemoryUsage of job (MB)
	1433756  -  ResidentSetSize of job (KB)
...
006 (113604233.000.000) 2023-04-06 22:15:05 Image size of job updated: 5273944
	1401  -  MemoryUsage of job (MB)
	1433992  -  ResidentSetSize of job (KB)
...
006 (113604233.000.000) 2023-04-06 22:20:06 Image size of job updated: 5291440
	1408  -  MemoryUsage of job (MB)
	1441368  -  ResidentSetSize of job (KB)
...
006 (113604233.000.000) 2023-04-06 22:25:06 Image size of job updated: 5291440
	1409  -  MemoryUsage of job (MB)
	1442608  -  ResidentSetSize of job (KB)
...
006 (113604233.000.000) 2023-04-06 22:30:06 Image size of job updated: 5291440
	1413  -  MemoryUsage of job (MB)
	1445924  -  ResidentSetSize of job (KB)
...
006 (113604233.000.000) 2023-04-06 22:40:07 Image size of job updated: 5291440
	1413  -  MemoryUsage of job (MB)
	1446180  -  ResidentSetSize of job (KB)
...
006 (113604233.000.000) 2023-04-06 22:55:09 Image size of job updated: 5321524
	1413  -  MemoryUsage of job (MB)
	1446180  -  ResidentSetSize of job (KB)
...
006 (113604233.000.000) 2023-04-06 23:10:11 Image size of job updated: 5327604
	1429  -  MemoryUsage of job (MB)
	1462548  -  ResidentSetSize of job (KB)
...
006 (113604233.000.000) 2023-04-06 23:15:11 Image size of job updated: 5327604
	1429  -  MemoryUsage of job (MB)
	1463080  -  ResidentSetSize of job (KB)
...
006 (113604233.000.000) 2023-04-06 23:20:11 Image size of job updated: 5327604
	1430  -  MemoryUsage of job (MB)
	1464304  -  ResidentSetSize of job (KB)
...
006 (113604233.000.000) 2023-04-06 23:25:12 Image size of job updated: 5327604
	1456  -  MemoryUsage of job (MB)
	1490488  -  ResidentSetSize of job (KB)
...
006 (113604233.000.000) 2023-04-06 23:30:12 Image size of job updated: 5359452
	1462  -  MemoryUsage of job (MB)
	1497020  -  ResidentSetSize of job (KB)
...
006 (113604233.000.000) 2023-04-06 23:35:12 Image size of job updated: 5359452
	1463  -  MemoryUsage of job (MB)
	1497388  -  ResidentSetSize of job (KB)
...
006 (113604233.000.000) 2023-04-06 23:55:15 Image size of job updated: 5359452
	1474  -  MemoryUsage of job (MB)
	1508412  -  ResidentSetSize of job (KB)
...
006 (113604233.000.000) 2023-04-07 00:00:16 Image size of job updated: 5359452
	1474  -  MemoryUsage of job (MB)
	1509160  -  ResidentSetSize of job (KB)
...
006 (113604233.000.000) 2023-04-07 00:05:16 Image size of job updated: 5392232
	1478  -  MemoryUsage of job (MB)
	1512812  -  ResidentSetSize of job (KB)
...
006 (113604233.000.000) 2023-04-07 00:10:16 Image size of job updated: 5392232
	1479  -  MemoryUsage of job (MB)
	1514220  -  ResidentSetSize of job (KB)
...
006 (113604233.000.000) 2023-04-07 00:15:17 Image size of job updated: 5392232
	1481  -  MemoryUsage of job (MB)
	1516308  -  ResidentSetSize of job (KB)
...
006 (113604233.000.000) 2023-04-07 00:30:19 Image size of job updated: 5406424
	1481  -  MemoryUsage of job (MB)
	1516308  -  ResidentSetSize of job (KB)
...
006 (113604233.000.000) 2023-04-07 00:45:20 Image size of job updated: 5406424
	1503  -  MemoryUsage of job (MB)
	1538076  -  ResidentSetSize of job (KB)
...
006 (113604233.000.000) 2023-04-07 00:50:21 Image size of job updated: 5406424
	1505  -  MemoryUsage of job (MB)
	1540124  -  ResidentSetSize of job (KB)
...
006 (113604233.000.000) 2023-04-07 01:00:21 Image size of job updated: 5440936
	1516  -  MemoryUsage of job (MB)
	1551596  -  ResidentSetSize of job (KB)
...
006 (113604233.000.000) 2023-04-07 01:05:22 Image size of job updated: 5440936
	1518  -  MemoryUsage of job (MB)
	1553644  -  ResidentSetSize of job (KB)
...
006 (113604233.000.000) 2023-04-07 01:35:25 Image size of job updated: 5454004
	1531  -  MemoryUsage of job (MB)
	1567564  -  ResidentSetSize of job (KB)
...
006 (113604233.000.000) 2023-04-07 01:45:26 Image size of job updated: 5454004
	1532  -  MemoryUsage of job (MB)
	1567828  -  ResidentSetSize of job (KB)
...
006 (113604233.000.000) 2023-04-07 01:50:26 Image size of job updated: 5471808
	1532  -  MemoryUsage of job (MB)
	1567828  -  ResidentSetSize of job (KB)
...
006 (113604233.000.000) 2023-04-07 02:05:28 Image size of job updated: 5482704
	1554  -  MemoryUsage of job (MB)
	1590856  -  ResidentSetSize of job (KB)
...
006 (113604233.000.000) 2023-04-07 02:10:29 Image size of job updated: 5482704
	1557  -  MemoryUsage of job (MB)
	1593800  -  ResidentSetSize of job (KB)
...
006 (113604233.000.000) 2023-04-07 02:20:30 Image size of job updated: 5489896
	1559  -  MemoryUsage of job (MB)
	1595732  -  ResidentSetSize of job (KB)
...
006 (113604233.000.000) 2023-04-07 02:30:31 Image size of job updated: 5497392
	1559  -  MemoryUsage of job (MB)
	1595732  -  ResidentSetSize of job (KB)
...
006 (113604233.000.000) 2023-04-07 02:40:31 Image size of job updated: 5697404
	1575  -  MemoryUsage of job (MB)
	1611820  -  ResidentSetSize of job (KB)
...
006 (113604233.000.000) 2023-04-07 02:45:32 Image size of job updated: 5697404
	1576  -  MemoryUsage of job (MB)
	1613612  -  ResidentSetSize of job (KB)
...
006 (113604233.000.000) 2023-04-07 02:55:33 Image size of job updated: 5705020
	1582  -  MemoryUsage of job (MB)
	1619636  -  ResidentSetSize of job (KB)
...
006 (113604233.000.000) 2023-04-07 03:00:34 Image size of job updated: 5705020
	1586  -  MemoryUsage of job (MB)
	1623372  -  ResidentSetSize of job (KB)
...
006 (113604233.000.000) 2023-04-07 03:20:36 Image size of job updated: 5705020
	1606  -  MemoryUsage of job (MB)
	1643900  -  ResidentSetSize of job (KB)
...
006 (113604233.000.000) 2023-04-07 03:25:36 Image size of job updated: 5705020
	1606  -  MemoryUsage of job (MB)
	1643956  -  ResidentSetSize of job (KB)
...
006 (113604233.000.000) 2023-04-07 03:30:36 Image size of job updated: 5705020
	1621  -  MemoryUsage of job (MB)
	1659236  -  ResidentSetSize of job (KB)
...
006 (113604233.000.000) 2023-04-07 03:35:37 Image size of job updated: 5765456
	1631  -  MemoryUsage of job (MB)
	1670072  -  ResidentSetSize of job (KB)
...
006 (113604233.000.000) 2023-04-07 03:40:38 Image size of job updated: 5765456
	1646  -  MemoryUsage of job (MB)
	1685444  -  ResidentSetSize of job (KB)
...
006 (113604233.000.000) 2023-04-07 04:05:40 Image size of job updated: 5765456
	1653  -  MemoryUsage of job (MB)
	1692652  -  ResidentSetSize of job (KB)
...
006 (113604233.000.000) 2023-04-07 04:15:42 Image size of job updated: 5765456
	1667  -  MemoryUsage of job (MB)
	1706424  -  ResidentSetSize of job (KB)
...
006 (113604233.000.000) 2023-04-07 04:20:42 Image size of job updated: 5765456
	1668  -  MemoryUsage of job (MB)
	1707548  -  ResidentSetSize of job (KB)
...
006 (113604233.000.000) 2023-04-07 04:25:43 Image size of job updated: 5765456
	1676  -  MemoryUsage of job (MB)
	1715312  -  ResidentSetSize of job (KB)
...
006 (113604233.000.000) 2023-04-07 04:40:44 Image size of job updated: 5765456
	1681  -  MemoryUsage of job (MB)
	1720448  -  ResidentSetSize of job (KB)
...
006 (113604233.000.000) 2023-04-07 04:50:45 Image size of job updated: 5765456
	1687  -  MemoryUsage of job (MB)
	1726784  -  ResidentSetSize of job (KB)
...
006 (113604233.000.000) 2023-04-07 04:55:45 Image size of job updated: 5765456
	1688  -  MemoryUsage of job (MB)
	1728024  -  ResidentSetSize of job (KB)
...
006 (113604233.000.000) 2023-04-07 05:05:47 Image size of job updated: 5765456
	1710  -  MemoryUsage of job (MB)
	1750932  -  ResidentSetSize of job (KB)
...
006 (113604233.000.000) 2023-04-07 05:10:47 Image size of job updated: 5765456
	1723  -  MemoryUsage of job (MB)
	1763796  -  ResidentSetSize of job (KB)
...
006 (113604233.000.000) 2023-04-07 05:15:48 Image size of job updated: 5765456
	1724  -  MemoryUsage of job (MB)
	1765296  -  ResidentSetSize of job (KB)
...
006 (113604233.000.000) 2023-04-07 05:25:49 Image size of job updated: 5765456
	1726  -  MemoryUsage of job (MB)
	1767344  -  ResidentSetSize of job (KB)
...
006 (113604233.000.000) 2023-04-07 05:35:50 Image size of job updated: 5765456
	1726  -  MemoryUsage of job (MB)
	1767420  -  ResidentSetSize of job (KB)
...
006 (113604233.000.000) 2023-04-07 05:45:50 Image size of job updated: 5765456
	1732  -  MemoryUsage of job (MB)
	1773484  -  ResidentSetSize of job (KB)
...
006 (113604233.000.000) 2023-04-07 05:50:51 Image size of job updated: 5765456
	1733  -  MemoryUsage of job (MB)
	1774400  -  ResidentSetSize of job (KB)
...
006 (113604233.000.000) 2023-04-07 06:00:52 Image size of job updated: 5765456
	1746  -  MemoryUsage of job (MB)
	1787612  -  ResidentSetSize of job (KB)
...
006 (113604233.000.000) 2023-04-07 06:20:54 Image size of job updated: 5765456
	1760  -  MemoryUsage of job (MB)
	1801368  -  ResidentSetSize of job (KB)
...
006 (113604233.000.000) 2023-04-07 06:45:58 Image size of job updated: 5765456
	1765  -  MemoryUsage of job (MB)
	1806824  -  ResidentSetSize of job (KB)
...
006 (113604233.000.000) 2023-04-07 06:50:58 Image size of job updated: 5765456
	1765  -  MemoryUsage of job (MB)
	1807056  -  ResidentSetSize of job (KB)
...
006 (113604233.000.000) 2023-04-07 06:55:59 Image size of job updated: 5765456
	1765  -  MemoryUsage of job (MB)
	1807076  -  ResidentSetSize of job (KB)
...
006 (113604233.000.000) 2023-04-07 07:11:00 Image size of job updated: 5779184
	1765  -  MemoryUsage of job (MB)
	1807076  -  ResidentSetSize of job (KB)
...
006 (113604233.000.000) 2023-04-07 07:21:01 Image size of job updated: 5789648
	1774  -  MemoryUsage of job (MB)
	1816544  -  ResidentSetSize of job (KB)
...
006 (113604233.000.000) 2023-04-07 07:31:02 Image size of job updated: 5789648
	1776  -  MemoryUsage of job (MB)
	1818592  -  ResidentSetSize of job (KB)
...
006 (113604233.000.000) 2023-04-07 07:41:03 Image size of job updated: 5789648
	1786  -  MemoryUsage of job (MB)
	1827848  -  ResidentSetSize of job (KB)
...
006 (113604233.000.000) 2023-04-07 07:46:04 Image size of job updated: 5789648
	1787  -  MemoryUsage of job (MB)
	1829640  -  ResidentSetSize of job (KB)
...
006 (113604233.000.000) 2023-04-07 08:01:05 Image size of job updated: 5810896
	1789  -  MemoryUsage of job (MB)
	1831164  -  ResidentSetSize of job (KB)
...
006 (113604233.000.000) 2023-04-07 08:11:06 Image size of job updated: 5810896
	1791  -  MemoryUsage of job (MB)
	1833984  -  ResidentSetSize of job (KB)
...
006 (113604233.000.000) 2023-04-07 08:21:07 Image size of job updated: 5810896
	1801  -  MemoryUsage of job (MB)
	1843256  -  ResidentSetSize of job (KB)
...
006 (113604233.000.000) 2023-04-07 08:41:10 Image size of job updated: 5817808
	1801  -  MemoryUsage of job (MB)
	1843792  -  ResidentSetSize of job (KB)
...
006 (113604233.000.000) 2023-04-07 08:51:10 Image size of job updated: 5817808
	1802  -  MemoryUsage of job (MB)
	1844888  -  ResidentSetSize of job (KB)
...
006 (113604233.000.000) 2023-04-07 08:56:11 Image size of job updated: 5821340
	1804  -  MemoryUsage of job (MB)
	1846496  -  ResidentSetSize of job (KB)
...
006 (113604233.000.000) 2023-04-07 09:26:14 Image size of job updated: 5821340
	1805  -  MemoryUsage of job (MB)
	1847372  -  ResidentSetSize of job (KB)
...
006 (113604233.000.000) 2023-04-07 09:41:15 Image size of job updated: 5821340
	1805  -  MemoryUsage of job (MB)
	1847476  -  ResidentSetSize of job (KB)
...
006 (113604233.000.000) 2023-04-07 09:51:16 Image size of job updated: 5821340
	1810  -  MemoryUsage of job (MB)
	1852804  -  ResidentSetSize of job (KB)
...
006 (113604233.000.000) 2023-04-07 10:11:18 Image size of job updated: 5833404
	1810  -  MemoryUsage of job (MB)
	1852804  -  ResidentSetSize of job (KB)
...
006 (113604233.000.000) 2023-04-07 10:26:20 Image size of job updated: 5833404
	1819  -  MemoryUsage of job (MB)
	1861900  -  ResidentSetSize of job (KB)
...
006 (113604233.000.000) 2023-04-07 10:31:20 Image size of job updated: 5833404
	1819  -  MemoryUsage of job (MB)
	1862024  -  ResidentSetSize of job (KB)
...
006 (113604233.000.000) 2023-04-07 10:46:21 Image size of job updated: 5833404
	1823  -  MemoryUsage of job (MB)
	1866676  -  ResidentSetSize of job (KB)
...
006 (113604233.000.000) 2023-04-07 10:51:22 Image size of job updated: 5833404
	1824  -  MemoryUsage of job (MB)
	1866800  -  ResidentSetSize of job (KB)
...
006 (113604233.000.000) 2023-04-07 11:01:23 Image size of job updated: 5835792
	1824  -  MemoryUsage of job (MB)
	1866800  -  ResidentSetSize of job (KB)
...
006 (113604233.000.000) 2023-04-07 11:11:25 Image size of job updated: 5835792
	1825  -  MemoryUsage of job (MB)
	1867844  -  ResidentSetSize of job (KB)
...
006 (113604233.000.000) 2023-04-07 11:16:25 Image size of job updated: 5875084
	1830  -  MemoryUsage of job (MB)
	1873252  -  ResidentSetSize of job (KB)
...
006 (113604233.000.000) 2023-04-07 11:26:27 Image size of job updated: 5875084
	1845  -  MemoryUsage of job (MB)
	1888384  -  ResidentSetSize of job (KB)
...
006 (113604233.000.000) 2023-04-07 11:31:27 Image size of job updated: 5875084
	1877  -  MemoryUsage of job (MB)
	1921320  -  ResidentSetSize of job (KB)
...
006 (113604233.000.000) 2023-04-07 11:36:27 Image size of job updated: 6095508
	1877  -  MemoryUsage of job (MB)
	1921320  -  ResidentSetSize of job (KB)
...
006 (113604233.000.000) 2023-04-07 13:06:37 Image size of job updated: 6095508
	2105  -  MemoryUsage of job (MB)
	2154500  -  ResidentSetSize of job (KB)
...
004 (113604233.000.000) 2023-04-07 16:59:53 Job was evicted.
	(0) CPU times
		Usr 3 07:32:49, Sys 0 00:09:37  -  Run Remote Usage
		Usr 0 00:00:00, Sys 0 00:00:00  -  Run Local Usage
	0  -  Run Bytes Sent By Job
	366  -  Run Bytes Received By Job
	Partitionable Resources :    Usage  Request Allocated 
	   Cpus                 :     2.46        1         1 
	   Disk (KB)            :  4902      500000    609620 
	   GPUs                 :                           0 
	   Memory (MB)          :  2105       20000     20096 
...
040 (113604233.000.000) 2023-04-07 17:01:11 Started transferring input files
	Transferring to host: <10.14.9.103:9618?addrs=10.14.9.103-9618&alias=node2103.cluster.ldas.cit&noUDP&sock=slot1_9_441887_1dca_14017>
...
040 (113604233.000.000) 2023-04-07 17:01:11 Finished transferring input files
...
001 (113604233.000.000) 2023-04-07 17:01:12 Job executing on host: <10.14.9.103:9618?addrs=10.14.9.103-9618&alias=node2103.cluster.ldas.cit&noUDP&sock=startd_441847_de85>
...
006 (113604233.000.000) 2023-04-08 12:08:18 Image size of job updated: 7500000
	2242  -  MemoryUsage of job (MB)
	2295232  -  ResidentSetSize of job (KB)
...
006 (113604233.000.000) 2023-04-08 15:38:40 Image size of job updated: 7500000
	2278  -  MemoryUsage of job (MB)
	2332224  -  ResidentSetSize of job (KB)
...
004 (113604233.000.000) 2023-04-08 17:07:46 Job was evicted.
	(0) CPU times
		Usr 2 20:09:43, Sys 0 00:06:58  -  Run Remote Usage
		Usr 0 00:00:00, Sys 0 00:00:00  -  Run Local Usage
	0  -  Run Bytes Sent By Job
	366  -  Run Bytes Received By Job
	Partitionable Resources :    Usage  Request Allocated 
	   Cpus                 :     2.43        1         1 
	   Disk (KB)            :  3166      500000    609620 
	   GPUs                 :                           0 
	   Memory (MB)          :  2278       20000     20096 
...
040 (113604233.000.000) 2023-04-08 17:07:55 Started transferring input files
	Transferring to host: <10.14.9.118:9618?addrs=10.14.9.118-9618&alias=node2118.cluster.ldas.cit&noUDP&sock=slot1_3_1467045_aae2_3015>
...
040 (113604233.000.000) 2023-04-08 17:07:55 Finished transferring input files
...
001 (113604233.000.000) 2023-04-08 17:07:56 Job executing on host: <10.14.9.118:9618?addrs=10.14.9.118-9618&alias=node2118.cluster.ldas.cit&noUDP&sock=startd_1467002_ee34>
...
006 (113604233.000.000) 2023-04-09 11:04:57 Image size of job updated: 7500000
	2514  -  MemoryUsage of job (MB)
	2574096  -  ResidentSetSize of job (KB)
...
006 (113604233.000.000) 2023-04-09 14:05:18 Image size of job updated: 7500000
	2570  -  MemoryUsage of job (MB)
	2630884  -  ResidentSetSize of job (KB)
...
004 (113604233.000.000) 2023-04-09 17:12:58 Job was evicted.
	(0) CPU times
		Usr 4 06:38:18, Sys 0 00:03:50  -  Run Remote Usage
		Usr 0 00:00:00, Sys 0 00:00:00  -  Run Local Usage
	0  -  Run Bytes Sent By Job
	366  -  Run Bytes Received By Job
	Partitionable Resources :    Usage  Request Allocated 
	   Cpus                 :     1.99        1         1 
	   Disk (KB)            :  3210      500000    609612 
	   GPUs                 :                           0 
	   Memory (MB)          :  2570       20000     20096 
...
040 (113604233.000.000) 2023-04-09 17:19:02 Started transferring input files
	Transferring to host: <10.14.10.120:9618?addrs=10.14.10.120-9618&alias=node2370.cluster.ldas.cit&noUDP&sock=slot1_21_1733606_019a_41210>
...
040 (113604233.000.000) 2023-04-09 17:19:02 Finished transferring input files
...
001 (113604233.000.000) 2023-04-09 17:19:03 Job executing on host: <10.14.10.120:9618?addrs=10.14.10.120-9618&alias=node2370.cluster.ldas.cit&noUDP&sock=startd_4141_f5c5>
...
004 (113604233.000.000) 2023-04-10 17:29:24 Job was evicted.
	(0) CPU times
		Usr 4 01:38:04, Sys 0 00:03:11  -  Run Remote Usage
		Usr 0 00:00:00, Sys 0 00:00:00  -  Run Local Usage
	0  -  Run Bytes Sent By Job
	366  -  Run Bytes Received By Job
	Partitionable Resources :    Usage  Request Allocated 
	   Cpus                 :     0.99        1         1 
	   Disk (KB)            :  3122      500000    624256 
	   GPUs                 :                           0 
	   Memory (MB)          :  2686       20000     20096 
...
040 (113604233.000.000) 2023-04-10 17:31:52 Started transferring input files
	Transferring to host: <10.14.9.161:9618?addrs=10.14.9.161-9618&alias=node2161.cluster.ldas.cit&noUDP&sock=slot1_10_3088800_c69e_6621>
...
040 (113604233.000.000) 2023-04-10 17:31:52 Finished transferring input files
...
001 (113604233.000.000) 2023-04-10 17:31:53 Job executing on host: <10.14.9.161:9618?addrs=10.14.9.161-9618&alias=node2161.cluster.ldas.cit&noUDP&sock=startd_3088758_a794>
...
006 (113604233.000.000) 2023-04-11 10:43:48 Image size of job updated: 7500000
	2696  -  MemoryUsage of job (MB)
	2759820  -  ResidentSetSize of job (KB)
...
004 (113604233.000.000) 2023-04-11 17:38:38 Job was evicted.
	(0) CPU times
		Usr 4 13:17:17, Sys 0 00:04:52  -  Run Remote Usage
		Usr 0 00:00:00, Sys 0 00:00:00  -  Run Local Usage
	0  -  Run Bytes Sent By Job
	366  -  Run Bytes Received By Job
	Partitionable Resources :    Usage  Request Allocated 
	   Cpus                 :     5.96        1         1 
	   Disk (KB)            :  3054      500000    609620 
	   GPUs                 :                           0 
	   Memory (MB)          :  2696       20000     20096 
...
040 (113604233.000.000) 2023-04-11 17:42:37 Started transferring input files
	Transferring to host: <10.14.10.19:9618?addrs=10.14.10.19-9618&alias=node2269.cluster.ldas.cit&noUDP&sock=slot1_10_1239244_4153_15844>
...
040 (113604233.000.000) 2023-04-11 17:42:37 Finished transferring input files
...
001 (113604233.000.000) 2023-04-11 17:42:38 Job executing on host: <10.14.10.19:9618?addrs=10.14.10.19-9618&alias=node2269.cluster.ldas.cit&noUDP&sock=startd_1239202_13fc>
...
004 (113604233.000.000) 2023-04-12 18:19:51 Job was evicted.
	(0) CPU times
		Usr 5 10:25:13, Sys 0 00:08:41  -  Run Remote Usage
		Usr 0 00:00:00, Sys 0 00:00:00  -  Run Local Usage
	0  -  Run Bytes Sent By Job
	366  -  Run Bytes Received By Job
	Partitionable Resources :    Usage  Request Allocated 
	   Cpus                 :     0.98        1         1 
	   Disk (KB)            :  3080      500000    624256 
	   GPUs                 :                           0 
	   Memory (MB)          :  2930       20000     20096 
...
040 (113604233.000.000) 2023-04-12 18:25:56 Started transferring input files
	Transferring to host: <10.14.4.74:9618?addrs=10.14.4.74-9618&alias=node824.cluster.ldas.cit&noUDP&sock=slot1_1_2277176_3eb2_6767>
...
040 (113604233.000.000) 2023-04-12 18:25:56 Finished transferring input files
...
001 (113604233.000.000) 2023-04-12 18:25:57 Job executing on host: <10.14.4.74:9618?addrs=10.14.4.74-9618&alias=node824.cluster.ldas.cit&noUDP&sock=startd_2277133_69a5>
...
006 (113604233.000.000) 2023-04-13 16:23:21 Image size of job updated: 7585920
	2930  -  MemoryUsage of job (MB)
	3000000  -  ResidentSetSize of job (KB)
...
004 (113604233.000.000) 2023-04-13 18:30:49 Job was evicted.
	(0) CPU times
		Usr 4 10:39:40, Sys 0 00:07:37  -  Run Remote Usage
		Usr 0 00:00:00, Sys 0 00:00:00  -  Run Local Usage
	0  -  Run Bytes Sent By Job
	366  -  Run Bytes Received By Job
	Partitionable Resources :    Usage  Request Allocated 
	   Cpus                 :     0.99        1         1 
	   Disk (KB)            :  2858      500000    624256 
	   GPUs                 :                           0 
	   Memory (MB)          :  2930       20000     20096 
...
040 (113604233.000.000) 2023-04-13 18:33:38 Started transferring input files
	Transferring to host: <10.14.10.109:9618?addrs=10.14.10.109-9618&alias=node2359.cluster.ldas.cit&noUDP&sock=slot1_14_146124_53af_10238>
...
040 (113604233.000.000) 2023-04-13 18:33:38 Finished transferring input files
...
001 (113604233.000.000) 2023-04-13 18:33:39 Job executing on host: <10.14.10.109:9618?addrs=10.14.10.109-9618&alias=node2359.cluster.ldas.cit&noUDP&sock=startd_146083_5da5>
...
006 (113604233.000.000) 2023-04-14 11:25:31 Image size of job updated: 10000000
	2968  -  MemoryUsage of job (MB)
	3039228  -  ResidentSetSize of job (KB)
...
040 (113604233.000.000) 2023-04-14 14:40:48 Started transferring output files
...
040 (113604233.000.000) 2023-04-14 14:40:49 Finished transferring output files
...
005 (113604233.000.000) 2023-04-14 14:40:49 Job terminated.
	(1) Normal termination (return value 0)
		Usr 4 12:04:36, Sys 0 00:03:05  -  Run Remote Usage
		Usr 0 00:00:00, Sys 0 00:00:00  -  Run Local Usage
		Usr 33 10:25:40, Sys 0 00:47:51  -  Total Remote Usage
		Usr 0 00:00:00, Sys 0 00:00:00  -  Total Local Usage
	2949201  -  Run Bytes Sent By Job
	366  -  Run Bytes Received By Job
	2949201  -  Total Bytes Sent By Job
	2928  -  Total Bytes Received By Job
	Partitionable Resources :    Usage  Request Allocated 
	   Cpus                 :     2.93        1         1 
	   Disk (KB)            :  2904      500000    624256 
	   GPUs                 :                           0 
	   Memory (MB)          :  2968       20000     20096 

	Job terminated of its own accord at 2023-04-14T21:40:48Z with exit-code 0.
...
