000 (113449457.000.000) 2023-03-29 17:01:29 Job submitted from host: <10.14.0.160:9618?addrs=10.14.0.160-9618&alias=ldas-pcdev2.ligo.caltech.edu&noUDP&sock=schedd_7450_a8a7>
    DAG Node: 908
...
040 (113449457.000.000) 2023-03-29 17:12:11 Started transferring input files
	Transferring to host: <10.14.4.45:9618?addrs=10.14.4.45-9618&alias=node795.cluster.ldas.cit&noUDP&sock=slot1_13_1591311_4e5f_13568>
...
040 (113449457.000.000) 2023-03-29 17:12:11 Finished transferring input files
...
001 (113449457.000.000) 2023-03-29 17:12:12 Job executing on host: <10.14.4.45:9618?addrs=10.14.4.45-9618&alias=node795.cluster.ldas.cit&noUDP&sock=startd_3182_2a72>
...
006 (113449457.000.000) 2023-03-29 17:12:21 Image size of job updated: 594104
	192  -  MemoryUsage of job (MB)
	196440  -  ResidentSetSize of job (KB)
...
006 (113449457.000.000) 2023-03-29 17:17:22 Image size of job updated: 5251196
	522  -  MemoryUsage of job (MB)
	533732  -  ResidentSetSize of job (KB)
...
006 (113449457.000.000) 2023-03-29 17:57:28 Image size of job updated: 5251196
	697  -  MemoryUsage of job (MB)
	713004  -  ResidentSetSize of job (KB)
...
006 (113449457.000.000) 2023-03-29 18:02:28 Image size of job updated: 5251196
	843  -  MemoryUsage of job (MB)
	862748  -  ResidentSetSize of job (KB)
...
006 (113449457.000.000) 2023-03-29 18:07:28 Image size of job updated: 5251196
	845  -  MemoryUsage of job (MB)
	864412  -  ResidentSetSize of job (KB)
...
006 (113449457.000.000) 2023-03-29 18:12:29 Image size of job updated: 5251196
	846  -  MemoryUsage of job (MB)
	865532  -  ResidentSetSize of job (KB)
...
006 (113449457.000.000) 2023-03-29 18:17:29 Image size of job updated: 5251196
	850  -  MemoryUsage of job (MB)
	869688  -  ResidentSetSize of job (KB)
...
006 (113449457.000.000) 2023-03-29 18:37:31 Image size of job updated: 5251196
	851  -  MemoryUsage of job (MB)
	871192  -  ResidentSetSize of job (KB)
...
006 (113449457.000.000) 2023-03-29 18:42:32 Image size of job updated: 5251196
	852  -  MemoryUsage of job (MB)
	871896  -  ResidentSetSize of job (KB)
...
006 (113449457.000.000) 2023-03-29 18:47:32 Image size of job updated: 5251196
	864  -  MemoryUsage of job (MB)
	884184  -  ResidentSetSize of job (KB)
...
006 (113449457.000.000) 2023-03-29 18:52:32 Image size of job updated: 5251196
	868  -  MemoryUsage of job (MB)
	888552  -  ResidentSetSize of job (KB)
...
006 (113449457.000.000) 2023-03-29 18:57:33 Image size of job updated: 5251196
	881  -  MemoryUsage of job (MB)
	901196  -  ResidentSetSize of job (KB)
...
006 (113449457.000.000) 2023-03-29 19:02:33 Image size of job updated: 5251196
	887  -  MemoryUsage of job (MB)
	907292  -  ResidentSetSize of job (KB)
...
006 (113449457.000.000) 2023-03-29 19:12:34 Image size of job updated: 5251196
	894  -  MemoryUsage of job (MB)
	914924  -  ResidentSetSize of job (KB)
...
006 (113449457.000.000) 2023-03-29 19:17:34 Image size of job updated: 5251196
	906  -  MemoryUsage of job (MB)
	927016  -  ResidentSetSize of job (KB)
...
006 (113449457.000.000) 2023-03-29 19:22:34 Image size of job updated: 5251196
	906  -  MemoryUsage of job (MB)
	927064  -  ResidentSetSize of job (KB)
...
006 (113449457.000.000) 2023-03-29 19:27:35 Image size of job updated: 5251196
	908  -  MemoryUsage of job (MB)
	929576  -  ResidentSetSize of job (KB)
...
006 (113449457.000.000) 2023-03-29 19:32:36 Image size of job updated: 5251196
	909  -  MemoryUsage of job (MB)
	930308  -  ResidentSetSize of job (KB)
...
006 (113449457.000.000) 2023-03-29 19:37:36 Image size of job updated: 5251196
	912  -  MemoryUsage of job (MB)
	932924  -  ResidentSetSize of job (KB)
...
006 (113449457.000.000) 2023-03-29 19:42:37 Image size of job updated: 5251196
	919  -  MemoryUsage of job (MB)
	940644  -  ResidentSetSize of job (KB)
...
006 (113449457.000.000) 2023-03-29 19:57:38 Image size of job updated: 5251196
	920  -  MemoryUsage of job (MB)
	941740  -  ResidentSetSize of job (KB)
...
006 (113449457.000.000) 2023-03-29 20:12:39 Image size of job updated: 5251196
	930  -  MemoryUsage of job (MB)
	951976  -  ResidentSetSize of job (KB)
...
006 (113449457.000.000) 2023-03-29 20:17:39 Image size of job updated: 5251196
	931  -  MemoryUsage of job (MB)
	952816  -  ResidentSetSize of job (KB)
...
006 (113449457.000.000) 2023-03-29 20:22:39 Image size of job updated: 5251196
	954  -  MemoryUsage of job (MB)
	976752  -  ResidentSetSize of job (KB)
...
006 (113449457.000.000) 2023-03-29 20:27:41 Image size of job updated: 5251196
	955  -  MemoryUsage of job (MB)
	977156  -  ResidentSetSize of job (KB)
...
006 (113449457.000.000) 2023-03-29 20:32:41 Image size of job updated: 5251196
	957  -  MemoryUsage of job (MB)
	979784  -  ResidentSetSize of job (KB)
...
006 (113449457.000.000) 2023-03-29 20:37:41 Image size of job updated: 5251196
	958  -  MemoryUsage of job (MB)
	980332  -  ResidentSetSize of job (KB)
...
006 (113449457.000.000) 2023-03-29 20:42:43 Image size of job updated: 5251196
	962  -  MemoryUsage of job (MB)
	984900  -  ResidentSetSize of job (KB)
...
006 (113449457.000.000) 2023-03-29 20:47:43 Image size of job updated: 5251196
	981  -  MemoryUsage of job (MB)
	1004408  -  ResidentSetSize of job (KB)
...
006 (113449457.000.000) 2023-03-29 20:57:45 Image size of job updated: 5251196
	981  -  MemoryUsage of job (MB)
	1004500  -  ResidentSetSize of job (KB)
...
006 (113449457.000.000) 2023-03-29 21:02:45 Image size of job updated: 5251196
	999  -  MemoryUsage of job (MB)
	1022352  -  ResidentSetSize of job (KB)
...
006 (113449457.000.000) 2023-03-29 21:07:45 Image size of job updated: 5251196
	1006  -  MemoryUsage of job (MB)
	1029316  -  ResidentSetSize of job (KB)
...
006 (113449457.000.000) 2023-03-29 21:12:46 Image size of job updated: 5251196
	1007  -  MemoryUsage of job (MB)
	1030320  -  ResidentSetSize of job (KB)
...
006 (113449457.000.000) 2023-03-29 21:17:46 Image size of job updated: 5251196
	1010  -  MemoryUsage of job (MB)
	1033348  -  ResidentSetSize of job (KB)
...
006 (113449457.000.000) 2023-03-29 21:22:46 Image size of job updated: 5251196
	1017  -  MemoryUsage of job (MB)
	1040392  -  ResidentSetSize of job (KB)
...
006 (113449457.000.000) 2023-03-29 21:27:48 Image size of job updated: 5251196
	1019  -  MemoryUsage of job (MB)
	1043080  -  ResidentSetSize of job (KB)
...
006 (113449457.000.000) 2023-03-29 21:37:48 Image size of job updated: 5251196
	1021  -  MemoryUsage of job (MB)
	1044604  -  ResidentSetSize of job (KB)
...
006 (113449457.000.000) 2023-03-29 21:42:50 Image size of job updated: 5251196
	1022  -  MemoryUsage of job (MB)
	1046312  -  ResidentSetSize of job (KB)
...
006 (113449457.000.000) 2023-03-29 21:47:50 Image size of job updated: 5251196
	1041  -  MemoryUsage of job (MB)
	1065180  -  ResidentSetSize of job (KB)
...
006 (113449457.000.000) 2023-03-29 22:02:51 Image size of job updated: 5251196
	1052  -  MemoryUsage of job (MB)
	1077120  -  ResidentSetSize of job (KB)
...
006 (113449457.000.000) 2023-03-29 22:07:51 Image size of job updated: 5251196
	1053  -  MemoryUsage of job (MB)
	1077316  -  ResidentSetSize of job (KB)
...
006 (113449457.000.000) 2023-03-29 22:12:52 Image size of job updated: 5251196
	1057  -  MemoryUsage of job (MB)
	1081368  -  ResidentSetSize of job (KB)
...
006 (113449457.000.000) 2023-03-29 22:37:53 Image size of job updated: 5251196
	1105  -  MemoryUsage of job (MB)
	1131072  -  ResidentSetSize of job (KB)
...
006 (113449457.000.000) 2023-03-29 22:42:55 Image size of job updated: 5251196
	1109  -  MemoryUsage of job (MB)
	1134912  -  ResidentSetSize of job (KB)
...
006 (113449457.000.000) 2023-03-29 23:22:59 Image size of job updated: 5251196
	1115  -  MemoryUsage of job (MB)
	1141376  -  ResidentSetSize of job (KB)
...
006 (113449457.000.000) 2023-03-29 23:38:01 Image size of job updated: 5251196
	1128  -  MemoryUsage of job (MB)
	1154564  -  ResidentSetSize of job (KB)
...
006 (113449457.000.000) 2023-03-29 23:43:02 Image size of job updated: 5251196
	1131  -  MemoryUsage of job (MB)
	1157476  -  ResidentSetSize of job (KB)
...
006 (113449457.000.000) 2023-03-30 00:08:05 Image size of job updated: 5251196
	1145  -  MemoryUsage of job (MB)
	1172260  -  ResidentSetSize of job (KB)
...
006 (113449457.000.000) 2023-03-30 00:13:07 Image size of job updated: 5251196
	1184  -  MemoryUsage of job (MB)
	1212088  -  ResidentSetSize of job (KB)
...
006 (113449457.000.000) 2023-03-30 00:28:08 Image size of job updated: 5251196
	1185  -  MemoryUsage of job (MB)
	1212668  -  ResidentSetSize of job (KB)
...
006 (113449457.000.000) 2023-03-30 00:38:08 Image size of job updated: 5264496
	1185  -  MemoryUsage of job (MB)
	1212668  -  ResidentSetSize of job (KB)
...
006 (113449457.000.000) 2023-03-30 01:03:10 Image size of job updated: 5264496
	1192  -  MemoryUsage of job (MB)
	1220344  -  ResidentSetSize of job (KB)
...
006 (113449457.000.000) 2023-03-30 01:08:10 Image size of job updated: 5264496
	1192  -  MemoryUsage of job (MB)
	1220600  -  ResidentSetSize of job (KB)
...
006 (113449457.000.000) 2023-03-30 01:18:12 Image size of job updated: 5273856
	1192  -  MemoryUsage of job (MB)
	1220600  -  ResidentSetSize of job (KB)
...
006 (113449457.000.000) 2023-03-30 01:28:14 Image size of job updated: 5276028
	1195  -  MemoryUsage of job (MB)
	1223344  -  ResidentSetSize of job (KB)
...
006 (113449457.000.000) 2023-03-30 01:38:14 Image size of job updated: 5276028
	1253  -  MemoryUsage of job (MB)
	1282248  -  ResidentSetSize of job (KB)
...
006 (113449457.000.000) 2023-03-30 02:33:22 Image size of job updated: 5336152
	1294  -  MemoryUsage of job (MB)
	1324572  -  ResidentSetSize of job (KB)
...
006 (113449457.000.000) 2023-03-30 02:38:22 Image size of job updated: 5336152
	1296  -  MemoryUsage of job (MB)
	1326684  -  ResidentSetSize of job (KB)
...
006 (113449457.000.000) 2023-03-30 03:18:28 Image size of job updated: 5364824
	1296  -  MemoryUsage of job (MB)
	1326684  -  ResidentSetSize of job (KB)
...
006 (113449457.000.000) 2023-03-30 03:48:31 Image size of job updated: 5370504
	1296  -  MemoryUsage of job (MB)
	1326684  -  ResidentSetSize of job (KB)
...
006 (113449457.000.000) 2023-03-30 03:58:32 Image size of job updated: 5373008
	1296  -  MemoryUsage of job (MB)
	1326684  -  ResidentSetSize of job (KB)
...
006 (113449457.000.000) 2023-03-30 04:13:33 Image size of job updated: 5374016
	1296  -  MemoryUsage of job (MB)
	1326684  -  ResidentSetSize of job (KB)
...
006 (113449457.000.000) 2023-03-30 04:53:37 Image size of job updated: 5391900
	1296  -  MemoryUsage of job (MB)
	1326684  -  ResidentSetSize of job (KB)
...
006 (113449457.000.000) 2023-03-30 05:18:41 Image size of job updated: 5391900
	1353  -  MemoryUsage of job (MB)
	1384852  -  ResidentSetSize of job (KB)
...
006 (113449457.000.000) 2023-03-30 05:23:41 Image size of job updated: 5395056
	1353  -  MemoryUsage of job (MB)
	1384852  -  ResidentSetSize of job (KB)
...
006 (113449457.000.000) 2023-03-30 06:13:48 Image size of job updated: 5415208
	1353  -  MemoryUsage of job (MB)
	1384852  -  ResidentSetSize of job (KB)
...
006 (113449457.000.000) 2023-03-30 06:38:51 Image size of job updated: 5418400
	1353  -  MemoryUsage of job (MB)
	1384852  -  ResidentSetSize of job (KB)
...
006 (113449457.000.000) 2023-03-30 07:03:55 Image size of job updated: 5434552
	1353  -  MemoryUsage of job (MB)
	1384852  -  ResidentSetSize of job (KB)
...
006 (113449457.000.000) 2023-03-30 07:18:56 Image size of job updated: 5439320
	1353  -  MemoryUsage of job (MB)
	1384852  -  ResidentSetSize of job (KB)
...
006 (113449457.000.000) 2023-03-30 07:43:59 Image size of job updated: 5442976
	1353  -  MemoryUsage of job (MB)
	1384852  -  ResidentSetSize of job (KB)
...
006 (113449457.000.000) 2023-03-30 07:59:00 Image size of job updated: 5455156
	1353  -  MemoryUsage of job (MB)
	1384852  -  ResidentSetSize of job (KB)
...
006 (113449457.000.000) 2023-03-30 08:14:01 Image size of job updated: 5458320
	1353  -  MemoryUsage of job (MB)
	1384852  -  ResidentSetSize of job (KB)
...
006 (113449457.000.000) 2023-03-30 08:24:02 Image size of job updated: 5472932
	1353  -  MemoryUsage of job (MB)
	1384852  -  ResidentSetSize of job (KB)
...
006 (113449457.000.000) 2023-03-30 08:49:04 Image size of job updated: 5472932
	1354  -  MemoryUsage of job (MB)
	1386208  -  ResidentSetSize of job (KB)
...
006 (113449457.000.000) 2023-03-30 08:59:04 Image size of job updated: 5480260
	1355  -  MemoryUsage of job (MB)
	1387216  -  ResidentSetSize of job (KB)
...
006 (113449457.000.000) 2023-03-30 09:09:05 Image size of job updated: 5480260
	1357  -  MemoryUsage of job (MB)
	1389264  -  ResidentSetSize of job (KB)
...
006 (113449457.000.000) 2023-03-30 09:14:05 Image size of job updated: 5483276
	1359  -  MemoryUsage of job (MB)
	1391004  -  ResidentSetSize of job (KB)
...
006 (113449457.000.000) 2023-03-30 09:29:06 Image size of job updated: 5483276
	1360  -  MemoryUsage of job (MB)
	1392568  -  ResidentSetSize of job (KB)
...
006 (113449457.000.000) 2023-03-30 09:44:08 Image size of job updated: 5533324
	1360  -  MemoryUsage of job (MB)
	1392568  -  ResidentSetSize of job (KB)
...
006 (113449457.000.000) 2023-03-30 09:59:09 Image size of job updated: 5533324
	1371  -  MemoryUsage of job (MB)
	1403228  -  ResidentSetSize of job (KB)
...
006 (113449457.000.000) 2023-03-30 10:04:11 Image size of job updated: 5533324
	1371  -  MemoryUsage of job (MB)
	1403476  -  ResidentSetSize of job (KB)
...
006 (113449457.000.000) 2023-03-30 10:19:12 Image size of job updated: 5533324
	1386  -  MemoryUsage of job (MB)
	1418544  -  ResidentSetSize of job (KB)
...
006 (113449457.000.000) 2023-03-30 10:44:15 Image size of job updated: 5533324
	1390  -  MemoryUsage of job (MB)
	1423076  -  ResidentSetSize of job (KB)
...
006 (113449457.000.000) 2023-03-30 10:59:17 Image size of job updated: 5533324
	1393  -  MemoryUsage of job (MB)
	1425724  -  ResidentSetSize of job (KB)
...
006 (113449457.000.000) 2023-03-30 11:09:19 Image size of job updated: 5533324
	1394  -  MemoryUsage of job (MB)
	1427232  -  ResidentSetSize of job (KB)
...
006 (113449457.000.000) 2023-03-30 11:14:19 Image size of job updated: 5533324
	1396  -  MemoryUsage of job (MB)
	1429280  -  ResidentSetSize of job (KB)
...
006 (113449457.000.000) 2023-03-30 11:29:21 Image size of job updated: 5533324
	1398  -  MemoryUsage of job (MB)
	1430832  -  ResidentSetSize of job (KB)
...
006 (113449457.000.000) 2023-03-30 11:39:23 Image size of job updated: 5533324
	1398  -  MemoryUsage of job (MB)
	1431016  -  ResidentSetSize of job (KB)
...
006 (113449457.000.000) 2023-03-30 11:49:24 Image size of job updated: 5534960
	1399  -  MemoryUsage of job (MB)
	1431824  -  ResidentSetSize of job (KB)
...
006 (113449457.000.000) 2023-03-30 12:04:26 Image size of job updated: 5535944
	1399  -  MemoryUsage of job (MB)
	1431824  -  ResidentSetSize of job (KB)
...
006 (113449457.000.000) 2023-03-30 12:19:28 Image size of job updated: 5552188
	1405  -  MemoryUsage of job (MB)
	1438340  -  ResidentSetSize of job (KB)
...
006 (113449457.000.000) 2023-03-30 12:29:29 Image size of job updated: 5552188
	1406  -  MemoryUsage of job (MB)
	1439492  -  ResidentSetSize of job (KB)
...
006 (113449457.000.000) 2023-03-30 12:39:30 Image size of job updated: 5552188
	1506  -  MemoryUsage of job (MB)
	1541188  -  ResidentSetSize of job (KB)
...
006 (113449457.000.000) 2023-03-30 12:54:31 Image size of job updated: 5558412
	1506  -  MemoryUsage of job (MB)
	1541188  -  ResidentSetSize of job (KB)
...
006 (113449457.000.000) 2023-03-30 13:09:32 Image size of job updated: 5560420
	1506  -  MemoryUsage of job (MB)
	1541188  -  ResidentSetSize of job (KB)
...
006 (113449457.000.000) 2023-03-30 13:44:34 Image size of job updated: 5565692
	1506  -  MemoryUsage of job (MB)
	1541188  -  ResidentSetSize of job (KB)
...
006 (113449457.000.000) 2023-03-30 14:09:36 Image size of job updated: 5568488
	1506  -  MemoryUsage of job (MB)
	1541188  -  ResidentSetSize of job (KB)
...
006 (113449457.000.000) 2023-03-30 14:49:41 Image size of job updated: 5591120
	1506  -  MemoryUsage of job (MB)
	1541188  -  ResidentSetSize of job (KB)
...
006 (113449457.000.000) 2023-03-30 16:09:51 Image size of job updated: 5624576
	1506  -  MemoryUsage of job (MB)
	1541188  -  ResidentSetSize of job (KB)
...
006 (113449457.000.000) 2023-03-30 16:24:52 Image size of job updated: 5627280
	1506  -  MemoryUsage of job (MB)
	1541188  -  ResidentSetSize of job (KB)
...
006 (113449457.000.000) 2023-03-30 16:39:53 Image size of job updated: 5630268
	1506  -  MemoryUsage of job (MB)
	1541188  -  ResidentSetSize of job (KB)
...
006 (113449457.000.000) 2023-03-30 17:04:57 Image size of job updated: 5633532
	1506  -  MemoryUsage of job (MB)
	1541188  -  ResidentSetSize of job (KB)
...
004 (113449457.000.000) 2023-03-30 17:12:53 Job was evicted.
	(0) CPU times
		Usr 2 09:00:55, Sys 0 00:05:20  -  Run Remote Usage
		Usr 0 00:00:00, Sys 0 00:00:00  -  Run Local Usage
	0  -  Run Bytes Sent By Job
	366  -  Run Bytes Received By Job
	Partitionable Resources :    Usage  Request Allocated 
	   Cpus                 :     1.99        1         1 
	   Disk (KB)            :  3755      500000    624256 
	   GPUs                 :                           0 
	   Memory (MB)          :  1506       20000     20096 
...
040 (113449457.000.000) 2023-03-30 17:21:28 Entered queue to transfer input files
	Transferring to host: <10.14.10.20:9618?addrs=10.14.10.20-9618&alias=node2270.cluster.ldas.cit&noUDP&sock=slot1_3_858566_2a9a_19763>
...
040 (113449457.000.000) 2023-03-30 17:21:50 Started transferring input files
	Seconds spent in queue: 22
...
040 (113449457.000.000) 2023-03-30 17:21:50 Finished transferring input files
...
001 (113449457.000.000) 2023-03-30 17:21:51 Job executing on host: <10.14.10.20:9618?addrs=10.14.10.20-9618&alias=node2270.cluster.ldas.cit&noUDP&sock=startd_3476399_2354>
...
006 (113449457.000.000) 2023-03-31 09:30:44 Image size of job updated: 7500000
	1727  -  MemoryUsage of job (MB)
	1768148  -  ResidentSetSize of job (KB)
...
006 (113449457.000.000) 2023-03-31 10:50:53 Image size of job updated: 7500000
	1761  -  MemoryUsage of job (MB)
	1802692  -  ResidentSetSize of job (KB)
...
006 (113449457.000.000) 2023-03-31 10:55:53 Image size of job updated: 7500000
	1762  -  MemoryUsage of job (MB)
	1804228  -  ResidentSetSize of job (KB)
...
006 (113449457.000.000) 2023-03-31 13:56:12 Image size of job updated: 7500000
	1769  -  MemoryUsage of job (MB)
	1810776  -  ResidentSetSize of job (KB)
...
006 (113449457.000.000) 2023-03-31 17:50:57 Image size of job updated: 7500000
	1774  -  MemoryUsage of job (MB)
	1816548  -  ResidentSetSize of job (KB)
...
004 (113449457.000.000) 2023-03-31 17:50:57 Job was evicted.
	(0) CPU times
		Usr 3 21:13:39, Sys 0 00:05:34  -  Run Remote Usage
		Usr 0 00:00:00, Sys 0 00:00:00  -  Run Local Usage
	0  -  Run Bytes Sent By Job
	366  -  Run Bytes Received By Job
	Partitionable Resources :    Usage  Request Allocated 
	   Cpus                 :     0.99        1         1 
	   Disk (KB)            :  3654      500000    624256 
	   GPUs                 :                           0 
	   Memory (MB)          :  1774       20000     20096 
...
022 (113449457.000.000) 2023-03-31 17:50:59 Job disconnected, attempting to reconnect
    Socket between submit and execute hosts closed unexpectedly
    Trying to reconnect to slot1_4@node2199.cluster.ldas.cit <10.14.9.199:9618?addrs=10.14.9.199-9618&alias=node2199.cluster.ldas.cit&noUDP&sock=startd_3766_bdc1>
...
024 (113449457.000.000) 2023-03-31 17:51:07 Job reconnection failed
    Job not found at execution machine
    Can not reconnect to slot1_4@node2199.cluster.ldas.cit, rescheduling job
...
040 (113449457.000.000) 2023-03-31 17:53:20 Started transferring input files
	Seconds spent in queue: 88312
...
040 (113449457.000.000) 2023-03-31 17:53:20 Finished transferring input files
...
001 (113449457.000.000) 2023-03-31 17:53:21 Job executing on host: <10.14.9.85:9618?addrs=10.14.9.85-9618&alias=node2085.cluster.ldas.cit&noUDP&sock=startd_314656_6c29>
...
006 (113449457.000.000) 2023-04-01 09:30:06 Image size of job updated: 7500000
	2086  -  MemoryUsage of job (MB)
	2135976  -  ResidentSetSize of job (KB)
...
006 (113449457.000.000) 2023-04-01 12:35:27 Image size of job updated: 7500000
	2147  -  MemoryUsage of job (MB)
	2197964  -  ResidentSetSize of job (KB)
...
006 (113449457.000.000) 2023-04-01 17:05:53 Image size of job updated: 7500000
	2154  -  MemoryUsage of job (MB)
	2204772  -  ResidentSetSize of job (KB)
...
004 (113449457.000.000) 2023-04-01 19:40:01 Job was evicted.
	(0) CPU times
		Usr 4 09:20:29, Sys 0 00:05:52  -  Run Remote Usage
		Usr 0 00:00:00, Sys 0 00:00:00  -  Run Local Usage
	0  -  Run Bytes Sent By Job
	366  -  Run Bytes Received By Job
	Partitionable Resources :    Usage  Request Allocated 
	   Cpus                 :     1.00        1         1 
	   Disk (KB)            :  3080      500000    609620 
	   GPUs                 :                           0 
	   Memory (MB)          :  2154       20000     20096 
...
040 (113449457.000.000) 2023-04-01 19:57:11 Started transferring input files
	Seconds spent in queue: 182143
...
040 (113449457.000.000) 2023-04-01 19:57:11 Finished transferring input files
...
001 (113449457.000.000) 2023-04-01 19:57:12 Job executing on host: <10.14.10.132:9618?addrs=10.14.10.132-9618&alias=node2382.cluster.ldas.cit&noUDP&sock=startd_4140_462d>
...
004 (113449457.000.000) 2023-04-02 21:51:14 Job was evicted.
	(0) CPU times
		Usr 3 10:04:02, Sys 0 00:04:44  -  Run Remote Usage
		Usr 0 00:00:00, Sys 0 00:00:00  -  Run Local Usage
	0  -  Run Bytes Sent By Job
	366  -  Run Bytes Received By Job
	Partitionable Resources :    Usage  Request Allocated 
	   Cpus                 :     0.96        1         1 
	   Disk (KB)            :  2979      500000    624256 
	   GPUs                 :                           0 
	   Memory (MB)          :  2198       20000     20096 
...
040 (113449457.000.000) 2023-04-02 22:03:44 Started transferring input files
	Seconds spent in queue: 276136
...
040 (113449457.000.000) 2023-04-02 22:03:44 Finished transferring input files
...
001 (113449457.000.000) 2023-04-02 22:03:45 Job executing on host: <10.14.10.98:9618?addrs=10.14.10.98-9618&alias=node2348.cluster.ldas.cit&noUDP&sock=startd_4274_2fdd>
...
006 (113449457.000.000) 2023-04-03 13:50:29 Image size of job updated: 7500000
	2317  -  MemoryUsage of job (MB)
	2372264  -  ResidentSetSize of job (KB)
...
004 (113449457.000.000) 2023-04-03 22:06:22 Job was evicted.
	(0) CPU times
		Usr 4 05:43:50, Sys 0 00:02:17  -  Run Remote Usage
		Usr 0 00:00:00, Sys 0 00:00:00  -  Run Local Usage
	0  -  Run Bytes Sent By Job
	366  -  Run Bytes Received By Job
	Partitionable Resources :    Usage  Request Allocated 
	   Cpus                 :     5.83        1         1 
	   Disk (KB)            :  3053      500000    624256 
	   GPUs                 :                           0 
	   Memory (MB)          :  2317       20000     20096 
...
040 (113449457.000.000) 2023-04-03 22:07:57 Started transferring input files
	Seconds spent in queue: 362789
...
040 (113449457.000.000) 2023-04-03 22:07:57 Finished transferring input files
...
001 (113449457.000.000) 2023-04-03 22:07:58 Job executing on host: <10.14.10.90:9618?addrs=10.14.10.90-9618&alias=node2340.cluster.ldas.cit&noUDP&sock=startd_4060_6699>
...
004 (113449457.000.000) 2023-04-04 13:15:48 Job was evicted.
	(0) CPU times
		Usr 2 16:45:11, Sys 0 00:01:19  -  Run Remote Usage
		Usr 0 00:00:00, Sys 0 00:00:00  -  Run Local Usage
	0  -  Run Bytes Sent By Job
	366  -  Run Bytes Received By Job
	Partitionable Resources :    Usage  Request Allocated 
	   Cpus                 :     1.00        1         1 
	   Disk (KB)            :  2890      500000    624256 
	   GPUs                 :                           0 
	   Memory (MB)          :  2442       20000     20096 
...
040 (113449457.000.000) 2023-04-04 14:01:11 Started transferring input files
	Seconds spent in queue: 419983
...
040 (113449457.000.000) 2023-04-04 14:01:11 Finished transferring input files
...
001 (113449457.000.000) 2023-04-04 14:01:12 Job executing on host: <10.14.4.118:9618?addrs=10.14.4.118-9618&alias=node868.cluster.ldas.cit&noUDP&sock=startd_3762453_6399>
...
004 (113449457.000.000) 2023-04-05 14:02:51 Job was evicted.
	(0) CPU times
		Usr 2 21:49:26, Sys 0 00:17:50  -  Run Remote Usage
		Usr 0 00:00:00, Sys 0 00:00:00  -  Run Local Usage
	0  -  Run Bytes Sent By Job
	366  -  Run Bytes Received By Job
	Partitionable Resources :    Usage  Request Allocated 
	   Cpus                 :     0.98        1         1 
	   Disk (KB)            :  2814      500000    558636 
	   GPUs                 :                           0 
	   Memory (MB)          :  2442       20000     20096 
...
040 (113449457.000.000) 2023-04-05 14:05:30 Started transferring input files
	Seconds spent in queue: 506642
...
040 (113449457.000.000) 2023-04-05 14:05:30 Finished transferring input files
...
001 (113449457.000.000) 2023-04-05 14:05:31 Job executing on host: <10.14.10.115:9618?addrs=10.14.10.115-9618&alias=node2365.cluster.ldas.cit&noUDP&sock=startd_1171481_1ad8>
...
004 (113449457.000.000) 2023-04-05 14:52:22 Job was evicted.
	(0) CPU times
		Usr 0 03:56:47, Sys 0 00:00:10  -  Run Remote Usage
		Usr 0 00:00:00, Sys 0 00:00:00  -  Run Local Usage
	0  -  Run Bytes Sent By Job
	366  -  Run Bytes Received By Job
	Partitionable Resources :    Usage  Request Allocated 
	   Cpus                 :     4.52        1         1 
	   Disk (KB)            :  2721      500000    624256 
	   GPUs                 :                           0 
	   Memory (MB)          :  2442       20000     20096 
...
009 (113449457.000.000) 2023-04-05 14:52:22 Job was aborted.
	removed because <OtherJobRemoveRequirements = DAGManJobId =?= 113449368> fired when job (113449368.0) was removed
...
000 (113587152.000.000) 2023-04-05 14:54:14 Job submitted from host: <10.14.0.160:9618?addrs=10.14.0.160-9618&alias=ldas-pcdev2.ligo.caltech.edu&noUDP&sock=schedd_7450_a8a7>
    DAG Node: 908
...
040 (113587152.000.000) 2023-04-05 14:56:12 Started transferring input files
	Transferring to host: <10.14.4.33:9618?addrs=10.14.4.33-9618&alias=node783.cluster.ldas.cit&noUDP&sock=slot1_14_2171755_9d13_28679>
...
040 (113587152.000.000) 2023-04-05 14:56:12 Finished transferring input files
...
001 (113587152.000.000) 2023-04-05 14:56:13 Job executing on host: <10.14.4.33:9618?addrs=10.14.4.33-9618&alias=node783.cluster.ldas.cit&noUDP&sock=startd_380285_752d>
...
006 (113587152.000.000) 2023-04-05 14:56:22 Image size of job updated: 598372
	192  -  MemoryUsage of job (MB)
	196508  -  ResidentSetSize of job (KB)
...
006 (113587152.000.000) 2023-04-05 15:01:23 Image size of job updated: 5362168
	812  -  MemoryUsage of job (MB)
	831012  -  ResidentSetSize of job (KB)
...
006 (113587152.000.000) 2023-04-05 15:06:24 Image size of job updated: 5395520
	861  -  MemoryUsage of job (MB)
	881404  -  ResidentSetSize of job (KB)
...
006 (113587152.000.000) 2023-04-05 15:11:24 Image size of job updated: 5484328
	935  -  MemoryUsage of job (MB)
	956588  -  ResidentSetSize of job (KB)
...
006 (113587152.000.000) 2023-04-05 15:16:25 Image size of job updated: 5574872
	1038  -  MemoryUsage of job (MB)
	1062792  -  ResidentSetSize of job (KB)
...
006 (113587152.000.000) 2023-04-05 15:21:26 Image size of job updated: 5658920
	1106  -  MemoryUsage of job (MB)
	1132060  -  ResidentSetSize of job (KB)
...
006 (113587152.000.000) 2023-04-05 15:26:26 Image size of job updated: 5696888
	1143  -  MemoryUsage of job (MB)
	1170040  -  ResidentSetSize of job (KB)
...
006 (113587152.000.000) 2023-04-05 15:36:27 Image size of job updated: 5773148
	1143  -  MemoryUsage of job (MB)
	1170040  -  ResidentSetSize of job (KB)
...
006 (113587152.000.000) 2023-04-05 15:41:27 Image size of job updated: 6384044
	1151  -  MemoryUsage of job (MB)
	1178612  -  ResidentSetSize of job (KB)
...
006 (113587152.000.000) 2023-04-05 15:46:27 Image size of job updated: 6384044
	1164  -  MemoryUsage of job (MB)
	1191244  -  ResidentSetSize of job (KB)
...
006 (113587152.000.000) 2023-04-05 15:51:28 Image size of job updated: 6384044
	1168  -  MemoryUsage of job (MB)
	1195260  -  ResidentSetSize of job (KB)
...
006 (113587152.000.000) 2023-04-05 15:56:28 Image size of job updated: 6384044
	1212  -  MemoryUsage of job (MB)
	1240284  -  ResidentSetSize of job (KB)
...
006 (113587152.000.000) 2023-04-05 16:01:28 Image size of job updated: 6384044
	1216  -  MemoryUsage of job (MB)
	1244432  -  ResidentSetSize of job (KB)
...
006 (113587152.000.000) 2023-04-05 16:06:29 Image size of job updated: 6384044
	1234  -  MemoryUsage of job (MB)
	1262716  -  ResidentSetSize of job (KB)
...
006 (113587152.000.000) 2023-04-05 16:26:31 Image size of job updated: 6401292
	1477  -  MemoryUsage of job (MB)
	1511452  -  ResidentSetSize of job (KB)
...
006 (113587152.000.000) 2023-04-05 16:31:31 Image size of job updated: 6401292
	1509  -  MemoryUsage of job (MB)
	1544888  -  ResidentSetSize of job (KB)
...
006 (113587152.000.000) 2023-04-05 16:36:32 Image size of job updated: 6401292
	1528  -  MemoryUsage of job (MB)
	1564536  -  ResidentSetSize of job (KB)
...
006 (113587152.000.000) 2023-04-05 16:41:33 Image size of job updated: 6401292
	1554  -  MemoryUsage of job (MB)
	1590712  -  ResidentSetSize of job (KB)
...
006 (113587152.000.000) 2023-04-05 16:46:33 Image size of job updated: 6401292
	1580  -  MemoryUsage of job (MB)
	1617708  -  ResidentSetSize of job (KB)
...
006 (113587152.000.000) 2023-04-05 16:51:34 Image size of job updated: 6401292
	1672  -  MemoryUsage of job (MB)
	1711108  -  ResidentSetSize of job (KB)
...
006 (113587152.000.000) 2023-04-05 17:11:37 Image size of job updated: 6427028
	1672  -  MemoryUsage of job (MB)
	1711108  -  ResidentSetSize of job (KB)
...
006 (113587152.000.000) 2023-04-05 17:51:41 Image size of job updated: 6427028
	1678  -  MemoryUsage of job (MB)
	1718128  -  ResidentSetSize of job (KB)
...
006 (113587152.000.000) 2023-04-05 17:56:42 Image size of job updated: 6427028
	1816  -  MemoryUsage of job (MB)
	1859408  -  ResidentSetSize of job (KB)
...
006 (113587152.000.000) 2023-04-05 18:06:42 Image size of job updated: 6467808
	1837  -  MemoryUsage of job (MB)
	1880208  -  ResidentSetSize of job (KB)
...
006 (113587152.000.000) 2023-04-05 18:11:43 Image size of job updated: 6467808
	1854  -  MemoryUsage of job (MB)
	1898088  -  ResidentSetSize of job (KB)
...
006 (113587152.000.000) 2023-04-05 18:16:44 Image size of job updated: 6467808
	1925  -  MemoryUsage of job (MB)
	1970188  -  ResidentSetSize of job (KB)
...
006 (113587152.000.000) 2023-04-05 18:21:44 Image size of job updated: 6467808
	1941  -  MemoryUsage of job (MB)
	1987100  -  ResidentSetSize of job (KB)
...
006 (113587152.000.000) 2023-04-05 18:26:45 Image size of job updated: 6467808
	1947  -  MemoryUsage of job (MB)
	1992892  -  ResidentSetSize of job (KB)
...
006 (113587152.000.000) 2023-04-05 18:46:48 Image size of job updated: 6523756
	2255  -  MemoryUsage of job (MB)
	2308956  -  ResidentSetSize of job (KB)
...
006 (113587152.000.000) 2023-04-05 19:21:52 Image size of job updated: 6524208
	2255  -  MemoryUsage of job (MB)
	2308956  -  ResidentSetSize of job (KB)
...
006 (113587152.000.000) 2023-04-06 02:37:33 Image size of job updated: 6528772
	2255  -  MemoryUsage of job (MB)
	2308956  -  ResidentSetSize of job (KB)
...
006 (113587152.000.000) 2023-04-06 05:07:53 Image size of job updated: 6546536
	2255  -  MemoryUsage of job (MB)
	2308956  -  ResidentSetSize of job (KB)
...
006 (113587152.000.000) 2023-04-06 06:18:03 Image size of job updated: 6557556
	2255  -  MemoryUsage of job (MB)
	2308956  -  ResidentSetSize of job (KB)
...
006 (113587152.000.000) 2023-04-06 06:48:07 Image size of job updated: 6560348
	2255  -  MemoryUsage of job (MB)
	2308956  -  ResidentSetSize of job (KB)
...
006 (113587152.000.000) 2023-04-06 10:18:31 Image size of job updated: 6630040
	2255  -  MemoryUsage of job (MB)
	2308956  -  ResidentSetSize of job (KB)
...
006 (113587152.000.000) 2023-04-06 14:43:59 Image size of job updated: 6912752
	2683  -  MemoryUsage of job (MB)
	2746728  -  ResidentSetSize of job (KB)
...
004 (113587152.000.000) 2023-04-06 14:58:43 Job was evicted.
	(0) CPU times
		Usr 3 05:28:04, Sys 0 00:05:43  -  Run Remote Usage
		Usr 0 00:00:00, Sys 0 00:00:00  -  Run Local Usage
	0  -  Run Bytes Sent By Job
	366  -  Run Bytes Received By Job
	Partitionable Resources :    Usage  Request Allocated 
	   Cpus                 :     0.98        1         1 
	   Disk (KB)            :  2816      500000    624256 
	   GPUs                 :                           0 
	   Memory (MB)          :  2683       20000     20096 
...
040 (113587152.000.000) 2023-04-06 15:06:25 Started transferring input files
	Transferring to host: <10.14.9.98:9618?addrs=10.14.9.98-9618&alias=node2098.cluster.ldas.cit&noUDP&sock=slot1_9_3397451_53c5_1133>
...
040 (113587152.000.000) 2023-04-06 15:06:25 Finished transferring input files
...
001 (113587152.000.000) 2023-04-06 15:06:26 Job executing on host: <10.14.9.98:9618?addrs=10.14.9.98-9618&alias=node2098.cluster.ldas.cit&noUDP&sock=startd_3397410_4108>
...
004 (113587152.000.000) 2023-04-06 16:04:44 Job was evicted.
	(0) CPU times
		Usr 0 05:24:48, Sys 0 00:00:14  -  Run Remote Usage
		Usr 0 00:00:00, Sys 0 00:00:00  -  Run Local Usage
	0  -  Run Bytes Sent By Job
	366  -  Run Bytes Received By Job
	Partitionable Resources :    Usage  Request Allocated 
	   Cpus                 :     1.00        1         1 
	   Disk (KB)            :  2712      500000    609620 
	   GPUs                 :                           0 
	   Memory (MB)          :  2686       20000     20096 
...
009 (113587152.000.000) 2023-04-06 16:04:44 Job was aborted.
	removed because <OtherJobRemoveRequirements = DAGManJobId =?= 113587092> fired when job (113587092.0) was removed
...
000 (113604265.000.000) 2023-04-06 16:27:56 Job submitted from host: <10.14.0.160:9618?addrs=10.14.0.160-9618&alias=ldas-pcdev2.ligo.caltech.edu&noUDP&sock=schedd_7450_a8a7>
    DAG Node: 908
...
040 (113604265.000.000) 2023-04-06 16:31:05 Started transferring input files
	Transferring to host: <10.14.10.68:9618?addrs=10.14.10.68-9618&alias=node2318.cluster.ldas.cit&noUDP&sock=slot1_8_3337961_3d92_1671>
...
040 (113604265.000.000) 2023-04-06 16:31:05 Finished transferring input files
...
001 (113604265.000.000) 2023-04-06 16:31:06 Job executing on host: <10.14.10.68:9618?addrs=10.14.10.68-9618&alias=node2318.cluster.ldas.cit&noUDP&sock=startd_3337919_6054>
...
006 (113604265.000.000) 2023-04-06 16:31:14 Image size of job updated: 245372
	190  -  MemoryUsage of job (MB)
	194492  -  ResidentSetSize of job (KB)
...
006 (113604265.000.000) 2023-04-06 16:36:14 Image size of job updated: 5246332
	192  -  MemoryUsage of job (MB)
	196420  -  ResidentSetSize of job (KB)
...
006 (113604265.000.000) 2023-04-06 16:41:14 Image size of job updated: 5246332
	368  -  MemoryUsage of job (MB)
	376584  -  ResidentSetSize of job (KB)
...
006 (113604265.000.000) 2023-04-06 16:46:15 Image size of job updated: 5246332
	374  -  MemoryUsage of job (MB)
	382504  -  ResidentSetSize of job (KB)
...
006 (113604265.000.000) 2023-04-06 16:51:15 Image size of job updated: 5246332
	423  -  MemoryUsage of job (MB)
	432920  -  ResidentSetSize of job (KB)
...
006 (113604265.000.000) 2023-04-06 16:56:15 Image size of job updated: 5246332
	431  -  MemoryUsage of job (MB)
	440548  -  ResidentSetSize of job (KB)
...
006 (113604265.000.000) 2023-04-06 17:01:16 Image size of job updated: 5246332
	519  -  MemoryUsage of job (MB)
	530632  -  ResidentSetSize of job (KB)
...
006 (113604265.000.000) 2023-04-06 17:06:17 Image size of job updated: 5246332
	534  -  MemoryUsage of job (MB)
	546132  -  ResidentSetSize of job (KB)
...
006 (113604265.000.000) 2023-04-06 17:11:17 Image size of job updated: 5246332
	542  -  MemoryUsage of job (MB)
	554732  -  ResidentSetSize of job (KB)
...
006 (113604265.000.000) 2023-04-06 17:16:18 Image size of job updated: 5246332
	568  -  MemoryUsage of job (MB)
	580744  -  ResidentSetSize of job (KB)
...
006 (113604265.000.000) 2023-04-06 17:21:19 Image size of job updated: 5246332
	568  -  MemoryUsage of job (MB)
	581328  -  ResidentSetSize of job (KB)
...
006 (113604265.000.000) 2023-04-06 17:26:19 Image size of job updated: 5246332
	571  -  MemoryUsage of job (MB)
	584664  -  ResidentSetSize of job (KB)
...
006 (113604265.000.000) 2023-04-06 17:31:19 Image size of job updated: 5246332
	580  -  MemoryUsage of job (MB)
	593024  -  ResidentSetSize of job (KB)
...
006 (113604265.000.000) 2023-04-06 17:36:20 Image size of job updated: 5246332
	615  -  MemoryUsage of job (MB)
	629320  -  ResidentSetSize of job (KB)
...
006 (113604265.000.000) 2023-04-06 17:41:20 Image size of job updated: 5246332
	616  -  MemoryUsage of job (MB)
	630120  -  ResidentSetSize of job (KB)
...
006 (113604265.000.000) 2023-04-06 17:46:20 Image size of job updated: 5246332
	618  -  MemoryUsage of job (MB)
	632620  -  ResidentSetSize of job (KB)
...
006 (113604265.000.000) 2023-04-06 17:56:22 Image size of job updated: 5246332
	631  -  MemoryUsage of job (MB)
	645840  -  ResidentSetSize of job (KB)
...
006 (113604265.000.000) 2023-04-06 18:01:22 Image size of job updated: 5246332
	634  -  MemoryUsage of job (MB)
	648448  -  ResidentSetSize of job (KB)
...
006 (113604265.000.000) 2023-04-06 18:06:23 Image size of job updated: 5246332
	644  -  MemoryUsage of job (MB)
	658776  -  ResidentSetSize of job (KB)
...
006 (113604265.000.000) 2023-04-06 18:21:25 Image size of job updated: 5246332
	696  -  MemoryUsage of job (MB)
	712436  -  ResidentSetSize of job (KB)
...
006 (113604265.000.000) 2023-04-06 18:26:26 Image size of job updated: 5246332
	733  -  MemoryUsage of job (MB)
	749704  -  ResidentSetSize of job (KB)
...
006 (113604265.000.000) 2023-04-06 18:36:26 Image size of job updated: 5246332
	742  -  MemoryUsage of job (MB)
	759184  -  ResidentSetSize of job (KB)
...
006 (113604265.000.000) 2023-04-06 18:41:27 Image size of job updated: 5246332
	743  -  MemoryUsage of job (MB)
	760668  -  ResidentSetSize of job (KB)
...
006 (113604265.000.000) 2023-04-06 18:46:28 Image size of job updated: 5246332
	751  -  MemoryUsage of job (MB)
	768580  -  ResidentSetSize of job (KB)
...
006 (113604265.000.000) 2023-04-06 18:51:28 Image size of job updated: 5246332
	753  -  MemoryUsage of job (MB)
	770492  -  ResidentSetSize of job (KB)
...
006 (113604265.000.000) 2023-04-06 19:06:29 Image size of job updated: 5247280
	759  -  MemoryUsage of job (MB)
	776348  -  ResidentSetSize of job (KB)
...
006 (113604265.000.000) 2023-04-06 19:11:29 Image size of job updated: 5294060
	800  -  MemoryUsage of job (MB)
	818280  -  ResidentSetSize of job (KB)
...
006 (113604265.000.000) 2023-04-06 19:16:30 Image size of job updated: 5301868
	837  -  MemoryUsage of job (MB)
	856608  -  ResidentSetSize of job (KB)
...
006 (113604265.000.000) 2023-04-06 19:26:31 Image size of job updated: 5301868
	854  -  MemoryUsage of job (MB)
	874264  -  ResidentSetSize of job (KB)
...
006 (113604265.000.000) 2023-04-06 19:31:31 Image size of job updated: 5301868
	884  -  MemoryUsage of job (MB)
	905020  -  ResidentSetSize of job (KB)
...
006 (113604265.000.000) 2023-04-06 19:46:32 Image size of job updated: 5301868
	895  -  MemoryUsage of job (MB)
	915512  -  ResidentSetSize of job (KB)
...
006 (113604265.000.000) 2023-04-06 19:56:34 Image size of job updated: 5301868
	895  -  MemoryUsage of job (MB)
	915836  -  ResidentSetSize of job (KB)
...
006 (113604265.000.000) 2023-04-06 20:11:36 Image size of job updated: 5308240
	924  -  MemoryUsage of job (MB)
	946004  -  ResidentSetSize of job (KB)
...
006 (113604265.000.000) 2023-04-06 20:16:36 Image size of job updated: 5308500
	925  -  MemoryUsage of job (MB)
	946320  -  ResidentSetSize of job (KB)
...
006 (113604265.000.000) 2023-04-06 20:21:36 Image size of job updated: 5311312
	928  -  MemoryUsage of job (MB)
	949588  -  ResidentSetSize of job (KB)
...
006 (113604265.000.000) 2023-04-06 20:26:37 Image size of job updated: 5317408
	930  -  MemoryUsage of job (MB)
	951304  -  ResidentSetSize of job (KB)
...
006 (113604265.000.000) 2023-04-06 20:31:38 Image size of job updated: 5319864
	938  -  MemoryUsage of job (MB)
	960084  -  ResidentSetSize of job (KB)
...
006 (113604265.000.000) 2023-04-06 20:41:39 Image size of job updated: 5325412
	944  -  MemoryUsage of job (MB)
	965664  -  ResidentSetSize of job (KB)
...
006 (113604265.000.000) 2023-04-06 20:46:40 Image size of job updated: 5329276
	976  -  MemoryUsage of job (MB)
	998912  -  ResidentSetSize of job (KB)
...
006 (113604265.000.000) 2023-04-06 20:51:40 Image size of job updated: 5329276
	1005  -  MemoryUsage of job (MB)
	1028152  -  ResidentSetSize of job (KB)
...
006 (113604265.000.000) 2023-04-06 21:06:42 Image size of job updated: 5329276
	1037  -  MemoryUsage of job (MB)
	1061024  -  ResidentSetSize of job (KB)
...
006 (113604265.000.000) 2023-04-06 21:11:42 Image size of job updated: 5371296
	1204  -  MemoryUsage of job (MB)
	1232836  -  ResidentSetSize of job (KB)
...
006 (113604265.000.000) 2023-04-06 21:16:43 Image size of job updated: 5371296
	1297  -  MemoryUsage of job (MB)
	1327320  -  ResidentSetSize of job (KB)
...
006 (113604265.000.000) 2023-04-06 21:21:44 Image size of job updated: 5374704
	1300  -  MemoryUsage of job (MB)
	1330808  -  ResidentSetSize of job (KB)
...
006 (113604265.000.000) 2023-04-06 21:26:44 Image size of job updated: 5391460
	1300  -  MemoryUsage of job (MB)
	1330808  -  ResidentSetSize of job (KB)
...
006 (113604265.000.000) 2023-04-06 21:41:46 Image size of job updated: 5391460
	1314  -  MemoryUsage of job (MB)
	1345292  -  ResidentSetSize of job (KB)
...
006 (113604265.000.000) 2023-04-06 21:46:46 Image size of job updated: 5391460
	1320  -  MemoryUsage of job (MB)
	1350776  -  ResidentSetSize of job (KB)
...
006 (113604265.000.000) 2023-04-06 21:51:47 Image size of job updated: 5470592
	1344  -  MemoryUsage of job (MB)
	1376208  -  ResidentSetSize of job (KB)
...
006 (113604265.000.000) 2023-04-06 22:01:48 Image size of job updated: 5470592
	1345  -  MemoryUsage of job (MB)
	1376732  -  ResidentSetSize of job (KB)
...
006 (113604265.000.000) 2023-04-06 22:06:48 Image size of job updated: 5480788
	1349  -  MemoryUsage of job (MB)
	1380952  -  ResidentSetSize of job (KB)
...
006 (113604265.000.000) 2023-04-06 22:11:49 Image size of job updated: 5480788
	1350  -  MemoryUsage of job (MB)
	1381672  -  ResidentSetSize of job (KB)
...
006 (113604265.000.000) 2023-04-06 22:16:49 Image size of job updated: 5480788
	1372  -  MemoryUsage of job (MB)
	1404148  -  ResidentSetSize of job (KB)
...
006 (113604265.000.000) 2023-04-06 22:46:53 Image size of job updated: 5480788
	1378  -  MemoryUsage of job (MB)
	1410960  -  ResidentSetSize of job (KB)
...
006 (113604265.000.000) 2023-04-06 22:51:53 Image size of job updated: 5480788
	1379  -  MemoryUsage of job (MB)
	1411476  -  ResidentSetSize of job (KB)
...
006 (113604265.000.000) 2023-04-06 23:11:55 Image size of job updated: 5480788
	1401  -  MemoryUsage of job (MB)
	1433736  -  ResidentSetSize of job (KB)
...
006 (113604265.000.000) 2023-04-06 23:21:57 Image size of job updated: 5492236
	1401  -  MemoryUsage of job (MB)
	1433736  -  ResidentSetSize of job (KB)
...
006 (113604265.000.000) 2023-04-06 23:41:58 Image size of job updated: 5560172
	1422  -  MemoryUsage of job (MB)
	1455120  -  ResidentSetSize of job (KB)
...
006 (113604265.000.000) 2023-04-06 23:51:59 Image size of job updated: 5564308
	1424  -  MemoryUsage of job (MB)
	1457476  -  ResidentSetSize of job (KB)
...
006 (113604265.000.000) 2023-04-06 23:57:00 Image size of job updated: 5564308
	1424  -  MemoryUsage of job (MB)
	1457616  -  ResidentSetSize of job (KB)
...
006 (113604265.000.000) 2023-04-07 00:02:00 Image size of job updated: 5564308
	1425  -  MemoryUsage of job (MB)
	1458412  -  ResidentSetSize of job (KB)
...
006 (113604265.000.000) 2023-04-07 00:12:02 Image size of job updated: 5564308
	1443  -  MemoryUsage of job (MB)
	1476724  -  ResidentSetSize of job (KB)
...
006 (113604265.000.000) 2023-04-07 00:17:02 Image size of job updated: 5564308
	1444  -  MemoryUsage of job (MB)
	1478344  -  ResidentSetSize of job (KB)
...
006 (113604265.000.000) 2023-04-07 00:27:03 Image size of job updated: 5569860
	1444  -  MemoryUsage of job (MB)
	1478344  -  ResidentSetSize of job (KB)
...
006 (113604265.000.000) 2023-04-07 01:37:09 Image size of job updated: 5569860
	1458  -  MemoryUsage of job (MB)
	1492160  -  ResidentSetSize of job (KB)
...
006 (113604265.000.000) 2023-04-07 01:42:10 Image size of job updated: 5569860
	1459  -  MemoryUsage of job (MB)
	1493952  -  ResidentSetSize of job (KB)
...
006 (113604265.000.000) 2023-04-07 01:47:10 Image size of job updated: 5622844
	1462  -  MemoryUsage of job (MB)
	1496744  -  ResidentSetSize of job (KB)
...
006 (113604265.000.000) 2023-04-07 01:57:12 Image size of job updated: 5622844
	1464  -  MemoryUsage of job (MB)
	1498792  -  ResidentSetSize of job (KB)
...
006 (113604265.000.000) 2023-04-07 02:02:12 Image size of job updated: 5628828
	1469  -  MemoryUsage of job (MB)
	1504152  -  ResidentSetSize of job (KB)
...
006 (113604265.000.000) 2023-04-07 02:12:13 Image size of job updated: 5631656
	1469  -  MemoryUsage of job (MB)
	1504152  -  ResidentSetSize of job (KB)
...
006 (113604265.000.000) 2023-04-07 02:27:14 Image size of job updated: 5632424
	1473  -  MemoryUsage of job (MB)
	1508112  -  ResidentSetSize of job (KB)
...
006 (113604265.000.000) 2023-04-07 02:37:15 Image size of job updated: 5632424
	1480  -  MemoryUsage of job (MB)
	1515176  -  ResidentSetSize of job (KB)
...
006 (113604265.000.000) 2023-04-07 02:42:16 Image size of job updated: 5632424
	1482  -  MemoryUsage of job (MB)
	1517224  -  ResidentSetSize of job (KB)
...
006 (113604265.000.000) 2023-04-07 02:52:17 Image size of job updated: 5632424
	1483  -  MemoryUsage of job (MB)
	1518164  -  ResidentSetSize of job (KB)
...
006 (113604265.000.000) 2023-04-07 03:02:19 Image size of job updated: 5751624
	1490  -  MemoryUsage of job (MB)
	1525452  -  ResidentSetSize of job (KB)
...
006 (113604265.000.000) 2023-04-07 04:07:25 Image size of job updated: 5751624
	1503  -  MemoryUsage of job (MB)
	1538232  -  ResidentSetSize of job (KB)
...
006 (113604265.000.000) 2023-04-07 04:17:27 Image size of job updated: 5751624
	1518  -  MemoryUsage of job (MB)
	1553688  -  ResidentSetSize of job (KB)
...
006 (113604265.000.000) 2023-04-07 04:32:28 Image size of job updated: 5751624
	1524  -  MemoryUsage of job (MB)
	1560392  -  ResidentSetSize of job (KB)
...
006 (113604265.000.000) 2023-04-07 04:42:29 Image size of job updated: 5751624
	1526  -  MemoryUsage of job (MB)
	1562532  -  ResidentSetSize of job (KB)
...
006 (113604265.000.000) 2023-04-07 05:12:33 Image size of job updated: 5751624
	1534  -  MemoryUsage of job (MB)
	1570288  -  ResidentSetSize of job (KB)
...
006 (113604265.000.000) 2023-04-07 05:17:33 Image size of job updated: 5751624
	1537  -  MemoryUsage of job (MB)
	1573020  -  ResidentSetSize of job (KB)
...
006 (113604265.000.000) 2023-04-07 05:22:34 Image size of job updated: 5751624
	1541  -  MemoryUsage of job (MB)
	1577352  -  ResidentSetSize of job (KB)
...
006 (113604265.000.000) 2023-04-07 05:32:35 Image size of job updated: 5751624
	1541  -  MemoryUsage of job (MB)
	1577716  -  ResidentSetSize of job (KB)
...
006 (113604265.000.000) 2023-04-07 05:57:37 Image size of job updated: 5751624
	1553  -  MemoryUsage of job (MB)
	1590108  -  ResidentSetSize of job (KB)
...
006 (113604265.000.000) 2023-04-07 06:27:40 Image size of job updated: 5762964
	1564  -  MemoryUsage of job (MB)
	1601264  -  ResidentSetSize of job (KB)
...
006 (113604265.000.000) 2023-04-07 06:37:42 Image size of job updated: 5762964
	1567  -  MemoryUsage of job (MB)
	1604264  -  ResidentSetSize of job (KB)
...
006 (113604265.000.000) 2023-04-07 06:42:42 Image size of job updated: 5762964
	1568  -  MemoryUsage of job (MB)
	1605144  -  ResidentSetSize of job (KB)
...
006 (113604265.000.000) 2023-04-07 06:47:43 Image size of job updated: 5762964
	1569  -  MemoryUsage of job (MB)
	1606144  -  ResidentSetSize of job (KB)
...
006 (113604265.000.000) 2023-04-07 07:12:46 Image size of job updated: 5762964
	1578  -  MemoryUsage of job (MB)
	1615388  -  ResidentSetSize of job (KB)
...
006 (113604265.000.000) 2023-04-07 07:22:47 Image size of job updated: 5780396
	1578  -  MemoryUsage of job (MB)
	1615388  -  ResidentSetSize of job (KB)
...
006 (113604265.000.000) 2023-04-07 07:37:48 Image size of job updated: 5788104
	1586  -  MemoryUsage of job (MB)
	1623760  -  ResidentSetSize of job (KB)
...
006 (113604265.000.000) 2023-04-07 07:47:50 Image size of job updated: 5788104
	1587  -  MemoryUsage of job (MB)
	1625012  -  ResidentSetSize of job (KB)
...
006 (113604265.000.000) 2023-04-07 07:52:50 Image size of job updated: 5792344
	1592  -  MemoryUsage of job (MB)
	1630100  -  ResidentSetSize of job (KB)
...
006 (113604265.000.000) 2023-04-07 07:57:51 Image size of job updated: 5792344
	1595  -  MemoryUsage of job (MB)
	1632428  -  ResidentSetSize of job (KB)
...
006 (113604265.000.000) 2023-04-07 08:07:52 Image size of job updated: 5792344
	1598  -  MemoryUsage of job (MB)
	1635960  -  ResidentSetSize of job (KB)
...
006 (113604265.000.000) 2023-04-07 08:17:53 Image size of job updated: 5792344
	1602  -  MemoryUsage of job (MB)
	1639688  -  ResidentSetSize of job (KB)
...
006 (113604265.000.000) 2023-04-07 08:47:55 Image size of job updated: 5844312
	1609  -  MemoryUsage of job (MB)
	1647020  -  ResidentSetSize of job (KB)
...
006 (113604265.000.000) 2023-04-07 08:57:56 Image size of job updated: 5844312
	1611  -  MemoryUsage of job (MB)
	1649548  -  ResidentSetSize of job (KB)
...
006 (113604265.000.000) 2023-04-07 09:02:56 Image size of job updated: 5844312
	1631  -  MemoryUsage of job (MB)
	1669860  -  ResidentSetSize of job (KB)
...
006 (113604265.000.000) 2023-04-07 09:12:58 Image size of job updated: 5844312
	1632  -  MemoryUsage of job (MB)
	1671140  -  ResidentSetSize of job (KB)
...
006 (113604265.000.000) 2023-04-07 09:17:58 Image size of job updated: 5995848
	1632  -  MemoryUsage of job (MB)
	1671140  -  ResidentSetSize of job (KB)
...
006 (113604265.000.000) 2023-04-07 10:03:03 Image size of job updated: 5995848
	1651  -  MemoryUsage of job (MB)
	1690200  -  ResidentSetSize of job (KB)
...
006 (113604265.000.000) 2023-04-07 10:08:03 Image size of job updated: 5995848
	1653  -  MemoryUsage of job (MB)
	1692248  -  ResidentSetSize of job (KB)
...
006 (113604265.000.000) 2023-04-07 10:38:06 Image size of job updated: 5995848
	1663  -  MemoryUsage of job (MB)
	1702752  -  ResidentSetSize of job (KB)
...
006 (113604265.000.000) 2023-04-07 10:48:06 Image size of job updated: 5995848
	1665  -  MemoryUsage of job (MB)
	1704544  -  ResidentSetSize of job (KB)
...
006 (113604265.000.000) 2023-04-07 10:58:08 Image size of job updated: 5995848
	1666  -  MemoryUsage of job (MB)
	1705732  -  ResidentSetSize of job (KB)
...
006 (113604265.000.000) 2023-04-07 11:03:08 Image size of job updated: 5995848
	1666  -  MemoryUsage of job (MB)
	1705860  -  ResidentSetSize of job (KB)
...
006 (113604265.000.000) 2023-04-07 12:48:18 Image size of job updated: 5995848
	1681  -  MemoryUsage of job (MB)
	1721072  -  ResidentSetSize of job (KB)
...
006 (113604265.000.000) 2023-04-07 14:03:25 Image size of job updated: 5995848
	1690  -  MemoryUsage of job (MB)
	1730412  -  ResidentSetSize of job (KB)
...
006 (113604265.000.000) 2023-04-07 14:08:26 Image size of job updated: 5995848
	1691  -  MemoryUsage of job (MB)
	1730800  -  ResidentSetSize of job (KB)
...
006 (113604265.000.000) 2023-04-07 15:28:33 Image size of job updated: 5995848
	1696  -  MemoryUsage of job (MB)
	1736232  -  ResidentSetSize of job (KB)
...
006 (113604265.000.000) 2023-04-07 15:33:34 Image size of job updated: 5995848
	1696  -  MemoryUsage of job (MB)
	1736296  -  ResidentSetSize of job (KB)
...
006 (113604265.000.000) 2023-04-07 15:43:35 Image size of job updated: 5995848
	1696  -  MemoryUsage of job (MB)
	1736392  -  ResidentSetSize of job (KB)
...
006 (113604265.000.000) 2023-04-07 15:48:36 Image size of job updated: 5995848
	1703  -  MemoryUsage of job (MB)
	1743792  -  ResidentSetSize of job (KB)
...
006 (113604265.000.000) 2023-04-07 16:38:41 Image size of job updated: 5995848
	1735  -  MemoryUsage of job (MB)
	1775744  -  ResidentSetSize of job (KB)
...
006 (113604265.000.000) 2023-04-07 16:43:42 Image size of job updated: 5995848
	1736  -  MemoryUsage of job (MB)
	1776872  -  ResidentSetSize of job (KB)
...
006 (113604265.000.000) 2023-04-07 16:58:43 Image size of job updated: 6001884
	1740  -  MemoryUsage of job (MB)
	1781680  -  ResidentSetSize of job (KB)
...
006 (113604265.000.000) 2023-04-07 17:08:44 Image size of job updated: 6022688
	1743  -  MemoryUsage of job (MB)
	1784560  -  ResidentSetSize of job (KB)
...
004 (113604265.000.000) 2023-04-07 17:51:16 Job was evicted.
	(0) CPU times
		Usr 4 05:51:46, Sys 0 00:03:29  -  Run Remote Usage
		Usr 0 00:00:00, Sys 0 00:00:00  -  Run Local Usage
	0  -  Run Bytes Sent By Job
	366  -  Run Bytes Received By Job
	Partitionable Resources :    Usage  Request Allocated 
	   Cpus                 :     0.99        1         1 
	   Disk (KB)            :  4230      500000    624256 
	   GPUs                 :                           0 
	   Memory (MB)          :  1743       20000     20096 
...
040 (113604265.000.000) 2023-04-07 17:51:18 Started transferring input files
	Transferring to host: <10.14.4.13:9618?addrs=10.14.4.13-9618&alias=node763.cluster.ldas.cit&noUDP&sock=slot1_6_3675407_796c_10090>
...
040 (113604265.000.000) 2023-04-07 17:51:18 Finished transferring input files
...
001 (113604265.000.000) 2023-04-07 17:51:19 Job executing on host: <10.14.4.13:9618?addrs=10.14.4.13-9618&alias=node763.cluster.ldas.cit&noUDP&sock=startd_3675368_528d>
...
004 (113604265.000.000) 2023-04-08 18:22:34 Job was evicted.
	(0) CPU times
		Usr 2 21:41:40, Sys 0 00:06:22  -  Run Remote Usage
		Usr 0 00:00:00, Sys 0 00:00:00  -  Run Local Usage
	0  -  Run Bytes Sent By Job
	366  -  Run Bytes Received By Job
	Partitionable Resources :    Usage  Request Allocated 
	   Cpus                 :     0.96        1         1 
	   Disk (KB)            :  2947      500000    609620 
	   GPUs                 :                           0 
	   Memory (MB)          :  1954       20000     20096 
...
040 (113604265.000.000) 2023-04-08 18:23:26 Started transferring input files
	Transferring to host: <10.14.9.186:9618?addrs=10.14.9.186-9618&alias=node2186.cluster.ldas.cit&noUDP&sock=slot1_2_940753_57c8_2772>
...
040 (113604265.000.000) 2023-04-08 18:23:26 Finished transferring input files
...
001 (113604265.000.000) 2023-04-08 18:23:27 Job executing on host: <10.14.9.186:9618?addrs=10.14.9.186-9618&alias=node2186.cluster.ldas.cit&noUDP&sock=startd_940711_1459>
...
006 (113604265.000.000) 2023-04-09 15:05:42 Image size of job updated: 7500000
	2034  -  MemoryUsage of job (MB)
	2082024  -  ResidentSetSize of job (KB)
...
004 (113604265.000.000) 2023-04-09 18:26:23 Job was evicted.
	(0) CPU times
		Usr 3 09:01:48, Sys 0 00:05:46  -  Run Remote Usage
		Usr 0 00:00:00, Sys 0 00:00:00  -  Run Local Usage
	0  -  Run Bytes Sent By Job
	366  -  Run Bytes Received By Job
	Partitionable Resources :    Usage  Request Allocated 
	   Cpus                 :     0.98        1         1 
	   Disk (KB)            :  3024      500000    609620 
	   GPUs                 :                           0 
	   Memory (MB)          :  2034       20000     20096 
...
040 (113604265.000.000) 2023-04-09 18:27:24 Started transferring input files
	Transferring to host: <10.14.9.96:9618?addrs=10.14.9.96-9618&alias=node2096.cluster.ldas.cit&noUDP&sock=slot1_3_1486550_b45b_6339>
...
040 (113604265.000.000) 2023-04-09 18:27:24 Finished transferring input files
...
001 (113604265.000.000) 2023-04-09 18:27:25 Job executing on host: <10.14.9.96:9618?addrs=10.14.9.96-9618&alias=node2096.cluster.ldas.cit&noUDP&sock=startd_1486509_1c26>
...
004 (113604265.000.000) 2023-04-10 18:27:28 Job was evicted.
	(0) CPU times
		Usr 4 12:03:37, Sys 0 00:03:38  -  Run Remote Usage
		Usr 0 00:00:00, Sys 0 00:00:00  -  Run Local Usage
	0  -  Run Bytes Sent By Job
	366  -  Run Bytes Received By Job
	Partitionable Resources :    Usage  Request Allocated 
	   Cpus                 :     1.99        1         1 
	   Disk (KB)            :  3099      500000    609620 
	   GPUs                 :                           0 
	   Memory (MB)          :  2198       20000     20096 
...
040 (113604265.000.000) 2023-04-10 18:29:29 Started transferring input files
	Transferring to host: <10.14.10.35:9618?addrs=10.14.10.35-9618&alias=node2285.cluster.ldas.cit&noUDP&sock=slot1_3_706726_267c_8394>
...
040 (113604265.000.000) 2023-04-10 18:29:29 Finished transferring input files
...
001 (113604265.000.000) 2023-04-10 18:29:30 Job executing on host: <10.14.10.35:9618?addrs=10.14.10.35-9618&alias=node2285.cluster.ldas.cit&noUDP&sock=startd_706684_05e4>
...
006 (113604265.000.000) 2023-04-11 14:51:46 Image size of job updated: 7500000
	2230  -  MemoryUsage of job (MB)
	2282776  -  ResidentSetSize of job (KB)
...
004 (113604265.000.000) 2023-04-11 19:04:01 Job was evicted.
	(0) CPU times
		Usr 5 12:45:44, Sys 0 00:04:50  -  Run Remote Usage
		Usr 0 00:00:00, Sys 0 00:00:00  -  Run Local Usage
	0  -  Run Bytes Sent By Job
	366  -  Run Bytes Received By Job
	Partitionable Resources :    Usage  Request Allocated 
	   Cpus                 :     7.77        1         1 
	   Disk (KB)            :  3111      500000    624256 
	   GPUs                 :                           0 
	   Memory (MB)          :  2230       20000     20096 
...
040 (113604265.000.000) 2023-04-11 19:06:46 Started transferring input files
	Transferring to host: <10.14.4.7:9618?addrs=10.14.4.7-9618&alias=node757.cluster.ldas.cit&noUDP&sock=slot1_19_1730395_90f7_12750>
...
040 (113604265.000.000) 2023-04-11 19:06:46 Finished transferring input files
...
001 (113604265.000.000) 2023-04-11 19:06:47 Job executing on host: <10.14.4.7:9618?addrs=10.14.4.7-9618&alias=node757.cluster.ldas.cit&noUDP&sock=startd_1730357_8e38>
...
004 (113604265.000.000) 2023-04-12 19:19:15 Job was evicted.
	(0) CPU times
		Usr 2 16:48:54, Sys 0 00:11:55  -  Run Remote Usage
		Usr 0 00:00:00, Sys 0 00:00:00  -  Run Local Usage
	0  -  Run Bytes Sent By Job
	366  -  Run Bytes Received By Job
	Partitionable Resources :    Usage  Request Allocated 
	   Cpus                 :     1.78        1         1 
	   Disk (KB)            :  2754      500000    609620 
	   GPUs                 :                           0 
	   Memory (MB)          :  2442       20000     20096 
...
040 (113604265.000.000) 2023-04-12 19:21:23 Started transferring input files
	Transferring to host: <10.14.4.70:9618?addrs=10.14.4.70-9618&alias=node820.cluster.ldas.cit&noUDP&sock=slot1_5_2252768_99d1_5135>
...
040 (113604265.000.000) 2023-04-12 19:21:23 Finished transferring input files
...
001 (113604265.000.000) 2023-04-12 19:21:24 Job executing on host: <10.14.4.70:9618?addrs=10.14.4.70-9618&alias=node820.cluster.ldas.cit&noUDP&sock=startd_2252725_8e0a>
...
004 (113604265.000.000) 2023-04-13 19:29:40 Job was evicted.
	(0) CPU times
		Usr 5 06:31:42, Sys 0 00:10:13  -  Run Remote Usage
		Usr 0 00:00:00, Sys 0 00:00:00  -  Run Local Usage
	0  -  Run Bytes Sent By Job
	366  -  Run Bytes Received By Job
	Partitionable Resources :    Usage  Request Allocated 
	   Cpus                 :     7.91        1         1 
	   Disk (KB)            :  2892      500000    624256 
	   GPUs                 :                           0 
	   Memory (MB)          :  2442       20000     20096 
...
040 (113604265.000.000) 2023-04-13 19:31:18 Entered queue to transfer input files
	Transferring to host: <10.14.10.127:9618?addrs=10.14.10.127-9618&alias=node2377.cluster.ldas.cit&noUDP&sock=slot1_1_2322192_16d8_52960>
...
040 (113604265.000.000) 2023-04-13 19:31:21 Started transferring input files
	Seconds spent in queue: 3
...
040 (113604265.000.000) 2023-04-13 19:31:21 Finished transferring input files
...
001 (113604265.000.000) 2023-04-13 19:31:22 Job executing on host: <10.14.10.127:9618?addrs=10.14.10.127-9618&alias=node2377.cluster.ldas.cit&noUDP&sock=startd_4079_6ee6>
...
004 (113604265.000.000) 2023-04-14 19:31:34 Job was evicted.
	(0) CPU times
		Usr 3 15:50:37, Sys 0 00:04:28  -  Run Remote Usage
		Usr 0 00:00:00, Sys 0 00:00:00  -  Run Local Usage
	0  -  Run Bytes Sent By Job
	366  -  Run Bytes Received By Job
	Partitionable Resources :    Usage  Request Allocated 
	   Cpus                 :     0.99        1         1 
	   Disk (KB)            :  2816      500000    624256 
	   GPUs                 :                           0 
	   Memory (MB)          :  2442       20000     20096 
...
040 (113604265.000.000) 2023-04-14 19:33:27 Entered queue to transfer input files
	Transferring to host: <10.14.9.162:9618?addrs=10.14.9.162-9618&alias=node2162.cluster.ldas.cit&noUDP&sock=slot1_4_997533_fd4d_11572>
...
040 (113604265.000.000) 2023-04-14 19:33:32 Started transferring input files
	Seconds spent in queue: 5
...
040 (113604265.000.000) 2023-04-14 19:33:32 Finished transferring input files
...
001 (113604265.000.000) 2023-04-14 19:33:33 Job executing on host: <10.14.9.162:9618?addrs=10.14.9.162-9618&alias=node2162.cluster.ldas.cit&noUDP&sock=startd_997492_1f66>
...
040 (113604265.000.000) 2023-04-15 04:09:31 Started transferring output files
	Seconds spent in queue: 30964
...
040 (113604265.000.000) 2023-04-15 04:09:31 Finished transferring output files
...
005 (113604265.000.000) 2023-04-15 04:09:31 Job terminated.
	(1) Normal termination (return value 0)
		Usr 1 21:11:14, Sys 0 00:00:01  -  Run Remote Usage
		Usr 0 00:00:00, Sys 0 00:00:00  -  Run Local Usage
		Usr 34 01:47:02, Sys 0 00:50:42  -  Total Remote Usage
		Usr 0 00:00:00, Sys 0 00:00:00  -  Total Local Usage
	2824415  -  Run Bytes Sent By Job
	366  -  Run Bytes Received By Job
	2824415  -  Total Bytes Sent By Job
	3294  -  Total Bytes Received By Job
	Partitionable Resources :    Usage  Request Allocated 
	   Cpus                 :     1.99        1         1 
	   Disk (KB)            :  2782      500000    609620 
	   GPUs                 :                           0 
	   Memory (MB)          :  2442       20000     20096 

	Job terminated of its own accord at 2023-04-15T11:09:31Z with exit-code 0.
...
