000 (113449470.000.000) 2023-03-29 17:01:29 Job submitted from host: <10.14.0.160:9618?addrs=10.14.0.160-9618&alias=ldas-pcdev2.ligo.caltech.edu&noUDP&sock=schedd_7450_a8a7>
    DAG Node: 350
...
022 (113449470.000.000) 2023-03-29 17:12:12 Job disconnected, attempting to reconnect
    Socket between submit and execute hosts closed unexpectedly
    Trying to reconnect to slot1_5@node2199.cluster.ldas.cit <10.14.9.199:9618?addrs=10.14.9.199-9618&alias=node2199.cluster.ldas.cit&noUDP&sock=startd_3766_bdc1>
...
024 (113449470.000.000) 2023-03-29 17:12:21 Job reconnection failed
    Job not found at execution machine
    Can not reconnect to slot1_5@node2199.cluster.ldas.cit, rescheduling job
...
040 (113449470.000.000) 2023-03-29 17:13:44 Started transferring input files
	Transferring to host: <10.14.4.38:9618?addrs=10.14.4.38-9618&alias=node788.cluster.ldas.cit&noUDP&sock=slot1_3_2206656_867e_14174>
...
040 (113449470.000.000) 2023-03-29 17:13:44 Finished transferring input files
...
001 (113449470.000.000) 2023-03-29 17:13:45 Job executing on host: <10.14.4.38:9618?addrs=10.14.4.38-9618&alias=node788.cluster.ldas.cit&noUDP&sock=startd_250850_d04c>
...
006 (113449470.000.000) 2023-03-29 17:13:54 Image size of job updated: 111840
	100  -  MemoryUsage of job (MB)
	101948  -  ResidentSetSize of job (KB)
...
006 (113449470.000.000) 2023-03-29 17:18:55 Image size of job updated: 4261452
	140  -  MemoryUsage of job (MB)
	142568  -  ResidentSetSize of job (KB)
...
006 (113449470.000.000) 2023-03-29 17:23:56 Image size of job updated: 4261452
	308  -  MemoryUsage of job (MB)
	314576  -  ResidentSetSize of job (KB)
...
006 (113449470.000.000) 2023-03-29 17:28:56 Image size of job updated: 4261452
	313  -  MemoryUsage of job (MB)
	319980  -  ResidentSetSize of job (KB)
...
006 (113449470.000.000) 2023-03-29 17:33:57 Image size of job updated: 4336032
	431  -  MemoryUsage of job (MB)
	440996  -  ResidentSetSize of job (KB)
...
006 (113449470.000.000) 2023-03-29 17:38:58 Image size of job updated: 4338624
	433  -  MemoryUsage of job (MB)
	443160  -  ResidentSetSize of job (KB)
...
006 (113449470.000.000) 2023-03-29 17:43:58 Image size of job updated: 4351948
	448  -  MemoryUsage of job (MB)
	457744  -  ResidentSetSize of job (KB)
...
006 (113449470.000.000) 2023-03-29 17:48:59 Image size of job updated: 4353820
	449  -  MemoryUsage of job (MB)
	459624  -  ResidentSetSize of job (KB)
...
006 (113449470.000.000) 2023-03-29 17:54:00 Image size of job updated: 4372036
	467  -  MemoryUsage of job (MB)
	478068  -  ResidentSetSize of job (KB)
...
006 (113449470.000.000) 2023-03-29 17:59:00 Image size of job updated: 4373500
	501  -  MemoryUsage of job (MB)
	512580  -  ResidentSetSize of job (KB)
...
006 (113449470.000.000) 2023-03-29 18:04:01 Image size of job updated: 4374268
	507  -  MemoryUsage of job (MB)
	519068  -  ResidentSetSize of job (KB)
...
006 (113449470.000.000) 2023-03-29 18:09:02 Image size of job updated: 4374484
	703  -  MemoryUsage of job (MB)
	719232  -  ResidentSetSize of job (KB)
...
006 (113449470.000.000) 2023-03-29 18:14:02 Image size of job updated: 4374764
	799  -  MemoryUsage of job (MB)
	818132  -  ResidentSetSize of job (KB)
...
006 (113449470.000.000) 2023-03-29 18:19:03 Image size of job updated: 4376352
	801  -  MemoryUsage of job (MB)
	819772  -  ResidentSetSize of job (KB)
...
006 (113449470.000.000) 2023-03-29 18:24:04 Image size of job updated: 4381704
	804  -  MemoryUsage of job (MB)
	823204  -  ResidentSetSize of job (KB)
...
006 (113449470.000.000) 2023-03-29 18:39:06 Image size of job updated: 4406228
	827  -  MemoryUsage of job (MB)
	846584  -  ResidentSetSize of job (KB)
...
006 (113449470.000.000) 2023-03-29 18:44:06 Image size of job updated: 4406228
	829  -  MemoryUsage of job (MB)
	848112  -  ResidentSetSize of job (KB)
...
006 (113449470.000.000) 2023-03-29 18:49:08 Image size of job updated: 4415532
	839  -  MemoryUsage of job (MB)
	858908  -  ResidentSetSize of job (KB)
...
006 (113449470.000.000) 2023-03-29 18:54:08 Image size of job updated: 4416164
	840  -  MemoryUsage of job (MB)
	859920  -  ResidentSetSize of job (KB)
...
006 (113449470.000.000) 2023-03-29 18:59:08 Image size of job updated: 4433428
	856  -  MemoryUsage of job (MB)
	875652  -  ResidentSetSize of job (KB)
...
006 (113449470.000.000) 2023-03-29 19:04:09 Image size of job updated: 4433428
	856  -  MemoryUsage of job (MB)
	876060  -  ResidentSetSize of job (KB)
...
006 (113449470.000.000) 2023-03-29 19:09:09 Image size of job updated: 4441732
	864  -  MemoryUsage of job (MB)
	884708  -  ResidentSetSize of job (KB)
...
006 (113449470.000.000) 2023-03-29 19:14:09 Image size of job updated: 4441920
	864  -  MemoryUsage of job (MB)
	884708  -  ResidentSetSize of job (KB)
...
006 (113449470.000.000) 2023-03-29 19:19:10 Image size of job updated: 4445712
	868  -  MemoryUsage of job (MB)
	888800  -  ResidentSetSize of job (KB)
...
006 (113449470.000.000) 2023-03-29 19:24:10 Image size of job updated: 4448312
	871  -  MemoryUsage of job (MB)
	891452  -  ResidentSetSize of job (KB)
...
006 (113449470.000.000) 2023-03-29 19:29:10 Image size of job updated: 4456448
	879  -  MemoryUsage of job (MB)
	899748  -  ResidentSetSize of job (KB)
...
006 (113449470.000.000) 2023-03-29 19:34:11 Image size of job updated: 4459292
	879  -  MemoryUsage of job (MB)
	899748  -  ResidentSetSize of job (KB)
...
006 (113449470.000.000) 2023-03-29 19:39:11 Image size of job updated: 4459620
	880  -  MemoryUsage of job (MB)
	900896  -  ResidentSetSize of job (KB)
...
006 (113449470.000.000) 2023-03-29 19:44:11 Image size of job updated: 4464132
	884  -  MemoryUsage of job (MB)
	904416  -  ResidentSetSize of job (KB)
...
006 (113449470.000.000) 2023-03-29 19:49:12 Image size of job updated: 4468456
	905  -  MemoryUsage of job (MB)
	926144  -  ResidentSetSize of job (KB)
...
006 (113449470.000.000) 2023-03-29 19:54:12 Image size of job updated: 4472132
	912  -  MemoryUsage of job (MB)
	933724  -  ResidentSetSize of job (KB)
...
006 (113449470.000.000) 2023-03-29 19:59:12 Image size of job updated: 4473984
	913  -  MemoryUsage of job (MB)
	934220  -  ResidentSetSize of job (KB)
...
006 (113449470.000.000) 2023-03-29 20:04:13 Image size of job updated: 4485752
	921  -  MemoryUsage of job (MB)
	942380  -  ResidentSetSize of job (KB)
...
006 (113449470.000.000) 2023-03-29 20:09:13 Image size of job updated: 4486148
	921  -  MemoryUsage of job (MB)
	942380  -  ResidentSetSize of job (KB)
...
006 (113449470.000.000) 2023-03-29 20:24:15 Image size of job updated: 4491036
	931  -  MemoryUsage of job (MB)
	953040  -  ResidentSetSize of job (KB)
...
006 (113449470.000.000) 2023-03-29 20:29:16 Image size of job updated: 4519504
	972  -  MemoryUsage of job (MB)
	995100  -  ResidentSetSize of job (KB)
...
006 (113449470.000.000) 2023-03-29 20:34:17 Image size of job updated: 4522384
	972  -  MemoryUsage of job (MB)
	995100  -  ResidentSetSize of job (KB)
...
006 (113449470.000.000) 2023-03-29 20:59:20 Image size of job updated: 4522384
	1005  -  MemoryUsage of job (MB)
	1028252  -  ResidentSetSize of job (KB)
...
006 (113449470.000.000) 2023-03-29 21:04:21 Image size of job updated: 4522756
	1007  -  MemoryUsage of job (MB)
	1030212  -  ResidentSetSize of job (KB)
...
006 (113449470.000.000) 2023-03-29 21:24:23 Image size of job updated: 4524132
	1010  -  MemoryUsage of job (MB)
	1033528  -  ResidentSetSize of job (KB)
...
006 (113449470.000.000) 2023-03-29 21:29:25 Image size of job updated: 4527960
	1021  -  MemoryUsage of job (MB)
	1045264  -  ResidentSetSize of job (KB)
...
006 (113449470.000.000) 2023-03-29 21:34:25 Image size of job updated: 4527960
	1041  -  MemoryUsage of job (MB)
	1065580  -  ResidentSetSize of job (KB)
...
006 (113449470.000.000) 2023-03-29 21:39:25 Image size of job updated: 4527960
	1046  -  MemoryUsage of job (MB)
	1070240  -  ResidentSetSize of job (KB)
...
006 (113449470.000.000) 2023-03-29 21:44:27 Image size of job updated: 4528948
	1046  -  MemoryUsage of job (MB)
	1070240  -  ResidentSetSize of job (KB)
...
006 (113449470.000.000) 2023-03-29 21:54:27 Image size of job updated: 4534100
	1046  -  MemoryUsage of job (MB)
	1070240  -  ResidentSetSize of job (KB)
...
006 (113449470.000.000) 2023-03-29 22:09:28 Image size of job updated: 4537648
	1061  -  MemoryUsage of job (MB)
	1085664  -  ResidentSetSize of job (KB)
...
006 (113449470.000.000) 2023-03-29 22:14:29 Image size of job updated: 4540788
	1066  -  MemoryUsage of job (MB)
	1090760  -  ResidentSetSize of job (KB)
...
006 (113449470.000.000) 2023-03-29 22:19:29 Image size of job updated: 4545984
	1066  -  MemoryUsage of job (MB)
	1090760  -  ResidentSetSize of job (KB)
...
006 (113449470.000.000) 2023-03-29 22:29:30 Image size of job updated: 4546268
	1069  -  MemoryUsage of job (MB)
	1094640  -  ResidentSetSize of job (KB)
...
006 (113449470.000.000) 2023-03-29 22:34:30 Image size of job updated: 4549520
	1076  -  MemoryUsage of job (MB)
	1100960  -  ResidentSetSize of job (KB)
...
006 (113449470.000.000) 2023-03-29 22:44:31 Image size of job updated: 4561196
	1089  -  MemoryUsage of job (MB)
	1114232  -  ResidentSetSize of job (KB)
...
006 (113449470.000.000) 2023-03-29 22:49:31 Image size of job updated: 4564468
	1089  -  MemoryUsage of job (MB)
	1114468  -  ResidentSetSize of job (KB)
...
006 (113449470.000.000) 2023-03-29 22:54:31 Image size of job updated: 4564468
	1090  -  MemoryUsage of job (MB)
	1115344  -  ResidentSetSize of job (KB)
...
006 (113449470.000.000) 2023-03-29 22:59:32 Image size of job updated: 4568716
	1090  -  MemoryUsage of job (MB)
	1115344  -  ResidentSetSize of job (KB)
...
006 (113449470.000.000) 2023-03-29 23:04:32 Image size of job updated: 4568716
	1091  -  MemoryUsage of job (MB)
	1116416  -  ResidentSetSize of job (KB)
...
006 (113449470.000.000) 2023-03-29 23:09:32 Image size of job updated: 4568716
	1093  -  MemoryUsage of job (MB)
	1118452  -  ResidentSetSize of job (KB)
...
006 (113449470.000.000) 2023-03-29 23:14:33 Image size of job updated: 4575116
	1093  -  MemoryUsage of job (MB)
	1118452  -  ResidentSetSize of job (KB)
...
006 (113449470.000.000) 2023-03-29 23:19:33 Image size of job updated: 4575116
	1098  -  MemoryUsage of job (MB)
	1124056  -  ResidentSetSize of job (KB)
...
006 (113449470.000.000) 2023-03-29 23:24:33 Image size of job updated: 4575116
	1101  -  MemoryUsage of job (MB)
	1126592  -  ResidentSetSize of job (KB)
...
006 (113449470.000.000) 2023-03-29 23:34:34 Image size of job updated: 4578240
	1110  -  MemoryUsage of job (MB)
	1135904  -  ResidentSetSize of job (KB)
...
006 (113449470.000.000) 2023-03-29 23:39:35 Image size of job updated: 4582328
	1117  -  MemoryUsage of job (MB)
	1143664  -  ResidentSetSize of job (KB)
...
006 (113449470.000.000) 2023-03-29 23:44:36 Image size of job updated: 4583352
	1117  -  MemoryUsage of job (MB)
	1143664  -  ResidentSetSize of job (KB)
...
006 (113449470.000.000) 2023-03-29 23:49:36 Image size of job updated: 4583436
	1117  -  MemoryUsage of job (MB)
	1143664  -  ResidentSetSize of job (KB)
...
006 (113449470.000.000) 2023-03-29 23:54:37 Image size of job updated: 4588240
	1118  -  MemoryUsage of job (MB)
	1144788  -  ResidentSetSize of job (KB)
...
006 (113449470.000.000) 2023-03-29 23:59:38 Image size of job updated: 4590012
	1118  -  MemoryUsage of job (MB)
	1144788  -  ResidentSetSize of job (KB)
...
006 (113449470.000.000) 2023-03-30 00:14:40 Image size of job updated: 4597024
	1125  -  MemoryUsage of job (MB)
	1151436  -  ResidentSetSize of job (KB)
...
006 (113449470.000.000) 2023-03-30 00:19:40 Image size of job updated: 4599296
	1125  -  MemoryUsage of job (MB)
	1151776  -  ResidentSetSize of job (KB)
...
006 (113449470.000.000) 2023-03-30 00:24:41 Image size of job updated: 4599296
	1128  -  MemoryUsage of job (MB)
	1154440  -  ResidentSetSize of job (KB)
...
006 (113449470.000.000) 2023-03-30 00:29:42 Image size of job updated: 4600288
	1132  -  MemoryUsage of job (MB)
	1158236  -  ResidentSetSize of job (KB)
...
006 (113449470.000.000) 2023-03-30 00:34:42 Image size of job updated: 4625496
	1132  -  MemoryUsage of job (MB)
	1158236  -  ResidentSetSize of job (KB)
...
006 (113449470.000.000) 2023-03-30 00:59:46 Image size of job updated: 4643104
	1132  -  MemoryUsage of job (MB)
	1158236  -  ResidentSetSize of job (KB)
...
006 (113449470.000.000) 2023-03-30 01:14:48 Image size of job updated: 4643104
	1133  -  MemoryUsage of job (MB)
	1159432  -  ResidentSetSize of job (KB)
...
006 (113449470.000.000) 2023-03-30 01:19:48 Image size of job updated: 4643104
	1201  -  MemoryUsage of job (MB)
	1229016  -  ResidentSetSize of job (KB)
...
006 (113449470.000.000) 2023-03-30 01:54:52 Image size of job updated: 4710364
	1201  -  MemoryUsage of job (MB)
	1229016  -  ResidentSetSize of job (KB)
...
006 (113449470.000.000) 2023-03-30 03:14:59 Image size of job updated: 4717288
	1201  -  MemoryUsage of job (MB)
	1229016  -  ResidentSetSize of job (KB)
...
006 (113449470.000.000) 2023-03-30 03:55:03 Image size of job updated: 4730600
	1201  -  MemoryUsage of job (MB)
	1229016  -  ResidentSetSize of job (KB)
...
006 (113449470.000.000) 2023-03-30 04:10:04 Image size of job updated: 4747784
	1201  -  MemoryUsage of job (MB)
	1229016  -  ResidentSetSize of job (KB)
...
006 (113449470.000.000) 2023-03-30 05:00:07 Image size of job updated: 4747784
	1209  -  MemoryUsage of job (MB)
	1237964  -  ResidentSetSize of job (KB)
...
006 (113449470.000.000) 2023-03-30 05:05:07 Image size of job updated: 4772432
	1210  -  MemoryUsage of job (MB)
	1238132  -  ResidentSetSize of job (KB)
...
006 (113449470.000.000) 2023-03-30 05:35:09 Image size of job updated: 4772432
	1212  -  MemoryUsage of job (MB)
	1240348  -  ResidentSetSize of job (KB)
...
006 (113449470.000.000) 2023-03-30 05:40:10 Image size of job updated: 4772432
	1217  -  MemoryUsage of job (MB)
	1245684  -  ResidentSetSize of job (KB)
...
006 (113449470.000.000) 2023-03-30 05:45:10 Image size of job updated: 4772432
	1218  -  MemoryUsage of job (MB)
	1246444  -  ResidentSetSize of job (KB)
...
006 (113449470.000.000) 2023-03-30 05:50:10 Image size of job updated: 4781852
	1218  -  MemoryUsage of job (MB)
	1247232  -  ResidentSetSize of job (KB)
...
006 (113449470.000.000) 2023-03-30 06:20:12 Image size of job updated: 4781852
	1222  -  MemoryUsage of job (MB)
	1250620  -  ResidentSetSize of job (KB)
...
006 (113449470.000.000) 2023-03-30 06:30:13 Image size of job updated: 4801708
	1232  -  MemoryUsage of job (MB)
	1260936  -  ResidentSetSize of job (KB)
...
006 (113449470.000.000) 2023-03-30 06:40:14 Image size of job updated: 4801708
	1336  -  MemoryUsage of job (MB)
	1367512  -  ResidentSetSize of job (KB)
...
006 (113449470.000.000) 2023-03-30 06:45:14 Image size of job updated: 4810268
	1336  -  MemoryUsage of job (MB)
	1367512  -  ResidentSetSize of job (KB)
...
006 (113449470.000.000) 2023-03-30 07:50:18 Image size of job updated: 4830960
	1336  -  MemoryUsage of job (MB)
	1367512  -  ResidentSetSize of job (KB)
...
006 (113449470.000.000) 2023-03-30 08:30:21 Image size of job updated: 4856920
	1336  -  MemoryUsage of job (MB)
	1367512  -  ResidentSetSize of job (KB)
...
006 (113449470.000.000) 2023-03-30 08:55:23 Image size of job updated: 4880748
	1336  -  MemoryUsage of job (MB)
	1367512  -  ResidentSetSize of job (KB)
...
006 (113449470.000.000) 2023-03-30 09:00:24 Image size of job updated: 4880748
	1413  -  MemoryUsage of job (MB)
	1446140  -  ResidentSetSize of job (KB)
...
006 (113449470.000.000) 2023-03-30 09:04:04 Image size of job updated: 11438600
	1413  -  MemoryUsage of job (MB)
	1446140  -  ResidentSetSize of job (KB)
...
040 (113449470.000.000) 2023-03-30 09:04:04 Started transferring output files
...
040 (113449470.000.000) 2023-03-30 09:04:04 Finished transferring output files
...
005 (113449470.000.000) 2023-03-30 09:04:04 Job terminated.
	(1) Normal termination (return value 0)
		Usr 1 09:28:38, Sys 0 00:04:25  -  Run Remote Usage
		Usr 0 00:00:00, Sys 0 00:00:00  -  Run Local Usage
		Usr 1 09:28:38, Sys 0 00:04:25  -  Total Remote Usage
		Usr 0 00:00:00, Sys 0 00:00:00  -  Total Local Usage
	1380066  -  Run Bytes Sent By Job
	381  -  Run Bytes Received By Job
	1380066  -  Total Bytes Sent By Job
	381  -  Total Bytes Received By Job
	Partitionable Resources :    Usage  Request Allocated 
	   Cpus                 :     0.24        1         1 
	   Disk (KB)            :  1370      500000    624256 
	   GPUs                 :                           0 
	   Memory (MB)          :  1413       20000     20096 

	Job terminated of its own accord at 2023-03-30T16:04:04Z with exit-code 0.
...
000 (113484525.000.000) 2023-04-01 14:22:49 Job submitted from host: <10.14.0.160:9618?addrs=10.14.0.160-9618&alias=ldas-pcdev2.ligo.caltech.edu&noUDP&sock=schedd_7450_a8a7>
    DAG Node: 350
...
040 (113484525.000.000) 2023-04-01 14:24:44 Started transferring input files
	Transferring to host: <10.14.10.88:9618?addrs=10.14.10.88-9618&alias=node2338.cluster.ldas.cit&noUDP&sock=slot1_6_1339719_fb68_30019>
...
040 (113484525.000.000) 2023-04-01 14:24:44 Finished transferring input files
...
001 (113484525.000.000) 2023-04-01 14:24:45 Job executing on host: <10.14.10.88:9618?addrs=10.14.10.88-9618&alias=node2338.cluster.ldas.cit&noUDP&sock=startd_4084_dcdf>
...
006 (113484525.000.000) 2023-04-01 14:24:54 Image size of job updated: 513332
	100  -  MemoryUsage of job (MB)
	102064  -  ResidentSetSize of job (KB)
...
040 (113484525.000.000) 2023-04-01 14:24:59 Started transferring output files
...
040 (113484525.000.000) 2023-04-01 14:24:59 Finished transferring output files
...
005 (113484525.000.000) 2023-04-01 14:24:59 Job terminated.
	(1) Normal termination (return value 0)
		Usr 0 00:00:09, Sys 0 00:00:00  -  Run Remote Usage
		Usr 0 00:00:00, Sys 0 00:00:00  -  Run Local Usage
		Usr 0 00:00:09, Sys 0 00:00:00  -  Total Remote Usage
		Usr 0 00:00:00, Sys 0 00:00:00  -  Total Local Usage
	6423  -  Run Bytes Sent By Job
	381  -  Run Bytes Received By Job
	6423  -  Total Bytes Sent By Job
	381  -  Total Bytes Received By Job
	Partitionable Resources :    Usage  Request Allocated 
	   Cpus                 :                 1         1 
	   Disk (KB)            :       21   500000    624256 
	   GPUs                 :                           0 
	   Memory (MB)          :      100    20000     20096 

	Job terminated of its own accord at 2023-04-01T21:24:59Z with exit-code 0.
...
