000 (113449414.000.000) 2023-03-29 17:01:28 Job submitted from host: <10.14.0.160:9618?addrs=10.14.0.160-9618&alias=ldas-pcdev2.ligo.caltech.edu&noUDP&sock=schedd_7450_a8a7>
    DAG Node: 345
...
040 (113449414.000.000) 2023-03-29 17:10:46 Started transferring input files
	Transferring to host: <10.14.10.101:9618?addrs=10.14.10.101-9618&alias=node2351.cluster.ldas.cit&noUDP&sock=slot1_28_2428847_2f69_252>
...
040 (113449414.000.000) 2023-03-29 17:10:46 Finished transferring input files
...
001 (113449414.000.000) 2023-03-29 17:10:47 Job executing on host: <10.14.10.101:9618?addrs=10.14.10.101-9618&alias=node2351.cluster.ldas.cit&noUDP&sock=startd_2428805_ca05>
...
006 (113449414.000.000) 2023-03-29 17:10:55 Image size of job updated: 214712
	190  -  MemoryUsage of job (MB)
	194404  -  ResidentSetSize of job (KB)
...
006 (113449414.000.000) 2023-03-29 17:15:55 Image size of job updated: 5218892
	319  -  MemoryUsage of job (MB)
	326088  -  ResidentSetSize of job (KB)
...
006 (113449414.000.000) 2023-03-29 17:20:56 Image size of job updated: 5218892
	320  -  MemoryUsage of job (MB)
	327412  -  ResidentSetSize of job (KB)
...
006 (113449414.000.000) 2023-03-29 17:25:57 Image size of job updated: 5218892
	499  -  MemoryUsage of job (MB)
	510352  -  ResidentSetSize of job (KB)
...
006 (113449414.000.000) 2023-03-29 17:30:57 Image size of job updated: 5218892
	504  -  MemoryUsage of job (MB)
	515696  -  ResidentSetSize of job (KB)
...
006 (113449414.000.000) 2023-03-29 17:35:58 Image size of job updated: 5218892
	594  -  MemoryUsage of job (MB)
	608228  -  ResidentSetSize of job (KB)
...
006 (113449414.000.000) 2023-03-29 17:40:59 Image size of job updated: 5218892
	600  -  MemoryUsage of job (MB)
	614148  -  ResidentSetSize of job (KB)
...
006 (113449414.000.000) 2023-03-29 17:45:59 Image size of job updated: 5218892
	639  -  MemoryUsage of job (MB)
	653836  -  ResidentSetSize of job (KB)
...
006 (113449414.000.000) 2023-03-29 17:50:59 Image size of job updated: 5218892
	789  -  MemoryUsage of job (MB)
	807712  -  ResidentSetSize of job (KB)
...
006 (113449414.000.000) 2023-03-29 17:56:00 Image size of job updated: 5218892
	864  -  MemoryUsage of job (MB)
	883872  -  ResidentSetSize of job (KB)
...
006 (113449414.000.000) 2023-03-29 18:01:00 Image size of job updated: 5218892
	868  -  MemoryUsage of job (MB)
	888472  -  ResidentSetSize of job (KB)
...
006 (113449414.000.000) 2023-03-29 18:06:00 Image size of job updated: 5218892
	870  -  MemoryUsage of job (MB)
	890588  -  ResidentSetSize of job (KB)
...
006 (113449414.000.000) 2023-03-29 18:11:01 Image size of job updated: 5218892
	871  -  MemoryUsage of job (MB)
	891820  -  ResidentSetSize of job (KB)
...
006 (113449414.000.000) 2023-03-29 18:16:02 Image size of job updated: 5218892
	874  -  MemoryUsage of job (MB)
	894220  -  ResidentSetSize of job (KB)
...
006 (113449414.000.000) 2023-03-29 18:21:02 Image size of job updated: 5218892
	874  -  MemoryUsage of job (MB)
	894720  -  ResidentSetSize of job (KB)
...
006 (113449414.000.000) 2023-03-29 18:31:04 Image size of job updated: 5218892
	878  -  MemoryUsage of job (MB)
	898460  -  ResidentSetSize of job (KB)
...
006 (113449414.000.000) 2023-03-29 18:36:04 Image size of job updated: 5218892
	879  -  MemoryUsage of job (MB)
	899076  -  ResidentSetSize of job (KB)
...
006 (113449414.000.000) 2023-03-29 18:41:04 Image size of job updated: 5218892
	883  -  MemoryUsage of job (MB)
	903944  -  ResidentSetSize of job (KB)
...
006 (113449414.000.000) 2023-03-29 18:46:05 Image size of job updated: 5218892
	883  -  MemoryUsage of job (MB)
	904136  -  ResidentSetSize of job (KB)
...
006 (113449414.000.000) 2023-03-29 18:51:05 Image size of job updated: 5218892
	885  -  MemoryUsage of job (MB)
	905824  -  ResidentSetSize of job (KB)
...
006 (113449414.000.000) 2023-03-29 18:56:05 Image size of job updated: 5218892
	889  -  MemoryUsage of job (MB)
	909768  -  ResidentSetSize of job (KB)
...
006 (113449414.000.000) 2023-03-29 19:01:06 Image size of job updated: 5218892
	908  -  MemoryUsage of job (MB)
	929340  -  ResidentSetSize of job (KB)
...
006 (113449414.000.000) 2023-03-29 19:06:07 Image size of job updated: 5218892
	909  -  MemoryUsage of job (MB)
	930460  -  ResidentSetSize of job (KB)
...
006 (113449414.000.000) 2023-03-29 19:11:07 Image size of job updated: 5218892
	921  -  MemoryUsage of job (MB)
	942944  -  ResidentSetSize of job (KB)
...
006 (113449414.000.000) 2023-03-29 19:16:07 Image size of job updated: 5218892
	943  -  MemoryUsage of job (MB)
	965044  -  ResidentSetSize of job (KB)
...
006 (113449414.000.000) 2023-03-29 19:21:08 Image size of job updated: 5218892
	952  -  MemoryUsage of job (MB)
	974768  -  ResidentSetSize of job (KB)
...
006 (113449414.000.000) 2023-03-29 19:31:08 Image size of job updated: 5218892
	963  -  MemoryUsage of job (MB)
	985384  -  ResidentSetSize of job (KB)
...
006 (113449414.000.000) 2023-03-29 19:36:09 Image size of job updated: 5218892
	984  -  MemoryUsage of job (MB)
	1006848  -  ResidentSetSize of job (KB)
...
006 (113449414.000.000) 2023-03-29 19:41:10 Image size of job updated: 5218892
	1003  -  MemoryUsage of job (MB)
	1026740  -  ResidentSetSize of job (KB)
...
006 (113449414.000.000) 2023-03-29 19:46:10 Image size of job updated: 5239284
	1035  -  MemoryUsage of job (MB)
	1059424  -  ResidentSetSize of job (KB)
...
006 (113449414.000.000) 2023-03-29 19:51:11 Image size of job updated: 5239928
	1056  -  MemoryUsage of job (MB)
	1080740  -  ResidentSetSize of job (KB)
...
006 (113449414.000.000) 2023-03-29 19:56:12 Image size of job updated: 5250092
	1063  -  MemoryUsage of job (MB)
	1088088  -  ResidentSetSize of job (KB)
...
006 (113449414.000.000) 2023-03-29 20:01:12 Image size of job updated: 5250092
	1083  -  MemoryUsage of job (MB)
	1108780  -  ResidentSetSize of job (KB)
...
006 (113449414.000.000) 2023-03-29 20:06:12 Image size of job updated: 5251624
	1084  -  MemoryUsage of job (MB)
	1109004  -  ResidentSetSize of job (KB)
...
006 (113449414.000.000) 2023-03-29 20:11:13 Image size of job updated: 5257256
	1093  -  MemoryUsage of job (MB)
	1118732  -  ResidentSetSize of job (KB)
...
006 (113449414.000.000) 2023-03-29 20:16:14 Image size of job updated: 5259680
	1096  -  MemoryUsage of job (MB)
	1121524  -  ResidentSetSize of job (KB)
...
006 (113449414.000.000) 2023-03-29 20:21:14 Image size of job updated: 5299616
	1132  -  MemoryUsage of job (MB)
	1158996  -  ResidentSetSize of job (KB)
...
006 (113449414.000.000) 2023-03-29 20:26:15 Image size of job updated: 5299616
	1171  -  MemoryUsage of job (MB)
	1199048  -  ResidentSetSize of job (KB)
...
006 (113449414.000.000) 2023-03-29 20:31:16 Image size of job updated: 5300640
	1194  -  MemoryUsage of job (MB)
	1222512  -  ResidentSetSize of job (KB)
...
006 (113449414.000.000) 2023-03-29 20:36:16 Image size of job updated: 5303872
	1197  -  MemoryUsage of job (MB)
	1224980  -  ResidentSetSize of job (KB)
...
006 (113449414.000.000) 2023-03-29 20:41:16 Image size of job updated: 5310272
	1198  -  MemoryUsage of job (MB)
	1226436  -  ResidentSetSize of job (KB)
...
006 (113449414.000.000) 2023-03-29 20:46:17 Image size of job updated: 5313196
	1208  -  MemoryUsage of job (MB)
	1236672  -  ResidentSetSize of job (KB)
...
006 (113449414.000.000) 2023-03-29 20:51:17 Image size of job updated: 5326508
	1208  -  MemoryUsage of job (MB)
	1236672  -  ResidentSetSize of job (KB)
...
006 (113449414.000.000) 2023-03-29 20:56:17 Image size of job updated: 5326508
	1223  -  MemoryUsage of job (MB)
	1252212  -  ResidentSetSize of job (KB)
...
006 (113449414.000.000) 2023-03-29 21:01:18 Image size of job updated: 5342036
	1227  -  MemoryUsage of job (MB)
	1255992  -  ResidentSetSize of job (KB)
...
006 (113449414.000.000) 2023-03-29 21:06:19 Image size of job updated: 5342036
	1234  -  MemoryUsage of job (MB)
	1263008  -  ResidentSetSize of job (KB)
...
006 (113449414.000.000) 2023-03-29 21:11:19 Image size of job updated: 5342036
	1234  -  MemoryUsage of job (MB)
	1263232  -  ResidentSetSize of job (KB)
...
006 (113449414.000.000) 2023-03-29 21:16:20 Image size of job updated: 5347292
	1237  -  MemoryUsage of job (MB)
	1266552  -  ResidentSetSize of job (KB)
...
006 (113449414.000.000) 2023-03-29 21:21:21 Image size of job updated: 5348976
	1237  -  MemoryUsage of job (MB)
	1266592  -  ResidentSetSize of job (KB)
...
006 (113449414.000.000) 2023-03-29 21:26:21 Image size of job updated: 5348976
	1238  -  MemoryUsage of job (MB)
	1267548  -  ResidentSetSize of job (KB)
...
006 (113449414.000.000) 2023-03-29 21:31:21 Image size of job updated: 5348976
	1241  -  MemoryUsage of job (MB)
	1270244  -  ResidentSetSize of job (KB)
...
006 (113449414.000.000) 2023-03-29 21:41:23 Image size of job updated: 5351024
	1243  -  MemoryUsage of job (MB)
	1272692  -  ResidentSetSize of job (KB)
...
006 (113449414.000.000) 2023-03-29 21:46:23 Image size of job updated: 5362812
	1250  -  MemoryUsage of job (MB)
	1279988  -  ResidentSetSize of job (KB)
...
006 (113449414.000.000) 2023-03-29 21:51:23 Image size of job updated: 5372028
	1251  -  MemoryUsage of job (MB)
	1280896  -  ResidentSetSize of job (KB)
...
006 (113449414.000.000) 2023-03-29 21:56:24 Image size of job updated: 5372028
	1252  -  MemoryUsage of job (MB)
	1281772  -  ResidentSetSize of job (KB)
...
006 (113449414.000.000) 2023-03-29 22:01:24 Image size of job updated: 5383032
	1259  -  MemoryUsage of job (MB)
	1289036  -  ResidentSetSize of job (KB)
...
006 (113449414.000.000) 2023-03-29 22:11:25 Image size of job updated: 5383032
	1261  -  MemoryUsage of job (MB)
	1290716  -  ResidentSetSize of job (KB)
...
006 (113449414.000.000) 2023-03-29 22:16:26 Image size of job updated: 5383032
	1263  -  MemoryUsage of job (MB)
	1293076  -  ResidentSetSize of job (KB)
...
006 (113449414.000.000) 2023-03-29 22:21:26 Image size of job updated: 5383032
	1264  -  MemoryUsage of job (MB)
	1294188  -  ResidentSetSize of job (KB)
...
006 (113449414.000.000) 2023-03-29 22:26:26 Image size of job updated: 5441708
	1327  -  MemoryUsage of job (MB)
	1358136  -  ResidentSetSize of job (KB)
...
006 (113449414.000.000) 2023-03-29 22:31:27 Image size of job updated: 5446372
	1347  -  MemoryUsage of job (MB)
	1378792  -  ResidentSetSize of job (KB)
...
006 (113449414.000.000) 2023-03-29 22:36:28 Image size of job updated: 5480128
	1354  -  MemoryUsage of job (MB)
	1386280  -  ResidentSetSize of job (KB)
...
006 (113449414.000.000) 2023-03-29 22:46:29 Image size of job updated: 5480128
	1363  -  MemoryUsage of job (MB)
	1395452  -  ResidentSetSize of job (KB)
...
006 (113449414.000.000) 2023-03-29 22:51:30 Image size of job updated: 5480128
	1366  -  MemoryUsage of job (MB)
	1397832  -  ResidentSetSize of job (KB)
...
006 (113449414.000.000) 2023-03-29 23:01:30 Image size of job updated: 5480128
	1366  -  MemoryUsage of job (MB)
	1397920  -  ResidentSetSize of job (KB)
...
006 (113449414.000.000) 2023-03-29 23:06:31 Image size of job updated: 5495136
	1373  -  MemoryUsage of job (MB)
	1405060  -  ResidentSetSize of job (KB)
...
006 (113449414.000.000) 2023-03-29 23:11:32 Image size of job updated: 5495136
	1374  -  MemoryUsage of job (MB)
	1406048  -  ResidentSetSize of job (KB)
...
006 (113449414.000.000) 2023-03-29 23:31:34 Image size of job updated: 5498052
	1385  -  MemoryUsage of job (MB)
	1417572  -  ResidentSetSize of job (KB)
...
006 (113449414.000.000) 2023-03-29 23:46:35 Image size of job updated: 5499036
	1385  -  MemoryUsage of job (MB)
	1417572  -  ResidentSetSize of job (KB)
...
006 (113449414.000.000) 2023-03-30 00:01:37 Image size of job updated: 5505912
	1395  -  MemoryUsage of job (MB)
	1427508  -  ResidentSetSize of job (KB)
...
006 (113449414.000.000) 2023-03-30 00:11:38 Image size of job updated: 5511088
	1395  -  MemoryUsage of job (MB)
	1427508  -  ResidentSetSize of job (KB)
...
006 (113449414.000.000) 2023-03-30 00:26:39 Image size of job updated: 5605024
	1395  -  MemoryUsage of job (MB)
	1427508  -  ResidentSetSize of job (KB)
...
006 (113449414.000.000) 2023-03-30 00:41:40 Image size of job updated: 5605024
	1410  -  MemoryUsage of job (MB)
	1443708  -  ResidentSetSize of job (KB)
...
006 (113449414.000.000) 2023-03-30 00:46:41 Image size of job updated: 5605024
	1411  -  MemoryUsage of job (MB)
	1444612  -  ResidentSetSize of job (KB)
...
006 (113449414.000.000) 2023-03-30 00:51:42 Image size of job updated: 5605024
	1432  -  MemoryUsage of job (MB)
	1465388  -  ResidentSetSize of job (KB)
...
006 (113449414.000.000) 2023-03-30 00:56:42 Image size of job updated: 5605024
	1433  -  MemoryUsage of job (MB)
	1467368  -  ResidentSetSize of job (KB)
...
006 (113449414.000.000) 2023-03-30 01:01:42 Image size of job updated: 5632204
	1436  -  MemoryUsage of job (MB)
	1470024  -  ResidentSetSize of job (KB)
...
006 (113449414.000.000) 2023-03-30 01:11:44 Image size of job updated: 5632204
	1454  -  MemoryUsage of job (MB)
	1488512  -  ResidentSetSize of job (KB)
...
006 (113449414.000.000) 2023-03-30 01:31:46 Image size of job updated: 5632204
	1457  -  MemoryUsage of job (MB)
	1491764  -  ResidentSetSize of job (KB)
...
006 (113449414.000.000) 2023-03-30 01:36:47 Image size of job updated: 5632204
	1462  -  MemoryUsage of job (MB)
	1496192  -  ResidentSetSize of job (KB)
...
006 (113449414.000.000) 2023-03-30 01:41:48 Image size of job updated: 5658512
	1462  -  MemoryUsage of job (MB)
	1496192  -  ResidentSetSize of job (KB)
...
006 (113449414.000.000) 2023-03-30 02:01:50 Image size of job updated: 5658512
	1462  -  MemoryUsage of job (MB)
	1496304  -  ResidentSetSize of job (KB)
...
006 (113449414.000.000) 2023-03-30 02:06:50 Image size of job updated: 5662528
	1465  -  MemoryUsage of job (MB)
	1499716  -  ResidentSetSize of job (KB)
...
006 (113449414.000.000) 2023-03-30 02:11:51 Image size of job updated: 5662528
	1466  -  MemoryUsage of job (MB)
	1500340  -  ResidentSetSize of job (KB)
...
006 (113449414.000.000) 2023-03-30 02:16:52 Image size of job updated: 5662528
	1466  -  MemoryUsage of job (MB)
	1500468  -  ResidentSetSize of job (KB)
...
006 (113449414.000.000) 2023-03-30 02:31:54 Image size of job updated: 5679676
	1471  -  MemoryUsage of job (MB)
	1505292  -  ResidentSetSize of job (KB)
...
006 (113449414.000.000) 2023-03-30 02:41:54 Image size of job updated: 5680932
	1474  -  MemoryUsage of job (MB)
	1508572  -  ResidentSetSize of job (KB)
...
006 (113449414.000.000) 2023-03-30 02:46:55 Image size of job updated: 5680932
	1474  -  MemoryUsage of job (MB)
	1508824  -  ResidentSetSize of job (KB)
...
006 (113449414.000.000) 2023-03-30 02:56:55 Image size of job updated: 5680932
	1474  -  MemoryUsage of job (MB)
	1509096  -  ResidentSetSize of job (KB)
...
006 (113449414.000.000) 2023-03-30 03:06:57 Image size of job updated: 5680932
	1477  -  MemoryUsage of job (MB)
	1512416  -  ResidentSetSize of job (KB)
...
006 (113449414.000.000) 2023-03-30 03:11:57 Image size of job updated: 5680932
	1479  -  MemoryUsage of job (MB)
	1514208  -  ResidentSetSize of job (KB)
...
006 (113449414.000.000) 2023-03-30 03:21:59 Image size of job updated: 5690448
	1479  -  MemoryUsage of job (MB)
	1514208  -  ResidentSetSize of job (KB)
...
006 (113449414.000.000) 2023-03-30 03:31:59 Image size of job updated: 5690448
	1485  -  MemoryUsage of job (MB)
	1519724  -  ResidentSetSize of job (KB)
...
006 (113449414.000.000) 2023-03-30 03:42:01 Image size of job updated: 5690448
	1498  -  MemoryUsage of job (MB)
	1533784  -  ResidentSetSize of job (KB)
...
006 (113449414.000.000) 2023-03-30 03:47:01 Image size of job updated: 5690448
	1501  -  MemoryUsage of job (MB)
	1537016  -  ResidentSetSize of job (KB)
...
006 (113449414.000.000) 2023-03-30 03:52:02 Image size of job updated: 5690448
	1503  -  MemoryUsage of job (MB)
	1539064  -  ResidentSetSize of job (KB)
...
006 (113449414.000.000) 2023-03-30 03:57:03 Image size of job updated: 5690448
	1505  -  MemoryUsage of job (MB)
	1540500  -  ResidentSetSize of job (KB)
...
006 (113449414.000.000) 2023-03-30 04:12:04 Image size of job updated: 5690448
	1506  -  MemoryUsage of job (MB)
	1542092  -  ResidentSetSize of job (KB)
...
006 (113449414.000.000) 2023-03-30 04:17:04 Image size of job updated: 5690448
	1507  -  MemoryUsage of job (MB)
	1543092  -  ResidentSetSize of job (KB)
...
006 (113449414.000.000) 2023-03-30 04:22:04 Image size of job updated: 5731948
	1510  -  MemoryUsage of job (MB)
	1545268  -  ResidentSetSize of job (KB)
...
006 (113449414.000.000) 2023-03-30 04:27:05 Image size of job updated: 5731948
	1510  -  MemoryUsage of job (MB)
	1545768  -  ResidentSetSize of job (KB)
...
006 (113449414.000.000) 2023-03-30 04:32:06 Image size of job updated: 5731948
	1512  -  MemoryUsage of job (MB)
	1547920  -  ResidentSetSize of job (KB)
...
006 (113449414.000.000) 2023-03-30 04:37:06 Image size of job updated: 5734428
	1512  -  MemoryUsage of job (MB)
	1547920  -  ResidentSetSize of job (KB)
...
006 (113449414.000.000) 2023-03-30 05:07:09 Image size of job updated: 5734428
	1539  -  MemoryUsage of job (MB)
	1575912  -  ResidentSetSize of job (KB)
...
006 (113449414.000.000) 2023-03-30 05:32:11 Image size of job updated: 5734428
	1540  -  MemoryUsage of job (MB)
	1576328  -  ResidentSetSize of job (KB)
...
006 (113449414.000.000) 2023-03-30 05:37:12 Image size of job updated: 5762612
	1540  -  MemoryUsage of job (MB)
	1576328  -  ResidentSetSize of job (KB)
...
006 (113449414.000.000) 2023-03-30 05:52:13 Image size of job updated: 5762612
	1542  -  MemoryUsage of job (MB)
	1578680  -  ResidentSetSize of job (KB)
...
006 (113449414.000.000) 2023-03-30 06:02:14 Image size of job updated: 5762612
	1543  -  MemoryUsage of job (MB)
	1579104  -  ResidentSetSize of job (KB)
...
006 (113449414.000.000) 2023-03-30 06:12:16 Image size of job updated: 5762612
	1545  -  MemoryUsage of job (MB)
	1581428  -  ResidentSetSize of job (KB)
...
006 (113449414.000.000) 2023-03-30 06:27:17 Image size of job updated: 5762612
	1547  -  MemoryUsage of job (MB)
	1583232  -  ResidentSetSize of job (KB)
...
006 (113449414.000.000) 2023-03-30 06:42:18 Image size of job updated: 5770880
	1550  -  MemoryUsage of job (MB)
	1586364  -  ResidentSetSize of job (KB)
...
006 (113449414.000.000) 2023-03-30 06:52:19 Image size of job updated: 5770880
	1551  -  MemoryUsage of job (MB)
	1587700  -  ResidentSetSize of job (KB)
...
006 (113449414.000.000) 2023-03-30 07:07:21 Image size of job updated: 5770880
	1552  -  MemoryUsage of job (MB)
	1588600  -  ResidentSetSize of job (KB)
...
006 (113449414.000.000) 2023-03-30 07:12:22 Image size of job updated: 5770880
	1552  -  MemoryUsage of job (MB)
	1588604  -  ResidentSetSize of job (KB)
...
006 (113449414.000.000) 2023-03-30 07:17:23 Image size of job updated: 5770880
	1552  -  MemoryUsage of job (MB)
	1589244  -  ResidentSetSize of job (KB)
...
006 (113449414.000.000) 2023-03-30 07:22:23 Image size of job updated: 5770880
	1582  -  MemoryUsage of job (MB)
	1619580  -  ResidentSetSize of job (KB)
...
006 (113449414.000.000) 2023-03-30 07:27:23 Image size of job updated: 5770880
	1583  -  MemoryUsage of job (MB)
	1620812  -  ResidentSetSize of job (KB)
...
006 (113449414.000.000) 2023-03-30 09:12:35 Image size of job updated: 5804912
	1583  -  MemoryUsage of job (MB)
	1620812  -  ResidentSetSize of job (KB)
...
006 (113449414.000.000) 2023-03-30 09:32:37 Image size of job updated: 5807424
	1583  -  MemoryUsage of job (MB)
	1620812  -  ResidentSetSize of job (KB)
...
006 (113449414.000.000) 2023-03-30 09:57:40 Image size of job updated: 5814812
	1583  -  MemoryUsage of job (MB)
	1620812  -  ResidentSetSize of job (KB)
...
006 (113449414.000.000) 2023-03-30 10:12:42 Image size of job updated: 5817596
	1583  -  MemoryUsage of job (MB)
	1620812  -  ResidentSetSize of job (KB)
...
006 (113449414.000.000) 2023-03-30 10:22:42 Image size of job updated: 5817596
	1598  -  MemoryUsage of job (MB)
	1635804  -  ResidentSetSize of job (KB)
...
006 (113449414.000.000) 2023-03-30 10:32:43 Image size of job updated: 5817596
	1598  -  MemoryUsage of job (MB)
	1635972  -  ResidentSetSize of job (KB)
...
006 (113449414.000.000) 2023-03-30 10:37:43 Image size of job updated: 5817596
	1599  -  MemoryUsage of job (MB)
	1637096  -  ResidentSetSize of job (KB)
...
006 (113449414.000.000) 2023-03-30 10:52:45 Image size of job updated: 5853484
	1600  -  MemoryUsage of job (MB)
	1638308  -  ResidentSetSize of job (KB)
...
006 (113449414.000.000) 2023-03-30 10:57:46 Image size of job updated: 5853484
	1602  -  MemoryUsage of job (MB)
	1640356  -  ResidentSetSize of job (KB)
...
006 (113449414.000.000) 2023-03-30 11:17:48 Image size of job updated: 5853484
	1604  -  MemoryUsage of job (MB)
	1641968  -  ResidentSetSize of job (KB)
...
006 (113449414.000.000) 2023-03-30 11:27:48 Image size of job updated: 5860276
	1608  -  MemoryUsage of job (MB)
	1646328  -  ResidentSetSize of job (KB)
...
006 (113449414.000.000) 2023-03-30 11:42:50 Image size of job updated: 5861780
	1609  -  MemoryUsage of job (MB)
	1647372  -  ResidentSetSize of job (KB)
...
006 (113449414.000.000) 2023-03-30 11:52:52 Image size of job updated: 5861780
	1610  -  MemoryUsage of job (MB)
	1648488  -  ResidentSetSize of job (KB)
...
006 (113449414.000.000) 2023-03-30 12:07:54 Image size of job updated: 5865572
	1612  -  MemoryUsage of job (MB)
	1650040  -  ResidentSetSize of job (KB)
...
006 (113449414.000.000) 2023-03-30 12:22:55 Image size of job updated: 5866772
	1614  -  MemoryUsage of job (MB)
	1652408  -  ResidentSetSize of job (KB)
...
006 (113449414.000.000) 2023-03-30 12:32:55 Image size of job updated: 5867276
	1614  -  MemoryUsage of job (MB)
	1652692  -  ResidentSetSize of job (KB)
...
006 (113449414.000.000) 2023-03-30 12:47:57 Image size of job updated: 5868028
	1615  -  MemoryUsage of job (MB)
	1653216  -  ResidentSetSize of job (KB)
...
006 (113449414.000.000) 2023-03-30 13:02:58 Image size of job updated: 5873508
	1622  -  MemoryUsage of job (MB)
	1660128  -  ResidentSetSize of job (KB)
...
006 (113449414.000.000) 2023-03-30 13:23:00 Image size of job updated: 5875756
	1622  -  MemoryUsage of job (MB)
	1660840  -  ResidentSetSize of job (KB)
...
006 (113449414.000.000) 2023-03-30 13:33:02 Image size of job updated: 5877948
	1624  -  MemoryUsage of job (MB)
	1662380  -  ResidentSetSize of job (KB)
...
006 (113449414.000.000) 2023-03-30 13:43:02 Image size of job updated: 5877948
	1626  -  MemoryUsage of job (MB)
	1664428  -  ResidentSetSize of job (KB)
...
006 (113449414.000.000) 2023-03-30 13:53:04 Image size of job updated: 5880204
	1627  -  MemoryUsage of job (MB)
	1665908  -  ResidentSetSize of job (KB)
...
006 (113449414.000.000) 2023-03-30 14:08:06 Image size of job updated: 5880204
	1629  -  MemoryUsage of job (MB)
	1667860  -  ResidentSetSize of job (KB)
...
006 (113449414.000.000) 2023-03-30 14:23:07 Image size of job updated: 5883940
	1631  -  MemoryUsage of job (MB)
	1669780  -  ResidentSetSize of job (KB)
...
006 (113449414.000.000) 2023-03-30 14:33:08 Image size of job updated: 5885940
	1631  -  MemoryUsage of job (MB)
	1669780  -  ResidentSetSize of job (KB)
...
006 (113449414.000.000) 2023-03-30 14:53:10 Image size of job updated: 5885940
	1656  -  MemoryUsage of job (MB)
	1695536  -  ResidentSetSize of job (KB)
...
006 (113449414.000.000) 2023-03-30 14:58:11 Image size of job updated: 5885940
	1658  -  MemoryUsage of job (MB)
	1697024  -  ResidentSetSize of job (KB)
...
006 (113449414.000.000) 2023-03-30 15:08:12 Image size of job updated: 5931816
	1660  -  MemoryUsage of job (MB)
	1699512  -  ResidentSetSize of job (KB)
...
006 (113449414.000.000) 2023-03-30 15:18:14 Image size of job updated: 5931816
	1666  -  MemoryUsage of job (MB)
	1705580  -  ResidentSetSize of job (KB)
...
006 (113449414.000.000) 2023-03-30 15:23:14 Image size of job updated: 5931816
	1670  -  MemoryUsage of job (MB)
	1709632  -  ResidentSetSize of job (KB)
...
006 (113449414.000.000) 2023-03-30 15:38:15 Image size of job updated: 5943440
	1673  -  MemoryUsage of job (MB)
	1712388  -  ResidentSetSize of job (KB)
...
006 (113449414.000.000) 2023-03-30 15:53:17 Image size of job updated: 5945696
	1674  -  MemoryUsage of job (MB)
	1713420  -  ResidentSetSize of job (KB)
...
006 (113449414.000.000) 2023-03-30 16:08:19 Image size of job updated: 5946688
	1674  -  MemoryUsage of job (MB)
	1714012  -  ResidentSetSize of job (KB)
...
006 (113449414.000.000) 2023-03-30 16:23:20 Image size of job updated: 5948704
	1677  -  MemoryUsage of job (MB)
	1717092  -  ResidentSetSize of job (KB)
...
006 (113449414.000.000) 2023-03-30 16:38:21 Image size of job updated: 5950456
	1679  -  MemoryUsage of job (MB)
	1718344  -  ResidentSetSize of job (KB)
...
006 (113449414.000.000) 2023-03-30 16:43:22 Image size of job updated: 5950456
	1681  -  MemoryUsage of job (MB)
	1720648  -  ResidentSetSize of job (KB)
...
006 (113449414.000.000) 2023-03-30 16:53:23 Image size of job updated: 5952968
	1681  -  MemoryUsage of job (MB)
	1720648  -  ResidentSetSize of job (KB)
...
006 (113449414.000.000) 2023-03-30 17:08:24 Image size of job updated: 5952968
	1683  -  MemoryUsage of job (MB)
	1723272  -  ResidentSetSize of job (KB)
...
006 (113449414.000.000) 2023-03-30 17:18:26 Image size of job updated: 5952968
	1685  -  MemoryUsage of job (MB)
	1725320  -  ResidentSetSize of job (KB)
...
006 (113449414.000.000) 2023-03-30 17:21:38 Image size of job updated: 5958464
	1685  -  MemoryUsage of job (MB)
	1725320  -  ResidentSetSize of job (KB)
...
004 (113449414.000.000) 2023-03-30 17:21:38 Job was evicted.
	(0) CPU times
		Usr 3 18:16:33, Sys 0 00:05:32  -  Run Remote Usage
		Usr 0 00:00:00, Sys 0 00:00:00  -  Run Local Usage
	0  -  Run Bytes Sent By Job
	366  -  Run Bytes Received By Job
	Partitionable Resources :    Usage  Request Allocated 
	   Cpus                 :     7.92        1         1 
	   Disk (KB)            :  3819      500000    624256 
	   GPUs                 :                           0 
	   Memory (MB)          :  1685       20000     20096 
...
040 (113449414.000.000) 2023-03-30 17:24:03 Started transferring input files
	Transferring to host: <10.14.9.76:9618?addrs=10.14.9.76-9618&alias=node2076.cluster.ldas.cit&noUDP&sock=slot1_7_3764496_bbf3_3482>
...
040 (113449414.000.000) 2023-03-30 17:24:03 Finished transferring input files
...
001 (113449414.000.000) 2023-03-30 17:24:04 Job executing on host: <10.14.9.76:9618?addrs=10.14.9.76-9618&alias=node2076.cluster.ldas.cit&noUDP&sock=startd_3764457_f764>
...
006 (113449414.000.000) 2023-03-31 11:01:05 Image size of job updated: 7500000
	1717  -  MemoryUsage of job (MB)
	1758028  -  ResidentSetSize of job (KB)
...
006 (113449414.000.000) 2023-03-31 11:36:09 Image size of job updated: 7500000
	1723  -  MemoryUsage of job (MB)
	1764224  -  ResidentSetSize of job (KB)
...
006 (113449414.000.000) 2023-03-31 12:31:14 Image size of job updated: 7500000
	1724  -  MemoryUsage of job (MB)
	1765316  -  ResidentSetSize of job (KB)
...
006 (113449414.000.000) 2023-03-31 14:06:24 Image size of job updated: 7500000
	1738  -  MemoryUsage of job (MB)
	1779272  -  ResidentSetSize of job (KB)
...
006 (113449414.000.000) 2023-03-31 14:41:28 Image size of job updated: 7500000
	1743  -  MemoryUsage of job (MB)
	1783852  -  ResidentSetSize of job (KB)
...
006 (113449414.000.000) 2023-03-31 15:01:30 Image size of job updated: 7500000
	1746  -  MemoryUsage of job (MB)
	1787156  -  ResidentSetSize of job (KB)
...
006 (113449414.000.000) 2023-03-31 15:41:34 Image size of job updated: 7500000
	1750  -  MemoryUsage of job (MB)
	1791508  -  ResidentSetSize of job (KB)
...
006 (113449414.000.000) 2023-03-31 15:56:35 Image size of job updated: 7500000
	1750  -  MemoryUsage of job (MB)
	1791960  -  ResidentSetSize of job (KB)
...
006 (113449414.000.000) 2023-03-31 16:11:36 Image size of job updated: 7500000
	1754  -  MemoryUsage of job (MB)
	1796008  -  ResidentSetSize of job (KB)
...
006 (113449414.000.000) 2023-03-31 16:16:37 Image size of job updated: 7500000
	1756  -  MemoryUsage of job (MB)
	1798056  -  ResidentSetSize of job (KB)
...
006 (113449414.000.000) 2023-03-31 16:26:37 Image size of job updated: 7500000
	1757  -  MemoryUsage of job (MB)
	1798516  -  ResidentSetSize of job (KB)
...
004 (113449414.000.000) 2023-03-31 17:46:26 Job was evicted.
	(0) CPU times
		Usr 3 10:45:17, Sys 0 00:02:50  -  Run Remote Usage
		Usr 0 00:00:00, Sys 0 00:00:00  -  Run Local Usage
	0  -  Run Bytes Sent By Job
	366  -  Run Bytes Received By Job
	Partitionable Resources :    Usage  Request Allocated 
	   Cpus                 :     3.99        1         1 
	   Disk (KB)            :  3159      500000    609620 
	   GPUs                 :                           0 
	   Memory (MB)          :  1757       20000     20096 
...
040 (113449414.000.000) 2023-03-31 17:48:47 Started transferring input files
	Transferring to host: <10.14.10.116:9618?addrs=10.14.10.116-9618&alias=node2366.cluster.ldas.cit&noUDP&sock=slot1_9_2147095_69a8_2949>
...
040 (113449414.000.000) 2023-03-31 17:48:47 Finished transferring input files
...
001 (113449414.000.000) 2023-03-31 17:48:48 Job executing on host: <10.14.10.116:9618?addrs=10.14.10.116-9618&alias=node2366.cluster.ldas.cit&noUDP&sock=startd_2147053_5a2e>
...
006 (113449414.000.000) 2023-04-01 15:21:12 Image size of job updated: 7500000
	2142  -  MemoryUsage of job (MB)
	2193012  -  ResidentSetSize of job (KB)
...
004 (113449414.000.000) 2023-04-01 19:40:01 Job was evicted.
	(0) CPU times
		Usr 4 08:32:04, Sys 0 00:05:43  -  Run Remote Usage
		Usr 0 00:00:00, Sys 0 00:00:00  -  Run Local Usage
	0  -  Run Bytes Sent By Job
	366  -  Run Bytes Received By Job
	Partitionable Resources :    Usage  Request Allocated 
	   Cpus                 :     7.93        1         1 
	   Disk (KB)            :  3122      500000    624256 
	   GPUs                 :                           0 
	   Memory (MB)          :  2142       20000     20096 
...
040 (113449414.000.000) 2023-04-01 19:57:09 Started transferring input files
	Transferring to host: <10.14.10.53:9618?addrs=10.14.10.53-9618&alias=node2303.cluster.ldas.cit&noUDP&sock=slot1_3_2570129_229b_22287>
...
040 (113449414.000.000) 2023-04-01 19:57:09 Finished transferring input files
...
001 (113449414.000.000) 2023-04-01 19:57:10 Job executing on host: <10.14.10.53:9618?addrs=10.14.10.53-9618&alias=node2303.cluster.ldas.cit&noUDP&sock=startd_202993_e46a>
...
004 (113449414.000.000) 2023-04-02 23:36:20 Job was evicted.
	(0) CPU times
		Usr 5 01:50:55, Sys 0 00:09:20  -  Run Remote Usage
		Usr 0 00:00:00, Sys 0 00:00:00  -  Run Local Usage
	0  -  Run Bytes Sent By Job
	366  -  Run Bytes Received By Job
	Partitionable Resources :    Usage  Request Allocated 
	   Cpus                 :     5.81        1         1 
	   Disk (KB)            :  3052      500000    624256 
	   GPUs                 :                           0 
	   Memory (MB)          :  2198       20000     20096 
...
040 (113449414.000.000) 2023-04-02 23:44:32 Started transferring input files
	Transferring to host: <10.14.4.34:9618?addrs=10.14.4.34-9618&alias=node784.cluster.ldas.cit&noUDP&sock=slot1_6_2870439_b28f_23378>
...
040 (113449414.000.000) 2023-04-02 23:44:32 Finished transferring input files
...
001 (113449414.000.000) 2023-04-02 23:44:33 Job executing on host: <10.14.4.34:9618?addrs=10.14.4.34-9618&alias=node784.cluster.ldas.cit&noUDP&sock=startd_3179_1ba9>
...
004 (113449414.000.000) 2023-04-04 00:08:59 Job was evicted.
	(0) CPU times
		Usr 2 23:37:33, Sys 0 00:05:31  -  Run Remote Usage
		Usr 0 00:00:00, Sys 0 00:00:00  -  Run Local Usage
	0  -  Run Bytes Sent By Job
	366  -  Run Bytes Received By Job
	Partitionable Resources :    Usage  Request Allocated 
	   Cpus                 :     3.11        1         1 
	   Disk (KB)            :  2803      500000    624256 
	   GPUs                 :                           0 
	   Memory (MB)          :  2198       20000     20096 
...
040 (113449414.000.000) 2023-04-04 00:10:18 Started transferring input files
	Transferring to host: <10.14.10.112:9618?addrs=10.14.10.112-9618&alias=node2362.cluster.ldas.cit&noUDP&sock=slot1_13_1499178_45dd_4600>
...
040 (113449414.000.000) 2023-04-04 00:10:18 Finished transferring input files
...
001 (113449414.000.000) 2023-04-04 00:10:19 Job executing on host: <10.14.10.112:9618?addrs=10.14.10.112-9618&alias=node2362.cluster.ldas.cit&noUDP&sock=startd_1499136_2e83>
...
004 (113449414.000.000) 2023-04-04 13:15:49 Job was evicted.
	(0) CPU times
		Usr 1 02:34:45, Sys 0 00:05:00  -  Run Remote Usage
		Usr 0 00:00:00, Sys 0 00:00:00  -  Run Local Usage
	0  -  Run Bytes Sent By Job
	366  -  Run Bytes Received By Job
	Partitionable Resources :    Usage  Request Allocated 
	   Cpus                 :     1.91        1         1 
	   Disk (KB)            :  2739      500000    624256 
	   GPUs                 :                           0 
	   Memory (MB)          :  2198       20000     20096 
...
040 (113449414.000.000) 2023-04-04 14:01:11 Started transferring input files
	Transferring to host: <10.14.4.121:9618?addrs=10.14.4.121-9618&alias=node871.cluster.ldas.cit&noUDP&sock=slot1_1_3916958_016b_5>
...
040 (113449414.000.000) 2023-04-04 14:01:11 Finished transferring input files
...
001 (113449414.000.000) 2023-04-04 14:01:12 Job executing on host: <10.14.4.121:9618?addrs=10.14.4.121-9618&alias=node871.cluster.ldas.cit&noUDP&sock=startd_3916915_7934>
...
004 (113449414.000.000) 2023-04-05 14:52:22 Job was evicted.
	(0) CPU times
		Usr 3 16:57:22, Sys 0 00:16:09  -  Run Remote Usage
		Usr 0 00:00:00, Sys 0 00:00:00  -  Run Local Usage
	0  -  Run Bytes Sent By Job
	366  -  Run Bytes Received By Job
	Partitionable Resources :    Usage  Request Allocated 
	   Cpus                 :     0.99        1         1 
	   Disk (KB)            :  2804      500000    558637 
	   GPUs                 :                           0 
	   Memory (MB)          :  2198       20000     20096 
...
009 (113449414.000.000) 2023-04-05 14:52:22 Job was aborted.
	removed because <OtherJobRemoveRequirements = DAGManJobId =?= 113449368> fired when job (113449368.0) was removed
...
000 (113587130.000.000) 2023-04-05 14:54:13 Job submitted from host: <10.14.0.160:9618?addrs=10.14.0.160-9618&alias=ldas-pcdev2.ligo.caltech.edu&noUDP&sock=schedd_7450_a8a7>
    DAG Node: 345
...
040 (113587130.000.000) 2023-04-05 14:56:12 Started transferring input files
	Transferring to host: <10.14.10.111:9618?addrs=10.14.10.111-9618&alias=node2361.cluster.ldas.cit&noUDP&sock=slot1_2_2090576_aa0e_1831>
...
040 (113587130.000.000) 2023-04-05 14:56:12 Finished transferring input files
...
001 (113587130.000.000) 2023-04-05 14:56:13 Job executing on host: <10.14.10.111:9618?addrs=10.14.10.111-9618&alias=node2361.cluster.ldas.cit&noUDP&sock=startd_2090534_04f1>
...
006 (113587130.000.000) 2023-04-05 14:56:21 Image size of job updated: 245740
	190  -  MemoryUsage of job (MB)
	194496  -  ResidentSetSize of job (KB)
...
006 (113587130.000.000) 2023-04-05 15:01:21 Image size of job updated: 5364492
	834  -  MemoryUsage of job (MB)
	853904  -  ResidentSetSize of job (KB)
...
006 (113587130.000.000) 2023-04-05 15:06:22 Image size of job updated: 5566200
	1023  -  MemoryUsage of job (MB)
	1046580  -  ResidentSetSize of job (KB)
...
006 (113587130.000.000) 2023-04-05 15:11:22 Image size of job updated: 5622768
	1086  -  MemoryUsage of job (MB)
	1111808  -  ResidentSetSize of job (KB)
...
006 (113587130.000.000) 2023-04-05 15:16:22 Image size of job updated: 5631300
	1086  -  MemoryUsage of job (MB)
	1111808  -  ResidentSetSize of job (KB)
...
006 (113587130.000.000) 2023-04-05 15:26:24 Image size of job updated: 6144864
	1086  -  MemoryUsage of job (MB)
	1111808  -  ResidentSetSize of job (KB)
...
006 (113587130.000.000) 2023-04-05 15:46:25 Image size of job updated: 6230328
	1344  -  MemoryUsage of job (MB)
	1375380  -  ResidentSetSize of job (KB)
...
006 (113587130.000.000) 2023-04-05 15:51:25 Image size of job updated: 6230328
	1403  -  MemoryUsage of job (MB)
	1436200  -  ResidentSetSize of job (KB)
...
006 (113587130.000.000) 2023-04-05 15:56:26 Image size of job updated: 6230328
	1487  -  MemoryUsage of job (MB)
	1522596  -  ResidentSetSize of job (KB)
...
006 (113587130.000.000) 2023-04-05 16:21:28 Image size of job updated: 6230328
	1529  -  MemoryUsage of job (MB)
	1565040  -  ResidentSetSize of job (KB)
...
006 (113587130.000.000) 2023-04-05 16:41:30 Image size of job updated: 6305872
	1529  -  MemoryUsage of job (MB)
	1565040  -  ResidentSetSize of job (KB)
...
006 (113587130.000.000) 2023-04-05 16:46:30 Image size of job updated: 6305872
	1550  -  MemoryUsage of job (MB)
	1586540  -  ResidentSetSize of job (KB)
...
006 (113587130.000.000) 2023-04-05 16:51:31 Image size of job updated: 6305872
	1558  -  MemoryUsage of job (MB)
	1595316  -  ResidentSetSize of job (KB)
...
006 (113587130.000.000) 2023-04-05 17:11:33 Image size of job updated: 6305872
	1655  -  MemoryUsage of job (MB)
	1694184  -  ResidentSetSize of job (KB)
...
006 (113587130.000.000) 2023-04-05 17:16:33 Image size of job updated: 6305872
	1875  -  MemoryUsage of job (MB)
	1919284  -  ResidentSetSize of job (KB)
...
006 (113587130.000.000) 2023-04-05 17:41:35 Image size of job updated: 6305872
	1922  -  MemoryUsage of job (MB)
	1968084  -  ResidentSetSize of job (KB)
...
006 (113587130.000.000) 2023-04-05 17:56:36 Image size of job updated: 6342916
	1922  -  MemoryUsage of job (MB)
	1968084  -  ResidentSetSize of job (KB)
...
006 (113587130.000.000) 2023-04-05 18:06:37 Image size of job updated: 6342916
	1928  -  MemoryUsage of job (MB)
	1973624  -  ResidentSetSize of job (KB)
...
006 (113587130.000.000) 2023-04-05 18:11:37 Image size of job updated: 6342916
	1949  -  MemoryUsage of job (MB)
	1994984  -  ResidentSetSize of job (KB)
...
006 (113587130.000.000) 2023-04-05 18:21:39 Image size of job updated: 6398224
	1949  -  MemoryUsage of job (MB)
	1994984  -  ResidentSetSize of job (KB)
...
006 (113587130.000.000) 2023-04-05 21:42:00 Image size of job updated: 6398224
	1977  -  MemoryUsage of job (MB)
	2023496  -  ResidentSetSize of job (KB)
...
006 (113587130.000.000) 2023-04-05 23:42:12 Image size of job updated: 6398224
	2106  -  MemoryUsage of job (MB)
	2155800  -  ResidentSetSize of job (KB)
...
006 (113587130.000.000) 2023-04-06 01:02:21 Image size of job updated: 6398224
	2119  -  MemoryUsage of job (MB)
	2169700  -  ResidentSetSize of job (KB)
...
006 (113587130.000.000) 2023-04-06 03:42:37 Image size of job updated: 6398224
	2147  -  MemoryUsage of job (MB)
	2197652  -  ResidentSetSize of job (KB)
...
006 (113587130.000.000) 2023-04-06 03:57:38 Image size of job updated: 6403420
	2147  -  MemoryUsage of job (MB)
	2197652  -  ResidentSetSize of job (KB)
...
006 (113587130.000.000) 2023-04-06 04:47:44 Image size of job updated: 6405412
	2147  -  MemoryUsage of job (MB)
	2197652  -  ResidentSetSize of job (KB)
...
006 (113587130.000.000) 2023-04-06 05:12:47 Image size of job updated: 6410792
	2147  -  MemoryUsage of job (MB)
	2197652  -  ResidentSetSize of job (KB)
...
006 (113587130.000.000) 2023-04-06 05:22:47 Image size of job updated: 6410792
	2149  -  MemoryUsage of job (MB)
	2199732  -  ResidentSetSize of job (KB)
...
006 (113587130.000.000) 2023-04-06 06:57:58 Image size of job updated: 6427424
	2149  -  MemoryUsage of job (MB)
	2199732  -  ResidentSetSize of job (KB)
...
006 (113587130.000.000) 2023-04-06 07:38:01 Image size of job updated: 6427424
	2175  -  MemoryUsage of job (MB)
	2226472  -  ResidentSetSize of job (KB)
...
006 (113587130.000.000) 2023-04-06 08:43:08 Image size of job updated: 6427424
	2260  -  MemoryUsage of job (MB)
	2313308  -  ResidentSetSize of job (KB)
...
006 (113587130.000.000) 2023-04-06 11:58:30 Image size of job updated: 6442652
	2260  -  MemoryUsage of job (MB)
	2313308  -  ResidentSetSize of job (KB)
...
004 (113587130.000.000) 2023-04-06 15:16:59 Job was evicted.
	(0) CPU times
		Usr 5 09:24:25, Sys 0 00:03:51  -  Run Remote Usage
		Usr 0 00:00:00, Sys 0 00:00:00  -  Run Local Usage
	0  -  Run Bytes Sent By Job
	366  -  Run Bytes Received By Job
	Partitionable Resources :    Usage  Request Allocated 
	   Cpus                 :     7.93        1         1 
	   Disk (KB)            :  2899      500000    624256 
	   GPUs                 :                           0 
	   Memory (MB)          :  2260       20000     20000 
...
040 (113587130.000.000) 2023-04-06 15:21:36 Started transferring input files
	Transferring to host: <10.14.9.186:9618?addrs=10.14.9.186-9618&alias=node2186.cluster.ldas.cit&noUDP&sock=slot1_10_940753_57c8_1510>
...
040 (113587130.000.000) 2023-04-06 15:21:36 Finished transferring input files
...
001 (113587130.000.000) 2023-04-06 15:21:37 Job executing on host: <10.14.9.186:9618?addrs=10.14.9.186-9618&alias=node2186.cluster.ldas.cit&noUDP&sock=startd_940711_1459>
...
004 (113587130.000.000) 2023-04-06 16:04:44 Job was evicted.
	(0) CPU times
		Usr 0 04:43:06, Sys 0 00:00:22  -  Run Remote Usage
		Usr 0 00:00:00, Sys 0 00:00:00  -  Run Local Usage
	0  -  Run Bytes Sent By Job
	366  -  Run Bytes Received By Job
	Partitionable Resources :    Usage  Request Allocated 
	   Cpus                 :     5.93        1         1 
	   Disk (KB)            :  2712      500000    609620 
	   GPUs                 :                           0 
	   Memory (MB)          :  2442       20000     20096 
...
009 (113587130.000.000) 2023-04-06 16:04:44 Job was aborted.
	removed because <OtherJobRemoveRequirements = DAGManJobId =?= 113587092> fired when job (113587092.0) was removed
...
000 (113604243.000.000) 2023-04-06 16:27:56 Job submitted from host: <10.14.0.160:9618?addrs=10.14.0.160-9618&alias=ldas-pcdev2.ligo.caltech.edu&noUDP&sock=schedd_7450_a8a7>
    DAG Node: 345
...
040 (113604243.000.000) 2023-04-06 16:29:22 Started transferring input files
	Transferring to host: <10.14.10.56:9618?addrs=10.14.10.56-9618&alias=node2306.cluster.ldas.cit&noUDP&sock=slot1_2_413308_a020_1756>
...
040 (113604243.000.000) 2023-04-06 16:29:22 Finished transferring input files
...
001 (113604243.000.000) 2023-04-06 16:29:23 Job executing on host: <10.14.10.56:9618?addrs=10.14.10.56-9618&alias=node2306.cluster.ldas.cit&noUDP&sock=startd_413267_5dcc>
...
006 (113604243.000.000) 2023-04-06 16:29:32 Image size of job updated: 318404
	190  -  MemoryUsage of job (MB)
	194560  -  ResidentSetSize of job (KB)
...
006 (113604243.000.000) 2023-04-06 16:34:33 Image size of job updated: 5216268
	262  -  MemoryUsage of job (MB)
	267768  -  ResidentSetSize of job (KB)
...
006 (113604243.000.000) 2023-04-06 16:39:34 Image size of job updated: 5216268
	443  -  MemoryUsage of job (MB)
	452632  -  ResidentSetSize of job (KB)
...
006 (113604243.000.000) 2023-04-06 16:44:34 Image size of job updated: 5216268
	449  -  MemoryUsage of job (MB)
	459528  -  ResidentSetSize of job (KB)
...
006 (113604243.000.000) 2023-04-06 16:49:35 Image size of job updated: 5216268
	519  -  MemoryUsage of job (MB)
	530688  -  ResidentSetSize of job (KB)
...
006 (113604243.000.000) 2023-04-06 16:54:36 Image size of job updated: 5216268
	528  -  MemoryUsage of job (MB)
	540532  -  ResidentSetSize of job (KB)
...
006 (113604243.000.000) 2023-04-06 16:59:36 Image size of job updated: 5216268
	546  -  MemoryUsage of job (MB)
	558496  -  ResidentSetSize of job (KB)
...
006 (113604243.000.000) 2023-04-06 17:04:36 Image size of job updated: 5216268
	551  -  MemoryUsage of job (MB)
	564196  -  ResidentSetSize of job (KB)
...
006 (113604243.000.000) 2023-04-06 17:09:37 Image size of job updated: 5216268
	567  -  MemoryUsage of job (MB)
	580540  -  ResidentSetSize of job (KB)
...
006 (113604243.000.000) 2023-04-06 17:14:38 Image size of job updated: 5216268
	589  -  MemoryUsage of job (MB)
	603132  -  ResidentSetSize of job (KB)
...
006 (113604243.000.000) 2023-04-06 17:19:38 Image size of job updated: 5216268
	610  -  MemoryUsage of job (MB)
	624448  -  ResidentSetSize of job (KB)
...
006 (113604243.000.000) 2023-04-06 17:24:39 Image size of job updated: 5216268
	614  -  MemoryUsage of job (MB)
	627880  -  ResidentSetSize of job (KB)
...
006 (113604243.000.000) 2023-04-06 17:29:40 Image size of job updated: 5216268
	618  -  MemoryUsage of job (MB)
	632428  -  ResidentSetSize of job (KB)
...
006 (113604243.000.000) 2023-04-06 17:34:40 Image size of job updated: 5216268
	647  -  MemoryUsage of job (MB)
	662232  -  ResidentSetSize of job (KB)
...
006 (113604243.000.000) 2023-04-06 17:44:41 Image size of job updated: 5216268
	760  -  MemoryUsage of job (MB)
	777840  -  ResidentSetSize of job (KB)
...
006 (113604243.000.000) 2023-04-06 17:49:42 Image size of job updated: 5216268
	930  -  MemoryUsage of job (MB)
	952144  -  ResidentSetSize of job (KB)
...
006 (113604243.000.000) 2023-04-06 17:54:42 Image size of job updated: 5216268
	1023  -  MemoryUsage of job (MB)
	1046940  -  ResidentSetSize of job (KB)
...
006 (113604243.000.000) 2023-04-06 17:59:42 Image size of job updated: 5216268
	1024  -  MemoryUsage of job (MB)
	1047932  -  ResidentSetSize of job (KB)
...
006 (113604243.000.000) 2023-04-06 18:04:43 Image size of job updated: 5216268
	1029  -  MemoryUsage of job (MB)
	1053256  -  ResidentSetSize of job (KB)
...
006 (113604243.000.000) 2023-04-06 18:09:44 Image size of job updated: 5216268
	1030  -  MemoryUsage of job (MB)
	1053924  -  ResidentSetSize of job (KB)
...
006 (113604243.000.000) 2023-04-06 18:14:44 Image size of job updated: 5243236
	1068  -  MemoryUsage of job (MB)
	1093136  -  ResidentSetSize of job (KB)
...
006 (113604243.000.000) 2023-04-06 18:24:45 Image size of job updated: 5245620
	1070  -  MemoryUsage of job (MB)
	1095548  -  ResidentSetSize of job (KB)
...
006 (113604243.000.000) 2023-04-06 18:29:46 Image size of job updated: 5269248
	1110  -  MemoryUsage of job (MB)
	1136628  -  ResidentSetSize of job (KB)
...
006 (113604243.000.000) 2023-04-06 18:34:46 Image size of job updated: 5280268
	1120  -  MemoryUsage of job (MB)
	1146788  -  ResidentSetSize of job (KB)
...
006 (113604243.000.000) 2023-04-06 18:39:46 Image size of job updated: 5304336
	1144  -  MemoryUsage of job (MB)
	1170716  -  ResidentSetSize of job (KB)
...
006 (113604243.000.000) 2023-04-06 18:44:47 Image size of job updated: 5304336
	1145  -  MemoryUsage of job (MB)
	1171820  -  ResidentSetSize of job (KB)
...
006 (113604243.000.000) 2023-04-06 18:49:47 Image size of job updated: 5304492
	1145  -  MemoryUsage of job (MB)
	1171972  -  ResidentSetSize of job (KB)
...
006 (113604243.000.000) 2023-04-06 18:54:47 Image size of job updated: 5348372
	1188  -  MemoryUsage of job (MB)
	1215912  -  ResidentSetSize of job (KB)
...
006 (113604243.000.000) 2023-04-06 18:59:48 Image size of job updated: 5349404
	1223  -  MemoryUsage of job (MB)
	1252120  -  ResidentSetSize of job (KB)
...
006 (113604243.000.000) 2023-04-06 19:04:49 Image size of job updated: 5359296
	1233  -  MemoryUsage of job (MB)
	1261960  -  ResidentSetSize of job (KB)
...
006 (113604243.000.000) 2023-04-06 19:09:49 Image size of job updated: 5380788
	1270  -  MemoryUsage of job (MB)
	1300260  -  ResidentSetSize of job (KB)
...
006 (113604243.000.000) 2023-04-06 19:14:49 Image size of job updated: 5390516
	1272  -  MemoryUsage of job (MB)
	1301588  -  ResidentSetSize of job (KB)
...
006 (113604243.000.000) 2023-04-06 19:19:50 Image size of job updated: 5390516
	1306  -  MemoryUsage of job (MB)
	1336428  -  ResidentSetSize of job (KB)
...
006 (113604243.000.000) 2023-04-06 19:24:51 Image size of job updated: 5390516
	1322  -  MemoryUsage of job (MB)
	1353288  -  ResidentSetSize of job (KB)
...
006 (113604243.000.000) 2023-04-06 19:29:51 Image size of job updated: 5390516
	1326  -  MemoryUsage of job (MB)
	1357252  -  ResidentSetSize of job (KB)
...
006 (113604243.000.000) 2023-04-06 19:39:52 Image size of job updated: 5390516
	1337  -  MemoryUsage of job (MB)
	1368556  -  ResidentSetSize of job (KB)
...
006 (113604243.000.000) 2023-04-06 19:44:52 Image size of job updated: 5390516
	1337  -  MemoryUsage of job (MB)
	1368604  -  ResidentSetSize of job (KB)
...
006 (113604243.000.000) 2023-04-06 19:54:53 Image size of job updated: 5399508
	1341  -  MemoryUsage of job (MB)
	1372432  -  ResidentSetSize of job (KB)
...
006 (113604243.000.000) 2023-04-06 19:59:54 Image size of job updated: 5444936
	1377  -  MemoryUsage of job (MB)
	1409088  -  ResidentSetSize of job (KB)
...
006 (113604243.000.000) 2023-04-06 20:55:00 Image size of job updated: 5520060
	1412  -  MemoryUsage of job (MB)
	1445776  -  ResidentSetSize of job (KB)
...
006 (113604243.000.000) 2023-04-06 21:05:00 Image size of job updated: 5525956
	1416  -  MemoryUsage of job (MB)
	1449436  -  ResidentSetSize of job (KB)
...
006 (113604243.000.000) 2023-04-06 21:10:01 Image size of job updated: 5525956
	1416  -  MemoryUsage of job (MB)
	1449488  -  ResidentSetSize of job (KB)
...
006 (113604243.000.000) 2023-04-06 21:20:02 Image size of job updated: 5525956
	1418  -  MemoryUsage of job (MB)
	1451488  -  ResidentSetSize of job (KB)
...
006 (113604243.000.000) 2023-04-06 21:30:03 Image size of job updated: 5525956
	1420  -  MemoryUsage of job (MB)
	1453896  -  ResidentSetSize of job (KB)
...
006 (113604243.000.000) 2023-04-06 21:35:04 Image size of job updated: 5525956
	1424  -  MemoryUsage of job (MB)
	1457788  -  ResidentSetSize of job (KB)
...
006 (113604243.000.000) 2023-04-06 21:40:04 Image size of job updated: 5525956
	1424  -  MemoryUsage of job (MB)
	1458044  -  ResidentSetSize of job (KB)
...
006 (113604243.000.000) 2023-04-06 22:00:07 Image size of job updated: 5525956
	1433  -  MemoryUsage of job (MB)
	1466644  -  ResidentSetSize of job (KB)
...
006 (113604243.000.000) 2023-04-06 22:05:08 Image size of job updated: 5525956
	1447  -  MemoryUsage of job (MB)
	1480764  -  ResidentSetSize of job (KB)
...
006 (113604243.000.000) 2023-04-06 22:10:09 Image size of job updated: 5525956
	1450  -  MemoryUsage of job (MB)
	1484136  -  ResidentSetSize of job (KB)
...
006 (113604243.000.000) 2023-04-06 22:20:09 Image size of job updated: 5634316
	1450  -  MemoryUsage of job (MB)
	1484136  -  ResidentSetSize of job (KB)
...
006 (113604243.000.000) 2023-04-06 22:30:11 Image size of job updated: 5634316
	1457  -  MemoryUsage of job (MB)
	1491800  -  ResidentSetSize of job (KB)
...
006 (113604243.000.000) 2023-04-06 22:45:13 Image size of job updated: 5634316
	1460  -  MemoryUsage of job (MB)
	1494124  -  ResidentSetSize of job (KB)
...
006 (113604243.000.000) 2023-04-06 22:55:13 Image size of job updated: 5634316
	1460  -  MemoryUsage of job (MB)
	1494148  -  ResidentSetSize of job (KB)
...
006 (113604243.000.000) 2023-04-06 23:05:15 Image size of job updated: 5634316
	1461  -  MemoryUsage of job (MB)
	1495212  -  ResidentSetSize of job (KB)
...
006 (113604243.000.000) 2023-04-06 23:15:16 Image size of job updated: 5634316
	1462  -  MemoryUsage of job (MB)
	1496168  -  ResidentSetSize of job (KB)
...
006 (113604243.000.000) 2023-04-06 23:20:17 Image size of job updated: 5634316
	1464  -  MemoryUsage of job (MB)
	1498256  -  ResidentSetSize of job (KB)
...
006 (113604243.000.000) 2023-04-06 23:25:17 Image size of job updated: 5634316
	1464  -  MemoryUsage of job (MB)
	1498448  -  ResidentSetSize of job (KB)
...
006 (113604243.000.000) 2023-04-06 23:30:17 Image size of job updated: 5634316
	1467  -  MemoryUsage of job (MB)
	1501864  -  ResidentSetSize of job (KB)
...
006 (113604243.000.000) 2023-04-06 23:35:18 Image size of job updated: 5634316
	1486  -  MemoryUsage of job (MB)
	1520956  -  ResidentSetSize of job (KB)
...
006 (113604243.000.000) 2023-04-06 23:45:19 Image size of job updated: 5634316
	1488  -  MemoryUsage of job (MB)
	1523460  -  ResidentSetSize of job (KB)
...
006 (113604243.000.000) 2023-04-06 23:55:20 Image size of job updated: 5634316
	1494  -  MemoryUsage of job (MB)
	1529188  -  ResidentSetSize of job (KB)
...
006 (113604243.000.000) 2023-04-07 00:05:20 Image size of job updated: 5634316
	1506  -  MemoryUsage of job (MB)
	1542080  -  ResidentSetSize of job (KB)
...
006 (113604243.000.000) 2023-04-07 00:10:21 Image size of job updated: 5634316
	1521  -  MemoryUsage of job (MB)
	1557128  -  ResidentSetSize of job (KB)
...
006 (113604243.000.000) 2023-04-07 00:15:22 Image size of job updated: 5634316
	1531  -  MemoryUsage of job (MB)
	1567220  -  ResidentSetSize of job (KB)
...
006 (113604243.000.000) 2023-04-07 01:05:27 Image size of job updated: 5634316
	1547  -  MemoryUsage of job (MB)
	1583600  -  ResidentSetSize of job (KB)
...
006 (113604243.000.000) 2023-04-07 01:20:29 Image size of job updated: 5636972
	1547  -  MemoryUsage of job (MB)
	1583600  -  ResidentSetSize of job (KB)
...
006 (113604243.000.000) 2023-04-07 01:35:30 Image size of job updated: 5648952
	1547  -  MemoryUsage of job (MB)
	1583600  -  ResidentSetSize of job (KB)
...
006 (113604243.000.000) 2023-04-07 02:30:35 Image size of job updated: 5651372
	1547  -  MemoryUsage of job (MB)
	1583600  -  ResidentSetSize of job (KB)
...
006 (113604243.000.000) 2023-04-07 03:55:45 Image size of job updated: 5673584
	1547  -  MemoryUsage of job (MB)
	1583600  -  ResidentSetSize of job (KB)
...
006 (113604243.000.000) 2023-04-07 04:05:46 Image size of job updated: 5678520
	1547  -  MemoryUsage of job (MB)
	1583600  -  ResidentSetSize of job (KB)
...
006 (113604243.000.000) 2023-04-07 04:50:51 Image size of job updated: 5703872
	1547  -  MemoryUsage of job (MB)
	1583600  -  ResidentSetSize of job (KB)
...
006 (113604243.000.000) 2023-04-07 05:10:53 Image size of job updated: 5703872
	1548  -  MemoryUsage of job (MB)
	1584352  -  ResidentSetSize of job (KB)
...
006 (113604243.000.000) 2023-04-07 05:20:54 Image size of job updated: 5703872
	1552  -  MemoryUsage of job (MB)
	1588416  -  ResidentSetSize of job (KB)
...
006 (113604243.000.000) 2023-04-07 05:25:55 Image size of job updated: 5703872
	1556  -  MemoryUsage of job (MB)
	1592480  -  ResidentSetSize of job (KB)
...
006 (113604243.000.000) 2023-04-07 05:30:55 Image size of job updated: 5703872
	1576  -  MemoryUsage of job (MB)
	1612872  -  ResidentSetSize of job (KB)
...
006 (113604243.000.000) 2023-04-07 05:35:55 Image size of job updated: 5703872
	1576  -  MemoryUsage of job (MB)
	1613576  -  ResidentSetSize of job (KB)
...
006 (113604243.000.000) 2023-04-07 05:45:57 Image size of job updated: 5755292
	1576  -  MemoryUsage of job (MB)
	1613576  -  ResidentSetSize of job (KB)
...
006 (113604243.000.000) 2023-04-07 06:00:58 Image size of job updated: 5755292
	1587  -  MemoryUsage of job (MB)
	1624460  -  ResidentSetSize of job (KB)
...
006 (113604243.000.000) 2023-04-07 06:10:59 Image size of job updated: 5755292
	1588  -  MemoryUsage of job (MB)
	1625304  -  ResidentSetSize of job (KB)
...
006 (113604243.000.000) 2023-04-07 06:16:00 Image size of job updated: 5755292
	1589  -  MemoryUsage of job (MB)
	1626200  -  ResidentSetSize of job (KB)
...
006 (113604243.000.000) 2023-04-07 06:21:01 Image size of job updated: 5755292
	1589  -  MemoryUsage of job (MB)
	1626328  -  ResidentSetSize of job (KB)
...
006 (113604243.000.000) 2023-04-07 06:26:01 Image size of job updated: 5755292
	1590  -  MemoryUsage of job (MB)
	1627592  -  ResidentSetSize of job (KB)
...
006 (113604243.000.000) 2023-04-07 06:31:01 Image size of job updated: 5769280
	1595  -  MemoryUsage of job (MB)
	1633276  -  ResidentSetSize of job (KB)
...
006 (113604243.000.000) 2023-04-07 06:36:02 Image size of job updated: 5769280
	1596  -  MemoryUsage of job (MB)
	1634228  -  ResidentSetSize of job (KB)
...
006 (113604243.000.000) 2023-04-07 06:46:03 Image size of job updated: 5775456
	1598  -  MemoryUsage of job (MB)
	1636232  -  ResidentSetSize of job (KB)
...
006 (113604243.000.000) 2023-04-07 06:56:05 Image size of job updated: 5777488
	1603  -  MemoryUsage of job (MB)
	1641356  -  ResidentSetSize of job (KB)
...
006 (113604243.000.000) 2023-04-07 07:21:07 Image size of job updated: 5777488
	1660  -  MemoryUsage of job (MB)
	1699648  -  ResidentSetSize of job (KB)
...
006 (113604243.000.000) 2023-04-07 07:31:08 Image size of job updated: 5777488
	1662  -  MemoryUsage of job (MB)
	1701796  -  ResidentSetSize of job (KB)
...
006 (113604243.000.000) 2023-04-07 07:36:09 Image size of job updated: 5860144
	1662  -  MemoryUsage of job (MB)
	1701796  -  ResidentSetSize of job (KB)
...
006 (113604243.000.000) 2023-04-07 07:51:10 Image size of job updated: 5860144
	1671  -  MemoryUsage of job (MB)
	1710844  -  ResidentSetSize of job (KB)
...
006 (113604243.000.000) 2023-04-07 08:01:11 Image size of job updated: 5866288
	1674  -  MemoryUsage of job (MB)
	1713528  -  ResidentSetSize of job (KB)
...
006 (113604243.000.000) 2023-04-07 08:11:13 Image size of job updated: 5866288
	1675  -  MemoryUsage of job (MB)
	1714500  -  ResidentSetSize of job (KB)
...
006 (113604243.000.000) 2023-04-07 08:16:13 Image size of job updated: 5866288
	1676  -  MemoryUsage of job (MB)
	1716172  -  ResidentSetSize of job (KB)
...
006 (113604243.000.000) 2023-04-07 08:21:13 Image size of job updated: 5866288
	1677  -  MemoryUsage of job (MB)
	1716424  -  ResidentSetSize of job (KB)
...
006 (113604243.000.000) 2023-04-07 09:11:18 Image size of job updated: 5888316
	1678  -  MemoryUsage of job (MB)
	1717324  -  ResidentSetSize of job (KB)
...
006 (113604243.000.000) 2023-04-07 09:21:19 Image size of job updated: 5888316
	1679  -  MemoryUsage of job (MB)
	1718576  -  ResidentSetSize of job (KB)
...
006 (113604243.000.000) 2023-04-07 09:26:20 Image size of job updated: 5892788
	1684  -  MemoryUsage of job (MB)
	1724232  -  ResidentSetSize of job (KB)
...
006 (113604243.000.000) 2023-04-07 09:31:20 Image size of job updated: 5892788
	1684  -  MemoryUsage of job (MB)
	1724260  -  ResidentSetSize of job (KB)
...
006 (113604243.000.000) 2023-04-07 09:36:20 Image size of job updated: 5892788
	1699  -  MemoryUsage of job (MB)
	1739092  -  ResidentSetSize of job (KB)
...
006 (113604243.000.000) 2023-04-07 09:46:22 Image size of job updated: 5913360
	1707  -  MemoryUsage of job (MB)
	1747096  -  ResidentSetSize of job (KB)
...
006 (113604243.000.000) 2023-04-07 10:01:23 Image size of job updated: 5917864
	1711  -  MemoryUsage of job (MB)
	1751448  -  ResidentSetSize of job (KB)
...
006 (113604243.000.000) 2023-04-07 10:21:25 Image size of job updated: 5917864
	1714  -  MemoryUsage of job (MB)
	1755000  -  ResidentSetSize of job (KB)
...
006 (113604243.000.000) 2023-04-07 10:26:26 Image size of job updated: 5917864
	1714  -  MemoryUsage of job (MB)
	1755124  -  ResidentSetSize of job (KB)
...
006 (113604243.000.000) 2023-04-07 10:31:26 Image size of job updated: 5925932
	1717  -  MemoryUsage of job (MB)
	1757916  -  ResidentSetSize of job (KB)
...
006 (113604243.000.000) 2023-04-07 10:36:26 Image size of job updated: 5925932
	1717  -  MemoryUsage of job (MB)
	1758044  -  ResidentSetSize of job (KB)
...
006 (113604243.000.000) 2023-04-07 10:46:27 Image size of job updated: 5925932
	1718  -  MemoryUsage of job (MB)
	1758548  -  ResidentSetSize of job (KB)
...
006 (113604243.000.000) 2023-04-07 10:51:27 Image size of job updated: 5925932
	1718  -  MemoryUsage of job (MB)
	1758924  -  ResidentSetSize of job (KB)
...
006 (113604243.000.000) 2023-04-07 11:01:29 Image size of job updated: 5925932
	1720  -  MemoryUsage of job (MB)
	1760764  -  ResidentSetSize of job (KB)
...
006 (113604243.000.000) 2023-04-07 13:31:45 Image size of job updated: 5942140
	1720  -  MemoryUsage of job (MB)
	1760764  -  ResidentSetSize of job (KB)
...
006 (113604243.000.000) 2023-04-07 15:21:55 Image size of job updated: 5965232
	1724  -  MemoryUsage of job (MB)
	1764860  -  ResidentSetSize of job (KB)
...
006 (113604243.000.000) 2023-04-07 15:31:56 Image size of job updated: 5965232
	1736  -  MemoryUsage of job (MB)
	1777016  -  ResidentSetSize of job (KB)
...
006 (113604243.000.000) 2023-04-07 15:36:57 Image size of job updated: 6100836
	1736  -  MemoryUsage of job (MB)
	1777016  -  ResidentSetSize of job (KB)
...
006 (113604243.000.000) 2023-04-07 16:37:03 Image size of job updated: 6100836
	1746  -  MemoryUsage of job (MB)
	1787096  -  ResidentSetSize of job (KB)
...
006 (113604243.000.000) 2023-04-07 17:12:06 Image size of job updated: 6100836
	1759  -  MemoryUsage of job (MB)
	1801040  -  ResidentSetSize of job (KB)
...
006 (113604243.000.000) 2023-04-07 17:17:06 Image size of job updated: 6100836
	1760  -  MemoryUsage of job (MB)
	1801276  -  ResidentSetSize of job (KB)
...
006 (113604243.000.000) 2023-04-07 17:27:08 Image size of job updated: 6100836
	1762  -  MemoryUsage of job (MB)
	1803700  -  ResidentSetSize of job (KB)
...
006 (113604243.000.000) 2023-04-07 17:32:08 Image size of job updated: 6100836
	1762  -  MemoryUsage of job (MB)
	1803824  -  ResidentSetSize of job (KB)
...
006 (113604243.000.000) 2023-04-07 18:02:12 Image size of job updated: 6100836
	1763  -  MemoryUsage of job (MB)
	1805260  -  ResidentSetSize of job (KB)
...
006 (113604243.000.000) 2023-04-07 18:22:14 Image size of job updated: 6100836
	1772  -  MemoryUsage of job (MB)
	1813936  -  ResidentSetSize of job (KB)
...
006 (113604243.000.000) 2023-04-07 18:37:15 Image size of job updated: 6100836
	1794  -  MemoryUsage of job (MB)
	1836652  -  ResidentSetSize of job (KB)
...
006 (113604243.000.000) 2023-04-07 18:52:17 Image size of job updated: 6100836
	1803  -  MemoryUsage of job (MB)
	1845704  -  ResidentSetSize of job (KB)
...
006 (113604243.000.000) 2023-04-07 19:02:19 Image size of job updated: 6100836
	1830  -  MemoryUsage of job (MB)
	1873624  -  ResidentSetSize of job (KB)
...
004 (113604243.000.000) 2023-04-07 21:22:21 Job was evicted.
	(0) CPU times
		Usr 4 19:40:37, Sys 0 00:06:07  -  Run Remote Usage
		Usr 0 00:00:00, Sys 0 00:00:00  -  Run Local Usage
	0  -  Run Bytes Sent By Job
	366  -  Run Bytes Received By Job
	Partitionable Resources :    Usage  Request Allocated 
	   Cpus                 :     0.98        1         1 
	   Disk (KB)            :  4057      500000    624256 
	   GPUs                 :                           0 
	   Memory (MB)          :  1830       20000     20096 
...
040 (113604243.000.000) 2023-04-07 22:27:41 Started transferring input files
	Transferring to host: <10.14.10.114:9618?addrs=10.14.10.114-9618&alias=node2364.cluster.ldas.cit&noUDP&sock=slot1_9_4001008_d585_3551>
...
040 (113604243.000.000) 2023-04-07 22:27:41 Finished transferring input files
...
001 (113604243.000.000) 2023-04-07 22:27:42 Job executing on host: <10.14.10.114:9618?addrs=10.14.10.114-9618&alias=node2364.cluster.ldas.cit&noUDP&sock=startd_4000966_77e9>
...
006 (113604243.000.000) 2023-04-08 17:14:48 Image size of job updated: 7500000
	1960  -  MemoryUsage of job (MB)
	2006816  -  ResidentSetSize of job (KB)
...
006 (113604243.000.000) 2023-04-08 22:20:20 Image size of job updated: 7500000
	1980  -  MemoryUsage of job (MB)
	2027000  -  ResidentSetSize of job (KB)
...
004 (113604243.000.000) 2023-04-08 23:02:31 Job was evicted.
	(0) CPU times
		Usr 5 05:55:03, Sys 0 00:03:29  -  Run Remote Usage
		Usr 0 00:00:00, Sys 0 00:00:00  -  Run Local Usage
	0  -  Run Bytes Sent By Job
	366  -  Run Bytes Received By Job
	Partitionable Resources :    Usage  Request Allocated 
	   Cpus                 :     7.94        1         1 
	   Disk (KB)            :  3176      500000    624256 
	   GPUs                 :                           0 
	   Memory (MB)          :  1980       20000     20096 
...
040 (113604243.000.000) 2023-04-08 23:05:35 Started transferring input files
	Transferring to host: <10.14.10.94:9618?addrs=10.14.10.94-9618&alias=node2344.cluster.ldas.cit&noUDP&sock=slot1_9_3195709_d67a_41302>
...
040 (113604243.000.000) 2023-04-08 23:05:35 Finished transferring input files
...
001 (113604243.000.000) 2023-04-08 23:05:36 Job executing on host: <10.14.10.94:9618?addrs=10.14.10.94-9618&alias=node2344.cluster.ldas.cit&noUDP&sock=startd_4352_b041>
...
004 (113604243.000.000) 2023-04-09 23:06:17 Job was evicted.
	(0) CPU times
		Usr 5 18:02:39, Sys 0 00:03:36  -  Run Remote Usage
		Usr 0 00:00:00, Sys 0 00:00:00  -  Run Local Usage
	0  -  Run Bytes Sent By Job
	366  -  Run Bytes Received By Job
	Partitionable Resources :    Usage  Request Allocated 
	   Cpus                 :     7.93        1         1 
	   Disk (KB)            :  2982      500000    624256 
	   GPUs                 :                           0 
	   Memory (MB)          :  2198       20000     20096 
...
040 (113604243.000.000) 2023-04-09 23:09:01 Started transferring input files
	Transferring to host: <10.14.4.31:9618?addrs=10.14.4.31-9618&alias=node781.cluster.ldas.cit&noUDP&sock=slot1_15_1911649_6802_26281>
...
040 (113604243.000.000) 2023-04-09 23:09:01 Finished transferring input files
...
001 (113604243.000.000) 2023-04-09 23:09:02 Job executing on host: <10.14.4.31:9618?addrs=10.14.4.31-9618&alias=node781.cluster.ldas.cit&noUDP&sock=startd_1911613_1867>
...
004 (113604243.000.000) 2023-04-10 23:45:02 Job was evicted.
	(0) CPU times
		Usr 2 07:29:37, Sys 0 00:05:24  -  Run Remote Usage
		Usr 0 00:00:00, Sys 0 00:00:00  -  Run Local Usage
	0  -  Run Bytes Sent By Job
	366  -  Run Bytes Received By Job
	Partitionable Resources :    Usage  Request Allocated 
	   Cpus                 :     4.63        1         1 
	   Disk (KB)            :  2773      500000    624256 
	   GPUs                 :                           0 
	   Memory (MB)          :  2198       20000     20096 
...
040 (113604243.000.000) 2023-04-11 00:10:52 Started transferring input files
	Transferring to host: <10.14.9.138:9618?addrs=10.14.9.138-9618&alias=node2138.cluster.ldas.cit&noUDP&sock=slot1_8_2411463_95a6_7017>
...
040 (113604243.000.000) 2023-04-11 00:10:52 Finished transferring input files
...
001 (113604243.000.000) 2023-04-11 00:10:53 Job executing on host: <10.14.9.138:9618?addrs=10.14.9.138-9618&alias=node2138.cluster.ldas.cit&noUDP&sock=startd_2411420_200a>
...
004 (113604243.000.000) 2023-04-12 00:11:34 Job was evicted.
	(0) CPU times
		Usr 5 23:07:37, Sys 0 00:06:27  -  Run Remote Usage
		Usr 0 00:00:00, Sys 0 00:00:00  -  Run Local Usage
	0  -  Run Bytes Sent By Job
	366  -  Run Bytes Received By Job
	Partitionable Resources :    Usage  Request Allocated 
	   Cpus                 :     7.95        1         1 
	   Disk (KB)            :  2863      500000    609620 
	   GPUs                 :                           0 
	   Memory (MB)          :  2198       20000     20096 
...
040 (113604243.000.000) 2023-04-12 00:16:31 Started transferring input files
	Transferring to host: <10.14.10.42:9618?addrs=10.14.10.42-9618&alias=node2292.cluster.ldas.cit&noUDP&sock=slot1_2_1835823_2136_12587>
...
040 (113604243.000.000) 2023-04-12 00:16:31 Finished transferring input files
...
001 (113604243.000.000) 2023-04-12 00:16:32 Job executing on host: <10.14.10.42:9618?addrs=10.14.10.42-9618&alias=node2292.cluster.ldas.cit&noUDP&sock=startd_1835780_f700>
...
004 (113604243.000.000) 2023-04-13 00:16:48 Job was evicted.
	(0) CPU times
		Usr 6 03:04:19, Sys 0 00:05:32  -  Run Remote Usage
		Usr 0 00:00:00, Sys 0 00:00:00  -  Run Local Usage
	0  -  Run Bytes Sent By Job
	366  -  Run Bytes Received By Job
	Partitionable Resources :    Usage  Request Allocated 
	   Cpus                 :     7.93        1         1 
	   Disk (KB)            :  2942      500000    624256 
	   GPUs                 :                           0 
	   Memory (MB)          :  2198       20000     20096 
...
040 (113604243.000.000) 2023-04-13 00:21:34 Started transferring input files
	Transferring to host: <10.14.10.85:9618?addrs=10.14.10.85-9618&alias=node2335.cluster.ldas.cit&noUDP&sock=slot1_3_431192_8577_9566>
...
040 (113604243.000.000) 2023-04-13 00:21:34 Finished transferring input files
...
001 (113604243.000.000) 2023-04-13 00:21:35 Job executing on host: <10.14.10.85:9618?addrs=10.14.10.85-9618&alias=node2335.cluster.ldas.cit&noUDP&sock=startd_431151_4d89>
...
006 (113604243.000.000) 2023-04-13 22:03:55 Image size of job updated: 7500000
	2414  -  MemoryUsage of job (MB)
	2470964  -  ResidentSetSize of job (KB)
...
004 (113604243.000.000) 2023-04-14 00:23:17 Job was evicted.
	(0) CPU times
		Usr 5 08:07:04, Sys 0 00:02:40  -  Run Remote Usage
		Usr 0 00:00:00, Sys 0 00:00:00  -  Run Local Usage
	0  -  Run Bytes Sent By Job
	366  -  Run Bytes Received By Job
	Partitionable Resources :    Usage  Request Allocated 
	   Cpus                 :     7.93        1         1 
	   Disk (KB)            :  2981      500000    624256 
	   GPUs                 :                           0 
	   Memory (MB)          :  2414       20000     20096 
...
040 (113604243.000.000) 2023-04-14 01:03:04 Started transferring input files
	Transferring to host: <10.14.4.10:9618?addrs=10.14.4.10-9618&alias=node760.cluster.ldas.cit&noUDP&sock=slot1_21_82650_26da_16051>
...
040 (113604243.000.000) 2023-04-14 01:03:04 Finished transferring input files
...
001 (113604243.000.000) 2023-04-14 01:03:05 Job executing on host: <10.14.4.10:9618?addrs=10.14.4.10-9618&alias=node760.cluster.ldas.cit&noUDP&sock=startd_82612_8a02>
...
004 (113604243.000.000) 2023-04-15 03:22:52 Job was evicted.
	(0) CPU times
		Usr 2 17:46:24, Sys 0 00:10:12  -  Run Remote Usage
		Usr 0 00:00:00, Sys 0 00:00:00  -  Run Local Usage
	0  -  Run Bytes Sent By Job
	366  -  Run Bytes Received By Job
	Partitionable Resources :    Usage  Request Allocated 
	   Cpus                 :     1.00        1         1 
	   Disk (KB)            :  2784      500000    609620 
	   GPUs                 :                           0 
	   Memory (MB)          :  2442       20000     20096 
...
040 (113604243.000.000) 2023-04-15 03:23:59 Started transferring input files
	Transferring to host: <10.14.3.37:9618?addrs=10.14.3.37-9618&alias=node537.cluster.ldas.cit&noUDP&sock=slot1_14_2389006_98b5_47480>
...
040 (113604243.000.000) 2023-04-15 03:23:59 Finished transferring input files
...
001 (113604243.000.000) 2023-04-15 03:24:00 Job executing on host: <10.14.3.37:9618?addrs=10.14.3.37-9618&alias=node537.cluster.ldas.cit&noUDP&sock=startd_2388970_4adf>
...
004 (113604243.000.000) 2023-04-15 05:50:13 Job was evicted.
	(0) CPU times
		Usr 0 13:05:03, Sys 0 00:01:04  -  Run Remote Usage
		Usr 0 00:00:00, Sys 0 00:00:00  -  Run Local Usage
	0  -  Run Bytes Sent By Job
	366  -  Run Bytes Received By Job
	Partitionable Resources :    Usage  Request Allocated 
	   Cpus                 :     7.90        1         1 
	   Disk (KB)            :  2727      500000    609620 
	   GPUs                 :                           0 
	   Memory (MB)          :  2442       20000     20096 
...
040 (113604243.000.000) 2023-04-15 05:54:31 Started transferring input files
	Transferring to host: <10.14.9.88:9618?addrs=10.14.9.88-9618&alias=node2088.cluster.ldas.cit&noUDP&sock=slot1_12_4932_ca42_746>
...
040 (113604243.000.000) 2023-04-15 05:54:31 Finished transferring input files
...
001 (113604243.000.000) 2023-04-15 05:54:32 Job executing on host: <10.14.9.88:9618?addrs=10.14.9.88-9618&alias=node2088.cluster.ldas.cit&noUDP&sock=startd_3643_5f9b>
...
004 (113604243.000.000) 2023-04-16 07:13:15 Job was evicted.
	(0) CPU times
		Usr 3 16:59:05, Sys 0 00:09:26  -  Run Remote Usage
		Usr 0 00:00:00, Sys 0 00:00:00  -  Run Local Usage
	0  -  Run Bytes Sent By Job
	366  -  Run Bytes Received By Job
	Partitionable Resources :    Usage  Request Allocated 
	   Cpus                 :     7.96        1         1 
	   Disk (KB)            :  2904      500000    609620 
	   GPUs                 :                           0 
	   Memory (MB)          :  2442       20000     20096 
...
040 (113604243.000.000) 2023-04-16 07:46:04 Started transferring input files
	Transferring to host: <10.14.10.120:9618?addrs=10.14.10.120-9618&alias=node2370.cluster.ldas.cit&noUDP&sock=slot1_21_1733606_019a_49647>
...
040 (113604243.000.000) 2023-04-16 07:46:04 Finished transferring input files
...
001 (113604243.000.000) 2023-04-16 07:46:05 Job executing on host: <10.14.10.120:9618?addrs=10.14.10.120-9618&alias=node2370.cluster.ldas.cit&noUDP&sock=startd_4141_f5c5>
...
006 (113604243.000.000) 2023-04-16 12:16:42 Image size of job updated: 7500000
	2554  -  MemoryUsage of job (MB)
	2614416  -  ResidentSetSize of job (KB)
...
006 (113604243.000.000) 2023-04-17 03:03:16 Image size of job updated: 7500000
	2644  -  MemoryUsage of job (MB)
	2706892  -  ResidentSetSize of job (KB)
...
004 (113604243.000.000) 2023-04-17 07:49:44 Job was evicted.
	(0) CPU times
		Usr 4 00:19:04, Sys 0 00:03:00  -  Run Remote Usage
		Usr 0 00:00:00, Sys 0 00:00:00  -  Run Local Usage
	0  -  Run Bytes Sent By Job
	366  -  Run Bytes Received By Job
	Partitionable Resources :    Usage  Request Allocated 
	   Cpus                 :     2.64        1         1 
	   Disk (KB)            :  2991      500000    624256 
	   GPUs                 :                           0 
	   Memory (MB)          :  2644       20000     20096 
...
040 (113604243.000.000) 2023-04-17 08:16:58 Started transferring input files
	Transferring to host: <10.14.9.112:9618?addrs=10.14.9.112-9618&alias=node2112.cluster.ldas.cit&noUDP&sock=slot1_4_965855_f905_13753>
...
040 (113604243.000.000) 2023-04-17 08:16:58 Finished transferring input files
...
001 (113604243.000.000) 2023-04-17 08:16:59 Job executing on host: <10.14.9.112:9618?addrs=10.14.9.112-9618&alias=node2112.cluster.ldas.cit&noUDP&sock=startd_964172_5fc4>
...
004 (113604243.000.000) 2023-04-18 08:19:40 Job was evicted.
	(0) CPU times
		Usr 4 14:38:17, Sys 0 00:03:54  -  Run Remote Usage
		Usr 0 00:00:00, Sys 0 00:00:00  -  Run Local Usage
	0  -  Run Bytes Sent By Job
	366  -  Run Bytes Received By Job
	Partitionable Resources :    Usage  Request Allocated 
	   Cpus                 :     0.99        1         1 
	   Disk (KB)            :  2996      500000    609620 
	   GPUs                 :                           0 
	   Memory (MB)          :  2686       20000     20096 
...
040 (113604243.000.000) 2023-04-18 08:25:16 Started transferring input files
	Transferring to host: <10.14.3.4:9618?addrs=10.14.3.4-9618&alias=node504.cluster.ldas.cit&noUDP&sock=slot1_10_1209135_bdaa_49474>
...
040 (113604243.000.000) 2023-04-18 08:25:16 Finished transferring input files
...
001 (113604243.000.000) 2023-04-18 08:25:17 Job executing on host: <10.14.3.4:9618?addrs=10.14.3.4-9618&alias=node504.cluster.ldas.cit&noUDP&sock=startd_1209099_ec87>
...
004 (113604243.000.000) 2023-04-18 09:15:53 Job was evicted.
	(0) CPU times
		Usr 0 06:06:26, Sys 0 00:01:20  -  Run Remote Usage
		Usr 0 00:00:00, Sys 0 00:00:00  -  Run Local Usage
	0  -  Run Bytes Sent By Job
	366  -  Run Bytes Received By Job
	Partitionable Resources :    Usage  Request Allocated 
	   Cpus                 :     7.11        1         1 
	   Disk (KB)            :  2713      500000    609612 
	   GPUs                 :                           0 
	   Memory (MB)          :  2686       20000     20096 
...
040 (113604243.000.000) 2023-04-18 09:23:56 Started transferring input files
	Transferring to host: <10.14.4.51:9618?addrs=10.14.4.51-9618&alias=node801.cluster.ldas.cit&noUDP&sock=slot1_11_3957347_b5b5_15>
...
040 (113604243.000.000) 2023-04-18 09:23:56 Finished transferring input files
...
001 (113604243.000.000) 2023-04-18 09:23:57 Job executing on host: <10.14.4.51:9618?addrs=10.14.4.51-9618&alias=node801.cluster.ldas.cit&noUDP&sock=startd_3950725_523e>
...
022 (113604243.000.000) 2023-04-18 09:30:36 Job disconnected, attempting to reconnect
    Local schedd and job shadow died, schedd now running again
    Trying to reconnect to slot1_11@node801.cluster.ldas.cit <10.14.4.51:9618?addrs=10.14.4.51-9618&alias=node801.cluster.ldas.cit&noUDP&sock=startd_3950725_523e>
...
023 (113604243.000.000) 2023-04-18 09:30:44 Job reconnected to slot1_11@node801.cluster.ldas.cit
    startd address: <10.14.4.51:9618?addrs=10.14.4.51-9618&alias=node801.cluster.ldas.cit&noUDP&sock=startd_3950725_523e>
    starter address: <10.14.4.51:9618?addrs=10.14.4.51-9618&alias=node801.cluster.ldas.cit&noUDP&sock=slot1_11_3957347_b5b5_15>
...
022 (113604243.000.000) 2023-04-18 09:56:16 Job disconnected, attempting to reconnect
    Local schedd and job shadow died, schedd now running again
    Trying to reconnect to slot1_11@node801.cluster.ldas.cit <10.14.4.51:9618?addrs=10.14.4.51-9618&alias=node801.cluster.ldas.cit&noUDP&sock=startd_3950725_523e>
...
023 (113604243.000.000) 2023-04-18 09:56:20 Job reconnected to slot1_11@node801.cluster.ldas.cit
    startd address: <10.14.4.51:9618?addrs=10.14.4.51-9618&alias=node801.cluster.ldas.cit&noUDP&sock=startd_3950725_523e>
    starter address: <10.14.4.51:9618?addrs=10.14.4.51-9618&alias=node801.cluster.ldas.cit&noUDP&sock=slot1_11_3957347_b5b5_15>
...
006 (113604243.000.000) 2023-04-18 23:40:22 Image size of job updated: 21639164
	2686  -  MemoryUsage of job (MB)
	2750000  -  ResidentSetSize of job (KB)
...
005 (113604243.000.000) 2023-04-19 00:05:36 Job terminated.
	(1) Normal termination (return value 0)
		Usr 0 23:59:12, Sys 0 00:01:51  -  Run Remote Usage
		Usr 0 00:00:00, Sys 0 00:00:00  -  Run Local Usage
		Usr 52 10:52:17, Sys 0 01:04:04  -  Total Remote Usage
		Usr 0 00:00:00, Sys 0 00:00:00  -  Total Local Usage
	2933881  -  Run Bytes Sent By Job
	0  -  Run Bytes Received By Job
	2933881  -  Total Bytes Sent By Job
	5124  -  Total Bytes Received By Job
	Partitionable Resources :    Usage  Request Allocated 
	   Cpus                 :     2.84        1         1 
	   Disk (KB)            :  2888      500000    624256 
	   Memory (MB)          :  2686       20000     20096 

	Job terminated of its own accord at 2023-04-19T07:05:36Z with exit-code 0.
...
