000 (113449763.000.000) 2023-03-29 17:01:33 Job submitted from host: <10.14.0.160:9618?addrs=10.14.0.160-9618&alias=ldas-pcdev2.ligo.caltech.edu&noUDP&sock=schedd_7450_a8a7>
    DAG Node: 738
...
040 (113449763.000.000) 2023-03-29 17:38:27 Started transferring input files
	Transferring to host: <10.14.9.194:9618?addrs=10.14.9.194-9618&alias=node2194.cluster.ldas.cit&noUDP&sock=slot1_2_189911_3ac4_88820>
...
040 (113449763.000.000) 2023-03-29 17:38:27 Finished transferring input files
...
001 (113449763.000.000) 2023-03-29 17:38:28 Job executing on host: <10.14.9.194:9618?addrs=10.14.9.194-9618&alias=node2194.cluster.ldas.cit&noUDP&sock=startd_189641_87e3>
...
006 (113449763.000.000) 2023-03-29 17:38:28 Image size of job updated: 1
	0  -  MemoryUsage of job (MB)
	0  -  ResidentSetSize of job (KB)
...
040 (113449763.000.000) 2023-03-29 17:38:28 Started transferring output files
...
040 (113449763.000.000) 2023-03-29 17:38:28 Finished transferring output files
...
005 (113449763.000.000) 2023-03-29 17:38:28 Job terminated.
	(1) Normal termination (return value 127)
		Usr 0 00:00:00, Sys 0 00:00:00  -  Run Remote Usage
		Usr 0 00:00:00, Sys 0 00:00:00  -  Run Local Usage
		Usr 0 00:00:00, Sys 0 00:00:00  -  Total Remote Usage
		Usr 0 00:00:00, Sys 0 00:00:00  -  Total Local Usage
	407  -  Run Bytes Sent By Job
	375  -  Run Bytes Received By Job
	407  -  Total Bytes Sent By Job
	375  -  Total Bytes Received By Job
	Partitionable Resources :    Usage  Request Allocated 
	   Cpus                 :                 1         1 
	   Disk (KB)            :       14   500000    561711 
	   GPUs                 :                           0 
	   Memory (MB)          :        0    20000     20096 

	Job terminated of its own accord at 2023-03-30T00:38:28Z with exit-code 127.
...
000 (113471321.000.000) 2023-03-31 13:47:43 Job submitted from host: <10.14.0.160:9618?addrs=10.14.0.160-9618&alias=ldas-pcdev2.ligo.caltech.edu&noUDP&sock=schedd_7450_a8a7>
    DAG Node: 738
...
022 (113471321.000.000) 2023-03-31 13:53:08 Job disconnected, attempting to reconnect
    Socket between submit and execute hosts closed unexpectedly
    Trying to reconnect to slot1_3@node2267.cluster.ldas.cit <10.14.10.17:9618?addrs=10.14.10.17-9618&alias=node2267.cluster.ldas.cit&noUDP&sock=startd_3479_e213>
...
024 (113471321.000.000) 2023-03-31 13:53:16 Job reconnection failed
    Job not found at execution machine
    Can not reconnect to slot1_3@node2267.cluster.ldas.cit, rescheduling job
...
040 (113471321.000.000) 2023-03-31 13:55:06 Started transferring input files
	Transferring to host: <10.14.3.47:9618?addrs=10.14.3.47-9618&alias=node547.cluster.ldas.cit&noUDP&sock=slot1_5_344813_b39f_29258>
...
040 (113471321.000.000) 2023-03-31 13:55:06 Finished transferring input files
...
001 (113471321.000.000) 2023-03-31 13:55:07 Job executing on host: <10.14.3.47:9618?addrs=10.14.3.47-9618&alias=node547.cluster.ldas.cit&noUDP&sock=startd_344776_3cbb>
...
006 (113471321.000.000) 2023-03-31 13:55:16 Image size of job updated: 313384
	141  -  MemoryUsage of job (MB)
	143984  -  ResidentSetSize of job (KB)
...
006 (113471321.000.000) 2023-03-31 14:00:17 Image size of job updated: 3936556
	523  -  MemoryUsage of job (MB)
	534632  -  ResidentSetSize of job (KB)
...
006 (113471321.000.000) 2023-03-31 14:05:18 Image size of job updated: 3946272
	534  -  MemoryUsage of job (MB)
	546232  -  ResidentSetSize of job (KB)
...
006 (113471321.000.000) 2023-03-31 14:10:18 Image size of job updated: 4055560
	608  -  MemoryUsage of job (MB)
	622412  -  ResidentSetSize of job (KB)
...
006 (113471321.000.000) 2023-03-31 14:15:18 Image size of job updated: 4058068
	613  -  MemoryUsage of job (MB)
	626748  -  ResidentSetSize of job (KB)
...
006 (113471321.000.000) 2023-03-31 14:20:19 Image size of job updated: 4072020
	627  -  MemoryUsage of job (MB)
	641920  -  ResidentSetSize of job (KB)
...
006 (113471321.000.000) 2023-03-31 14:25:19 Image size of job updated: 4074568
	631  -  MemoryUsage of job (MB)
	645412  -  ResidentSetSize of job (KB)
...
006 (113471321.000.000) 2023-03-31 14:30:19 Image size of job updated: 4090692
	645  -  MemoryUsage of job (MB)
	659628  -  ResidentSetSize of job (KB)
...
006 (113471321.000.000) 2023-03-31 14:35:20 Image size of job updated: 4090692
	645  -  MemoryUsage of job (MB)
	660028  -  ResidentSetSize of job (KB)
...
006 (113471321.000.000) 2023-03-31 14:40:20 Image size of job updated: 4119584
	651  -  MemoryUsage of job (MB)
	665636  -  ResidentSetSize of job (KB)
...
006 (113471321.000.000) 2023-03-31 14:45:20 Image size of job updated: 4119584
	651  -  MemoryUsage of job (MB)
	666212  -  ResidentSetSize of job (KB)
...
006 (113471321.000.000) 2023-03-31 14:50:21 Image size of job updated: 4123828
	658  -  MemoryUsage of job (MB)
	672844  -  ResidentSetSize of job (KB)
...
006 (113471321.000.000) 2023-03-31 14:55:22 Image size of job updated: 4123828
	755  -  MemoryUsage of job (MB)
	772944  -  ResidentSetSize of job (KB)
...
006 (113471321.000.000) 2023-03-31 15:00:22 Image size of job updated: 4123828
	891  -  MemoryUsage of job (MB)
	911440  -  ResidentSetSize of job (KB)
...
006 (113471321.000.000) 2023-03-31 15:05:23 Image size of job updated: 4123828
	904  -  MemoryUsage of job (MB)
	924680  -  ResidentSetSize of job (KB)
...
006 (113471321.000.000) 2023-03-31 15:10:24 Image size of job updated: 4123828
	904  -  MemoryUsage of job (MB)
	924696  -  ResidentSetSize of job (KB)
...
006 (113471321.000.000) 2023-03-31 15:15:24 Image size of job updated: 4139416
	905  -  MemoryUsage of job (MB)
	926236  -  ResidentSetSize of job (KB)
...
006 (113471321.000.000) 2023-03-31 15:20:25 Image size of job updated: 4139416
	905  -  MemoryUsage of job (MB)
	926380  -  ResidentSetSize of job (KB)
...
006 (113471321.000.000) 2023-03-31 15:25:26 Image size of job updated: 4150976
	905  -  MemoryUsage of job (MB)
	926380  -  ResidentSetSize of job (KB)
...
006 (113471321.000.000) 2023-03-31 15:35:27 Image size of job updated: 4152000
	922  -  MemoryUsage of job (MB)
	944064  -  ResidentSetSize of job (KB)
...
006 (113471321.000.000) 2023-03-31 15:40:28 Image size of job updated: 4152000
	922  -  MemoryUsage of job (MB)
	944084  -  ResidentSetSize of job (KB)
...
006 (113471321.000.000) 2023-03-31 15:55:29 Image size of job updated: 4152000
	924  -  MemoryUsage of job (MB)
	945584  -  ResidentSetSize of job (KB)
...
006 (113471321.000.000) 2023-03-31 16:00:29 Image size of job updated: 4152000
	924  -  MemoryUsage of job (MB)
	945600  -  ResidentSetSize of job (KB)
...
006 (113471321.000.000) 2023-03-31 16:05:29 Image size of job updated: 4184536
	926  -  MemoryUsage of job (MB)
	947508  -  ResidentSetSize of job (KB)
...
006 (113471321.000.000) 2023-03-31 16:10:30 Image size of job updated: 4184536
	926  -  MemoryUsage of job (MB)
	947980  -  ResidentSetSize of job (KB)
...
006 (113471321.000.000) 2023-03-31 16:15:30 Image size of job updated: 4184536
	926  -  MemoryUsage of job (MB)
	947996  -  ResidentSetSize of job (KB)
...
006 (113471321.000.000) 2023-03-31 16:20:30 Image size of job updated: 4184536
	928  -  MemoryUsage of job (MB)
	949472  -  ResidentSetSize of job (KB)
...
006 (113471321.000.000) 2023-03-31 16:23:46 Image size of job updated: 7953120
	928  -  MemoryUsage of job (MB)
	949472  -  ResidentSetSize of job (KB)
...
040 (113471321.000.000) 2023-03-31 16:23:46 Started transferring output files
...
040 (113471321.000.000) 2023-03-31 16:23:46 Finished transferring output files
...
005 (113471321.000.000) 2023-03-31 16:23:46 Job terminated.
	(1) Normal termination (return value 0)
		Usr 0 08:29:03, Sys 0 00:01:40  -  Run Remote Usage
		Usr 0 00:00:00, Sys 0 00:00:00  -  Run Local Usage
		Usr 0 08:29:03, Sys 0 00:01:40  -  Total Remote Usage
		Usr 0 00:00:00, Sys 0 00:00:00  -  Total Local Usage
	357983  -  Run Bytes Sent By Job
	375  -  Run Bytes Received By Job
	357983  -  Total Bytes Sent By Job
	375  -  Total Bytes Received By Job
	Partitionable Resources :    Usage  Request Allocated 
	   Cpus                 :     3.24        1         1 
	   Disk (KB)            :   371      500000    609620 
	   GPUs                 :                           0 
	   Memory (MB)          :   928       20000     20096 

	Job terminated of its own accord at 2023-03-31T23:23:46Z with exit-code 0.
...
