000 (113449413.000.000) 2023-03-29 17:01:28 Job submitted from host: <10.14.0.160:9618?addrs=10.14.0.160-9618&alias=ldas-pcdev2.ligo.caltech.edu&noUDP&sock=schedd_7450_a8a7>
    DAG Node: 894
...
040 (113449413.000.000) 2023-03-29 17:10:46 Started transferring input files
	Transferring to host: <10.14.3.4:9618?addrs=10.14.3.4-9618&alias=node504.cluster.ldas.cit&noUDP&sock=slot1_1_1209135_bdaa_26782>
...
040 (113449413.000.000) 2023-03-29 17:10:46 Finished transferring input files
...
001 (113449413.000.000) 2023-03-29 17:10:47 Job executing on host: <10.14.3.4:9618?addrs=10.14.3.4-9618&alias=node504.cluster.ldas.cit&noUDP&sock=startd_1209099_ec87>
...
006 (113449413.000.000) 2023-03-29 17:10:56 Image size of job updated: 107240
	5  -  MemoryUsage of job (MB)
	4964  -  ResidentSetSize of job (KB)
...
006 (113449413.000.000) 2023-03-29 17:15:57 Image size of job updated: 4344740
	424  -  MemoryUsage of job (MB)
	433432  -  ResidentSetSize of job (KB)
...
006 (113449413.000.000) 2023-03-29 17:20:57 Image size of job updated: 4419596
	424  -  MemoryUsage of job (MB)
	433432  -  ResidentSetSize of job (KB)
...
006 (113449413.000.000) 2023-03-29 17:46:00 Image size of job updated: 4419596
	547  -  MemoryUsage of job (MB)
	559552  -  ResidentSetSize of job (KB)
...
006 (113449413.000.000) 2023-03-29 17:51:01 Image size of job updated: 4419596
	551  -  MemoryUsage of job (MB)
	563444  -  ResidentSetSize of job (KB)
...
006 (113449413.000.000) 2023-03-29 17:56:01 Image size of job updated: 4419596
	646  -  MemoryUsage of job (MB)
	661320  -  ResidentSetSize of job (KB)
...
006 (113449413.000.000) 2023-03-29 18:01:02 Image size of job updated: 4419596
	647  -  MemoryUsage of job (MB)
	661660  -  ResidentSetSize of job (KB)
...
006 (113449413.000.000) 2023-03-29 18:06:03 Image size of job updated: 4419596
	674  -  MemoryUsage of job (MB)
	689840  -  ResidentSetSize of job (KB)
...
006 (113449413.000.000) 2023-03-29 18:11:03 Image size of job updated: 4419596
	678  -  MemoryUsage of job (MB)
	693940  -  ResidentSetSize of job (KB)
...
006 (113449413.000.000) 2023-03-29 18:16:04 Image size of job updated: 4419596
	684  -  MemoryUsage of job (MB)
	700060  -  ResidentSetSize of job (KB)
...
006 (113449413.000.000) 2023-03-29 18:21:05 Image size of job updated: 4419596
	691  -  MemoryUsage of job (MB)
	706828  -  ResidentSetSize of job (KB)
...
006 (113449413.000.000) 2023-03-29 18:26:05 Image size of job updated: 4419596
	710  -  MemoryUsage of job (MB)
	726684  -  ResidentSetSize of job (KB)
...
006 (113449413.000.000) 2023-03-29 18:31:06 Image size of job updated: 4419596
	722  -  MemoryUsage of job (MB)
	738848  -  ResidentSetSize of job (KB)
...
006 (113449413.000.000) 2023-03-29 18:36:07 Image size of job updated: 4419596
	722  -  MemoryUsage of job (MB)
	739056  -  ResidentSetSize of job (KB)
...
006 (113449413.000.000) 2023-03-29 18:41:07 Image size of job updated: 4423232
	750  -  MemoryUsage of job (MB)
	767452  -  ResidentSetSize of job (KB)
...
006 (113449413.000.000) 2023-03-29 18:46:08 Image size of job updated: 4423232
	750  -  MemoryUsage of job (MB)
	767460  -  ResidentSetSize of job (KB)
...
006 (113449413.000.000) 2023-03-29 18:51:09 Image size of job updated: 4433072
	760  -  MemoryUsage of job (MB)
	777856  -  ResidentSetSize of job (KB)
...
006 (113449413.000.000) 2023-03-29 18:56:09 Image size of job updated: 4433368
	760  -  MemoryUsage of job (MB)
	778152  -  ResidentSetSize of job (KB)
...
006 (113449413.000.000) 2023-03-29 19:01:09 Image size of job updated: 4459972
	786  -  MemoryUsage of job (MB)
	804712  -  ResidentSetSize of job (KB)
...
006 (113449413.000.000) 2023-03-29 19:06:10 Image size of job updated: 4460464
	787  -  MemoryUsage of job (MB)
	805528  -  ResidentSetSize of job (KB)
...
006 (113449413.000.000) 2023-03-29 19:11:10 Image size of job updated: 4470840
	793  -  MemoryUsage of job (MB)
	811684  -  ResidentSetSize of job (KB)
...
006 (113449413.000.000) 2023-03-29 19:16:10 Image size of job updated: 4470840
	794  -  MemoryUsage of job (MB)
	812132  -  ResidentSetSize of job (KB)
...
006 (113449413.000.000) 2023-03-29 19:21:11 Image size of job updated: 4474880
	801  -  MemoryUsage of job (MB)
	820120  -  ResidentSetSize of job (KB)
...
006 (113449413.000.000) 2023-03-29 19:26:11 Image size of job updated: 4475724
	802  -  MemoryUsage of job (MB)
	820456  -  ResidentSetSize of job (KB)
...
006 (113449413.000.000) 2023-03-29 19:36:12 Image size of job updated: 4528156
	851  -  MemoryUsage of job (MB)
	870576  -  ResidentSetSize of job (KB)
...
006 (113449413.000.000) 2023-03-29 19:41:13 Image size of job updated: 4528224
	851  -  MemoryUsage of job (MB)
	870576  -  ResidentSetSize of job (KB)
...
006 (113449413.000.000) 2023-03-29 20:21:18 Image size of job updated: 4536056
	851  -  MemoryUsage of job (MB)
	870576  -  ResidentSetSize of job (KB)
...
006 (113449413.000.000) 2023-03-29 21:26:25 Image size of job updated: 4536056
	855  -  MemoryUsage of job (MB)
	875108  -  ResidentSetSize of job (KB)
...
006 (113449413.000.000) 2023-03-29 21:31:26 Image size of job updated: 4602996
	858  -  MemoryUsage of job (MB)
	878268  -  ResidentSetSize of job (KB)
...
006 (113449413.000.000) 2023-03-29 21:36:26 Image size of job updated: 4602996
	860  -  MemoryUsage of job (MB)
	880100  -  ResidentSetSize of job (KB)
...
006 (113449413.000.000) 2023-03-29 21:46:28 Image size of job updated: 4609332
	865  -  MemoryUsage of job (MB)
	885588  -  ResidentSetSize of job (KB)
...
006 (113449413.000.000) 2023-03-29 21:51:28 Image size of job updated: 4609332
	867  -  MemoryUsage of job (MB)
	887616  -  ResidentSetSize of job (KB)
...
006 (113449413.000.000) 2023-03-29 21:56:29 Image size of job updated: 4667272
	916  -  MemoryUsage of job (MB)
	937124  -  ResidentSetSize of job (KB)
...
006 (113449413.000.000) 2023-03-29 22:01:30 Image size of job updated: 4667272
	916  -  MemoryUsage of job (MB)
	937560  -  ResidentSetSize of job (KB)
...
006 (113449413.000.000) 2023-03-29 22:11:30 Image size of job updated: 4667272
	939  -  MemoryUsage of job (MB)
	960564  -  ResidentSetSize of job (KB)
...
006 (113449413.000.000) 2023-03-29 22:16:31 Image size of job updated: 4667272
	946  -  MemoryUsage of job (MB)
	968000  -  ResidentSetSize of job (KB)
...
006 (113449413.000.000) 2023-03-29 22:21:32 Image size of job updated: 4680608
	947  -  MemoryUsage of job (MB)
	968896  -  ResidentSetSize of job (KB)
...
006 (113449413.000.000) 2023-03-29 22:36:34 Image size of job updated: 4680608
	947  -  MemoryUsage of job (MB)
	969656  -  ResidentSetSize of job (KB)
...
006 (113449413.000.000) 2023-03-29 22:41:34 Image size of job updated: 4699768
	973  -  MemoryUsage of job (MB)
	995988  -  ResidentSetSize of job (KB)
...
006 (113449413.000.000) 2023-03-29 22:46:34 Image size of job updated: 4699768
	984  -  MemoryUsage of job (MB)
	1006788  -  ResidentSetSize of job (KB)
...
006 (113449413.000.000) 2023-03-29 23:06:37 Image size of job updated: 4699768
	994  -  MemoryUsage of job (MB)
	1017556  -  ResidentSetSize of job (KB)
...
006 (113449413.000.000) 2023-03-29 23:11:38 Image size of job updated: 4721232
	1031  -  MemoryUsage of job (MB)
	1055112  -  ResidentSetSize of job (KB)
...
006 (113449413.000.000) 2023-03-29 23:16:38 Image size of job updated: 4721232
	1032  -  MemoryUsage of job (MB)
	1055920  -  ResidentSetSize of job (KB)
...
006 (113449413.000.000) 2023-03-29 23:21:39 Image size of job updated: 4723848
	1034  -  MemoryUsage of job (MB)
	1057884  -  ResidentSetSize of job (KB)
...
006 (113449413.000.000) 2023-03-29 23:31:40 Image size of job updated: 4723848
	1034  -  MemoryUsage of job (MB)
	1058680  -  ResidentSetSize of job (KB)
...
006 (113449413.000.000) 2023-03-29 23:36:41 Image size of job updated: 4723848
	1039  -  MemoryUsage of job (MB)
	1063168  -  ResidentSetSize of job (KB)
...
006 (113449413.000.000) 2023-03-29 23:41:42 Image size of job updated: 4723848
	1040  -  MemoryUsage of job (MB)
	1064912  -  ResidentSetSize of job (KB)
...
006 (113449413.000.000) 2023-03-29 23:46:42 Image size of job updated: 4723848
	1061  -  MemoryUsage of job (MB)
	1085520  -  ResidentSetSize of job (KB)
...
006 (113449413.000.000) 2023-03-30 00:06:43 Image size of job updated: 4749124
	1061  -  MemoryUsage of job (MB)
	1085520  -  ResidentSetSize of job (KB)
...
006 (113449413.000.000) 2023-03-30 00:21:45 Image size of job updated: 4850152
	1075  -  MemoryUsage of job (MB)
	1099864  -  ResidentSetSize of job (KB)
...
006 (113449413.000.000) 2023-03-30 00:31:47 Image size of job updated: 4850152
	1082  -  MemoryUsage of job (MB)
	1107376  -  ResidentSetSize of job (KB)
...
006 (113449413.000.000) 2023-03-30 00:46:48 Image size of job updated: 4850152
	1084  -  MemoryUsage of job (MB)
	1109184  -  ResidentSetSize of job (KB)
...
006 (113449413.000.000) 2023-03-30 00:51:48 Image size of job updated: 4850152
	1105  -  MemoryUsage of job (MB)
	1130904  -  ResidentSetSize of job (KB)
...
006 (113449413.000.000) 2023-03-30 00:56:48 Image size of job updated: 4850152
	1128  -  MemoryUsage of job (MB)
	1154744  -  ResidentSetSize of job (KB)
...
006 (113449413.000.000) 2023-03-30 01:21:52 Image size of job updated: 4850152
	1131  -  MemoryUsage of job (MB)
	1157892  -  ResidentSetSize of job (KB)
...
006 (113449413.000.000) 2023-03-30 01:26:52 Image size of job updated: 4850152
	1132  -  MemoryUsage of job (MB)
	1159120  -  ResidentSetSize of job (KB)
...
006 (113449413.000.000) 2023-03-30 01:31:52 Image size of job updated: 4850152
	1135  -  MemoryUsage of job (MB)
	1162076  -  ResidentSetSize of job (KB)
...
006 (113449413.000.000) 2023-03-30 01:36:54 Image size of job updated: 4850152
	1138  -  MemoryUsage of job (MB)
	1164496  -  ResidentSetSize of job (KB)
...
006 (113449413.000.000) 2023-03-30 01:41:54 Image size of job updated: 4850152
	1145  -  MemoryUsage of job (MB)
	1172292  -  ResidentSetSize of job (KB)
...
006 (113449413.000.000) 2023-03-30 02:01:56 Image size of job updated: 4850152
	1149  -  MemoryUsage of job (MB)
	1176144  -  ResidentSetSize of job (KB)
...
006 (113449413.000.000) 2023-03-30 02:16:58 Image size of job updated: 4850152
	1153  -  MemoryUsage of job (MB)
	1179788  -  ResidentSetSize of job (KB)
...
006 (113449413.000.000) 2023-03-30 02:21:59 Image size of job updated: 4850152
	1160  -  MemoryUsage of job (MB)
	1186900  -  ResidentSetSize of job (KB)
...
006 (113449413.000.000) 2023-03-30 02:37:00 Image size of job updated: 4850152
	1166  -  MemoryUsage of job (MB)
	1193904  -  ResidentSetSize of job (KB)
...
006 (113449413.000.000) 2023-03-30 02:42:02 Image size of job updated: 4850152
	1167  -  MemoryUsage of job (MB)
	1194340  -  ResidentSetSize of job (KB)
...
006 (113449413.000.000) 2023-03-30 03:12:04 Image size of job updated: 4850152
	1167  -  MemoryUsage of job (MB)
	1194936  -  ResidentSetSize of job (KB)
...
006 (113449413.000.000) 2023-03-30 03:17:05 Image size of job updated: 4850152
	1172  -  MemoryUsage of job (MB)
	1199700  -  ResidentSetSize of job (KB)
...
006 (113449413.000.000) 2023-03-30 03:22:05 Image size of job updated: 4850152
	1180  -  MemoryUsage of job (MB)
	1207800  -  ResidentSetSize of job (KB)
...
006 (113449413.000.000) 2023-03-30 03:37:07 Image size of job updated: 4850152
	1181  -  MemoryUsage of job (MB)
	1208424  -  ResidentSetSize of job (KB)
...
006 (113449413.000.000) 2023-03-30 03:42:07 Image size of job updated: 4850152
	1182  -  MemoryUsage of job (MB)
	1209956  -  ResidentSetSize of job (KB)
...
006 (113449413.000.000) 2023-03-30 03:52:08 Image size of job updated: 4854948
	1182  -  MemoryUsage of job (MB)
	1209956  -  ResidentSetSize of job (KB)
...
006 (113449413.000.000) 2023-03-30 03:57:08 Image size of job updated: 4854948
	1183  -  MemoryUsage of job (MB)
	1210472  -  ResidentSetSize of job (KB)
...
006 (113449413.000.000) 2023-03-30 04:02:08 Image size of job updated: 4854948
	1183  -  MemoryUsage of job (MB)
	1210872  -  ResidentSetSize of job (KB)
...
006 (113449413.000.000) 2023-03-30 04:07:09 Image size of job updated: 4854948
	1185  -  MemoryUsage of job (MB)
	1213104  -  ResidentSetSize of job (KB)
...
006 (113449413.000.000) 2023-03-30 04:17:09 Image size of job updated: 4864508
	1195  -  MemoryUsage of job (MB)
	1223336  -  ResidentSetSize of job (KB)
...
006 (113449413.000.000) 2023-03-30 04:22:10 Image size of job updated: 4864508
	1198  -  MemoryUsage of job (MB)
	1226004  -  ResidentSetSize of job (KB)
...
006 (113449413.000.000) 2023-03-30 04:27:11 Image size of job updated: 4869172
	1198  -  MemoryUsage of job (MB)
	1226004  -  ResidentSetSize of job (KB)
...
006 (113449413.000.000) 2023-03-30 04:32:11 Image size of job updated: 4869172
	1202  -  MemoryUsage of job (MB)
	1230184  -  ResidentSetSize of job (KB)
...
006 (113449413.000.000) 2023-03-30 04:37:11 Image size of job updated: 4869172
	1202  -  MemoryUsage of job (MB)
	1230744  -  ResidentSetSize of job (KB)
...
006 (113449413.000.000) 2023-03-30 04:47:12 Image size of job updated: 4888412
	1206  -  MemoryUsage of job (MB)
	1234692  -  ResidentSetSize of job (KB)
...
006 (113449413.000.000) 2023-03-30 04:52:12 Image size of job updated: 4888412
	1207  -  MemoryUsage of job (MB)
	1235160  -  ResidentSetSize of job (KB)
...
006 (113449413.000.000) 2023-03-30 05:17:15 Image size of job updated: 4913048
	1224  -  MemoryUsage of job (MB)
	1252508  -  ResidentSetSize of job (KB)
...
006 (113449413.000.000) 2023-03-30 05:32:17 Image size of job updated: 4913048
	1242  -  MemoryUsage of job (MB)
	1271444  -  ResidentSetSize of job (KB)
...
006 (113449413.000.000) 2023-03-30 05:37:17 Image size of job updated: 4913048
	1286  -  MemoryUsage of job (MB)
	1316364  -  ResidentSetSize of job (KB)
...
006 (113449413.000.000) 2023-03-30 06:02:19 Image size of job updated: 4913048
	1299  -  MemoryUsage of job (MB)
	1329504  -  ResidentSetSize of job (KB)
...
006 (113449413.000.000) 2023-03-30 06:22:22 Image size of job updated: 4916828
	1304  -  MemoryUsage of job (MB)
	1334536  -  ResidentSetSize of job (KB)
...
006 (113449413.000.000) 2023-03-30 06:27:22 Image size of job updated: 4916828
	1304  -  MemoryUsage of job (MB)
	1335068  -  ResidentSetSize of job (KB)
...
006 (113449413.000.000) 2023-03-30 06:32:23 Image size of job updated: 4916828
	1308  -  MemoryUsage of job (MB)
	1338608  -  ResidentSetSize of job (KB)
...
006 (113449413.000.000) 2023-03-30 06:47:25 Image size of job updated: 4924512
	1313  -  MemoryUsage of job (MB)
	1344464  -  ResidentSetSize of job (KB)
...
006 (113449413.000.000) 2023-03-30 06:52:26 Image size of job updated: 4924512
	1314  -  MemoryUsage of job (MB)
	1345048  -  ResidentSetSize of job (KB)
...
006 (113449413.000.000) 2023-03-30 07:02:27 Image size of job updated: 4931440
	1315  -  MemoryUsage of job (MB)
	1346408  -  ResidentSetSize of job (KB)
...
006 (113449413.000.000) 2023-03-30 07:42:30 Image size of job updated: 4931440
	1319  -  MemoryUsage of job (MB)
	1350300  -  ResidentSetSize of job (KB)
...
006 (113449413.000.000) 2023-03-30 07:52:31 Image size of job updated: 4935668
	1324  -  MemoryUsage of job (MB)
	1355268  -  ResidentSetSize of job (KB)
...
006 (113449413.000.000) 2023-03-30 07:57:31 Image size of job updated: 4935668
	1326  -  MemoryUsage of job (MB)
	1356936  -  ResidentSetSize of job (KB)
...
006 (113449413.000.000) 2023-03-30 08:12:33 Image size of job updated: 4940140
	1329  -  MemoryUsage of job (MB)
	1360820  -  ResidentSetSize of job (KB)
...
006 (113449413.000.000) 2023-03-30 08:17:33 Image size of job updated: 4940140
	1333  -  MemoryUsage of job (MB)
	1364852  -  ResidentSetSize of job (KB)
...
006 (113449413.000.000) 2023-03-30 08:27:35 Image size of job updated: 4940140
	1470  -  MemoryUsage of job (MB)
	1504448  -  ResidentSetSize of job (KB)
...
006 (113449413.000.000) 2023-03-30 08:32:35 Image size of job updated: 4961380
	1470  -  MemoryUsage of job (MB)
	1504448  -  ResidentSetSize of job (KB)
...
006 (113449413.000.000) 2023-03-30 08:42:37 Image size of job updated: 4970756
	1470  -  MemoryUsage of job (MB)
	1504448  -  ResidentSetSize of job (KB)
...
006 (113449413.000.000) 2023-03-30 09:47:42 Image size of job updated: 4979156
	1470  -  MemoryUsage of job (MB)
	1504448  -  ResidentSetSize of job (KB)
...
006 (113449413.000.000) 2023-03-30 10:27:45 Image size of job updated: 4989404
	1470  -  MemoryUsage of job (MB)
	1504448  -  ResidentSetSize of job (KB)
...
006 (113449413.000.000) 2023-03-30 11:17:50 Image size of job updated: 5000484
	1470  -  MemoryUsage of job (MB)
	1504448  -  ResidentSetSize of job (KB)
...
006 (113449413.000.000) 2023-03-30 12:37:58 Image size of job updated: 5152224
	1470  -  MemoryUsage of job (MB)
	1504448  -  ResidentSetSize of job (KB)
...
004 (113449413.000.000) 2023-03-30 17:11:24 Job was evicted.
	(0) CPU times
		Usr 2 22:50:35, Sys 0 00:10:51  -  Run Remote Usage
		Usr 0 00:00:00, Sys 0 00:00:00  -  Run Local Usage
	0  -  Run Bytes Sent By Job
	381  -  Run Bytes Received By Job
	Partitionable Resources :    Usage  Request Allocated 
	   Cpus                 :     2.75        1         1 
	   Disk (KB)            :  1503      500000    609612 
	   GPUs                 :                           0 
	   Memory (MB)          :  1470       20000     20096 
...
040 (113449413.000.000) 2023-03-30 17:16:29 Started transferring input files
	Transferring to host: <10.14.4.13:9618?addrs=10.14.4.13-9618&alias=node763.cluster.ldas.cit&noUDP&sock=slot1_11_3675407_796c_1945>
...
040 (113449413.000.000) 2023-03-30 17:16:29 Finished transferring input files
...
001 (113449413.000.000) 2023-03-30 17:16:30 Job executing on host: <10.14.4.13:9618?addrs=10.14.4.13-9618&alias=node763.cluster.ldas.cit&noUDP&sock=startd_3675368_528d>
...
006 (113449413.000.000) 2023-03-31 01:15:21 Image size of job updated: 10176004
	1709  -  MemoryUsage of job (MB)
	1750000  -  ResidentSetSize of job (KB)
...
040 (113449413.000.000) 2023-03-31 01:16:19 Started transferring output files
...
040 (113449413.000.000) 2023-03-31 01:16:19 Finished transferring output files
...
005 (113449413.000.000) 2023-03-31 01:16:19 Job terminated.
	(1) Normal termination (return value 0)
		Usr 0 23:15:21, Sys 0 00:06:38  -  Run Remote Usage
		Usr 0 00:00:00, Sys 0 00:00:00  -  Run Local Usage
		Usr 3 22:05:56, Sys 0 00:17:29  -  Total Remote Usage
		Usr 0 00:00:00, Sys 0 00:00:00  -  Total Local Usage
	207415  -  Run Bytes Sent By Job
	381  -  Run Bytes Received By Job
	207415  -  Total Bytes Sent By Job
	762  -  Total Bytes Received By Job
	Partitionable Resources :    Usage  Request Allocated 
	   Cpus                 :     0.99        1         1 
	   Disk (KB)            :   226      500000    609620 
	   GPUs                 :                           0 
	   Memory (MB)          :  1709       20000     20096 

	Job terminated of its own accord at 2023-03-31T08:16:19Z with exit-code 0.
...
000 (113484497.000.000) 2023-04-01 14:22:48 Job submitted from host: <10.14.0.160:9618?addrs=10.14.0.160-9618&alias=ldas-pcdev2.ligo.caltech.edu&noUDP&sock=schedd_7450_a8a7>
    DAG Node: 894
...
040 (113484497.000.000) 2023-04-01 14:24:44 Started transferring input files
	Transferring to host: <10.14.10.74:9618?addrs=10.14.10.74-9618&alias=node2324.cluster.ldas.cit&noUDP&sock=slot1_15_1200339_29c4_8536>
...
040 (113484497.000.000) 2023-04-01 14:24:44 Finished transferring input files
...
001 (113484497.000.000) 2023-04-01 14:24:45 Job executing on host: <10.14.10.74:9618?addrs=10.14.10.74-9618&alias=node2324.cluster.ldas.cit&noUDP&sock=startd_1200297_7bea>
...
006 (113484497.000.000) 2023-04-01 14:24:54 Image size of job updated: 127648
	100  -  MemoryUsage of job (MB)
	101952  -  ResidentSetSize of job (KB)
...
006 (113484497.000.000) 2023-04-01 14:24:59 Image size of job updated: 467208
	100  -  MemoryUsage of job (MB)
	101952  -  ResidentSetSize of job (KB)
...
040 (113484497.000.000) 2023-04-01 14:24:59 Started transferring output files
...
040 (113484497.000.000) 2023-04-01 14:24:59 Finished transferring output files
...
005 (113484497.000.000) 2023-04-01 14:24:59 Job terminated.
	(1) Normal termination (return value 0)
		Usr 0 00:00:11, Sys 0 00:00:00  -  Run Remote Usage
		Usr 0 00:00:00, Sys 0 00:00:00  -  Run Local Usage
		Usr 0 00:00:11, Sys 0 00:00:00  -  Total Remote Usage
		Usr 0 00:00:00, Sys 0 00:00:00  -  Total Local Usage
	6429  -  Run Bytes Sent By Job
	381  -  Run Bytes Received By Job
	6429  -  Total Bytes Sent By Job
	381  -  Total Bytes Received By Job
	Partitionable Resources :    Usage  Request Allocated 
	   Cpus                 :                 1         1 
	   Disk (KB)            :       21   500000    624256 
	   GPUs                 :                           0 
	   Memory (MB)          :      100    20000     20096 

	Job terminated of its own accord at 2023-04-01T21:24:59Z with exit-code 0.
...
