000 (113449548.000.000) 2023-03-29 17:01:30 Job submitted from host: <10.14.0.160:9618?addrs=10.14.0.160-9618&alias=ldas-pcdev2.ligo.caltech.edu&noUDP&sock=schedd_7450_a8a7>
    DAG Node: 886
...
040 (113449548.000.000) 2023-03-29 17:20:20 Started transferring input files
	Transferring to host: <10.14.9.85:9618?addrs=10.14.9.85-9618&alias=node2085.cluster.ldas.cit&noUDP&sock=slot1_7_314696_8cf6_1554>
...
040 (113449548.000.000) 2023-03-29 17:20:20 Finished transferring input files
...
001 (113449548.000.000) 2023-03-29 17:20:21 Job executing on host: <10.14.9.85:9618?addrs=10.14.9.85-9618&alias=node2085.cluster.ldas.cit&noUDP&sock=startd_314656_6c29>
...
006 (113449548.000.000) 2023-03-29 17:20:29 Image size of job updated: 215916
	190  -  MemoryUsage of job (MB)
	194480  -  ResidentSetSize of job (KB)
...
006 (113449548.000.000) 2023-03-29 17:25:29 Image size of job updated: 4748052
	190  -  MemoryUsage of job (MB)
	194480  -  ResidentSetSize of job (KB)
...
006 (113449548.000.000) 2023-03-29 17:30:30 Image size of job updated: 4748052
	383  -  MemoryUsage of job (MB)
	391524  -  ResidentSetSize of job (KB)
...
006 (113449548.000.000) 2023-03-29 17:35:30 Image size of job updated: 4748052
	396  -  MemoryUsage of job (MB)
	405368  -  ResidentSetSize of job (KB)
...
006 (113449548.000.000) 2023-03-29 17:40:30 Image size of job updated: 4748352
	671  -  MemoryUsage of job (MB)
	686984  -  ResidentSetSize of job (KB)
...
006 (113449548.000.000) 2023-03-29 17:45:31 Image size of job updated: 4753192
	787  -  MemoryUsage of job (MB)
	805148  -  ResidentSetSize of job (KB)
...
006 (113449548.000.000) 2023-03-29 17:50:32 Image size of job updated: 4769016
	803  -  MemoryUsage of job (MB)
	821324  -  ResidentSetSize of job (KB)
...
006 (113449548.000.000) 2023-03-29 17:55:32 Image size of job updated: 4772736
	806  -  MemoryUsage of job (MB)
	825248  -  ResidentSetSize of job (KB)
...
006 (113449548.000.000) 2023-03-29 18:00:33 Image size of job updated: 4805016
	838  -  MemoryUsage of job (MB)
	857492  -  ResidentSetSize of job (KB)
...
006 (113449548.000.000) 2023-03-29 18:05:34 Image size of job updated: 4805400
	838  -  MemoryUsage of job (MB)
	857780  -  ResidentSetSize of job (KB)
...
006 (113449548.000.000) 2023-03-29 18:10:34 Image size of job updated: 4845776
	882  -  MemoryUsage of job (MB)
	902584  -  ResidentSetSize of job (KB)
...
006 (113449548.000.000) 2023-03-29 18:15:34 Image size of job updated: 4860128
	892  -  MemoryUsage of job (MB)
	912900  -  ResidentSetSize of job (KB)
...
006 (113449548.000.000) 2023-03-29 18:20:35 Image size of job updated: 4871692
	922  -  MemoryUsage of job (MB)
	943532  -  ResidentSetSize of job (KB)
...
006 (113449548.000.000) 2023-03-29 18:25:35 Image size of job updated: 4871692
	923  -  MemoryUsage of job (MB)
	944620  -  ResidentSetSize of job (KB)
...
006 (113449548.000.000) 2023-03-29 18:30:35 Image size of job updated: 4893060
	944  -  MemoryUsage of job (MB)
	966092  -  ResidentSetSize of job (KB)
...
006 (113449548.000.000) 2023-03-29 18:35:36 Image size of job updated: 4898836
	970  -  MemoryUsage of job (MB)
	992408  -  ResidentSetSize of job (KB)
...
006 (113449548.000.000) 2023-03-29 18:40:37 Image size of job updated: 4913948
	1004  -  MemoryUsage of job (MB)
	1027856  -  ResidentSetSize of job (KB)
...
006 (113449548.000.000) 2023-03-29 18:45:37 Image size of job updated: 4923224
	1033  -  MemoryUsage of job (MB)
	1057636  -  ResidentSetSize of job (KB)
...
006 (113449548.000.000) 2023-03-29 18:50:38 Image size of job updated: 4934232
	1040  -  MemoryUsage of job (MB)
	1064256  -  ResidentSetSize of job (KB)
...
006 (113449548.000.000) 2023-03-29 18:55:39 Image size of job updated: 4934232
	1059  -  MemoryUsage of job (MB)
	1083660  -  ResidentSetSize of job (KB)
...
006 (113449548.000.000) 2023-03-29 19:00:39 Image size of job updated: 4944168
	1093  -  MemoryUsage of job (MB)
	1118424  -  ResidentSetSize of job (KB)
...
006 (113449548.000.000) 2023-03-29 19:05:39 Image size of job updated: 4999100
	1146  -  MemoryUsage of job (MB)
	1173008  -  ResidentSetSize of job (KB)
...
006 (113449548.000.000) 2023-03-29 19:10:40 Image size of job updated: 5002860
	1151  -  MemoryUsage of job (MB)
	1177872  -  ResidentSetSize of job (KB)
...
006 (113449548.000.000) 2023-03-29 19:15:40 Image size of job updated: 5010028
	1170  -  MemoryUsage of job (MB)
	1197532  -  ResidentSetSize of job (KB)
...
006 (113449548.000.000) 2023-03-29 19:20:40 Image size of job updated: 5010028
	1171  -  MemoryUsage of job (MB)
	1198096  -  ResidentSetSize of job (KB)
...
006 (113449548.000.000) 2023-03-29 19:40:43 Image size of job updated: 5019728
	1190  -  MemoryUsage of job (MB)
	1217720  -  ResidentSetSize of job (KB)
...
006 (113449548.000.000) 2023-03-29 19:45:44 Image size of job updated: 5019728
	1190  -  MemoryUsage of job (MB)
	1217724  -  ResidentSetSize of job (KB)
...
006 (113449548.000.000) 2023-03-29 20:00:45 Image size of job updated: 5042024
	1212  -  MemoryUsage of job (MB)
	1240084  -  ResidentSetSize of job (KB)
...
006 (113449548.000.000) 2023-03-29 20:10:45 Image size of job updated: 5080676
	1249  -  MemoryUsage of job (MB)
	1278668  -  ResidentSetSize of job (KB)
...
006 (113449548.000.000) 2023-03-29 20:20:47 Image size of job updated: 5101156
	1249  -  MemoryUsage of job (MB)
	1278668  -  ResidentSetSize of job (KB)
...
006 (113449548.000.000) 2023-03-29 20:25:47 Image size of job updated: 5101156
	1251  -  MemoryUsage of job (MB)
	1280636  -  ResidentSetSize of job (KB)
...
006 (113449548.000.000) 2023-03-29 20:35:49 Image size of job updated: 5102436
	1253  -  MemoryUsage of job (MB)
	1282324  -  ResidentSetSize of job (KB)
...
006 (113449548.000.000) 2023-03-29 20:45:49 Image size of job updated: 5102436
	1253  -  MemoryUsage of job (MB)
	1282896  -  ResidentSetSize of job (KB)
...
006 (113449548.000.000) 2023-03-29 20:50:50 Image size of job updated: 5102436
	1255  -  MemoryUsage of job (MB)
	1284644  -  ResidentSetSize of job (KB)
...
006 (113449548.000.000) 2023-03-29 20:55:50 Image size of job updated: 5109256
	1271  -  MemoryUsage of job (MB)
	1301048  -  ResidentSetSize of job (KB)
...
006 (113449548.000.000) 2023-03-29 21:05:51 Image size of job updated: 5112228
	1280  -  MemoryUsage of job (MB)
	1310116  -  ResidentSetSize of job (KB)
...
006 (113449548.000.000) 2023-03-29 21:10:52 Image size of job updated: 5141516
	1297  -  MemoryUsage of job (MB)
	1327972  -  ResidentSetSize of job (KB)
...
006 (113449548.000.000) 2023-03-29 21:20:53 Image size of job updated: 5141516
	1300  -  MemoryUsage of job (MB)
	1330832  -  ResidentSetSize of job (KB)
...
006 (113449548.000.000) 2023-03-29 21:25:54 Image size of job updated: 5141516
	1302  -  MemoryUsage of job (MB)
	1332536  -  ResidentSetSize of job (KB)
...
006 (113449548.000.000) 2023-03-29 21:55:56 Image size of job updated: 5190280
	1352  -  MemoryUsage of job (MB)
	1384124  -  ResidentSetSize of job (KB)
...
006 (113449548.000.000) 2023-03-29 22:05:57 Image size of job updated: 5193440
	1352  -  MemoryUsage of job (MB)
	1384124  -  ResidentSetSize of job (KB)
...
006 (113449548.000.000) 2023-03-29 22:15:59 Image size of job updated: 5195116
	1361  -  MemoryUsage of job (MB)
	1392900  -  ResidentSetSize of job (KB)
...
006 (113449548.000.000) 2023-03-29 22:20:59 Image size of job updated: 5203804
	1369  -  MemoryUsage of job (MB)
	1401488  -  ResidentSetSize of job (KB)
...
006 (113449548.000.000) 2023-03-29 22:25:59 Image size of job updated: 5207660
	1373  -  MemoryUsage of job (MB)
	1405548  -  ResidentSetSize of job (KB)
...
006 (113449548.000.000) 2023-03-29 22:31:00 Image size of job updated: 5215500
	1375  -  MemoryUsage of job (MB)
	1407240  -  ResidentSetSize of job (KB)
...
006 (113449548.000.000) 2023-03-29 22:36:01 Image size of job updated: 5217584
	1376  -  MemoryUsage of job (MB)
	1408576  -  ResidentSetSize of job (KB)
...
006 (113449548.000.000) 2023-03-29 22:41:01 Image size of job updated: 5217584
	1378  -  MemoryUsage of job (MB)
	1410828  -  ResidentSetSize of job (KB)
...
006 (113449548.000.000) 2023-03-29 22:46:02 Image size of job updated: 5220272
	1382  -  MemoryUsage of job (MB)
	1415168  -  ResidentSetSize of job (KB)
...
006 (113449548.000.000) 2023-03-29 22:51:03 Image size of job updated: 5220272
	1385  -  MemoryUsage of job (MB)
	1417232  -  ResidentSetSize of job (KB)
...
006 (113449548.000.000) 2023-03-29 23:01:03 Image size of job updated: 5224972
	1389  -  MemoryUsage of job (MB)
	1421712  -  ResidentSetSize of job (KB)
...
006 (113449548.000.000) 2023-03-29 23:06:04 Image size of job updated: 5224972
	1390  -  MemoryUsage of job (MB)
	1422368  -  ResidentSetSize of job (KB)
...
006 (113449548.000.000) 2023-03-29 23:11:04 Image size of job updated: 5235300
	1393  -  MemoryUsage of job (MB)
	1426292  -  ResidentSetSize of job (KB)
...
006 (113449548.000.000) 2023-03-29 23:16:04 Image size of job updated: 5235300
	1396  -  MemoryUsage of job (MB)
	1428624  -  ResidentSetSize of job (KB)
...
006 (113449548.000.000) 2023-03-29 23:26:06 Image size of job updated: 5301064
	1399  -  MemoryUsage of job (MB)
	1431684  -  ResidentSetSize of job (KB)
...
006 (113449548.000.000) 2023-03-29 23:36:07 Image size of job updated: 5301064
	1401  -  MemoryUsage of job (MB)
	1434308  -  ResidentSetSize of job (KB)
...
006 (113449548.000.000) 2023-03-29 23:41:08 Image size of job updated: 5301064
	1403  -  MemoryUsage of job (MB)
	1436356  -  ResidentSetSize of job (KB)
...
006 (113449548.000.000) 2023-03-30 00:01:10 Image size of job updated: 5301064
	1425  -  MemoryUsage of job (MB)
	1458724  -  ResidentSetSize of job (KB)
...
006 (113449548.000.000) 2023-03-30 00:06:10 Image size of job updated: 5301064
	1428  -  MemoryUsage of job (MB)
	1461744  -  ResidentSetSize of job (KB)
...
006 (113449548.000.000) 2023-03-30 00:11:11 Image size of job updated: 5301064
	1429  -  MemoryUsage of job (MB)
	1463288  -  ResidentSetSize of job (KB)
...
006 (113449548.000.000) 2023-03-30 00:16:12 Image size of job updated: 5301064
	1436  -  MemoryUsage of job (MB)
	1469648  -  ResidentSetSize of job (KB)
...
006 (113449548.000.000) 2023-03-30 00:21:12 Image size of job updated: 5301064
	1437  -  MemoryUsage of job (MB)
	1470968  -  ResidentSetSize of job (KB)
...
006 (113449548.000.000) 2023-03-30 00:26:12 Image size of job updated: 5301064
	1439  -  MemoryUsage of job (MB)
	1473016  -  ResidentSetSize of job (KB)
...
006 (113449548.000.000) 2023-03-30 00:31:13 Image size of job updated: 5301064
	1444  -  MemoryUsage of job (MB)
	1478048  -  ResidentSetSize of job (KB)
...
006 (113449548.000.000) 2023-03-30 00:36:13 Image size of job updated: 5301064
	1445  -  MemoryUsage of job (MB)
	1479328  -  ResidentSetSize of job (KB)
...
006 (113449548.000.000) 2023-03-30 00:46:14 Image size of job updated: 5301064
	1450  -  MemoryUsage of job (MB)
	1483996  -  ResidentSetSize of job (KB)
...
006 (113449548.000.000) 2023-03-30 00:56:15 Image size of job updated: 5366420
	1451  -  MemoryUsage of job (MB)
	1485528  -  ResidentSetSize of job (KB)
...
006 (113449548.000.000) 2023-03-30 01:01:16 Image size of job updated: 5366420
	1452  -  MemoryUsage of job (MB)
	1486104  -  ResidentSetSize of job (KB)
...
006 (113449548.000.000) 2023-03-30 01:06:17 Image size of job updated: 5366420
	1455  -  MemoryUsage of job (MB)
	1489300  -  ResidentSetSize of job (KB)
...
006 (113449548.000.000) 2023-03-30 01:11:17 Image size of job updated: 5366420
	1459  -  MemoryUsage of job (MB)
	1493028  -  ResidentSetSize of job (KB)
...
006 (113449548.000.000) 2023-03-30 01:16:17 Image size of job updated: 5366420
	1461  -  MemoryUsage of job (MB)
	1495076  -  ResidentSetSize of job (KB)
...
006 (113449548.000.000) 2023-03-30 01:26:18 Image size of job updated: 5385980
	1463  -  MemoryUsage of job (MB)
	1497764  -  ResidentSetSize of job (KB)
...
006 (113449548.000.000) 2023-03-30 01:31:18 Image size of job updated: 5385980
	1465  -  MemoryUsage of job (MB)
	1499896  -  ResidentSetSize of job (KB)
...
006 (113449548.000.000) 2023-03-30 01:36:19 Image size of job updated: 5389968
	1467  -  MemoryUsage of job (MB)
	1502168  -  ResidentSetSize of job (KB)
...
006 (113449548.000.000) 2023-03-30 01:41:20 Image size of job updated: 5389968
	1469  -  MemoryUsage of job (MB)
	1503960  -  ResidentSetSize of job (KB)
...
006 (113449548.000.000) 2023-03-30 01:51:21 Image size of job updated: 5393208
	1470  -  MemoryUsage of job (MB)
	1504764  -  ResidentSetSize of job (KB)
...
006 (113449548.000.000) 2023-03-30 01:56:22 Image size of job updated: 5393208
	1471  -  MemoryUsage of job (MB)
	1505420  -  ResidentSetSize of job (KB)
...
006 (113449548.000.000) 2023-03-30 02:01:22 Image size of job updated: 5408260
	1474  -  MemoryUsage of job (MB)
	1508408  -  ResidentSetSize of job (KB)
...
006 (113449548.000.000) 2023-03-30 02:06:22 Image size of job updated: 5408260
	1493  -  MemoryUsage of job (MB)
	1528264  -  ResidentSetSize of job (KB)
...
006 (113449548.000.000) 2023-03-30 02:16:23 Image size of job updated: 5432380
	1493  -  MemoryUsage of job (MB)
	1528264  -  ResidentSetSize of job (KB)
...
006 (113449548.000.000) 2023-03-30 02:26:24 Image size of job updated: 5432380
	1500  -  MemoryUsage of job (MB)
	1535932  -  ResidentSetSize of job (KB)
...
006 (113449548.000.000) 2023-03-30 02:31:25 Image size of job updated: 5432380
	1505  -  MemoryUsage of job (MB)
	1540192  -  ResidentSetSize of job (KB)
...
006 (113449548.000.000) 2023-03-30 02:36:25 Image size of job updated: 5432380
	1506  -  MemoryUsage of job (MB)
	1541188  -  ResidentSetSize of job (KB)
...
006 (113449548.000.000) 2023-03-30 02:41:25 Image size of job updated: 5432380
	1508  -  MemoryUsage of job (MB)
	1543236  -  ResidentSetSize of job (KB)
...
006 (113449548.000.000) 2023-03-30 02:51:26 Image size of job updated: 5432380
	1511  -  MemoryUsage of job (MB)
	1546632  -  ResidentSetSize of job (KB)
...
006 (113449548.000.000) 2023-03-30 02:56:26 Image size of job updated: 5432380
	1517  -  MemoryUsage of job (MB)
	1552768  -  ResidentSetSize of job (KB)
...
006 (113449548.000.000) 2023-03-30 03:06:28 Image size of job updated: 5432380
	1518  -  MemoryUsage of job (MB)
	1554092  -  ResidentSetSize of job (KB)
...
006 (113449548.000.000) 2023-03-30 03:11:28 Image size of job updated: 5432380
	1519  -  MemoryUsage of job (MB)
	1554840  -  ResidentSetSize of job (KB)
...
006 (113449548.000.000) 2023-03-30 03:16:29 Image size of job updated: 5458116
	1523  -  MemoryUsage of job (MB)
	1558696  -  ResidentSetSize of job (KB)
...
006 (113449548.000.000) 2023-03-30 03:21:30 Image size of job updated: 5458116
	1523  -  MemoryUsage of job (MB)
	1559448  -  ResidentSetSize of job (KB)
...
006 (113449548.000.000) 2023-03-30 03:31:30 Image size of job updated: 5573624
	1526  -  MemoryUsage of job (MB)
	1561844  -  ResidentSetSize of job (KB)
...
006 (113449548.000.000) 2023-03-30 03:46:32 Image size of job updated: 5573624
	1531  -  MemoryUsage of job (MB)
	1567644  -  ResidentSetSize of job (KB)
...
006 (113449548.000.000) 2023-03-30 03:51:33 Image size of job updated: 5573624
	1533  -  MemoryUsage of job (MB)
	1569692  -  ResidentSetSize of job (KB)
...
006 (113449548.000.000) 2023-03-30 03:56:34 Image size of job updated: 5573624
	1536  -  MemoryUsage of job (MB)
	1572452  -  ResidentSetSize of job (KB)
...
006 (113449548.000.000) 2023-03-30 04:11:35 Image size of job updated: 5573624
	1541  -  MemoryUsage of job (MB)
	1577200  -  ResidentSetSize of job (KB)
...
006 (113449548.000.000) 2023-03-30 04:16:35 Image size of job updated: 5573624
	1553  -  MemoryUsage of job (MB)
	1589668  -  ResidentSetSize of job (KB)
...
006 (113449548.000.000) 2023-03-30 04:21:35 Image size of job updated: 5573624
	1558  -  MemoryUsage of job (MB)
	1595156  -  ResidentSetSize of job (KB)
...
006 (113449548.000.000) 2023-03-30 04:26:36 Image size of job updated: 5573624
	1558  -  MemoryUsage of job (MB)
	1595380  -  ResidentSetSize of job (KB)
...
006 (113449548.000.000) 2023-03-30 04:36:37 Image size of job updated: 5573624
	1559  -  MemoryUsage of job (MB)
	1596116  -  ResidentSetSize of job (KB)
...
006 (113449548.000.000) 2023-03-30 04:41:37 Image size of job updated: 5573624
	1560  -  MemoryUsage of job (MB)
	1596452  -  ResidentSetSize of job (KB)
...
006 (113449548.000.000) 2023-03-30 04:46:38 Image size of job updated: 5573624
	1564  -  MemoryUsage of job (MB)
	1600996  -  ResidentSetSize of job (KB)
...
006 (113449548.000.000) 2023-03-30 04:51:38 Image size of job updated: 5573624
	1565  -  MemoryUsage of job (MB)
	1601604  -  ResidentSetSize of job (KB)
...
006 (113449548.000.000) 2023-03-30 04:56:38 Image size of job updated: 5573624
	1567  -  MemoryUsage of job (MB)
	1603980  -  ResidentSetSize of job (KB)
...
006 (113449548.000.000) 2023-03-30 05:01:39 Image size of job updated: 5573624
	1567  -  MemoryUsage of job (MB)
	1604184  -  ResidentSetSize of job (KB)
...
006 (113449548.000.000) 2023-03-30 05:11:40 Image size of job updated: 5573624
	1569  -  MemoryUsage of job (MB)
	1606584  -  ResidentSetSize of job (KB)
...
006 (113449548.000.000) 2023-03-30 05:16:41 Image size of job updated: 5573624
	1571  -  MemoryUsage of job (MB)
	1608632  -  ResidentSetSize of job (KB)
...
006 (113449548.000.000) 2023-03-30 05:26:42 Image size of job updated: 5573624
	1575  -  MemoryUsage of job (MB)
	1612080  -  ResidentSetSize of job (KB)
...
006 (113449548.000.000) 2023-03-30 05:31:42 Image size of job updated: 5573624
	1591  -  MemoryUsage of job (MB)
	1629080  -  ResidentSetSize of job (KB)
...
006 (113449548.000.000) 2023-03-30 05:41:44 Image size of job updated: 5573624
	1593  -  MemoryUsage of job (MB)
	1630884  -  ResidentSetSize of job (KB)
...
006 (113449548.000.000) 2023-03-30 05:46:44 Image size of job updated: 5573624
	1597  -  MemoryUsage of job (MB)
	1634484  -  ResidentSetSize of job (KB)
...
006 (113449548.000.000) 2023-03-30 05:51:44 Image size of job updated: 5573624
	1599  -  MemoryUsage of job (MB)
	1636568  -  ResidentSetSize of job (KB)
...
006 (113449548.000.000) 2023-03-30 06:06:45 Image size of job updated: 5573624
	1601  -  MemoryUsage of job (MB)
	1639092  -  ResidentSetSize of job (KB)
...
006 (113449548.000.000) 2023-03-30 06:21:47 Image size of job updated: 5573624
	1607  -  MemoryUsage of job (MB)
	1644716  -  ResidentSetSize of job (KB)
...
006 (113449548.000.000) 2023-03-30 06:46:50 Image size of job updated: 5573624
	1612  -  MemoryUsage of job (MB)
	1650668  -  ResidentSetSize of job (KB)
...
006 (113449548.000.000) 2023-03-30 06:51:51 Image size of job updated: 5573624
	1613  -  MemoryUsage of job (MB)
	1651168  -  ResidentSetSize of job (KB)
...
006 (113449548.000.000) 2023-03-30 06:56:51 Image size of job updated: 5595376
	1616  -  MemoryUsage of job (MB)
	1654236  -  ResidentSetSize of job (KB)
...
006 (113449548.000.000) 2023-03-30 07:01:52 Image size of job updated: 5595376
	1618  -  MemoryUsage of job (MB)
	1656816  -  ResidentSetSize of job (KB)
...
006 (113449548.000.000) 2023-03-30 07:06:53 Image size of job updated: 5596752
	1618  -  MemoryUsage of job (MB)
	1656816  -  ResidentSetSize of job (KB)
...
006 (113449548.000.000) 2023-03-30 07:26:55 Image size of job updated: 5596752
	1631  -  MemoryUsage of job (MB)
	1669524  -  ResidentSetSize of job (KB)
...
006 (113449548.000.000) 2023-03-30 07:31:55 Image size of job updated: 5596752
	1635  -  MemoryUsage of job (MB)
	1673888  -  ResidentSetSize of job (KB)
...
006 (113449548.000.000) 2023-03-30 07:36:56 Image size of job updated: 5596752
	1638  -  MemoryUsage of job (MB)
	1677036  -  ResidentSetSize of job (KB)
...
006 (113449548.000.000) 2023-03-30 07:41:57 Image size of job updated: 5596752
	1639  -  MemoryUsage of job (MB)
	1677368  -  ResidentSetSize of job (KB)
...
006 (113449548.000.000) 2023-03-30 07:46:57 Image size of job updated: 5596752
	1641  -  MemoryUsage of job (MB)
	1680048  -  ResidentSetSize of job (KB)
...
006 (113449548.000.000) 2023-03-30 07:51:57 Image size of job updated: 5596752
	1644  -  MemoryUsage of job (MB)
	1683140  -  ResidentSetSize of job (KB)
...
006 (113449548.000.000) 2023-03-30 07:56:58 Image size of job updated: 5596752
	1644  -  MemoryUsage of job (MB)
	1683372  -  ResidentSetSize of job (KB)
...
006 (113449548.000.000) 2023-03-30 08:22:01 Image size of job updated: 5636900
	1658  -  MemoryUsage of job (MB)
	1697092  -  ResidentSetSize of job (KB)
...
006 (113449548.000.000) 2023-03-30 08:32:02 Image size of job updated: 5636900
	1660  -  MemoryUsage of job (MB)
	1699128  -  ResidentSetSize of job (KB)
...
006 (113449548.000.000) 2023-03-30 08:47:03 Image size of job updated: 5642876
	1663  -  MemoryUsage of job (MB)
	1702348  -  ResidentSetSize of job (KB)
...
006 (113449548.000.000) 2023-03-30 08:52:04 Image size of job updated: 5642876
	1665  -  MemoryUsage of job (MB)
	1704396  -  ResidentSetSize of job (KB)
...
006 (113449548.000.000) 2023-03-30 09:02:05 Image size of job updated: 5642876
	1666  -  MemoryUsage of job (MB)
	1705136  -  ResidentSetSize of job (KB)
...
006 (113449548.000.000) 2023-03-30 09:27:08 Image size of job updated: 5651164
	1670  -  MemoryUsage of job (MB)
	1709548  -  ResidentSetSize of job (KB)
...
006 (113449548.000.000) 2023-03-30 09:37:08 Image size of job updated: 5651164
	1670  -  MemoryUsage of job (MB)
	1710048  -  ResidentSetSize of job (KB)
...
006 (113449548.000.000) 2023-03-30 10:07:11 Image size of job updated: 5676680
	1680  -  MemoryUsage of job (MB)
	1719908  -  ResidentSetSize of job (KB)
...
006 (113449548.000.000) 2023-03-30 10:17:13 Image size of job updated: 5676680
	1680  -  MemoryUsage of job (MB)
	1720220  -  ResidentSetSize of job (KB)
...
006 (113449548.000.000) 2023-03-30 10:22:13 Image size of job updated: 5679968
	1682  -  MemoryUsage of job (MB)
	1721904  -  ResidentSetSize of job (KB)
...
006 (113449548.000.000) 2023-03-30 10:32:14 Image size of job updated: 5680944
	1684  -  MemoryUsage of job (MB)
	1724184  -  ResidentSetSize of job (KB)
...
006 (113449548.000.000) 2023-03-30 10:47:15 Image size of job updated: 5680944
	1685  -  MemoryUsage of job (MB)
	1725068  -  ResidentSetSize of job (KB)
...
006 (113449548.000.000) 2023-03-30 10:52:16 Image size of job updated: 5680944
	1691  -  MemoryUsage of job (MB)
	1730684  -  ResidentSetSize of job (KB)
...
006 (113449548.000.000) 2023-03-30 10:57:16 Image size of job updated: 5680944
	1693  -  MemoryUsage of job (MB)
	1732780  -  ResidentSetSize of job (KB)
...
006 (113449548.000.000) 2023-03-30 11:07:18 Image size of job updated: 5694472
	1697  -  MemoryUsage of job (MB)
	1737612  -  ResidentSetSize of job (KB)
...
006 (113449548.000.000) 2023-03-30 11:12:18 Image size of job updated: 5694472
	1698  -  MemoryUsage of job (MB)
	1738164  -  ResidentSetSize of job (KB)
...
006 (113449548.000.000) 2023-03-30 11:17:18 Image size of job updated: 5694472
	1825  -  MemoryUsage of job (MB)
	1867884  -  ResidentSetSize of job (KB)
...
006 (113449548.000.000) 2023-03-30 11:57:22 Image size of job updated: 5694888
	1825  -  MemoryUsage of job (MB)
	1867884  -  ResidentSetSize of job (KB)
...
006 (113449548.000.000) 2023-03-30 12:12:24 Image size of job updated: 5697856
	1825  -  MemoryUsage of job (MB)
	1867884  -  ResidentSetSize of job (KB)
...
006 (113449548.000.000) 2023-03-30 12:57:29 Image size of job updated: 5703384
	1825  -  MemoryUsage of job (MB)
	1867884  -  ResidentSetSize of job (KB)
...
006 (113449548.000.000) 2023-03-30 13:12:31 Image size of job updated: 5703640
	1825  -  MemoryUsage of job (MB)
	1867884  -  ResidentSetSize of job (KB)
...
006 (113449548.000.000) 2023-03-30 13:42:34 Image size of job updated: 5710788
	1825  -  MemoryUsage of job (MB)
	1867884  -  ResidentSetSize of job (KB)
...
006 (113449548.000.000) 2023-03-30 13:57:36 Image size of job updated: 5715048
	1825  -  MemoryUsage of job (MB)
	1867884  -  ResidentSetSize of job (KB)
...
006 (113449548.000.000) 2023-03-30 14:32:39 Image size of job updated: 5741636
	1825  -  MemoryUsage of job (MB)
	1867884  -  ResidentSetSize of job (KB)
...
006 (113449548.000.000) 2023-03-30 15:17:43 Image size of job updated: 5749424
	1825  -  MemoryUsage of job (MB)
	1867884  -  ResidentSetSize of job (KB)
...
006 (113449548.000.000) 2023-03-30 15:37:46 Image size of job updated: 5750424
	1825  -  MemoryUsage of job (MB)
	1867884  -  ResidentSetSize of job (KB)
...
006 (113449548.000.000) 2023-03-30 16:02:48 Image size of job updated: 5753432
	1825  -  MemoryUsage of job (MB)
	1867884  -  ResidentSetSize of job (KB)
...
006 (113449548.000.000) 2023-03-30 17:27:57 Image size of job updated: 5923412
	1825  -  MemoryUsage of job (MB)
	1867884  -  ResidentSetSize of job (KB)
...
004 (113449548.000.000) 2023-03-30 17:40:40 Job was evicted.
	(0) CPU times
		Usr 3 22:37:07, Sys 0 00:04:32  -  Run Remote Usage
		Usr 0 00:00:00, Sys 0 00:00:00  -  Run Local Usage
	0  -  Run Bytes Sent By Job
	366  -  Run Bytes Received By Job
	Partitionable Resources :    Usage  Request Allocated 
	   Cpus                 :     2.27        1         1 
	   Disk (KB)            :  4099      500000    609620 
	   GPUs                 :                           0 
	   Memory (MB)          :  1825       20000     20096 
...
040 (113449548.000.000) 2023-03-30 17:48:44 Started transferring input files
	Transferring to host: <10.14.10.62:9618?addrs=10.14.10.62-9618&alias=node2312.cluster.ldas.cit&noUDP&sock=slot1_20_3602070_ec66_7048>
...
040 (113449548.000.000) 2023-03-30 17:48:44 Finished transferring input files
...
001 (113449548.000.000) 2023-03-30 17:48:45 Job executing on host: <10.14.10.62:9618?addrs=10.14.10.62-9618&alias=node2312.cluster.ldas.cit&noUDP&sock=startd_3602028_2ec1>
...
004 (113449548.000.000) 2023-03-31 18:07:08 Job was evicted.
	(0) CPU times
		Usr 3 13:44:09, Sys 0 00:07:16  -  Run Remote Usage
		Usr 0 00:00:00, Sys 0 00:00:00  -  Run Local Usage
	0  -  Run Bytes Sent By Job
	366  -  Run Bytes Received By Job
	Partitionable Resources :    Usage  Request Allocated 
	   Cpus                 :     5.50        1         1 
	   Disk (KB)            :  3172      500000    624256 
	   GPUs                 :                           0 
	   Memory (MB)          :  1954       20000     20096 
...
040 (113449548.000.000) 2023-03-31 18:21:51 Started transferring input files
	Transferring to host: <10.14.10.84:9618?addrs=10.14.10.84-9618&alias=node2334.cluster.ldas.cit&noUDP&sock=slot1_19_1125841_952f_7521>
...
040 (113449548.000.000) 2023-03-31 18:21:51 Finished transferring input files
...
001 (113449548.000.000) 2023-03-31 18:21:52 Job executing on host: <10.14.10.84:9618?addrs=10.14.10.84-9618&alias=node2334.cluster.ldas.cit&noUDP&sock=startd_1125799_0d72>
...
006 (113449548.000.000) 2023-04-01 02:57:55 Image size of job updated: 7500000
	1967  -  MemoryUsage of job (MB)
	2013244  -  ResidentSetSize of job (KB)
...
006 (113449548.000.000) 2023-04-01 08:03:26 Image size of job updated: 7500000
	1979  -  MemoryUsage of job (MB)
	2025768  -  ResidentSetSize of job (KB)
...
006 (113449548.000.000) 2023-04-01 09:38:37 Image size of job updated: 7500000
	1984  -  MemoryUsage of job (MB)
	2031112  -  ResidentSetSize of job (KB)
...
006 (113449548.000.000) 2023-04-01 10:13:41 Image size of job updated: 7500000
	2001  -  MemoryUsage of job (MB)
	2048580  -  ResidentSetSize of job (KB)
...
006 (113449548.000.000) 2023-04-01 15:39:15 Image size of job updated: 7500000
	2023  -  MemoryUsage of job (MB)
	2071056  -  ResidentSetSize of job (KB)
...
004 (113449548.000.000) 2023-04-01 18:22:13 Job was evicted.
	(0) CPU times
		Usr 3 23:05:15, Sys 0 00:06:24  -  Run Remote Usage
		Usr 0 00:00:00, Sys 0 00:00:00  -  Run Local Usage
	0  -  Run Bytes Sent By Job
	366  -  Run Bytes Received By Job
	Partitionable Resources :    Usage  Request Allocated 
	   Cpus                 :     4.64        1         1 
	   Disk (KB)            :  3037      500000    624256 
	   GPUs                 :                           0 
	   Memory (MB)          :  2023       20000     20096 
...
040 (113449548.000.000) 2023-04-01 18:22:59 Started transferring input files
	Transferring to host: <10.14.4.20:9618?addrs=10.14.4.20-9618&alias=node770.cluster.ldas.cit&noUDP&sock=slot1_16_3604874_9858_4474>
...
040 (113449548.000.000) 2023-04-01 18:22:59 Finished transferring input files
...
001 (113449548.000.000) 2023-04-01 18:23:00 Job executing on host: <10.14.4.20:9618?addrs=10.14.4.20-9618&alias=node770.cluster.ldas.cit&noUDP&sock=startd_3604835_8d18>
...
004 (113449548.000.000) 2023-04-03 01:46:17 Job was evicted.
	(0) CPU times
		Usr 4 09:08:06, Sys 0 00:22:54  -  Run Remote Usage
		Usr 0 00:00:00, Sys 0 00:00:00  -  Run Local Usage
	0  -  Run Bytes Sent By Job
	366  -  Run Bytes Received By Job
	Partitionable Resources :    Usage  Request Allocated 
	   Cpus                 :     5.82        1         1 
	   Disk (KB)            :  2870      500000    609620 
	   GPUs                 :                           0 
	   Memory (MB)          :  2198       20000     20096 
...
040 (113449548.000.000) 2023-04-03 01:53:54 Started transferring input files
	Transferring to host: <10.14.10.115:9618?addrs=10.14.10.115-9618&alias=node2365.cluster.ldas.cit&noUDP&sock=slot1_10_3957248_f491_7279>
...
040 (113449548.000.000) 2023-04-03 01:53:54 Finished transferring input files
...
001 (113449548.000.000) 2023-04-03 01:53:55 Job executing on host: <10.14.10.115:9618?addrs=10.14.10.115-9618&alias=node2365.cluster.ldas.cit&noUDP&sock=startd_3957207_6f22>
...
006 (113449548.000.000) 2023-04-04 01:01:28 Image size of job updated: 7500000
	2264  -  MemoryUsage of job (MB)
	2317428  -  ResidentSetSize of job (KB)
...
004 (113449548.000.000) 2023-04-04 01:54:16 Job was evicted.
	(0) CPU times
		Usr 3 18:45:17, Sys 0 00:06:46  -  Run Remote Usage
		Usr 0 00:00:00, Sys 0 00:00:00  -  Run Local Usage
	0  -  Run Bytes Sent By Job
	366  -  Run Bytes Received By Job
	Partitionable Resources :    Usage  Request Allocated 
	   Cpus                 :     4.31        1         1 
	   Disk (KB)            :  2925      500000    624256 
	   GPUs                 :                           0 
	   Memory (MB)          :  2264       20000     20096 
...
040 (113449548.000.000) 2023-04-04 02:00:57 Started transferring input files
	Transferring to host: <10.14.4.27:9618?addrs=10.14.4.27-9618&alias=node777.cluster.ldas.cit&noUDP&sock=slot1_13_5016_f9c5_19290>
...
040 (113449548.000.000) 2023-04-04 02:00:57 Finished transferring input files
...
001 (113449548.000.000) 2023-04-04 02:00:58 Job executing on host: <10.14.4.27:9618?addrs=10.14.4.27-9618&alias=node777.cluster.ldas.cit&noUDP&sock=startd_2695_1fd3>
...
004 (113449548.000.000) 2023-04-05 03:16:29 Job was evicted.
	(0) CPU times
		Usr 5 03:40:19, Sys 0 00:10:39  -  Run Remote Usage
		Usr 0 00:00:00, Sys 0 00:00:00  -  Run Local Usage
	0  -  Run Bytes Sent By Job
	366  -  Run Bytes Received By Job
	Partitionable Resources :    Usage  Request Allocated 
	   Cpus                 :     5.95        1         1 
	   Disk (KB)            :  2947      500000    624246 
	   GPUs                 :                           0 
	   Memory (MB)          :  2442       20000     20096 
...
040 (113449548.000.000) 2023-04-05 03:34:53 Started transferring input files
	Transferring to host: <10.14.9.99:9618?addrs=10.14.9.99-9618&alias=node2099.cluster.ldas.cit&noUDP&sock=slot1_11_89470_756f_6695>
...
040 (113449548.000.000) 2023-04-05 03:34:53 Finished transferring input files
...
001 (113449548.000.000) 2023-04-05 03:34:54 Job executing on host: <10.14.9.99:9618?addrs=10.14.9.99-9618&alias=node2099.cluster.ldas.cit&noUDP&sock=startd_89432_7de9>
...
040 (113449548.000.000) 2023-04-05 14:46:20 Started transferring output files
...
040 (113449548.000.000) 2023-04-05 14:46:21 Finished transferring output files
...
005 (113449548.000.000) 2023-04-05 14:46:21 Job terminated.
	(1) Normal termination (return value 0)
		Usr 2 07:02:17, Sys 0 00:03:49  -  Run Remote Usage
		Usr 0 00:00:00, Sys 0 00:00:00  -  Run Local Usage
		Usr 27 02:02:30, Sys 0 01:02:20  -  Total Remote Usage
		Usr 0 00:00:00, Sys 0 00:00:00  -  Total Local Usage
	2825973  -  Run Bytes Sent By Job
	366  -  Run Bytes Received By Job
	2825973  -  Total Bytes Sent By Job
	2562  -  Total Bytes Received By Job
	Partitionable Resources :    Usage  Request Allocated 
	   Cpus                 :     2.38        1         1 
	   Disk (KB)            :  2783      500000    609620 
	   GPUs                 :                           0 
	   Memory (MB)          :  2442       20000     20096 

	Job terminated of its own accord at 2023-04-05T21:46:20Z with exit-code 0.
...
000 (113587186.000.000) 2023-04-05 14:54:15 Job submitted from host: <10.14.0.160:9618?addrs=10.14.0.160-9618&alias=ldas-pcdev2.ligo.caltech.edu&noUDP&sock=schedd_7450_a8a7>
    DAG Node: 886
...
040 (113587186.000.000) 2023-04-05 14:56:12 Started transferring input files
	Transferring to host: <10.14.10.99:9618?addrs=10.14.10.99-9618&alias=node2349.cluster.ldas.cit&noUDP&sock=slot1_14_1479718_f145_33356>
...
040 (113587186.000.000) 2023-04-05 14:56:12 Finished transferring input files
...
001 (113587186.000.000) 2023-04-05 14:56:13 Job executing on host: <10.14.10.99:9618?addrs=10.14.10.99-9618&alias=node2349.cluster.ldas.cit&noUDP&sock=startd_1479682_5b16>
...
006 (113587186.000.000) 2023-04-05 14:56:22 Image size of job updated: 598372
	192  -  MemoryUsage of job (MB)
	196544  -  ResidentSetSize of job (KB)
...
006 (113587186.000.000) 2023-04-05 15:01:23 Image size of job updated: 5432252
	882  -  MemoryUsage of job (MB)
	902980  -  ResidentSetSize of job (KB)
...
006 (113587186.000.000) 2023-04-05 15:06:23 Image size of job updated: 5605304
	1041  -  MemoryUsage of job (MB)
	1065772  -  ResidentSetSize of job (KB)
...
006 (113587186.000.000) 2023-04-05 15:11:23 Image size of job updated: 5676896
	1041  -  MemoryUsage of job (MB)
	1065772  -  ResidentSetSize of job (KB)
...
006 (113587186.000.000) 2023-04-05 15:21:24 Image size of job updated: 6226632
	1332  -  MemoryUsage of job (MB)
	1363196  -  ResidentSetSize of job (KB)
...
006 (113587186.000.000) 2023-04-05 15:26:24 Image size of job updated: 6226632
	1406  -  MemoryUsage of job (MB)
	1439248  -  ResidentSetSize of job (KB)
...
006 (113587186.000.000) 2023-04-05 15:31:25 Image size of job updated: 6226632
	1517  -  MemoryUsage of job (MB)
	1552800  -  ResidentSetSize of job (KB)
...
006 (113587186.000.000) 2023-04-05 15:51:28 Image size of job updated: 6297544
	1517  -  MemoryUsage of job (MB)
	1552800  -  ResidentSetSize of job (KB)
...
006 (113587186.000.000) 2023-04-05 16:11:30 Image size of job updated: 6349836
	1517  -  MemoryUsage of job (MB)
	1552800  -  ResidentSetSize of job (KB)
...
006 (113587186.000.000) 2023-04-05 16:21:32 Image size of job updated: 6349836
	1590  -  MemoryUsage of job (MB)
	1627892  -  ResidentSetSize of job (KB)
...
006 (113587186.000.000) 2023-04-05 16:26:32 Image size of job updated: 6349836
	1597  -  MemoryUsage of job (MB)
	1634864  -  ResidentSetSize of job (KB)
...
006 (113587186.000.000) 2023-04-05 16:41:34 Image size of job updated: 6374864
	1597  -  MemoryUsage of job (MB)
	1634864  -  ResidentSetSize of job (KB)
...
006 (113587186.000.000) 2023-04-05 17:06:38 Image size of job updated: 6374864
	1632  -  MemoryUsage of job (MB)
	1670528  -  ResidentSetSize of job (KB)
...
006 (113587186.000.000) 2023-04-05 17:21:40 Image size of job updated: 6391952
	1632  -  MemoryUsage of job (MB)
	1670528  -  ResidentSetSize of job (KB)
...
006 (113587186.000.000) 2023-04-05 17:41:42 Image size of job updated: 6392064
	1632  -  MemoryUsage of job (MB)
	1670528  -  ResidentSetSize of job (KB)
...
006 (113587186.000.000) 2023-04-05 17:51:44 Image size of job updated: 6392064
	1654  -  MemoryUsage of job (MB)
	1693128  -  ResidentSetSize of job (KB)
...
006 (113587186.000.000) 2023-04-05 18:06:46 Image size of job updated: 6460404
	1873  -  MemoryUsage of job (MB)
	1917700  -  ResidentSetSize of job (KB)
...
006 (113587186.000.000) 2023-04-05 18:46:49 Image size of job updated: 6510100
	1873  -  MemoryUsage of job (MB)
	1917700  -  ResidentSetSize of job (KB)
...
006 (113587186.000.000) 2023-04-05 19:51:55 Image size of job updated: 6510100
	2016  -  MemoryUsage of job (MB)
	2064000  -  ResidentSetSize of job (KB)
...
006 (113587186.000.000) 2023-04-05 21:17:04 Image size of job updated: 6510100
	2141  -  MemoryUsage of job (MB)
	2191512  -  ResidentSetSize of job (KB)
...
006 (113587186.000.000) 2023-04-05 23:17:15 Image size of job updated: 6510100
	2291  -  MemoryUsage of job (MB)
	2345848  -  ResidentSetSize of job (KB)
...
006 (113587186.000.000) 2023-04-05 23:22:15 Image size of job updated: 6527168
	2291  -  MemoryUsage of job (MB)
	2345848  -  ResidentSetSize of job (KB)
...
006 (113587186.000.000) 2023-04-06 06:48:02 Image size of job updated: 6543608
	2291  -  MemoryUsage of job (MB)
	2345848  -  ResidentSetSize of job (KB)
...
006 (113587186.000.000) 2023-04-06 07:03:04 Image size of job updated: 6545648
	2291  -  MemoryUsage of job (MB)
	2345848  -  ResidentSetSize of job (KB)
...
006 (113587186.000.000) 2023-04-06 10:23:24 Image size of job updated: 6545648
	2434  -  MemoryUsage of job (MB)
	2491400  -  ResidentSetSize of job (KB)
...
004 (113587186.000.000) 2023-04-06 15:02:14 Job was evicted.
	(0) CPU times
		Usr 3 07:49:10, Sys 0 00:04:08  -  Run Remote Usage
		Usr 0 00:00:00, Sys 0 00:00:00  -  Run Local Usage
	0  -  Run Bytes Sent By Job
	366  -  Run Bytes Received By Job
	Partitionable Resources :    Usage  Request Allocated 
	   Cpus                 :     5.01        1         1 
	   Disk (KB)            :  2863      500000    624256 
	   GPUs                 :                           0 
	   Memory (MB)          :  2434       20000     20096 
...
040 (113587186.000.000) 2023-04-06 15:08:16 Started transferring input files
	Transferring to host: <10.14.4.36:9618?addrs=10.14.4.36-9618&alias=node786.cluster.ldas.cit&noUDP&sock=slot1_12_2606228_2576_24203>
...
040 (113587186.000.000) 2023-04-06 15:08:16 Finished transferring input files
...
001 (113587186.000.000) 2023-04-06 15:08:17 Job executing on host: <10.14.4.36:9618?addrs=10.14.4.36-9618&alias=node786.cluster.ldas.cit&noUDP&sock=startd_209977_55d8>
...
004 (113587186.000.000) 2023-04-06 16:04:44 Job was evicted.
	(0) CPU times
		Usr 0 03:19:31, Sys 0 00:00:17  -  Run Remote Usage
		Usr 0 00:00:00, Sys 0 00:00:00  -  Run Local Usage
	0  -  Run Bytes Sent By Job
	366  -  Run Bytes Received By Job
	Partitionable Resources :    Usage  Request Allocated 
	   Cpus                 :     5.82        1         1 
	   Disk (KB)            :  2715      500000    624256 
	   GPUs                 :                           0 
	   Memory (MB)          :  2442       20000     20096 
...
009 (113587186.000.000) 2023-04-06 16:04:44 Job was aborted.
	removed because <OtherJobRemoveRequirements = DAGManJobId =?= 113587092> fired when job (113587092.0) was removed
...
000 (113604299.000.000) 2023-04-06 16:27:57 Job submitted from host: <10.14.0.160:9618?addrs=10.14.0.160-9618&alias=ldas-pcdev2.ligo.caltech.edu&noUDP&sock=schedd_7450_a8a7>
    DAG Node: 886
...
040 (113604299.000.000) 2023-04-06 16:32:44 Started transferring input files
	Transferring to host: <10.14.9.71:9618?addrs=10.14.9.71-9618&alias=node2071.cluster.ldas.cit&noUDP&sock=slot1_7_4006320_9e5d_10906>
...
040 (113604299.000.000) 2023-04-06 16:32:44 Finished transferring input files
...
001 (113604299.000.000) 2023-04-06 16:32:45 Job executing on host: <10.14.9.71:9618?addrs=10.14.9.71-9618&alias=node2071.cluster.ldas.cit&noUDP&sock=startd_4006281_1dc6>
...
006 (113604299.000.000) 2023-04-06 16:32:54 Image size of job updated: 565596
	191  -  MemoryUsage of job (MB)
	194608  -  ResidentSetSize of job (KB)
...
006 (113604299.000.000) 2023-04-06 16:37:55 Image size of job updated: 4842760
	232  -  MemoryUsage of job (MB)
	237292  -  ResidentSetSize of job (KB)
...
006 (113604299.000.000) 2023-04-06 16:42:55 Image size of job updated: 4842760
	421  -  MemoryUsage of job (MB)
	431032  -  ResidentSetSize of job (KB)
...
006 (113604299.000.000) 2023-04-06 16:47:56 Image size of job updated: 4842760
	430  -  MemoryUsage of job (MB)
	440112  -  ResidentSetSize of job (KB)
...
006 (113604299.000.000) 2023-04-06 16:52:57 Image size of job updated: 4842760
	489  -  MemoryUsage of job (MB)
	500092  -  ResidentSetSize of job (KB)
...
006 (113604299.000.000) 2023-04-06 16:57:57 Image size of job updated: 4842760
	497  -  MemoryUsage of job (MB)
	508460  -  ResidentSetSize of job (KB)
...
006 (113604299.000.000) 2023-04-06 17:02:57 Image size of job updated: 4842760
	545  -  MemoryUsage of job (MB)
	557732  -  ResidentSetSize of job (KB)
...
006 (113604299.000.000) 2023-04-06 17:07:58 Image size of job updated: 4842760
	559  -  MemoryUsage of job (MB)
	571468  -  ResidentSetSize of job (KB)
...
006 (113604299.000.000) 2023-04-06 17:12:59 Image size of job updated: 4842760
	577  -  MemoryUsage of job (MB)
	590212  -  ResidentSetSize of job (KB)
...
006 (113604299.000.000) 2023-04-06 17:17:59 Image size of job updated: 4851108
	596  -  MemoryUsage of job (MB)
	610268  -  ResidentSetSize of job (KB)
...
006 (113604299.000.000) 2023-04-06 17:23:00 Image size of job updated: 4860324
	627  -  MemoryUsage of job (MB)
	641720  -  ResidentSetSize of job (KB)
...
006 (113604299.000.000) 2023-04-06 17:28:01 Image size of job updated: 4865304
	631  -  MemoryUsage of job (MB)
	645836  -  ResidentSetSize of job (KB)
...
006 (113604299.000.000) 2023-04-06 17:33:01 Image size of job updated: 4889624
	662  -  MemoryUsage of job (MB)
	677816  -  ResidentSetSize of job (KB)
...
006 (113604299.000.000) 2023-04-06 17:38:01 Image size of job updated: 4889624
	663  -  MemoryUsage of job (MB)
	678084  -  ResidentSetSize of job (KB)
...
006 (113604299.000.000) 2023-04-06 17:43:02 Image size of job updated: 4914424
	687  -  MemoryUsage of job (MB)
	702856  -  ResidentSetSize of job (KB)
...
006 (113604299.000.000) 2023-04-06 17:48:02 Image size of job updated: 4914424
	687  -  MemoryUsage of job (MB)
	702868  -  ResidentSetSize of job (KB)
...
006 (113604299.000.000) 2023-04-06 17:53:02 Image size of job updated: 4921304
	694  -  MemoryUsage of job (MB)
	710028  -  ResidentSetSize of job (KB)
...
006 (113604299.000.000) 2023-04-06 17:58:04 Image size of job updated: 4924660
	697  -  MemoryUsage of job (MB)
	713288  -  ResidentSetSize of job (KB)
...
006 (113604299.000.000) 2023-04-06 18:03:04 Image size of job updated: 4952924
	723  -  MemoryUsage of job (MB)
	739884  -  ResidentSetSize of job (KB)
...
006 (113604299.000.000) 2023-04-06 18:08:04 Image size of job updated: 4952924
	724  -  MemoryUsage of job (MB)
	741304  -  ResidentSetSize of job (KB)
...
006 (113604299.000.000) 2023-04-06 18:13:05 Image size of job updated: 4972644
	762  -  MemoryUsage of job (MB)
	779364  -  ResidentSetSize of job (KB)
...
006 (113604299.000.000) 2023-04-06 18:18:06 Image size of job updated: 4972644
	762  -  MemoryUsage of job (MB)
	780228  -  ResidentSetSize of job (KB)
...
006 (113604299.000.000) 2023-04-06 18:23:06 Image size of job updated: 4972644
	762  -  MemoryUsage of job (MB)
	780236  -  ResidentSetSize of job (KB)
...
006 (113604299.000.000) 2023-04-06 18:28:06 Image size of job updated: 4972644
	795  -  MemoryUsage of job (MB)
	813384  -  ResidentSetSize of job (KB)
...
006 (113604299.000.000) 2023-04-06 18:33:07 Image size of job updated: 4974484
	803  -  MemoryUsage of job (MB)
	821500  -  ResidentSetSize of job (KB)
...
006 (113604299.000.000) 2023-04-06 18:38:07 Image size of job updated: 5010744
	868  -  MemoryUsage of job (MB)
	888252  -  ResidentSetSize of job (KB)
...
006 (113604299.000.000) 2023-04-06 18:43:07 Image size of job updated: 5012436
	870  -  MemoryUsage of job (MB)
	889956  -  ResidentSetSize of job (KB)
...
006 (113604299.000.000) 2023-04-06 18:48:08 Image size of job updated: 5012436
	881  -  MemoryUsage of job (MB)
	901136  -  ResidentSetSize of job (KB)
...
006 (113604299.000.000) 2023-04-06 18:53:09 Image size of job updated: 5012436
	881  -  MemoryUsage of job (MB)
	901784  -  ResidentSetSize of job (KB)
...
006 (113604299.000.000) 2023-04-06 19:13:11 Image size of job updated: 5012436
	944  -  MemoryUsage of job (MB)
	966276  -  ResidentSetSize of job (KB)
...
006 (113604299.000.000) 2023-04-06 19:18:11 Image size of job updated: 5012436
	944  -  MemoryUsage of job (MB)
	966280  -  ResidentSetSize of job (KB)
...
006 (113604299.000.000) 2023-04-06 19:23:12 Image size of job updated: 5030956
	968  -  MemoryUsage of job (MB)
	991096  -  ResidentSetSize of job (KB)
...
006 (113604299.000.000) 2023-04-06 19:28:12 Image size of job updated: 5039588
	977  -  MemoryUsage of job (MB)
	999696  -  ResidentSetSize of job (KB)
...
006 (113604299.000.000) 2023-04-06 19:33:12 Image size of job updated: 5052200
	990  -  MemoryUsage of job (MB)
	1012896  -  ResidentSetSize of job (KB)
...
006 (113604299.000.000) 2023-04-06 19:38:13 Image size of job updated: 5052200
	991  -  MemoryUsage of job (MB)
	1014024  -  ResidentSetSize of job (KB)
...
006 (113604299.000.000) 2023-04-06 19:43:14 Image size of job updated: 5052348
	993  -  MemoryUsage of job (MB)
	1016460  -  ResidentSetSize of job (KB)
...
006 (113604299.000.000) 2023-04-06 19:48:14 Image size of job updated: 5065392
	1002  -  MemoryUsage of job (MB)
	1025380  -  ResidentSetSize of job (KB)
...
006 (113604299.000.000) 2023-04-06 19:53:15 Image size of job updated: 5082944
	1020  -  MemoryUsage of job (MB)
	1044248  -  ResidentSetSize of job (KB)
...
006 (113604299.000.000) 2023-04-06 19:58:16 Image size of job updated: 5087760
	1026  -  MemoryUsage of job (MB)
	1049904  -  ResidentSetSize of job (KB)
...
006 (113604299.000.000) 2023-04-06 20:08:16 Image size of job updated: 5087760
	1034  -  MemoryUsage of job (MB)
	1058212  -  ResidentSetSize of job (KB)
...
006 (113604299.000.000) 2023-04-06 20:13:17 Image size of job updated: 5098428
	1034  -  MemoryUsage of job (MB)
	1058212  -  ResidentSetSize of job (KB)
...
006 (113604299.000.000) 2023-04-06 20:23:17 Image size of job updated: 5121488
	1060  -  MemoryUsage of job (MB)
	1085100  -  ResidentSetSize of job (KB)
...
006 (113604299.000.000) 2023-04-06 20:28:18 Image size of job updated: 5127268
	1061  -  MemoryUsage of job (MB)
	1086392  -  ResidentSetSize of job (KB)
...
006 (113604299.000.000) 2023-04-06 20:38:19 Image size of job updated: 5132940
	1070  -  MemoryUsage of job (MB)
	1094804  -  ResidentSetSize of job (KB)
...
006 (113604299.000.000) 2023-04-06 20:43:20 Image size of job updated: 5132940
	1070  -  MemoryUsage of job (MB)
	1094828  -  ResidentSetSize of job (KB)
...
006 (113604299.000.000) 2023-04-06 20:48:21 Image size of job updated: 5135768
	1073  -  MemoryUsage of job (MB)
	1097828  -  ResidentSetSize of job (KB)
...
006 (113604299.000.000) 2023-04-06 21:03:22 Image size of job updated: 5137656
	1075  -  MemoryUsage of job (MB)
	1099852  -  ResidentSetSize of job (KB)
...
006 (113604299.000.000) 2023-04-06 21:08:22 Image size of job updated: 5137656
	1075  -  MemoryUsage of job (MB)
	1100068  -  ResidentSetSize of job (KB)
...
006 (113604299.000.000) 2023-04-06 21:13:22 Image size of job updated: 5140432
	1078  -  MemoryUsage of job (MB)
	1103848  -  ResidentSetSize of job (KB)
...
006 (113604299.000.000) 2023-04-06 21:18:24 Image size of job updated: 5140432
	1079  -  MemoryUsage of job (MB)
	1103944  -  ResidentSetSize of job (KB)
...
006 (113604299.000.000) 2023-04-06 21:23:24 Image size of job updated: 5158992
	1079  -  MemoryUsage of job (MB)
	1103944  -  ResidentSetSize of job (KB)
...
006 (113604299.000.000) 2023-04-06 21:28:24 Image size of job updated: 5167476
	1101  -  MemoryUsage of job (MB)
	1126520  -  ResidentSetSize of job (KB)
...
006 (113604299.000.000) 2023-04-06 21:33:25 Image size of job updated: 5167476
	1101  -  MemoryUsage of job (MB)
	1126540  -  ResidentSetSize of job (KB)
...
006 (113604299.000.000) 2023-04-06 21:38:26 Image size of job updated: 5170240
	1102  -  MemoryUsage of job (MB)
	1128300  -  ResidentSetSize of job (KB)
...
006 (113604299.000.000) 2023-04-06 21:43:26 Image size of job updated: 5170240
	1103  -  MemoryUsage of job (MB)
	1129316  -  ResidentSetSize of job (KB)
...
006 (113604299.000.000) 2023-04-06 21:48:27 Image size of job updated: 5234736
	1103  -  MemoryUsage of job (MB)
	1129316  -  ResidentSetSize of job (KB)
...
006 (113604299.000.000) 2023-04-06 22:03:28 Image size of job updated: 5234736
	1119  -  MemoryUsage of job (MB)
	1144944  -  ResidentSetSize of job (KB)
...
006 (113604299.000.000) 2023-04-06 22:08:29 Image size of job updated: 5234736
	1119  -  MemoryUsage of job (MB)
	1145100  -  ResidentSetSize of job (KB)
...
006 (113604299.000.000) 2023-04-06 22:28:31 Image size of job updated: 5257204
	1127  -  MemoryUsage of job (MB)
	1153292  -  ResidentSetSize of job (KB)
...
006 (113604299.000.000) 2023-04-06 22:33:31 Image size of job updated: 5257204
	1127  -  MemoryUsage of job (MB)
	1153524  -  ResidentSetSize of job (KB)
...
006 (113604299.000.000) 2023-04-06 22:38:32 Image size of job updated: 5261324
	1130  -  MemoryUsage of job (MB)
	1156868  -  ResidentSetSize of job (KB)
...
006 (113604299.000.000) 2023-04-06 22:43:33 Image size of job updated: 5261324
	1131  -  MemoryUsage of job (MB)
	1157204  -  ResidentSetSize of job (KB)
...
006 (113604299.000.000) 2023-04-06 22:48:33 Image size of job updated: 5261324
	1131  -  MemoryUsage of job (MB)
	1157308  -  ResidentSetSize of job (KB)
...
006 (113604299.000.000) 2023-04-06 22:53:34 Image size of job updated: 5261324
	1135  -  MemoryUsage of job (MB)
	1161344  -  ResidentSetSize of job (KB)
...
006 (113604299.000.000) 2023-04-06 23:23:37 Image size of job updated: 5261324
	1165  -  MemoryUsage of job (MB)
	1192864  -  ResidentSetSize of job (KB)
...
006 (113604299.000.000) 2023-04-06 23:28:38 Image size of job updated: 5261324
	1165  -  MemoryUsage of job (MB)
	1192888  -  ResidentSetSize of job (KB)
...
006 (113604299.000.000) 2023-04-06 23:33:39 Image size of job updated: 5264776
	1165  -  MemoryUsage of job (MB)
	1192888  -  ResidentSetSize of job (KB)
...
006 (113604299.000.000) 2023-04-07 00:03:42 Image size of job updated: 5312032
	1165  -  MemoryUsage of job (MB)
	1192888  -  ResidentSetSize of job (KB)
...
006 (113604299.000.000) 2023-04-07 00:18:43 Image size of job updated: 5312032
	1179  -  MemoryUsage of job (MB)
	1206744  -  ResidentSetSize of job (KB)
...
006 (113604299.000.000) 2023-04-07 00:38:46 Image size of job updated: 5367704
	1179  -  MemoryUsage of job (MB)
	1206744  -  ResidentSetSize of job (KB)
...
006 (113604299.000.000) 2023-04-07 00:48:46 Image size of job updated: 5367704
	1220  -  MemoryUsage of job (MB)
	1248684  -  ResidentSetSize of job (KB)
...
006 (113604299.000.000) 2023-04-07 00:53:47 Image size of job updated: 5367704
	1234  -  MemoryUsage of job (MB)
	1263300  -  ResidentSetSize of job (KB)
...
006 (113604299.000.000) 2023-04-07 00:58:47 Image size of job updated: 5367704
	1236  -  MemoryUsage of job (MB)
	1265348  -  ResidentSetSize of job (KB)
...
006 (113604299.000.000) 2023-04-07 01:03:47 Image size of job updated: 5367704
	1240  -  MemoryUsage of job (MB)
	1269340  -  ResidentSetSize of job (KB)
...
006 (113604299.000.000) 2023-04-07 01:08:48 Image size of job updated: 5399468
	1249  -  MemoryUsage of job (MB)
	1278028  -  ResidentSetSize of job (KB)
...
006 (113604299.000.000) 2023-04-07 01:18:49 Image size of job updated: 5399468
	1252  -  MemoryUsage of job (MB)
	1281372  -  ResidentSetSize of job (KB)
...
006 (113604299.000.000) 2023-04-07 01:23:50 Image size of job updated: 5407948
	1252  -  MemoryUsage of job (MB)
	1281372  -  ResidentSetSize of job (KB)
...
006 (113604299.000.000) 2023-04-07 01:38:51 Image size of job updated: 5435884
	1273  -  MemoryUsage of job (MB)
	1303268  -  ResidentSetSize of job (KB)
...
006 (113604299.000.000) 2023-04-07 01:48:52 Image size of job updated: 5439660
	1277  -  MemoryUsage of job (MB)
	1306872  -  ResidentSetSize of job (KB)
...
006 (113604299.000.000) 2023-04-07 01:58:53 Image size of job updated: 5439660
	1280  -  MemoryUsage of job (MB)
	1309980  -  ResidentSetSize of job (KB)
...
006 (113604299.000.000) 2023-04-07 02:03:54 Image size of job updated: 5442412
	1281  -  MemoryUsage of job (MB)
	1311516  -  ResidentSetSize of job (KB)
...
006 (113604299.000.000) 2023-04-07 02:08:54 Image size of job updated: 5442412
	1282  -  MemoryUsage of job (MB)
	1312216  -  ResidentSetSize of job (KB)
...
006 (113604299.000.000) 2023-04-07 03:09:01 Image size of job updated: 5442412
	1305  -  MemoryUsage of job (MB)
	1336148  -  ResidentSetSize of job (KB)
...
006 (113604299.000.000) 2023-04-07 03:14:01 Image size of job updated: 5442412
	1305  -  MemoryUsage of job (MB)
	1336272  -  ResidentSetSize of job (KB)
...
006 (113604299.000.000) 2023-04-07 03:19:01 Image size of job updated: 5442412
	1309  -  MemoryUsage of job (MB)
	1340296  -  ResidentSetSize of job (KB)
...
006 (113604299.000.000) 2023-04-07 03:24:02 Image size of job updated: 5472660
	1396  -  MemoryUsage of job (MB)
	1428604  -  ResidentSetSize of job (KB)
...
006 (113604299.000.000) 2023-04-07 03:39:03 Image size of job updated: 5567384
	1396  -  MemoryUsage of job (MB)
	1428604  -  ResidentSetSize of job (KB)
...
006 (113604299.000.000) 2023-04-07 08:09:32 Image size of job updated: 5577188
	1396  -  MemoryUsage of job (MB)
	1428604  -  ResidentSetSize of job (KB)
...
006 (113604299.000.000) 2023-04-07 08:39:35 Image size of job updated: 5581948
	1396  -  MemoryUsage of job (MB)
	1428604  -  ResidentSetSize of job (KB)
...
006 (113604299.000.000) 2023-04-07 08:54:36 Image size of job updated: 5587856
	1396  -  MemoryUsage of job (MB)
	1428604  -  ResidentSetSize of job (KB)
...
006 (113604299.000.000) 2023-04-07 09:49:42 Image size of job updated: 5602592
	1398  -  MemoryUsage of job (MB)
	1430612  -  ResidentSetSize of job (KB)
...
006 (113604299.000.000) 2023-04-07 10:04:44 Image size of job updated: 5607244
	1403  -  MemoryUsage of job (MB)
	1435960  -  ResidentSetSize of job (KB)
...
006 (113604299.000.000) 2023-04-07 10:19:45 Image size of job updated: 5613764
	1406  -  MemoryUsage of job (MB)
	1439560  -  ResidentSetSize of job (KB)
...
006 (113604299.000.000) 2023-04-07 10:44:48 Image size of job updated: 5617044
	1410  -  MemoryUsage of job (MB)
	1443804  -  ResidentSetSize of job (KB)
...
006 (113604299.000.000) 2023-04-07 11:04:49 Image size of job updated: 5617044
	1411  -  MemoryUsage of job (MB)
	1444252  -  ResidentSetSize of job (KB)
...
006 (113604299.000.000) 2023-04-07 11:39:53 Image size of job updated: 5626868
	1411  -  MemoryUsage of job (MB)
	1444252  -  ResidentSetSize of job (KB)
...
006 (113604299.000.000) 2023-04-07 12:14:57 Image size of job updated: 5626868
	1452  -  MemoryUsage of job (MB)
	1485900  -  ResidentSetSize of job (KB)
...
006 (113604299.000.000) 2023-04-07 12:19:58 Image size of job updated: 5626868
	1617  -  MemoryUsage of job (MB)
	1655484  -  ResidentSetSize of job (KB)
...
006 (113604299.000.000) 2023-04-07 12:24:58 Image size of job updated: 5626868
	1621  -  MemoryUsage of job (MB)
	1659832  -  ResidentSetSize of job (KB)
...
006 (113604299.000.000) 2023-04-07 12:29:58 Image size of job updated: 5626868
	1624  -  MemoryUsage of job (MB)
	1661992  -  ResidentSetSize of job (KB)
...
006 (113604299.000.000) 2023-04-07 12:35:00 Image size of job updated: 5626868
	1632  -  MemoryUsage of job (MB)
	1671004  -  ResidentSetSize of job (KB)
...
006 (113604299.000.000) 2023-04-07 12:45:00 Image size of job updated: 5651636
	1645  -  MemoryUsage of job (MB)
	1684272  -  ResidentSetSize of job (KB)
...
006 (113604299.000.000) 2023-04-07 12:55:02 Image size of job updated: 5651636
	1646  -  MemoryUsage of job (MB)
	1684756  -  ResidentSetSize of job (KB)
...
006 (113604299.000.000) 2023-04-07 13:00:02 Image size of job updated: 5654352
	1647  -  MemoryUsage of job (MB)
	1686016  -  ResidentSetSize of job (KB)
...
006 (113604299.000.000) 2023-04-07 13:15:04 Image size of job updated: 5657984
	1796  -  MemoryUsage of job (MB)
	1838576  -  ResidentSetSize of job (KB)
...
006 (113604299.000.000) 2023-04-07 13:40:06 Image size of job updated: 5663892
	1796  -  MemoryUsage of job (MB)
	1838576  -  ResidentSetSize of job (KB)
...
006 (113604299.000.000) 2023-04-07 14:55:13 Image size of job updated: 5668576
	1796  -  MemoryUsage of job (MB)
	1838576  -  ResidentSetSize of job (KB)
...
006 (113604299.000.000) 2023-04-07 15:25:16 Image size of job updated: 5677720
	1796  -  MemoryUsage of job (MB)
	1838576  -  ResidentSetSize of job (KB)
...
006 (113604299.000.000) 2023-04-07 16:34:22 Image size of job updated: 5700716
	1796  -  MemoryUsage of job (MB)
	1838576  -  ResidentSetSize of job (KB)
...
004 (113604299.000.000) 2023-04-07 16:34:22 Job was evicted.
	(0) CPU times
		Usr 3 14:36:13, Sys 0 00:06:20  -  Run Remote Usage
		Usr 0 00:00:00, Sys 0 00:00:00  -  Run Local Usage
	0  -  Run Bytes Sent By Job
	366  -  Run Bytes Received By Job
	Partitionable Resources :    Usage  Request Allocated 
	   Cpus                 :     4.47        1         1 
	   Disk (KB)            :  4096      500000    609620 
	   GPUs                 :                           0 
	   Memory (MB)          :  1796       20000     20096 
...
040 (113604299.000.000) 2023-04-07 16:56:57 Started transferring input files
	Transferring to host: <10.14.4.23:9618?addrs=10.14.4.23-9618&alias=node773.cluster.ldas.cit&noUDP&sock=slot1_2_4026539_bbb3_9384>
...
040 (113604299.000.000) 2023-04-07 16:56:57 Finished transferring input files
...
001 (113604299.000.000) 2023-04-07 16:56:58 Job executing on host: <10.14.4.23:9618?addrs=10.14.4.23-9618&alias=node773.cluster.ldas.cit&noUDP&sock=startd_4026501_5abf>
...
004 (113604299.000.000) 2023-04-08 18:09:28 Job was evicted.
	(0) CPU times
		Usr 3 11:27:28, Sys 0 00:11:10  -  Run Remote Usage
		Usr 0 00:00:00, Sys 0 00:00:00  -  Run Local Usage
	0  -  Run Bytes Sent By Job
	366  -  Run Bytes Received By Job
	Partitionable Resources :    Usage  Request Allocated 
	   Cpus                 :     0.99        1         1 
	   Disk (KB)            :  3115      500000    609620 
	   GPUs                 :                           0 
	   Memory (MB)          :  1954       20000     20096 
...
040 (113604299.000.000) 2023-04-08 18:10:30 Started transferring input files
	Transferring to host: <10.14.4.85:9618?addrs=10.14.4.85-9618&alias=node835.cluster.ldas.cit&noUDP&sock=slot1_4_1350884_bc0e_20662>
...
040 (113604299.000.000) 2023-04-08 18:10:30 Finished transferring input files
...
001 (113604299.000.000) 2023-04-08 18:10:31 Job executing on host: <10.14.4.85:9618?addrs=10.14.4.85-9618&alias=node835.cluster.ldas.cit&noUDP&sock=startd_3402_1148>
...
004 (113604299.000.000) 2023-04-09 18:12:17 Job was evicted.
	(0) CPU times
		Usr 2 20:20:27, Sys 0 00:09:27  -  Run Remote Usage
		Usr 0 00:00:00, Sys 0 00:00:00  -  Run Local Usage
	0  -  Run Bytes Sent By Job
	366  -  Run Bytes Received By Job
	Partitionable Resources :    Usage  Request Allocated 
	   Cpus                 :     3.65        1         1 
	   Disk (KB)            :  3013      500000    619149 
	   GPUs                 :                           0 
	   Memory (MB)          :  1954       20000     20096 
...
040 (113604299.000.000) 2023-04-09 18:12:22 Started transferring input files
	Transferring to host: <10.14.3.27:9618?addrs=10.14.3.27-9618&alias=node527.cluster.ldas.cit&noUDP&sock=slot1_9_1548080_27e1_29853>
...
040 (113604299.000.000) 2023-04-09 18:12:22 Finished transferring input files
...
001 (113604299.000.000) 2023-04-09 18:12:23 Job executing on host: <10.14.3.27:9618?addrs=10.14.3.27-9618&alias=node527.cluster.ldas.cit&noUDP&sock=startd_4298_a623>
...
004 (113604299.000.000) 2023-04-10 20:45:19 Job was evicted.
	(0) CPU times
		Usr 3 20:59:20, Sys 0 00:15:13  -  Run Remote Usage
		Usr 0 00:00:00, Sys 0 00:00:00  -  Run Local Usage
	0  -  Run Bytes Sent By Job
	366  -  Run Bytes Received By Job
	Partitionable Resources :    Usage  Request Allocated 
	   Cpus                 :     7.92        1         1 
	   Disk (KB)            :  2884      500000    609620 
	   GPUs                 :                           0 
	   Memory (MB)          :  1954       20000     20096 
...
040 (113604299.000.000) 2023-04-10 20:48:34 Started transferring input files
	Transferring to host: <10.14.9.82:9618?addrs=10.14.9.82-9618&alias=node2082.cluster.ldas.cit&noUDP&sock=slot1_5_4078164_3746_13938>
...
040 (113604299.000.000) 2023-04-10 20:48:34 Finished transferring input files
...
001 (113604299.000.000) 2023-04-10 20:48:35 Job executing on host: <10.14.9.82:9618?addrs=10.14.9.82-9618&alias=node2082.cluster.ldas.cit&noUDP&sock=startd_4078126_cf7d>
...
006 (113604299.000.000) 2023-04-11 12:15:18 Image size of job updated: 7500000
	1960  -  MemoryUsage of job (MB)
	2006412  -  ResidentSetSize of job (KB)
...
006 (113604299.000.000) 2023-04-11 13:40:27 Image size of job updated: 7500000
	2090  -  MemoryUsage of job (MB)
	2139572  -  ResidentSetSize of job (KB)
...
006 (113604299.000.000) 2023-04-11 13:45:28 Image size of job updated: 7500000
	2096  -  MemoryUsage of job (MB)
	2145716  -  ResidentSetSize of job (KB)
...
004 (113604299.000.000) 2023-04-11 22:06:18 Job was evicted.
	(0) CPU times
		Usr 3 04:10:08, Sys 0 00:15:42  -  Run Remote Usage
		Usr 0 00:00:00, Sys 0 00:00:00  -  Run Local Usage
	0  -  Run Bytes Sent By Job
	366  -  Run Bytes Received By Job
	Partitionable Resources :    Usage  Request Allocated 
	   Cpus                 :     0.98        1         1 
	   Disk (KB)            :  2907      500000    609620 
	   GPUs                 :                           0 
	   Memory (MB)          :  2096       20000     20096 
...
040 (113604299.000.000) 2023-04-11 23:22:06 Started transferring input files
	Transferring to host: <10.14.10.108:9618?addrs=10.14.10.108-9618&alias=node2358.cluster.ldas.cit&noUDP&sock=slot1_2_231551_6061_8281>
...
040 (113604299.000.000) 2023-04-11 23:22:06 Finished transferring input files
...
001 (113604299.000.000) 2023-04-11 23:22:07 Job executing on host: <10.14.10.108:9618?addrs=10.14.10.108-9618&alias=node2358.cluster.ldas.cit&noUDP&sock=startd_231508_cf7a>
...
006 (113604299.000.000) 2023-04-12 09:28:17 Image size of job updated: 7500000
	2243  -  MemoryUsage of job (MB)
	2296640  -  ResidentSetSize of job (KB)
...
006 (113604299.000.000) 2023-04-12 14:28:49 Image size of job updated: 7500000
	2273  -  MemoryUsage of job (MB)
	2326800  -  ResidentSetSize of job (KB)
...
006 (113604299.000.000) 2023-04-12 18:14:13 Image size of job updated: 7500000
	2306  -  MemoryUsage of job (MB)
	2361220  -  ResidentSetSize of job (KB)
...
006 (113604299.000.000) 2023-04-12 18:49:17 Image size of job updated: 13718536
	2306  -  MemoryUsage of job (MB)
	2361220  -  ResidentSetSize of job (KB)
...
040 (113604299.000.000) 2023-04-12 18:51:42 Started transferring output files
...
040 (113604299.000.000) 2023-04-12 18:51:42 Finished transferring output files
...
005 (113604299.000.000) 2023-04-12 18:51:42 Job terminated.
	(1) Normal termination (return value 0)
		Usr 3 12:15:27, Sys 0 00:07:50  -  Run Remote Usage
		Usr 0 00:00:00, Sys 0 00:00:00  -  Run Local Usage
		Usr 20 11:49:03, Sys 0 01:05:42  -  Total Remote Usage
		Usr 0 00:00:00, Sys 0 00:00:00  -  Total Local Usage
	3251675  -  Run Bytes Sent By Job
	366  -  Run Bytes Received By Job
	3251675  -  Total Bytes Sent By Job
	2196  -  Total Bytes Received By Job
	Partitionable Resources :    Usage  Request Allocated 
	   Cpus                 :     4.69        1         1 
	   Disk (KB)            :  3199      500000    624256 
	   GPUs                 :                           0 
	   Memory (MB)          :  2306       20000     20096 

	Job terminated of its own accord at 2023-04-13T01:51:42Z with exit-code 0.
...
