13:55 bilby INFO    : Waveform generator initiated with
  frequency_domain_source_model: bilby.gw.source.lal_binary_black_hole
  time_domain_source_model: None
  parameter_conversion: bilby.gw.conversion.convert_to_lal_binary_black_hole_parameters
13:55 bilby INFO    : Injected signal in H1:
13:55 bilby INFO    :   optimal SNR = 7.15
13:55 bilby INFO    :   matched filter SNR = 6.81-0.65j
13:55 bilby INFO    :   mass_1 = 116.18240203251801
13:55 bilby INFO    :   mass_2 = 107.86528207780137
13:55 bilby INFO    :   a_1 = 0.47279651702928877
13:55 bilby INFO    :   a_2 = 0.46082308943009115
13:55 bilby INFO    :   tilt_1 = 1.0440203177983982
13:55 bilby INFO    :   tilt_2 = 1.2730649146672326
13:55 bilby INFO    :   phi_12 = 1.005939411137304
13:55 bilby INFO    :   phi_jl = 5.066651330327757
13:55 bilby INFO    :   luminosity_distance = 5869.0746739594
13:55 bilby INFO    :   theta_jn = 2.287334289224149
13:55 bilby INFO    :   psi = 2.4076891482000002
13:55 bilby INFO    :   phase = 5.729208885
13:55 bilby INFO    :   geocent_time = 1126259642.413
13:55 bilby INFO    :   ra = 3.710179881
13:55 bilby INFO    :   dec = 2.6785364683
13:55 bilby INFO    : Injected signal in L1:
13:55 bilby INFO    :   optimal SNR = 9.66
13:55 bilby INFO    :   matched filter SNR = 10.13+0.68j
13:55 bilby INFO    :   mass_1 = 116.18240203251801
13:55 bilby INFO    :   mass_2 = 107.86528207780137
13:55 bilby INFO    :   a_1 = 0.47279651702928877
13:55 bilby INFO    :   a_2 = 0.46082308943009115
13:55 bilby INFO    :   tilt_1 = 1.0440203177983982
13:55 bilby INFO    :   tilt_2 = 1.2730649146672326
13:55 bilby INFO    :   phi_12 = 1.005939411137304
13:55 bilby INFO    :   phi_jl = 5.066651330327757
13:55 bilby INFO    :   luminosity_distance = 5869.0746739594
13:55 bilby INFO    :   theta_jn = 2.287334289224149
13:55 bilby INFO    :   psi = 2.4076891482000002
13:55 bilby INFO    :   phase = 5.729208885
13:55 bilby INFO    :   geocent_time = 1126259642.413
13:55 bilby INFO    :   ra = 3.710179881
13:55 bilby INFO    :   dec = 2.6785364683
13:55 bilby INFO    : Injected signal in V1:
13:55 bilby INFO    :   optimal SNR = 1.57
13:55 bilby INFO    :   matched filter SNR = 1.90+0.88j
13:55 bilby INFO    :   mass_1 = 116.18240203251801
13:55 bilby INFO    :   mass_2 = 107.86528207780137
13:55 bilby INFO    :   a_1 = 0.47279651702928877
13:55 bilby INFO    :   a_2 = 0.46082308943009115
13:55 bilby INFO    :   tilt_1 = 1.0440203177983982
13:55 bilby INFO    :   tilt_2 = 1.2730649146672326
13:55 bilby INFO    :   phi_12 = 1.005939411137304
13:55 bilby INFO    :   phi_jl = 5.066651330327757
13:55 bilby INFO    :   luminosity_distance = 5869.0746739594
13:55 bilby INFO    :   theta_jn = 2.287334289224149
13:55 bilby INFO    :   psi = 2.4076891482000002
13:55 bilby INFO    :   phase = 5.729208885
13:55 bilby INFO    :   geocent_time = 1126259642.413
13:55 bilby INFO    :   ra = 3.710179881
13:55 bilby INFO    :   dec = 2.6785364683
13:55 bilby INFO    : Running for label 'job_00862_justSpin', output will be saved to '/home/simona.miller/comp-spin-mock-injections/Data/IndividualInferenceOutput/new_bilby/population1_highSpinPrecessing_highmass'
13:55 bilby INFO    : Using lal version 7.3.0
13:55 bilby INFO    : Using lal git version Branch: None;Tag: lalsuite-v7.13;Id: ec1fcb1d2d1dab69321fdb8f0afef1f867b11e06;;Builder: Unknown User <>;Repository status: UNCLEAN: Modified working tree
13:55 bilby INFO    : Using lalsimulation version 5.0.0
13:55 bilby INFO    : Using lalsimulation git version Branch: None;Tag: lalsuite-v7.13;Id: ec1fcb1d2d1dab69321fdb8f0afef1f867b11e06;;Builder: Unknown User <>;Repository status: UNCLEAN: Modified working tree
13:55 bilby INFO    : Analysis priors:
13:55 bilby INFO    : a_1=Uniform(minimum=0, maximum=0.99, name='a_1', latex_label='$a_1$', unit=None, boundary=None)
13:55 bilby INFO    : a_2=Uniform(minimum=0, maximum=0.99, name='a_2', latex_label='$a_2$', unit=None, boundary=None)
13:55 bilby INFO    : tilt_1=Sine(minimum=0, maximum=3.141592653589793, name='tilt_1', latex_label='$\\theta_1$', unit=None, boundary=None)
13:55 bilby INFO    : tilt_2=Sine(minimum=0, maximum=3.141592653589793, name='tilt_2', latex_label='$\\theta_2$', unit=None, boundary=None)
13:55 bilby INFO    : ra=3.710179881
13:55 bilby INFO    : dec=2.6785364683
13:55 bilby INFO    : geocent_time=1126259642.413
13:55 bilby INFO    : phase=5.729208885
13:55 bilby INFO    : psi=2.4076891482000002
13:55 bilby INFO    : luminosity_distance=5869.0746739594
13:55 bilby INFO    : theta_jn=2.287334289224149
13:55 bilby INFO    : mass_1=116.18240203251801
13:55 bilby INFO    : mass_2=107.86528207780137
13:55 bilby INFO    : phi_12=1.005939411137304
13:55 bilby INFO    : phi_jl=5.066651330327757
13:55 bilby INFO    : Analysis likelihood class: <class 'bilby.gw.likelihood.base.GravitationalWaveTransient'>
13:55 bilby INFO    : Analysis likelihood noise evidence: -24228.76855031751
13:55 bilby INFO    : Single likelihood evaluation took 9.294e-03 s
13:55 bilby INFO    : Using sampler Dynesty with kwargs {'nlive': 2000, 'bound': 'live', 'sample': 'act-walk', 'periodic': None, 'reflective': None, 'update_interval': 600, 'first_update': None, 'npdim': None, 'rstate': None, 'queue_size': 8, 'pool': None, 'use_pool': None, 'live_points': None, 'logl_args': None, 'logl_kwargs': None, 'ptform_args': None, 'ptform_kwargs': None, 'gradient': None, 'grad_args': None, 'grad_kwargs': None, 'compute_jac': False, 'enlarge': None, 'bootstrap': None, 'walks': 100, 'facc': 0.2, 'slices': None, 'fmove': 0.9, 'max_move': 100, 'update_func': None, 'ncdim': None, 'blob': False, 'save_history': False, 'history_filename': None, 'maxiter': None, 'maxcall': None, 'dlogz': 0.1, 'logl_max': inf, 'n_effective': None, 'add_live': True, 'print_progress': True, 'print_func': <bound method Dynesty._print_func of <bilby.core.sampler.dynesty.Dynesty object at 0x1504a3d7edc0>>, 'save_bounds': False, 'checkpoint_file': None, 'checkpoint_every': 60, 'resume': False}
13:55 bilby INFO    : Checkpoint every check_point_delta_t = 600s
13:55 bilby INFO    : Using dynesty version 2.1.0
13:55 bilby INFO    : Using the bilby-implemented rwalk sampling tracking the autocorrelation function and thinning by 5 with maximum length 25000
13:55 bilby INFO    : Setting up multiproccesing pool with 8 processes
13:55 bilby INFO    : Resume file /home/simona.miller/comp-spin-mock-injections/Data/IndividualInferenceOutput/new_bilby/population1_highSpinPrecessing_highmass/job_00862_justSpin_resume.pickle does not exist.
13:55 bilby INFO    : Generating initial points from the prior
14:06 bilby INFO    : Written checkpoint file /home/simona.miller/comp-spin-mock-injections/Data/IndividualInferenceOutput/new_bilby/population1_highSpinPrecessing_highmass/job_00862_justSpin_resume.pickle
14:17 bilby INFO    : Written checkpoint file /home/simona.miller/comp-spin-mock-injections/Data/IndividualInferenceOutput/new_bilby/population1_highSpinPrecessing_highmass/job_00862_justSpin_resume.pickle
14:27 bilby INFO    : Written checkpoint file /home/simona.miller/comp-spin-mock-injections/Data/IndividualInferenceOutput/new_bilby/population1_highSpinPrecessing_highmass/job_00862_justSpin_resume.pickle
14:38 bilby INFO    : Written checkpoint file /home/simona.miller/comp-spin-mock-injections/Data/IndividualInferenceOutput/new_bilby/population1_highSpinPrecessing_highmass/job_00862_justSpin_resume.pickle
14:49 bilby INFO    : Written checkpoint file /home/simona.miller/comp-spin-mock-injections/Data/IndividualInferenceOutput/new_bilby/population1_highSpinPrecessing_highmass/job_00862_justSpin_resume.pickle
15:00 bilby INFO    : Written checkpoint file /home/simona.miller/comp-spin-mock-injections/Data/IndividualInferenceOutput/new_bilby/population1_highSpinPrecessing_highmass/job_00862_justSpin_resume.pickle
15:08 bilby INFO    : Written checkpoint file /home/simona.miller/comp-spin-mock-injections/Data/IndividualInferenceOutput/new_bilby/population1_highSpinPrecessing_highmass/job_00862_justSpin_resume.pickle
15:08 bilby INFO    : Starting to close worker pool.
15:08 bilby INFO    : Finished closing worker pool.
15:08 bilby INFO    : Rejection sampling nested samples to obtain 5950 posterior samples
15:08 bilby INFO    : Sampling time: 1:12:22.882459
15:08 bilby INFO    : Computing per-detector log likelihoods.
15:08 bilby INFO    : Using a pool with size 8 for nsamples=5950
15:08 bilby INFO    : Generating sky frame parameters.
15:08 bilby INFO    : Computing SNRs for every sample.
15:08 bilby INFO    : Using a pool with size 8 for nsamples=5950
15:09 bilby INFO    : Summary of results:
nsamples: 5950
ln_noise_evidence: -24228.769
ln_evidence: -24154.844 +/-  0.047
ln_bayes_factor: 73.924 +/-  0.047

