14:24 bilby INFO    : Waveform generator initiated with
  frequency_domain_source_model: bilby.gw.source.lal_binary_black_hole
  time_domain_source_model: None
  parameter_conversion: bilby.gw.conversion.convert_to_lal_binary_black_hole_parameters
14:24 bilby INFO    : Injected signal in H1:
14:24 bilby INFO    :   optimal SNR = 5.92
14:24 bilby INFO    :   matched filter SNR = 5.81+0.09j
14:24 bilby INFO    :   mass_1 = 90.87645530809787
14:24 bilby INFO    :   mass_2 = 70.563329531575
14:24 bilby INFO    :   a_1 = 0.16463308671115484
14:24 bilby INFO    :   a_2 = 0.3663715748862404
14:24 bilby INFO    :   tilt_1 = 1.4087969379521235
14:24 bilby INFO    :   tilt_2 = 1.8032476674679112
14:24 bilby INFO    :   phi_12 = 5.256913007003353
14:24 bilby INFO    :   phi_jl = 2.7073154530765655
14:24 bilby INFO    :   luminosity_distance = 3767.0123151979
14:24 bilby INFO    :   theta_jn = 2.279555812260542
14:24 bilby INFO    :   psi = 0.49091874020000004
14:24 bilby INFO    :   phase = 3.0773295367
14:24 bilby INFO    :   geocent_time = 1126259642.413
14:24 bilby INFO    :   ra = 1.0328351715
14:24 bilby INFO    :   dec = 3.6142541311
14:24 bilby INFO    : Injected signal in L1:
14:24 bilby INFO    :   optimal SNR = 9.09
14:24 bilby INFO    :   matched filter SNR = 9.21-1.94j
14:24 bilby INFO    :   mass_1 = 90.87645530809787
14:24 bilby INFO    :   mass_2 = 70.563329531575
14:24 bilby INFO    :   a_1 = 0.16463308671115484
14:24 bilby INFO    :   a_2 = 0.3663715748862404
14:24 bilby INFO    :   tilt_1 = 1.4087969379521235
14:24 bilby INFO    :   tilt_2 = 1.8032476674679112
14:24 bilby INFO    :   phi_12 = 5.256913007003353
14:24 bilby INFO    :   phi_jl = 2.7073154530765655
14:24 bilby INFO    :   luminosity_distance = 3767.0123151979
14:24 bilby INFO    :   theta_jn = 2.279555812260542
14:24 bilby INFO    :   psi = 0.49091874020000004
14:24 bilby INFO    :   phase = 3.0773295367
14:24 bilby INFO    :   geocent_time = 1126259642.413
14:24 bilby INFO    :   ra = 1.0328351715
14:24 bilby INFO    :   dec = 3.6142541311
14:24 bilby INFO    : Injected signal in V1:
14:24 bilby INFO    :   optimal SNR = 2.02
14:24 bilby INFO    :   matched filter SNR = 2.49-1.26j
14:24 bilby INFO    :   mass_1 = 90.87645530809787
14:24 bilby INFO    :   mass_2 = 70.563329531575
14:24 bilby INFO    :   a_1 = 0.16463308671115484
14:24 bilby INFO    :   a_2 = 0.3663715748862404
14:24 bilby INFO    :   tilt_1 = 1.4087969379521235
14:24 bilby INFO    :   tilt_2 = 1.8032476674679112
14:24 bilby INFO    :   phi_12 = 5.256913007003353
14:24 bilby INFO    :   phi_jl = 2.7073154530765655
14:24 bilby INFO    :   luminosity_distance = 3767.0123151979
14:24 bilby INFO    :   theta_jn = 2.279555812260542
14:24 bilby INFO    :   psi = 0.49091874020000004
14:24 bilby INFO    :   phase = 3.0773295367
14:24 bilby INFO    :   geocent_time = 1126259642.413
14:24 bilby INFO    :   ra = 1.0328351715
14:24 bilby INFO    :   dec = 3.6142541311
14:24 bilby INFO    : Running for label 'job_00442_fixedExtrinsic', output will be saved to '/home/simona.miller/comp-spin-mock-injections/Data/IndividualInferenceOutput/new_bilby/population2_mediumSpin_highmass'
14:24 bilby INFO    : Using lal version 7.3.0
14:24 bilby INFO    : Using lal git version Branch: None;Tag: lalsuite-v7.13;Id: ec1fcb1d2d1dab69321fdb8f0afef1f867b11e06;;Builder: Unknown User <>;Repository status: UNCLEAN: Modified working tree
14:24 bilby INFO    : Using lalsimulation version 5.0.0
14:24 bilby INFO    : Using lalsimulation git version Branch: None;Tag: lalsuite-v7.13;Id: ec1fcb1d2d1dab69321fdb8f0afef1f867b11e06;;Builder: Unknown User <>;Repository status: UNCLEAN: Modified working tree
14:25 bilby INFO    : Analysis priors:
14:25 bilby INFO    : chirp_mass=bilby.gw.prior.UniformInComponentsChirpMass(minimum=2, maximum=200, name='chirp_mass', latex_label='$\\mathcal{M}$', unit=None, boundary=None)
14:25 bilby INFO    : mass_ratio=bilby.gw.prior.UniformInComponentsMassRatio(minimum=0.05, maximum=1, name='mass_ratio', latex_label='$q$', unit=None, boundary=None, equal_mass=False)
14:25 bilby INFO    : a_1=Uniform(minimum=0, maximum=0.99, name='a_1', latex_label='$a_1$', unit=None, boundary=None)
14:25 bilby INFO    : a_2=Uniform(minimum=0, maximum=0.99, name='a_2', latex_label='$a_2$', unit=None, boundary=None)
14:25 bilby INFO    : tilt_1=Sine(minimum=0, maximum=3.141592653589793, name='tilt_1', latex_label='$\\theta_1$', unit=None, boundary=None)
14:25 bilby INFO    : tilt_2=Sine(minimum=0, maximum=3.141592653589793, name='tilt_2', latex_label='$\\theta_2$', unit=None, boundary=None)
14:25 bilby INFO    : phi_12=Uniform(minimum=0, maximum=6.283185307179586, name='phi_12', latex_label='$\\Delta\\phi$', unit=None, boundary='periodic')
14:25 bilby INFO    : phi_jl=Uniform(minimum=0, maximum=6.283185307179586, name='phi_jl', latex_label='$\\phi_{JL}$', unit=None, boundary='periodic')
14:25 bilby INFO    : mass_1=Constraint(minimum=80.87645530809787, maximum=100.87645530809787, name='mass_1', latex_label='$m_1$', unit=None)
14:25 bilby INFO    : mass_2=Constraint(minimum=60.56332953157499, maximum=80.563329531575, name='mass_2', latex_label='$m_2$', unit=None)
14:25 bilby INFO    : ra=1.0328351715
14:25 bilby INFO    : dec=3.6142541311
14:25 bilby INFO    : geocent_time=1126259642.413
14:25 bilby INFO    : phase=3.0773295367
14:25 bilby INFO    : psi=0.49091874020000004
14:25 bilby INFO    : luminosity_distance=3767.0123151979
14:25 bilby INFO    : theta_jn=2.279555812260542
14:25 bilby INFO    : Analysis likelihood class: <class 'bilby.gw.likelihood.base.GravitationalWaveTransient'>
14:25 bilby INFO    : Analysis likelihood noise evidence: -23930.06324413166
14:25 bilby INFO    : Single likelihood evaluation took 6.902e-02 s
14:25 bilby INFO    : Using sampler Dynesty with kwargs {'nlive': 2000, 'bound': 'live', 'sample': 'act-walk', 'periodic': None, 'reflective': None, 'update_interval': 600, 'first_update': None, 'npdim': None, 'rstate': None, 'queue_size': 8, 'pool': None, 'use_pool': None, 'live_points': None, 'logl_args': None, 'logl_kwargs': None, 'ptform_args': None, 'ptform_kwargs': None, 'gradient': None, 'grad_args': None, 'grad_kwargs': None, 'compute_jac': False, 'enlarge': None, 'bootstrap': None, 'walks': 100, 'facc': 0.2, 'slices': None, 'fmove': 0.9, 'max_move': 100, 'update_func': None, 'ncdim': None, 'blob': False, 'save_history': False, 'history_filename': None, 'maxiter': None, 'maxcall': None, 'dlogz': 0.1, 'logl_max': inf, 'n_effective': None, 'add_live': True, 'print_progress': True, 'print_func': <bound method Dynesty._print_func of <bilby.core.sampler.dynesty.Dynesty object at 0x145faa24eca0>>, 'save_bounds': False, 'checkpoint_file': None, 'checkpoint_every': 60, 'resume': False}
14:25 bilby INFO    : Checkpoint every check_point_delta_t = 600s
14:25 bilby INFO    : Using dynesty version 2.1.0
14:25 bilby INFO    : Using the bilby-implemented rwalk sampling tracking the autocorrelation function and thinning by 5 with maximum length 25000
14:25 bilby INFO    : Setting up multiproccesing pool with 8 processes
14:25 bilby INFO    : Resume file /home/simona.miller/comp-spin-mock-injections/Data/IndividualInferenceOutput/new_bilby/population2_mediumSpin_highmass/job_00442_fixedExtrinsic_resume.pickle does not exist.
14:25 bilby INFO    : Generating initial points from the prior
14:39 bilby INFO    : Written checkpoint file /home/simona.miller/comp-spin-mock-injections/Data/IndividualInferenceOutput/new_bilby/population2_mediumSpin_highmass/job_00442_fixedExtrinsic_resume.pickle
14:50 bilby INFO    : Written checkpoint file /home/simona.miller/comp-spin-mock-injections/Data/IndividualInferenceOutput/new_bilby/population2_mediumSpin_highmass/job_00442_fixedExtrinsic_resume.pickle
15:01 bilby INFO    : Written checkpoint file /home/simona.miller/comp-spin-mock-injections/Data/IndividualInferenceOutput/new_bilby/population2_mediumSpin_highmass/job_00442_fixedExtrinsic_resume.pickle
15:12 bilby INFO    : Written checkpoint file /home/simona.miller/comp-spin-mock-injections/Data/IndividualInferenceOutput/new_bilby/population2_mediumSpin_highmass/job_00442_fixedExtrinsic_resume.pickle
15:22 bilby INFO    : Written checkpoint file /home/simona.miller/comp-spin-mock-injections/Data/IndividualInferenceOutput/new_bilby/population2_mediumSpin_highmass/job_00442_fixedExtrinsic_resume.pickle
15:33 bilby INFO    : Written checkpoint file /home/simona.miller/comp-spin-mock-injections/Data/IndividualInferenceOutput/new_bilby/population2_mediumSpin_highmass/job_00442_fixedExtrinsic_resume.pickle
15:43 bilby INFO    : Written checkpoint file /home/simona.miller/comp-spin-mock-injections/Data/IndividualInferenceOutput/new_bilby/population2_mediumSpin_highmass/job_00442_fixedExtrinsic_resume.pickle
15:56 bilby INFO    : Written checkpoint file /home/simona.miller/comp-spin-mock-injections/Data/IndividualInferenceOutput/new_bilby/population2_mediumSpin_highmass/job_00442_fixedExtrinsic_resume.pickle
16:06 bilby INFO    : Written checkpoint file /home/simona.miller/comp-spin-mock-injections/Data/IndividualInferenceOutput/new_bilby/population2_mediumSpin_highmass/job_00442_fixedExtrinsic_resume.pickle
16:17 bilby INFO    : Written checkpoint file /home/simona.miller/comp-spin-mock-injections/Data/IndividualInferenceOutput/new_bilby/population2_mediumSpin_highmass/job_00442_fixedExtrinsic_resume.pickle
16:29 bilby INFO    : Written checkpoint file /home/simona.miller/comp-spin-mock-injections/Data/IndividualInferenceOutput/new_bilby/population2_mediumSpin_highmass/job_00442_fixedExtrinsic_resume.pickle
16:40 bilby INFO    : Written checkpoint file /home/simona.miller/comp-spin-mock-injections/Data/IndividualInferenceOutput/new_bilby/population2_mediumSpin_highmass/job_00442_fixedExtrinsic_resume.pickle
16:51 bilby INFO    : Written checkpoint file /home/simona.miller/comp-spin-mock-injections/Data/IndividualInferenceOutput/new_bilby/population2_mediumSpin_highmass/job_00442_fixedExtrinsic_resume.pickle
17:01 bilby INFO    : Written checkpoint file /home/simona.miller/comp-spin-mock-injections/Data/IndividualInferenceOutput/new_bilby/population2_mediumSpin_highmass/job_00442_fixedExtrinsic_resume.pickle
17:16 bilby INFO    : Written checkpoint file /home/simona.miller/comp-spin-mock-injections/Data/IndividualInferenceOutput/new_bilby/population2_mediumSpin_highmass/job_00442_fixedExtrinsic_resume.pickle
17:26 bilby INFO    : Written checkpoint file /home/simona.miller/comp-spin-mock-injections/Data/IndividualInferenceOutput/new_bilby/population2_mediumSpin_highmass/job_00442_fixedExtrinsic_resume.pickle
17:40 bilby INFO    : Written checkpoint file /home/simona.miller/comp-spin-mock-injections/Data/IndividualInferenceOutput/new_bilby/population2_mediumSpin_highmass/job_00442_fixedExtrinsic_resume.pickle
17:52 bilby INFO    : Written checkpoint file /home/simona.miller/comp-spin-mock-injections/Data/IndividualInferenceOutput/new_bilby/population2_mediumSpin_highmass/job_00442_fixedExtrinsic_resume.pickle
18:06 bilby INFO    : Written checkpoint file /home/simona.miller/comp-spin-mock-injections/Data/IndividualInferenceOutput/new_bilby/population2_mediumSpin_highmass/job_00442_fixedExtrinsic_resume.pickle
18:17 bilby INFO    : Written checkpoint file /home/simona.miller/comp-spin-mock-injections/Data/IndividualInferenceOutput/new_bilby/population2_mediumSpin_highmass/job_00442_fixedExtrinsic_resume.pickle
18:29 bilby INFO    : Written checkpoint file /home/simona.miller/comp-spin-mock-injections/Data/IndividualInferenceOutput/new_bilby/population2_mediumSpin_highmass/job_00442_fixedExtrinsic_resume.pickle
18:42 bilby INFO    : Written checkpoint file /home/simona.miller/comp-spin-mock-injections/Data/IndividualInferenceOutput/new_bilby/population2_mediumSpin_highmass/job_00442_fixedExtrinsic_resume.pickle
18:53 bilby INFO    : Written checkpoint file /home/simona.miller/comp-spin-mock-injections/Data/IndividualInferenceOutput/new_bilby/population2_mediumSpin_highmass/job_00442_fixedExtrinsic_resume.pickle
19:04 bilby INFO    : Written checkpoint file /home/simona.miller/comp-spin-mock-injections/Data/IndividualInferenceOutput/new_bilby/population2_mediumSpin_highmass/job_00442_fixedExtrinsic_resume.pickle
19:14 bilby INFO    : Written checkpoint file /home/simona.miller/comp-spin-mock-injections/Data/IndividualInferenceOutput/new_bilby/population2_mediumSpin_highmass/job_00442_fixedExtrinsic_resume.pickle
19:25 bilby INFO    : Written checkpoint file /home/simona.miller/comp-spin-mock-injections/Data/IndividualInferenceOutput/new_bilby/population2_mediumSpin_highmass/job_00442_fixedExtrinsic_resume.pickle
19:36 bilby INFO    : Written checkpoint file /home/simona.miller/comp-spin-mock-injections/Data/IndividualInferenceOutput/new_bilby/population2_mediumSpin_highmass/job_00442_fixedExtrinsic_resume.pickle
19:48 bilby INFO    : Written checkpoint file /home/simona.miller/comp-spin-mock-injections/Data/IndividualInferenceOutput/new_bilby/population2_mediumSpin_highmass/job_00442_fixedExtrinsic_resume.pickle
19:59 bilby INFO    : Written checkpoint file /home/simona.miller/comp-spin-mock-injections/Data/IndividualInferenceOutput/new_bilby/population2_mediumSpin_highmass/job_00442_fixedExtrinsic_resume.pickle
20:11 bilby INFO    : Written checkpoint file /home/simona.miller/comp-spin-mock-injections/Data/IndividualInferenceOutput/new_bilby/population2_mediumSpin_highmass/job_00442_fixedExtrinsic_resume.pickle
20:25 bilby INFO    : Written checkpoint file /home/simona.miller/comp-spin-mock-injections/Data/IndividualInferenceOutput/new_bilby/population2_mediumSpin_highmass/job_00442_fixedExtrinsic_resume.pickle
20:39 bilby INFO    : Written checkpoint file /home/simona.miller/comp-spin-mock-injections/Data/IndividualInferenceOutput/new_bilby/population2_mediumSpin_highmass/job_00442_fixedExtrinsic_resume.pickle
20:50 bilby INFO    : Written checkpoint file /home/simona.miller/comp-spin-mock-injections/Data/IndividualInferenceOutput/new_bilby/population2_mediumSpin_highmass/job_00442_fixedExtrinsic_resume.pickle
21:02 bilby INFO    : Written checkpoint file /home/simona.miller/comp-spin-mock-injections/Data/IndividualInferenceOutput/new_bilby/population2_mediumSpin_highmass/job_00442_fixedExtrinsic_resume.pickle
21:14 bilby INFO    : Written checkpoint file /home/simona.miller/comp-spin-mock-injections/Data/IndividualInferenceOutput/new_bilby/population2_mediumSpin_highmass/job_00442_fixedExtrinsic_resume.pickle
21:29 bilby INFO    : Written checkpoint file /home/simona.miller/comp-spin-mock-injections/Data/IndividualInferenceOutput/new_bilby/population2_mediumSpin_highmass/job_00442_fixedExtrinsic_resume.pickle
21:42 bilby INFO    : Written checkpoint file /home/simona.miller/comp-spin-mock-injections/Data/IndividualInferenceOutput/new_bilby/population2_mediumSpin_highmass/job_00442_fixedExtrinsic_resume.pickle
21:56 bilby INFO    : Written checkpoint file /home/simona.miller/comp-spin-mock-injections/Data/IndividualInferenceOutput/new_bilby/population2_mediumSpin_highmass/job_00442_fixedExtrinsic_resume.pickle
22:07 bilby INFO    : Written checkpoint file /home/simona.miller/comp-spin-mock-injections/Data/IndividualInferenceOutput/new_bilby/population2_mediumSpin_highmass/job_00442_fixedExtrinsic_resume.pickle
22:36 bilby INFO    : Written checkpoint file /home/simona.miller/comp-spin-mock-injections/Data/IndividualInferenceOutput/new_bilby/population2_mediumSpin_highmass/job_00442_fixedExtrinsic_resume.pickle
22:49 bilby INFO    : Written checkpoint file /home/simona.miller/comp-spin-mock-injections/Data/IndividualInferenceOutput/new_bilby/population2_mediumSpin_highmass/job_00442_fixedExtrinsic_resume.pickle
23:01 bilby INFO    : Written checkpoint file /home/simona.miller/comp-spin-mock-injections/Data/IndividualInferenceOutput/new_bilby/population2_mediumSpin_highmass/job_00442_fixedExtrinsic_resume.pickle
23:12 bilby INFO    : Written checkpoint file /home/simona.miller/comp-spin-mock-injections/Data/IndividualInferenceOutput/new_bilby/population2_mediumSpin_highmass/job_00442_fixedExtrinsic_resume.pickle
23:26 bilby INFO    : Written checkpoint file /home/simona.miller/comp-spin-mock-injections/Data/IndividualInferenceOutput/new_bilby/population2_mediumSpin_highmass/job_00442_fixedExtrinsic_resume.pickle
23:50 bilby INFO    : Written checkpoint file /home/simona.miller/comp-spin-mock-injections/Data/IndividualInferenceOutput/new_bilby/population2_mediumSpin_highmass/job_00442_fixedExtrinsic_resume.pickle
00:02 bilby INFO    : Written checkpoint file /home/simona.miller/comp-spin-mock-injections/Data/IndividualInferenceOutput/new_bilby/population2_mediumSpin_highmass/job_00442_fixedExtrinsic_resume.pickle
00:15 bilby INFO    : Written checkpoint file /home/simona.miller/comp-spin-mock-injections/Data/IndividualInferenceOutput/new_bilby/population2_mediumSpin_highmass/job_00442_fixedExtrinsic_resume.pickle
00:32 bilby INFO    : Written checkpoint file /home/simona.miller/comp-spin-mock-injections/Data/IndividualInferenceOutput/new_bilby/population2_mediumSpin_highmass/job_00442_fixedExtrinsic_resume.pickle
00:45 bilby INFO    : Written checkpoint file /home/simona.miller/comp-spin-mock-injections/Data/IndividualInferenceOutput/new_bilby/population2_mediumSpin_highmass/job_00442_fixedExtrinsic_resume.pickle
00:59 bilby INFO    : Written checkpoint file /home/simona.miller/comp-spin-mock-injections/Data/IndividualInferenceOutput/new_bilby/population2_mediumSpin_highmass/job_00442_fixedExtrinsic_resume.pickle
01:10 bilby INFO    : Written checkpoint file /home/simona.miller/comp-spin-mock-injections/Data/IndividualInferenceOutput/new_bilby/population2_mediumSpin_highmass/job_00442_fixedExtrinsic_resume.pickle
01:23 bilby INFO    : Written checkpoint file /home/simona.miller/comp-spin-mock-injections/Data/IndividualInferenceOutput/new_bilby/population2_mediumSpin_highmass/job_00442_fixedExtrinsic_resume.pickle
01:35 bilby INFO    : Written checkpoint file /home/simona.miller/comp-spin-mock-injections/Data/IndividualInferenceOutput/new_bilby/population2_mediumSpin_highmass/job_00442_fixedExtrinsic_resume.pickle
01:50 bilby INFO    : Written checkpoint file /home/simona.miller/comp-spin-mock-injections/Data/IndividualInferenceOutput/new_bilby/population2_mediumSpin_highmass/job_00442_fixedExtrinsic_resume.pickle
02:02 bilby INFO    : Written checkpoint file /home/simona.miller/comp-spin-mock-injections/Data/IndividualInferenceOutput/new_bilby/population2_mediumSpin_highmass/job_00442_fixedExtrinsic_resume.pickle
02:15 bilby INFO    : Written checkpoint file /home/simona.miller/comp-spin-mock-injections/Data/IndividualInferenceOutput/new_bilby/population2_mediumSpin_highmass/job_00442_fixedExtrinsic_resume.pickle
02:27 bilby INFO    : Written checkpoint file /home/simona.miller/comp-spin-mock-injections/Data/IndividualInferenceOutput/new_bilby/population2_mediumSpin_highmass/job_00442_fixedExtrinsic_resume.pickle
02:40 bilby INFO    : Written checkpoint file /home/simona.miller/comp-spin-mock-injections/Data/IndividualInferenceOutput/new_bilby/population2_mediumSpin_highmass/job_00442_fixedExtrinsic_resume.pickle
02:57 bilby INFO    : Written checkpoint file /home/simona.miller/comp-spin-mock-injections/Data/IndividualInferenceOutput/new_bilby/population2_mediumSpin_highmass/job_00442_fixedExtrinsic_resume.pickle
03:09 bilby INFO    : Written checkpoint file /home/simona.miller/comp-spin-mock-injections/Data/IndividualInferenceOutput/new_bilby/population2_mediumSpin_highmass/job_00442_fixedExtrinsic_resume.pickle
03:22 bilby INFO    : Written checkpoint file /home/simona.miller/comp-spin-mock-injections/Data/IndividualInferenceOutput/new_bilby/population2_mediumSpin_highmass/job_00442_fixedExtrinsic_resume.pickle
03:28 bilby INFO    : Written checkpoint file /home/simona.miller/comp-spin-mock-injections/Data/IndividualInferenceOutput/new_bilby/population2_mediumSpin_highmass/job_00442_fixedExtrinsic_resume.pickle
03:28 bilby INFO    : Starting to close worker pool.
03:28 bilby INFO    : Finished closing worker pool.
03:29 bilby INFO    : Rejection sampling nested samples to obtain 6343 posterior samples
03:29 bilby INFO    : Sampling time: 12:59:16.631299
03:29 bilby INFO    : Computing per-detector log likelihoods.
03:29 bilby INFO    : Using a pool with size 8 for nsamples=6343
03:30 bilby INFO    : Generating sky frame parameters.
03:30 bilby INFO    : Computing SNRs for every sample.
03:30 bilby INFO    : Using a pool with size 8 for nsamples=6343
03:30 bilby INFO    : Summary of results:
nsamples: 6343
ln_noise_evidence: -23930.063
ln_evidence: -23870.470 +/-  0.048
ln_bayes_factor: 59.593 +/-  0.048

