000 (113449862.000.000) 2023-03-29 17:01:34 Job submitted from host: <10.14.0.160:9618?addrs=10.14.0.160-9618&alias=ldas-pcdev2.ligo.caltech.edu&noUDP&sock=schedd_7450_a8a7>
    DAG Node: 67
...
040 (113449862.000.000) 2023-03-29 17:40:23 Started transferring input files
	Transferring to host: <10.14.9.194:9618?addrs=10.14.9.194-9618&alias=node2194.cluster.ldas.cit&noUDP&sock=slot1_2_189911_3ac4_88921>
...
040 (113449862.000.000) 2023-03-29 17:40:23 Finished transferring input files
...
001 (113449862.000.000) 2023-03-29 17:40:24 Job executing on host: <10.14.9.194:9618?addrs=10.14.9.194-9618&alias=node2194.cluster.ldas.cit&noUDP&sock=startd_189641_87e3>
...
006 (113449862.000.000) 2023-03-29 17:40:24 Image size of job updated: 1
	0  -  MemoryUsage of job (MB)
	0  -  ResidentSetSize of job (KB)
...
040 (113449862.000.000) 2023-03-29 17:40:24 Started transferring output files
...
040 (113449862.000.000) 2023-03-29 17:40:24 Finished transferring output files
...
005 (113449862.000.000) 2023-03-29 17:40:24 Job terminated.
	(1) Normal termination (return value 127)
		Usr 0 00:00:00, Sys 0 00:00:00  -  Run Remote Usage
		Usr 0 00:00:00, Sys 0 00:00:00  -  Run Local Usage
		Usr 0 00:00:00, Sys 0 00:00:00  -  Total Remote Usage
		Usr 0 00:00:00, Sys 0 00:00:00  -  Total Local Usage
	407  -  Run Bytes Sent By Job
	366  -  Run Bytes Received By Job
	407  -  Total Bytes Sent By Job
	366  -  Total Bytes Received By Job
	Partitionable Resources :    Usage  Request Allocated 
	   Cpus                 :                 1         1 
	   Disk (KB)            :       14   500000    561711 
	   GPUs                 :                           0 
	   Memory (MB)          :        0    20000     20096 

	Job terminated of its own accord at 2023-03-30T00:40:24Z with exit-code 127.
...
000 (113484889.000.000) 2023-04-01 14:23:51 Job submitted from host: <10.14.0.160:9618?addrs=10.14.0.160-9618&alias=ldas-pcdev2.ligo.caltech.edu&noUDP&sock=schedd_7450_a8a7>
    DAG Node: 67
...
040 (113484889.000.000) 2023-04-01 14:28:55 Started transferring input files
	Transferring to host: <10.14.9.194:9618?addrs=10.14.9.194-9618&alias=node2194.cluster.ldas.cit&noUDP&sock=slot1_2_189911_3ac4_109089>
...
040 (113484889.000.000) 2023-04-01 14:28:55 Finished transferring input files
...
001 (113484889.000.000) 2023-04-01 14:28:56 Job executing on host: <10.14.9.194:9618?addrs=10.14.9.194-9618&alias=node2194.cluster.ldas.cit&noUDP&sock=startd_189641_87e3>
...
006 (113484889.000.000) 2023-04-01 14:28:56 Image size of job updated: 1
	0  -  MemoryUsage of job (MB)
	0  -  ResidentSetSize of job (KB)
...
040 (113484889.000.000) 2023-04-01 14:28:56 Started transferring output files
...
040 (113484889.000.000) 2023-04-01 14:28:56 Finished transferring output files
...
005 (113484889.000.000) 2023-04-01 14:28:56 Job terminated.
	(1) Normal termination (return value 127)
		Usr 0 00:00:00, Sys 0 00:00:00  -  Run Remote Usage
		Usr 0 00:00:00, Sys 0 00:00:00  -  Run Local Usage
		Usr 0 00:00:00, Sys 0 00:00:00  -  Total Remote Usage
		Usr 0 00:00:00, Sys 0 00:00:00  -  Total Local Usage
	411  -  Run Bytes Sent By Job
	366  -  Run Bytes Received By Job
	411  -  Total Bytes Sent By Job
	366  -  Total Bytes Received By Job
	Partitionable Resources :    Usage  Request Allocated 
	   Cpus                 :                 1         1 
	   Disk (KB)            :       14   500000    561711 
	   GPUs                 :                           0 
	   Memory (MB)          :        0    20000     20096 

	Job terminated of its own accord at 2023-04-01T21:28:56Z with exit-code 127.
...
000 (113485093.000.000) 2023-04-01 14:53:04 Job submitted from host: <10.14.0.160:9618?addrs=10.14.0.160-9618&alias=ldas-pcdev2.ligo.caltech.edu&noUDP&sock=schedd_7450_a8a7>
    DAG Node: 67
...
040 (113485093.000.000) 2023-04-01 14:59:37 Started transferring input files
	Transferring to host: <10.14.9.196:9618?addrs=10.14.9.196-9618&alias=node2196.cluster.ldas.cit&noUDP&sock=slot1_3_186547_fcbb_160751>
...
040 (113485093.000.000) 2023-04-01 14:59:37 Finished transferring input files
...
001 (113485093.000.000) 2023-04-01 14:59:38 Job executing on host: <10.14.9.196:9618?addrs=10.14.9.196-9618&alias=node2196.cluster.ldas.cit&noUDP&sock=startd_186508_8dac>
...
006 (113485093.000.000) 2023-04-01 14:59:38 Image size of job updated: 1
	0  -  MemoryUsage of job (MB)
	0  -  ResidentSetSize of job (KB)
...
040 (113485093.000.000) 2023-04-01 14:59:38 Started transferring output files
...
040 (113485093.000.000) 2023-04-01 14:59:38 Finished transferring output files
...
005 (113485093.000.000) 2023-04-01 14:59:38 Job terminated.
	(1) Normal termination (return value 127)
		Usr 0 00:00:00, Sys 0 00:00:00  -  Run Remote Usage
		Usr 0 00:00:00, Sys 0 00:00:00  -  Run Local Usage
		Usr 0 00:00:00, Sys 0 00:00:00  -  Total Remote Usage
		Usr 0 00:00:00, Sys 0 00:00:00  -  Total Local Usage
	403  -  Run Bytes Sent By Job
	366  -  Run Bytes Received By Job
	403  -  Total Bytes Sent By Job
	366  -  Total Bytes Received By Job
	Partitionable Resources :    Usage  Request Allocated 
	   Cpus                 :                 1         1 
	   Disk (KB)            :       15   500000    519527 
	   GPUs                 :                           0 
	   Memory (MB)          :        0    20000     20096 

	Job terminated of its own accord at 2023-04-01T21:59:38Z with exit-code 127.
...
000 (113493798.000.000) 2023-04-02 13:26:42 Job submitted from host: <10.14.0.160:9618?addrs=10.14.0.160-9618&alias=ldas-pcdev2.ligo.caltech.edu&noUDP&sock=schedd_7450_a8a7>
    DAG Node: 67
...
040 (113493798.000.000) 2023-04-02 13:28:50 Started transferring input files
	Transferring to host: <10.14.10.34:9618?addrs=10.14.10.34-9618&alias=node2284.cluster.ldas.cit&noUDP&sock=slot1_8_3962335_3500_26288>
...
040 (113493798.000.000) 2023-04-02 13:28:50 Finished transferring input files
...
001 (113493798.000.000) 2023-04-02 13:28:51 Job executing on host: <10.14.10.34:9618?addrs=10.14.10.34-9618&alias=node2284.cluster.ldas.cit&noUDP&sock=startd_216145_11ff>
...
006 (113493798.000.000) 2023-04-02 13:28:59 Image size of job updated: 214256
	190  -  MemoryUsage of job (MB)
	194536  -  ResidentSetSize of job (KB)
...
006 (113493798.000.000) 2023-04-02 13:33:59 Image size of job updated: 5098748
	292  -  MemoryUsage of job (MB)
	298356  -  ResidentSetSize of job (KB)
...
006 (113493798.000.000) 2023-04-02 13:39:00 Image size of job updated: 5098748
	479  -  MemoryUsage of job (MB)
	489856  -  ResidentSetSize of job (KB)
...
006 (113493798.000.000) 2023-04-02 13:44:01 Image size of job updated: 5098748
	488  -  MemoryUsage of job (MB)
	498984  -  ResidentSetSize of job (KB)
...
006 (113493798.000.000) 2023-04-02 13:49:01 Image size of job updated: 5098748
	555  -  MemoryUsage of job (MB)
	568092  -  ResidentSetSize of job (KB)
...
006 (113493798.000.000) 2023-04-02 13:54:01 Image size of job updated: 5098748
	559  -  MemoryUsage of job (MB)
	571972  -  ResidentSetSize of job (KB)
...
006 (113493798.000.000) 2023-04-02 13:59:02 Image size of job updated: 5098748
	574  -  MemoryUsage of job (MB)
	587584  -  ResidentSetSize of job (KB)
...
006 (113493798.000.000) 2023-04-02 14:04:02 Image size of job updated: 5098748
	576  -  MemoryUsage of job (MB)
	589032  -  ResidentSetSize of job (KB)
...
006 (113493798.000.000) 2023-04-02 14:09:02 Image size of job updated: 5119060
	601  -  MemoryUsage of job (MB)
	614712  -  ResidentSetSize of job (KB)
...
006 (113493798.000.000) 2023-04-02 14:14:03 Image size of job updated: 5151888
	691  -  MemoryUsage of job (MB)
	706884  -  ResidentSetSize of job (KB)
...
006 (113493798.000.000) 2023-04-02 14:19:04 Image size of job updated: 5151888
	746  -  MemoryUsage of job (MB)
	762948  -  ResidentSetSize of job (KB)
...
006 (113493798.000.000) 2023-04-02 14:24:04 Image size of job updated: 5157980
	754  -  MemoryUsage of job (MB)
	771444  -  ResidentSetSize of job (KB)
...
006 (113493798.000.000) 2023-04-02 14:29:04 Image size of job updated: 5180144
	775  -  MemoryUsage of job (MB)
	793284  -  ResidentSetSize of job (KB)
...
006 (113493798.000.000) 2023-04-02 14:34:05 Image size of job updated: 5180144
	803  -  MemoryUsage of job (MB)
	821348  -  ResidentSetSize of job (KB)
...
006 (113493798.000.000) 2023-04-02 14:39:05 Image size of job updated: 5199808
	823  -  MemoryUsage of job (MB)
	842408  -  ResidentSetSize of job (KB)
...
006 (113493798.000.000) 2023-04-02 14:49:06 Image size of job updated: 5232344
	884  -  MemoryUsage of job (MB)
	904520  -  ResidentSetSize of job (KB)
...
006 (113493798.000.000) 2023-04-02 14:59:07 Image size of job updated: 5232344
	906  -  MemoryUsage of job (MB)
	927692  -  ResidentSetSize of job (KB)
...
006 (113493798.000.000) 2023-04-02 15:04:07 Image size of job updated: 5232344
	906  -  MemoryUsage of job (MB)
	927704  -  ResidentSetSize of job (KB)
...
006 (113493798.000.000) 2023-04-02 15:09:08 Image size of job updated: 5232344
	944  -  MemoryUsage of job (MB)
	966196  -  ResidentSetSize of job (KB)
...
006 (113493798.000.000) 2023-04-02 15:14:09 Image size of job updated: 5264848
	944  -  MemoryUsage of job (MB)
	966620  -  ResidentSetSize of job (KB)
...
006 (113493798.000.000) 2023-04-02 15:19:09 Image size of job updated: 5265616
	945  -  MemoryUsage of job (MB)
	967132  -  ResidentSetSize of job (KB)
...
006 (113493798.000.000) 2023-04-02 15:24:10 Image size of job updated: 5270992
	946  -  MemoryUsage of job (MB)
	967976  -  ResidentSetSize of job (KB)
...
006 (113493798.000.000) 2023-04-02 15:29:11 Image size of job updated: 5270992
	949  -  MemoryUsage of job (MB)
	971536  -  ResidentSetSize of job (KB)
...
006 (113493798.000.000) 2023-04-02 15:34:11 Image size of job updated: 5292688
	952  -  MemoryUsage of job (MB)
	974788  -  ResidentSetSize of job (KB)
...
006 (113493798.000.000) 2023-04-02 15:39:11 Image size of job updated: 5292688
	952  -  MemoryUsage of job (MB)
	974792  -  ResidentSetSize of job (KB)
...
006 (113493798.000.000) 2023-04-02 15:44:12 Image size of job updated: 5292688
	954  -  MemoryUsage of job (MB)
	976856  -  ResidentSetSize of job (KB)
...
006 (113493798.000.000) 2023-04-02 15:49:12 Image size of job updated: 5292688
	955  -  MemoryUsage of job (MB)
	977108  -  ResidentSetSize of job (KB)
...
006 (113493798.000.000) 2023-04-02 15:54:12 Image size of job updated: 5292688
	955  -  MemoryUsage of job (MB)
	977172  -  ResidentSetSize of job (KB)
...
006 (113493798.000.000) 2023-04-02 15:59:13 Image size of job updated: 5292688
	956  -  MemoryUsage of job (MB)
	977940  -  ResidentSetSize of job (KB)
...
006 (113493798.000.000) 2023-04-02 16:04:14 Image size of job updated: 5316436
	956  -  MemoryUsage of job (MB)
	977940  -  ResidentSetSize of job (KB)
...
006 (113493798.000.000) 2023-04-02 16:24:16 Image size of job updated: 5327848
	1007  -  MemoryUsage of job (MB)
	1031136  -  ResidentSetSize of job (KB)
...
006 (113493798.000.000) 2023-04-02 16:29:16 Image size of job updated: 5329040
	1009  -  MemoryUsage of job (MB)
	1032360  -  ResidentSetSize of job (KB)
...
006 (113493798.000.000) 2023-04-02 16:39:18 Image size of job updated: 5392740
	1065  -  MemoryUsage of job (MB)
	1089852  -  ResidentSetSize of job (KB)
...
006 (113493798.000.000) 2023-04-02 17:09:21 Image size of job updated: 5495232
	1101  -  MemoryUsage of job (MB)
	1126864  -  ResidentSetSize of job (KB)
...
006 (113493798.000.000) 2023-04-02 17:14:22 Image size of job updated: 5495232
	1112  -  MemoryUsage of job (MB)
	1138012  -  ResidentSetSize of job (KB)
...
006 (113493798.000.000) 2023-04-02 17:19:22 Image size of job updated: 5495232
	1139  -  MemoryUsage of job (MB)
	1165896  -  ResidentSetSize of job (KB)
...
006 (113493798.000.000) 2023-04-02 17:24:23 Image size of job updated: 5495232
	1140  -  MemoryUsage of job (MB)
	1166360  -  ResidentSetSize of job (KB)
...
006 (113493798.000.000) 2023-04-02 17:34:24 Image size of job updated: 5495232
	1219  -  MemoryUsage of job (MB)
	1247552  -  ResidentSetSize of job (KB)
...
006 (113493798.000.000) 2023-04-02 17:39:24 Image size of job updated: 5495232
	1346  -  MemoryUsage of job (MB)
	1377548  -  ResidentSetSize of job (KB)
...
006 (113493798.000.000) 2023-04-02 17:44:25 Image size of job updated: 5495232
	1404  -  MemoryUsage of job (MB)
	1437524  -  ResidentSetSize of job (KB)
...
006 (113493798.000.000) 2023-04-02 17:54:26 Image size of job updated: 5550404
	1412  -  MemoryUsage of job (MB)
	1445460  -  ResidentSetSize of job (KB)
...
006 (113493798.000.000) 2023-04-02 17:59:27 Image size of job updated: 5550404
	1414  -  MemoryUsage of job (MB)
	1447068  -  ResidentSetSize of job (KB)
...
006 (113493798.000.000) 2023-04-02 18:04:28 Image size of job updated: 5550404
	1421  -  MemoryUsage of job (MB)
	1454216  -  ResidentSetSize of job (KB)
...
006 (113493798.000.000) 2023-04-02 18:09:28 Image size of job updated: 5550404
	1421  -  MemoryUsage of job (MB)
	1454244  -  ResidentSetSize of job (KB)
...
006 (113493798.000.000) 2023-04-02 18:19:29 Image size of job updated: 5550404
	1432  -  MemoryUsage of job (MB)
	1465776  -  ResidentSetSize of job (KB)
...
006 (113493798.000.000) 2023-04-02 18:24:30 Image size of job updated: 5550404
	1435  -  MemoryUsage of job (MB)
	1469080  -  ResidentSetSize of job (KB)
...
006 (113493798.000.000) 2023-04-02 18:29:30 Image size of job updated: 5550404
	1439  -  MemoryUsage of job (MB)
	1472748  -  ResidentSetSize of job (KB)
...
006 (113493798.000.000) 2023-04-02 18:34:31 Image size of job updated: 5550404
	1443  -  MemoryUsage of job (MB)
	1476684  -  ResidentSetSize of job (KB)
...
006 (113493798.000.000) 2023-04-02 18:39:32 Image size of job updated: 5550404
	1446  -  MemoryUsage of job (MB)
	1479800  -  ResidentSetSize of job (KB)
...
006 (113493798.000.000) 2023-04-02 18:44:32 Image size of job updated: 5550404
	1451  -  MemoryUsage of job (MB)
	1485044  -  ResidentSetSize of job (KB)
...
006 (113493798.000.000) 2023-04-02 18:49:32 Image size of job updated: 5602040
	1451  -  MemoryUsage of job (MB)
	1485384  -  ResidentSetSize of job (KB)
...
006 (113493798.000.000) 2023-04-02 18:54:33 Image size of job updated: 5602040
	1453  -  MemoryUsage of job (MB)
	1487432  -  ResidentSetSize of job (KB)
...
006 (113493798.000.000) 2023-04-02 19:14:36 Image size of job updated: 5602040
	1477  -  MemoryUsage of job (MB)
	1512108  -  ResidentSetSize of job (KB)
...
006 (113493798.000.000) 2023-04-02 19:19:36 Image size of job updated: 5602040
	1480  -  MemoryUsage of job (MB)
	1514840  -  ResidentSetSize of job (KB)
...
006 (113493798.000.000) 2023-04-02 19:29:38 Image size of job updated: 5602040
	1485  -  MemoryUsage of job (MB)
	1520400  -  ResidentSetSize of job (KB)
...
006 (113493798.000.000) 2023-04-02 19:34:38 Image size of job updated: 5602040
	1487  -  MemoryUsage of job (MB)
	1522448  -  ResidentSetSize of job (KB)
...
006 (113493798.000.000) 2023-04-02 19:39:38 Image size of job updated: 5650776
	1487  -  MemoryUsage of job (MB)
	1522448  -  ResidentSetSize of job (KB)
...
006 (113493798.000.000) 2023-04-02 19:44:39 Image size of job updated: 5650776
	1488  -  MemoryUsage of job (MB)
	1523668  -  ResidentSetSize of job (KB)
...
006 (113493798.000.000) 2023-04-02 19:54:40 Image size of job updated: 5655076
	1488  -  MemoryUsage of job (MB)
	1523668  -  ResidentSetSize of job (KB)
...
006 (113493798.000.000) 2023-04-02 20:04:42 Image size of job updated: 5655076
	1516  -  MemoryUsage of job (MB)
	1552060  -  ResidentSetSize of job (KB)
...
006 (113493798.000.000) 2023-04-02 20:09:42 Image size of job updated: 5655076
	1517  -  MemoryUsage of job (MB)
	1552692  -  ResidentSetSize of job (KB)
...
006 (113493798.000.000) 2023-04-02 20:14:42 Image size of job updated: 5655076
	1523  -  MemoryUsage of job (MB)
	1559248  -  ResidentSetSize of job (KB)
...
006 (113493798.000.000) 2023-04-02 20:19:43 Image size of job updated: 5655076
	1524  -  MemoryUsage of job (MB)
	1560240  -  ResidentSetSize of job (KB)
...
006 (113493798.000.000) 2023-04-02 20:29:44 Image size of job updated: 5655076
	1525  -  MemoryUsage of job (MB)
	1561340  -  ResidentSetSize of job (KB)
...
006 (113493798.000.000) 2023-04-02 20:44:46 Image size of job updated: 5655076
	1529  -  MemoryUsage of job (MB)
	1564804  -  ResidentSetSize of job (KB)
...
006 (113493798.000.000) 2023-04-02 20:49:46 Image size of job updated: 5706636
	1530  -  MemoryUsage of job (MB)
	1565908  -  ResidentSetSize of job (KB)
...
006 (113493798.000.000) 2023-04-02 20:54:47 Image size of job updated: 5706636
	1531  -  MemoryUsage of job (MB)
	1567504  -  ResidentSetSize of job (KB)
...
006 (113493798.000.000) 2023-04-02 21:04:48 Image size of job updated: 5706636
	1565  -  MemoryUsage of job (MB)
	1602040  -  ResidentSetSize of job (KB)
...
006 (113493798.000.000) 2023-04-02 21:09:49 Image size of job updated: 5706636
	1566  -  MemoryUsage of job (MB)
	1602908  -  ResidentSetSize of job (KB)
...
006 (113493798.000.000) 2023-04-02 21:14:50 Image size of job updated: 5706636
	1569  -  MemoryUsage of job (MB)
	1605804  -  ResidentSetSize of job (KB)
...
006 (113493798.000.000) 2023-04-02 21:19:50 Image size of job updated: 5706636
	1569  -  MemoryUsage of job (MB)
	1606304  -  ResidentSetSize of job (KB)
...
006 (113493798.000.000) 2023-04-02 21:39:52 Image size of job updated: 5782028
	1589  -  MemoryUsage of job (MB)
	1626224  -  ResidentSetSize of job (KB)
...
006 (113493798.000.000) 2023-04-02 21:44:53 Image size of job updated: 5782028
	1589  -  MemoryUsage of job (MB)
	1627104  -  ResidentSetSize of job (KB)
...
006 (113493798.000.000) 2023-04-02 21:49:54 Image size of job updated: 5782028
	1611  -  MemoryUsage of job (MB)
	1649032  -  ResidentSetSize of job (KB)
...
006 (113493798.000.000) 2023-04-02 21:54:54 Image size of job updated: 5782028
	1611  -  MemoryUsage of job (MB)
	1649656  -  ResidentSetSize of job (KB)
...
006 (113493798.000.000) 2023-04-02 21:59:54 Image size of job updated: 5782028
	1613  -  MemoryUsage of job (MB)
	1650752  -  ResidentSetSize of job (KB)
...
006 (113493798.000.000) 2023-04-02 22:19:57 Image size of job updated: 5815168
	1622  -  MemoryUsage of job (MB)
	1659916  -  ResidentSetSize of job (KB)
...
006 (113493798.000.000) 2023-04-02 22:24:58 Image size of job updated: 5815168
	1624  -  MemoryUsage of job (MB)
	1661964  -  ResidentSetSize of job (KB)
...
006 (113493798.000.000) 2023-04-02 22:29:58 Image size of job updated: 5818376
	1624  -  MemoryUsage of job (MB)
	1661964  -  ResidentSetSize of job (KB)
...
006 (113493798.000.000) 2023-04-02 22:50:00 Image size of job updated: 5818376
	1639  -  MemoryUsage of job (MB)
	1677828  -  ResidentSetSize of job (KB)
...
006 (113493798.000.000) 2023-04-02 22:55:01 Image size of job updated: 5818376
	1641  -  MemoryUsage of job (MB)
	1680292  -  ResidentSetSize of job (KB)
...
006 (113493798.000.000) 2023-04-02 23:00:02 Image size of job updated: 5833196
	1641  -  MemoryUsage of job (MB)
	1680292  -  ResidentSetSize of job (KB)
...
006 (113493798.000.000) 2023-04-02 23:05:02 Image size of job updated: 5833196
	1652  -  MemoryUsage of job (MB)
	1691244  -  ResidentSetSize of job (KB)
...
006 (113493798.000.000) 2023-04-02 23:15:03 Image size of job updated: 5847788
	1656  -  MemoryUsage of job (MB)
	1695288  -  ResidentSetSize of job (KB)
...
006 (113493798.000.000) 2023-04-02 23:20:04 Image size of job updated: 5847788
	1658  -  MemoryUsage of job (MB)
	1697384  -  ResidentSetSize of job (KB)
...
006 (113493798.000.000) 2023-04-02 23:25:04 Image size of job updated: 5847788
	1664  -  MemoryUsage of job (MB)
	1703400  -  ResidentSetSize of job (KB)
...
006 (113493798.000.000) 2023-04-02 23:30:04 Image size of job updated: 5847788
	1676  -  MemoryUsage of job (MB)
	1715932  -  ResidentSetSize of job (KB)
...
006 (113493798.000.000) 2023-04-02 23:50:07 Image size of job updated: 5895428
	1687  -  MemoryUsage of job (MB)
	1727380  -  ResidentSetSize of job (KB)
...
006 (113493798.000.000) 2023-04-02 23:55:08 Image size of job updated: 5895428
	1694  -  MemoryUsage of job (MB)
	1734496  -  ResidentSetSize of job (KB)
...
006 (113493798.000.000) 2023-04-03 00:00:08 Image size of job updated: 5895428
	1698  -  MemoryUsage of job (MB)
	1738116  -  ResidentSetSize of job (KB)
...
006 (113493798.000.000) 2023-04-03 00:05:08 Image size of job updated: 5909952
	1700  -  MemoryUsage of job (MB)
	1739804  -  ResidentSetSize of job (KB)
...
006 (113493798.000.000) 2023-04-03 00:15:10 Image size of job updated: 5909952
	1831  -  MemoryUsage of job (MB)
	1873940  -  ResidentSetSize of job (KB)
...
006 (113493798.000.000) 2023-04-03 00:30:12 Image size of job updated: 5919640
	1831  -  MemoryUsage of job (MB)
	1873940  -  ResidentSetSize of job (KB)
...
006 (113493798.000.000) 2023-04-03 01:25:17 Image size of job updated: 5935224
	1831  -  MemoryUsage of job (MB)
	1873940  -  ResidentSetSize of job (KB)
...
006 (113493798.000.000) 2023-04-03 01:50:19 Image size of job updated: 5961784
	1831  -  MemoryUsage of job (MB)
	1873940  -  ResidentSetSize of job (KB)
...
006 (113493798.000.000) 2023-04-03 02:15:23 Image size of job updated: 5968748
	1831  -  MemoryUsage of job (MB)
	1873940  -  ResidentSetSize of job (KB)
...
006 (113493798.000.000) 2023-04-03 02:40:25 Image size of job updated: 5975740
	1831  -  MemoryUsage of job (MB)
	1873940  -  ResidentSetSize of job (KB)
...
006 (113493798.000.000) 2023-04-03 02:55:27 Image size of job updated: 5985740
	1831  -  MemoryUsage of job (MB)
	1873940  -  ResidentSetSize of job (KB)
...
006 (113493798.000.000) 2023-04-03 04:35:36 Image size of job updated: 6003456
	1831  -  MemoryUsage of job (MB)
	1873940  -  ResidentSetSize of job (KB)
...
006 (113493798.000.000) 2023-04-03 04:50:38 Image size of job updated: 6041928
	1831  -  MemoryUsage of job (MB)
	1873940  -  ResidentSetSize of job (KB)
...
006 (113493798.000.000) 2023-04-03 06:10:45 Image size of job updated: 6057776
	1831  -  MemoryUsage of job (MB)
	1873940  -  ResidentSetSize of job (KB)
...
006 (113493798.000.000) 2023-04-03 06:50:49 Image size of job updated: 6072876
	1831  -  MemoryUsage of job (MB)
	1873940  -  ResidentSetSize of job (KB)
...
006 (113493798.000.000) 2023-04-03 07:20:53 Image size of job updated: 6072876
	1854  -  MemoryUsage of job (MB)
	1897768  -  ResidentSetSize of job (KB)
...
006 (113493798.000.000) 2023-04-03 08:05:58 Image size of job updated: 6084552
	1854  -  MemoryUsage of job (MB)
	1897768  -  ResidentSetSize of job (KB)
...
006 (113493798.000.000) 2023-04-03 09:56:09 Image size of job updated: 6095000
	1854  -  MemoryUsage of job (MB)
	1897768  -  ResidentSetSize of job (KB)
...
006 (113493798.000.000) 2023-04-03 10:11:10 Image size of job updated: 6095000
	1866  -  MemoryUsage of job (MB)
	1910628  -  ResidentSetSize of job (KB)
...
006 (113493798.000.000) 2023-04-03 10:26:11 Image size of job updated: 6095000
	1870  -  MemoryUsage of job (MB)
	1914356  -  ResidentSetSize of job (KB)
...
006 (113493798.000.000) 2023-04-03 10:31:12 Image size of job updated: 6112448
	1870  -  MemoryUsage of job (MB)
	1914356  -  ResidentSetSize of job (KB)
...
006 (113493798.000.000) 2023-04-03 10:36:13 Image size of job updated: 6112448
	1898  -  MemoryUsage of job (MB)
	1943064  -  ResidentSetSize of job (KB)
...
006 (113493798.000.000) 2023-04-03 12:16:20 Image size of job updated: 6337816
	1898  -  MemoryUsage of job (MB)
	1943064  -  ResidentSetSize of job (KB)
...
004 (113493798.000.000) 2023-04-03 13:34:44 Job was evicted.
	(0) CPU times
		Usr 4 11:47:03, Sys 0 00:07:04  -  Run Remote Usage
		Usr 0 00:00:00, Sys 0 00:00:00  -  Run Local Usage
	0  -  Run Bytes Sent By Job
	366  -  Run Bytes Received By Job
	Partitionable Resources :    Usage  Request Allocated 
	   Cpus                 :     6.76        1         1 
	   Disk (KB)            :  4202      500000    624256 
	   GPUs                 :                           0 
	   Memory (MB)          :  1898       20000     20096 
...
040 (113493798.000.000) 2023-04-03 13:42:19 Started transferring input files
	Transferring to host: <10.14.9.198:9618?addrs=10.14.9.198-9618&alias=node2198.cluster.ldas.cit&noUDP&sock=slot1_6_187610_f786_133569>
...
040 (113493798.000.000) 2023-04-03 13:42:19 Finished transferring input files
...
001 (113493798.000.000) 2023-04-03 13:42:20 Job executing on host: <10.14.9.198:9618?addrs=10.14.9.198-9618&alias=node2198.cluster.ldas.cit&noUDP&sock=startd_187572_5e70>
...
040 (113493798.000.000) 2023-04-03 13:42:20 Started transferring output files
...
040 (113493798.000.000) 2023-04-03 13:42:20 Finished transferring output files
...
005 (113493798.000.000) 2023-04-03 13:42:20 Job terminated.
	(1) Normal termination (return value 127)
		Usr 0 00:00:00, Sys 0 00:00:00  -  Run Remote Usage
		Usr 0 00:00:00, Sys 0 00:00:00  -  Run Local Usage
		Usr 4 11:47:03, Sys 0 00:07:04  -  Total Remote Usage
		Usr 0 00:00:00, Sys 0 00:00:00  -  Total Local Usage
	407  -  Run Bytes Sent By Job
	366  -  Run Bytes Received By Job
	407  -  Total Bytes Sent By Job
	732  -  Total Bytes Received By Job
	Partitionable Resources :    Usage  Request Allocated 
	   Cpus                 :     6.76        1         1 
	   Disk (KB)            :    16      500000    519527 
	   GPUs                 :                           0 
	   Memory (MB)          :  1954       20000     20096 

	Job terminated of its own accord at 2023-04-03T20:42:20Z with exit-code 127.
...
000 (113587288.000.000) 2023-04-05 14:54:25 Job submitted from host: <10.14.0.160:9618?addrs=10.14.0.160-9618&alias=ldas-pcdev2.ligo.caltech.edu&noUDP&sock=schedd_7450_a8a7>
    DAG Node: 67
...
040 (113587288.000.000) 2023-04-05 15:01:03 Started transferring input files
	Transferring to host: <10.14.10.116:9618?addrs=10.14.10.116-9618&alias=node2366.cluster.ldas.cit&noUDP&sock=slot1_13_3985217_a563_671>
...
040 (113587288.000.000) 2023-04-05 15:01:03 Finished transferring input files
...
001 (113587288.000.000) 2023-04-05 15:01:04 Job executing on host: <10.14.10.116:9618?addrs=10.14.10.116-9618&alias=node2366.cluster.ldas.cit&noUDP&sock=startd_3985173_c8b4>
...
006 (113587288.000.000) 2023-04-05 15:01:12 Image size of job updated: 259100
	192  -  MemoryUsage of job (MB)
	196536  -  ResidentSetSize of job (KB)
...
006 (113587288.000.000) 2023-04-05 15:06:12 Image size of job updated: 5297796
	764  -  MemoryUsage of job (MB)
	782320  -  ResidentSetSize of job (KB)
...
006 (113587288.000.000) 2023-04-05 15:11:12 Image size of job updated: 5559116
	863  -  MemoryUsage of job (MB)
	883536  -  ResidentSetSize of job (KB)
...
006 (113587288.000.000) 2023-04-05 15:16:13 Image size of job updated: 5798608
	1123  -  MemoryUsage of job (MB)
	1149396  -  ResidentSetSize of job (KB)
...
006 (113587288.000.000) 2023-04-05 15:21:13 Image size of job updated: 5801900
	1250  -  MemoryUsage of job (MB)
	1279756  -  ResidentSetSize of job (KB)
...
006 (113587288.000.000) 2023-04-05 15:26:13 Image size of job updated: 5826016
	1250  -  MemoryUsage of job (MB)
	1279756  -  ResidentSetSize of job (KB)
...
006 (113587288.000.000) 2023-04-05 15:31:14 Image size of job updated: 5834980
	1250  -  MemoryUsage of job (MB)
	1279756  -  ResidentSetSize of job (KB)
...
006 (113587288.000.000) 2023-04-05 15:46:15 Image size of job updated: 5834980
	1301  -  MemoryUsage of job (MB)
	1331820  -  ResidentSetSize of job (KB)
...
006 (113587288.000.000) 2023-04-05 15:51:16 Image size of job updated: 5852944
	1301  -  MemoryUsage of job (MB)
	1331820  -  ResidentSetSize of job (KB)
...
006 (113587288.000.000) 2023-04-05 16:01:16 Image size of job updated: 5864016
	1301  -  MemoryUsage of job (MB)
	1331820  -  ResidentSetSize of job (KB)
...
006 (113587288.000.000) 2023-04-05 16:06:17 Image size of job updated: 6006196
	1336  -  MemoryUsage of job (MB)
	1367584  -  ResidentSetSize of job (KB)
...
006 (113587288.000.000) 2023-04-05 16:11:18 Image size of job updated: 6006196
	1474  -  MemoryUsage of job (MB)
	1508936  -  ResidentSetSize of job (KB)
...
006 (113587288.000.000) 2023-04-05 16:16:18 Image size of job updated: 6006196
	1614  -  MemoryUsage of job (MB)
	1652276  -  ResidentSetSize of job (KB)
...
006 (113587288.000.000) 2023-04-05 16:26:19 Image size of job updated: 6006196
	1616  -  MemoryUsage of job (MB)
	1654536  -  ResidentSetSize of job (KB)
...
006 (113587288.000.000) 2023-04-05 16:56:22 Image size of job updated: 6006196
	1653  -  MemoryUsage of job (MB)
	1692508  -  ResidentSetSize of job (KB)
...
006 (113587288.000.000) 2023-04-05 17:11:23 Image size of job updated: 6006196
	1671  -  MemoryUsage of job (MB)
	1710848  -  ResidentSetSize of job (KB)
...
006 (113587288.000.000) 2023-04-05 17:26:25 Image size of job updated: 6020576
	1671  -  MemoryUsage of job (MB)
	1710848  -  ResidentSetSize of job (KB)
...
006 (113587288.000.000) 2023-04-05 18:06:30 Image size of job updated: 6048372
	1671  -  MemoryUsage of job (MB)
	1710848  -  ResidentSetSize of job (KB)
...
006 (113587288.000.000) 2023-04-05 19:06:36 Image size of job updated: 6048372
	1695  -  MemoryUsage of job (MB)
	1735328  -  ResidentSetSize of job (KB)
...
006 (113587288.000.000) 2023-04-05 19:16:37 Image size of job updated: 6048372
	1702  -  MemoryUsage of job (MB)
	1741984  -  ResidentSetSize of job (KB)
...
006 (113587288.000.000) 2023-04-05 19:36:39 Image size of job updated: 6048372
	1779  -  MemoryUsage of job (MB)
	1821460  -  ResidentSetSize of job (KB)
...
040 (113587288.000.000) 2023-04-05 20:18:03 Started transferring output files
...
040 (113587288.000.000) 2023-04-05 20:18:03 Finished transferring output files
...
005 (113587288.000.000) 2023-04-05 20:18:03 Job terminated.
	(1) Normal termination (return value 0)
		Usr 0 22:39:52, Sys 0 00:00:49  -  Run Remote Usage
		Usr 0 00:00:00, Sys 0 00:00:00  -  Run Local Usage
		Usr 0 22:39:52, Sys 0 00:00:49  -  Total Remote Usage
		Usr 0 00:00:00, Sys 0 00:00:00  -  Total Local Usage
	2865464  -  Run Bytes Sent By Job
	366  -  Run Bytes Received By Job
	2865464  -  Total Bytes Sent By Job
	366  -  Total Bytes Received By Job
	Partitionable Resources :    Usage  Request Allocated 
	   Cpus                 :     2.14        1         1 
	   Disk (KB)            :  2820      500000    624256 
	   GPUs                 :                           0 
	   Memory (MB)          :  1779       20000     20096 

	Job terminated of its own accord at 2023-04-06T03:18:03Z with exit-code 0.
...
000 (113604401.000.000) 2023-04-06 16:28:18 Job submitted from host: <10.14.0.160:9618?addrs=10.14.0.160-9618&alias=ldas-pcdev2.ligo.caltech.edu&noUDP&sock=schedd_7450_a8a7>
    DAG Node: 67
...
040 (113604401.000.000) 2023-04-06 16:45:44 Started transferring input files
	Transferring to host: <10.14.9.105:9618?addrs=10.14.9.105-9618&alias=node2105.cluster.ldas.cit&noUDP&sock=slot1_5_1227618_afba_1113>
...
040 (113604401.000.000) 2023-04-06 16:45:44 Finished transferring input files
...
001 (113604401.000.000) 2023-04-06 16:45:45 Job executing on host: <10.14.9.105:9618?addrs=10.14.9.105-9618&alias=node2105.cluster.ldas.cit&noUDP&sock=startd_1226504_4e66>
...
006 (113604401.000.000) 2023-04-06 16:45:54 Image size of job updated: 249380
	191  -  MemoryUsage of job (MB)
	194592  -  ResidentSetSize of job (KB)
...
006 (113604401.000.000) 2023-04-06 16:50:55 Image size of job updated: 4758004
	191  -  MemoryUsage of job (MB)
	194592  -  ResidentSetSize of job (KB)
...
006 (113604401.000.000) 2023-04-06 16:55:55 Image size of job updated: 4758004
	354  -  MemoryUsage of job (MB)
	361604  -  ResidentSetSize of job (KB)
...
006 (113604401.000.000) 2023-04-06 17:00:56 Image size of job updated: 4758004
	362  -  MemoryUsage of job (MB)
	370036  -  ResidentSetSize of job (KB)
...
006 (113604401.000.000) 2023-04-06 17:05:57 Image size of job updated: 4758004
	489  -  MemoryUsage of job (MB)
	500696  -  ResidentSetSize of job (KB)
...
006 (113604401.000.000) 2023-04-06 17:10:57 Image size of job updated: 4762716
	507  -  MemoryUsage of job (MB)
	518232  -  ResidentSetSize of job (KB)
...
006 (113604401.000.000) 2023-04-06 17:15:57 Image size of job updated: 4818852
	560  -  MemoryUsage of job (MB)
	573012  -  ResidentSetSize of job (KB)
...
006 (113604401.000.000) 2023-04-06 17:20:58 Image size of job updated: 4833700
	574  -  MemoryUsage of job (MB)
	587492  -  ResidentSetSize of job (KB)
...
006 (113604401.000.000) 2023-04-06 17:25:59 Image size of job updated: 4870468
	640  -  MemoryUsage of job (MB)
	654356  -  ResidentSetSize of job (KB)
...
006 (113604401.000.000) 2023-04-06 17:30:59 Image size of job updated: 4880276
	648  -  MemoryUsage of job (MB)
	663448  -  ResidentSetSize of job (KB)
...
006 (113604401.000.000) 2023-04-06 17:36:00 Image size of job updated: 4895868
	651  -  MemoryUsage of job (MB)
	665960  -  ResidentSetSize of job (KB)
...
006 (113604401.000.000) 2023-04-06 17:41:01 Image size of job updated: 4919084
	688  -  MemoryUsage of job (MB)
	703512  -  ResidentSetSize of job (KB)
...
006 (113604401.000.000) 2023-04-06 17:46:01 Image size of job updated: 4923328
	692  -  MemoryUsage of job (MB)
	707892  -  ResidentSetSize of job (KB)
...
006 (113604401.000.000) 2023-04-06 17:51:01 Image size of job updated: 4933884
	730  -  MemoryUsage of job (MB)
	746748  -  ResidentSetSize of job (KB)
...
006 (113604401.000.000) 2023-04-06 17:56:02 Image size of job updated: 4933884
	731  -  MemoryUsage of job (MB)
	747560  -  ResidentSetSize of job (KB)
...
006 (113604401.000.000) 2023-04-06 18:01:03 Image size of job updated: 4953492
	731  -  MemoryUsage of job (MB)
	747560  -  ResidentSetSize of job (KB)
...
006 (113604401.000.000) 2023-04-06 18:11:04 Image size of job updated: 5001196
	797  -  MemoryUsage of job (MB)
	815584  -  ResidentSetSize of job (KB)
...
006 (113604401.000.000) 2023-04-06 18:16:05 Image size of job updated: 5001196
	797  -  MemoryUsage of job (MB)
	815596  -  ResidentSetSize of job (KB)
...
006 (113604401.000.000) 2023-04-06 18:21:05 Image size of job updated: 5031628
	827  -  MemoryUsage of job (MB)
	846132  -  ResidentSetSize of job (KB)
...
006 (113604401.000.000) 2023-04-06 18:31:07 Image size of job updated: 5033384
	827  -  MemoryUsage of job (MB)
	846132  -  ResidentSetSize of job (KB)
...
006 (113604401.000.000) 2023-04-06 18:36:07 Image size of job updated: 5033384
	889  -  MemoryUsage of job (MB)
	909804  -  ResidentSetSize of job (KB)
...
006 (113604401.000.000) 2023-04-06 18:41:07 Image size of job updated: 5033384
	1114  -  MemoryUsage of job (MB)
	1140408  -  ResidentSetSize of job (KB)
...
006 (113604401.000.000) 2023-04-06 18:46:08 Image size of job updated: 5033384
	1169  -  MemoryUsage of job (MB)
	1196228  -  ResidentSetSize of job (KB)
...
006 (113604401.000.000) 2023-04-06 18:51:09 Image size of job updated: 5033384
	1185  -  MemoryUsage of job (MB)
	1212684  -  ResidentSetSize of job (KB)
...
006 (113604401.000.000) 2023-04-06 19:06:11 Image size of job updated: 5083848
	1250  -  MemoryUsage of job (MB)
	1279992  -  ResidentSetSize of job (KB)
...
006 (113604401.000.000) 2023-04-06 19:11:11 Image size of job updated: 5083848
	1252  -  MemoryUsage of job (MB)
	1281400  -  ResidentSetSize of job (KB)
...
006 (113604401.000.000) 2023-04-06 19:21:12 Image size of job updated: 5083848
	1279  -  MemoryUsage of job (MB)
	1309324  -  ResidentSetSize of job (KB)
...
006 (113604401.000.000) 2023-04-06 19:26:12 Image size of job updated: 5083848
	1286  -  MemoryUsage of job (MB)
	1316620  -  ResidentSetSize of job (KB)
...
006 (113604401.000.000) 2023-04-06 19:31:12 Image size of job updated: 5142376
	1346  -  MemoryUsage of job (MB)
	1377508  -  ResidentSetSize of job (KB)
...
006 (113604401.000.000) 2023-04-06 19:36:13 Image size of job updated: 5149684
	1355  -  MemoryUsage of job (MB)
	1386908  -  ResidentSetSize of job (KB)
...
006 (113604401.000.000) 2023-04-06 19:41:14 Image size of job updated: 5151160
	1355  -  MemoryUsage of job (MB)
	1386908  -  ResidentSetSize of job (KB)
...
006 (113604401.000.000) 2023-04-06 20:06:16 Image size of job updated: 5195536
	1355  -  MemoryUsage of job (MB)
	1386908  -  ResidentSetSize of job (KB)
...
006 (113604401.000.000) 2023-04-06 20:26:19 Image size of job updated: 5195536
	1364  -  MemoryUsage of job (MB)
	1396376  -  ResidentSetSize of job (KB)
...
006 (113604401.000.000) 2023-04-06 20:46:22 Image size of job updated: 5289176
	1415  -  MemoryUsage of job (MB)
	1448080  -  ResidentSetSize of job (KB)
...
006 (113604401.000.000) 2023-04-06 20:51:22 Image size of job updated: 5289176
	1417  -  MemoryUsage of job (MB)
	1450280  -  ResidentSetSize of job (KB)
...
006 (113604401.000.000) 2023-04-06 20:56:22 Image size of job updated: 5289176
	1417  -  MemoryUsage of job (MB)
	1450440  -  ResidentSetSize of job (KB)
...
006 (113604401.000.000) 2023-04-06 21:01:23 Image size of job updated: 5301324
	1421  -  MemoryUsage of job (MB)
	1454304  -  ResidentSetSize of job (KB)
...
006 (113604401.000.000) 2023-04-06 21:06:24 Image size of job updated: 5301324
	1453  -  MemoryUsage of job (MB)
	1487824  -  ResidentSetSize of job (KB)
...
006 (113604401.000.000) 2023-04-06 21:11:24 Image size of job updated: 5341576
	1459  -  MemoryUsage of job (MB)
	1493360  -  ResidentSetSize of job (KB)
...
006 (113604401.000.000) 2023-04-06 21:16:24 Image size of job updated: 5341576
	1460  -  MemoryUsage of job (MB)
	1494828  -  ResidentSetSize of job (KB)
...
006 (113604401.000.000) 2023-04-06 21:21:25 Image size of job updated: 5341576
	1463  -  MemoryUsage of job (MB)
	1497520  -  ResidentSetSize of job (KB)
...
006 (113604401.000.000) 2023-04-06 21:26:25 Image size of job updated: 5362448
	1475  -  MemoryUsage of job (MB)
	1510364  -  ResidentSetSize of job (KB)
...
006 (113604401.000.000) 2023-04-06 21:36:26 Image size of job updated: 5362448
	1484  -  MemoryUsage of job (MB)
	1518664  -  ResidentSetSize of job (KB)
...
006 (113604401.000.000) 2023-04-06 21:41:27 Image size of job updated: 5362448
	1488  -  MemoryUsage of job (MB)
	1523536  -  ResidentSetSize of job (KB)
...
006 (113604401.000.000) 2023-04-06 21:51:28 Image size of job updated: 5381700
	1490  -  MemoryUsage of job (MB)
	1525472  -  ResidentSetSize of job (KB)
...
006 (113604401.000.000) 2023-04-06 21:56:29 Image size of job updated: 5381700
	1492  -  MemoryUsage of job (MB)
	1527716  -  ResidentSetSize of job (KB)
...
006 (113604401.000.000) 2023-04-06 22:16:31 Image size of job updated: 5381700
	1516  -  MemoryUsage of job (MB)
	1551936  -  ResidentSetSize of job (KB)
...
006 (113604401.000.000) 2023-04-06 22:21:31 Image size of job updated: 5381700
	1516  -  MemoryUsage of job (MB)
	1552252  -  ResidentSetSize of job (KB)
...
006 (113604401.000.000) 2023-04-06 22:31:33 Image size of job updated: 5396284
	1516  -  MemoryUsage of job (MB)
	1552252  -  ResidentSetSize of job (KB)
...
006 (113604401.000.000) 2023-04-06 22:41:33 Image size of job updated: 5396284
	1611  -  MemoryUsage of job (MB)
	1649472  -  ResidentSetSize of job (KB)
...
006 (113604401.000.000) 2023-04-06 22:56:35 Image size of job updated: 5426508
	1611  -  MemoryUsage of job (MB)
	1649472  -  ResidentSetSize of job (KB)
...
006 (113604401.000.000) 2023-04-06 23:11:37 Image size of job updated: 5451260
	1611  -  MemoryUsage of job (MB)
	1649472  -  ResidentSetSize of job (KB)
...
006 (113604401.000.000) 2023-04-06 23:36:40 Image size of job updated: 5467400
	1611  -  MemoryUsage of job (MB)
	1649472  -  ResidentSetSize of job (KB)
...
006 (113604401.000.000) 2023-04-06 23:51:42 Image size of job updated: 5487248
	1611  -  MemoryUsage of job (MB)
	1649472  -  ResidentSetSize of job (KB)
...
006 (113604401.000.000) 2023-04-07 00:21:44 Image size of job updated: 5503852
	1611  -  MemoryUsage of job (MB)
	1649472  -  ResidentSetSize of job (KB)
...
006 (113604401.000.000) 2023-04-07 00:46:48 Image size of job updated: 5542332
	1611  -  MemoryUsage of job (MB)
	1649472  -  ResidentSetSize of job (KB)
...
006 (113604401.000.000) 2023-04-07 00:56:48 Image size of job updated: 5542332
	1612  -  MemoryUsage of job (MB)
	1649816  -  ResidentSetSize of job (KB)
...
006 (113604401.000.000) 2023-04-07 01:01:49 Image size of job updated: 5552172
	1619  -  MemoryUsage of job (MB)
	1657120  -  ResidentSetSize of job (KB)
...
006 (113604401.000.000) 2023-04-07 01:06:50 Image size of job updated: 5552172
	1629  -  MemoryUsage of job (MB)
	1667740  -  ResidentSetSize of job (KB)
...
006 (113604401.000.000) 2023-04-07 01:16:50 Image size of job updated: 5562560
	1629  -  MemoryUsage of job (MB)
	1667740  -  ResidentSetSize of job (KB)
...
006 (113604401.000.000) 2023-04-07 01:26:51 Image size of job updated: 5568328
	1633  -  MemoryUsage of job (MB)
	1671364  -  ResidentSetSize of job (KB)
...
006 (113604401.000.000) 2023-04-07 01:31:51 Image size of job updated: 5568328
	1634  -  MemoryUsage of job (MB)
	1672656  -  ResidentSetSize of job (KB)
...
006 (113604401.000.000) 2023-04-07 01:41:53 Image size of job updated: 5568328
	1639  -  MemoryUsage of job (MB)
	1677764  -  ResidentSetSize of job (KB)
...
006 (113604401.000.000) 2023-04-07 02:11:56 Image size of job updated: 5602460
	1652  -  MemoryUsage of job (MB)
	1691412  -  ResidentSetSize of job (KB)
...
006 (113604401.000.000) 2023-04-07 02:21:56 Image size of job updated: 5602460
	1656  -  MemoryUsage of job (MB)
	1694964  -  ResidentSetSize of job (KB)
...
006 (113604401.000.000) 2023-04-07 02:26:57 Image size of job updated: 5619944
	1668  -  MemoryUsage of job (MB)
	1708008  -  ResidentSetSize of job (KB)
...
006 (113604401.000.000) 2023-04-07 02:31:58 Image size of job updated: 5619944
	1669  -  MemoryUsage of job (MB)
	1708476  -  ResidentSetSize of job (KB)
...
006 (113604401.000.000) 2023-04-07 02:36:58 Image size of job updated: 5619944
	1673  -  MemoryUsage of job (MB)
	1712628  -  ResidentSetSize of job (KB)
...
006 (113604401.000.000) 2023-04-07 02:41:58 Image size of job updated: 5634380
	1680  -  MemoryUsage of job (MB)
	1719336  -  ResidentSetSize of job (KB)
...
006 (113604401.000.000) 2023-04-07 03:12:02 Image size of job updated: 5648444
	1680  -  MemoryUsage of job (MB)
	1719336  -  ResidentSetSize of job (KB)
...
006 (113604401.000.000) 2023-04-07 03:37:04 Image size of job updated: 5652476
	1700  -  MemoryUsage of job (MB)
	1740256  -  ResidentSetSize of job (KB)
...
006 (113604401.000.000) 2023-04-07 03:47:05 Image size of job updated: 5652476
	1702  -  MemoryUsage of job (MB)
	1742304  -  ResidentSetSize of job (KB)
...
006 (113604401.000.000) 2023-04-07 04:22:09 Image size of job updated: 5652476
	1720  -  MemoryUsage of job (MB)
	1760456  -  ResidentSetSize of job (KB)
...
006 (113604401.000.000) 2023-04-07 04:27:09 Image size of job updated: 5652476
	1720  -  MemoryUsage of job (MB)
	1760984  -  ResidentSetSize of job (KB)
...
006 (113604401.000.000) 2023-04-07 04:32:09 Image size of job updated: 5652476
	1723  -  MemoryUsage of job (MB)
	1763600  -  ResidentSetSize of job (KB)
...
006 (113604401.000.000) 2023-04-07 04:42:10 Image size of job updated: 5652476
	1728  -  MemoryUsage of job (MB)
	1768636  -  ResidentSetSize of job (KB)
...
006 (113604401.000.000) 2023-04-07 04:47:10 Image size of job updated: 5652476
	1729  -  MemoryUsage of job (MB)
	1770172  -  ResidentSetSize of job (KB)
...
006 (113604401.000.000) 2023-04-07 04:57:12 Image size of job updated: 5712628
	1736  -  MemoryUsage of job (MB)
	1777408  -  ResidentSetSize of job (KB)
...
006 (113604401.000.000) 2023-04-07 05:02:12 Image size of job updated: 5712628
	1738  -  MemoryUsage of job (MB)
	1779204  -  ResidentSetSize of job (KB)
...
006 (113604401.000.000) 2023-04-07 05:07:13 Image size of job updated: 5712628
	1738  -  MemoryUsage of job (MB)
	1779456  -  ResidentSetSize of job (KB)
...
006 (113604401.000.000) 2023-04-07 05:37:16 Image size of job updated: 5712628
	1783  -  MemoryUsage of job (MB)
	1824800  -  ResidentSetSize of job (KB)
...
006 (113604401.000.000) 2023-04-07 07:57:29 Image size of job updated: 5718448
	1783  -  MemoryUsage of job (MB)
	1824800  -  ResidentSetSize of job (KB)
...
006 (113604401.000.000) 2023-04-07 09:37:40 Image size of job updated: 5718448
	1797  -  MemoryUsage of job (MB)
	1839676  -  ResidentSetSize of job (KB)
...
006 (113604401.000.000) 2023-04-07 10:17:44 Image size of job updated: 5718448
	1798  -  MemoryUsage of job (MB)
	1840156  -  ResidentSetSize of job (KB)
...
006 (113604401.000.000) 2023-04-07 10:22:45 Image size of job updated: 5718448
	1800  -  MemoryUsage of job (MB)
	1842392  -  ResidentSetSize of job (KB)
...
006 (113604401.000.000) 2023-04-07 10:47:47 Image size of job updated: 5735904
	1800  -  MemoryUsage of job (MB)
	1842392  -  ResidentSetSize of job (KB)
...
006 (113604401.000.000) 2023-04-07 10:52:47 Image size of job updated: 5735904
	1826  -  MemoryUsage of job (MB)
	1868872  -  ResidentSetSize of job (KB)
...
006 (113604401.000.000) 2023-04-07 13:08:02 Image size of job updated: 5812048
	1826  -  MemoryUsage of job (MB)
	1868872  -  ResidentSetSize of job (KB)
...
006 (113604401.000.000) 2023-04-07 13:18:03 Image size of job updated: 5812048
	1843  -  MemoryUsage of job (MB)
	1887224  -  ResidentSetSize of job (KB)
...
006 (113604401.000.000) 2023-04-07 15:13:13 Image size of job updated: 5812048
	1856  -  MemoryUsage of job (MB)
	1899760  -  ResidentSetSize of job (KB)
...
006 (113604401.000.000) 2023-04-07 16:18:20 Image size of job updated: 5812048
	1917  -  MemoryUsage of job (MB)
	1962780  -  ResidentSetSize of job (KB)
...
004 (113604401.000.000) 2023-04-07 16:59:53 Job was evicted.
	(0) CPU times
		Usr 4 16:20:03, Sys 0 00:05:36  -  Run Remote Usage
		Usr 0 00:00:00, Sys 0 00:00:00  -  Run Local Usage
	0  -  Run Bytes Sent By Job
	366  -  Run Bytes Received By Job
	Partitionable Resources :    Usage  Request Allocated 
	   Cpus                 :     1.00        1         1 
	   Disk (KB)            :  4354      500000    609620 
	   GPUs                 :                           0 
	   Memory (MB)          :  1917       20000     20096 
...
040 (113604401.000.000) 2023-04-07 17:01:11 Started transferring input files
	Transferring to host: <10.14.9.127:9618?addrs=10.14.9.127-9618&alias=node2127.cluster.ldas.cit&noUDP&sock=slot1_4_3097175_b893_1909>
...
040 (113604401.000.000) 2023-04-07 17:01:11 Finished transferring input files
...
001 (113604401.000.000) 2023-04-07 17:01:12 Job executing on host: <10.14.9.127:9618?addrs=10.14.9.127-9618&alias=node2127.cluster.ldas.cit&noUDP&sock=startd_3097133_353f>
...
006 (113604401.000.000) 2023-04-08 04:52:38 Image size of job updated: 7500000
	1980  -  MemoryUsage of job (MB)
	2027208  -  ResidentSetSize of job (KB)
...
006 (113604401.000.000) 2023-04-08 05:22:41 Image size of job updated: 7500000
	2030  -  MemoryUsage of job (MB)
	2077836  -  ResidentSetSize of job (KB)
...
006 (113604401.000.000) 2023-04-08 09:43:06 Image size of job updated: 7500000
	2055  -  MemoryUsage of job (MB)
	2103468  -  ResidentSetSize of job (KB)
...
006 (113604401.000.000) 2023-04-08 10:28:10 Image size of job updated: 7500000
	2086  -  MemoryUsage of job (MB)
	2135304  -  ResidentSetSize of job (KB)
...
004 (113604401.000.000) 2023-04-08 17:47:49 Job was evicted.
	(0) CPU times
		Usr 5 09:42:51, Sys 0 00:06:24  -  Run Remote Usage
		Usr 0 00:00:00, Sys 0 00:00:00  -  Run Local Usage
	0  -  Run Bytes Sent By Job
	366  -  Run Bytes Received By Job
	Partitionable Resources :    Usage  Request Allocated 
	   Cpus                 :     1.00        1         1 
	   Disk (KB)            :  3189      500000    609620 
	   GPUs                 :                           0 
	   Memory (MB)          :  2086       20000     20096 
...
040 (113604401.000.000) 2023-04-08 17:52:39 Started transferring input files
	Transferring to host: <10.14.3.246:9618?addrs=10.14.3.246-9618&alias=node746.cluster.ldas.cit&noUDP&sock=slot1_16_1480379_ad40_12065>
...
040 (113604401.000.000) 2023-04-08 17:52:39 Finished transferring input files
...
001 (113604401.000.000) 2023-04-08 17:52:40 Job executing on host: <10.14.3.246:9618?addrs=10.14.3.246-9618&alias=node746.cluster.ldas.cit&noUDP&sock=startd_1480340_b067>
...
004 (113604401.000.000) 2023-04-09 18:10:19 Job was evicted.
	(0) CPU times
		Usr 1 14:56:49, Sys 0 00:07:11  -  Run Remote Usage
		Usr 0 00:00:00, Sys 0 00:00:00  -  Run Local Usage
	0  -  Run Bytes Sent By Job
	366  -  Run Bytes Received By Job
	Partitionable Resources :    Usage  Request Allocated 
	   Cpus                 :     1.48        1         1 
	   Disk (KB)            :  2754      500000    609620 
	   GPUs                 :                           0 
	   Memory (MB)          :  2198       20000     20096 
...
040 (113604401.000.000) 2023-04-09 18:12:22 Started transferring input files
	Transferring to host: <10.14.3.27:9618?addrs=10.14.3.27-9618&alias=node527.cluster.ldas.cit&noUDP&sock=slot1_4_1548080_27e1_29852>
...
040 (113604401.000.000) 2023-04-09 18:12:22 Finished transferring input files
...
001 (113604401.000.000) 2023-04-09 18:12:23 Job executing on host: <10.14.3.27:9618?addrs=10.14.3.27-9618&alias=node527.cluster.ldas.cit&noUDP&sock=startd_4298_a623>
...
004 (113604401.000.000) 2023-04-10 20:44:25 Job was evicted.
	(0) CPU times
		Usr 4 05:09:41, Sys 0 00:15:24  -  Run Remote Usage
		Usr 0 00:00:00, Sys 0 00:00:00  -  Run Local Usage
	0  -  Run Bytes Sent By Job
	366  -  Run Bytes Received By Job
	Partitionable Resources :    Usage  Request Allocated 
	   Cpus                 :     4.66        1         1 
	   Disk (KB)            :  2820      500000    609620 
	   GPUs                 :                           0 
	   Memory (MB)          :  2198       20000     20096 
...
040 (113604401.000.000) 2023-04-10 20:48:35 Started transferring input files
	Transferring to host: <10.14.9.153:9618?addrs=10.14.9.153-9618&alias=node2153.cluster.ldas.cit&noUDP&sock=slot1_8_3969940_9e15_6244>
...
040 (113604401.000.000) 2023-04-10 20:48:35 Finished transferring input files
...
001 (113604401.000.000) 2023-04-10 20:48:36 Job executing on host: <10.14.9.153:9618?addrs=10.14.9.153-9618&alias=node2153.cluster.ldas.cit&noUDP&sock=startd_3969899_1727>
...
006 (113604401.000.000) 2023-04-11 18:41:02 Image size of job updated: 18359696
	2198  -  MemoryUsage of job (MB)
	2250000  -  ResidentSetSize of job (KB)
...
040 (113604401.000.000) 2023-04-11 18:45:00 Started transferring output files
...
040 (113604401.000.000) 2023-04-11 18:45:00 Finished transferring output files
...
005 (113604401.000.000) 2023-04-11 18:45:00 Job terminated.
	(1) Normal termination (return value 0)
		Usr 4 05:22:56, Sys 0 00:06:05  -  Run Remote Usage
		Usr 0 00:00:00, Sys 0 00:00:00  -  Run Local Usage
		Usr 20 03:32:20, Sys 0 00:40:40  -  Total Remote Usage
		Usr 0 00:00:00, Sys 0 00:00:00  -  Total Local Usage
	3063750  -  Run Bytes Sent By Job
	366  -  Run Bytes Received By Job
	3063750  -  Total Bytes Sent By Job
	1830  -  Total Bytes Received By Job
	Partitionable Resources :    Usage  Request Allocated 
	   Cpus                 :     0.99        1         1 
	   Disk (KB)            :  3015      500000    609620 
	   GPUs                 :                           0 
	   Memory (MB)          :  2198       20000     20096 

	Job terminated of its own accord at 2023-04-12T01:44:59Z with exit-code 0.
...
