000 (113449977.000.000) 2023-03-29 17:01:35 Job submitted from host: <10.14.0.160:9618?addrs=10.14.0.160-9618&alias=ldas-pcdev2.ligo.caltech.edu&noUDP&sock=schedd_7450_a8a7>
    DAG Node: 248
...
040 (113449977.000.000) 2023-03-29 17:42:26 Started transferring input files
	Transferring to host: <10.14.4.54:9618?addrs=10.14.4.54-9618&alias=node804.cluster.ldas.cit&noUDP&sock=slot1_1_3234714_638c_14009>
...
040 (113449977.000.000) 2023-03-29 17:42:26 Finished transferring input files
...
001 (113449977.000.000) 2023-03-29 17:42:27 Job executing on host: <10.14.4.54:9618?addrs=10.14.4.54-9618&alias=node804.cluster.ldas.cit&noUDP&sock=startd_3234675_946a>
...
006 (113449977.000.000) 2023-03-29 17:42:36 Image size of job updated: 146848
	102  -  MemoryUsage of job (MB)
	104312  -  ResidentSetSize of job (KB)
...
006 (113449977.000.000) 2023-03-29 17:47:37 Image size of job updated: 4521504
	411  -  MemoryUsage of job (MB)
	420700  -  ResidentSetSize of job (KB)
...
006 (113449977.000.000) 2023-03-29 18:12:40 Image size of job updated: 4521504
	419  -  MemoryUsage of job (MB)
	428216  -  ResidentSetSize of job (KB)
...
006 (113449977.000.000) 2023-03-29 18:17:40 Image size of job updated: 4521504
	419  -  MemoryUsage of job (MB)
	428812  -  ResidentSetSize of job (KB)
...
006 (113449977.000.000) 2023-03-29 18:22:41 Image size of job updated: 4521504
	449  -  MemoryUsage of job (MB)
	459292  -  ResidentSetSize of job (KB)
...
006 (113449977.000.000) 2023-03-29 18:27:42 Image size of job updated: 4521504
	450  -  MemoryUsage of job (MB)
	459976  -  ResidentSetSize of job (KB)
...
006 (113449977.000.000) 2023-03-29 18:32:42 Image size of job updated: 4521504
	452  -  MemoryUsage of job (MB)
	462804  -  ResidentSetSize of job (KB)
...
006 (113449977.000.000) 2023-03-29 18:37:43 Image size of job updated: 4521504
	454  -  MemoryUsage of job (MB)
	463940  -  ResidentSetSize of job (KB)
...
006 (113449977.000.000) 2023-03-29 18:42:44 Image size of job updated: 4521504
	466  -  MemoryUsage of job (MB)
	476384  -  ResidentSetSize of job (KB)
...
006 (113449977.000.000) 2023-03-29 18:47:44 Image size of job updated: 4521504
	466  -  MemoryUsage of job (MB)
	476840  -  ResidentSetSize of job (KB)
...
006 (113449977.000.000) 2023-03-29 18:52:44 Image size of job updated: 4521504
	468  -  MemoryUsage of job (MB)
	478668  -  ResidentSetSize of job (KB)
...
006 (113449977.000.000) 2023-03-29 18:57:46 Image size of job updated: 4521504
	470  -  MemoryUsage of job (MB)
	480456  -  ResidentSetSize of job (KB)
...
006 (113449977.000.000) 2023-03-29 19:02:46 Image size of job updated: 4521504
	493  -  MemoryUsage of job (MB)
	504508  -  ResidentSetSize of job (KB)
...
006 (113449977.000.000) 2023-03-29 19:07:46 Image size of job updated: 4521504
	495  -  MemoryUsage of job (MB)
	506264  -  ResidentSetSize of job (KB)
...
006 (113449977.000.000) 2023-03-29 19:12:47 Image size of job updated: 4521504
	499  -  MemoryUsage of job (MB)
	510092  -  ResidentSetSize of job (KB)
...
006 (113449977.000.000) 2023-03-29 19:17:48 Image size of job updated: 4521504
	500  -  MemoryUsage of job (MB)
	511376  -  ResidentSetSize of job (KB)
...
006 (113449977.000.000) 2023-03-29 19:22:48 Image size of job updated: 4521504
	520  -  MemoryUsage of job (MB)
	531592  -  ResidentSetSize of job (KB)
...
006 (113449977.000.000) 2023-03-29 19:37:50 Image size of job updated: 4521504
	526  -  MemoryUsage of job (MB)
	537796  -  ResidentSetSize of job (KB)
...
006 (113449977.000.000) 2023-03-29 19:47:51 Image size of job updated: 4521504
	565  -  MemoryUsage of job (MB)
	578140  -  ResidentSetSize of job (KB)
...
006 (113449977.000.000) 2023-03-29 19:52:51 Image size of job updated: 4521504
	566  -  MemoryUsage of job (MB)
	579256  -  ResidentSetSize of job (KB)
...
006 (113449977.000.000) 2023-03-29 19:57:51 Image size of job updated: 4521504
	621  -  MemoryUsage of job (MB)
	635400  -  ResidentSetSize of job (KB)
...
006 (113449977.000.000) 2023-03-29 20:02:52 Image size of job updated: 4521504
	802  -  MemoryUsage of job (MB)
	821004  -  ResidentSetSize of job (KB)
...
006 (113449977.000.000) 2023-03-29 20:07:53 Image size of job updated: 4521504
	874  -  MemoryUsage of job (MB)
	894168  -  ResidentSetSize of job (KB)
...
006 (113449977.000.000) 2023-03-29 20:17:54 Image size of job updated: 4521504
	882  -  MemoryUsage of job (MB)
	902500  -  ResidentSetSize of job (KB)
...
006 (113449977.000.000) 2023-03-29 20:27:55 Image size of job updated: 4521504
	885  -  MemoryUsage of job (MB)
	905308  -  ResidentSetSize of job (KB)
...
006 (113449977.000.000) 2023-03-29 20:32:56 Image size of job updated: 4521504
	909  -  MemoryUsage of job (MB)
	930588  -  ResidentSetSize of job (KB)
...
006 (113449977.000.000) 2023-03-29 20:42:57 Image size of job updated: 4521504
	919  -  MemoryUsage of job (MB)
	940696  -  ResidentSetSize of job (KB)
...
006 (113449977.000.000) 2023-03-29 20:52:58 Image size of job updated: 4521504
	922  -  MemoryUsage of job (MB)
	944040  -  ResidentSetSize of job (KB)
...
006 (113449977.000.000) 2023-03-29 21:02:59 Image size of job updated: 4521504
	925  -  MemoryUsage of job (MB)
	947028  -  ResidentSetSize of job (KB)
...
006 (113449977.000.000) 2023-03-29 21:08:00 Image size of job updated: 4521504
	929  -  MemoryUsage of job (MB)
	950784  -  ResidentSetSize of job (KB)
...
006 (113449977.000.000) 2023-03-29 21:18:01 Image size of job updated: 4541740
	929  -  MemoryUsage of job (MB)
	950784  -  ResidentSetSize of job (KB)
...
006 (113449977.000.000) 2023-03-29 21:43:04 Image size of job updated: 4541740
	931  -  MemoryUsage of job (MB)
	952772  -  ResidentSetSize of job (KB)
...
006 (113449977.000.000) 2023-03-29 22:03:06 Image size of job updated: 4541740
	937  -  MemoryUsage of job (MB)
	959036  -  ResidentSetSize of job (KB)
...
006 (113449977.000.000) 2023-03-29 22:08:06 Image size of job updated: 4541740
	942  -  MemoryUsage of job (MB)
	964328  -  ResidentSetSize of job (KB)
...
006 (113449977.000.000) 2023-03-29 22:18:08 Image size of job updated: 4541740
	958  -  MemoryUsage of job (MB)
	980952  -  ResidentSetSize of job (KB)
...
006 (113449977.000.000) 2023-03-29 22:23:08 Image size of job updated: 4541740
	965  -  MemoryUsage of job (MB)
	987868  -  ResidentSetSize of job (KB)
...
006 (113449977.000.000) 2023-03-29 22:33:09 Image size of job updated: 4553556
	969  -  MemoryUsage of job (MB)
	991480  -  ResidentSetSize of job (KB)
...
006 (113449977.000.000) 2023-03-29 22:38:09 Image size of job updated: 4553556
	969  -  MemoryUsage of job (MB)
	991904  -  ResidentSetSize of job (KB)
...
006 (113449977.000.000) 2023-03-29 22:48:10 Image size of job updated: 4558076
	970  -  MemoryUsage of job (MB)
	992816  -  ResidentSetSize of job (KB)
...
006 (113449977.000.000) 2023-03-29 22:53:11 Image size of job updated: 4558076
	971  -  MemoryUsage of job (MB)
	993668  -  ResidentSetSize of job (KB)
...
006 (113449977.000.000) 2023-03-29 22:58:11 Image size of job updated: 4558076
	989  -  MemoryUsage of job (MB)
	1012720  -  ResidentSetSize of job (KB)
...
006 (113449977.000.000) 2023-03-29 23:03:12 Image size of job updated: 4558076
	993  -  MemoryUsage of job (MB)
	1016600  -  ResidentSetSize of job (KB)
...
006 (113449977.000.000) 2023-03-29 23:08:13 Image size of job updated: 4558076
	996  -  MemoryUsage of job (MB)
	1019616  -  ResidentSetSize of job (KB)
...
006 (113449977.000.000) 2023-03-29 23:13:13 Image size of job updated: 4572780
	996  -  MemoryUsage of job (MB)
	1019804  -  ResidentSetSize of job (KB)
...
006 (113449977.000.000) 2023-03-29 23:38:16 Image size of job updated: 4572780
	1024  -  MemoryUsage of job (MB)
	1048016  -  ResidentSetSize of job (KB)
...
006 (113449977.000.000) 2023-03-29 23:43:17 Image size of job updated: 4572780
	1026  -  MemoryUsage of job (MB)
	1049684  -  ResidentSetSize of job (KB)
...
006 (113449977.000.000) 2023-03-29 23:58:19 Image size of job updated: 4572780
	1029  -  MemoryUsage of job (MB)
	1052804  -  ResidentSetSize of job (KB)
...
006 (113449977.000.000) 2023-03-30 00:08:19 Image size of job updated: 4572780
	1036  -  MemoryUsage of job (MB)
	1060504  -  ResidentSetSize of job (KB)
...
006 (113449977.000.000) 2023-03-30 00:18:20 Image size of job updated: 4572780
	1052  -  MemoryUsage of job (MB)
	1077000  -  ResidentSetSize of job (KB)
...
006 (113449977.000.000) 2023-03-30 00:33:22 Image size of job updated: 4572780
	1075  -  MemoryUsage of job (MB)
	1100088  -  ResidentSetSize of job (KB)
...
006 (113449977.000.000) 2023-03-30 00:38:22 Image size of job updated: 4572780
	1077  -  MemoryUsage of job (MB)
	1102112  -  ResidentSetSize of job (KB)
...
006 (113449977.000.000) 2023-03-30 00:43:23 Image size of job updated: 4572780
	1077  -  MemoryUsage of job (MB)
	1102780  -  ResidentSetSize of job (KB)
...
006 (113449977.000.000) 2023-03-30 00:48:24 Image size of job updated: 4615688
	1084  -  MemoryUsage of job (MB)
	1109764  -  ResidentSetSize of job (KB)
...
006 (113449977.000.000) 2023-03-30 00:58:24 Image size of job updated: 4615688
	1087  -  MemoryUsage of job (MB)
	1112788  -  ResidentSetSize of job (KB)
...
006 (113449977.000.000) 2023-03-30 01:13:25 Image size of job updated: 4615688
	1105  -  MemoryUsage of job (MB)
	1130824  -  ResidentSetSize of job (KB)
...
006 (113449977.000.000) 2023-03-30 01:23:27 Image size of job updated: 4616564
	1159  -  MemoryUsage of job (MB)
	1186432  -  ResidentSetSize of job (KB)
...
006 (113449977.000.000) 2023-03-30 01:28:27 Image size of job updated: 4623572
	1160  -  MemoryUsage of job (MB)
	1187700  -  ResidentSetSize of job (KB)
...
006 (113449977.000.000) 2023-03-30 01:33:28 Image size of job updated: 4627576
	1160  -  MemoryUsage of job (MB)
	1187700  -  ResidentSetSize of job (KB)
...
006 (113449977.000.000) 2023-03-30 01:48:29 Image size of job updated: 4696128
	1168  -  MemoryUsage of job (MB)
	1195264  -  ResidentSetSize of job (KB)
...
006 (113449977.000.000) 2023-03-30 01:53:30 Image size of job updated: 4696128
	1171  -  MemoryUsage of job (MB)
	1198496  -  ResidentSetSize of job (KB)
...
006 (113449977.000.000) 2023-03-30 01:58:30 Image size of job updated: 4696128
	1171  -  MemoryUsage of job (MB)
	1199040  -  ResidentSetSize of job (KB)
...
006 (113449977.000.000) 2023-03-30 02:03:30 Image size of job updated: 4708608
	1176  -  MemoryUsage of job (MB)
	1203592  -  ResidentSetSize of job (KB)
...
006 (113449977.000.000) 2023-03-30 02:13:31 Image size of job updated: 4708608
	1177  -  MemoryUsage of job (MB)
	1204412  -  ResidentSetSize of job (KB)
...
006 (113449977.000.000) 2023-03-30 02:18:31 Image size of job updated: 4709884
	1177  -  MemoryUsage of job (MB)
	1204412  -  ResidentSetSize of job (KB)
...
006 (113449977.000.000) 2023-03-30 02:28:33 Image size of job updated: 4709884
	1180  -  MemoryUsage of job (MB)
	1207860  -  ResidentSetSize of job (KB)
...
006 (113449977.000.000) 2023-03-30 02:38:34 Image size of job updated: 4709884
	1181  -  MemoryUsage of job (MB)
	1208488  -  ResidentSetSize of job (KB)
...
006 (113449977.000.000) 2023-03-30 02:43:35 Image size of job updated: 4725924
	1186  -  MemoryUsage of job (MB)
	1213528  -  ResidentSetSize of job (KB)
...
006 (113449977.000.000) 2023-03-30 02:48:35 Image size of job updated: 4725924
	1188  -  MemoryUsage of job (MB)
	1216000  -  ResidentSetSize of job (KB)
...
006 (113449977.000.000) 2023-03-30 02:58:36 Image size of job updated: 4725924
	1189  -  MemoryUsage of job (MB)
	1216900  -  ResidentSetSize of job (KB)
...
006 (113449977.000.000) 2023-03-30 03:03:36 Image size of job updated: 4725924
	1191  -  MemoryUsage of job (MB)
	1219332  -  ResidentSetSize of job (KB)
...
006 (113449977.000.000) 2023-03-30 03:13:37 Image size of job updated: 4725924
	1275  -  MemoryUsage of job (MB)
	1305296  -  ResidentSetSize of job (KB)
...
006 (113449977.000.000) 2023-03-30 03:33:40 Image size of job updated: 4743892
	1275  -  MemoryUsage of job (MB)
	1305296  -  ResidentSetSize of job (KB)
...
006 (113449977.000.000) 2023-03-30 04:13:43 Image size of job updated: 4761684
	1275  -  MemoryUsage of job (MB)
	1305296  -  ResidentSetSize of job (KB)
...
006 (113449977.000.000) 2023-03-30 04:38:46 Image size of job updated: 4764984
	1275  -  MemoryUsage of job (MB)
	1305296  -  ResidentSetSize of job (KB)
...
006 (113449977.000.000) 2023-03-30 05:03:48 Image size of job updated: 4777300
	1275  -  MemoryUsage of job (MB)
	1305296  -  ResidentSetSize of job (KB)
...
006 (113449977.000.000) 2023-03-30 05:18:50 Image size of job updated: 4780952
	1275  -  MemoryUsage of job (MB)
	1305296  -  ResidentSetSize of job (KB)
...
006 (113449977.000.000) 2023-03-30 05:28:51 Image size of job updated: 4788288
	1275  -  MemoryUsage of job (MB)
	1305296  -  ResidentSetSize of job (KB)
...
006 (113449977.000.000) 2023-03-30 05:48:53 Image size of job updated: 4809588
	1275  -  MemoryUsage of job (MB)
	1305296  -  ResidentSetSize of job (KB)
...
006 (113449977.000.000) 2023-03-30 06:33:57 Image size of job updated: 4816560
	1275  -  MemoryUsage of job (MB)
	1305296  -  ResidentSetSize of job (KB)
...
006 (113449977.000.000) 2023-03-30 06:43:58 Image size of job updated: 4820476
	1275  -  MemoryUsage of job (MB)
	1305296  -  ResidentSetSize of job (KB)
...
006 (113449977.000.000) 2023-03-30 06:59:00 Image size of job updated: 4821156
	1275  -  MemoryUsage of job (MB)
	1305296  -  ResidentSetSize of job (KB)
...
006 (113449977.000.000) 2023-03-30 07:29:04 Image size of job updated: 4821156
	1276  -  MemoryUsage of job (MB)
	1306308  -  ResidentSetSize of job (KB)
...
006 (113449977.000.000) 2023-03-30 07:54:05 Image size of job updated: 4855876
	1279  -  MemoryUsage of job (MB)
	1308892  -  ResidentSetSize of job (KB)
...
006 (113449977.000.000) 2023-03-30 08:34:11 Image size of job updated: 4865432
	1283  -  MemoryUsage of job (MB)
	1312920  -  ResidentSetSize of job (KB)
...
006 (113449977.000.000) 2023-03-30 08:39:11 Image size of job updated: 4865432
	1286  -  MemoryUsage of job (MB)
	1316332  -  ResidentSetSize of job (KB)
...
006 (113449977.000.000) 2023-03-30 08:54:13 Image size of job updated: 4868344
	1298  -  MemoryUsage of job (MB)
	1328292  -  ResidentSetSize of job (KB)
...
006 (113449977.000.000) 2023-03-30 09:14:15 Image size of job updated: 4876912
	1298  -  MemoryUsage of job (MB)
	1328292  -  ResidentSetSize of job (KB)
...
006 (113449977.000.000) 2023-03-30 09:44:18 Image size of job updated: 4882180
	1298  -  MemoryUsage of job (MB)
	1328292  -  ResidentSetSize of job (KB)
...
006 (113449977.000.000) 2023-03-30 09:49:18 Image size of job updated: 4882180
	1298  -  MemoryUsage of job (MB)
	1328512  -  ResidentSetSize of job (KB)
...
006 (113449977.000.000) 2023-03-30 09:54:19 Image size of job updated: 4882180
	1300  -  MemoryUsage of job (MB)
	1330816  -  ResidentSetSize of job (KB)
...
006 (113449977.000.000) 2023-03-30 09:59:20 Image size of job updated: 4883796
	1303  -  MemoryUsage of job (MB)
	1333908  -  ResidentSetSize of job (KB)
...
006 (113449977.000.000) 2023-03-30 10:19:21 Image size of job updated: 4883796
	1305  -  MemoryUsage of job (MB)
	1335400  -  ResidentSetSize of job (KB)
...
006 (113449977.000.000) 2023-03-30 10:24:21 Image size of job updated: 4883796
	1309  -  MemoryUsage of job (MB)
	1340296  -  ResidentSetSize of job (KB)
...
006 (113449977.000.000) 2023-03-30 10:29:22 Image size of job updated: 4892500
	1313  -  MemoryUsage of job (MB)
	1344072  -  ResidentSetSize of job (KB)
...
006 (113449977.000.000) 2023-03-30 10:34:23 Image size of job updated: 4892500
	1317  -  MemoryUsage of job (MB)
	1347816  -  ResidentSetSize of job (KB)
...
006 (113449977.000.000) 2023-03-30 10:49:25 Image size of job updated: 4894304
	1317  -  MemoryUsage of job (MB)
	1347816  -  ResidentSetSize of job (KB)
...
006 (113449977.000.000) 2023-03-30 11:04:26 Image size of job updated: 4914704
	1319  -  MemoryUsage of job (MB)
	1350360  -  ResidentSetSize of job (KB)
...
006 (113449977.000.000) 2023-03-30 11:09:26 Image size of job updated: 4914704
	1325  -  MemoryUsage of job (MB)
	1356296  -  ResidentSetSize of job (KB)
...
006 (113449977.000.000) 2023-03-30 11:19:27 Image size of job updated: 4916384
	1325  -  MemoryUsage of job (MB)
	1356296  -  ResidentSetSize of job (KB)
...
006 (113449977.000.000) 2023-03-30 11:29:28 Image size of job updated: 4916384
	1328  -  MemoryUsage of job (MB)
	1359576  -  ResidentSetSize of job (KB)
...
006 (113449977.000.000) 2023-03-30 11:49:30 Image size of job updated: 4916384
	1336  -  MemoryUsage of job (MB)
	1367104  -  ResidentSetSize of job (KB)
...
006 (113449977.000.000) 2023-03-30 12:09:32 Image size of job updated: 4926188
	1336  -  MemoryUsage of job (MB)
	1367104  -  ResidentSetSize of job (KB)
...
006 (113449977.000.000) 2023-03-30 12:14:33 Image size of job updated: 4926188
	1338  -  MemoryUsage of job (MB)
	1369196  -  ResidentSetSize of job (KB)
...
006 (113449977.000.000) 2023-03-30 12:24:34 Image size of job updated: 4932852
	1338  -  MemoryUsage of job (MB)
	1369196  -  ResidentSetSize of job (KB)
...
006 (113449977.000.000) 2023-03-30 12:34:35 Image size of job updated: 4932852
	1340  -  MemoryUsage of job (MB)
	1372088  -  ResidentSetSize of job (KB)
...
006 (113449977.000.000) 2023-03-30 12:49:37 Image size of job updated: 4932852
	1341  -  MemoryUsage of job (MB)
	1372376  -  ResidentSetSize of job (KB)
...
006 (113449977.000.000) 2023-03-30 12:54:37 Image size of job updated: 4947588
	1343  -  MemoryUsage of job (MB)
	1375188  -  ResidentSetSize of job (KB)
...
006 (113449977.000.000) 2023-03-30 12:59:38 Image size of job updated: 4947588
	1350  -  MemoryUsage of job (MB)
	1381432  -  ResidentSetSize of job (KB)
...
006 (113449977.000.000) 2023-03-30 13:04:38 Image size of job updated: 4947588
	1350  -  MemoryUsage of job (MB)
	1381996  -  ResidentSetSize of job (KB)
...
006 (113449977.000.000) 2023-03-30 13:54:44 Image size of job updated: 4947588
	1352  -  MemoryUsage of job (MB)
	1384240  -  ResidentSetSize of job (KB)
...
006 (113449977.000.000) 2023-03-30 13:59:44 Image size of job updated: 4947588
	1353  -  MemoryUsage of job (MB)
	1385064  -  ResidentSetSize of job (KB)
...
006 (113449977.000.000) 2023-03-30 14:09:46 Image size of job updated: 4954996
	1353  -  MemoryUsage of job (MB)
	1385064  -  ResidentSetSize of job (KB)
...
006 (113449977.000.000) 2023-03-30 14:19:47 Image size of job updated: 4954996
	1357  -  MemoryUsage of job (MB)
	1388868  -  ResidentSetSize of job (KB)
...
006 (113449977.000.000) 2023-03-30 14:29:48 Image size of job updated: 4954996
	1359  -  MemoryUsage of job (MB)
	1390732  -  ResidentSetSize of job (KB)
...
006 (113449977.000.000) 2023-03-30 14:39:49 Image size of job updated: 4962940
	1366  -  MemoryUsage of job (MB)
	1398316  -  ResidentSetSize of job (KB)
...
006 (113449977.000.000) 2023-03-30 14:54:50 Image size of job updated: 4962940
	1368  -  MemoryUsage of job (MB)
	1400140  -  ResidentSetSize of job (KB)
...
006 (113449977.000.000) 2023-03-30 14:59:51 Image size of job updated: 4962940
	1368  -  MemoryUsage of job (MB)
	1400620  -  ResidentSetSize of job (KB)
...
006 (113449977.000.000) 2023-03-30 15:09:51 Image size of job updated: 4985356
	1368  -  MemoryUsage of job (MB)
	1400620  -  ResidentSetSize of job (KB)
...
006 (113449977.000.000) 2023-03-30 15:29:54 Image size of job updated: 4985356
	1370  -  MemoryUsage of job (MB)
	1402496  -  ResidentSetSize of job (KB)
...
006 (113449977.000.000) 2023-03-30 15:54:56 Image size of job updated: 4988496
	1370  -  MemoryUsage of job (MB)
	1402496  -  ResidentSetSize of job (KB)
...
006 (113449977.000.000) 2023-03-30 16:04:57 Image size of job updated: 4989056
	1370  -  MemoryUsage of job (MB)
	1402496  -  ResidentSetSize of job (KB)
...
006 (113449977.000.000) 2023-03-30 16:09:57 Image size of job updated: 4989056
	1374  -  MemoryUsage of job (MB)
	1406496  -  ResidentSetSize of job (KB)
...
006 (113449977.000.000) 2023-03-30 16:14:57 Image size of job updated: 4989056
	1384  -  MemoryUsage of job (MB)
	1416296  -  ResidentSetSize of job (KB)
...
006 (113449977.000.000) 2023-03-30 16:19:58 Image size of job updated: 4993984
	1384  -  MemoryUsage of job (MB)
	1416296  -  ResidentSetSize of job (KB)
...
006 (113449977.000.000) 2023-03-30 16:35:00 Image size of job updated: 5004632
	1393  -  MemoryUsage of job (MB)
	1426372  -  ResidentSetSize of job (KB)
...
006 (113449977.000.000) 2023-03-30 17:55:07 Image size of job updated: 5004632
	1394  -  MemoryUsage of job (MB)
	1427156  -  ResidentSetSize of job (KB)
...
006 (113449977.000.000) 2023-03-30 18:50:14 Image size of job updated: 5027772
	1547  -  MemoryUsage of job (MB)
	1583388  -  ResidentSetSize of job (KB)
...
006 (113449977.000.000) 2023-03-30 19:10:16 Image size of job updated: 5044272
	1547  -  MemoryUsage of job (MB)
	1583388  -  ResidentSetSize of job (KB)
...
004 (113449977.000.000) 2023-03-30 19:28:39 Job was evicted.
	(0) CPU times
		Usr 2 20:49:44, Sys 0 00:11:00  -  Run Remote Usage
		Usr 0 00:00:00, Sys 0 00:00:00  -  Run Local Usage
	0  -  Run Bytes Sent By Job
	381  -  Run Bytes Received By Job
	Partitionable Resources :    Usage  Request Allocated 
	   Cpus                 :     7.97        1         1 
	   Disk (KB)            :  1501      500000    624256 
	   GPUs                 :                           0 
	   Memory (MB)          :  1547       20000     20096 
...
040 (113449977.000.000) 2023-03-30 19:31:11 Started transferring input files
	Transferring to host: <10.14.4.23:9618?addrs=10.14.4.23-9618&alias=node773.cluster.ldas.cit&noUDP&sock=slot1_5_4026539_bbb3_2016>
...
040 (113449977.000.000) 2023-03-30 19:31:11 Finished transferring input files
...
001 (113449977.000.000) 2023-03-30 19:31:12 Job executing on host: <10.14.4.23:9618?addrs=10.14.4.23-9618&alias=node773.cluster.ldas.cit&noUDP&sock=startd_4026501_5abf>
...
004 (113449977.000.000) 2023-03-31 19:56:32 Job was evicted.
	(0) CPU times
		Usr 3 09:54:14, Sys 0 00:13:11  -  Run Remote Usage
		Usr 0 00:00:00, Sys 0 00:00:00  -  Run Local Usage
	0  -  Run Bytes Sent By Job
	381  -  Run Bytes Received By Job
	Partitionable Resources :    Usage  Request Allocated 
	   Cpus                 :     7.93        1         1 
	   Disk (KB)            :   359      500000    609620 
	   GPUs                 :                           0 
	   Memory (MB)          :  1709       20000     20096 
...
040 (113449977.000.000) 2023-03-31 20:01:48 Started transferring input files
	Transferring to host: <10.14.10.92:9618?addrs=10.14.10.92-9618&alias=node2342.cluster.ldas.cit&noUDP&sock=slot1_9_2723727_d241_13363>
...
040 (113449977.000.000) 2023-03-31 20:01:48 Finished transferring input files
...
001 (113449977.000.000) 2023-03-31 20:01:49 Job executing on host: <10.14.10.92:9618?addrs=10.14.10.92-9618&alias=node2342.cluster.ldas.cit&noUDP&sock=startd_2723683_91fb>
...
004 (113449977.000.000) 2023-04-01 14:19:49 Job was evicted.
	(0) CPU times
		Usr 3 04:13:44, Sys 0 00:03:03  -  Run Remote Usage
		Usr 0 00:00:00, Sys 0 00:00:00  -  Run Local Usage
	0  -  Run Bytes Sent By Job
	381  -  Run Bytes Received By Job
	Partitionable Resources :    Usage  Request Allocated 
	   Cpus                 :     7.95        1         1 
	   Disk (KB)            :   457      500000    624256 
	   GPUs                 :                           0 
	   Memory (MB)          :  1709       20000     20096 
...
009 (113449977.000.000) 2023-04-01 14:19:49 Job was aborted.
	removed because <OtherJobRemoveRequirements = DAGManJobId =?= 113449570> fired when job (113449570.0) was removed
...
000 (113484692.000.000) 2023-04-01 14:23:10 Job submitted from host: <10.14.0.160:9618?addrs=10.14.0.160-9618&alias=ldas-pcdev2.ligo.caltech.edu&noUDP&sock=schedd_7450_a8a7>
    DAG Node: 248
...
040 (113484692.000.000) 2023-04-01 14:25:02 Started transferring input files
	Transferring to host: <10.14.10.116:9618?addrs=10.14.10.116-9618&alias=node2366.cluster.ldas.cit&noUDP&sock=slot1_17_2147095_69a8_3693>
...
040 (113484692.000.000) 2023-04-01 14:25:02 Finished transferring input files
...
001 (113484692.000.000) 2023-04-01 14:25:03 Job executing on host: <10.14.10.116:9618?addrs=10.14.10.116-9618&alias=node2366.cluster.ldas.cit&noUDP&sock=startd_2147053_5a2e>
...
006 (113484692.000.000) 2023-04-01 14:25:12 Image size of job updated: 318364
	100  -  MemoryUsage of job (MB)
	102328  -  ResidentSetSize of job (KB)
...
006 (113484692.000.000) 2023-04-01 14:30:13 Image size of job updated: 4554368
	635  -  MemoryUsage of job (MB)
	649764  -  ResidentSetSize of job (KB)
...
006 (113484692.000.000) 2023-04-01 14:35:14 Image size of job updated: 4562712
	644  -  MemoryUsage of job (MB)
	658588  -  ResidentSetSize of job (KB)
...
006 (113484692.000.000) 2023-04-01 14:40:14 Image size of job updated: 4575216
	655  -  MemoryUsage of job (MB)
	670056  -  ResidentSetSize of job (KB)
...
006 (113484692.000.000) 2023-04-01 14:45:15 Image size of job updated: 4581120
	662  -  MemoryUsage of job (MB)
	677268  -  ResidentSetSize of job (KB)
...
006 (113484692.000.000) 2023-04-01 14:55:16 Image size of job updated: 4584192
	665  -  MemoryUsage of job (MB)
	680340  -  ResidentSetSize of job (KB)
...
006 (113484692.000.000) 2023-04-01 15:00:16 Image size of job updated: 4737324
	944  -  MemoryUsage of job (MB)
	966092  -  ResidentSetSize of job (KB)
...
006 (113484692.000.000) 2023-04-01 15:05:18 Image size of job updated: 5205676
	1049  -  MemoryUsage of job (MB)
	1073764  -  ResidentSetSize of job (KB)
...
006 (113484692.000.000) 2023-04-01 15:15:18 Image size of job updated: 5205676
	1057  -  MemoryUsage of job (MB)
	1082132  -  ResidentSetSize of job (KB)
...
006 (113484692.000.000) 2023-04-01 15:20:19 Image size of job updated: 5205676
	1063  -  MemoryUsage of job (MB)
	1087560  -  ResidentSetSize of job (KB)
...
006 (113484692.000.000) 2023-04-01 15:25:20 Image size of job updated: 5205676
	1064  -  MemoryUsage of job (MB)
	1089240  -  ResidentSetSize of job (KB)
...
006 (113484692.000.000) 2023-04-01 15:30:20 Image size of job updated: 5205676
	1157  -  MemoryUsage of job (MB)
	1184604  -  ResidentSetSize of job (KB)
...
006 (113484692.000.000) 2023-04-01 15:35:21 Image size of job updated: 5284008
	1361  -  MemoryUsage of job (MB)
	1393192  -  ResidentSetSize of job (KB)
...
006 (113484692.000.000) 2023-04-01 15:40:22 Image size of job updated: 5284008
	1411  -  MemoryUsage of job (MB)
	1444480  -  ResidentSetSize of job (KB)
...
006 (113484692.000.000) 2023-04-01 15:45:22 Image size of job updated: 5284008
	1414  -  MemoryUsage of job (MB)
	1447296  -  ResidentSetSize of job (KB)
...
006 (113484692.000.000) 2023-04-01 15:50:22 Image size of job updated: 5284008
	1418  -  MemoryUsage of job (MB)
	1451096  -  ResidentSetSize of job (KB)
...
006 (113484692.000.000) 2023-04-01 15:55:23 Image size of job updated: 5284008
	1419  -  MemoryUsage of job (MB)
	1452884  -  ResidentSetSize of job (KB)
...
006 (113484692.000.000) 2023-04-01 16:00:23 Image size of job updated: 5284008
	1421  -  MemoryUsage of job (MB)
	1454836  -  ResidentSetSize of job (KB)
...
006 (113484692.000.000) 2023-04-01 16:15:25 Image size of job updated: 5284008
	1422  -  MemoryUsage of job (MB)
	1456032  -  ResidentSetSize of job (KB)
...
006 (113484692.000.000) 2023-04-01 16:20:25 Image size of job updated: 5284008
	1424  -  MemoryUsage of job (MB)
	1457652  -  ResidentSetSize of job (KB)
...
006 (113484692.000.000) 2023-04-01 16:25:25 Image size of job updated: 5310948
	1432  -  MemoryUsage of job (MB)
	1465456  -  ResidentSetSize of job (KB)
...
006 (113484692.000.000) 2023-04-01 16:30:26 Image size of job updated: 5310948
	1437  -  MemoryUsage of job (MB)
	1470756  -  ResidentSetSize of job (KB)
...
006 (113484692.000.000) 2023-04-01 17:00:29 Image size of job updated: 5317612
	1437  -  MemoryUsage of job (MB)
	1470756  -  ResidentSetSize of job (KB)
...
006 (113484692.000.000) 2023-04-01 17:20:31 Image size of job updated: 5317612
	1442  -  MemoryUsage of job (MB)
	1476108  -  ResidentSetSize of job (KB)
...
006 (113484692.000.000) 2023-04-01 17:25:31 Image size of job updated: 5317612
	1445  -  MemoryUsage of job (MB)
	1479040  -  ResidentSetSize of job (KB)
...
006 (113484692.000.000) 2023-04-01 17:30:31 Image size of job updated: 5317612
	1456  -  MemoryUsage of job (MB)
	1490800  -  ResidentSetSize of job (KB)
...
006 (113484692.000.000) 2023-04-01 17:35:32 Image size of job updated: 5317612
	1463  -  MemoryUsage of job (MB)
	1497584  -  ResidentSetSize of job (KB)
...
006 (113484692.000.000) 2023-04-01 17:40:33 Image size of job updated: 5317612
	1467  -  MemoryUsage of job (MB)
	1501796  -  ResidentSetSize of job (KB)
...
006 (113484692.000.000) 2023-04-01 17:50:34 Image size of job updated: 5361780
	1473  -  MemoryUsage of job (MB)
	1507760  -  ResidentSetSize of job (KB)
...
006 (113484692.000.000) 2023-04-01 19:10:42 Image size of job updated: 5361780
	1482  -  MemoryUsage of job (MB)
	1517256  -  ResidentSetSize of job (KB)
...
006 (113484692.000.000) 2023-04-01 19:15:43 Image size of job updated: 5361780
	1501  -  MemoryUsage of job (MB)
	1536608  -  ResidentSetSize of job (KB)
...
006 (113484692.000.000) 2023-04-01 19:50:46 Image size of job updated: 5361780
	1503  -  MemoryUsage of job (MB)
	1538180  -  ResidentSetSize of job (KB)
...
006 (113484692.000.000) 2023-04-01 19:55:47 Image size of job updated: 5361780
	1505  -  MemoryUsage of job (MB)
	1540368  -  ResidentSetSize of job (KB)
...
006 (113484692.000.000) 2023-04-01 20:40:51 Image size of job updated: 5361780
	1511  -  MemoryUsage of job (MB)
	1546260  -  ResidentSetSize of job (KB)
...
006 (113484692.000.000) 2023-04-01 21:20:56 Image size of job updated: 5363652
	1511  -  MemoryUsage of job (MB)
	1546260  -  ResidentSetSize of job (KB)
...
006 (113484692.000.000) 2023-04-01 21:30:57 Image size of job updated: 5363652
	1748  -  MemoryUsage of job (MB)
	1789740  -  ResidentSetSize of job (KB)
...
006 (113484692.000.000) 2023-04-01 21:35:58 Image size of job updated: 5364132
	1748  -  MemoryUsage of job (MB)
	1789740  -  ResidentSetSize of job (KB)
...
006 (113484692.000.000) 2023-04-01 21:50:59 Image size of job updated: 5364132
	1776  -  MemoryUsage of job (MB)
	1818192  -  ResidentSetSize of job (KB)
...
006 (113484692.000.000) 2023-04-01 21:55:59 Image size of job updated: 5392564
	1776  -  MemoryUsage of job (MB)
	1818192  -  ResidentSetSize of job (KB)
...
006 (113484692.000.000) 2023-04-01 23:06:07 Image size of job updated: 5396256
	1776  -  MemoryUsage of job (MB)
	1818192  -  ResidentSetSize of job (KB)
...
006 (113484692.000.000) 2023-04-02 01:26:22 Image size of job updated: 5409160
	1776  -  MemoryUsage of job (MB)
	1818192  -  ResidentSetSize of job (KB)
...
006 (113484692.000.000) 2023-04-02 02:16:27 Image size of job updated: 5426532
	1776  -  MemoryUsage of job (MB)
	1818192  -  ResidentSetSize of job (KB)
...
006 (113484692.000.000) 2023-04-02 03:26:35 Image size of job updated: 5444084
	1776  -  MemoryUsage of job (MB)
	1818192  -  ResidentSetSize of job (KB)
...
006 (113484692.000.000) 2023-04-02 04:21:41 Image size of job updated: 5494416
	1776  -  MemoryUsage of job (MB)
	1818192  -  ResidentSetSize of job (KB)
...
006 (113484692.000.000) 2023-04-02 06:51:56 Image size of job updated: 5503500
	1776  -  MemoryUsage of job (MB)
	1818192  -  ResidentSetSize of job (KB)
...
006 (113484692.000.000) 2023-04-02 10:47:20 Image size of job updated: 5520824
	1776  -  MemoryUsage of job (MB)
	1818192  -  ResidentSetSize of job (KB)
...
006 (113484692.000.000) 2023-04-02 13:22:35 Image size of job updated: 5520824
	1888  -  MemoryUsage of job (MB)
	1933188  -  ResidentSetSize of job (KB)
...
006 (113484692.000.000) 2023-04-02 13:27:35 Image size of job updated: 5521456
	1888  -  MemoryUsage of job (MB)
	1933188  -  ResidentSetSize of job (KB)
...
006 (113484692.000.000) 2023-04-02 13:57:39 Image size of job updated: 5526536
	1888  -  MemoryUsage of job (MB)
	1933188  -  ResidentSetSize of job (KB)
...
004 (113484692.000.000) 2023-04-02 16:54:02 Job was evicted.
	(0) CPU times
		Usr 4 00:13:15, Sys 0 00:08:23  -  Run Remote Usage
		Usr 0 00:00:00, Sys 0 00:00:00  -  Run Local Usage
	0  -  Run Bytes Sent By Job
	381  -  Run Bytes Received By Job
	Partitionable Resources :    Usage  Request Allocated 
	   Cpus                 :     6.92        1         1 
	   Disk (KB)            :   265      500000    624256 
	   GPUs                 :                           0 
	   Memory (MB)          :  1888       20000     20096 
...
040 (113484692.000.000) 2023-04-02 17:05:19 Started transferring input files
	Transferring to host: <10.14.10.103:9618?addrs=10.14.10.103-9618&alias=node2353.cluster.ldas.cit&noUDP&sock=slot1_3_1967915_e4b2_4325>
...
040 (113484692.000.000) 2023-04-02 17:05:19 Finished transferring input files
...
001 (113484692.000.000) 2023-04-02 17:05:20 Job executing on host: <10.14.10.103:9618?addrs=10.14.10.103-9618&alias=node2353.cluster.ldas.cit&noUDP&sock=startd_1967872_1703>
...
006 (113484692.000.000) 2023-04-03 14:57:37 Image size of job updated: 17833412
	1954  -  MemoryUsage of job (MB)
	2000000  -  ResidentSetSize of job (KB)
...
040 (113484692.000.000) 2023-04-03 14:57:37 Started transferring output files
...
040 (113484692.000.000) 2023-04-03 14:57:37 Finished transferring output files
...
005 (113484692.000.000) 2023-04-03 14:57:37 Job terminated.
	(1) Normal termination (return value 0)
		Usr 3 22:29:37, Sys 0 00:05:02  -  Run Remote Usage
		Usr 0 00:00:00, Sys 0 00:00:00  -  Run Local Usage
		Usr 7 22:42:52, Sys 0 00:13:25  -  Total Remote Usage
		Usr 0 00:00:00, Sys 0 00:00:00  -  Total Local Usage
	249904  -  Run Bytes Sent By Job
	381  -  Run Bytes Received By Job
	249904  -  Total Bytes Sent By Job
	762  -  Total Bytes Received By Job
	Partitionable Resources :    Usage  Request Allocated 
	   Cpus                 :     5.12        1         1 
	   Disk (KB)            :   268      500000    624256 
	   GPUs                 :                           0 
	   Memory (MB)          :  1954       20000     20096 

	Job terminated of its own accord at 2023-04-03T21:57:37Z with exit-code 0.
...
