14:01 bilby INFO    : Waveform generator initiated with
  frequency_domain_source_model: bilby.gw.source.lal_binary_black_hole
  time_domain_source_model: None
  parameter_conversion: bilby.gw.conversion.convert_to_lal_binary_black_hole_parameters
14:01 bilby INFO    : Injected signal in H1:
14:01 bilby INFO    :   optimal SNR = 11.71
14:01 bilby INFO    :   matched filter SNR = 11.46-0.19j
14:01 bilby INFO    :   mass_1 = 30.471250451340048
14:01 bilby INFO    :   mass_2 = 23.237606722505465
14:01 bilby INFO    :   a_1 = 0.1475128734917888
14:01 bilby INFO    :   a_2 = 0.3510986575953903
14:01 bilby INFO    :   tilt_1 = 1.3188195992825673
14:01 bilby INFO    :   tilt_2 = 0.7980907020174183
14:01 bilby INFO    :   phi_12 = 0.4411678648905458
14:01 bilby INFO    :   phi_jl = 4.085387828880234
14:01 bilby INFO    :   luminosity_distance = 722.8313722642
14:01 bilby INFO    :   theta_jn = 0.5887266341308649
14:01 bilby INFO    :   psi = 0.9874308976
14:01 bilby INFO    :   phase = 1.8188450865
14:01 bilby INFO    :   geocent_time = 1126259642.413
14:01 bilby INFO    :   ra = 5.6237272496
14:01 bilby INFO    :   dec = 3.0317753557
14:01 bilby INFO    : Injected signal in L1:
14:01 bilby INFO    :   optimal SNR = 12.73
14:01 bilby INFO    :   matched filter SNR = 12.07+0.45j
14:01 bilby INFO    :   mass_1 = 30.471250451340048
14:01 bilby INFO    :   mass_2 = 23.237606722505465
14:01 bilby INFO    :   a_1 = 0.1475128734917888
14:01 bilby INFO    :   a_2 = 0.3510986575953903
14:01 bilby INFO    :   tilt_1 = 1.3188195992825673
14:01 bilby INFO    :   tilt_2 = 0.7980907020174183
14:01 bilby INFO    :   phi_12 = 0.4411678648905458
14:01 bilby INFO    :   phi_jl = 4.085387828880234
14:01 bilby INFO    :   luminosity_distance = 722.8313722642
14:01 bilby INFO    :   theta_jn = 0.5887266341308649
14:01 bilby INFO    :   psi = 0.9874308976
14:01 bilby INFO    :   phase = 1.8188450865
14:01 bilby INFO    :   geocent_time = 1126259642.413
14:01 bilby INFO    :   ra = 5.6237272496
14:01 bilby INFO    :   dec = 3.0317753557
14:01 bilby INFO    : Injected signal in V1:
14:01 bilby INFO    :   optimal SNR = 8.31
14:01 bilby INFO    :   matched filter SNR = 8.16+0.59j
14:01 bilby INFO    :   mass_1 = 30.471250451340048
14:01 bilby INFO    :   mass_2 = 23.237606722505465
14:01 bilby INFO    :   a_1 = 0.1475128734917888
14:01 bilby INFO    :   a_2 = 0.3510986575953903
14:01 bilby INFO    :   tilt_1 = 1.3188195992825673
14:01 bilby INFO    :   tilt_2 = 0.7980907020174183
14:01 bilby INFO    :   phi_12 = 0.4411678648905458
14:01 bilby INFO    :   phi_jl = 4.085387828880234
14:01 bilby INFO    :   luminosity_distance = 722.8313722642
14:01 bilby INFO    :   theta_jn = 0.5887266341308649
14:01 bilby INFO    :   psi = 0.9874308976
14:01 bilby INFO    :   phase = 1.8188450865
14:01 bilby INFO    :   geocent_time = 1126259642.413
14:01 bilby INFO    :   ra = 5.6237272496
14:01 bilby INFO    :   dec = 3.0317753557
14:01 bilby INFO    : Running for label 'job_00445_fixedExtrinsic', output will be saved to '/home/simona.miller/comp-spin-mock-injections/Data/IndividualInferenceOutput/new_bilby/population2_mediumSpin_highmass'
14:01 bilby INFO    : Using lal version 7.3.0
14:01 bilby INFO    : Using lal git version Branch: None;Tag: lalsuite-v7.13;Id: ec1fcb1d2d1dab69321fdb8f0afef1f867b11e06;;Builder: Unknown User <>;Repository status: UNCLEAN: Modified working tree
14:01 bilby INFO    : Using lalsimulation version 5.0.0
14:01 bilby INFO    : Using lalsimulation git version Branch: None;Tag: lalsuite-v7.13;Id: ec1fcb1d2d1dab69321fdb8f0afef1f867b11e06;;Builder: Unknown User <>;Repository status: UNCLEAN: Modified working tree
14:01 bilby INFO    : Analysis priors:
14:01 bilby INFO    : chirp_mass=bilby.gw.prior.UniformInComponentsChirpMass(minimum=2, maximum=200, name='chirp_mass', latex_label='$\\mathcal{M}$', unit=None, boundary=None)
14:01 bilby INFO    : mass_ratio=bilby.gw.prior.UniformInComponentsMassRatio(minimum=0.05, maximum=1, name='mass_ratio', latex_label='$q$', unit=None, boundary=None, equal_mass=False)
14:01 bilby INFO    : a_1=Uniform(minimum=0, maximum=0.99, name='a_1', latex_label='$a_1$', unit=None, boundary=None)
14:01 bilby INFO    : a_2=Uniform(minimum=0, maximum=0.99, name='a_2', latex_label='$a_2$', unit=None, boundary=None)
14:01 bilby INFO    : tilt_1=Sine(minimum=0, maximum=3.141592653589793, name='tilt_1', latex_label='$\\theta_1$', unit=None, boundary=None)
14:01 bilby INFO    : tilt_2=Sine(minimum=0, maximum=3.141592653589793, name='tilt_2', latex_label='$\\theta_2$', unit=None, boundary=None)
14:01 bilby INFO    : phi_12=Uniform(minimum=0, maximum=6.283185307179586, name='phi_12', latex_label='$\\Delta\\phi$', unit=None, boundary='periodic')
14:01 bilby INFO    : phi_jl=Uniform(minimum=0, maximum=6.283185307179586, name='phi_jl', latex_label='$\\phi_{JL}$', unit=None, boundary='periodic')
14:01 bilby INFO    : mass_1=Constraint(minimum=20.471250451340048, maximum=40.47125045134005, name='mass_1', latex_label='$m_1$', unit=None)
14:01 bilby INFO    : mass_2=Constraint(minimum=13.237606722505465, maximum=33.23760672250546, name='mass_2', latex_label='$m_2$', unit=None)
14:01 bilby INFO    : ra=5.6237272496
14:01 bilby INFO    : dec=3.0317753557
14:01 bilby INFO    : geocent_time=1126259642.413
14:01 bilby INFO    : phase=1.8188450865
14:01 bilby INFO    : psi=0.9874308976
14:01 bilby INFO    : luminosity_distance=722.8313722642
14:01 bilby INFO    : theta_jn=0.5887266341308649
14:01 bilby INFO    : Analysis likelihood class: <class 'bilby.gw.likelihood.base.GravitationalWaveTransient'>
14:01 bilby INFO    : Analysis likelihood noise evidence: -24252.515569036164
14:01 bilby INFO    : Single likelihood evaluation took 5.868e-02 s
14:01 bilby INFO    : Using sampler Dynesty with kwargs {'nlive': 2000, 'bound': 'live', 'sample': 'act-walk', 'periodic': None, 'reflective': None, 'update_interval': 600, 'first_update': None, 'npdim': None, 'rstate': None, 'queue_size': 8, 'pool': None, 'use_pool': None, 'live_points': None, 'logl_args': None, 'logl_kwargs': None, 'ptform_args': None, 'ptform_kwargs': None, 'gradient': None, 'grad_args': None, 'grad_kwargs': None, 'compute_jac': False, 'enlarge': None, 'bootstrap': None, 'walks': 100, 'facc': 0.2, 'slices': None, 'fmove': 0.9, 'max_move': 100, 'update_func': None, 'ncdim': None, 'blob': False, 'save_history': False, 'history_filename': None, 'maxiter': None, 'maxcall': None, 'dlogz': 0.1, 'logl_max': inf, 'n_effective': None, 'add_live': True, 'print_progress': True, 'print_func': <bound method Dynesty._print_func of <bilby.core.sampler.dynesty.Dynesty object at 0x1495f3621400>>, 'save_bounds': False, 'checkpoint_file': None, 'checkpoint_every': 60, 'resume': False}
14:01 bilby INFO    : Checkpoint every check_point_delta_t = 600s
14:01 bilby INFO    : Using dynesty version 2.1.0
14:01 bilby INFO    : Using the bilby-implemented rwalk sampling tracking the autocorrelation function and thinning by 5 with maximum length 25000
14:01 bilby INFO    : Setting up multiproccesing pool with 8 processes
14:01 bilby INFO    : Reading resume file /home/simona.miller/comp-spin-mock-injections/Data/IndividualInferenceOutput/new_bilby/population2_mediumSpin_highmass/job_00445_fixedExtrinsic_resume.pickle
14:01 bilby INFO    : Resume file successfully loaded.
14:43 bilby INFO    : Written checkpoint file /home/simona.miller/comp-spin-mock-injections/Data/IndividualInferenceOutput/new_bilby/population2_mediumSpin_highmass/job_00445_fixedExtrinsic_resume.pickle
15:15 bilby INFO    : Written checkpoint file /home/simona.miller/comp-spin-mock-injections/Data/IndividualInferenceOutput/new_bilby/population2_mediumSpin_highmass/job_00445_fixedExtrinsic_resume.pickle
15:42 bilby INFO    : Written checkpoint file /home/simona.miller/comp-spin-mock-injections/Data/IndividualInferenceOutput/new_bilby/population2_mediumSpin_highmass/job_00445_fixedExtrinsic_resume.pickle
16:22 bilby INFO    : Written checkpoint file /home/simona.miller/comp-spin-mock-injections/Data/IndividualInferenceOutput/new_bilby/population2_mediumSpin_highmass/job_00445_fixedExtrinsic_resume.pickle
16:40 bilby INFO    : Written checkpoint file /home/simona.miller/comp-spin-mock-injections/Data/IndividualInferenceOutput/new_bilby/population2_mediumSpin_highmass/job_00445_fixedExtrinsic_resume.pickle
17:21 bilby INFO    : Written checkpoint file /home/simona.miller/comp-spin-mock-injections/Data/IndividualInferenceOutput/new_bilby/population2_mediumSpin_highmass/job_00445_fixedExtrinsic_resume.pickle
18:07 bilby INFO    : Written checkpoint file /home/simona.miller/comp-spin-mock-injections/Data/IndividualInferenceOutput/new_bilby/population2_mediumSpin_highmass/job_00445_fixedExtrinsic_resume.pickle
18:34 bilby INFO    : Written checkpoint file /home/simona.miller/comp-spin-mock-injections/Data/IndividualInferenceOutput/new_bilby/population2_mediumSpin_highmass/job_00445_fixedExtrinsic_resume.pickle
18:58 bilby INFO    : Written checkpoint file /home/simona.miller/comp-spin-mock-injections/Data/IndividualInferenceOutput/new_bilby/population2_mediumSpin_highmass/job_00445_fixedExtrinsic_resume.pickle
19:19 bilby INFO    : Written checkpoint file /home/simona.miller/comp-spin-mock-injections/Data/IndividualInferenceOutput/new_bilby/population2_mediumSpin_highmass/job_00445_fixedExtrinsic_resume.pickle
19:38 bilby INFO    : Written checkpoint file /home/simona.miller/comp-spin-mock-injections/Data/IndividualInferenceOutput/new_bilby/population2_mediumSpin_highmass/job_00445_fixedExtrinsic_resume.pickle
20:00 bilby INFO    : Written checkpoint file /home/simona.miller/comp-spin-mock-injections/Data/IndividualInferenceOutput/new_bilby/population2_mediumSpin_highmass/job_00445_fixedExtrinsic_resume.pickle
20:20 bilby INFO    : Written checkpoint file /home/simona.miller/comp-spin-mock-injections/Data/IndividualInferenceOutput/new_bilby/population2_mediumSpin_highmass/job_00445_fixedExtrinsic_resume.pickle
21:09 bilby INFO    : Written checkpoint file /home/simona.miller/comp-spin-mock-injections/Data/IndividualInferenceOutput/new_bilby/population2_mediumSpin_highmass/job_00445_fixedExtrinsic_resume.pickle
21:45 bilby INFO    : Written checkpoint file /home/simona.miller/comp-spin-mock-injections/Data/IndividualInferenceOutput/new_bilby/population2_mediumSpin_highmass/job_00445_fixedExtrinsic_resume.pickle
22:07 bilby INFO    : Written checkpoint file /home/simona.miller/comp-spin-mock-injections/Data/IndividualInferenceOutput/new_bilby/population2_mediumSpin_highmass/job_00445_fixedExtrinsic_resume.pickle
22:48 bilby INFO    : Written checkpoint file /home/simona.miller/comp-spin-mock-injections/Data/IndividualInferenceOutput/new_bilby/population2_mediumSpin_highmass/job_00445_fixedExtrinsic_resume.pickle
23:10 bilby INFO    : Written checkpoint file /home/simona.miller/comp-spin-mock-injections/Data/IndividualInferenceOutput/new_bilby/population2_mediumSpin_highmass/job_00445_fixedExtrinsic_resume.pickle
23:45 bilby INFO    : Written checkpoint file /home/simona.miller/comp-spin-mock-injections/Data/IndividualInferenceOutput/new_bilby/population2_mediumSpin_highmass/job_00445_fixedExtrinsic_resume.pickle
00:00 bilby INFO    : Written checkpoint file /home/simona.miller/comp-spin-mock-injections/Data/IndividualInferenceOutput/new_bilby/population2_mediumSpin_highmass/job_00445_fixedExtrinsic_resume.pickle
00:43 bilby INFO    : Written checkpoint file /home/simona.miller/comp-spin-mock-injections/Data/IndividualInferenceOutput/new_bilby/population2_mediumSpin_highmass/job_00445_fixedExtrinsic_resume.pickle
01:15 bilby INFO    : Written checkpoint file /home/simona.miller/comp-spin-mock-injections/Data/IndividualInferenceOutput/new_bilby/population2_mediumSpin_highmass/job_00445_fixedExtrinsic_resume.pickle
02:07 bilby INFO    : Written checkpoint file /home/simona.miller/comp-spin-mock-injections/Data/IndividualInferenceOutput/new_bilby/population2_mediumSpin_highmass/job_00445_fixedExtrinsic_resume.pickle
02:36 bilby INFO    : Written checkpoint file /home/simona.miller/comp-spin-mock-injections/Data/IndividualInferenceOutput/new_bilby/population2_mediumSpin_highmass/job_00445_fixedExtrinsic_resume.pickle
03:19 bilby INFO    : Written checkpoint file /home/simona.miller/comp-spin-mock-injections/Data/IndividualInferenceOutput/new_bilby/population2_mediumSpin_highmass/job_00445_fixedExtrinsic_resume.pickle
03:54 bilby INFO    : Written checkpoint file /home/simona.miller/comp-spin-mock-injections/Data/IndividualInferenceOutput/new_bilby/population2_mediumSpin_highmass/job_00445_fixedExtrinsic_resume.pickle
04:20 bilby INFO    : Written checkpoint file /home/simona.miller/comp-spin-mock-injections/Data/IndividualInferenceOutput/new_bilby/population2_mediumSpin_highmass/job_00445_fixedExtrinsic_resume.pickle
04:36 bilby INFO    : Written checkpoint file /home/simona.miller/comp-spin-mock-injections/Data/IndividualInferenceOutput/new_bilby/population2_mediumSpin_highmass/job_00445_fixedExtrinsic_resume.pickle
05:09 bilby INFO    : Written checkpoint file /home/simona.miller/comp-spin-mock-injections/Data/IndividualInferenceOutput/new_bilby/population2_mediumSpin_highmass/job_00445_fixedExtrinsic_resume.pickle
05:33 bilby INFO    : Written checkpoint file /home/simona.miller/comp-spin-mock-injections/Data/IndividualInferenceOutput/new_bilby/population2_mediumSpin_highmass/job_00445_fixedExtrinsic_resume.pickle
05:57 bilby INFO    : Written checkpoint file /home/simona.miller/comp-spin-mock-injections/Data/IndividualInferenceOutput/new_bilby/population2_mediumSpin_highmass/job_00445_fixedExtrinsic_resume.pickle
06:44 bilby INFO    : Written checkpoint file /home/simona.miller/comp-spin-mock-injections/Data/IndividualInferenceOutput/new_bilby/population2_mediumSpin_highmass/job_00445_fixedExtrinsic_resume.pickle
07:27 bilby INFO    : Written checkpoint file /home/simona.miller/comp-spin-mock-injections/Data/IndividualInferenceOutput/new_bilby/population2_mediumSpin_highmass/job_00445_fixedExtrinsic_resume.pickle
07:29 bilby INFO    : Written checkpoint file /home/simona.miller/comp-spin-mock-injections/Data/IndividualInferenceOutput/new_bilby/population2_mediumSpin_highmass/job_00445_fixedExtrinsic_resume.pickle
07:29 bilby INFO    : Starting to close worker pool.
07:29 bilby INFO    : Finished closing worker pool.
07:30 bilby INFO    : Rejection sampling nested samples to obtain 8203 posterior samples
07:30 bilby INFO    : Sampling time: 3 days, 15:28:23.575557
07:31 bilby INFO    : Computing per-detector log likelihoods.
07:31 bilby INFO    : Using a pool with size 8 for nsamples=8203
07:32 bilby INFO    : Generating sky frame parameters.
07:32 bilby INFO    : Computing SNRs for every sample.
07:32 bilby INFO    : Using a pool with size 8 for nsamples=8203
07:32 bilby INFO    : Summary of results:
nsamples: 8203
ln_noise_evidence: -24252.516
ln_evidence: -24088.223 +/-  0.078
ln_bayes_factor: 164.293 +/-  0.078

