14:23 bilby INFO    : Waveform generator initiated with
  frequency_domain_source_model: bilby.gw.source.lal_binary_black_hole
  time_domain_source_model: None
  parameter_conversion: bilby.gw.conversion.convert_to_lal_binary_black_hole_parameters
14:23 bilby INFO    : Injected signal in H1:
14:23 bilby INFO    :   optimal SNR = 17.72
14:23 bilby INFO    :   matched filter SNR = 16.59+1.08j
14:23 bilby INFO    :   mass_1 = 72.71850411698901
14:23 bilby INFO    :   mass_2 = 45.58152293402018
14:23 bilby INFO    :   a_1 = 0.18593404779285125
14:23 bilby INFO    :   a_2 = 0.4904669508531455
14:23 bilby INFO    :   tilt_1 = 0.5271594292003765
14:23 bilby INFO    :   tilt_2 = 0.8086625630283943
14:23 bilby INFO    :   phi_12 = 0.2082997226767458
14:23 bilby INFO    :   phi_jl = 3.0884686801509527
14:23 bilby INFO    :   luminosity_distance = 942.9704702717
14:23 bilby INFO    :   theta_jn = 2.3659676785026846
14:23 bilby INFO    :   psi = 3.9172735548
14:23 bilby INFO    :   phase = 1.313121111
14:23 bilby INFO    :   geocent_time = 1126259642.413
14:23 bilby INFO    :   ra = 5.0479392587
14:23 bilby INFO    :   dec = 3.9951163221
14:23 bilby INFO    : Injected signal in L1:
14:23 bilby INFO    :   optimal SNR = 15.24
14:23 bilby INFO    :   matched filter SNR = 16.99+0.57j
14:23 bilby INFO    :   mass_1 = 72.71850411698901
14:23 bilby INFO    :   mass_2 = 45.58152293402018
14:23 bilby INFO    :   a_1 = 0.18593404779285125
14:23 bilby INFO    :   a_2 = 0.4904669508531455
14:23 bilby INFO    :   tilt_1 = 0.5271594292003765
14:23 bilby INFO    :   tilt_2 = 0.8086625630283943
14:23 bilby INFO    :   phi_12 = 0.2082997226767458
14:23 bilby INFO    :   phi_jl = 3.0884686801509527
14:23 bilby INFO    :   luminosity_distance = 942.9704702717
14:23 bilby INFO    :   theta_jn = 2.3659676785026846
14:23 bilby INFO    :   psi = 3.9172735548
14:23 bilby INFO    :   phase = 1.313121111
14:23 bilby INFO    :   geocent_time = 1126259642.413
14:23 bilby INFO    :   ra = 5.0479392587
14:23 bilby INFO    :   dec = 3.9951163221
14:23 bilby INFO    : Injected signal in V1:
14:23 bilby INFO    :   optimal SNR = 7.12
14:23 bilby INFO    :   matched filter SNR = 6.80+0.22j
14:23 bilby INFO    :   mass_1 = 72.71850411698901
14:23 bilby INFO    :   mass_2 = 45.58152293402018
14:23 bilby INFO    :   a_1 = 0.18593404779285125
14:23 bilby INFO    :   a_2 = 0.4904669508531455
14:23 bilby INFO    :   tilt_1 = 0.5271594292003765
14:23 bilby INFO    :   tilt_2 = 0.8086625630283943
14:23 bilby INFO    :   phi_12 = 0.2082997226767458
14:23 bilby INFO    :   phi_jl = 3.0884686801509527
14:23 bilby INFO    :   luminosity_distance = 942.9704702717
14:23 bilby INFO    :   theta_jn = 2.3659676785026846
14:23 bilby INFO    :   psi = 3.9172735548
14:23 bilby INFO    :   phase = 1.313121111
14:23 bilby INFO    :   geocent_time = 1126259642.413
14:23 bilby INFO    :   ra = 5.0479392587
14:23 bilby INFO    :   dec = 3.9951163221
14:23 bilby INFO    : Running for label 'job_00508_justSpin', output will be saved to '/home/simona.miller/comp-spin-mock-injections/Data/IndividualInferenceOutput/new_bilby/population2_mediumSpin_highmass'
14:23 bilby INFO    : Using lal version 7.3.0
14:23 bilby INFO    : Using lal git version Branch: None;Tag: lalsuite-v7.13;Id: ec1fcb1d2d1dab69321fdb8f0afef1f867b11e06;;Builder: Unknown User <>;Repository status: UNCLEAN: Modified working tree
14:23 bilby INFO    : Using lalsimulation version 5.0.0
14:23 bilby INFO    : Using lalsimulation git version Branch: None;Tag: lalsuite-v7.13;Id: ec1fcb1d2d1dab69321fdb8f0afef1f867b11e06;;Builder: Unknown User <>;Repository status: UNCLEAN: Modified working tree
14:23 bilby INFO    : Analysis priors:
14:23 bilby INFO    : a_1=Uniform(minimum=0, maximum=0.99, name='a_1', latex_label='$a_1$', unit=None, boundary=None)
14:23 bilby INFO    : a_2=Uniform(minimum=0, maximum=0.99, name='a_2', latex_label='$a_2$', unit=None, boundary=None)
14:23 bilby INFO    : tilt_1=Sine(minimum=0, maximum=3.141592653589793, name='tilt_1', latex_label='$\\theta_1$', unit=None, boundary=None)
14:23 bilby INFO    : tilt_2=Sine(minimum=0, maximum=3.141592653589793, name='tilt_2', latex_label='$\\theta_2$', unit=None, boundary=None)
14:23 bilby INFO    : ra=5.0479392587
14:23 bilby INFO    : dec=3.9951163221
14:23 bilby INFO    : geocent_time=1126259642.413
14:23 bilby INFO    : phase=1.313121111
14:23 bilby INFO    : psi=3.9172735548
14:23 bilby INFO    : luminosity_distance=942.9704702717
14:23 bilby INFO    : theta_jn=2.3659676785026846
14:23 bilby INFO    : mass_1=72.71850411698901
14:23 bilby INFO    : mass_2=45.58152293402018
14:23 bilby INFO    : phi_12=0.2082997226767458
14:23 bilby INFO    : phi_jl=3.0884686801509527
14:23 bilby INFO    : Analysis likelihood class: <class 'bilby.gw.likelihood.base.GravitationalWaveTransient'>
14:23 bilby INFO    : Analysis likelihood noise evidence: -24104.177249064287
14:23 bilby INFO    : Single likelihood evaluation took 1.687e-02 s
14:23 bilby INFO    : Using sampler Dynesty with kwargs {'nlive': 2000, 'bound': 'live', 'sample': 'act-walk', 'periodic': None, 'reflective': None, 'update_interval': 600, 'first_update': None, 'npdim': None, 'rstate': None, 'queue_size': 8, 'pool': None, 'use_pool': None, 'live_points': None, 'logl_args': None, 'logl_kwargs': None, 'ptform_args': None, 'ptform_kwargs': None, 'gradient': None, 'grad_args': None, 'grad_kwargs': None, 'compute_jac': False, 'enlarge': None, 'bootstrap': None, 'walks': 100, 'facc': 0.2, 'slices': None, 'fmove': 0.9, 'max_move': 100, 'update_func': None, 'ncdim': None, 'blob': False, 'save_history': False, 'history_filename': None, 'maxiter': None, 'maxcall': None, 'dlogz': 0.1, 'logl_max': inf, 'n_effective': None, 'add_live': True, 'print_progress': True, 'print_func': <bound method Dynesty._print_func of <bilby.core.sampler.dynesty.Dynesty object at 0x14d03e3fbeb0>>, 'save_bounds': False, 'checkpoint_file': None, 'checkpoint_every': 60, 'resume': False}
14:23 bilby INFO    : Checkpoint every check_point_delta_t = 600s
14:23 bilby INFO    : Using dynesty version 2.1.0
14:23 bilby INFO    : Using the bilby-implemented rwalk sampling tracking the autocorrelation function and thinning by 5 with maximum length 25000
14:23 bilby INFO    : Setting up multiproccesing pool with 8 processes
14:23 bilby INFO    : Resume file /home/simona.miller/comp-spin-mock-injections/Data/IndividualInferenceOutput/new_bilby/population2_mediumSpin_highmass/job_00508_justSpin_resume.pickle does not exist.
14:23 bilby INFO    : Generating initial points from the prior
14:35 bilby INFO    : Written checkpoint file /home/simona.miller/comp-spin-mock-injections/Data/IndividualInferenceOutput/new_bilby/population2_mediumSpin_highmass/job_00508_justSpin_resume.pickle
14:47 bilby INFO    : Written checkpoint file /home/simona.miller/comp-spin-mock-injections/Data/IndividualInferenceOutput/new_bilby/population2_mediumSpin_highmass/job_00508_justSpin_resume.pickle
14:59 bilby INFO    : Written checkpoint file /home/simona.miller/comp-spin-mock-injections/Data/IndividualInferenceOutput/new_bilby/population2_mediumSpin_highmass/job_00508_justSpin_resume.pickle
15:10 bilby INFO    : Written checkpoint file /home/simona.miller/comp-spin-mock-injections/Data/IndividualInferenceOutput/new_bilby/population2_mediumSpin_highmass/job_00508_justSpin_resume.pickle
15:22 bilby INFO    : Written checkpoint file /home/simona.miller/comp-spin-mock-injections/Data/IndividualInferenceOutput/new_bilby/population2_mediumSpin_highmass/job_00508_justSpin_resume.pickle
15:35 bilby INFO    : Written checkpoint file /home/simona.miller/comp-spin-mock-injections/Data/IndividualInferenceOutput/new_bilby/population2_mediumSpin_highmass/job_00508_justSpin_resume.pickle
15:46 bilby INFO    : Written checkpoint file /home/simona.miller/comp-spin-mock-injections/Data/IndividualInferenceOutput/new_bilby/population2_mediumSpin_highmass/job_00508_justSpin_resume.pickle
15:57 bilby INFO    : Written checkpoint file /home/simona.miller/comp-spin-mock-injections/Data/IndividualInferenceOutput/new_bilby/population2_mediumSpin_highmass/job_00508_justSpin_resume.pickle
16:09 bilby INFO    : Written checkpoint file /home/simona.miller/comp-spin-mock-injections/Data/IndividualInferenceOutput/new_bilby/population2_mediumSpin_highmass/job_00508_justSpin_resume.pickle
16:38 bilby INFO    : Written checkpoint file /home/simona.miller/comp-spin-mock-injections/Data/IndividualInferenceOutput/new_bilby/population2_mediumSpin_highmass/job_00508_justSpin_resume.pickle
16:48 bilby INFO    : Written checkpoint file /home/simona.miller/comp-spin-mock-injections/Data/IndividualInferenceOutput/new_bilby/population2_mediumSpin_highmass/job_00508_justSpin_resume.pickle
17:00 bilby INFO    : Written checkpoint file /home/simona.miller/comp-spin-mock-injections/Data/IndividualInferenceOutput/new_bilby/population2_mediumSpin_highmass/job_00508_justSpin_resume.pickle
17:11 bilby INFO    : Written checkpoint file /home/simona.miller/comp-spin-mock-injections/Data/IndividualInferenceOutput/new_bilby/population2_mediumSpin_highmass/job_00508_justSpin_resume.pickle
17:23 bilby INFO    : Written checkpoint file /home/simona.miller/comp-spin-mock-injections/Data/IndividualInferenceOutput/new_bilby/population2_mediumSpin_highmass/job_00508_justSpin_resume.pickle
17:38 bilby INFO    : Written checkpoint file /home/simona.miller/comp-spin-mock-injections/Data/IndividualInferenceOutput/new_bilby/population2_mediumSpin_highmass/job_00508_justSpin_resume.pickle
17:53 bilby INFO    : Written checkpoint file /home/simona.miller/comp-spin-mock-injections/Data/IndividualInferenceOutput/new_bilby/population2_mediumSpin_highmass/job_00508_justSpin_resume.pickle
18:07 bilby INFO    : Written checkpoint file /home/simona.miller/comp-spin-mock-injections/Data/IndividualInferenceOutput/new_bilby/population2_mediumSpin_highmass/job_00508_justSpin_resume.pickle
18:22 bilby INFO    : Written checkpoint file /home/simona.miller/comp-spin-mock-injections/Data/IndividualInferenceOutput/new_bilby/population2_mediumSpin_highmass/job_00508_justSpin_resume.pickle
18:33 bilby INFO    : Written checkpoint file /home/simona.miller/comp-spin-mock-injections/Data/IndividualInferenceOutput/new_bilby/population2_mediumSpin_highmass/job_00508_justSpin_resume.pickle
18:52 bilby INFO    : Written checkpoint file /home/simona.miller/comp-spin-mock-injections/Data/IndividualInferenceOutput/new_bilby/population2_mediumSpin_highmass/job_00508_justSpin_resume.pickle
19:02 bilby INFO    : Written checkpoint file /home/simona.miller/comp-spin-mock-injections/Data/IndividualInferenceOutput/new_bilby/population2_mediumSpin_highmass/job_00508_justSpin_resume.pickle
19:17 bilby INFO    : Written checkpoint file /home/simona.miller/comp-spin-mock-injections/Data/IndividualInferenceOutput/new_bilby/population2_mediumSpin_highmass/job_00508_justSpin_resume.pickle
19:35 bilby INFO    : Written checkpoint file /home/simona.miller/comp-spin-mock-injections/Data/IndividualInferenceOutput/new_bilby/population2_mediumSpin_highmass/job_00508_justSpin_resume.pickle
19:46 bilby INFO    : Written checkpoint file /home/simona.miller/comp-spin-mock-injections/Data/IndividualInferenceOutput/new_bilby/population2_mediumSpin_highmass/job_00508_justSpin_resume.pickle
20:01 bilby INFO    : Written checkpoint file /home/simona.miller/comp-spin-mock-injections/Data/IndividualInferenceOutput/new_bilby/population2_mediumSpin_highmass/job_00508_justSpin_resume.pickle
20:18 bilby INFO    : Written checkpoint file /home/simona.miller/comp-spin-mock-injections/Data/IndividualInferenceOutput/new_bilby/population2_mediumSpin_highmass/job_00508_justSpin_resume.pickle
20:31 bilby INFO    : Written checkpoint file /home/simona.miller/comp-spin-mock-injections/Data/IndividualInferenceOutput/new_bilby/population2_mediumSpin_highmass/job_00508_justSpin_resume.pickle
20:44 bilby INFO    : Written checkpoint file /home/simona.miller/comp-spin-mock-injections/Data/IndividualInferenceOutput/new_bilby/population2_mediumSpin_highmass/job_00508_justSpin_resume.pickle
20:55 bilby INFO    : Written checkpoint file /home/simona.miller/comp-spin-mock-injections/Data/IndividualInferenceOutput/new_bilby/population2_mediumSpin_highmass/job_00508_justSpin_resume.pickle
21:08 bilby INFO    : Written checkpoint file /home/simona.miller/comp-spin-mock-injections/Data/IndividualInferenceOutput/new_bilby/population2_mediumSpin_highmass/job_00508_justSpin_resume.pickle
21:20 bilby INFO    : Written checkpoint file /home/simona.miller/comp-spin-mock-injections/Data/IndividualInferenceOutput/new_bilby/population2_mediumSpin_highmass/job_00508_justSpin_resume.pickle
21:32 bilby INFO    : Written checkpoint file /home/simona.miller/comp-spin-mock-injections/Data/IndividualInferenceOutput/new_bilby/population2_mediumSpin_highmass/job_00508_justSpin_resume.pickle
21:44 bilby INFO    : Written checkpoint file /home/simona.miller/comp-spin-mock-injections/Data/IndividualInferenceOutput/new_bilby/population2_mediumSpin_highmass/job_00508_justSpin_resume.pickle
21:54 bilby INFO    : Written checkpoint file /home/simona.miller/comp-spin-mock-injections/Data/IndividualInferenceOutput/new_bilby/population2_mediumSpin_highmass/job_00508_justSpin_resume.pickle
22:05 bilby INFO    : Written checkpoint file /home/simona.miller/comp-spin-mock-injections/Data/IndividualInferenceOutput/new_bilby/population2_mediumSpin_highmass/job_00508_justSpin_resume.pickle
22:16 bilby INFO    : Written checkpoint file /home/simona.miller/comp-spin-mock-injections/Data/IndividualInferenceOutput/new_bilby/population2_mediumSpin_highmass/job_00508_justSpin_resume.pickle
22:26 bilby INFO    : Written checkpoint file /home/simona.miller/comp-spin-mock-injections/Data/IndividualInferenceOutput/new_bilby/population2_mediumSpin_highmass/job_00508_justSpin_resume.pickle
22:41 bilby INFO    : Written checkpoint file /home/simona.miller/comp-spin-mock-injections/Data/IndividualInferenceOutput/new_bilby/population2_mediumSpin_highmass/job_00508_justSpin_resume.pickle
22:54 bilby INFO    : Written checkpoint file /home/simona.miller/comp-spin-mock-injections/Data/IndividualInferenceOutput/new_bilby/population2_mediumSpin_highmass/job_00508_justSpin_resume.pickle
23:05 bilby INFO    : Written checkpoint file /home/simona.miller/comp-spin-mock-injections/Data/IndividualInferenceOutput/new_bilby/population2_mediumSpin_highmass/job_00508_justSpin_resume.pickle
23:16 bilby INFO    : Written checkpoint file /home/simona.miller/comp-spin-mock-injections/Data/IndividualInferenceOutput/new_bilby/population2_mediumSpin_highmass/job_00508_justSpin_resume.pickle
23:27 bilby INFO    : Written checkpoint file /home/simona.miller/comp-spin-mock-injections/Data/IndividualInferenceOutput/new_bilby/population2_mediumSpin_highmass/job_00508_justSpin_resume.pickle
23:40 bilby INFO    : Written checkpoint file /home/simona.miller/comp-spin-mock-injections/Data/IndividualInferenceOutput/new_bilby/population2_mediumSpin_highmass/job_00508_justSpin_resume.pickle
23:53 bilby INFO    : Written checkpoint file /home/simona.miller/comp-spin-mock-injections/Data/IndividualInferenceOutput/new_bilby/population2_mediumSpin_highmass/job_00508_justSpin_resume.pickle
00:03 bilby INFO    : Written checkpoint file /home/simona.miller/comp-spin-mock-injections/Data/IndividualInferenceOutput/new_bilby/population2_mediumSpin_highmass/job_00508_justSpin_resume.pickle
00:14 bilby INFO    : Written checkpoint file /home/simona.miller/comp-spin-mock-injections/Data/IndividualInferenceOutput/new_bilby/population2_mediumSpin_highmass/job_00508_justSpin_resume.pickle
00:37 bilby INFO    : Written checkpoint file /home/simona.miller/comp-spin-mock-injections/Data/IndividualInferenceOutput/new_bilby/population2_mediumSpin_highmass/job_00508_justSpin_resume.pickle
00:48 bilby INFO    : Written checkpoint file /home/simona.miller/comp-spin-mock-injections/Data/IndividualInferenceOutput/new_bilby/population2_mediumSpin_highmass/job_00508_justSpin_resume.pickle
00:59 bilby INFO    : Written checkpoint file /home/simona.miller/comp-spin-mock-injections/Data/IndividualInferenceOutput/new_bilby/population2_mediumSpin_highmass/job_00508_justSpin_resume.pickle
01:10 bilby INFO    : Written checkpoint file /home/simona.miller/comp-spin-mock-injections/Data/IndividualInferenceOutput/new_bilby/population2_mediumSpin_highmass/job_00508_justSpin_resume.pickle
01:24 bilby INFO    : Written checkpoint file /home/simona.miller/comp-spin-mock-injections/Data/IndividualInferenceOutput/new_bilby/population2_mediumSpin_highmass/job_00508_justSpin_resume.pickle
01:36 bilby INFO    : Written checkpoint file /home/simona.miller/comp-spin-mock-injections/Data/IndividualInferenceOutput/new_bilby/population2_mediumSpin_highmass/job_00508_justSpin_resume.pickle
01:48 bilby INFO    : Written checkpoint file /home/simona.miller/comp-spin-mock-injections/Data/IndividualInferenceOutput/new_bilby/population2_mediumSpin_highmass/job_00508_justSpin_resume.pickle
01:58 bilby INFO    : Written checkpoint file /home/simona.miller/comp-spin-mock-injections/Data/IndividualInferenceOutput/new_bilby/population2_mediumSpin_highmass/job_00508_justSpin_resume.pickle
02:17 bilby INFO    : Written checkpoint file /home/simona.miller/comp-spin-mock-injections/Data/IndividualInferenceOutput/new_bilby/population2_mediumSpin_highmass/job_00508_justSpin_resume.pickle
02:28 bilby INFO    : Written checkpoint file /home/simona.miller/comp-spin-mock-injections/Data/IndividualInferenceOutput/new_bilby/population2_mediumSpin_highmass/job_00508_justSpin_resume.pickle
02:47 bilby INFO    : Written checkpoint file /home/simona.miller/comp-spin-mock-injections/Data/IndividualInferenceOutput/new_bilby/population2_mediumSpin_highmass/job_00508_justSpin_resume.pickle
03:00 bilby INFO    : Written checkpoint file /home/simona.miller/comp-spin-mock-injections/Data/IndividualInferenceOutput/new_bilby/population2_mediumSpin_highmass/job_00508_justSpin_resume.pickle
03:12 bilby INFO    : Written checkpoint file /home/simona.miller/comp-spin-mock-injections/Data/IndividualInferenceOutput/new_bilby/population2_mediumSpin_highmass/job_00508_justSpin_resume.pickle
03:23 bilby INFO    : Written checkpoint file /home/simona.miller/comp-spin-mock-injections/Data/IndividualInferenceOutput/new_bilby/population2_mediumSpin_highmass/job_00508_justSpin_resume.pickle
03:36 bilby INFO    : Written checkpoint file /home/simona.miller/comp-spin-mock-injections/Data/IndividualInferenceOutput/new_bilby/population2_mediumSpin_highmass/job_00508_justSpin_resume.pickle
03:50 bilby INFO    : Written checkpoint file /home/simona.miller/comp-spin-mock-injections/Data/IndividualInferenceOutput/new_bilby/population2_mediumSpin_highmass/job_00508_justSpin_resume.pickle
04:04 bilby INFO    : Written checkpoint file /home/simona.miller/comp-spin-mock-injections/Data/IndividualInferenceOutput/new_bilby/population2_mediumSpin_highmass/job_00508_justSpin_resume.pickle
04:05 bilby INFO    : Written checkpoint file /home/simona.miller/comp-spin-mock-injections/Data/IndividualInferenceOutput/new_bilby/population2_mediumSpin_highmass/job_00508_justSpin_resume.pickle
04:05 bilby INFO    : Starting to close worker pool.
04:05 bilby INFO    : Finished closing worker pool.
04:05 bilby INFO    : Rejection sampling nested samples to obtain 5754 posterior samples
04:05 bilby INFO    : Sampling time: 13:41:04.479740
04:05 bilby INFO    : Computing per-detector log likelihoods.
04:05 bilby INFO    : Using a pool with size 8 for nsamples=5754
04:06 bilby INFO    : Generating sky frame parameters.
04:06 bilby INFO    : Computing SNRs for every sample.
04:06 bilby INFO    : Using a pool with size 8 for nsamples=5754
04:06 bilby INFO    : Summary of results:
nsamples: 5754
ln_noise_evidence: -24104.177
ln_evidence: -23806.694 +/-  0.063
ln_bayes_factor: 297.484 +/-  0.063

