14:57 bilby INFO    : Waveform generator initiated with
  frequency_domain_source_model: bilby.gw.source.lal_binary_black_hole
  time_domain_source_model: None
  parameter_conversion: bilby.gw.conversion.convert_to_lal_binary_black_hole_parameters
14:57 bilby INFO    : Injected signal in H1:
14:57 bilby INFO    :   optimal SNR = 11.70
14:57 bilby INFO    :   matched filter SNR = 14.08-0.16j
14:57 bilby INFO    :   mass_1 = 27.954979692431742
14:57 bilby INFO    :   mass_2 = 26.03778929546965
14:57 bilby INFO    :   a_1 = 0.17730676289444064
14:57 bilby INFO    :   a_2 = 0.19312805102595465
14:57 bilby INFO    :   tilt_1 = 1.1535790729521305
14:57 bilby INFO    :   tilt_2 = 0.6466413211062062
14:57 bilby INFO    :   phi_12 = 3.231122391220268
14:57 bilby INFO    :   phi_jl = 3.3723175409688557
14:57 bilby INFO    :   luminosity_distance = 1037.1062980705
14:57 bilby INFO    :   theta_jn = 0.6669652562233988
14:57 bilby INFO    :   psi = 1.2692574627
14:57 bilby INFO    :   phase = 1.1649947112
14:57 bilby INFO    :   geocent_time = 1126259642.413
14:57 bilby INFO    :   ra = 4.0484412015
14:57 bilby INFO    :   dec = 2.9125023653
14:57 bilby INFO    : Injected signal in L1:
14:57 bilby INFO    :   optimal SNR = 17.83
14:57 bilby INFO    :   matched filter SNR = 17.14-0.04j
14:57 bilby INFO    :   mass_1 = 27.954979692431742
14:57 bilby INFO    :   mass_2 = 26.03778929546965
14:57 bilby INFO    :   a_1 = 0.17730676289444064
14:57 bilby INFO    :   a_2 = 0.19312805102595465
14:57 bilby INFO    :   tilt_1 = 1.1535790729521305
14:57 bilby INFO    :   tilt_2 = 0.6466413211062062
14:57 bilby INFO    :   phi_12 = 3.231122391220268
14:57 bilby INFO    :   phi_jl = 3.3723175409688557
14:57 bilby INFO    :   luminosity_distance = 1037.1062980705
14:57 bilby INFO    :   theta_jn = 0.6669652562233988
14:57 bilby INFO    :   psi = 1.2692574627
14:57 bilby INFO    :   phase = 1.1649947112
14:57 bilby INFO    :   geocent_time = 1126259642.413
14:57 bilby INFO    :   ra = 4.0484412015
14:57 bilby INFO    :   dec = 2.9125023653
14:57 bilby INFO    : Injected signal in V1:
14:57 bilby INFO    :   optimal SNR = 3.41
14:57 bilby INFO    :   matched filter SNR = 2.76+0.66j
14:57 bilby INFO    :   mass_1 = 27.954979692431742
14:57 bilby INFO    :   mass_2 = 26.03778929546965
14:57 bilby INFO    :   a_1 = 0.17730676289444064
14:57 bilby INFO    :   a_2 = 0.19312805102595465
14:57 bilby INFO    :   tilt_1 = 1.1535790729521305
14:57 bilby INFO    :   tilt_2 = 0.6466413211062062
14:57 bilby INFO    :   phi_12 = 3.231122391220268
14:57 bilby INFO    :   phi_jl = 3.3723175409688557
14:57 bilby INFO    :   luminosity_distance = 1037.1062980705
14:57 bilby INFO    :   theta_jn = 0.6669652562233988
14:57 bilby INFO    :   psi = 1.2692574627
14:57 bilby INFO    :   phase = 1.1649947112
14:57 bilby INFO    :   geocent_time = 1126259642.413
14:57 bilby INFO    :   ra = 4.0484412015
14:57 bilby INFO    :   dec = 2.9125023653
14:57 bilby INFO    : Running for label 'job_00455_fixedExtrinsic', output will be saved to '/home/simona.miller/comp-spin-mock-injections/Data/IndividualInferenceOutput/new_bilby/population2_mediumSpin_highmass'
14:57 bilby INFO    : Using lal version 7.3.0
14:57 bilby INFO    : Using lal git version Branch: None;Tag: lalsuite-v7.13;Id: ec1fcb1d2d1dab69321fdb8f0afef1f867b11e06;;Builder: Unknown User <>;Repository status: UNCLEAN: Modified working tree
14:57 bilby INFO    : Using lalsimulation version 5.0.0
14:57 bilby INFO    : Using lalsimulation git version Branch: None;Tag: lalsuite-v7.13;Id: ec1fcb1d2d1dab69321fdb8f0afef1f867b11e06;;Builder: Unknown User <>;Repository status: UNCLEAN: Modified working tree
14:57 bilby INFO    : Analysis priors:
14:57 bilby INFO    : chirp_mass=bilby.gw.prior.UniformInComponentsChirpMass(minimum=2, maximum=200, name='chirp_mass', latex_label='$\\mathcal{M}$', unit=None, boundary=None)
14:57 bilby INFO    : mass_ratio=bilby.gw.prior.UniformInComponentsMassRatio(minimum=0.05, maximum=1, name='mass_ratio', latex_label='$q$', unit=None, boundary=None, equal_mass=False)
14:57 bilby INFO    : a_1=Uniform(minimum=0, maximum=0.99, name='a_1', latex_label='$a_1$', unit=None, boundary=None)
14:57 bilby INFO    : a_2=Uniform(minimum=0, maximum=0.99, name='a_2', latex_label='$a_2$', unit=None, boundary=None)
14:57 bilby INFO    : tilt_1=Sine(minimum=0, maximum=3.141592653589793, name='tilt_1', latex_label='$\\theta_1$', unit=None, boundary=None)
14:57 bilby INFO    : tilt_2=Sine(minimum=0, maximum=3.141592653589793, name='tilt_2', latex_label='$\\theta_2$', unit=None, boundary=None)
14:57 bilby INFO    : phi_12=Uniform(minimum=0, maximum=6.283185307179586, name='phi_12', latex_label='$\\Delta\\phi$', unit=None, boundary='periodic')
14:57 bilby INFO    : phi_jl=Uniform(minimum=0, maximum=6.283185307179586, name='phi_jl', latex_label='$\\phi_{JL}$', unit=None, boundary='periodic')
14:57 bilby INFO    : mass_1=Constraint(minimum=17.954979692431742, maximum=37.95497969243174, name='mass_1', latex_label='$m_1$', unit=None)
14:57 bilby INFO    : mass_2=Constraint(minimum=16.03778929546965, maximum=36.03778929546965, name='mass_2', latex_label='$m_2$', unit=None)
14:57 bilby INFO    : ra=4.0484412015
14:57 bilby INFO    : dec=2.9125023653
14:57 bilby INFO    : geocent_time=1126259642.413
14:57 bilby INFO    : phase=1.1649947112
14:57 bilby INFO    : psi=1.2692574627
14:57 bilby INFO    : luminosity_distance=1037.1062980705
14:57 bilby INFO    : theta_jn=0.6669652562233988
14:57 bilby INFO    : Analysis likelihood class: <class 'bilby.gw.likelihood.base.GravitationalWaveTransient'>
14:57 bilby INFO    : Analysis likelihood noise evidence: -24233.964809530946
14:58 bilby INFO    : Single likelihood evaluation took 1.679e-01 s
14:58 bilby INFO    : Using sampler Dynesty with kwargs {'nlive': 2000, 'bound': 'live', 'sample': 'act-walk', 'periodic': None, 'reflective': None, 'update_interval': 600, 'first_update': None, 'npdim': None, 'rstate': None, 'queue_size': 8, 'pool': None, 'use_pool': None, 'live_points': None, 'logl_args': None, 'logl_kwargs': None, 'ptform_args': None, 'ptform_kwargs': None, 'gradient': None, 'grad_args': None, 'grad_kwargs': None, 'compute_jac': False, 'enlarge': None, 'bootstrap': None, 'walks': 100, 'facc': 0.2, 'slices': None, 'fmove': 0.9, 'max_move': 100, 'update_func': None, 'ncdim': None, 'blob': False, 'save_history': False, 'history_filename': None, 'maxiter': None, 'maxcall': None, 'dlogz': 0.1, 'logl_max': inf, 'n_effective': None, 'add_live': True, 'print_progress': True, 'print_func': <bound method Dynesty._print_func of <bilby.core.sampler.dynesty.Dynesty object at 0x146bc7ab3b50>>, 'save_bounds': False, 'checkpoint_file': None, 'checkpoint_every': 60, 'resume': False}
14:58 bilby INFO    : Checkpoint every check_point_delta_t = 600s
14:58 bilby INFO    : Using dynesty version 2.1.0
14:58 bilby INFO    : Using the bilby-implemented rwalk sampling tracking the autocorrelation function and thinning by 5 with maximum length 25000
14:58 bilby INFO    : Setting up multiproccesing pool with 8 processes
14:58 bilby INFO    : Reading resume file /home/simona.miller/comp-spin-mock-injections/Data/IndividualInferenceOutput/new_bilby/population2_mediumSpin_highmass/job_00455_fixedExtrinsic_resume.pickle
14:58 bilby INFO    : Resume file successfully loaded.
15:34 bilby INFO    : Written checkpoint file /home/simona.miller/comp-spin-mock-injections/Data/IndividualInferenceOutput/new_bilby/population2_mediumSpin_highmass/job_00455_fixedExtrinsic_resume.pickle
16:06 bilby INFO    : Written checkpoint file /home/simona.miller/comp-spin-mock-injections/Data/IndividualInferenceOutput/new_bilby/population2_mediumSpin_highmass/job_00455_fixedExtrinsic_resume.pickle
16:35 bilby INFO    : Written checkpoint file /home/simona.miller/comp-spin-mock-injections/Data/IndividualInferenceOutput/new_bilby/population2_mediumSpin_highmass/job_00455_fixedExtrinsic_resume.pickle
17:06 bilby INFO    : Written checkpoint file /home/simona.miller/comp-spin-mock-injections/Data/IndividualInferenceOutput/new_bilby/population2_mediumSpin_highmass/job_00455_fixedExtrinsic_resume.pickle
17:31 bilby INFO    : Written checkpoint file /home/simona.miller/comp-spin-mock-injections/Data/IndividualInferenceOutput/new_bilby/population2_mediumSpin_highmass/job_00455_fixedExtrinsic_resume.pickle
18:09 bilby INFO    : Written checkpoint file /home/simona.miller/comp-spin-mock-injections/Data/IndividualInferenceOutput/new_bilby/population2_mediumSpin_highmass/job_00455_fixedExtrinsic_resume.pickle
18:29 bilby INFO    : Written checkpoint file /home/simona.miller/comp-spin-mock-injections/Data/IndividualInferenceOutput/new_bilby/population2_mediumSpin_highmass/job_00455_fixedExtrinsic_resume.pickle
18:44 bilby INFO    : Written checkpoint file /home/simona.miller/comp-spin-mock-injections/Data/IndividualInferenceOutput/new_bilby/population2_mediumSpin_highmass/job_00455_fixedExtrinsic_resume.pickle
19:30 bilby INFO    : Written checkpoint file /home/simona.miller/comp-spin-mock-injections/Data/IndividualInferenceOutput/new_bilby/population2_mediumSpin_highmass/job_00455_fixedExtrinsic_resume.pickle
19:57 bilby INFO    : Written checkpoint file /home/simona.miller/comp-spin-mock-injections/Data/IndividualInferenceOutput/new_bilby/population2_mediumSpin_highmass/job_00455_fixedExtrinsic_resume.pickle
20:16 bilby INFO    : Written checkpoint file /home/simona.miller/comp-spin-mock-injections/Data/IndividualInferenceOutput/new_bilby/population2_mediumSpin_highmass/job_00455_fixedExtrinsic_resume.pickle
20:39 bilby INFO    : Written checkpoint file /home/simona.miller/comp-spin-mock-injections/Data/IndividualInferenceOutput/new_bilby/population2_mediumSpin_highmass/job_00455_fixedExtrinsic_resume.pickle
21:06 bilby INFO    : Written checkpoint file /home/simona.miller/comp-spin-mock-injections/Data/IndividualInferenceOutput/new_bilby/population2_mediumSpin_highmass/job_00455_fixedExtrinsic_resume.pickle
21:30 bilby INFO    : Written checkpoint file /home/simona.miller/comp-spin-mock-injections/Data/IndividualInferenceOutput/new_bilby/population2_mediumSpin_highmass/job_00455_fixedExtrinsic_resume.pickle
22:03 bilby INFO    : Written checkpoint file /home/simona.miller/comp-spin-mock-injections/Data/IndividualInferenceOutput/new_bilby/population2_mediumSpin_highmass/job_00455_fixedExtrinsic_resume.pickle
23:29 bilby INFO    : Written checkpoint file /home/simona.miller/comp-spin-mock-injections/Data/IndividualInferenceOutput/new_bilby/population2_mediumSpin_highmass/job_00455_fixedExtrinsic_resume.pickle
23:59 bilby INFO    : Written checkpoint file /home/simona.miller/comp-spin-mock-injections/Data/IndividualInferenceOutput/new_bilby/population2_mediumSpin_highmass/job_00455_fixedExtrinsic_resume.pickle
00:32 bilby INFO    : Written checkpoint file /home/simona.miller/comp-spin-mock-injections/Data/IndividualInferenceOutput/new_bilby/population2_mediumSpin_highmass/job_00455_fixedExtrinsic_resume.pickle
00:55 bilby INFO    : Written checkpoint file /home/simona.miller/comp-spin-mock-injections/Data/IndividualInferenceOutput/new_bilby/population2_mediumSpin_highmass/job_00455_fixedExtrinsic_resume.pickle
00:59 bilby INFO    : Written checkpoint file /home/simona.miller/comp-spin-mock-injections/Data/IndividualInferenceOutput/new_bilby/population2_mediumSpin_highmass/job_00455_fixedExtrinsic_resume.pickle
01:00 bilby INFO    : Starting to close worker pool.
01:00 bilby INFO    : Finished closing worker pool.
01:01 bilby INFO    : Rejection sampling nested samples to obtain 7517 posterior samples
01:01 bilby INFO    : Sampling time: 4 days, 7:39:51.127276
01:03 bilby INFO    : Computing per-detector log likelihoods.
01:03 bilby INFO    : Using a pool with size 8 for nsamples=7517
01:04 bilby INFO    : Generating sky frame parameters.
01:04 bilby INFO    : Computing SNRs for every sample.
01:04 bilby INFO    : Using a pool with size 8 for nsamples=7517
01:05 bilby INFO    : Summary of results:
nsamples: 7517
ln_noise_evidence: -24233.965
ln_evidence: -23995.002 +/-  0.079
ln_bayes_factor: 238.963 +/-  0.079

