000 (113449903.000.000) 2023-03-29 17:01:34 Job submitted from host: <10.14.0.160:9618?addrs=10.14.0.160-9618&alias=ldas-pcdev2.ligo.caltech.edu&noUDP&sock=schedd_7450_a8a7>
    DAG Node: 608
...
040 (113449903.000.000) 2023-03-29 17:41:03 Started transferring input files
	Transferring to host: <10.14.9.194:9618?addrs=10.14.9.194-9618&alias=node2194.cluster.ldas.cit&noUDP&sock=slot1_2_189911_3ac4_88956>
...
040 (113449903.000.000) 2023-03-29 17:41:03 Finished transferring input files
...
001 (113449903.000.000) 2023-03-29 17:41:04 Job executing on host: <10.14.9.194:9618?addrs=10.14.9.194-9618&alias=node2194.cluster.ldas.cit&noUDP&sock=startd_189641_87e3>
...
006 (113449903.000.000) 2023-03-29 17:41:04 Image size of job updated: 1
	0  -  MemoryUsage of job (MB)
	0  -  ResidentSetSize of job (KB)
...
040 (113449903.000.000) 2023-03-29 17:41:04 Started transferring output files
...
040 (113449903.000.000) 2023-03-29 17:41:04 Finished transferring output files
...
005 (113449903.000.000) 2023-03-29 17:41:04 Job terminated.
	(1) Normal termination (return value 127)
		Usr 0 00:00:00, Sys 0 00:00:00  -  Run Remote Usage
		Usr 0 00:00:00, Sys 0 00:00:00  -  Run Local Usage
		Usr 0 00:00:00, Sys 0 00:00:00  -  Total Remote Usage
		Usr 0 00:00:00, Sys 0 00:00:00  -  Total Local Usage
	407  -  Run Bytes Sent By Job
	381  -  Run Bytes Received By Job
	407  -  Total Bytes Sent By Job
	381  -  Total Bytes Received By Job
	Partitionable Resources :    Usage  Request Allocated 
	   Cpus                 :                 1         1 
	   Disk (KB)            :       14   500000    561711 
	   GPUs                 :                           0 
	   Memory (MB)          :        0    20000     20096 

	Job terminated of its own accord at 2023-03-30T00:41:04Z with exit-code 127.
...
000 (113484668.000.000) 2023-04-01 14:23:09 Job submitted from host: <10.14.0.160:9618?addrs=10.14.0.160-9618&alias=ldas-pcdev2.ligo.caltech.edu&noUDP&sock=schedd_7450_a8a7>
    DAG Node: 608
...
040 (113484668.000.000) 2023-04-01 14:24:54 Started transferring input files
	Transferring to host: <10.14.4.81:9618?addrs=10.14.4.81-9618&alias=node831.cluster.ldas.cit&noUDP&sock=slot1_17_3534445_fe48_19462>
...
040 (113484668.000.000) 2023-04-01 14:24:54 Finished transferring input files
...
001 (113484668.000.000) 2023-04-01 14:24:55 Job executing on host: <10.14.4.81:9618?addrs=10.14.4.81-9618&alias=node831.cluster.ldas.cit&noUDP&sock=startd_3489_be05>
...
006 (113484668.000.000) 2023-04-01 14:25:04 Image size of job updated: 117396
	102  -  MemoryUsage of job (MB)
	104392  -  ResidentSetSize of job (KB)
...
006 (113484668.000.000) 2023-04-01 14:30:05 Image size of job updated: 4325324
	146  -  MemoryUsage of job (MB)
	149000  -  ResidentSetSize of job (KB)
...
006 (113484668.000.000) 2023-04-01 14:35:05 Image size of job updated: 4325324
	314  -  MemoryUsage of job (MB)
	320788  -  ResidentSetSize of job (KB)
...
006 (113484668.000.000) 2023-04-01 14:40:05 Image size of job updated: 4325324
	320  -  MemoryUsage of job (MB)
	327332  -  ResidentSetSize of job (KB)
...
006 (113484668.000.000) 2023-04-01 14:45:06 Image size of job updated: 4325324
	422  -  MemoryUsage of job (MB)
	432004  -  ResidentSetSize of job (KB)
...
006 (113484668.000.000) 2023-04-01 14:50:06 Image size of job updated: 4325324
	426  -  MemoryUsage of job (MB)
	435340  -  ResidentSetSize of job (KB)
...
006 (113484668.000.000) 2023-04-01 14:55:06 Image size of job updated: 4325324
	435  -  MemoryUsage of job (MB)
	444564  -  ResidentSetSize of job (KB)
...
006 (113484668.000.000) 2023-04-01 15:00:07 Image size of job updated: 4330080
	454  -  MemoryUsage of job (MB)
	464516  -  ResidentSetSize of job (KB)
...
006 (113484668.000.000) 2023-04-01 15:05:07 Image size of job updated: 4331560
	456  -  MemoryUsage of job (MB)
	466080  -  ResidentSetSize of job (KB)
...
006 (113484668.000.000) 2023-04-01 15:10:07 Image size of job updated: 4342760
	465  -  MemoryUsage of job (MB)
	476008  -  ResidentSetSize of job (KB)
...
006 (113484668.000.000) 2023-04-01 15:15:08 Image size of job updated: 4342864
	467  -  MemoryUsage of job (MB)
	477356  -  ResidentSetSize of job (KB)
...
006 (113484668.000.000) 2023-04-01 15:20:08 Image size of job updated: 4350696
	474  -  MemoryUsage of job (MB)
	484652  -  ResidentSetSize of job (KB)
...
006 (113484668.000.000) 2023-04-01 15:25:08 Image size of job updated: 4350696
	474  -  MemoryUsage of job (MB)
	485108  -  ResidentSetSize of job (KB)
...
006 (113484668.000.000) 2023-04-01 15:30:09 Image size of job updated: 4358756
	591  -  MemoryUsage of job (MB)
	604548  -  ResidentSetSize of job (KB)
...
006 (113484668.000.000) 2023-04-01 15:35:09 Image size of job updated: 4358756
	747  -  MemoryUsage of job (MB)
	764072  -  ResidentSetSize of job (KB)
...
006 (113484668.000.000) 2023-04-01 15:40:09 Image size of job updated: 4361920
	792  -  MemoryUsage of job (MB)
	810512  -  ResidentSetSize of job (KB)
...
006 (113484668.000.000) 2023-04-01 15:50:10 Image size of job updated: 4370796
	805  -  MemoryUsage of job (MB)
	823336  -  ResidentSetSize of job (KB)
...
006 (113484668.000.000) 2023-04-01 15:55:10 Image size of job updated: 4371292
	805  -  MemoryUsage of job (MB)
	823336  -  ResidentSetSize of job (KB)
...
006 (113484668.000.000) 2023-04-01 16:00:11 Image size of job updated: 4376204
	810  -  MemoryUsage of job (MB)
	829016  -  ResidentSetSize of job (KB)
...
006 (113484668.000.000) 2023-04-01 16:15:12 Image size of job updated: 4380356
	814  -  MemoryUsage of job (MB)
	832956  -  ResidentSetSize of job (KB)
...
006 (113484668.000.000) 2023-04-01 16:25:12 Image size of job updated: 4394428
	827  -  MemoryUsage of job (MB)
	845960  -  ResidentSetSize of job (KB)
...
006 (113484668.000.000) 2023-04-01 16:30:13 Image size of job updated: 4394892
	829  -  MemoryUsage of job (MB)
	848180  -  ResidentSetSize of job (KB)
...
006 (113484668.000.000) 2023-04-01 16:35:13 Image size of job updated: 4399632
	832  -  MemoryUsage of job (MB)
	851932  -  ResidentSetSize of job (KB)
...
006 (113484668.000.000) 2023-04-01 16:40:14 Image size of job updated: 4399860
	834  -  MemoryUsage of job (MB)
	853072  -  ResidentSetSize of job (KB)
...
006 (113484668.000.000) 2023-04-01 16:45:15 Image size of job updated: 4401644
	835  -  MemoryUsage of job (MB)
	854972  -  ResidentSetSize of job (KB)
...
006 (113484668.000.000) 2023-04-01 16:50:15 Image size of job updated: 4401828
	835  -  MemoryUsage of job (MB)
	855028  -  ResidentSetSize of job (KB)
...
006 (113484668.000.000) 2023-04-01 16:55:16 Image size of job updated: 4412072
	837  -  MemoryUsage of job (MB)
	856480  -  ResidentSetSize of job (KB)
...
006 (113484668.000.000) 2023-04-01 17:00:17 Image size of job updated: 4424228
	858  -  MemoryUsage of job (MB)
	877984  -  ResidentSetSize of job (KB)
...
006 (113484668.000.000) 2023-04-01 17:05:17 Image size of job updated: 4425560
	858  -  MemoryUsage of job (MB)
	877984  -  ResidentSetSize of job (KB)
...
006 (113484668.000.000) 2023-04-01 17:20:19 Image size of job updated: 4434364
	867  -  MemoryUsage of job (MB)
	887752  -  ResidentSetSize of job (KB)
...
006 (113484668.000.000) 2023-04-01 17:25:20 Image size of job updated: 4435300
	867  -  MemoryUsage of job (MB)
	887752  -  ResidentSetSize of job (KB)
...
006 (113484668.000.000) 2023-04-01 17:55:24 Image size of job updated: 4441576
	875  -  MemoryUsage of job (MB)
	895128  -  ResidentSetSize of job (KB)
...
006 (113484668.000.000) 2023-04-01 18:00:25 Image size of job updated: 4444796
	876  -  MemoryUsage of job (MB)
	896576  -  ResidentSetSize of job (KB)
...
006 (113484668.000.000) 2023-04-01 18:05:25 Image size of job updated: 4445412
	876  -  MemoryUsage of job (MB)
	896576  -  ResidentSetSize of job (KB)
...
006 (113484668.000.000) 2023-04-01 18:25:27 Image size of job updated: 4462252
	888  -  MemoryUsage of job (MB)
	909224  -  ResidentSetSize of job (KB)
...
006 (113484668.000.000) 2023-04-01 18:30:28 Image size of job updated: 4462252
	889  -  MemoryUsage of job (MB)
	909952  -  ResidentSetSize of job (KB)
...
006 (113484668.000.000) 2023-04-01 18:35:28 Image size of job updated: 4462252
	890  -  MemoryUsage of job (MB)
	910636  -  ResidentSetSize of job (KB)
...
006 (113484668.000.000) 2023-04-01 18:40:29 Image size of job updated: 4464556
	895  -  MemoryUsage of job (MB)
	915752  -  ResidentSetSize of job (KB)
...
006 (113484668.000.000) 2023-04-01 18:45:30 Image size of job updated: 4468756
	898  -  MemoryUsage of job (MB)
	918588  -  ResidentSetSize of job (KB)
...
006 (113484668.000.000) 2023-04-01 18:50:30 Image size of job updated: 4468976
	898  -  MemoryUsage of job (MB)
	918588  -  ResidentSetSize of job (KB)
...
006 (113484668.000.000) 2023-04-01 18:55:30 Image size of job updated: 4470688
	898  -  MemoryUsage of job (MB)
	919184  -  ResidentSetSize of job (KB)
...
006 (113484668.000.000) 2023-04-01 19:00:31 Image size of job updated: 4470688
	917  -  MemoryUsage of job (MB)
	938340  -  ResidentSetSize of job (KB)
...
006 (113484668.000.000) 2023-04-01 19:05:31 Image size of job updated: 4473488
	923  -  MemoryUsage of job (MB)
	944784  -  ResidentSetSize of job (KB)
...
006 (113484668.000.000) 2023-04-01 19:10:32 Image size of job updated: 4473784
	923  -  MemoryUsage of job (MB)
	944784  -  ResidentSetSize of job (KB)
...
006 (113484668.000.000) 2023-04-01 19:15:33 Image size of job updated: 4477836
	928  -  MemoryUsage of job (MB)
	949476  -  ResidentSetSize of job (KB)
...
006 (113484668.000.000) 2023-04-01 19:20:33 Image size of job updated: 4481808
	946  -  MemoryUsage of job (MB)
	968640  -  ResidentSetSize of job (KB)
...
006 (113484668.000.000) 2023-04-01 19:25:34 Image size of job updated: 4481808
	947  -  MemoryUsage of job (MB)
	969308  -  ResidentSetSize of job (KB)
...
006 (113484668.000.000) 2023-04-01 19:30:35 Image size of job updated: 4486472
	972  -  MemoryUsage of job (MB)
	994992  -  ResidentSetSize of job (KB)
...
006 (113484668.000.000) 2023-04-01 19:35:35 Image size of job updated: 4488280
	972  -  MemoryUsage of job (MB)
	994992  -  ResidentSetSize of job (KB)
...
006 (113484668.000.000) 2023-04-01 19:40:36 Image size of job updated: 4491024
	977  -  MemoryUsage of job (MB)
	999452  -  ResidentSetSize of job (KB)
...
006 (113484668.000.000) 2023-04-01 19:45:37 Image size of job updated: 4491720
	977  -  MemoryUsage of job (MB)
	999452  -  ResidentSetSize of job (KB)
...
006 (113484668.000.000) 2023-04-01 19:50:37 Image size of job updated: 4492468
	977  -  MemoryUsage of job (MB)
	999452  -  ResidentSetSize of job (KB)
...
006 (113484668.000.000) 2023-04-01 20:05:38 Image size of job updated: 4492468
	978  -  MemoryUsage of job (MB)
	1001280  -  ResidentSetSize of job (KB)
...
006 (113484668.000.000) 2023-04-01 20:10:38 Image size of job updated: 4496784
	983  -  MemoryUsage of job (MB)
	1006064  -  ResidentSetSize of job (KB)
...
006 (113484668.000.000) 2023-04-01 20:15:39 Image size of job updated: 4499948
	986  -  MemoryUsage of job (MB)
	1009188  -  ResidentSetSize of job (KB)
...
006 (113484668.000.000) 2023-04-01 20:20:39 Image size of job updated: 4505280
	1010  -  MemoryUsage of job (MB)
	1033540  -  ResidentSetSize of job (KB)
...
006 (113484668.000.000) 2023-04-01 20:25:39 Image size of job updated: 4506992
	1010  -  MemoryUsage of job (MB)
	1033540  -  ResidentSetSize of job (KB)
...
006 (113484668.000.000) 2023-04-01 20:30:40 Image size of job updated: 4508284
	1012  -  MemoryUsage of job (MB)
	1035580  -  ResidentSetSize of job (KB)
...
006 (113484668.000.000) 2023-04-01 20:35:40 Image size of job updated: 4512464
	1014  -  MemoryUsage of job (MB)
	1038012  -  ResidentSetSize of job (KB)
...
006 (113484668.000.000) 2023-04-01 21:00:43 Image size of job updated: 4513016
	1014  -  MemoryUsage of job (MB)
	1038012  -  ResidentSetSize of job (KB)
...
006 (113484668.000.000) 2023-04-01 21:10:43 Image size of job updated: 4516972
	1018  -  MemoryUsage of job (MB)
	1042232  -  ResidentSetSize of job (KB)
...
006 (113484668.000.000) 2023-04-01 21:15:44 Image size of job updated: 4520192
	1042  -  MemoryUsage of job (MB)
	1066232  -  ResidentSetSize of job (KB)
...
006 (113484668.000.000) 2023-04-01 21:20:44 Image size of job updated: 4521724
	1043  -  MemoryUsage of job (MB)
	1067036  -  ResidentSetSize of job (KB)
...
006 (113484668.000.000) 2023-04-01 21:25:44 Image size of job updated: 4523112
	1043  -  MemoryUsage of job (MB)
	1067036  -  ResidentSetSize of job (KB)
...
006 (113484668.000.000) 2023-04-01 21:30:45 Image size of job updated: 4525052
	1043  -  MemoryUsage of job (MB)
	1067036  -  ResidentSetSize of job (KB)
...
006 (113484668.000.000) 2023-04-01 21:35:45 Image size of job updated: 4526468
	1046  -  MemoryUsage of job (MB)
	1070092  -  ResidentSetSize of job (KB)
...
006 (113484668.000.000) 2023-04-01 21:40:45 Image size of job updated: 4526468
	1054  -  MemoryUsage of job (MB)
	1078784  -  ResidentSetSize of job (KB)
...
006 (113484668.000.000) 2023-04-01 21:45:46 Image size of job updated: 4528908
	1057  -  MemoryUsage of job (MB)
	1081988  -  ResidentSetSize of job (KB)
...
006 (113484668.000.000) 2023-04-01 21:50:46 Image size of job updated: 4532420
	1059  -  MemoryUsage of job (MB)
	1084200  -  ResidentSetSize of job (KB)
...
006 (113484668.000.000) 2023-04-01 22:00:47 Image size of job updated: 4532420
	1079  -  MemoryUsage of job (MB)
	1103984  -  ResidentSetSize of job (KB)
...
006 (113484668.000.000) 2023-04-01 22:05:47 Image size of job updated: 4535128
	1085  -  MemoryUsage of job (MB)
	1110104  -  ResidentSetSize of job (KB)
...
006 (113484668.000.000) 2023-04-01 22:15:48 Image size of job updated: 4537776
	1086  -  MemoryUsage of job (MB)
	1111252  -  ResidentSetSize of job (KB)
...
006 (113484668.000.000) 2023-04-01 22:20:48 Image size of job updated: 4539840
	1087  -  MemoryUsage of job (MB)
	1112248  -  ResidentSetSize of job (KB)
...
006 (113484668.000.000) 2023-04-01 22:25:48 Image size of job updated: 4540056
	1087  -  MemoryUsage of job (MB)
	1112304  -  ResidentSetSize of job (KB)
...
006 (113484668.000.000) 2023-04-01 22:30:49 Image size of job updated: 4540616
	1087  -  MemoryUsage of job (MB)
	1112304  -  ResidentSetSize of job (KB)
...
006 (113484668.000.000) 2023-04-01 22:35:49 Image size of job updated: 4541464
	1088  -  MemoryUsage of job (MB)
	1113796  -  ResidentSetSize of job (KB)
...
006 (113484668.000.000) 2023-04-01 22:40:49 Image size of job updated: 4541808
	1090  -  MemoryUsage of job (MB)
	1115208  -  ResidentSetSize of job (KB)
...
006 (113484668.000.000) 2023-04-01 23:00:51 Image size of job updated: 4548740
	1098  -  MemoryUsage of job (MB)
	1124064  -  ResidentSetSize of job (KB)
...
006 (113484668.000.000) 2023-04-01 23:05:51 Image size of job updated: 4550236
	1100  -  MemoryUsage of job (MB)
	1125672  -  ResidentSetSize of job (KB)
...
006 (113484668.000.000) 2023-04-01 23:10:51 Image size of job updated: 4551708
	1101  -  MemoryUsage of job (MB)
	1127092  -  ResidentSetSize of job (KB)
...
006 (113484668.000.000) 2023-04-01 23:15:52 Image size of job updated: 4552348
	1101  -  MemoryUsage of job (MB)
	1127092  -  ResidentSetSize of job (KB)
...
006 (113484668.000.000) 2023-04-01 23:55:54 Image size of job updated: 4562396
	1105  -  MemoryUsage of job (MB)
	1130512  -  ResidentSetSize of job (KB)
...
006 (113484668.000.000) 2023-04-02 00:00:55 Image size of job updated: 4565584
	1112  -  MemoryUsage of job (MB)
	1138404  -  ResidentSetSize of job (KB)
...
006 (113484668.000.000) 2023-04-02 00:05:55 Image size of job updated: 4567400
	1113  -  MemoryUsage of job (MB)
	1139580  -  ResidentSetSize of job (KB)
...
006 (113484668.000.000) 2023-04-02 00:15:56 Image size of job updated: 4568224
	1118  -  MemoryUsage of job (MB)
	1144032  -  ResidentSetSize of job (KB)
...
006 (113484668.000.000) 2023-04-02 00:20:56 Image size of job updated: 4571044
	1120  -  MemoryUsage of job (MB)
	1146704  -  ResidentSetSize of job (KB)
...
006 (113484668.000.000) 2023-04-02 00:25:56 Image size of job updated: 4571044
	1121  -  MemoryUsage of job (MB)
	1147400  -  ResidentSetSize of job (KB)
...
006 (113484668.000.000) 2023-04-02 00:45:58 Image size of job updated: 4571260
	1127  -  MemoryUsage of job (MB)
	1153512  -  ResidentSetSize of job (KB)
...
006 (113484668.000.000) 2023-04-02 00:50:58 Image size of job updated: 4572572
	1127  -  MemoryUsage of job (MB)
	1153512  -  ResidentSetSize of job (KB)
...
006 (113484668.000.000) 2023-04-02 01:05:59 Image size of job updated: 4575660
	1129  -  MemoryUsage of job (MB)
	1155940  -  ResidentSetSize of job (KB)
...
006 (113484668.000.000) 2023-04-02 01:11:00 Image size of job updated: 4576980
	1131  -  MemoryUsage of job (MB)
	1157232  -  ResidentSetSize of job (KB)
...
006 (113484668.000.000) 2023-04-02 01:16:01 Image size of job updated: 4582608
	1136  -  MemoryUsage of job (MB)
	1163008  -  ResidentSetSize of job (KB)
...
006 (113484668.000.000) 2023-04-02 01:21:01 Image size of job updated: 4584000
	1140  -  MemoryUsage of job (MB)
	1166600  -  ResidentSetSize of job (KB)
...
006 (113484668.000.000) 2023-04-02 01:36:03 Image size of job updated: 4584000
	1188  -  MemoryUsage of job (MB)
	1216484  -  ResidentSetSize of job (KB)
...
006 (113484668.000.000) 2023-04-02 01:51:05 Image size of job updated: 4586544
	1188  -  MemoryUsage of job (MB)
	1216484  -  ResidentSetSize of job (KB)
...
006 (113484668.000.000) 2023-04-02 01:56:06 Image size of job updated: 4589624
	1188  -  MemoryUsage of job (MB)
	1216484  -  ResidentSetSize of job (KB)
...
006 (113484668.000.000) 2023-04-02 02:06:07 Image size of job updated: 4592384
	1188  -  MemoryUsage of job (MB)
	1216484  -  ResidentSetSize of job (KB)
...
006 (113484668.000.000) 2023-04-02 02:36:11 Image size of job updated: 4596052
	1188  -  MemoryUsage of job (MB)
	1216484  -  ResidentSetSize of job (KB)
...
006 (113484668.000.000) 2023-04-02 02:46:13 Image size of job updated: 4600224
	1188  -  MemoryUsage of job (MB)
	1216484  -  ResidentSetSize of job (KB)
...
006 (113484668.000.000) 2023-04-02 02:51:13 Image size of job updated: 4603808
	1188  -  MemoryUsage of job (MB)
	1216484  -  ResidentSetSize of job (KB)
...
006 (113484668.000.000) 2023-04-02 03:06:15 Image size of job updated: 4659756
	1188  -  MemoryUsage of job (MB)
	1216484  -  ResidentSetSize of job (KB)
...
006 (113484668.000.000) 2023-04-02 03:21:17 Image size of job updated: 4720340
	1188  -  MemoryUsage of job (MB)
	1216484  -  ResidentSetSize of job (KB)
...
006 (113484668.000.000) 2023-04-02 06:01:33 Image size of job updated: 4720340
	1189  -  MemoryUsage of job (MB)
	1217436  -  ResidentSetSize of job (KB)
...
006 (113484668.000.000) 2023-04-02 06:31:35 Image size of job updated: 4720340
	1194  -  MemoryUsage of job (MB)
	1222096  -  ResidentSetSize of job (KB)
...
006 (113484668.000.000) 2023-04-02 06:36:35 Image size of job updated: 4720340
	1195  -  MemoryUsage of job (MB)
	1223228  -  ResidentSetSize of job (KB)
...
006 (113484668.000.000) 2023-04-02 08:21:46 Image size of job updated: 4748932
	1207  -  MemoryUsage of job (MB)
	1235160  -  ResidentSetSize of job (KB)
...
006 (113484668.000.000) 2023-04-02 08:36:48 Image size of job updated: 4748932
	1207  -  MemoryUsage of job (MB)
	1235496  -  ResidentSetSize of job (KB)
...
006 (113484668.000.000) 2023-04-02 08:41:49 Image size of job updated: 4748932
	1212  -  MemoryUsage of job (MB)
	1240972  -  ResidentSetSize of job (KB)
...
006 (113484668.000.000) 2023-04-02 09:51:58 Image size of job updated: 4762140
	1230  -  MemoryUsage of job (MB)
	1259256  -  ResidentSetSize of job (KB)
...
006 (113484668.000.000) 2023-04-02 09:56:59 Image size of job updated: 4762140
	1231  -  MemoryUsage of job (MB)
	1260272  -  ResidentSetSize of job (KB)
...
006 (113484668.000.000) 2023-04-02 10:12:01 Image size of job updated: 4762140
	1239  -  MemoryUsage of job (MB)
	1268168  -  ResidentSetSize of job (KB)
...
006 (113484668.000.000) 2023-04-02 11:52:14 Image size of job updated: 4765020
	1239  -  MemoryUsage of job (MB)
	1268168  -  ResidentSetSize of job (KB)
...
006 (113484668.000.000) 2023-04-02 12:17:17 Image size of job updated: 4781120
	1239  -  MemoryUsage of job (MB)
	1268168  -  ResidentSetSize of job (KB)
...
006 (113484668.000.000) 2023-04-02 13:02:21 Image size of job updated: 4781120
	1242  -  MemoryUsage of job (MB)
	1271152  -  ResidentSetSize of job (KB)
...
006 (113484668.000.000) 2023-04-02 13:07:21 Image size of job updated: 4784116
	1242  -  MemoryUsage of job (MB)
	1271152  -  ResidentSetSize of job (KB)
...
006 (113484668.000.000) 2023-04-02 13:37:24 Image size of job updated: 4794496
	1242  -  MemoryUsage of job (MB)
	1271152  -  ResidentSetSize of job (KB)
...
006 (113484668.000.000) 2023-04-02 13:42:24 Image size of job updated: 4794496
	1251  -  MemoryUsage of job (MB)
	1280732  -  ResidentSetSize of job (KB)
...
006 (113484668.000.000) 2023-04-02 14:07:27 Image size of job updated: 4800852
	1251  -  MemoryUsage of job (MB)
	1280732  -  ResidentSetSize of job (KB)
...
006 (113484668.000.000) 2023-04-02 14:27:28 Image size of job updated: 4800852
	1252  -  MemoryUsage of job (MB)
	1281756  -  ResidentSetSize of job (KB)
...
004 (113484668.000.000) 2023-04-02 14:28:11 Job was evicted.
	(0) CPU times
		Usr 2 05:36:25, Sys 0 00:04:30  -  Run Remote Usage
		Usr 0 00:00:00, Sys 0 00:00:00  -  Run Local Usage
	0  -  Run Bytes Sent By Job
	381  -  Run Bytes Received By Job
	Partitionable Resources :    Usage  Request Allocated 
	   Cpus                 :     5.13        1         1 
	   Disk (KB)            :  1170      500000    624256 
	   GPUs                 :                           0 
	   Memory (MB)          :  1252       20000     20096 
...
040 (113484668.000.000) 2023-04-02 14:30:59 Started transferring input files
	Transferring to host: <10.14.10.111:9618?addrs=10.14.10.111-9618&alias=node2361.cluster.ldas.cit&noUDP&sock=slot1_8_4047641_004d_4776>
...
040 (113484668.000.000) 2023-04-02 14:30:59 Finished transferring input files
...
001 (113484668.000.000) 2023-04-02 14:31:00 Job executing on host: <10.14.10.111:9618?addrs=10.14.10.111-9618&alias=node2361.cluster.ldas.cit&noUDP&sock=startd_4047599_d3df>
...
006 (113484668.000.000) 2023-04-03 02:47:23 Image size of job updated: 5008968
	1465  -  MemoryUsage of job (MB)
	1500000  -  ResidentSetSize of job (KB)
...
006 (113484668.000.000) 2023-04-03 03:07:25 Image size of job updated: 5010496
	1465  -  MemoryUsage of job (MB)
	1500000  -  ResidentSetSize of job (KB)
...
006 (113484668.000.000) 2023-04-03 03:22:26 Image size of job updated: 5017200
	1465  -  MemoryUsage of job (MB)
	1500000  -  ResidentSetSize of job (KB)
...
006 (113484668.000.000) 2023-04-03 03:47:29 Image size of job updated: 5020584
	1465  -  MemoryUsage of job (MB)
	1500000  -  ResidentSetSize of job (KB)
...
006 (113484668.000.000) 2023-04-03 04:02:31 Image size of job updated: 5030624
	1465  -  MemoryUsage of job (MB)
	1500000  -  ResidentSetSize of job (KB)
...
006 (113484668.000.000) 2023-04-03 04:12:33 Image size of job updated: 5045048
	1465  -  MemoryUsage of job (MB)
	1500000  -  ResidentSetSize of job (KB)
...
006 (113484668.000.000) 2023-04-03 05:27:40 Image size of job updated: 5076052
	1465  -  MemoryUsage of job (MB)
	1500000  -  ResidentSetSize of job (KB)
...
006 (113484668.000.000) 2023-04-03 05:37:41 Image size of job updated: 5085612
	1465  -  MemoryUsage of job (MB)
	1500000  -  ResidentSetSize of job (KB)
...
006 (113484668.000.000) 2023-04-03 06:42:46 Image size of job updated: 5092092
	1465  -  MemoryUsage of job (MB)
	1500000  -  ResidentSetSize of job (KB)
...
006 (113484668.000.000) 2023-04-03 07:52:54 Image size of job updated: 5092092
	1583  -  MemoryUsage of job (MB)
	1620400  -  ResidentSetSize of job (KB)
...
006 (113484668.000.000) 2023-04-03 08:07:55 Image size of job updated: 5092092
	1598  -  MemoryUsage of job (MB)
	1635808  -  ResidentSetSize of job (KB)
...
006 (113484668.000.000) 2023-04-03 08:32:57 Image size of job updated: 5095024
	1598  -  MemoryUsage of job (MB)
	1635808  -  ResidentSetSize of job (KB)
...
006 (113484668.000.000) 2023-04-03 08:47:58 Image size of job updated: 5107292
	1598  -  MemoryUsage of job (MB)
	1635808  -  ResidentSetSize of job (KB)
...
006 (113484668.000.000) 2023-04-03 09:03:00 Image size of job updated: 5114688
	1598  -  MemoryUsage of job (MB)
	1635808  -  ResidentSetSize of job (KB)
...
006 (113484668.000.000) 2023-04-03 09:18:02 Image size of job updated: 5141116
	1598  -  MemoryUsage of job (MB)
	1635808  -  ResidentSetSize of job (KB)
...
006 (113484668.000.000) 2023-04-03 13:33:28 Image size of job updated: 5156188
	1598  -  MemoryUsage of job (MB)
	1635808  -  ResidentSetSize of job (KB)
...
006 (113484668.000.000) 2023-04-03 14:08:32 Image size of job updated: 5161016
	1598  -  MemoryUsage of job (MB)
	1635808  -  ResidentSetSize of job (KB)
...
006 (113484668.000.000) 2023-04-03 14:28:34 Image size of job updated: 5181716
	1598  -  MemoryUsage of job (MB)
	1635808  -  ResidentSetSize of job (KB)
...
006 (113484668.000.000) 2023-04-03 14:43:36 Image size of job updated: 5192212
	1598  -  MemoryUsage of job (MB)
	1635808  -  ResidentSetSize of job (KB)
...
006 (113484668.000.000) 2023-04-03 14:58:38 Image size of job updated: 5196692
	1598  -  MemoryUsage of job (MB)
	1635808  -  ResidentSetSize of job (KB)
...
004 (113484668.000.000) 2023-04-03 15:28:22 Job was evicted.
	(0) CPU times
		Usr 3 01:40:10, Sys 0 00:04:47  -  Run Remote Usage
		Usr 0 00:00:00, Sys 0 00:00:00  -  Run Local Usage
	0  -  Run Bytes Sent By Job
	381  -  Run Bytes Received By Job
	Partitionable Resources :    Usage  Request Allocated 
	   Cpus                 :     1.98        1         1 
	   Disk (KB)            :   814      500000    624256 
	   GPUs                 :                           0 
	   Memory (MB)          :  1598       20000     20096 
...
040 (113484668.000.000) 2023-04-03 15:31:47 Started transferring input files
	Transferring to host: <10.14.9.68:9618?addrs=10.14.9.68-9618&alias=node2068.cluster.ldas.cit&noUDP&sock=slot1_7_2089030_5e0f_5894>
...
040 (113484668.000.000) 2023-04-03 15:31:47 Finished transferring input files
...
001 (113484668.000.000) 2023-04-03 15:31:48 Job executing on host: <10.14.9.68:9618?addrs=10.14.9.68-9618&alias=node2068.cluster.ldas.cit&noUDP&sock=startd_2088992_55e8>
...
006 (113484668.000.000) 2023-04-04 06:13:24 Image size of job updated: 7500000
	1835  -  MemoryUsage of job (MB)
	1878920  -  ResidentSetSize of job (KB)
...
006 (113484668.000.000) 2023-04-04 11:08:54 Image size of job updated: 7500000
	1886  -  MemoryUsage of job (MB)
	1930876  -  ResidentSetSize of job (KB)
...
004 (113484668.000.000) 2023-04-04 15:47:48 Job was evicted.
	(0) CPU times
		Usr 3 01:15:45, Sys 0 00:03:23  -  Run Remote Usage
		Usr 0 00:00:00, Sys 0 00:00:00  -  Run Local Usage
	0  -  Run Bytes Sent By Job
	381  -  Run Bytes Received By Job
	Partitionable Resources :    Usage  Request Allocated 
	   Cpus                 :     1.00        1         1 
	   Disk (KB)            :   626      500000    609620 
	   GPUs                 :                           0 
	   Memory (MB)          :  1886       20000     20096 
...
040 (113484668.000.000) 2023-04-04 15:47:57 Started transferring input files
	Transferring to host: <10.14.9.105:9618?addrs=10.14.9.105-9618&alias=node2105.cluster.ldas.cit&noUDP&sock=slot1_5_1227618_afba_32>
...
040 (113484668.000.000) 2023-04-04 15:47:57 Finished transferring input files
...
001 (113484668.000.000) 2023-04-04 15:47:58 Job executing on host: <10.14.9.105:9618?addrs=10.14.9.105-9618&alias=node2105.cluster.ldas.cit&noUDP&sock=startd_1226504_4e66>
...
006 (113484668.000.000) 2023-04-05 10:30:03 Image size of job updated: 7500000
	2205  -  MemoryUsage of job (MB)
	2257020  -  ResidentSetSize of job (KB)
...
006 (113484668.000.000) 2023-04-05 10:37:07 Image size of job updated: 12372532
	2205  -  MemoryUsage of job (MB)
	2257020  -  ResidentSetSize of job (KB)
...
040 (113484668.000.000) 2023-04-05 10:37:07 Started transferring output files
...
040 (113484668.000.000) 2023-04-05 10:37:07 Finished transferring output files
...
005 (113484668.000.000) 2023-04-05 10:37:07 Job terminated.
	(1) Normal termination (return value 0)
		Usr 2 02:11:50, Sys 0 00:02:18  -  Run Remote Usage
		Usr 0 00:00:00, Sys 0 00:00:00  -  Run Local Usage
		Usr 10 10:44:10, Sys 0 00:14:58  -  Total Remote Usage
		Usr 0 00:00:00, Sys 0 00:00:00  -  Total Local Usage
	666654  -  Run Bytes Sent By Job
	381  -  Run Bytes Received By Job
	666654  -  Total Bytes Sent By Job
	1524  -  Total Bytes Received By Job
	Partitionable Resources :    Usage  Request Allocated 
	   Cpus                 :     0.99        1         1 
	   Disk (KB)            :   674      500000    609620 
	   GPUs                 :                           0 
	   Memory (MB)          :  2205       20000     20096 

	Job terminated of its own accord at 2023-04-05T17:37:07Z with exit-code 0.
...
