000 (113449808.000.000) 2023-03-29 17:01:33 Job submitted from host: <10.14.0.160:9618?addrs=10.14.0.160-9618&alias=ldas-pcdev2.ligo.caltech.edu&noUDP&sock=schedd_7450_a8a7>
    DAG Node: 299
...
040 (113449808.000.000) 2023-03-29 17:39:06 Started transferring input files
	Transferring to host: <10.14.9.194:9618?addrs=10.14.9.194-9618&alias=node2194.cluster.ldas.cit&noUDP&sock=slot1_2_189911_3ac4_88853>
...
040 (113449808.000.000) 2023-03-29 17:39:06 Finished transferring input files
...
001 (113449808.000.000) 2023-03-29 17:39:07 Job executing on host: <10.14.9.194:9618?addrs=10.14.9.194-9618&alias=node2194.cluster.ldas.cit&noUDP&sock=startd_189641_87e3>
...
006 (113449808.000.000) 2023-03-29 17:39:07 Image size of job updated: 1
	0  -  MemoryUsage of job (MB)
	0  -  ResidentSetSize of job (KB)
...
040 (113449808.000.000) 2023-03-29 17:39:07 Started transferring output files
...
040 (113449808.000.000) 2023-03-29 17:39:07 Finished transferring output files
...
005 (113449808.000.000) 2023-03-29 17:39:07 Job terminated.
	(1) Normal termination (return value 127)
		Usr 0 00:00:00, Sys 0 00:00:00  -  Run Remote Usage
		Usr 0 00:00:00, Sys 0 00:00:00  -  Run Local Usage
		Usr 0 00:00:00, Sys 0 00:00:00  -  Total Remote Usage
		Usr 0 00:00:00, Sys 0 00:00:00  -  Total Local Usage
	407  -  Run Bytes Sent By Job
	381  -  Run Bytes Received By Job
	407  -  Total Bytes Sent By Job
	381  -  Total Bytes Received By Job
	Partitionable Resources :    Usage  Request Allocated 
	   Cpus                 :                 1         1 
	   Disk (KB)            :       14   500000    561711 
	   GPUs                 :                           0 
	   Memory (MB)          :        0    20000     20096 

	Job terminated of its own accord at 2023-03-30T00:39:07Z with exit-code 127.
...
000 (113484639.000.000) 2023-04-01 14:23:07 Job submitted from host: <10.14.0.160:9618?addrs=10.14.0.160-9618&alias=ldas-pcdev2.ligo.caltech.edu&noUDP&sock=schedd_7450_a8a7>
    DAG Node: 299
...
040 (113484639.000.000) 2023-04-01 14:24:54 Started transferring input files
	Transferring to host: <10.14.4.20:9618?addrs=10.14.4.20-9618&alias=node770.cluster.ldas.cit&noUDP&sock=slot1_8_3604874_9858_4435>
...
040 (113484639.000.000) 2023-04-01 14:24:54 Finished transferring input files
...
001 (113484639.000.000) 2023-04-01 14:24:55 Job executing on host: <10.14.4.20:9618?addrs=10.14.4.20-9618&alias=node770.cluster.ldas.cit&noUDP&sock=startd_3604835_8d18>
...
006 (113484639.000.000) 2023-04-01 14:25:04 Image size of job updated: 194212
	102  -  MemoryUsage of job (MB)
	104088  -  ResidentSetSize of job (KB)
...
006 (113484639.000.000) 2023-04-01 14:30:05 Image size of job updated: 4281752
	142  -  MemoryUsage of job (MB)
	145080  -  ResidentSetSize of job (KB)
...
006 (113484639.000.000) 2023-04-01 14:35:05 Image size of job updated: 4281752
	143  -  MemoryUsage of job (MB)
	145928  -  ResidentSetSize of job (KB)
...
006 (113484639.000.000) 2023-04-01 14:40:05 Image size of job updated: 4281752
	309  -  MemoryUsage of job (MB)
	316120  -  ResidentSetSize of job (KB)
...
006 (113484639.000.000) 2023-04-01 14:45:06 Image size of job updated: 4281752
	319  -  MemoryUsage of job (MB)
	325808  -  ResidentSetSize of job (KB)
...
006 (113484639.000.000) 2023-04-01 14:50:07 Image size of job updated: 4339444
	434  -  MemoryUsage of job (MB)
	443988  -  ResidentSetSize of job (KB)
...
006 (113484639.000.000) 2023-04-01 14:55:07 Image size of job updated: 4340472
	436  -  MemoryUsage of job (MB)
	445540  -  ResidentSetSize of job (KB)
...
006 (113484639.000.000) 2023-04-01 15:00:08 Image size of job updated: 4364012
	459  -  MemoryUsage of job (MB)
	469868  -  ResidentSetSize of job (KB)
...
006 (113484639.000.000) 2023-04-01 15:05:09 Image size of job updated: 4365036
	461  -  MemoryUsage of job (MB)
	471900  -  ResidentSetSize of job (KB)
...
006 (113484639.000.000) 2023-04-01 15:10:09 Image size of job updated: 4381828
	477  -  MemoryUsage of job (MB)
	487896  -  ResidentSetSize of job (KB)
...
006 (113484639.000.000) 2023-04-01 15:15:09 Image size of job updated: 4383364
	510  -  MemoryUsage of job (MB)
	521744  -  ResidentSetSize of job (KB)
...
006 (113484639.000.000) 2023-04-01 15:20:10 Image size of job updated: 4383712
	518  -  MemoryUsage of job (MB)
	530224  -  ResidentSetSize of job (KB)
...
006 (113484639.000.000) 2023-04-01 15:25:10 Image size of job updated: 4385812
	614  -  MemoryUsage of job (MB)
	627836  -  ResidentSetSize of job (KB)
...
006 (113484639.000.000) 2023-04-01 15:30:10 Image size of job updated: 4385812
	762  -  MemoryUsage of job (MB)
	779676  -  ResidentSetSize of job (KB)
...
006 (113484639.000.000) 2023-04-01 15:35:12 Image size of job updated: 4389048
	773  -  MemoryUsage of job (MB)
	791016  -  ResidentSetSize of job (KB)
...
006 (113484639.000.000) 2023-04-01 15:40:12 Image size of job updated: 4389048
	773  -  MemoryUsage of job (MB)
	791024  -  ResidentSetSize of job (KB)
...
006 (113484639.000.000) 2023-04-01 15:45:12 Image size of job updated: 4394424
	781  -  MemoryUsage of job (MB)
	799424  -  ResidentSetSize of job (KB)
...
006 (113484639.000.000) 2023-04-01 15:55:14 Image size of job updated: 4410952
	798  -  MemoryUsage of job (MB)
	816240  -  ResidentSetSize of job (KB)
...
006 (113484639.000.000) 2023-04-01 16:00:14 Image size of job updated: 4412180
	798  -  MemoryUsage of job (MB)
	816708  -  ResidentSetSize of job (KB)
...
006 (113484639.000.000) 2023-04-01 16:05:15 Image size of job updated: 4423396
	808  -  MemoryUsage of job (MB)
	826584  -  ResidentSetSize of job (KB)
...
006 (113484639.000.000) 2023-04-01 16:20:16 Image size of job updated: 4429836
	814  -  MemoryUsage of job (MB)
	833084  -  ResidentSetSize of job (KB)
...
006 (113484639.000.000) 2023-04-01 16:30:17 Image size of job updated: 4435924
	820  -  MemoryUsage of job (MB)
	839104  -  ResidentSetSize of job (KB)
...
006 (113484639.000.000) 2023-04-01 16:35:17 Image size of job updated: 4435924
	821  -  MemoryUsage of job (MB)
	840540  -  ResidentSetSize of job (KB)
...
006 (113484639.000.000) 2023-04-01 16:40:18 Image size of job updated: 4445460
	824  -  MemoryUsage of job (MB)
	842880  -  ResidentSetSize of job (KB)
...
006 (113484639.000.000) 2023-04-01 16:45:19 Image size of job updated: 4445460
	824  -  MemoryUsage of job (MB)
	843108  -  ResidentSetSize of job (KB)
...
006 (113484639.000.000) 2023-04-01 16:50:19 Image size of job updated: 4445460
	824  -  MemoryUsage of job (MB)
	843208  -  ResidentSetSize of job (KB)
...
006 (113484639.000.000) 2023-04-01 16:55:20 Image size of job updated: 4447156
	824  -  MemoryUsage of job (MB)
	843208  -  ResidentSetSize of job (KB)
...
006 (113484639.000.000) 2023-04-01 17:00:21 Image size of job updated: 4447156
	832  -  MemoryUsage of job (MB)
	851132  -  ResidentSetSize of job (KB)
...
006 (113484639.000.000) 2023-04-01 17:10:21 Image size of job updated: 4452196
	833  -  MemoryUsage of job (MB)
	852988  -  ResidentSetSize of job (KB)
...
006 (113484639.000.000) 2023-04-01 17:15:22 Image size of job updated: 4452196
	834  -  MemoryUsage of job (MB)
	853172  -  ResidentSetSize of job (KB)
...
006 (113484639.000.000) 2023-04-01 17:20:22 Image size of job updated: 4474332
	834  -  MemoryUsage of job (MB)
	853172  -  ResidentSetSize of job (KB)
...
006 (113484639.000.000) 2023-04-01 17:45:25 Image size of job updated: 4482968
	867  -  MemoryUsage of job (MB)
	886908  -  ResidentSetSize of job (KB)
...
006 (113484639.000.000) 2023-04-01 17:50:26 Image size of job updated: 4486124
	867  -  MemoryUsage of job (MB)
	887784  -  ResidentSetSize of job (KB)
...
006 (113484639.000.000) 2023-04-01 17:55:26 Image size of job updated: 4486124
	868  -  MemoryUsage of job (MB)
	888784  -  ResidentSetSize of job (KB)
...
006 (113484639.000.000) 2023-04-01 18:00:26 Image size of job updated: 4491824
	877  -  MemoryUsage of job (MB)
	897128  -  ResidentSetSize of job (KB)
...
006 (113484639.000.000) 2023-04-01 18:05:27 Image size of job updated: 4492356
	877  -  MemoryUsage of job (MB)
	897128  -  ResidentSetSize of job (KB)
...
006 (113484639.000.000) 2023-04-01 18:10:27 Image size of job updated: 4493216
	877  -  MemoryUsage of job (MB)
	897472  -  ResidentSetSize of job (KB)
...
006 (113484639.000.000) 2023-04-01 18:15:27 Image size of job updated: 4493216
	877  -  MemoryUsage of job (MB)
	897548  -  ResidentSetSize of job (KB)
...
006 (113484639.000.000) 2023-04-01 18:25:29 Image size of job updated: 4531860
	914  -  MemoryUsage of job (MB)
	935320  -  ResidentSetSize of job (KB)
...
006 (113484639.000.000) 2023-04-01 18:35:30 Image size of job updated: 4535264
	918  -  MemoryUsage of job (MB)
	939596  -  ResidentSetSize of job (KB)
...
006 (113484639.000.000) 2023-04-01 18:40:31 Image size of job updated: 4535608
	918  -  MemoryUsage of job (MB)
	939596  -  ResidentSetSize of job (KB)
...
006 (113484639.000.000) 2023-04-01 18:45:31 Image size of job updated: 4536084
	918  -  MemoryUsage of job (MB)
	939596  -  ResidentSetSize of job (KB)
...
006 (113484639.000.000) 2023-04-01 18:50:32 Image size of job updated: 4541452
	925  -  MemoryUsage of job (MB)
	946860  -  ResidentSetSize of job (KB)
...
006 (113484639.000.000) 2023-04-01 18:55:33 Image size of job updated: 4541700
	925  -  MemoryUsage of job (MB)
	947096  -  ResidentSetSize of job (KB)
...
006 (113484639.000.000) 2023-04-01 20:00:40 Image size of job updated: 4559280
	983  -  MemoryUsage of job (MB)
	1006444  -  ResidentSetSize of job (KB)
...
006 (113484639.000.000) 2023-04-01 20:05:40 Image size of job updated: 4560268
	985  -  MemoryUsage of job (MB)
	1008016  -  ResidentSetSize of job (KB)
...
006 (113484639.000.000) 2023-04-01 20:10:41 Image size of job updated: 4560660
	986  -  MemoryUsage of job (MB)
	1008880  -  ResidentSetSize of job (KB)
...
006 (113484639.000.000) 2023-04-01 20:15:42 Image size of job updated: 4561020
	987  -  MemoryUsage of job (MB)
	1010072  -  ResidentSetSize of job (KB)
...
006 (113484639.000.000) 2023-04-01 20:25:42 Image size of job updated: 4561020
	1008  -  MemoryUsage of job (MB)
	1031820  -  ResidentSetSize of job (KB)
...
006 (113484639.000.000) 2023-04-01 20:30:44 Image size of job updated: 4562868
	1049  -  MemoryUsage of job (MB)
	1073752  -  ResidentSetSize of job (KB)
...
006 (113484639.000.000) 2023-04-01 20:35:44 Image size of job updated: 4566080
	1053  -  MemoryUsage of job (MB)
	1077480  -  ResidentSetSize of job (KB)
...
006 (113484639.000.000) 2023-04-01 20:40:44 Image size of job updated: 4567848
	1053  -  MemoryUsage of job (MB)
	1077480  -  ResidentSetSize of job (KB)
...
006 (113484639.000.000) 2023-04-01 20:50:46 Image size of job updated: 4568008
	1053  -  MemoryUsage of job (MB)
	1077480  -  ResidentSetSize of job (KB)
...
006 (113484639.000.000) 2023-04-01 21:00:47 Image size of job updated: 4571404
	1053  -  MemoryUsage of job (MB)
	1077480  -  ResidentSetSize of job (KB)
...
006 (113484639.000.000) 2023-04-01 21:20:49 Image size of job updated: 4583696
	1088  -  MemoryUsage of job (MB)
	1113740  -  ResidentSetSize of job (KB)
...
006 (113484639.000.000) 2023-04-01 21:25:49 Image size of job updated: 4583696
	1090  -  MemoryUsage of job (MB)
	1115676  -  ResidentSetSize of job (KB)
...
006 (113484639.000.000) 2023-04-01 21:30:49 Image size of job updated: 4584228
	1096  -  MemoryUsage of job (MB)
	1121340  -  ResidentSetSize of job (KB)
...
006 (113484639.000.000) 2023-04-01 21:35:50 Image size of job updated: 4632752
	1096  -  MemoryUsage of job (MB)
	1121904  -  ResidentSetSize of job (KB)
...
006 (113484639.000.000) 2023-04-01 21:40:51 Image size of job updated: 4632752
	1097  -  MemoryUsage of job (MB)
	1122344  -  ResidentSetSize of job (KB)
...
006 (113484639.000.000) 2023-04-01 21:45:51 Image size of job updated: 4632752
	1099  -  MemoryUsage of job (MB)
	1125084  -  ResidentSetSize of job (KB)
...
006 (113484639.000.000) 2023-04-01 21:50:52 Image size of job updated: 4632752
	1101  -  MemoryUsage of job (MB)
	1126512  -  ResidentSetSize of job (KB)
...
006 (113484639.000.000) 2023-04-01 21:55:53 Image size of job updated: 4632752
	1101  -  MemoryUsage of job (MB)
	1126544  -  ResidentSetSize of job (KB)
...
006 (113484639.000.000) 2023-04-01 22:05:53 Image size of job updated: 4632752
	1101  -  MemoryUsage of job (MB)
	1126792  -  ResidentSetSize of job (KB)
...
006 (113484639.000.000) 2023-04-01 22:10:54 Image size of job updated: 4632752
	1106  -  MemoryUsage of job (MB)
	1131620  -  ResidentSetSize of job (KB)
...
006 (113484639.000.000) 2023-04-01 22:25:56 Image size of job updated: 4654880
	1116  -  MemoryUsage of job (MB)
	1141768  -  ResidentSetSize of job (KB)
...
006 (113484639.000.000) 2023-04-01 22:30:56 Image size of job updated: 4654880
	1117  -  MemoryUsage of job (MB)
	1142852  -  ResidentSetSize of job (KB)
...
006 (113484639.000.000) 2023-04-01 22:35:56 Image size of job updated: 4654880
	1120  -  MemoryUsage of job (MB)
	1146252  -  ResidentSetSize of job (KB)
...
006 (113484639.000.000) 2023-04-01 23:36:03 Image size of job updated: 4654880
	1127  -  MemoryUsage of job (MB)
	1153436  -  ResidentSetSize of job (KB)
...
006 (113484639.000.000) 2023-04-01 23:46:04 Image size of job updated: 4654880
	1128  -  MemoryUsage of job (MB)
	1154260  -  ResidentSetSize of job (KB)
...
006 (113484639.000.000) 2023-04-01 23:51:05 Image size of job updated: 4676548
	1128  -  MemoryUsage of job (MB)
	1154260  -  ResidentSetSize of job (KB)
...
006 (113484639.000.000) 2023-04-01 23:56:05 Image size of job updated: 4676548
	1131  -  MemoryUsage of job (MB)
	1158036  -  ResidentSetSize of job (KB)
...
006 (113484639.000.000) 2023-04-02 00:06:07 Image size of job updated: 4676988
	1132  -  MemoryUsage of job (MB)
	1158480  -  ResidentSetSize of job (KB)
...
006 (113484639.000.000) 2023-04-02 00:16:07 Image size of job updated: 4676988
	1136  -  MemoryUsage of job (MB)
	1162484  -  ResidentSetSize of job (KB)
...
006 (113484639.000.000) 2023-04-02 00:21:08 Image size of job updated: 4676988
	1138  -  MemoryUsage of job (MB)
	1164888  -  ResidentSetSize of job (KB)
...
006 (113484639.000.000) 2023-04-02 00:26:08 Image size of job updated: 4676988
	1142  -  MemoryUsage of job (MB)
	1169108  -  ResidentSetSize of job (KB)
...
006 (113484639.000.000) 2023-04-02 00:41:10 Image size of job updated: 4687848
	1146  -  MemoryUsage of job (MB)
	1173500  -  ResidentSetSize of job (KB)
...
006 (113484639.000.000) 2023-04-02 00:46:10 Image size of job updated: 4687848
	1147  -  MemoryUsage of job (MB)
	1173740  -  ResidentSetSize of job (KB)
...
006 (113484639.000.000) 2023-04-02 00:51:11 Image size of job updated: 4699564
	1147  -  MemoryUsage of job (MB)
	1173740  -  ResidentSetSize of job (KB)
...
006 (113484639.000.000) 2023-04-02 01:11:14 Image size of job updated: 4699564
	1150  -  MemoryUsage of job (MB)
	1177372  -  ResidentSetSize of job (KB)
...
006 (113484639.000.000) 2023-04-02 01:26:15 Image size of job updated: 4699564
	1151  -  MemoryUsage of job (MB)
	1177984  -  ResidentSetSize of job (KB)
...
006 (113484639.000.000) 2023-04-02 01:31:15 Image size of job updated: 4704592
	1153  -  MemoryUsage of job (MB)
	1180412  -  ResidentSetSize of job (KB)
...
006 (113484639.000.000) 2023-04-02 01:36:15 Image size of job updated: 4704592
	1154  -  MemoryUsage of job (MB)
	1181216  -  ResidentSetSize of job (KB)
...
006 (113484639.000.000) 2023-04-02 01:41:16 Image size of job updated: 4704592
	1155  -  MemoryUsage of job (MB)
	1182148  -  ResidentSetSize of job (KB)
...
006 (113484639.000.000) 2023-04-02 01:46:17 Image size of job updated: 4704592
	1157  -  MemoryUsage of job (MB)
	1183760  -  ResidentSetSize of job (KB)
...
006 (113484639.000.000) 2023-04-02 01:51:17 Image size of job updated: 4704592
	1159  -  MemoryUsage of job (MB)
	1186292  -  ResidentSetSize of job (KB)
...
006 (113484639.000.000) 2023-04-02 01:56:18 Image size of job updated: 4704592
	1225  -  MemoryUsage of job (MB)
	1253884  -  ResidentSetSize of job (KB)
...
006 (113484639.000.000) 2023-04-02 02:16:20 Image size of job updated: 4717080
	1225  -  MemoryUsage of job (MB)
	1253884  -  ResidentSetSize of job (KB)
...
006 (113484639.000.000) 2023-04-02 02:26:20 Image size of job updated: 4717080
	1231  -  MemoryUsage of job (MB)
	1259716  -  ResidentSetSize of job (KB)
...
006 (113484639.000.000) 2023-04-02 03:06:25 Image size of job updated: 4729788
	1231  -  MemoryUsage of job (MB)
	1259716  -  ResidentSetSize of job (KB)
...
006 (113484639.000.000) 2023-04-02 03:31:26 Image size of job updated: 4731336
	1231  -  MemoryUsage of job (MB)
	1259716  -  ResidentSetSize of job (KB)
...
006 (113484639.000.000) 2023-04-02 03:46:28 Image size of job updated: 4735580
	1231  -  MemoryUsage of job (MB)
	1259716  -  ResidentSetSize of job (KB)
...
006 (113484639.000.000) 2023-04-02 04:01:30 Image size of job updated: 4741872
	1231  -  MemoryUsage of job (MB)
	1259716  -  ResidentSetSize of job (KB)
...
006 (113484639.000.000) 2023-04-02 04:16:31 Image size of job updated: 4744696
	1231  -  MemoryUsage of job (MB)
	1259716  -  ResidentSetSize of job (KB)
...
006 (113484639.000.000) 2023-04-02 04:36:33 Image size of job updated: 4746796
	1231  -  MemoryUsage of job (MB)
	1259716  -  ResidentSetSize of job (KB)
...
006 (113484639.000.000) 2023-04-02 04:51:35 Image size of job updated: 4752404
	1231  -  MemoryUsage of job (MB)
	1259716  -  ResidentSetSize of job (KB)
...
006 (113484639.000.000) 2023-04-02 05:36:40 Image size of job updated: 4766020
	1231  -  MemoryUsage of job (MB)
	1259716  -  ResidentSetSize of job (KB)
...
006 (113484639.000.000) 2023-04-02 05:46:41 Image size of job updated: 4773540
	1231  -  MemoryUsage of job (MB)
	1259716  -  ResidentSetSize of job (KB)
...
006 (113484639.000.000) 2023-04-02 06:06:43 Image size of job updated: 4773564
	1231  -  MemoryUsage of job (MB)
	1259716  -  ResidentSetSize of job (KB)
...
006 (113484639.000.000) 2023-04-02 06:46:47 Image size of job updated: 4781744
	1231  -  MemoryUsage of job (MB)
	1259716  -  ResidentSetSize of job (KB)
...
006 (113484639.000.000) 2023-04-02 06:56:49 Image size of job updated: 4793680
	1231  -  MemoryUsage of job (MB)
	1259716  -  ResidentSetSize of job (KB)
...
006 (113484639.000.000) 2023-04-02 07:36:52 Image size of job updated: 4793680
	1268  -  MemoryUsage of job (MB)
	1297848  -  ResidentSetSize of job (KB)
...
006 (113484639.000.000) 2023-04-02 09:42:06 Image size of job updated: 4796164
	1268  -  MemoryUsage of job (MB)
	1297848  -  ResidentSetSize of job (KB)
...
006 (113484639.000.000) 2023-04-02 09:57:07 Image size of job updated: 4796276
	1268  -  MemoryUsage of job (MB)
	1297848  -  ResidentSetSize of job (KB)
...
006 (113484639.000.000) 2023-04-02 10:12:08 Image size of job updated: 4801392
	1268  -  MemoryUsage of job (MB)
	1297848  -  ResidentSetSize of job (KB)
...
006 (113484639.000.000) 2023-04-02 10:22:09 Image size of job updated: 4802540
	1268  -  MemoryUsage of job (MB)
	1297848  -  ResidentSetSize of job (KB)
...
006 (113484639.000.000) 2023-04-02 10:42:11 Image size of job updated: 4807920
	1268  -  MemoryUsage of job (MB)
	1297848  -  ResidentSetSize of job (KB)
...
006 (113484639.000.000) 2023-04-02 11:17:14 Image size of job updated: 4816432
	1268  -  MemoryUsage of job (MB)
	1297848  -  ResidentSetSize of job (KB)
...
006 (113484639.000.000) 2023-04-02 12:02:18 Image size of job updated: 4821448
	1268  -  MemoryUsage of job (MB)
	1297848  -  ResidentSetSize of job (KB)
...
006 (113484639.000.000) 2023-04-02 12:17:20 Image size of job updated: 4825440
	1268  -  MemoryUsage of job (MB)
	1297848  -  ResidentSetSize of job (KB)
...
006 (113484639.000.000) 2023-04-02 12:32:22 Image size of job updated: 4841076
	1268  -  MemoryUsage of job (MB)
	1297848  -  ResidentSetSize of job (KB)
...
006 (113484639.000.000) 2023-04-02 12:57:25 Image size of job updated: 4851676
	1268  -  MemoryUsage of job (MB)
	1297848  -  ResidentSetSize of job (KB)
...
006 (113484639.000.000) 2023-04-02 14:07:31 Image size of job updated: 4852320
	1268  -  MemoryUsage of job (MB)
	1297848  -  ResidentSetSize of job (KB)
...
006 (113484639.000.000) 2023-04-02 14:42:35 Image size of job updated: 4861588
	1268  -  MemoryUsage of job (MB)
	1297848  -  ResidentSetSize of job (KB)
...
006 (113484639.000.000) 2023-04-02 14:57:36 Image size of job updated: 4873956
	1268  -  MemoryUsage of job (MB)
	1297848  -  ResidentSetSize of job (KB)
...
004 (113484639.000.000) 2023-04-02 15:01:10 Job was evicted.
	(0) CPU times
		Usr 2 08:23:11, Sys 0 00:14:13  -  Run Remote Usage
		Usr 0 00:00:00, Sys 0 00:00:00  -  Run Local Usage
	0  -  Run Bytes Sent By Job
	381  -  Run Bytes Received By Job
	Partitionable Resources :    Usage  Request Allocated 
	   Cpus                 :     2.76        1         1 
	   Disk (KB)            :  1404      500000    609620 
	   GPUs                 :                           0 
	   Memory (MB)          :  1268       20000     20096 
...
040 (113484639.000.000) 2023-04-02 15:03:42 Started transferring input files
	Transferring to host: <10.14.9.96:9618?addrs=10.14.9.96-9618&alias=node2096.cluster.ldas.cit&noUDP&sock=slot1_8_4124544_1f24_14450>
...
040 (113484639.000.000) 2023-04-02 15:03:42 Finished transferring input files
...
001 (113484639.000.000) 2023-04-02 15:03:43 Job executing on host: <10.14.9.96:9618?addrs=10.14.9.96-9618&alias=node2096.cluster.ldas.cit&noUDP&sock=startd_910437_a231>
...
006 (113484639.000.000) 2023-04-03 03:00:05 Image size of job updated: 5000000
	1471  -  MemoryUsage of job (MB)
	1506140  -  ResidentSetSize of job (KB)
...
006 (113484639.000.000) 2023-04-03 03:25:08 Image size of job updated: 5000000
	1477  -  MemoryUsage of job (MB)
	1512164  -  ResidentSetSize of job (KB)
...
006 (113484639.000.000) 2023-04-03 03:30:08 Image size of job updated: 5000000
	1480  -  MemoryUsage of job (MB)
	1514504  -  ResidentSetSize of job (KB)
...
006 (113484639.000.000) 2023-04-03 04:11:12 Image size of job updated: 13179780
	1480  -  MemoryUsage of job (MB)
	1514504  -  ResidentSetSize of job (KB)
...
040 (113484639.000.000) 2023-04-03 04:11:12 Started transferring output files
...
040 (113484639.000.000) 2023-04-03 04:11:12 Finished transferring output files
...
005 (113484639.000.000) 2023-04-03 04:11:12 Job terminated.
	(1) Normal termination (return value 0)
		Usr 1 16:05:35, Sys 0 00:02:36  -  Run Remote Usage
		Usr 0 00:00:00, Sys 0 00:00:00  -  Run Local Usage
		Usr 4 00:28:46, Sys 0 00:16:49  -  Total Remote Usage
		Usr 0 00:00:00, Sys 0 00:00:00  -  Total Local Usage
	518650  -  Run Bytes Sent By Job
	381  -  Run Bytes Received By Job
	518650  -  Total Bytes Sent By Job
	762  -  Total Bytes Received By Job
	Partitionable Resources :    Usage  Request Allocated 
	   Cpus                 :     1.00        1         1 
	   Disk (KB)            :   530      500000    609620 
	   GPUs                 :                           0 
	   Memory (MB)          :  1480       20000     20096 

	Job terminated of its own accord at 2023-04-03T11:11:12Z with exit-code 0.
...
