14:13 bilby INFO    : Waveform generator initiated with
  frequency_domain_source_model: bilby.gw.source.lal_binary_black_hole
  time_domain_source_model: None
  parameter_conversion: bilby.gw.conversion.convert_to_lal_binary_black_hole_parameters
14:13 bilby INFO    : Injected signal in H1:
14:13 bilby INFO    :   optimal SNR = 6.77
14:13 bilby INFO    :   matched filter SNR = 7.90-0.09j
14:13 bilby INFO    :   mass_1 = 83.15233502941037
14:13 bilby INFO    :   mass_2 = 58.95905618168082
14:13 bilby INFO    :   a_1 = 0.19277951404854904
14:13 bilby INFO    :   a_2 = 0.18773062285401718
14:13 bilby INFO    :   tilt_1 = 1.7167870303855044
14:13 bilby INFO    :   tilt_2 = 1.0741783697326568
14:13 bilby INFO    :   phi_12 = 3.706975424353686
14:13 bilby INFO    :   phi_jl = 1.1615062557845215
14:13 bilby INFO    :   luminosity_distance = 4998.096072109
14:13 bilby INFO    :   theta_jn = 2.7465784451456874
14:13 bilby INFO    :   psi = 0.31004597840000003
14:13 bilby INFO    :   phase = 0.1171669176
14:13 bilby INFO    :   geocent_time = 1126259642.413
14:13 bilby INFO    :   ra = 0.7465112949
14:13 bilby INFO    :   dec = 3.7440665663
14:13 bilby INFO    : Injected signal in L1:
14:13 bilby INFO    :   optimal SNR = 8.95
14:13 bilby INFO    :   matched filter SNR = 11.08-0.04j
14:13 bilby INFO    :   mass_1 = 83.15233502941037
14:13 bilby INFO    :   mass_2 = 58.95905618168082
14:13 bilby INFO    :   a_1 = 0.19277951404854904
14:13 bilby INFO    :   a_2 = 0.18773062285401718
14:13 bilby INFO    :   tilt_1 = 1.7167870303855044
14:13 bilby INFO    :   tilt_2 = 1.0741783697326568
14:13 bilby INFO    :   phi_12 = 3.706975424353686
14:13 bilby INFO    :   phi_jl = 1.1615062557845215
14:13 bilby INFO    :   luminosity_distance = 4998.096072109
14:13 bilby INFO    :   theta_jn = 2.7465784451456874
14:13 bilby INFO    :   psi = 0.31004597840000003
14:13 bilby INFO    :   phase = 0.1171669176
14:13 bilby INFO    :   geocent_time = 1126259642.413
14:13 bilby INFO    :   ra = 0.7465112949
14:13 bilby INFO    :   dec = 3.7440665663
14:13 bilby INFO    : Injected signal in V1:
14:13 bilby INFO    :   optimal SNR = 1.57
14:13 bilby INFO    :   matched filter SNR = 1.06-0.04j
14:13 bilby INFO    :   mass_1 = 83.15233502941037
14:13 bilby INFO    :   mass_2 = 58.95905618168082
14:13 bilby INFO    :   a_1 = 0.19277951404854904
14:13 bilby INFO    :   a_2 = 0.18773062285401718
14:13 bilby INFO    :   tilt_1 = 1.7167870303855044
14:13 bilby INFO    :   tilt_2 = 1.0741783697326568
14:13 bilby INFO    :   phi_12 = 3.706975424353686
14:13 bilby INFO    :   phi_jl = 1.1615062557845215
14:13 bilby INFO    :   luminosity_distance = 4998.096072109
14:13 bilby INFO    :   theta_jn = 2.7465784451456874
14:13 bilby INFO    :   psi = 0.31004597840000003
14:13 bilby INFO    :   phase = 0.1171669176
14:13 bilby INFO    :   geocent_time = 1126259642.413
14:13 bilby INFO    :   ra = 0.7465112949
14:13 bilby INFO    :   dec = 3.7440665663
14:13 bilby INFO    : Running for label 'job_00316_justSpin', output will be saved to '/home/simona.miller/comp-spin-mock-injections/Data/IndividualInferenceOutput/new_bilby/population2_mediumSpin_highmass'
14:13 bilby INFO    : Using lal version 7.3.0
14:13 bilby INFO    : Using lal git version Branch: None;Tag: lalsuite-v7.13;Id: ec1fcb1d2d1dab69321fdb8f0afef1f867b11e06;;Builder: Unknown User <>;Repository status: UNCLEAN: Modified working tree
14:13 bilby INFO    : Using lalsimulation version 5.0.0
14:13 bilby INFO    : Using lalsimulation git version Branch: None;Tag: lalsuite-v7.13;Id: ec1fcb1d2d1dab69321fdb8f0afef1f867b11e06;;Builder: Unknown User <>;Repository status: UNCLEAN: Modified working tree
14:13 bilby INFO    : Analysis priors:
14:13 bilby INFO    : a_1=Uniform(minimum=0, maximum=0.99, name='a_1', latex_label='$a_1$', unit=None, boundary=None)
14:13 bilby INFO    : a_2=Uniform(minimum=0, maximum=0.99, name='a_2', latex_label='$a_2$', unit=None, boundary=None)
14:13 bilby INFO    : tilt_1=Sine(minimum=0, maximum=3.141592653589793, name='tilt_1', latex_label='$\\theta_1$', unit=None, boundary=None)
14:13 bilby INFO    : tilt_2=Sine(minimum=0, maximum=3.141592653589793, name='tilt_2', latex_label='$\\theta_2$', unit=None, boundary=None)
14:13 bilby INFO    : ra=0.7465112949
14:13 bilby INFO    : dec=3.7440665663
14:13 bilby INFO    : geocent_time=1126259642.413
14:13 bilby INFO    : phase=0.1171669176
14:13 bilby INFO    : psi=0.31004597840000003
14:13 bilby INFO    : luminosity_distance=4998.096072109
14:13 bilby INFO    : theta_jn=2.7465784451456874
14:13 bilby INFO    : mass_1=83.15233502941037
14:13 bilby INFO    : mass_2=58.95905618168082
14:13 bilby INFO    : phi_12=3.706975424353686
14:13 bilby INFO    : phi_jl=1.1615062557845215
14:13 bilby INFO    : Analysis likelihood class: <class 'bilby.gw.likelihood.base.GravitationalWaveTransient'>
14:13 bilby INFO    : Analysis likelihood noise evidence: -24445.23340639333
14:13 bilby INFO    : Single likelihood evaluation took 1.502e-02 s
14:13 bilby INFO    : Checkpoint every check_point_delta_t = 600s
14:13 bilby WARNING : Using cached result
14:13 bilby INFO    : Summary of results:
nsamples: 5908
ln_noise_evidence: -24445.233
ln_evidence: -24357.726 +/-  0.040
ln_bayes_factor: 87.508 +/-  0.040

