000 (113449832.000.000) 2023-03-29 17:01:33 Job submitted from host: <10.14.0.160:9618?addrs=10.14.0.160-9618&alias=ldas-pcdev2.ligo.caltech.edu&noUDP&sock=schedd_7450_a8a7>
    DAG Node: 442
...
040 (113449832.000.000) 2023-03-29 17:39:48 Started transferring input files
	Transferring to host: <10.14.9.194:9618?addrs=10.14.9.194-9618&alias=node2194.cluster.ldas.cit&noUDP&sock=slot1_2_189911_3ac4_88891>
...
040 (113449832.000.000) 2023-03-29 17:39:48 Finished transferring input files
...
001 (113449832.000.000) 2023-03-29 17:39:49 Job executing on host: <10.14.9.194:9618?addrs=10.14.9.194-9618&alias=node2194.cluster.ldas.cit&noUDP&sock=startd_189641_87e3>
...
006 (113449832.000.000) 2023-03-29 17:39:49 Image size of job updated: 1
	0  -  MemoryUsage of job (MB)
	0  -  ResidentSetSize of job (KB)
...
040 (113449832.000.000) 2023-03-29 17:39:49 Started transferring output files
...
040 (113449832.000.000) 2023-03-29 17:39:49 Finished transferring output files
...
005 (113449832.000.000) 2023-03-29 17:39:49 Job terminated.
	(1) Normal termination (return value 127)
		Usr 0 00:00:00, Sys 0 00:00:00  -  Run Remote Usage
		Usr 0 00:00:00, Sys 0 00:00:00  -  Run Local Usage
		Usr 0 00:00:00, Sys 0 00:00:00  -  Total Remote Usage
		Usr 0 00:00:00, Sys 0 00:00:00  -  Total Local Usage
	407  -  Run Bytes Sent By Job
	381  -  Run Bytes Received By Job
	407  -  Total Bytes Sent By Job
	381  -  Total Bytes Received By Job
	Partitionable Resources :    Usage  Request Allocated 
	   Cpus                 :                 1         1 
	   Disk (KB)            :       14   500000    561711 
	   GPUs                 :                           0 
	   Memory (MB)          :        0    20000     20096 

	Job terminated of its own accord at 2023-03-30T00:39:49Z with exit-code 127.
...
000 (113484647.000.000) 2023-04-01 14:23:08 Job submitted from host: <10.14.0.160:9618?addrs=10.14.0.160-9618&alias=ldas-pcdev2.ligo.caltech.edu&noUDP&sock=schedd_7450_a8a7>
    DAG Node: 442
...
040 (113484647.000.000) 2023-04-01 14:24:54 Started transferring input files
	Transferring to host: <10.14.10.125:9618?addrs=10.14.10.125-9618&alias=node2375.cluster.ldas.cit&noUDP&sock=slot1_3_4170239_6206_27119>
...
040 (113484647.000.000) 2023-04-01 14:24:54 Finished transferring input files
...
001 (113484647.000.000) 2023-04-01 14:24:55 Job executing on host: <10.14.10.125:9618?addrs=10.14.10.125-9618&alias=node2375.cluster.ldas.cit&noUDP&sock=startd_4089_4ad8>
...
006 (113484647.000.000) 2023-04-01 14:25:04 Image size of job updated: 159632
	100  -  MemoryUsage of job (MB)
	101956  -  ResidentSetSize of job (KB)
...
006 (113484647.000.000) 2023-04-01 14:30:05 Image size of job updated: 4236688
	303  -  MemoryUsage of job (MB)
	309808  -  ResidentSetSize of job (KB)
...
006 (113484647.000.000) 2023-04-01 14:35:05 Image size of job updated: 4246388
	314  -  MemoryUsage of job (MB)
	320896  -  ResidentSetSize of job (KB)
...
006 (113484647.000.000) 2023-04-01 14:40:05 Image size of job updated: 4284180
	433  -  MemoryUsage of job (MB)
	443388  -  ResidentSetSize of job (KB)
...
006 (113484647.000.000) 2023-04-01 14:45:06 Image size of job updated: 4343080
	436  -  MemoryUsage of job (MB)
	445944  -  ResidentSetSize of job (KB)
...
006 (113484647.000.000) 2023-04-01 14:50:06 Image size of job updated: 4345020
	454  -  MemoryUsage of job (MB)
	464500  -  ResidentSetSize of job (KB)
...
006 (113484647.000.000) 2023-04-01 14:55:06 Image size of job updated: 4359436
	454  -  MemoryUsage of job (MB)
	464500  -  ResidentSetSize of job (KB)
...
006 (113484647.000.000) 2023-04-01 15:00:08 Image size of job updated: 4359692
	454  -  MemoryUsage of job (MB)
	464500  -  ResidentSetSize of job (KB)
...
006 (113484647.000.000) 2023-04-01 15:05:08 Image size of job updated: 4376180
	470  -  MemoryUsage of job (MB)
	481024  -  ResidentSetSize of job (KB)
...
006 (113484647.000.000) 2023-04-01 15:10:08 Image size of job updated: 4380204
	471  -  MemoryUsage of job (MB)
	481368  -  ResidentSetSize of job (KB)
...
006 (113484647.000.000) 2023-04-01 15:15:10 Image size of job updated: 4392720
	478  -  MemoryUsage of job (MB)
	488772  -  ResidentSetSize of job (KB)
...
006 (113484647.000.000) 2023-04-01 15:25:10 Image size of job updated: 4421040
	511  -  MemoryUsage of job (MB)
	522796  -  ResidentSetSize of job (KB)
...
006 (113484647.000.000) 2023-04-01 15:30:11 Image size of job updated: 4421040
	513  -  MemoryUsage of job (MB)
	525280  -  ResidentSetSize of job (KB)
...
006 (113484647.000.000) 2023-04-01 15:35:12 Image size of job updated: 4435496
	520  -  MemoryUsage of job (MB)
	532180  -  ResidentSetSize of job (KB)
...
006 (113484647.000.000) 2023-04-01 15:40:12 Image size of job updated: 4435496
	522  -  MemoryUsage of job (MB)
	533672  -  ResidentSetSize of job (KB)
...
006 (113484647.000.000) 2023-04-01 15:45:14 Image size of job updated: 4454392
	543  -  MemoryUsage of job (MB)
	555984  -  ResidentSetSize of job (KB)
...
006 (113484647.000.000) 2023-04-01 15:50:14 Image size of job updated: 4454392
	571  -  MemoryUsage of job (MB)
	583720  -  ResidentSetSize of job (KB)
...
006 (113484647.000.000) 2023-04-01 15:55:14 Image size of job updated: 4454392
	602  -  MemoryUsage of job (MB)
	615872  -  ResidentSetSize of job (KB)
...
006 (113484647.000.000) 2023-04-01 16:00:15 Image size of job updated: 4466872
	609  -  MemoryUsage of job (MB)
	623216  -  ResidentSetSize of job (KB)
...
006 (113484647.000.000) 2023-04-01 16:15:18 Image size of job updated: 4466872
	634  -  MemoryUsage of job (MB)
	648512  -  ResidentSetSize of job (KB)
...
006 (113484647.000.000) 2023-04-01 16:20:18 Image size of job updated: 4475644
	677  -  MemoryUsage of job (MB)
	692988  -  ResidentSetSize of job (KB)
...
006 (113484647.000.000) 2023-04-01 16:25:18 Image size of job updated: 4475644
	708  -  MemoryUsage of job (MB)
	724100  -  ResidentSetSize of job (KB)
...
006 (113484647.000.000) 2023-04-01 16:30:19 Image size of job updated: 4477464
	737  -  MemoryUsage of job (MB)
	754624  -  ResidentSetSize of job (KB)
...
006 (113484647.000.000) 2023-04-01 16:35:19 Image size of job updated: 4481304
	737  -  MemoryUsage of job (MB)
	754624  -  ResidentSetSize of job (KB)
...
006 (113484647.000.000) 2023-04-01 16:40:19 Image size of job updated: 4483856
	755  -  MemoryUsage of job (MB)
	772508  -  ResidentSetSize of job (KB)
...
006 (113484647.000.000) 2023-04-01 16:45:21 Image size of job updated: 4519196
	775  -  MemoryUsage of job (MB)
	792616  -  ResidentSetSize of job (KB)
...
006 (113484647.000.000) 2023-04-01 16:50:21 Image size of job updated: 4519196
	777  -  MemoryUsage of job (MB)
	795476  -  ResidentSetSize of job (KB)
...
006 (113484647.000.000) 2023-04-01 16:55:21 Image size of job updated: 4526256
	810  -  MemoryUsage of job (MB)
	829204  -  ResidentSetSize of job (KB)
...
006 (113484647.000.000) 2023-04-01 17:00:22 Image size of job updated: 4526256
	811  -  MemoryUsage of job (MB)
	829680  -  ResidentSetSize of job (KB)
...
006 (113484647.000.000) 2023-04-01 17:05:23 Image size of job updated: 4532104
	816  -  MemoryUsage of job (MB)
	835396  -  ResidentSetSize of job (KB)
...
006 (113484647.000.000) 2023-04-01 17:10:23 Image size of job updated: 4537352
	819  -  MemoryUsage of job (MB)
	837832  -  ResidentSetSize of job (KB)
...
006 (113484647.000.000) 2023-04-01 17:15:24 Image size of job updated: 4537352
	831  -  MemoryUsage of job (MB)
	850932  -  ResidentSetSize of job (KB)
...
006 (113484647.000.000) 2023-04-01 17:20:25 Image size of job updated: 4537352
	841  -  MemoryUsage of job (MB)
	860900  -  ResidentSetSize of job (KB)
...
006 (113484647.000.000) 2023-04-01 17:25:25 Image size of job updated: 4537352
	946  -  MemoryUsage of job (MB)
	968560  -  ResidentSetSize of job (KB)
...
006 (113484647.000.000) 2023-04-01 17:30:26 Image size of job updated: 4542732
	1018  -  MemoryUsage of job (MB)
	1042364  -  ResidentSetSize of job (KB)
...
006 (113484647.000.000) 2023-04-01 17:35:27 Image size of job updated: 4542956
	1018  -  MemoryUsage of job (MB)
	1042364  -  ResidentSetSize of job (KB)
...
006 (113484647.000.000) 2023-04-01 17:40:27 Image size of job updated: 4552644
	1030  -  MemoryUsage of job (MB)
	1054236  -  ResidentSetSize of job (KB)
...
006 (113484647.000.000) 2023-04-01 17:45:28 Image size of job updated: 4554768
	1030  -  MemoryUsage of job (MB)
	1054236  -  ResidentSetSize of job (KB)
...
006 (113484647.000.000) 2023-04-01 18:10:31 Image size of job updated: 4560900
	1030  -  MemoryUsage of job (MB)
	1054236  -  ResidentSetSize of job (KB)
...
006 (113484647.000.000) 2023-04-01 18:30:32 Image size of job updated: 4568104
	1049  -  MemoryUsage of job (MB)
	1074060  -  ResidentSetSize of job (KB)
...
006 (113484647.000.000) 2023-04-01 18:45:34 Image size of job updated: 4570876
	1051  -  MemoryUsage of job (MB)
	1076020  -  ResidentSetSize of job (KB)
...
006 (113484647.000.000) 2023-04-01 18:50:35 Image size of job updated: 4573884
	1058  -  MemoryUsage of job (MB)
	1083208  -  ResidentSetSize of job (KB)
...
006 (113484647.000.000) 2023-04-01 18:55:35 Image size of job updated: 4585340
	1062  -  MemoryUsage of job (MB)
	1086740  -  ResidentSetSize of job (KB)
...
006 (113484647.000.000) 2023-04-01 19:05:36 Image size of job updated: 4585428
	1070  -  MemoryUsage of job (MB)
	1095232  -  ResidentSetSize of job (KB)
...
006 (113484647.000.000) 2023-04-01 19:15:36 Image size of job updated: 4585932
	1070  -  MemoryUsage of job (MB)
	1095232  -  ResidentSetSize of job (KB)
...
006 (113484647.000.000) 2023-04-01 19:20:37 Image size of job updated: 4587920
	1076  -  MemoryUsage of job (MB)
	1101684  -  ResidentSetSize of job (KB)
...
006 (113484647.000.000) 2023-04-01 19:25:37 Image size of job updated: 4589252
	1076  -  MemoryUsage of job (MB)
	1101684  -  ResidentSetSize of job (KB)
...
006 (113484647.000.000) 2023-04-01 19:35:38 Image size of job updated: 4589328
	1076  -  MemoryUsage of job (MB)
	1101684  -  ResidentSetSize of job (KB)
...
006 (113484647.000.000) 2023-04-01 19:40:38 Image size of job updated: 4592560
	1076  -  MemoryUsage of job (MB)
	1101684  -  ResidentSetSize of job (KB)
...
006 (113484647.000.000) 2023-04-01 19:50:39 Image size of job updated: 4603032
	1089  -  MemoryUsage of job (MB)
	1114204  -  ResidentSetSize of job (KB)
...
006 (113484647.000.000) 2023-04-01 20:00:39 Image size of job updated: 4609632
	1089  -  MemoryUsage of job (MB)
	1114204  -  ResidentSetSize of job (KB)
...
006 (113484647.000.000) 2023-04-01 20:20:41 Image size of job updated: 4611956
	1099  -  MemoryUsage of job (MB)
	1124992  -  ResidentSetSize of job (KB)
...
006 (113484647.000.000) 2023-04-01 20:25:41 Image size of job updated: 4614276
	1099  -  MemoryUsage of job (MB)
	1124992  -  ResidentSetSize of job (KB)
...
006 (113484647.000.000) 2023-04-01 20:50:43 Image size of job updated: 4614276
	1178  -  MemoryUsage of job (MB)
	1205412  -  ResidentSetSize of job (KB)
...
006 (113484647.000.000) 2023-04-01 20:55:43 Image size of job updated: 4624756
	1178  -  MemoryUsage of job (MB)
	1205412  -  ResidentSetSize of job (KB)
...
006 (113484647.000.000) 2023-04-01 21:05:44 Image size of job updated: 4680604
	1178  -  MemoryUsage of job (MB)
	1205412  -  ResidentSetSize of job (KB)
...
006 (113484647.000.000) 2023-04-01 21:15:44 Image size of job updated: 4689420
	1178  -  MemoryUsage of job (MB)
	1205412  -  ResidentSetSize of job (KB)
...
006 (113484647.000.000) 2023-04-01 22:40:53 Image size of job updated: 4734788
	1178  -  MemoryUsage of job (MB)
	1205412  -  ResidentSetSize of job (KB)
...
006 (113484647.000.000) 2023-04-01 23:51:02 Image size of job updated: 4734788
	1180  -  MemoryUsage of job (MB)
	1207700  -  ResidentSetSize of job (KB)
...
006 (113484647.000.000) 2023-04-01 23:56:03 Image size of job updated: 4772516
	1180  -  MemoryUsage of job (MB)
	1207700  -  ResidentSetSize of job (KB)
...
006 (113484647.000.000) 2023-04-02 00:01:03 Image size of job updated: 4772516
	1184  -  MemoryUsage of job (MB)
	1211780  -  ResidentSetSize of job (KB)
...
006 (113484647.000.000) 2023-04-02 00:41:09 Image size of job updated: 4772516
	1184  -  MemoryUsage of job (MB)
	1212136  -  ResidentSetSize of job (KB)
...
006 (113484647.000.000) 2023-04-02 00:46:09 Image size of job updated: 4772516
	1201  -  MemoryUsage of job (MB)
	1229700  -  ResidentSetSize of job (KB)
...
006 (113484647.000.000) 2023-04-02 00:51:10 Image size of job updated: 4776348
	1214  -  MemoryUsage of job (MB)
	1243036  -  ResidentSetSize of job (KB)
...
006 (113484647.000.000) 2023-04-02 02:16:21 Image size of job updated: 4836180
	1227  -  MemoryUsage of job (MB)
	1255996  -  ResidentSetSize of job (KB)
...
006 (113484647.000.000) 2023-04-02 02:41:25 Image size of job updated: 4836180
	1229  -  MemoryUsage of job (MB)
	1257484  -  ResidentSetSize of job (KB)
...
006 (113484647.000.000) 2023-04-02 02:46:25 Image size of job updated: 4836180
	1230  -  MemoryUsage of job (MB)
	1259480  -  ResidentSetSize of job (KB)
...
006 (113484647.000.000) 2023-04-02 02:51:26 Image size of job updated: 4836180
	1233  -  MemoryUsage of job (MB)
	1262476  -  ResidentSetSize of job (KB)
...
006 (113484647.000.000) 2023-04-02 03:30:53 Image size of job updated: 9292652
	1233  -  MemoryUsage of job (MB)
	1262476  -  ResidentSetSize of job (KB)
...
040 (113484647.000.000) 2023-04-02 03:30:53 Started transferring output files
...
040 (113484647.000.000) 2023-04-02 03:30:53 Finished transferring output files
...
005 (113484647.000.000) 2023-04-02 03:30:53 Job terminated.
	(1) Normal termination (return value 0)
		Usr 1 06:16:28, Sys 0 00:02:50  -  Run Remote Usage
		Usr 0 00:00:00, Sys 0 00:00:00  -  Run Local Usage
		Usr 1 06:16:28, Sys 0 00:02:50  -  Total Remote Usage
		Usr 0 00:00:00, Sys 0 00:00:00  -  Total Local Usage
	1114606  -  Run Bytes Sent By Job
	381  -  Run Bytes Received By Job
	1114606  -  Total Bytes Sent By Job
	381  -  Total Bytes Received By Job
	Partitionable Resources :    Usage  Request Allocated 
	   Cpus                 :     2.13        1         1 
	   Disk (KB)            :  1110      500000    624256 
	   GPUs                 :                           0 
	   Memory (MB)          :  1233       20000     20096 

	Job terminated of its own accord at 2023-04-02T10:30:53Z with exit-code 0.
...
