04:00 bilby INFO    : Waveform generator initiated with
  frequency_domain_source_model: bilby.gw.source.lal_binary_black_hole
  time_domain_source_model: None
  parameter_conversion: bilby.gw.conversion.convert_to_lal_binary_black_hole_parameters
04:00 bilby INFO    : Injected signal in H1:
04:00 bilby INFO    :   optimal SNR = 19.48
04:00 bilby INFO    :   matched filter SNR = 19.04-1.05j
04:00 bilby INFO    :   mass_1 = 25.40826719512073
04:00 bilby INFO    :   mass_2 = 23.738945486239626
04:00 bilby INFO    :   a_1 = 0.06304880194226865
04:00 bilby INFO    :   a_2 = 0.46421683185697976
04:00 bilby INFO    :   tilt_1 = 1.4355300426613353
04:00 bilby INFO    :   tilt_2 = 1.1578024237754412
04:00 bilby INFO    :   phi_12 = 0.7744091277354033
04:00 bilby INFO    :   phi_jl = 0.9385841047699948
04:00 bilby INFO    :   luminosity_distance = 634.0533311189
04:00 bilby INFO    :   theta_jn = 0.3801349507287448
04:00 bilby INFO    :   psi = 3.0949432051
04:00 bilby INFO    :   phase = 3.4175046003
04:00 bilby INFO    :   geocent_time = 1126259642.413
04:00 bilby INFO    :   ra = 2.6100133277
04:00 bilby INFO    :   dec = 2.5989202243
04:00 bilby INFO    : Injected signal in L1:
04:00 bilby INFO    :   optimal SNR = 12.38
04:00 bilby INFO    :   matched filter SNR = 12.11-0.88j
04:00 bilby INFO    :   mass_1 = 25.40826719512073
04:00 bilby INFO    :   mass_2 = 23.738945486239626
04:00 bilby INFO    :   a_1 = 0.06304880194226865
04:00 bilby INFO    :   a_2 = 0.46421683185697976
04:00 bilby INFO    :   tilt_1 = 1.4355300426613353
04:00 bilby INFO    :   tilt_2 = 1.1578024237754412
04:00 bilby INFO    :   phi_12 = 0.7744091277354033
04:00 bilby INFO    :   phi_jl = 0.9385841047699948
04:00 bilby INFO    :   luminosity_distance = 634.0533311189
04:00 bilby INFO    :   theta_jn = 0.3801349507287448
04:00 bilby INFO    :   psi = 3.0949432051
04:00 bilby INFO    :   phase = 3.4175046003
04:00 bilby INFO    :   geocent_time = 1126259642.413
04:00 bilby INFO    :   ra = 2.6100133277
04:00 bilby INFO    :   dec = 2.5989202243
04:00 bilby INFO    : Injected signal in V1:
04:00 bilby INFO    :   optimal SNR = 5.71
04:00 bilby INFO    :   matched filter SNR = 6.19-0.24j
04:00 bilby INFO    :   mass_1 = 25.40826719512073
04:00 bilby INFO    :   mass_2 = 23.738945486239626
04:00 bilby INFO    :   a_1 = 0.06304880194226865
04:00 bilby INFO    :   a_2 = 0.46421683185697976
04:00 bilby INFO    :   tilt_1 = 1.4355300426613353
04:00 bilby INFO    :   tilt_2 = 1.1578024237754412
04:00 bilby INFO    :   phi_12 = 0.7744091277354033
04:00 bilby INFO    :   phi_jl = 0.9385841047699948
04:00 bilby INFO    :   luminosity_distance = 634.0533311189
04:00 bilby INFO    :   theta_jn = 0.3801349507287448
04:00 bilby INFO    :   psi = 3.0949432051
04:00 bilby INFO    :   phase = 3.4175046003
04:00 bilby INFO    :   geocent_time = 1126259642.413
04:00 bilby INFO    :   ra = 2.6100133277
04:00 bilby INFO    :   dec = 2.5989202243
04:00 bilby INFO    : Running for label 'job_00122_fixedExtrinsic', output will be saved to '/home/simona.miller/comp-spin-mock-injections/Data/IndividualInferenceOutput/new_bilby/population2_mediumSpin_highmass'
04:00 bilby INFO    : Using lal version 7.3.0
04:00 bilby INFO    : Using lal git version Branch: None;Tag: lalsuite-v7.13;Id: ec1fcb1d2d1dab69321fdb8f0afef1f867b11e06;;Builder: Unknown User <>;Repository status: UNCLEAN: Modified working tree
04:00 bilby INFO    : Using lalsimulation version 5.0.0
04:00 bilby INFO    : Using lalsimulation git version Branch: None;Tag: lalsuite-v7.13;Id: ec1fcb1d2d1dab69321fdb8f0afef1f867b11e06;;Builder: Unknown User <>;Repository status: UNCLEAN: Modified working tree
04:00 bilby INFO    : Analysis priors:
04:00 bilby INFO    : chirp_mass=bilby.gw.prior.UniformInComponentsChirpMass(minimum=2, maximum=200, name='chirp_mass', latex_label='$\\mathcal{M}$', unit=None, boundary=None)
04:00 bilby INFO    : mass_ratio=bilby.gw.prior.UniformInComponentsMassRatio(minimum=0.05, maximum=1, name='mass_ratio', latex_label='$q$', unit=None, boundary=None, equal_mass=False)
04:00 bilby INFO    : a_1=Uniform(minimum=0, maximum=0.99, name='a_1', latex_label='$a_1$', unit=None, boundary=None)
04:00 bilby INFO    : a_2=Uniform(minimum=0, maximum=0.99, name='a_2', latex_label='$a_2$', unit=None, boundary=None)
04:00 bilby INFO    : tilt_1=Sine(minimum=0, maximum=3.141592653589793, name='tilt_1', latex_label='$\\theta_1$', unit=None, boundary=None)
04:00 bilby INFO    : tilt_2=Sine(minimum=0, maximum=3.141592653589793, name='tilt_2', latex_label='$\\theta_2$', unit=None, boundary=None)
04:00 bilby INFO    : phi_12=Uniform(minimum=0, maximum=6.283185307179586, name='phi_12', latex_label='$\\Delta\\phi$', unit=None, boundary='periodic')
04:00 bilby INFO    : phi_jl=Uniform(minimum=0, maximum=6.283185307179586, name='phi_jl', latex_label='$\\phi_{JL}$', unit=None, boundary='periodic')
04:00 bilby INFO    : mass_1=Constraint(minimum=15.408267195120729, maximum=35.40826719512073, name='mass_1', latex_label='$m_1$', unit=None)
04:00 bilby INFO    : mass_2=Constraint(minimum=13.738945486239626, maximum=33.73894548623963, name='mass_2', latex_label='$m_2$', unit=None)
04:00 bilby INFO    : ra=2.6100133277
04:00 bilby INFO    : dec=2.5989202243
04:00 bilby INFO    : geocent_time=1126259642.413
04:00 bilby INFO    : phase=3.4175046003
04:00 bilby INFO    : psi=3.0949432051
04:00 bilby INFO    : luminosity_distance=634.0533311189
04:00 bilby INFO    : theta_jn=0.3801349507287448
04:00 bilby INFO    : Analysis likelihood class: <class 'bilby.gw.likelihood.base.GravitationalWaveTransient'>
04:00 bilby INFO    : Analysis likelihood noise evidence: -24195.356515575833
04:00 bilby INFO    : Single likelihood evaluation took 1.059e-01 s
04:00 bilby INFO    : Using sampler Dynesty with kwargs {'nlive': 2000, 'bound': 'live', 'sample': 'act-walk', 'periodic': None, 'reflective': None, 'update_interval': 600, 'first_update': None, 'npdim': None, 'rstate': None, 'queue_size': 8, 'pool': None, 'use_pool': None, 'live_points': None, 'logl_args': None, 'logl_kwargs': None, 'ptform_args': None, 'ptform_kwargs': None, 'gradient': None, 'grad_args': None, 'grad_kwargs': None, 'compute_jac': False, 'enlarge': None, 'bootstrap': None, 'walks': 100, 'facc': 0.2, 'slices': None, 'fmove': 0.9, 'max_move': 100, 'update_func': None, 'ncdim': None, 'blob': False, 'save_history': False, 'history_filename': None, 'maxiter': None, 'maxcall': None, 'dlogz': 0.1, 'logl_max': inf, 'n_effective': None, 'add_live': True, 'print_progress': True, 'print_func': <bound method Dynesty._print_func of <bilby.core.sampler.dynesty.Dynesty object at 0x15366cd10970>>, 'save_bounds': False, 'checkpoint_file': None, 'checkpoint_every': 60, 'resume': False}
04:00 bilby INFO    : Checkpoint every check_point_delta_t = 600s
04:00 bilby INFO    : Using dynesty version 2.1.0
04:00 bilby INFO    : Using the bilby-implemented rwalk sampling tracking the autocorrelation function and thinning by 5 with maximum length 25000
04:00 bilby INFO    : Setting up multiproccesing pool with 8 processes
04:00 bilby INFO    : Reading resume file /home/simona.miller/comp-spin-mock-injections/Data/IndividualInferenceOutput/new_bilby/population2_mediumSpin_highmass/job_00122_fixedExtrinsic_resume.pickle
04:00 bilby INFO    : Resume file successfully loaded.
04:14 bilby INFO    : Written checkpoint file /home/simona.miller/comp-spin-mock-injections/Data/IndividualInferenceOutput/new_bilby/population2_mediumSpin_highmass/job_00122_fixedExtrinsic_resume.pickle
04:28 bilby INFO    : Written checkpoint file /home/simona.miller/comp-spin-mock-injections/Data/IndividualInferenceOutput/new_bilby/population2_mediumSpin_highmass/job_00122_fixedExtrinsic_resume.pickle
04:47 bilby INFO    : Written checkpoint file /home/simona.miller/comp-spin-mock-injections/Data/IndividualInferenceOutput/new_bilby/population2_mediumSpin_highmass/job_00122_fixedExtrinsic_resume.pickle
05:03 bilby INFO    : Written checkpoint file /home/simona.miller/comp-spin-mock-injections/Data/IndividualInferenceOutput/new_bilby/population2_mediumSpin_highmass/job_00122_fixedExtrinsic_resume.pickle
05:36 bilby INFO    : Written checkpoint file /home/simona.miller/comp-spin-mock-injections/Data/IndividualInferenceOutput/new_bilby/population2_mediumSpin_highmass/job_00122_fixedExtrinsic_resume.pickle
05:59 bilby INFO    : Written checkpoint file /home/simona.miller/comp-spin-mock-injections/Data/IndividualInferenceOutput/new_bilby/population2_mediumSpin_highmass/job_00122_fixedExtrinsic_resume.pickle
06:20 bilby INFO    : Written checkpoint file /home/simona.miller/comp-spin-mock-injections/Data/IndividualInferenceOutput/new_bilby/population2_mediumSpin_highmass/job_00122_fixedExtrinsic_resume.pickle
06:35 bilby INFO    : Written checkpoint file /home/simona.miller/comp-spin-mock-injections/Data/IndividualInferenceOutput/new_bilby/population2_mediumSpin_highmass/job_00122_fixedExtrinsic_resume.pickle
06:56 bilby INFO    : Written checkpoint file /home/simona.miller/comp-spin-mock-injections/Data/IndividualInferenceOutput/new_bilby/population2_mediumSpin_highmass/job_00122_fixedExtrinsic_resume.pickle
07:59 bilby INFO    : Written checkpoint file /home/simona.miller/comp-spin-mock-injections/Data/IndividualInferenceOutput/new_bilby/population2_mediumSpin_highmass/job_00122_fixedExtrinsic_resume.pickle
08:26 bilby INFO    : Written checkpoint file /home/simona.miller/comp-spin-mock-injections/Data/IndividualInferenceOutput/new_bilby/population2_mediumSpin_highmass/job_00122_fixedExtrinsic_resume.pickle
08:57 bilby INFO    : Written checkpoint file /home/simona.miller/comp-spin-mock-injections/Data/IndividualInferenceOutput/new_bilby/population2_mediumSpin_highmass/job_00122_fixedExtrinsic_resume.pickle
09:22 bilby INFO    : Written checkpoint file /home/simona.miller/comp-spin-mock-injections/Data/IndividualInferenceOutput/new_bilby/population2_mediumSpin_highmass/job_00122_fixedExtrinsic_resume.pickle
09:26 bilby INFO    : Written checkpoint file /home/simona.miller/comp-spin-mock-injections/Data/IndividualInferenceOutput/new_bilby/population2_mediumSpin_highmass/job_00122_fixedExtrinsic_resume.pickle
09:27 bilby INFO    : Starting to close worker pool.
09:27 bilby INFO    : Finished closing worker pool.
09:29 bilby INFO    : Rejection sampling nested samples to obtain 11647 posterior samples
09:29 bilby INFO    : Sampling time: 6 days, 14:02:39.333626
09:32 bilby INFO    : Computing per-detector log likelihoods.
09:32 bilby INFO    : Using a pool with size 8 for nsamples=11647
09:35 bilby INFO    : Generating sky frame parameters.
09:35 bilby INFO    : Computing SNRs for every sample.
09:35 bilby INFO    : Using a pool with size 8 for nsamples=11647
09:36 bilby INFO    : Summary of results:
nsamples: 11647
ln_noise_evidence: -24195.357
ln_evidence: -23927.853 +/-  0.087
ln_bayes_factor: 267.504 +/-  0.087

