000 (113449720.000.000) 2023-03-29 17:01:32 Job submitted from host: <10.14.0.160:9618?addrs=10.14.0.160-9618&alias=ldas-pcdev2.ligo.caltech.edu&noUDP&sock=schedd_7450_a8a7>
    DAG Node: 299
...
040 (113449720.000.000) 2023-03-29 17:37:25 Started transferring input files
	Transferring to host: <10.14.9.194:9618?addrs=10.14.9.194-9618&alias=node2194.cluster.ldas.cit&noUDP&sock=slot1_2_189911_3ac4_88764>
...
040 (113449720.000.000) 2023-03-29 17:37:25 Finished transferring input files
...
001 (113449720.000.000) 2023-03-29 17:37:26 Job executing on host: <10.14.9.194:9618?addrs=10.14.9.194-9618&alias=node2194.cluster.ldas.cit&noUDP&sock=startd_189641_87e3>
...
006 (113449720.000.000) 2023-03-29 17:37:27 Image size of job updated: 1
	0  -  MemoryUsage of job (MB)
	0  -  ResidentSetSize of job (KB)
...
040 (113449720.000.000) 2023-03-29 17:37:27 Started transferring output files
...
040 (113449720.000.000) 2023-03-29 17:37:27 Finished transferring output files
...
005 (113449720.000.000) 2023-03-29 17:37:27 Job terminated.
	(1) Normal termination (return value 127)
		Usr 0 00:00:00, Sys 0 00:00:00  -  Run Remote Usage
		Usr 0 00:00:00, Sys 0 00:00:00  -  Run Local Usage
		Usr 0 00:00:00, Sys 0 00:00:00  -  Total Remote Usage
		Usr 0 00:00:00, Sys 0 00:00:00  -  Total Local Usage
	407  -  Run Bytes Sent By Job
	366  -  Run Bytes Received By Job
	407  -  Total Bytes Sent By Job
	366  -  Total Bytes Received By Job
	Partitionable Resources :    Usage  Request Allocated 
	   Cpus                 :                 1         1 
	   Disk (KB)            :       14   500000    561711 
	   GPUs                 :                           0 
	   Memory (MB)          :        0    20000     20096 

	Job terminated of its own accord at 2023-03-30T00:37:27Z with exit-code 127.
...
000 (113484841.000.000) 2023-04-01 14:23:48 Job submitted from host: <10.14.0.160:9618?addrs=10.14.0.160-9618&alias=ldas-pcdev2.ligo.caltech.edu&noUDP&sock=schedd_7450_a8a7>
    DAG Node: 299
...
040 (113484841.000.000) 2023-04-01 14:27:55 Started transferring input files
	Transferring to host: <10.14.9.194:9618?addrs=10.14.9.194-9618&alias=node2194.cluster.ldas.cit&noUDP&sock=slot1_2_189911_3ac4_109041>
...
040 (113484841.000.000) 2023-04-01 14:27:55 Finished transferring input files
...
001 (113484841.000.000) 2023-04-01 14:27:56 Job executing on host: <10.14.9.194:9618?addrs=10.14.9.194-9618&alias=node2194.cluster.ldas.cit&noUDP&sock=startd_189641_87e3>
...
006 (113484841.000.000) 2023-04-01 14:27:56 Image size of job updated: 1
	0  -  MemoryUsage of job (MB)
	0  -  ResidentSetSize of job (KB)
...
040 (113484841.000.000) 2023-04-01 14:27:56 Started transferring output files
...
040 (113484841.000.000) 2023-04-01 14:27:56 Finished transferring output files
...
005 (113484841.000.000) 2023-04-01 14:27:56 Job terminated.
	(1) Normal termination (return value 127)
		Usr 0 00:00:00, Sys 0 00:00:00  -  Run Remote Usage
		Usr 0 00:00:00, Sys 0 00:00:00  -  Run Local Usage
		Usr 0 00:00:00, Sys 0 00:00:00  -  Total Remote Usage
		Usr 0 00:00:00, Sys 0 00:00:00  -  Total Local Usage
	411  -  Run Bytes Sent By Job
	366  -  Run Bytes Received By Job
	411  -  Total Bytes Sent By Job
	366  -  Total Bytes Received By Job
	Partitionable Resources :    Usage  Request Allocated 
	   Cpus                 :                 1         1 
	   Disk (KB)            :       14   500000    561711 
	   GPUs                 :                           0 
	   Memory (MB)          :        0    20000     20096 

	Job terminated of its own accord at 2023-04-01T21:27:56Z with exit-code 127.
...
000 (113485045.000.000) 2023-04-01 14:53:02 Job submitted from host: <10.14.0.160:9618?addrs=10.14.0.160-9618&alias=ldas-pcdev2.ligo.caltech.edu&noUDP&sock=schedd_7450_a8a7>
    DAG Node: 299
...
040 (113485045.000.000) 2023-04-01 14:53:53 Started transferring input files
	Transferring to host: <10.14.4.38:9618?addrs=10.14.4.38-9618&alias=node788.cluster.ldas.cit&noUDP&sock=slot1_14_2206656_867e_17944>
...
040 (113485045.000.000) 2023-04-01 14:53:53 Finished transferring input files
...
001 (113485045.000.000) 2023-04-01 14:53:54 Job executing on host: <10.14.4.38:9618?addrs=10.14.4.38-9618&alias=node788.cluster.ldas.cit&noUDP&sock=startd_250850_d04c>
...
006 (113485045.000.000) 2023-04-01 14:54:03 Image size of job updated: 211724
	190  -  MemoryUsage of job (MB)
	194456  -  ResidentSetSize of job (KB)
...
006 (113485045.000.000) 2023-04-01 14:59:04 Image size of job updated: 5170656
	287  -  MemoryUsage of job (MB)
	293804  -  ResidentSetSize of job (KB)
...
006 (113485045.000.000) 2023-04-01 15:04:05 Image size of job updated: 5170656
	289  -  MemoryUsage of job (MB)
	294940  -  ResidentSetSize of job (KB)
...
006 (113485045.000.000) 2023-04-01 15:09:05 Image size of job updated: 5170656
	469  -  MemoryUsage of job (MB)
	480048  -  ResidentSetSize of job (KB)
...
006 (113485045.000.000) 2023-04-01 15:14:06 Image size of job updated: 5170656
	472  -  MemoryUsage of job (MB)
	482728  -  ResidentSetSize of job (KB)
...
006 (113485045.000.000) 2023-04-01 15:19:07 Image size of job updated: 5170656
	534  -  MemoryUsage of job (MB)
	546400  -  ResidentSetSize of job (KB)
...
006 (113485045.000.000) 2023-04-01 15:24:07 Image size of job updated: 5170656
	539  -  MemoryUsage of job (MB)
	551072  -  ResidentSetSize of job (KB)
...
006 (113485045.000.000) 2023-04-01 15:29:08 Image size of job updated: 5170656
	541  -  MemoryUsage of job (MB)
	553716  -  ResidentSetSize of job (KB)
...
006 (113485045.000.000) 2023-04-01 15:34:08 Image size of job updated: 5170656
	545  -  MemoryUsage of job (MB)
	557072  -  ResidentSetSize of job (KB)
...
006 (113485045.000.000) 2023-04-01 15:39:08 Image size of job updated: 5170656
	545  -  MemoryUsage of job (MB)
	557644  -  ResidentSetSize of job (KB)
...
006 (113485045.000.000) 2023-04-01 15:44:09 Image size of job updated: 5170656
	549  -  MemoryUsage of job (MB)
	561196  -  ResidentSetSize of job (KB)
...
006 (113485045.000.000) 2023-04-01 15:49:09 Image size of job updated: 5170656
	549  -  MemoryUsage of job (MB)
	562132  -  ResidentSetSize of job (KB)
...
006 (113485045.000.000) 2023-04-01 15:54:09 Image size of job updated: 5170656
	550  -  MemoryUsage of job (MB)
	562320  -  ResidentSetSize of job (KB)
...
006 (113485045.000.000) 2023-04-01 15:59:10 Image size of job updated: 5170656
	551  -  MemoryUsage of job (MB)
	563768  -  ResidentSetSize of job (KB)
...
006 (113485045.000.000) 2023-04-01 16:04:10 Image size of job updated: 5170656
	554  -  MemoryUsage of job (MB)
	566336  -  ResidentSetSize of job (KB)
...
006 (113485045.000.000) 2023-04-01 16:09:10 Image size of job updated: 5170656
	559  -  MemoryUsage of job (MB)
	571684  -  ResidentSetSize of job (KB)
...
006 (113485045.000.000) 2023-04-01 16:14:11 Image size of job updated: 5170656
	591  -  MemoryUsage of job (MB)
	604568  -  ResidentSetSize of job (KB)
...
006 (113485045.000.000) 2023-04-01 16:19:11 Image size of job updated: 5170656
	645  -  MemoryUsage of job (MB)
	660276  -  ResidentSetSize of job (KB)
...
006 (113485045.000.000) 2023-04-01 16:24:11 Image size of job updated: 5170656
	794  -  MemoryUsage of job (MB)
	813024  -  ResidentSetSize of job (KB)
...
006 (113485045.000.000) 2023-04-01 16:29:12 Image size of job updated: 5170656
	870  -  MemoryUsage of job (MB)
	890856  -  ResidentSetSize of job (KB)
...
006 (113485045.000.000) 2023-04-01 16:44:13 Image size of job updated: 5170656
	872  -  MemoryUsage of job (MB)
	892468  -  ResidentSetSize of job (KB)
...
006 (113485045.000.000) 2023-04-01 16:49:13 Image size of job updated: 5170656
	872  -  MemoryUsage of job (MB)
	892552  -  ResidentSetSize of job (KB)
...
006 (113485045.000.000) 2023-04-01 16:59:14 Image size of job updated: 5170656
	877  -  MemoryUsage of job (MB)
	897556  -  ResidentSetSize of job (KB)
...
006 (113485045.000.000) 2023-04-01 17:04:14 Image size of job updated: 5170656
	878  -  MemoryUsage of job (MB)
	898292  -  ResidentSetSize of job (KB)
...
006 (113485045.000.000) 2023-04-01 17:09:14 Image size of job updated: 5170656
	883  -  MemoryUsage of job (MB)
	903200  -  ResidentSetSize of job (KB)
...
006 (113485045.000.000) 2023-04-01 17:14:15 Image size of job updated: 5170656
	920  -  MemoryUsage of job (MB)
	941440  -  ResidentSetSize of job (KB)
...
006 (113485045.000.000) 2023-04-01 17:24:15 Image size of job updated: 5170656
	922  -  MemoryUsage of job (MB)
	943180  -  ResidentSetSize of job (KB)
...
006 (113485045.000.000) 2023-04-01 17:29:16 Image size of job updated: 5170656
	922  -  MemoryUsage of job (MB)
	944012  -  ResidentSetSize of job (KB)
...
006 (113485045.000.000) 2023-04-01 17:34:16 Image size of job updated: 5170656
	931  -  MemoryUsage of job (MB)
	953204  -  ResidentSetSize of job (KB)
...
006 (113485045.000.000) 2023-04-01 17:39:16 Image size of job updated: 5172832
	940  -  MemoryUsage of job (MB)
	962012  -  ResidentSetSize of job (KB)
...
006 (113485045.000.000) 2023-04-01 17:49:17 Image size of job updated: 5175392
	945  -  MemoryUsage of job (MB)
	966944  -  ResidentSetSize of job (KB)
...
006 (113485045.000.000) 2023-04-01 17:54:18 Image size of job updated: 5177824
	945  -  MemoryUsage of job (MB)
	967008  -  ResidentSetSize of job (KB)
...
006 (113485045.000.000) 2023-04-01 17:59:19 Image size of job updated: 5178156
	945  -  MemoryUsage of job (MB)
	967344  -  ResidentSetSize of job (KB)
...
006 (113485045.000.000) 2023-04-01 18:14:21 Image size of job updated: 5178156
	950  -  MemoryUsage of job (MB)
	972012  -  ResidentSetSize of job (KB)
...
006 (113485045.000.000) 2023-04-01 18:24:22 Image size of job updated: 5191096
	977  -  MemoryUsage of job (MB)
	999620  -  ResidentSetSize of job (KB)
...
006 (113485045.000.000) 2023-04-01 18:29:23 Image size of job updated: 5191608
	977  -  MemoryUsage of job (MB)
	1000408  -  ResidentSetSize of job (KB)
...
006 (113485045.000.000) 2023-04-01 18:49:25 Image size of job updated: 5199744
	977  -  MemoryUsage of job (MB)
	1000408  -  ResidentSetSize of job (KB)
...
006 (113485045.000.000) 2023-04-01 18:59:27 Image size of job updated: 5204472
	1011  -  MemoryUsage of job (MB)
	1034332  -  ResidentSetSize of job (KB)
...
006 (113485045.000.000) 2023-04-01 19:04:27 Image size of job updated: 5204472
	1068  -  MemoryUsage of job (MB)
	1093560  -  ResidentSetSize of job (KB)
...
006 (113485045.000.000) 2023-04-01 19:09:28 Image size of job updated: 5206268
	1072  -  MemoryUsage of job (MB)
	1097048  -  ResidentSetSize of job (KB)
...
006 (113485045.000.000) 2023-04-01 19:14:29 Image size of job updated: 5252224
	1115  -  MemoryUsage of job (MB)
	1140792  -  ResidentSetSize of job (KB)
...
006 (113485045.000.000) 2023-04-01 19:59:35 Image size of job updated: 5252224
	1118  -  MemoryUsage of job (MB)
	1144272  -  ResidentSetSize of job (KB)
...
006 (113485045.000.000) 2023-04-01 20:09:36 Image size of job updated: 5252224
	1123  -  MemoryUsage of job (MB)
	1149120  -  ResidentSetSize of job (KB)
...
006 (113485045.000.000) 2023-04-01 20:34:39 Image size of job updated: 5252224
	1126  -  MemoryUsage of job (MB)
	1152708  -  ResidentSetSize of job (KB)
...
006 (113485045.000.000) 2023-04-01 20:39:40 Image size of job updated: 5252224
	1128  -  MemoryUsage of job (MB)
	1155028  -  ResidentSetSize of job (KB)
...
006 (113485045.000.000) 2023-04-01 20:49:40 Image size of job updated: 5252224
	1140  -  MemoryUsage of job (MB)
	1166512  -  ResidentSetSize of job (KB)
...
006 (113485045.000.000) 2023-04-01 21:19:44 Image size of job updated: 5252224
	1150  -  MemoryUsage of job (MB)
	1177308  -  ResidentSetSize of job (KB)
...
006 (113485045.000.000) 2023-04-01 21:24:45 Image size of job updated: 5252224
	1150  -  MemoryUsage of job (MB)
	1177556  -  ResidentSetSize of job (KB)
...
006 (113485045.000.000) 2023-04-01 21:29:45 Image size of job updated: 5253228
	1155  -  MemoryUsage of job (MB)
	1182184  -  ResidentSetSize of job (KB)
...
006 (113485045.000.000) 2023-04-01 21:44:46 Image size of job updated: 5256096
	1160  -  MemoryUsage of job (MB)
	1187028  -  ResidentSetSize of job (KB)
...
006 (113485045.000.000) 2023-04-01 21:59:47 Image size of job updated: 5272512
	1177  -  MemoryUsage of job (MB)
	1204260  -  ResidentSetSize of job (KB)
...
006 (113485045.000.000) 2023-04-01 22:04:47 Image size of job updated: 5273540
	1177  -  MemoryUsage of job (MB)
	1204260  -  ResidentSetSize of job (KB)
...
006 (113485045.000.000) 2023-04-01 22:14:48 Image size of job updated: 5275004
	1178  -  MemoryUsage of job (MB)
	1205784  -  ResidentSetSize of job (KB)
...
006 (113485045.000.000) 2023-04-01 22:19:48 Image size of job updated: 5288144
	1190  -  MemoryUsage of job (MB)
	1218420  -  ResidentSetSize of job (KB)
...
006 (113485045.000.000) 2023-04-01 22:24:49 Image size of job updated: 5294332
	1192  -  MemoryUsage of job (MB)
	1220428  -  ResidentSetSize of job (KB)
...
006 (113485045.000.000) 2023-04-01 22:29:49 Image size of job updated: 5294332
	1193  -  MemoryUsage of job (MB)
	1220632  -  ResidentSetSize of job (KB)
...
006 (113485045.000.000) 2023-04-01 22:34:49 Image size of job updated: 5295752
	1194  -  MemoryUsage of job (MB)
	1222300  -  ResidentSetSize of job (KB)
...
006 (113485045.000.000) 2023-04-01 22:39:50 Image size of job updated: 5295752
	1197  -  MemoryUsage of job (MB)
	1224728  -  ResidentSetSize of job (KB)
...
006 (113485045.000.000) 2023-04-01 22:49:50 Image size of job updated: 5297312
	1198  -  MemoryUsage of job (MB)
	1226064  -  ResidentSetSize of job (KB)
...
006 (113485045.000.000) 2023-04-01 22:59:51 Image size of job updated: 5298736
	1201  -  MemoryUsage of job (MB)
	1229728  -  ResidentSetSize of job (KB)
...
006 (113485045.000.000) 2023-04-01 23:09:52 Image size of job updated: 5300016
	1201  -  MemoryUsage of job (MB)
	1229728  -  ResidentSetSize of job (KB)
...
006 (113485045.000.000) 2023-04-01 23:19:52 Image size of job updated: 5300884
	1204  -  MemoryUsage of job (MB)
	1231960  -  ResidentSetSize of job (KB)
...
006 (113485045.000.000) 2023-04-01 23:24:53 Image size of job updated: 5300884
	1204  -  MemoryUsage of job (MB)
	1232396  -  ResidentSetSize of job (KB)
...
006 (113485045.000.000) 2023-04-01 23:29:53 Image size of job updated: 5307672
	1204  -  MemoryUsage of job (MB)
	1232396  -  ResidentSetSize of job (KB)
...
006 (113485045.000.000) 2023-04-01 23:44:55 Image size of job updated: 5310864
	1210  -  MemoryUsage of job (MB)
	1239028  -  ResidentSetSize of job (KB)
...
006 (113485045.000.000) 2023-04-01 23:49:56 Image size of job updated: 5310864
	1211  -  MemoryUsage of job (MB)
	1239064  -  ResidentSetSize of job (KB)
...
006 (113485045.000.000) 2023-04-01 23:54:57 Image size of job updated: 5312760
	1214  -  MemoryUsage of job (MB)
	1243112  -  ResidentSetSize of job (KB)
...
006 (113485045.000.000) 2023-04-02 00:09:59 Image size of job updated: 5374164
	1217  -  MemoryUsage of job (MB)
	1246156  -  ResidentSetSize of job (KB)
...
006 (113485045.000.000) 2023-04-02 00:14:59 Image size of job updated: 5374164
	1218  -  MemoryUsage of job (MB)
	1246464  -  ResidentSetSize of job (KB)
...
006 (113485045.000.000) 2023-04-02 00:35:02 Image size of job updated: 5374164
	1224  -  MemoryUsage of job (MB)
	1253324  -  ResidentSetSize of job (KB)
...
006 (113485045.000.000) 2023-04-02 01:10:07 Image size of job updated: 5425300
	1259  -  MemoryUsage of job (MB)
	1288828  -  ResidentSetSize of job (KB)
...
006 (113485045.000.000) 2023-04-02 01:20:08 Image size of job updated: 5429888
	1263  -  MemoryUsage of job (MB)
	1292552  -  ResidentSetSize of job (KB)
...
006 (113485045.000.000) 2023-04-02 01:35:10 Image size of job updated: 5429888
	1267  -  MemoryUsage of job (MB)
	1296592  -  ResidentSetSize of job (KB)
...
006 (113485045.000.000) 2023-04-02 01:40:11 Image size of job updated: 5429888
	1267  -  MemoryUsage of job (MB)
	1297280  -  ResidentSetSize of job (KB)
...
006 (113485045.000.000) 2023-04-02 01:50:12 Image size of job updated: 5429888
	1271  -  MemoryUsage of job (MB)
	1301000  -  ResidentSetSize of job (KB)
...
006 (113485045.000.000) 2023-04-02 02:00:13 Image size of job updated: 5447208
	1273  -  MemoryUsage of job (MB)
	1302792  -  ResidentSetSize of job (KB)
...
006 (113485045.000.000) 2023-04-02 02:10:15 Image size of job updated: 5450024
	1273  -  MemoryUsage of job (MB)
	1302792  -  ResidentSetSize of job (KB)
...
006 (113485045.000.000) 2023-04-02 02:25:16 Image size of job updated: 5451464
	1277  -  MemoryUsage of job (MB)
	1306920  -  ResidentSetSize of job (KB)
...
006 (113485045.000.000) 2023-04-02 02:30:16 Image size of job updated: 5451464
	1279  -  MemoryUsage of job (MB)
	1308968  -  ResidentSetSize of job (KB)
...
006 (113485045.000.000) 2023-04-02 02:35:17 Image size of job updated: 5451464
	1281  -  MemoryUsage of job (MB)
	1311408  -  ResidentSetSize of job (KB)
...
006 (113485045.000.000) 2023-04-02 02:50:18 Image size of job updated: 5451464
	1282  -  MemoryUsage of job (MB)
	1312020  -  ResidentSetSize of job (KB)
...
006 (113485045.000.000) 2023-04-02 02:55:18 Image size of job updated: 5451464
	1282  -  MemoryUsage of job (MB)
	1312440  -  ResidentSetSize of job (KB)
...
006 (113485045.000.000) 2023-04-02 03:00:18 Image size of job updated: 5451464
	1283  -  MemoryUsage of job (MB)
	1313104  -  ResidentSetSize of job (KB)
...
006 (113485045.000.000) 2023-04-02 03:05:19 Image size of job updated: 5451464
	1286  -  MemoryUsage of job (MB)
	1315844  -  ResidentSetSize of job (KB)
...
006 (113485045.000.000) 2023-04-02 03:20:20 Image size of job updated: 5451464
	1299  -  MemoryUsage of job (MB)
	1329436  -  ResidentSetSize of job (KB)
...
006 (113485045.000.000) 2023-04-02 03:25:20 Image size of job updated: 5451464
	1301  -  MemoryUsage of job (MB)
	1331484  -  ResidentSetSize of job (KB)
...
006 (113485045.000.000) 2023-04-02 03:35:21 Image size of job updated: 5451464
	1302  -  MemoryUsage of job (MB)
	1332768  -  ResidentSetSize of job (KB)
...
006 (113485045.000.000) 2023-04-02 03:45:22 Image size of job updated: 5488068
	1303  -  MemoryUsage of job (MB)
	1333628  -  ResidentSetSize of job (KB)
...
006 (113485045.000.000) 2023-04-02 03:55:23 Image size of job updated: 5490828
	1303  -  MemoryUsage of job (MB)
	1333628  -  ResidentSetSize of job (KB)
...
006 (113485045.000.000) 2023-04-02 04:10:25 Image size of job updated: 5490828
	1311  -  MemoryUsage of job (MB)
	1341896  -  ResidentSetSize of job (KB)
...
006 (113485045.000.000) 2023-04-02 04:20:27 Image size of job updated: 5497596
	1312  -  MemoryUsage of job (MB)
	1342784  -  ResidentSetSize of job (KB)
...
006 (113485045.000.000) 2023-04-02 04:30:28 Image size of job updated: 5497596
	1312  -  MemoryUsage of job (MB)
	1342812  -  ResidentSetSize of job (KB)
...
006 (113485045.000.000) 2023-04-02 04:35:29 Image size of job updated: 5499348
	1313  -  MemoryUsage of job (MB)
	1344364  -  ResidentSetSize of job (KB)
...
006 (113485045.000.000) 2023-04-02 04:40:29 Image size of job updated: 5499348
	1314  -  MemoryUsage of job (MB)
	1344724  -  ResidentSetSize of job (KB)
...
006 (113485045.000.000) 2023-04-02 04:45:31 Image size of job updated: 5512664
	1315  -  MemoryUsage of job (MB)
	1346476  -  ResidentSetSize of job (KB)
...
006 (113485045.000.000) 2023-04-02 04:50:31 Image size of job updated: 5512664
	1316  -  MemoryUsage of job (MB)
	1347448  -  ResidentSetSize of job (KB)
...
006 (113485045.000.000) 2023-04-02 05:10:32 Image size of job updated: 5518128
	1321  -  MemoryUsage of job (MB)
	1352488  -  ResidentSetSize of job (KB)
...
006 (113485045.000.000) 2023-04-02 05:15:33 Image size of job updated: 5518128
	1323  -  MemoryUsage of job (MB)
	1354536  -  ResidentSetSize of job (KB)
...
006 (113485045.000.000) 2023-04-02 05:25:33 Image size of job updated: 5518128
	1325  -  MemoryUsage of job (MB)
	1356696  -  ResidentSetSize of job (KB)
...
006 (113485045.000.000) 2023-04-02 05:35:34 Image size of job updated: 5518128
	1326  -  MemoryUsage of job (MB)
	1357660  -  ResidentSetSize of job (KB)
...
006 (113485045.000.000) 2023-04-02 05:40:34 Image size of job updated: 5518128
	1328  -  MemoryUsage of job (MB)
	1359708  -  ResidentSetSize of job (KB)
...
006 (113485045.000.000) 2023-04-02 05:50:35 Image size of job updated: 5526904
	1331  -  MemoryUsage of job (MB)
	1361988  -  ResidentSetSize of job (KB)
...
006 (113485045.000.000) 2023-04-02 06:00:36 Image size of job updated: 5529160
	1334  -  MemoryUsage of job (MB)
	1365124  -  ResidentSetSize of job (KB)
...
006 (113485045.000.000) 2023-04-02 06:15:37 Image size of job updated: 5531672
	1335  -  MemoryUsage of job (MB)
	1366216  -  ResidentSetSize of job (KB)
...
006 (113485045.000.000) 2023-04-02 06:20:37 Image size of job updated: 5531672
	1335  -  MemoryUsage of job (MB)
	1366388  -  ResidentSetSize of job (KB)
...
006 (113485045.000.000) 2023-04-02 06:40:38 Image size of job updated: 5548924
	1339  -  MemoryUsage of job (MB)
	1371000  -  ResidentSetSize of job (KB)
...
006 (113485045.000.000) 2023-04-02 06:45:39 Image size of job updated: 5548924
	1343  -  MemoryUsage of job (MB)
	1374820  -  ResidentSetSize of job (KB)
...
006 (113485045.000.000) 2023-04-02 06:50:39 Image size of job updated: 5548924
	1345  -  MemoryUsage of job (MB)
	1376368  -  ResidentSetSize of job (KB)
...
006 (113485045.000.000) 2023-04-02 07:05:40 Image size of job updated: 5555672
	1346  -  MemoryUsage of job (MB)
	1377408  -  ResidentSetSize of job (KB)
...
006 (113485045.000.000) 2023-04-02 07:20:41 Image size of job updated: 5555672
	1348  -  MemoryUsage of job (MB)
	1379976  -  ResidentSetSize of job (KB)
...
006 (113485045.000.000) 2023-04-02 07:25:41 Image size of job updated: 5555672
	1350  -  MemoryUsage of job (MB)
	1382024  -  ResidentSetSize of job (KB)
...
006 (113485045.000.000) 2023-04-02 07:30:42 Image size of job updated: 5555672
	1353  -  MemoryUsage of job (MB)
	1385244  -  ResidentSetSize of job (KB)
...
006 (113485045.000.000) 2023-04-02 07:50:43 Image size of job updated: 5565648
	1356  -  MemoryUsage of job (MB)
	1387696  -  ResidentSetSize of job (KB)
...
006 (113485045.000.000) 2023-04-02 07:55:43 Image size of job updated: 5565648
	1358  -  MemoryUsage of job (MB)
	1389744  -  ResidentSetSize of job (KB)
...
006 (113485045.000.000) 2023-04-02 08:00:44 Image size of job updated: 5567488
	1358  -  MemoryUsage of job (MB)
	1389744  -  ResidentSetSize of job (KB)
...
006 (113485045.000.000) 2023-04-02 08:15:45 Image size of job updated: 5568648
	1359  -  MemoryUsage of job (MB)
	1391260  -  ResidentSetSize of job (KB)
...
006 (113485045.000.000) 2023-04-02 08:25:45 Image size of job updated: 5568648
	1361  -  MemoryUsage of job (MB)
	1393076  -  ResidentSetSize of job (KB)
...
006 (113485045.000.000) 2023-04-02 08:30:46 Image size of job updated: 5568648
	1363  -  MemoryUsage of job (MB)
	1395124  -  ResidentSetSize of job (KB)
...
006 (113485045.000.000) 2023-04-02 08:40:47 Image size of job updated: 5573432
	1364  -  MemoryUsage of job (MB)
	1395984  -  ResidentSetSize of job (KB)
...
006 (113485045.000.000) 2023-04-02 08:55:49 Image size of job updated: 5576440
	1366  -  MemoryUsage of job (MB)
	1398064  -  ResidentSetSize of job (KB)
...
006 (113485045.000.000) 2023-04-02 09:00:50 Image size of job updated: 5576440
	1367  -  MemoryUsage of job (MB)
	1398796  -  ResidentSetSize of job (KB)
...
006 (113485045.000.000) 2023-04-02 09:10:51 Image size of job updated: 5576440
	1368  -  MemoryUsage of job (MB)
	1400240  -  ResidentSetSize of job (KB)
...
006 (113485045.000.000) 2023-04-02 09:20:52 Image size of job updated: 5576440
	1368  -  MemoryUsage of job (MB)
	1400744  -  ResidentSetSize of job (KB)
...
006 (113485045.000.000) 2023-04-02 09:25:53 Image size of job updated: 5576440
	1369  -  MemoryUsage of job (MB)
	1401244  -  ResidentSetSize of job (KB)
...
006 (113485045.000.000) 2023-04-02 09:30:54 Image size of job updated: 5576440
	1369  -  MemoryUsage of job (MB)
	1401372  -  ResidentSetSize of job (KB)
...
006 (113485045.000.000) 2023-04-02 09:35:54 Image size of job updated: 5576440
	1371  -  MemoryUsage of job (MB)
	1403412  -  ResidentSetSize of job (KB)
...
006 (113485045.000.000) 2023-04-02 09:45:56 Image size of job updated: 5576440
	1371  -  MemoryUsage of job (MB)
	1403664  -  ResidentSetSize of job (KB)
...
006 (113485045.000.000) 2023-04-02 09:50:56 Image size of job updated: 5603288
	1379  -  MemoryUsage of job (MB)
	1411300  -  ResidentSetSize of job (KB)
...
006 (113485045.000.000) 2023-04-02 09:55:57 Image size of job updated: 5603288
	1381  -  MemoryUsage of job (MB)
	1413960  -  ResidentSetSize of job (KB)
...
006 (113485045.000.000) 2023-04-02 10:05:58 Image size of job updated: 5603288
	1398  -  MemoryUsage of job (MB)
	1430656  -  ResidentSetSize of job (KB)
...
006 (113485045.000.000) 2023-04-02 10:10:59 Image size of job updated: 5626424
	1402  -  MemoryUsage of job (MB)
	1435580  -  ResidentSetSize of job (KB)
...
006 (113485045.000.000) 2023-04-02 10:26:01 Image size of job updated: 5626912
	1403  -  MemoryUsage of job (MB)
	1435768  -  ResidentSetSize of job (KB)
...
006 (113485045.000.000) 2023-04-02 10:36:02 Image size of job updated: 5626912
	1403  -  MemoryUsage of job (MB)
	1436548  -  ResidentSetSize of job (KB)
...
006 (113485045.000.000) 2023-04-02 10:46:04 Image size of job updated: 5626912
	1405  -  MemoryUsage of job (MB)
	1438596  -  ResidentSetSize of job (KB)
...
006 (113485045.000.000) 2023-04-02 10:51:04 Image size of job updated: 5640904
	1417  -  MemoryUsage of job (MB)
	1450040  -  ResidentSetSize of job (KB)
...
006 (113485045.000.000) 2023-04-02 11:26:10 Image size of job updated: 5647536
	1423  -  MemoryUsage of job (MB)
	1457044  -  ResidentSetSize of job (KB)
...
006 (113485045.000.000) 2023-04-02 11:31:10 Image size of job updated: 5647536
	1424  -  MemoryUsage of job (MB)
	1457352  -  ResidentSetSize of job (KB)
...
006 (113485045.000.000) 2023-04-02 11:36:10 Image size of job updated: 5647536
	1425  -  MemoryUsage of job (MB)
	1458260  -  ResidentSetSize of job (KB)
...
006 (113485045.000.000) 2023-04-02 11:51:12 Image size of job updated: 5647536
	1428  -  MemoryUsage of job (MB)
	1461524  -  ResidentSetSize of job (KB)
...
006 (113485045.000.000) 2023-04-02 12:06:14 Image size of job updated: 5654268
	1429  -  MemoryUsage of job (MB)
	1463140  -  ResidentSetSize of job (KB)
...
006 (113485045.000.000) 2023-04-02 12:16:16 Image size of job updated: 5654268
	1430  -  MemoryUsage of job (MB)
	1463336  -  ResidentSetSize of job (KB)
...
006 (113485045.000.000) 2023-04-02 12:41:19 Image size of job updated: 5657276
	1433  -  MemoryUsage of job (MB)
	1466392  -  ResidentSetSize of job (KB)
...
006 (113485045.000.000) 2023-04-02 12:56:21 Image size of job updated: 5658996
	1433  -  MemoryUsage of job (MB)
	1467272  -  ResidentSetSize of job (KB)
...
006 (113485045.000.000) 2023-04-02 13:06:22 Image size of job updated: 5658996
	1434  -  MemoryUsage of job (MB)
	1467848  -  ResidentSetSize of job (KB)
...
006 (113485045.000.000) 2023-04-02 13:11:23 Image size of job updated: 5659740
	1434  -  MemoryUsage of job (MB)
	1467848  -  ResidentSetSize of job (KB)
...
006 (113485045.000.000) 2023-04-02 13:21:24 Image size of job updated: 5659740
	1436  -  MemoryUsage of job (MB)
	1469724  -  ResidentSetSize of job (KB)
...
004 (113485045.000.000) 2023-04-02 13:26:06 Job was evicted.
	(0) CPU times
		Usr 2 04:14:42, Sys 0 00:05:03  -  Run Remote Usage
		Usr 0 00:00:00, Sys 0 00:00:00  -  Run Local Usage
	0  -  Run Bytes Sent By Job
	366  -  Run Bytes Received By Job
	Partitionable Resources :    Usage  Request Allocated 
	   Cpus                 :     0.89        1         1 
	   Disk (KB)            :  3863      500000    624256 
	   GPUs                 :                           0 
	   Memory (MB)          :  1436       20000     20096 
...
009 (113485045.000.000) 2023-04-02 13:26:06 Job was aborted.
	removed because <OtherJobRemoveRequirements = DAGManJobId =?= 113484998> fired when job (113484998.0) was removed
...
000 (113493749.000.000) 2023-04-02 13:26:39 Job submitted from host: <10.14.0.160:9618?addrs=10.14.0.160-9618&alias=ldas-pcdev2.ligo.caltech.edu&noUDP&sock=schedd_7450_a8a7>
    DAG Node: 299
...
040 (113493749.000.000) 2023-04-02 13:28:50 Started transferring input files
	Transferring to host: <10.14.9.120:9618?addrs=10.14.9.120-9618&alias=node2120.cluster.ldas.cit&noUDP&sock=slot1_2_3199755_9c5e_7941>
...
040 (113493749.000.000) 2023-04-02 13:28:50 Finished transferring input files
...
001 (113493749.000.000) 2023-04-02 13:28:51 Job executing on host: <10.14.9.120:9618?addrs=10.14.9.120-9618&alias=node2120.cluster.ldas.cit&noUDP&sock=startd_3199606_29a4>
...
006 (113493749.000.000) 2023-04-02 13:28:59 Image size of job updated: 215288
	190  -  MemoryUsage of job (MB)
	194488  -  ResidentSetSize of job (KB)
...
006 (113493749.000.000) 2023-04-02 13:33:59 Image size of job updated: 4839016
	585  -  MemoryUsage of job (MB)
	598952  -  ResidentSetSize of job (KB)
...
006 (113493749.000.000) 2023-04-02 13:39:00 Image size of job updated: 5087748
	812  -  MemoryUsage of job (MB)
	830996  -  ResidentSetSize of job (KB)
...
006 (113493749.000.000) 2023-04-02 13:44:01 Image size of job updated: 5098212
	822  -  MemoryUsage of job (MB)
	841408  -  ResidentSetSize of job (KB)
...
006 (113493749.000.000) 2023-04-02 13:49:01 Image size of job updated: 5104640
	822  -  MemoryUsage of job (MB)
	841408  -  ResidentSetSize of job (KB)
...
006 (113493749.000.000) 2023-04-02 13:54:01 Image size of job updated: 5153232
	875  -  MemoryUsage of job (MB)
	895640  -  ResidentSetSize of job (KB)
...
006 (113493749.000.000) 2023-04-02 13:59:02 Image size of job updated: 5158184
	882  -  MemoryUsage of job (MB)
	902468  -  ResidentSetSize of job (KB)
...
006 (113493749.000.000) 2023-04-02 14:04:03 Image size of job updated: 5332308
	930  -  MemoryUsage of job (MB)
	951520  -  ResidentSetSize of job (KB)
...
006 (113493749.000.000) 2023-04-02 14:09:03 Image size of job updated: 5332308
	931  -  MemoryUsage of job (MB)
	952384  -  ResidentSetSize of job (KB)
...
006 (113493749.000.000) 2023-04-02 14:14:04 Image size of job updated: 5347552
	938  -  MemoryUsage of job (MB)
	959716  -  ResidentSetSize of job (KB)
...
006 (113493749.000.000) 2023-04-02 14:19:05 Image size of job updated: 5347552
	940  -  MemoryUsage of job (MB)
	961820  -  ResidentSetSize of job (KB)
...
006 (113493749.000.000) 2023-04-02 14:24:05 Image size of job updated: 5347552
	942  -  MemoryUsage of job (MB)
	964408  -  ResidentSetSize of job (KB)
...
006 (113493749.000.000) 2023-04-02 14:29:06 Image size of job updated: 5353880
	950  -  MemoryUsage of job (MB)
	972592  -  ResidentSetSize of job (KB)
...
006 (113493749.000.000) 2023-04-02 14:34:07 Image size of job updated: 5353880
	991  -  MemoryUsage of job (MB)
	1013776  -  ResidentSetSize of job (KB)
...
006 (113493749.000.000) 2023-04-02 14:39:07 Image size of job updated: 5353880
	1073  -  MemoryUsage of job (MB)
	1098396  -  ResidentSetSize of job (KB)
...
006 (113493749.000.000) 2023-04-02 14:44:07 Image size of job updated: 5353880
	1300  -  MemoryUsage of job (MB)
	1330924  -  ResidentSetSize of job (KB)
...
006 (113493749.000.000) 2023-04-02 14:49:08 Image size of job updated: 5353880
	1301  -  MemoryUsage of job (MB)
	1331560  -  ResidentSetSize of job (KB)
...
006 (113493749.000.000) 2023-04-02 14:54:08 Image size of job updated: 5373648
	1301  -  MemoryUsage of job (MB)
	1331560  -  ResidentSetSize of job (KB)
...
006 (113493749.000.000) 2023-04-02 14:59:08 Image size of job updated: 5373648
	1301  -  MemoryUsage of job (MB)
	1331920  -  ResidentSetSize of job (KB)
...
006 (113493749.000.000) 2023-04-02 15:09:10 Image size of job updated: 5373648
	1319  -  MemoryUsage of job (MB)
	1350204  -  ResidentSetSize of job (KB)
...
006 (113493749.000.000) 2023-04-02 15:14:10 Image size of job updated: 5373648
	1326  -  MemoryUsage of job (MB)
	1357372  -  ResidentSetSize of job (KB)
...
006 (113493749.000.000) 2023-04-02 15:19:10 Image size of job updated: 5373648
	1372  -  MemoryUsage of job (MB)
	1404652  -  ResidentSetSize of job (KB)
...
006 (113493749.000.000) 2023-04-02 15:29:11 Image size of job updated: 5413476
	1372  -  MemoryUsage of job (MB)
	1404652  -  ResidentSetSize of job (KB)
...
006 (113493749.000.000) 2023-04-02 15:59:15 Image size of job updated: 5413476
	1375  -  MemoryUsage of job (MB)
	1407832  -  ResidentSetSize of job (KB)
...
006 (113493749.000.000) 2023-04-02 16:04:15 Image size of job updated: 5413476
	1376  -  MemoryUsage of job (MB)
	1408340  -  ResidentSetSize of job (KB)
...
006 (113493749.000.000) 2023-04-02 16:09:15 Image size of job updated: 5450584
	1380  -  MemoryUsage of job (MB)
	1412468  -  ResidentSetSize of job (KB)
...
006 (113493749.000.000) 2023-04-02 16:19:16 Image size of job updated: 5450584
	1380  -  MemoryUsage of job (MB)
	1412968  -  ResidentSetSize of job (KB)
...
006 (113493749.000.000) 2023-04-02 16:24:16 Image size of job updated: 5471804
	1380  -  MemoryUsage of job (MB)
	1412968  -  ResidentSetSize of job (KB)
...
006 (113493749.000.000) 2023-04-02 16:34:17 Image size of job updated: 5473812
	1380  -  MemoryUsage of job (MB)
	1412968  -  ResidentSetSize of job (KB)
...
006 (113493749.000.000) 2023-04-02 16:54:19 Image size of job updated: 5477852
	1392  -  MemoryUsage of job (MB)
	1424756  -  ResidentSetSize of job (KB)
...
006 (113493749.000.000) 2023-04-02 17:09:21 Image size of job updated: 5482804
	1392  -  MemoryUsage of job (MB)
	1424756  -  ResidentSetSize of job (KB)
...
006 (113493749.000.000) 2023-04-02 17:14:22 Image size of job updated: 5482804
	1411  -  MemoryUsage of job (MB)
	1443988  -  ResidentSetSize of job (KB)
...
006 (113493749.000.000) 2023-04-02 17:19:23 Image size of job updated: 5482804
	1411  -  MemoryUsage of job (MB)
	1444168  -  ResidentSetSize of job (KB)
...
006 (113493749.000.000) 2023-04-02 17:24:23 Image size of job updated: 5505904
	1417  -  MemoryUsage of job (MB)
	1450948  -  ResidentSetSize of job (KB)
...
006 (113493749.000.000) 2023-04-02 17:29:23 Image size of job updated: 5505904
	1418  -  MemoryUsage of job (MB)
	1451020  -  ResidentSetSize of job (KB)
...
006 (113493749.000.000) 2023-04-02 17:34:24 Image size of job updated: 5505904
	1420  -  MemoryUsage of job (MB)
	1453068  -  ResidentSetSize of job (KB)
...
006 (113493749.000.000) 2023-04-02 17:44:24 Image size of job updated: 5509200
	1420  -  MemoryUsage of job (MB)
	1453764  -  ResidentSetSize of job (KB)
...
006 (113493749.000.000) 2023-04-02 17:59:25 Image size of job updated: 5509664
	1421  -  MemoryUsage of job (MB)
	1454864  -  ResidentSetSize of job (KB)
...
006 (113493749.000.000) 2023-04-02 18:14:26 Image size of job updated: 5509664
	1427  -  MemoryUsage of job (MB)
	1461036  -  ResidentSetSize of job (KB)
...
006 (113493749.000.000) 2023-04-02 18:24:28 Image size of job updated: 5509664
	1427  -  MemoryUsage of job (MB)
	1461156  -  ResidentSetSize of job (KB)
...
006 (113493749.000.000) 2023-04-02 18:34:29 Image size of job updated: 5534536
	1441  -  MemoryUsage of job (MB)
	1475508  -  ResidentSetSize of job (KB)
...
006 (113493749.000.000) 2023-04-02 18:39:30 Image size of job updated: 5534536
	1442  -  MemoryUsage of job (MB)
	1475996  -  ResidentSetSize of job (KB)
...
006 (113493749.000.000) 2023-04-02 18:54:32 Image size of job updated: 5535496
	1446  -  MemoryUsage of job (MB)
	1480356  -  ResidentSetSize of job (KB)
...
006 (113493749.000.000) 2023-04-02 18:59:32 Image size of job updated: 5535496
	1446  -  MemoryUsage of job (MB)
	1480484  -  ResidentSetSize of job (KB)
...
006 (113493749.000.000) 2023-04-02 19:04:32 Image size of job updated: 5535496
	1449  -  MemoryUsage of job (MB)
	1483520  -  ResidentSetSize of job (KB)
...
006 (113493749.000.000) 2023-04-02 19:09:33 Image size of job updated: 5704068
	1467  -  MemoryUsage of job (MB)
	1501276  -  ResidentSetSize of job (KB)
...
006 (113493749.000.000) 2023-04-02 19:14:33 Image size of job updated: 5704068
	1467  -  MemoryUsage of job (MB)
	1501900  -  ResidentSetSize of job (KB)
...
006 (113493749.000.000) 2023-04-02 19:24:34 Image size of job updated: 5704068
	1467  -  MemoryUsage of job (MB)
	1502208  -  ResidentSetSize of job (KB)
...
006 (113493749.000.000) 2023-04-02 19:29:35 Image size of job updated: 5704068
	1468  -  MemoryUsage of job (MB)
	1502708  -  ResidentSetSize of job (KB)
...
006 (113493749.000.000) 2023-04-02 19:39:36 Image size of job updated: 5704068
	1470  -  MemoryUsage of job (MB)
	1505036  -  ResidentSetSize of job (KB)
...
006 (113493749.000.000) 2023-04-02 19:44:37 Image size of job updated: 5704068
	1473  -  MemoryUsage of job (MB)
	1507568  -  ResidentSetSize of job (KB)
...
006 (113493749.000.000) 2023-04-02 20:04:39 Image size of job updated: 5704068
	1476  -  MemoryUsage of job (MB)
	1510872  -  ResidentSetSize of job (KB)
...
006 (113493749.000.000) 2023-04-02 20:09:39 Image size of job updated: 5704068
	1494  -  MemoryUsage of job (MB)
	1528872  -  ResidentSetSize of job (KB)
...
006 (113493749.000.000) 2023-04-02 20:14:41 Image size of job updated: 5704068
	1512  -  MemoryUsage of job (MB)
	1547856  -  ResidentSetSize of job (KB)
...
006 (113493749.000.000) 2023-04-02 20:19:41 Image size of job updated: 5704068
	1515  -  MemoryUsage of job (MB)
	1550684  -  ResidentSetSize of job (KB)
...
006 (113493749.000.000) 2023-04-02 20:24:41 Image size of job updated: 5704068
	1526  -  MemoryUsage of job (MB)
	1562564  -  ResidentSetSize of job (KB)
...
006 (113493749.000.000) 2023-04-02 20:29:42 Image size of job updated: 5704068
	1527  -  MemoryUsage of job (MB)
	1563232  -  ResidentSetSize of job (KB)
...
006 (113493749.000.000) 2023-04-02 20:34:43 Image size of job updated: 5704068
	1529  -  MemoryUsage of job (MB)
	1565464  -  ResidentSetSize of job (KB)
...
006 (113493749.000.000) 2023-04-02 20:44:44 Image size of job updated: 5704068
	1532  -  MemoryUsage of job (MB)
	1568088  -  ResidentSetSize of job (KB)
...
006 (113493749.000.000) 2023-04-02 20:54:45 Image size of job updated: 5704068
	1533  -  MemoryUsage of job (MB)
	1568928  -  ResidentSetSize of job (KB)
...
006 (113493749.000.000) 2023-04-02 21:09:47 Image size of job updated: 5704068
	1549  -  MemoryUsage of job (MB)
	1585936  -  ResidentSetSize of job (KB)
...
006 (113493749.000.000) 2023-04-02 21:19:48 Image size of job updated: 5704068
	1570  -  MemoryUsage of job (MB)
	1606752  -  ResidentSetSize of job (KB)
...
006 (113493749.000.000) 2023-04-02 21:24:49 Image size of job updated: 5704068
	1570  -  MemoryUsage of job (MB)
	1607504  -  ResidentSetSize of job (KB)
...
006 (113493749.000.000) 2023-04-02 21:39:51 Image size of job updated: 5704068
	1572  -  MemoryUsage of job (MB)
	1609496  -  ResidentSetSize of job (KB)
...
006 (113493749.000.000) 2023-04-02 21:44:51 Image size of job updated: 5704068
	1591  -  MemoryUsage of job (MB)
	1628460  -  ResidentSetSize of job (KB)
...
006 (113493749.000.000) 2023-04-02 22:24:55 Image size of job updated: 5704068
	1602  -  MemoryUsage of job (MB)
	1639776  -  ResidentSetSize of job (KB)
...
006 (113493749.000.000) 2023-04-02 22:49:58 Image size of job updated: 5704068
	1619  -  MemoryUsage of job (MB)
	1657072  -  ResidentSetSize of job (KB)
...
006 (113493749.000.000) 2023-04-02 22:54:58 Image size of job updated: 5704068
	1637  -  MemoryUsage of job (MB)
	1676056  -  ResidentSetSize of job (KB)
...
006 (113493749.000.000) 2023-04-02 23:20:00 Image size of job updated: 5704068
	1642  -  MemoryUsage of job (MB)
	1680756  -  ResidentSetSize of job (KB)
...
006 (113493749.000.000) 2023-04-02 23:30:02 Image size of job updated: 5704068
	1662  -  MemoryUsage of job (MB)
	1701572  -  ResidentSetSize of job (KB)
...
006 (113493749.000.000) 2023-04-03 00:00:05 Image size of job updated: 5704068
	1670  -  MemoryUsage of job (MB)
	1709068  -  ResidentSetSize of job (KB)
...
006 (113493749.000.000) 2023-04-03 00:15:06 Image size of job updated: 5704068
	1670  -  MemoryUsage of job (MB)
	1709620  -  ResidentSetSize of job (KB)
...
006 (113493749.000.000) 2023-04-03 00:20:08 Image size of job updated: 5704068
	1685  -  MemoryUsage of job (MB)
	1724792  -  ResidentSetSize of job (KB)
...
006 (113493749.000.000) 2023-04-03 00:25:08 Image size of job updated: 5704068
	1685  -  MemoryUsage of job (MB)
	1725292  -  ResidentSetSize of job (KB)
...
006 (113493749.000.000) 2023-04-03 00:35:09 Image size of job updated: 5704068
	1686  -  MemoryUsage of job (MB)
	1725756  -  ResidentSetSize of job (KB)
...
006 (113493749.000.000) 2023-04-03 00:45:10 Image size of job updated: 5704068
	1689  -  MemoryUsage of job (MB)
	1728960  -  ResidentSetSize of job (KB)
...
006 (113493749.000.000) 2023-04-03 00:55:11 Image size of job updated: 5704068
	1689  -  MemoryUsage of job (MB)
	1729092  -  ResidentSetSize of job (KB)
...
006 (113493749.000.000) 2023-04-03 01:00:11 Image size of job updated: 5704068
	1689  -  MemoryUsage of job (MB)
	1729096  -  ResidentSetSize of job (KB)
...
006 (113493749.000.000) 2023-04-03 01:05:11 Image size of job updated: 5704068
	1690  -  MemoryUsage of job (MB)
	1730464  -  ResidentSetSize of job (KB)
...
006 (113493749.000.000) 2023-04-03 01:15:13 Image size of job updated: 5704068
	1691  -  MemoryUsage of job (MB)
	1730960  -  ResidentSetSize of job (KB)
...
006 (113493749.000.000) 2023-04-03 01:40:15 Image size of job updated: 5704068
	1695  -  MemoryUsage of job (MB)
	1735336  -  ResidentSetSize of job (KB)
...
006 (113493749.000.000) 2023-04-03 01:50:16 Image size of job updated: 5704068
	1696  -  MemoryUsage of job (MB)
	1735836  -  ResidentSetSize of job (KB)
...
006 (113493749.000.000) 2023-04-03 02:00:17 Image size of job updated: 5704068
	1697  -  MemoryUsage of job (MB)
	1737664  -  ResidentSetSize of job (KB)
...
006 (113493749.000.000) 2023-04-03 02:05:18 Image size of job updated: 5704068
	1698  -  MemoryUsage of job (MB)
	1738288  -  ResidentSetSize of job (KB)
...
006 (113493749.000.000) 2023-04-03 02:10:18 Image size of job updated: 5704068
	1869  -  MemoryUsage of job (MB)
	1913116  -  ResidentSetSize of job (KB)
...
006 (113493749.000.000) 2023-04-03 02:35:21 Image size of job updated: 5708484
	1869  -  MemoryUsage of job (MB)
	1913116  -  ResidentSetSize of job (KB)
...
006 (113493749.000.000) 2023-04-03 05:15:38 Image size of job updated: 5720568
	1869  -  MemoryUsage of job (MB)
	1913116  -  ResidentSetSize of job (KB)
...
006 (113493749.000.000) 2023-04-03 05:30:39 Image size of job updated: 5721576
	1869  -  MemoryUsage of job (MB)
	1913116  -  ResidentSetSize of job (KB)
...
006 (113493749.000.000) 2023-04-03 05:50:42 Image size of job updated: 5725108
	1869  -  MemoryUsage of job (MB)
	1913116  -  ResidentSetSize of job (KB)
...
006 (113493749.000.000) 2023-04-03 06:05:43 Image size of job updated: 5726860
	1869  -  MemoryUsage of job (MB)
	1913116  -  ResidentSetSize of job (KB)
...
006 (113493749.000.000) 2023-04-03 06:15:43 Image size of job updated: 5912372
	1869  -  MemoryUsage of job (MB)
	1913116  -  ResidentSetSize of job (KB)
...
006 (113493749.000.000) 2023-04-03 08:55:59 Image size of job updated: 5912372
	1938  -  MemoryUsage of job (MB)
	1984052  -  ResidentSetSize of job (KB)
...
006 (113493749.000.000) 2023-04-03 10:36:11 Image size of job updated: 5954632
	1938  -  MemoryUsage of job (MB)
	1984052  -  ResidentSetSize of job (KB)
...
004 (113493749.000.000) 2023-04-03 13:34:44 Job was evicted.
	(0) CPU times
		Usr 4 14:25:37, Sys 0 00:04:03  -  Run Remote Usage
		Usr 0 00:00:00, Sys 0 00:00:00  -  Run Local Usage
	0  -  Run Bytes Sent By Job
	366  -  Run Bytes Received By Job
	Partitionable Resources :    Usage  Request Allocated 
	   Cpus                 :     1.00        1         1 
	   Disk (KB)            :  3279      500000    609620 
	   GPUs                 :                           0 
	   Memory (MB)          :  1938       20000     20096 
...
040 (113493749.000.000) 2023-04-03 13:41:35 Started transferring input files
	Transferring to host: <10.14.9.198:9618?addrs=10.14.9.198-9618&alias=node2198.cluster.ldas.cit&noUDP&sock=slot1_6_187610_f786_133544>
...
040 (113493749.000.000) 2023-04-03 13:41:35 Finished transferring input files
...
001 (113493749.000.000) 2023-04-03 13:41:36 Job executing on host: <10.14.9.198:9618?addrs=10.14.9.198-9618&alias=node2198.cluster.ldas.cit&noUDP&sock=startd_187572_5e70>
...
040 (113493749.000.000) 2023-04-03 13:41:36 Started transferring output files
...
040 (113493749.000.000) 2023-04-03 13:41:36 Finished transferring output files
...
005 (113493749.000.000) 2023-04-03 13:41:36 Job terminated.
	(1) Normal termination (return value 127)
		Usr 0 00:00:00, Sys 0 00:00:00  -  Run Remote Usage
		Usr 0 00:00:00, Sys 0 00:00:00  -  Run Local Usage
		Usr 4 14:25:37, Sys 0 00:04:03  -  Total Remote Usage
		Usr 0 00:00:00, Sys 0 00:00:00  -  Total Local Usage
	407  -  Run Bytes Sent By Job
	366  -  Run Bytes Received By Job
	407  -  Total Bytes Sent By Job
	732  -  Total Bytes Received By Job
	Partitionable Resources :    Usage  Request Allocated 
	   Cpus                 :     1.00        1         1 
	   Disk (KB)            :    16      500000    519527 
	   GPUs                 :                           0 
	   Memory (MB)          :  1954       20000     20096 

	Job terminated of its own accord at 2023-04-03T20:41:36Z with exit-code 127.
...
000 (113587240.000.000) 2023-04-05 14:54:24 Job submitted from host: <10.14.0.160:9618?addrs=10.14.0.160-9618&alias=ldas-pcdev2.ligo.caltech.edu&noUDP&sock=schedd_7450_a8a7>
    DAG Node: 299
...
040 (113587240.000.000) 2023-04-05 15:01:02 Started transferring input files
	Transferring to host: <10.14.4.69:9618?addrs=10.14.4.69-9618&alias=node819.cluster.ldas.cit&noUDP&sock=slot1_9_2236321_3394_780>
...
040 (113587240.000.000) 2023-04-05 15:01:02 Finished transferring input files
...
001 (113587240.000.000) 2023-04-05 15:01:03 Job executing on host: <10.14.4.69:9618?addrs=10.14.4.69-9618&alias=node819.cluster.ldas.cit&noUDP&sock=startd_2236279_f77e>
...
006 (113587240.000.000) 2023-04-05 15:01:12 Image size of job updated: 194396
	190  -  MemoryUsage of job (MB)
	194388  -  ResidentSetSize of job (KB)
...
006 (113587240.000.000) 2023-04-05 15:06:12 Image size of job updated: 5143532
	633  -  MemoryUsage of job (MB)
	647524  -  ResidentSetSize of job (KB)
...
006 (113587240.000.000) 2023-04-05 15:11:12 Image size of job updated: 5214816
	697  -  MemoryUsage of job (MB)
	713260  -  ResidentSetSize of job (KB)
...
006 (113587240.000.000) 2023-04-05 15:16:13 Image size of job updated: 5302724
	797  -  MemoryUsage of job (MB)
	815140  -  ResidentSetSize of job (KB)
...
006 (113587240.000.000) 2023-04-05 15:21:13 Image size of job updated: 5387208
	866  -  MemoryUsage of job (MB)
	886388  -  ResidentSetSize of job (KB)
...
006 (113587240.000.000) 2023-04-05 15:26:13 Image size of job updated: 5827908
	1163  -  MemoryUsage of job (MB)
	1190056  -  ResidentSetSize of job (KB)
...
006 (113587240.000.000) 2023-04-05 15:36:15 Image size of job updated: 5827908
	1178  -  MemoryUsage of job (MB)
	1205580  -  ResidentSetSize of job (KB)
...
006 (113587240.000.000) 2023-04-05 15:41:15 Image size of job updated: 5827908
	1178  -  MemoryUsage of job (MB)
	1205908  -  ResidentSetSize of job (KB)
...
006 (113587240.000.000) 2023-04-05 15:46:15 Image size of job updated: 5923392
	1206  -  MemoryUsage of job (MB)
	1234280  -  ResidentSetSize of job (KB)
...
006 (113587240.000.000) 2023-04-05 16:01:16 Image size of job updated: 5923392
	1235  -  MemoryUsage of job (MB)
	1263888  -  ResidentSetSize of job (KB)
...
006 (113587240.000.000) 2023-04-05 16:06:17 Image size of job updated: 5978308
	1245  -  MemoryUsage of job (MB)
	1273928  -  ResidentSetSize of job (KB)
...
006 (113587240.000.000) 2023-04-05 16:11:17 Image size of job updated: 5978308
	1245  -  MemoryUsage of job (MB)
	1274180  -  ResidentSetSize of job (KB)
...
006 (113587240.000.000) 2023-04-05 17:11:24 Image size of job updated: 5978308
	1250  -  MemoryUsage of job (MB)
	1279024  -  ResidentSetSize of job (KB)
...
006 (113587240.000.000) 2023-04-05 17:36:26 Image size of job updated: 5978308
	1268  -  MemoryUsage of job (MB)
	1298396  -  ResidentSetSize of job (KB)
...
006 (113587240.000.000) 2023-04-05 17:41:27 Image size of job updated: 5978308
	1269  -  MemoryUsage of job (MB)
	1298560  -  ResidentSetSize of job (KB)
...
006 (113587240.000.000) 2023-04-05 17:46:28 Image size of job updated: 5983616
	1297  -  MemoryUsage of job (MB)
	1327844  -  ResidentSetSize of job (KB)
...
006 (113587240.000.000) 2023-04-05 18:06:29 Image size of job updated: 5983616
	1353  -  MemoryUsage of job (MB)
	1384616  -  ResidentSetSize of job (KB)
...
006 (113587240.000.000) 2023-04-05 18:11:29 Image size of job updated: 5983616
	1496  -  MemoryUsage of job (MB)
	1531592  -  ResidentSetSize of job (KB)
...
006 (113587240.000.000) 2023-04-05 18:16:30 Image size of job updated: 5983616
	1606  -  MemoryUsage of job (MB)
	1644520  -  ResidentSetSize of job (KB)
...
006 (113587240.000.000) 2023-04-05 18:21:30 Image size of job updated: 5983616
	1721  -  MemoryUsage of job (MB)
	1761708  -  ResidentSetSize of job (KB)
...
006 (113587240.000.000) 2023-04-05 19:11:35 Image size of job updated: 6020772
	1721  -  MemoryUsage of job (MB)
	1761708  -  ResidentSetSize of job (KB)
...
006 (113587240.000.000) 2023-04-05 19:26:37 Image size of job updated: 6023060
	1721  -  MemoryUsage of job (MB)
	1761708  -  ResidentSetSize of job (KB)
...
006 (113587240.000.000) 2023-04-05 19:41:39 Image size of job updated: 6027916
	1721  -  MemoryUsage of job (MB)
	1761708  -  ResidentSetSize of job (KB)
...
006 (113587240.000.000) 2023-04-05 19:56:40 Image size of job updated: 6030956
	1721  -  MemoryUsage of job (MB)
	1761708  -  ResidentSetSize of job (KB)
...
006 (113587240.000.000) 2023-04-05 20:16:42 Image size of job updated: 6033732
	1721  -  MemoryUsage of job (MB)
	1761708  -  ResidentSetSize of job (KB)
...
006 (113587240.000.000) 2023-04-05 20:26:43 Image size of job updated: 6036236
	1721  -  MemoryUsage of job (MB)
	1761708  -  ResidentSetSize of job (KB)
...
006 (113587240.000.000) 2023-04-05 20:41:44 Image size of job updated: 6059516
	1721  -  MemoryUsage of job (MB)
	1761708  -  ResidentSetSize of job (KB)
...
006 (113587240.000.000) 2023-04-05 23:22:03 Image size of job updated: 6085888
	1721  -  MemoryUsage of job (MB)
	1761708  -  ResidentSetSize of job (KB)
...
006 (113587240.000.000) 2023-04-06 03:22:26 Image size of job updated: 6085888
	1901  -  MemoryUsage of job (MB)
	1945908  -  ResidentSetSize of job (KB)
...
006 (113587240.000.000) 2023-04-06 04:52:36 Image size of job updated: 6092200
	1901  -  MemoryUsage of job (MB)
	1945908  -  ResidentSetSize of job (KB)
...
006 (113587240.000.000) 2023-04-06 06:07:43 Image size of job updated: 6127500
	1901  -  MemoryUsage of job (MB)
	1945908  -  ResidentSetSize of job (KB)
...
006 (113587240.000.000) 2023-04-06 06:57:48 Image size of job updated: 6127500
	1906  -  MemoryUsage of job (MB)
	1950836  -  ResidentSetSize of job (KB)
...
006 (113587240.000.000) 2023-04-06 11:18:16 Image size of job updated: 6134356
	1906  -  MemoryUsage of job (MB)
	1950836  -  ResidentSetSize of job (KB)
...
006 (113587240.000.000) 2023-04-06 11:48:19 Image size of job updated: 6142648
	1906  -  MemoryUsage of job (MB)
	1950836  -  ResidentSetSize of job (KB)
...
006 (113587240.000.000) 2023-04-06 12:33:23 Image size of job updated: 6332684
	1906  -  MemoryUsage of job (MB)
	1950836  -  ResidentSetSize of job (KB)
...
006 (113587240.000.000) 2023-04-06 12:53:25 Image size of job updated: 6378936
	1906  -  MemoryUsage of job (MB)
	1950836  -  ResidentSetSize of job (KB)
...
006 (113587240.000.000) 2023-04-06 13:13:27 Image size of job updated: 6383184
	1906  -  MemoryUsage of job (MB)
	1950836  -  ResidentSetSize of job (KB)
...
004 (113587240.000.000) 2023-04-06 15:29:05 Job was evicted.
	(0) CPU times
		Usr 3 19:41:26, Sys 0 00:05:25  -  Run Remote Usage
		Usr 0 00:00:00, Sys 0 00:00:00  -  Run Local Usage
	0  -  Run Bytes Sent By Job
	366  -  Run Bytes Received By Job
	Partitionable Resources :    Usage  Request Allocated 
	   Cpus                 :     1.00        1         1 
	   Disk (KB)            :  2955      500000    624256 
	   GPUs                 :                           0 
	   Memory (MB)          :  1906       20000     20096 
...
040 (113587240.000.000) 2023-04-06 15:34:32 Started transferring input files
	Transferring to host: <10.14.10.94:9618?addrs=10.14.10.94-9618&alias=node2344.cluster.ldas.cit&noUDP&sock=slot1_17_3195709_d67a_36898>
...
040 (113587240.000.000) 2023-04-06 15:34:32 Finished transferring input files
...
001 (113587240.000.000) 2023-04-06 15:34:33 Job executing on host: <10.14.10.94:9618?addrs=10.14.10.94-9618&alias=node2344.cluster.ldas.cit&noUDP&sock=startd_4352_b041>
...
004 (113587240.000.000) 2023-04-06 16:04:49 Job was evicted.
	(0) CPU times
		Usr 0 01:57:05, Sys 0 00:00:05  -  Run Remote Usage
		Usr 0 00:00:00, Sys 0 00:00:00  -  Run Local Usage
	0  -  Run Bytes Sent By Job
	366  -  Run Bytes Received By Job
	Partitionable Resources :    Usage  Request Allocated 
	   Cpus                 :     1.98        1         1 
	   Disk (KB)            :  2715      500000    624256 
	   GPUs                 :                           0 
	   Memory (MB)          :  1954       20000     20096 
...
009 (113587240.000.000) 2023-04-06 16:04:49 Job was aborted.
	removed because <OtherJobRemoveRequirements = DAGManJobId =?= 113587193> fired when job (113587193.0) was removed
...
000 (113604353.000.000) 2023-04-06 16:28:16 Job submitted from host: <10.14.0.160:9618?addrs=10.14.0.160-9618&alias=ldas-pcdev2.ligo.caltech.edu&noUDP&sock=schedd_7450_a8a7>
    DAG Node: 299
...
040 (113604353.000.000) 2023-04-06 16:39:21 Started transferring input files
	Transferring to host: <10.14.9.167:9618?addrs=10.14.9.167-9618&alias=node2167.cluster.ldas.cit&noUDP&sock=slot1_6_2290487_0c6f_2149>
...
040 (113604353.000.000) 2023-04-06 16:39:21 Finished transferring input files
...
001 (113604353.000.000) 2023-04-06 16:39:22 Job executing on host: <10.14.9.167:9618?addrs=10.14.9.167-9618&alias=node2167.cluster.ldas.cit&noUDP&sock=startd_2290445_5662>
...
006 (113604353.000.000) 2023-04-06 16:39:31 Image size of job updated: 194728
	191  -  MemoryUsage of job (MB)
	194720  -  ResidentSetSize of job (KB)
...
006 (113604353.000.000) 2023-04-06 16:44:32 Image size of job updated: 4862992
	288  -  MemoryUsage of job (MB)
	294284  -  ResidentSetSize of job (KB)
...
006 (113604353.000.000) 2023-04-06 16:49:32 Image size of job updated: 4862992
	470  -  MemoryUsage of job (MB)
	481188  -  ResidentSetSize of job (KB)
...
006 (113604353.000.000) 2023-04-06 16:54:33 Image size of job updated: 4862992
	475  -  MemoryUsage of job (MB)
	486108  -  ResidentSetSize of job (KB)
...
006 (113604353.000.000) 2023-04-06 16:59:34 Image size of job updated: 4862992
	540  -  MemoryUsage of job (MB)
	552536  -  ResidentSetSize of job (KB)
...
006 (113604353.000.000) 2023-04-06 17:04:34 Image size of job updated: 4862992
	546  -  MemoryUsage of job (MB)
	558104  -  ResidentSetSize of job (KB)
...
006 (113604353.000.000) 2023-04-06 17:09:34 Image size of job updated: 4862992
	558  -  MemoryUsage of job (MB)
	570880  -  ResidentSetSize of job (KB)
...
006 (113604353.000.000) 2023-04-06 17:14:35 Image size of job updated: 4862992
	573  -  MemoryUsage of job (MB)
	585996  -  ResidentSetSize of job (KB)
...
006 (113604353.000.000) 2023-04-06 17:19:36 Image size of job updated: 4862992
	584  -  MemoryUsage of job (MB)
	597980  -  ResidentSetSize of job (KB)
...
006 (113604353.000.000) 2023-04-06 17:24:36 Image size of job updated: 4862992
	617  -  MemoryUsage of job (MB)
	631028  -  ResidentSetSize of job (KB)
...
006 (113604353.000.000) 2023-04-06 17:29:36 Image size of job updated: 4862992
	789  -  MemoryUsage of job (MB)
	807756  -  ResidentSetSize of job (KB)
...
006 (113604353.000.000) 2023-04-06 17:34:37 Image size of job updated: 4862992
	920  -  MemoryUsage of job (MB)
	941484  -  ResidentSetSize of job (KB)
...
006 (113604353.000.000) 2023-04-06 17:39:37 Image size of job updated: 4864620
	939  -  MemoryUsage of job (MB)
	960528  -  ResidentSetSize of job (KB)
...
006 (113604353.000.000) 2023-04-06 17:49:38 Image size of job updated: 4874936
	950  -  MemoryUsage of job (MB)
	972448  -  ResidentSetSize of job (KB)
...
006 (113604353.000.000) 2023-04-06 17:54:39 Image size of job updated: 4880056
	952  -  MemoryUsage of job (MB)
	974748  -  ResidentSetSize of job (KB)
...
006 (113604353.000.000) 2023-04-06 17:59:39 Image size of job updated: 4880056
	954  -  MemoryUsage of job (MB)
	975964  -  ResidentSetSize of job (KB)
...
006 (113604353.000.000) 2023-04-06 18:04:39 Image size of job updated: 4905628
	981  -  MemoryUsage of job (MB)
	1003740  -  ResidentSetSize of job (KB)
...
006 (113604353.000.000) 2023-04-06 18:09:40 Image size of job updated: 4912412
	987  -  MemoryUsage of job (MB)
	1010524  -  ResidentSetSize of job (KB)
...
006 (113604353.000.000) 2023-04-06 18:14:40 Image size of job updated: 4917456
	992  -  MemoryUsage of job (MB)
	1015484  -  ResidentSetSize of job (KB)
...
006 (113604353.000.000) 2023-04-06 18:19:40 Image size of job updated: 4917456
	992  -  MemoryUsage of job (MB)
	1015488  -  ResidentSetSize of job (KB)
...
006 (113604353.000.000) 2023-04-06 18:24:41 Image size of job updated: 4937632
	1028  -  MemoryUsage of job (MB)
	1051924  -  ResidentSetSize of job (KB)
...
006 (113604353.000.000) 2023-04-06 18:34:42 Image size of job updated: 4959632
	1038  -  MemoryUsage of job (MB)
	1062812  -  ResidentSetSize of job (KB)
...
006 (113604353.000.000) 2023-04-06 18:44:43 Image size of job updated: 4977392
	1070  -  MemoryUsage of job (MB)
	1094716  -  ResidentSetSize of job (KB)
...
006 (113604353.000.000) 2023-04-06 18:49:44 Image size of job updated: 4977392
	1070  -  MemoryUsage of job (MB)
	1094720  -  ResidentSetSize of job (KB)
...
006 (113604353.000.000) 2023-04-06 18:54:44 Image size of job updated: 4977392
	1086  -  MemoryUsage of job (MB)
	1111120  -  ResidentSetSize of job (KB)
...
006 (113604353.000.000) 2023-04-06 18:59:44 Image size of job updated: 4983248
	1109  -  MemoryUsage of job (MB)
	1134860  -  ResidentSetSize of job (KB)
...
006 (113604353.000.000) 2023-04-06 19:09:45 Image size of job updated: 5013812
	1140  -  MemoryUsage of job (MB)
	1166432  -  ResidentSetSize of job (KB)
...
006 (113604353.000.000) 2023-04-06 19:14:45 Image size of job updated: 5013812
	1174  -  MemoryUsage of job (MB)
	1201388  -  ResidentSetSize of job (KB)
...
006 (113604353.000.000) 2023-04-06 19:19:46 Image size of job updated: 5022904
	1178  -  MemoryUsage of job (MB)
	1206248  -  ResidentSetSize of job (KB)
...
006 (113604353.000.000) 2023-04-06 19:24:47 Image size of job updated: 5022904
	1179  -  MemoryUsage of job (MB)
	1206280  -  ResidentSetSize of job (KB)
...
006 (113604353.000.000) 2023-04-06 19:29:47 Image size of job updated: 5054200
	1214  -  MemoryUsage of job (MB)
	1242524  -  ResidentSetSize of job (KB)
...
006 (113604353.000.000) 2023-04-06 19:34:47 Image size of job updated: 5054200
	1214  -  MemoryUsage of job (MB)
	1242528  -  ResidentSetSize of job (KB)
...
006 (113604353.000.000) 2023-04-06 19:39:48 Image size of job updated: 5054376
	1214  -  MemoryUsage of job (MB)
	1242820  -  ResidentSetSize of job (KB)
...
006 (113604353.000.000) 2023-04-06 19:44:49 Image size of job updated: 5059504
	1219  -  MemoryUsage of job (MB)
	1247824  -  ResidentSetSize of job (KB)
...
006 (113604353.000.000) 2023-04-06 19:49:49 Image size of job updated: 5060396
	1220  -  MemoryUsage of job (MB)
	1248788  -  ResidentSetSize of job (KB)
...
006 (113604353.000.000) 2023-04-06 19:54:50 Image size of job updated: 5064404
	1220  -  MemoryUsage of job (MB)
	1248788  -  ResidentSetSize of job (KB)
...
006 (113604353.000.000) 2023-04-06 20:09:51 Image size of job updated: 5078484
	1238  -  MemoryUsage of job (MB)
	1266808  -  ResidentSetSize of job (KB)
...
006 (113604353.000.000) 2023-04-06 20:14:52 Image size of job updated: 5086568
	1246  -  MemoryUsage of job (MB)
	1275016  -  ResidentSetSize of job (KB)
...
006 (113604353.000.000) 2023-04-06 20:19:52 Image size of job updated: 5086568
	1263  -  MemoryUsage of job (MB)
	1292664  -  ResidentSetSize of job (KB)
...
006 (113604353.000.000) 2023-04-06 20:24:52 Image size of job updated: 5088468
	1265  -  MemoryUsage of job (MB)
	1294500  -  ResidentSetSize of job (KB)
...
006 (113604353.000.000) 2023-04-06 20:39:54 Image size of job updated: 5089824
	1265  -  MemoryUsage of job (MB)
	1294500  -  ResidentSetSize of job (KB)
...
006 (113604353.000.000) 2023-04-06 20:49:56 Image size of job updated: 5092312
	1286  -  MemoryUsage of job (MB)
	1315864  -  ResidentSetSize of job (KB)
...
006 (113604353.000.000) 2023-04-06 20:59:56 Image size of job updated: 5092312
	1286  -  MemoryUsage of job (MB)
	1316044  -  ResidentSetSize of job (KB)
...
006 (113604353.000.000) 2023-04-06 21:04:57 Image size of job updated: 5094256
	1287  -  MemoryUsage of job (MB)
	1317804  -  ResidentSetSize of job (KB)
...
006 (113604353.000.000) 2023-04-06 21:19:58 Image size of job updated: 5097880
	1290  -  MemoryUsage of job (MB)
	1320540  -  ResidentSetSize of job (KB)
...
006 (113604353.000.000) 2023-04-06 21:29:59 Image size of job updated: 5097880
	1291  -  MemoryUsage of job (MB)
	1321020  -  ResidentSetSize of job (KB)
...
006 (113604353.000.000) 2023-04-06 21:35:00 Image size of job updated: 5100328
	1293  -  MemoryUsage of job (MB)
	1324024  -  ResidentSetSize of job (KB)
...
006 (113604353.000.000) 2023-04-06 21:40:01 Image size of job updated: 5107132
	1300  -  MemoryUsage of job (MB)
	1330896  -  ResidentSetSize of job (KB)
...
006 (113604353.000.000) 2023-04-06 21:45:01 Image size of job updated: 5110132
	1303  -  MemoryUsage of job (MB)
	1333716  -  ResidentSetSize of job (KB)
...
006 (113604353.000.000) 2023-04-06 21:50:01 Image size of job updated: 5121132
	1314  -  MemoryUsage of job (MB)
	1344756  -  ResidentSetSize of job (KB)
...
006 (113604353.000.000) 2023-04-06 21:55:02 Image size of job updated: 5123972
	1314  -  MemoryUsage of job (MB)
	1344756  -  ResidentSetSize of job (KB)
...
006 (113604353.000.000) 2023-04-06 22:10:04 Image size of job updated: 5142384
	1335  -  MemoryUsage of job (MB)
	1366112  -  ResidentSetSize of job (KB)
...
006 (113604353.000.000) 2023-04-06 22:15:05 Image size of job updated: 5148780
	1341  -  MemoryUsage of job (MB)
	1372452  -  ResidentSetSize of job (KB)
...
006 (113604353.000.000) 2023-04-06 22:20:05 Image size of job updated: 5151928
	1344  -  MemoryUsage of job (MB)
	1375540  -  ResidentSetSize of job (KB)
...
006 (113604353.000.000) 2023-04-06 22:35:07 Image size of job updated: 5152300
	1344  -  MemoryUsage of job (MB)
	1375888  -  ResidentSetSize of job (KB)
...
006 (113604353.000.000) 2023-04-06 22:45:07 Image size of job updated: 5156084
	1346  -  MemoryUsage of job (MB)
	1377912  -  ResidentSetSize of job (KB)
...
006 (113604353.000.000) 2023-04-06 22:55:09 Image size of job updated: 5161560
	1409  -  MemoryUsage of job (MB)
	1442344  -  ResidentSetSize of job (KB)
...
006 (113604353.000.000) 2023-04-06 23:05:10 Image size of job updated: 5164088
	1409  -  MemoryUsage of job (MB)
	1442344  -  ResidentSetSize of job (KB)
...
006 (113604353.000.000) 2023-04-06 23:10:11 Image size of job updated: 5168740
	1409  -  MemoryUsage of job (MB)
	1442344  -  ResidentSetSize of job (KB)
...
006 (113604353.000.000) 2023-04-06 23:25:13 Image size of job updated: 5174424
	1409  -  MemoryUsage of job (MB)
	1442344  -  ResidentSetSize of job (KB)
...
006 (113604353.000.000) 2023-04-06 23:30:13 Image size of job updated: 5174680
	1409  -  MemoryUsage of job (MB)
	1442344  -  ResidentSetSize of job (KB)
...
006 (113604353.000.000) 2023-04-06 23:40:14 Image size of job updated: 5182500
	1409  -  MemoryUsage of job (MB)
	1442344  -  ResidentSetSize of job (KB)
...
006 (113604353.000.000) 2023-04-06 23:45:15 Image size of job updated: 5182756
	1409  -  MemoryUsage of job (MB)
	1442344  -  ResidentSetSize of job (KB)
...
006 (113604353.000.000) 2023-04-06 23:50:15 Image size of job updated: 5253088
	1409  -  MemoryUsage of job (MB)
	1442344  -  ResidentSetSize of job (KB)
...
006 (113604353.000.000) 2023-04-07 00:20:19 Image size of job updated: 5253088
	1414  -  MemoryUsage of job (MB)
	1447188  -  ResidentSetSize of job (KB)
...
006 (113604353.000.000) 2023-04-07 00:25:19 Image size of job updated: 5253088
	1416  -  MemoryUsage of job (MB)
	1449236  -  ResidentSetSize of job (KB)
...
006 (113604353.000.000) 2023-04-07 00:35:20 Image size of job updated: 5303364
	1416  -  MemoryUsage of job (MB)
	1449236  -  ResidentSetSize of job (KB)
...
006 (113604353.000.000) 2023-04-07 00:45:21 Image size of job updated: 5307884
	1416  -  MemoryUsage of job (MB)
	1449236  -  ResidentSetSize of job (KB)
...
006 (113604353.000.000) 2023-04-07 01:00:23 Image size of job updated: 5307884
	1425  -  MemoryUsage of job (MB)
	1458916  -  ResidentSetSize of job (KB)
...
006 (113604353.000.000) 2023-04-07 01:15:26 Image size of job updated: 5329356
	1425  -  MemoryUsage of job (MB)
	1458916  -  ResidentSetSize of job (KB)
...
006 (113604353.000.000) 2023-04-07 01:25:26 Image size of job updated: 5329356
	1444  -  MemoryUsage of job (MB)
	1477772  -  ResidentSetSize of job (KB)
...
006 (113604353.000.000) 2023-04-07 01:35:28 Image size of job updated: 5329356
	1446  -  MemoryUsage of job (MB)
	1479820  -  ResidentSetSize of job (KB)
...
006 (113604353.000.000) 2023-04-07 02:00:29 Image size of job updated: 5363708
	1467  -  MemoryUsage of job (MB)
	1501460  -  ResidentSetSize of job (KB)
...
006 (113604353.000.000) 2023-04-07 02:05:30 Image size of job updated: 5363708
	1468  -  MemoryUsage of job (MB)
	1503064  -  ResidentSetSize of job (KB)
...
006 (113604353.000.000) 2023-04-07 02:40:33 Image size of job updated: 5363708
	1483  -  MemoryUsage of job (MB)
	1518508  -  ResidentSetSize of job (KB)
...
006 (113604353.000.000) 2023-04-07 02:50:34 Image size of job updated: 5363708
	1491  -  MemoryUsage of job (MB)
	1526580  -  ResidentSetSize of job (KB)
...
006 (113604353.000.000) 2023-04-07 02:55:34 Image size of job updated: 5363708
	1513  -  MemoryUsage of job (MB)
	1549156  -  ResidentSetSize of job (KB)
...
006 (113604353.000.000) 2023-04-07 03:00:35 Image size of job updated: 5428236
	1521  -  MemoryUsage of job (MB)
	1557120  -  ResidentSetSize of job (KB)
...
006 (113604353.000.000) 2023-04-07 03:15:36 Image size of job updated: 5428236
	1536  -  MemoryUsage of job (MB)
	1572644  -  ResidentSetSize of job (KB)
...
006 (113604353.000.000) 2023-04-07 03:30:38 Image size of job updated: 5449428
	1540  -  MemoryUsage of job (MB)
	1576260  -  ResidentSetSize of job (KB)
...
006 (113604353.000.000) 2023-04-07 03:35:39 Image size of job updated: 5449428
	1556  -  MemoryUsage of job (MB)
	1592392  -  ResidentSetSize of job (KB)
...
006 (113604353.000.000) 2023-04-07 03:40:40 Image size of job updated: 5471032
	1556  -  MemoryUsage of job (MB)
	1592392  -  ResidentSetSize of job (KB)
...
006 (113604353.000.000) 2023-04-07 03:55:41 Image size of job updated: 5494520
	1569  -  MemoryUsage of job (MB)
	1606564  -  ResidentSetSize of job (KB)
...
006 (113604353.000.000) 2023-04-07 04:05:42 Image size of job updated: 5494520
	1573  -  MemoryUsage of job (MB)
	1610696  -  ResidentSetSize of job (KB)
...
006 (113604353.000.000) 2023-04-07 04:10:43 Image size of job updated: 5494520
	1580  -  MemoryUsage of job (MB)
	1617012  -  ResidentSetSize of job (KB)
...
006 (113604353.000.000) 2023-04-07 04:40:46 Image size of job updated: 5542104
	1620  -  MemoryUsage of job (MB)
	1658000  -  ResidentSetSize of job (KB)
...
006 (113604353.000.000) 2023-04-07 04:55:48 Image size of job updated: 5542104
	1625  -  MemoryUsage of job (MB)
	1663628  -  ResidentSetSize of job (KB)
...
006 (113604353.000.000) 2023-04-07 05:05:48 Image size of job updated: 5554880
	1630  -  MemoryUsage of job (MB)
	1668700  -  ResidentSetSize of job (KB)
...
006 (113604353.000.000) 2023-04-07 05:15:50 Image size of job updated: 5554880
	1631  -  MemoryUsage of job (MB)
	1669584  -  ResidentSetSize of job (KB)
...
006 (113604353.000.000) 2023-04-07 05:20:50 Image size of job updated: 5554880
	1631  -  MemoryUsage of job (MB)
	1669732  -  ResidentSetSize of job (KB)
...
006 (113604353.000.000) 2023-04-07 05:25:50 Image size of job updated: 5554880
	1639  -  MemoryUsage of job (MB)
	1677960  -  ResidentSetSize of job (KB)
...
006 (113604353.000.000) 2023-04-07 05:45:52 Image size of job updated: 5558656
	1639  -  MemoryUsage of job (MB)
	1677960  -  ResidentSetSize of job (KB)
...
006 (113604353.000.000) 2023-04-07 06:15:55 Image size of job updated: 5558656
	1652  -  MemoryUsage of job (MB)
	1690720  -  ResidentSetSize of job (KB)
...
006 (113604353.000.000) 2023-04-07 06:30:56 Image size of job updated: 5558656
	1652  -  MemoryUsage of job (MB)
	1690724  -  ResidentSetSize of job (KB)
...
006 (113604353.000.000) 2023-04-07 06:35:56 Image size of job updated: 5558656
	1652  -  MemoryUsage of job (MB)
	1691040  -  ResidentSetSize of job (KB)
...
006 (113604353.000.000) 2023-04-07 06:50:58 Image size of job updated: 5589668
	1652  -  MemoryUsage of job (MB)
	1691040  -  ResidentSetSize of job (KB)
...
006 (113604353.000.000) 2023-04-07 07:01:00 Image size of job updated: 5589668
	1654  -  MemoryUsage of job (MB)
	1692688  -  ResidentSetSize of job (KB)
...
006 (113604353.000.000) 2023-04-07 07:11:00 Image size of job updated: 5601548
	1654  -  MemoryUsage of job (MB)
	1692688  -  ResidentSetSize of job (KB)
...
006 (113604353.000.000) 2023-04-07 07:46:04 Image size of job updated: 5601548
	1654  -  MemoryUsage of job (MB)
	1693088  -  ResidentSetSize of job (KB)
...
006 (113604353.000.000) 2023-04-07 07:51:05 Image size of job updated: 5601548
	1666  -  MemoryUsage of job (MB)
	1705780  -  ResidentSetSize of job (KB)
...
006 (113604353.000.000) 2023-04-07 07:56:06 Image size of job updated: 5601548
	1670  -  MemoryUsage of job (MB)
	1710028  -  ResidentSetSize of job (KB)
...
006 (113604353.000.000) 2023-04-07 08:06:06 Image size of job updated: 5601548
	1679  -  MemoryUsage of job (MB)
	1718984  -  ResidentSetSize of job (KB)
...
006 (113604353.000.000) 2023-04-07 09:06:13 Image size of job updated: 5601548
	1684  -  MemoryUsage of job (MB)
	1723988  -  ResidentSetSize of job (KB)
...
006 (113604353.000.000) 2023-04-07 09:11:14 Image size of job updated: 5639672
	1687  -  MemoryUsage of job (MB)
	1726468  -  ResidentSetSize of job (KB)
...
006 (113604353.000.000) 2023-04-07 09:16:14 Image size of job updated: 5639672
	1689  -  MemoryUsage of job (MB)
	1728760  -  ResidentSetSize of job (KB)
...
006 (113604353.000.000) 2023-04-07 09:26:16 Image size of job updated: 5639672
	1699  -  MemoryUsage of job (MB)
	1739228  -  ResidentSetSize of job (KB)
...
006 (113604353.000.000) 2023-04-07 09:36:16 Image size of job updated: 5639672
	1705  -  MemoryUsage of job (MB)
	1745632  -  ResidentSetSize of job (KB)
...
006 (113604353.000.000) 2023-04-07 10:11:20 Image size of job updated: 5643996
	1705  -  MemoryUsage of job (MB)
	1745632  -  ResidentSetSize of job (KB)
...
006 (113604353.000.000) 2023-04-07 10:26:22 Image size of job updated: 5643996
	1709  -  MemoryUsage of job (MB)
	1749000  -  ResidentSetSize of job (KB)
...
006 (113604353.000.000) 2023-04-07 10:41:24 Image size of job updated: 5668920
	1715  -  MemoryUsage of job (MB)
	1755276  -  ResidentSetSize of job (KB)
...
006 (113604353.000.000) 2023-04-07 10:51:25 Image size of job updated: 5668920
	1716  -  MemoryUsage of job (MB)
	1756692  -  ResidentSetSize of job (KB)
...
006 (113604353.000.000) 2023-04-07 11:11:27 Image size of job updated: 5670144
	1716  -  MemoryUsage of job (MB)
	1756692  -  ResidentSetSize of job (KB)
...
006 (113604353.000.000) 2023-04-07 11:36:31 Image size of job updated: 5670144
	1718  -  MemoryUsage of job (MB)
	1758828  -  ResidentSetSize of job (KB)
...
006 (113604353.000.000) 2023-04-07 11:46:32 Image size of job updated: 5692168
	1719  -  MemoryUsage of job (MB)
	1760120  -  ResidentSetSize of job (KB)
...
006 (113604353.000.000) 2023-04-07 11:56:33 Image size of job updated: 5692168
	1725  -  MemoryUsage of job (MB)
	1765672  -  ResidentSetSize of job (KB)
...
006 (113604353.000.000) 2023-04-07 12:16:36 Image size of job updated: 5692168
	1747  -  MemoryUsage of job (MB)
	1788808  -  ResidentSetSize of job (KB)
...
006 (113604353.000.000) 2023-04-07 15:01:52 Image size of job updated: 5723352
	1747  -  MemoryUsage of job (MB)
	1788808  -  ResidentSetSize of job (KB)
...
006 (113604353.000.000) 2023-04-07 15:41:55 Image size of job updated: 5723352
	1753  -  MemoryUsage of job (MB)
	1794420  -  ResidentSetSize of job (KB)
...
006 (113604353.000.000) 2023-04-07 16:01:57 Image size of job updated: 5723352
	1757  -  MemoryUsage of job (MB)
	1798820  -  ResidentSetSize of job (KB)
...
006 (113604353.000.000) 2023-04-07 16:06:58 Image size of job updated: 5723352
	1785  -  MemoryUsage of job (MB)
	1827416  -  ResidentSetSize of job (KB)
...
004 (113604353.000.000) 2023-04-07 16:45:15 Job was evicted.
	(0) CPU times
		Usr 4 16:03:51, Sys 0 00:04:30  -  Run Remote Usage
		Usr 0 00:00:00, Sys 0 00:00:00  -  Run Local Usage
	0  -  Run Bytes Sent By Job
	366  -  Run Bytes Received By Job
	Partitionable Resources :    Usage  Request Allocated 
	   Cpus                 :     7.93        1         1 
	   Disk (KB)            :  4008      500000    609620 
	   GPUs                 :                           0 
	   Memory (MB)          :  1785       20000     20096 
...
040 (113604353.000.000) 2023-04-07 16:58:34 Started transferring input files
	Transferring to host: <10.14.10.35:9618?addrs=10.14.10.35-9618&alias=node2285.cluster.ldas.cit&noUDP&sock=slot1_4_706726_267c_3343>
...
040 (113604353.000.000) 2023-04-07 16:58:34 Finished transferring input files
...
001 (113604353.000.000) 2023-04-07 16:58:35 Job executing on host: <10.14.10.35:9618?addrs=10.14.10.35-9618&alias=node2285.cluster.ldas.cit&noUDP&sock=startd_706684_05e4>
...
004 (113604353.000.000) 2023-04-08 18:10:19 Job was evicted.
	(0) CPU times
		Usr 5 14:14:41, Sys 0 00:06:48  -  Run Remote Usage
		Usr 0 00:00:00, Sys 0 00:00:00  -  Run Local Usage
	0  -  Run Bytes Sent By Job
	366  -  Run Bytes Received By Job
	Partitionable Resources :    Usage  Request Allocated 
	   Cpus                 :     7.73        1         1 
	   Disk (KB)            :  3341      500000    624256 
	   GPUs                 :                           0 
	   Memory (MB)          :  1954       20000     20096 
...
040 (113604353.000.000) 2023-04-08 18:10:30 Started transferring input files
	Transferring to host: <10.14.9.135:9618?addrs=10.14.9.135-9618&alias=node2135.cluster.ldas.cit&noUDP&sock=slot1_15_1291696_6f27_3023>
...
040 (113604353.000.000) 2023-04-08 18:10:30 Finished transferring input files
...
001 (113604353.000.000) 2023-04-08 18:10:31 Job executing on host: <10.14.9.135:9618?addrs=10.14.9.135-9618&alias=node2135.cluster.ldas.cit&noUDP&sock=startd_1291551_234b>
...
006 (113604353.000.000) 2023-04-09 12:32:31 Image size of job updated: 7500000
	2007  -  MemoryUsage of job (MB)
	2054864  -  ResidentSetSize of job (KB)
...
006 (113604353.000.000) 2023-04-09 17:58:04 Image size of job updated: 7500000
	2028  -  MemoryUsage of job (MB)
	2076664  -  ResidentSetSize of job (KB)
...
004 (113604353.000.000) 2023-04-09 18:20:45 Job was evicted.
	(0) CPU times
		Usr 4 21:48:28, Sys 0 00:05:20  -  Run Remote Usage
		Usr 0 00:00:00, Sys 0 00:00:00  -  Run Local Usage
	0  -  Run Bytes Sent By Job
	366  -  Run Bytes Received By Job
	Partitionable Resources :    Usage  Request Allocated 
	   Cpus                 :     7.95        1         1 
	   Disk (KB)            :  3011      500000    609620 
	   GPUs                 :                           0 
	   Memory (MB)          :  2028       20000     20096 
...
040 (113604353.000.000) 2023-04-09 18:21:49 Started transferring input files
	Transferring to host: <10.14.10.82:9618?addrs=10.14.10.82-9618&alias=node2332.cluster.ldas.cit&noUDP&sock=slot1_6_371416_ebf9_6590>
...
040 (113604353.000.000) 2023-04-09 18:21:49 Finished transferring input files
...
001 (113604353.000.000) 2023-04-09 18:21:50 Job executing on host: <10.14.10.82:9618?addrs=10.14.10.82-9618&alias=node2332.cluster.ldas.cit&noUDP&sock=startd_371372_e18e>
...
006 (113604353.000.000) 2023-04-10 05:48:11 Image size of job updated: 7500000
	2259  -  MemoryUsage of job (MB)
	2312824  -  ResidentSetSize of job (KB)
...
004 (113604353.000.000) 2023-04-10 20:39:21 Job was evicted.
	(0) CPU times
		Usr 4 05:36:12, Sys 0 00:02:49  -  Run Remote Usage
		Usr 0 00:00:00, Sys 0 00:00:00  -  Run Local Usage
	0  -  Run Bytes Sent By Job
	366  -  Run Bytes Received By Job
	Partitionable Resources :    Usage  Request Allocated 
	   Cpus                 :     2.97        1         1 
	   Disk (KB)            :  3246      500000    624256 
	   GPUs                 :                           0 
	   Memory (MB)          :  2259       20000     20096 
...
040 (113604353.000.000) 2023-04-10 20:42:39 Started transferring input files
	Transferring to host: <10.14.10.55:9618?addrs=10.14.10.55-9618&alias=node2305.cluster.ldas.cit&noUDP&sock=slot1_7_1318890_1139_12684>
...
040 (113604353.000.000) 2023-04-10 20:42:39 Finished transferring input files
...
001 (113604353.000.000) 2023-04-10 20:42:40 Job executing on host: <10.14.10.55:9618?addrs=10.14.10.55-9618&alias=node2305.cluster.ldas.cit&noUDP&sock=startd_1318848_9c01>
...
006 (113604353.000.000) 2023-04-11 05:13:42 Image size of job updated: 7500000
	2505  -  MemoryUsage of job (MB)
	2564636  -  ResidentSetSize of job (KB)
...
006 (113604353.000.000) 2023-04-11 11:24:17 Image size of job updated: 7500000
	2674  -  MemoryUsage of job (MB)
	2737884  -  ResidentSetSize of job (KB)
...
004 (113604353.000.000) 2023-04-11 20:43:06 Job was evicted.
	(0) CPU times
		Usr 3 22:05:57, Sys 0 00:04:25  -  Run Remote Usage
		Usr 0 00:00:00, Sys 0 00:00:00  -  Run Local Usage
	0  -  Run Bytes Sent By Job
	366  -  Run Bytes Received By Job
	Partitionable Resources :    Usage  Request Allocated 
	   Cpus                 :     6.88        1         1 
	   Disk (KB)            :  3363      500000    624256 
	   GPUs                 :                           0 
	   Memory (MB)          :  2674       20000     20096 
...
040 (113604353.000.000) 2023-04-11 20:44:30 Started transferring input files
	Transferring to host: <10.14.9.152:9618?addrs=10.14.9.152-9618&alias=node2152.cluster.ldas.cit&noUDP&sock=slot1_21_1747076_d6fd_7600>
...
040 (113604353.000.000) 2023-04-11 20:44:30 Finished transferring input files
...
001 (113604353.000.000) 2023-04-11 20:44:31 Job executing on host: <10.14.9.152:9618?addrs=10.14.9.152-9618&alias=node2152.cluster.ldas.cit&noUDP&sock=startd_1747035_46be>
...
006 (113604353.000.000) 2023-04-12 13:56:28 Image size of job updated: 7500000
	2829  -  MemoryUsage of job (MB)
	2896464  -  ResidentSetSize of job (KB)
...
022 (113604353.000.000) 2023-04-12 17:40:34 Job disconnected, attempting to reconnect
    Socket between submit and execute hosts closed unexpectedly
    Trying to reconnect to slot1_21@node2152.cluster.ldas.cit <10.14.9.152:9618?addrs=10.14.9.152-9618&alias=node2152.cluster.ldas.cit&noUDP&sock=startd_1747035_46be>
...
024 (113604353.000.000) 2023-04-12 18:20:34 Job reconnection failed
    Job disconnected too long: JobLeaseDuration (2400 seconds) expired
    Can not reconnect to slot1_21@node2152.cluster.ldas.cit, rescheduling job
...
040 (113604353.000.000) 2023-04-12 18:25:56 Started transferring input files
	Transferring to host: <10.14.10.83:9618?addrs=10.14.10.83-9618&alias=node2333.cluster.ldas.cit&noUDP&sock=slot1_7_373726_8697_9323>
...
040 (113604353.000.000) 2023-04-12 18:25:56 Finished transferring input files
...
001 (113604353.000.000) 2023-04-12 18:25:57 Job executing on host: <10.14.10.83:9618?addrs=10.14.10.83-9618&alias=node2333.cluster.ldas.cit&noUDP&sock=startd_373685_681c>
...
006 (113604353.000.000) 2023-04-13 05:52:16 Image size of job updated: 7500000
	2939  -  MemoryUsage of job (MB)
	3009388  -  ResidentSetSize of job (KB)
...
004 (113604353.000.000) 2023-04-13 19:13:07 Job was evicted.
	(0) CPU times
		Usr 3 18:31:57, Sys 0 00:04:17  -  Run Remote Usage
		Usr 0 00:00:00, Sys 0 00:00:00  -  Run Local Usage
	0  -  Run Bytes Sent By Job
	366  -  Run Bytes Received By Job
	Partitionable Resources :    Usage  Request Allocated 
	   Cpus                 :     4.95        1         1 
	   Disk (KB)            :  3068      500000    624256 
	   GPUs                 :                           0 
	   Memory (MB)          :  2939       20000     20096 
...
040 (113604353.000.000) 2023-04-13 19:14:40 Started transferring input files
	Transferring to host: <10.14.4.59:9618?addrs=10.14.4.59-9618&alias=node809.cluster.ldas.cit&noUDP&sock=slot1_5_2259325_99bc_5457>
...
040 (113604353.000.000) 2023-04-13 19:14:40 Finished transferring input files
...
001 (113604353.000.000) 2023-04-13 19:14:41 Job executing on host: <10.14.4.59:9618?addrs=10.14.4.59-9618&alias=node809.cluster.ldas.cit&noUDP&sock=startd_2259284_7bb9>
...
004 (113604353.000.000) 2023-04-14 19:14:37 Job was evicted.
	(0) CPU times
		Usr 3 05:07:19, Sys 0 00:04:14  -  Run Remote Usage
		Usr 0 00:00:00, Sys 0 00:00:00  -  Run Local Usage
	0  -  Run Bytes Sent By Job
	366  -  Run Bytes Received By Job
	Partitionable Resources :    Usage  Request Allocated 
	   Cpus                 :     1.00        1         1 
	   Disk (KB)            :  2946      500000    624256 
	   GPUs                 :                           0 
	   Memory (MB)          :  3174       20000     20096 
...
040 (113604353.000.000) 2023-04-14 19:17:12 Started transferring input files
	Transferring to host: <10.14.4.38:9618?addrs=10.14.4.38-9618&alias=node788.cluster.ldas.cit&noUDP&sock=slot1_4_2206656_867e_26913>
...
040 (113604353.000.000) 2023-04-14 19:17:12 Finished transferring input files
...
001 (113604353.000.000) 2023-04-14 19:17:13 Job executing on host: <10.14.4.38:9618?addrs=10.14.4.38-9618&alias=node788.cluster.ldas.cit&noUDP&sock=startd_250850_d04c>
...
006 (113604353.000.000) 2023-04-15 01:48:04 Image size of job updated: 7836776
	3174  -  MemoryUsage of job (MB)
	3250000  -  ResidentSetSize of job (KB)
...
006 (113604353.000.000) 2023-04-15 11:34:05 Image size of job updated: 25352052
	3174  -  MemoryUsage of job (MB)
	3250000  -  ResidentSetSize of job (KB)
...
040 (113604353.000.000) 2023-04-15 11:34:48 Started transferring output files
...
040 (113604353.000.000) 2023-04-15 11:34:48 Finished transferring output files
...
005 (113604353.000.000) 2023-04-15 11:34:48 Job terminated.
	(1) Normal termination (return value 0)
		Usr 2 05:23:03, Sys 0 00:05:26  -  Run Remote Usage
		Usr 0 00:00:00, Sys 0 00:00:00  -  Run Local Usage
		Usr 36 04:38:17, Sys 0 00:43:03  -  Total Remote Usage
		Usr 0 00:00:00, Sys 0 00:00:00  -  Total Local Usage
	3036335  -  Run Bytes Sent By Job
	366  -  Run Bytes Received By Job
	3036335  -  Total Bytes Sent By Job
	3294  -  Total Bytes Received By Job
	Partitionable Resources :    Usage  Request Allocated 
	   Cpus                 :     4.16        1         1 
	   Disk (KB)            :  2988      500000    624256 
	   GPUs                 :                           0 
	   Memory (MB)          :  3174       20000     20096 

	Job terminated of its own accord at 2023-04-15T18:34:48Z with exit-code 0.
...
