000 (113449868.000.000) 2023-03-29 17:01:34 Job submitted from host: <10.14.0.160:9618?addrs=10.14.0.160-9618&alias=ldas-pcdev2.ligo.caltech.edu&noUDP&sock=schedd_7450_a8a7>
    DAG Node: 278
...
040 (113449868.000.000) 2023-03-29 17:40:30 Started transferring input files
	Transferring to host: <10.14.9.194:9618?addrs=10.14.9.194-9618&alias=node2194.cluster.ldas.cit&noUDP&sock=slot1_2_189911_3ac4_88927>
...
040 (113449868.000.000) 2023-03-29 17:40:30 Finished transferring input files
...
001 (113449868.000.000) 2023-03-29 17:40:31 Job executing on host: <10.14.9.194:9618?addrs=10.14.9.194-9618&alias=node2194.cluster.ldas.cit&noUDP&sock=startd_189641_87e3>
...
006 (113449868.000.000) 2023-03-29 17:40:31 Image size of job updated: 1
	0  -  MemoryUsage of job (MB)
	0  -  ResidentSetSize of job (KB)
...
040 (113449868.000.000) 2023-03-29 17:40:31 Started transferring output files
...
040 (113449868.000.000) 2023-03-29 17:40:31 Finished transferring output files
...
005 (113449868.000.000) 2023-03-29 17:40:31 Job terminated.
	(1) Normal termination (return value 127)
		Usr 0 00:00:00, Sys 0 00:00:00  -  Run Remote Usage
		Usr 0 00:00:00, Sys 0 00:00:00  -  Run Local Usage
		Usr 0 00:00:00, Sys 0 00:00:00  -  Total Remote Usage
		Usr 0 00:00:00, Sys 0 00:00:00  -  Total Local Usage
	407  -  Run Bytes Sent By Job
	366  -  Run Bytes Received By Job
	407  -  Total Bytes Sent By Job
	366  -  Total Bytes Received By Job
	Partitionable Resources :    Usage  Request Allocated 
	   Cpus                 :                 1         1 
	   Disk (KB)            :       14   500000    561711 
	   GPUs                 :                           0 
	   Memory (MB)          :        0    20000     20096 

	Job terminated of its own accord at 2023-03-30T00:40:31Z with exit-code 127.
...
000 (113484891.000.000) 2023-04-01 14:23:51 Job submitted from host: <10.14.0.160:9618?addrs=10.14.0.160-9618&alias=ldas-pcdev2.ligo.caltech.edu&noUDP&sock=schedd_7450_a8a7>
    DAG Node: 278
...
040 (113484891.000.000) 2023-04-01 14:28:58 Started transferring input files
	Transferring to host: <10.14.9.194:9618?addrs=10.14.9.194-9618&alias=node2194.cluster.ldas.cit&noUDP&sock=slot1_2_189911_3ac4_109091>
...
040 (113484891.000.000) 2023-04-01 14:28:58 Finished transferring input files
...
001 (113484891.000.000) 2023-04-01 14:28:59 Job executing on host: <10.14.9.194:9618?addrs=10.14.9.194-9618&alias=node2194.cluster.ldas.cit&noUDP&sock=startd_189641_87e3>
...
006 (113484891.000.000) 2023-04-01 14:28:59 Image size of job updated: 1
	0  -  MemoryUsage of job (MB)
	0  -  ResidentSetSize of job (KB)
...
040 (113484891.000.000) 2023-04-01 14:28:59 Started transferring output files
...
040 (113484891.000.000) 2023-04-01 14:28:59 Finished transferring output files
...
005 (113484891.000.000) 2023-04-01 14:28:59 Job terminated.
	(1) Normal termination (return value 127)
		Usr 0 00:00:00, Sys 0 00:00:00  -  Run Remote Usage
		Usr 0 00:00:00, Sys 0 00:00:00  -  Run Local Usage
		Usr 0 00:00:00, Sys 0 00:00:00  -  Total Remote Usage
		Usr 0 00:00:00, Sys 0 00:00:00  -  Total Local Usage
	411  -  Run Bytes Sent By Job
	366  -  Run Bytes Received By Job
	411  -  Total Bytes Sent By Job
	366  -  Total Bytes Received By Job
	Partitionable Resources :    Usage  Request Allocated 
	   Cpus                 :                 1         1 
	   Disk (KB)            :       14   500000    561711 
	   GPUs                 :                           0 
	   Memory (MB)          :        0    20000     20096 

	Job terminated of its own accord at 2023-04-01T21:28:59Z with exit-code 127.
...
000 (113485095.000.000) 2023-04-01 14:53:04 Job submitted from host: <10.14.0.160:9618?addrs=10.14.0.160-9618&alias=ldas-pcdev2.ligo.caltech.edu&noUDP&sock=schedd_7450_a8a7>
    DAG Node: 278
...
040 (113485095.000.000) 2023-04-01 14:59:40 Started transferring input files
	Transferring to host: <10.14.9.196:9618?addrs=10.14.9.196-9618&alias=node2196.cluster.ldas.cit&noUDP&sock=slot1_3_186547_fcbb_160753>
...
040 (113485095.000.000) 2023-04-01 14:59:40 Finished transferring input files
...
001 (113485095.000.000) 2023-04-01 14:59:41 Job executing on host: <10.14.9.196:9618?addrs=10.14.9.196-9618&alias=node2196.cluster.ldas.cit&noUDP&sock=startd_186508_8dac>
...
006 (113485095.000.000) 2023-04-01 14:59:41 Image size of job updated: 1
	0  -  MemoryUsage of job (MB)
	0  -  ResidentSetSize of job (KB)
...
040 (113485095.000.000) 2023-04-01 14:59:41 Started transferring output files
...
040 (113485095.000.000) 2023-04-01 14:59:41 Finished transferring output files
...
005 (113485095.000.000) 2023-04-01 14:59:41 Job terminated.
	(1) Normal termination (return value 127)
		Usr 0 00:00:00, Sys 0 00:00:00  -  Run Remote Usage
		Usr 0 00:00:00, Sys 0 00:00:00  -  Run Local Usage
		Usr 0 00:00:00, Sys 0 00:00:00  -  Total Remote Usage
		Usr 0 00:00:00, Sys 0 00:00:00  -  Total Local Usage
	403  -  Run Bytes Sent By Job
	366  -  Run Bytes Received By Job
	403  -  Total Bytes Sent By Job
	366  -  Total Bytes Received By Job
	Partitionable Resources :    Usage  Request Allocated 
	   Cpus                 :                 1         1 
	   Disk (KB)            :       15   500000    519527 
	   GPUs                 :                           0 
	   Memory (MB)          :        0    20000     20096 

	Job terminated of its own accord at 2023-04-01T21:59:41Z with exit-code 127.
...
000 (113493800.000.000) 2023-04-02 13:26:42 Job submitted from host: <10.14.0.160:9618?addrs=10.14.0.160-9618&alias=ldas-pcdev2.ligo.caltech.edu&noUDP&sock=schedd_7450_a8a7>
    DAG Node: 278
...
040 (113493800.000.000) 2023-04-02 13:28:50 Started transferring input files
	Transferring to host: <10.14.10.121:9618?addrs=10.14.10.121-9618&alias=node2371.cluster.ldas.cit&noUDP&sock=slot1_8_696772_a827_34215>
...
040 (113493800.000.000) 2023-04-02 13:28:50 Finished transferring input files
...
001 (113493800.000.000) 2023-04-02 13:28:51 Job executing on host: <10.14.10.121:9618?addrs=10.14.10.121-9618&alias=node2371.cluster.ldas.cit&noUDP&sock=startd_4129_baa2>
...
006 (113493800.000.000) 2023-04-02 13:28:59 Image size of job updated: 195084
	190  -  MemoryUsage of job (MB)
	194448  -  ResidentSetSize of job (KB)
...
006 (113493800.000.000) 2023-04-02 13:33:59 Image size of job updated: 5150912
	299  -  MemoryUsage of job (MB)
	306012  -  ResidentSetSize of job (KB)
...
006 (113493800.000.000) 2023-04-02 13:39:00 Image size of job updated: 5150912
	472  -  MemoryUsage of job (MB)
	483236  -  ResidentSetSize of job (KB)
...
006 (113493800.000.000) 2023-04-02 13:44:01 Image size of job updated: 5150912
	482  -  MemoryUsage of job (MB)
	493004  -  ResidentSetSize of job (KB)
...
006 (113493800.000.000) 2023-04-02 13:49:01 Image size of job updated: 5150912
	550  -  MemoryUsage of job (MB)
	562252  -  ResidentSetSize of job (KB)
...
006 (113493800.000.000) 2023-04-02 13:54:02 Image size of job updated: 5150912
	551  -  MemoryUsage of job (MB)
	563328  -  ResidentSetSize of job (KB)
...
006 (113493800.000.000) 2023-04-02 13:59:03 Image size of job updated: 5150912
	557  -  MemoryUsage of job (MB)
	569636  -  ResidentSetSize of job (KB)
...
006 (113493800.000.000) 2023-04-02 14:04:03 Image size of job updated: 5150912
	559  -  MemoryUsage of job (MB)
	571932  -  ResidentSetSize of job (KB)
...
006 (113493800.000.000) 2023-04-02 14:09:04 Image size of job updated: 5150912
	562  -  MemoryUsage of job (MB)
	575352  -  ResidentSetSize of job (KB)
...
006 (113493800.000.000) 2023-04-02 14:14:05 Image size of job updated: 5150912
	569  -  MemoryUsage of job (MB)
	581872  -  ResidentSetSize of job (KB)
...
006 (113493800.000.000) 2023-04-02 14:19:05 Image size of job updated: 5150912
	570  -  MemoryUsage of job (MB)
	582684  -  ResidentSetSize of job (KB)
...
006 (113493800.000.000) 2023-04-02 14:24:05 Image size of job updated: 5150912
	574  -  MemoryUsage of job (MB)
	587488  -  ResidentSetSize of job (KB)
...
006 (113493800.000.000) 2023-04-02 14:29:06 Image size of job updated: 5150912
	574  -  MemoryUsage of job (MB)
	587556  -  ResidentSetSize of job (KB)
...
006 (113493800.000.000) 2023-04-02 14:44:07 Image size of job updated: 5150912
	576  -  MemoryUsage of job (MB)
	588952  -  ResidentSetSize of job (KB)
...
006 (113493800.000.000) 2023-04-02 14:49:07 Image size of job updated: 5150912
	579  -  MemoryUsage of job (MB)
	592060  -  ResidentSetSize of job (KB)
...
006 (113493800.000.000) 2023-04-02 14:54:07 Image size of job updated: 5150912
	579  -  MemoryUsage of job (MB)
	592552  -  ResidentSetSize of job (KB)
...
006 (113493800.000.000) 2023-04-02 14:59:08 Image size of job updated: 5150912
	583  -  MemoryUsage of job (MB)
	596600  -  ResidentSetSize of job (KB)
...
006 (113493800.000.000) 2023-04-02 15:04:08 Image size of job updated: 5150912
	599  -  MemoryUsage of job (MB)
	613088  -  ResidentSetSize of job (KB)
...
006 (113493800.000.000) 2023-04-02 15:09:08 Image size of job updated: 5150912
	604  -  MemoryUsage of job (MB)
	618084  -  ResidentSetSize of job (KB)
...
006 (113493800.000.000) 2023-04-02 15:14:09 Image size of job updated: 5150912
	623  -  MemoryUsage of job (MB)
	637568  -  ResidentSetSize of job (KB)
...
006 (113493800.000.000) 2023-04-02 15:19:09 Image size of job updated: 5150912
	623  -  MemoryUsage of job (MB)
	637580  -  ResidentSetSize of job (KB)
...
006 (113493800.000.000) 2023-04-02 15:24:09 Image size of job updated: 5161180
	658  -  MemoryUsage of job (MB)
	673472  -  ResidentSetSize of job (KB)
...
006 (113493800.000.000) 2023-04-02 15:29:10 Image size of job updated: 5161180
	667  -  MemoryUsage of job (MB)
	682904  -  ResidentSetSize of job (KB)
...
006 (113493800.000.000) 2023-04-02 15:34:10 Image size of job updated: 5161180
	786  -  MemoryUsage of job (MB)
	804856  -  ResidentSetSize of job (KB)
...
006 (113493800.000.000) 2023-04-02 15:39:10 Image size of job updated: 5161180
	950  -  MemoryUsage of job (MB)
	971972  -  ResidentSetSize of job (KB)
...
006 (113493800.000.000) 2023-04-02 15:44:11 Image size of job updated: 5161180
	971  -  MemoryUsage of job (MB)
	993452  -  ResidentSetSize of job (KB)
...
006 (113493800.000.000) 2023-04-02 15:49:12 Image size of job updated: 5182536
	976  -  MemoryUsage of job (MB)
	999360  -  ResidentSetSize of job (KB)
...
006 (113493800.000.000) 2023-04-02 15:54:12 Image size of job updated: 5182536
	980  -  MemoryUsage of job (MB)
	1003092  -  ResidentSetSize of job (KB)
...
006 (113493800.000.000) 2023-04-02 15:59:13 Image size of job updated: 5182536
	1007  -  MemoryUsage of job (MB)
	1030392  -  ResidentSetSize of job (KB)
...
006 (113493800.000.000) 2023-04-02 16:04:14 Image size of job updated: 5182536
	1024  -  MemoryUsage of job (MB)
	1048012  -  ResidentSetSize of job (KB)
...
006 (113493800.000.000) 2023-04-02 16:09:14 Image size of job updated: 5191996
	1037  -  MemoryUsage of job (MB)
	1061348  -  ResidentSetSize of job (KB)
...
006 (113493800.000.000) 2023-04-02 16:14:15 Image size of job updated: 5191996
	1054  -  MemoryUsage of job (MB)
	1079140  -  ResidentSetSize of job (KB)
...
006 (113493800.000.000) 2023-04-02 16:19:16 Image size of job updated: 5191996
	1089  -  MemoryUsage of job (MB)
	1114168  -  ResidentSetSize of job (KB)
...
006 (113493800.000.000) 2023-04-02 16:24:16 Image size of job updated: 5198500
	1096  -  MemoryUsage of job (MB)
	1121392  -  ResidentSetSize of job (KB)
...
006 (113493800.000.000) 2023-04-02 16:29:16 Image size of job updated: 5202944
	1117  -  MemoryUsage of job (MB)
	1143632  -  ResidentSetSize of job (KB)
...
006 (113493800.000.000) 2023-04-02 16:34:17 Image size of job updated: 5209096
	1120  -  MemoryUsage of job (MB)
	1146460  -  ResidentSetSize of job (KB)
...
006 (113493800.000.000) 2023-04-02 16:44:17 Image size of job updated: 5221464
	1127  -  MemoryUsage of job (MB)
	1153900  -  ResidentSetSize of job (KB)
...
006 (113493800.000.000) 2023-04-02 16:49:18 Image size of job updated: 5221464
	1130  -  MemoryUsage of job (MB)
	1156660  -  ResidentSetSize of job (KB)
...
006 (113493800.000.000) 2023-04-02 16:54:18 Image size of job updated: 5224628
	1130  -  MemoryUsage of job (MB)
	1156660  -  ResidentSetSize of job (KB)
...
006 (113493800.000.000) 2023-04-02 17:09:20 Image size of job updated: 5246864
	1177  -  MemoryUsage of job (MB)
	1204360  -  ResidentSetSize of job (KB)
...
006 (113493800.000.000) 2023-04-02 17:14:20 Image size of job updated: 5247416
	1177  -  MemoryUsage of job (MB)
	1204960  -  ResidentSetSize of job (KB)
...
006 (113493800.000.000) 2023-04-02 17:19:21 Image size of job updated: 5257876
	1181  -  MemoryUsage of job (MB)
	1208476  -  ResidentSetSize of job (KB)
...
006 (113493800.000.000) 2023-04-02 17:24:22 Image size of job updated: 5257876
	1182  -  MemoryUsage of job (MB)
	1209520  -  ResidentSetSize of job (KB)
...
006 (113493800.000.000) 2023-04-02 17:29:22 Image size of job updated: 5257876
	1185  -  MemoryUsage of job (MB)
	1212572  -  ResidentSetSize of job (KB)
...
006 (113493800.000.000) 2023-04-02 17:34:23 Image size of job updated: 5288488
	1216  -  MemoryUsage of job (MB)
	1244728  -  ResidentSetSize of job (KB)
...
006 (113493800.000.000) 2023-04-02 18:14:27 Image size of job updated: 5302124
	1231  -  MemoryUsage of job (MB)
	1259836  -  ResidentSetSize of job (KB)
...
006 (113493800.000.000) 2023-04-02 18:19:27 Image size of job updated: 5302124
	1231  -  MemoryUsage of job (MB)
	1260088  -  ResidentSetSize of job (KB)
...
006 (113493800.000.000) 2023-04-02 18:24:28 Image size of job updated: 5305024
	1235  -  MemoryUsage of job (MB)
	1263636  -  ResidentSetSize of job (KB)
...
006 (113493800.000.000) 2023-04-02 18:29:29 Image size of job updated: 5309792
	1235  -  MemoryUsage of job (MB)
	1264280  -  ResidentSetSize of job (KB)
...
006 (113493800.000.000) 2023-04-02 18:34:29 Image size of job updated: 5313000
	1239  -  MemoryUsage of job (MB)
	1268144  -  ResidentSetSize of job (KB)
...
006 (113493800.000.000) 2023-04-02 18:39:30 Image size of job updated: 5313420
	1242  -  MemoryUsage of job (MB)
	1271216  -  ResidentSetSize of job (KB)
...
006 (113493800.000.000) 2023-04-02 18:44:31 Image size of job updated: 5327680
	1256  -  MemoryUsage of job (MB)
	1285384  -  ResidentSetSize of job (KB)
...
006 (113493800.000.000) 2023-04-02 18:59:32 Image size of job updated: 5332112
	1256  -  MemoryUsage of job (MB)
	1285384  -  ResidentSetSize of job (KB)
...
006 (113493800.000.000) 2023-04-02 19:04:32 Image size of job updated: 5332368
	1256  -  MemoryUsage of job (MB)
	1285384  -  ResidentSetSize of job (KB)
...
006 (113493800.000.000) 2023-04-02 19:09:32 Image size of job updated: 5335056
	1256  -  MemoryUsage of job (MB)
	1285384  -  ResidentSetSize of job (KB)
...
006 (113493800.000.000) 2023-04-02 19:19:34 Image size of job updated: 5390488
	1256  -  MemoryUsage of job (MB)
	1285384  -  ResidentSetSize of job (KB)
...
006 (113493800.000.000) 2023-04-02 19:29:35 Image size of job updated: 5390488
	1275  -  MemoryUsage of job (MB)
	1304696  -  ResidentSetSize of job (KB)
...
006 (113493800.000.000) 2023-04-02 19:34:36 Image size of job updated: 5390488
	1275  -  MemoryUsage of job (MB)
	1305332  -  ResidentSetSize of job (KB)
...
006 (113493800.000.000) 2023-04-02 19:54:37 Image size of job updated: 5390488
	1279  -  MemoryUsage of job (MB)
	1308796  -  ResidentSetSize of job (KB)
...
006 (113493800.000.000) 2023-04-02 19:59:37 Image size of job updated: 5390488
	1281  -  MemoryUsage of job (MB)
	1311020  -  ResidentSetSize of job (KB)
...
006 (113493800.000.000) 2023-04-02 20:09:38 Image size of job updated: 5390488
	1286  -  MemoryUsage of job (MB)
	1315944  -  ResidentSetSize of job (KB)
...
006 (113493800.000.000) 2023-04-02 20:19:39 Image size of job updated: 5390488
	1287  -  MemoryUsage of job (MB)
	1317876  -  ResidentSetSize of job (KB)
...
006 (113493800.000.000) 2023-04-02 20:24:40 Image size of job updated: 5390488
	1289  -  MemoryUsage of job (MB)
	1319924  -  ResidentSetSize of job (KB)
...
006 (113493800.000.000) 2023-04-02 20:44:42 Image size of job updated: 5390488
	1299  -  MemoryUsage of job (MB)
	1329176  -  ResidentSetSize of job (KB)
...
006 (113493800.000.000) 2023-04-02 20:49:43 Image size of job updated: 5390488
	1306  -  MemoryUsage of job (MB)
	1336932  -  ResidentSetSize of job (KB)
...
006 (113493800.000.000) 2023-04-02 20:54:44 Image size of job updated: 5390488
	1307  -  MemoryUsage of job (MB)
	1338260  -  ResidentSetSize of job (KB)
...
006 (113493800.000.000) 2023-04-02 20:59:44 Image size of job updated: 5390488
	1309  -  MemoryUsage of job (MB)
	1339440  -  ResidentSetSize of job (KB)
...
006 (113493800.000.000) 2023-04-02 21:04:44 Image size of job updated: 5390488
	1309  -  MemoryUsage of job (MB)
	1340036  -  ResidentSetSize of job (KB)
...
006 (113493800.000.000) 2023-04-02 21:19:45 Image size of job updated: 5391200
	1313  -  MemoryUsage of job (MB)
	1344200  -  ResidentSetSize of job (KB)
...
006 (113493800.000.000) 2023-04-02 21:29:47 Image size of job updated: 5394292
	1317  -  MemoryUsage of job (MB)
	1348208  -  ResidentSetSize of job (KB)
...
006 (113493800.000.000) 2023-04-02 21:39:48 Image size of job updated: 5394292
	1319  -  MemoryUsage of job (MB)
	1350256  -  ResidentSetSize of job (KB)
...
006 (113493800.000.000) 2023-04-02 21:44:49 Image size of job updated: 5394552
	1319  -  MemoryUsage of job (MB)
	1350376  -  ResidentSetSize of job (KB)
...
006 (113493800.000.000) 2023-04-02 21:54:50 Image size of job updated: 5396580
	1321  -  MemoryUsage of job (MB)
	1352580  -  ResidentSetSize of job (KB)
...
006 (113493800.000.000) 2023-04-02 21:59:51 Image size of job updated: 5396580
	1323  -  MemoryUsage of job (MB)
	1354628  -  ResidentSetSize of job (KB)
...
006 (113493800.000.000) 2023-04-02 22:09:52 Image size of job updated: 5398756
	1325  -  MemoryUsage of job (MB)
	1355972  -  ResidentSetSize of job (KB)
...
006 (113493800.000.000) 2023-04-02 22:14:53 Image size of job updated: 5402348
	1329  -  MemoryUsage of job (MB)
	1360236  -  ResidentSetSize of job (KB)
...
006 (113493800.000.000) 2023-04-02 22:19:53 Image size of job updated: 5418220
	1330  -  MemoryUsage of job (MB)
	1361744  -  ResidentSetSize of job (KB)
...
006 (113493800.000.000) 2023-04-02 22:24:53 Image size of job updated: 5418220
	1330  -  MemoryUsage of job (MB)
	1361916  -  ResidentSetSize of job (KB)
...
006 (113493800.000.000) 2023-04-02 22:29:54 Image size of job updated: 5418220
	1331  -  MemoryUsage of job (MB)
	1362588  -  ResidentSetSize of job (KB)
...
006 (113493800.000.000) 2023-04-02 22:34:54 Image size of job updated: 5418220
	1333  -  MemoryUsage of job (MB)
	1364268  -  ResidentSetSize of job (KB)
...
006 (113493800.000.000) 2023-04-02 22:39:54 Image size of job updated: 5432204
	1352  -  MemoryUsage of job (MB)
	1383724  -  ResidentSetSize of job (KB)
...
006 (113493800.000.000) 2023-04-02 22:44:55 Image size of job updated: 5434920
	1354  -  MemoryUsage of job (MB)
	1386468  -  ResidentSetSize of job (KB)
...
006 (113493800.000.000) 2023-04-02 22:49:55 Image size of job updated: 5434920
	1357  -  MemoryUsage of job (MB)
	1388940  -  ResidentSetSize of job (KB)
...
006 (113493800.000.000) 2023-04-02 22:54:55 Image size of job updated: 5435332
	1358  -  MemoryUsage of job (MB)
	1389672  -  ResidentSetSize of job (KB)
...
006 (113493800.000.000) 2023-04-02 23:04:57 Image size of job updated: 5435332
	1358  -  MemoryUsage of job (MB)
	1390184  -  ResidentSetSize of job (KB)
...
006 (113493800.000.000) 2023-04-02 23:09:57 Image size of job updated: 5436132
	1361  -  MemoryUsage of job (MB)
	1392692  -  ResidentSetSize of job (KB)
...
006 (113493800.000.000) 2023-04-02 23:14:58 Image size of job updated: 5436388
	1361  -  MemoryUsage of job (MB)
	1392948  -  ResidentSetSize of job (KB)
...
006 (113493800.000.000) 2023-04-02 23:19:59 Image size of job updated: 5440456
	1361  -  MemoryUsage of job (MB)
	1392948  -  ResidentSetSize of job (KB)
...
006 (113493800.000.000) 2023-04-02 23:35:01 Image size of job updated: 5440772
	1366  -  MemoryUsage of job (MB)
	1398708  -  ResidentSetSize of job (KB)
...
006 (113493800.000.000) 2023-04-02 23:40:01 Image size of job updated: 5449796
	1376  -  MemoryUsage of job (MB)
	1408140  -  ResidentSetSize of job (KB)
...
006 (113493800.000.000) 2023-04-02 23:45:01 Image size of job updated: 5452864
	1376  -  MemoryUsage of job (MB)
	1408140  -  ResidentSetSize of job (KB)
...
006 (113493800.000.000) 2023-04-02 23:55:03 Image size of job updated: 5534872
	1384  -  MemoryUsage of job (MB)
	1416568  -  ResidentSetSize of job (KB)
...
006 (113493800.000.000) 2023-04-03 00:00:03 Image size of job updated: 5534872
	1385  -  MemoryUsage of job (MB)
	1417848  -  ResidentSetSize of job (KB)
...
006 (113493800.000.000) 2023-04-03 00:10:05 Image size of job updated: 5535416
	1385  -  MemoryUsage of job (MB)
	1417848  -  ResidentSetSize of job (KB)
...
006 (113493800.000.000) 2023-04-03 00:20:06 Image size of job updated: 5535416
	1389  -  MemoryUsage of job (MB)
	1422024  -  ResidentSetSize of job (KB)
...
006 (113493800.000.000) 2023-04-03 00:25:07 Image size of job updated: 5535416
	1391  -  MemoryUsage of job (MB)
	1424000  -  ResidentSetSize of job (KB)
...
006 (113493800.000.000) 2023-04-03 00:30:07 Image size of job updated: 5535416
	1392  -  MemoryUsage of job (MB)
	1425108  -  ResidentSetSize of job (KB)
...
006 (113493800.000.000) 2023-04-03 00:45:09 Image size of job updated: 5535416
	1394  -  MemoryUsage of job (MB)
	1427296  -  ResidentSetSize of job (KB)
...
006 (113493800.000.000) 2023-04-03 00:50:10 Image size of job updated: 5535416
	1395  -  MemoryUsage of job (MB)
	1427828  -  ResidentSetSize of job (KB)
...
006 (113493800.000.000) 2023-04-03 00:55:11 Image size of job updated: 5549560
	1397  -  MemoryUsage of job (MB)
	1430452  -  ResidentSetSize of job (KB)
...
006 (113493800.000.000) 2023-04-03 01:00:11 Image size of job updated: 5549560
	1398  -  MemoryUsage of job (MB)
	1431252  -  ResidentSetSize of job (KB)
...
006 (113493800.000.000) 2023-04-03 01:05:11 Image size of job updated: 5550640
	1399  -  MemoryUsage of job (MB)
	1431888  -  ResidentSetSize of job (KB)
...
006 (113493800.000.000) 2023-04-03 01:10:12 Image size of job updated: 5550640
	1400  -  MemoryUsage of job (MB)
	1433060  -  ResidentSetSize of job (KB)
...
006 (113493800.000.000) 2023-04-03 01:15:12 Image size of job updated: 5550640
	1402  -  MemoryUsage of job (MB)
	1435268  -  ResidentSetSize of job (KB)
...
006 (113493800.000.000) 2023-04-03 01:30:13 Image size of job updated: 5565692
	1402  -  MemoryUsage of job (MB)
	1435268  -  ResidentSetSize of job (KB)
...
006 (113493800.000.000) 2023-04-03 01:55:15 Image size of job updated: 5565692
	1411  -  MemoryUsage of job (MB)
	1444136  -  ResidentSetSize of job (KB)
...
006 (113493800.000.000) 2023-04-03 02:00:16 Image size of job updated: 5565692
	1411  -  MemoryUsage of job (MB)
	1444432  -  ResidentSetSize of job (KB)
...
006 (113493800.000.000) 2023-04-03 02:10:17 Image size of job updated: 5574596
	1411  -  MemoryUsage of job (MB)
	1444432  -  ResidentSetSize of job (KB)
...
006 (113493800.000.000) 2023-04-03 02:20:18 Image size of job updated: 5574596
	1415  -  MemoryUsage of job (MB)
	1448368  -  ResidentSetSize of job (KB)
...
006 (113493800.000.000) 2023-04-03 02:25:18 Image size of job updated: 5574596
	1416  -  MemoryUsage of job (MB)
	1449208  -  ResidentSetSize of job (KB)
...
006 (113493800.000.000) 2023-04-03 02:30:19 Image size of job updated: 5578548
	1417  -  MemoryUsage of job (MB)
	1450052  -  ResidentSetSize of job (KB)
...
006 (113493800.000.000) 2023-04-03 02:35:19 Image size of job updated: 5578548
	1417  -  MemoryUsage of job (MB)
	1450476  -  ResidentSetSize of job (KB)
...
006 (113493800.000.000) 2023-04-03 02:40:19 Image size of job updated: 5578548
	1420  -  MemoryUsage of job (MB)
	1453064  -  ResidentSetSize of job (KB)
...
006 (113493800.000.000) 2023-04-03 02:45:20 Image size of job updated: 5578548
	1420  -  MemoryUsage of job (MB)
	1453560  -  ResidentSetSize of job (KB)
...
006 (113493800.000.000) 2023-04-03 02:50:20 Image size of job updated: 5578548
	1421  -  MemoryUsage of job (MB)
	1454184  -  ResidentSetSize of job (KB)
...
006 (113493800.000.000) 2023-04-03 02:55:20 Image size of job updated: 5578548
	1422  -  MemoryUsage of job (MB)
	1455964  -  ResidentSetSize of job (KB)
...
006 (113493800.000.000) 2023-04-03 03:00:21 Image size of job updated: 5578548
	1425  -  MemoryUsage of job (MB)
	1458528  -  ResidentSetSize of job (KB)
...
006 (113493800.000.000) 2023-04-03 03:05:22 Image size of job updated: 5578548
	1426  -  MemoryUsage of job (MB)
	1460100  -  ResidentSetSize of job (KB)
...
006 (113493800.000.000) 2023-04-03 03:10:22 Image size of job updated: 5578548
	1427  -  MemoryUsage of job (MB)
	1460612  -  ResidentSetSize of job (KB)
...
006 (113493800.000.000) 2023-04-03 03:15:23 Image size of job updated: 5578548
	1430  -  MemoryUsage of job (MB)
	1463400  -  ResidentSetSize of job (KB)
...
006 (113493800.000.000) 2023-04-03 03:25:24 Image size of job updated: 5578548
	1430  -  MemoryUsage of job (MB)
	1463460  -  ResidentSetSize of job (KB)
...
006 (113493800.000.000) 2023-04-03 03:30:24 Image size of job updated: 5578548
	1431  -  MemoryUsage of job (MB)
	1465156  -  ResidentSetSize of job (KB)
...
006 (113493800.000.000) 2023-04-03 03:45:25 Image size of job updated: 5606080
	1433  -  MemoryUsage of job (MB)
	1466980  -  ResidentSetSize of job (KB)
...
006 (113493800.000.000) 2023-04-03 03:55:27 Image size of job updated: 5606080
	1437  -  MemoryUsage of job (MB)
	1470808  -  ResidentSetSize of job (KB)
...
006 (113493800.000.000) 2023-04-03 04:20:30 Image size of job updated: 5613424
	1441  -  MemoryUsage of job (MB)
	1475340  -  ResidentSetSize of job (KB)
...
006 (113493800.000.000) 2023-04-03 04:25:31 Image size of job updated: 5613424
	1442  -  MemoryUsage of job (MB)
	1475716  -  ResidentSetSize of job (KB)
...
006 (113493800.000.000) 2023-04-03 04:35:32 Image size of job updated: 5614780
	1442  -  MemoryUsage of job (MB)
	1476296  -  ResidentSetSize of job (KB)
...
006 (113493800.000.000) 2023-04-03 04:40:33 Image size of job updated: 5614780
	1442  -  MemoryUsage of job (MB)
	1476340  -  ResidentSetSize of job (KB)
...
006 (113493800.000.000) 2023-04-03 04:45:33 Image size of job updated: 5614780
	1444  -  MemoryUsage of job (MB)
	1478560  -  ResidentSetSize of job (KB)
...
006 (113493800.000.000) 2023-04-03 04:50:34 Image size of job updated: 5614780
	1445  -  MemoryUsage of job (MB)
	1479188  -  ResidentSetSize of job (KB)
...
006 (113493800.000.000) 2023-04-03 05:00:35 Image size of job updated: 5614780
	1447  -  MemoryUsage of job (MB)
	1480812  -  ResidentSetSize of job (KB)
...
006 (113493800.000.000) 2023-04-03 05:05:35 Image size of job updated: 5614780
	1449  -  MemoryUsage of job (MB)
	1482988  -  ResidentSetSize of job (KB)
...
006 (113493800.000.000) 2023-04-03 05:15:36 Image size of job updated: 5634992
	1451  -  MemoryUsage of job (MB)
	1484896  -  ResidentSetSize of job (KB)
...
006 (113493800.000.000) 2023-04-03 05:25:37 Image size of job updated: 5634992
	1454  -  MemoryUsage of job (MB)
	1487976  -  ResidentSetSize of job (KB)
...
006 (113493800.000.000) 2023-04-03 05:40:38 Image size of job updated: 5634992
	1456  -  MemoryUsage of job (MB)
	1489968  -  ResidentSetSize of job (KB)
...
006 (113493800.000.000) 2023-04-03 05:45:39 Image size of job updated: 5634992
	1458  -  MemoryUsage of job (MB)
	1492016  -  ResidentSetSize of job (KB)
...
006 (113493800.000.000) 2023-04-03 05:50:39 Image size of job updated: 5642424
	1458  -  MemoryUsage of job (MB)
	1492428  -  ResidentSetSize of job (KB)
...
006 (113493800.000.000) 2023-04-03 06:00:41 Image size of job updated: 5642424
	1460  -  MemoryUsage of job (MB)
	1494888  -  ResidentSetSize of job (KB)
...
006 (113493800.000.000) 2023-04-03 06:05:41 Image size of job updated: 5661640
	1478  -  MemoryUsage of job (MB)
	1512816  -  ResidentSetSize of job (KB)
...
006 (113493800.000.000) 2023-04-03 06:20:43 Image size of job updated: 5664136
	1478  -  MemoryUsage of job (MB)
	1512816  -  ResidentSetSize of job (KB)
...
006 (113493800.000.000) 2023-04-03 06:30:44 Image size of job updated: 5666152
	1480  -  MemoryUsage of job (MB)
	1515204  -  ResidentSetSize of job (KB)
...
006 (113493800.000.000) 2023-04-03 06:55:45 Image size of job updated: 5666152
	1484  -  MemoryUsage of job (MB)
	1519356  -  ResidentSetSize of job (KB)
...
006 (113493800.000.000) 2023-04-03 07:00:47 Image size of job updated: 5666152
	1484  -  MemoryUsage of job (MB)
	1519360  -  ResidentSetSize of job (KB)
...
006 (113493800.000.000) 2023-04-03 07:10:47 Image size of job updated: 5666152
	1486  -  MemoryUsage of job (MB)
	1520780  -  ResidentSetSize of job (KB)
...
006 (113493800.000.000) 2023-04-03 07:15:48 Image size of job updated: 5666152
	1486  -  MemoryUsage of job (MB)
	1520888  -  ResidentSetSize of job (KB)
...
006 (113493800.000.000) 2023-04-03 07:20:49 Image size of job updated: 5666152
	1486  -  MemoryUsage of job (MB)
	1521508  -  ResidentSetSize of job (KB)
...
006 (113493800.000.000) 2023-04-03 07:25:49 Image size of job updated: 5689412
	1488  -  MemoryUsage of job (MB)
	1523524  -  ResidentSetSize of job (KB)
...
006 (113493800.000.000) 2023-04-03 07:30:50 Image size of job updated: 5689412
	1489  -  MemoryUsage of job (MB)
	1524100  -  ResidentSetSize of job (KB)
...
006 (113493800.000.000) 2023-04-03 07:35:51 Image size of job updated: 5689412
	1492  -  MemoryUsage of job (MB)
	1527440  -  ResidentSetSize of job (KB)
...
006 (113493800.000.000) 2023-04-03 07:50:53 Image size of job updated: 5689412
	1494  -  MemoryUsage of job (MB)
	1529616  -  ResidentSetSize of job (KB)
...
006 (113493800.000.000) 2023-04-03 08:00:53 Image size of job updated: 5695844
	1494  -  MemoryUsage of job (MB)
	1529616  -  ResidentSetSize of job (KB)
...
006 (113493800.000.000) 2023-04-03 08:15:54 Image size of job updated: 5695844
	1499  -  MemoryUsage of job (MB)
	1533984  -  ResidentSetSize of job (KB)
...
006 (113493800.000.000) 2023-04-03 08:20:55 Image size of job updated: 5695844
	1501  -  MemoryUsage of job (MB)
	1536032  -  ResidentSetSize of job (KB)
...
006 (113493800.000.000) 2023-04-03 08:30:55 Image size of job updated: 5695844
	1502  -  MemoryUsage of job (MB)
	1537644  -  ResidentSetSize of job (KB)
...
006 (113493800.000.000) 2023-04-03 08:45:56 Image size of job updated: 5695844
	1503  -  MemoryUsage of job (MB)
	1538356  -  ResidentSetSize of job (KB)
...
006 (113493800.000.000) 2023-04-03 08:55:57 Image size of job updated: 5704884
	1504  -  MemoryUsage of job (MB)
	1539436  -  ResidentSetSize of job (KB)
...
006 (113493800.000.000) 2023-04-03 09:00:57 Image size of job updated: 5704884
	1506  -  MemoryUsage of job (MB)
	1541228  -  ResidentSetSize of job (KB)
...
006 (113493800.000.000) 2023-04-03 09:10:59 Image size of job updated: 5704884
	1507  -  MemoryUsage of job (MB)
	1542416  -  ResidentSetSize of job (KB)
...
006 (113493800.000.000) 2023-04-03 09:26:01 Image size of job updated: 5704884
	1523  -  MemoryUsage of job (MB)
	1559028  -  ResidentSetSize of job (KB)
...
006 (113493800.000.000) 2023-04-03 09:31:01 Image size of job updated: 5727304
	1527  -  MemoryUsage of job (MB)
	1562824  -  ResidentSetSize of job (KB)
...
006 (113493800.000.000) 2023-04-03 09:36:02 Image size of job updated: 5727304
	1529  -  MemoryUsage of job (MB)
	1565200  -  ResidentSetSize of job (KB)
...
006 (113493800.000.000) 2023-04-03 09:46:03 Image size of job updated: 5731776
	1531  -  MemoryUsage of job (MB)
	1567388  -  ResidentSetSize of job (KB)
...
006 (113493800.000.000) 2023-04-03 10:01:05 Image size of job updated: 5734048
	1533  -  MemoryUsage of job (MB)
	1568948  -  ResidentSetSize of job (KB)
...
006 (113493800.000.000) 2023-04-03 10:11:07 Image size of job updated: 5734048
	1535  -  MemoryUsage of job (MB)
	1570996  -  ResidentSetSize of job (KB)
...
006 (113493800.000.000) 2023-04-03 10:16:07 Image size of job updated: 5734048
	1535  -  MemoryUsage of job (MB)
	1571736  -  ResidentSetSize of job (KB)
...
006 (113493800.000.000) 2023-04-03 10:31:08 Image size of job updated: 5734048
	1537  -  MemoryUsage of job (MB)
	1573744  -  ResidentSetSize of job (KB)
...
006 (113493800.000.000) 2023-04-03 10:41:09 Image size of job updated: 5734048
	1538  -  MemoryUsage of job (MB)
	1574188  -  ResidentSetSize of job (KB)
...
006 (113493800.000.000) 2023-04-03 10:46:09 Image size of job updated: 5734048
	1538  -  MemoryUsage of job (MB)
	1574732  -  ResidentSetSize of job (KB)
...
006 (113493800.000.000) 2023-04-03 10:51:09 Image size of job updated: 5734048
	1541  -  MemoryUsage of job (MB)
	1577208  -  ResidentSetSize of job (KB)
...
006 (113493800.000.000) 2023-04-03 10:56:10 Image size of job updated: 5734048
	1541  -  MemoryUsage of job (MB)
	1577316  -  ResidentSetSize of job (KB)
...
006 (113493800.000.000) 2023-04-03 11:01:11 Image size of job updated: 5734048
	1542  -  MemoryUsage of job (MB)
	1578192  -  ResidentSetSize of job (KB)
...
006 (113493800.000.000) 2023-04-03 11:06:11 Image size of job updated: 5760780
	1543  -  MemoryUsage of job (MB)
	1579672  -  ResidentSetSize of job (KB)
...
006 (113493800.000.000) 2023-04-03 11:16:13 Image size of job updated: 5760780
	1545  -  MemoryUsage of job (MB)
	1581848  -  ResidentSetSize of job (KB)
...
006 (113493800.000.000) 2023-04-03 11:21:13 Image size of job updated: 5761772
	1546  -  MemoryUsage of job (MB)
	1582816  -  ResidentSetSize of job (KB)
...
006 (113493800.000.000) 2023-04-03 11:36:15 Image size of job updated: 5764780
	1548  -  MemoryUsage of job (MB)
	1584588  -  ResidentSetSize of job (KB)
...
006 (113493800.000.000) 2023-04-03 11:41:15 Image size of job updated: 5764780
	1550  -  MemoryUsage of job (MB)
	1586636  -  ResidentSetSize of job (KB)
...
006 (113493800.000.000) 2023-04-03 11:56:17 Image size of job updated: 5764780
	1554  -  MemoryUsage of job (MB)
	1591080  -  ResidentSetSize of job (KB)
...
006 (113493800.000.000) 2023-04-03 12:06:19 Image size of job updated: 5764780
	1555  -  MemoryUsage of job (MB)
	1591592  -  ResidentSetSize of job (KB)
...
006 (113493800.000.000) 2023-04-03 12:21:21 Image size of job updated: 5789716
	1555  -  MemoryUsage of job (MB)
	1591592  -  ResidentSetSize of job (KB)
...
006 (113493800.000.000) 2023-04-03 12:36:23 Image size of job updated: 5789716
	1575  -  MemoryUsage of job (MB)
	1612528  -  ResidentSetSize of job (KB)
...
006 (113493800.000.000) 2023-04-03 13:06:25 Image size of job updated: 5796604
	1579  -  MemoryUsage of job (MB)
	1616528  -  ResidentSetSize of job (KB)
...
006 (113493800.000.000) 2023-04-03 13:21:27 Image size of job updated: 5798116
	1580  -  MemoryUsage of job (MB)
	1617460  -  ResidentSetSize of job (KB)
...
006 (113493800.000.000) 2023-04-03 13:31:27 Image size of job updated: 5798620
	1583  -  MemoryUsage of job (MB)
	1620084  -  ResidentSetSize of job (KB)
...
006 (113493800.000.000) 2023-04-03 13:41:29 Image size of job updated: 5801372
	1584  -  MemoryUsage of job (MB)
	1621496  -  ResidentSetSize of job (KB)
...
006 (113493800.000.000) 2023-04-03 13:46:29 Image size of job updated: 5801372
	1584  -  MemoryUsage of job (MB)
	1621628  -  ResidentSetSize of job (KB)
...
006 (113493800.000.000) 2023-04-03 13:56:31 Image size of job updated: 5805628
	1590  -  MemoryUsage of job (MB)
	1627196  -  ResidentSetSize of job (KB)
...
004 (113493800.000.000) 2023-04-03 13:56:55 Job was evicted.
	(0) CPU times
		Usr 3 05:24:06, Sys 0 00:03:48  -  Run Remote Usage
		Usr 0 00:00:00, Sys 0 00:00:00  -  Run Local Usage
	0  -  Run Bytes Sent By Job
	366  -  Run Bytes Received By Job
	Partitionable Resources :    Usage  Request Allocated 
	   Cpus                 :     7.95        1         1 
	   Disk (KB)            :  3862      500000    624256 
	   GPUs                 :                           0 
	   Memory (MB)          :  1590       20000     20096 
...
040 (113493800.000.000) 2023-04-03 14:00:23 Started transferring input files
	Transferring to host: <10.14.10.120:9618?addrs=10.14.10.120-9618&alias=node2370.cluster.ldas.cit&noUDP&sock=slot1_12_1733606_019a_32100>
...
040 (113493800.000.000) 2023-04-03 14:00:24 Finished transferring input files
...
001 (113493800.000.000) 2023-04-03 14:00:25 Job executing on host: <10.14.10.120:9618?addrs=10.14.10.120-9618&alias=node2370.cluster.ldas.cit&noUDP&sock=startd_4141_f5c5>
...
006 (113493800.000.000) 2023-04-04 06:37:16 Image size of job updated: 7500000
	1717  -  MemoryUsage of job (MB)
	1757752  -  ResidentSetSize of job (KB)
...
006 (113493800.000.000) 2023-04-04 08:02:25 Image size of job updated: 7500000
	1729  -  MemoryUsage of job (MB)
	1769892  -  ResidentSetSize of job (KB)
...
006 (113493800.000.000) 2023-04-04 08:52:31 Image size of job updated: 7500000
	1730  -  MemoryUsage of job (MB)
	1770824  -  ResidentSetSize of job (KB)
...
006 (113493800.000.000) 2023-04-04 09:22:33 Image size of job updated: 7500000
	1732  -  MemoryUsage of job (MB)
	1773532  -  ResidentSetSize of job (KB)
...
006 (113493800.000.000) 2023-04-04 09:37:34 Image size of job updated: 7500000
	1736  -  MemoryUsage of job (MB)
	1777580  -  ResidentSetSize of job (KB)
...
006 (113493800.000.000) 2023-04-04 10:17:38 Image size of job updated: 7500000
	1745  -  MemoryUsage of job (MB)
	1786304  -  ResidentSetSize of job (KB)
...
006 (113493800.000.000) 2023-04-04 10:32:40 Image size of job updated: 7500000
	1746  -  MemoryUsage of job (MB)
	1786996  -  ResidentSetSize of job (KB)
...
006 (113493800.000.000) 2023-04-04 10:57:43 Image size of job updated: 7500000
	1749  -  MemoryUsage of job (MB)
	1790620  -  ResidentSetSize of job (KB)
...
006 (113493800.000.000) 2023-04-04 11:32:48 Image size of job updated: 7500000
	1756  -  MemoryUsage of job (MB)
	1797188  -  ResidentSetSize of job (KB)
...
006 (113493800.000.000) 2023-04-04 11:47:49 Image size of job updated: 7500000
	1756  -  MemoryUsage of job (MB)
	1797740  -  ResidentSetSize of job (KB)
...
006 (113493800.000.000) 2023-04-04 11:57:49 Image size of job updated: 7500000
	1921  -  MemoryUsage of job (MB)
	1966548  -  ResidentSetSize of job (KB)
...
006 (113493800.000.000) 2023-04-04 14:28:07 Image size of job updated: 7500000
	1926  -  MemoryUsage of job (MB)
	1971220  -  ResidentSetSize of job (KB)
...
004 (113493800.000.000) 2023-04-04 15:47:42 Job was evicted.
	(0) CPU times
		Usr 3 15:17:52, Sys 0 00:04:09  -  Run Remote Usage
		Usr 0 00:00:00, Sys 0 00:00:00  -  Run Local Usage
	0  -  Run Bytes Sent By Job
	366  -  Run Bytes Received By Job
	Partitionable Resources :    Usage  Request Allocated 
	   Cpus                 :     7.23        1         1 
	   Disk (KB)            :  3137      500000    624256 
	   GPUs                 :                           0 
	   Memory (MB)          :  1926       20000     20096 
...
040 (113493800.000.000) 2023-04-04 15:47:58 Started transferring input files
	Transferring to host: <10.14.9.89:9618?addrs=10.14.9.89-9618&alias=node2089.cluster.ldas.cit&noUDP&sock=slot1_8_1342298_1ef1_9845>
...
040 (113493800.000.000) 2023-04-04 15:47:58 Finished transferring input files
...
001 (113493800.000.000) 2023-04-04 15:47:59 Job executing on host: <10.14.9.89:9618?addrs=10.14.9.89-9618&alias=node2089.cluster.ldas.cit&noUDP&sock=startd_1342260_4b48>
...
006 (113493800.000.000) 2023-04-05 07:04:42 Image size of job updated: 7500000
	2011  -  MemoryUsage of job (MB)
	2058252  -  ResidentSetSize of job (KB)
...
006 (113493800.000.000) 2023-04-05 07:39:46 Image size of job updated: 7500000
	2045  -  MemoryUsage of job (MB)
	2093460  -  ResidentSetSize of job (KB)
...
004 (113493800.000.000) 2023-04-05 14:52:27 Job was evicted.
	(0) CPU times
		Usr 4 09:02:23, Sys 0 00:03:51  -  Run Remote Usage
		Usr 0 00:00:00, Sys 0 00:00:00  -  Run Local Usage
	0  -  Run Bytes Sent By Job
	366  -  Run Bytes Received By Job
	Partitionable Resources :    Usage  Request Allocated 
	   Cpus                 :     5.98        1         1 
	   Disk (KB)            :  3015      500000    609620 
	   GPUs                 :                           0 
	   Memory (MB)          :  2045       20000     20096 
...
009 (113493800.000.000) 2023-04-05 14:52:27 Job was aborted.
	removed because <OtherJobRemoveRequirements = DAGManJobId =?= 113493702> fired when job (113493702.0) was removed
...
000 (113587290.000.000) 2023-04-05 14:54:25 Job submitted from host: <10.14.0.160:9618?addrs=10.14.0.160-9618&alias=ldas-pcdev2.ligo.caltech.edu&noUDP&sock=schedd_7450_a8a7>
    DAG Node: 278
...
040 (113587290.000.000) 2023-04-05 15:01:03 Started transferring input files
	Transferring to host: <10.14.4.80:9618?addrs=10.14.4.80-9618&alias=node830.cluster.ldas.cit&noUDP&sock=slot1_5_2249809_b7b9_166>
...
040 (113587290.000.000) 2023-04-05 15:01:03 Finished transferring input files
...
001 (113587290.000.000) 2023-04-05 15:01:04 Job executing on host: <10.14.4.80:9618?addrs=10.14.4.80-9618&alias=node830.cluster.ldas.cit&noUDP&sock=startd_2249767_9ce5>
...
006 (113587290.000.000) 2023-04-05 15:01:12 Image size of job updated: 206128
	190  -  MemoryUsage of job (MB)
	194392  -  ResidentSetSize of job (KB)
...
006 (113587290.000.000) 2023-04-05 15:06:12 Image size of job updated: 5183104
	670  -  MemoryUsage of job (MB)
	685632  -  ResidentSetSize of job (KB)
...
006 (113587290.000.000) 2023-04-05 15:11:13 Image size of job updated: 5226052
	713  -  MemoryUsage of job (MB)
	729504  -  ResidentSetSize of job (KB)
...
006 (113587290.000.000) 2023-04-05 15:16:14 Image size of job updated: 5317156
	804  -  MemoryUsage of job (MB)
	823192  -  ResidentSetSize of job (KB)
...
006 (113587290.000.000) 2023-04-05 15:21:14 Image size of job updated: 5394832
	891  -  MemoryUsage of job (MB)
	912260  -  ResidentSetSize of job (KB)
...
006 (113587290.000.000) 2023-04-05 15:26:15 Image size of job updated: 5497980
	980  -  MemoryUsage of job (MB)
	1002932  -  ResidentSetSize of job (KB)
...
006 (113587290.000.000) 2023-04-05 15:31:16 Image size of job updated: 5535412
	1016  -  MemoryUsage of job (MB)
	1039820  -  ResidentSetSize of job (KB)
...
006 (113587290.000.000) 2023-04-05 15:41:16 Image size of job updated: 5973416
	1261  -  MemoryUsage of job (MB)
	1291204  -  ResidentSetSize of job (KB)
...
006 (113587290.000.000) 2023-04-05 15:56:17 Image size of job updated: 6031216
	1294  -  MemoryUsage of job (MB)
	1324968  -  ResidentSetSize of job (KB)
...
006 (113587290.000.000) 2023-04-05 16:01:18 Image size of job updated: 6031216
	1297  -  MemoryUsage of job (MB)
	1327512  -  ResidentSetSize of job (KB)
...
006 (113587290.000.000) 2023-04-05 16:06:18 Image size of job updated: 6031216
	1306  -  MemoryUsage of job (MB)
	1336860  -  ResidentSetSize of job (KB)
...
006 (113587290.000.000) 2023-04-05 16:11:18 Image size of job updated: 6031216
	1330  -  MemoryUsage of job (MB)
	1360908  -  ResidentSetSize of job (KB)
...
006 (113587290.000.000) 2023-04-05 17:36:26 Image size of job updated: 6031216
	1342  -  MemoryUsage of job (MB)
	1373796  -  ResidentSetSize of job (KB)
...
006 (113587290.000.000) 2023-04-05 17:41:26 Image size of job updated: 6031216
	1383  -  MemoryUsage of job (MB)
	1415208  -  ResidentSetSize of job (KB)
...
006 (113587290.000.000) 2023-04-05 18:06:28 Image size of job updated: 6031216
	1488  -  MemoryUsage of job (MB)
	1523236  -  ResidentSetSize of job (KB)
...
006 (113587290.000.000) 2023-04-05 18:11:28 Image size of job updated: 6031216
	1603  -  MemoryUsage of job (MB)
	1640728  -  ResidentSetSize of job (KB)
...
006 (113587290.000.000) 2023-04-05 18:31:30 Image size of job updated: 6031216
	1680  -  MemoryUsage of job (MB)
	1719996  -  ResidentSetSize of job (KB)
...
006 (113587290.000.000) 2023-04-05 18:36:32 Image size of job updated: 6031216
	1699  -  MemoryUsage of job (MB)
	1739224  -  ResidentSetSize of job (KB)
...
006 (113587290.000.000) 2023-04-05 18:56:34 Image size of job updated: 6056988
	1699  -  MemoryUsage of job (MB)
	1739224  -  ResidentSetSize of job (KB)
...
006 (113587290.000.000) 2023-04-05 19:41:40 Image size of job updated: 6056988
	1716  -  MemoryUsage of job (MB)
	1757136  -  ResidentSetSize of job (KB)
...
006 (113587290.000.000) 2023-04-05 20:16:44 Image size of job updated: 6060132
	1716  -  MemoryUsage of job (MB)
	1757136  -  ResidentSetSize of job (KB)
...
006 (113587290.000.000) 2023-04-05 22:52:03 Image size of job updated: 6070312
	1716  -  MemoryUsage of job (MB)
	1757136  -  ResidentSetSize of job (KB)
...
006 (113587290.000.000) 2023-04-06 00:12:14 Image size of job updated: 6070312
	1730  -  MemoryUsage of job (MB)
	1770732  -  ResidentSetSize of job (KB)
...
006 (113587290.000.000) 2023-04-06 00:17:14 Image size of job updated: 6147444
	1934  -  MemoryUsage of job (MB)
	1979680  -  ResidentSetSize of job (KB)
...
006 (113587290.000.000) 2023-04-06 00:37:16 Image size of job updated: 6149012
	1934  -  MemoryUsage of job (MB)
	1979680  -  ResidentSetSize of job (KB)
...
006 (113587290.000.000) 2023-04-06 07:27:51 Image size of job updated: 6274860
	1934  -  MemoryUsage of job (MB)
	1979680  -  ResidentSetSize of job (KB)
...
004 (113587290.000.000) 2023-04-06 15:02:14 Job was evicted.
	(0) CPU times
		Usr 3 04:52:32, Sys 0 00:03:57  -  Run Remote Usage
		Usr 0 00:00:00, Sys 0 00:00:00  -  Run Local Usage
	0  -  Run Bytes Sent By Job
	366  -  Run Bytes Received By Job
	Partitionable Resources :    Usage  Request Allocated 
	   Cpus                 :     0.99        1         1 
	   Disk (KB)            :  2836      500000    624256 
	   GPUs                 :                           0 
	   Memory (MB)          :  1934       20000     20096 
...
040 (113587290.000.000) 2023-04-06 15:26:40 Started transferring input files
	Transferring to host: <10.14.9.130:9618?addrs=10.14.9.130-9618&alias=node2130.cluster.ldas.cit&noUDP&sock=slot1_3_1243927_da31_1115>
...
040 (113587290.000.000) 2023-04-06 15:26:40 Finished transferring input files
...
001 (113587290.000.000) 2023-04-06 15:26:41 Job executing on host: <10.14.9.130:9618?addrs=10.14.9.130-9618&alias=node2130.cluster.ldas.cit&noUDP&sock=startd_1243886_e998>
...
004 (113587290.000.000) 2023-04-06 16:04:49 Job was evicted.
	(0) CPU times
		Usr 0 03:45:55, Sys 0 00:00:05  -  Run Remote Usage
		Usr 0 00:00:00, Sys 0 00:00:00  -  Run Local Usage
	0  -  Run Bytes Sent By Job
	366  -  Run Bytes Received By Job
	Partitionable Resources :    Usage  Request Allocated 
	   Cpus                 :     4.91        1         1 
	   Disk (KB)            :  2709      500000    609620 
	   GPUs                 :                           0 
	   Memory (MB)          :  1954       20000     20096 
...
009 (113587290.000.000) 2023-04-06 16:04:49 Job was aborted.
	removed because <OtherJobRemoveRequirements = DAGManJobId =?= 113587193> fired when job (113587193.0) was removed
...
000 (113604403.000.000) 2023-04-06 16:28:18 Job submitted from host: <10.14.0.160:9618?addrs=10.14.0.160-9618&alias=ldas-pcdev2.ligo.caltech.edu&noUDP&sock=schedd_7450_a8a7>
    DAG Node: 278
...
040 (113604403.000.000) 2023-04-06 16:45:44 Started transferring input files
	Transferring to host: <10.14.4.52:9618?addrs=10.14.4.52-9618&alias=node802.cluster.ldas.cit&noUDP&sock=slot1_3_620910_03da_19852>
...
040 (113604403.000.000) 2023-04-06 16:45:44 Finished transferring input files
...
001 (113604403.000.000) 2023-04-06 16:45:45 Job executing on host: <10.14.4.52:9618?addrs=10.14.4.52-9618&alias=node802.cluster.ldas.cit&noUDP&sock=startd_620872_20e9>
...
006 (113604403.000.000) 2023-04-06 16:45:54 Image size of job updated: 245332
	190  -  MemoryUsage of job (MB)
	194404  -  ResidentSetSize of job (KB)
...
006 (113604403.000.000) 2023-04-06 16:50:55 Image size of job updated: 5110952
	190  -  MemoryUsage of job (MB)
	194404  -  ResidentSetSize of job (KB)
...
006 (113604403.000.000) 2023-04-06 16:55:55 Image size of job updated: 5110952
	352  -  MemoryUsage of job (MB)
	359636  -  ResidentSetSize of job (KB)
...
006 (113604403.000.000) 2023-04-06 17:00:56 Image size of job updated: 5110952
	364  -  MemoryUsage of job (MB)
	371812  -  ResidentSetSize of job (KB)
...
006 (113604403.000.000) 2023-04-06 17:05:57 Image size of job updated: 5110952
	472  -  MemoryUsage of job (MB)
	482436  -  ResidentSetSize of job (KB)
...
006 (113604403.000.000) 2023-04-06 17:10:57 Image size of job updated: 5110952
	480  -  MemoryUsage of job (MB)
	491236  -  ResidentSetSize of job (KB)
...
006 (113604403.000.000) 2023-04-06 17:15:57 Image size of job updated: 5110952
	483  -  MemoryUsage of job (MB)
	493916  -  ResidentSetSize of job (KB)
...
006 (113604403.000.000) 2023-04-06 17:20:58 Image size of job updated: 5110952
	519  -  MemoryUsage of job (MB)
	530704  -  ResidentSetSize of job (KB)
...
006 (113604403.000.000) 2023-04-06 17:25:58 Image size of job updated: 5110952
	519  -  MemoryUsage of job (MB)
	531104  -  ResidentSetSize of job (KB)
...
006 (113604403.000.000) 2023-04-06 17:30:58 Image size of job updated: 5110952
	551  -  MemoryUsage of job (MB)
	563312  -  ResidentSetSize of job (KB)
...
006 (113604403.000.000) 2023-04-06 17:35:59 Image size of job updated: 5110952
	553  -  MemoryUsage of job (MB)
	566116  -  ResidentSetSize of job (KB)
...
006 (113604403.000.000) 2023-04-06 17:40:59 Image size of job updated: 5110952
	566  -  MemoryUsage of job (MB)
	579364  -  ResidentSetSize of job (KB)
...
006 (113604403.000.000) 2023-04-06 17:45:59 Image size of job updated: 5110952
	567  -  MemoryUsage of job (MB)
	580148  -  ResidentSetSize of job (KB)
...
006 (113604403.000.000) 2023-04-06 17:51:00 Image size of job updated: 5110952
	580  -  MemoryUsage of job (MB)
	593776  -  ResidentSetSize of job (KB)
...
006 (113604403.000.000) 2023-04-06 17:56:01 Image size of job updated: 5110952
	589  -  MemoryUsage of job (MB)
	603132  -  ResidentSetSize of job (KB)
...
006 (113604403.000.000) 2023-04-06 18:01:01 Image size of job updated: 5110952
	596  -  MemoryUsage of job (MB)
	609348  -  ResidentSetSize of job (KB)
...
006 (113604403.000.000) 2023-04-06 18:06:02 Image size of job updated: 5110952
	601  -  MemoryUsage of job (MB)
	614672  -  ResidentSetSize of job (KB)
...
006 (113604403.000.000) 2023-04-06 18:11:03 Image size of job updated: 5121752
	642  -  MemoryUsage of job (MB)
	656920  -  ResidentSetSize of job (KB)
...
006 (113604403.000.000) 2023-04-06 18:16:03 Image size of job updated: 5121752
	742  -  MemoryUsage of job (MB)
	759264  -  ResidentSetSize of job (KB)
...
006 (113604403.000.000) 2023-04-06 18:21:04 Image size of job updated: 5148208
	923  -  MemoryUsage of job (MB)
	944400  -  ResidentSetSize of job (KB)
...
006 (113604403.000.000) 2023-04-06 18:26:05 Image size of job updated: 5148208
	969  -  MemoryUsage of job (MB)
	991692  -  ResidentSetSize of job (KB)
...
006 (113604403.000.000) 2023-04-06 18:31:05 Image size of job updated: 5148208
	969  -  MemoryUsage of job (MB)
	991696  -  ResidentSetSize of job (KB)
...
006 (113604403.000.000) 2023-04-06 18:36:06 Image size of job updated: 5148208
	976  -  MemoryUsage of job (MB)
	998748  -  ResidentSetSize of job (KB)
...
006 (113604403.000.000) 2023-04-06 18:41:07 Image size of job updated: 5148208
	978  -  MemoryUsage of job (MB)
	1001232  -  ResidentSetSize of job (KB)
...
006 (113604403.000.000) 2023-04-06 18:46:07 Image size of job updated: 5154428
	988  -  MemoryUsage of job (MB)
	1011004  -  ResidentSetSize of job (KB)
...
006 (113604403.000.000) 2023-04-06 18:51:07 Image size of job updated: 5158604
	992  -  MemoryUsage of job (MB)
	1015104  -  ResidentSetSize of job (KB)
...
006 (113604403.000.000) 2023-04-06 18:56:08 Image size of job updated: 5187752
	1022  -  MemoryUsage of job (MB)
	1045636  -  ResidentSetSize of job (KB)
...
006 (113604403.000.000) 2023-04-06 19:01:08 Image size of job updated: 5194484
	1028  -  MemoryUsage of job (MB)
	1052360  -  ResidentSetSize of job (KB)
...
006 (113604403.000.000) 2023-04-06 19:06:08 Image size of job updated: 5195804
	1029  -  MemoryUsage of job (MB)
	1053692  -  ResidentSetSize of job (KB)
...
006 (113604403.000.000) 2023-04-06 19:11:09 Image size of job updated: 5218972
	1029  -  MemoryUsage of job (MB)
	1053692  -  ResidentSetSize of job (KB)
...
006 (113604403.000.000) 2023-04-06 19:41:13 Image size of job updated: 5251772
	1085  -  MemoryUsage of job (MB)
	1110080  -  ResidentSetSize of job (KB)
...
006 (113604403.000.000) 2023-04-06 19:46:14 Image size of job updated: 5260076
	1093  -  MemoryUsage of job (MB)
	1118332  -  ResidentSetSize of job (KB)
...
006 (113604403.000.000) 2023-04-06 20:16:17 Image size of job updated: 5260076
	1124  -  MemoryUsage of job (MB)
	1150608  -  ResidentSetSize of job (KB)
...
006 (113604403.000.000) 2023-04-06 20:21:17 Image size of job updated: 5260076
	1125  -  MemoryUsage of job (MB)
	1150992  -  ResidentSetSize of job (KB)
...
006 (113604403.000.000) 2023-04-06 20:26:17 Image size of job updated: 5277644
	1161  -  MemoryUsage of job (MB)
	1188080  -  ResidentSetSize of job (KB)
...
006 (113604403.000.000) 2023-04-06 20:31:18 Image size of job updated: 5286336
	1161  -  MemoryUsage of job (MB)
	1188080  -  ResidentSetSize of job (KB)
...
006 (113604403.000.000) 2023-04-06 20:46:19 Image size of job updated: 5286864
	1167  -  MemoryUsage of job (MB)
	1194320  -  ResidentSetSize of job (KB)
...
006 (113604403.000.000) 2023-04-06 20:51:20 Image size of job updated: 5294228
	1191  -  MemoryUsage of job (MB)
	1219192  -  ResidentSetSize of job (KB)
...
006 (113604403.000.000) 2023-04-06 20:56:20 Image size of job updated: 5298192
	1197  -  MemoryUsage of job (MB)
	1225232  -  ResidentSetSize of job (KB)
...
006 (113604403.000.000) 2023-04-06 21:06:22 Image size of job updated: 5300500
	1216  -  MemoryUsage of job (MB)
	1244876  -  ResidentSetSize of job (KB)
...
006 (113604403.000.000) 2023-04-06 21:11:22 Image size of job updated: 5304576
	1221  -  MemoryUsage of job (MB)
	1249812  -  ResidentSetSize of job (KB)
...
006 (113604403.000.000) 2023-04-06 21:16:23 Image size of job updated: 5304576
	1238  -  MemoryUsage of job (MB)
	1267356  -  ResidentSetSize of job (KB)
...
006 (113604403.000.000) 2023-04-06 21:21:24 Image size of job updated: 5316536
	1245  -  MemoryUsage of job (MB)
	1273916  -  ResidentSetSize of job (KB)
...
006 (113604403.000.000) 2023-04-06 21:26:24 Image size of job updated: 5316536
	1246  -  MemoryUsage of job (MB)
	1274932  -  ResidentSetSize of job (KB)
...
006 (113604403.000.000) 2023-04-06 21:31:25 Image size of job updated: 5363468
	1250  -  MemoryUsage of job (MB)
	1279032  -  ResidentSetSize of job (KB)
...
006 (113604403.000.000) 2023-04-06 21:36:26 Image size of job updated: 5363468
	1267  -  MemoryUsage of job (MB)
	1297112  -  ResidentSetSize of job (KB)
...
006 (113604403.000.000) 2023-04-06 21:41:26 Image size of job updated: 5363468
	1270  -  MemoryUsage of job (MB)
	1300192  -  ResidentSetSize of job (KB)
...
006 (113604403.000.000) 2023-04-06 21:46:26 Image size of job updated: 5363468
	1271  -  MemoryUsage of job (MB)
	1300608  -  ResidentSetSize of job (KB)
...
006 (113604403.000.000) 2023-04-06 21:51:27 Image size of job updated: 5377992
	1275  -  MemoryUsage of job (MB)
	1305212  -  ResidentSetSize of job (KB)
...
006 (113604403.000.000) 2023-04-06 21:56:27 Image size of job updated: 5377992
	1275  -  MemoryUsage of job (MB)
	1305348  -  ResidentSetSize of job (KB)
...
006 (113604403.000.000) 2023-04-06 22:11:29 Image size of job updated: 5377992
	1282  -  MemoryUsage of job (MB)
	1312236  -  ResidentSetSize of job (KB)
...
006 (113604403.000.000) 2023-04-06 22:16:29 Image size of job updated: 5377992
	1283  -  MemoryUsage of job (MB)
	1312880  -  ResidentSetSize of job (KB)
...
006 (113604403.000.000) 2023-04-06 22:21:30 Image size of job updated: 5377992
	1284  -  MemoryUsage of job (MB)
	1314656  -  ResidentSetSize of job (KB)
...
006 (113604403.000.000) 2023-04-06 22:26:31 Image size of job updated: 5398108
	1295  -  MemoryUsage of job (MB)
	1325104  -  ResidentSetSize of job (KB)
...
006 (113604403.000.000) 2023-04-06 22:31:31 Image size of job updated: 5398108
	1295  -  MemoryUsage of job (MB)
	1326012  -  ResidentSetSize of job (KB)
...
006 (113604403.000.000) 2023-04-06 22:36:32 Image size of job updated: 5398108
	1297  -  MemoryUsage of job (MB)
	1328072  -  ResidentSetSize of job (KB)
...
006 (113604403.000.000) 2023-04-06 22:41:33 Image size of job updated: 5398108
	1299  -  MemoryUsage of job (MB)
	1329212  -  ResidentSetSize of job (KB)
...
006 (113604403.000.000) 2023-04-06 22:46:33 Image size of job updated: 5398108
	1303  -  MemoryUsage of job (MB)
	1333296  -  ResidentSetSize of job (KB)
...
006 (113604403.000.000) 2023-04-06 22:51:34 Image size of job updated: 5398108
	1304  -  MemoryUsage of job (MB)
	1334576  -  ResidentSetSize of job (KB)
...
006 (113604403.000.000) 2023-04-06 22:56:35 Image size of job updated: 5398108
	1304  -  MemoryUsage of job (MB)
	1335288  -  ResidentSetSize of job (KB)
...
006 (113604403.000.000) 2023-04-06 23:01:35 Image size of job updated: 5398108
	1308  -  MemoryUsage of job (MB)
	1339028  -  ResidentSetSize of job (KB)
...
006 (113604403.000.000) 2023-04-06 23:06:36 Image size of job updated: 5398108
	1309  -  MemoryUsage of job (MB)
	1340232  -  ResidentSetSize of job (KB)
...
006 (113604403.000.000) 2023-04-06 23:11:37 Image size of job updated: 5398108
	1309  -  MemoryUsage of job (MB)
	1340296  -  ResidentSetSize of job (KB)
...
006 (113604403.000.000) 2023-04-06 23:16:37 Image size of job updated: 5398108
	1314  -  MemoryUsage of job (MB)
	1344828  -  ResidentSetSize of job (KB)
...
006 (113604403.000.000) 2023-04-06 23:26:38 Image size of job updated: 5398208
	1342  -  MemoryUsage of job (MB)
	1373792  -  ResidentSetSize of job (KB)
...
006 (113604403.000.000) 2023-04-06 23:31:38 Image size of job updated: 5465428
	1347  -  MemoryUsage of job (MB)
	1378324  -  ResidentSetSize of job (KB)
...
006 (113604403.000.000) 2023-04-06 23:46:40 Image size of job updated: 5465428
	1350  -  MemoryUsage of job (MB)
	1382232  -  ResidentSetSize of job (KB)
...
006 (113604403.000.000) 2023-04-06 23:56:41 Image size of job updated: 5472676
	1351  -  MemoryUsage of job (MB)
	1383400  -  ResidentSetSize of job (KB)
...
006 (113604403.000.000) 2023-04-07 00:01:42 Image size of job updated: 5472676
	1353  -  MemoryUsage of job (MB)
	1384712  -  ResidentSetSize of job (KB)
...
006 (113604403.000.000) 2023-04-07 00:11:43 Image size of job updated: 5476764
	1357  -  MemoryUsage of job (MB)
	1388756  -  ResidentSetSize of job (KB)
...
006 (113604403.000.000) 2023-04-07 00:16:44 Image size of job updated: 5476764
	1357  -  MemoryUsage of job (MB)
	1389256  -  ResidentSetSize of job (KB)
...
006 (113604403.000.000) 2023-04-07 00:21:44 Image size of job updated: 5476764
	1364  -  MemoryUsage of job (MB)
	1396600  -  ResidentSetSize of job (KB)
...
006 (113604403.000.000) 2023-04-07 00:26:45 Image size of job updated: 5476764
	1365  -  MemoryUsage of job (MB)
	1396844  -  ResidentSetSize of job (KB)
...
006 (113604403.000.000) 2023-04-07 00:31:46 Image size of job updated: 5496172
	1368  -  MemoryUsage of job (MB)
	1400532  -  ResidentSetSize of job (KB)
...
006 (113604403.000.000) 2023-04-07 00:36:46 Image size of job updated: 5496172
	1370  -  MemoryUsage of job (MB)
	1402324  -  ResidentSetSize of job (KB)
...
006 (113604403.000.000) 2023-04-07 00:51:47 Image size of job updated: 5496172
	1371  -  MemoryUsage of job (MB)
	1403800  -  ResidentSetSize of job (KB)
...
006 (113604403.000.000) 2023-04-07 00:56:47 Image size of job updated: 5496172
	1373  -  MemoryUsage of job (MB)
	1405188  -  ResidentSetSize of job (KB)
...
006 (113604403.000.000) 2023-04-07 01:01:48 Image size of job updated: 5496172
	1373  -  MemoryUsage of job (MB)
	1405404  -  ResidentSetSize of job (KB)
...
006 (113604403.000.000) 2023-04-07 01:06:48 Image size of job updated: 5496172
	1374  -  MemoryUsage of job (MB)
	1406392  -  ResidentSetSize of job (KB)
...
006 (113604403.000.000) 2023-04-07 01:11:48 Image size of job updated: 5525648
	1396  -  MemoryUsage of job (MB)
	1428540  -  ResidentSetSize of job (KB)
...
006 (113604403.000.000) 2023-04-07 01:16:50 Image size of job updated: 5525648
	1396  -  MemoryUsage of job (MB)
	1428664  -  ResidentSetSize of job (KB)
...
006 (113604403.000.000) 2023-04-07 01:21:50 Image size of job updated: 5525648
	1398  -  MemoryUsage of job (MB)
	1431516  -  ResidentSetSize of job (KB)
...
006 (113604403.000.000) 2023-04-07 01:26:50 Image size of job updated: 5525648
	1402  -  MemoryUsage of job (MB)
	1435640  -  ResidentSetSize of job (KB)
...
006 (113604403.000.000) 2023-04-07 01:31:52 Image size of job updated: 5525648
	1403  -  MemoryUsage of job (MB)
	1435724  -  ResidentSetSize of job (KB)
...
006 (113604403.000.000) 2023-04-07 01:36:52 Image size of job updated: 5525648
	1407  -  MemoryUsage of job (MB)
	1440632  -  ResidentSetSize of job (KB)
...
006 (113604403.000.000) 2023-04-07 01:41:52 Image size of job updated: 5546616
	1409  -  MemoryUsage of job (MB)
	1441944  -  ResidentSetSize of job (KB)
...
006 (113604403.000.000) 2023-04-07 01:46:53 Image size of job updated: 5546616
	1411  -  MemoryUsage of job (MB)
	1444372  -  ResidentSetSize of job (KB)
...
006 (113604403.000.000) 2023-04-07 01:51:54 Image size of job updated: 5551464
	1411  -  MemoryUsage of job (MB)
	1444372  -  ResidentSetSize of job (KB)
...
006 (113604403.000.000) 2023-04-07 01:56:54 Image size of job updated: 5551464
	1413  -  MemoryUsage of job (MB)
	1446228  -  ResidentSetSize of job (KB)
...
006 (113604403.000.000) 2023-04-07 02:01:55 Image size of job updated: 5554616
	1415  -  MemoryUsage of job (MB)
	1448720  -  ResidentSetSize of job (KB)
...
006 (113604403.000.000) 2023-04-07 02:06:56 Image size of job updated: 5554616
	1416  -  MemoryUsage of job (MB)
	1449012  -  ResidentSetSize of job (KB)
...
006 (113604403.000.000) 2023-04-07 02:11:56 Image size of job updated: 5554616
	1423  -  MemoryUsage of job (MB)
	1456912  -  ResidentSetSize of job (KB)
...
006 (113604403.000.000) 2023-04-07 02:21:57 Image size of job updated: 5554616
	1432  -  MemoryUsage of job (MB)
	1465584  -  ResidentSetSize of job (KB)
...
006 (113604403.000.000) 2023-04-07 02:26:57 Image size of job updated: 5554616
	1436  -  MemoryUsage of job (MB)
	1469708  -  ResidentSetSize of job (KB)
...
006 (113604403.000.000) 2023-04-07 02:36:58 Image size of job updated: 5589276
	1440  -  MemoryUsage of job (MB)
	1473676  -  ResidentSetSize of job (KB)
...
006 (113604403.000.000) 2023-04-07 02:41:59 Image size of job updated: 5589276
	1442  -  MemoryUsage of job (MB)
	1475724  -  ResidentSetSize of job (KB)
...
006 (113604403.000.000) 2023-04-07 02:46:59 Image size of job updated: 5595572
	1446  -  MemoryUsage of job (MB)
	1479800  -  ResidentSetSize of job (KB)
...
006 (113604403.000.000) 2023-04-07 02:57:01 Image size of job updated: 5595572
	1448  -  MemoryUsage of job (MB)
	1481848  -  ResidentSetSize of job (KB)
...
006 (113604403.000.000) 2023-04-07 03:02:01 Image size of job updated: 5601516
	1451  -  MemoryUsage of job (MB)
	1485624  -  ResidentSetSize of job (KB)
...
006 (113604403.000.000) 2023-04-07 03:07:02 Image size of job updated: 5601516
	1452  -  MemoryUsage of job (MB)
	1485876  -  ResidentSetSize of job (KB)
...
006 (113604403.000.000) 2023-04-07 03:12:03 Image size of job updated: 5601516
	1454  -  MemoryUsage of job (MB)
	1488768  -  ResidentSetSize of job (KB)
...
006 (113604403.000.000) 2023-04-07 03:17:03 Image size of job updated: 5601516
	1463  -  MemoryUsage of job (MB)
	1498040  -  ResidentSetSize of job (KB)
...
006 (113604403.000.000) 2023-04-07 03:27:04 Image size of job updated: 5630012
	1468  -  MemoryUsage of job (MB)
	1502228  -  ResidentSetSize of job (KB)
...
006 (113604403.000.000) 2023-04-07 03:32:04 Image size of job updated: 5630012
	1469  -  MemoryUsage of job (MB)
	1503348  -  ResidentSetSize of job (KB)
...
006 (113604403.000.000) 2023-04-07 03:37:04 Image size of job updated: 5630012
	1473  -  MemoryUsage of job (MB)
	1507756  -  ResidentSetSize of job (KB)
...
006 (113604403.000.000) 2023-04-07 03:42:05 Image size of job updated: 5630012
	1476  -  MemoryUsage of job (MB)
	1510604  -  ResidentSetSize of job (KB)
...
006 (113604403.000.000) 2023-04-07 04:02:08 Image size of job updated: 5646052
	1480  -  MemoryUsage of job (MB)
	1515484  -  ResidentSetSize of job (KB)
...
006 (113604403.000.000) 2023-04-07 04:07:08 Image size of job updated: 5646052
	1481  -  MemoryUsage of job (MB)
	1515860  -  ResidentSetSize of job (KB)
...
006 (113604403.000.000) 2023-04-07 04:12:09 Image size of job updated: 5649468
	1486  -  MemoryUsage of job (MB)
	1520860  -  ResidentSetSize of job (KB)
...
006 (113604403.000.000) 2023-04-07 04:22:10 Image size of job updated: 5649468
	1487  -  MemoryUsage of job (MB)
	1522504  -  ResidentSetSize of job (KB)
...
006 (113604403.000.000) 2023-04-07 04:27:11 Image size of job updated: 5656376
	1487  -  MemoryUsage of job (MB)
	1522504  -  ResidentSetSize of job (KB)
...
006 (113604403.000.000) 2023-04-07 04:42:12 Image size of job updated: 5660064
	1496  -  MemoryUsage of job (MB)
	1531088  -  ResidentSetSize of job (KB)
...
006 (113604403.000.000) 2023-04-07 04:47:13 Image size of job updated: 5660064
	1496  -  MemoryUsage of job (MB)
	1531212  -  ResidentSetSize of job (KB)
...
006 (113604403.000.000) 2023-04-07 04:52:13 Image size of job updated: 5662096
	1498  -  MemoryUsage of job (MB)
	1533800  -  ResidentSetSize of job (KB)
...
006 (113604403.000.000) 2023-04-07 04:57:13 Image size of job updated: 5662096
	1498  -  MemoryUsage of job (MB)
	1533924  -  ResidentSetSize of job (KB)
...
006 (113604403.000.000) 2023-04-07 05:02:14 Image size of job updated: 5682140
	1498  -  MemoryUsage of job (MB)
	1533924  -  ResidentSetSize of job (KB)
...
006 (113604403.000.000) 2023-04-07 05:32:17 Image size of job updated: 5700036
	1523  -  MemoryUsage of job (MB)
	1559296  -  ResidentSetSize of job (KB)
...
006 (113604403.000.000) 2023-04-07 05:37:18 Image size of job updated: 5700036
	1524  -  MemoryUsage of job (MB)
	1560388  -  ResidentSetSize of job (KB)
...
006 (113604403.000.000) 2023-04-07 05:47:18 Image size of job updated: 5700036
	1525  -  MemoryUsage of job (MB)
	1560992  -  ResidentSetSize of job (KB)
...
006 (113604403.000.000) 2023-04-07 05:52:19 Image size of job updated: 5700036
	1526  -  MemoryUsage of job (MB)
	1562436  -  ResidentSetSize of job (KB)
...
006 (113604403.000.000) 2023-04-07 05:57:19 Image size of job updated: 5700036
	1542  -  MemoryUsage of job (MB)
	1578520  -  ResidentSetSize of job (KB)
...
006 (113604403.000.000) 2023-04-07 06:02:19 Image size of job updated: 5700036
	1556  -  MemoryUsage of job (MB)
	1592704  -  ResidentSetSize of job (KB)
...
006 (113604403.000.000) 2023-04-07 06:07:20 Image size of job updated: 5737460
	1559  -  MemoryUsage of job (MB)
	1595764  -  ResidentSetSize of job (KB)
...
006 (113604403.000.000) 2023-04-07 06:12:20 Image size of job updated: 5737460
	1561  -  MemoryUsage of job (MB)
	1597556  -  ResidentSetSize of job (KB)
...
006 (113604403.000.000) 2023-04-07 06:22:21 Image size of job updated: 5743484
	1565  -  MemoryUsage of job (MB)
	1602152  -  ResidentSetSize of job (KB)
...
006 (113604403.000.000) 2023-04-07 06:32:22 Image size of job updated: 5746500
	1568  -  MemoryUsage of job (MB)
	1605264  -  ResidentSetSize of job (KB)
...
006 (113604403.000.000) 2023-04-07 06:42:24 Image size of job updated: 5746500
	1569  -  MemoryUsage of job (MB)
	1605900  -  ResidentSetSize of job (KB)
...
006 (113604403.000.000) 2023-04-07 06:52:25 Image size of job updated: 5751772
	1574  -  MemoryUsage of job (MB)
	1611596  -  ResidentSetSize of job (KB)
...
006 (113604403.000.000) 2023-04-07 06:57:26 Image size of job updated: 5751772
	1586  -  MemoryUsage of job (MB)
	1623780  -  ResidentSetSize of job (KB)
...
006 (113604403.000.000) 2023-04-07 07:07:26 Image size of job updated: 5751772
	1600  -  MemoryUsage of job (MB)
	1638276  -  ResidentSetSize of job (KB)
...
006 (113604403.000.000) 2023-04-07 07:12:27 Image size of job updated: 5751772
	1604  -  MemoryUsage of job (MB)
	1642332  -  ResidentSetSize of job (KB)
...
006 (113604403.000.000) 2023-04-07 07:27:28 Image size of job updated: 5751772
	1608  -  MemoryUsage of job (MB)
	1645824  -  ResidentSetSize of job (KB)
...
006 (113604403.000.000) 2023-04-07 07:37:28 Image size of job updated: 5804800
	1610  -  MemoryUsage of job (MB)
	1648280  -  ResidentSetSize of job (KB)
...
006 (113604403.000.000) 2023-04-07 07:52:30 Image size of job updated: 5804800
	1613  -  MemoryUsage of job (MB)
	1651204  -  ResidentSetSize of job (KB)
...
006 (113604403.000.000) 2023-04-07 08:02:32 Image size of job updated: 5804800
	1615  -  MemoryUsage of job (MB)
	1653252  -  ResidentSetSize of job (KB)
...
006 (113604403.000.000) 2023-04-07 08:07:32 Image size of job updated: 5804800
	1627  -  MemoryUsage of job (MB)
	1665764  -  ResidentSetSize of job (KB)
...
006 (113604403.000.000) 2023-04-07 08:12:32 Image size of job updated: 5804800
	1633  -  MemoryUsage of job (MB)
	1671656  -  ResidentSetSize of job (KB)
...
006 (113604403.000.000) 2023-04-07 08:17:33 Image size of job updated: 5804800
	1633  -  MemoryUsage of job (MB)
	1672116  -  ResidentSetSize of job (KB)
...
006 (113604403.000.000) 2023-04-07 08:22:33 Image size of job updated: 5804800
	1635  -  MemoryUsage of job (MB)
	1673612  -  ResidentSetSize of job (KB)
...
006 (113604403.000.000) 2023-04-07 08:47:35 Image size of job updated: 5804800
	1641  -  MemoryUsage of job (MB)
	1679772  -  ResidentSetSize of job (KB)
...
006 (113604403.000.000) 2023-04-07 09:02:36 Image size of job updated: 5804800
	1642  -  MemoryUsage of job (MB)
	1681344  -  ResidentSetSize of job (KB)
...
006 (113604403.000.000) 2023-04-07 09:07:37 Image size of job updated: 5804800
	1788  -  MemoryUsage of job (MB)
	1829964  -  ResidentSetSize of job (KB)
...
006 (113604403.000.000) 2023-04-07 09:12:37 Image size of job updated: 5851280
	1788  -  MemoryUsage of job (MB)
	1829964  -  ResidentSetSize of job (KB)
...
006 (113604403.000.000) 2023-04-07 10:07:43 Image size of job updated: 5895176
	1788  -  MemoryUsage of job (MB)
	1829964  -  ResidentSetSize of job (KB)
...
006 (113604403.000.000) 2023-04-07 11:12:52 Image size of job updated: 5897860
	1788  -  MemoryUsage of job (MB)
	1829964  -  ResidentSetSize of job (KB)
...
006 (113604403.000.000) 2023-04-07 11:37:55 Image size of job updated: 5900868
	1788  -  MemoryUsage of job (MB)
	1829964  -  ResidentSetSize of job (KB)
...
006 (113604403.000.000) 2023-04-07 12:53:03 Image size of job updated: 5915480
	1788  -  MemoryUsage of job (MB)
	1829964  -  ResidentSetSize of job (KB)
...
006 (113604403.000.000) 2023-04-07 15:08:16 Image size of job updated: 5935772
	1788  -  MemoryUsage of job (MB)
	1829964  -  ResidentSetSize of job (KB)
...
006 (113604403.000.000) 2023-04-07 15:58:23 Image size of job updated: 5943352
	1788  -  MemoryUsage of job (MB)
	1829964  -  ResidentSetSize of job (KB)
...
006 (113604403.000.000) 2023-04-07 16:18:25 Image size of job updated: 5971144
	1788  -  MemoryUsage of job (MB)
	1829964  -  ResidentSetSize of job (KB)
...
006 (113604403.000.000) 2023-04-07 16:43:27 Image size of job updated: 5976424
	1788  -  MemoryUsage of job (MB)
	1829964  -  ResidentSetSize of job (KB)
...
004 (113604403.000.000) 2023-04-07 16:56:38 Job was evicted.
	(0) CPU times
		Usr 3 19:51:55, Sys 0 00:06:47  -  Run Remote Usage
		Usr 0 00:00:00, Sys 0 00:00:00  -  Run Local Usage
	0  -  Run Bytes Sent By Job
	366  -  Run Bytes Received By Job
	Partitionable Resources :    Usage  Request Allocated 
	   Cpus                 :     1.00        1         1 
	   Disk (KB)            :  4235      500000    624256 
	   GPUs                 :                           0 
	   Memory (MB)          :  1788       20000     20096 
...
040 (113604403.000.000) 2023-04-07 16:58:36 Started transferring input files
	Transferring to host: <10.14.9.75:9618?addrs=10.14.9.75-9618&alias=node2075.cluster.ldas.cit&noUDP&sock=slot1_1_1472841_794e_10029>
...
040 (113604403.000.000) 2023-04-07 16:58:36 Finished transferring input files
...
001 (113604403.000.000) 2023-04-07 16:58:37 Job executing on host: <10.14.9.75:9618?addrs=10.14.9.75-9618&alias=node2075.cluster.ldas.cit&noUDP&sock=startd_1472802_3f80>
...
004 (113604403.000.000) 2023-04-08 17:13:31 Job was evicted.
	(0) CPU times
		Usr 4 01:59:56, Sys 0 00:06:14  -  Run Remote Usage
		Usr 0 00:00:00, Sys 0 00:00:00  -  Run Local Usage
	0  -  Run Bytes Sent By Job
	366  -  Run Bytes Received By Job
	Partitionable Resources :    Usage  Request Allocated 
	   Cpus                 :     2.03        1         1 
	   Disk (KB)            :  3061      500000    609620 
	   GPUs                 :                           0 
	   Memory (MB)          :  1954       20000     20096 
...
040 (113604403.000.000) 2023-04-08 17:18:34 Started transferring input files
	Transferring to host: <10.14.9.68:9618?addrs=10.14.9.68-9618&alias=node2068.cluster.ldas.cit&noUDP&sock=slot1_15_2089030_5e0f_11647>
...
040 (113604403.000.000) 2023-04-08 17:18:34 Finished transferring input files
...
001 (113604403.000.000) 2023-04-08 17:18:35 Job executing on host: <10.14.9.68:9618?addrs=10.14.9.68-9618&alias=node2068.cluster.ldas.cit&noUDP&sock=startd_2088992_55e8>
...
004 (113604403.000.000) 2023-04-09 17:20:18 Job was evicted.
	(0) CPU times
		Usr 2 22:22:31, Sys 0 00:09:07  -  Run Remote Usage
		Usr 0 00:00:00, Sys 0 00:00:00  -  Run Local Usage
	0  -  Run Bytes Sent By Job
	366  -  Run Bytes Received By Job
	Partitionable Resources :    Usage  Request Allocated 
	   Cpus                 :     7.04        1         1 
	   Disk (KB)            :  2842      500000    609620 
	   GPUs                 :                           0 
	   Memory (MB)          :  1954       20000     20096 
...
040 (113604403.000.000) 2023-04-09 17:23:20 Started transferring input files
	Transferring to host: <10.14.10.118:9618?addrs=10.14.10.118-9618&alias=node2368.cluster.ldas.cit&noUDP&sock=slot1_10_881045_a7cc_6379>
...
040 (113604403.000.000) 2023-04-09 17:23:20 Finished transferring input files
...
001 (113604403.000.000) 2023-04-09 17:23:21 Job executing on host: <10.14.10.118:9618?addrs=10.14.10.118-9618&alias=node2368.cluster.ldas.cit&noUDP&sock=startd_881003_5b98>
...
006 (113604403.000.000) 2023-04-10 07:24:57 Image size of job updated: 7500000
	2010  -  MemoryUsage of job (MB)
	2057956  -  ResidentSetSize of job (KB)
...
006 (113604403.000.000) 2023-04-10 17:15:58 Image size of job updated: 7500000
	2058  -  MemoryUsage of job (MB)
	2106980  -  ResidentSetSize of job (KB)
...
006 (113604403.000.000) 2023-04-10 17:46:01 Image size of job updated: 7500000
	2061  -  MemoryUsage of job (MB)
	2109712  -  ResidentSetSize of job (KB)
...
004 (113604403.000.000) 2023-04-10 18:15:53 Job was evicted.
	(0) CPU times
		Usr 6 07:58:25, Sys 0 00:03:32  -  Run Remote Usage
		Usr 0 00:00:00, Sys 0 00:00:00  -  Run Local Usage
	0  -  Run Bytes Sent By Job
	366  -  Run Bytes Received By Job
	Partitionable Resources :    Usage  Request Allocated 
	   Cpus                 :     7.93        1         1 
	   Disk (KB)            :  3133      500000    624256 
	   GPUs                 :                           0 
	   Memory (MB)          :  2061       20000     20096 
...
040 (113604403.000.000) 2023-04-10 18:17:10 Started transferring input files
	Transferring to host: <10.14.4.48:9618?addrs=10.14.4.48-9618&alias=node798.cluster.ldas.cit&noUDP&sock=slot1_8_1918169_560b_30941>
...
040 (113604403.000.000) 2023-04-10 18:17:10 Finished transferring input files
...
001 (113604403.000.000) 2023-04-10 18:17:11 Job executing on host: <10.14.4.48:9618?addrs=10.14.4.48-9618&alias=node798.cluster.ldas.cit&noUDP&sock=startd_3064_3a45>
...
004 (113604403.000.000) 2023-04-11 19:32:32 Job was evicted.
	(0) CPU times
		Usr 3 16:00:24, Sys 0 00:05:11  -  Run Remote Usage
		Usr 0 00:00:00, Sys 0 00:00:00  -  Run Local Usage
	0  -  Run Bytes Sent By Job
	366  -  Run Bytes Received By Job
	Partitionable Resources :    Usage  Request Allocated 
	   Cpus                 :     4.29        1         1 
	   Disk (KB)            :  2810      500000    624256 
	   GPUs                 :                           0 
	   Memory (MB)          :  2198       20000     20096 
...
040 (113604403.000.000) 2023-04-11 20:18:12 Started transferring input files
	Transferring to host: <10.14.10.53:9618?addrs=10.14.10.53-9618&alias=node2303.cluster.ldas.cit&noUDP&sock=slot1_15_105090_296b_11630>
...
040 (113604403.000.000) 2023-04-11 20:18:12 Finished transferring input files
...
001 (113604403.000.000) 2023-04-11 20:18:13 Job executing on host: <10.14.10.53:9618?addrs=10.14.10.53-9618&alias=node2303.cluster.ldas.cit&noUDP&sock=startd_105047_1542>
...
004 (113604403.000.000) 2023-04-12 20:22:53 Job was evicted.
	(0) CPU times
		Usr 6 07:17:50, Sys 0 00:10:33  -  Run Remote Usage
		Usr 0 00:00:00, Sys 0 00:00:00  -  Run Local Usage
	0  -  Run Bytes Sent By Job
	366  -  Run Bytes Received By Job
	Partitionable Resources :    Usage  Request Allocated 
	   Cpus                 :     7.82        1         1 
	   Disk (KB)            :  2965      500000    624256 
	   GPUs                 :                           0 
	   Memory (MB)          :  2198       20000     20096 
...
040 (113604403.000.000) 2023-04-12 20:23:07 Started transferring input files
	Transferring to host: <10.14.4.73:9618?addrs=10.14.4.73-9618&alias=node823.cluster.ldas.cit&noUDP&sock=slot1_1_2268645_6237_5776>
...
040 (113604403.000.000) 2023-04-12 20:23:07 Finished transferring input files
...
001 (113604403.000.000) 2023-04-12 20:23:08 Job executing on host: <10.14.4.73:9618?addrs=10.14.4.73-9618&alias=node823.cluster.ldas.cit&noUDP&sock=startd_2268602_db33>
...
004 (113604403.000.000) 2023-04-13 20:44:48 Job was evicted.
	(0) CPU times
		Usr 5 20:17:33, Sys 0 00:08:59  -  Run Remote Usage
		Usr 0 00:00:00, Sys 0 00:00:00  -  Run Local Usage
	0  -  Run Bytes Sent By Job
	366  -  Run Bytes Received By Job
	Partitionable Resources :    Usage  Request Allocated 
	   Cpus                 :     7.95        1         1 
	   Disk (KB)            :  2850      500000    624256 
	   GPUs                 :                           0 
	   Memory (MB)          :  2198       20000     20096 
...
040 (113604403.000.000) 2023-04-13 20:44:58 Entered queue to transfer input files
	Transferring to host: <10.14.4.62:9618?addrs=10.14.4.62-9618&alias=node812.cluster.ldas.cit&noUDP&sock=slot1_5_2193110_2497_6149>
...
040 (113604403.000.000) 2023-04-13 20:45:03 Started transferring input files
	Seconds spent in queue: 5
...
040 (113604403.000.000) 2023-04-13 20:45:03 Finished transferring input files
...
001 (113604403.000.000) 2023-04-13 20:45:04 Job executing on host: <10.14.4.62:9618?addrs=10.14.4.62-9618&alias=node812.cluster.ldas.cit&noUDP&sock=startd_2193067_2105>
...
004 (113604403.000.000) 2023-04-14 20:47:22 Job was evicted.
	(0) CPU times
		Usr 4 18:53:02, Sys 0 00:03:17  -  Run Remote Usage
		Usr 0 00:00:00, Sys 0 00:00:00  -  Run Local Usage
	0  -  Run Bytes Sent By Job
	366  -  Run Bytes Received By Job
	Partitionable Resources :    Usage  Request Allocated 
	   Cpus                 :     7.67        1         1 
	   Disk (KB)            :  2816      500000    624248 
	   GPUs                 :                           0 
	   Memory (MB)          :  2198       20000     20000 
...
040 (113604403.000.000) 2023-04-14 20:49:07 Started transferring input files
	Seconds spent in queue: 86649
...
040 (113604403.000.000) 2023-04-14 20:49:07 Finished transferring input files
...
001 (113604403.000.000) 2023-04-14 20:49:08 Job executing on host: <10.14.9.157:9618?addrs=10.14.9.157-9618&alias=node2157.cluster.ldas.cit&noUDP&sock=startd_48149_c9a1>
...
004 (113604403.000.000) 2023-04-15 22:56:39 Job was evicted.
	(0) CPU times
		Usr 7 02:18:34, Sys 0 00:10:36  -  Run Remote Usage
		Usr 0 00:00:00, Sys 0 00:00:00  -  Run Local Usage
	0  -  Run Bytes Sent By Job
	366  -  Run Bytes Received By Job
	Partitionable Resources :    Usage  Request Allocated 
	   Cpus                 :     7.44        1         1 
	   Disk (KB)            :  2846      500000    609620 
	   GPUs                 :                           0 
	   Memory (MB)          :  2198       20000     20096 
...
040 (113604403.000.000) 2023-04-15 23:01:09 Started transferring input files
	Seconds spent in queue: 180971
...
040 (113604403.000.000) 2023-04-15 23:01:09 Finished transferring input files
...
001 (113604403.000.000) 2023-04-15 23:01:10 Job executing on host: <10.14.4.39:9618?addrs=10.14.4.39-9618&alias=node789.cluster.ldas.cit&noUDP&sock=startd_271615_e062>
...
006 (113604403.000.000) 2023-04-16 16:57:58 Image size of job updated: 7500000
	2225  -  MemoryUsage of job (MB)
	2277424  -  ResidentSetSize of job (KB)
...
004 (113604403.000.000) 2023-04-16 23:10:04 Job was evicted.
	(0) CPU times
		Usr 4 10:20:09, Sys 0 00:07:29  -  Run Remote Usage
		Usr 0 00:00:00, Sys 0 00:00:00  -  Run Local Usage
	0  -  Run Bytes Sent By Job
	366  -  Run Bytes Received By Job
	Partitionable Resources :    Usage  Request Allocated 
	   Cpus                 :     1.00        1         1 
	   Disk (KB)            :  2799      500000    624256 
	   GPUs                 :                           0 
	   Memory (MB)          :  2225       20000     20096 
...
040 (113604403.000.000) 2023-04-16 23:31:41 Started transferring input files
	Seconds spent in queue: 269203
...
040 (113604403.000.000) 2023-04-16 23:31:41 Finished transferring input files
...
001 (113604403.000.000) 2023-04-16 23:31:42 Job executing on host: <10.14.4.38:9618?addrs=10.14.4.38-9618&alias=node788.cluster.ldas.cit&noUDP&sock=startd_250850_d04c>
...
004 (113604403.000.000) 2023-04-17 23:31:59 Job was evicted.
	(0) CPU times
		Usr 3 16:39:52, Sys 0 00:06:54  -  Run Remote Usage
		Usr 0 00:00:00, Sys 0 00:00:00  -  Run Local Usage
	0  -  Run Bytes Sent By Job
	366  -  Run Bytes Received By Job
	Partitionable Resources :    Usage  Request Allocated 
	   Cpus                 :     6.01        1         1 
	   Disk (KB)            :  2785      500000    624256 
	   GPUs                 :                           0 
	   Memory (MB)          :  2442       20000     20096 
...
040 (113604403.000.000) 2023-04-18 00:31:12 Started transferring input files
	Seconds spent in queue: 359174
...
040 (113604403.000.000) 2023-04-18 00:31:12 Finished transferring input files
...
001 (113604403.000.000) 2023-04-18 00:31:13 Job executing on host: <10.14.10.100:9618?addrs=10.14.10.100-9618&alias=node2350.cluster.ldas.cit&noUDP&sock=startd_3723557_f7e1>
...
004 (113604403.000.000) 2023-04-18 09:20:09 Job was evicted.
	(0) CPU times
		Usr 2 06:05:44, Sys 0 00:01:12  -  Run Remote Usage
		Usr 0 00:00:00, Sys 0 00:00:00  -  Run Local Usage
	0  -  Run Bytes Sent By Job
	366  -  Run Bytes Received By Job
	Partitionable Resources :    Usage  Request Allocated 
	   Cpus                 :     7.93        1         1 
	   Disk (KB)            :  2779      500000    624256 
	   GPUs                 :                           0 
	   Memory (MB)          :  2442       20000     20096 
...
040 (113604403.000.000) 2023-04-18 09:35:44 Started transferring input files
	Seconds spent in queue: 391846
...
040 (113604403.000.000) 2023-04-18 09:35:45 Finished transferring input files
...
001 (113604403.000.000) 2023-04-18 09:35:45 Job executing on host: <10.14.4.10:9618?addrs=10.14.4.10-9618&alias=node760.cluster.ldas.cit&noUDP&sock=startd_82612_8a02>
...
022 (113604403.000.000) 2023-04-18 09:56:15 Job disconnected, attempting to reconnect
    Local schedd and job shadow died, schedd now running again
    Trying to reconnect to slot1_16@node760.cluster.ldas.cit <10.14.4.10:9618?addrs=10.14.4.10-9618&alias=node760.cluster.ldas.cit&noUDP&sock=startd_82612_8a02>
...
023 (113604403.000.000) 2023-04-18 09:56:19 Job reconnected to slot1_16@node760.cluster.ldas.cit
    startd address: <10.14.4.10:9618?addrs=10.14.4.10-9618&alias=node760.cluster.ldas.cit&noUDP&sock=startd_82612_8a02>
    starter address: <10.14.4.10:9618?addrs=10.14.4.10-9618&alias=node760.cluster.ldas.cit&noUDP&sock=slot1_16_453294_613a_50>
...
004 (113604403.000.000) 2023-04-19 09:43:22 Job was evicted.
	(0) CPU times
		Usr 3 19:47:27, Sys 0 00:09:11  -  Run Remote Usage
		Usr 0 00:00:00, Sys 0 00:00:00  -  Run Local Usage
	0  -  Run Bytes Sent By Job
	0  -  Run Bytes Received By Job
	Partitionable Resources :    Usage  Request Allocated 
	   Cpus                 :     0.99        1         1 
	   Disk (KB)            :  2757      500000    609620 
	   Memory (MB)          :  2442       20000     20096 
...
040 (113604403.000.000) 2023-04-19 09:44:43 Started transferring input files
	Seconds spent in queue: 478785
...
040 (113604403.000.000) 2023-04-19 09:44:43 Finished transferring input files
...
001 (113604403.000.000) 2023-04-19 09:44:44 Job executing on host: <10.14.9.130:9618?addrs=10.14.9.130-9618&alias=node2130.cluster.ldas.cit&noUDP&sock=startd_3618_39bd>
...
004 (113604403.000.000) 2023-04-20 10:04:51 Job was evicted.
	(0) CPU times
		Usr 3 14:10:56, Sys 0 00:09:09  -  Run Remote Usage
		Usr 0 00:00:00, Sys 0 00:00:00  -  Run Local Usage
	0  -  Run Bytes Sent By Job
	366  -  Run Bytes Received By Job
	Partitionable Resources :    Usage  Request Allocated 
	   Cpus                 :     0.99        1         1 
	   Disk (KB)            :  2780      500000    609620 
	   GPUs                 :                           0 
	   Memory (MB)          :  2442       20000     20096 
...
040 (113604403.000.000) 2023-04-20 10:06:55 Started transferring input files
	Seconds spent in queue: 566517
...
040 (113604403.000.000) 2023-04-20 10:06:55 Finished transferring input files
...
001 (113604403.000.000) 2023-04-20 10:06:56 Job executing on host: <10.14.4.49:9618?addrs=10.14.4.49-9618&alias=node799.cluster.ldas.cit&noUDP&sock=startd_1768978_5965>
...
004 (113604403.000.000) 2023-04-21 10:33:46 Job was evicted.
	(0) CPU times
		Usr 2 11:41:12, Sys 0 00:03:44  -  Run Remote Usage
		Usr 0 00:00:00, Sys 0 00:00:00  -  Run Local Usage
	0  -  Run Bytes Sent By Job
	366  -  Run Bytes Received By Job
	Partitionable Resources :    Usage  Request Allocated 
	   Cpus                 :     0.99        1         1 
	   Disk (KB)            :  2762      500000    624256 
	   GPUs                 :                           0 
	   Memory (MB)          :  2442       20000     20096 
...
040 (113604403.000.000) 2023-04-21 10:37:04 Started transferring input files
	Seconds spent in queue: 654726
...
040 (113604403.000.000) 2023-04-21 10:37:04 Finished transferring input files
...
001 (113604403.000.000) 2023-04-21 10:37:05 Job executing on host: <10.14.9.84:9618?addrs=10.14.9.84-9618&alias=node2084.cluster.ldas.cit&noUDP&sock=startd_3392_3555>
...
