000 (113449735.000.000) 2023-03-29 17:01:32 Job submitted from host: <10.14.0.160:9618?addrs=10.14.0.160-9618&alias=ldas-pcdev2.ligo.caltech.edu&noUDP&sock=schedd_7450_a8a7>
    DAG Node: 362
...
040 (113449735.000.000) 2023-03-29 17:37:56 Started transferring input files
	Transferring to host: <10.14.9.194:9618?addrs=10.14.9.194-9618&alias=node2194.cluster.ldas.cit&noUDP&sock=slot1_2_189911_3ac4_88793>
...
040 (113449735.000.000) 2023-03-29 17:37:56 Finished transferring input files
...
001 (113449735.000.000) 2023-03-29 17:37:57 Job executing on host: <10.14.9.194:9618?addrs=10.14.9.194-9618&alias=node2194.cluster.ldas.cit&noUDP&sock=startd_189641_87e3>
...
006 (113449735.000.000) 2023-03-29 17:37:57 Image size of job updated: 1
	0  -  MemoryUsage of job (MB)
	0  -  ResidentSetSize of job (KB)
...
040 (113449735.000.000) 2023-03-29 17:37:57 Started transferring output files
...
040 (113449735.000.000) 2023-03-29 17:37:57 Finished transferring output files
...
005 (113449735.000.000) 2023-03-29 17:37:57 Job terminated.
	(1) Normal termination (return value 127)
		Usr 0 00:00:00, Sys 0 00:00:00  -  Run Remote Usage
		Usr 0 00:00:00, Sys 0 00:00:00  -  Run Local Usage
		Usr 0 00:00:00, Sys 0 00:00:00  -  Total Remote Usage
		Usr 0 00:00:00, Sys 0 00:00:00  -  Total Local Usage
	407  -  Run Bytes Sent By Job
	366  -  Run Bytes Received By Job
	407  -  Total Bytes Sent By Job
	366  -  Total Bytes Received By Job
	Partitionable Resources :    Usage  Request Allocated 
	   Cpus                 :                 1         1 
	   Disk (KB)            :       14   500000    561711 
	   GPUs                 :                           0 
	   Memory (MB)          :        0    20000     20096 

	Job terminated of its own accord at 2023-03-30T00:37:57Z with exit-code 127.
...
000 (113484846.000.000) 2023-04-01 14:23:48 Job submitted from host: <10.14.0.160:9618?addrs=10.14.0.160-9618&alias=ldas-pcdev2.ligo.caltech.edu&noUDP&sock=schedd_7450_a8a7>
    DAG Node: 362
...
040 (113484846.000.000) 2023-04-01 14:28:02 Started transferring input files
	Transferring to host: <10.14.9.194:9618?addrs=10.14.9.194-9618&alias=node2194.cluster.ldas.cit&noUDP&sock=slot1_2_189911_3ac4_109046>
...
040 (113484846.000.000) 2023-04-01 14:28:02 Finished transferring input files
...
001 (113484846.000.000) 2023-04-01 14:28:03 Job executing on host: <10.14.9.194:9618?addrs=10.14.9.194-9618&alias=node2194.cluster.ldas.cit&noUDP&sock=startd_189641_87e3>
...
006 (113484846.000.000) 2023-04-01 14:28:03 Image size of job updated: 1
	0  -  MemoryUsage of job (MB)
	0  -  ResidentSetSize of job (KB)
...
040 (113484846.000.000) 2023-04-01 14:28:03 Started transferring output files
...
040 (113484846.000.000) 2023-04-01 14:28:03 Finished transferring output files
...
005 (113484846.000.000) 2023-04-01 14:28:03 Job terminated.
	(1) Normal termination (return value 127)
		Usr 0 00:00:00, Sys 0 00:00:00  -  Run Remote Usage
		Usr 0 00:00:00, Sys 0 00:00:00  -  Run Local Usage
		Usr 0 00:00:00, Sys 0 00:00:00  -  Total Remote Usage
		Usr 0 00:00:00, Sys 0 00:00:00  -  Total Local Usage
	411  -  Run Bytes Sent By Job
	366  -  Run Bytes Received By Job
	411  -  Total Bytes Sent By Job
	366  -  Total Bytes Received By Job
	Partitionable Resources :    Usage  Request Allocated 
	   Cpus                 :                 1         1 
	   Disk (KB)            :       14   500000    561711 
	   GPUs                 :                           0 
	   Memory (MB)          :        0    20000     20096 

	Job terminated of its own accord at 2023-04-01T21:28:03Z with exit-code 127.
...
000 (113485050.000.000) 2023-04-01 14:53:02 Job submitted from host: <10.14.0.160:9618?addrs=10.14.0.160-9618&alias=ldas-pcdev2.ligo.caltech.edu&noUDP&sock=schedd_7450_a8a7>
    DAG Node: 362
...
040 (113485050.000.000) 2023-04-01 14:58:39 Started transferring input files
	Transferring to host: <10.14.9.120:9618?addrs=10.14.9.120-9618&alias=node2120.cluster.ldas.cit&noUDP&sock=slot1_14_3199755_9c5e_7136>
...
040 (113485050.000.000) 2023-04-01 14:58:39 Finished transferring input files
...
001 (113485050.000.000) 2023-04-01 14:58:40 Job executing on host: <10.14.9.120:9618?addrs=10.14.9.120-9618&alias=node2120.cluster.ldas.cit&noUDP&sock=startd_3199606_29a4>
...
006 (113485050.000.000) 2023-04-01 14:58:49 Image size of job updated: 245948
	190  -  MemoryUsage of job (MB)
	194448  -  ResidentSetSize of job (KB)
...
006 (113485050.000.000) 2023-04-01 15:03:50 Image size of job updated: 4953368
	192  -  MemoryUsage of job (MB)
	196464  -  ResidentSetSize of job (KB)
...
006 (113485050.000.000) 2023-04-01 15:08:51 Image size of job updated: 4953368
	193  -  MemoryUsage of job (MB)
	197436  -  ResidentSetSize of job (KB)
...
006 (113485050.000.000) 2023-04-01 15:13:51 Image size of job updated: 4953368
	372  -  MemoryUsage of job (MB)
	380876  -  ResidentSetSize of job (KB)
...
006 (113485050.000.000) 2023-04-01 15:18:52 Image size of job updated: 4953368
	377  -  MemoryUsage of job (MB)
	385604  -  ResidentSetSize of job (KB)
...
006 (113485050.000.000) 2023-04-01 15:23:53 Image size of job updated: 4953368
	489  -  MemoryUsage of job (MB)
	500220  -  ResidentSetSize of job (KB)
...
006 (113485050.000.000) 2023-04-01 15:28:53 Image size of job updated: 4953368
	490  -  MemoryUsage of job (MB)
	501372  -  ResidentSetSize of job (KB)
...
006 (113485050.000.000) 2023-04-01 15:33:53 Image size of job updated: 4953368
	516  -  MemoryUsage of job (MB)
	527980  -  ResidentSetSize of job (KB)
...
006 (113485050.000.000) 2023-04-01 15:38:54 Image size of job updated: 4953368
	519  -  MemoryUsage of job (MB)
	530704  -  ResidentSetSize of job (KB)
...
006 (113485050.000.000) 2023-04-01 15:43:54 Image size of job updated: 4953368
	546  -  MemoryUsage of job (MB)
	558268  -  ResidentSetSize of job (KB)
...
006 (113485050.000.000) 2023-04-01 15:48:54 Image size of job updated: 4953368
	547  -  MemoryUsage of job (MB)
	559752  -  ResidentSetSize of job (KB)
...
006 (113485050.000.000) 2023-04-01 15:53:55 Image size of job updated: 4953368
	587  -  MemoryUsage of job (MB)
	600388  -  ResidentSetSize of job (KB)
...
006 (113485050.000.000) 2023-04-01 16:03:56 Image size of job updated: 4953368
	587  -  MemoryUsage of job (MB)
	600428  -  ResidentSetSize of job (KB)
...
006 (113485050.000.000) 2023-04-01 16:08:57 Image size of job updated: 4953368
	596  -  MemoryUsage of job (MB)
	610236  -  ResidentSetSize of job (KB)
...
006 (113485050.000.000) 2023-04-01 16:13:58 Image size of job updated: 4953368
	611  -  MemoryUsage of job (MB)
	625200  -  ResidentSetSize of job (KB)
...
006 (113485050.000.000) 2023-04-01 16:18:58 Image size of job updated: 4953368
	643  -  MemoryUsage of job (MB)
	658176  -  ResidentSetSize of job (KB)
...
006 (113485050.000.000) 2023-04-01 16:23:58 Image size of job updated: 4953368
	851  -  MemoryUsage of job (MB)
	870532  -  ResidentSetSize of job (KB)
...
006 (113485050.000.000) 2023-04-01 16:28:59 Image size of job updated: 4953368
	934  -  MemoryUsage of job (MB)
	956340  -  ResidentSetSize of job (KB)
...
006 (113485050.000.000) 2023-04-01 16:33:59 Image size of job updated: 4953368
	939  -  MemoryUsage of job (MB)
	960624  -  ResidentSetSize of job (KB)
...
006 (113485050.000.000) 2023-04-01 16:38:59 Image size of job updated: 4953368
	969  -  MemoryUsage of job (MB)
	991520  -  ResidentSetSize of job (KB)
...
006 (113485050.000.000) 2023-04-01 16:44:00 Image size of job updated: 4953368
	969  -  MemoryUsage of job (MB)
	991604  -  ResidentSetSize of job (KB)
...
006 (113485050.000.000) 2023-04-01 16:54:00 Image size of job updated: 4953368
	988  -  MemoryUsage of job (MB)
	1011544  -  ResidentSetSize of job (KB)
...
006 (113485050.000.000) 2023-04-01 16:59:01 Image size of job updated: 4953368
	1000  -  MemoryUsage of job (MB)
	1023088  -  ResidentSetSize of job (KB)
...
006 (113485050.000.000) 2023-04-01 17:09:02 Image size of job updated: 4953368
	1008  -  MemoryUsage of job (MB)
	1031356  -  ResidentSetSize of job (KB)
...
006 (113485050.000.000) 2023-04-01 17:14:03 Image size of job updated: 4953368
	1012  -  MemoryUsage of job (MB)
	1036140  -  ResidentSetSize of job (KB)
...
006 (113485050.000.000) 2023-04-01 17:19:04 Image size of job updated: 4953368
	1013  -  MemoryUsage of job (MB)
	1036596  -  ResidentSetSize of job (KB)
...
006 (113485050.000.000) 2023-04-01 17:24:04 Image size of job updated: 4968624
	1024  -  MemoryUsage of job (MB)
	1047872  -  ResidentSetSize of job (KB)
...
006 (113485050.000.000) 2023-04-01 17:29:04 Image size of job updated: 4968624
	1025  -  MemoryUsage of job (MB)
	1048704  -  ResidentSetSize of job (KB)
...
006 (113485050.000.000) 2023-04-01 17:34:05 Image size of job updated: 4968624
	1037  -  MemoryUsage of job (MB)
	1061320  -  ResidentSetSize of job (KB)
...
006 (113485050.000.000) 2023-04-01 17:39:05 Image size of job updated: 4968624
	1037  -  MemoryUsage of job (MB)
	1061524  -  ResidentSetSize of job (KB)
...
006 (113485050.000.000) 2023-04-01 17:49:06 Image size of job updated: 4968624
	1046  -  MemoryUsage of job (MB)
	1070652  -  ResidentSetSize of job (KB)
...
006 (113485050.000.000) 2023-04-01 17:54:07 Image size of job updated: 4968624
	1047  -  MemoryUsage of job (MB)
	1071328  -  ResidentSetSize of job (KB)
...
006 (113485050.000.000) 2023-04-01 18:09:08 Image size of job updated: 4968624
	1101  -  MemoryUsage of job (MB)
	1127188  -  ResidentSetSize of job (KB)
...
006 (113485050.000.000) 2023-04-01 18:14:08 Image size of job updated: 4968624
	1148  -  MemoryUsage of job (MB)
	1175348  -  ResidentSetSize of job (KB)
...
006 (113485050.000.000) 2023-04-01 18:19:08 Image size of job updated: 4985864
	1171  -  MemoryUsage of job (MB)
	1198744  -  ResidentSetSize of job (KB)
...
006 (113485050.000.000) 2023-04-01 18:24:09 Image size of job updated: 4985864
	1172  -  MemoryUsage of job (MB)
	1199540  -  ResidentSetSize of job (KB)
...
006 (113485050.000.000) 2023-04-01 18:29:10 Image size of job updated: 4989464
	1176  -  MemoryUsage of job (MB)
	1204056  -  ResidentSetSize of job (KB)
...
006 (113485050.000.000) 2023-04-01 18:34:10 Image size of job updated: 4989464
	1178  -  MemoryUsage of job (MB)
	1205680  -  ResidentSetSize of job (KB)
...
006 (113485050.000.000) 2023-04-01 18:39:11 Image size of job updated: 4991892
	1178  -  MemoryUsage of job (MB)
	1205680  -  ResidentSetSize of job (KB)
...
006 (113485050.000.000) 2023-04-01 18:44:12 Image size of job updated: 4995116
	1184  -  MemoryUsage of job (MB)
	1211608  -  ResidentSetSize of job (KB)
...
006 (113485050.000.000) 2023-04-01 18:49:12 Image size of job updated: 4995116
	1185  -  MemoryUsage of job (MB)
	1212664  -  ResidentSetSize of job (KB)
...
006 (113485050.000.000) 2023-04-01 18:54:13 Image size of job updated: 5002912
	1189  -  MemoryUsage of job (MB)
	1217144  -  ResidentSetSize of job (KB)
...
006 (113485050.000.000) 2023-04-01 19:04:14 Image size of job updated: 5007500
	1189  -  MemoryUsage of job (MB)
	1217144  -  ResidentSetSize of job (KB)
...
006 (113485050.000.000) 2023-04-01 19:19:15 Image size of job updated: 5023332
	1189  -  MemoryUsage of job (MB)
	1217144  -  ResidentSetSize of job (KB)
...
006 (113485050.000.000) 2023-04-01 19:29:16 Image size of job updated: 5045568
	1225  -  MemoryUsage of job (MB)
	1253764  -  ResidentSetSize of job (KB)
...
006 (113485050.000.000) 2023-04-01 19:34:17 Image size of job updated: 5048468
	1233  -  MemoryUsage of job (MB)
	1262116  -  ResidentSetSize of job (KB)
...
006 (113485050.000.000) 2023-04-01 19:39:17 Image size of job updated: 5064084
	1239  -  MemoryUsage of job (MB)
	1267944  -  ResidentSetSize of job (KB)
...
006 (113485050.000.000) 2023-04-01 19:49:19 Image size of job updated: 5064084
	1241  -  MemoryUsage of job (MB)
	1269992  -  ResidentSetSize of job (KB)
...
006 (113485050.000.000) 2023-04-01 19:54:19 Image size of job updated: 5070892
	1250  -  MemoryUsage of job (MB)
	1279704  -  ResidentSetSize of job (KB)
...
006 (113485050.000.000) 2023-04-01 19:59:19 Image size of job updated: 5070892
	1253  -  MemoryUsage of job (MB)
	1282060  -  ResidentSetSize of job (KB)
...
006 (113485050.000.000) 2023-04-01 20:04:20 Image size of job updated: 5099996
	1253  -  MemoryUsage of job (MB)
	1282060  -  ResidentSetSize of job (KB)
...
006 (113485050.000.000) 2023-04-01 20:14:20 Image size of job updated: 5160064
	1280  -  MemoryUsage of job (MB)
	1310416  -  ResidentSetSize of job (KB)
...
006 (113485050.000.000) 2023-04-01 20:19:21 Image size of job updated: 5160064
	1283  -  MemoryUsage of job (MB)
	1313164  -  ResidentSetSize of job (KB)
...
006 (113485050.000.000) 2023-04-01 20:24:22 Image size of job updated: 5160064
	1284  -  MemoryUsage of job (MB)
	1314704  -  ResidentSetSize of job (KB)
...
006 (113485050.000.000) 2023-04-01 20:29:22 Image size of job updated: 5160064
	1288  -  MemoryUsage of job (MB)
	1318292  -  ResidentSetSize of job (KB)
...
006 (113485050.000.000) 2023-04-01 20:39:24 Image size of job updated: 5172588
	1293  -  MemoryUsage of job (MB)
	1323804  -  ResidentSetSize of job (KB)
...
006 (113485050.000.000) 2023-04-01 20:49:24 Image size of job updated: 5172588
	1294  -  MemoryUsage of job (MB)
	1324660  -  ResidentSetSize of job (KB)
...
006 (113485050.000.000) 2023-04-01 20:54:25 Image size of job updated: 5172588
	1301  -  MemoryUsage of job (MB)
	1331400  -  ResidentSetSize of job (KB)
...
006 (113485050.000.000) 2023-04-01 21:04:25 Image size of job updated: 5172588
	1305  -  MemoryUsage of job (MB)
	1335872  -  ResidentSetSize of job (KB)
...
006 (113485050.000.000) 2023-04-01 21:09:26 Image size of job updated: 5172588
	1305  -  MemoryUsage of job (MB)
	1335896  -  ResidentSetSize of job (KB)
...
006 (113485050.000.000) 2023-04-01 21:14:27 Image size of job updated: 5196492
	1310  -  MemoryUsage of job (MB)
	1340604  -  ResidentSetSize of job (KB)
...
006 (113485050.000.000) 2023-04-01 21:24:28 Image size of job updated: 5196492
	1311  -  MemoryUsage of job (MB)
	1342408  -  ResidentSetSize of job (KB)
...
006 (113485050.000.000) 2023-04-01 21:49:30 Image size of job updated: 5227188
	1311  -  MemoryUsage of job (MB)
	1342408  -  ResidentSetSize of job (KB)
...
006 (113485050.000.000) 2023-04-01 21:59:31 Image size of job updated: 5227188
	1344  -  MemoryUsage of job (MB)
	1375504  -  ResidentSetSize of job (KB)
...
006 (113485050.000.000) 2023-04-01 22:04:32 Image size of job updated: 5227188
	1346  -  MemoryUsage of job (MB)
	1378072  -  ResidentSetSize of job (KB)
...
006 (113485050.000.000) 2023-04-01 22:24:34 Image size of job updated: 5256088
	1358  -  MemoryUsage of job (MB)
	1390096  -  ResidentSetSize of job (KB)
...
006 (113485050.000.000) 2023-04-01 22:29:34 Image size of job updated: 5256088
	1360  -  MemoryUsage of job (MB)
	1392144  -  ResidentSetSize of job (KB)
...
006 (113485050.000.000) 2023-04-01 22:59:37 Image size of job updated: 5256088
	1369  -  MemoryUsage of job (MB)
	1401816  -  ResidentSetSize of job (KB)
...
006 (113485050.000.000) 2023-04-01 23:04:38 Image size of job updated: 5256088
	1372  -  MemoryUsage of job (MB)
	1404212  -  ResidentSetSize of job (KB)
...
006 (113485050.000.000) 2023-04-01 23:19:40 Image size of job updated: 5256088
	1372  -  MemoryUsage of job (MB)
	1404348  -  ResidentSetSize of job (KB)
...
006 (113485050.000.000) 2023-04-01 23:24:41 Image size of job updated: 5256088
	1395  -  MemoryUsage of job (MB)
	1427840  -  ResidentSetSize of job (KB)
...
006 (113485050.000.000) 2023-04-01 23:29:41 Image size of job updated: 5256088
	1397  -  MemoryUsage of job (MB)
	1430328  -  ResidentSetSize of job (KB)
...
006 (113485050.000.000) 2023-04-01 23:34:42 Image size of job updated: 5256088
	1399  -  MemoryUsage of job (MB)
	1432056  -  ResidentSetSize of job (KB)
...
006 (113485050.000.000) 2023-04-01 23:44:43 Image size of job updated: 5256088
	1401  -  MemoryUsage of job (MB)
	1434472  -  ResidentSetSize of job (KB)
...
006 (113485050.000.000) 2023-04-01 23:49:43 Image size of job updated: 5315984
	1401  -  MemoryUsage of job (MB)
	1434472  -  ResidentSetSize of job (KB)
...
006 (113485050.000.000) 2023-04-01 23:59:44 Image size of job updated: 5315984
	1409  -  MemoryUsage of job (MB)
	1442328  -  ResidentSetSize of job (KB)
...
006 (113485050.000.000) 2023-04-02 00:04:44 Image size of job updated: 5315984
	1410  -  MemoryUsage of job (MB)
	1443328  -  ResidentSetSize of job (KB)
...
006 (113485050.000.000) 2023-04-02 00:14:46 Image size of job updated: 5337268
	1415  -  MemoryUsage of job (MB)
	1448508  -  ResidentSetSize of job (KB)
...
006 (113485050.000.000) 2023-04-02 00:19:46 Image size of job updated: 5337268
	1417  -  MemoryUsage of job (MB)
	1450908  -  ResidentSetSize of job (KB)
...
006 (113485050.000.000) 2023-04-02 00:24:46 Image size of job updated: 5337268
	1441  -  MemoryUsage of job (MB)
	1475344  -  ResidentSetSize of job (KB)
...
006 (113485050.000.000) 2023-04-02 00:49:49 Image size of job updated: 5337268
	1444  -  MemoryUsage of job (MB)
	1478336  -  ResidentSetSize of job (KB)
...
006 (113485050.000.000) 2023-04-02 00:54:49 Image size of job updated: 5337268
	1452  -  MemoryUsage of job (MB)
	1486324  -  ResidentSetSize of job (KB)
...
006 (113485050.000.000) 2023-04-02 00:59:50 Image size of job updated: 5337268
	1454  -  MemoryUsage of job (MB)
	1488116  -  ResidentSetSize of job (KB)
...
006 (113485050.000.000) 2023-04-02 01:14:52 Image size of job updated: 5387136
	1464  -  MemoryUsage of job (MB)
	1498548  -  ResidentSetSize of job (KB)
...
006 (113485050.000.000) 2023-04-02 01:24:53 Image size of job updated: 5387136
	1465  -  MemoryUsage of job (MB)
	1499316  -  ResidentSetSize of job (KB)
...
006 (113485050.000.000) 2023-04-02 01:29:53 Image size of job updated: 5387136
	1467  -  MemoryUsage of job (MB)
	1501652  -  ResidentSetSize of job (KB)
...
006 (113485050.000.000) 2023-04-02 01:34:54 Image size of job updated: 5394164
	1472  -  MemoryUsage of job (MB)
	1506356  -  ResidentSetSize of job (KB)
...
006 (113485050.000.000) 2023-04-02 01:44:54 Image size of job updated: 5394164
	1478  -  MemoryUsage of job (MB)
	1513260  -  ResidentSetSize of job (KB)
...
006 (113485050.000.000) 2023-04-02 01:49:55 Image size of job updated: 5394164
	1486  -  MemoryUsage of job (MB)
	1521264  -  ResidentSetSize of job (KB)
...
006 (113485050.000.000) 2023-04-02 01:54:56 Image size of job updated: 5394164
	1486  -  MemoryUsage of job (MB)
	1521540  -  ResidentSetSize of job (KB)
...
006 (113485050.000.000) 2023-04-02 01:59:56 Image size of job updated: 5523092
	1486  -  MemoryUsage of job (MB)
	1521540  -  ResidentSetSize of job (KB)
...
006 (113485050.000.000) 2023-04-02 02:14:58 Image size of job updated: 5523092
	1496  -  MemoryUsage of job (MB)
	1531272  -  ResidentSetSize of job (KB)
...
006 (113485050.000.000) 2023-04-02 02:40:00 Image size of job updated: 5523092
	1501  -  MemoryUsage of job (MB)
	1536700  -  ResidentSetSize of job (KB)
...
006 (113485050.000.000) 2023-04-02 02:45:01 Image size of job updated: 5523092
	1503  -  MemoryUsage of job (MB)
	1538748  -  ResidentSetSize of job (KB)
...
006 (113485050.000.000) 2023-04-02 02:50:01 Image size of job updated: 5523092
	1504  -  MemoryUsage of job (MB)
	1539576  -  ResidentSetSize of job (KB)
...
006 (113485050.000.000) 2023-04-02 06:30:24 Image size of job updated: 5523092
	1505  -  MemoryUsage of job (MB)
	1540188  -  ResidentSetSize of job (KB)
...
006 (113485050.000.000) 2023-04-02 06:40:24 Image size of job updated: 5523092
	1506  -  MemoryUsage of job (MB)
	1541136  -  ResidentSetSize of job (KB)
...
006 (113485050.000.000) 2023-04-02 06:50:26 Image size of job updated: 5523092
	1506  -  MemoryUsage of job (MB)
	1541408  -  ResidentSetSize of job (KB)
...
006 (113485050.000.000) 2023-04-02 06:55:26 Image size of job updated: 5523092
	1508  -  MemoryUsage of job (MB)
	1543200  -  ResidentSetSize of job (KB)
...
006 (113485050.000.000) 2023-04-02 07:05:28 Image size of job updated: 5523092
	1511  -  MemoryUsage of job (MB)
	1546296  -  ResidentSetSize of job (KB)
...
006 (113485050.000.000) 2023-04-02 07:30:31 Image size of job updated: 5523092
	1514  -  MemoryUsage of job (MB)
	1550044  -  ResidentSetSize of job (KB)
...
006 (113485050.000.000) 2023-04-02 07:35:32 Image size of job updated: 5523092
	1515  -  MemoryUsage of job (MB)
	1550544  -  ResidentSetSize of job (KB)
...
006 (113485050.000.000) 2023-04-02 08:25:36 Image size of job updated: 5523092
	1517  -  MemoryUsage of job (MB)
	1552908  -  ResidentSetSize of job (KB)
...
006 (113485050.000.000) 2023-04-02 08:40:38 Image size of job updated: 5523092
	1535  -  MemoryUsage of job (MB)
	1571056  -  ResidentSetSize of job (KB)
...
006 (113485050.000.000) 2023-04-02 08:45:38 Image size of job updated: 5523092
	1537  -  MemoryUsage of job (MB)
	1573104  -  ResidentSetSize of job (KB)
...
006 (113485050.000.000) 2023-04-02 08:50:39 Image size of job updated: 5523092
	1539  -  MemoryUsage of job (MB)
	1575100  -  ResidentSetSize of job (KB)
...
006 (113485050.000.000) 2023-04-02 08:55:40 Image size of job updated: 5523092
	1540  -  MemoryUsage of job (MB)
	1576544  -  ResidentSetSize of job (KB)
...
006 (113485050.000.000) 2023-04-02 09:10:42 Image size of job updated: 5523092
	1557  -  MemoryUsage of job (MB)
	1593664  -  ResidentSetSize of job (KB)
...
006 (113485050.000.000) 2023-04-02 09:15:42 Image size of job updated: 5523092
	1559  -  MemoryUsage of job (MB)
	1595712  -  ResidentSetSize of job (KB)
...
006 (113485050.000.000) 2023-04-02 09:20:42 Image size of job updated: 5523092
	1560  -  MemoryUsage of job (MB)
	1596808  -  ResidentSetSize of job (KB)
...
006 (113485050.000.000) 2023-04-02 09:45:45 Image size of job updated: 5523092
	1565  -  MemoryUsage of job (MB)
	1602288  -  ResidentSetSize of job (KB)
...
006 (113485050.000.000) 2023-04-02 10:00:47 Image size of job updated: 5523092
	1566  -  MemoryUsage of job (MB)
	1602784  -  ResidentSetSize of job (KB)
...
006 (113485050.000.000) 2023-04-02 10:05:47 Image size of job updated: 5523092
	1568  -  MemoryUsage of job (MB)
	1605088  -  ResidentSetSize of job (KB)
...
006 (113485050.000.000) 2023-04-02 10:10:47 Image size of job updated: 5526104
	1570  -  MemoryUsage of job (MB)
	1606796  -  ResidentSetSize of job (KB)
...
006 (113485050.000.000) 2023-04-02 10:25:49 Image size of job updated: 5529624
	1570  -  MemoryUsage of job (MB)
	1606796  -  ResidentSetSize of job (KB)
...
006 (113485050.000.000) 2023-04-02 10:45:51 Image size of job updated: 5529624
	1576  -  MemoryUsage of job (MB)
	1612856  -  ResidentSetSize of job (KB)
...
006 (113485050.000.000) 2023-04-02 10:50:52 Image size of job updated: 5529624
	1590  -  MemoryUsage of job (MB)
	1628132  -  ResidentSetSize of job (KB)
...
006 (113485050.000.000) 2023-04-02 10:55:53 Image size of job updated: 5529624
	1592  -  MemoryUsage of job (MB)
	1629916  -  ResidentSetSize of job (KB)
...
006 (113485050.000.000) 2023-04-02 11:10:55 Image size of job updated: 5529624
	1612  -  MemoryUsage of job (MB)
	1650012  -  ResidentSetSize of job (KB)
...
006 (113485050.000.000) 2023-04-02 11:56:00 Image size of job updated: 5613996
	1620  -  MemoryUsage of job (MB)
	1657968  -  ResidentSetSize of job (KB)
...
006 (113485050.000.000) 2023-04-02 12:01:01 Image size of job updated: 5613996
	1620  -  MemoryUsage of job (MB)
	1658468  -  ResidentSetSize of job (KB)
...
006 (113485050.000.000) 2023-04-02 12:06:01 Image size of job updated: 5613996
	1621  -  MemoryUsage of job (MB)
	1658968  -  ResidentSetSize of job (KB)
...
006 (113485050.000.000) 2023-04-02 12:16:02 Image size of job updated: 5613996
	1643  -  MemoryUsage of job (MB)
	1682232  -  ResidentSetSize of job (KB)
...
006 (113485050.000.000) 2023-04-02 12:36:03 Image size of job updated: 5619184
	1643  -  MemoryUsage of job (MB)
	1682232  -  ResidentSetSize of job (KB)
...
006 (113485050.000.000) 2023-04-02 12:51:05 Image size of job updated: 5623956
	1643  -  MemoryUsage of job (MB)
	1682232  -  ResidentSetSize of job (KB)
...
006 (113485050.000.000) 2023-04-02 13:06:07 Image size of job updated: 5626428
	1643  -  MemoryUsage of job (MB)
	1682232  -  ResidentSetSize of job (KB)
...
006 (113485050.000.000) 2023-04-02 13:21:08 Image size of job updated: 5628620
	1643  -  MemoryUsage of job (MB)
	1682232  -  ResidentSetSize of job (KB)
...
004 (113485050.000.000) 2023-04-02 13:26:06 Job was evicted.
	(0) CPU times
		Usr 3 17:08:20, Sys 0 00:06:02  -  Run Remote Usage
		Usr 0 00:00:00, Sys 0 00:00:00  -  Run Local Usage
	0  -  Run Bytes Sent By Job
	366  -  Run Bytes Received By Job
	Partitionable Resources :    Usage  Request Allocated 
	   Cpus                 :     7.96        1         1 
	   Disk (KB)            :  4057      500000    609620 
	   GPUs                 :                           0 
	   Memory (MB)          :  1643       20000     20096 
...
009 (113485050.000.000) 2023-04-02 13:26:06 Job was aborted.
	removed because <OtherJobRemoveRequirements = DAGManJobId =?= 113484998> fired when job (113484998.0) was removed
...
000 (113493754.000.000) 2023-04-02 13:26:40 Job submitted from host: <10.14.0.160:9618?addrs=10.14.0.160-9618&alias=ldas-pcdev2.ligo.caltech.edu&noUDP&sock=schedd_7450_a8a7>
    DAG Node: 362
...
040 (113493754.000.000) 2023-04-02 13:28:50 Started transferring input files
	Transferring to host: <10.14.10.47:9618?addrs=10.14.10.47-9618&alias=node2297.cluster.ldas.cit&noUDP&sock=slot1_2_1268055_3606_25916>
...
040 (113493754.000.000) 2023-04-02 13:28:50 Finished transferring input files
...
001 (113493754.000.000) 2023-04-02 13:28:51 Job executing on host: <10.14.10.47:9618?addrs=10.14.10.47-9618&alias=node2297.cluster.ldas.cit&noUDP&sock=startd_175453_be30>
...
006 (113493754.000.000) 2023-04-02 13:28:59 Image size of job updated: 213760
	192  -  MemoryUsage of job (MB)
	196556  -  ResidentSetSize of job (KB)
...
006 (113493754.000.000) 2023-04-02 13:33:59 Image size of job updated: 5262468
	763  -  MemoryUsage of job (MB)
	780672  -  ResidentSetSize of job (KB)
...
006 (113493754.000.000) 2023-04-02 13:38:59 Image size of job updated: 5512728
	979  -  MemoryUsage of job (MB)
	1001804  -  ResidentSetSize of job (KB)
...
006 (113493754.000.000) 2023-04-02 13:44:00 Image size of job updated: 5547048
	1014  -  MemoryUsage of job (MB)
	1038320  -  ResidentSetSize of job (KB)
...
006 (113493754.000.000) 2023-04-02 13:49:00 Image size of job updated: 5723744
	1041  -  MemoryUsage of job (MB)
	1065804  -  ResidentSetSize of job (KB)
...
006 (113493754.000.000) 2023-04-02 13:54:00 Image size of job updated: 5723744
	1058  -  MemoryUsage of job (MB)
	1082832  -  ResidentSetSize of job (KB)
...
006 (113493754.000.000) 2023-04-02 13:59:01 Image size of job updated: 5723744
	1062  -  MemoryUsage of job (MB)
	1086720  -  ResidentSetSize of job (KB)
...
006 (113493754.000.000) 2023-04-02 14:04:02 Image size of job updated: 5771364
	1064  -  MemoryUsage of job (MB)
	1089284  -  ResidentSetSize of job (KB)
...
006 (113493754.000.000) 2023-04-02 14:09:02 Image size of job updated: 5771364
	1083  -  MemoryUsage of job (MB)
	1108496  -  ResidentSetSize of job (KB)
...
006 (113493754.000.000) 2023-04-02 14:14:02 Image size of job updated: 5771364
	1091  -  MemoryUsage of job (MB)
	1116604  -  ResidentSetSize of job (KB)
...
006 (113493754.000.000) 2023-04-02 14:19:03 Image size of job updated: 5811992
	1115  -  MemoryUsage of job (MB)
	1140768  -  ResidentSetSize of job (KB)
...
006 (113493754.000.000) 2023-04-02 14:24:03 Image size of job updated: 5811992
	1115  -  MemoryUsage of job (MB)
	1141300  -  ResidentSetSize of job (KB)
...
006 (113493754.000.000) 2023-04-02 14:29:03 Image size of job updated: 5811992
	1186  -  MemoryUsage of job (MB)
	1213668  -  ResidentSetSize of job (KB)
...
006 (113493754.000.000) 2023-04-02 14:34:04 Image size of job updated: 5811992
	1328  -  MemoryUsage of job (MB)
	1359480  -  ResidentSetSize of job (KB)
...
006 (113493754.000.000) 2023-04-02 14:39:05 Image size of job updated: 5811992
	1466  -  MemoryUsage of job (MB)
	1500780  -  ResidentSetSize of job (KB)
...
006 (113493754.000.000) 2023-04-02 14:44:05 Image size of job updated: 5811992
	1483  -  MemoryUsage of job (MB)
	1518108  -  ResidentSetSize of job (KB)
...
006 (113493754.000.000) 2023-04-02 14:54:07 Image size of job updated: 5811992
	1498  -  MemoryUsage of job (MB)
	1533520  -  ResidentSetSize of job (KB)
...
006 (113493754.000.000) 2023-04-02 14:59:07 Image size of job updated: 5811992
	1504  -  MemoryUsage of job (MB)
	1539504  -  ResidentSetSize of job (KB)
...
006 (113493754.000.000) 2023-04-02 15:59:13 Image size of job updated: 5811992
	1541  -  MemoryUsage of job (MB)
	1577868  -  ResidentSetSize of job (KB)
...
006 (113493754.000.000) 2023-04-02 16:24:16 Image size of job updated: 5811992
	1550  -  MemoryUsage of job (MB)
	1586728  -  ResidentSetSize of job (KB)
...
006 (113493754.000.000) 2023-04-02 17:14:20 Image size of job updated: 5811992
	1562  -  MemoryUsage of job (MB)
	1599484  -  ResidentSetSize of job (KB)
...
006 (113493754.000.000) 2023-04-02 17:34:22 Image size of job updated: 5811992
	1619  -  MemoryUsage of job (MB)
	1657156  -  ResidentSetSize of job (KB)
...
006 (113493754.000.000) 2023-04-02 17:39:22 Image size of job updated: 5811992
	1640  -  MemoryUsage of job (MB)
	1679020  -  ResidentSetSize of job (KB)
...
006 (113493754.000.000) 2023-04-02 17:44:23 Image size of job updated: 5811992
	1642  -  MemoryUsage of job (MB)
	1680512  -  ResidentSetSize of job (KB)
...
006 (113493754.000.000) 2023-04-02 17:54:24 Image size of job updated: 5939412
	1642  -  MemoryUsage of job (MB)
	1680512  -  ResidentSetSize of job (KB)
...
006 (113493754.000.000) 2023-04-02 18:14:26 Image size of job updated: 5939412
	1655  -  MemoryUsage of job (MB)
	1694552  -  ResidentSetSize of job (KB)
...
006 (113493754.000.000) 2023-04-02 18:19:27 Image size of job updated: 5939412
	1661  -  MemoryUsage of job (MB)
	1700284  -  ResidentSetSize of job (KB)
...
006 (113493754.000.000) 2023-04-02 18:24:28 Image size of job updated: 5939412
	1661  -  MemoryUsage of job (MB)
	1700388  -  ResidentSetSize of job (KB)
...
006 (113493754.000.000) 2023-04-02 18:29:28 Image size of job updated: 5939412
	1664  -  MemoryUsage of job (MB)
	1703716  -  ResidentSetSize of job (KB)
...
006 (113493754.000.000) 2023-04-02 18:34:28 Image size of job updated: 5978668
	1665  -  MemoryUsage of job (MB)
	1704564  -  ResidentSetSize of job (KB)
...
006 (113493754.000.000) 2023-04-02 18:39:29 Image size of job updated: 5978668
	1671  -  MemoryUsage of job (MB)
	1710372  -  ResidentSetSize of job (KB)
...
006 (113493754.000.000) 2023-04-02 18:59:32 Image size of job updated: 5978668
	1701  -  MemoryUsage of job (MB)
	1740980  -  ResidentSetSize of job (KB)
...
006 (113493754.000.000) 2023-04-02 19:04:32 Image size of job updated: 5978668
	1703  -  MemoryUsage of job (MB)
	1743228  -  ResidentSetSize of job (KB)
...
006 (113493754.000.000) 2023-04-02 19:09:32 Image size of job updated: 5978668
	1723  -  MemoryUsage of job (MB)
	1763428  -  ResidentSetSize of job (KB)
...
006 (113493754.000.000) 2023-04-02 19:14:33 Image size of job updated: 5994964
	1723  -  MemoryUsage of job (MB)
	1763604  -  ResidentSetSize of job (KB)
...
006 (113493754.000.000) 2023-04-02 19:24:34 Image size of job updated: 5994964
	1724  -  MemoryUsage of job (MB)
	1764884  -  ResidentSetSize of job (KB)
...
006 (113493754.000.000) 2023-04-02 19:29:35 Image size of job updated: 5994964
	1732  -  MemoryUsage of job (MB)
	1772716  -  ResidentSetSize of job (KB)
...
006 (113493754.000.000) 2023-04-02 19:54:38 Image size of job updated: 5994964
	1749  -  MemoryUsage of job (MB)
	1789960  -  ResidentSetSize of job (KB)
...
006 (113493754.000.000) 2023-04-02 19:59:38 Image size of job updated: 5994964
	1749  -  MemoryUsage of job (MB)
	1790472  -  ResidentSetSize of job (KB)
...
006 (113493754.000.000) 2023-04-02 20:04:38 Image size of job updated: 6013092
	1752  -  MemoryUsage of job (MB)
	1793876  -  ResidentSetSize of job (KB)
...
006 (113493754.000.000) 2023-04-02 20:09:40 Image size of job updated: 6013092
	1753  -  MemoryUsage of job (MB)
	1794628  -  ResidentSetSize of job (KB)
...
006 (113493754.000.000) 2023-04-02 20:14:40 Image size of job updated: 6042852
	1753  -  MemoryUsage of job (MB)
	1794628  -  ResidentSetSize of job (KB)
...
006 (113493754.000.000) 2023-04-02 20:44:43 Image size of job updated: 6042852
	1754  -  MemoryUsage of job (MB)
	1795532  -  ResidentSetSize of job (KB)
...
006 (113493754.000.000) 2023-04-02 20:54:44 Image size of job updated: 6049852
	1754  -  MemoryUsage of job (MB)
	1795532  -  ResidentSetSize of job (KB)
...
006 (113493754.000.000) 2023-04-02 20:59:44 Image size of job updated: 6049852
	1756  -  MemoryUsage of job (MB)
	1797268  -  ResidentSetSize of job (KB)
...
006 (113493754.000.000) 2023-04-02 21:04:45 Image size of job updated: 6049852
	1757  -  MemoryUsage of job (MB)
	1798676  -  ResidentSetSize of job (KB)
...
006 (113493754.000.000) 2023-04-02 21:09:45 Image size of job updated: 6084508
	1790  -  MemoryUsage of job (MB)
	1832508  -  ResidentSetSize of job (KB)
...
006 (113493754.000.000) 2023-04-02 21:24:47 Image size of job updated: 6085980
	1792  -  MemoryUsage of job (MB)
	1834976  -  ResidentSetSize of job (KB)
...
006 (113493754.000.000) 2023-04-02 22:59:57 Image size of job updated: 6094228
	1792  -  MemoryUsage of job (MB)
	1834976  -  ResidentSetSize of job (KB)
...
006 (113493754.000.000) 2023-04-02 23:09:58 Image size of job updated: 6094228
	1795  -  MemoryUsage of job (MB)
	1837712  -  ResidentSetSize of job (KB)
...
006 (113493754.000.000) 2023-04-02 23:19:59 Image size of job updated: 6094228
	1797  -  MemoryUsage of job (MB)
	1839648  -  ResidentSetSize of job (KB)
...
006 (113493754.000.000) 2023-04-03 01:05:11 Image size of job updated: 6094228
	1958  -  MemoryUsage of job (MB)
	2004016  -  ResidentSetSize of job (KB)
...
006 (113493754.000.000) 2023-04-03 02:55:20 Image size of job updated: 6123972
	1958  -  MemoryUsage of job (MB)
	2004016  -  ResidentSetSize of job (KB)
...
006 (113493754.000.000) 2023-04-03 04:15:28 Image size of job updated: 6128496
	1958  -  MemoryUsage of job (MB)
	2004016  -  ResidentSetSize of job (KB)
...
006 (113493754.000.000) 2023-04-03 04:30:30 Image size of job updated: 6130480
	1958  -  MemoryUsage of job (MB)
	2004016  -  ResidentSetSize of job (KB)
...
006 (113493754.000.000) 2023-04-03 07:30:49 Image size of job updated: 6142656
	1958  -  MemoryUsage of job (MB)
	2004016  -  ResidentSetSize of job (KB)
...
006 (113493754.000.000) 2023-04-03 08:10:54 Image size of job updated: 6167560
	1958  -  MemoryUsage of job (MB)
	2004016  -  ResidentSetSize of job (KB)
...
006 (113493754.000.000) 2023-04-03 09:11:00 Image size of job updated: 6167560
	2046  -  MemoryUsage of job (MB)
	2094680  -  ResidentSetSize of job (KB)
...
006 (113493754.000.000) 2023-04-03 09:36:02 Image size of job updated: 6174976
	2046  -  MemoryUsage of job (MB)
	2094680  -  ResidentSetSize of job (KB)
...
006 (113493754.000.000) 2023-04-03 09:51:04 Image size of job updated: 6194736
	2046  -  MemoryUsage of job (MB)
	2094680  -  ResidentSetSize of job (KB)
...
006 (113493754.000.000) 2023-04-03 10:21:07 Image size of job updated: 6217064
	2046  -  MemoryUsage of job (MB)
	2094680  -  ResidentSetSize of job (KB)
...
006 (113493754.000.000) 2023-04-03 10:41:09 Image size of job updated: 6222952
	2046  -  MemoryUsage of job (MB)
	2094680  -  ResidentSetSize of job (KB)
...
006 (113493754.000.000) 2023-04-03 11:11:12 Image size of job updated: 6232052
	2046  -  MemoryUsage of job (MB)
	2094680  -  ResidentSetSize of job (KB)
...
006 (113493754.000.000) 2023-04-03 13:11:24 Image size of job updated: 6287140
	2046  -  MemoryUsage of job (MB)
	2094680  -  ResidentSetSize of job (KB)
...
006 (113493754.000.000) 2023-04-03 13:56:30 Image size of job updated: 6313308
	2046  -  MemoryUsage of job (MB)
	2094680  -  ResidentSetSize of job (KB)
...
004 (113493754.000.000) 2023-04-03 14:02:27 Job was evicted.
	(0) CPU times
		Usr 3 19:47:06, Sys 0 00:05:15  -  Run Remote Usage
		Usr 0 00:00:00, Sys 0 00:00:00  -  Run Local Usage
	0  -  Run Bytes Sent By Job
	366  -  Run Bytes Received By Job
	Partitionable Resources :    Usage  Request Allocated 
	   Cpus                 :     2.41        1         1 
	   Disk (KB)            :  3436      500000    610140 
	   GPUs                 :                           0 
	   Memory (MB)          :  2046       20000     20096 
...
040 (113493754.000.000) 2023-04-03 14:19:21 Started transferring input files
	Transferring to host: <10.14.10.60:9618?addrs=10.14.10.60-9618&alias=node2310.cluster.ldas.cit&noUDP&sock=slot1_4_2869576_a2cb_13095>
...
040 (113493754.000.000) 2023-04-03 14:19:21 Finished transferring input files
...
001 (113493754.000.000) 2023-04-03 14:19:22 Job executing on host: <10.14.10.60:9618?addrs=10.14.10.60-9618&alias=node2310.cluster.ldas.cit&noUDP&sock=startd_2869535_e929>
...
004 (113493754.000.000) 2023-04-04 13:15:48 Job was evicted.
	(0) CPU times
		Usr 3 01:24:50, Sys 0 00:05:07  -  Run Remote Usage
		Usr 0 00:00:00, Sys 0 00:00:00  -  Run Local Usage
	0  -  Run Bytes Sent By Job
	366  -  Run Bytes Received By Job
	Partitionable Resources :    Usage  Request Allocated 
	   Cpus                 :     0.99        1         1 
	   Disk (KB)            :  3004      500000    624256 
	   GPUs                 :                           0 
	   Memory (MB)          :  2198       20000     20096 
...
040 (113493754.000.000) 2023-04-04 14:01:11 Started transferring input files
	Transferring to host: <10.14.10.72:9618?addrs=10.14.10.72-9618&alias=node2322.cluster.ldas.cit&noUDP&sock=slot1_10_2242598_ea74_14>
...
040 (113493754.000.000) 2023-04-04 14:01:11 Finished transferring input files
...
001 (113493754.000.000) 2023-04-04 14:01:12 Job executing on host: <10.14.10.72:9618?addrs=10.14.10.72-9618&alias=node2322.cluster.ldas.cit&noUDP&sock=startd_2242556_7777>
...
006 (113493754.000.000) 2023-04-04 22:17:09 Image size of job updated: 7500000
	2233  -  MemoryUsage of job (MB)
	2286576  -  ResidentSetSize of job (KB)
...
004 (113493754.000.000) 2023-04-05 14:39:21 Job was evicted.
	(0) CPU times
		Usr 3 01:56:45, Sys 0 00:04:26  -  Run Remote Usage
		Usr 0 00:00:00, Sys 0 00:00:00  -  Run Local Usage
	0  -  Run Bytes Sent By Job
	366  -  Run Bytes Received By Job
	Partitionable Resources :    Usage  Request Allocated 
	   Cpus                 :     1.73        1         1 
	   Disk (KB)            :  2940      500000    624256 
	   GPUs                 :                           0 
	   Memory (MB)          :  2233       20000     20096 
...
040 (113493754.000.000) 2023-04-05 14:41:46 Started transferring input files
	Transferring to host: <10.14.4.26:9618?addrs=10.14.4.26-9618&alias=node776.cluster.ldas.cit&noUDP&sock=slot1_12_2208658_1d8f_4803>
...
040 (113493754.000.000) 2023-04-05 14:41:46 Finished transferring input files
...
001 (113493754.000.000) 2023-04-05 14:41:47 Job executing on host: <10.14.4.26:9618?addrs=10.14.4.26-9618&alias=node776.cluster.ldas.cit&noUDP&sock=startd_2208620_317f>
...
004 (113493754.000.000) 2023-04-05 14:52:27 Job was evicted.
	(0) CPU times
		Usr 0 00:52:41, Sys 0 00:00:07  -  Run Remote Usage
		Usr 0 00:00:00, Sys 0 00:00:00  -  Run Local Usage
	0  -  Run Bytes Sent By Job
	366  -  Run Bytes Received By Job
	Partitionable Resources :    Usage  Request Allocated 
	   Cpus                 :     4.05        1         1 
	   Disk (KB)            :  2713      500000    609620 
	   GPUs                 :                           0 
	   Memory (MB)          :  2442       20000     20096 
...
009 (113493754.000.000) 2023-04-05 14:52:27 Job was aborted.
	removed because <OtherJobRemoveRequirements = DAGManJobId =?= 113493702> fired when job (113493702.0) was removed
...
000 (113587245.000.000) 2023-04-05 14:54:24 Job submitted from host: <10.14.0.160:9618?addrs=10.14.0.160-9618&alias=ldas-pcdev2.ligo.caltech.edu&noUDP&sock=schedd_7450_a8a7>
    DAG Node: 362
...
040 (113587245.000.000) 2023-04-05 15:01:02 Started transferring input files
	Transferring to host: <10.14.4.37:9618?addrs=10.14.4.37-9618&alias=node787.cluster.ldas.cit&noUDP&sock=slot1_3_3080332_4dc6_20869>
...
040 (113587245.000.000) 2023-04-05 15:01:03 Finished transferring input files
...
001 (113587245.000.000) 2023-04-05 15:01:03 Job executing on host: <10.14.4.37:9618?addrs=10.14.4.37-9618&alias=node787.cluster.ldas.cit&noUDP&sock=startd_273760_2b08>
...
006 (113587245.000.000) 2023-04-05 15:01:12 Image size of job updated: 152916
	85  -  MemoryUsage of job (MB)
	86392  -  ResidentSetSize of job (KB)
...
006 (113587245.000.000) 2023-04-05 15:06:12 Image size of job updated: 5260924
	718  -  MemoryUsage of job (MB)
	734664  -  ResidentSetSize of job (KB)
...
006 (113587245.000.000) 2023-04-05 15:11:12 Image size of job updated: 5277560
	739  -  MemoryUsage of job (MB)
	756544  -  ResidentSetSize of job (KB)
...
006 (113587245.000.000) 2023-04-05 15:16:13 Image size of job updated: 5297304
	766  -  MemoryUsage of job (MB)
	783496  -  ResidentSetSize of job (KB)
...
006 (113587245.000.000) 2023-04-05 15:21:13 Image size of job updated: 5330680
	797  -  MemoryUsage of job (MB)
	815820  -  ResidentSetSize of job (KB)
...
006 (113587245.000.000) 2023-04-05 15:26:13 Image size of job updated: 5364568
	826  -  MemoryUsage of job (MB)
	845112  -  ResidentSetSize of job (KB)
...
006 (113587245.000.000) 2023-04-05 15:31:14 Image size of job updated: 5384716
	857  -  MemoryUsage of job (MB)
	876592  -  ResidentSetSize of job (KB)
...
006 (113587245.000.000) 2023-04-05 15:36:14 Image size of job updated: 5419792
	882  -  MemoryUsage of job (MB)
	902672  -  ResidentSetSize of job (KB)
...
006 (113587245.000.000) 2023-04-05 15:41:14 Image size of job updated: 5642392
	1020  -  MemoryUsage of job (MB)
	1043640  -  ResidentSetSize of job (KB)
...
006 (113587245.000.000) 2023-04-05 15:46:15 Image size of job updated: 6190488
	1380  -  MemoryUsage of job (MB)
	1412704  -  ResidentSetSize of job (KB)
...
006 (113587245.000.000) 2023-04-05 15:51:15 Image size of job updated: 6190488
	1381  -  MemoryUsage of job (MB)
	1413308  -  ResidentSetSize of job (KB)
...
006 (113587245.000.000) 2023-04-05 16:01:16 Image size of job updated: 6297392
	1399  -  MemoryUsage of job (MB)
	1432336  -  ResidentSetSize of job (KB)
...
006 (113587245.000.000) 2023-04-05 16:16:17 Image size of job updated: 6297392
	1425  -  MemoryUsage of job (MB)
	1458616  -  ResidentSetSize of job (KB)
...
006 (113587245.000.000) 2023-04-05 16:21:17 Image size of job updated: 6297392
	1432  -  MemoryUsage of job (MB)
	1465416  -  ResidentSetSize of job (KB)
...
006 (113587245.000.000) 2023-04-05 16:26:18 Image size of job updated: 6297392
	1433  -  MemoryUsage of job (MB)
	1467064  -  ResidentSetSize of job (KB)
...
006 (113587245.000.000) 2023-04-05 16:31:19 Image size of job updated: 6297392
	1433  -  MemoryUsage of job (MB)
	1467380  -  ResidentSetSize of job (KB)
...
006 (113587245.000.000) 2023-04-05 16:36:19 Image size of job updated: 6297392
	1454  -  MemoryUsage of job (MB)
	1488544  -  ResidentSetSize of job (KB)
...
006 (113587245.000.000) 2023-04-05 16:41:20 Image size of job updated: 6297392
	1460  -  MemoryUsage of job (MB)
	1494776  -  ResidentSetSize of job (KB)
...
006 (113587245.000.000) 2023-04-05 16:46:21 Image size of job updated: 6297392
	1491  -  MemoryUsage of job (MB)
	1526100  -  ResidentSetSize of job (KB)
...
006 (113587245.000.000) 2023-04-05 17:06:23 Image size of job updated: 6336340
	1491  -  MemoryUsage of job (MB)
	1526100  -  ResidentSetSize of job (KB)
...
006 (113587245.000.000) 2023-04-05 17:46:29 Image size of job updated: 6336340
	1552  -  MemoryUsage of job (MB)
	1589204  -  ResidentSetSize of job (KB)
...
006 (113587245.000.000) 2023-04-05 17:51:29 Image size of job updated: 6336340
	1569  -  MemoryUsage of job (MB)
	1606596  -  ResidentSetSize of job (KB)
...
006 (113587245.000.000) 2023-04-05 18:11:32 Image size of job updated: 6364196
	1569  -  MemoryUsage of job (MB)
	1606596  -  ResidentSetSize of job (KB)
...
006 (113587245.000.000) 2023-04-05 18:56:39 Image size of job updated: 6365676
	1569  -  MemoryUsage of job (MB)
	1606596  -  ResidentSetSize of job (KB)
...
006 (113587245.000.000) 2023-04-05 19:11:40 Image size of job updated: 6365676
	1665  -  MemoryUsage of job (MB)
	1704472  -  ResidentSetSize of job (KB)
...
006 (113587245.000.000) 2023-04-05 19:16:40 Image size of job updated: 6365676
	1805  -  MemoryUsage of job (MB)
	1848240  -  ResidentSetSize of job (KB)
...
006 (113587245.000.000) 2023-04-05 19:21:40 Image size of job updated: 6365676
	1806  -  MemoryUsage of job (MB)
	1849044  -  ResidentSetSize of job (KB)
...
006 (113587245.000.000) 2023-04-05 19:26:41 Image size of job updated: 6365676
	1806  -  MemoryUsage of job (MB)
	1849240  -  ResidentSetSize of job (KB)
...
006 (113587245.000.000) 2023-04-05 19:31:41 Image size of job updated: 6365676
	1807  -  MemoryUsage of job (MB)
	1849480  -  ResidentSetSize of job (KB)
...
006 (113587245.000.000) 2023-04-05 19:36:41 Image size of job updated: 6365676
	1807  -  MemoryUsage of job (MB)
	1850024  -  ResidentSetSize of job (KB)
...
006 (113587245.000.000) 2023-04-05 19:41:42 Image size of job updated: 6365676
	1809  -  MemoryUsage of job (MB)
	1852120  -  ResidentSetSize of job (KB)
...
006 (113587245.000.000) 2023-04-05 19:46:42 Image size of job updated: 6365676
	1821  -  MemoryUsage of job (MB)
	1864644  -  ResidentSetSize of job (KB)
...
006 (113587245.000.000) 2023-04-05 19:51:42 Image size of job updated: 6365676
	1824  -  MemoryUsage of job (MB)
	1867548  -  ResidentSetSize of job (KB)
...
006 (113587245.000.000) 2023-04-05 19:56:43 Image size of job updated: 6365676
	1839  -  MemoryUsage of job (MB)
	1882828  -  ResidentSetSize of job (KB)
...
006 (113587245.000.000) 2023-04-05 20:01:43 Image size of job updated: 6365676
	1847  -  MemoryUsage of job (MB)
	1890740  -  ResidentSetSize of job (KB)
...
006 (113587245.000.000) 2023-04-05 20:06:43 Image size of job updated: 6403160
	1847  -  MemoryUsage of job (MB)
	1890740  -  ResidentSetSize of job (KB)
...
006 (113587245.000.000) 2023-04-05 21:31:49 Image size of job updated: 6409996
	1854  -  MemoryUsage of job (MB)
	1897564  -  ResidentSetSize of job (KB)
...
006 (113587245.000.000) 2023-04-05 21:36:49 Image size of job updated: 6409996
	1856  -  MemoryUsage of job (MB)
	1899856  -  ResidentSetSize of job (KB)
...
006 (113587245.000.000) 2023-04-05 21:51:50 Image size of job updated: 6409996
	1858  -  MemoryUsage of job (MB)
	1902232  -  ResidentSetSize of job (KB)
...
006 (113587245.000.000) 2023-04-05 22:01:51 Image size of job updated: 6409996
	1864  -  MemoryUsage of job (MB)
	1908176  -  ResidentSetSize of job (KB)
...
006 (113587245.000.000) 2023-04-05 22:06:52 Image size of job updated: 6409996
	1873  -  MemoryUsage of job (MB)
	1917060  -  ResidentSetSize of job (KB)
...
006 (113587245.000.000) 2023-04-05 22:11:53 Image size of job updated: 6409996
	1877  -  MemoryUsage of job (MB)
	1921264  -  ResidentSetSize of job (KB)
...
006 (113587245.000.000) 2023-04-05 22:26:55 Image size of job updated: 6409996
	1885  -  MemoryUsage of job (MB)
	1929848  -  ResidentSetSize of job (KB)
...
006 (113587245.000.000) 2023-04-05 22:31:55 Image size of job updated: 6409996
	1894  -  MemoryUsage of job (MB)
	1938984  -  ResidentSetSize of job (KB)
...
006 (113587245.000.000) 2023-04-05 23:47:02 Image size of job updated: 6435304
	2216  -  MemoryUsage of job (MB)
	2268304  -  ResidentSetSize of job (KB)
...
006 (113587245.000.000) 2023-04-06 01:07:10 Image size of job updated: 6435304
	2225  -  MemoryUsage of job (MB)
	2278388  -  ResidentSetSize of job (KB)
...
006 (113587245.000.000) 2023-04-06 01:52:16 Image size of job updated: 6447852
	2225  -  MemoryUsage of job (MB)
	2278388  -  ResidentSetSize of job (KB)
...
006 (113587245.000.000) 2023-04-06 05:17:33 Image size of job updated: 6447852
	2254  -  MemoryUsage of job (MB)
	2307884  -  ResidentSetSize of job (KB)
...
006 (113587245.000.000) 2023-04-06 07:47:49 Image size of job updated: 6525460
	2254  -  MemoryUsage of job (MB)
	2307884  -  ResidentSetSize of job (KB)
...
006 (113587245.000.000) 2023-04-06 12:28:15 Image size of job updated: 6775272
	2254  -  MemoryUsage of job (MB)
	2307884  -  ResidentSetSize of job (KB)
...
004 (113587245.000.000) 2023-04-06 15:02:14 Job was evicted.
	(0) CPU times
		Usr 1 08:16:04, Sys 0 00:01:40  -  Run Remote Usage
		Usr 0 00:00:00, Sys 0 00:00:00  -  Run Local Usage
	0  -  Run Bytes Sent By Job
	366  -  Run Bytes Received By Job
	Partitionable Resources :    Usage  Request Allocated 
	   Cpus                 :     2.22        1         1 
	   Disk (KB)            :  2794      500000    624256 
	   GPUs                 :                           0 
	   Memory (MB)          :  2254       20000     20096 
...
040 (113587245.000.000) 2023-04-06 15:24:23 Started transferring input files
	Transferring to host: <10.14.9.75:9618?addrs=10.14.9.75-9618&alias=node2075.cluster.ldas.cit&noUDP&sock=slot1_1_1472841_794e_9133>
...
040 (113587245.000.000) 2023-04-06 15:24:23 Finished transferring input files
...
001 (113587245.000.000) 2023-04-06 15:24:24 Job executing on host: <10.14.9.75:9618?addrs=10.14.9.75-9618&alias=node2075.cluster.ldas.cit&noUDP&sock=startd_1472802_3f80>
...
004 (113587245.000.000) 2023-04-06 16:04:49 Job was evicted.
	(0) CPU times
		Usr 0 01:15:00, Sys 0 00:00:08  -  Run Remote Usage
		Usr 0 00:00:00, Sys 0 00:00:00  -  Run Local Usage
	0  -  Run Bytes Sent By Job
	366  -  Run Bytes Received By Job
	Partitionable Resources :    Usage  Request Allocated 
	   Cpus                 :     0.97        1         1 
	   Disk (KB)            :  2713      500000    609620 
	   GPUs                 :                           0 
	   Memory (MB)          :  2442       20000     20096 
...
009 (113587245.000.000) 2023-04-06 16:04:49 Job was aborted.
	removed because <OtherJobRemoveRequirements = DAGManJobId =?= 113587193> fired when job (113587193.0) was removed
...
000 (113604358.000.000) 2023-04-06 16:28:16 Job submitted from host: <10.14.0.160:9618?addrs=10.14.0.160-9618&alias=ldas-pcdev2.ligo.caltech.edu&noUDP&sock=schedd_7450_a8a7>
    DAG Node: 362
...
040 (113604358.000.000) 2023-04-06 16:39:21 Started transferring input files
	Transferring to host: <10.14.10.101:9618?addrs=10.14.10.101-9618&alias=node2351.cluster.ldas.cit&noUDP&sock=slot1_11_4094864_e06d_1786>
...
040 (113604358.000.000) 2023-04-06 16:39:21 Finished transferring input files
...
001 (113604358.000.000) 2023-04-06 16:39:22 Job executing on host: <10.14.10.101:9618?addrs=10.14.10.101-9618&alias=node2351.cluster.ldas.cit&noUDP&sock=startd_4094820_8186>
...
006 (113604358.000.000) 2023-04-06 16:39:31 Image size of job updated: 196628
	193  -  MemoryUsage of job (MB)
	196620  -  ResidentSetSize of job (KB)
...
006 (113604358.000.000) 2023-04-06 16:44:32 Image size of job updated: 5233676
	199  -  MemoryUsage of job (MB)
	202892  -  ResidentSetSize of job (KB)
...
006 (113604358.000.000) 2023-04-06 16:49:32 Image size of job updated: 5233676
	377  -  MemoryUsage of job (MB)
	385584  -  ResidentSetSize of job (KB)
...
006 (113604358.000.000) 2023-04-06 16:54:33 Image size of job updated: 5233676
	386  -  MemoryUsage of job (MB)
	394628  -  ResidentSetSize of job (KB)
...
006 (113604358.000.000) 2023-04-06 16:59:34 Image size of job updated: 5233676
	485  -  MemoryUsage of job (MB)
	496012  -  ResidentSetSize of job (KB)
...
006 (113604358.000.000) 2023-04-06 17:04:34 Image size of job updated: 5233676
	490  -  MemoryUsage of job (MB)
	501492  -  ResidentSetSize of job (KB)
...
006 (113604358.000.000) 2023-04-06 17:09:34 Image size of job updated: 5233676
	552  -  MemoryUsage of job (MB)
	564880  -  ResidentSetSize of job (KB)
...
006 (113604358.000.000) 2023-04-06 17:14:35 Image size of job updated: 5233676
	560  -  MemoryUsage of job (MB)
	572440  -  ResidentSetSize of job (KB)
...
006 (113604358.000.000) 2023-04-06 17:19:36 Image size of job updated: 5233676
	591  -  MemoryUsage of job (MB)
	604260  -  ResidentSetSize of job (KB)
...
006 (113604358.000.000) 2023-04-06 17:24:36 Image size of job updated: 5233676
	602  -  MemoryUsage of job (MB)
	615668  -  ResidentSetSize of job (KB)
...
006 (113604358.000.000) 2023-04-06 17:29:36 Image size of job updated: 5233676
	609  -  MemoryUsage of job (MB)
	623024  -  ResidentSetSize of job (KB)
...
006 (113604358.000.000) 2023-04-06 17:34:37 Image size of job updated: 5233676
	616  -  MemoryUsage of job (MB)
	630736  -  ResidentSetSize of job (KB)
...
006 (113604358.000.000) 2023-04-06 17:39:38 Image size of job updated: 5233676
	617  -  MemoryUsage of job (MB)
	631268  -  ResidentSetSize of job (KB)
...
006 (113604358.000.000) 2023-04-06 18:04:40 Image size of job updated: 5233676
	702  -  MemoryUsage of job (MB)
	718480  -  ResidentSetSize of job (KB)
...
006 (113604358.000.000) 2023-04-06 18:14:42 Image size of job updated: 5265420
	744  -  MemoryUsage of job (MB)
	761000  -  ResidentSetSize of job (KB)
...
006 (113604358.000.000) 2023-04-06 18:19:42 Image size of job updated: 5265420
	744  -  MemoryUsage of job (MB)
	761016  -  ResidentSetSize of job (KB)
...
006 (113604358.000.000) 2023-04-06 18:24:42 Image size of job updated: 5286924
	786  -  MemoryUsage of job (MB)
	804640  -  ResidentSetSize of job (KB)
...
006 (113604358.000.000) 2023-04-06 18:29:43 Image size of job updated: 5286924
	786  -  MemoryUsage of job (MB)
	804716  -  ResidentSetSize of job (KB)
...
006 (113604358.000.000) 2023-04-06 18:34:43 Image size of job updated: 5289556
	853  -  MemoryUsage of job (MB)
	873248  -  ResidentSetSize of job (KB)
...
006 (113604358.000.000) 2023-04-06 18:39:43 Image size of job updated: 5289556
	909  -  MemoryUsage of job (MB)
	930752  -  ResidentSetSize of job (KB)
...
006 (113604358.000.000) 2023-04-06 18:44:44 Image size of job updated: 5321676
	914  -  MemoryUsage of job (MB)
	935280  -  ResidentSetSize of job (KB)
...
006 (113604358.000.000) 2023-04-06 18:49:45 Image size of job updated: 5321676
	976  -  MemoryUsage of job (MB)
	998984  -  ResidentSetSize of job (KB)
...
006 (113604358.000.000) 2023-04-06 19:19:48 Image size of job updated: 5321676
	978  -  MemoryUsage of job (MB)
	1000808  -  ResidentSetSize of job (KB)
...
006 (113604358.000.000) 2023-04-06 19:24:49 Image size of job updated: 5321676
	981  -  MemoryUsage of job (MB)
	1003904  -  ResidentSetSize of job (KB)
...
006 (113604358.000.000) 2023-04-06 19:29:49 Image size of job updated: 5321676
	988  -  MemoryUsage of job (MB)
	1011176  -  ResidentSetSize of job (KB)
...
006 (113604358.000.000) 2023-04-06 19:34:49 Image size of job updated: 5321676
	995  -  MemoryUsage of job (MB)
	1018284  -  ResidentSetSize of job (KB)
...
006 (113604358.000.000) 2023-04-06 19:39:50 Image size of job updated: 5327852
	1003  -  MemoryUsage of job (MB)
	1026488  -  ResidentSetSize of job (KB)
...
006 (113604358.000.000) 2023-04-06 19:44:51 Image size of job updated: 5330200
	1007  -  MemoryUsage of job (MB)
	1030892  -  ResidentSetSize of job (KB)
...
006 (113604358.000.000) 2023-04-06 19:49:51 Image size of job updated: 5333060
	1012  -  MemoryUsage of job (MB)
	1035768  -  ResidentSetSize of job (KB)
...
006 (113604358.000.000) 2023-04-06 19:54:51 Image size of job updated: 5340008
	1018  -  MemoryUsage of job (MB)
	1042432  -  ResidentSetSize of job (KB)
...
006 (113604358.000.000) 2023-04-06 20:04:53 Image size of job updated: 5349612
	1023  -  MemoryUsage of job (MB)
	1046760  -  ResidentSetSize of job (KB)
...
006 (113604358.000.000) 2023-04-06 20:09:53 Image size of job updated: 5350012
	1025  -  MemoryUsage of job (MB)
	1049516  -  ResidentSetSize of job (KB)
...
006 (113604358.000.000) 2023-04-06 20:14:54 Image size of job updated: 5403636
	1029  -  MemoryUsage of job (MB)
	1052944  -  ResidentSetSize of job (KB)
...
006 (113604358.000.000) 2023-04-06 20:19:55 Image size of job updated: 5403636
	1052  -  MemoryUsage of job (MB)
	1076872  -  ResidentSetSize of job (KB)
...
006 (113604358.000.000) 2023-04-06 20:24:55 Image size of job updated: 5403636
	1056  -  MemoryUsage of job (MB)
	1080636  -  ResidentSetSize of job (KB)
...
006 (113604358.000.000) 2023-04-06 20:39:57 Image size of job updated: 5468564
	1092  -  MemoryUsage of job (MB)
	1117404  -  ResidentSetSize of job (KB)
...
006 (113604358.000.000) 2023-04-06 20:44:57 Image size of job updated: 5468564
	1092  -  MemoryUsage of job (MB)
	1118060  -  ResidentSetSize of job (KB)
...
006 (113604358.000.000) 2023-04-06 20:54:59 Image size of job updated: 5496276
	1113  -  MemoryUsage of job (MB)
	1139392  -  ResidentSetSize of job (KB)
...
006 (113604358.000.000) 2023-04-06 20:59:59 Image size of job updated: 5496276
	1115  -  MemoryUsage of job (MB)
	1141452  -  ResidentSetSize of job (KB)
...
006 (113604358.000.000) 2023-04-06 21:04:59 Image size of job updated: 5496276
	1118  -  MemoryUsage of job (MB)
	1143992  -  ResidentSetSize of job (KB)
...
006 (113604358.000.000) 2023-04-06 21:10:00 Image size of job updated: 5496276
	1119  -  MemoryUsage of job (MB)
	1145348  -  ResidentSetSize of job (KB)
...
006 (113604358.000.000) 2023-04-06 21:15:01 Image size of job updated: 5496276
	1124  -  MemoryUsage of job (MB)
	1150412  -  ResidentSetSize of job (KB)
...
006 (113604358.000.000) 2023-04-06 21:30:03 Image size of job updated: 5496276
	1228  -  MemoryUsage of job (MB)
	1257308  -  ResidentSetSize of job (KB)
...
006 (113604358.000.000) 2023-04-06 21:35:03 Image size of job updated: 5496276
	1259  -  MemoryUsage of job (MB)
	1288812  -  ResidentSetSize of job (KB)
...
006 (113604358.000.000) 2023-04-06 21:40:03 Image size of job updated: 5496276
	1282  -  MemoryUsage of job (MB)
	1312276  -  ResidentSetSize of job (KB)
...
006 (113604358.000.000) 2023-04-06 21:45:04 Image size of job updated: 5496276
	1372  -  MemoryUsage of job (MB)
	1404660  -  ResidentSetSize of job (KB)
...
006 (113604358.000.000) 2023-04-06 21:50:05 Image size of job updated: 5496276
	1373  -  MemoryUsage of job (MB)
	1405508  -  ResidentSetSize of job (KB)
...
006 (113604358.000.000) 2023-04-06 21:55:05 Image size of job updated: 5496276
	1405  -  MemoryUsage of job (MB)
	1437812  -  ResidentSetSize of job (KB)
...
006 (113604358.000.000) 2023-04-06 22:00:06 Image size of job updated: 5496276
	1408  -  MemoryUsage of job (MB)
	1441472  -  ResidentSetSize of job (KB)
...
006 (113604358.000.000) 2023-04-06 22:05:07 Image size of job updated: 5511360
	1428  -  MemoryUsage of job (MB)
	1462008  -  ResidentSetSize of job (KB)
...
006 (113604358.000.000) 2023-04-06 22:10:07 Image size of job updated: 5514088
	1433  -  MemoryUsage of job (MB)
	1466996  -  ResidentSetSize of job (KB)
...
006 (113604358.000.000) 2023-04-06 22:20:08 Image size of job updated: 5593868
	1438  -  MemoryUsage of job (MB)
	1471952  -  ResidentSetSize of job (KB)
...
006 (113604358.000.000) 2023-04-06 22:25:09 Image size of job updated: 5593868
	1439  -  MemoryUsage of job (MB)
	1472828  -  ResidentSetSize of job (KB)
...
006 (113604358.000.000) 2023-04-06 22:30:09 Image size of job updated: 5593868
	1443  -  MemoryUsage of job (MB)
	1477528  -  ResidentSetSize of job (KB)
...
006 (113604358.000.000) 2023-04-06 22:35:09 Image size of job updated: 5593868
	1446  -  MemoryUsage of job (MB)
	1480128  -  ResidentSetSize of job (KB)
...
006 (113604358.000.000) 2023-04-06 22:45:10 Image size of job updated: 5593868
	1454  -  MemoryUsage of job (MB)
	1488464  -  ResidentSetSize of job (KB)
...
006 (113604358.000.000) 2023-04-06 22:50:10 Image size of job updated: 5593868
	1455  -  MemoryUsage of job (MB)
	1489760  -  ResidentSetSize of job (KB)
...
006 (113604358.000.000) 2023-04-06 22:55:11 Image size of job updated: 5626364
	1463  -  MemoryUsage of job (MB)
	1497528  -  ResidentSetSize of job (KB)
...
006 (113604358.000.000) 2023-04-06 23:00:12 Image size of job updated: 5626364
	1475  -  MemoryUsage of job (MB)
	1510328  -  ResidentSetSize of job (KB)
...
006 (113604358.000.000) 2023-04-06 23:05:12 Image size of job updated: 5626364
	1484  -  MemoryUsage of job (MB)
	1519396  -  ResidentSetSize of job (KB)
...
006 (113604358.000.000) 2023-04-06 23:10:12 Image size of job updated: 5626364
	1485  -  MemoryUsage of job (MB)
	1520044  -  ResidentSetSize of job (KB)
...
006 (113604358.000.000) 2023-04-06 23:15:14 Image size of job updated: 5626364
	1501  -  MemoryUsage of job (MB)
	1536964  -  ResidentSetSize of job (KB)
...
006 (113604358.000.000) 2023-04-06 23:20:14 Image size of job updated: 5626364
	1508  -  MemoryUsage of job (MB)
	1543180  -  ResidentSetSize of job (KB)
...
006 (113604358.000.000) 2023-04-06 23:25:14 Image size of job updated: 5626364
	1508  -  MemoryUsage of job (MB)
	1543496  -  ResidentSetSize of job (KB)
...
006 (113604358.000.000) 2023-04-06 23:30:15 Image size of job updated: 5626364
	1509  -  MemoryUsage of job (MB)
	1544624  -  ResidentSetSize of job (KB)
...
006 (113604358.000.000) 2023-04-06 23:35:16 Image size of job updated: 5626364
	1515  -  MemoryUsage of job (MB)
	1550980  -  ResidentSetSize of job (KB)
...
006 (113604358.000.000) 2023-04-06 23:45:16 Image size of job updated: 5705016
	1524  -  MemoryUsage of job (MB)
	1559596  -  ResidentSetSize of job (KB)
...
006 (113604358.000.000) 2023-04-06 23:50:17 Image size of job updated: 5705016
	1526  -  MemoryUsage of job (MB)
	1561896  -  ResidentSetSize of job (KB)
...
006 (113604358.000.000) 2023-04-07 00:10:20 Image size of job updated: 5705016
	1554  -  MemoryUsage of job (MB)
	1590336  -  ResidentSetSize of job (KB)
...
006 (113604358.000.000) 2023-04-07 00:25:21 Image size of job updated: 5740780
	1554  -  MemoryUsage of job (MB)
	1590336  -  ResidentSetSize of job (KB)
...
006 (113604358.000.000) 2023-04-07 00:35:21 Image size of job updated: 5749080
	1558  -  MemoryUsage of job (MB)
	1594748  -  ResidentSetSize of job (KB)
...
006 (113604358.000.000) 2023-04-07 00:50:23 Image size of job updated: 5749080
	1559  -  MemoryUsage of job (MB)
	1595440  -  ResidentSetSize of job (KB)
...
006 (113604358.000.000) 2023-04-07 01:10:25 Image size of job updated: 5855688
	1559  -  MemoryUsage of job (MB)
	1595440  -  ResidentSetSize of job (KB)
...
006 (113604358.000.000) 2023-04-07 01:25:27 Image size of job updated: 5855688
	1563  -  MemoryUsage of job (MB)
	1600056  -  ResidentSetSize of job (KB)
...
006 (113604358.000.000) 2023-04-07 01:30:27 Image size of job updated: 5855688
	1564  -  MemoryUsage of job (MB)
	1601184  -  ResidentSetSize of job (KB)
...
006 (113604358.000.000) 2023-04-07 01:35:28 Image size of job updated: 5855688
	1582  -  MemoryUsage of job (MB)
	1619056  -  ResidentSetSize of job (KB)
...
006 (113604358.000.000) 2023-04-07 01:40:29 Image size of job updated: 5855688
	1584  -  MemoryUsage of job (MB)
	1621104  -  ResidentSetSize of job (KB)
...
006 (113604358.000.000) 2023-04-07 01:45:29 Image size of job updated: 5855688
	1685  -  MemoryUsage of job (MB)
	1725140  -  ResidentSetSize of job (KB)
...
006 (113604358.000.000) 2023-04-07 05:45:50 Image size of job updated: 5863240
	1685  -  MemoryUsage of job (MB)
	1725140  -  ResidentSetSize of job (KB)
...
006 (113604358.000.000) 2023-04-07 06:05:52 Image size of job updated: 5879164
	1685  -  MemoryUsage of job (MB)
	1725140  -  ResidentSetSize of job (KB)
...
006 (113604358.000.000) 2023-04-07 06:45:56 Image size of job updated: 5896832
	1685  -  MemoryUsage of job (MB)
	1725140  -  ResidentSetSize of job (KB)
...
006 (113604358.000.000) 2023-04-07 07:10:59 Image size of job updated: 5896832
	1688  -  MemoryUsage of job (MB)
	1728372  -  ResidentSetSize of job (KB)
...
006 (113604358.000.000) 2023-04-07 07:26:01 Image size of job updated: 5914736
	1688  -  MemoryUsage of job (MB)
	1728372  -  ResidentSetSize of job (KB)
...
006 (113604358.000.000) 2023-04-07 07:41:02 Image size of job updated: 5914736
	1699  -  MemoryUsage of job (MB)
	1739712  -  ResidentSetSize of job (KB)
...
006 (113604358.000.000) 2023-04-07 07:51:03 Image size of job updated: 5914736
	1700  -  MemoryUsage of job (MB)
	1740760  -  ResidentSetSize of job (KB)
...
006 (113604358.000.000) 2023-04-07 07:56:03 Image size of job updated: 5914736
	1707  -  MemoryUsage of job (MB)
	1747504  -  ResidentSetSize of job (KB)
...
006 (113604358.000.000) 2023-04-07 08:06:05 Image size of job updated: 5937620
	1707  -  MemoryUsage of job (MB)
	1747504  -  ResidentSetSize of job (KB)
...
006 (113604358.000.000) 2023-04-07 08:51:09 Image size of job updated: 5937620
	1719  -  MemoryUsage of job (MB)
	1760036  -  ResidentSetSize of job (KB)
...
006 (113604358.000.000) 2023-04-07 09:11:11 Image size of job updated: 5980328
	1719  -  MemoryUsage of job (MB)
	1760036  -  ResidentSetSize of job (KB)
...
006 (113604358.000.000) 2023-04-07 09:31:13 Image size of job updated: 5993008
	1735  -  MemoryUsage of job (MB)
	1775724  -  ResidentSetSize of job (KB)
...
006 (113604358.000.000) 2023-04-07 09:41:15 Image size of job updated: 5993008
	1736  -  MemoryUsage of job (MB)
	1777036  -  ResidentSetSize of job (KB)
...
006 (113604358.000.000) 2023-04-07 09:51:16 Image size of job updated: 5993008
	1744  -  MemoryUsage of job (MB)
	1785136  -  ResidentSetSize of job (KB)
...
006 (113604358.000.000) 2023-04-07 10:21:19 Image size of job updated: 6014476
	1744  -  MemoryUsage of job (MB)
	1785136  -  ResidentSetSize of job (KB)
...
006 (113604358.000.000) 2023-04-07 10:26:20 Image size of job updated: 6014476
	1748  -  MemoryUsage of job (MB)
	1789096  -  ResidentSetSize of job (KB)
...
006 (113604358.000.000) 2023-04-07 10:36:21 Image size of job updated: 6032984
	1748  -  MemoryUsage of job (MB)
	1789096  -  ResidentSetSize of job (KB)
...
006 (113604358.000.000) 2023-04-07 11:41:28 Image size of job updated: 6032984
	1762  -  MemoryUsage of job (MB)
	1803352  -  ResidentSetSize of job (KB)
...
006 (113604358.000.000) 2023-04-07 11:46:29 Image size of job updated: 6032984
	1762  -  MemoryUsage of job (MB)
	1804224  -  ResidentSetSize of job (KB)
...
006 (113604358.000.000) 2023-04-07 11:56:30 Image size of job updated: 6056960
	1775  -  MemoryUsage of job (MB)
	1816584  -  ResidentSetSize of job (KB)
...
006 (113604358.000.000) 2023-04-07 12:01:31 Image size of job updated: 6056960
	1777  -  MemoryUsage of job (MB)
	1819216  -  ResidentSetSize of job (KB)
...
006 (113604358.000.000) 2023-04-07 12:26:33 Image size of job updated: 6064696
	1781  -  MemoryUsage of job (MB)
	1823512  -  ResidentSetSize of job (KB)
...
006 (113604358.000.000) 2023-04-07 12:51:36 Image size of job updated: 6064696
	1784  -  MemoryUsage of job (MB)
	1826748  -  ResidentSetSize of job (KB)
...
006 (113604358.000.000) 2023-04-07 12:56:37 Image size of job updated: 6064696
	1785  -  MemoryUsage of job (MB)
	1827112  -  ResidentSetSize of job (KB)
...
006 (113604358.000.000) 2023-04-07 13:26:39 Image size of job updated: 6064696
	1798  -  MemoryUsage of job (MB)
	1840372  -  ResidentSetSize of job (KB)
...
006 (113604358.000.000) 2023-04-07 13:31:40 Image size of job updated: 6074968
	1798  -  MemoryUsage of job (MB)
	1840372  -  ResidentSetSize of job (KB)
...
006 (113604358.000.000) 2023-04-07 13:46:41 Image size of job updated: 6074968
	1821  -  MemoryUsage of job (MB)
	1864268  -  ResidentSetSize of job (KB)
...
006 (113604358.000.000) 2023-04-07 15:36:52 Image size of job updated: 6082896
	1821  -  MemoryUsage of job (MB)
	1864268  -  ResidentSetSize of job (KB)
...
006 (113604358.000.000) 2023-04-07 16:21:55 Image size of job updated: 6269748
	1821  -  MemoryUsage of job (MB)
	1864268  -  ResidentSetSize of job (KB)
...
006 (113604358.000.000) 2023-04-07 16:41:58 Image size of job updated: 6311504
	1821  -  MemoryUsage of job (MB)
	1864268  -  ResidentSetSize of job (KB)
...
006 (113604358.000.000) 2023-04-07 17:17:01 Image size of job updated: 6311504
	1823  -  MemoryUsage of job (MB)
	1866024  -  ResidentSetSize of job (KB)
...
006 (113604358.000.000) 2023-04-07 18:57:11 Image size of job updated: 6311504
	1849  -  MemoryUsage of job (MB)
	1892812  -  ResidentSetSize of job (KB)
...
006 (113604358.000.000) 2023-04-07 19:17:13 Image size of job updated: 6311504
	1862  -  MemoryUsage of job (MB)
	1905856  -  ResidentSetSize of job (KB)
...
004 (113604358.000.000) 2023-04-07 21:24:14 Job was evicted.
	(0) CPU times
		Usr 4 10:37:33, Sys 0 00:04:24  -  Run Remote Usage
		Usr 0 00:00:00, Sys 0 00:00:00  -  Run Local Usage
	0  -  Run Bytes Sent By Job
	366  -  Run Bytes Received By Job
	Partitionable Resources :    Usage  Request Allocated 
	   Cpus                 :     0.98        1         1 
	   Disk (KB)            :  4431      500000    624248 
	   GPUs                 :                           0 
	   Memory (MB)          :  1862       20000     20096 
...
040 (113604358.000.000) 2023-04-07 22:27:43 Started transferring input files
	Transferring to host: <10.14.10.93:9618?addrs=10.14.10.93-9618&alias=node2343.cluster.ldas.cit&noUDP&sock=slot1_13_2501184_2547_3789>
...
040 (113604358.000.000) 2023-04-07 22:27:43 Finished transferring input files
...
001 (113604358.000.000) 2023-04-07 22:27:44 Job executing on host: <10.14.10.93:9618?addrs=10.14.10.93-9618&alias=node2343.cluster.ldas.cit&noUDP&sock=startd_2501141_44bb>
...
006 (113604358.000.000) 2023-04-08 07:38:51 Image size of job updated: 7500000
	2084  -  MemoryUsage of job (MB)
	2133120  -  ResidentSetSize of job (KB)
...
006 (113604358.000.000) 2023-04-08 10:49:11 Image size of job updated: 7500000
	2163  -  MemoryUsage of job (MB)
	2214060  -  ResidentSetSize of job (KB)
...
006 (113604358.000.000) 2023-04-08 11:09:13 Image size of job updated: 7500000
	2191  -  MemoryUsage of job (MB)
	2243356  -  ResidentSetSize of job (KB)
...
004 (113604358.000.000) 2023-04-08 22:50:40 Job was evicted.
	(0) CPU times
		Usr 3 08:32:05, Sys 0 00:02:35  -  Run Remote Usage
		Usr 0 00:00:00, Sys 0 00:00:00  -  Run Local Usage
	0  -  Run Bytes Sent By Job
	366  -  Run Bytes Received By Job
	Partitionable Resources :    Usage  Request Allocated 
	   Cpus                 :     1.99        1         1 
	   Disk (KB)            :  3405      500000    624256 
	   GPUs                 :                           0 
	   Memory (MB)          :  2191       20000     20096 
...
040 (113604358.000.000) 2023-04-08 22:51:25 Started transferring input files
	Transferring to host: <10.14.10.66:9618?addrs=10.14.10.66-9618&alias=node2316.cluster.ldas.cit&noUDP&sock=slot1_16_689286_17b7_6459>
...
040 (113604358.000.000) 2023-04-08 22:51:25 Finished transferring input files
...
001 (113604358.000.000) 2023-04-08 22:51:26 Job executing on host: <10.14.10.66:9618?addrs=10.14.10.66-9618&alias=node2316.cluster.ldas.cit&noUDP&sock=startd_689244_a234>
...
006 (113604358.000.000) 2023-04-09 07:32:27 Image size of job updated: 7500000
	2218  -  MemoryUsage of job (MB)
	2270740  -  ResidentSetSize of job (KB)
...
006 (113604358.000.000) 2023-04-09 17:28:31 Image size of job updated: 7500000
	2511  -  MemoryUsage of job (MB)
	2570936  -  ResidentSetSize of job (KB)
...
004 (113604358.000.000) 2023-04-09 22:52:13 Job was evicted.
	(0) CPU times
		Usr 3 09:28:28, Sys 0 00:03:44  -  Run Remote Usage
		Usr 0 00:00:00, Sys 0 00:00:00  -  Run Local Usage
	0  -  Run Bytes Sent By Job
	366  -  Run Bytes Received By Job
	Partitionable Resources :    Usage  Request Allocated 
	   Cpus                 :     1.98        1         1 
	   Disk (KB)            :  3132      500000    624256 
	   GPUs                 :                           0 
	   Memory (MB)          :  2511       20000     20096 
...
040 (113604358.000.000) 2023-04-09 22:56:29 Started transferring input files
	Transferring to host: <10.14.3.47:9618?addrs=10.14.3.47-9618&alias=node547.cluster.ldas.cit&noUDP&sock=slot1_13_344813_b39f_39539>
...
040 (113604358.000.000) 2023-04-09 22:56:29 Finished transferring input files
...
001 (113604358.000.000) 2023-04-09 22:56:30 Job executing on host: <10.14.3.47:9618?addrs=10.14.3.47-9618&alias=node547.cluster.ldas.cit&noUDP&sock=startd_344776_3cbb>
...
004 (113604358.000.000) 2023-04-10 09:14:49 Job was evicted.
	(0) CPU times
		Usr 1 11:06:51, Sys 0 00:04:46  -  Run Remote Usage
		Usr 0 00:00:00, Sys 0 00:00:00  -  Run Local Usage
	0  -  Run Bytes Sent By Job
	366  -  Run Bytes Received By Job
	Partitionable Resources :    Usage  Request Allocated 
	   Cpus                 :     2.94        1         1 
	   Disk (KB)            :  2784      500000    609620 
	   GPUs                 :                           0 
	   Memory (MB)          :  2686       20000     20096 
...
040 (113604358.000.000) 2023-04-10 09:19:42 Started transferring input files
	Transferring to host: <10.14.10.97:9618?addrs=10.14.10.97-9618&alias=node2347.cluster.ldas.cit&noUDP&sock=slot1_23_2285595_3128_46897>
...
040 (113604358.000.000) 2023-04-10 09:19:42 Finished transferring input files
...
001 (113604358.000.000) 2023-04-10 09:19:43 Job executing on host: <10.14.10.97:9618?addrs=10.14.10.97-9618&alias=node2347.cluster.ldas.cit&noUDP&sock=startd_4165_6c0b>
...
004 (113604358.000.000) 2023-04-11 09:41:59 Job was evicted.
	(0) CPU times
		Usr 2 13:29:54, Sys 0 00:02:56  -  Run Remote Usage
		Usr 0 00:00:00, Sys 0 00:00:00  -  Run Local Usage
	0  -  Run Bytes Sent By Job
	366  -  Run Bytes Received By Job
	Partitionable Resources :    Usage  Request Allocated 
	   Cpus                 :     4.27        1         1 
	   Disk (KB)            :  2923      500000    624256 
	   GPUs                 :                           0 
	   Memory (MB)          :  2686       20000     20096 
...
040 (113604358.000.000) 2023-04-11 09:47:44 Started transferring input files
	Transferring to host: <10.14.0.201:9618?addrs=10.14.0.201-9618&alias=deepclean.ldas.cit&noUDP&sock=slot1_28_10512_67a5_4848>
...
040 (113604358.000.000) 2023-04-11 09:47:44 Finished transferring input files
...
001 (113604358.000.000) 2023-04-11 09:47:45 Job executing on host: <10.14.0.201:9618?addrs=10.14.0.201-9618&alias=deepclean.ldas.cit&noUDP&sock=startd_8358_78a6>
...
004 (113604358.000.000) 2023-04-11 13:40:25 Job was evicted.
	(0) CPU times
		Usr 0 14:02:17, Sys 0 00:00:42  -  Run Remote Usage
		Usr 0 00:00:00, Sys 0 00:00:00  -  Run Local Usage
	0  -  Run Bytes Sent By Job
	366  -  Run Bytes Received By Job
	Partitionable Resources :    Usage  Request Allocated 
	   Cpus                 :     0.99        1         1 
	   Disk (KB)            :  2750      500000   1128801 
	   GPUs                 :                           0 
	   Memory (MB)          :  2686       20000     20096 
...
040 (113604358.000.000) 2023-04-11 13:44:25 Started transferring input files
	Transferring to host: <10.14.10.84:9618?addrs=10.14.10.84-9618&alias=node2334.cluster.ldas.cit&noUDP&sock=slot1_1_2675923_9429_10457>
...
040 (113604358.000.000) 2023-04-11 13:44:25 Finished transferring input files
...
001 (113604358.000.000) 2023-04-11 13:44:26 Job executing on host: <10.14.10.84:9618?addrs=10.14.10.84-9618&alias=node2334.cluster.ldas.cit&noUDP&sock=startd_2675879_009d>
...
006 (113604358.000.000) 2023-04-12 02:40:55 Image size of job updated: 7500000
	2761  -  MemoryUsage of job (MB)
	2826348  -  ResidentSetSize of job (KB)
...
006 (113604358.000.000) 2023-04-12 08:16:31 Image size of job updated: 7500000
	2814  -  MemoryUsage of job (MB)
	2881276  -  ResidentSetSize of job (KB)
...
004 (113604358.000.000) 2023-04-12 13:44:28 Job was evicted.
	(0) CPU times
		Usr 3 19:59:27, Sys 0 00:03:01  -  Run Remote Usage
		Usr 0 00:00:00, Sys 0 00:00:00  -  Run Local Usage
	0  -  Run Bytes Sent By Job
	366  -  Run Bytes Received By Job
	Partitionable Resources :    Usage  Request Allocated 
	   Cpus                 :     6.93        1         1 
	   Disk (KB)            :  3159      500000    624256 
	   GPUs                 :                           0 
	   Memory (MB)          :  2814       20000     20096 
...
040 (113604358.000.000) 2023-04-12 14:33:18 Started transferring input files
	Transferring to host: <10.14.4.23:9618?addrs=10.14.4.23-9618&alias=node773.cluster.ldas.cit&noUDP&sock=slot1_3_4026539_bbb3_13700>
...
040 (113604358.000.000) 2023-04-12 14:33:18 Finished transferring input files
...
001 (113604358.000.000) 2023-04-12 14:33:19 Job executing on host: <10.14.4.23:9618?addrs=10.14.4.23-9618&alias=node773.cluster.ldas.cit&noUDP&sock=startd_4026501_5abf>
...
004 (113604358.000.000) 2023-04-13 14:34:04 Job was evicted.
	(0) CPU times
		Usr 3 15:13:18, Sys 0 00:11:20  -  Run Remote Usage
		Usr 0 00:00:00, Sys 0 00:00:00  -  Run Local Usage
	0  -  Run Bytes Sent By Job
	366  -  Run Bytes Received By Job
	Partitionable Resources :    Usage  Request Allocated 
	   Cpus                 :     1.00        1         1 
	   Disk (KB)            :  2830      500000    609620 
	   GPUs                 :                           0 
	   Memory (MB)          :  2930       20000     20096 
...
040 (113604358.000.000) 2023-04-13 16:53:42 Started transferring input files
	Transferring to host: <10.14.4.47:9618?addrs=10.14.4.47-9618&alias=node797.cluster.ldas.cit&noUDP&sock=slot1_6_3947040_7ef2_24532>
...
040 (113604358.000.000) 2023-04-13 16:53:42 Finished transferring input files
...
001 (113604358.000.000) 2023-04-13 16:53:43 Job executing on host: <10.14.4.47:9618?addrs=10.14.4.47-9618&alias=node797.cluster.ldas.cit&noUDP&sock=startd_3946900_b07d>
...
004 (113604358.000.000) 2023-04-14 16:53:49 Job was evicted.
	(0) CPU times
		Usr 2 08:14:18, Sys 0 00:03:47  -  Run Remote Usage
		Usr 0 00:00:00, Sys 0 00:00:00  -  Run Local Usage
	0  -  Run Bytes Sent By Job
	366  -  Run Bytes Received By Job
	Partitionable Resources :    Usage  Request Allocated 
	   Cpus                 :     4.46        1         1 
	   Disk (KB)            :  2784      500000    624256 
	   GPUs                 :                           0 
	   Memory (MB)          :  2930       20000     20096 
...
040 (113604358.000.000) 2023-04-14 17:34:35 Started transferring input files
	Transferring to host: <10.14.10.82:9618?addrs=10.14.10.82-9618&alias=node2332.cluster.ldas.cit&noUDP&sock=slot1_15_371416_ebf9_12322>
...
040 (113604358.000.000) 2023-04-14 17:34:35 Finished transferring input files
...
001 (113604358.000.000) 2023-04-14 17:34:36 Job executing on host: <10.14.10.82:9618?addrs=10.14.10.82-9618&alias=node2332.cluster.ldas.cit&noUDP&sock=startd_371372_e18e>
...
006 (113604358.000.000) 2023-04-15 06:46:05 Image size of job updated: 7500000
	3047  -  MemoryUsage of job (MB)
	3119440  -  ResidentSetSize of job (KB)
...
006 (113604358.000.000) 2023-04-15 09:56:24 Image size of job updated: 7778660
	3047  -  MemoryUsage of job (MB)
	3119440  -  ResidentSetSize of job (KB)
...
006 (113604358.000.000) 2023-04-15 10:01:25 Image size of job updated: 24515696
	3047  -  MemoryUsage of job (MB)
	3119440  -  ResidentSetSize of job (KB)
...
040 (113604358.000.000) 2023-04-15 10:01:44 Started transferring output files
...
040 (113604358.000.000) 2023-04-15 10:01:44 Finished transferring output files
...
005 (113604358.000.000) 2023-04-15 10:01:44 Job terminated.
	(1) Normal termination (return value 0)
		Usr 2 21:19:32, Sys 0 00:02:26  -  Run Remote Usage
		Usr 0 00:00:00, Sys 0 00:00:00  -  Run Local Usage
		Usr 28 12:03:43, Sys 0 00:39:41  -  Total Remote Usage
		Usr 0 00:00:00, Sys 0 00:00:00  -  Total Local Usage
	3110417  -  Run Bytes Sent By Job
	366  -  Run Bytes Received By Job
	3110417  -  Total Bytes Sent By Job
	3660  -  Total Bytes Received By Job
	Partitionable Resources :    Usage  Request Allocated 
	   Cpus                 :     5.24        1         1 
	   Disk (KB)            :  3061      500000    624256 
	   GPUs                 :                           0 
	   Memory (MB)          :  3047       20000     20096 

	Job terminated of its own accord at 2023-04-15T17:01:44Z with exit-code 0.
...
