14:04 bilby INFO    : Waveform generator initiated with
  frequency_domain_source_model: bilby.gw.source.lal_binary_black_hole
  time_domain_source_model: None
  parameter_conversion: bilby.gw.conversion.convert_to_lal_binary_black_hole_parameters
14:04 bilby INFO    : Injected signal in H1:
14:04 bilby INFO    :   optimal SNR = 7.88
14:04 bilby INFO    :   matched filter SNR = 6.56-0.36j
14:04 bilby INFO    :   mass_1 = 92.00582984911838
14:04 bilby INFO    :   mass_2 = 79.33193307236482
14:04 bilby INFO    :   a_1 = 0.2699763277743567
14:04 bilby INFO    :   a_2 = 0.27191993784738877
14:04 bilby INFO    :   tilt_1 = 0.7867172940807415
14:04 bilby INFO    :   tilt_2 = 1.0580643895538877
14:04 bilby INFO    :   phi_12 = 1.9495533351692762
14:04 bilby INFO    :   phi_jl = 4.998154198262377
14:04 bilby INFO    :   luminosity_distance = 3911.2025274899
14:04 bilby INFO    :   theta_jn = 0.44199635651397895
14:04 bilby INFO    :   psi = 2.7339274356
14:04 bilby INFO    :   phase = 1.8509936958000002
14:04 bilby INFO    :   geocent_time = 1126259642.413
14:04 bilby INFO    :   ra = 1.0268211341
14:04 bilby INFO    :   dec = 3.3792061144
14:04 bilby INFO    : Injected signal in L1:
14:04 bilby INFO    :   optimal SNR = 13.01
14:04 bilby INFO    :   matched filter SNR = 13.28-0.43j
14:04 bilby INFO    :   mass_1 = 92.00582984911838
14:04 bilby INFO    :   mass_2 = 79.33193307236482
14:04 bilby INFO    :   a_1 = 0.2699763277743567
14:04 bilby INFO    :   a_2 = 0.27191993784738877
14:04 bilby INFO    :   tilt_1 = 0.7867172940807415
14:04 bilby INFO    :   tilt_2 = 1.0580643895538877
14:04 bilby INFO    :   phi_12 = 1.9495533351692762
14:04 bilby INFO    :   phi_jl = 4.998154198262377
14:04 bilby INFO    :   luminosity_distance = 3911.2025274899
14:04 bilby INFO    :   theta_jn = 0.44199635651397895
14:04 bilby INFO    :   psi = 2.7339274356
14:04 bilby INFO    :   phase = 1.8509936958000002
14:04 bilby INFO    :   geocent_time = 1126259642.413
14:04 bilby INFO    :   ra = 1.0268211341
14:04 bilby INFO    :   dec = 3.3792061144
14:04 bilby INFO    : Injected signal in V1:
14:04 bilby INFO    :   optimal SNR = 2.73
14:04 bilby INFO    :   matched filter SNR = 3.37+0.25j
14:04 bilby INFO    :   mass_1 = 92.00582984911838
14:04 bilby INFO    :   mass_2 = 79.33193307236482
14:04 bilby INFO    :   a_1 = 0.2699763277743567
14:04 bilby INFO    :   a_2 = 0.27191993784738877
14:04 bilby INFO    :   tilt_1 = 0.7867172940807415
14:04 bilby INFO    :   tilt_2 = 1.0580643895538877
14:04 bilby INFO    :   phi_12 = 1.9495533351692762
14:04 bilby INFO    :   phi_jl = 4.998154198262377
14:04 bilby INFO    :   luminosity_distance = 3911.2025274899
14:04 bilby INFO    :   theta_jn = 0.44199635651397895
14:04 bilby INFO    :   psi = 2.7339274356
14:04 bilby INFO    :   phase = 1.8509936958000002
14:04 bilby INFO    :   geocent_time = 1126259642.413
14:04 bilby INFO    :   ra = 1.0268211341
14:04 bilby INFO    :   dec = 3.3792061144
14:04 bilby INFO    : Running for label 'job_00787_justSpin', output will be saved to '/home/simona.miller/comp-spin-mock-injections/Data/IndividualInferenceOutput/new_bilby/population2_mediumSpin_highmass'
14:04 bilby INFO    : Using lal version 7.3.0
14:04 bilby INFO    : Using lal git version Branch: None;Tag: lalsuite-v7.13;Id: ec1fcb1d2d1dab69321fdb8f0afef1f867b11e06;;Builder: Unknown User <>;Repository status: UNCLEAN: Modified working tree
14:04 bilby INFO    : Using lalsimulation version 5.0.0
14:04 bilby INFO    : Using lalsimulation git version Branch: None;Tag: lalsuite-v7.13;Id: ec1fcb1d2d1dab69321fdb8f0afef1f867b11e06;;Builder: Unknown User <>;Repository status: UNCLEAN: Modified working tree
14:04 bilby INFO    : Analysis priors:
14:04 bilby INFO    : a_1=Uniform(minimum=0, maximum=0.99, name='a_1', latex_label='$a_1$', unit=None, boundary=None)
14:04 bilby INFO    : a_2=Uniform(minimum=0, maximum=0.99, name='a_2', latex_label='$a_2$', unit=None, boundary=None)
14:04 bilby INFO    : tilt_1=Sine(minimum=0, maximum=3.141592653589793, name='tilt_1', latex_label='$\\theta_1$', unit=None, boundary=None)
14:04 bilby INFO    : tilt_2=Sine(minimum=0, maximum=3.141592653589793, name='tilt_2', latex_label='$\\theta_2$', unit=None, boundary=None)
14:04 bilby INFO    : ra=1.0268211341
14:04 bilby INFO    : dec=3.3792061144
14:04 bilby INFO    : geocent_time=1126259642.413
14:04 bilby INFO    : phase=1.8509936958000002
14:04 bilby INFO    : psi=2.7339274356
14:04 bilby INFO    : luminosity_distance=3911.2025274899
14:04 bilby INFO    : theta_jn=0.44199635651397895
14:04 bilby INFO    : mass_1=92.00582984911838
14:04 bilby INFO    : mass_2=79.33193307236482
14:04 bilby INFO    : phi_12=1.9495533351692762
14:04 bilby INFO    : phi_jl=4.998154198262377
14:04 bilby INFO    : Analysis likelihood class: <class 'bilby.gw.likelihood.base.GravitationalWaveTransient'>
14:04 bilby INFO    : Analysis likelihood noise evidence: -24534.453125213025
14:04 bilby INFO    : Single likelihood evaluation took 1.765e-02 s
14:04 bilby INFO    : Checkpoint every check_point_delta_t = 600s
14:04 bilby WARNING : Using cached result
14:04 bilby INFO    : Summary of results:
nsamples: 4752
ln_noise_evidence: -24534.453
ln_evidence: -24423.113 +/-  0.046
ln_bayes_factor: 111.340 +/-  0.046

