13:59 bilby INFO    : Waveform generator initiated with
  frequency_domain_source_model: bilby.gw.source.lal_binary_black_hole
  time_domain_source_model: None
  parameter_conversion: bilby.gw.conversion.convert_to_lal_binary_black_hole_parameters
13:59 bilby INFO    : Injected signal in H1:
13:59 bilby INFO    :   optimal SNR = 10.73
13:59 bilby INFO    :   matched filter SNR = 9.73-0.67j
13:59 bilby INFO    :   mass_1 = 89.80005449381736
13:59 bilby INFO    :   mass_2 = 78.58947604798676
13:59 bilby INFO    :   a_1 = 0.13281536365538613
13:59 bilby INFO    :   a_2 = 0.5460454963768819
13:59 bilby INFO    :   tilt_1 = 1.4781245756453363
13:59 bilby INFO    :   tilt_2 = 0.7396069227638106
13:59 bilby INFO    :   phi_12 = 2.595214356046622
13:59 bilby INFO    :   phi_jl = 3.7665990992492926
13:59 bilby INFO    :   luminosity_distance = 2330.0818006231
13:59 bilby INFO    :   theta_jn = 2.1931187295372108
13:59 bilby INFO    :   psi = 1.41715763
13:59 bilby INFO    :   phase = 4.6927820036
13:59 bilby INFO    :   geocent_time = 1126259642.413
13:59 bilby INFO    :   ra = 6.0263527859
13:59 bilby INFO    :   dec = 3.6197453403
13:59 bilby INFO    : Injected signal in L1:
13:59 bilby INFO    :   optimal SNR = 9.10
13:59 bilby INFO    :   matched filter SNR = 7.69+0.26j
13:59 bilby INFO    :   mass_1 = 89.80005449381736
13:59 bilby INFO    :   mass_2 = 78.58947604798676
13:59 bilby INFO    :   a_1 = 0.13281536365538613
13:59 bilby INFO    :   a_2 = 0.5460454963768819
13:59 bilby INFO    :   tilt_1 = 1.4781245756453363
13:59 bilby INFO    :   tilt_2 = 0.7396069227638106
13:59 bilby INFO    :   phi_12 = 2.595214356046622
13:59 bilby INFO    :   phi_jl = 3.7665990992492926
13:59 bilby INFO    :   luminosity_distance = 2330.0818006231
13:59 bilby INFO    :   theta_jn = 2.1931187295372108
13:59 bilby INFO    :   psi = 1.41715763
13:59 bilby INFO    :   phase = 4.6927820036
13:59 bilby INFO    :   geocent_time = 1126259642.413
13:59 bilby INFO    :   ra = 6.0263527859
13:59 bilby INFO    :   dec = 3.6197453403
13:59 bilby INFO    : Injected signal in V1:
13:59 bilby INFO    :   optimal SNR = 2.47
13:59 bilby INFO    :   matched filter SNR = 0.44-0.23j
13:59 bilby INFO    :   mass_1 = 89.80005449381736
13:59 bilby INFO    :   mass_2 = 78.58947604798676
13:59 bilby INFO    :   a_1 = 0.13281536365538613
13:59 bilby INFO    :   a_2 = 0.5460454963768819
13:59 bilby INFO    :   tilt_1 = 1.4781245756453363
13:59 bilby INFO    :   tilt_2 = 0.7396069227638106
13:59 bilby INFO    :   phi_12 = 2.595214356046622
13:59 bilby INFO    :   phi_jl = 3.7665990992492926
13:59 bilby INFO    :   luminosity_distance = 2330.0818006231
13:59 bilby INFO    :   theta_jn = 2.1931187295372108
13:59 bilby INFO    :   psi = 1.41715763
13:59 bilby INFO    :   phase = 4.6927820036
13:59 bilby INFO    :   geocent_time = 1126259642.413
13:59 bilby INFO    :   ra = 6.0263527859
13:59 bilby INFO    :   dec = 3.6197453403
13:59 bilby INFO    : Running for label 'job_00404_justSpin', output will be saved to '/home/simona.miller/comp-spin-mock-injections/Data/IndividualInferenceOutput/new_bilby/population2_mediumSpin_highmass'
13:59 bilby INFO    : Using lal version 7.3.0
13:59 bilby INFO    : Using lal git version Branch: None;Tag: lalsuite-v7.13;Id: ec1fcb1d2d1dab69321fdb8f0afef1f867b11e06;;Builder: Unknown User <>;Repository status: UNCLEAN: Modified working tree
13:59 bilby INFO    : Using lalsimulation version 5.0.0
13:59 bilby INFO    : Using lalsimulation git version Branch: None;Tag: lalsuite-v7.13;Id: ec1fcb1d2d1dab69321fdb8f0afef1f867b11e06;;Builder: Unknown User <>;Repository status: UNCLEAN: Modified working tree
13:59 bilby INFO    : Analysis priors:
13:59 bilby INFO    : a_1=Uniform(minimum=0, maximum=0.99, name='a_1', latex_label='$a_1$', unit=None, boundary=None)
13:59 bilby INFO    : a_2=Uniform(minimum=0, maximum=0.99, name='a_2', latex_label='$a_2$', unit=None, boundary=None)
13:59 bilby INFO    : tilt_1=Sine(minimum=0, maximum=3.141592653589793, name='tilt_1', latex_label='$\\theta_1$', unit=None, boundary=None)
13:59 bilby INFO    : tilt_2=Sine(minimum=0, maximum=3.141592653589793, name='tilt_2', latex_label='$\\theta_2$', unit=None, boundary=None)
13:59 bilby INFO    : ra=6.0263527859
13:59 bilby INFO    : dec=3.6197453403
13:59 bilby INFO    : geocent_time=1126259642.413
13:59 bilby INFO    : phase=4.6927820036
13:59 bilby INFO    : psi=1.41715763
13:59 bilby INFO    : luminosity_distance=2330.0818006231
13:59 bilby INFO    : theta_jn=2.1931187295372108
13:59 bilby INFO    : mass_1=89.80005449381736
13:59 bilby INFO    : mass_2=78.58947604798676
13:59 bilby INFO    : phi_12=2.595214356046622
13:59 bilby INFO    : phi_jl=3.7665990992492926
13:59 bilby INFO    : Analysis likelihood class: <class 'bilby.gw.likelihood.base.GravitationalWaveTransient'>
13:59 bilby INFO    : Analysis likelihood noise evidence: -24012.985633908007
13:59 bilby INFO    : Single likelihood evaluation took 1.377e-02 s
13:59 bilby INFO    : Using sampler Dynesty with kwargs {'nlive': 2000, 'bound': 'live', 'sample': 'act-walk', 'periodic': None, 'reflective': None, 'update_interval': 600, 'first_update': None, 'npdim': None, 'rstate': None, 'queue_size': 8, 'pool': None, 'use_pool': None, 'live_points': None, 'logl_args': None, 'logl_kwargs': None, 'ptform_args': None, 'ptform_kwargs': None, 'gradient': None, 'grad_args': None, 'grad_kwargs': None, 'compute_jac': False, 'enlarge': None, 'bootstrap': None, 'walks': 100, 'facc': 0.2, 'slices': None, 'fmove': 0.9, 'max_move': 100, 'update_func': None, 'ncdim': None, 'blob': False, 'save_history': False, 'history_filename': None, 'maxiter': None, 'maxcall': None, 'dlogz': 0.1, 'logl_max': inf, 'n_effective': None, 'add_live': True, 'print_progress': True, 'print_func': <bound method Dynesty._print_func of <bilby.core.sampler.dynesty.Dynesty object at 0x145c58ec8f10>>, 'save_bounds': False, 'checkpoint_file': None, 'checkpoint_every': 60, 'resume': False}
13:59 bilby INFO    : Checkpoint every check_point_delta_t = 600s
13:59 bilby INFO    : Using dynesty version 2.1.0
13:59 bilby INFO    : Using the bilby-implemented rwalk sampling tracking the autocorrelation function and thinning by 5 with maximum length 25000
13:59 bilby INFO    : Setting up multiproccesing pool with 8 processes
13:59 bilby INFO    : Resume file /home/simona.miller/comp-spin-mock-injections/Data/IndividualInferenceOutput/new_bilby/population2_mediumSpin_highmass/job_00404_justSpin_resume.pickle does not exist.
13:59 bilby INFO    : Generating initial points from the prior
14:15 bilby INFO    : Written checkpoint file /home/simona.miller/comp-spin-mock-injections/Data/IndividualInferenceOutput/new_bilby/population2_mediumSpin_highmass/job_00404_justSpin_resume.pickle
14:26 bilby INFO    : Written checkpoint file /home/simona.miller/comp-spin-mock-injections/Data/IndividualInferenceOutput/new_bilby/population2_mediumSpin_highmass/job_00404_justSpin_resume.pickle
14:37 bilby INFO    : Written checkpoint file /home/simona.miller/comp-spin-mock-injections/Data/IndividualInferenceOutput/new_bilby/population2_mediumSpin_highmass/job_00404_justSpin_resume.pickle
14:47 bilby INFO    : Written checkpoint file /home/simona.miller/comp-spin-mock-injections/Data/IndividualInferenceOutput/new_bilby/population2_mediumSpin_highmass/job_00404_justSpin_resume.pickle
14:59 bilby INFO    : Written checkpoint file /home/simona.miller/comp-spin-mock-injections/Data/IndividualInferenceOutput/new_bilby/population2_mediumSpin_highmass/job_00404_justSpin_resume.pickle
15:10 bilby INFO    : Written checkpoint file /home/simona.miller/comp-spin-mock-injections/Data/IndividualInferenceOutput/new_bilby/population2_mediumSpin_highmass/job_00404_justSpin_resume.pickle
15:21 bilby INFO    : Written checkpoint file /home/simona.miller/comp-spin-mock-injections/Data/IndividualInferenceOutput/new_bilby/population2_mediumSpin_highmass/job_00404_justSpin_resume.pickle
15:31 bilby INFO    : Written checkpoint file /home/simona.miller/comp-spin-mock-injections/Data/IndividualInferenceOutput/new_bilby/population2_mediumSpin_highmass/job_00404_justSpin_resume.pickle
15:43 bilby INFO    : Written checkpoint file /home/simona.miller/comp-spin-mock-injections/Data/IndividualInferenceOutput/new_bilby/population2_mediumSpin_highmass/job_00404_justSpin_resume.pickle
16:03 bilby INFO    : Written checkpoint file /home/simona.miller/comp-spin-mock-injections/Data/IndividualInferenceOutput/new_bilby/population2_mediumSpin_highmass/job_00404_justSpin_resume.pickle
16:15 bilby INFO    : Written checkpoint file /home/simona.miller/comp-spin-mock-injections/Data/IndividualInferenceOutput/new_bilby/population2_mediumSpin_highmass/job_00404_justSpin_resume.pickle
16:25 bilby INFO    : Written checkpoint file /home/simona.miller/comp-spin-mock-injections/Data/IndividualInferenceOutput/new_bilby/population2_mediumSpin_highmass/job_00404_justSpin_resume.pickle
16:37 bilby INFO    : Written checkpoint file /home/simona.miller/comp-spin-mock-injections/Data/IndividualInferenceOutput/new_bilby/population2_mediumSpin_highmass/job_00404_justSpin_resume.pickle
16:51 bilby INFO    : Written checkpoint file /home/simona.miller/comp-spin-mock-injections/Data/IndividualInferenceOutput/new_bilby/population2_mediumSpin_highmass/job_00404_justSpin_resume.pickle
17:09 bilby INFO    : Written checkpoint file /home/simona.miller/comp-spin-mock-injections/Data/IndividualInferenceOutput/new_bilby/population2_mediumSpin_highmass/job_00404_justSpin_resume.pickle
17:21 bilby INFO    : Written checkpoint file /home/simona.miller/comp-spin-mock-injections/Data/IndividualInferenceOutput/new_bilby/population2_mediumSpin_highmass/job_00404_justSpin_resume.pickle
17:53 bilby INFO    : Written checkpoint file /home/simona.miller/comp-spin-mock-injections/Data/IndividualInferenceOutput/new_bilby/population2_mediumSpin_highmass/job_00404_justSpin_resume.pickle
18:05 bilby INFO    : Written checkpoint file /home/simona.miller/comp-spin-mock-injections/Data/IndividualInferenceOutput/new_bilby/population2_mediumSpin_highmass/job_00404_justSpin_resume.pickle
18:38 bilby INFO    : Written checkpoint file /home/simona.miller/comp-spin-mock-injections/Data/IndividualInferenceOutput/new_bilby/population2_mediumSpin_highmass/job_00404_justSpin_resume.pickle
19:14 bilby INFO    : Written checkpoint file /home/simona.miller/comp-spin-mock-injections/Data/IndividualInferenceOutput/new_bilby/population2_mediumSpin_highmass/job_00404_justSpin_resume.pickle
19:25 bilby INFO    : Written checkpoint file /home/simona.miller/comp-spin-mock-injections/Data/IndividualInferenceOutput/new_bilby/population2_mediumSpin_highmass/job_00404_justSpin_resume.pickle
19:36 bilby INFO    : Written checkpoint file /home/simona.miller/comp-spin-mock-injections/Data/IndividualInferenceOutput/new_bilby/population2_mediumSpin_highmass/job_00404_justSpin_resume.pickle
19:50 bilby INFO    : Written checkpoint file /home/simona.miller/comp-spin-mock-injections/Data/IndividualInferenceOutput/new_bilby/population2_mediumSpin_highmass/job_00404_justSpin_resume.pickle
20:01 bilby INFO    : Written checkpoint file /home/simona.miller/comp-spin-mock-injections/Data/IndividualInferenceOutput/new_bilby/population2_mediumSpin_highmass/job_00404_justSpin_resume.pickle
20:12 bilby INFO    : Written checkpoint file /home/simona.miller/comp-spin-mock-injections/Data/IndividualInferenceOutput/new_bilby/population2_mediumSpin_highmass/job_00404_justSpin_resume.pickle
20:25 bilby INFO    : Written checkpoint file /home/simona.miller/comp-spin-mock-injections/Data/IndividualInferenceOutput/new_bilby/population2_mediumSpin_highmass/job_00404_justSpin_resume.pickle
20:36 bilby INFO    : Written checkpoint file /home/simona.miller/comp-spin-mock-injections/Data/IndividualInferenceOutput/new_bilby/population2_mediumSpin_highmass/job_00404_justSpin_resume.pickle
20:51 bilby INFO    : Written checkpoint file /home/simona.miller/comp-spin-mock-injections/Data/IndividualInferenceOutput/new_bilby/population2_mediumSpin_highmass/job_00404_justSpin_resume.pickle
20:53 bilby INFO    : Written checkpoint file /home/simona.miller/comp-spin-mock-injections/Data/IndividualInferenceOutput/new_bilby/population2_mediumSpin_highmass/job_00404_justSpin_resume.pickle
20:53 bilby INFO    : Starting to close worker pool.
20:53 bilby INFO    : Finished closing worker pool.
20:53 bilby INFO    : Rejection sampling nested samples to obtain 6311 posterior samples
20:53 bilby INFO    : Sampling time: 6:52:44.616128
20:53 bilby INFO    : Computing per-detector log likelihoods.
20:53 bilby INFO    : Using a pool with size 8 for nsamples=6311
20:55 bilby INFO    : Generating sky frame parameters.
20:55 bilby INFO    : Computing SNRs for every sample.
20:55 bilby INFO    : Using a pool with size 8 for nsamples=6311
20:56 bilby INFO    : Summary of results:
nsamples: 6311
ln_noise_evidence: -24012.986
ln_evidence: -23942.453 +/-  0.048
ln_bayes_factor: 70.533 +/-  0.048

