000 (113449762.000.000) 2023-03-29 17:01:33 Job submitted from host: <10.14.0.160:9618?addrs=10.14.0.160-9618&alias=ldas-pcdev2.ligo.caltech.edu&noUDP&sock=schedd_7450_a8a7>
    DAG Node: 334
...
040 (113449762.000.000) 2023-03-29 17:38:26 Started transferring input files
	Transferring to host: <10.14.9.194:9618?addrs=10.14.9.194-9618&alias=node2194.cluster.ldas.cit&noUDP&sock=slot1_2_189911_3ac4_88819>
...
040 (113449762.000.000) 2023-03-29 17:38:26 Finished transferring input files
...
001 (113449762.000.000) 2023-03-29 17:38:27 Job executing on host: <10.14.9.194:9618?addrs=10.14.9.194-9618&alias=node2194.cluster.ldas.cit&noUDP&sock=startd_189641_87e3>
...
006 (113449762.000.000) 2023-03-29 17:38:27 Image size of job updated: 1
	0  -  MemoryUsage of job (MB)
	0  -  ResidentSetSize of job (KB)
...
040 (113449762.000.000) 2023-03-29 17:38:27 Started transferring output files
...
040 (113449762.000.000) 2023-03-29 17:38:27 Finished transferring output files
...
005 (113449762.000.000) 2023-03-29 17:38:27 Job terminated.
	(1) Normal termination (return value 127)
		Usr 0 00:00:00, Sys 0 00:00:00  -  Run Remote Usage
		Usr 0 00:00:00, Sys 0 00:00:00  -  Run Local Usage
		Usr 0 00:00:00, Sys 0 00:00:00  -  Total Remote Usage
		Usr 0 00:00:00, Sys 0 00:00:00  -  Total Local Usage
	407  -  Run Bytes Sent By Job
	366  -  Run Bytes Received By Job
	407  -  Total Bytes Sent By Job
	366  -  Total Bytes Received By Job
	Partitionable Resources :    Usage  Request Allocated 
	   Cpus                 :                 1         1 
	   Disk (KB)            :       14   500000    561711 
	   GPUs                 :                           0 
	   Memory (MB)          :        0    20000     20096 

	Job terminated of its own accord at 2023-03-30T00:38:27Z with exit-code 127.
...
000 (113484855.000.000) 2023-04-01 14:23:49 Job submitted from host: <10.14.0.160:9618?addrs=10.14.0.160-9618&alias=ldas-pcdev2.ligo.caltech.edu&noUDP&sock=schedd_7450_a8a7>
    DAG Node: 334
...
040 (113484855.000.000) 2023-04-01 14:28:13 Started transferring input files
	Transferring to host: <10.14.9.194:9618?addrs=10.14.9.194-9618&alias=node2194.cluster.ldas.cit&noUDP&sock=slot1_2_189911_3ac4_109055>
...
040 (113484855.000.000) 2023-04-01 14:28:13 Finished transferring input files
...
001 (113484855.000.000) 2023-04-01 14:28:14 Job executing on host: <10.14.9.194:9618?addrs=10.14.9.194-9618&alias=node2194.cluster.ldas.cit&noUDP&sock=startd_189641_87e3>
...
006 (113484855.000.000) 2023-04-01 14:28:14 Image size of job updated: 1
	0  -  MemoryUsage of job (MB)
	0  -  ResidentSetSize of job (KB)
...
040 (113484855.000.000) 2023-04-01 14:28:14 Started transferring output files
...
040 (113484855.000.000) 2023-04-01 14:28:14 Finished transferring output files
...
005 (113484855.000.000) 2023-04-01 14:28:14 Job terminated.
	(1) Normal termination (return value 127)
		Usr 0 00:00:00, Sys 0 00:00:00  -  Run Remote Usage
		Usr 0 00:00:00, Sys 0 00:00:00  -  Run Local Usage
		Usr 0 00:00:00, Sys 0 00:00:00  -  Total Remote Usage
		Usr 0 00:00:00, Sys 0 00:00:00  -  Total Local Usage
	411  -  Run Bytes Sent By Job
	366  -  Run Bytes Received By Job
	411  -  Total Bytes Sent By Job
	366  -  Total Bytes Received By Job
	Partitionable Resources :    Usage  Request Allocated 
	   Cpus                 :                 1         1 
	   Disk (KB)            :       14   500000    561711 
	   GPUs                 :                           0 
	   Memory (MB)          :        0    20000     20096 

	Job terminated of its own accord at 2023-04-01T21:28:14Z with exit-code 127.
...
000 (113485059.000.000) 2023-04-01 14:53:03 Job submitted from host: <10.14.0.160:9618?addrs=10.14.0.160-9618&alias=ldas-pcdev2.ligo.caltech.edu&noUDP&sock=schedd_7450_a8a7>
    DAG Node: 334
...
040 (113485059.000.000) 2023-04-01 14:58:54 Started transferring input files
	Transferring to host: <10.14.9.196:9618?addrs=10.14.9.196-9618&alias=node2196.cluster.ldas.cit&noUDP&sock=slot1_3_186547_fcbb_160717>
...
040 (113485059.000.000) 2023-04-01 14:58:54 Finished transferring input files
...
001 (113485059.000.000) 2023-04-01 14:58:55 Job executing on host: <10.14.9.196:9618?addrs=10.14.9.196-9618&alias=node2196.cluster.ldas.cit&noUDP&sock=startd_186508_8dac>
...
006 (113485059.000.000) 2023-04-01 14:58:55 Image size of job updated: 1
	0  -  MemoryUsage of job (MB)
	0  -  ResidentSetSize of job (KB)
...
040 (113485059.000.000) 2023-04-01 14:58:55 Started transferring output files
...
040 (113485059.000.000) 2023-04-01 14:58:55 Finished transferring output files
...
005 (113485059.000.000) 2023-04-01 14:58:55 Job terminated.
	(1) Normal termination (return value 127)
		Usr 0 00:00:00, Sys 0 00:00:00  -  Run Remote Usage
		Usr 0 00:00:00, Sys 0 00:00:00  -  Run Local Usage
		Usr 0 00:00:00, Sys 0 00:00:00  -  Total Remote Usage
		Usr 0 00:00:00, Sys 0 00:00:00  -  Total Local Usage
	403  -  Run Bytes Sent By Job
	366  -  Run Bytes Received By Job
	403  -  Total Bytes Sent By Job
	366  -  Total Bytes Received By Job
	Partitionable Resources :    Usage  Request Allocated 
	   Cpus                 :                 1         1 
	   Disk (KB)            :       15   500000    519527 
	   GPUs                 :                           0 
	   Memory (MB)          :        0    20000     20096 

	Job terminated of its own accord at 2023-04-01T21:58:55Z with exit-code 127.
...
000 (113493763.000.000) 2023-04-02 13:26:40 Job submitted from host: <10.14.0.160:9618?addrs=10.14.0.160-9618&alias=ldas-pcdev2.ligo.caltech.edu&noUDP&sock=schedd_7450_a8a7>
    DAG Node: 334
...
040 (113493763.000.000) 2023-04-02 13:28:50 Started transferring input files
	Transferring to host: <10.14.10.129:9618?addrs=10.14.10.129-9618&alias=node2379.cluster.ldas.cit&noUDP&sock=slot1_6_84142_6697_28345>
...
040 (113493763.000.000) 2023-04-02 13:28:50 Finished transferring input files
...
001 (113493763.000.000) 2023-04-02 13:28:51 Job executing on host: <10.14.10.129:9618?addrs=10.14.10.129-9618&alias=node2379.cluster.ldas.cit&noUDP&sock=startd_84106_4c80>
...
006 (113493763.000.000) 2023-04-02 13:28:59 Image size of job updated: 206204
	190  -  MemoryUsage of job (MB)
	194504  -  ResidentSetSize of job (KB)
...
006 (113493763.000.000) 2023-04-02 13:33:59 Image size of job updated: 5257372
	192  -  MemoryUsage of job (MB)
	196120  -  ResidentSetSize of job (KB)
...
006 (113493763.000.000) 2023-04-02 13:39:00 Image size of job updated: 5257372
	365  -  MemoryUsage of job (MB)
	372992  -  ResidentSetSize of job (KB)
...
006 (113493763.000.000) 2023-04-02 13:44:01 Image size of job updated: 5257372
	373  -  MemoryUsage of job (MB)
	381128  -  ResidentSetSize of job (KB)
...
006 (113493763.000.000) 2023-04-02 13:49:01 Image size of job updated: 5257372
	480  -  MemoryUsage of job (MB)
	491084  -  ResidentSetSize of job (KB)
...
006 (113493763.000.000) 2023-04-02 13:54:01 Image size of job updated: 5257372
	482  -  MemoryUsage of job (MB)
	493008  -  ResidentSetSize of job (KB)
...
006 (113493763.000.000) 2023-04-02 13:59:02 Image size of job updated: 5257372
	500  -  MemoryUsage of job (MB)
	511628  -  ResidentSetSize of job (KB)
...
006 (113493763.000.000) 2023-04-02 14:04:03 Image size of job updated: 5257372
	503  -  MemoryUsage of job (MB)
	514780  -  ResidentSetSize of job (KB)
...
006 (113493763.000.000) 2023-04-02 14:09:03 Image size of job updated: 5257372
	506  -  MemoryUsage of job (MB)
	517540  -  ResidentSetSize of job (KB)
...
006 (113493763.000.000) 2023-04-02 14:14:03 Image size of job updated: 5257372
	516  -  MemoryUsage of job (MB)
	527684  -  ResidentSetSize of job (KB)
...
006 (113493763.000.000) 2023-04-02 14:19:04 Image size of job updated: 5257372
	543  -  MemoryUsage of job (MB)
	555092  -  ResidentSetSize of job (KB)
...
006 (113493763.000.000) 2023-04-02 14:24:04 Image size of job updated: 5257372
	562  -  MemoryUsage of job (MB)
	574784  -  ResidentSetSize of job (KB)
...
006 (113493763.000.000) 2023-04-02 14:29:04 Image size of job updated: 5257372
	566  -  MemoryUsage of job (MB)
	578684  -  ResidentSetSize of job (KB)
...
006 (113493763.000.000) 2023-04-02 14:34:05 Image size of job updated: 5257372
	708  -  MemoryUsage of job (MB)
	724568  -  ResidentSetSize of job (KB)
...
006 (113493763.000.000) 2023-04-02 14:39:05 Image size of job updated: 5257372
	818  -  MemoryUsage of job (MB)
	837148  -  ResidentSetSize of job (KB)
...
006 (113493763.000.000) 2023-04-02 14:44:05 Image size of job updated: 5257372
	828  -  MemoryUsage of job (MB)
	847516  -  ResidentSetSize of job (KB)
...
006 (113493763.000.000) 2023-04-02 14:49:06 Image size of job updated: 5257372
	836  -  MemoryUsage of job (MB)
	855236  -  ResidentSetSize of job (KB)
...
006 (113493763.000.000) 2023-04-02 14:54:07 Image size of job updated: 5257372
	841  -  MemoryUsage of job (MB)
	860568  -  ResidentSetSize of job (KB)
...
006 (113493763.000.000) 2023-04-02 14:59:07 Image size of job updated: 5257372
	841  -  MemoryUsage of job (MB)
	860572  -  ResidentSetSize of job (KB)
...
006 (113493763.000.000) 2023-04-02 15:04:07 Image size of job updated: 5257372
	855  -  MemoryUsage of job (MB)
	874980  -  ResidentSetSize of job (KB)
...
006 (113493763.000.000) 2023-04-02 15:09:08 Image size of job updated: 5257372
	855  -  MemoryUsage of job (MB)
	874984  -  ResidentSetSize of job (KB)
...
006 (113493763.000.000) 2023-04-02 15:14:08 Image size of job updated: 5257372
	857  -  MemoryUsage of job (MB)
	877256  -  ResidentSetSize of job (KB)
...
006 (113493763.000.000) 2023-04-02 15:19:08 Image size of job updated: 5257372
	857  -  MemoryUsage of job (MB)
	877320  -  ResidentSetSize of job (KB)
...
006 (113493763.000.000) 2023-04-02 15:24:09 Image size of job updated: 5257372
	861  -  MemoryUsage of job (MB)
	881124  -  ResidentSetSize of job (KB)
...
006 (113493763.000.000) 2023-04-02 15:29:10 Image size of job updated: 5257372
	861  -  MemoryUsage of job (MB)
	881212  -  ResidentSetSize of job (KB)
...
006 (113493763.000.000) 2023-04-02 15:39:11 Image size of job updated: 5257372
	869  -  MemoryUsage of job (MB)
	888916  -  ResidentSetSize of job (KB)
...
006 (113493763.000.000) 2023-04-02 15:44:12 Image size of job updated: 5257372
	869  -  MemoryUsage of job (MB)
	889392  -  ResidentSetSize of job (KB)
...
006 (113493763.000.000) 2023-04-02 15:49:12 Image size of job updated: 5257372
	875  -  MemoryUsage of job (MB)
	895252  -  ResidentSetSize of job (KB)
...
006 (113493763.000.000) 2023-04-02 15:54:12 Image size of job updated: 5257372
	876  -  MemoryUsage of job (MB)
	896188  -  ResidentSetSize of job (KB)
...
006 (113493763.000.000) 2023-04-02 15:59:13 Image size of job updated: 5257372
	879  -  MemoryUsage of job (MB)
	899308  -  ResidentSetSize of job (KB)
...
006 (113493763.000.000) 2023-04-02 16:04:13 Image size of job updated: 5257372
	879  -  MemoryUsage of job (MB)
	899464  -  ResidentSetSize of job (KB)
...
006 (113493763.000.000) 2023-04-02 16:09:13 Image size of job updated: 5257372
	890  -  MemoryUsage of job (MB)
	910636  -  ResidentSetSize of job (KB)
...
006 (113493763.000.000) 2023-04-02 16:14:14 Image size of job updated: 5257372
	899  -  MemoryUsage of job (MB)
	919736  -  ResidentSetSize of job (KB)
...
006 (113493763.000.000) 2023-04-02 16:19:15 Image size of job updated: 5257372
	970  -  MemoryUsage of job (MB)
	992900  -  ResidentSetSize of job (KB)
...
006 (113493763.000.000) 2023-04-02 16:24:15 Image size of job updated: 5257372
	1013  -  MemoryUsage of job (MB)
	1036584  -  ResidentSetSize of job (KB)
...
006 (113493763.000.000) 2023-04-02 16:29:15 Image size of job updated: 5257372
	1053  -  MemoryUsage of job (MB)
	1077780  -  ResidentSetSize of job (KB)
...
006 (113493763.000.000) 2023-04-02 16:34:16 Image size of job updated: 5257372
	1079  -  MemoryUsage of job (MB)
	1104660  -  ResidentSetSize of job (KB)
...
006 (113493763.000.000) 2023-04-02 16:39:16 Image size of job updated: 5257372
	1080  -  MemoryUsage of job (MB)
	1105596  -  ResidentSetSize of job (KB)
...
006 (113493763.000.000) 2023-04-02 16:44:16 Image size of job updated: 5257372
	1082  -  MemoryUsage of job (MB)
	1107528  -  ResidentSetSize of job (KB)
...
006 (113493763.000.000) 2023-04-02 16:49:17 Image size of job updated: 5257372
	1083  -  MemoryUsage of job (MB)
	1108256  -  ResidentSetSize of job (KB)
...
006 (113493763.000.000) 2023-04-02 16:54:18 Image size of job updated: 5257372
	1092  -  MemoryUsage of job (MB)
	1117324  -  ResidentSetSize of job (KB)
...
006 (113493763.000.000) 2023-04-02 16:59:18 Image size of job updated: 5257372
	1092  -  MemoryUsage of job (MB)
	1117836  -  ResidentSetSize of job (KB)
...
006 (113493763.000.000) 2023-04-02 17:04:19 Image size of job updated: 5257372
	1096  -  MemoryUsage of job (MB)
	1121816  -  ResidentSetSize of job (KB)
...
006 (113493763.000.000) 2023-04-02 17:09:20 Image size of job updated: 5257372
	1099  -  MemoryUsage of job (MB)
	1124596  -  ResidentSetSize of job (KB)
...
006 (113493763.000.000) 2023-04-02 17:14:20 Image size of job updated: 5257372
	1109  -  MemoryUsage of job (MB)
	1135460  -  ResidentSetSize of job (KB)
...
006 (113493763.000.000) 2023-04-02 17:19:20 Image size of job updated: 5257372
	1110  -  MemoryUsage of job (MB)
	1136048  -  ResidentSetSize of job (KB)
...
006 (113493763.000.000) 2023-04-02 17:29:22 Image size of job updated: 5257372
	1111  -  MemoryUsage of job (MB)
	1137572  -  ResidentSetSize of job (KB)
...
006 (113493763.000.000) 2023-04-02 17:34:22 Image size of job updated: 5257372
	1113  -  MemoryUsage of job (MB)
	1139580  -  ResidentSetSize of job (KB)
...
006 (113493763.000.000) 2023-04-02 18:04:26 Image size of job updated: 5257372
	1124  -  MemoryUsage of job (MB)
	1150724  -  ResidentSetSize of job (KB)
...
006 (113493763.000.000) 2023-04-02 18:09:26 Image size of job updated: 5257372
	1126  -  MemoryUsage of job (MB)
	1152276  -  ResidentSetSize of job (KB)
...
006 (113493763.000.000) 2023-04-02 18:19:28 Image size of job updated: 5257492
	1144  -  MemoryUsage of job (MB)
	1170924  -  ResidentSetSize of job (KB)
...
006 (113493763.000.000) 2023-04-02 18:24:28 Image size of job updated: 5258676
	1146  -  MemoryUsage of job (MB)
	1173092  -  ResidentSetSize of job (KB)
...
006 (113493763.000.000) 2023-04-02 18:29:28 Image size of job updated: 5260088
	1149  -  MemoryUsage of job (MB)
	1175596  -  ResidentSetSize of job (KB)
...
006 (113493763.000.000) 2023-04-02 18:39:30 Image size of job updated: 5261404
	1152  -  MemoryUsage of job (MB)
	1179324  -  ResidentSetSize of job (KB)
...
006 (113493763.000.000) 2023-04-02 18:49:31 Image size of job updated: 5296116
	1152  -  MemoryUsage of job (MB)
	1179324  -  ResidentSetSize of job (KB)
...
006 (113493763.000.000) 2023-04-02 18:54:32 Image size of job updated: 5296116
	1184  -  MemoryUsage of job (MB)
	1211640  -  ResidentSetSize of job (KB)
...
006 (113493763.000.000) 2023-04-02 19:04:32 Image size of job updated: 5338048
	1187  -  MemoryUsage of job (MB)
	1215468  -  ResidentSetSize of job (KB)
...
006 (113493763.000.000) 2023-04-02 19:09:34 Image size of job updated: 5338048
	1188  -  MemoryUsage of job (MB)
	1216084  -  ResidentSetSize of job (KB)
...
006 (113493763.000.000) 2023-04-02 19:14:34 Image size of job updated: 5338048
	1191  -  MemoryUsage of job (MB)
	1218940  -  ResidentSetSize of job (KB)
...
006 (113493763.000.000) 2023-04-02 19:19:34 Image size of job updated: 5338048
	1199  -  MemoryUsage of job (MB)
	1227336  -  ResidentSetSize of job (KB)
...
006 (113493763.000.000) 2023-04-02 19:24:35 Image size of job updated: 5338048
	1218  -  MemoryUsage of job (MB)
	1246492  -  ResidentSetSize of job (KB)
...
006 (113493763.000.000) 2023-04-02 19:49:37 Image size of job updated: 5355156
	1218  -  MemoryUsage of job (MB)
	1246492  -  ResidentSetSize of job (KB)
...
006 (113493763.000.000) 2023-04-02 19:59:38 Image size of job updated: 5366052
	1259  -  MemoryUsage of job (MB)
	1289096  -  ResidentSetSize of job (KB)
...
006 (113493763.000.000) 2023-04-02 20:09:39 Image size of job updated: 5367340
	1260  -  MemoryUsage of job (MB)
	1290168  -  ResidentSetSize of job (KB)
...
006 (113493763.000.000) 2023-04-02 20:14:40 Image size of job updated: 5386664
	1279  -  MemoryUsage of job (MB)
	1309404  -  ResidentSetSize of job (KB)
...
006 (113493763.000.000) 2023-04-02 20:19:41 Image size of job updated: 5398944
	1291  -  MemoryUsage of job (MB)
	1321936  -  ResidentSetSize of job (KB)
...
006 (113493763.000.000) 2023-04-02 20:34:42 Image size of job updated: 5454236
	1294  -  MemoryUsage of job (MB)
	1324336  -  ResidentSetSize of job (KB)
...
006 (113493763.000.000) 2023-04-02 20:44:42 Image size of job updated: 5457500
	1296  -  MemoryUsage of job (MB)
	1326992  -  ResidentSetSize of job (KB)
...
006 (113493763.000.000) 2023-04-02 20:59:44 Image size of job updated: 5457500
	1298  -  MemoryUsage of job (MB)
	1328440  -  ResidentSetSize of job (KB)
...
006 (113493763.000.000) 2023-04-02 21:09:45 Image size of job updated: 5457500
	1300  -  MemoryUsage of job (MB)
	1330296  -  ResidentSetSize of job (KB)
...
006 (113493763.000.000) 2023-04-02 21:14:45 Image size of job updated: 5457500
	1300  -  MemoryUsage of job (MB)
	1331044  -  ResidentSetSize of job (KB)
...
006 (113493763.000.000) 2023-04-02 21:19:45 Image size of job updated: 5457500
	1302  -  MemoryUsage of job (MB)
	1332460  -  ResidentSetSize of job (KB)
...
006 (113493763.000.000) 2023-04-02 21:24:46 Image size of job updated: 5457500
	1302  -  MemoryUsage of job (MB)
	1332696  -  ResidentSetSize of job (KB)
...
006 (113493763.000.000) 2023-04-02 21:29:47 Image size of job updated: 5457500
	1311  -  MemoryUsage of job (MB)
	1341480  -  ResidentSetSize of job (KB)
...
006 (113493763.000.000) 2023-04-02 21:34:47 Image size of job updated: 5457500
	1313  -  MemoryUsage of job (MB)
	1344104  -  ResidentSetSize of job (KB)
...
006 (113493763.000.000) 2023-04-02 21:39:48 Image size of job updated: 5457500
	1316  -  MemoryUsage of job (MB)
	1346600  -  ResidentSetSize of job (KB)
...
006 (113493763.000.000) 2023-04-02 21:59:50 Image size of job updated: 5457500
	1317  -  MemoryUsage of job (MB)
	1348528  -  ResidentSetSize of job (KB)
...
006 (113493763.000.000) 2023-04-02 22:19:52 Image size of job updated: 5457500
	1320  -  MemoryUsage of job (MB)
	1351532  -  ResidentSetSize of job (KB)
...
006 (113493763.000.000) 2023-04-02 22:29:53 Image size of job updated: 5457500
	1323  -  MemoryUsage of job (MB)
	1353856  -  ResidentSetSize of job (KB)
...
006 (113493763.000.000) 2023-04-02 22:34:54 Image size of job updated: 5457500
	1325  -  MemoryUsage of job (MB)
	1355904  -  ResidentSetSize of job (KB)
...
006 (113493763.000.000) 2023-04-02 22:39:54 Image size of job updated: 5457500
	1325  -  MemoryUsage of job (MB)
	1356388  -  ResidentSetSize of job (KB)
...
006 (113493763.000.000) 2023-04-02 22:49:55 Image size of job updated: 5495528
	1327  -  MemoryUsage of job (MB)
	1358088  -  ResidentSetSize of job (KB)
...
006 (113493763.000.000) 2023-04-02 22:54:55 Image size of job updated: 5495528
	1327  -  MemoryUsage of job (MB)
	1358468  -  ResidentSetSize of job (KB)
...
006 (113493763.000.000) 2023-04-02 22:59:55 Image size of job updated: 5495528
	1327  -  MemoryUsage of job (MB)
	1358812  -  ResidentSetSize of job (KB)
...
006 (113493763.000.000) 2023-04-02 23:04:57 Image size of job updated: 5495528
	1331  -  MemoryUsage of job (MB)
	1362436  -  ResidentSetSize of job (KB)
...
006 (113493763.000.000) 2023-04-02 23:14:57 Image size of job updated: 5495528
	1333  -  MemoryUsage of job (MB)
	1364624  -  ResidentSetSize of job (KB)
...
006 (113493763.000.000) 2023-04-02 23:24:59 Image size of job updated: 5495528
	1333  -  MemoryUsage of job (MB)
	1364768  -  ResidentSetSize of job (KB)
...
006 (113493763.000.000) 2023-04-02 23:29:59 Image size of job updated: 5495528
	1337  -  MemoryUsage of job (MB)
	1368804  -  ResidentSetSize of job (KB)
...
006 (113493763.000.000) 2023-04-02 23:50:00 Image size of job updated: 5495528
	1355  -  MemoryUsage of job (MB)
	1386960  -  ResidentSetSize of job (KB)
...
006 (113493763.000.000) 2023-04-02 23:55:01 Image size of job updated: 5500276
	1388  -  MemoryUsage of job (MB)
	1421032  -  ResidentSetSize of job (KB)
...
006 (113493763.000.000) 2023-04-03 00:00:02 Image size of job updated: 5502068
	1388  -  MemoryUsage of job (MB)
	1421032  -  ResidentSetSize of job (KB)
...
006 (113493763.000.000) 2023-04-03 00:05:02 Image size of job updated: 5509344
	1388  -  MemoryUsage of job (MB)
	1421032  -  ResidentSetSize of job (KB)
...
006 (113493763.000.000) 2023-04-03 01:50:14 Image size of job updated: 5534808
	1388  -  MemoryUsage of job (MB)
	1421032  -  ResidentSetSize of job (KB)
...
006 (113493763.000.000) 2023-04-03 02:15:16 Image size of job updated: 5539424
	1388  -  MemoryUsage of job (MB)
	1421032  -  ResidentSetSize of job (KB)
...
006 (113493763.000.000) 2023-04-03 03:20:24 Image size of job updated: 5554264
	1388  -  MemoryUsage of job (MB)
	1421032  -  ResidentSetSize of job (KB)
...
006 (113493763.000.000) 2023-04-03 03:30:24 Image size of job updated: 5556472
	1388  -  MemoryUsage of job (MB)
	1421032  -  ResidentSetSize of job (KB)
...
006 (113493763.000.000) 2023-04-03 03:40:25 Image size of job updated: 5562768
	1388  -  MemoryUsage of job (MB)
	1421032  -  ResidentSetSize of job (KB)
...
006 (113493763.000.000) 2023-04-03 03:50:26 Image size of job updated: 5565536
	1388  -  MemoryUsage of job (MB)
	1421032  -  ResidentSetSize of job (KB)
...
006 (113493763.000.000) 2023-04-03 04:30:30 Image size of job updated: 5573832
	1388  -  MemoryUsage of job (MB)
	1421032  -  ResidentSetSize of job (KB)
...
006 (113493763.000.000) 2023-04-03 04:40:31 Image size of job updated: 5587060
	1388  -  MemoryUsage of job (MB)
	1421032  -  ResidentSetSize of job (KB)
...
006 (113493763.000.000) 2023-04-03 06:00:40 Image size of job updated: 5587060
	1460  -  MemoryUsage of job (MB)
	1494128  -  ResidentSetSize of job (KB)
...
006 (113493763.000.000) 2023-04-03 06:15:42 Image size of job updated: 5621092
	1460  -  MemoryUsage of job (MB)
	1494128  -  ResidentSetSize of job (KB)
...
006 (113493763.000.000) 2023-04-03 06:25:43 Image size of job updated: 5624892
	1460  -  MemoryUsage of job (MB)
	1494128  -  ResidentSetSize of job (KB)
...
006 (113493763.000.000) 2023-04-03 07:05:47 Image size of job updated: 5646648
	1460  -  MemoryUsage of job (MB)
	1494128  -  ResidentSetSize of job (KB)
...
006 (113493763.000.000) 2023-04-03 08:10:54 Image size of job updated: 5651068
	1460  -  MemoryUsage of job (MB)
	1494128  -  ResidentSetSize of job (KB)
...
006 (113493763.000.000) 2023-04-03 08:25:55 Image size of job updated: 5676160
	1460  -  MemoryUsage of job (MB)
	1494128  -  ResidentSetSize of job (KB)
...
006 (113493763.000.000) 2023-04-03 08:40:57 Image size of job updated: 5676160
	1460  -  MemoryUsage of job (MB)
	1494572  -  ResidentSetSize of job (KB)
...
006 (113493763.000.000) 2023-04-03 08:45:58 Image size of job updated: 5676160
	1461  -  MemoryUsage of job (MB)
	1495560  -  ResidentSetSize of job (KB)
...
006 (113493763.000.000) 2023-04-03 09:00:59 Image size of job updated: 5676160
	1462  -  MemoryUsage of job (MB)
	1496992  -  ResidentSetSize of job (KB)
...
006 (113493763.000.000) 2023-04-03 09:06:00 Image size of job updated: 5676160
	1463  -  MemoryUsage of job (MB)
	1497116  -  ResidentSetSize of job (KB)
...
006 (113493763.000.000) 2023-04-03 09:11:00 Image size of job updated: 5676160
	1463  -  MemoryUsage of job (MB)
	1497368  -  ResidentSetSize of job (KB)
...
006 (113493763.000.000) 2023-04-03 09:26:02 Image size of job updated: 5676160
	1468  -  MemoryUsage of job (MB)
	1502568  -  ResidentSetSize of job (KB)
...
006 (113493763.000.000) 2023-04-03 09:36:03 Image size of job updated: 5676160
	1471  -  MemoryUsage of job (MB)
	1506232  -  ResidentSetSize of job (KB)
...
006 (113493763.000.000) 2023-04-03 09:51:04 Image size of job updated: 5676160
	1489  -  MemoryUsage of job (MB)
	1523756  -  ResidentSetSize of job (KB)
...
006 (113493763.000.000) 2023-04-03 10:01:05 Image size of job updated: 5676160
	1490  -  MemoryUsage of job (MB)
	1525164  -  ResidentSetSize of job (KB)
...
006 (113493763.000.000) 2023-04-03 10:06:05 Image size of job updated: 5676160
	1492  -  MemoryUsage of job (MB)
	1527212  -  ResidentSetSize of job (KB)
...
006 (113493763.000.000) 2023-04-03 10:16:07 Image size of job updated: 5676160
	1493  -  MemoryUsage of job (MB)
	1528468  -  ResidentSetSize of job (KB)
...
006 (113493763.000.000) 2023-04-03 10:31:09 Image size of job updated: 5676160
	1494  -  MemoryUsage of job (MB)
	1529856  -  ResidentSetSize of job (KB)
...
006 (113493763.000.000) 2023-04-03 10:36:09 Image size of job updated: 5676160
	1496  -  MemoryUsage of job (MB)
	1531904  -  ResidentSetSize of job (KB)
...
006 (113493763.000.000) 2023-04-03 10:46:11 Image size of job updated: 5732152
	1498  -  MemoryUsage of job (MB)
	1533400  -  ResidentSetSize of job (KB)
...
006 (113493763.000.000) 2023-04-03 11:16:13 Image size of job updated: 5732152
	1502  -  MemoryUsage of job (MB)
	1537308  -  ResidentSetSize of job (KB)
...
006 (113493763.000.000) 2023-04-03 11:26:14 Image size of job updated: 5741744
	1506  -  MemoryUsage of job (MB)
	1541708  -  ResidentSetSize of job (KB)
...
006 (113493763.000.000) 2023-04-03 11:51:16 Image size of job updated: 5744448
	1510  -  MemoryUsage of job (MB)
	1545892  -  ResidentSetSize of job (KB)
...
006 (113493763.000.000) 2023-04-03 12:06:17 Image size of job updated: 5744448
	1510  -  MemoryUsage of job (MB)
	1546104  -  ResidentSetSize of job (KB)
...
006 (113493763.000.000) 2023-04-03 12:21:19 Image size of job updated: 5744448
	1513  -  MemoryUsage of job (MB)
	1548932  -  ResidentSetSize of job (KB)
...
006 (113493763.000.000) 2023-04-03 12:26:20 Image size of job updated: 5744448
	1514  -  MemoryUsage of job (MB)
	1549432  -  ResidentSetSize of job (KB)
...
006 (113493763.000.000) 2023-04-03 13:51:28 Image size of job updated: 5744448
	1517  -  MemoryUsage of job (MB)
	1552436  -  ResidentSetSize of job (KB)
...
004 (113493763.000.000) 2023-04-03 14:05:13 Job was evicted.
	(0) CPU times
		Usr 3 20:59:42, Sys 0 00:04:21  -  Run Remote Usage
		Usr 0 00:00:00, Sys 0 00:00:00  -  Run Local Usage
	0  -  Run Bytes Sent By Job
	366  -  Run Bytes Received By Job
	Partitionable Resources :    Usage  Request Allocated 
	   Cpus                 :     1.00        1         1 
	   Disk (KB)            :  3884      500000    624256 
	   GPUs                 :                           0 
	   Memory (MB)          :  1517       20000     20096 
...
040 (113493763.000.000) 2023-04-03 14:23:49 Started transferring input files
	Transferring to host: <10.14.3.13:9618?addrs=10.14.3.13-9618&alias=node513.cluster.ldas.cit&noUDP&sock=slot1_10_372797_f611_33963>
...
040 (113493763.000.000) 2023-04-03 14:23:49 Finished transferring input files
...
001 (113493763.000.000) 2023-04-03 14:23:50 Job executing on host: <10.14.3.13:9618?addrs=10.14.3.13-9618&alias=node513.cluster.ldas.cit&noUDP&sock=startd_4056_a838>
...
004 (113493763.000.000) 2023-04-03 14:38:53 Job was evicted.
	(0) CPU times
		Usr 0 01:09:28, Sys 0 00:00:12  -  Run Remote Usage
		Usr 0 00:00:00, Sys 0 00:00:00  -  Run Local Usage
	0  -  Run Bytes Sent By Job
	366  -  Run Bytes Received By Job
	Partitionable Resources :    Usage  Request Allocated 
	   Cpus                 :     1.98        1         1 
	   Disk (KB)            :  2713      500000    609620 
	   GPUs                 :                           0 
	   Memory (MB)          :  1709       20000     20096 
...
040 (113493763.000.000) 2023-04-03 14:41:22 Started transferring input files
	Transferring to host: <10.14.4.85:9618?addrs=10.14.4.85-9618&alias=node835.cluster.ldas.cit&noUDP&sock=slot1_6_1350884_bc0e_17588>
...
040 (113493763.000.000) 2023-04-03 14:41:22 Finished transferring input files
...
001 (113493763.000.000) 2023-04-03 14:41:23 Job executing on host: <10.14.4.85:9618?addrs=10.14.4.85-9618&alias=node835.cluster.ldas.cit&noUDP&sock=startd_3402_1148>
...
004 (113493763.000.000) 2023-04-04 16:18:23 Job was evicted.
	(0) CPU times
		Usr 2 18:03:03, Sys 0 00:05:55  -  Run Remote Usage
		Usr 0 00:00:00, Sys 0 00:00:00  -  Run Local Usage
	0  -  Run Bytes Sent By Job
	366  -  Run Bytes Received By Job
	Partitionable Resources :    Usage  Request Allocated 
	   Cpus                 :     2.98        1         1 
	   Disk (KB)            :  3046      500000    619149 
	   GPUs                 :                           0 
	   Memory (MB)          :  1709       20000     20096 
...
040 (113493763.000.000) 2023-04-04 16:32:43 Started transferring input files
	Transferring to host: <10.14.10.94:9618?addrs=10.14.10.94-9618&alias=node2344.cluster.ldas.cit&noUDP&sock=slot1_8_3195709_d67a_35165>
...
040 (113493763.000.000) 2023-04-04 16:32:43 Finished transferring input files
...
001 (113493763.000.000) 2023-04-04 16:32:44 Job executing on host: <10.14.10.94:9618?addrs=10.14.10.94-9618&alias=node2344.cluster.ldas.cit&noUDP&sock=startd_4352_b041>
...
006 (113493763.000.000) 2023-04-05 10:19:44 Image size of job updated: 7500000
	1872  -  MemoryUsage of job (MB)
	1916636  -  ResidentSetSize of job (KB)
...
004 (113493763.000.000) 2023-04-05 14:52:27 Job was evicted.
	(0) CPU times
		Usr 3 09:04:06, Sys 0 00:02:30  -  Run Remote Usage
		Usr 0 00:00:00, Sys 0 00:00:00  -  Run Local Usage
	0  -  Run Bytes Sent By Job
	366  -  Run Bytes Received By Job
	Partitionable Resources :    Usage  Request Allocated 
	   Cpus                 :     7.97        1         1 
	   Disk (KB)            :  3014      500000    624256 
	   GPUs                 :                           0 
	   Memory (MB)          :  1872       20000     20096 
...
009 (113493763.000.000) 2023-04-05 14:52:27 Job was aborted.
	removed because <OtherJobRemoveRequirements = DAGManJobId =?= 113493702> fired when job (113493702.0) was removed
...
000 (113587254.000.000) 2023-04-05 14:54:24 Job submitted from host: <10.14.0.160:9618?addrs=10.14.0.160-9618&alias=ldas-pcdev2.ligo.caltech.edu&noUDP&sock=schedd_7450_a8a7>
    DAG Node: 334
...
040 (113587254.000.000) 2023-04-05 15:01:03 Started transferring input files
	Transferring to host: <10.14.10.67:9618?addrs=10.14.10.67-9618&alias=node2317.cluster.ldas.cit&noUDP&sock=slot1_10_995665_d081_600>
...
040 (113587254.000.000) 2023-04-05 15:01:03 Finished transferring input files
...
001 (113587254.000.000) 2023-04-05 15:01:04 Job executing on host: <10.14.10.67:9618?addrs=10.14.10.67-9618&alias=node2317.cluster.ldas.cit&noUDP&sock=startd_995621_c5b3>
...
006 (113587254.000.000) 2023-04-05 15:01:12 Image size of job updated: 230492
	190  -  MemoryUsage of job (MB)
	194504  -  ResidentSetSize of job (KB)
...
006 (113587254.000.000) 2023-04-05 15:06:12 Image size of job updated: 5210272
	675  -  MemoryUsage of job (MB)
	690376  -  ResidentSetSize of job (KB)
...
006 (113587254.000.000) 2023-04-05 15:11:12 Image size of job updated: 5370020
	831  -  MemoryUsage of job (MB)
	850332  -  ResidentSetSize of job (KB)
...
006 (113587254.000.000) 2023-04-05 15:16:13 Image size of job updated: 5418212
	878  -  MemoryUsage of job (MB)
	898712  -  ResidentSetSize of job (KB)
...
006 (113587254.000.000) 2023-04-05 15:21:14 Image size of job updated: 5418724
	879  -  MemoryUsage of job (MB)
	899132  -  ResidentSetSize of job (KB)
...
006 (113587254.000.000) 2023-04-05 15:26:14 Image size of job updated: 5419492
	879  -  MemoryUsage of job (MB)
	899784  -  ResidentSetSize of job (KB)
...
006 (113587254.000.000) 2023-04-05 15:31:14 Image size of job updated: 5419492
	887  -  MemoryUsage of job (MB)
	908116  -  ResidentSetSize of job (KB)
...
006 (113587254.000.000) 2023-04-05 15:36:15 Image size of job updated: 5419492
	889  -  MemoryUsage of job (MB)
	910292  -  ResidentSetSize of job (KB)
...
006 (113587254.000.000) 2023-04-05 15:41:15 Image size of job updated: 5419492
	909  -  MemoryUsage of job (MB)
	929924  -  ResidentSetSize of job (KB)
...
006 (113587254.000.000) 2023-04-05 15:46:15 Image size of job updated: 5419492
	909  -  MemoryUsage of job (MB)
	930248  -  ResidentSetSize of job (KB)
...
006 (113587254.000.000) 2023-04-05 15:51:16 Image size of job updated: 5419492
	909  -  MemoryUsage of job (MB)
	930764  -  ResidentSetSize of job (KB)
...
006 (113587254.000.000) 2023-04-05 15:56:17 Image size of job updated: 5688544
	1170  -  MemoryUsage of job (MB)
	1197696  -  ResidentSetSize of job (KB)
...
006 (113587254.000.000) 2023-04-05 16:01:17 Image size of job updated: 5716672
	1250  -  MemoryUsage of job (MB)
	1279668  -  ResidentSetSize of job (KB)
...
006 (113587254.000.000) 2023-04-05 16:06:18 Image size of job updated: 5954180
	1405  -  MemoryUsage of job (MB)
	1437740  -  ResidentSetSize of job (KB)
...
006 (113587254.000.000) 2023-04-05 16:11:19 Image size of job updated: 5954180
	1531  -  MemoryUsage of job (MB)
	1566956  -  ResidentSetSize of job (KB)
...
006 (113587254.000.000) 2023-04-05 16:16:19 Image size of job updated: 5954180
	1537  -  MemoryUsage of job (MB)
	1573688  -  ResidentSetSize of job (KB)
...
006 (113587254.000.000) 2023-04-05 16:21:19 Image size of job updated: 5980524
	1537  -  MemoryUsage of job (MB)
	1573688  -  ResidentSetSize of job (KB)
...
006 (113587254.000.000) 2023-04-05 16:31:20 Image size of job updated: 6000988
	1537  -  MemoryUsage of job (MB)
	1573688  -  ResidentSetSize of job (KB)
...
006 (113587254.000.000) 2023-04-05 17:06:24 Image size of job updated: 6000988
	1540  -  MemoryUsage of job (MB)
	1576920  -  ResidentSetSize of job (KB)
...
006 (113587254.000.000) 2023-04-05 17:11:24 Image size of job updated: 6000988
	1560  -  MemoryUsage of job (MB)
	1597424  -  ResidentSetSize of job (KB)
...
006 (113587254.000.000) 2023-04-05 17:16:25 Image size of job updated: 6000988
	1592  -  MemoryUsage of job (MB)
	1630164  -  ResidentSetSize of job (KB)
...
006 (113587254.000.000) 2023-04-05 18:16:31 Image size of job updated: 6012468
	1592  -  MemoryUsage of job (MB)
	1630164  -  ResidentSetSize of job (KB)
...
006 (113587254.000.000) 2023-04-05 18:26:31 Image size of job updated: 6012468
	1607  -  MemoryUsage of job (MB)
	1645120  -  ResidentSetSize of job (KB)
...
006 (113587254.000.000) 2023-04-05 18:31:32 Image size of job updated: 6035736
	1611  -  MemoryUsage of job (MB)
	1649632  -  ResidentSetSize of job (KB)
...
006 (113587254.000.000) 2023-04-05 18:41:32 Image size of job updated: 6035736
	1624  -  MemoryUsage of job (MB)
	1662028  -  ResidentSetSize of job (KB)
...
006 (113587254.000.000) 2023-04-05 18:46:33 Image size of job updated: 6035736
	1648  -  MemoryUsage of job (MB)
	1686912  -  ResidentSetSize of job (KB)
...
006 (113587254.000.000) 2023-04-05 19:21:37 Image size of job updated: 6050120
	1648  -  MemoryUsage of job (MB)
	1686912  -  ResidentSetSize of job (KB)
...
006 (113587254.000.000) 2023-04-05 19:46:39 Image size of job updated: 6055744
	1648  -  MemoryUsage of job (MB)
	1686912  -  ResidentSetSize of job (KB)
...
006 (113587254.000.000) 2023-04-05 20:16:42 Image size of job updated: 6088352
	1648  -  MemoryUsage of job (MB)
	1686912  -  ResidentSetSize of job (KB)
...
006 (113587254.000.000) 2023-04-05 20:41:45 Image size of job updated: 6088352
	1648  -  MemoryUsage of job (MB)
	1686964  -  ResidentSetSize of job (KB)
...
006 (113587254.000.000) 2023-04-05 20:51:46 Image size of job updated: 6088352
	1791  -  MemoryUsage of job (MB)
	1833652  -  ResidentSetSize of job (KB)
...
006 (113587254.000.000) 2023-04-05 22:57:00 Image size of job updated: 6090768
	1791  -  MemoryUsage of job (MB)
	1833652  -  ResidentSetSize of job (KB)
...
006 (113587254.000.000) 2023-04-05 23:12:02 Image size of job updated: 6097088
	1791  -  MemoryUsage of job (MB)
	1833652  -  ResidentSetSize of job (KB)
...
006 (113587254.000.000) 2023-04-05 23:27:03 Image size of job updated: 6104076
	1791  -  MemoryUsage of job (MB)
	1833652  -  ResidentSetSize of job (KB)
...
006 (113587254.000.000) 2023-04-05 23:42:04 Image size of job updated: 6105332
	1908  -  MemoryUsage of job (MB)
	1953732  -  ResidentSetSize of job (KB)
...
006 (113587254.000.000) 2023-04-06 00:42:10 Image size of job updated: 6248976
	1908  -  MemoryUsage of job (MB)
	1953732  -  ResidentSetSize of job (KB)
...
006 (113587254.000.000) 2023-04-06 15:13:39 Image size of job updated: 6248976
	1920  -  MemoryUsage of job (MB)
	1965612  -  ResidentSetSize of job (KB)
...
004 (113587254.000.000) 2023-04-06 15:16:59 Job was evicted.
	(0) CPU times
		Usr 4 12:31:16, Sys 0 00:02:43  -  Run Remote Usage
		Usr 0 00:00:00, Sys 0 00:00:00  -  Run Local Usage
	0  -  Run Bytes Sent By Job
	366  -  Run Bytes Received By Job
	Partitionable Resources :    Usage  Request Allocated 
	   Cpus                 :     0.99        1         1 
	   Disk (KB)            :  3057      500000    624256 
	   GPUs                 :                           0 
	   Memory (MB)          :  1920       20000     20096 
...
040 (113587254.000.000) 2023-04-06 15:24:23 Started transferring input files
	Transferring to host: <10.14.4.35:9618?addrs=10.14.4.35-9618&alias=node785.cluster.ldas.cit&noUDP&sock=slot1_7_2682066_e0c2_22472>
...
040 (113587254.000.000) 2023-04-06 15:24:23 Finished transferring input files
...
001 (113587254.000.000) 2023-04-06 15:24:24 Job executing on host: <10.14.4.35:9618?addrs=10.14.4.35-9618&alias=node785.cluster.ldas.cit&noUDP&sock=startd_2682030_13a8>
...
004 (113587254.000.000) 2023-04-06 16:04:49 Job was evicted.
	(0) CPU times
		Usr 0 01:41:09, Sys 0 00:00:07  -  Run Remote Usage
		Usr 0 00:00:00, Sys 0 00:00:00  -  Run Local Usage
	0  -  Run Bytes Sent By Job
	366  -  Run Bytes Received By Job
	Partitionable Resources :    Usage  Request Allocated 
	   Cpus                 :     3.15        1         1 
	   Disk (KB)            :  2713      500000    624256 
	   GPUs                 :                           0 
	   Memory (MB)          :  1954       20000     20096 
...
009 (113587254.000.000) 2023-04-06 16:04:49 Job was aborted.
	removed because <OtherJobRemoveRequirements = DAGManJobId =?= 113587193> fired when job (113587193.0) was removed
...
000 (113604367.000.000) 2023-04-06 16:28:17 Job submitted from host: <10.14.0.160:9618?addrs=10.14.0.160-9618&alias=ldas-pcdev2.ligo.caltech.edu&noUDP&sock=schedd_7450_a8a7>
    DAG Node: 334
...
040 (113604367.000.000) 2023-04-06 16:39:21 Started transferring input files
	Transferring to host: <10.14.4.39:9618?addrs=10.14.4.39-9618&alias=node789.cluster.ldas.cit&noUDP&sock=slot1_7_218143_3a40_19699>
...
040 (113604367.000.000) 2023-04-06 16:39:21 Finished transferring input files
...
001 (113604367.000.000) 2023-04-06 16:39:22 Job executing on host: <10.14.4.39:9618?addrs=10.14.4.39-9618&alias=node789.cluster.ldas.cit&noUDP&sock=startd_271615_e062>
...
006 (113604367.000.000) 2023-04-06 16:39:31 Image size of job updated: 309484
	192  -  MemoryUsage of job (MB)
	196496  -  ResidentSetSize of job (KB)
...
006 (113604367.000.000) 2023-04-06 16:44:32 Image size of job updated: 5286160
	581  -  MemoryUsage of job (MB)
	594356  -  ResidentSetSize of job (KB)
...
006 (113604367.000.000) 2023-04-06 18:44:42 Image size of job updated: 5286160
	587  -  MemoryUsage of job (MB)
	600852  -  ResidentSetSize of job (KB)
...
006 (113604367.000.000) 2023-04-06 18:54:43 Image size of job updated: 5286160
	603  -  MemoryUsage of job (MB)
	616484  -  ResidentSetSize of job (KB)
...
006 (113604367.000.000) 2023-04-06 18:59:43 Image size of job updated: 5286160
	603  -  MemoryUsage of job (MB)
	616916  -  ResidentSetSize of job (KB)
...
006 (113604367.000.000) 2023-04-06 19:04:43 Image size of job updated: 5286160
	605  -  MemoryUsage of job (MB)
	618888  -  ResidentSetSize of job (KB)
...
006 (113604367.000.000) 2023-04-06 19:09:44 Image size of job updated: 5286160
	606  -  MemoryUsage of job (MB)
	620484  -  ResidentSetSize of job (KB)
...
006 (113604367.000.000) 2023-04-06 19:14:44 Image size of job updated: 5286160
	615  -  MemoryUsage of job (MB)
	629004  -  ResidentSetSize of job (KB)
...
006 (113604367.000.000) 2023-04-06 19:19:44 Image size of job updated: 5286160
	626  -  MemoryUsage of job (MB)
	640644  -  ResidentSetSize of job (KB)
...
006 (113604367.000.000) 2023-04-06 19:29:45 Image size of job updated: 5286160
	630  -  MemoryUsage of job (MB)
	644820  -  ResidentSetSize of job (KB)
...
006 (113604367.000.000) 2023-04-06 19:34:45 Image size of job updated: 5286160
	650  -  MemoryUsage of job (MB)
	665284  -  ResidentSetSize of job (KB)
...
006 (113604367.000.000) 2023-04-06 19:39:46 Image size of job updated: 5286160
	650  -  MemoryUsage of job (MB)
	665492  -  ResidentSetSize of job (KB)
...
006 (113604367.000.000) 2023-04-06 19:44:46 Image size of job updated: 5286160
	654  -  MemoryUsage of job (MB)
	668932  -  ResidentSetSize of job (KB)
...
006 (113604367.000.000) 2023-04-06 19:49:46 Image size of job updated: 5286160
	654  -  MemoryUsage of job (MB)
	669432  -  ResidentSetSize of job (KB)
...
006 (113604367.000.000) 2023-04-06 19:54:47 Image size of job updated: 5286160
	655  -  MemoryUsage of job (MB)
	670416  -  ResidentSetSize of job (KB)
...
006 (113604367.000.000) 2023-04-06 19:59:47 Image size of job updated: 5286160
	658  -  MemoryUsage of job (MB)
	673680  -  ResidentSetSize of job (KB)
...
006 (113604367.000.000) 2023-04-06 20:04:47 Image size of job updated: 5286160
	659  -  MemoryUsage of job (MB)
	673892  -  ResidentSetSize of job (KB)
...
006 (113604367.000.000) 2023-04-06 20:09:48 Image size of job updated: 5286160
	661  -  MemoryUsage of job (MB)
	676572  -  ResidentSetSize of job (KB)
...
006 (113604367.000.000) 2023-04-06 20:14:48 Image size of job updated: 5286160
	662  -  MemoryUsage of job (MB)
	676896  -  ResidentSetSize of job (KB)
...
006 (113604367.000.000) 2023-04-06 20:24:50 Image size of job updated: 5286160
	685  -  MemoryUsage of job (MB)
	700816  -  ResidentSetSize of job (KB)
...
006 (113604367.000.000) 2023-04-06 20:34:51 Image size of job updated: 5286160
	693  -  MemoryUsage of job (MB)
	709352  -  ResidentSetSize of job (KB)
...
006 (113604367.000.000) 2023-04-06 20:39:52 Image size of job updated: 5286160
	693  -  MemoryUsage of job (MB)
	709424  -  ResidentSetSize of job (KB)
...
006 (113604367.000.000) 2023-04-06 20:44:52 Image size of job updated: 5286160
	696  -  MemoryUsage of job (MB)
	712512  -  ResidentSetSize of job (KB)
...
006 (113604367.000.000) 2023-04-06 20:49:53 Image size of job updated: 5286160
	700  -  MemoryUsage of job (MB)
	716688  -  ResidentSetSize of job (KB)
...
006 (113604367.000.000) 2023-04-06 20:54:54 Image size of job updated: 5286160
	710  -  MemoryUsage of job (MB)
	726772  -  ResidentSetSize of job (KB)
...
006 (113604367.000.000) 2023-04-06 21:09:56 Image size of job updated: 5286160
	716  -  MemoryUsage of job (MB)
	732328  -  ResidentSetSize of job (KB)
...
006 (113604367.000.000) 2023-04-06 21:19:57 Image size of job updated: 5286160
	716  -  MemoryUsage of job (MB)
	732340  -  ResidentSetSize of job (KB)
...
006 (113604367.000.000) 2023-04-06 21:24:58 Image size of job updated: 5286160
	716  -  MemoryUsage of job (MB)
	732940  -  ResidentSetSize of job (KB)
...
006 (113604367.000.000) 2023-04-06 21:29:58 Image size of job updated: 5286160
	716  -  MemoryUsage of job (MB)
	732952  -  ResidentSetSize of job (KB)
...
006 (113604367.000.000) 2023-04-06 21:34:59 Image size of job updated: 5286160
	717  -  MemoryUsage of job (MB)
	733348  -  ResidentSetSize of job (KB)
...
006 (113604367.000.000) 2023-04-06 21:40:00 Image size of job updated: 5286160
	786  -  MemoryUsage of job (MB)
	804268  -  ResidentSetSize of job (KB)
...
006 (113604367.000.000) 2023-04-06 21:45:00 Image size of job updated: 5286160
	787  -  MemoryUsage of job (MB)
	804904  -  ResidentSetSize of job (KB)
...
006 (113604367.000.000) 2023-04-06 21:50:01 Image size of job updated: 5286160
	790  -  MemoryUsage of job (MB)
	808308  -  ResidentSetSize of job (KB)
...
006 (113604367.000.000) 2023-04-06 21:55:02 Image size of job updated: 5286160
	819  -  MemoryUsage of job (MB)
	838400  -  ResidentSetSize of job (KB)
...
006 (113604367.000.000) 2023-04-06 22:00:02 Image size of job updated: 5286160
	821  -  MemoryUsage of job (MB)
	839876  -  ResidentSetSize of job (KB)
...
006 (113604367.000.000) 2023-04-06 22:10:04 Image size of job updated: 5286160
	894  -  MemoryUsage of job (MB)
	915288  -  ResidentSetSize of job (KB)
...
006 (113604367.000.000) 2023-04-06 22:15:04 Image size of job updated: 5294168
	1076  -  MemoryUsage of job (MB)
	1101260  -  ResidentSetSize of job (KB)
...
006 (113604367.000.000) 2023-04-06 22:20:05 Image size of job updated: 5294168
	1144  -  MemoryUsage of job (MB)
	1171224  -  ResidentSetSize of job (KB)
...
006 (113604367.000.000) 2023-04-06 22:25:06 Image size of job updated: 5295720
	1145  -  MemoryUsage of job (MB)
	1171872  -  ResidentSetSize of job (KB)
...
006 (113604367.000.000) 2023-04-06 22:35:07 Image size of job updated: 5295720
	1163  -  MemoryUsage of job (MB)
	1190864  -  ResidentSetSize of job (KB)
...
006 (113604367.000.000) 2023-04-06 22:40:08 Image size of job updated: 5304424
	1170  -  MemoryUsage of job (MB)
	1197668  -  ResidentSetSize of job (KB)
...
006 (113604367.000.000) 2023-04-06 22:50:09 Image size of job updated: 5304424
	1193  -  MemoryUsage of job (MB)
	1220796  -  ResidentSetSize of job (KB)
...
006 (113604367.000.000) 2023-04-06 22:55:10 Image size of job updated: 5304424
	1195  -  MemoryUsage of job (MB)
	1222860  -  ResidentSetSize of job (KB)
...
006 (113604367.000.000) 2023-04-06 23:00:10 Image size of job updated: 5308964
	1220  -  MemoryUsage of job (MB)
	1248712  -  ResidentSetSize of job (KB)
...
006 (113604367.000.000) 2023-04-06 23:05:11 Image size of job updated: 5308964
	1238  -  MemoryUsage of job (MB)
	1267704  -  ResidentSetSize of job (KB)
...
006 (113604367.000.000) 2023-04-06 23:10:12 Image size of job updated: 5311012
	1240  -  MemoryUsage of job (MB)
	1269524  -  ResidentSetSize of job (KB)
...
006 (113604367.000.000) 2023-04-07 00:35:23 Image size of job updated: 5311468
	1240  -  MemoryUsage of job (MB)
	1269524  -  ResidentSetSize of job (KB)
...
006 (113604367.000.000) 2023-04-07 00:45:24 Image size of job updated: 5313980
	1240  -  MemoryUsage of job (MB)
	1269592  -  ResidentSetSize of job (KB)
...
006 (113604367.000.000) 2023-04-07 00:55:26 Image size of job updated: 5316576
	1243  -  MemoryUsage of job (MB)
	1272064  -  ResidentSetSize of job (KB)
...
006 (113604367.000.000) 2023-04-07 01:05:27 Image size of job updated: 5317688
	1246  -  MemoryUsage of job (MB)
	1275296  -  ResidentSetSize of job (KB)
...
006 (113604367.000.000) 2023-04-07 01:20:29 Image size of job updated: 5318040
	1246  -  MemoryUsage of job (MB)
	1275632  -  ResidentSetSize of job (KB)
...
006 (113604367.000.000) 2023-04-07 01:30:30 Image size of job updated: 5318296
	1246  -  MemoryUsage of job (MB)
	1275876  -  ResidentSetSize of job (KB)
...
006 (113604367.000.000) 2023-04-07 01:35:31 Image size of job updated: 5440964
	1366  -  MemoryUsage of job (MB)
	1398524  -  ResidentSetSize of job (KB)
...
006 (113604367.000.000) 2023-04-07 02:35:35 Image size of job updated: 5465508
	1366  -  MemoryUsage of job (MB)
	1398524  -  ResidentSetSize of job (KB)
...
006 (113604367.000.000) 2023-04-07 04:45:52 Image size of job updated: 5475484
	1366  -  MemoryUsage of job (MB)
	1398524  -  ResidentSetSize of job (KB)
...
006 (113604367.000.000) 2023-04-07 04:55:53 Image size of job updated: 5477404
	1366  -  MemoryUsage of job (MB)
	1398524  -  ResidentSetSize of job (KB)
...
006 (113604367.000.000) 2023-04-07 05:05:54 Image size of job updated: 5478740
	1366  -  MemoryUsage of job (MB)
	1398524  -  ResidentSetSize of job (KB)
...
006 (113604367.000.000) 2023-04-07 05:20:56 Image size of job updated: 5481748
	1366  -  MemoryUsage of job (MB)
	1398524  -  ResidentSetSize of job (KB)
...
006 (113604367.000.000) 2023-04-07 05:35:58 Image size of job updated: 5486644
	1366  -  MemoryUsage of job (MB)
	1398524  -  ResidentSetSize of job (KB)
...
006 (113604367.000.000) 2023-04-07 05:46:00 Image size of job updated: 5490252
	1366  -  MemoryUsage of job (MB)
	1398524  -  ResidentSetSize of job (KB)
...
006 (113604367.000.000) 2023-04-07 06:11:03 Image size of job updated: 5505720
	1366  -  MemoryUsage of job (MB)
	1398524  -  ResidentSetSize of job (KB)
...
006 (113604367.000.000) 2023-04-07 06:36:06 Image size of job updated: 5509488
	1366  -  MemoryUsage of job (MB)
	1398524  -  ResidentSetSize of job (KB)
...
006 (113604367.000.000) 2023-04-07 06:46:08 Image size of job updated: 5511056
	1366  -  MemoryUsage of job (MB)
	1398524  -  ResidentSetSize of job (KB)
...
006 (113604367.000.000) 2023-04-07 07:26:13 Image size of job updated: 5524340
	1366  -  MemoryUsage of job (MB)
	1398524  -  ResidentSetSize of job (KB)
...
006 (113604367.000.000) 2023-04-07 07:36:14 Image size of job updated: 5531268
	1370  -  MemoryUsage of job (MB)
	1402684  -  ResidentSetSize of job (KB)
...
006 (113604367.000.000) 2023-04-07 07:41:15 Image size of job updated: 5531268
	1370  -  MemoryUsage of job (MB)
	1402748  -  ResidentSetSize of job (KB)
...
006 (113604367.000.000) 2023-04-07 07:51:16 Image size of job updated: 5544376
	1372  -  MemoryUsage of job (MB)
	1404496  -  ResidentSetSize of job (KB)
...
006 (113604367.000.000) 2023-04-07 08:06:18 Image size of job updated: 5544376
	1375  -  MemoryUsage of job (MB)
	1407460  -  ResidentSetSize of job (KB)
...
006 (113604367.000.000) 2023-04-07 08:31:22 Image size of job updated: 5551016
	1379  -  MemoryUsage of job (MB)
	1411772  -  ResidentSetSize of job (KB)
...
006 (113604367.000.000) 2023-04-07 08:36:22 Image size of job updated: 5551016
	1381  -  MemoryUsage of job (MB)
	1413820  -  ResidentSetSize of job (KB)
...
006 (113604367.000.000) 2023-04-07 08:41:24 Image size of job updated: 5556504
	1385  -  MemoryUsage of job (MB)
	1417736  -  ResidentSetSize of job (KB)
...
006 (113604367.000.000) 2023-04-07 08:51:24 Image size of job updated: 5556504
	1387  -  MemoryUsage of job (MB)
	1419784  -  ResidentSetSize of job (KB)
...
006 (113604367.000.000) 2023-04-07 09:21:26 Image size of job updated: 5576936
	1387  -  MemoryUsage of job (MB)
	1419784  -  ResidentSetSize of job (KB)
...
006 (113604367.000.000) 2023-04-07 09:41:28 Image size of job updated: 5580268
	1408  -  MemoryUsage of job (MB)
	1441148  -  ResidentSetSize of job (KB)
...
006 (113604367.000.000) 2023-04-07 09:56:29 Image size of job updated: 5580268
	1410  -  MemoryUsage of job (MB)
	1443224  -  ResidentSetSize of job (KB)
...
006 (113604367.000.000) 2023-04-07 10:01:29 Image size of job updated: 5580268
	1412  -  MemoryUsage of job (MB)
	1445032  -  ResidentSetSize of job (KB)
...
006 (113604367.000.000) 2023-04-07 10:06:29 Image size of job updated: 5580268
	1415  -  MemoryUsage of job (MB)
	1448276  -  ResidentSetSize of job (KB)
...
006 (113604367.000.000) 2023-04-07 10:16:30 Image size of job updated: 5601624
	1415  -  MemoryUsage of job (MB)
	1448276  -  ResidentSetSize of job (KB)
...
006 (113604367.000.000) 2023-04-07 10:41:32 Image size of job updated: 5606392
	1415  -  MemoryUsage of job (MB)
	1448276  -  ResidentSetSize of job (KB)
...
006 (113604367.000.000) 2023-04-07 10:56:33 Image size of job updated: 5609400
	1415  -  MemoryUsage of job (MB)
	1448276  -  ResidentSetSize of job (KB)
...
006 (113604367.000.000) 2023-04-07 11:11:34 Image size of job updated: 5609400
	1430  -  MemoryUsage of job (MB)
	1463564  -  ResidentSetSize of job (KB)
...
006 (113604367.000.000) 2023-04-07 11:21:34 Image size of job updated: 5609400
	1434  -  MemoryUsage of job (MB)
	1467560  -  ResidentSetSize of job (KB)
...
006 (113604367.000.000) 2023-04-07 11:46:36 Image size of job updated: 5616960
	1435  -  MemoryUsage of job (MB)
	1468480  -  ResidentSetSize of job (KB)
...
006 (113604367.000.000) 2023-04-07 12:06:37 Image size of job updated: 5621472
	1437  -  MemoryUsage of job (MB)
	1471320  -  ResidentSetSize of job (KB)
...
006 (113604367.000.000) 2023-04-07 12:21:39 Image size of job updated: 5621472
	1440  -  MemoryUsage of job (MB)
	1474120  -  ResidentSetSize of job (KB)
...
006 (113604367.000.000) 2023-04-07 12:46:42 Image size of job updated: 5625280
	1441  -  MemoryUsage of job (MB)
	1475224  -  ResidentSetSize of job (KB)
...
006 (113604367.000.000) 2023-04-07 12:51:43 Image size of job updated: 5625280
	1444  -  MemoryUsage of job (MB)
	1478524  -  ResidentSetSize of job (KB)
...
006 (113604367.000.000) 2023-04-07 13:11:46 Image size of job updated: 5630612
	1444  -  MemoryUsage of job (MB)
	1478524  -  ResidentSetSize of job (KB)
...
006 (113604367.000.000) 2023-04-07 13:41:50 Image size of job updated: 5635116
	1451  -  MemoryUsage of job (MB)
	1485080  -  ResidentSetSize of job (KB)
...
006 (113604367.000.000) 2023-04-07 13:46:50 Image size of job updated: 5635116
	1451  -  MemoryUsage of job (MB)
	1485204  -  ResidentSetSize of job (KB)
...
006 (113604367.000.000) 2023-04-07 14:01:52 Image size of job updated: 5635116
	1452  -  MemoryUsage of job (MB)
	1486300  -  ResidentSetSize of job (KB)
...
006 (113604367.000.000) 2023-04-07 14:06:53 Image size of job updated: 5635116
	1452  -  MemoryUsage of job (MB)
	1486424  -  ResidentSetSize of job (KB)
...
006 (113604367.000.000) 2023-04-07 14:36:57 Image size of job updated: 5659500
	1463  -  MemoryUsage of job (MB)
	1497144  -  ResidentSetSize of job (KB)
...
006 (113604367.000.000) 2023-04-07 15:02:00 Image size of job updated: 5659500
	1466  -  MemoryUsage of job (MB)
	1500984  -  ResidentSetSize of job (KB)
...
006 (113604367.000.000) 2023-04-07 15:57:04 Image size of job updated: 5659500
	1537  -  MemoryUsage of job (MB)
	1573836  -  ResidentSetSize of job (KB)
...
004 (113604367.000.000) 2023-04-07 16:41:59 Job was evicted.
	(0) CPU times
		Usr 2 07:25:32, Sys 0 00:07:12  -  Run Remote Usage
		Usr 0 00:00:00, Sys 0 00:00:00  -  Run Local Usage
	0  -  Run Bytes Sent By Job
	366  -  Run Bytes Received By Job
	Partitionable Resources :    Usage  Request Allocated 
	   Cpus                 :     0.96        1         1 
	   Disk (KB)            :  4018      500000    624256 
	   GPUs                 :                           0 
	   Memory (MB)          :  1537       20000     20096 
...
040 (113604367.000.000) 2023-04-07 16:58:34 Started transferring input files
	Transferring to host: <10.14.10.49:9618?addrs=10.14.10.49-9618&alias=node2299.cluster.ldas.cit&noUDP&sock=slot1_8_3292414_4236_3461>
...
040 (113604367.000.000) 2023-04-07 16:58:34 Finished transferring input files
...
001 (113604367.000.000) 2023-04-07 16:58:35 Job executing on host: <10.14.10.49:9618?addrs=10.14.10.49-9618&alias=node2299.cluster.ldas.cit&noUDP&sock=startd_3292373_9bcf>
...
006 (113604367.000.000) 2023-04-08 10:30:31 Image size of job updated: 7500000
	1731  -  MemoryUsage of job (MB)
	1771548  -  ResidentSetSize of job (KB)
...
006 (113604367.000.000) 2023-04-08 10:35:31 Image size of job updated: 7500000
	1749  -  MemoryUsage of job (MB)
	1790580  -  ResidentSetSize of job (KB)
...
006 (113604367.000.000) 2023-04-08 10:40:32 Image size of job updated: 7500000
	1750  -  MemoryUsage of job (MB)
	1791572  -  ResidentSetSize of job (KB)
...
006 (113604367.000.000) 2023-04-08 10:50:33 Image size of job updated: 7500000
	1769  -  MemoryUsage of job (MB)
	1810916  -  ResidentSetSize of job (KB)
...
006 (113604367.000.000) 2023-04-08 10:55:34 Image size of job updated: 7500000
	1812  -  MemoryUsage of job (MB)
	1854548  -  ResidentSetSize of job (KB)
...
006 (113604367.000.000) 2023-04-08 11:00:35 Image size of job updated: 7500000
	1814  -  MemoryUsage of job (MB)
	1856644  -  ResidentSetSize of job (KB)
...
006 (113604367.000.000) 2023-04-08 11:20:37 Image size of job updated: 7500000
	1829  -  MemoryUsage of job (MB)
	1872200  -  ResidentSetSize of job (KB)
...
006 (113604367.000.000) 2023-04-08 11:30:37 Image size of job updated: 7500000
	1832  -  MemoryUsage of job (MB)
	1874988  -  ResidentSetSize of job (KB)
...
006 (113604367.000.000) 2023-04-08 11:55:40 Image size of job updated: 7500000
	1860  -  MemoryUsage of job (MB)
	1903688  -  ResidentSetSize of job (KB)
...
006 (113604367.000.000) 2023-04-08 13:40:49 Image size of job updated: 7500000
	1867  -  MemoryUsage of job (MB)
	1910796  -  ResidentSetSize of job (KB)
...
006 (113604367.000.000) 2023-04-08 14:25:55 Image size of job updated: 7500000
	2049  -  MemoryUsage of job (MB)
	2098016  -  ResidentSetSize of job (KB)
...
004 (113604367.000.000) 2023-04-08 17:47:51 Job was evicted.
	(0) CPU times
		Usr 4 07:16:21, Sys 0 00:07:24  -  Run Remote Usage
		Usr 0 00:00:00, Sys 0 00:00:00  -  Run Local Usage
	0  -  Run Bytes Sent By Job
	366  -  Run Bytes Received By Job
	Partitionable Resources :    Usage  Request Allocated 
	   Cpus                 :     3.84        1         1 
	   Disk (KB)            :  3548      500000    624256 
	   GPUs                 :                           0 
	   Memory (MB)          :  2049       20000     20096 
...
040 (113604367.000.000) 2023-04-08 17:52:39 Started transferring input files
	Transferring to host: <10.14.10.57:9618?addrs=10.14.10.57-9618&alias=node2307.cluster.ldas.cit&noUDP&sock=slot1_13_3689701_e3f2_8609>
...
040 (113604367.000.000) 2023-04-08 17:52:39 Finished transferring input files
...
001 (113604367.000.000) 2023-04-08 17:52:40 Job executing on host: <10.14.10.57:9618?addrs=10.14.10.57-9618&alias=node2307.cluster.ldas.cit&noUDP&sock=startd_3689657_6352>
...
004 (113604367.000.000) 2023-04-09 18:00:39 Job was evicted.
	(0) CPU times
		Usr 4 08:36:35, Sys 0 00:05:50  -  Run Remote Usage
		Usr 0 00:00:00, Sys 0 00:00:00  -  Run Local Usage
	0  -  Run Bytes Sent By Job
	366  -  Run Bytes Received By Job
	Partitionable Resources :    Usage  Request Allocated 
	   Cpus                 :     0.99        1         1 
	   Disk (KB)            :  3136      500000    624256 
	   GPUs                 :                           0 
	   Memory (MB)          :  2198       20000     20096 
...
040 (113604367.000.000) 2023-04-09 18:02:42 Started transferring input files
	Transferring to host: <10.14.4.44:9618?addrs=10.14.4.44-9618&alias=node794.cluster.ldas.cit&noUDP&sock=slot1_8_631012_c9b5_25176>
...
040 (113604367.000.000) 2023-04-09 18:02:42 Finished transferring input files
...
001 (113604367.000.000) 2023-04-09 18:02:43 Job executing on host: <10.14.4.44:9618?addrs=10.14.4.44-9618&alias=node794.cluster.ldas.cit&noUDP&sock=startd_3401_61b0>
...
004 (113604367.000.000) 2023-04-10 18:04:09 Job was evicted.
	(0) CPU times
		Usr 2 17:10:05, Sys 0 00:04:14  -  Run Remote Usage
		Usr 0 00:00:00, Sys 0 00:00:00  -  Run Local Usage
	0  -  Run Bytes Sent By Job
	366  -  Run Bytes Received By Job
	Partitionable Resources :    Usage  Request Allocated 
	   Cpus                 :     5.15        1         1 
	   Disk (KB)            :  2838      500000    619991 
	   GPUs                 :                           0 
	   Memory (MB)          :  2198       20000     20096 
...
040 (113604367.000.000) 2023-04-10 18:05:16 Started transferring input files
	Transferring to host: <10.14.4.47:9618?addrs=10.14.4.47-9618&alias=node797.cluster.ldas.cit&noUDP&sock=slot1_20_3947040_7ef2_21963>
...
040 (113604367.000.000) 2023-04-10 18:05:16 Finished transferring input files
...
001 (113604367.000.000) 2023-04-10 18:05:17 Job executing on host: <10.14.4.47:9618?addrs=10.14.4.47-9618&alias=node797.cluster.ldas.cit&noUDP&sock=startd_3946900_b07d>
...
004 (113604367.000.000) 2023-04-11 19:32:32 Job was evicted.
	(0) CPU times
		Usr 3 14:51:51, Sys 0 00:07:14  -  Run Remote Usage
		Usr 0 00:00:00, Sys 0 00:00:00  -  Run Local Usage
	0  -  Run Bytes Sent By Job
	366  -  Run Bytes Received By Job
	Partitionable Resources :    Usage  Request Allocated 
	   Cpus                 :     7.01        1         1 
	   Disk (KB)            :  2823      500000    624256 
	   GPUs                 :                           0 
	   Memory (MB)          :  2198       20000     20096 
...
040 (113604367.000.000) 2023-04-11 20:18:11 Started transferring input files
	Transferring to host: <10.14.10.79:9618?addrs=10.14.10.79-9618&alias=node2329.cluster.ldas.cit&noUDP&sock=slot1_8_2626122_44df_10265>
...
040 (113604367.000.000) 2023-04-11 20:18:11 Finished transferring input files
...
001 (113604367.000.000) 2023-04-11 20:18:12 Job executing on host: <10.14.10.79:9618?addrs=10.14.10.79-9618&alias=node2329.cluster.ldas.cit&noUDP&sock=startd_2626080_07cf>
...
004 (113604367.000.000) 2023-04-12 21:13:20 Job was evicted.
	(0) CPU times
		Usr 5 20:47:30, Sys 0 00:03:12  -  Run Remote Usage
		Usr 0 00:00:00, Sys 0 00:00:00  -  Run Local Usage
	0  -  Run Bytes Sent By Job
	366  -  Run Bytes Received By Job
	Partitionable Resources :    Usage  Request Allocated 
	   Cpus                 :     7.94        1         1 
	   Disk (KB)            :  3139      500000    624256 
	   GPUs                 :                           0 
	   Memory (MB)          :  2198       20000     20096 
...
040 (113604367.000.000) 2023-04-12 21:15:53 Started transferring input files
	Transferring to host: <10.14.10.125:9618?addrs=10.14.10.125-9618&alias=node2375.cluster.ldas.cit&noUDP&sock=slot1_2_4170239_6206_43159>
...
040 (113604367.000.000) 2023-04-12 21:15:53 Finished transferring input files
...
001 (113604367.000.000) 2023-04-12 21:15:54 Job executing on host: <10.14.10.125:9618?addrs=10.14.10.125-9618&alias=node2375.cluster.ldas.cit&noUDP&sock=startd_4089_4ad8>
...
004 (113604367.000.000) 2023-04-13 23:06:27 Job was evicted.
	(0) CPU times
		Usr 4 06:06:17, Sys 0 00:05:25  -  Run Remote Usage
		Usr 0 00:00:00, Sys 0 00:00:00  -  Run Local Usage
	0  -  Run Bytes Sent By Job
	366  -  Run Bytes Received By Job
	Partitionable Resources :    Usage  Request Allocated 
	   Cpus                 :     0.99        1         1 
	   Disk (KB)            :  2852      500000    624256 
	   GPUs                 :                           0 
	   Memory (MB)          :  2198       20000     20096 
...
040 (113604367.000.000) 2023-04-13 23:07:06 Started transferring input files
	Transferring to host: <10.14.9.121:9618?addrs=10.14.9.121-9618&alias=node2121.cluster.ldas.cit&noUDP&sock=slot1_4_1759064_7865_18704>
...
040 (113604367.000.000) 2023-04-13 23:07:06 Finished transferring input files
...
001 (113604367.000.000) 2023-04-13 23:07:08 Job executing on host: <10.14.9.121:9618?addrs=10.14.9.121-9618&alias=node2121.cluster.ldas.cit&noUDP&sock=startd_1759026_1adf>
...
004 (113604367.000.000) 2023-04-14 23:41:24 Job was evicted.
	(0) CPU times
		Usr 3 09:49:45, Sys 0 00:10:07  -  Run Remote Usage
		Usr 0 00:00:00, Sys 0 00:00:00  -  Run Local Usage
	0  -  Run Bytes Sent By Job
	366  -  Run Bytes Received By Job
	Partitionable Resources :    Usage  Request Allocated 
	   Cpus                 :     2.83        1         1 
	   Disk (KB)            :  2786      500000    609620 
	   GPUs                 :                           0 
	   Memory (MB)          :  2198       20000     20096 
...
040 (113604367.000.000) 2023-04-14 23:42:17 Started transferring input files
	Transferring to host: <10.14.9.119:9618?addrs=10.14.9.119-9618&alias=node2119.cluster.ldas.cit&noUDP&sock=slot1_23_1123076_63df_8961>
...
040 (113604367.000.000) 2023-04-14 23:42:17 Finished transferring input files
...
001 (113604367.000.000) 2023-04-14 23:42:18 Job executing on host: <10.14.9.119:9618?addrs=10.14.9.119-9618&alias=node2119.cluster.ldas.cit&noUDP&sock=startd_1123033_ce7d>
...
006 (113604367.000.000) 2023-04-15 18:29:21 Image size of job updated: 7500000
	2259  -  MemoryUsage of job (MB)
	2312544  -  ResidentSetSize of job (KB)
...
006 (113604367.000.000) 2023-04-15 22:49:47 Image size of job updated: 7500000
	2283  -  MemoryUsage of job (MB)
	2337292  -  ResidentSetSize of job (KB)
...
006 (113604367.000.000) 2023-04-16 00:09:55 Image size of job updated: 7500000
	2295  -  MemoryUsage of job (MB)
	2349464  -  ResidentSetSize of job (KB)
...
004 (113604367.000.000) 2023-04-16 01:35:00 Job was evicted.
	(0) CPU times
		Usr 6 09:00:39, Sys 0 00:05:16  -  Run Remote Usage
		Usr 0 00:00:00, Sys 0 00:00:00  -  Run Local Usage
	0  -  Run Bytes Sent By Job
	366  -  Run Bytes Received By Job
	Partitionable Resources :    Usage  Request Allocated 
	   Cpus                 :     1.00        1         1 
	   Disk (KB)            :  2930      500000    609620 
	   GPUs                 :                           0 
	   Memory (MB)          :  2295       20000     20096 
...
040 (113604367.000.000) 2023-04-16 01:36:05 Started transferring input files
	Transferring to host: <10.14.10.108:9618?addrs=10.14.10.108-9618&alias=node2358.cluster.ldas.cit&noUDP&sock=slot1_12_231551_6061_11157>
...
040 (113604367.000.000) 2023-04-16 01:36:05 Finished transferring input files
...
001 (113604367.000.000) 2023-04-16 01:36:06 Job executing on host: <10.14.10.108:9618?addrs=10.14.10.108-9618&alias=node2358.cluster.ldas.cit&noUDP&sock=startd_231508_cf7a>
...
004 (113604367.000.000) 2023-04-17 01:36:45 Job was evicted.
	(0) CPU times
		Usr 6 03:39:11, Sys 0 00:04:46  -  Run Remote Usage
		Usr 0 00:00:00, Sys 0 00:00:00  -  Run Local Usage
	0  -  Run Bytes Sent By Job
	366  -  Run Bytes Received By Job
	Partitionable Resources :    Usage  Request Allocated 
	   Cpus                 :     4.95        1         1 
	   Disk (KB)            :  2941      500000    624256 
	   GPUs                 :                           0 
	   Memory (MB)          :  2442       20000     20096 
...
040 (113604367.000.000) 2023-04-17 02:04:53 Started transferring input files
	Transferring to host: <10.14.3.48:9618?addrs=10.14.3.48-9618&alias=node548.cluster.ldas.cit&noUDP&sock=slot1_2_5067_e8e7_27510>
...
040 (113604367.000.000) 2023-04-17 02:04:53 Finished transferring input files
...
001 (113604367.000.000) 2023-04-17 02:04:54 Job executing on host: <10.14.3.48:9618?addrs=10.14.3.48-9618&alias=node548.cluster.ldas.cit&noUDP&sock=startd_3352_c58c>
...
004 (113604367.000.000) 2023-04-17 09:58:46 Job was evicted.
	(0) CPU times
		Usr 1 14:32:25, Sys 0 00:04:23  -  Run Remote Usage
		Usr 0 00:00:00, Sys 0 00:00:00  -  Run Local Usage
	0  -  Run Bytes Sent By Job
	366  -  Run Bytes Received By Job
	Partitionable Resources :    Usage  Request Allocated 
	   Cpus                 :     6.95        1         1 
	   Disk (KB)            :  2729      500000    609620 
	   GPUs                 :                           0 
	   Memory (MB)          :  2442       20000     20096 
...
040 (113604367.000.000) 2023-04-17 10:00:56 Started transferring input files
	Transferring to host: <10.14.4.42:9618?addrs=10.14.4.42-9618&alias=node792.cluster.ldas.cit&noUDP&sock=slot1_7_3106060_01dc_29289>
...
040 (113604367.000.000) 2023-04-17 10:00:56 Finished transferring input files
...
001 (113604367.000.000) 2023-04-17 10:00:57 Job executing on host: <10.14.4.42:9618?addrs=10.14.4.42-9618&alias=node792.cluster.ldas.cit&noUDP&sock=startd_3106022_5299>
...
004 (113604367.000.000) 2023-04-18 09:15:26 Job was evicted.
	(0) CPU times
		Usr 3 09:22:21, Sys 0 00:06:44  -  Run Remote Usage
		Usr 0 00:00:00, Sys 0 00:00:00  -  Run Local Usage
	0  -  Run Bytes Sent By Job
	366  -  Run Bytes Received By Job
	Partitionable Resources :    Usage  Request Allocated 
	   Cpus                 :     3.03        1         1 
	   Disk (KB)            :  2797      500000    624256 
	   GPUs                 :                           0 
	   Memory (MB)          :  2442       20000     20096 
...
040 (113604367.000.000) 2023-04-18 09:31:34 Entered queue to transfer input files
	Transferring to host: <10.14.4.48:9618?addrs=10.14.4.48-9618&alias=node798.cluster.ldas.cit&noUDP&sock=slot1_22_1984982_2388_29>
...
040 (113604367.000.000) 2023-04-18 09:31:51 Started transferring input files
	Seconds spent in queue: 17
...
040 (113604367.000.000) 2023-04-18 09:31:51 Finished transferring input files
...
001 (113604367.000.000) 2023-04-18 09:31:52 Job executing on host: <10.14.4.48:9618?addrs=10.14.4.48-9618&alias=node798.cluster.ldas.cit&noUDP&sock=startd_3064_3a45>
...
022 (113604367.000.000) 2023-04-18 09:56:14 Job disconnected, attempting to reconnect
    Local schedd and job shadow died, schedd now running again
    Trying to reconnect to slot1_22@node798.cluster.ldas.cit <10.14.4.48:9618?addrs=10.14.4.48-9618&alias=node798.cluster.ldas.cit&noUDP&sock=startd_3064_3a45>
...
023 (113604367.000.000) 2023-04-18 09:56:19 Job reconnected to slot1_22@node798.cluster.ldas.cit
    startd address: <10.14.4.48:9618?addrs=10.14.4.48-9618&alias=node798.cluster.ldas.cit&noUDP&sock=startd_3064_3a45>
    starter address: <10.14.4.48:9618?addrs=10.14.4.48-9618&alias=node798.cluster.ldas.cit&noUDP&sock=slot1_22_1984982_2388_29>
...
004 (113604367.000.000) 2023-04-19 09:52:16 Job was evicted.
	(0) CPU times
		Usr 2 03:37:17, Sys 0 00:03:24  -  Run Remote Usage
		Usr 0 00:00:00, Sys 0 00:00:00  -  Run Local Usage
	0  -  Run Bytes Sent By Job
	0  -  Run Bytes Received By Job
	Partitionable Resources :    Usage  Request Allocated 
	   Cpus                 :     4.35        1         1 
	   Disk (KB)            :  2754      500000    624256 
	   Memory (MB)          :  2442       20000     20096 
...
040 (113604367.000.000) 2023-04-19 09:53:24 Started transferring input files
	Seconds spent in queue: 87710
...
040 (113604367.000.000) 2023-04-19 09:53:24 Finished transferring input files
...
001 (113604367.000.000) 2023-04-19 09:53:25 Job executing on host: <10.14.10.93:9618?addrs=10.14.10.93-9618&alias=node2343.cluster.ldas.cit&noUDP&sock=startd_2501141_44bb>
...
040 (113604367.000.000) 2023-04-20 07:25:44 Started transferring output files
	Seconds spent in queue: 165250
...
040 (113604367.000.000) 2023-04-20 07:25:44 Finished transferring output files
...
005 (113604367.000.000) 2023-04-20 07:25:44 Job terminated.
	(1) Normal termination (return value 0)
		Usr 5 03:23:07, Sys 0 00:02:10  -  Run Remote Usage
		Usr 0 00:00:00, Sys 0 00:00:00  -  Run Local Usage
		Usr 55 16:05:09, Sys 0 01:17:25  -  Total Remote Usage
		Usr 0 00:00:00, Sys 0 00:00:00  -  Total Local Usage
	2963052  -  Run Bytes Sent By Job
	366  -  Run Bytes Received By Job
	2963052  -  Total Bytes Sent By Job
	5124  -  Total Bytes Received By Job
	Partitionable Resources :    Usage  Request Allocated 
	   Cpus                 :     2.99        1         1 
	   Disk (KB)            :  2917      500000    624256 
	   GPUs                 :                           0 
	   Memory (MB)          :  2442       20000     20096 

	Job terminated of its own accord at 2023-04-20T14:25:44Z with exit-code 0.
...
