15:06 bilby INFO    : Waveform generator initiated with
  frequency_domain_source_model: bilby.gw.source.lal_binary_black_hole
  time_domain_source_model: None
  parameter_conversion: bilby.gw.conversion.convert_to_lal_binary_black_hole_parameters
15:06 bilby INFO    : Injected signal in H1:
15:06 bilby INFO    :   optimal SNR = 26.65
15:06 bilby INFO    :   matched filter SNR = 27.13+0.03j
15:06 bilby INFO    :   mass_1 = 80.60507823132872
15:06 bilby INFO    :   mass_2 = 39.2359343480887
15:06 bilby INFO    :   a_1 = 0.46529765922040023
15:06 bilby INFO    :   a_2 = 0.13310962231652848
15:06 bilby INFO    :   tilt_1 = 1.3989672722562778
15:06 bilby INFO    :   tilt_2 = 2.6425967729720963
15:06 bilby INFO    :   phi_12 = 3.4164692099222593
15:06 bilby INFO    :   phi_jl = 2.3135506085140976
15:06 bilby INFO    :   luminosity_distance = 1113.6688555191
15:06 bilby INFO    :   theta_jn = 0.2924712003269721
15:06 bilby INFO    :   psi = 1.4752628111
15:06 bilby INFO    :   phase = 1.7779476012000002
15:06 bilby INFO    :   geocent_time = 1126259642.413
15:06 bilby INFO    :   ra = 0.4980705453
15:06 bilby INFO    :   dec = 3.6504619774
15:06 bilby INFO    : Injected signal in L1:
15:06 bilby INFO    :   optimal SNR = 32.95
15:06 bilby INFO    :   matched filter SNR = 34.22-2.07j
15:06 bilby INFO    :   mass_1 = 80.60507823132872
15:06 bilby INFO    :   mass_2 = 39.2359343480887
15:06 bilby INFO    :   a_1 = 0.46529765922040023
15:06 bilby INFO    :   a_2 = 0.13310962231652848
15:06 bilby INFO    :   tilt_1 = 1.3989672722562778
15:06 bilby INFO    :   tilt_2 = 2.6425967729720963
15:06 bilby INFO    :   phi_12 = 3.4164692099222593
15:06 bilby INFO    :   phi_jl = 2.3135506085140976
15:06 bilby INFO    :   luminosity_distance = 1113.6688555191
15:06 bilby INFO    :   theta_jn = 0.2924712003269721
15:06 bilby INFO    :   psi = 1.4752628111
15:06 bilby INFO    :   phase = 1.7779476012000002
15:06 bilby INFO    :   geocent_time = 1126259642.413
15:06 bilby INFO    :   ra = 0.4980705453
15:06 bilby INFO    :   dec = 3.6504619774
15:06 bilby INFO    : Injected signal in V1:
15:06 bilby INFO    :   optimal SNR = 4.67
15:06 bilby INFO    :   matched filter SNR = 5.04-1.24j
15:06 bilby INFO    :   mass_1 = 80.60507823132872
15:06 bilby INFO    :   mass_2 = 39.2359343480887
15:06 bilby INFO    :   a_1 = 0.46529765922040023
15:06 bilby INFO    :   a_2 = 0.13310962231652848
15:06 bilby INFO    :   tilt_1 = 1.3989672722562778
15:06 bilby INFO    :   tilt_2 = 2.6425967729720963
15:06 bilby INFO    :   phi_12 = 3.4164692099222593
15:06 bilby INFO    :   phi_jl = 2.3135506085140976
15:06 bilby INFO    :   luminosity_distance = 1113.6688555191
15:06 bilby INFO    :   theta_jn = 0.2924712003269721
15:06 bilby INFO    :   psi = 1.4752628111
15:06 bilby INFO    :   phase = 1.7779476012000002
15:06 bilby INFO    :   geocent_time = 1126259642.413
15:06 bilby INFO    :   ra = 0.4980705453
15:06 bilby INFO    :   dec = 3.6504619774
15:06 bilby INFO    : Running for label 'job_00146_fixedExtrinsic', output will be saved to '/home/simona.miller/comp-spin-mock-injections/Data/IndividualInferenceOutput/new_bilby/population2_mediumSpin_highmass'
15:06 bilby INFO    : Using lal version 7.3.0
15:06 bilby INFO    : Using lal git version Branch: None;Tag: lalsuite-v7.13;Id: ec1fcb1d2d1dab69321fdb8f0afef1f867b11e06;;Builder: Unknown User <>;Repository status: UNCLEAN: Modified working tree
15:06 bilby INFO    : Using lalsimulation version 5.0.0
15:06 bilby INFO    : Using lalsimulation git version Branch: None;Tag: lalsuite-v7.13;Id: ec1fcb1d2d1dab69321fdb8f0afef1f867b11e06;;Builder: Unknown User <>;Repository status: UNCLEAN: Modified working tree
15:06 bilby INFO    : Analysis priors:
15:06 bilby INFO    : chirp_mass=bilby.gw.prior.UniformInComponentsChirpMass(minimum=2, maximum=200, name='chirp_mass', latex_label='$\\mathcal{M}$', unit=None, boundary=None)
15:06 bilby INFO    : mass_ratio=bilby.gw.prior.UniformInComponentsMassRatio(minimum=0.05, maximum=1, name='mass_ratio', latex_label='$q$', unit=None, boundary=None, equal_mass=False)
15:06 bilby INFO    : a_1=Uniform(minimum=0, maximum=0.99, name='a_1', latex_label='$a_1$', unit=None, boundary=None)
15:06 bilby INFO    : a_2=Uniform(minimum=0, maximum=0.99, name='a_2', latex_label='$a_2$', unit=None, boundary=None)
15:06 bilby INFO    : tilt_1=Sine(minimum=0, maximum=3.141592653589793, name='tilt_1', latex_label='$\\theta_1$', unit=None, boundary=None)
15:06 bilby INFO    : tilt_2=Sine(minimum=0, maximum=3.141592653589793, name='tilt_2', latex_label='$\\theta_2$', unit=None, boundary=None)
15:06 bilby INFO    : phi_12=Uniform(minimum=0, maximum=6.283185307179586, name='phi_12', latex_label='$\\Delta\\phi$', unit=None, boundary='periodic')
15:06 bilby INFO    : phi_jl=Uniform(minimum=0, maximum=6.283185307179586, name='phi_jl', latex_label='$\\phi_{JL}$', unit=None, boundary='periodic')
15:06 bilby INFO    : mass_1=Constraint(minimum=70.60507823132872, maximum=90.60507823132872, name='mass_1', latex_label='$m_1$', unit=None)
15:06 bilby INFO    : mass_2=Constraint(minimum=29.235934348088698, maximum=49.2359343480887, name='mass_2', latex_label='$m_2$', unit=None)
15:06 bilby INFO    : ra=0.4980705453
15:06 bilby INFO    : dec=3.6504619774
15:06 bilby INFO    : geocent_time=1126259642.413
15:06 bilby INFO    : phase=1.7779476012000002
15:06 bilby INFO    : psi=1.4752628111
15:06 bilby INFO    : luminosity_distance=1113.6688555191
15:06 bilby INFO    : theta_jn=0.2924712003269721
15:06 bilby INFO    : Analysis likelihood class: <class 'bilby.gw.likelihood.base.GravitationalWaveTransient'>
15:06 bilby INFO    : Analysis likelihood noise evidence: -25138.150710990976
15:06 bilby INFO    : Single likelihood evaluation took 9.312e-02 s
15:06 bilby INFO    : Using sampler Dynesty with kwargs {'nlive': 2000, 'bound': 'live', 'sample': 'act-walk', 'periodic': None, 'reflective': None, 'update_interval': 600, 'first_update': None, 'npdim': None, 'rstate': None, 'queue_size': 8, 'pool': None, 'use_pool': None, 'live_points': None, 'logl_args': None, 'logl_kwargs': None, 'ptform_args': None, 'ptform_kwargs': None, 'gradient': None, 'grad_args': None, 'grad_kwargs': None, 'compute_jac': False, 'enlarge': None, 'bootstrap': None, 'walks': 100, 'facc': 0.2, 'slices': None, 'fmove': 0.9, 'max_move': 100, 'update_func': None, 'ncdim': None, 'blob': False, 'save_history': False, 'history_filename': None, 'maxiter': None, 'maxcall': None, 'dlogz': 0.1, 'logl_max': inf, 'n_effective': None, 'add_live': True, 'print_progress': True, 'print_func': <bound method Dynesty._print_func of <bilby.core.sampler.dynesty.Dynesty object at 0x149ca13fedc0>>, 'save_bounds': False, 'checkpoint_file': None, 'checkpoint_every': 60, 'resume': False}
15:06 bilby INFO    : Checkpoint every check_point_delta_t = 600s
15:06 bilby INFO    : Using dynesty version 2.1.0
15:06 bilby INFO    : Using the bilby-implemented rwalk sampling tracking the autocorrelation function and thinning by 5 with maximum length 25000
15:06 bilby INFO    : Setting up multiproccesing pool with 8 processes
15:06 bilby INFO    : Reading resume file /home/simona.miller/comp-spin-mock-injections/Data/IndividualInferenceOutput/new_bilby/population2_mediumSpin_highmass/job_00146_fixedExtrinsic_resume.pickle
15:06 bilby INFO    : Resume file successfully loaded.
15:21 bilby INFO    : Written checkpoint file /home/simona.miller/comp-spin-mock-injections/Data/IndividualInferenceOutput/new_bilby/population2_mediumSpin_highmass/job_00146_fixedExtrinsic_resume.pickle
/home/simona.miller/.conda/envs/bilby_201/lib/python3.9/site-packages/dynesty/plotting.py:252: RuntimeWarning: overflow encountered in exp
  np.exp(logwt), logz if logplot else np.exp(logz)
/home/simona.miller/.conda/envs/bilby_201/lib/python3.9/site-packages/dynesty/plotting.py:282: RuntimeWarning: overflow encountered in exp
  zspan = (0., 1.05 * np.exp(logz[-1] + 3. * logzerr[-1]))
15:22 bilby WARNING : Axis limits cannot be NaN or Inf
15:22 bilby WARNING : Failed to create dynesty run plot at checkpoint
15:45 bilby INFO    : Written checkpoint file /home/simona.miller/comp-spin-mock-injections/Data/IndividualInferenceOutput/new_bilby/population2_mediumSpin_highmass/job_00146_fixedExtrinsic_resume.pickle
/home/simona.miller/.conda/envs/bilby_201/lib/python3.9/site-packages/dynesty/plotting.py:252: RuntimeWarning: overflow encountered in exp
  np.exp(logwt), logz if logplot else np.exp(logz)
/home/simona.miller/.conda/envs/bilby_201/lib/python3.9/site-packages/dynesty/plotting.py:282: RuntimeWarning: overflow encountered in exp
  zspan = (0., 1.05 * np.exp(logz[-1] + 3. * logzerr[-1]))
15:46 bilby WARNING : Axis limits cannot be NaN or Inf
15:46 bilby WARNING : Failed to create dynesty run plot at checkpoint
16:00 bilby INFO    : Written checkpoint file /home/simona.miller/comp-spin-mock-injections/Data/IndividualInferenceOutput/new_bilby/population2_mediumSpin_highmass/job_00146_fixedExtrinsic_resume.pickle
/home/simona.miller/.conda/envs/bilby_201/lib/python3.9/site-packages/dynesty/plotting.py:252: RuntimeWarning: overflow encountered in exp
  np.exp(logwt), logz if logplot else np.exp(logz)
/home/simona.miller/.conda/envs/bilby_201/lib/python3.9/site-packages/dynesty/plotting.py:282: RuntimeWarning: overflow encountered in exp
  zspan = (0., 1.05 * np.exp(logz[-1] + 3. * logzerr[-1]))
16:00 bilby WARNING : Axis limits cannot be NaN or Inf
16:00 bilby WARNING : Failed to create dynesty run plot at checkpoint
16:12 bilby INFO    : Written checkpoint file /home/simona.miller/comp-spin-mock-injections/Data/IndividualInferenceOutput/new_bilby/population2_mediumSpin_highmass/job_00146_fixedExtrinsic_resume.pickle
/home/simona.miller/.conda/envs/bilby_201/lib/python3.9/site-packages/dynesty/plotting.py:252: RuntimeWarning: overflow encountered in exp
  np.exp(logwt), logz if logplot else np.exp(logz)
/home/simona.miller/.conda/envs/bilby_201/lib/python3.9/site-packages/dynesty/plotting.py:282: RuntimeWarning: overflow encountered in exp
  zspan = (0., 1.05 * np.exp(logz[-1] + 3. * logzerr[-1]))
16:13 bilby WARNING : Axis limits cannot be NaN or Inf
16:13 bilby WARNING : Failed to create dynesty run plot at checkpoint
16:30 bilby INFO    : Written checkpoint file /home/simona.miller/comp-spin-mock-injections/Data/IndividualInferenceOutput/new_bilby/population2_mediumSpin_highmass/job_00146_fixedExtrinsic_resume.pickle
/home/simona.miller/.conda/envs/bilby_201/lib/python3.9/site-packages/dynesty/plotting.py:252: RuntimeWarning: overflow encountered in exp
  np.exp(logwt), logz if logplot else np.exp(logz)
/home/simona.miller/.conda/envs/bilby_201/lib/python3.9/site-packages/dynesty/plotting.py:282: RuntimeWarning: overflow encountered in exp
  zspan = (0., 1.05 * np.exp(logz[-1] + 3. * logzerr[-1]))
16:31 bilby WARNING : Axis limits cannot be NaN or Inf
16:31 bilby WARNING : Failed to create dynesty run plot at checkpoint
16:33 bilby INFO    : Written checkpoint file /home/simona.miller/comp-spin-mock-injections/Data/IndividualInferenceOutput/new_bilby/population2_mediumSpin_highmass/job_00146_fixedExtrinsic_resume.pickle
/home/simona.miller/.conda/envs/bilby_201/lib/python3.9/site-packages/dynesty/plotting.py:252: RuntimeWarning: overflow encountered in exp
  np.exp(logwt), logz if logplot else np.exp(logz)
/home/simona.miller/.conda/envs/bilby_201/lib/python3.9/site-packages/dynesty/plotting.py:282: RuntimeWarning: overflow encountered in exp
  zspan = (0., 1.05 * np.exp(logz[-1] + 3. * logzerr[-1]))
16:34 bilby WARNING : Axis limits cannot be NaN or Inf
16:34 bilby WARNING : Failed to create dynesty run plot at checkpoint
16:34 bilby INFO    : Starting to close worker pool.
16:34 bilby INFO    : Finished closing worker pool.
16:35 bilby INFO    : Rejection sampling nested samples to obtain 12650 posterior samples
16:35 bilby INFO    : Sampling time: 2 days, 1:29:47.291788
16:37 bilby INFO    : Computing per-detector log likelihoods.
16:37 bilby INFO    : Using a pool with size 8 for nsamples=12650
16:38 bilby INFO    : Generating sky frame parameters.
16:38 bilby INFO    : Computing SNRs for every sample.
16:38 bilby INFO    : Using a pool with size 8 for nsamples=12650
16:39 bilby INFO    : Summary of results:
nsamples: 12650
ln_noise_evidence: -25138.151
ln_evidence: -24181.400 +/-  0.081
ln_bayes_factor: 956.751 +/-  0.081

