000 (113449936.000.000) 2023-03-29 17:01:34 Job submitted from host: <10.14.0.160:9618?addrs=10.14.0.160-9618&alias=ldas-pcdev2.ligo.caltech.edu&noUDP&sock=schedd_7450_a8a7>
    DAG Node: 60
...
040 (113449936.000.000) 2023-03-29 17:41:42 Started transferring input files
	Transferring to host: <10.14.9.194:9618?addrs=10.14.9.194-9618&alias=node2194.cluster.ldas.cit&noUDP&sock=slot1_2_189911_3ac4_88989>
...
040 (113449936.000.000) 2023-03-29 17:41:42 Finished transferring input files
...
001 (113449936.000.000) 2023-03-29 17:41:43 Job executing on host: <10.14.9.194:9618?addrs=10.14.9.194-9618&alias=node2194.cluster.ldas.cit&noUDP&sock=startd_189641_87e3>
...
006 (113449936.000.000) 2023-03-29 17:41:43 Image size of job updated: 1
	0  -  MemoryUsage of job (MB)
	0  -  ResidentSetSize of job (KB)
...
040 (113449936.000.000) 2023-03-29 17:41:43 Started transferring output files
...
040 (113449936.000.000) 2023-03-29 17:41:43 Finished transferring output files
...
005 (113449936.000.000) 2023-03-29 17:41:43 Job terminated.
	(1) Normal termination (return value 127)
		Usr 0 00:00:00, Sys 0 00:00:00  -  Run Remote Usage
		Usr 0 00:00:00, Sys 0 00:00:00  -  Run Local Usage
		Usr 0 00:00:00, Sys 0 00:00:00  -  Total Remote Usage
		Usr 0 00:00:00, Sys 0 00:00:00  -  Total Local Usage
	407  -  Run Bytes Sent By Job
	381  -  Run Bytes Received By Job
	407  -  Total Bytes Sent By Job
	381  -  Total Bytes Received By Job
	Partitionable Resources :    Usage  Request Allocated 
	   Cpus                 :                 1         1 
	   Disk (KB)            :       14   500000    561711 
	   GPUs                 :                           0 
	   Memory (MB)          :        0    20000     20096 

	Job terminated of its own accord at 2023-03-30T00:41:43Z with exit-code 127.
...
000 (113484679.000.000) 2023-04-01 14:23:10 Job submitted from host: <10.14.0.160:9618?addrs=10.14.0.160-9618&alias=ldas-pcdev2.ligo.caltech.edu&noUDP&sock=schedd_7450_a8a7>
    DAG Node: 60
...
040 (113484679.000.000) 2023-04-01 14:24:56 Started transferring input files
	Transferring to host: <10.14.10.93:9618?addrs=10.14.10.93-9618&alias=node2343.cluster.ldas.cit&noUDP&sock=slot1_3_946356_29cc_10827>
...
040 (113484679.000.000) 2023-04-01 14:24:56 Finished transferring input files
...
001 (113484679.000.000) 2023-04-01 14:24:57 Job executing on host: <10.14.10.93:9618?addrs=10.14.10.93-9618&alias=node2343.cluster.ldas.cit&noUDP&sock=startd_946313_95e5>
...
006 (113484679.000.000) 2023-04-01 14:25:05 Image size of job updated: 511084
	171  -  MemoryUsage of job (MB)
	174188  -  ResidentSetSize of job (KB)
...
006 (113484679.000.000) 2023-04-01 14:30:05 Image size of job updated: 4309468
	307  -  MemoryUsage of job (MB)
	313384  -  ResidentSetSize of job (KB)
...
006 (113484679.000.000) 2023-04-01 14:35:05 Image size of job updated: 4309468
	318  -  MemoryUsage of job (MB)
	325032  -  ResidentSetSize of job (KB)
...
006 (113484679.000.000) 2023-04-01 14:40:06 Image size of job updated: 4347500
	441  -  MemoryUsage of job (MB)
	451412  -  ResidentSetSize of job (KB)
...
006 (113484679.000.000) 2023-04-01 14:45:06 Image size of job updated: 4355540
	457  -  MemoryUsage of job (MB)
	467296  -  ResidentSetSize of job (KB)
...
006 (113484679.000.000) 2023-04-01 14:50:06 Image size of job updated: 4377480
	631  -  MemoryUsage of job (MB)
	645976  -  ResidentSetSize of job (KB)
...
006 (113484679.000.000) 2023-04-01 14:55:07 Image size of job updated: 4379712
	794  -  MemoryUsage of job (MB)
	812712  -  ResidentSetSize of job (KB)
...
006 (113484679.000.000) 2023-04-01 15:00:08 Image size of job updated: 4381748
	807  -  MemoryUsage of job (MB)
	825944  -  ResidentSetSize of job (KB)
...
006 (113484679.000.000) 2023-04-01 15:05:08 Image size of job updated: 4385192
	809  -  MemoryUsage of job (MB)
	828216  -  ResidentSetSize of job (KB)
...
006 (113484679.000.000) 2023-04-01 15:10:09 Image size of job updated: 4409156
	831  -  MemoryUsage of job (MB)
	850636  -  ResidentSetSize of job (KB)
...
006 (113484679.000.000) 2023-04-01 15:15:10 Image size of job updated: 4409940
	832  -  MemoryUsage of job (MB)
	851148  -  ResidentSetSize of job (KB)
...
006 (113484679.000.000) 2023-04-01 15:20:10 Image size of job updated: 4409940
	833  -  MemoryUsage of job (MB)
	852256  -  ResidentSetSize of job (KB)
...
006 (113484679.000.000) 2023-04-01 15:35:12 Image size of job updated: 4445520
	866  -  MemoryUsage of job (MB)
	886248  -  ResidentSetSize of job (KB)
...
006 (113484679.000.000) 2023-04-01 15:40:12 Image size of job updated: 4445844
	866  -  MemoryUsage of job (MB)
	886248  -  ResidentSetSize of job (KB)
...
006 (113484679.000.000) 2023-04-01 15:45:13 Image size of job updated: 4452920
	873  -  MemoryUsage of job (MB)
	893780  -  ResidentSetSize of job (KB)
...
006 (113484679.000.000) 2023-04-01 15:50:14 Image size of job updated: 4452920
	888  -  MemoryUsage of job (MB)
	908956  -  ResidentSetSize of job (KB)
...
006 (113484679.000.000) 2023-04-01 15:55:14 Image size of job updated: 4467656
	889  -  MemoryUsage of job (MB)
	909828  -  ResidentSetSize of job (KB)
...
006 (113484679.000.000) 2023-04-01 16:05:15 Image size of job updated: 4473476
	912  -  MemoryUsage of job (MB)
	933456  -  ResidentSetSize of job (KB)
...
006 (113484679.000.000) 2023-04-01 16:10:16 Image size of job updated: 4473476
	928  -  MemoryUsage of job (MB)
	949584  -  ResidentSetSize of job (KB)
...
006 (113484679.000.000) 2023-04-01 16:20:17 Image size of job updated: 4477212
	947  -  MemoryUsage of job (MB)
	968952  -  ResidentSetSize of job (KB)
...
006 (113484679.000.000) 2023-04-01 16:25:18 Image size of job updated: 4477212
	968  -  MemoryUsage of job (MB)
	990740  -  ResidentSetSize of job (KB)
...
006 (113484679.000.000) 2023-04-01 16:30:18 Image size of job updated: 4509856
	1014  -  MemoryUsage of job (MB)
	1037372  -  ResidentSetSize of job (KB)
...
006 (113484679.000.000) 2023-04-01 16:35:18 Image size of job updated: 4511276
	1014  -  MemoryUsage of job (MB)
	1037372  -  ResidentSetSize of job (KB)
...
006 (113484679.000.000) 2023-04-01 16:40:19 Image size of job updated: 4514660
	1039  -  MemoryUsage of job (MB)
	1063568  -  ResidentSetSize of job (KB)
...
006 (113484679.000.000) 2023-04-01 16:45:20 Image size of job updated: 4518424
	1052  -  MemoryUsage of job (MB)
	1076908  -  ResidentSetSize of job (KB)
...
006 (113484679.000.000) 2023-04-01 16:50:20 Image size of job updated: 4522036
	1062  -  MemoryUsage of job (MB)
	1086472  -  ResidentSetSize of job (KB)
...
006 (113484679.000.000) 2023-04-01 16:55:21 Image size of job updated: 4524900
	1062  -  MemoryUsage of job (MB)
	1086472  -  ResidentSetSize of job (KB)
...
006 (113484679.000.000) 2023-04-01 17:25:23 Image size of job updated: 4536232
	1062  -  MemoryUsage of job (MB)
	1086472  -  ResidentSetSize of job (KB)
...
006 (113484679.000.000) 2023-04-01 17:30:24 Image size of job updated: 4537756
	1062  -  MemoryUsage of job (MB)
	1086472  -  ResidentSetSize of job (KB)
...
006 (113484679.000.000) 2023-04-01 18:00:28 Image size of job updated: 4537756
	1062  -  MemoryUsage of job (MB)
	1087212  -  ResidentSetSize of job (KB)
...
006 (113484679.000.000) 2023-04-01 18:05:29 Image size of job updated: 4537756
	1070  -  MemoryUsage of job (MB)
	1094872  -  ResidentSetSize of job (KB)
...
006 (113484679.000.000) 2023-04-01 18:10:29 Image size of job updated: 4540708
	1079  -  MemoryUsage of job (MB)
	1104132  -  ResidentSetSize of job (KB)
...
006 (113484679.000.000) 2023-04-01 18:15:29 Image size of job updated: 4546700
	1079  -  MemoryUsage of job (MB)
	1104132  -  ResidentSetSize of job (KB)
...
006 (113484679.000.000) 2023-04-01 18:20:30 Image size of job updated: 4560500
	1079  -  MemoryUsage of job (MB)
	1104132  -  ResidentSetSize of job (KB)
...
006 (113484679.000.000) 2023-04-01 18:35:32 Image size of job updated: 4568164
	1083  -  MemoryUsage of job (MB)
	1108084  -  ResidentSetSize of job (KB)
...
006 (113484679.000.000) 2023-04-01 18:50:33 Image size of job updated: 4585024
	1118  -  MemoryUsage of job (MB)
	1144384  -  ResidentSetSize of job (KB)
...
006 (113484679.000.000) 2023-04-01 18:55:35 Image size of job updated: 4590888
	1118  -  MemoryUsage of job (MB)
	1144384  -  ResidentSetSize of job (KB)
...
006 (113484679.000.000) 2023-04-01 19:00:35 Image size of job updated: 4590888
	1120  -  MemoryUsage of job (MB)
	1146240  -  ResidentSetSize of job (KB)
...
006 (113484679.000.000) 2023-04-01 19:20:37 Image size of job updated: 4591156
	1120  -  MemoryUsage of job (MB)
	1146240  -  ResidentSetSize of job (KB)
...
006 (113484679.000.000) 2023-04-01 19:40:39 Image size of job updated: 4602420
	1123  -  MemoryUsage of job (MB)
	1149120  -  ResidentSetSize of job (KB)
...
006 (113484679.000.000) 2023-04-01 19:45:40 Image size of job updated: 4602420
	1129  -  MemoryUsage of job (MB)
	1155776  -  ResidentSetSize of job (KB)
...
006 (113484679.000.000) 2023-04-01 19:55:41 Image size of job updated: 4610272
	1142  -  MemoryUsage of job (MB)
	1168416  -  ResidentSetSize of job (KB)
...
006 (113484679.000.000) 2023-04-01 20:00:41 Image size of job updated: 4610272
	1146  -  MemoryUsage of job (MB)
	1173292  -  ResidentSetSize of job (KB)
...
006 (113484679.000.000) 2023-04-01 20:05:43 Image size of job updated: 4622060
	1159  -  MemoryUsage of job (MB)
	1185868  -  ResidentSetSize of job (KB)
...
006 (113484679.000.000) 2023-04-01 20:10:43 Image size of job updated: 4628496
	1160  -  MemoryUsage of job (MB)
	1187200  -  ResidentSetSize of job (KB)
...
006 (113484679.000.000) 2023-04-01 20:15:43 Image size of job updated: 4630348
	1160  -  MemoryUsage of job (MB)
	1187200  -  ResidentSetSize of job (KB)
...
006 (113484679.000.000) 2023-04-01 20:20:44 Image size of job updated: 4635216
	1165  -  MemoryUsage of job (MB)
	1192872  -  ResidentSetSize of job (KB)
...
006 (113484679.000.000) 2023-04-01 20:25:45 Image size of job updated: 4640460
	1165  -  MemoryUsage of job (MB)
	1192872  -  ResidentSetSize of job (KB)
...
006 (113484679.000.000) 2023-04-01 20:55:47 Image size of job updated: 4649056
	1165  -  MemoryUsage of job (MB)
	1192872  -  ResidentSetSize of job (KB)
...
006 (113484679.000.000) 2023-04-01 21:10:49 Image size of job updated: 4656184
	1165  -  MemoryUsage of job (MB)
	1192872  -  ResidentSetSize of job (KB)
...
006 (113484679.000.000) 2023-04-01 21:20:50 Image size of job updated: 4656184
	1166  -  MemoryUsage of job (MB)
	1193356  -  ResidentSetSize of job (KB)
...
006 (113484679.000.000) 2023-04-01 21:35:51 Image size of job updated: 4709416
	1166  -  MemoryUsage of job (MB)
	1193356  -  ResidentSetSize of job (KB)
...
006 (113484679.000.000) 2023-04-01 21:45:52 Image size of job updated: 4709416
	1182  -  MemoryUsage of job (MB)
	1209380  -  ResidentSetSize of job (KB)
...
006 (113484679.000.000) 2023-04-01 21:50:53 Image size of job updated: 4709416
	1197  -  MemoryUsage of job (MB)
	1225564  -  ResidentSetSize of job (KB)
...
006 (113484679.000.000) 2023-04-01 22:30:58 Image size of job updated: 4717460
	1197  -  MemoryUsage of job (MB)
	1225564  -  ResidentSetSize of job (KB)
...
006 (113484679.000.000) 2023-04-01 22:35:58 Image size of job updated: 4717460
	1207  -  MemoryUsage of job (MB)
	1235208  -  ResidentSetSize of job (KB)
...
006 (113484679.000.000) 2023-04-01 22:51:00 Image size of job updated: 4717460
	1209  -  MemoryUsage of job (MB)
	1237200  -  ResidentSetSize of job (KB)
...
006 (113484679.000.000) 2023-04-01 22:56:00 Image size of job updated: 4717460
	1209  -  MemoryUsage of job (MB)
	1237624  -  ResidentSetSize of job (KB)
...
006 (113484679.000.000) 2023-04-01 23:06:01 Image size of job updated: 4717460
	1215  -  MemoryUsage of job (MB)
	1243432  -  ResidentSetSize of job (KB)
...
006 (113484679.000.000) 2023-04-01 23:11:01 Image size of job updated: 4717460
	1230  -  MemoryUsage of job (MB)
	1259340  -  ResidentSetSize of job (KB)
...
006 (113484679.000.000) 2023-04-01 23:56:06 Image size of job updated: 4719292
	1243  -  MemoryUsage of job (MB)
	1272464  -  ResidentSetSize of job (KB)
...
006 (113484679.000.000) 2023-04-02 00:21:09 Image size of job updated: 4721444
	1244  -  MemoryUsage of job (MB)
	1273304  -  ResidentSetSize of job (KB)
...
006 (113484679.000.000) 2023-04-02 00:26:09 Image size of job updated: 4726880
	1244  -  MemoryUsage of job (MB)
	1273304  -  ResidentSetSize of job (KB)
...
006 (113484679.000.000) 2023-04-02 00:41:10 Image size of job updated: 4752516
	1286  -  MemoryUsage of job (MB)
	1316260  -  ResidentSetSize of job (KB)
...
006 (113484679.000.000) 2023-04-02 00:46:10 Image size of job updated: 4765556
	1286  -  MemoryUsage of job (MB)
	1316260  -  ResidentSetSize of job (KB)
...
006 (113484679.000.000) 2023-04-02 00:56:12 Image size of job updated: 4765556
	1292  -  MemoryUsage of job (MB)
	1322896  -  ResidentSetSize of job (KB)
...
006 (113484679.000.000) 2023-04-02 01:01:12 Image size of job updated: 4769996
	1299  -  MemoryUsage of job (MB)
	1329876  -  ResidentSetSize of job (KB)
...
006 (113484679.000.000) 2023-04-02 01:06:12 Image size of job updated: 4926908
	1299  -  MemoryUsage of job (MB)
	1329876  -  ResidentSetSize of job (KB)
...
006 (113484679.000.000) 2023-04-02 01:21:14 Image size of job updated: 4926908
	1312  -  MemoryUsage of job (MB)
	1342628  -  ResidentSetSize of job (KB)
...
006 (113484679.000.000) 2023-04-02 02:16:19 Image size of job updated: 4926908
	1339  -  MemoryUsage of job (MB)
	1370396  -  ResidentSetSize of job (KB)
...
006 (113484679.000.000) 2023-04-02 02:21:20 Image size of job updated: 4926908
	1339  -  MemoryUsage of job (MB)
	1370840  -  ResidentSetSize of job (KB)
...
006 (113484679.000.000) 2023-04-02 02:46:23 Image size of job updated: 4926908
	1358  -  MemoryUsage of job (MB)
	1389804  -  ResidentSetSize of job (KB)
...
006 (113484679.000.000) 2023-04-02 02:51:23 Image size of job updated: 4926908
	1361  -  MemoryUsage of job (MB)
	1393012  -  ResidentSetSize of job (KB)
...
006 (113484679.000.000) 2023-04-02 03:51:30 Image size of job updated: 4926908
	1367  -  MemoryUsage of job (MB)
	1399052  -  ResidentSetSize of job (KB)
...
006 (113484679.000.000) 2023-04-02 04:01:30 Image size of job updated: 4953156
	1367  -  MemoryUsage of job (MB)
	1399052  -  ResidentSetSize of job (KB)
...
006 (113484679.000.000) 2023-04-02 04:46:35 Image size of job updated: 4953156
	1376  -  MemoryUsage of job (MB)
	1409024  -  ResidentSetSize of job (KB)
...
006 (113484679.000.000) 2023-04-02 04:51:35 Image size of job updated: 4972488
	1383  -  MemoryUsage of job (MB)
	1416124  -  ResidentSetSize of job (KB)
...
006 (113484679.000.000) 2023-04-02 05:16:38 Image size of job updated: 5010488
	1383  -  MemoryUsage of job (MB)
	1416124  -  ResidentSetSize of job (KB)
...
006 (113484679.000.000) 2023-04-02 05:41:41 Image size of job updated: 5010488
	1395  -  MemoryUsage of job (MB)
	1428476  -  ResidentSetSize of job (KB)
...
006 (113484679.000.000) 2023-04-02 05:51:42 Image size of job updated: 5010488
	1402  -  MemoryUsage of job (MB)
	1435288  -  ResidentSetSize of job (KB)
...
006 (113484679.000.000) 2023-04-02 06:01:43 Image size of job updated: 5011208
	1404  -  MemoryUsage of job (MB)
	1437192  -  ResidentSetSize of job (KB)
...
006 (113484679.000.000) 2023-04-02 06:06:43 Image size of job updated: 5011208
	1414  -  MemoryUsage of job (MB)
	1447284  -  ResidentSetSize of job (KB)
...
006 (113484679.000.000) 2023-04-02 06:26:45 Image size of job updated: 5019836
	1414  -  MemoryUsage of job (MB)
	1447284  -  ResidentSetSize of job (KB)
...
006 (113484679.000.000) 2023-04-02 06:31:46 Image size of job updated: 5019836
	1415  -  MemoryUsage of job (MB)
	1448888  -  ResidentSetSize of job (KB)
...
006 (113484679.000.000) 2023-04-02 06:41:47 Image size of job updated: 5026600
	1417  -  MemoryUsage of job (MB)
	1450872  -  ResidentSetSize of job (KB)
...
006 (113484679.000.000) 2023-04-02 07:06:49 Image size of job updated: 5026600
	1418  -  MemoryUsage of job (MB)
	1451248  -  ResidentSetSize of job (KB)
...
006 (113484679.000.000) 2023-04-02 07:16:50 Image size of job updated: 5058000
	1446  -  MemoryUsage of job (MB)
	1480484  -  ResidentSetSize of job (KB)
...
006 (113484679.000.000) 2023-04-02 07:21:51 Image size of job updated: 5058000
	1456  -  MemoryUsage of job (MB)
	1490288  -  ResidentSetSize of job (KB)
...
006 (113484679.000.000) 2023-04-02 08:11:55 Image size of job updated: 5062168
	1456  -  MemoryUsage of job (MB)
	1490288  -  ResidentSetSize of job (KB)
...
006 (113484679.000.000) 2023-04-02 08:31:57 Image size of job updated: 5062168
	1457  -  MemoryUsage of job (MB)
	1490968  -  ResidentSetSize of job (KB)
...
006 (113484679.000.000) 2023-04-02 08:52:00 Image size of job updated: 5083140
	1457  -  MemoryUsage of job (MB)
	1491180  -  ResidentSetSize of job (KB)
...
006 (113484679.000.000) 2023-04-02 09:02:00 Image size of job updated: 5083140
	1465  -  MemoryUsage of job (MB)
	1500016  -  ResidentSetSize of job (KB)
...
006 (113484679.000.000) 2023-04-02 09:12:01 Image size of job updated: 5083140
	1467  -  MemoryUsage of job (MB)
	1501844  -  ResidentSetSize of job (KB)
...
006 (113484679.000.000) 2023-04-02 09:22:02 Image size of job updated: 5085044
	1467  -  MemoryUsage of job (MB)
	1501844  -  ResidentSetSize of job (KB)
...
006 (113484679.000.000) 2023-04-02 09:52:04 Image size of job updated: 5094972
	1469  -  MemoryUsage of job (MB)
	1504188  -  ResidentSetSize of job (KB)
...
006 (113484679.000.000) 2023-04-02 10:17:08 Image size of job updated: 5094972
	1478  -  MemoryUsage of job (MB)
	1512524  -  ResidentSetSize of job (KB)
...
006 (113484679.000.000) 2023-04-02 10:22:08 Image size of job updated: 5094972
	1500  -  MemoryUsage of job (MB)
	1535812  -  ResidentSetSize of job (KB)
...
006 (113484679.000.000) 2023-04-02 10:27:08 Image size of job updated: 5094972
	1501  -  MemoryUsage of job (MB)
	1536836  -  ResidentSetSize of job (KB)
...
006 (113484679.000.000) 2023-04-02 11:02:12 Image size of job updated: 5110976
	1501  -  MemoryUsage of job (MB)
	1536836  -  ResidentSetSize of job (KB)
...
006 (113484679.000.000) 2023-04-02 11:37:16 Image size of job updated: 5110976
	1503  -  MemoryUsage of job (MB)
	1538628  -  ResidentSetSize of job (KB)
...
006 (113484679.000.000) 2023-04-02 11:47:18 Image size of job updated: 5133976
	1503  -  MemoryUsage of job (MB)
	1538628  -  ResidentSetSize of job (KB)
...
006 (113484679.000.000) 2023-04-02 12:02:19 Image size of job updated: 5133976
	1511  -  MemoryUsage of job (MB)
	1546828  -  ResidentSetSize of job (KB)
...
006 (113484679.000.000) 2023-04-02 12:22:21 Image size of job updated: 5133976
	1517  -  MemoryUsage of job (MB)
	1553344  -  ResidentSetSize of job (KB)
...
006 (113484679.000.000) 2023-04-02 12:32:21 Image size of job updated: 5147464
	1517  -  MemoryUsage of job (MB)
	1553344  -  ResidentSetSize of job (KB)
...
006 (113484679.000.000) 2023-04-02 13:37:29 Image size of job updated: 5154156
	1517  -  MemoryUsage of job (MB)
	1553344  -  ResidentSetSize of job (KB)
...
006 (113484679.000.000) 2023-04-02 13:52:31 Image size of job updated: 5154156
	1529  -  MemoryUsage of job (MB)
	1565636  -  ResidentSetSize of job (KB)
...
006 (113484679.000.000) 2023-04-02 13:57:31 Image size of job updated: 5193828
	1529  -  MemoryUsage of job (MB)
	1565636  -  ResidentSetSize of job (KB)
...
006 (113484679.000.000) 2023-04-02 14:47:36 Image size of job updated: 5193828
	1532  -  MemoryUsage of job (MB)
	1568160  -  ResidentSetSize of job (KB)
...
006 (113484679.000.000) 2023-04-02 14:52:36 Image size of job updated: 5193828
	1541  -  MemoryUsage of job (MB)
	1577364  -  ResidentSetSize of job (KB)
...
006 (113484679.000.000) 2023-04-02 15:22:39 Image size of job updated: 5193828
	1557  -  MemoryUsage of job (MB)
	1594320  -  ResidentSetSize of job (KB)
...
006 (113484679.000.000) 2023-04-02 15:32:40 Image size of job updated: 5193828
	1558  -  MemoryUsage of job (MB)
	1594568  -  ResidentSetSize of job (KB)
...
006 (113484679.000.000) 2023-04-02 15:47:41 Image size of job updated: 5193828
	1575  -  MemoryUsage of job (MB)
	1612616  -  ResidentSetSize of job (KB)
...
006 (113484679.000.000) 2023-04-02 15:52:42 Image size of job updated: 5193828
	1577  -  MemoryUsage of job (MB)
	1614344  -  ResidentSetSize of job (KB)
...
006 (113484679.000.000) 2023-04-02 16:02:42 Image size of job updated: 5233608
	1577  -  MemoryUsage of job (MB)
	1614344  -  ResidentSetSize of job (KB)
...
004 (113484679.000.000) 2023-04-02 16:24:24 Job was evicted.
	(0) CPU times
		Usr 4 03:42:10, Sys 0 00:03:25  -  Run Remote Usage
		Usr 0 00:00:00, Sys 0 00:00:00  -  Run Local Usage
	0  -  Run Bytes Sent By Job
	381  -  Run Bytes Received By Job
	Partitionable Resources :    Usage  Request Allocated 
	   Cpus                 :     1.00        1         1 
	   Disk (KB)            :  1448      500000    624256 
	   GPUs                 :                           0 
	   Memory (MB)          :  1577       20000     20096 
...
040 (113484679.000.000) 2023-04-02 16:27:56 Started transferring input files
	Transferring to host: <10.14.4.51:9618?addrs=10.14.4.51-9618&alias=node801.cluster.ldas.cit&noUDP&sock=slot1_16_3950761_46e9_17207>
...
040 (113484679.000.000) 2023-04-02 16:27:56 Finished transferring input files
...
001 (113484679.000.000) 2023-04-02 16:27:57 Job executing on host: <10.14.4.51:9618?addrs=10.14.4.51-9618&alias=node801.cluster.ldas.cit&noUDP&sock=startd_3950725_523e>
...
006 (113484679.000.000) 2023-04-02 22:33:39 Image size of job updated: 13717748
	1709  -  MemoryUsage of job (MB)
	1750000  -  ResidentSetSize of job (KB)
...
040 (113484679.000.000) 2023-04-02 22:34:20 Started transferring output files
...
040 (113484679.000.000) 2023-04-02 22:34:20 Finished transferring output files
...
005 (113484679.000.000) 2023-04-02 22:34:20 Job terminated.
	(1) Normal termination (return value 0)
		Usr 0 13:28:50, Sys 0 00:01:36  -  Run Remote Usage
		Usr 0 00:00:00, Sys 0 00:00:00  -  Run Local Usage
		Usr 4 17:11:00, Sys 0 00:05:01  -  Total Remote Usage
		Usr 0 00:00:00, Sys 0 00:00:00  -  Total Local Usage
	98412  -  Run Bytes Sent By Job
	381  -  Run Bytes Received By Job
	98412  -  Total Bytes Sent By Job
	762  -  Total Bytes Received By Job
	Partitionable Resources :    Usage  Request Allocated 
	   Cpus                 :     0.99        1         1 
	   Disk (KB)            :   119      500000    624256 
	   GPUs                 :                           0 
	   Memory (MB)          :  1709       20000     20096 

	Job terminated of its own accord at 2023-04-03T05:34:20Z with exit-code 0.
...
