14:24 bilby INFO    : Waveform generator initiated with
  frequency_domain_source_model: bilby.gw.source.lal_binary_black_hole
  time_domain_source_model: None
  parameter_conversion: bilby.gw.conversion.convert_to_lal_binary_black_hole_parameters
14:24 bilby INFO    : Injected signal in H1:
14:24 bilby INFO    :   optimal SNR = 7.88
14:24 bilby INFO    :   matched filter SNR = 6.56-0.36j
14:24 bilby INFO    :   mass_1 = 92.00582984911838
14:24 bilby INFO    :   mass_2 = 79.33193307236482
14:24 bilby INFO    :   a_1 = 0.2699763277743567
14:24 bilby INFO    :   a_2 = 0.27191993784738877
14:24 bilby INFO    :   tilt_1 = 0.7867172940807415
14:24 bilby INFO    :   tilt_2 = 1.0580643895538877
14:24 bilby INFO    :   phi_12 = 1.9495533351692762
14:24 bilby INFO    :   phi_jl = 4.998154198262377
14:24 bilby INFO    :   luminosity_distance = 3911.2025274899
14:24 bilby INFO    :   theta_jn = 0.44199635651397895
14:24 bilby INFO    :   psi = 2.7339274356
14:24 bilby INFO    :   phase = 1.8509936958000002
14:24 bilby INFO    :   geocent_time = 1126259642.413
14:24 bilby INFO    :   ra = 1.0268211341
14:24 bilby INFO    :   dec = 3.3792061144
14:24 bilby INFO    : Injected signal in L1:
14:24 bilby INFO    :   optimal SNR = 13.01
14:24 bilby INFO    :   matched filter SNR = 13.28-0.43j
14:24 bilby INFO    :   mass_1 = 92.00582984911838
14:24 bilby INFO    :   mass_2 = 79.33193307236482
14:24 bilby INFO    :   a_1 = 0.2699763277743567
14:24 bilby INFO    :   a_2 = 0.27191993784738877
14:24 bilby INFO    :   tilt_1 = 0.7867172940807415
14:24 bilby INFO    :   tilt_2 = 1.0580643895538877
14:24 bilby INFO    :   phi_12 = 1.9495533351692762
14:24 bilby INFO    :   phi_jl = 4.998154198262377
14:24 bilby INFO    :   luminosity_distance = 3911.2025274899
14:24 bilby INFO    :   theta_jn = 0.44199635651397895
14:24 bilby INFO    :   psi = 2.7339274356
14:24 bilby INFO    :   phase = 1.8509936958000002
14:24 bilby INFO    :   geocent_time = 1126259642.413
14:24 bilby INFO    :   ra = 1.0268211341
14:24 bilby INFO    :   dec = 3.3792061144
14:24 bilby INFO    : Injected signal in V1:
14:24 bilby INFO    :   optimal SNR = 2.73
14:24 bilby INFO    :   matched filter SNR = 3.37+0.25j
14:24 bilby INFO    :   mass_1 = 92.00582984911838
14:24 bilby INFO    :   mass_2 = 79.33193307236482
14:24 bilby INFO    :   a_1 = 0.2699763277743567
14:24 bilby INFO    :   a_2 = 0.27191993784738877
14:24 bilby INFO    :   tilt_1 = 0.7867172940807415
14:24 bilby INFO    :   tilt_2 = 1.0580643895538877
14:24 bilby INFO    :   phi_12 = 1.9495533351692762
14:24 bilby INFO    :   phi_jl = 4.998154198262377
14:24 bilby INFO    :   luminosity_distance = 3911.2025274899
14:24 bilby INFO    :   theta_jn = 0.44199635651397895
14:24 bilby INFO    :   psi = 2.7339274356
14:24 bilby INFO    :   phase = 1.8509936958000002
14:24 bilby INFO    :   geocent_time = 1126259642.413
14:24 bilby INFO    :   ra = 1.0268211341
14:24 bilby INFO    :   dec = 3.3792061144
14:24 bilby INFO    : Running for label 'job_00787_fixedExtrinsic', output will be saved to '/home/simona.miller/comp-spin-mock-injections/Data/IndividualInferenceOutput/new_bilby/population2_mediumSpin_highmass'
14:24 bilby INFO    : Using lal version 7.3.0
14:24 bilby INFO    : Using lal git version Branch: None;Tag: lalsuite-v7.13;Id: ec1fcb1d2d1dab69321fdb8f0afef1f867b11e06;;Builder: Unknown User <>;Repository status: UNCLEAN: Modified working tree
14:24 bilby INFO    : Using lalsimulation version 5.0.0
14:24 bilby INFO    : Using lalsimulation git version Branch: None;Tag: lalsuite-v7.13;Id: ec1fcb1d2d1dab69321fdb8f0afef1f867b11e06;;Builder: Unknown User <>;Repository status: UNCLEAN: Modified working tree
14:25 bilby INFO    : Analysis priors:
14:25 bilby INFO    : chirp_mass=bilby.gw.prior.UniformInComponentsChirpMass(minimum=2, maximum=200, name='chirp_mass', latex_label='$\\mathcal{M}$', unit=None, boundary=None)
14:25 bilby INFO    : mass_ratio=bilby.gw.prior.UniformInComponentsMassRatio(minimum=0.05, maximum=1, name='mass_ratio', latex_label='$q$', unit=None, boundary=None, equal_mass=False)
14:25 bilby INFO    : a_1=Uniform(minimum=0, maximum=0.99, name='a_1', latex_label='$a_1$', unit=None, boundary=None)
14:25 bilby INFO    : a_2=Uniform(minimum=0, maximum=0.99, name='a_2', latex_label='$a_2$', unit=None, boundary=None)
14:25 bilby INFO    : tilt_1=Sine(minimum=0, maximum=3.141592653589793, name='tilt_1', latex_label='$\\theta_1$', unit=None, boundary=None)
14:25 bilby INFO    : tilt_2=Sine(minimum=0, maximum=3.141592653589793, name='tilt_2', latex_label='$\\theta_2$', unit=None, boundary=None)
14:25 bilby INFO    : phi_12=Uniform(minimum=0, maximum=6.283185307179586, name='phi_12', latex_label='$\\Delta\\phi$', unit=None, boundary='periodic')
14:25 bilby INFO    : phi_jl=Uniform(minimum=0, maximum=6.283185307179586, name='phi_jl', latex_label='$\\phi_{JL}$', unit=None, boundary='periodic')
14:25 bilby INFO    : mass_1=Constraint(minimum=82.00582984911838, maximum=102.00582984911838, name='mass_1', latex_label='$m_1$', unit=None)
14:25 bilby INFO    : mass_2=Constraint(minimum=69.33193307236482, maximum=89.33193307236482, name='mass_2', latex_label='$m_2$', unit=None)
14:25 bilby INFO    : ra=1.0268211341
14:25 bilby INFO    : dec=3.3792061144
14:25 bilby INFO    : geocent_time=1126259642.413
14:25 bilby INFO    : phase=1.8509936958000002
14:25 bilby INFO    : psi=2.7339274356
14:25 bilby INFO    : luminosity_distance=3911.2025274899
14:25 bilby INFO    : theta_jn=0.44199635651397895
14:25 bilby INFO    : Analysis likelihood class: <class 'bilby.gw.likelihood.base.GravitationalWaveTransient'>
14:25 bilby INFO    : Analysis likelihood noise evidence: -24534.453125213025
14:25 bilby INFO    : Single likelihood evaluation took 8.246e-02 s
14:25 bilby INFO    : Using sampler Dynesty with kwargs {'nlive': 2000, 'bound': 'live', 'sample': 'act-walk', 'periodic': None, 'reflective': None, 'update_interval': 600, 'first_update': None, 'npdim': None, 'rstate': None, 'queue_size': 8, 'pool': None, 'use_pool': None, 'live_points': None, 'logl_args': None, 'logl_kwargs': None, 'ptform_args': None, 'ptform_kwargs': None, 'gradient': None, 'grad_args': None, 'grad_kwargs': None, 'compute_jac': False, 'enlarge': None, 'bootstrap': None, 'walks': 100, 'facc': 0.2, 'slices': None, 'fmove': 0.9, 'max_move': 100, 'update_func': None, 'ncdim': None, 'blob': False, 'save_history': False, 'history_filename': None, 'maxiter': None, 'maxcall': None, 'dlogz': 0.1, 'logl_max': inf, 'n_effective': None, 'add_live': True, 'print_progress': True, 'print_func': <bound method Dynesty._print_func of <bilby.core.sampler.dynesty.Dynesty object at 0x146427f7be80>>, 'save_bounds': False, 'checkpoint_file': None, 'checkpoint_every': 60, 'resume': False}
14:25 bilby INFO    : Checkpoint every check_point_delta_t = 600s
14:25 bilby INFO    : Using dynesty version 2.1.0
14:25 bilby INFO    : Using the bilby-implemented rwalk sampling tracking the autocorrelation function and thinning by 5 with maximum length 25000
14:25 bilby INFO    : Setting up multiproccesing pool with 8 processes
14:25 bilby INFO    : Resume file /home/simona.miller/comp-spin-mock-injections/Data/IndividualInferenceOutput/new_bilby/population2_mediumSpin_highmass/job_00787_fixedExtrinsic_resume.pickle does not exist.
14:25 bilby INFO    : Generating initial points from the prior
14:41 bilby INFO    : Written checkpoint file /home/simona.miller/comp-spin-mock-injections/Data/IndividualInferenceOutput/new_bilby/population2_mediumSpin_highmass/job_00787_fixedExtrinsic_resume.pickle
14:51 bilby INFO    : Written checkpoint file /home/simona.miller/comp-spin-mock-injections/Data/IndividualInferenceOutput/new_bilby/population2_mediumSpin_highmass/job_00787_fixedExtrinsic_resume.pickle
15:02 bilby INFO    : Written checkpoint file /home/simona.miller/comp-spin-mock-injections/Data/IndividualInferenceOutput/new_bilby/population2_mediumSpin_highmass/job_00787_fixedExtrinsic_resume.pickle
15:13 bilby INFO    : Written checkpoint file /home/simona.miller/comp-spin-mock-injections/Data/IndividualInferenceOutput/new_bilby/population2_mediumSpin_highmass/job_00787_fixedExtrinsic_resume.pickle
15:24 bilby INFO    : Written checkpoint file /home/simona.miller/comp-spin-mock-injections/Data/IndividualInferenceOutput/new_bilby/population2_mediumSpin_highmass/job_00787_fixedExtrinsic_resume.pickle
15:35 bilby INFO    : Written checkpoint file /home/simona.miller/comp-spin-mock-injections/Data/IndividualInferenceOutput/new_bilby/population2_mediumSpin_highmass/job_00787_fixedExtrinsic_resume.pickle
15:46 bilby INFO    : Written checkpoint file /home/simona.miller/comp-spin-mock-injections/Data/IndividualInferenceOutput/new_bilby/population2_mediumSpin_highmass/job_00787_fixedExtrinsic_resume.pickle
15:56 bilby INFO    : Written checkpoint file /home/simona.miller/comp-spin-mock-injections/Data/IndividualInferenceOutput/new_bilby/population2_mediumSpin_highmass/job_00787_fixedExtrinsic_resume.pickle
16:07 bilby INFO    : Written checkpoint file /home/simona.miller/comp-spin-mock-injections/Data/IndividualInferenceOutput/new_bilby/population2_mediumSpin_highmass/job_00787_fixedExtrinsic_resume.pickle
16:18 bilby INFO    : Written checkpoint file /home/simona.miller/comp-spin-mock-injections/Data/IndividualInferenceOutput/new_bilby/population2_mediumSpin_highmass/job_00787_fixedExtrinsic_resume.pickle
16:28 bilby INFO    : Written checkpoint file /home/simona.miller/comp-spin-mock-injections/Data/IndividualInferenceOutput/new_bilby/population2_mediumSpin_highmass/job_00787_fixedExtrinsic_resume.pickle
16:41 bilby INFO    : Written checkpoint file /home/simona.miller/comp-spin-mock-injections/Data/IndividualInferenceOutput/new_bilby/population2_mediumSpin_highmass/job_00787_fixedExtrinsic_resume.pickle
16:52 bilby INFO    : Written checkpoint file /home/simona.miller/comp-spin-mock-injections/Data/IndividualInferenceOutput/new_bilby/population2_mediumSpin_highmass/job_00787_fixedExtrinsic_resume.pickle
17:03 bilby INFO    : Written checkpoint file /home/simona.miller/comp-spin-mock-injections/Data/IndividualInferenceOutput/new_bilby/population2_mediumSpin_highmass/job_00787_fixedExtrinsic_resume.pickle
17:14 bilby INFO    : Written checkpoint file /home/simona.miller/comp-spin-mock-injections/Data/IndividualInferenceOutput/new_bilby/population2_mediumSpin_highmass/job_00787_fixedExtrinsic_resume.pickle
17:25 bilby INFO    : Written checkpoint file /home/simona.miller/comp-spin-mock-injections/Data/IndividualInferenceOutput/new_bilby/population2_mediumSpin_highmass/job_00787_fixedExtrinsic_resume.pickle
17:37 bilby INFO    : Written checkpoint file /home/simona.miller/comp-spin-mock-injections/Data/IndividualInferenceOutput/new_bilby/population2_mediumSpin_highmass/job_00787_fixedExtrinsic_resume.pickle
17:49 bilby INFO    : Written checkpoint file /home/simona.miller/comp-spin-mock-injections/Data/IndividualInferenceOutput/new_bilby/population2_mediumSpin_highmass/job_00787_fixedExtrinsic_resume.pickle
18:02 bilby INFO    : Written checkpoint file /home/simona.miller/comp-spin-mock-injections/Data/IndividualInferenceOutput/new_bilby/population2_mediumSpin_highmass/job_00787_fixedExtrinsic_resume.pickle
18:14 bilby INFO    : Written checkpoint file /home/simona.miller/comp-spin-mock-injections/Data/IndividualInferenceOutput/new_bilby/population2_mediumSpin_highmass/job_00787_fixedExtrinsic_resume.pickle
18:25 bilby INFO    : Written checkpoint file /home/simona.miller/comp-spin-mock-injections/Data/IndividualInferenceOutput/new_bilby/population2_mediumSpin_highmass/job_00787_fixedExtrinsic_resume.pickle
18:39 bilby INFO    : Written checkpoint file /home/simona.miller/comp-spin-mock-injections/Data/IndividualInferenceOutput/new_bilby/population2_mediumSpin_highmass/job_00787_fixedExtrinsic_resume.pickle
18:51 bilby INFO    : Written checkpoint file /home/simona.miller/comp-spin-mock-injections/Data/IndividualInferenceOutput/new_bilby/population2_mediumSpin_highmass/job_00787_fixedExtrinsic_resume.pickle
19:03 bilby INFO    : Written checkpoint file /home/simona.miller/comp-spin-mock-injections/Data/IndividualInferenceOutput/new_bilby/population2_mediumSpin_highmass/job_00787_fixedExtrinsic_resume.pickle
19:16 bilby INFO    : Written checkpoint file /home/simona.miller/comp-spin-mock-injections/Data/IndividualInferenceOutput/new_bilby/population2_mediumSpin_highmass/job_00787_fixedExtrinsic_resume.pickle
19:27 bilby INFO    : Written checkpoint file /home/simona.miller/comp-spin-mock-injections/Data/IndividualInferenceOutput/new_bilby/population2_mediumSpin_highmass/job_00787_fixedExtrinsic_resume.pickle
19:39 bilby INFO    : Written checkpoint file /home/simona.miller/comp-spin-mock-injections/Data/IndividualInferenceOutput/new_bilby/population2_mediumSpin_highmass/job_00787_fixedExtrinsic_resume.pickle
19:51 bilby INFO    : Written checkpoint file /home/simona.miller/comp-spin-mock-injections/Data/IndividualInferenceOutput/new_bilby/population2_mediumSpin_highmass/job_00787_fixedExtrinsic_resume.pickle
20:03 bilby INFO    : Written checkpoint file /home/simona.miller/comp-spin-mock-injections/Data/IndividualInferenceOutput/new_bilby/population2_mediumSpin_highmass/job_00787_fixedExtrinsic_resume.pickle
20:16 bilby INFO    : Written checkpoint file /home/simona.miller/comp-spin-mock-injections/Data/IndividualInferenceOutput/new_bilby/population2_mediumSpin_highmass/job_00787_fixedExtrinsic_resume.pickle
20:31 bilby INFO    : Written checkpoint file /home/simona.miller/comp-spin-mock-injections/Data/IndividualInferenceOutput/new_bilby/population2_mediumSpin_highmass/job_00787_fixedExtrinsic_resume.pickle
20:48 bilby INFO    : Written checkpoint file /home/simona.miller/comp-spin-mock-injections/Data/IndividualInferenceOutput/new_bilby/population2_mediumSpin_highmass/job_00787_fixedExtrinsic_resume.pickle
21:00 bilby INFO    : Written checkpoint file /home/simona.miller/comp-spin-mock-injections/Data/IndividualInferenceOutput/new_bilby/population2_mediumSpin_highmass/job_00787_fixedExtrinsic_resume.pickle
21:14 bilby INFO    : Written checkpoint file /home/simona.miller/comp-spin-mock-injections/Data/IndividualInferenceOutput/new_bilby/population2_mediumSpin_highmass/job_00787_fixedExtrinsic_resume.pickle
21:25 bilby INFO    : Written checkpoint file /home/simona.miller/comp-spin-mock-injections/Data/IndividualInferenceOutput/new_bilby/population2_mediumSpin_highmass/job_00787_fixedExtrinsic_resume.pickle
21:38 bilby INFO    : Written checkpoint file /home/simona.miller/comp-spin-mock-injections/Data/IndividualInferenceOutput/new_bilby/population2_mediumSpin_highmass/job_00787_fixedExtrinsic_resume.pickle
21:50 bilby INFO    : Written checkpoint file /home/simona.miller/comp-spin-mock-injections/Data/IndividualInferenceOutput/new_bilby/population2_mediumSpin_highmass/job_00787_fixedExtrinsic_resume.pickle
22:01 bilby INFO    : Written checkpoint file /home/simona.miller/comp-spin-mock-injections/Data/IndividualInferenceOutput/new_bilby/population2_mediumSpin_highmass/job_00787_fixedExtrinsic_resume.pickle
22:17 bilby INFO    : Written checkpoint file /home/simona.miller/comp-spin-mock-injections/Data/IndividualInferenceOutput/new_bilby/population2_mediumSpin_highmass/job_00787_fixedExtrinsic_resume.pickle
22:30 bilby INFO    : Written checkpoint file /home/simona.miller/comp-spin-mock-injections/Data/IndividualInferenceOutput/new_bilby/population2_mediumSpin_highmass/job_00787_fixedExtrinsic_resume.pickle
22:35 bilby INFO    : Written checkpoint file /home/simona.miller/comp-spin-mock-injections/Data/IndividualInferenceOutput/new_bilby/population2_mediumSpin_highmass/job_00787_fixedExtrinsic_resume.pickle
22:36 bilby INFO    : Starting to close worker pool.
22:36 bilby INFO    : Finished closing worker pool.
22:36 bilby INFO    : Rejection sampling nested samples to obtain 6482 posterior samples
22:36 bilby INFO    : Sampling time: 8:04:52.461241
22:36 bilby INFO    : Computing per-detector log likelihoods.
22:36 bilby INFO    : Using a pool with size 8 for nsamples=6482
22:36 bilby INFO    : Generating sky frame parameters.
22:36 bilby INFO    : Computing SNRs for every sample.
22:36 bilby INFO    : Using a pool with size 8 for nsamples=6482
22:37 bilby INFO    : Summary of results:
nsamples: 6482
ln_noise_evidence: -24534.453
ln_evidence: -24424.314 +/-  0.048
ln_bayes_factor: 110.139 +/-  0.048

