000 (113449696.000.000) 2023-03-29 17:01:32 Job submitted from host: <10.14.0.160:9618?addrs=10.14.0.160-9618&alias=ldas-pcdev2.ligo.caltech.edu&noUDP&sock=schedd_7450_a8a7>
    DAG Node: 402
...
040 (113449696.000.000) 2023-03-29 17:37:18 Started transferring input files
	Transferring to host: <10.14.9.194:9618?addrs=10.14.9.194-9618&alias=node2194.cluster.ldas.cit&noUDP&sock=slot1_2_189911_3ac4_88758>
...
040 (113449696.000.000) 2023-03-29 17:37:18 Finished transferring input files
...
001 (113449696.000.000) 2023-03-29 17:37:19 Job executing on host: <10.14.9.194:9618?addrs=10.14.9.194-9618&alias=node2194.cluster.ldas.cit&noUDP&sock=startd_189641_87e3>
...
006 (113449696.000.000) 2023-03-29 17:37:20 Image size of job updated: 1
	0  -  MemoryUsage of job (MB)
	0  -  ResidentSetSize of job (KB)
...
040 (113449696.000.000) 2023-03-29 17:37:20 Started transferring output files
...
040 (113449696.000.000) 2023-03-29 17:37:20 Finished transferring output files
...
005 (113449696.000.000) 2023-03-29 17:37:20 Job terminated.
	(1) Normal termination (return value 127)
		Usr 0 00:00:00, Sys 0 00:00:00  -  Run Remote Usage
		Usr 0 00:00:00, Sys 0 00:00:00  -  Run Local Usage
		Usr 0 00:00:00, Sys 0 00:00:00  -  Total Remote Usage
		Usr 0 00:00:00, Sys 0 00:00:00  -  Total Local Usage
	407  -  Run Bytes Sent By Job
	366  -  Run Bytes Received By Job
	407  -  Total Bytes Sent By Job
	366  -  Total Bytes Received By Job
	Partitionable Resources :    Usage  Request Allocated 
	   Cpus                 :                 1         1 
	   Disk (KB)            :       14   500000    561711 
	   GPUs                 :                           0 
	   Memory (MB)          :        0    20000     20096 

	Job terminated of its own accord at 2023-03-30T00:37:20Z with exit-code 127.
...
000 (113484833.000.000) 2023-04-01 14:23:48 Job submitted from host: <10.14.0.160:9618?addrs=10.14.0.160-9618&alias=ldas-pcdev2.ligo.caltech.edu&noUDP&sock=schedd_7450_a8a7>
    DAG Node: 402
...
040 (113484833.000.000) 2023-04-01 14:27:45 Started transferring input files
	Transferring to host: <10.14.9.194:9618?addrs=10.14.9.194-9618&alias=node2194.cluster.ldas.cit&noUDP&sock=slot1_2_189911_3ac4_109033>
...
040 (113484833.000.000) 2023-04-01 14:27:45 Finished transferring input files
...
001 (113484833.000.000) 2023-04-01 14:27:46 Job executing on host: <10.14.9.194:9618?addrs=10.14.9.194-9618&alias=node2194.cluster.ldas.cit&noUDP&sock=startd_189641_87e3>
...
006 (113484833.000.000) 2023-04-01 14:27:46 Image size of job updated: 1
	0  -  MemoryUsage of job (MB)
	0  -  ResidentSetSize of job (KB)
...
040 (113484833.000.000) 2023-04-01 14:27:47 Started transferring output files
...
040 (113484833.000.000) 2023-04-01 14:27:47 Finished transferring output files
...
005 (113484833.000.000) 2023-04-01 14:27:47 Job terminated.
	(1) Normal termination (return value 127)
		Usr 0 00:00:00, Sys 0 00:00:00  -  Run Remote Usage
		Usr 0 00:00:00, Sys 0 00:00:00  -  Run Local Usage
		Usr 0 00:00:00, Sys 0 00:00:00  -  Total Remote Usage
		Usr 0 00:00:00, Sys 0 00:00:00  -  Total Local Usage
	411  -  Run Bytes Sent By Job
	366  -  Run Bytes Received By Job
	411  -  Total Bytes Sent By Job
	366  -  Total Bytes Received By Job
	Partitionable Resources :    Usage  Request Allocated 
	   Cpus                 :                 1         1 
	   Disk (KB)            :       14   500000    561711 
	   GPUs                 :                           0 
	   Memory (MB)          :        0    20000     20096 

	Job terminated of its own accord at 2023-04-01T21:27:46Z with exit-code 127.
...
000 (113485037.000.000) 2023-04-01 14:53:02 Job submitted from host: <10.14.0.160:9618?addrs=10.14.0.160-9618&alias=ldas-pcdev2.ligo.caltech.edu&noUDP&sock=schedd_7450_a8a7>
    DAG Node: 402
...
040 (113485037.000.000) 2023-04-01 14:53:53 Started transferring input files
	Transferring to host: <10.14.9.74:9618?addrs=10.14.9.74-9618&alias=node2074.cluster.ldas.cit&noUDP&sock=slot1_15_3447071_1b27_4481>
...
040 (113485037.000.000) 2023-04-01 14:53:53 Finished transferring input files
...
001 (113485037.000.000) 2023-04-01 14:53:54 Job executing on host: <10.14.9.74:9618?addrs=10.14.9.74-9618&alias=node2074.cluster.ldas.cit&noUDP&sock=startd_3447033_812b>
...
006 (113485037.000.000) 2023-04-01 14:54:03 Image size of job updated: 565580
	190  -  MemoryUsage of job (MB)
	194468  -  ResidentSetSize of job (KB)
...
006 (113485037.000.000) 2023-04-01 14:59:04 Image size of job updated: 4991872
	190  -  MemoryUsage of job (MB)
	194468  -  ResidentSetSize of job (KB)
...
006 (113485037.000.000) 2023-04-01 15:09:04 Image size of job updated: 4991872
	356  -  MemoryUsage of job (MB)
	363992  -  ResidentSetSize of job (KB)
...
006 (113485037.000.000) 2023-04-01 15:14:05 Image size of job updated: 4991872
	365  -  MemoryUsage of job (MB)
	373304  -  ResidentSetSize of job (KB)
...
006 (113485037.000.000) 2023-04-01 15:19:06 Image size of job updated: 4991872
	485  -  MemoryUsage of job (MB)
	496048  -  ResidentSetSize of job (KB)
...
006 (113485037.000.000) 2023-04-01 15:24:06 Image size of job updated: 4991872
	488  -  MemoryUsage of job (MB)
	499644  -  ResidentSetSize of job (KB)
...
006 (113485037.000.000) 2023-04-01 15:29:07 Image size of job updated: 4991872
	507  -  MemoryUsage of job (MB)
	519068  -  ResidentSetSize of job (KB)
...
006 (113485037.000.000) 2023-04-01 15:34:08 Image size of job updated: 4991872
	510  -  MemoryUsage of job (MB)
	521992  -  ResidentSetSize of job (KB)
...
006 (113485037.000.000) 2023-04-01 15:39:08 Image size of job updated: 4991872
	521  -  MemoryUsage of job (MB)
	532656  -  ResidentSetSize of job (KB)
...
006 (113485037.000.000) 2023-04-01 15:44:08 Image size of job updated: 4991872
	523  -  MemoryUsage of job (MB)
	535376  -  ResidentSetSize of job (KB)
...
006 (113485037.000.000) 2023-04-01 15:49:09 Image size of job updated: 4991872
	528  -  MemoryUsage of job (MB)
	539992  -  ResidentSetSize of job (KB)
...
006 (113485037.000.000) 2023-04-01 15:54:09 Image size of job updated: 4991872
	558  -  MemoryUsage of job (MB)
	571272  -  ResidentSetSize of job (KB)
...
006 (113485037.000.000) 2023-04-01 15:59:09 Image size of job updated: 4991872
	564  -  MemoryUsage of job (MB)
	577368  -  ResidentSetSize of job (KB)
...
006 (113485037.000.000) 2023-04-01 16:04:10 Image size of job updated: 4991872
	570  -  MemoryUsage of job (MB)
	583520  -  ResidentSetSize of job (KB)
...
006 (113485037.000.000) 2023-04-01 16:09:11 Image size of job updated: 4991872
	573  -  MemoryUsage of job (MB)
	586264  -  ResidentSetSize of job (KB)
...
006 (113485037.000.000) 2023-04-01 16:14:11 Image size of job updated: 4991872
	592  -  MemoryUsage of job (MB)
	605452  -  ResidentSetSize of job (KB)
...
006 (113485037.000.000) 2023-04-01 16:24:13 Image size of job updated: 4991872
	599  -  MemoryUsage of job (MB)
	612524  -  ResidentSetSize of job (KB)
...
006 (113485037.000.000) 2023-04-01 16:29:13 Image size of job updated: 4991872
	599  -  MemoryUsage of job (MB)
	612760  -  ResidentSetSize of job (KB)
...
006 (113485037.000.000) 2023-04-01 16:34:13 Image size of job updated: 4991872
	599  -  MemoryUsage of job (MB)
	612764  -  ResidentSetSize of job (KB)
...
006 (113485037.000.000) 2023-04-01 16:39:14 Image size of job updated: 4991872
	625  -  MemoryUsage of job (MB)
	639596  -  ResidentSetSize of job (KB)
...
006 (113485037.000.000) 2023-04-01 16:44:15 Image size of job updated: 4991872
	629  -  MemoryUsage of job (MB)
	643364  -  ResidentSetSize of job (KB)
...
006 (113485037.000.000) 2023-04-01 16:49:15 Image size of job updated: 4991872
	633  -  MemoryUsage of job (MB)
	648036  -  ResidentSetSize of job (KB)
...
006 (113485037.000.000) 2023-04-01 16:59:17 Image size of job updated: 4991872
	641  -  MemoryUsage of job (MB)
	656364  -  ResidentSetSize of job (KB)
...
006 (113485037.000.000) 2023-04-01 17:04:17 Image size of job updated: 4991872
	645  -  MemoryUsage of job (MB)
	660324  -  ResidentSetSize of job (KB)
...
006 (113485037.000.000) 2023-04-01 17:09:18 Image size of job updated: 4991872
	650  -  MemoryUsage of job (MB)
	664824  -  ResidentSetSize of job (KB)
...
006 (113485037.000.000) 2023-04-01 17:14:19 Image size of job updated: 4991872
	650  -  MemoryUsage of job (MB)
	664832  -  ResidentSetSize of job (KB)
...
006 (113485037.000.000) 2023-04-01 17:19:19 Image size of job updated: 4991872
	653  -  MemoryUsage of job (MB)
	667764  -  ResidentSetSize of job (KB)
...
006 (113485037.000.000) 2023-04-01 17:24:19 Image size of job updated: 4991872
	662  -  MemoryUsage of job (MB)
	677824  -  ResidentSetSize of job (KB)
...
006 (113485037.000.000) 2023-04-01 17:29:20 Image size of job updated: 4991872
	662  -  MemoryUsage of job (MB)
	677856  -  ResidentSetSize of job (KB)
...
006 (113485037.000.000) 2023-04-01 17:34:20 Image size of job updated: 4991872
	665  -  MemoryUsage of job (MB)
	680912  -  ResidentSetSize of job (KB)
...
006 (113485037.000.000) 2023-04-01 17:39:20 Image size of job updated: 4991872
	694  -  MemoryUsage of job (MB)
	710196  -  ResidentSetSize of job (KB)
...
006 (113485037.000.000) 2023-04-01 17:44:21 Image size of job updated: 4991872
	736  -  MemoryUsage of job (MB)
	753604  -  ResidentSetSize of job (KB)
...
006 (113485037.000.000) 2023-04-01 17:49:22 Image size of job updated: 4991872
	736  -  MemoryUsage of job (MB)
	753608  -  ResidentSetSize of job (KB)
...
006 (113485037.000.000) 2023-04-01 17:54:22 Image size of job updated: 4991872
	737  -  MemoryUsage of job (MB)
	753804  -  ResidentSetSize of job (KB)
...
006 (113485037.000.000) 2023-04-01 18:09:23 Image size of job updated: 5010864
	737  -  MemoryUsage of job (MB)
	754616  -  ResidentSetSize of job (KB)
...
006 (113485037.000.000) 2023-04-01 18:14:23 Image size of job updated: 5010864
	775  -  MemoryUsage of job (MB)
	792932  -  ResidentSetSize of job (KB)
...
006 (113485037.000.000) 2023-04-01 18:39:27 Image size of job updated: 5010864
	779  -  MemoryUsage of job (MB)
	796808  -  ResidentSetSize of job (KB)
...
006 (113485037.000.000) 2023-04-01 18:44:27 Image size of job updated: 5010864
	808  -  MemoryUsage of job (MB)
	827356  -  ResidentSetSize of job (KB)
...
006 (113485037.000.000) 2023-04-01 18:49:27 Image size of job updated: 5010864
	810  -  MemoryUsage of job (MB)
	829312  -  ResidentSetSize of job (KB)
...
006 (113485037.000.000) 2023-04-01 18:54:28 Image size of job updated: 5010864
	870  -  MemoryUsage of job (MB)
	889924  -  ResidentSetSize of job (KB)
...
006 (113485037.000.000) 2023-04-01 18:59:28 Image size of job updated: 5010864
	870  -  MemoryUsage of job (MB)
	890424  -  ResidentSetSize of job (KB)
...
006 (113485037.000.000) 2023-04-01 19:04:28 Image size of job updated: 5010864
	870  -  MemoryUsage of job (MB)
	890608  -  ResidentSetSize of job (KB)
...
006 (113485037.000.000) 2023-04-01 19:09:30 Image size of job updated: 5010864
	872  -  MemoryUsage of job (MB)
	892808  -  ResidentSetSize of job (KB)
...
006 (113485037.000.000) 2023-04-01 19:14:30 Image size of job updated: 5010864
	902  -  MemoryUsage of job (MB)
	923100  -  ResidentSetSize of job (KB)
...
006 (113485037.000.000) 2023-04-01 19:34:32 Image size of job updated: 5010864
	910  -  MemoryUsage of job (MB)
	931124  -  ResidentSetSize of job (KB)
...
006 (113485037.000.000) 2023-04-01 19:39:33 Image size of job updated: 5010864
	919  -  MemoryUsage of job (MB)
	940164  -  ResidentSetSize of job (KB)
...
006 (113485037.000.000) 2023-04-01 19:44:34 Image size of job updated: 5010864
	920  -  MemoryUsage of job (MB)
	941480  -  ResidentSetSize of job (KB)
...
006 (113485037.000.000) 2023-04-01 19:49:34 Image size of job updated: 5010864
	920  -  MemoryUsage of job (MB)
	941604  -  ResidentSetSize of job (KB)
...
006 (113485037.000.000) 2023-04-01 19:54:34 Image size of job updated: 5010864
	920  -  MemoryUsage of job (MB)
	942024  -  ResidentSetSize of job (KB)
...
006 (113485037.000.000) 2023-04-01 19:59:35 Image size of job updated: 5010864
	921  -  MemoryUsage of job (MB)
	942672  -  ResidentSetSize of job (KB)
...
006 (113485037.000.000) 2023-04-01 20:04:35 Image size of job updated: 5010864
	925  -  MemoryUsage of job (MB)
	946808  -  ResidentSetSize of job (KB)
...
006 (113485037.000.000) 2023-04-01 20:09:35 Image size of job updated: 5010864
	926  -  MemoryUsage of job (MB)
	947596  -  ResidentSetSize of job (KB)
...
006 (113485037.000.000) 2023-04-01 20:14:36 Image size of job updated: 5010864
	927  -  MemoryUsage of job (MB)
	948440  -  ResidentSetSize of job (KB)
...
006 (113485037.000.000) 2023-04-01 20:19:37 Image size of job updated: 5010864
	928  -  MemoryUsage of job (MB)
	949284  -  ResidentSetSize of job (KB)
...
006 (113485037.000.000) 2023-04-01 20:24:37 Image size of job updated: 5042428
	930  -  MemoryUsage of job (MB)
	952116  -  ResidentSetSize of job (KB)
...
006 (113485037.000.000) 2023-04-01 20:29:38 Image size of job updated: 5042428
	942  -  MemoryUsage of job (MB)
	963636  -  ResidentSetSize of job (KB)
...
006 (113485037.000.000) 2023-04-01 20:34:39 Image size of job updated: 5042428
	943  -  MemoryUsage of job (MB)
	964700  -  ResidentSetSize of job (KB)
...
006 (113485037.000.000) 2023-04-01 20:39:39 Image size of job updated: 5042428
	943  -  MemoryUsage of job (MB)
	965172  -  ResidentSetSize of job (KB)
...
006 (113485037.000.000) 2023-04-01 20:44:40 Image size of job updated: 5042428
	944  -  MemoryUsage of job (MB)
	965984  -  ResidentSetSize of job (KB)
...
006 (113485037.000.000) 2023-04-01 20:49:41 Image size of job updated: 5129040
	1008  -  MemoryUsage of job (MB)
	1031992  -  ResidentSetSize of job (KB)
...
006 (113485037.000.000) 2023-04-01 20:54:41 Image size of job updated: 5129040
	1010  -  MemoryUsage of job (MB)
	1034076  -  ResidentSetSize of job (KB)
...
006 (113485037.000.000) 2023-04-01 20:59:41 Image size of job updated: 5129040
	1018  -  MemoryUsage of job (MB)
	1042428  -  ResidentSetSize of job (KB)
...
006 (113485037.000.000) 2023-04-01 21:04:42 Image size of job updated: 5141348
	1018  -  MemoryUsage of job (MB)
	1042428  -  ResidentSetSize of job (KB)
...
006 (113485037.000.000) 2023-04-01 21:14:43 Image size of job updated: 5141348
	1034  -  MemoryUsage of job (MB)
	1058148  -  ResidentSetSize of job (KB)
...
006 (113485037.000.000) 2023-04-01 21:24:44 Image size of job updated: 5141348
	1037  -  MemoryUsage of job (MB)
	1061416  -  ResidentSetSize of job (KB)
...
006 (113485037.000.000) 2023-04-01 21:29:44 Image size of job updated: 5141348
	1038  -  MemoryUsage of job (MB)
	1062196  -  ResidentSetSize of job (KB)
...
006 (113485037.000.000) 2023-04-01 21:39:45 Image size of job updated: 5141348
	1043  -  MemoryUsage of job (MB)
	1067860  -  ResidentSetSize of job (KB)
...
006 (113485037.000.000) 2023-04-01 21:44:46 Image size of job updated: 5141348
	1045  -  MemoryUsage of job (MB)
	1069956  -  ResidentSetSize of job (KB)
...
006 (113485037.000.000) 2023-04-01 21:49:46 Image size of job updated: 5141348
	1049  -  MemoryUsage of job (MB)
	1073780  -  ResidentSetSize of job (KB)
...
006 (113485037.000.000) 2023-04-01 21:54:47 Image size of job updated: 5141348
	1051  -  MemoryUsage of job (MB)
	1075320  -  ResidentSetSize of job (KB)
...
006 (113485037.000.000) 2023-04-01 22:04:48 Image size of job updated: 5182680
	1054  -  MemoryUsage of job (MB)
	1078592  -  ResidentSetSize of job (KB)
...
006 (113485037.000.000) 2023-04-01 22:09:48 Image size of job updated: 5182680
	1057  -  MemoryUsage of job (MB)
	1081840  -  ResidentSetSize of job (KB)
...
006 (113485037.000.000) 2023-04-01 22:14:49 Image size of job updated: 5182680
	1061  -  MemoryUsage of job (MB)
	1085464  -  ResidentSetSize of job (KB)
...
006 (113485037.000.000) 2023-04-01 22:24:49 Image size of job updated: 5206188
	1065  -  MemoryUsage of job (MB)
	1090056  -  ResidentSetSize of job (KB)
...
006 (113485037.000.000) 2023-04-01 22:34:51 Image size of job updated: 5206188
	1069  -  MemoryUsage of job (MB)
	1094572  -  ResidentSetSize of job (KB)
...
006 (113485037.000.000) 2023-04-01 22:44:52 Image size of job updated: 5206188
	1085  -  MemoryUsage of job (MB)
	1110276  -  ResidentSetSize of job (KB)
...
006 (113485037.000.000) 2023-04-01 22:49:53 Image size of job updated: 5212568
	1085  -  MemoryUsage of job (MB)
	1110276  -  ResidentSetSize of job (KB)
...
006 (113485037.000.000) 2023-04-01 22:59:53 Image size of job updated: 5226468
	1085  -  MemoryUsage of job (MB)
	1110276  -  ResidentSetSize of job (KB)
...
006 (113485037.000.000) 2023-04-01 23:09:55 Image size of job updated: 5230804
	1085  -  MemoryUsage of job (MB)
	1110276  -  ResidentSetSize of job (KB)
...
006 (113485037.000.000) 2023-04-01 23:24:57 Image size of job updated: 5235024
	1087  -  MemoryUsage of job (MB)
	1112152  -  ResidentSetSize of job (KB)
...
006 (113485037.000.000) 2023-04-01 23:29:57 Image size of job updated: 5235024
	1088  -  MemoryUsage of job (MB)
	1113528  -  ResidentSetSize of job (KB)
...
006 (113485037.000.000) 2023-04-01 23:34:58 Image size of job updated: 5235024
	1091  -  MemoryUsage of job (MB)
	1116336  -  ResidentSetSize of job (KB)
...
006 (113485037.000.000) 2023-04-01 23:44:59 Image size of job updated: 5235024
	1094  -  MemoryUsage of job (MB)
	1119612  -  ResidentSetSize of job (KB)
...
006 (113485037.000.000) 2023-04-02 00:00:00 Image size of job updated: 5244468
	1094  -  MemoryUsage of job (MB)
	1119612  -  ResidentSetSize of job (KB)
...
006 (113485037.000.000) 2023-04-02 00:10:01 Image size of job updated: 5259104
	1099  -  MemoryUsage of job (MB)
	1125172  -  ResidentSetSize of job (KB)
...
006 (113485037.000.000) 2023-04-02 00:15:02 Image size of job updated: 5259104
	1102  -  MemoryUsage of job (MB)
	1127448  -  ResidentSetSize of job (KB)
...
006 (113485037.000.000) 2023-04-02 00:25:03 Image size of job updated: 5262616
	1103  -  MemoryUsage of job (MB)
	1129396  -  ResidentSetSize of job (KB)
...
006 (113485037.000.000) 2023-04-02 00:30:04 Image size of job updated: 5262616
	1104  -  MemoryUsage of job (MB)
	1130120  -  ResidentSetSize of job (KB)
...
006 (113485037.000.000) 2023-04-02 00:35:04 Image size of job updated: 5266624
	1107  -  MemoryUsage of job (MB)
	1132908  -  ResidentSetSize of job (KB)
...
006 (113485037.000.000) 2023-04-02 00:40:04 Image size of job updated: 5266624
	1108  -  MemoryUsage of job (MB)
	1133972  -  ResidentSetSize of job (KB)
...
006 (113485037.000.000) 2023-04-02 00:45:05 Image size of job updated: 5266624
	1108  -  MemoryUsage of job (MB)
	1134472  -  ResidentSetSize of job (KB)
...
006 (113485037.000.000) 2023-04-02 00:50:05 Image size of job updated: 5271768
	1111  -  MemoryUsage of job (MB)
	1137096  -  ResidentSetSize of job (KB)
...
006 (113485037.000.000) 2023-04-02 00:55:05 Image size of job updated: 5271768
	1111  -  MemoryUsage of job (MB)
	1137468  -  ResidentSetSize of job (KB)
...
006 (113485037.000.000) 2023-04-02 01:00:06 Image size of job updated: 5271768
	1112  -  MemoryUsage of job (MB)
	1137844  -  ResidentSetSize of job (KB)
...
006 (113485037.000.000) 2023-04-02 01:05:07 Image size of job updated: 5274024
	1116  -  MemoryUsage of job (MB)
	1141844  -  ResidentSetSize of job (KB)
...
006 (113485037.000.000) 2023-04-02 01:15:08 Image size of job updated: 5274024
	1124  -  MemoryUsage of job (MB)
	1150428  -  ResidentSetSize of job (KB)
...
006 (113485037.000.000) 2023-04-02 01:20:09 Image size of job updated: 5274024
	1157  -  MemoryUsage of job (MB)
	1183752  -  ResidentSetSize of job (KB)
...
006 (113485037.000.000) 2023-04-02 01:25:09 Image size of job updated: 5274024
	1227  -  MemoryUsage of job (MB)
	1255620  -  ResidentSetSize of job (KB)
...
006 (113485037.000.000) 2023-04-02 01:35:11 Image size of job updated: 5274024
	1314  -  MemoryUsage of job (MB)
	1344668  -  ResidentSetSize of job (KB)
...
006 (113485037.000.000) 2023-04-02 01:40:11 Image size of job updated: 5274024
	1322  -  MemoryUsage of job (MB)
	1353044  -  ResidentSetSize of job (KB)
...
006 (113485037.000.000) 2023-04-02 01:45:11 Image size of job updated: 5304640
	1415  -  MemoryUsage of job (MB)
	1448620  -  ResidentSetSize of job (KB)
...
006 (113485037.000.000) 2023-04-02 01:55:12 Image size of job updated: 5304640
	1418  -  MemoryUsage of job (MB)
	1451020  -  ResidentSetSize of job (KB)
...
006 (113485037.000.000) 2023-04-02 02:00:12 Image size of job updated: 5304640
	1418  -  MemoryUsage of job (MB)
	1451920  -  ResidentSetSize of job (KB)
...
006 (113485037.000.000) 2023-04-02 02:05:13 Image size of job updated: 5304640
	1432  -  MemoryUsage of job (MB)
	1465368  -  ResidentSetSize of job (KB)
...
006 (113485037.000.000) 2023-04-02 02:10:14 Image size of job updated: 5312724
	1432  -  MemoryUsage of job (MB)
	1465368  -  ResidentSetSize of job (KB)
...
006 (113485037.000.000) 2023-04-02 02:20:15 Image size of job updated: 5316724
	1432  -  MemoryUsage of job (MB)
	1465368  -  ResidentSetSize of job (KB)
...
006 (113485037.000.000) 2023-04-02 02:45:18 Image size of job updated: 5323500
	1434  -  MemoryUsage of job (MB)
	1468036  -  ResidentSetSize of job (KB)
...
006 (113485037.000.000) 2023-04-02 03:00:20 Image size of job updated: 5323500
	1436  -  MemoryUsage of job (MB)
	1469980  -  ResidentSetSize of job (KB)
...
006 (113485037.000.000) 2023-04-02 03:05:20 Image size of job updated: 5323500
	1436  -  MemoryUsage of job (MB)
	1470060  -  ResidentSetSize of job (KB)
...
006 (113485037.000.000) 2023-04-02 03:10:21 Image size of job updated: 5323500
	1437  -  MemoryUsage of job (MB)
	1471064  -  ResidentSetSize of job (KB)
...
006 (113485037.000.000) 2023-04-02 03:15:22 Image size of job updated: 5343784
	1439  -  MemoryUsage of job (MB)
	1473324  -  ResidentSetSize of job (KB)
...
006 (113485037.000.000) 2023-04-02 03:20:22 Image size of job updated: 5343784
	1441  -  MemoryUsage of job (MB)
	1475496  -  ResidentSetSize of job (KB)
...
006 (113485037.000.000) 2023-04-02 03:25:22 Image size of job updated: 5346792
	1441  -  MemoryUsage of job (MB)
	1475496  -  ResidentSetSize of job (KB)
...
006 (113485037.000.000) 2023-04-02 03:40:23 Image size of job updated: 5349072
	1445  -  MemoryUsage of job (MB)
	1478872  -  ResidentSetSize of job (KB)
...
006 (113485037.000.000) 2023-04-02 03:45:24 Image size of job updated: 5349072
	1447  -  MemoryUsage of job (MB)
	1480920  -  ResidentSetSize of job (KB)
...
006 (113485037.000.000) 2023-04-02 03:50:25 Image size of job updated: 5349072
	1454  -  MemoryUsage of job (MB)
	1488516  -  ResidentSetSize of job (KB)
...
006 (113485037.000.000) 2023-04-02 03:55:25 Image size of job updated: 5358544
	1455  -  MemoryUsage of job (MB)
	1489348  -  ResidentSetSize of job (KB)
...
006 (113485037.000.000) 2023-04-02 04:05:27 Image size of job updated: 5362312
	1459  -  MemoryUsage of job (MB)
	1493560  -  ResidentSetSize of job (KB)
...
006 (113485037.000.000) 2023-04-02 04:20:28 Image size of job updated: 5366336
	1461  -  MemoryUsage of job (MB)
	1495732  -  ResidentSetSize of job (KB)
...
006 (113485037.000.000) 2023-04-02 04:25:28 Image size of job updated: 5366336
	1462  -  MemoryUsage of job (MB)
	1496108  -  ResidentSetSize of job (KB)
...
006 (113485037.000.000) 2023-04-02 04:30:28 Image size of job updated: 5366336
	1463  -  MemoryUsage of job (MB)
	1498112  -  ResidentSetSize of job (KB)
...
006 (113485037.000.000) 2023-04-02 04:35:29 Image size of job updated: 5366336
	1464  -  MemoryUsage of job (MB)
	1498364  -  ResidentSetSize of job (KB)
...
006 (113485037.000.000) 2023-04-02 04:40:30 Image size of job updated: 5366336
	1464  -  MemoryUsage of job (MB)
	1498488  -  ResidentSetSize of job (KB)
...
006 (113485037.000.000) 2023-04-02 04:45:30 Image size of job updated: 5370088
	1465  -  MemoryUsage of job (MB)
	1499664  -  ResidentSetSize of job (KB)
...
006 (113485037.000.000) 2023-04-02 04:50:31 Image size of job updated: 5370088
	1467  -  MemoryUsage of job (MB)
	1501884  -  ResidentSetSize of job (KB)
...
006 (113485037.000.000) 2023-04-02 05:35:35 Image size of job updated: 5388552
	1467  -  MemoryUsage of job (MB)
	1501884  -  ResidentSetSize of job (KB)
...
006 (113485037.000.000) 2023-04-02 06:45:43 Image size of job updated: 5388552
	1470  -  MemoryUsage of job (MB)
	1504504  -  ResidentSetSize of job (KB)
...
006 (113485037.000.000) 2023-04-02 06:55:44 Image size of job updated: 5388552
	1472  -  MemoryUsage of job (MB)
	1506656  -  ResidentSetSize of job (KB)
...
006 (113485037.000.000) 2023-04-02 07:00:44 Image size of job updated: 5388552
	1473  -  MemoryUsage of job (MB)
	1507496  -  ResidentSetSize of job (KB)
...
006 (113485037.000.000) 2023-04-02 07:10:46 Image size of job updated: 5388552
	1476  -  MemoryUsage of job (MB)
	1511288  -  ResidentSetSize of job (KB)
...
006 (113485037.000.000) 2023-04-02 07:20:47 Image size of job updated: 5397212
	1477  -  MemoryUsage of job (MB)
	1511620  -  ResidentSetSize of job (KB)
...
006 (113485037.000.000) 2023-04-02 07:35:49 Image size of job updated: 5399428
	1478  -  MemoryUsage of job (MB)
	1513360  -  ResidentSetSize of job (KB)
...
006 (113485037.000.000) 2023-04-02 07:45:50 Image size of job updated: 5550536
	1495  -  MemoryUsage of job (MB)
	1529888  -  ResidentSetSize of job (KB)
...
006 (113485037.000.000) 2023-04-02 07:50:51 Image size of job updated: 5550536
	1495  -  MemoryUsage of job (MB)
	1530264  -  ResidentSetSize of job (KB)
...
006 (113485037.000.000) 2023-04-02 07:55:52 Image size of job updated: 5550536
	1495  -  MemoryUsage of job (MB)
	1530520  -  ResidentSetSize of job (KB)
...
006 (113485037.000.000) 2023-04-02 08:00:52 Image size of job updated: 5550536
	1499  -  MemoryUsage of job (MB)
	1534352  -  ResidentSetSize of job (KB)
...
006 (113485037.000.000) 2023-04-02 08:05:52 Image size of job updated: 5550536
	1499  -  MemoryUsage of job (MB)
	1534480  -  ResidentSetSize of job (KB)
...
006 (113485037.000.000) 2023-04-02 08:25:54 Image size of job updated: 5550536
	1504  -  MemoryUsage of job (MB)
	1539528  -  ResidentSetSize of job (KB)
...
006 (113485037.000.000) 2023-04-02 08:30:55 Image size of job updated: 5550536
	1504  -  MemoryUsage of job (MB)
	1540028  -  ResidentSetSize of job (KB)
...
006 (113485037.000.000) 2023-04-02 08:40:56 Image size of job updated: 5550536
	1507  -  MemoryUsage of job (MB)
	1542220  -  ResidentSetSize of job (KB)
...
006 (113485037.000.000) 2023-04-02 08:45:57 Image size of job updated: 5550536
	1507  -  MemoryUsage of job (MB)
	1542464  -  ResidentSetSize of job (KB)
...
006 (113485037.000.000) 2023-04-02 08:50:57 Image size of job updated: 5550536
	1508  -  MemoryUsage of job (MB)
	1543812  -  ResidentSetSize of job (KB)
...
006 (113485037.000.000) 2023-04-02 08:55:57 Image size of job updated: 5550536
	1509  -  MemoryUsage of job (MB)
	1544312  -  ResidentSetSize of job (KB)
...
006 (113485037.000.000) 2023-04-02 09:00:59 Image size of job updated: 5550536
	1509  -  MemoryUsage of job (MB)
	1544812  -  ResidentSetSize of job (KB)
...
006 (113485037.000.000) 2023-04-02 09:05:59 Image size of job updated: 5550536
	1511  -  MemoryUsage of job (MB)
	1546540  -  ResidentSetSize of job (KB)
...
006 (113485037.000.000) 2023-04-02 09:10:59 Image size of job updated: 5550536
	1511  -  MemoryUsage of job (MB)
	1547032  -  ResidentSetSize of job (KB)
...
006 (113485037.000.000) 2023-04-02 09:16:00 Image size of job updated: 5550536
	1512  -  MemoryUsage of job (MB)
	1547288  -  ResidentSetSize of job (KB)
...
006 (113485037.000.000) 2023-04-02 09:36:03 Image size of job updated: 5550536
	1516  -  MemoryUsage of job (MB)
	1552012  -  ResidentSetSize of job (KB)
...
006 (113485037.000.000) 2023-04-02 09:41:03 Image size of job updated: 5550536
	1518  -  MemoryUsage of job (MB)
	1554232  -  ResidentSetSize of job (KB)
...
006 (113485037.000.000) 2023-04-02 09:51:04 Image size of job updated: 5550536
	1520  -  MemoryUsage of job (MB)
	1555792  -  ResidentSetSize of job (KB)
...
006 (113485037.000.000) 2023-04-02 10:46:09 Image size of job updated: 5550536
	1549  -  MemoryUsage of job (MB)
	1585828  -  ResidentSetSize of job (KB)
...
006 (113485037.000.000) 2023-04-02 10:51:09 Image size of job updated: 5550536
	1549  -  MemoryUsage of job (MB)
	1586072  -  ResidentSetSize of job (KB)
...
006 (113485037.000.000) 2023-04-02 11:01:10 Image size of job updated: 5550536
	1553  -  MemoryUsage of job (MB)
	1589820  -  ResidentSetSize of job (KB)
...
006 (113485037.000.000) 2023-04-02 11:11:11 Image size of job updated: 5550536
	1554  -  MemoryUsage of job (MB)
	1590984  -  ResidentSetSize of job (KB)
...
006 (113485037.000.000) 2023-04-02 11:41:14 Image size of job updated: 5550536
	1558  -  MemoryUsage of job (MB)
	1595328  -  ResidentSetSize of job (KB)
...
006 (113485037.000.000) 2023-04-02 11:51:15 Image size of job updated: 5550536
	1694  -  MemoryUsage of job (MB)
	1734136  -  ResidentSetSize of job (KB)
...
004 (113485037.000.000) 2023-04-02 13:26:06 Job was evicted.
	(0) CPU times
		Usr 3 05:56:07, Sys 0 00:10:47  -  Run Remote Usage
		Usr 0 00:00:00, Sys 0 00:00:00  -  Run Local Usage
	0  -  Run Bytes Sent By Job
	366  -  Run Bytes Received By Job
	Partitionable Resources :    Usage  Request Allocated 
	   Cpus                 :     5.57        1         1 
	   Disk (KB)            :  3957      500000    609620 
	   GPUs                 :                           0 
	   Memory (MB)          :  1694       20000     20096 
...
009 (113485037.000.000) 2023-04-02 13:26:06 Job was aborted.
	removed because <OtherJobRemoveRequirements = DAGManJobId =?= 113484998> fired when job (113484998.0) was removed
...
000 (113493741.000.000) 2023-04-02 13:26:39 Job submitted from host: <10.14.0.160:9618?addrs=10.14.0.160-9618&alias=ldas-pcdev2.ligo.caltech.edu&noUDP&sock=schedd_7450_a8a7>
    DAG Node: 402
...
040 (113493741.000.000) 2023-04-02 13:28:50 Started transferring input files
	Transferring to host: <10.14.4.1:9618?addrs=10.14.4.1-9618&alias=node751.cluster.ldas.cit&noUDP&sock=slot1_5_3213206_0ea1_3811>
...
040 (113493741.000.000) 2023-04-02 13:28:50 Finished transferring input files
...
001 (113493741.000.000) 2023-04-02 13:28:51 Job executing on host: <10.14.4.1:9618?addrs=10.14.4.1-9618&alias=node751.cluster.ldas.cit&noUDP&sock=startd_3213168_910e>
...
006 (113493741.000.000) 2023-04-02 13:28:59 Image size of job updated: 210812
	192  -  MemoryUsage of job (MB)
	196380  -  ResidentSetSize of job (KB)
...
006 (113493741.000.000) 2023-04-02 13:33:59 Image size of job updated: 5120128
	572  -  MemoryUsage of job (MB)
	584968  -  ResidentSetSize of job (KB)
...
006 (113493741.000.000) 2023-04-02 13:39:00 Image size of job updated: 5178440
	624  -  MemoryUsage of job (MB)
	638188  -  ResidentSetSize of job (KB)
...
006 (113493741.000.000) 2023-04-02 13:44:01 Image size of job updated: 5544204
	915  -  MemoryUsage of job (MB)
	936108  -  ResidentSetSize of job (KB)
...
006 (113493741.000.000) 2023-04-02 13:49:01 Image size of job updated: 5544204
	916  -  MemoryUsage of job (MB)
	937556  -  ResidentSetSize of job (KB)
...
006 (113493741.000.000) 2023-04-02 13:54:01 Image size of job updated: 5544204
	917  -  MemoryUsage of job (MB)
	938068  -  ResidentSetSize of job (KB)
...
006 (113493741.000.000) 2023-04-02 13:59:02 Image size of job updated: 5628576
	934  -  MemoryUsage of job (MB)
	955572  -  ResidentSetSize of job (KB)
...
006 (113493741.000.000) 2023-04-02 14:14:04 Image size of job updated: 5629120
	934  -  MemoryUsage of job (MB)
	955572  -  ResidentSetSize of job (KB)
...
006 (113493741.000.000) 2023-04-02 14:19:04 Image size of job updated: 5629120
	935  -  MemoryUsage of job (MB)
	956748  -  ResidentSetSize of job (KB)
...
006 (113493741.000.000) 2023-04-02 14:24:04 Image size of job updated: 5629120
	943  -  MemoryUsage of job (MB)
	965292  -  ResidentSetSize of job (KB)
...
006 (113493741.000.000) 2023-04-02 14:29:05 Image size of job updated: 5629120
	943  -  MemoryUsage of job (MB)
	965440  -  ResidentSetSize of job (KB)
...
006 (113493741.000.000) 2023-04-02 14:34:06 Image size of job updated: 5641208
	943  -  MemoryUsage of job (MB)
	965440  -  ResidentSetSize of job (KB)
...
006 (113493741.000.000) 2023-04-02 14:54:08 Image size of job updated: 5644300
	996  -  MemoryUsage of job (MB)
	1019496  -  ResidentSetSize of job (KB)
...
006 (113493741.000.000) 2023-04-02 14:59:08 Image size of job updated: 5644300
	1107  -  MemoryUsage of job (MB)
	1133072  -  ResidentSetSize of job (KB)
...
006 (113493741.000.000) 2023-04-02 15:04:09 Image size of job updated: 5644300
	1242  -  MemoryUsage of job (MB)
	1271512  -  ResidentSetSize of job (KB)
...
006 (113493741.000.000) 2023-04-02 15:14:09 Image size of job updated: 5649628
	1261  -  MemoryUsage of job (MB)
	1290564  -  ResidentSetSize of job (KB)
...
006 (113493741.000.000) 2023-04-02 15:29:11 Image size of job updated: 5653172
	1261  -  MemoryUsage of job (MB)
	1290564  -  ResidentSetSize of job (KB)
...
006 (113493741.000.000) 2023-04-02 15:49:14 Image size of job updated: 5661440
	1273  -  MemoryUsage of job (MB)
	1302728  -  ResidentSetSize of job (KB)
...
006 (113493741.000.000) 2023-04-02 15:54:15 Image size of job updated: 5661440
	1279  -  MemoryUsage of job (MB)
	1309684  -  ResidentSetSize of job (KB)
...
006 (113493741.000.000) 2023-04-02 16:04:15 Image size of job updated: 5661440
	1286  -  MemoryUsage of job (MB)
	1316552  -  ResidentSetSize of job (KB)
...
006 (113493741.000.000) 2023-04-02 16:14:16 Image size of job updated: 5716612
	1312  -  MemoryUsage of job (MB)
	1343416  -  ResidentSetSize of job (KB)
...
006 (113493741.000.000) 2023-04-02 16:44:20 Image size of job updated: 5716612
	1314  -  MemoryUsage of job (MB)
	1345192  -  ResidentSetSize of job (KB)
...
006 (113493741.000.000) 2023-04-02 16:59:21 Image size of job updated: 5716612
	1328  -  MemoryUsage of job (MB)
	1358988  -  ResidentSetSize of job (KB)
...
006 (113493741.000.000) 2023-04-02 17:04:21 Image size of job updated: 5716612
	1330  -  MemoryUsage of job (MB)
	1361352  -  ResidentSetSize of job (KB)
...
006 (113493741.000.000) 2023-04-02 17:09:21 Image size of job updated: 5716612
	1331  -  MemoryUsage of job (MB)
	1361928  -  ResidentSetSize of job (KB)
...
006 (113493741.000.000) 2023-04-02 17:19:23 Image size of job updated: 5744368
	1335  -  MemoryUsage of job (MB)
	1367016  -  ResidentSetSize of job (KB)
...
006 (113493741.000.000) 2023-04-02 17:24:23 Image size of job updated: 5744368
	1338  -  MemoryUsage of job (MB)
	1369212  -  ResidentSetSize of job (KB)
...
006 (113493741.000.000) 2023-04-02 17:54:26 Image size of job updated: 5744368
	1342  -  MemoryUsage of job (MB)
	1373852  -  ResidentSetSize of job (KB)
...
006 (113493741.000.000) 2023-04-02 17:59:26 Image size of job updated: 5744368
	1343  -  MemoryUsage of job (MB)
	1374892  -  ResidentSetSize of job (KB)
...
006 (113493741.000.000) 2023-04-02 18:04:27 Image size of job updated: 5744368
	1345  -  MemoryUsage of job (MB)
	1376940  -  ResidentSetSize of job (KB)
...
006 (113493741.000.000) 2023-04-02 18:09:28 Image size of job updated: 5744368
	1494  -  MemoryUsage of job (MB)
	1529708  -  ResidentSetSize of job (KB)
...
006 (113493741.000.000) 2023-04-02 18:59:33 Image size of job updated: 5746988
	1494  -  MemoryUsage of job (MB)
	1529708  -  ResidentSetSize of job (KB)
...
006 (113493741.000.000) 2023-04-02 19:14:35 Image size of job updated: 5759120
	1494  -  MemoryUsage of job (MB)
	1529708  -  ResidentSetSize of job (KB)
...
006 (113493741.000.000) 2023-04-02 19:34:37 Image size of job updated: 5789052
	1494  -  MemoryUsage of job (MB)
	1529708  -  ResidentSetSize of job (KB)
...
006 (113493741.000.000) 2023-04-02 19:54:39 Image size of job updated: 5823612
	1494  -  MemoryUsage of job (MB)
	1529708  -  ResidentSetSize of job (KB)
...
006 (113493741.000.000) 2023-04-02 20:14:41 Image size of job updated: 5828172
	1494  -  MemoryUsage of job (MB)
	1529708  -  ResidentSetSize of job (KB)
...
006 (113493741.000.000) 2023-04-02 20:29:42 Image size of job updated: 5828916
	1494  -  MemoryUsage of job (MB)
	1529708  -  ResidentSetSize of job (KB)
...
006 (113493741.000.000) 2023-04-02 20:39:44 Image size of job updated: 5833464
	1494  -  MemoryUsage of job (MB)
	1529708  -  ResidentSetSize of job (KB)
...
006 (113493741.000.000) 2023-04-02 20:59:45 Image size of job updated: 6017492
	1494  -  MemoryUsage of job (MB)
	1529708  -  ResidentSetSize of job (KB)
...
006 (113493741.000.000) 2023-04-03 00:00:05 Image size of job updated: 6017492
	1495  -  MemoryUsage of job (MB)
	1530012  -  ResidentSetSize of job (KB)
...
006 (113493741.000.000) 2023-04-03 00:05:05 Image size of job updated: 6017492
	1498  -  MemoryUsage of job (MB)
	1533196  -  ResidentSetSize of job (KB)
...
006 (113493741.000.000) 2023-04-03 00:15:06 Image size of job updated: 6017492
	1499  -  MemoryUsage of job (MB)
	1534224  -  ResidentSetSize of job (KB)
...
006 (113493741.000.000) 2023-04-03 00:25:07 Image size of job updated: 6017492
	1501  -  MemoryUsage of job (MB)
	1536204  -  ResidentSetSize of job (KB)
...
006 (113493741.000.000) 2023-04-03 00:40:09 Image size of job updated: 6017492
	1501  -  MemoryUsage of job (MB)
	1536580  -  ResidentSetSize of job (KB)
...
006 (113493741.000.000) 2023-04-03 00:50:10 Image size of job updated: 6017492
	1509  -  MemoryUsage of job (MB)
	1544940  -  ResidentSetSize of job (KB)
...
006 (113493741.000.000) 2023-04-03 01:05:11 Image size of job updated: 6017492
	1539  -  MemoryUsage of job (MB)
	1575524  -  ResidentSetSize of job (KB)
...
006 (113493741.000.000) 2023-04-03 01:25:14 Image size of job updated: 6017492
	1552  -  MemoryUsage of job (MB)
	1588272  -  ResidentSetSize of job (KB)
...
006 (113493741.000.000) 2023-04-03 02:15:19 Image size of job updated: 6083868
	1552  -  MemoryUsage of job (MB)
	1588272  -  ResidentSetSize of job (KB)
...
006 (113493741.000.000) 2023-04-03 02:30:21 Image size of job updated: 6083868
	1742  -  MemoryUsage of job (MB)
	1783172  -  ResidentSetSize of job (KB)
...
006 (113493741.000.000) 2023-04-03 05:55:42 Image size of job updated: 6138968
	1742  -  MemoryUsage of job (MB)
	1783172  -  ResidentSetSize of job (KB)
...
006 (113493741.000.000) 2023-04-03 11:46:18 Image size of job updated: 6138968
	1873  -  MemoryUsage of job (MB)
	1917184  -  ResidentSetSize of job (KB)
...
004 (113493741.000.000) 2023-04-03 14:02:28 Job was evicted.
	(0) CPU times
		Usr 4 00:36:03, Sys 0 00:11:02  -  Run Remote Usage
		Usr 0 00:00:00, Sys 0 00:00:00  -  Run Local Usage
	0  -  Run Bytes Sent By Job
	366  -  Run Bytes Received By Job
	Partitionable Resources :    Usage  Request Allocated 
	   Cpus                 :     4.94        1         1 
	   Disk (KB)            :  3082      500000    609620 
	   GPUs                 :                           0 
	   Memory (MB)          :  1873       20000     20096 
...
040 (113493741.000.000) 2023-04-03 14:11:09 Started transferring input files
	Transferring to host: <10.14.9.170:9618?addrs=10.14.9.170-9618&alias=node2170.cluster.ldas.cit&noUDP&sock=slot1_13_553683_830c_8518>
...
040 (113493741.000.000) 2023-04-03 14:11:09 Finished transferring input files
...
001 (113493741.000.000) 2023-04-03 14:11:10 Job executing on host: <10.14.9.170:9618?addrs=10.14.9.170-9618&alias=node2170.cluster.ldas.cit&noUDP&sock=startd_553537_eb53>
...
006 (113493741.000.000) 2023-04-04 05:21:45 Image size of job updated: 7500000
	1984  -  MemoryUsage of job (MB)
	2030980  -  ResidentSetSize of job (KB)
...
004 (113493741.000.000) 2023-04-04 13:15:37 Job was evicted.
	(0) CPU times
		Usr 3 01:41:53, Sys 0 00:05:34  -  Run Remote Usage
		Usr 0 00:00:00, Sys 0 00:00:00  -  Run Local Usage
	0  -  Run Bytes Sent By Job
	366  -  Run Bytes Received By Job
	Partitionable Resources :    Usage  Request Allocated 
	   Cpus                 :     2.97        1         1 
	   Disk (KB)            :  2952      500000    609620 
	   GPUs                 :                           0 
	   Memory (MB)          :  1984       20000     20096 
...
040 (113493741.000.000) 2023-04-04 14:01:11 Started transferring input files
	Transferring to host: <10.14.10.102:9618?addrs=10.14.10.102-9618&alias=node2352.cluster.ldas.cit&noUDP&sock=slot1_1_2129182_1570_5>
...
040 (113493741.000.000) 2023-04-04 14:01:11 Finished transferring input files
...
001 (113493741.000.000) 2023-04-04 14:01:12 Job executing on host: <10.14.10.102:9618?addrs=10.14.10.102-9618&alias=node2352.cluster.ldas.cit&noUDP&sock=startd_2129140_8632>
...
004 (113493741.000.000) 2023-04-05 14:05:22 Job was evicted.
	(0) CPU times
		Usr 3 21:53:29, Sys 0 00:02:42  -  Run Remote Usage
		Usr 0 00:00:00, Sys 0 00:00:00  -  Run Local Usage
	0  -  Run Bytes Sent By Job
	366  -  Run Bytes Received By Job
	Partitionable Resources :    Usage  Request Allocated 
	   Cpus                 :     0.99        1         1 
	   Disk (KB)            :  3050      500000    624256 
	   GPUs                 :                           0 
	   Memory (MB)          :  2198       20000     20096 
...
040 (113493741.000.000) 2023-04-05 14:05:31 Started transferring input files
	Transferring to host: <10.14.3.10:9618?addrs=10.14.3.10-9618&alias=node510.cluster.ldas.cit&noUDP&sock=slot1_13_696420_a419_33398>
...
040 (113493741.000.000) 2023-04-05 14:05:31 Finished transferring input files
...
001 (113493741.000.000) 2023-04-05 14:05:32 Job executing on host: <10.14.3.10:9618?addrs=10.14.3.10-9618&alias=node510.cluster.ldas.cit&noUDP&sock=startd_696384_1469>
...
004 (113493741.000.000) 2023-04-05 14:52:27 Job was evicted.
	(0) CPU times
		Usr 0 02:26:49, Sys 0 00:00:17  -  Run Remote Usage
		Usr 0 00:00:00, Sys 0 00:00:00  -  Run Local Usage
	0  -  Run Bytes Sent By Job
	366  -  Run Bytes Received By Job
	Partitionable Resources :    Usage  Request Allocated 
	   Cpus                 :     2.85        1         1 
	   Disk (KB)            :  2713      500000    609620 
	   GPUs                 :                           0 
	   Memory (MB)          :  2198       20000     20096 
...
009 (113493741.000.000) 2023-04-05 14:52:27 Job was aborted.
	removed because <OtherJobRemoveRequirements = DAGManJobId =?= 113493702> fired when job (113493702.0) was removed
...
000 (113587232.000.000) 2023-04-05 14:54:23 Job submitted from host: <10.14.0.160:9618?addrs=10.14.0.160-9618&alias=ldas-pcdev2.ligo.caltech.edu&noUDP&sock=schedd_7450_a8a7>
    DAG Node: 402
...
040 (113587232.000.000) 2023-04-05 15:01:02 Started transferring input files
	Transferring to host: <10.14.4.84:9618?addrs=10.14.4.84-9618&alias=node834.cluster.ldas.cit&noUDP&sock=slot1_14_170469_94ed_22128>
...
040 (113587232.000.000) 2023-04-05 15:01:02 Finished transferring input files
...
001 (113587232.000.000) 2023-04-05 15:01:03 Job executing on host: <10.14.4.84:9618?addrs=10.14.4.84-9618&alias=node834.cluster.ldas.cit&noUDP&sock=startd_170433_70c2>
...
006 (113587232.000.000) 2023-04-05 15:01:12 Image size of job updated: 222332
	194  -  MemoryUsage of job (MB)
	198364  -  ResidentSetSize of job (KB)
...
006 (113587232.000.000) 2023-04-05 15:06:12 Image size of job updated: 5261552
	751  -  MemoryUsage of job (MB)
	768612  -  ResidentSetSize of job (KB)
...
006 (113587232.000.000) 2023-04-05 15:11:12 Image size of job updated: 5362716
	847  -  MemoryUsage of job (MB)
	866992  -  ResidentSetSize of job (KB)
...
006 (113587232.000.000) 2023-04-05 15:16:13 Image size of job updated: 5511840
	983  -  MemoryUsage of job (MB)
	1005600  -  ResidentSetSize of job (KB)
...
006 (113587232.000.000) 2023-04-05 15:21:14 Image size of job updated: 5549508
	1019  -  MemoryUsage of job (MB)
	1043044  -  ResidentSetSize of job (KB)
...
006 (113587232.000.000) 2023-04-05 15:26:14 Image size of job updated: 6048300
	1500  -  MemoryUsage of job (MB)
	1535008  -  ResidentSetSize of job (KB)
...
006 (113587232.000.000) 2023-04-05 15:56:18 Image size of job updated: 6175544
	1500  -  MemoryUsage of job (MB)
	1535008  -  ResidentSetSize of job (KB)
...
006 (113587232.000.000) 2023-04-05 16:11:20 Image size of job updated: 6273920
	1500  -  MemoryUsage of job (MB)
	1535008  -  ResidentSetSize of job (KB)
...
006 (113587232.000.000) 2023-04-05 17:06:25 Image size of job updated: 6273920
	1665  -  MemoryUsage of job (MB)
	1704064  -  ResidentSetSize of job (KB)
...
006 (113587232.000.000) 2023-04-05 17:21:27 Image size of job updated: 6273920
	1724  -  MemoryUsage of job (MB)
	1765144  -  ResidentSetSize of job (KB)
...
006 (113587232.000.000) 2023-04-05 18:41:36 Image size of job updated: 6282932
	1737  -  MemoryUsage of job (MB)
	1778064  -  ResidentSetSize of job (KB)
...
006 (113587232.000.000) 2023-04-05 18:46:36 Image size of job updated: 6282932
	1737  -  MemoryUsage of job (MB)
	1778316  -  ResidentSetSize of job (KB)
...
006 (113587232.000.000) 2023-04-05 18:51:37 Image size of job updated: 6282932
	1745  -  MemoryUsage of job (MB)
	1785940  -  ResidentSetSize of job (KB)
...
006 (113587232.000.000) 2023-04-05 18:56:38 Image size of job updated: 6282932
	1770  -  MemoryUsage of job (MB)
	1812000  -  ResidentSetSize of job (KB)
...
006 (113587232.000.000) 2023-04-05 19:06:38 Image size of job updated: 6295708
	1770  -  MemoryUsage of job (MB)
	1812000  -  ResidentSetSize of job (KB)
...
006 (113587232.000.000) 2023-04-05 19:31:42 Image size of job updated: 6329676
	1778  -  MemoryUsage of job (MB)
	1820484  -  ResidentSetSize of job (KB)
...
006 (113587232.000.000) 2023-04-05 20:06:45 Image size of job updated: 6329676
	2046  -  MemoryUsage of job (MB)
	2094596  -  ResidentSetSize of job (KB)
...
006 (113587232.000.000) 2023-04-05 21:01:50 Image size of job updated: 6348388
	2046  -  MemoryUsage of job (MB)
	2094596  -  ResidentSetSize of job (KB)
...
006 (113587232.000.000) 2023-04-06 04:47:35 Image size of job updated: 6384044
	2046  -  MemoryUsage of job (MB)
	2094596  -  ResidentSetSize of job (KB)
...
006 (113587232.000.000) 2023-04-06 05:37:40 Image size of job updated: 6559132
	2046  -  MemoryUsage of job (MB)
	2094596  -  ResidentSetSize of job (KB)
...
006 (113587232.000.000) 2023-04-06 06:47:45 Image size of job updated: 6559132
	2110  -  MemoryUsage of job (MB)
	2160352  -  ResidentSetSize of job (KB)
...
006 (113587232.000.000) 2023-04-06 13:43:29 Image size of job updated: 6672180
	2110  -  MemoryUsage of job (MB)
	2160352  -  ResidentSetSize of job (KB)
...
004 (113587232.000.000) 2023-04-06 15:02:14 Job was evicted.
	(0) CPU times
		Usr 3 10:53:19, Sys 0 00:08:34  -  Run Remote Usage
		Usr 0 00:00:00, Sys 0 00:00:00  -  Run Local Usage
	0  -  Run Bytes Sent By Job
	366  -  Run Bytes Received By Job
	Partitionable Resources :    Usage  Request Allocated 
	   Cpus                 :     3.20        1         1 
	   Disk (KB)            :  2878      500000    624256 
	   GPUs                 :                           0 
	   Memory (MB)          :  2110       20000     20096 
...
040 (113587232.000.000) 2023-04-06 15:24:22 Started transferring input files
	Transferring to host: <10.14.4.50:9618?addrs=10.14.4.50-9618&alias=node800.cluster.ldas.cit&noUDP&sock=slot1_9_3595434_42d8_22640>
...
040 (113587232.000.000) 2023-04-06 15:24:22 Finished transferring input files
...
001 (113587232.000.000) 2023-04-06 15:24:23 Job executing on host: <10.14.4.50:9618?addrs=10.14.4.50-9618&alias=node800.cluster.ldas.cit&noUDP&sock=startd_3595398_8dd9>
...
004 (113587232.000.000) 2023-04-06 16:04:49 Job was evicted.
	(0) CPU times
		Usr 0 02:43:33, Sys 0 00:00:20  -  Run Remote Usage
		Usr 0 00:00:00, Sys 0 00:00:00  -  Run Local Usage
	0  -  Run Bytes Sent By Job
	366  -  Run Bytes Received By Job
	Partitionable Resources :    Usage  Request Allocated 
	   Cpus                 :     7.39        1         1 
	   Disk (KB)            :  2715      500000    624256 
	   GPUs                 :                           0 
	   Memory (MB)          :  2198       20000     20096 
...
009 (113587232.000.000) 2023-04-06 16:04:49 Job was aborted.
	removed because <OtherJobRemoveRequirements = DAGManJobId =?= 113587193> fired when job (113587193.0) was removed
...
000 (113604345.000.000) 2023-04-06 16:28:16 Job submitted from host: <10.14.0.160:9618?addrs=10.14.0.160-9618&alias=ldas-pcdev2.ligo.caltech.edu&noUDP&sock=schedd_7450_a8a7>
    DAG Node: 402
...
040 (113604345.000.000) 2023-04-06 16:35:56 Started transferring input files
	Transferring to host: <10.14.9.60:9618?addrs=10.14.9.60-9618&alias=node2060.cluster.ldas.cit&noUDP&sock=slot1_11_376487_e667_8374>
...
040 (113604345.000.000) 2023-04-06 16:35:56 Finished transferring input files
...
001 (113604345.000.000) 2023-04-06 16:35:57 Job executing on host: <10.14.9.60:9618?addrs=10.14.9.60-9618&alias=node2060.cluster.ldas.cit&noUDP&sock=startd_376447_e8b1>
...
006 (113604345.000.000) 2023-04-06 16:36:06 Image size of job updated: 565584
	190  -  MemoryUsage of job (MB)
	194504  -  ResidentSetSize of job (KB)
...
006 (113604345.000.000) 2023-04-06 16:41:07 Image size of job updated: 4976992
	190  -  MemoryUsage of job (MB)
	194504  -  ResidentSetSize of job (KB)
...
006 (113604345.000.000) 2023-04-06 16:46:08 Image size of job updated: 4976992
	352  -  MemoryUsage of job (MB)
	359580  -  ResidentSetSize of job (KB)
...
006 (113604345.000.000) 2023-04-06 16:51:08 Image size of job updated: 4976992
	361  -  MemoryUsage of job (MB)
	369476  -  ResidentSetSize of job (KB)
...
006 (113604345.000.000) 2023-04-06 16:56:09 Image size of job updated: 4976992
	370  -  MemoryUsage of job (MB)
	377984  -  ResidentSetSize of job (KB)
...
006 (113604345.000.000) 2023-04-06 17:01:10 Image size of job updated: 4976992
	480  -  MemoryUsage of job (MB)
	491160  -  ResidentSetSize of job (KB)
...
006 (113604345.000.000) 2023-04-06 17:06:10 Image size of job updated: 4976992
	482  -  MemoryUsage of job (MB)
	492716  -  ResidentSetSize of job (KB)
...
006 (113604345.000.000) 2023-04-06 17:11:10 Image size of job updated: 4976992
	523  -  MemoryUsage of job (MB)
	535296  -  ResidentSetSize of job (KB)
...
006 (113604345.000.000) 2023-04-06 17:16:11 Image size of job updated: 4976992
	530  -  MemoryUsage of job (MB)
	542356  -  ResidentSetSize of job (KB)
...
006 (113604345.000.000) 2023-04-06 17:21:12 Image size of job updated: 4976992
	554  -  MemoryUsage of job (MB)
	566980  -  ResidentSetSize of job (KB)
...
006 (113604345.000.000) 2023-04-06 17:26:12 Image size of job updated: 4976992
	556  -  MemoryUsage of job (MB)
	569068  -  ResidentSetSize of job (KB)
...
006 (113604345.000.000) 2023-04-06 17:31:13 Image size of job updated: 4976992
	557  -  MemoryUsage of job (MB)
	570256  -  ResidentSetSize of job (KB)
...
006 (113604345.000.000) 2023-04-06 17:36:14 Image size of job updated: 4976992
	559  -  MemoryUsage of job (MB)
	571748  -  ResidentSetSize of job (KB)
...
006 (113604345.000.000) 2023-04-06 17:41:14 Image size of job updated: 4976992
	581  -  MemoryUsage of job (MB)
	594716  -  ResidentSetSize of job (KB)
...
006 (113604345.000.000) 2023-04-06 17:46:14 Image size of job updated: 4976992
	701  -  MemoryUsage of job (MB)
	716928  -  ResidentSetSize of job (KB)
...
006 (113604345.000.000) 2023-04-06 17:51:15 Image size of job updated: 4976992
	919  -  MemoryUsage of job (MB)
	940524  -  ResidentSetSize of job (KB)
...
006 (113604345.000.000) 2023-04-06 17:56:15 Image size of job updated: 4976992
	950  -  MemoryUsage of job (MB)
	972576  -  ResidentSetSize of job (KB)
...
006 (113604345.000.000) 2023-04-06 18:01:15 Image size of job updated: 4976992
	951  -  MemoryUsage of job (MB)
	973640  -  ResidentSetSize of job (KB)
...
006 (113604345.000.000) 2023-04-06 18:06:16 Image size of job updated: 4976992
	975  -  MemoryUsage of job (MB)
	998296  -  ResidentSetSize of job (KB)
...
006 (113604345.000.000) 2023-04-06 18:11:17 Image size of job updated: 4976992
	980  -  MemoryUsage of job (MB)
	1002612  -  ResidentSetSize of job (KB)
...
006 (113604345.000.000) 2023-04-06 18:21:18 Image size of job updated: 4976992
	988  -  MemoryUsage of job (MB)
	1011376  -  ResidentSetSize of job (KB)
...
006 (113604345.000.000) 2023-04-06 18:26:19 Image size of job updated: 4976992
	988  -  MemoryUsage of job (MB)
	1011596  -  ResidentSetSize of job (KB)
...
006 (113604345.000.000) 2023-04-06 18:31:19 Image size of job updated: 4976992
	989  -  MemoryUsage of job (MB)
	1012612  -  ResidentSetSize of job (KB)
...
006 (113604345.000.000) 2023-04-06 18:36:19 Image size of job updated: 4976992
	997  -  MemoryUsage of job (MB)
	1020156  -  ResidentSetSize of job (KB)
...
006 (113604345.000.000) 2023-04-06 18:46:20 Image size of job updated: 4976992
	1000  -  MemoryUsage of job (MB)
	1023280  -  ResidentSetSize of job (KB)
...
006 (113604345.000.000) 2023-04-06 18:56:21 Image size of job updated: 4976992
	1003  -  MemoryUsage of job (MB)
	1026444  -  ResidentSetSize of job (KB)
...
006 (113604345.000.000) 2023-04-06 19:06:22 Image size of job updated: 4976992
	1008  -  MemoryUsage of job (MB)
	1031484  -  ResidentSetSize of job (KB)
...
006 (113604345.000.000) 2023-04-06 19:16:24 Image size of job updated: 4976992
	1009  -  MemoryUsage of job (MB)
	1032228  -  ResidentSetSize of job (KB)
...
006 (113604345.000.000) 2023-04-06 19:21:24 Image size of job updated: 4976992
	1016  -  MemoryUsage of job (MB)
	1039564  -  ResidentSetSize of job (KB)
...
006 (113604345.000.000) 2023-04-06 19:26:24 Image size of job updated: 4976992
	1016  -  MemoryUsage of job (MB)
	1040060  -  ResidentSetSize of job (KB)
...
006 (113604345.000.000) 2023-04-06 19:31:25 Image size of job updated: 4976992
	1032  -  MemoryUsage of job (MB)
	1056328  -  ResidentSetSize of job (KB)
...
006 (113604345.000.000) 2023-04-06 19:36:25 Image size of job updated: 4992844
	1061  -  MemoryUsage of job (MB)
	1085812  -  ResidentSetSize of job (KB)
...
006 (113604345.000.000) 2023-04-06 19:41:25 Image size of job updated: 5004136
	1072  -  MemoryUsage of job (MB)
	1097052  -  ResidentSetSize of job (KB)
...
006 (113604345.000.000) 2023-04-06 19:46:26 Image size of job updated: 5009256
	1074  -  MemoryUsage of job (MB)
	1099212  -  ResidentSetSize of job (KB)
...
006 (113604345.000.000) 2023-04-06 19:56:27 Image size of job updated: 5009256
	1091  -  MemoryUsage of job (MB)
	1116652  -  ResidentSetSize of job (KB)
...
006 (113604345.000.000) 2023-04-06 20:01:28 Image size of job updated: 5014408
	1093  -  MemoryUsage of job (MB)
	1118376  -  ResidentSetSize of job (KB)
...
006 (113604345.000.000) 2023-04-06 20:11:29 Image size of job updated: 5023368
	1093  -  MemoryUsage of job (MB)
	1118376  -  ResidentSetSize of job (KB)
...
006 (113604345.000.000) 2023-04-06 21:01:34 Image size of job updated: 5023368
	1127  -  MemoryUsage of job (MB)
	1153080  -  ResidentSetSize of job (KB)
...
006 (113604345.000.000) 2023-04-06 21:21:35 Image size of job updated: 5028768
	1127  -  MemoryUsage of job (MB)
	1153080  -  ResidentSetSize of job (KB)
...
006 (113604345.000.000) 2023-04-06 21:31:37 Image size of job updated: 5028768
	1173  -  MemoryUsage of job (MB)
	1200400  -  ResidentSetSize of job (KB)
...
006 (113604345.000.000) 2023-04-06 21:36:37 Image size of job updated: 5028768
	1191  -  MemoryUsage of job (MB)
	1218700  -  ResidentSetSize of job (KB)
...
006 (113604345.000.000) 2023-04-06 21:41:38 Image size of job updated: 5028768
	1191  -  MemoryUsage of job (MB)
	1218764  -  ResidentSetSize of job (KB)
...
006 (113604345.000.000) 2023-04-06 21:46:39 Image size of job updated: 5037184
	1200  -  MemoryUsage of job (MB)
	1228392  -  ResidentSetSize of job (KB)
...
006 (113604345.000.000) 2023-04-06 21:51:39 Image size of job updated: 5037184
	1217  -  MemoryUsage of job (MB)
	1245904  -  ResidentSetSize of job (KB)
...
006 (113604345.000.000) 2023-04-06 21:56:40 Image size of job updated: 5037184
	1217  -  MemoryUsage of job (MB)
	1246172  -  ResidentSetSize of job (KB)
...
006 (113604345.000.000) 2023-04-06 22:01:41 Image size of job updated: 5037956
	1221  -  MemoryUsage of job (MB)
	1249504  -  ResidentSetSize of job (KB)
...
006 (113604345.000.000) 2023-04-06 22:11:41 Image size of job updated: 5098432
	1232  -  MemoryUsage of job (MB)
	1260848  -  ResidentSetSize of job (KB)
...
006 (113604345.000.000) 2023-04-06 22:26:43 Image size of job updated: 5098432
	1233  -  MemoryUsage of job (MB)
	1261804  -  ResidentSetSize of job (KB)
...
006 (113604345.000.000) 2023-04-06 22:31:44 Image size of job updated: 5098432
	1234  -  MemoryUsage of job (MB)
	1263340  -  ResidentSetSize of job (KB)
...
006 (113604345.000.000) 2023-04-06 22:36:45 Image size of job updated: 5098432
	1256  -  MemoryUsage of job (MB)
	1285516  -  ResidentSetSize of job (KB)
...
006 (113604345.000.000) 2023-04-06 22:46:46 Image size of job updated: 5098432
	1258  -  MemoryUsage of job (MB)
	1287748  -  ResidentSetSize of job (KB)
...
006 (113604345.000.000) 2023-04-06 23:11:48 Image size of job updated: 5164172
	1295  -  MemoryUsage of job (MB)
	1325620  -  ResidentSetSize of job (KB)
...
006 (113604345.000.000) 2023-04-06 23:16:48 Image size of job updated: 5164172
	1297  -  MemoryUsage of job (MB)
	1328044  -  ResidentSetSize of job (KB)
...
006 (113604345.000.000) 2023-04-06 23:26:50 Image size of job updated: 5164172
	1301  -  MemoryUsage of job (MB)
	1331600  -  ResidentSetSize of job (KB)
...
006 (113604345.000.000) 2023-04-06 23:51:52 Image size of job updated: 5164172
	1304  -  MemoryUsage of job (MB)
	1334512  -  ResidentSetSize of job (KB)
...
006 (113604345.000.000) 2023-04-06 23:56:53 Image size of job updated: 5164172
	1304  -  MemoryUsage of job (MB)
	1335192  -  ResidentSetSize of job (KB)
...
006 (113604345.000.000) 2023-04-07 00:01:53 Image size of job updated: 5184008
	1307  -  MemoryUsage of job (MB)
	1338276  -  ResidentSetSize of job (KB)
...
006 (113604345.000.000) 2023-04-07 00:06:53 Image size of job updated: 5184008
	1308  -  MemoryUsage of job (MB)
	1338556  -  ResidentSetSize of job (KB)
...
006 (113604345.000.000) 2023-04-07 00:11:54 Image size of job updated: 5184008
	1310  -  MemoryUsage of job (MB)
	1341416  -  ResidentSetSize of job (KB)
...
006 (113604345.000.000) 2023-04-07 00:16:55 Image size of job updated: 5184008
	1312  -  MemoryUsage of job (MB)
	1343240  -  ResidentSetSize of job (KB)
...
006 (113604345.000.000) 2023-04-07 00:21:55 Image size of job updated: 5184008
	1314  -  MemoryUsage of job (MB)
	1345032  -  ResidentSetSize of job (KB)
...
006 (113604345.000.000) 2023-04-07 00:31:57 Image size of job updated: 5200556
	1318  -  MemoryUsage of job (MB)
	1348712  -  ResidentSetSize of job (KB)
...
006 (113604345.000.000) 2023-04-07 00:41:57 Image size of job updated: 5200556
	1322  -  MemoryUsage of job (MB)
	1353360  -  ResidentSetSize of job (KB)
...
006 (113604345.000.000) 2023-04-07 01:02:00 Image size of job updated: 5200556
	1327  -  MemoryUsage of job (MB)
	1358496  -  ResidentSetSize of job (KB)
...
006 (113604345.000.000) 2023-04-07 01:07:00 Image size of job updated: 5200556
	1332  -  MemoryUsage of job (MB)
	1363960  -  ResidentSetSize of job (KB)
...
006 (113604345.000.000) 2023-04-07 01:12:00 Image size of job updated: 5200556
	1335  -  MemoryUsage of job (MB)
	1366516  -  ResidentSetSize of job (KB)
...
006 (113604345.000.000) 2023-04-07 01:17:01 Image size of job updated: 5230944
	1338  -  MemoryUsage of job (MB)
	1369416  -  ResidentSetSize of job (KB)
...
006 (113604345.000.000) 2023-04-07 01:32:03 Image size of job updated: 5244396
	1338  -  MemoryUsage of job (MB)
	1369416  -  ResidentSetSize of job (KB)
...
006 (113604345.000.000) 2023-04-07 01:42:04 Image size of job updated: 5258232
	1364  -  MemoryUsage of job (MB)
	1396136  -  ResidentSetSize of job (KB)
...
006 (113604345.000.000) 2023-04-07 01:47:04 Image size of job updated: 5258232
	1365  -  MemoryUsage of job (MB)
	1396960  -  ResidentSetSize of job (KB)
...
006 (113604345.000.000) 2023-04-07 01:52:05 Image size of job updated: 5258232
	1366  -  MemoryUsage of job (MB)
	1397788  -  ResidentSetSize of job (KB)
...
006 (113604345.000.000) 2023-04-07 01:57:06 Image size of job updated: 5258232
	1372  -  MemoryUsage of job (MB)
	1404332  -  ResidentSetSize of job (KB)
...
006 (113604345.000.000) 2023-04-07 02:07:07 Image size of job updated: 5258232
	1374  -  MemoryUsage of job (MB)
	1406380  -  ResidentSetSize of job (KB)
...
006 (113604345.000.000) 2023-04-07 02:12:08 Image size of job updated: 5258232
	1378  -  MemoryUsage of job (MB)
	1410828  -  ResidentSetSize of job (KB)
...
006 (113604345.000.000) 2023-04-07 02:17:08 Image size of job updated: 5258232
	1380  -  MemoryUsage of job (MB)
	1412876  -  ResidentSetSize of job (KB)
...
006 (113604345.000.000) 2023-04-07 02:27:10 Image size of job updated: 5285468
	1382  -  MemoryUsage of job (MB)
	1414812  -  ResidentSetSize of job (KB)
...
006 (113604345.000.000) 2023-04-07 02:32:10 Image size of job updated: 5285468
	1384  -  MemoryUsage of job (MB)
	1416860  -  ResidentSetSize of job (KB)
...
006 (113604345.000.000) 2023-04-07 02:37:10 Image size of job updated: 5290884
	1387  -  MemoryUsage of job (MB)
	1420116  -  ResidentSetSize of job (KB)
...
006 (113604345.000.000) 2023-04-07 02:57:13 Image size of job updated: 5306768
	1394  -  MemoryUsage of job (MB)
	1426960  -  ResidentSetSize of job (KB)
...
006 (113604345.000.000) 2023-04-07 03:07:14 Image size of job updated: 5306768
	1396  -  MemoryUsage of job (MB)
	1428656  -  ResidentSetSize of job (KB)
...
006 (113604345.000.000) 2023-04-07 03:12:14 Image size of job updated: 5313064
	1398  -  MemoryUsage of job (MB)
	1431144  -  ResidentSetSize of job (KB)
...
006 (113604345.000.000) 2023-04-07 03:22:15 Image size of job updated: 5316088
	1398  -  MemoryUsage of job (MB)
	1431144  -  ResidentSetSize of job (KB)
...
006 (113604345.000.000) 2023-04-07 03:37:17 Image size of job updated: 5320584
	1406  -  MemoryUsage of job (MB)
	1439252  -  ResidentSetSize of job (KB)
...
006 (113604345.000.000) 2023-04-07 03:42:17 Image size of job updated: 5320584
	1408  -  MemoryUsage of job (MB)
	1441300  -  ResidentSetSize of job (KB)
...
006 (113604345.000.000) 2023-04-07 03:52:19 Image size of job updated: 5325352
	1409  -  MemoryUsage of job (MB)
	1442408  -  ResidentSetSize of job (KB)
...
006 (113604345.000.000) 2023-04-07 04:12:20 Image size of job updated: 5329088
	1415  -  MemoryUsage of job (MB)
	1447952  -  ResidentSetSize of job (KB)
...
006 (113604345.000.000) 2023-04-07 04:22:21 Image size of job updated: 5350076
	1415  -  MemoryUsage of job (MB)
	1447952  -  ResidentSetSize of job (KB)
...
006 (113604345.000.000) 2023-04-07 04:42:24 Image size of job updated: 5350076
	1430  -  MemoryUsage of job (MB)
	1463932  -  ResidentSetSize of job (KB)
...
006 (113604345.000.000) 2023-04-07 04:52:24 Image size of job updated: 5361784
	1435  -  MemoryUsage of job (MB)
	1469292  -  ResidentSetSize of job (KB)
...
006 (113604345.000.000) 2023-04-07 05:07:25 Image size of job updated: 5361784
	1440  -  MemoryUsage of job (MB)
	1473932  -  ResidentSetSize of job (KB)
...
006 (113604345.000.000) 2023-04-07 05:12:26 Image size of job updated: 5361784
	1440  -  MemoryUsage of job (MB)
	1474056  -  ResidentSetSize of job (KB)
...
006 (113604345.000.000) 2023-04-07 05:17:27 Image size of job updated: 5361784
	1445  -  MemoryUsage of job (MB)
	1479580  -  ResidentSetSize of job (KB)
...
006 (113604345.000.000) 2023-04-07 05:22:27 Image size of job updated: 5361784
	1446  -  MemoryUsage of job (MB)
	1480012  -  ResidentSetSize of job (KB)
...
006 (113604345.000.000) 2023-04-07 05:32:29 Image size of job updated: 5391148
	1448  -  MemoryUsage of job (MB)
	1482336  -  ResidentSetSize of job (KB)
...
006 (113604345.000.000) 2023-04-07 05:47:30 Image size of job updated: 5391148
	1454  -  MemoryUsage of job (MB)
	1487960  -  ResidentSetSize of job (KB)
...
006 (113604345.000.000) 2023-04-07 05:52:31 Image size of job updated: 5391148
	1458  -  MemoryUsage of job (MB)
	1492276  -  ResidentSetSize of job (KB)
...
006 (113604345.000.000) 2023-04-07 05:57:31 Image size of job updated: 5391148
	1474  -  MemoryUsage of job (MB)
	1508908  -  ResidentSetSize of job (KB)
...
006 (113604345.000.000) 2023-04-07 06:02:32 Image size of job updated: 5391148
	1476  -  MemoryUsage of job (MB)
	1510956  -  ResidentSetSize of job (KB)
...
006 (113604345.000.000) 2023-04-07 06:17:33 Image size of job updated: 5391148
	1477  -  MemoryUsage of job (MB)
	1512116  -  ResidentSetSize of job (KB)
...
006 (113604345.000.000) 2023-04-07 06:22:34 Image size of job updated: 5391148
	1480  -  MemoryUsage of job (MB)
	1514644  -  ResidentSetSize of job (KB)
...
006 (113604345.000.000) 2023-04-07 06:42:36 Image size of job updated: 5391148
	1493  -  MemoryUsage of job (MB)
	1528184  -  ResidentSetSize of job (KB)
...
006 (113604345.000.000) 2023-04-07 06:52:36 Image size of job updated: 5391148
	1494  -  MemoryUsage of job (MB)
	1529728  -  ResidentSetSize of job (KB)
...
006 (113604345.000.000) 2023-04-07 06:57:37 Image size of job updated: 5458212
	1500  -  MemoryUsage of job (MB)
	1535336  -  ResidentSetSize of job (KB)
...
006 (113604345.000.000) 2023-04-07 07:07:38 Image size of job updated: 5458212
	1501  -  MemoryUsage of job (MB)
	1536180  -  ResidentSetSize of job (KB)
...
006 (113604345.000.000) 2023-04-07 07:32:40 Image size of job updated: 5458212
	1509  -  MemoryUsage of job (MB)
	1544968  -  ResidentSetSize of job (KB)
...
006 (113604345.000.000) 2023-04-07 07:42:41 Image size of job updated: 5458212
	1643  -  MemoryUsage of job (MB)
	1681640  -  ResidentSetSize of job (KB)
...
006 (113604345.000.000) 2023-04-07 08:17:45 Image size of job updated: 5484564
	1643  -  MemoryUsage of job (MB)
	1681640  -  ResidentSetSize of job (KB)
...
006 (113604345.000.000) 2023-04-07 09:02:50 Image size of job updated: 5495068
	1643  -  MemoryUsage of job (MB)
	1681640  -  ResidentSetSize of job (KB)
...
006 (113604345.000.000) 2023-04-07 09:27:52 Image size of job updated: 5587868
	1643  -  MemoryUsage of job (MB)
	1681640  -  ResidentSetSize of job (KB)
...
006 (113604345.000.000) 2023-04-07 09:52:56 Image size of job updated: 5609508
	1643  -  MemoryUsage of job (MB)
	1681640  -  ResidentSetSize of job (KB)
...
006 (113604345.000.000) 2023-04-07 10:12:58 Image size of job updated: 5619856
	1643  -  MemoryUsage of job (MB)
	1681640  -  ResidentSetSize of job (KB)
...
006 (113604345.000.000) 2023-04-07 10:22:58 Image size of job updated: 5619856
	1653  -  MemoryUsage of job (MB)
	1692272  -  ResidentSetSize of job (KB)
...
006 (113604345.000.000) 2023-04-07 10:27:59 Image size of job updated: 5619856
	1654  -  MemoryUsage of job (MB)
	1692912  -  ResidentSetSize of job (KB)
...
006 (113604345.000.000) 2023-04-07 10:37:59 Image size of job updated: 5619856
	1656  -  MemoryUsage of job (MB)
	1695252  -  ResidentSetSize of job (KB)
...
006 (113604345.000.000) 2023-04-07 10:43:00 Image size of job updated: 5640200
	1660  -  MemoryUsage of job (MB)
	1699268  -  ResidentSetSize of job (KB)
...
006 (113604345.000.000) 2023-04-07 10:58:01 Image size of job updated: 5643984
	1663  -  MemoryUsage of job (MB)
	1702624  -  ResidentSetSize of job (KB)
...
006 (113604345.000.000) 2023-04-07 11:03:02 Image size of job updated: 5643984
	1663  -  MemoryUsage of job (MB)
	1702688  -  ResidentSetSize of job (KB)
...
006 (113604345.000.000) 2023-04-07 11:13:03 Image size of job updated: 5645672
	1665  -  MemoryUsage of job (MB)
	1704092  -  ResidentSetSize of job (KB)
...
006 (113604345.000.000) 2023-04-07 11:18:04 Image size of job updated: 5645672
	1665  -  MemoryUsage of job (MB)
	1704280  -  ResidentSetSize of job (KB)
...
006 (113604345.000.000) 2023-04-07 11:23:05 Image size of job updated: 5648504
	1665  -  MemoryUsage of job (MB)
	1704280  -  ResidentSetSize of job (KB)
...
006 (113604345.000.000) 2023-04-07 12:03:08 Image size of job updated: 5650920
	1670  -  MemoryUsage of job (MB)
	1709772  -  ResidentSetSize of job (KB)
...
006 (113604345.000.000) 2023-04-07 12:18:10 Image size of job updated: 5653416
	1670  -  MemoryUsage of job (MB)
	1709772  -  ResidentSetSize of job (KB)
...
006 (113604345.000.000) 2023-04-07 12:33:12 Image size of job updated: 5655672
	1674  -  MemoryUsage of job (MB)
	1713960  -  ResidentSetSize of job (KB)
...
006 (113604345.000.000) 2023-04-07 12:38:12 Image size of job updated: 5655672
	1674  -  MemoryUsage of job (MB)
	1714084  -  ResidentSetSize of job (KB)
...
006 (113604345.000.000) 2023-04-07 12:48:13 Image size of job updated: 5658424
	1677  -  MemoryUsage of job (MB)
	1716284  -  ResidentSetSize of job (KB)
...
006 (113604345.000.000) 2023-04-07 12:58:14 Image size of job updated: 5658424
	1677  -  MemoryUsage of job (MB)
	1716540  -  ResidentSetSize of job (KB)
...
006 (113604345.000.000) 2023-04-07 13:03:14 Image size of job updated: 5660680
	1681  -  MemoryUsage of job (MB)
	1720388  -  ResidentSetSize of job (KB)
...
006 (113604345.000.000) 2023-04-07 13:13:15 Image size of job updated: 5660680
	1681  -  MemoryUsage of job (MB)
	1720684  -  ResidentSetSize of job (KB)
...
006 (113604345.000.000) 2023-04-07 13:18:15 Image size of job updated: 5684800
	1684  -  MemoryUsage of job (MB)
	1724216  -  ResidentSetSize of job (KB)
...
006 (113604345.000.000) 2023-04-07 13:38:18 Image size of job updated: 5687816
	1688  -  MemoryUsage of job (MB)
	1727700  -  ResidentSetSize of job (KB)
...
006 (113604345.000.000) 2023-04-07 13:43:19 Image size of job updated: 5687816
	1688  -  MemoryUsage of job (MB)
	1727952  -  ResidentSetSize of job (KB)
...
006 (113604345.000.000) 2023-04-07 13:48:19 Image size of job updated: 5691488
	1689  -  MemoryUsage of job (MB)
	1729124  -  ResidentSetSize of job (KB)
...
006 (113604345.000.000) 2023-04-07 13:58:20 Image size of job updated: 5691488
	1691  -  MemoryUsage of job (MB)
	1731172  -  ResidentSetSize of job (KB)
...
006 (113604345.000.000) 2023-04-07 14:13:22 Image size of job updated: 5696404
	1697  -  MemoryUsage of job (MB)
	1736900  -  ResidentSetSize of job (KB)
...
006 (113604345.000.000) 2023-04-07 14:23:23 Image size of job updated: 5696404
	1699  -  MemoryUsage of job (MB)
	1738876  -  ResidentSetSize of job (KB)
...
006 (113604345.000.000) 2023-04-07 14:28:23 Image size of job updated: 5711972
	1711  -  MemoryUsage of job (MB)
	1751576  -  ResidentSetSize of job (KB)
...
006 (113604345.000.000) 2023-04-07 15:58:31 Image size of job updated: 5719492
	1717  -  MemoryUsage of job (MB)
	1757884  -  ResidentSetSize of job (KB)
...
006 (113604345.000.000) 2023-04-07 16:18:33 Image size of job updated: 5719492
	1720  -  MemoryUsage of job (MB)
	1761140  -  ResidentSetSize of job (KB)
...
006 (113604345.000.000) 2023-04-07 16:33:35 Image size of job updated: 5725012
	1724  -  MemoryUsage of job (MB)
	1765240  -  ResidentSetSize of job (KB)
...
004 (113604345.000.000) 2023-04-07 16:36:18 Job was evicted.
	(0) CPU times
		Usr 3 13:14:57, Sys 0 00:10:30  -  Run Remote Usage
		Usr 0 00:00:00, Sys 0 00:00:00  -  Run Local Usage
	0  -  Run Bytes Sent By Job
	366  -  Run Bytes Received By Job
	Partitionable Resources :    Usage  Request Allocated 
	   Cpus                 :     6.56        1         1 
	   Disk (KB)            :  4227      500000    609620 
	   GPUs                 :                           0 
	   Memory (MB)          :  1724       20000     20096 
...
040 (113604345.000.000) 2023-04-07 16:56:59 Started transferring input files
	Transferring to host: <10.14.3.33:9618?addrs=10.14.3.33-9618&alias=node533.cluster.ldas.cit&noUDP&sock=slot1_7_3363033_bb8e_39782>
...
040 (113604345.000.000) 2023-04-07 16:56:59 Finished transferring input files
...
001 (113604345.000.000) 2023-04-07 16:57:00 Job executing on host: <10.14.3.33:9618?addrs=10.14.3.33-9618&alias=node533.cluster.ldas.cit&noUDP&sock=startd_4295_975b>
...
004 (113604345.000.000) 2023-04-08 20:09:40 Job was evicted.
	(0) CPU times
		Usr 3 07:49:12, Sys 0 00:07:48  -  Run Remote Usage
		Usr 0 00:00:00, Sys 0 00:00:00  -  Run Local Usage
	0  -  Run Bytes Sent By Job
	366  -  Run Bytes Received By Job
	Partitionable Resources :    Usage  Request Allocated 
	   Cpus                 :     0.99        1         1 
	   Disk (KB)            :  2977      500000    609620 
	   GPUs                 :                           0 
	   Memory (MB)          :  1954       20000     20096 
...
040 (113604345.000.000) 2023-04-08 20:28:25 Started transferring input files
	Transferring to host: <10.14.10.72:9618?addrs=10.14.10.72-9618&alias=node2322.cluster.ldas.cit&noUDP&sock=slot1_17_2242598_ea74_6294>
...
040 (113604345.000.000) 2023-04-08 20:28:25 Finished transferring input files
...
001 (113604345.000.000) 2023-04-08 20:28:26 Job executing on host: <10.14.10.72:9618?addrs=10.14.10.72-9618&alias=node2322.cluster.ldas.cit&noUDP&sock=startd_2242556_7777>
...
006 (113604345.000.000) 2023-04-09 10:45:03 Image size of job updated: 7500000
	1979  -  MemoryUsage of job (MB)
	2026124  -  ResidentSetSize of job (KB)
...
006 (113604345.000.000) 2023-04-09 15:15:31 Image size of job updated: 7500000
	2023  -  MemoryUsage of job (MB)
	2071020  -  ResidentSetSize of job (KB)
...
006 (113604345.000.000) 2023-04-09 16:35:39 Image size of job updated: 7500000
	2057  -  MemoryUsage of job (MB)
	2106140  -  ResidentSetSize of job (KB)
...
004 (113604345.000.000) 2023-04-09 20:49:46 Job was evicted.
	(0) CPU times
		Usr 4 17:00:57, Sys 0 00:04:03  -  Run Remote Usage
		Usr 0 00:00:00, Sys 0 00:00:00  -  Run Local Usage
	0  -  Run Bytes Sent By Job
	366  -  Run Bytes Received By Job
	Partitionable Resources :    Usage  Request Allocated 
	   Cpus                 :     3.95        1         1 
	   Disk (KB)            :  3312      500000    624256 
	   GPUs                 :                           0 
	   Memory (MB)          :  2057       20000     20096 
...
040 (113604345.000.000) 2023-04-09 20:49:53 Started transferring input files
	Transferring to host: <10.14.9.182:9618?addrs=10.14.9.182-9618&alias=node2182.cluster.ldas.cit&noUDP&sock=slot1_8_3633177_9e77_6426>
...
040 (113604345.000.000) 2023-04-09 20:49:53 Finished transferring input files
...
001 (113604345.000.000) 2023-04-09 20:49:54 Job executing on host: <10.14.9.182:9618?addrs=10.14.9.182-9618&alias=node2182.cluster.ldas.cit&noUDP&sock=startd_3633134_4fb4>
...
004 (113604345.000.000) 2023-04-10 23:47:52 Job was evicted.
	(0) CPU times
		Usr 5 23:42:56, Sys 0 00:05:16  -  Run Remote Usage
		Usr 0 00:00:00, Sys 0 00:00:00  -  Run Local Usage
	0  -  Run Bytes Sent By Job
	366  -  Run Bytes Received By Job
	Partitionable Resources :    Usage  Request Allocated 
	   Cpus                 :     1.99        1         1 
	   Disk (KB)            :  3023      500000    609620 
	   GPUs                 :                           0 
	   Memory (MB)          :  2198       20000     20096 
...
040 (113604345.000.000) 2023-04-11 00:10:53 Started transferring input files
	Transferring to host: <10.14.4.60:9618?addrs=10.14.4.60-9618&alias=node810.cluster.ldas.cit&noUDP&sock=slot1_10_2275935_d91f_3774>
...
040 (113604345.000.000) 2023-04-11 00:10:53 Finished transferring input files
...
001 (113604345.000.000) 2023-04-11 00:10:54 Job executing on host: <10.14.4.60:9618?addrs=10.14.4.60-9618&alias=node810.cluster.ldas.cit&noUDP&sock=startd_2275893_e035>
...
004 (113604345.000.000) 2023-04-12 00:12:19 Job was evicted.
	(0) CPU times
		Usr 4 19:32:49, Sys 0 00:05:32  -  Run Remote Usage
		Usr 0 00:00:00, Sys 0 00:00:00  -  Run Local Usage
	0  -  Run Bytes Sent By Job
	366  -  Run Bytes Received By Job
	Partitionable Resources :    Usage  Request Allocated 
	   Cpus                 :     7.96        1         1 
	   Disk (KB)            :  2929      500000    624256 
	   GPUs                 :                           0 
	   Memory (MB)          :  2198       20000     20096 
...
040 (113604345.000.000) 2023-04-12 00:16:32 Started transferring input files
	Transferring to host: <10.14.3.249:9618?addrs=10.14.3.249-9618&alias=node749.cluster.ldas.cit&noUDP&sock=slot1_4_3922478_584b_17415>
...
040 (113604345.000.000) 2023-04-12 00:16:32 Finished transferring input files
...
001 (113604345.000.000) 2023-04-12 00:16:33 Job executing on host: <10.14.3.249:9618?addrs=10.14.3.249-9618&alias=node749.cluster.ldas.cit&noUDP&sock=startd_3922439_7a5d>
...
004 (113604345.000.000) 2023-04-13 00:31:49 Job was evicted.
	(0) CPU times
		Usr 3 13:46:26, Sys 0 00:08:36  -  Run Remote Usage
		Usr 0 00:00:00, Sys 0 00:00:00  -  Run Local Usage
	0  -  Run Bytes Sent By Job
	366  -  Run Bytes Received By Job
	Partitionable Resources :    Usage  Request Allocated 
	   Cpus                 :     4.43        1         1 
	   Disk (KB)            :  2811      500000    609620 
	   GPUs                 :                           0 
	   Memory (MB)          :  2198       20000     20096 
...
040 (113604345.000.000) 2023-04-13 00:37:08 Started transferring input files
	Transferring to host: <10.14.10.131:9618?addrs=10.14.10.131-9618&alias=node2381.cluster.ldas.cit&noUDP&sock=slot1_4_862170_82ad_35363>
...
040 (113604345.000.000) 2023-04-13 00:37:08 Finished transferring input files
...
001 (113604345.000.000) 2023-04-13 00:37:09 Job executing on host: <10.14.10.131:9618?addrs=10.14.10.131-9618&alias=node2381.cluster.ldas.cit&noUDP&sock=startd_4229_521a>
...
006 (113604345.000.000) 2023-04-13 20:54:25 Image size of job updated: 7500000
	2277  -  MemoryUsage of job (MB)
	2330712  -  ResidentSetSize of job (KB)
...
006 (113604345.000.000) 2023-04-13 21:14:26 Image size of job updated: 7500000
	2282  -  MemoryUsage of job (MB)
	2336632  -  ResidentSetSize of job (KB)
...
004 (113604345.000.000) 2023-04-14 00:44:07 Job was evicted.
	(0) CPU times
		Usr 3 03:23:29, Sys 0 00:03:29  -  Run Remote Usage
		Usr 0 00:00:00, Sys 0 00:00:00  -  Run Local Usage
	0  -  Run Bytes Sent By Job
	366  -  Run Bytes Received By Job
	Partitionable Resources :    Usage  Request Allocated 
	   Cpus                 :     7.95        1         1 
	   Disk (KB)            :  2882      500000    624256 
	   GPUs                 :                           0 
	   Memory (MB)          :  2282       20000     20096 
...
040 (113604345.000.000) 2023-04-14 01:03:06 Started transferring input files
	Transferring to host: <10.14.10.103:9618?addrs=10.14.10.103-9618&alias=node2353.cluster.ldas.cit&noUDP&sock=slot1_10_43954_51b4_17334>
...
040 (113604345.000.000) 2023-04-14 01:03:06 Finished transferring input files
...
001 (113604345.000.000) 2023-04-14 01:03:07 Job executing on host: <10.14.10.103:9618?addrs=10.14.10.103-9618&alias=node2353.cluster.ldas.cit&noUDP&sock=startd_43913_3e73>
...
006 (113604345.000.000) 2023-04-14 04:43:40 Image size of job updated: 7500000
	2458  -  MemoryUsage of job (MB)
	2516092  -  ResidentSetSize of job (KB)
...
006 (113604345.000.000) 2023-04-14 16:54:56 Image size of job updated: 7500000
	2738  -  MemoryUsage of job (MB)
	2803268  -  ResidentSetSize of job (KB)
...
006 (113604345.000.000) 2023-04-15 01:15:50 Image size of job updated: 7500000
	2869  -  MemoryUsage of job (MB)
	2937200  -  ResidentSetSize of job (KB)
...
004 (113604345.000.000) 2023-04-15 01:19:46 Job was evicted.
	(0) CPU times
		Usr 3 11:37:59, Sys 0 00:03:03  -  Run Remote Usage
		Usr 0 00:00:00, Sys 0 00:00:00  -  Run Local Usage
	0  -  Run Bytes Sent By Job
	366  -  Run Bytes Received By Job
	Partitionable Resources :    Usage  Request Allocated 
	   Cpus                 :     7.92        1         1 
	   Disk (KB)            :  3211      500000    624256 
	   GPUs                 :                           0 
	   Memory (MB)          :  2869       20000     20096 
...
040 (113604345.000.000) 2023-04-15 01:24:14 Started transferring input files
	Transferring to host: <10.14.4.8:9618?addrs=10.14.4.8-9618&alias=node758.cluster.ldas.cit&noUDP&sock=slot1_19_1395218_0c59_14638>
...
040 (113604345.000.000) 2023-04-15 01:24:14 Finished transferring input files
...
001 (113604345.000.000) 2023-04-15 01:24:15 Job executing on host: <10.14.4.8:9618?addrs=10.14.4.8-9618&alias=node758.cluster.ldas.cit&noUDP&sock=startd_1395180_032b>
...
006 (113604345.000.000) 2023-04-15 18:21:06 Image size of job updated: 21281368
	2930  -  MemoryUsage of job (MB)
	3000000  -  ResidentSetSize of job (KB)
...
040 (113604345.000.000) 2023-04-15 18:41:14 Started transferring output files
...
040 (113604345.000.000) 2023-04-15 18:41:14 Finished transferring output files
...
005 (113604345.000.000) 2023-04-15 18:41:14 Job terminated.
	(1) Normal termination (return value 0)
		Usr 1 20:13:30, Sys 0 00:03:31  -  Run Remote Usage
		Usr 0 00:00:00, Sys 0 00:00:00  -  Run Local Usage
		Usr 34 10:22:15, Sys 0 00:51:48  -  Total Remote Usage
		Usr 0 00:00:00, Sys 0 00:00:00  -  Total Local Usage
	3001494  -  Run Bytes Sent By Job
	366  -  Run Bytes Received By Job
	3001494  -  Total Bytes Sent By Job
	3294  -  Total Bytes Received By Job
	Partitionable Resources :    Usage  Request Allocated 
	   Cpus                 :     0.50        1         1 
	   Disk (KB)            :  2954      500000    609620 
	   GPUs                 :                           0 
	   Memory (MB)          :  2930       20000     20096 

	Job terminated of its own accord at 2023-04-16T01:41:14Z with exit-code 0.
...
