14:13 bilby INFO    : Waveform generator initiated with
  frequency_domain_source_model: bilby.gw.source.lal_binary_black_hole
  time_domain_source_model: None
  parameter_conversion: bilby.gw.conversion.convert_to_lal_binary_black_hole_parameters
14:13 bilby INFO    : Injected signal in H1:
14:13 bilby INFO    :   optimal SNR = 9.87
14:13 bilby INFO    :   matched filter SNR = 10.19+0.50j
14:13 bilby INFO    :   mass_1 = 134.61973260294985
14:13 bilby INFO    :   mass_2 = 94.19007068759711
14:13 bilby INFO    :   a_1 = 0.08100327986483292
14:13 bilby INFO    :   a_2 = 0.014505660645087752
14:13 bilby INFO    :   tilt_1 = 1.598822806682313
14:13 bilby INFO    :   tilt_2 = 2.4237398763079017
14:13 bilby INFO    :   phi_12 = 2.5029778194128083
14:13 bilby INFO    :   phi_jl = 0.5181060164008943
14:13 bilby INFO    :   luminosity_distance = 3134.7501098127
14:13 bilby INFO    :   theta_jn = 0.6579823790283993
14:13 bilby INFO    :   psi = 5.6980210122
14:13 bilby INFO    :   phase = 1.2509365876
14:13 bilby INFO    :   geocent_time = 1126259642.413
14:13 bilby INFO    :   ra = 0.6244187162
14:13 bilby INFO    :   dec = 3.2733654664
14:13 bilby INFO    : Injected signal in L1:
14:13 bilby INFO    :   optimal SNR = 14.92
14:13 bilby INFO    :   matched filter SNR = 15.24-0.34j
14:13 bilby INFO    :   mass_1 = 134.61973260294985
14:13 bilby INFO    :   mass_2 = 94.19007068759711
14:13 bilby INFO    :   a_1 = 0.08100327986483292
14:13 bilby INFO    :   a_2 = 0.014505660645087752
14:13 bilby INFO    :   tilt_1 = 1.598822806682313
14:13 bilby INFO    :   tilt_2 = 2.4237398763079017
14:13 bilby INFO    :   phi_12 = 2.5029778194128083
14:13 bilby INFO    :   phi_jl = 0.5181060164008943
14:13 bilby INFO    :   luminosity_distance = 3134.7501098127
14:13 bilby INFO    :   theta_jn = 0.6579823790283993
14:13 bilby INFO    :   psi = 5.6980210122
14:13 bilby INFO    :   phase = 1.2509365876
14:13 bilby INFO    :   geocent_time = 1126259642.413
14:13 bilby INFO    :   ra = 0.6244187162
14:13 bilby INFO    :   dec = 3.2733654664
14:13 bilby INFO    : Injected signal in V1:
14:13 bilby INFO    :   optimal SNR = 3.48
14:13 bilby INFO    :   matched filter SNR = 1.80-1.11j
14:13 bilby INFO    :   mass_1 = 134.61973260294985
14:13 bilby INFO    :   mass_2 = 94.19007068759711
14:13 bilby INFO    :   a_1 = 0.08100327986483292
14:13 bilby INFO    :   a_2 = 0.014505660645087752
14:13 bilby INFO    :   tilt_1 = 1.598822806682313
14:13 bilby INFO    :   tilt_2 = 2.4237398763079017
14:13 bilby INFO    :   phi_12 = 2.5029778194128083
14:13 bilby INFO    :   phi_jl = 0.5181060164008943
14:13 bilby INFO    :   luminosity_distance = 3134.7501098127
14:13 bilby INFO    :   theta_jn = 0.6579823790283993
14:13 bilby INFO    :   psi = 5.6980210122
14:13 bilby INFO    :   phase = 1.2509365876
14:13 bilby INFO    :   geocent_time = 1126259642.413
14:13 bilby INFO    :   ra = 0.6244187162
14:13 bilby INFO    :   dec = 3.2733654664
14:13 bilby INFO    : Running for label 'job_00567_justSpin', output will be saved to '/home/simona.miller/comp-spin-mock-injections/Data/IndividualInferenceOutput/new_bilby/population2_mediumSpin_highmass'
14:13 bilby INFO    : Using lal version 7.3.0
14:13 bilby INFO    : Using lal git version Branch: None;Tag: lalsuite-v7.13;Id: ec1fcb1d2d1dab69321fdb8f0afef1f867b11e06;;Builder: Unknown User <>;Repository status: UNCLEAN: Modified working tree
14:13 bilby INFO    : Using lalsimulation version 5.0.0
14:13 bilby INFO    : Using lalsimulation git version Branch: None;Tag: lalsuite-v7.13;Id: ec1fcb1d2d1dab69321fdb8f0afef1f867b11e06;;Builder: Unknown User <>;Repository status: UNCLEAN: Modified working tree
14:13 bilby INFO    : Analysis priors:
14:13 bilby INFO    : a_1=Uniform(minimum=0, maximum=0.99, name='a_1', latex_label='$a_1$', unit=None, boundary=None)
14:13 bilby INFO    : a_2=Uniform(minimum=0, maximum=0.99, name='a_2', latex_label='$a_2$', unit=None, boundary=None)
14:13 bilby INFO    : tilt_1=Sine(minimum=0, maximum=3.141592653589793, name='tilt_1', latex_label='$\\theta_1$', unit=None, boundary=None)
14:13 bilby INFO    : tilt_2=Sine(minimum=0, maximum=3.141592653589793, name='tilt_2', latex_label='$\\theta_2$', unit=None, boundary=None)
14:13 bilby INFO    : ra=0.6244187162
14:13 bilby INFO    : dec=3.2733654664
14:13 bilby INFO    : geocent_time=1126259642.413
14:13 bilby INFO    : phase=1.2509365876
14:13 bilby INFO    : psi=5.6980210122
14:13 bilby INFO    : luminosity_distance=3134.7501098127
14:13 bilby INFO    : theta_jn=0.6579823790283993
14:13 bilby INFO    : mass_1=134.61973260294985
14:13 bilby INFO    : mass_2=94.19007068759711
14:13 bilby INFO    : phi_12=2.5029778194128083
14:13 bilby INFO    : phi_jl=0.5181060164008943
14:13 bilby INFO    : Analysis likelihood class: <class 'bilby.gw.likelihood.base.GravitationalWaveTransient'>
14:13 bilby INFO    : Analysis likelihood noise evidence: -24397.926181642953
14:13 bilby INFO    : Single likelihood evaluation took 1.510e-02 s
14:13 bilby INFO    : Using sampler Dynesty with kwargs {'nlive': 2000, 'bound': 'live', 'sample': 'act-walk', 'periodic': None, 'reflective': None, 'update_interval': 600, 'first_update': None, 'npdim': None, 'rstate': None, 'queue_size': 8, 'pool': None, 'use_pool': None, 'live_points': None, 'logl_args': None, 'logl_kwargs': None, 'ptform_args': None, 'ptform_kwargs': None, 'gradient': None, 'grad_args': None, 'grad_kwargs': None, 'compute_jac': False, 'enlarge': None, 'bootstrap': None, 'walks': 100, 'facc': 0.2, 'slices': None, 'fmove': 0.9, 'max_move': 100, 'update_func': None, 'ncdim': None, 'blob': False, 'save_history': False, 'history_filename': None, 'maxiter': None, 'maxcall': None, 'dlogz': 0.1, 'logl_max': inf, 'n_effective': None, 'add_live': True, 'print_progress': True, 'print_func': <bound method Dynesty._print_func of <bilby.core.sampler.dynesty.Dynesty object at 0x14a2de831f10>>, 'save_bounds': False, 'checkpoint_file': None, 'checkpoint_every': 60, 'resume': False}
14:13 bilby INFO    : Checkpoint every check_point_delta_t = 600s
14:13 bilby INFO    : Using dynesty version 2.1.0
14:13 bilby INFO    : Using the bilby-implemented rwalk sampling tracking the autocorrelation function and thinning by 5 with maximum length 25000
14:13 bilby INFO    : Setting up multiproccesing pool with 8 processes
14:13 bilby INFO    : Resume file /home/simona.miller/comp-spin-mock-injections/Data/IndividualInferenceOutput/new_bilby/population2_mediumSpin_highmass/job_00567_justSpin_resume.pickle does not exist.
14:13 bilby INFO    : Generating initial points from the prior
14:25 bilby INFO    : Written checkpoint file /home/simona.miller/comp-spin-mock-injections/Data/IndividualInferenceOutput/new_bilby/population2_mediumSpin_highmass/job_00567_justSpin_resume.pickle
14:35 bilby INFO    : Written checkpoint file /home/simona.miller/comp-spin-mock-injections/Data/IndividualInferenceOutput/new_bilby/population2_mediumSpin_highmass/job_00567_justSpin_resume.pickle
14:45 bilby INFO    : Written checkpoint file /home/simona.miller/comp-spin-mock-injections/Data/IndividualInferenceOutput/new_bilby/population2_mediumSpin_highmass/job_00567_justSpin_resume.pickle
14:57 bilby INFO    : Written checkpoint file /home/simona.miller/comp-spin-mock-injections/Data/IndividualInferenceOutput/new_bilby/population2_mediumSpin_highmass/job_00567_justSpin_resume.pickle
15:07 bilby INFO    : Written checkpoint file /home/simona.miller/comp-spin-mock-injections/Data/IndividualInferenceOutput/new_bilby/population2_mediumSpin_highmass/job_00567_justSpin_resume.pickle
15:20 bilby INFO    : Written checkpoint file /home/simona.miller/comp-spin-mock-injections/Data/IndividualInferenceOutput/new_bilby/population2_mediumSpin_highmass/job_00567_justSpin_resume.pickle
15:31 bilby INFO    : Written checkpoint file /home/simona.miller/comp-spin-mock-injections/Data/IndividualInferenceOutput/new_bilby/population2_mediumSpin_highmass/job_00567_justSpin_resume.pickle
15:42 bilby INFO    : Written checkpoint file /home/simona.miller/comp-spin-mock-injections/Data/IndividualInferenceOutput/new_bilby/population2_mediumSpin_highmass/job_00567_justSpin_resume.pickle
15:45 bilby INFO    : Written checkpoint file /home/simona.miller/comp-spin-mock-injections/Data/IndividualInferenceOutput/new_bilby/population2_mediumSpin_highmass/job_00567_justSpin_resume.pickle
15:45 bilby INFO    : Starting to close worker pool.
15:45 bilby INFO    : Finished closing worker pool.
15:45 bilby INFO    : Rejection sampling nested samples to obtain 5022 posterior samples
15:45 bilby INFO    : Sampling time: 1:31:13.321162
15:45 bilby INFO    : Computing per-detector log likelihoods.
15:45 bilby INFO    : Using a pool with size 8 for nsamples=5022
15:46 bilby INFO    : Generating sky frame parameters.
15:46 bilby INFO    : Computing SNRs for every sample.
15:46 bilby INFO    : Using a pool with size 8 for nsamples=5022
15:47 bilby INFO    : Summary of results:
nsamples: 5022
ln_noise_evidence: -24397.926
ln_evidence: -24231.578 +/-  0.040
ln_bayes_factor: 166.348 +/-  0.040

