000 (113449641.000.000) 2023-03-29 17:01:31 Job submitted from host: <10.14.0.160:9618?addrs=10.14.0.160-9618&alias=ldas-pcdev2.ligo.caltech.edu&noUDP&sock=schedd_7450_a8a7>
    DAG Node: 957
...
040 (113449641.000.000) 2023-03-29 17:36:16 Started transferring input files
	Transferring to host: <10.14.9.194:9618?addrs=10.14.9.194-9618&alias=node2194.cluster.ldas.cit&noUDP&sock=slot1_2_189911_3ac4_88704>
...
040 (113449641.000.000) 2023-03-29 17:36:16 Finished transferring input files
...
001 (113449641.000.000) 2023-03-29 17:36:17 Job executing on host: <10.14.9.194:9618?addrs=10.14.9.194-9618&alias=node2194.cluster.ldas.cit&noUDP&sock=startd_189641_87e3>
...
006 (113449641.000.000) 2023-03-29 17:36:17 Image size of job updated: 1
	0  -  MemoryUsage of job (MB)
	0  -  ResidentSetSize of job (KB)
...
040 (113449641.000.000) 2023-03-29 17:36:17 Started transferring output files
...
040 (113449641.000.000) 2023-03-29 17:36:17 Finished transferring output files
...
005 (113449641.000.000) 2023-03-29 17:36:17 Job terminated.
	(1) Normal termination (return value 127)
		Usr 0 00:00:00, Sys 0 00:00:00  -  Run Remote Usage
		Usr 0 00:00:00, Sys 0 00:00:00  -  Run Local Usage
		Usr 0 00:00:00, Sys 0 00:00:00  -  Total Remote Usage
		Usr 0 00:00:00, Sys 0 00:00:00  -  Total Local Usage
	407  -  Run Bytes Sent By Job
	366  -  Run Bytes Received By Job
	407  -  Total Bytes Sent By Job
	366  -  Total Bytes Received By Job
	Partitionable Resources :    Usage  Request Allocated 
	   Cpus                 :                 1         1 
	   Disk (KB)            :       14   500000    561711 
	   GPUs                 :                           0 
	   Memory (MB)          :        0    20000     20096 

	Job terminated of its own accord at 2023-03-30T00:36:17Z with exit-code 127.
...
000 (113484815.000.000) 2023-04-01 14:23:47 Job submitted from host: <10.14.0.160:9618?addrs=10.14.0.160-9618&alias=ldas-pcdev2.ligo.caltech.edu&noUDP&sock=schedd_7450_a8a7>
    DAG Node: 957
...
040 (113484815.000.000) 2023-04-01 14:27:23 Started transferring input files
	Transferring to host: <10.14.9.194:9618?addrs=10.14.9.194-9618&alias=node2194.cluster.ldas.cit&noUDP&sock=slot1_2_189911_3ac4_109015>
...
040 (113484815.000.000) 2023-04-01 14:27:23 Finished transferring input files
...
001 (113484815.000.000) 2023-04-01 14:27:24 Job executing on host: <10.14.9.194:9618?addrs=10.14.9.194-9618&alias=node2194.cluster.ldas.cit&noUDP&sock=startd_189641_87e3>
...
006 (113484815.000.000) 2023-04-01 14:27:24 Image size of job updated: 1
	0  -  MemoryUsage of job (MB)
	0  -  ResidentSetSize of job (KB)
...
040 (113484815.000.000) 2023-04-01 14:27:24 Started transferring output files
...
040 (113484815.000.000) 2023-04-01 14:27:24 Finished transferring output files
...
005 (113484815.000.000) 2023-04-01 14:27:24 Job terminated.
	(1) Normal termination (return value 127)
		Usr 0 00:00:00, Sys 0 00:00:00  -  Run Remote Usage
		Usr 0 00:00:00, Sys 0 00:00:00  -  Run Local Usage
		Usr 0 00:00:00, Sys 0 00:00:00  -  Total Remote Usage
		Usr 0 00:00:00, Sys 0 00:00:00  -  Total Local Usage
	411  -  Run Bytes Sent By Job
	366  -  Run Bytes Received By Job
	411  -  Total Bytes Sent By Job
	366  -  Total Bytes Received By Job
	Partitionable Resources :    Usage  Request Allocated 
	   Cpus                 :                 1         1 
	   Disk (KB)            :       14   500000    561711 
	   GPUs                 :                           0 
	   Memory (MB)          :        0    20000     20096 

	Job terminated of its own accord at 2023-04-01T21:27:24Z with exit-code 127.
...
000 (113485019.000.000) 2023-04-01 14:53:02 Job submitted from host: <10.14.0.160:9618?addrs=10.14.0.160-9618&alias=ldas-pcdev2.ligo.caltech.edu&noUDP&sock=schedd_7450_a8a7>
    DAG Node: 957
...
040 (113485019.000.000) 2023-04-01 14:53:53 Started transferring input files
	Transferring to host: <10.14.4.31:9618?addrs=10.14.4.31-9618&alias=node781.cluster.ldas.cit&noUDP&sock=slot1_8_1911649_6802_20419>
...
040 (113485019.000.000) 2023-04-01 14:53:53 Finished transferring input files
...
001 (113485019.000.000) 2023-04-01 14:53:54 Job executing on host: <10.14.4.31:9618?addrs=10.14.4.31-9618&alias=node781.cluster.ldas.cit&noUDP&sock=startd_1911613_1867>
...
006 (113485019.000.000) 2023-04-01 14:54:03 Image size of job updated: 194552
	190  -  MemoryUsage of job (MB)
	194444  -  ResidentSetSize of job (KB)
...
006 (113485019.000.000) 2023-04-01 14:59:04 Image size of job updated: 5075544
	190  -  MemoryUsage of job (MB)
	194444  -  ResidentSetSize of job (KB)
...
006 (113485019.000.000) 2023-04-01 15:09:05 Image size of job updated: 5075544
	366  -  MemoryUsage of job (MB)
	373844  -  ResidentSetSize of job (KB)
...
006 (113485019.000.000) 2023-04-01 15:14:06 Image size of job updated: 5075544
	370  -  MemoryUsage of job (MB)
	378480  -  ResidentSetSize of job (KB)
...
006 (113485019.000.000) 2023-04-01 15:19:07 Image size of job updated: 5075544
	482  -  MemoryUsage of job (MB)
	493216  -  ResidentSetSize of job (KB)
...
006 (113485019.000.000) 2023-04-01 15:24:07 Image size of job updated: 5075544
	484  -  MemoryUsage of job (MB)
	494680  -  ResidentSetSize of job (KB)
...
006 (113485019.000.000) 2023-04-01 15:29:08 Image size of job updated: 5075544
	501  -  MemoryUsage of job (MB)
	512292  -  ResidentSetSize of job (KB)
...
006 (113485019.000.000) 2023-04-01 15:34:09 Image size of job updated: 5075544
	504  -  MemoryUsage of job (MB)
	515220  -  ResidentSetSize of job (KB)
...
006 (113485019.000.000) 2023-04-01 15:39:09 Image size of job updated: 5075544
	525  -  MemoryUsage of job (MB)
	536636  -  ResidentSetSize of job (KB)
...
006 (113485019.000.000) 2023-04-01 15:44:10 Image size of job updated: 5075544
	559  -  MemoryUsage of job (MB)
	571880  -  ResidentSetSize of job (KB)
...
006 (113485019.000.000) 2023-04-01 15:49:11 Image size of job updated: 5075544
	735  -  MemoryUsage of job (MB)
	752488  -  ResidentSetSize of job (KB)
...
006 (113485019.000.000) 2023-04-01 15:54:11 Image size of job updated: 5075544
	867  -  MemoryUsage of job (MB)
	886904  -  ResidentSetSize of job (KB)
...
006 (113485019.000.000) 2023-04-01 15:59:12 Image size of job updated: 5075544
	881  -  MemoryUsage of job (MB)
	902052  -  ResidentSetSize of job (KB)
...
006 (113485019.000.000) 2023-04-01 16:04:13 Image size of job updated: 5075544
	884  -  MemoryUsage of job (MB)
	905092  -  ResidentSetSize of job (KB)
...
006 (113485019.000.000) 2023-04-01 16:09:13 Image size of job updated: 5105672
	906  -  MemoryUsage of job (MB)
	926816  -  ResidentSetSize of job (KB)
...
006 (113485019.000.000) 2023-04-01 16:14:14 Image size of job updated: 5105672
	907  -  MemoryUsage of job (MB)
	927764  -  ResidentSetSize of job (KB)
...
006 (113485019.000.000) 2023-04-01 16:19:15 Image size of job updated: 5124760
	937  -  MemoryUsage of job (MB)
	958556  -  ResidentSetSize of job (KB)
...
006 (113485019.000.000) 2023-04-01 16:24:15 Image size of job updated: 5132028
	937  -  MemoryUsage of job (MB)
	958556  -  ResidentSetSize of job (KB)
...
006 (113485019.000.000) 2023-04-01 16:29:16 Image size of job updated: 5132028
	940  -  MemoryUsage of job (MB)
	961668  -  ResidentSetSize of job (KB)
...
006 (113485019.000.000) 2023-04-01 16:34:17 Image size of job updated: 5132028
	943  -  MemoryUsage of job (MB)
	964764  -  ResidentSetSize of job (KB)
...
006 (113485019.000.000) 2023-04-01 16:39:17 Image size of job updated: 5158844
	970  -  MemoryUsage of job (MB)
	992372  -  ResidentSetSize of job (KB)
...
006 (113485019.000.000) 2023-04-01 16:44:18 Image size of job updated: 5163860
	992  -  MemoryUsage of job (MB)
	1015620  -  ResidentSetSize of job (KB)
...
006 (113485019.000.000) 2023-04-01 16:49:19 Image size of job updated: 5164712
	1010  -  MemoryUsage of job (MB)
	1033732  -  ResidentSetSize of job (KB)
...
006 (113485019.000.000) 2023-04-01 16:54:19 Image size of job updated: 5180040
	1025  -  MemoryUsage of job (MB)
	1049544  -  ResidentSetSize of job (KB)
...
006 (113485019.000.000) 2023-04-01 17:04:21 Image size of job updated: 5201304
	1084  -  MemoryUsage of job (MB)
	1109704  -  ResidentSetSize of job (KB)
...
006 (113485019.000.000) 2023-04-01 17:14:22 Image size of job updated: 5216048
	1132  -  MemoryUsage of job (MB)
	1158448  -  ResidentSetSize of job (KB)
...
006 (113485019.000.000) 2023-04-01 17:19:23 Image size of job updated: 5216048
	1149  -  MemoryUsage of job (MB)
	1175664  -  ResidentSetSize of job (KB)
...
006 (113485019.000.000) 2023-04-01 17:24:23 Image size of job updated: 5223412
	1156  -  MemoryUsage of job (MB)
	1183400  -  ResidentSetSize of job (KB)
...
006 (113485019.000.000) 2023-04-01 17:29:24 Image size of job updated: 5227616
	1160  -  MemoryUsage of job (MB)
	1187788  -  ResidentSetSize of job (KB)
...
006 (113485019.000.000) 2023-04-01 17:34:25 Image size of job updated: 5236032
	1168  -  MemoryUsage of job (MB)
	1195840  -  ResidentSetSize of job (KB)
...
006 (113485019.000.000) 2023-04-01 17:39:25 Image size of job updated: 5236800
	1169  -  MemoryUsage of job (MB)
	1196896  -  ResidentSetSize of job (KB)
...
006 (113485019.000.000) 2023-04-01 17:44:26 Image size of job updated: 5242176
	1169  -  MemoryUsage of job (MB)
	1196896  -  ResidentSetSize of job (KB)
...
006 (113485019.000.000) 2023-04-01 17:59:28 Image size of job updated: 5252672
	1169  -  MemoryUsage of job (MB)
	1196896  -  ResidentSetSize of job (KB)
...
006 (113485019.000.000) 2023-04-01 19:09:37 Image size of job updated: 5268132
	1169  -  MemoryUsage of job (MB)
	1196896  -  ResidentSetSize of job (KB)
...
006 (113485019.000.000) 2023-04-01 19:34:40 Image size of job updated: 5301288
	1229  -  MemoryUsage of job (MB)
	1258124  -  ResidentSetSize of job (KB)
...
006 (113485019.000.000) 2023-04-01 19:44:40 Image size of job updated: 5304636
	1234  -  MemoryUsage of job (MB)
	1263536  -  ResidentSetSize of job (KB)
...
006 (113485019.000.000) 2023-04-01 19:54:41 Image size of job updated: 5316960
	1247  -  MemoryUsage of job (MB)
	1275968  -  ResidentSetSize of job (KB)
...
006 (113485019.000.000) 2023-04-01 19:59:41 Image size of job updated: 5316960
	1247  -  MemoryUsage of job (MB)
	1276156  -  ResidentSetSize of job (KB)
...
006 (113485019.000.000) 2023-04-01 20:04:42 Image size of job updated: 5317896
	1249  -  MemoryUsage of job (MB)
	1278052  -  ResidentSetSize of job (KB)
...
006 (113485019.000.000) 2023-04-01 20:09:42 Image size of job updated: 5324428
	1251  -  MemoryUsage of job (MB)
	1280616  -  ResidentSetSize of job (KB)
...
006 (113485019.000.000) 2023-04-01 20:14:42 Image size of job updated: 5339724
	1251  -  MemoryUsage of job (MB)
	1280616  -  ResidentSetSize of job (KB)
...
006 (113485019.000.000) 2023-04-01 20:24:44 Image size of job updated: 5340992
	1260  -  MemoryUsage of job (MB)
	1289808  -  ResidentSetSize of job (KB)
...
006 (113485019.000.000) 2023-04-01 20:29:44 Image size of job updated: 5389112
	1260  -  MemoryUsage of job (MB)
	1289808  -  ResidentSetSize of job (KB)
...
006 (113485019.000.000) 2023-04-01 20:34:46 Image size of job updated: 5389112
	1264  -  MemoryUsage of job (MB)
	1293404  -  ResidentSetSize of job (KB)
...
006 (113485019.000.000) 2023-04-01 20:39:46 Image size of job updated: 5389112
	1266  -  MemoryUsage of job (MB)
	1296224  -  ResidentSetSize of job (KB)
...
006 (113485019.000.000) 2023-04-01 20:44:46 Image size of job updated: 5389112
	1272  -  MemoryUsage of job (MB)
	1302372  -  ResidentSetSize of job (KB)
...
006 (113485019.000.000) 2023-04-01 20:49:47 Image size of job updated: 5389112
	1275  -  MemoryUsage of job (MB)
	1304588  -  ResidentSetSize of job (KB)
...
006 (113485019.000.000) 2023-04-01 20:54:48 Image size of job updated: 5389112
	1277  -  MemoryUsage of job (MB)
	1307240  -  ResidentSetSize of job (KB)
...
006 (113485019.000.000) 2023-04-01 21:14:50 Image size of job updated: 5389112
	1285  -  MemoryUsage of job (MB)
	1315272  -  ResidentSetSize of job (KB)
...
006 (113485019.000.000) 2023-04-01 21:19:51 Image size of job updated: 5389112
	1287  -  MemoryUsage of job (MB)
	1317320  -  ResidentSetSize of job (KB)
...
006 (113485019.000.000) 2023-04-01 21:24:52 Image size of job updated: 5389112
	1289  -  MemoryUsage of job (MB)
	1319480  -  ResidentSetSize of job (KB)
...
006 (113485019.000.000) 2023-04-01 21:29:52 Image size of job updated: 5389112
	1289  -  MemoryUsage of job (MB)
	1319748  -  ResidentSetSize of job (KB)
...
006 (113485019.000.000) 2023-04-01 21:34:53 Image size of job updated: 5439140
	1291  -  MemoryUsage of job (MB)
	1321220  -  ResidentSetSize of job (KB)
...
006 (113485019.000.000) 2023-04-01 21:39:54 Image size of job updated: 5439140
	1292  -  MemoryUsage of job (MB)
	1322344  -  ResidentSetSize of job (KB)
...
006 (113485019.000.000) 2023-04-01 21:44:54 Image size of job updated: 5439140
	1301  -  MemoryUsage of job (MB)
	1331216  -  ResidentSetSize of job (KB)
...
006 (113485019.000.000) 2023-04-01 21:59:56 Image size of job updated: 5451012
	1303  -  MemoryUsage of job (MB)
	1333824  -  ResidentSetSize of job (KB)
...
006 (113485019.000.000) 2023-04-01 22:04:57 Image size of job updated: 5451012
	1306  -  MemoryUsage of job (MB)
	1336668  -  ResidentSetSize of job (KB)
...
006 (113485019.000.000) 2023-04-01 22:09:58 Image size of job updated: 5459300
	1313  -  MemoryUsage of job (MB)
	1343604  -  ResidentSetSize of job (KB)
...
006 (113485019.000.000) 2023-04-01 22:19:59 Image size of job updated: 5474232
	1317  -  MemoryUsage of job (MB)
	1347692  -  ResidentSetSize of job (KB)
...
006 (113485019.000.000) 2023-04-01 22:25:00 Image size of job updated: 5474232
	1318  -  MemoryUsage of job (MB)
	1348692  -  ResidentSetSize of job (KB)
...
006 (113485019.000.000) 2023-04-01 22:30:00 Image size of job updated: 5474232
	1320  -  MemoryUsage of job (MB)
	1350848  -  ResidentSetSize of job (KB)
...
006 (113485019.000.000) 2023-04-01 22:35:01 Image size of job updated: 5474232
	1328  -  MemoryUsage of job (MB)
	1359844  -  ResidentSetSize of job (KB)
...
006 (113485019.000.000) 2023-04-01 22:45:02 Image size of job updated: 5488780
	1331  -  MemoryUsage of job (MB)
	1362604  -  ResidentSetSize of job (KB)
...
006 (113485019.000.000) 2023-04-01 22:55:04 Image size of job updated: 5488780
	1332  -  MemoryUsage of job (MB)
	1363856  -  ResidentSetSize of job (KB)
...
006 (113485019.000.000) 2023-04-01 23:00:04 Image size of job updated: 5494016
	1332  -  MemoryUsage of job (MB)
	1363856  -  ResidentSetSize of job (KB)
...
006 (113485019.000.000) 2023-04-01 23:10:05 Image size of job updated: 5499556
	1343  -  MemoryUsage of job (MB)
	1374948  -  ResidentSetSize of job (KB)
...
006 (113485019.000.000) 2023-04-01 23:20:05 Image size of job updated: 5499556
	1344  -  MemoryUsage of job (MB)
	1375876  -  ResidentSetSize of job (KB)
...
006 (113485019.000.000) 2023-04-01 23:25:06 Image size of job updated: 5499556
	1344  -  MemoryUsage of job (MB)
	1376192  -  ResidentSetSize of job (KB)
...
006 (113485019.000.000) 2023-04-01 23:35:06 Image size of job updated: 5519396
	1344  -  MemoryUsage of job (MB)
	1376192  -  ResidentSetSize of job (KB)
...
006 (113485019.000.000) 2023-04-01 23:45:07 Image size of job updated: 5519396
	1353  -  MemoryUsage of job (MB)
	1385244  -  ResidentSetSize of job (KB)
...
006 (113485019.000.000) 2023-04-01 23:50:07 Image size of job updated: 5519396
	1361  -  MemoryUsage of job (MB)
	1392860  -  ResidentSetSize of job (KB)
...
006 (113485019.000.000) 2023-04-02 00:00:08 Image size of job updated: 5532736
	1364  -  MemoryUsage of job (MB)
	1396536  -  ResidentSetSize of job (KB)
...
006 (113485019.000.000) 2023-04-02 00:05:08 Image size of job updated: 5532736
	1365  -  MemoryUsage of job (MB)
	1397020  -  ResidentSetSize of job (KB)
...
006 (113485019.000.000) 2023-04-02 00:10:09 Image size of job updated: 5536644
	1369  -  MemoryUsage of job (MB)
	1401252  -  ResidentSetSize of job (KB)
...
006 (113485019.000.000) 2023-04-02 00:20:09 Image size of job updated: 5536644
	1463  -  MemoryUsage of job (MB)
	1497308  -  ResidentSetSize of job (KB)
...
006 (113485019.000.000) 2023-04-02 00:25:10 Image size of job updated: 5539900
	1463  -  MemoryUsage of job (MB)
	1497308  -  ResidentSetSize of job (KB)
...
006 (113485019.000.000) 2023-04-02 00:50:11 Image size of job updated: 5548248
	1463  -  MemoryUsage of job (MB)
	1497308  -  ResidentSetSize of job (KB)
...
006 (113485019.000.000) 2023-04-02 01:20:15 Image size of job updated: 5608692
	1463  -  MemoryUsage of job (MB)
	1497308  -  ResidentSetSize of job (KB)
...
006 (113485019.000.000) 2023-04-02 01:35:17 Image size of job updated: 5712732
	1463  -  MemoryUsage of job (MB)
	1497308  -  ResidentSetSize of job (KB)
...
006 (113485019.000.000) 2023-04-02 04:20:37 Image size of job updated: 5712732
	1468  -  MemoryUsage of job (MB)
	1503136  -  ResidentSetSize of job (KB)
...
006 (113485019.000.000) 2023-04-02 04:35:39 Image size of job updated: 5712732
	1469  -  MemoryUsage of job (MB)
	1504148  -  ResidentSetSize of job (KB)
...
006 (113485019.000.000) 2023-04-02 04:45:40 Image size of job updated: 5712732
	1470  -  MemoryUsage of job (MB)
	1504720  -  ResidentSetSize of job (KB)
...
006 (113485019.000.000) 2023-04-02 04:55:41 Image size of job updated: 5712732
	1470  -  MemoryUsage of job (MB)
	1504976  -  ResidentSetSize of job (KB)
...
006 (113485019.000.000) 2023-04-02 05:00:42 Image size of job updated: 5712732
	1490  -  MemoryUsage of job (MB)
	1525076  -  ResidentSetSize of job (KB)
...
006 (113485019.000.000) 2023-04-02 05:35:45 Image size of job updated: 5712732
	1494  -  MemoryUsage of job (MB)
	1529264  -  ResidentSetSize of job (KB)
...
006 (113485019.000.000) 2023-04-02 05:40:46 Image size of job updated: 5712732
	1494  -  MemoryUsage of job (MB)
	1529280  -  ResidentSetSize of job (KB)
...
006 (113485019.000.000) 2023-04-02 05:45:46 Image size of job updated: 5712732
	1510  -  MemoryUsage of job (MB)
	1545628  -  ResidentSetSize of job (KB)
...
006 (113485019.000.000) 2023-04-02 05:50:47 Image size of job updated: 5712732
	1510  -  MemoryUsage of job (MB)
	1545752  -  ResidentSetSize of job (KB)
...
006 (113485019.000.000) 2023-04-02 05:55:48 Image size of job updated: 5712732
	1513  -  MemoryUsage of job (MB)
	1548612  -  ResidentSetSize of job (KB)
...
006 (113485019.000.000) 2023-04-02 06:00:48 Image size of job updated: 5712732
	1517  -  MemoryUsage of job (MB)
	1553024  -  ResidentSetSize of job (KB)
...
006 (113485019.000.000) 2023-04-02 06:15:50 Image size of job updated: 5732900
	1642  -  MemoryUsage of job (MB)
	1681072  -  ResidentSetSize of job (KB)
...
006 (113485019.000.000) 2023-04-02 07:10:56 Image size of job updated: 5780276
	1642  -  MemoryUsage of job (MB)
	1681072  -  ResidentSetSize of job (KB)
...
006 (113485019.000.000) 2023-04-02 07:25:57 Image size of job updated: 5787944
	1642  -  MemoryUsage of job (MB)
	1681072  -  ResidentSetSize of job (KB)
...
006 (113485019.000.000) 2023-04-02 07:40:58 Image size of job updated: 5790456
	1642  -  MemoryUsage of job (MB)
	1681072  -  ResidentSetSize of job (KB)
...
006 (113485019.000.000) 2023-04-02 08:11:02 Image size of job updated: 5793840
	1642  -  MemoryUsage of job (MB)
	1681072  -  ResidentSetSize of job (KB)
...
006 (113485019.000.000) 2023-04-02 08:21:03 Image size of job updated: 5795592
	1642  -  MemoryUsage of job (MB)
	1681072  -  ResidentSetSize of job (KB)
...
006 (113485019.000.000) 2023-04-02 08:31:05 Image size of job updated: 5797600
	1642  -  MemoryUsage of job (MB)
	1681072  -  ResidentSetSize of job (KB)
...
006 (113485019.000.000) 2023-04-02 08:46:07 Image size of job updated: 5799872
	1642  -  MemoryUsage of job (MB)
	1681072  -  ResidentSetSize of job (KB)
...
006 (113485019.000.000) 2023-04-02 09:01:08 Image size of job updated: 5801880
	1642  -  MemoryUsage of job (MB)
	1681072  -  ResidentSetSize of job (KB)
...
006 (113485019.000.000) 2023-04-02 09:56:13 Image size of job updated: 5820624
	1642  -  MemoryUsage of job (MB)
	1681072  -  ResidentSetSize of job (KB)
...
006 (113485019.000.000) 2023-04-02 10:11:15 Image size of job updated: 5822384
	1642  -  MemoryUsage of job (MB)
	1681072  -  ResidentSetSize of job (KB)
...
006 (113485019.000.000) 2023-04-02 10:31:17 Image size of job updated: 5822384
	1747  -  MemoryUsage of job (MB)
	1788820  -  ResidentSetSize of job (KB)
...
006 (113485019.000.000) 2023-04-02 10:51:20 Image size of job updated: 5843060
	1747  -  MemoryUsage of job (MB)
	1788820  -  ResidentSetSize of job (KB)
...
006 (113485019.000.000) 2023-04-02 11:06:22 Image size of job updated: 5843564
	1747  -  MemoryUsage of job (MB)
	1788820  -  ResidentSetSize of job (KB)
...
006 (113485019.000.000) 2023-04-02 11:16:23 Image size of job updated: 5845324
	1747  -  MemoryUsage of job (MB)
	1788820  -  ResidentSetSize of job (KB)
...
006 (113485019.000.000) 2023-04-02 11:36:26 Image size of job updated: 5871380
	1747  -  MemoryUsage of job (MB)
	1788820  -  ResidentSetSize of job (KB)
...
006 (113485019.000.000) 2023-04-02 11:51:28 Image size of job updated: 5874404
	1747  -  MemoryUsage of job (MB)
	1788820  -  ResidentSetSize of job (KB)
...
006 (113485019.000.000) 2023-04-02 13:21:40 Image size of job updated: 5890712
	1747  -  MemoryUsage of job (MB)
	1788820  -  ResidentSetSize of job (KB)
...
004 (113485019.000.000) 2023-04-02 13:26:06 Job was evicted.
	(0) CPU times
		Usr 2 17:21:48, Sys 0 00:07:38  -  Run Remote Usage
		Usr 0 00:00:00, Sys 0 00:00:00  -  Run Local Usage
	0  -  Run Bytes Sent By Job
	366  -  Run Bytes Received By Job
	Partitionable Resources :    Usage  Request Allocated 
	   Cpus                 :     0.99        1         1 
	   Disk (KB)            :  4020      500000    624256 
	   GPUs                 :                           0 
	   Memory (MB)          :  1747       20000     20096 
...
009 (113485019.000.000) 2023-04-02 13:26:06 Job was aborted.
	removed because <OtherJobRemoveRequirements = DAGManJobId =?= 113484998> fired when job (113484998.0) was removed
...
000 (113493723.000.000) 2023-04-02 13:26:39 Job submitted from host: <10.14.0.160:9618?addrs=10.14.0.160-9618&alias=ldas-pcdev2.ligo.caltech.edu&noUDP&sock=schedd_7450_a8a7>
    DAG Node: 957
...
040 (113493723.000.000) 2023-04-02 13:28:50 Started transferring input files
	Transferring to host: <10.14.4.5:9618?addrs=10.14.4.5-9618&alias=node755.cluster.ldas.cit&noUDP&sock=slot1_1_310401_55a7_4249>
...
040 (113493723.000.000) 2023-04-02 13:28:50 Finished transferring input files
...
001 (113493723.000.000) 2023-04-02 13:28:51 Job executing on host: <10.14.4.5:9618?addrs=10.14.4.5-9618&alias=node755.cluster.ldas.cit&noUDP&sock=startd_310362_187d>
...
006 (113493723.000.000) 2023-04-02 13:28:59 Image size of job updated: 204052
	192  -  MemoryUsage of job (MB)
	196376  -  ResidentSetSize of job (KB)
...
006 (113493723.000.000) 2023-04-02 13:33:59 Image size of job updated: 5094428
	555  -  MemoryUsage of job (MB)
	567736  -  ResidentSetSize of job (KB)
...
006 (113493723.000.000) 2023-04-02 13:39:00 Image size of job updated: 5184064
	652  -  MemoryUsage of job (MB)
	667372  -  ResidentSetSize of job (KB)
...
006 (113493723.000.000) 2023-04-02 13:44:01 Image size of job updated: 5200444
	676  -  MemoryUsage of job (MB)
	692004  -  ResidentSetSize of job (KB)
...
006 (113493723.000.000) 2023-04-02 13:49:01 Image size of job updated: 5318004
	765  -  MemoryUsage of job (MB)
	783160  -  ResidentSetSize of job (KB)
...
006 (113493723.000.000) 2023-04-02 13:54:01 Image size of job updated: 5577204
	964  -  MemoryUsage of job (MB)
	986300  -  ResidentSetSize of job (KB)
...
006 (113493723.000.000) 2023-04-02 13:59:02 Image size of job updated: 5577204
	992  -  MemoryUsage of job (MB)
	1015396  -  ResidentSetSize of job (KB)
...
006 (113493723.000.000) 2023-04-02 14:04:02 Image size of job updated: 5577204
	1013  -  MemoryUsage of job (MB)
	1036812  -  ResidentSetSize of job (KB)
...
006 (113493723.000.000) 2023-04-02 14:09:02 Image size of job updated: 5692936
	1013  -  MemoryUsage of job (MB)
	1036812  -  ResidentSetSize of job (KB)
...
006 (113493723.000.000) 2023-04-02 14:24:04 Image size of job updated: 5707648
	1038  -  MemoryUsage of job (MB)
	1062260  -  ResidentSetSize of job (KB)
...
006 (113493723.000.000) 2023-04-02 14:29:05 Image size of job updated: 5707648
	1038  -  MemoryUsage of job (MB)
	1062748  -  ResidentSetSize of job (KB)
...
006 (113493723.000.000) 2023-04-02 14:34:06 Image size of job updated: 5707648
	1038  -  MemoryUsage of job (MB)
	1062764  -  ResidentSetSize of job (KB)
...
006 (113493723.000.000) 2023-04-02 14:39:06 Image size of job updated: 5707648
	1045  -  MemoryUsage of job (MB)
	1069112  -  ResidentSetSize of job (KB)
...
006 (113493723.000.000) 2023-04-02 14:44:07 Image size of job updated: 5707648
	1075  -  MemoryUsage of job (MB)
	1099780  -  ResidentSetSize of job (KB)
...
006 (113493723.000.000) 2023-04-02 14:49:08 Image size of job updated: 5768504
	1120  -  MemoryUsage of job (MB)
	1146292  -  ResidentSetSize of job (KB)
...
006 (113493723.000.000) 2023-04-02 14:54:08 Image size of job updated: 5768504
	1207  -  MemoryUsage of job (MB)
	1235296  -  ResidentSetSize of job (KB)
...
006 (113493723.000.000) 2023-04-02 14:59:08 Image size of job updated: 5768504
	1352  -  MemoryUsage of job (MB)
	1383432  -  ResidentSetSize of job (KB)
...
006 (113493723.000.000) 2023-04-02 15:04:09 Image size of job updated: 5768504
	1393  -  MemoryUsage of job (MB)
	1426408  -  ResidentSetSize of job (KB)
...
006 (113493723.000.000) 2023-04-02 15:09:09 Image size of job updated: 5783624
	1401  -  MemoryUsage of job (MB)
	1433604  -  ResidentSetSize of job (KB)
...
006 (113493723.000.000) 2023-04-02 15:14:09 Image size of job updated: 5783624
	1403  -  MemoryUsage of job (MB)
	1435848  -  ResidentSetSize of job (KB)
...
006 (113493723.000.000) 2023-04-02 15:19:10 Image size of job updated: 5783624
	1404  -  MemoryUsage of job (MB)
	1437348  -  ResidentSetSize of job (KB)
...
006 (113493723.000.000) 2023-04-02 15:29:11 Image size of job updated: 5806188
	1412  -  MemoryUsage of job (MB)
	1445720  -  ResidentSetSize of job (KB)
...
006 (113493723.000.000) 2023-04-02 15:44:13 Image size of job updated: 5806188
	1413  -  MemoryUsage of job (MB)
	1446280  -  ResidentSetSize of job (KB)
...
006 (113493723.000.000) 2023-04-02 15:49:13 Image size of job updated: 5806188
	1432  -  MemoryUsage of job (MB)
	1465952  -  ResidentSetSize of job (KB)
...
006 (113493723.000.000) 2023-04-02 16:29:18 Image size of job updated: 5826360
	1432  -  MemoryUsage of job (MB)
	1465952  -  ResidentSetSize of job (KB)
...
006 (113493723.000.000) 2023-04-02 16:49:19 Image size of job updated: 5988472
	1432  -  MemoryUsage of job (MB)
	1465952  -  ResidentSetSize of job (KB)
...
006 (113493723.000.000) 2023-04-02 17:29:24 Image size of job updated: 5988472
	1437  -  MemoryUsage of job (MB)
	1471116  -  ResidentSetSize of job (KB)
...
006 (113493723.000.000) 2023-04-02 17:39:25 Image size of job updated: 5988472
	1438  -  MemoryUsage of job (MB)
	1471524  -  ResidentSetSize of job (KB)
...
006 (113493723.000.000) 2023-04-02 17:49:26 Image size of job updated: 5988472
	1464  -  MemoryUsage of job (MB)
	1498268  -  ResidentSetSize of job (KB)
...
006 (113493723.000.000) 2023-04-02 17:59:27 Image size of job updated: 5988472
	1465  -  MemoryUsage of job (MB)
	1499524  -  ResidentSetSize of job (KB)
...
006 (113493723.000.000) 2023-04-02 18:34:30 Image size of job updated: 5988472
	1469  -  MemoryUsage of job (MB)
	1503456  -  ResidentSetSize of job (KB)
...
006 (113493723.000.000) 2023-04-02 18:39:31 Image size of job updated: 6024284
	1469  -  MemoryUsage of job (MB)
	1503456  -  ResidentSetSize of job (KB)
...
006 (113493723.000.000) 2023-04-02 18:54:33 Image size of job updated: 6026448
	1469  -  MemoryUsage of job (MB)
	1503456  -  ResidentSetSize of job (KB)
...
006 (113493723.000.000) 2023-04-02 19:04:34 Image size of job updated: 6026448
	1473  -  MemoryUsage of job (MB)
	1508180  -  ResidentSetSize of job (KB)
...
006 (113493723.000.000) 2023-04-02 19:14:36 Image size of job updated: 6026448
	1473  -  MemoryUsage of job (MB)
	1508184  -  ResidentSetSize of job (KB)
...
006 (113493723.000.000) 2023-04-02 19:19:36 Image size of job updated: 6026448
	1643  -  MemoryUsage of job (MB)
	1682116  -  ResidentSetSize of job (KB)
...
006 (113493723.000.000) 2023-04-02 20:54:46 Image size of job updated: 6070112
	1643  -  MemoryUsage of job (MB)
	1682116  -  ResidentSetSize of job (KB)
...
006 (113493723.000.000) 2023-04-02 21:14:48 Image size of job updated: 6076800
	1643  -  MemoryUsage of job (MB)
	1682116  -  ResidentSetSize of job (KB)
...
006 (113493723.000.000) 2023-04-03 00:55:10 Image size of job updated: 6076800
	1644  -  MemoryUsage of job (MB)
	1683396  -  ResidentSetSize of job (KB)
...
006 (113493723.000.000) 2023-04-03 01:05:12 Image size of job updated: 6076800
	1655  -  MemoryUsage of job (MB)
	1693832  -  ResidentSetSize of job (KB)
...
006 (113493723.000.000) 2023-04-03 01:15:12 Image size of job updated: 6076800
	1656  -  MemoryUsage of job (MB)
	1695500  -  ResidentSetSize of job (KB)
...
006 (113493723.000.000) 2023-04-03 01:20:13 Image size of job updated: 6076800
	1658  -  MemoryUsage of job (MB)
	1696884  -  ResidentSetSize of job (KB)
...
006 (113493723.000.000) 2023-04-03 01:25:13 Image size of job updated: 6076800
	1677  -  MemoryUsage of job (MB)
	1716744  -  ResidentSetSize of job (KB)
...
006 (113493723.000.000) 2023-04-03 01:35:14 Image size of job updated: 6076800
	1679  -  MemoryUsage of job (MB)
	1719100  -  ResidentSetSize of job (KB)
...
006 (113493723.000.000) 2023-04-03 01:55:17 Image size of job updated: 6076800
	1680  -  MemoryUsage of job (MB)
	1719380  -  ResidentSetSize of job (KB)
...
006 (113493723.000.000) 2023-04-03 02:10:18 Image size of job updated: 6076800
	1681  -  MemoryUsage of job (MB)
	1720352  -  ResidentSetSize of job (KB)
...
006 (113493723.000.000) 2023-04-03 02:25:19 Image size of job updated: 6076800
	1695  -  MemoryUsage of job (MB)
	1734688  -  ResidentSetSize of job (KB)
...
006 (113493723.000.000) 2023-04-03 03:00:24 Image size of job updated: 6076800
	1701  -  MemoryUsage of job (MB)
	1741604  -  ResidentSetSize of job (KB)
...
006 (113493723.000.000) 2023-04-03 03:50:29 Image size of job updated: 6076800
	1708  -  MemoryUsage of job (MB)
	1748824  -  ResidentSetSize of job (KB)
...
006 (113493723.000.000) 2023-04-03 04:20:32 Image size of job updated: 6076800
	1730  -  MemoryUsage of job (MB)
	1770812  -  ResidentSetSize of job (KB)
...
006 (113493723.000.000) 2023-04-03 05:00:37 Image size of job updated: 6076800
	1848  -  MemoryUsage of job (MB)
	1892204  -  ResidentSetSize of job (KB)
...
006 (113493723.000.000) 2023-04-03 05:05:37 Image size of job updated: 6133488
	1848  -  MemoryUsage of job (MB)
	1892204  -  ResidentSetSize of job (KB)
...
006 (113493723.000.000) 2023-04-03 12:51:25 Image size of job updated: 6198240
	1848  -  MemoryUsage of job (MB)
	1892204  -  ResidentSetSize of job (KB)
...
004 (113493723.000.000) 2023-04-03 13:29:27 Job was evicted.
	(0) CPU times
		Usr 3 06:39:25, Sys 0 00:06:01  -  Run Remote Usage
		Usr 0 00:00:00, Sys 0 00:00:00  -  Run Local Usage
	0  -  Run Bytes Sent By Job
	366  -  Run Bytes Received By Job
	Partitionable Resources :    Usage  Request Allocated 
	   Cpus                 :     7.89        1         1 
	   Disk (KB)            :  3015      500000    609620 
	   GPUs                 :                           0 
	   Memory (MB)          :  1848       20000     20096 
...
040 (113493723.000.000) 2023-04-03 13:41:17 Started transferring input files
	Transferring to host: <10.14.9.198:9618?addrs=10.14.9.198-9618&alias=node2198.cluster.ldas.cit&noUDP&sock=slot1_6_187610_f786_133534>
...
040 (113493723.000.000) 2023-04-03 13:41:17 Finished transferring input files
...
001 (113493723.000.000) 2023-04-03 13:41:18 Job executing on host: <10.14.9.198:9618?addrs=10.14.9.198-9618&alias=node2198.cluster.ldas.cit&noUDP&sock=startd_187572_5e70>
...
040 (113493723.000.000) 2023-04-03 13:41:18 Started transferring output files
...
040 (113493723.000.000) 2023-04-03 13:41:18 Finished transferring output files
...
005 (113493723.000.000) 2023-04-03 13:41:18 Job terminated.
	(1) Normal termination (return value 127)
		Usr 0 00:00:00, Sys 0 00:00:00  -  Run Remote Usage
		Usr 0 00:00:00, Sys 0 00:00:00  -  Run Local Usage
		Usr 3 06:39:25, Sys 0 00:06:01  -  Total Remote Usage
		Usr 0 00:00:00, Sys 0 00:00:00  -  Total Local Usage
	407  -  Run Bytes Sent By Job
	366  -  Run Bytes Received By Job
	407  -  Total Bytes Sent By Job
	732  -  Total Bytes Received By Job
	Partitionable Resources :    Usage  Request Allocated 
	   Cpus                 :     7.89        1         1 
	   Disk (KB)            :    16      500000    519527 
	   GPUs                 :                           0 
	   Memory (MB)          :  1954       20000     20096 

	Job terminated of its own accord at 2023-04-03T20:41:18Z with exit-code 127.
...
000 (113587214.000.000) 2023-04-05 14:54:23 Job submitted from host: <10.14.0.160:9618?addrs=10.14.0.160-9618&alias=ldas-pcdev2.ligo.caltech.edu&noUDP&sock=schedd_7450_a8a7>
    DAG Node: 957
...
040 (113587214.000.000) 2023-04-05 15:01:02 Started transferring input files
	Transferring to host: <10.14.10.77:9618?addrs=10.14.10.77-9618&alias=node2327.cluster.ldas.cit&noUDP&sock=slot1_11_3852361_9348_439>
...
040 (113587214.000.000) 2023-04-05 15:01:02 Finished transferring input files
...
001 (113587214.000.000) 2023-04-05 15:01:03 Job executing on host: <10.14.10.77:9618?addrs=10.14.10.77-9618&alias=node2327.cluster.ldas.cit&noUDP&sock=startd_3852319_fd86>
...
006 (113587214.000.000) 2023-04-05 15:01:12 Image size of job updated: 229140
	192  -  MemoryUsage of job (MB)
	196532  -  ResidentSetSize of job (KB)
...
006 (113587214.000.000) 2023-04-05 15:06:13 Image size of job updated: 5256444
	716  -  MemoryUsage of job (MB)
	732244  -  ResidentSetSize of job (KB)
...
006 (113587214.000.000) 2023-04-05 15:11:13 Image size of job updated: 5307348
	769  -  MemoryUsage of job (MB)
	786668  -  ResidentSetSize of job (KB)
...
006 (113587214.000.000) 2023-04-05 15:16:13 Image size of job updated: 5352936
	827  -  MemoryUsage of job (MB)
	846148  -  ResidentSetSize of job (KB)
...
006 (113587214.000.000) 2023-04-05 15:21:14 Image size of job updated: 5690916
	1077  -  MemoryUsage of job (MB)
	1102084  -  ResidentSetSize of job (KB)
...
006 (113587214.000.000) 2023-04-05 15:26:14 Image size of job updated: 5690916
	1146  -  MemoryUsage of job (MB)
	1172828  -  ResidentSetSize of job (KB)
...
006 (113587214.000.000) 2023-04-05 15:46:16 Image size of job updated: 5690916
	1146  -  MemoryUsage of job (MB)
	1173284  -  ResidentSetSize of job (KB)
...
006 (113587214.000.000) 2023-04-05 15:51:17 Image size of job updated: 5731848
	1203  -  MemoryUsage of job (MB)
	1231668  -  ResidentSetSize of job (KB)
...
006 (113587214.000.000) 2023-04-05 15:56:18 Image size of job updated: 5933012
	1203  -  MemoryUsage of job (MB)
	1231668  -  ResidentSetSize of job (KB)
...
006 (113587214.000.000) 2023-04-05 16:16:19 Image size of job updated: 5933012
	1233  -  MemoryUsage of job (MB)
	1262040  -  ResidentSetSize of job (KB)
...
006 (113587214.000.000) 2023-04-05 16:21:19 Image size of job updated: 5933012
	1242  -  MemoryUsage of job (MB)
	1271120  -  ResidentSetSize of job (KB)
...
006 (113587214.000.000) 2023-04-05 16:26:20 Image size of job updated: 5962668
	1246  -  MemoryUsage of job (MB)
	1275204  -  ResidentSetSize of job (KB)
...
006 (113587214.000.000) 2023-04-05 16:31:21 Image size of job updated: 5962668
	1405  -  MemoryUsage of job (MB)
	1437740  -  ResidentSetSize of job (KB)
...
006 (113587214.000.000) 2023-04-05 16:36:21 Image size of job updated: 5962668
	1481  -  MemoryUsage of job (MB)
	1516460  -  ResidentSetSize of job (KB)
...
006 (113587214.000.000) 2023-04-05 16:41:22 Image size of job updated: 5962668
	1525  -  MemoryUsage of job (MB)
	1561012  -  ResidentSetSize of job (KB)
...
006 (113587214.000.000) 2023-04-05 16:46:23 Image size of job updated: 5962668
	1536  -  MemoryUsage of job (MB)
	1572532  -  ResidentSetSize of job (KB)
...
006 (113587214.000.000) 2023-04-05 16:51:23 Image size of job updated: 5962668
	1558  -  MemoryUsage of job (MB)
	1595012  -  ResidentSetSize of job (KB)
...
006 (113587214.000.000) 2023-04-05 17:11:24 Image size of job updated: 5962668
	1581  -  MemoryUsage of job (MB)
	1618440  -  ResidentSetSize of job (KB)
...
006 (113587214.000.000) 2023-04-05 17:16:25 Image size of job updated: 5962668
	1608  -  MemoryUsage of job (MB)
	1646192  -  ResidentSetSize of job (KB)
...
006 (113587214.000.000) 2023-04-05 17:21:26 Image size of job updated: 5962668
	1611  -  MemoryUsage of job (MB)
	1649368  -  ResidentSetSize of job (KB)
...
006 (113587214.000.000) 2023-04-05 17:41:27 Image size of job updated: 5985796
	1611  -  MemoryUsage of job (MB)
	1649368  -  ResidentSetSize of job (KB)
...
006 (113587214.000.000) 2023-04-05 18:11:31 Image size of job updated: 5985796
	1650  -  MemoryUsage of job (MB)
	1689060  -  ResidentSetSize of job (KB)
...
006 (113587214.000.000) 2023-04-05 18:16:31 Image size of job updated: 5985796
	1672  -  MemoryUsage of job (MB)
	1711628  -  ResidentSetSize of job (KB)
...
006 (113587214.000.000) 2023-04-05 18:31:33 Image size of job updated: 5985796
	1683  -  MemoryUsage of job (MB)
	1722944  -  ResidentSetSize of job (KB)
...
006 (113587214.000.000) 2023-04-05 18:56:34 Image size of job updated: 5985796
	1716  -  MemoryUsage of job (MB)
	1757016  -  ResidentSetSize of job (KB)
...
006 (113587214.000.000) 2023-04-05 19:21:38 Image size of job updated: 5985796
	1744  -  MemoryUsage of job (MB)
	1785376  -  ResidentSetSize of job (KB)
...
006 (113587214.000.000) 2023-04-05 19:26:38 Image size of job updated: 6009428
	1744  -  MemoryUsage of job (MB)
	1785376  -  ResidentSetSize of job (KB)
...
006 (113587214.000.000) 2023-04-05 19:41:39 Image size of job updated: 6027728
	1744  -  MemoryUsage of job (MB)
	1785376  -  ResidentSetSize of job (KB)
...
006 (113587214.000.000) 2023-04-05 19:46:39 Image size of job updated: 6027728
	1747  -  MemoryUsage of job (MB)
	1788908  -  ResidentSetSize of job (KB)
...
006 (113587214.000.000) 2023-04-05 19:51:40 Image size of job updated: 6027728
	1749  -  MemoryUsage of job (MB)
	1790692  -  ResidentSetSize of job (KB)
...
006 (113587214.000.000) 2023-04-05 20:01:41 Image size of job updated: 6027728
	1931  -  MemoryUsage of job (MB)
	1976752  -  ResidentSetSize of job (KB)
...
006 (113587214.000.000) 2023-04-05 22:31:58 Image size of job updated: 6035500
	1931  -  MemoryUsage of job (MB)
	1976752  -  ResidentSetSize of job (KB)
...
006 (113587214.000.000) 2023-04-06 00:52:13 Image size of job updated: 6200468
	1931  -  MemoryUsage of job (MB)
	1976752  -  ResidentSetSize of job (KB)
...
006 (113587214.000.000) 2023-04-06 03:37:32 Image size of job updated: 6268288
	1931  -  MemoryUsage of job (MB)
	1976752  -  ResidentSetSize of job (KB)
...
006 (113587214.000.000) 2023-04-06 03:57:34 Image size of job updated: 6268288
	1995  -  MemoryUsage of job (MB)
	2041868  -  ResidentSetSize of job (KB)
...
006 (113587214.000.000) 2023-04-06 07:37:57 Image size of job updated: 6390664
	1995  -  MemoryUsage of job (MB)
	2041868  -  ResidentSetSize of job (KB)
...
006 (113587214.000.000) 2023-04-06 08:58:06 Image size of job updated: 6390664
	2064  -  MemoryUsage of job (MB)
	2113116  -  ResidentSetSize of job (KB)
...
006 (113587214.000.000) 2023-04-06 09:03:06 Image size of job updated: 6404424
	2064  -  MemoryUsage of job (MB)
	2113116  -  ResidentSetSize of job (KB)
...
004 (113587214.000.000) 2023-04-06 15:02:14 Job was evicted.
	(0) CPU times
		Usr 2 14:32:37, Sys 0 00:02:23  -  Run Remote Usage
		Usr 0 00:00:00, Sys 0 00:00:00  -  Run Local Usage
	0  -  Run Bytes Sent By Job
	366  -  Run Bytes Received By Job
	Partitionable Resources :    Usage  Request Allocated 
	   Cpus                 :     2.97        1         1 
	   Disk (KB)            :  3148      500000    624256 
	   GPUs                 :                           0 
	   Memory (MB)          :  2064       20000     20096 
...
040 (113587214.000.000) 2023-04-06 15:24:20 Started transferring input files
	Transferring to host: <10.14.10.122:9618?addrs=10.14.10.122-9618&alias=node2372.cluster.ldas.cit&noUDP&sock=slot1_11_3101908_8c33_36085>
...
040 (113587214.000.000) 2023-04-06 15:24:20 Finished transferring input files
...
001 (113587214.000.000) 2023-04-06 15:24:21 Job executing on host: <10.14.10.122:9618?addrs=10.14.10.122-9618&alias=node2372.cluster.ldas.cit&noUDP&sock=startd_4258_365a>
...
004 (113587214.000.000) 2023-04-06 16:04:49 Job was evicted.
	(0) CPU times
		Usr 0 01:59:28, Sys 0 00:00:07  -  Run Remote Usage
		Usr 0 00:00:00, Sys 0 00:00:00  -  Run Local Usage
	0  -  Run Bytes Sent By Job
	366  -  Run Bytes Received By Job
	Partitionable Resources :    Usage  Request Allocated 
	   Cpus                 :     0.99        1         1 
	   Disk (KB)            :  2718      500000    624256 
	   GPUs                 :                           0 
	   Memory (MB)          :  2198       20000     20096 
...
009 (113587214.000.000) 2023-04-06 16:04:49 Job was aborted.
	removed because <OtherJobRemoveRequirements = DAGManJobId =?= 113587193> fired when job (113587193.0) was removed
...
000 (113604327.000.000) 2023-04-06 16:28:15 Job submitted from host: <10.14.0.160:9618?addrs=10.14.0.160-9618&alias=ldas-pcdev2.ligo.caltech.edu&noUDP&sock=schedd_7450_a8a7>
    DAG Node: 957
...
040 (113604327.000.000) 2023-04-06 16:34:16 Started transferring input files
	Transferring to host: <10.14.10.101:9618?addrs=10.14.10.101-9618&alias=node2351.cluster.ldas.cit&noUDP&sock=slot1_15_4094864_e06d_1783>
...
040 (113604327.000.000) 2023-04-06 16:34:16 Finished transferring input files
...
001 (113604327.000.000) 2023-04-06 16:34:17 Job executing on host: <10.14.10.101:9618?addrs=10.14.10.101-9618&alias=node2351.cluster.ldas.cit&noUDP&sock=startd_4094820_8186>
...
006 (113604327.000.000) 2023-04-06 16:34:25 Image size of job updated: 219820
	192  -  MemoryUsage of job (MB)
	196512  -  ResidentSetSize of job (KB)
...
006 (113604327.000.000) 2023-04-06 16:39:25 Image size of job updated: 5074336
	192  -  MemoryUsage of job (MB)
	196512  -  ResidentSetSize of job (KB)
...
006 (113604327.000.000) 2023-04-06 16:44:26 Image size of job updated: 5074336
	373  -  MemoryUsage of job (MB)
	381776  -  ResidentSetSize of job (KB)
...
006 (113604327.000.000) 2023-04-06 16:49:27 Image size of job updated: 5074336
	389  -  MemoryUsage of job (MB)
	397932  -  ResidentSetSize of job (KB)
...
006 (113604327.000.000) 2023-04-06 16:54:27 Image size of job updated: 5074336
	500  -  MemoryUsage of job (MB)
	511100  -  ResidentSetSize of job (KB)
...
006 (113604327.000.000) 2023-04-06 16:59:27 Image size of job updated: 5074336
	505  -  MemoryUsage of job (MB)
	516380  -  ResidentSetSize of job (KB)
...
006 (113604327.000.000) 2023-04-06 17:04:28 Image size of job updated: 5074336
	551  -  MemoryUsage of job (MB)
	563340  -  ResidentSetSize of job (KB)
...
006 (113604327.000.000) 2023-04-06 17:09:29 Image size of job updated: 5074336
	554  -  MemoryUsage of job (MB)
	567044  -  ResidentSetSize of job (KB)
...
006 (113604327.000.000) 2023-04-06 17:14:29 Image size of job updated: 5092876
	577  -  MemoryUsage of job (MB)
	590468  -  ResidentSetSize of job (KB)
...
006 (113604327.000.000) 2023-04-06 17:19:29 Image size of job updated: 5097140
	581  -  MemoryUsage of job (MB)
	594864  -  ResidentSetSize of job (KB)
...
006 (113604327.000.000) 2023-04-06 17:24:30 Image size of job updated: 5123808
	608  -  MemoryUsage of job (MB)
	621676  -  ResidentSetSize of job (KB)
...
006 (113604327.000.000) 2023-04-06 17:29:30 Image size of job updated: 5130884
	615  -  MemoryUsage of job (MB)
	628796  -  ResidentSetSize of job (KB)
...
006 (113604327.000.000) 2023-04-06 17:34:30 Image size of job updated: 5157628
	641  -  MemoryUsage of job (MB)
	655640  -  ResidentSetSize of job (KB)
...
006 (113604327.000.000) 2023-04-06 17:39:31 Image size of job updated: 5157628
	641  -  MemoryUsage of job (MB)
	655676  -  ResidentSetSize of job (KB)
...
006 (113604327.000.000) 2023-04-06 17:44:32 Image size of job updated: 5182372
	665  -  MemoryUsage of job (MB)
	680612  -  ResidentSetSize of job (KB)
...
006 (113604327.000.000) 2023-04-06 17:49:32 Image size of job updated: 5194824
	706  -  MemoryUsage of job (MB)
	722440  -  ResidentSetSize of job (KB)
...
006 (113604327.000.000) 2023-04-06 17:54:32 Image size of job updated: 5244668
	783  -  MemoryUsage of job (MB)
	801612  -  ResidentSetSize of job (KB)
...
006 (113604327.000.000) 2023-04-06 17:59:33 Image size of job updated: 5244668
	811  -  MemoryUsage of job (MB)
	829944  -  ResidentSetSize of job (KB)
...
006 (113604327.000.000) 2023-04-06 18:04:33 Image size of job updated: 5251184
	811  -  MemoryUsage of job (MB)
	829944  -  ResidentSetSize of job (KB)
...
006 (113604327.000.000) 2023-04-06 18:09:33 Image size of job updated: 5252944
	877  -  MemoryUsage of job (MB)
	897840  -  ResidentSetSize of job (KB)
...
006 (113604327.000.000) 2023-04-06 18:14:34 Image size of job updated: 5273152
	898  -  MemoryUsage of job (MB)
	918964  -  ResidentSetSize of job (KB)
...
006 (113604327.000.000) 2023-04-06 18:19:35 Image size of job updated: 5285436
	966  -  MemoryUsage of job (MB)
	988428  -  ResidentSetSize of job (KB)
...
006 (113604327.000.000) 2023-04-06 18:24:35 Image size of job updated: 5293604
	974  -  MemoryUsage of job (MB)
	997256  -  ResidentSetSize of job (KB)
...
006 (113604327.000.000) 2023-04-06 18:29:36 Image size of job updated: 5303760
	984  -  MemoryUsage of job (MB)
	1007532  -  ResidentSetSize of job (KB)
...
006 (113604327.000.000) 2023-04-06 18:34:37 Image size of job updated: 5341656
	1019  -  MemoryUsage of job (MB)
	1043380  -  ResidentSetSize of job (KB)
...
006 (113604327.000.000) 2023-04-06 18:39:37 Image size of job updated: 5349196
	1019  -  MemoryUsage of job (MB)
	1043380  -  ResidentSetSize of job (KB)
...
006 (113604327.000.000) 2023-04-06 19:24:42 Image size of job updated: 5349196
	1025  -  MemoryUsage of job (MB)
	1049284  -  ResidentSetSize of job (KB)
...
006 (113604327.000.000) 2023-04-06 19:29:43 Image size of job updated: 5350448
	1027  -  MemoryUsage of job (MB)
	1050872  -  ResidentSetSize of job (KB)
...
006 (113604327.000.000) 2023-04-06 19:34:43 Image size of job updated: 5367864
	1045  -  MemoryUsage of job (MB)
	1069084  -  ResidentSetSize of job (KB)
...
006 (113604327.000.000) 2023-04-06 19:39:43 Image size of job updated: 5372472
	1050  -  MemoryUsage of job (MB)
	1074640  -  ResidentSetSize of job (KB)
...
006 (113604327.000.000) 2023-04-06 19:44:44 Image size of job updated: 5390584
	1070  -  MemoryUsage of job (MB)
	1094992  -  ResidentSetSize of job (KB)
...
006 (113604327.000.000) 2023-04-06 19:49:45 Image size of job updated: 5428044
	1107  -  MemoryUsage of job (MB)
	1132656  -  ResidentSetSize of job (KB)
...
006 (113604327.000.000) 2023-04-06 19:54:45 Image size of job updated: 5428044
	1107  -  MemoryUsage of job (MB)
	1132824  -  ResidentSetSize of job (KB)
...
006 (113604327.000.000) 2023-04-06 19:59:46 Image size of job updated: 5436008
	1107  -  MemoryUsage of job (MB)
	1132824  -  ResidentSetSize of job (KB)
...
006 (113604327.000.000) 2023-04-06 20:04:47 Image size of job updated: 5442636
	1118  -  MemoryUsage of job (MB)
	1144344  -  ResidentSetSize of job (KB)
...
006 (113604327.000.000) 2023-04-06 20:09:47 Image size of job updated: 5442636
	1118  -  MemoryUsage of job (MB)
	1144372  -  ResidentSetSize of job (KB)
...
006 (113604327.000.000) 2023-04-06 20:14:47 Image size of job updated: 5448264
	1126  -  MemoryUsage of job (MB)
	1152012  -  ResidentSetSize of job (KB)
...
006 (113604327.000.000) 2023-04-06 20:19:48 Image size of job updated: 5448264
	1126  -  MemoryUsage of job (MB)
	1152028  -  ResidentSetSize of job (KB)
...
006 (113604327.000.000) 2023-04-06 20:24:49 Image size of job updated: 5469584
	1141  -  MemoryUsage of job (MB)
	1167488  -  ResidentSetSize of job (KB)
...
006 (113604327.000.000) 2023-04-06 20:29:49 Image size of job updated: 5469584
	1143  -  MemoryUsage of job (MB)
	1170180  -  ResidentSetSize of job (KB)
...
006 (113604327.000.000) 2023-04-06 20:34:50 Image size of job updated: 5490376
	1163  -  MemoryUsage of job (MB)
	1190764  -  ResidentSetSize of job (KB)
...
006 (113604327.000.000) 2023-04-06 20:39:51 Image size of job updated: 5496524
	1169  -  MemoryUsage of job (MB)
	1196980  -  ResidentSetSize of job (KB)
...
006 (113604327.000.000) 2023-04-06 20:44:51 Image size of job updated: 5498240
	1173  -  MemoryUsage of job (MB)
	1201148  -  ResidentSetSize of job (KB)
...
006 (113604327.000.000) 2023-04-06 20:49:51 Image size of job updated: 5571612
	1209  -  MemoryUsage of job (MB)
	1237520  -  ResidentSetSize of job (KB)
...
006 (113604327.000.000) 2023-04-06 20:54:52 Image size of job updated: 5571612
	1211  -  MemoryUsage of job (MB)
	1239568  -  ResidentSetSize of job (KB)
...
006 (113604327.000.000) 2023-04-06 20:59:53 Image size of job updated: 5577716
	1212  -  MemoryUsage of job (MB)
	1240160  -  ResidentSetSize of job (KB)
...
006 (113604327.000.000) 2023-04-06 21:04:53 Image size of job updated: 5577716
	1212  -  MemoryUsage of job (MB)
	1241036  -  ResidentSetSize of job (KB)
...
006 (113604327.000.000) 2023-04-06 21:09:54 Image size of job updated: 5577716
	1234  -  MemoryUsage of job (MB)
	1263048  -  ResidentSetSize of job (KB)
...
006 (113604327.000.000) 2023-04-06 21:14:55 Image size of job updated: 5594364
	1410  -  MemoryUsage of job (MB)
	1442848  -  ResidentSetSize of job (KB)
...
006 (113604327.000.000) 2023-04-06 21:19:55 Image size of job updated: 5594364
	1442  -  MemoryUsage of job (MB)
	1476124  -  ResidentSetSize of job (KB)
...
006 (113604327.000.000) 2023-04-06 21:24:55 Image size of job updated: 5630176
	1458  -  MemoryUsage of job (MB)
	1492132  -  ResidentSetSize of job (KB)
...
006 (113604327.000.000) 2023-04-06 21:29:56 Image size of job updated: 5630176
	1460  -  MemoryUsage of job (MB)
	1494180  -  ResidentSetSize of job (KB)
...
006 (113604327.000.000) 2023-04-06 21:44:57 Image size of job updated: 5630176
	1472  -  MemoryUsage of job (MB)
	1507056  -  ResidentSetSize of job (KB)
...
006 (113604327.000.000) 2023-04-06 21:49:58 Image size of job updated: 5630176
	1487  -  MemoryUsage of job (MB)
	1521992  -  ResidentSetSize of job (KB)
...
006 (113604327.000.000) 2023-04-06 21:54:59 Image size of job updated: 5671508
	1492  -  MemoryUsage of job (MB)
	1527256  -  ResidentSetSize of job (KB)
...
006 (113604327.000.000) 2023-04-06 21:59:59 Image size of job updated: 5671508
	1493  -  MemoryUsage of job (MB)
	1527820  -  ResidentSetSize of job (KB)
...
006 (113604327.000.000) 2023-04-06 22:25:02 Image size of job updated: 5671508
	1494  -  MemoryUsage of job (MB)
	1529260  -  ResidentSetSize of job (KB)
...
006 (113604327.000.000) 2023-04-06 22:30:03 Image size of job updated: 5679416
	1499  -  MemoryUsage of job (MB)
	1534096  -  ResidentSetSize of job (KB)
...
006 (113604327.000.000) 2023-04-06 22:35:03 Image size of job updated: 5679416
	1516  -  MemoryUsage of job (MB)
	1551788  -  ResidentSetSize of job (KB)
...
006 (113604327.000.000) 2023-04-06 22:40:03 Image size of job updated: 5679416
	1520  -  MemoryUsage of job (MB)
	1555996  -  ResidentSetSize of job (KB)
...
006 (113604327.000.000) 2023-04-06 23:10:07 Image size of job updated: 5679416
	1530  -  MemoryUsage of job (MB)
	1566564  -  ResidentSetSize of job (KB)
...
006 (113604327.000.000) 2023-04-06 23:15:07 Image size of job updated: 5679416
	1532  -  MemoryUsage of job (MB)
	1568356  -  ResidentSetSize of job (KB)
...
006 (113604327.000.000) 2023-04-06 23:20:08 Image size of job updated: 5679416
	1537  -  MemoryUsage of job (MB)
	1573352  -  ResidentSetSize of job (KB)
...
006 (113604327.000.000) 2023-04-06 23:30:09 Image size of job updated: 5679416
	1541  -  MemoryUsage of job (MB)
	1577112  -  ResidentSetSize of job (KB)
...
006 (113604327.000.000) 2023-04-06 23:35:09 Image size of job updated: 5679416
	1543  -  MemoryUsage of job (MB)
	1579720  -  ResidentSetSize of job (KB)
...
006 (113604327.000.000) 2023-04-06 23:40:10 Image size of job updated: 5705628
	1543  -  MemoryUsage of job (MB)
	1579720  -  ResidentSetSize of job (KB)
...
006 (113604327.000.000) 2023-04-07 00:05:13 Image size of job updated: 5705628
	1544  -  MemoryUsage of job (MB)
	1580252  -  ResidentSetSize of job (KB)
...
006 (113604327.000.000) 2023-04-07 00:10:13 Image size of job updated: 5709100
	1544  -  MemoryUsage of job (MB)
	1580252  -  ResidentSetSize of job (KB)
...
006 (113604327.000.000) 2023-04-07 00:30:16 Image size of job updated: 5748424
	1545  -  MemoryUsage of job (MB)
	1581396  -  ResidentSetSize of job (KB)
...
006 (113604327.000.000) 2023-04-07 00:35:18 Image size of job updated: 5748424
	1559  -  MemoryUsage of job (MB)
	1595604  -  ResidentSetSize of job (KB)
...
006 (113604327.000.000) 2023-04-07 00:40:18 Image size of job updated: 5767300
	1561  -  MemoryUsage of job (MB)
	1597708  -  ResidentSetSize of job (KB)
...
006 (113604327.000.000) 2023-04-07 00:45:18 Image size of job updated: 5767300
	1565  -  MemoryUsage of job (MB)
	1602116  -  ResidentSetSize of job (KB)
...
006 (113604327.000.000) 2023-04-07 02:35:30 Image size of job updated: 5767300
	1566  -  MemoryUsage of job (MB)
	1602676  -  ResidentSetSize of job (KB)
...
006 (113604327.000.000) 2023-04-07 02:40:30 Image size of job updated: 5767300
	1582  -  MemoryUsage of job (MB)
	1619928  -  ResidentSetSize of job (KB)
...
006 (113604327.000.000) 2023-04-07 02:45:31 Image size of job updated: 5767300
	1609  -  MemoryUsage of job (MB)
	1647476  -  ResidentSetSize of job (KB)
...
006 (113604327.000.000) 2023-04-07 03:55:39 Image size of job updated: 5781920
	1609  -  MemoryUsage of job (MB)
	1647476  -  ResidentSetSize of job (KB)
...
006 (113604327.000.000) 2023-04-07 04:15:41 Image size of job updated: 5882576
	1609  -  MemoryUsage of job (MB)
	1647476  -  ResidentSetSize of job (KB)
...
006 (113604327.000.000) 2023-04-07 06:25:54 Image size of job updated: 5882576
	1613  -  MemoryUsage of job (MB)
	1651320  -  ResidentSetSize of job (KB)
...
006 (113604327.000.000) 2023-04-07 07:46:02 Image size of job updated: 5882576
	1619  -  MemoryUsage of job (MB)
	1657432  -  ResidentSetSize of job (KB)
...
006 (113604327.000.000) 2023-04-07 10:06:17 Image size of job updated: 5882576
	1625  -  MemoryUsage of job (MB)
	1663068  -  ResidentSetSize of job (KB)
...
006 (113604327.000.000) 2023-04-07 10:16:17 Image size of job updated: 5882576
	1641  -  MemoryUsage of job (MB)
	1679532  -  ResidentSetSize of job (KB)
...
006 (113604327.000.000) 2023-04-07 10:21:18 Image size of job updated: 5882576
	1643  -  MemoryUsage of job (MB)
	1682172  -  ResidentSetSize of job (KB)
...
006 (113604327.000.000) 2023-04-07 10:26:19 Image size of job updated: 5919196
	1645  -  MemoryUsage of job (MB)
	1684400  -  ResidentSetSize of job (KB)
...
006 (113604327.000.000) 2023-04-07 10:31:19 Image size of job updated: 5919196
	1647  -  MemoryUsage of job (MB)
	1686448  -  ResidentSetSize of job (KB)
...
006 (113604327.000.000) 2023-04-07 10:51:21 Image size of job updated: 5919196
	1648  -  MemoryUsage of job (MB)
	1687496  -  ResidentSetSize of job (KB)
...
006 (113604327.000.000) 2023-04-07 10:56:22 Image size of job updated: 5919196
	1664  -  MemoryUsage of job (MB)
	1703296  -  ResidentSetSize of job (KB)
...
006 (113604327.000.000) 2023-04-07 11:01:23 Image size of job updated: 5919196
	1730  -  MemoryUsage of job (MB)
	1771088  -  ResidentSetSize of job (KB)
...
006 (113604327.000.000) 2023-04-07 12:01:30 Image size of job updated: 5948468
	1730  -  MemoryUsage of job (MB)
	1771088  -  ResidentSetSize of job (KB)
...
006 (113604327.000.000) 2023-04-07 12:16:31 Image size of job updated: 5954236
	1730  -  MemoryUsage of job (MB)
	1771088  -  ResidentSetSize of job (KB)
...
006 (113604327.000.000) 2023-04-07 13:21:38 Image size of job updated: 5965152
	1730  -  MemoryUsage of job (MB)
	1771088  -  ResidentSetSize of job (KB)
...
006 (113604327.000.000) 2023-04-07 13:36:39 Image size of job updated: 5984268
	1730  -  MemoryUsage of job (MB)
	1771088  -  ResidentSetSize of job (KB)
...
006 (113604327.000.000) 2023-04-07 13:56:41 Image size of job updated: 5984268
	1732  -  MemoryUsage of job (MB)
	1773296  -  ResidentSetSize of job (KB)
...
006 (113604327.000.000) 2023-04-07 14:11:42 Image size of job updated: 5984268
	1742  -  MemoryUsage of job (MB)
	1783152  -  ResidentSetSize of job (KB)
...
006 (113604327.000.000) 2023-04-07 14:21:43 Image size of job updated: 5984268
	1752  -  MemoryUsage of job (MB)
	1793692  -  ResidentSetSize of job (KB)
...
006 (113604327.000.000) 2023-04-07 14:31:44 Image size of job updated: 5984268
	1775  -  MemoryUsage of job (MB)
	1817368  -  ResidentSetSize of job (KB)
...
006 (113604327.000.000) 2023-04-07 15:06:47 Image size of job updated: 5993208
	1885  -  MemoryUsage of job (MB)
	1929724  -  ResidentSetSize of job (KB)
...
006 (113604327.000.000) 2023-04-07 15:11:48 Image size of job updated: 6008800
	1885  -  MemoryUsage of job (MB)
	1929724  -  ResidentSetSize of job (KB)
...
006 (113604327.000.000) 2023-04-07 16:31:55 Image size of job updated: 6060712
	1885  -  MemoryUsage of job (MB)
	1929724  -  ResidentSetSize of job (KB)
...
006 (113604327.000.000) 2023-04-07 16:46:57 Image size of job updated: 6065848
	1885  -  MemoryUsage of job (MB)
	1929724  -  ResidentSetSize of job (KB)
...
006 (113604327.000.000) 2023-04-07 17:17:01 Image size of job updated: 6078144
	1885  -  MemoryUsage of job (MB)
	1929724  -  ResidentSetSize of job (KB)
...
006 (113604327.000.000) 2023-04-07 17:32:03 Image size of job updated: 6084704
	1885  -  MemoryUsage of job (MB)
	1929724  -  ResidentSetSize of job (KB)
...
006 (113604327.000.000) 2023-04-07 17:42:03 Image size of job updated: 6105044
	1885  -  MemoryUsage of job (MB)
	1929724  -  ResidentSetSize of job (KB)
...
006 (113604327.000.000) 2023-04-07 18:52:10 Image size of job updated: 6105792
	1885  -  MemoryUsage of job (MB)
	1929724  -  ResidentSetSize of job (KB)
...
006 (113604327.000.000) 2023-04-07 19:22:13 Image size of job updated: 6105792
	1962  -  MemoryUsage of job (MB)
	2008204  -  ResidentSetSize of job (KB)
...
006 (113604327.000.000) 2023-04-07 19:37:14 Image size of job updated: 6107528
	1962  -  MemoryUsage of job (MB)
	2008204  -  ResidentSetSize of job (KB)
...
006 (113604327.000.000) 2023-04-07 19:47:15 Image size of job updated: 6159408
	1962  -  MemoryUsage of job (MB)
	2008204  -  ResidentSetSize of job (KB)
...
006 (113604327.000.000) 2023-04-07 20:02:17 Image size of job updated: 6166012
	1962  -  MemoryUsage of job (MB)
	2008204  -  ResidentSetSize of job (KB)
...
006 (113604327.000.000) 2023-04-07 20:12:18 Image size of job updated: 6170484
	1962  -  MemoryUsage of job (MB)
	2008204  -  ResidentSetSize of job (KB)
...
004 (113604327.000.000) 2023-04-07 20:19:36 Job was evicted.
	(0) CPU times
		Usr 3 22:44:36, Sys 0 00:04:21  -  Run Remote Usage
		Usr 0 00:00:00, Sys 0 00:00:00  -  Run Local Usage
	0  -  Run Bytes Sent By Job
	366  -  Run Bytes Received By Job
	Partitionable Resources :    Usage  Request Allocated 
	   Cpus                 :     5.93        1         1 
	   Disk (KB)            :  4439      500000    624248 
	   GPUs                 :                           0 
	   Memory (MB)          :  1962       20000     20096 
...
040 (113604327.000.000) 2023-04-07 20:22:09 Started transferring input files
	Transferring to host: <10.14.4.10:9618?addrs=10.14.4.10-9618&alias=node760.cluster.ldas.cit&noUDP&sock=slot1_2_82650_26da_9082>
...
040 (113604327.000.000) 2023-04-07 20:22:09 Finished transferring input files
...
001 (113604327.000.000) 2023-04-07 20:22:10 Job executing on host: <10.14.4.10:9618?addrs=10.14.4.10-9618&alias=node760.cluster.ldas.cit&noUDP&sock=startd_82612_8a02>
...
004 (113604327.000.000) 2023-04-08 20:56:05 Job was evicted.
	(0) CPU times
		Usr 2 05:37:01, Sys 0 00:12:34  -  Run Remote Usage
		Usr 0 00:00:00, Sys 0 00:00:00  -  Run Local Usage
	0  -  Run Bytes Sent By Job
	366  -  Run Bytes Received By Job
	Partitionable Resources :    Usage  Request Allocated 
	   Cpus                 :     3.89        1         1 
	   Disk (KB)            :  2984      500000    609620 
	   GPUs                 :                           0 
	   Memory (MB)          :  2198       20000     20096 
...
040 (113604327.000.000) 2023-04-08 20:58:10 Started transferring input files
	Transferring to host: <10.14.10.78:9618?addrs=10.14.10.78-9618&alias=node2328.cluster.ldas.cit&noUDP&sock=slot1_13_3409288_9087_5460>
...
040 (113604327.000.000) 2023-04-08 20:58:10 Finished transferring input files
...
001 (113604327.000.000) 2023-04-08 20:58:11 Job executing on host: <10.14.10.78:9618?addrs=10.14.10.78-9618&alias=node2328.cluster.ldas.cit&noUDP&sock=startd_3409247_7393>
...
006 (113604327.000.000) 2023-04-09 03:48:58 Image size of job updated: 7500000
	2273  -  MemoryUsage of job (MB)
	2326652  -  ResidentSetSize of job (KB)
...
006 (113604327.000.000) 2023-04-09 12:59:55 Image size of job updated: 7500000
	2503  -  MemoryUsage of job (MB)
	2562816  -  ResidentSetSize of job (KB)
...
006 (113604327.000.000) 2023-04-09 16:35:18 Image size of job updated: 7500000
	2528  -  MemoryUsage of job (MB)
	2588600  -  ResidentSetSize of job (KB)
...
006 (113604327.000.000) 2023-04-09 18:10:27 Image size of job updated: 7500000
	2547  -  MemoryUsage of job (MB)
	2608084  -  ResidentSetSize of job (KB)
...
004 (113604327.000.000) 2023-04-09 21:03:50 Job was evicted.
	(0) CPU times
		Usr 3 19:38:00, Sys 0 00:03:20  -  Run Remote Usage
		Usr 0 00:00:00, Sys 0 00:00:00  -  Run Local Usage
	0  -  Run Bytes Sent By Job
	366  -  Run Bytes Received By Job
	Partitionable Resources :    Usage  Request Allocated 
	   Cpus                 :     6.93        1         1 
	   Disk (KB)            :  3605      500000    624256 
	   GPUs                 :                           0 
	   Memory (MB)          :  2547       20000     20096 
...
040 (113604327.000.000) 2023-04-09 21:04:47 Started transferring input files
	Transferring to host: <10.14.4.38:9618?addrs=10.14.4.38-9618&alias=node788.cluster.ldas.cit&noUDP&sock=slot1_8_2206656_867e_24171>
...
040 (113604327.000.000) 2023-04-09 21:04:47 Finished transferring input files
...
001 (113604327.000.000) 2023-04-09 21:04:48 Job executing on host: <10.14.4.38:9618?addrs=10.14.4.38-9618&alias=node788.cluster.ldas.cit&noUDP&sock=startd_250850_d04c>
...
004 (113604327.000.000) 2023-04-10 23:32:07 Job was evicted.
	(0) CPU times
		Usr 2 14:24:28, Sys 0 00:06:10  -  Run Remote Usage
		Usr 0 00:00:00, Sys 0 00:00:00  -  Run Local Usage
	0  -  Run Bytes Sent By Job
	366  -  Run Bytes Received By Job
	Partitionable Resources :    Usage  Request Allocated 
	   Cpus                 :     1.71        1         1 
	   Disk (KB)            :  2909      500000    624256 
	   GPUs                 :                           0 
	   Memory (MB)          :  2686       20000     20096 
...
040 (113604327.000.000) 2023-04-10 23:33:10 Started transferring input files
	Transferring to host: <10.14.10.83:9618?addrs=10.14.10.83-9618&alias=node2333.cluster.ldas.cit&noUDP&sock=slot1_5_373726_8697_7546>
...
040 (113604327.000.000) 2023-04-10 23:33:10 Finished transferring input files
...
001 (113604327.000.000) 2023-04-10 23:33:11 Job executing on host: <10.14.10.83:9618?addrs=10.14.10.83-9618&alias=node2333.cluster.ldas.cit&noUDP&sock=startd_373685_681c>
...
006 (113604327.000.000) 2023-04-11 03:53:12 Image size of job updated: 13123288
	2686  -  MemoryUsage of job (MB)
	2750000  -  ResidentSetSize of job (KB)
...
040 (113604327.000.000) 2023-04-11 03:53:12 Started transferring output files
...
040 (113604327.000.000) 2023-04-11 03:53:12 Finished transferring output files
...
005 (113604327.000.000) 2023-04-11 03:53:12 Job terminated.
	(1) Normal termination (return value 0)
		Usr 0 16:58:24, Sys 0 00:00:53  -  Run Remote Usage
		Usr 0 00:00:00, Sys 0 00:00:00  -  Run Local Usage
		Usr 13 07:22:29, Sys 0 00:27:18  -  Total Remote Usage
		Usr 0 00:00:00, Sys 0 00:00:00  -  Total Local Usage
	2907282  -  Run Bytes Sent By Job
	366  -  Run Bytes Received By Job
	2907282  -  Total Bytes Sent By Job
	1830  -  Total Bytes Received By Job
	Partitionable Resources :    Usage  Request Allocated 
	   Cpus                 :     4.97        1         1 
	   Disk (KB)            :  2863      500000    624256 
	   GPUs                 :                           0 
	   Memory (MB)          :  2686       20000     20096 

	Job terminated of its own accord at 2023-04-11T10:53:12Z with exit-code 0.
...
