14:24 bilby INFO    : Waveform generator initiated with
  frequency_domain_source_model: bilby.gw.source.lal_binary_black_hole
  time_domain_source_model: None
  parameter_conversion: bilby.gw.conversion.convert_to_lal_binary_black_hole_parameters
14:24 bilby INFO    : Injected signal in H1:
14:24 bilby INFO    :   optimal SNR = 8.39
14:24 bilby INFO    :   matched filter SNR = 4.70-1.16j
14:24 bilby INFO    :   mass_1 = 108.5018621256205
14:24 bilby INFO    :   mass_2 = 78.53876629178181
14:24 bilby INFO    :   a_1 = 0.34926579827545795
14:24 bilby INFO    :   a_2 = 0.5841376829203655
14:24 bilby INFO    :   tilt_1 = 0.15962624674002698
14:24 bilby INFO    :   tilt_2 = 0.9238873680000537
14:24 bilby INFO    :   phi_12 = 4.269434330187604
14:24 bilby INFO    :   phi_jl = 5.158851402918945
14:24 bilby INFO    :   luminosity_distance = 5371.7804141748
14:24 bilby INFO    :   theta_jn = 2.54651446571925
14:24 bilby INFO    :   psi = 2.2067979322
14:24 bilby INFO    :   phase = 2.7310474786
14:24 bilby INFO    :   geocent_time = 1126259642.413
14:24 bilby INFO    :   ra = 3.8208946769
14:24 bilby INFO    :   dec = 2.3779887596
14:24 bilby INFO    : Injected signal in L1:
14:24 bilby INFO    :   optimal SNR = 10.58
14:24 bilby INFO    :   matched filter SNR = 10.08+0.94j
14:24 bilby INFO    :   mass_1 = 108.5018621256205
14:24 bilby INFO    :   mass_2 = 78.53876629178181
14:24 bilby INFO    :   a_1 = 0.34926579827545795
14:24 bilby INFO    :   a_2 = 0.5841376829203655
14:24 bilby INFO    :   tilt_1 = 0.15962624674002698
14:24 bilby INFO    :   tilt_2 = 0.9238873680000537
14:24 bilby INFO    :   phi_12 = 4.269434330187604
14:24 bilby INFO    :   phi_jl = 5.158851402918945
14:24 bilby INFO    :   luminosity_distance = 5371.7804141748
14:24 bilby INFO    :   theta_jn = 2.54651446571925
14:24 bilby INFO    :   psi = 2.2067979322
14:24 bilby INFO    :   phase = 2.7310474786
14:24 bilby INFO    :   geocent_time = 1126259642.413
14:24 bilby INFO    :   ra = 3.8208946769
14:24 bilby INFO    :   dec = 2.3779887596
14:24 bilby INFO    : Injected signal in V1:
14:24 bilby INFO    :   optimal SNR = 1.72
14:24 bilby INFO    :   matched filter SNR = 1.94+1.39j
14:24 bilby INFO    :   mass_1 = 108.5018621256205
14:24 bilby INFO    :   mass_2 = 78.53876629178181
14:24 bilby INFO    :   a_1 = 0.34926579827545795
14:24 bilby INFO    :   a_2 = 0.5841376829203655
14:24 bilby INFO    :   tilt_1 = 0.15962624674002698
14:24 bilby INFO    :   tilt_2 = 0.9238873680000537
14:24 bilby INFO    :   phi_12 = 4.269434330187604
14:24 bilby INFO    :   phi_jl = 5.158851402918945
14:24 bilby INFO    :   luminosity_distance = 5371.7804141748
14:24 bilby INFO    :   theta_jn = 2.54651446571925
14:24 bilby INFO    :   psi = 2.2067979322
14:24 bilby INFO    :   phase = 2.7310474786
14:24 bilby INFO    :   geocent_time = 1126259642.413
14:24 bilby INFO    :   ra = 3.8208946769
14:24 bilby INFO    :   dec = 2.3779887596
14:24 bilby INFO    : Running for label 'job_00630_fixedExtrinsic', output will be saved to '/home/simona.miller/comp-spin-mock-injections/Data/IndividualInferenceOutput/new_bilby/population2_mediumSpin_highmass'
14:24 bilby INFO    : Using lal version 7.3.0
14:24 bilby INFO    : Using lal git version Branch: None;Tag: lalsuite-v7.13;Id: ec1fcb1d2d1dab69321fdb8f0afef1f867b11e06;;Builder: Unknown User <>;Repository status: UNCLEAN: Modified working tree
14:24 bilby INFO    : Using lalsimulation version 5.0.0
14:24 bilby INFO    : Using lalsimulation git version Branch: None;Tag: lalsuite-v7.13;Id: ec1fcb1d2d1dab69321fdb8f0afef1f867b11e06;;Builder: Unknown User <>;Repository status: UNCLEAN: Modified working tree
14:25 bilby INFO    : Analysis priors:
14:25 bilby INFO    : chirp_mass=bilby.gw.prior.UniformInComponentsChirpMass(minimum=2, maximum=200, name='chirp_mass', latex_label='$\\mathcal{M}$', unit=None, boundary=None)
14:25 bilby INFO    : mass_ratio=bilby.gw.prior.UniformInComponentsMassRatio(minimum=0.05, maximum=1, name='mass_ratio', latex_label='$q$', unit=None, boundary=None, equal_mass=False)
14:25 bilby INFO    : a_1=Uniform(minimum=0, maximum=0.99, name='a_1', latex_label='$a_1$', unit=None, boundary=None)
14:25 bilby INFO    : a_2=Uniform(minimum=0, maximum=0.99, name='a_2', latex_label='$a_2$', unit=None, boundary=None)
14:25 bilby INFO    : tilt_1=Sine(minimum=0, maximum=3.141592653589793, name='tilt_1', latex_label='$\\theta_1$', unit=None, boundary=None)
14:25 bilby INFO    : tilt_2=Sine(minimum=0, maximum=3.141592653589793, name='tilt_2', latex_label='$\\theta_2$', unit=None, boundary=None)
14:25 bilby INFO    : phi_12=Uniform(minimum=0, maximum=6.283185307179586, name='phi_12', latex_label='$\\Delta\\phi$', unit=None, boundary='periodic')
14:25 bilby INFO    : phi_jl=Uniform(minimum=0, maximum=6.283185307179586, name='phi_jl', latex_label='$\\phi_{JL}$', unit=None, boundary='periodic')
14:25 bilby INFO    : mass_1=Constraint(minimum=98.5018621256205, maximum=118.5018621256205, name='mass_1', latex_label='$m_1$', unit=None)
14:25 bilby INFO    : mass_2=Constraint(minimum=68.53876629178181, maximum=88.53876629178181, name='mass_2', latex_label='$m_2$', unit=None)
14:25 bilby INFO    : ra=3.8208946769
14:25 bilby INFO    : dec=2.3779887596
14:25 bilby INFO    : geocent_time=1126259642.413
14:25 bilby INFO    : phase=2.7310474786
14:25 bilby INFO    : psi=2.2067979322
14:25 bilby INFO    : luminosity_distance=5371.7804141748
14:25 bilby INFO    : theta_jn=2.54651446571925
14:25 bilby INFO    : Analysis likelihood class: <class 'bilby.gw.likelihood.base.GravitationalWaveTransient'>
14:25 bilby INFO    : Analysis likelihood noise evidence: -24169.484246206644
14:25 bilby INFO    : Single likelihood evaluation took 5.119e-02 s
14:25 bilby INFO    : Using sampler Dynesty with kwargs {'nlive': 2000, 'bound': 'live', 'sample': 'act-walk', 'periodic': None, 'reflective': None, 'update_interval': 600, 'first_update': None, 'npdim': None, 'rstate': None, 'queue_size': 8, 'pool': None, 'use_pool': None, 'live_points': None, 'logl_args': None, 'logl_kwargs': None, 'ptform_args': None, 'ptform_kwargs': None, 'gradient': None, 'grad_args': None, 'grad_kwargs': None, 'compute_jac': False, 'enlarge': None, 'bootstrap': None, 'walks': 100, 'facc': 0.2, 'slices': None, 'fmove': 0.9, 'max_move': 100, 'update_func': None, 'ncdim': None, 'blob': False, 'save_history': False, 'history_filename': None, 'maxiter': None, 'maxcall': None, 'dlogz': 0.1, 'logl_max': inf, 'n_effective': None, 'add_live': True, 'print_progress': True, 'print_func': <bound method Dynesty._print_func of <bilby.core.sampler.dynesty.Dynesty object at 0x14563e839490>>, 'save_bounds': False, 'checkpoint_file': None, 'checkpoint_every': 60, 'resume': False}
14:25 bilby INFO    : Checkpoint every check_point_delta_t = 600s
14:25 bilby INFO    : Using dynesty version 2.1.0
14:25 bilby INFO    : Using the bilby-implemented rwalk sampling tracking the autocorrelation function and thinning by 5 with maximum length 25000
14:25 bilby INFO    : Setting up multiproccesing pool with 8 processes
14:25 bilby INFO    : Resume file /home/simona.miller/comp-spin-mock-injections/Data/IndividualInferenceOutput/new_bilby/population2_mediumSpin_highmass/job_00630_fixedExtrinsic_resume.pickle does not exist.
14:25 bilby INFO    : Generating initial points from the prior
14:38 bilby INFO    : Written checkpoint file /home/simona.miller/comp-spin-mock-injections/Data/IndividualInferenceOutput/new_bilby/population2_mediumSpin_highmass/job_00630_fixedExtrinsic_resume.pickle
14:49 bilby INFO    : Written checkpoint file /home/simona.miller/comp-spin-mock-injections/Data/IndividualInferenceOutput/new_bilby/population2_mediumSpin_highmass/job_00630_fixedExtrinsic_resume.pickle
14:59 bilby INFO    : Written checkpoint file /home/simona.miller/comp-spin-mock-injections/Data/IndividualInferenceOutput/new_bilby/population2_mediumSpin_highmass/job_00630_fixedExtrinsic_resume.pickle
15:10 bilby INFO    : Written checkpoint file /home/simona.miller/comp-spin-mock-injections/Data/IndividualInferenceOutput/new_bilby/population2_mediumSpin_highmass/job_00630_fixedExtrinsic_resume.pickle
15:20 bilby INFO    : Written checkpoint file /home/simona.miller/comp-spin-mock-injections/Data/IndividualInferenceOutput/new_bilby/population2_mediumSpin_highmass/job_00630_fixedExtrinsic_resume.pickle
15:31 bilby INFO    : Written checkpoint file /home/simona.miller/comp-spin-mock-injections/Data/IndividualInferenceOutput/new_bilby/population2_mediumSpin_highmass/job_00630_fixedExtrinsic_resume.pickle
15:41 bilby INFO    : Written checkpoint file /home/simona.miller/comp-spin-mock-injections/Data/IndividualInferenceOutput/new_bilby/population2_mediumSpin_highmass/job_00630_fixedExtrinsic_resume.pickle
15:52 bilby INFO    : Written checkpoint file /home/simona.miller/comp-spin-mock-injections/Data/IndividualInferenceOutput/new_bilby/population2_mediumSpin_highmass/job_00630_fixedExtrinsic_resume.pickle
16:03 bilby INFO    : Written checkpoint file /home/simona.miller/comp-spin-mock-injections/Data/IndividualInferenceOutput/new_bilby/population2_mediumSpin_highmass/job_00630_fixedExtrinsic_resume.pickle
16:14 bilby INFO    : Written checkpoint file /home/simona.miller/comp-spin-mock-injections/Data/IndividualInferenceOutput/new_bilby/population2_mediumSpin_highmass/job_00630_fixedExtrinsic_resume.pickle
16:25 bilby INFO    : Written checkpoint file /home/simona.miller/comp-spin-mock-injections/Data/IndividualInferenceOutput/new_bilby/population2_mediumSpin_highmass/job_00630_fixedExtrinsic_resume.pickle
16:36 bilby INFO    : Written checkpoint file /home/simona.miller/comp-spin-mock-injections/Data/IndividualInferenceOutput/new_bilby/population2_mediumSpin_highmass/job_00630_fixedExtrinsic_resume.pickle
16:48 bilby INFO    : Written checkpoint file /home/simona.miller/comp-spin-mock-injections/Data/IndividualInferenceOutput/new_bilby/population2_mediumSpin_highmass/job_00630_fixedExtrinsic_resume.pickle
16:59 bilby INFO    : Written checkpoint file /home/simona.miller/comp-spin-mock-injections/Data/IndividualInferenceOutput/new_bilby/population2_mediumSpin_highmass/job_00630_fixedExtrinsic_resume.pickle
17:10 bilby INFO    : Written checkpoint file /home/simona.miller/comp-spin-mock-injections/Data/IndividualInferenceOutput/new_bilby/population2_mediumSpin_highmass/job_00630_fixedExtrinsic_resume.pickle
17:21 bilby INFO    : Written checkpoint file /home/simona.miller/comp-spin-mock-injections/Data/IndividualInferenceOutput/new_bilby/population2_mediumSpin_highmass/job_00630_fixedExtrinsic_resume.pickle
17:34 bilby INFO    : Written checkpoint file /home/simona.miller/comp-spin-mock-injections/Data/IndividualInferenceOutput/new_bilby/population2_mediumSpin_highmass/job_00630_fixedExtrinsic_resume.pickle
17:46 bilby INFO    : Written checkpoint file /home/simona.miller/comp-spin-mock-injections/Data/IndividualInferenceOutput/new_bilby/population2_mediumSpin_highmass/job_00630_fixedExtrinsic_resume.pickle
17:57 bilby INFO    : Written checkpoint file /home/simona.miller/comp-spin-mock-injections/Data/IndividualInferenceOutput/new_bilby/population2_mediumSpin_highmass/job_00630_fixedExtrinsic_resume.pickle
18:10 bilby INFO    : Written checkpoint file /home/simona.miller/comp-spin-mock-injections/Data/IndividualInferenceOutput/new_bilby/population2_mediumSpin_highmass/job_00630_fixedExtrinsic_resume.pickle
18:22 bilby INFO    : Written checkpoint file /home/simona.miller/comp-spin-mock-injections/Data/IndividualInferenceOutput/new_bilby/population2_mediumSpin_highmass/job_00630_fixedExtrinsic_resume.pickle
18:33 bilby INFO    : Written checkpoint file /home/simona.miller/comp-spin-mock-injections/Data/IndividualInferenceOutput/new_bilby/population2_mediumSpin_highmass/job_00630_fixedExtrinsic_resume.pickle
18:44 bilby INFO    : Written checkpoint file /home/simona.miller/comp-spin-mock-injections/Data/IndividualInferenceOutput/new_bilby/population2_mediumSpin_highmass/job_00630_fixedExtrinsic_resume.pickle
18:57 bilby INFO    : Written checkpoint file /home/simona.miller/comp-spin-mock-injections/Data/IndividualInferenceOutput/new_bilby/population2_mediumSpin_highmass/job_00630_fixedExtrinsic_resume.pickle
19:08 bilby INFO    : Written checkpoint file /home/simona.miller/comp-spin-mock-injections/Data/IndividualInferenceOutput/new_bilby/population2_mediumSpin_highmass/job_00630_fixedExtrinsic_resume.pickle
19:19 bilby INFO    : Written checkpoint file /home/simona.miller/comp-spin-mock-injections/Data/IndividualInferenceOutput/new_bilby/population2_mediumSpin_highmass/job_00630_fixedExtrinsic_resume.pickle
19:33 bilby INFO    : Written checkpoint file /home/simona.miller/comp-spin-mock-injections/Data/IndividualInferenceOutput/new_bilby/population2_mediumSpin_highmass/job_00630_fixedExtrinsic_resume.pickle
19:44 bilby INFO    : Written checkpoint file /home/simona.miller/comp-spin-mock-injections/Data/IndividualInferenceOutput/new_bilby/population2_mediumSpin_highmass/job_00630_fixedExtrinsic_resume.pickle
20:01 bilby INFO    : Written checkpoint file /home/simona.miller/comp-spin-mock-injections/Data/IndividualInferenceOutput/new_bilby/population2_mediumSpin_highmass/job_00630_fixedExtrinsic_resume.pickle
20:02 bilby INFO    : Written checkpoint file /home/simona.miller/comp-spin-mock-injections/Data/IndividualInferenceOutput/new_bilby/population2_mediumSpin_highmass/job_00630_fixedExtrinsic_resume.pickle
20:02 bilby INFO    : Starting to close worker pool.
20:02 bilby INFO    : Finished closing worker pool.
20:02 bilby INFO    : Rejection sampling nested samples to obtain 7384 posterior samples
20:02 bilby INFO    : Sampling time: 5:33:59.209691
20:02 bilby INFO    : Computing per-detector log likelihoods.
20:02 bilby INFO    : Using a pool with size 8 for nsamples=7384
20:03 bilby INFO    : Generating sky frame parameters.
20:03 bilby INFO    : Computing SNRs for every sample.
20:03 bilby INFO    : Using a pool with size 8 for nsamples=7384
20:03 bilby INFO    : Summary of results:
nsamples: 7384
ln_noise_evidence: -24169.484
ln_evidence: -24112.597 +/-  0.057
ln_bayes_factor: 56.887 +/-  0.057

