16:41 bilby INFO    : Waveform generator initiated with
  frequency_domain_source_model: bilby.gw.source.lal_binary_black_hole
  time_domain_source_model: None
  parameter_conversion: bilby.gw.conversion.convert_to_lal_binary_black_hole_parameters
16:41 bilby INFO    : Injected signal in H1:
16:41 bilby INFO    :   optimal SNR = 6.68
16:41 bilby INFO    :   matched filter SNR = 6.80+0.13j
16:41 bilby INFO    :   mass_1 = 29.39174103337913
16:41 bilby INFO    :   mass_2 = 27.260264885878815
16:41 bilby INFO    :   a_1 = 0.14883801472914018
16:41 bilby INFO    :   a_2 = 0.2850712906578261
16:41 bilby INFO    :   tilt_1 = 0.8428577734481306
16:41 bilby INFO    :   tilt_2 = 1.8992158017380323
16:41 bilby INFO    :   phi_12 = 0.4052688058969629
16:41 bilby INFO    :   phi_jl = 2.0262196957772045
16:41 bilby INFO    :   luminosity_distance = 1485.0371498948
16:41 bilby INFO    :   theta_jn = 0.9829951927021737
16:41 bilby INFO    :   psi = 1.1822147251
16:41 bilby INFO    :   phase = 2.0192547727
16:41 bilby INFO    :   geocent_time = 1126259642.413
16:41 bilby INFO    :   ra = 1.0234491739
16:41 bilby INFO    :   dec = 4.1104843398
16:41 bilby INFO    : Injected signal in L1:
16:41 bilby INFO    :   optimal SNR = 8.12
16:41 bilby INFO    :   matched filter SNR = 7.30-0.00j
16:41 bilby INFO    :   mass_1 = 29.39174103337913
16:41 bilby INFO    :   mass_2 = 27.260264885878815
16:41 bilby INFO    :   a_1 = 0.14883801472914018
16:41 bilby INFO    :   a_2 = 0.2850712906578261
16:41 bilby INFO    :   tilt_1 = 0.8428577734481306
16:41 bilby INFO    :   tilt_2 = 1.8992158017380323
16:41 bilby INFO    :   phi_12 = 0.4052688058969629
16:41 bilby INFO    :   phi_jl = 2.0262196957772045
16:41 bilby INFO    :   luminosity_distance = 1485.0371498948
16:41 bilby INFO    :   theta_jn = 0.9829951927021737
16:41 bilby INFO    :   psi = 1.1822147251
16:41 bilby INFO    :   phase = 2.0192547727
16:41 bilby INFO    :   geocent_time = 1126259642.413
16:41 bilby INFO    :   ra = 1.0234491739
16:41 bilby INFO    :   dec = 4.1104843398
16:41 bilby INFO    : Injected signal in V1:
16:41 bilby INFO    :   optimal SNR = 2.21
16:41 bilby INFO    :   matched filter SNR = 2.52-0.91j
16:41 bilby INFO    :   mass_1 = 29.39174103337913
16:41 bilby INFO    :   mass_2 = 27.260264885878815
16:41 bilby INFO    :   a_1 = 0.14883801472914018
16:41 bilby INFO    :   a_2 = 0.2850712906578261
16:41 bilby INFO    :   tilt_1 = 0.8428577734481306
16:41 bilby INFO    :   tilt_2 = 1.8992158017380323
16:41 bilby INFO    :   phi_12 = 0.4052688058969629
16:41 bilby INFO    :   phi_jl = 2.0262196957772045
16:41 bilby INFO    :   luminosity_distance = 1485.0371498948
16:41 bilby INFO    :   theta_jn = 0.9829951927021737
16:41 bilby INFO    :   psi = 1.1822147251
16:41 bilby INFO    :   phase = 2.0192547727
16:41 bilby INFO    :   geocent_time = 1126259642.413
16:41 bilby INFO    :   ra = 1.0234491739
16:41 bilby INFO    :   dec = 4.1104843398
16:41 bilby INFO    : Running for label 'job_00108_fixedExtrinsic', output will be saved to '/home/simona.miller/comp-spin-mock-injections/Data/IndividualInferenceOutput/new_bilby/population2_mediumSpin_highmass'
16:41 bilby INFO    : Using lal version 7.3.0
16:41 bilby INFO    : Using lal git version Branch: None;Tag: lalsuite-v7.13;Id: ec1fcb1d2d1dab69321fdb8f0afef1f867b11e06;;Builder: Unknown User <>;Repository status: UNCLEAN: Modified working tree
16:41 bilby INFO    : Using lalsimulation version 5.0.0
16:41 bilby INFO    : Using lalsimulation git version Branch: None;Tag: lalsuite-v7.13;Id: ec1fcb1d2d1dab69321fdb8f0afef1f867b11e06;;Builder: Unknown User <>;Repository status: UNCLEAN: Modified working tree
16:41 bilby INFO    : Analysis priors:
16:41 bilby INFO    : chirp_mass=bilby.gw.prior.UniformInComponentsChirpMass(minimum=2, maximum=200, name='chirp_mass', latex_label='$\\mathcal{M}$', unit=None, boundary=None)
16:41 bilby INFO    : mass_ratio=bilby.gw.prior.UniformInComponentsMassRatio(minimum=0.05, maximum=1, name='mass_ratio', latex_label='$q$', unit=None, boundary=None, equal_mass=False)
16:41 bilby INFO    : a_1=Uniform(minimum=0, maximum=0.99, name='a_1', latex_label='$a_1$', unit=None, boundary=None)
16:41 bilby INFO    : a_2=Uniform(minimum=0, maximum=0.99, name='a_2', latex_label='$a_2$', unit=None, boundary=None)
16:41 bilby INFO    : tilt_1=Sine(minimum=0, maximum=3.141592653589793, name='tilt_1', latex_label='$\\theta_1$', unit=None, boundary=None)
16:41 bilby INFO    : tilt_2=Sine(minimum=0, maximum=3.141592653589793, name='tilt_2', latex_label='$\\theta_2$', unit=None, boundary=None)
16:41 bilby INFO    : phi_12=Uniform(minimum=0, maximum=6.283185307179586, name='phi_12', latex_label='$\\Delta\\phi$', unit=None, boundary='periodic')
16:41 bilby INFO    : phi_jl=Uniform(minimum=0, maximum=6.283185307179586, name='phi_jl', latex_label='$\\phi_{JL}$', unit=None, boundary='periodic')
16:41 bilby INFO    : mass_1=Constraint(minimum=19.39174103337913, maximum=39.391741033379134, name='mass_1', latex_label='$m_1$', unit=None)
16:41 bilby INFO    : mass_2=Constraint(minimum=17.260264885878815, maximum=37.26026488587881, name='mass_2', latex_label='$m_2$', unit=None)
16:41 bilby INFO    : ra=1.0234491739
16:41 bilby INFO    : dec=4.1104843398
16:41 bilby INFO    : geocent_time=1126259642.413
16:41 bilby INFO    : phase=2.0192547727
16:41 bilby INFO    : psi=1.1822147251
16:41 bilby INFO    : luminosity_distance=1485.0371498948
16:41 bilby INFO    : theta_jn=0.9829951927021737
16:41 bilby INFO    : Analysis likelihood class: <class 'bilby.gw.likelihood.base.GravitationalWaveTransient'>
16:41 bilby INFO    : Analysis likelihood noise evidence: -23753.72734211341
16:42 bilby INFO    : Single likelihood evaluation took 1.385e-01 s
16:42 bilby INFO    : Using sampler Dynesty with kwargs {'nlive': 2000, 'bound': 'live', 'sample': 'act-walk', 'periodic': None, 'reflective': None, 'update_interval': 600, 'first_update': None, 'npdim': None, 'rstate': None, 'queue_size': 8, 'pool': None, 'use_pool': None, 'live_points': None, 'logl_args': None, 'logl_kwargs': None, 'ptform_args': None, 'ptform_kwargs': None, 'gradient': None, 'grad_args': None, 'grad_kwargs': None, 'compute_jac': False, 'enlarge': None, 'bootstrap': None, 'walks': 100, 'facc': 0.2, 'slices': None, 'fmove': 0.9, 'max_move': 100, 'update_func': None, 'ncdim': None, 'blob': False, 'save_history': False, 'history_filename': None, 'maxiter': None, 'maxcall': None, 'dlogz': 0.1, 'logl_max': inf, 'n_effective': None, 'add_live': True, 'print_progress': True, 'print_func': <bound method Dynesty._print_func of <bilby.core.sampler.dynesty.Dynesty object at 0x1501a8cf3a30>>, 'save_bounds': False, 'checkpoint_file': None, 'checkpoint_every': 60, 'resume': False}
16:42 bilby INFO    : Checkpoint every check_point_delta_t = 600s
16:42 bilby INFO    : Using dynesty version 2.1.0
16:42 bilby INFO    : Using the bilby-implemented rwalk sampling tracking the autocorrelation function and thinning by 5 with maximum length 25000
16:42 bilby INFO    : Setting up multiproccesing pool with 8 processes
16:42 bilby INFO    : Reading resume file /home/simona.miller/comp-spin-mock-injections/Data/IndividualInferenceOutput/new_bilby/population2_mediumSpin_highmass/job_00108_fixedExtrinsic_resume.pickle
16:42 bilby INFO    : Resume file successfully loaded.
17:17 bilby INFO    : Written checkpoint file /home/simona.miller/comp-spin-mock-injections/Data/IndividualInferenceOutput/new_bilby/population2_mediumSpin_highmass/job_00108_fixedExtrinsic_resume.pickle
17:41 bilby INFO    : Written checkpoint file /home/simona.miller/comp-spin-mock-injections/Data/IndividualInferenceOutput/new_bilby/population2_mediumSpin_highmass/job_00108_fixedExtrinsic_resume.pickle
18:10 bilby INFO    : Written checkpoint file /home/simona.miller/comp-spin-mock-injections/Data/IndividualInferenceOutput/new_bilby/population2_mediumSpin_highmass/job_00108_fixedExtrinsic_resume.pickle
18:42 bilby INFO    : Written checkpoint file /home/simona.miller/comp-spin-mock-injections/Data/IndividualInferenceOutput/new_bilby/population2_mediumSpin_highmass/job_00108_fixedExtrinsic_resume.pickle
19:23 bilby INFO    : Written checkpoint file /home/simona.miller/comp-spin-mock-injections/Data/IndividualInferenceOutput/new_bilby/population2_mediumSpin_highmass/job_00108_fixedExtrinsic_resume.pickle
20:06 bilby INFO    : Written checkpoint file /home/simona.miller/comp-spin-mock-injections/Data/IndividualInferenceOutput/new_bilby/population2_mediumSpin_highmass/job_00108_fixedExtrinsic_resume.pickle
20:21 bilby INFO    : Written checkpoint file /home/simona.miller/comp-spin-mock-injections/Data/IndividualInferenceOutput/new_bilby/population2_mediumSpin_highmass/job_00108_fixedExtrinsic_resume.pickle
21:45 bilby INFO    : Written checkpoint file /home/simona.miller/comp-spin-mock-injections/Data/IndividualInferenceOutput/new_bilby/population2_mediumSpin_highmass/job_00108_fixedExtrinsic_resume.pickle
23:03 bilby INFO    : Written checkpoint file /home/simona.miller/comp-spin-mock-injections/Data/IndividualInferenceOutput/new_bilby/population2_mediumSpin_highmass/job_00108_fixedExtrinsic_resume.pickle
23:50 bilby INFO    : Written checkpoint file /home/simona.miller/comp-spin-mock-injections/Data/IndividualInferenceOutput/new_bilby/population2_mediumSpin_highmass/job_00108_fixedExtrinsic_resume.pickle
00:34 bilby INFO    : Written checkpoint file /home/simona.miller/comp-spin-mock-injections/Data/IndividualInferenceOutput/new_bilby/population2_mediumSpin_highmass/job_00108_fixedExtrinsic_resume.pickle
01:15 bilby INFO    : Written checkpoint file /home/simona.miller/comp-spin-mock-injections/Data/IndividualInferenceOutput/new_bilby/population2_mediumSpin_highmass/job_00108_fixedExtrinsic_resume.pickle
01:44 bilby INFO    : Written checkpoint file /home/simona.miller/comp-spin-mock-injections/Data/IndividualInferenceOutput/new_bilby/population2_mediumSpin_highmass/job_00108_fixedExtrinsic_resume.pickle
02:14 bilby INFO    : Written checkpoint file /home/simona.miller/comp-spin-mock-injections/Data/IndividualInferenceOutput/new_bilby/population2_mediumSpin_highmass/job_00108_fixedExtrinsic_resume.pickle
02:54 bilby INFO    : Written checkpoint file /home/simona.miller/comp-spin-mock-injections/Data/IndividualInferenceOutput/new_bilby/population2_mediumSpin_highmass/job_00108_fixedExtrinsic_resume.pickle
03:43 bilby INFO    : Written checkpoint file /home/simona.miller/comp-spin-mock-injections/Data/IndividualInferenceOutput/new_bilby/population2_mediumSpin_highmass/job_00108_fixedExtrinsic_resume.pickle
03:59 bilby INFO    : Written checkpoint file /home/simona.miller/comp-spin-mock-injections/Data/IndividualInferenceOutput/new_bilby/population2_mediumSpin_highmass/job_00108_fixedExtrinsic_resume.pickle
04:27 bilby INFO    : Written checkpoint file /home/simona.miller/comp-spin-mock-injections/Data/IndividualInferenceOutput/new_bilby/population2_mediumSpin_highmass/job_00108_fixedExtrinsic_resume.pickle
04:40 bilby INFO    : Written checkpoint file /home/simona.miller/comp-spin-mock-injections/Data/IndividualInferenceOutput/new_bilby/population2_mediumSpin_highmass/job_00108_fixedExtrinsic_resume.pickle
05:38 bilby INFO    : Written checkpoint file /home/simona.miller/comp-spin-mock-injections/Data/IndividualInferenceOutput/new_bilby/population2_mediumSpin_highmass/job_00108_fixedExtrinsic_resume.pickle
06:28 bilby INFO    : Written checkpoint file /home/simona.miller/comp-spin-mock-injections/Data/IndividualInferenceOutput/new_bilby/population2_mediumSpin_highmass/job_00108_fixedExtrinsic_resume.pickle
07:38 bilby INFO    : Written checkpoint file /home/simona.miller/comp-spin-mock-injections/Data/IndividualInferenceOutput/new_bilby/population2_mediumSpin_highmass/job_00108_fixedExtrinsic_resume.pickle
08:15 bilby INFO    : Written checkpoint file /home/simona.miller/comp-spin-mock-injections/Data/IndividualInferenceOutput/new_bilby/population2_mediumSpin_highmass/job_00108_fixedExtrinsic_resume.pickle
08:17 bilby INFO    : Written checkpoint file /home/simona.miller/comp-spin-mock-injections/Data/IndividualInferenceOutput/new_bilby/population2_mediumSpin_highmass/job_00108_fixedExtrinsic_resume.pickle
08:18 bilby INFO    : Starting to close worker pool.
08:18 bilby INFO    : Finished closing worker pool.
08:19 bilby INFO    : Rejection sampling nested samples to obtain 7303 posterior samples
08:19 bilby INFO    : Sampling time: 2 days, 15:41:11.445440
08:24 bilby INFO    : Computing per-detector log likelihoods.
08:24 bilby INFO    : Using a pool with size 8 for nsamples=7303
08:26 bilby INFO    : Generating sky frame parameters.
08:26 bilby INFO    : Computing SNRs for every sample.
08:26 bilby INFO    : Using a pool with size 8 for nsamples=7303
08:27 bilby INFO    : Summary of results:
nsamples: 7303
ln_noise_evidence: -23753.727
ln_evidence: -23707.703 +/-  0.059
ln_bayes_factor: 46.024 +/-  0.059

