14:24 bilby INFO    : Waveform generator initiated with
  frequency_domain_source_model: bilby.gw.source.lal_binary_black_hole
  time_domain_source_model: None
  parameter_conversion: bilby.gw.conversion.convert_to_lal_binary_black_hole_parameters
14:24 bilby INFO    : Injected signal in H1:
14:24 bilby INFO    :   optimal SNR = 8.11
14:24 bilby INFO    :   matched filter SNR = 6.74-0.24j
14:24 bilby INFO    :   mass_1 = 36.86773914295174
14:24 bilby INFO    :   mass_2 = 35.11733824408772
14:24 bilby INFO    :   a_1 = 0.2122185559111348
14:24 bilby INFO    :   a_2 = 0.19576124306475506
14:24 bilby INFO    :   tilt_1 = 0.9609291601758111
14:24 bilby INFO    :   tilt_2 = 1.3954651409272876
14:24 bilby INFO    :   phi_12 = 0.9164185087747653
14:24 bilby INFO    :   phi_jl = 5.697306873307397
14:24 bilby INFO    :   luminosity_distance = 1672.8778488867
14:24 bilby INFO    :   theta_jn = 0.47067609807615624
14:24 bilby INFO    :   psi = 1.3745233658
14:24 bilby INFO    :   phase = 2.5145604434
14:24 bilby INFO    :   geocent_time = 1126259642.413
14:24 bilby INFO    :   ra = 4.7792629922
14:24 bilby INFO    :   dec = 4.0575956813
14:24 bilby INFO    : Injected signal in L1:
14:24 bilby INFO    :   optimal SNR = 8.05
14:24 bilby INFO    :   matched filter SNR = 7.74-1.54j
14:24 bilby INFO    :   mass_1 = 36.86773914295174
14:24 bilby INFO    :   mass_2 = 35.11733824408772
14:24 bilby INFO    :   a_1 = 0.2122185559111348
14:24 bilby INFO    :   a_2 = 0.19576124306475506
14:24 bilby INFO    :   tilt_1 = 0.9609291601758111
14:24 bilby INFO    :   tilt_2 = 1.3954651409272876
14:24 bilby INFO    :   phi_12 = 0.9164185087747653
14:24 bilby INFO    :   phi_jl = 5.697306873307397
14:24 bilby INFO    :   luminosity_distance = 1672.8778488867
14:24 bilby INFO    :   theta_jn = 0.47067609807615624
14:24 bilby INFO    :   psi = 1.3745233658
14:24 bilby INFO    :   phase = 2.5145604434
14:24 bilby INFO    :   geocent_time = 1126259642.413
14:24 bilby INFO    :   ra = 4.7792629922
14:24 bilby INFO    :   dec = 4.0575956813
14:24 bilby INFO    : Injected signal in V1:
14:24 bilby INFO    :   optimal SNR = 3.21
14:24 bilby INFO    :   matched filter SNR = 3.02+0.10j
14:24 bilby INFO    :   mass_1 = 36.86773914295174
14:24 bilby INFO    :   mass_2 = 35.11733824408772
14:24 bilby INFO    :   a_1 = 0.2122185559111348
14:24 bilby INFO    :   a_2 = 0.19576124306475506
14:24 bilby INFO    :   tilt_1 = 0.9609291601758111
14:24 bilby INFO    :   tilt_2 = 1.3954651409272876
14:24 bilby INFO    :   phi_12 = 0.9164185087747653
14:24 bilby INFO    :   phi_jl = 5.697306873307397
14:24 bilby INFO    :   luminosity_distance = 1672.8778488867
14:24 bilby INFO    :   theta_jn = 0.47067609807615624
14:24 bilby INFO    :   psi = 1.3745233658
14:24 bilby INFO    :   phase = 2.5145604434
14:24 bilby INFO    :   geocent_time = 1126259642.413
14:24 bilby INFO    :   ra = 4.7792629922
14:24 bilby INFO    :   dec = 4.0575956813
14:24 bilby INFO    : Running for label 'job_00390_fixedExtrinsic', output will be saved to '/home/simona.miller/comp-spin-mock-injections/Data/IndividualInferenceOutput/new_bilby/population2_mediumSpin_highmass'
14:24 bilby INFO    : Using lal version 7.3.0
14:24 bilby INFO    : Using lal git version Branch: None;Tag: lalsuite-v7.13;Id: ec1fcb1d2d1dab69321fdb8f0afef1f867b11e06;;Builder: Unknown User <>;Repository status: UNCLEAN: Modified working tree
14:24 bilby INFO    : Using lalsimulation version 5.0.0
14:24 bilby INFO    : Using lalsimulation git version Branch: None;Tag: lalsuite-v7.13;Id: ec1fcb1d2d1dab69321fdb8f0afef1f867b11e06;;Builder: Unknown User <>;Repository status: UNCLEAN: Modified working tree
14:24 bilby INFO    : Analysis priors:
14:24 bilby INFO    : chirp_mass=bilby.gw.prior.UniformInComponentsChirpMass(minimum=2, maximum=200, name='chirp_mass', latex_label='$\\mathcal{M}$', unit=None, boundary=None)
14:24 bilby INFO    : mass_ratio=bilby.gw.prior.UniformInComponentsMassRatio(minimum=0.05, maximum=1, name='mass_ratio', latex_label='$q$', unit=None, boundary=None, equal_mass=False)
14:24 bilby INFO    : a_1=Uniform(minimum=0, maximum=0.99, name='a_1', latex_label='$a_1$', unit=None, boundary=None)
14:24 bilby INFO    : a_2=Uniform(minimum=0, maximum=0.99, name='a_2', latex_label='$a_2$', unit=None, boundary=None)
14:24 bilby INFO    : tilt_1=Sine(minimum=0, maximum=3.141592653589793, name='tilt_1', latex_label='$\\theta_1$', unit=None, boundary=None)
14:24 bilby INFO    : tilt_2=Sine(minimum=0, maximum=3.141592653589793, name='tilt_2', latex_label='$\\theta_2$', unit=None, boundary=None)
14:24 bilby INFO    : phi_12=Uniform(minimum=0, maximum=6.283185307179586, name='phi_12', latex_label='$\\Delta\\phi$', unit=None, boundary='periodic')
14:24 bilby INFO    : phi_jl=Uniform(minimum=0, maximum=6.283185307179586, name='phi_jl', latex_label='$\\phi_{JL}$', unit=None, boundary='periodic')
14:24 bilby INFO    : mass_1=Constraint(minimum=26.86773914295174, maximum=46.86773914295174, name='mass_1', latex_label='$m_1$', unit=None)
14:24 bilby INFO    : mass_2=Constraint(minimum=25.11733824408772, maximum=45.11733824408772, name='mass_2', latex_label='$m_2$', unit=None)
14:24 bilby INFO    : ra=4.7792629922
14:24 bilby INFO    : dec=4.0575956813
14:24 bilby INFO    : geocent_time=1126259642.413
14:24 bilby INFO    : phase=2.5145604434
14:24 bilby INFO    : psi=1.3745233658
14:24 bilby INFO    : luminosity_distance=1672.8778488867
14:24 bilby INFO    : theta_jn=0.47067609807615624
14:24 bilby INFO    : Analysis likelihood class: <class 'bilby.gw.likelihood.base.GravitationalWaveTransient'>
14:24 bilby INFO    : Analysis likelihood noise evidence: -24169.905551989257
14:25 bilby INFO    : Single likelihood evaluation took 7.684e-02 s
14:25 bilby INFO    : Using sampler Dynesty with kwargs {'nlive': 2000, 'bound': 'live', 'sample': 'act-walk', 'periodic': None, 'reflective': None, 'update_interval': 600, 'first_update': None, 'npdim': None, 'rstate': None, 'queue_size': 8, 'pool': None, 'use_pool': None, 'live_points': None, 'logl_args': None, 'logl_kwargs': None, 'ptform_args': None, 'ptform_kwargs': None, 'gradient': None, 'grad_args': None, 'grad_kwargs': None, 'compute_jac': False, 'enlarge': None, 'bootstrap': None, 'walks': 100, 'facc': 0.2, 'slices': None, 'fmove': 0.9, 'max_move': 100, 'update_func': None, 'ncdim': None, 'blob': False, 'save_history': False, 'history_filename': None, 'maxiter': None, 'maxcall': None, 'dlogz': 0.1, 'logl_max': inf, 'n_effective': None, 'add_live': True, 'print_progress': True, 'print_func': <bound method Dynesty._print_func of <bilby.core.sampler.dynesty.Dynesty object at 0x1552fc779d00>>, 'save_bounds': False, 'checkpoint_file': None, 'checkpoint_every': 60, 'resume': False}
14:25 bilby INFO    : Checkpoint every check_point_delta_t = 600s
14:25 bilby INFO    : Using dynesty version 2.1.0
14:25 bilby INFO    : Using the bilby-implemented rwalk sampling tracking the autocorrelation function and thinning by 5 with maximum length 25000
14:25 bilby INFO    : Setting up multiproccesing pool with 8 processes
14:25 bilby INFO    : Resume file /home/simona.miller/comp-spin-mock-injections/Data/IndividualInferenceOutput/new_bilby/population2_mediumSpin_highmass/job_00390_fixedExtrinsic_resume.pickle does not exist.
14:25 bilby INFO    : Generating initial points from the prior
14:41 bilby INFO    : Written checkpoint file /home/simona.miller/comp-spin-mock-injections/Data/IndividualInferenceOutput/new_bilby/population2_mediumSpin_highmass/job_00390_fixedExtrinsic_resume.pickle
14:52 bilby INFO    : Written checkpoint file /home/simona.miller/comp-spin-mock-injections/Data/IndividualInferenceOutput/new_bilby/population2_mediumSpin_highmass/job_00390_fixedExtrinsic_resume.pickle
15:02 bilby INFO    : Written checkpoint file /home/simona.miller/comp-spin-mock-injections/Data/IndividualInferenceOutput/new_bilby/population2_mediumSpin_highmass/job_00390_fixedExtrinsic_resume.pickle
15:13 bilby INFO    : Written checkpoint file /home/simona.miller/comp-spin-mock-injections/Data/IndividualInferenceOutput/new_bilby/population2_mediumSpin_highmass/job_00390_fixedExtrinsic_resume.pickle
15:24 bilby INFO    : Written checkpoint file /home/simona.miller/comp-spin-mock-injections/Data/IndividualInferenceOutput/new_bilby/population2_mediumSpin_highmass/job_00390_fixedExtrinsic_resume.pickle
15:35 bilby INFO    : Written checkpoint file /home/simona.miller/comp-spin-mock-injections/Data/IndividualInferenceOutput/new_bilby/population2_mediumSpin_highmass/job_00390_fixedExtrinsic_resume.pickle
15:45 bilby INFO    : Written checkpoint file /home/simona.miller/comp-spin-mock-injections/Data/IndividualInferenceOutput/new_bilby/population2_mediumSpin_highmass/job_00390_fixedExtrinsic_resume.pickle
15:56 bilby INFO    : Written checkpoint file /home/simona.miller/comp-spin-mock-injections/Data/IndividualInferenceOutput/new_bilby/population2_mediumSpin_highmass/job_00390_fixedExtrinsic_resume.pickle
16:08 bilby INFO    : Written checkpoint file /home/simona.miller/comp-spin-mock-injections/Data/IndividualInferenceOutput/new_bilby/population2_mediumSpin_highmass/job_00390_fixedExtrinsic_resume.pickle
16:18 bilby INFO    : Written checkpoint file /home/simona.miller/comp-spin-mock-injections/Data/IndividualInferenceOutput/new_bilby/population2_mediumSpin_highmass/job_00390_fixedExtrinsic_resume.pickle
16:29 bilby INFO    : Written checkpoint file /home/simona.miller/comp-spin-mock-injections/Data/IndividualInferenceOutput/new_bilby/population2_mediumSpin_highmass/job_00390_fixedExtrinsic_resume.pickle
16:40 bilby INFO    : Written checkpoint file /home/simona.miller/comp-spin-mock-injections/Data/IndividualInferenceOutput/new_bilby/population2_mediumSpin_highmass/job_00390_fixedExtrinsic_resume.pickle
16:51 bilby INFO    : Written checkpoint file /home/simona.miller/comp-spin-mock-injections/Data/IndividualInferenceOutput/new_bilby/population2_mediumSpin_highmass/job_00390_fixedExtrinsic_resume.pickle
17:02 bilby INFO    : Written checkpoint file /home/simona.miller/comp-spin-mock-injections/Data/IndividualInferenceOutput/new_bilby/population2_mediumSpin_highmass/job_00390_fixedExtrinsic_resume.pickle
17:16 bilby INFO    : Written checkpoint file /home/simona.miller/comp-spin-mock-injections/Data/IndividualInferenceOutput/new_bilby/population2_mediumSpin_highmass/job_00390_fixedExtrinsic_resume.pickle
17:28 bilby INFO    : Written checkpoint file /home/simona.miller/comp-spin-mock-injections/Data/IndividualInferenceOutput/new_bilby/population2_mediumSpin_highmass/job_00390_fixedExtrinsic_resume.pickle
17:41 bilby INFO    : Written checkpoint file /home/simona.miller/comp-spin-mock-injections/Data/IndividualInferenceOutput/new_bilby/population2_mediumSpin_highmass/job_00390_fixedExtrinsic_resume.pickle
17:53 bilby INFO    : Written checkpoint file /home/simona.miller/comp-spin-mock-injections/Data/IndividualInferenceOutput/new_bilby/population2_mediumSpin_highmass/job_00390_fixedExtrinsic_resume.pickle
18:03 bilby INFO    : Written checkpoint file /home/simona.miller/comp-spin-mock-injections/Data/IndividualInferenceOutput/new_bilby/population2_mediumSpin_highmass/job_00390_fixedExtrinsic_resume.pickle
18:18 bilby INFO    : Written checkpoint file /home/simona.miller/comp-spin-mock-injections/Data/IndividualInferenceOutput/new_bilby/population2_mediumSpin_highmass/job_00390_fixedExtrinsic_resume.pickle
18:29 bilby INFO    : Written checkpoint file /home/simona.miller/comp-spin-mock-injections/Data/IndividualInferenceOutput/new_bilby/population2_mediumSpin_highmass/job_00390_fixedExtrinsic_resume.pickle
18:43 bilby INFO    : Written checkpoint file /home/simona.miller/comp-spin-mock-injections/Data/IndividualInferenceOutput/new_bilby/population2_mediumSpin_highmass/job_00390_fixedExtrinsic_resume.pickle
18:56 bilby INFO    : Written checkpoint file /home/simona.miller/comp-spin-mock-injections/Data/IndividualInferenceOutput/new_bilby/population2_mediumSpin_highmass/job_00390_fixedExtrinsic_resume.pickle
19:08 bilby INFO    : Written checkpoint file /home/simona.miller/comp-spin-mock-injections/Data/IndividualInferenceOutput/new_bilby/population2_mediumSpin_highmass/job_00390_fixedExtrinsic_resume.pickle
19:20 bilby INFO    : Written checkpoint file /home/simona.miller/comp-spin-mock-injections/Data/IndividualInferenceOutput/new_bilby/population2_mediumSpin_highmass/job_00390_fixedExtrinsic_resume.pickle
19:31 bilby INFO    : Written checkpoint file /home/simona.miller/comp-spin-mock-injections/Data/IndividualInferenceOutput/new_bilby/population2_mediumSpin_highmass/job_00390_fixedExtrinsic_resume.pickle
19:42 bilby INFO    : Written checkpoint file /home/simona.miller/comp-spin-mock-injections/Data/IndividualInferenceOutput/new_bilby/population2_mediumSpin_highmass/job_00390_fixedExtrinsic_resume.pickle
19:53 bilby INFO    : Written checkpoint file /home/simona.miller/comp-spin-mock-injections/Data/IndividualInferenceOutput/new_bilby/population2_mediumSpin_highmass/job_00390_fixedExtrinsic_resume.pickle
20:06 bilby INFO    : Written checkpoint file /home/simona.miller/comp-spin-mock-injections/Data/IndividualInferenceOutput/new_bilby/population2_mediumSpin_highmass/job_00390_fixedExtrinsic_resume.pickle
20:18 bilby INFO    : Written checkpoint file /home/simona.miller/comp-spin-mock-injections/Data/IndividualInferenceOutput/new_bilby/population2_mediumSpin_highmass/job_00390_fixedExtrinsic_resume.pickle
20:32 bilby INFO    : Written checkpoint file /home/simona.miller/comp-spin-mock-injections/Data/IndividualInferenceOutput/new_bilby/population2_mediumSpin_highmass/job_00390_fixedExtrinsic_resume.pickle
20:47 bilby INFO    : Written checkpoint file /home/simona.miller/comp-spin-mock-injections/Data/IndividualInferenceOutput/new_bilby/population2_mediumSpin_highmass/job_00390_fixedExtrinsic_resume.pickle
21:06 bilby INFO    : Written checkpoint file /home/simona.miller/comp-spin-mock-injections/Data/IndividualInferenceOutput/new_bilby/population2_mediumSpin_highmass/job_00390_fixedExtrinsic_resume.pickle
21:17 bilby INFO    : Written checkpoint file /home/simona.miller/comp-spin-mock-injections/Data/IndividualInferenceOutput/new_bilby/population2_mediumSpin_highmass/job_00390_fixedExtrinsic_resume.pickle
21:30 bilby INFO    : Written checkpoint file /home/simona.miller/comp-spin-mock-injections/Data/IndividualInferenceOutput/new_bilby/population2_mediumSpin_highmass/job_00390_fixedExtrinsic_resume.pickle
21:42 bilby INFO    : Written checkpoint file /home/simona.miller/comp-spin-mock-injections/Data/IndividualInferenceOutput/new_bilby/population2_mediumSpin_highmass/job_00390_fixedExtrinsic_resume.pickle
22:08 bilby INFO    : Written checkpoint file /home/simona.miller/comp-spin-mock-injections/Data/IndividualInferenceOutput/new_bilby/population2_mediumSpin_highmass/job_00390_fixedExtrinsic_resume.pickle
22:25 bilby INFO    : Written checkpoint file /home/simona.miller/comp-spin-mock-injections/Data/IndividualInferenceOutput/new_bilby/population2_mediumSpin_highmass/job_00390_fixedExtrinsic_resume.pickle
22:32 bilby INFO    : Written checkpoint file /home/simona.miller/comp-spin-mock-injections/Data/IndividualInferenceOutput/new_bilby/population2_mediumSpin_highmass/job_00390_fixedExtrinsic_resume.pickle
22:32 bilby INFO    : Starting to close worker pool.
22:32 bilby INFO    : Finished closing worker pool.
22:33 bilby INFO    : Rejection sampling nested samples to obtain 5747 posterior samples
22:33 bilby INFO    : Sampling time: 8:01:06.801821
22:33 bilby INFO    : Computing per-detector log likelihoods.
22:33 bilby INFO    : Using a pool with size 8 for nsamples=5747
22:33 bilby INFO    : Generating sky frame parameters.
22:33 bilby INFO    : Computing SNRs for every sample.
22:33 bilby INFO    : Using a pool with size 8 for nsamples=5747
22:33 bilby INFO    : Summary of results:
nsamples: 5747
ln_noise_evidence: -24169.906
ln_evidence: -24116.551 +/-  0.056
ln_bayes_factor: 53.355 +/-  0.056

