000 (113449656.000.000) 2023-03-29 17:01:31 Job submitted from host: <10.14.0.160:9618?addrs=10.14.0.160-9618&alias=ldas-pcdev2.ligo.caltech.edu&noUDP&sock=schedd_7450_a8a7>
    DAG Node: 108
...
040 (113449656.000.000) 2023-03-29 17:36:33 Started transferring input files
	Transferring to host: <10.14.9.194:9618?addrs=10.14.9.194-9618&alias=node2194.cluster.ldas.cit&noUDP&sock=slot1_2_189911_3ac4_88719>
...
040 (113449656.000.000) 2023-03-29 17:36:33 Finished transferring input files
...
001 (113449656.000.000) 2023-03-29 17:36:34 Job executing on host: <10.14.9.194:9618?addrs=10.14.9.194-9618&alias=node2194.cluster.ldas.cit&noUDP&sock=startd_189641_87e3>
...
006 (113449656.000.000) 2023-03-29 17:36:34 Image size of job updated: 1
	0  -  MemoryUsage of job (MB)
	0  -  ResidentSetSize of job (KB)
...
040 (113449656.000.000) 2023-03-29 17:36:34 Started transferring output files
...
040 (113449656.000.000) 2023-03-29 17:36:34 Finished transferring output files
...
005 (113449656.000.000) 2023-03-29 17:36:34 Job terminated.
	(1) Normal termination (return value 127)
		Usr 0 00:00:00, Sys 0 00:00:00  -  Run Remote Usage
		Usr 0 00:00:00, Sys 0 00:00:00  -  Run Local Usage
		Usr 0 00:00:00, Sys 0 00:00:00  -  Total Remote Usage
		Usr 0 00:00:00, Sys 0 00:00:00  -  Total Local Usage
	407  -  Run Bytes Sent By Job
	366  -  Run Bytes Received By Job
	407  -  Total Bytes Sent By Job
	366  -  Total Bytes Received By Job
	Partitionable Resources :    Usage  Request Allocated 
	   Cpus                 :                 1         1 
	   Disk (KB)            :       14   500000    561711 
	   GPUs                 :                           0 
	   Memory (MB)          :        0    20000     20096 

	Job terminated of its own accord at 2023-03-30T00:36:34Z with exit-code 127.
...
000 (113484820.000.000) 2023-04-01 14:23:47 Job submitted from host: <10.14.0.160:9618?addrs=10.14.0.160-9618&alias=ldas-pcdev2.ligo.caltech.edu&noUDP&sock=schedd_7450_a8a7>
    DAG Node: 108
...
040 (113484820.000.000) 2023-04-01 14:27:29 Started transferring input files
	Transferring to host: <10.14.9.194:9618?addrs=10.14.9.194-9618&alias=node2194.cluster.ldas.cit&noUDP&sock=slot1_2_189911_3ac4_109020>
...
040 (113484820.000.000) 2023-04-01 14:27:29 Finished transferring input files
...
001 (113484820.000.000) 2023-04-01 14:27:30 Job executing on host: <10.14.9.194:9618?addrs=10.14.9.194-9618&alias=node2194.cluster.ldas.cit&noUDP&sock=startd_189641_87e3>
...
006 (113484820.000.000) 2023-04-01 14:27:30 Image size of job updated: 1
	0  -  MemoryUsage of job (MB)
	0  -  ResidentSetSize of job (KB)
...
040 (113484820.000.000) 2023-04-01 14:27:30 Started transferring output files
...
040 (113484820.000.000) 2023-04-01 14:27:30 Finished transferring output files
...
005 (113484820.000.000) 2023-04-01 14:27:30 Job terminated.
	(1) Normal termination (return value 127)
		Usr 0 00:00:00, Sys 0 00:00:00  -  Run Remote Usage
		Usr 0 00:00:00, Sys 0 00:00:00  -  Run Local Usage
		Usr 0 00:00:00, Sys 0 00:00:00  -  Total Remote Usage
		Usr 0 00:00:00, Sys 0 00:00:00  -  Total Local Usage
	411  -  Run Bytes Sent By Job
	366  -  Run Bytes Received By Job
	411  -  Total Bytes Sent By Job
	366  -  Total Bytes Received By Job
	Partitionable Resources :    Usage  Request Allocated 
	   Cpus                 :                 1         1 
	   Disk (KB)            :       14   500000    561711 
	   GPUs                 :                           0 
	   Memory (MB)          :        0    20000     20096 

	Job terminated of its own accord at 2023-04-01T21:27:30Z with exit-code 127.
...
000 (113485024.000.000) 2023-04-01 14:53:02 Job submitted from host: <10.14.0.160:9618?addrs=10.14.0.160-9618&alias=ldas-pcdev2.ligo.caltech.edu&noUDP&sock=schedd_7450_a8a7>
    DAG Node: 108
...
040 (113485024.000.000) 2023-04-01 14:53:53 Started transferring input files
	Transferring to host: <10.14.10.97:9618?addrs=10.14.10.97-9618&alias=node2347.cluster.ldas.cit&noUDP&sock=slot1_18_2285595_3128_31965>
...
040 (113485024.000.000) 2023-04-01 14:53:53 Finished transferring input files
...
001 (113485024.000.000) 2023-04-01 14:53:54 Job executing on host: <10.14.10.97:9618?addrs=10.14.10.97-9618&alias=node2347.cluster.ldas.cit&noUDP&sock=startd_4165_6c0b>
...
006 (113485024.000.000) 2023-04-01 14:54:03 Image size of job updated: 194472
	190  -  MemoryUsage of job (MB)
	194464  -  ResidentSetSize of job (KB)
...
006 (113485024.000.000) 2023-04-01 14:59:04 Image size of job updated: 5345996
	230  -  MemoryUsage of job (MB)
	234892  -  ResidentSetSize of job (KB)
...
006 (113485024.000.000) 2023-04-01 15:04:05 Image size of job updated: 5345996
	231  -  MemoryUsage of job (MB)
	236088  -  ResidentSetSize of job (KB)
...
006 (113485024.000.000) 2023-04-01 15:09:05 Image size of job updated: 5345996
	408  -  MemoryUsage of job (MB)
	417352  -  ResidentSetSize of job (KB)
...
006 (113485024.000.000) 2023-04-01 15:14:06 Image size of job updated: 5345996
	415  -  MemoryUsage of job (MB)
	424804  -  ResidentSetSize of job (KB)
...
006 (113485024.000.000) 2023-04-01 15:19:07 Image size of job updated: 5345996
	492  -  MemoryUsage of job (MB)
	503304  -  ResidentSetSize of job (KB)
...
006 (113485024.000.000) 2023-04-01 15:24:07 Image size of job updated: 5345996
	499  -  MemoryUsage of job (MB)
	510312  -  ResidentSetSize of job (KB)
...
006 (113485024.000.000) 2023-04-01 15:29:07 Image size of job updated: 5345996
	506  -  MemoryUsage of job (MB)
	517540  -  ResidentSetSize of job (KB)
...
006 (113485024.000.000) 2023-04-01 15:34:08 Image size of job updated: 5345996
	508  -  MemoryUsage of job (MB)
	519296  -  ResidentSetSize of job (KB)
...
006 (113485024.000.000) 2023-04-01 15:39:08 Image size of job updated: 5345996
	532  -  MemoryUsage of job (MB)
	543948  -  ResidentSetSize of job (KB)
...
006 (113485024.000.000) 2023-04-01 15:44:08 Image size of job updated: 5345996
	534  -  MemoryUsage of job (MB)
	546428  -  ResidentSetSize of job (KB)
...
006 (113485024.000.000) 2023-04-01 15:49:09 Image size of job updated: 5345996
	560  -  MemoryUsage of job (MB)
	572708  -  ResidentSetSize of job (KB)
...
006 (113485024.000.000) 2023-04-01 15:54:10 Image size of job updated: 5345996
	570  -  MemoryUsage of job (MB)
	583280  -  ResidentSetSize of job (KB)
...
006 (113485024.000.000) 2023-04-01 15:59:10 Image size of job updated: 5345996
	573  -  MemoryUsage of job (MB)
	586688  -  ResidentSetSize of job (KB)
...
006 (113485024.000.000) 2023-04-01 16:04:11 Image size of job updated: 5345996
	578  -  MemoryUsage of job (MB)
	591672  -  ResidentSetSize of job (KB)
...
006 (113485024.000.000) 2023-04-01 16:09:12 Image size of job updated: 5345996
	578  -  MemoryUsage of job (MB)
	591764  -  ResidentSetSize of job (KB)
...
006 (113485024.000.000) 2023-04-01 16:14:12 Image size of job updated: 5345996
	583  -  MemoryUsage of job (MB)
	596652  -  ResidentSetSize of job (KB)
...
006 (113485024.000.000) 2023-04-01 16:19:12 Image size of job updated: 5345996
	583  -  MemoryUsage of job (MB)
	596696  -  ResidentSetSize of job (KB)
...
006 (113485024.000.000) 2023-04-01 16:24:13 Image size of job updated: 5345996
	612  -  MemoryUsage of job (MB)
	625792  -  ResidentSetSize of job (KB)
...
006 (113485024.000.000) 2023-04-01 16:29:13 Image size of job updated: 5345996
	619  -  MemoryUsage of job (MB)
	632944  -  ResidentSetSize of job (KB)
...
006 (113485024.000.000) 2023-04-01 16:34:13 Image size of job updated: 5345996
	629  -  MemoryUsage of job (MB)
	643728  -  ResidentSetSize of job (KB)
...
006 (113485024.000.000) 2023-04-01 16:39:14 Image size of job updated: 5345996
	700  -  MemoryUsage of job (MB)
	716064  -  ResidentSetSize of job (KB)
...
006 (113485024.000.000) 2023-04-01 16:44:15 Image size of job updated: 5345996
	854  -  MemoryUsage of job (MB)
	873484  -  ResidentSetSize of job (KB)
...
006 (113485024.000.000) 2023-04-01 16:49:15 Image size of job updated: 5345996
	930  -  MemoryUsage of job (MB)
	951372  -  ResidentSetSize of job (KB)
...
006 (113485024.000.000) 2023-04-01 16:54:16 Image size of job updated: 5345996
	938  -  MemoryUsage of job (MB)
	959784  -  ResidentSetSize of job (KB)
...
006 (113485024.000.000) 2023-04-01 16:59:17 Image size of job updated: 5345996
	942  -  MemoryUsage of job (MB)
	964092  -  ResidentSetSize of job (KB)
...
006 (113485024.000.000) 2023-04-01 17:04:17 Image size of job updated: 5345996
	990  -  MemoryUsage of job (MB)
	1012784  -  ResidentSetSize of job (KB)
...
006 (113485024.000.000) 2023-04-01 17:14:18 Image size of job updated: 5345996
	990  -  MemoryUsage of job (MB)
	1013048  -  ResidentSetSize of job (KB)
...
006 (113485024.000.000) 2023-04-01 17:19:18 Image size of job updated: 5345996
	1016  -  MemoryUsage of job (MB)
	1039600  -  ResidentSetSize of job (KB)
...
006 (113485024.000.000) 2023-04-01 17:29:19 Image size of job updated: 5345996
	1040  -  MemoryUsage of job (MB)
	1064464  -  ResidentSetSize of job (KB)
...
006 (113485024.000.000) 2023-04-01 17:34:20 Image size of job updated: 5345996
	1061  -  MemoryUsage of job (MB)
	1086288  -  ResidentSetSize of job (KB)
...
006 (113485024.000.000) 2023-04-01 17:39:20 Image size of job updated: 5345996
	1090  -  MemoryUsage of job (MB)
	1115884  -  ResidentSetSize of job (KB)
...
006 (113485024.000.000) 2023-04-01 17:44:21 Image size of job updated: 5345996
	1110  -  MemoryUsage of job (MB)
	1135988  -  ResidentSetSize of job (KB)
...
006 (113485024.000.000) 2023-04-01 17:49:22 Image size of job updated: 5345996
	1119  -  MemoryUsage of job (MB)
	1145608  -  ResidentSetSize of job (KB)
...
006 (113485024.000.000) 2023-04-01 17:54:22 Image size of job updated: 5345996
	1151  -  MemoryUsage of job (MB)
	1177768  -  ResidentSetSize of job (KB)
...
006 (113485024.000.000) 2023-04-01 18:04:23 Image size of job updated: 5345996
	1162  -  MemoryUsage of job (MB)
	1189012  -  ResidentSetSize of job (KB)
...
006 (113485024.000.000) 2023-04-01 18:19:24 Image size of job updated: 5345996
	1167  -  MemoryUsage of job (MB)
	1194124  -  ResidentSetSize of job (KB)
...
006 (113485024.000.000) 2023-04-01 18:29:25 Image size of job updated: 5345996
	1174  -  MemoryUsage of job (MB)
	1201468  -  ResidentSetSize of job (KB)
...
006 (113485024.000.000) 2023-04-01 18:34:26 Image size of job updated: 5345996
	1174  -  MemoryUsage of job (MB)
	1201820  -  ResidentSetSize of job (KB)
...
006 (113485024.000.000) 2023-04-01 19:09:29 Image size of job updated: 5345996
	1180  -  MemoryUsage of job (MB)
	1207728  -  ResidentSetSize of job (KB)
...
006 (113485024.000.000) 2023-04-01 19:14:30 Image size of job updated: 5345996
	1185  -  MemoryUsage of job (MB)
	1212816  -  ResidentSetSize of job (KB)
...
006 (113485024.000.000) 2023-04-01 19:24:30 Image size of job updated: 5345996
	1188  -  MemoryUsage of job (MB)
	1216076  -  ResidentSetSize of job (KB)
...
006 (113485024.000.000) 2023-04-01 19:29:31 Image size of job updated: 5345996
	1189  -  MemoryUsage of job (MB)
	1216712  -  ResidentSetSize of job (KB)
...
006 (113485024.000.000) 2023-04-01 19:34:32 Image size of job updated: 5345996
	1190  -  MemoryUsage of job (MB)
	1218160  -  ResidentSetSize of job (KB)
...
006 (113485024.000.000) 2023-04-01 19:39:32 Image size of job updated: 5345996
	1192  -  MemoryUsage of job (MB)
	1220352  -  ResidentSetSize of job (KB)
...
006 (113485024.000.000) 2023-04-01 19:44:33 Image size of job updated: 5345996
	1194  -  MemoryUsage of job (MB)
	1222500  -  ResidentSetSize of job (KB)
...
006 (113485024.000.000) 2023-04-01 19:49:34 Image size of job updated: 5345996
	1195  -  MemoryUsage of job (MB)
	1223512  -  ResidentSetSize of job (KB)
...
006 (113485024.000.000) 2023-04-01 19:54:34 Image size of job updated: 5345996
	1200  -  MemoryUsage of job (MB)
	1227888  -  ResidentSetSize of job (KB)
...
006 (113485024.000.000) 2023-04-01 19:59:34 Image size of job updated: 5345996
	1238  -  MemoryUsage of job (MB)
	1267480  -  ResidentSetSize of job (KB)
...
006 (113485024.000.000) 2023-04-01 20:04:35 Image size of job updated: 5345996
	1243  -  MemoryUsage of job (MB)
	1271924  -  ResidentSetSize of job (KB)
...
006 (113485024.000.000) 2023-04-01 20:09:35 Image size of job updated: 5349644
	1255  -  MemoryUsage of job (MB)
	1284460  -  ResidentSetSize of job (KB)
...
006 (113485024.000.000) 2023-04-01 20:24:37 Image size of job updated: 5362212
	1268  -  MemoryUsage of job (MB)
	1297732  -  ResidentSetSize of job (KB)
...
006 (113485024.000.000) 2023-04-01 20:29:37 Image size of job updated: 5366968
	1268  -  MemoryUsage of job (MB)
	1297732  -  ResidentSetSize of job (KB)
...
006 (113485024.000.000) 2023-04-01 20:34:38 Image size of job updated: 5367672
	1270  -  MemoryUsage of job (MB)
	1300456  -  ResidentSetSize of job (KB)
...
006 (113485024.000.000) 2023-04-01 20:39:39 Image size of job updated: 5379920
	1273  -  MemoryUsage of job (MB)
	1302664  -  ResidentSetSize of job (KB)
...
006 (113485024.000.000) 2023-04-01 20:49:39 Image size of job updated: 5381712
	1273  -  MemoryUsage of job (MB)
	1302664  -  ResidentSetSize of job (KB)
...
006 (113485024.000.000) 2023-04-01 21:14:43 Image size of job updated: 5381712
	1282  -  MemoryUsage of job (MB)
	1312016  -  ResidentSetSize of job (KB)
...
006 (113485024.000.000) 2023-04-01 21:19:43 Image size of job updated: 5383468
	1283  -  MemoryUsage of job (MB)
	1312844  -  ResidentSetSize of job (KB)
...
006 (113485024.000.000) 2023-04-01 21:24:44 Image size of job updated: 5383468
	1283  -  MemoryUsage of job (MB)
	1313236  -  ResidentSetSize of job (KB)
...
006 (113485024.000.000) 2023-04-01 21:29:45 Image size of job updated: 5386856
	1289  -  MemoryUsage of job (MB)
	1319164  -  ResidentSetSize of job (KB)
...
006 (113485024.000.000) 2023-04-01 21:34:45 Image size of job updated: 5390632
	1292  -  MemoryUsage of job (MB)
	1322972  -  ResidentSetSize of job (KB)
...
006 (113485024.000.000) 2023-04-01 21:39:45 Image size of job updated: 5392688
	1294  -  MemoryUsage of job (MB)
	1324816  -  ResidentSetSize of job (KB)
...
006 (113485024.000.000) 2023-04-01 21:49:47 Image size of job updated: 5394276
	1294  -  MemoryUsage of job (MB)
	1324816  -  ResidentSetSize of job (KB)
...
006 (113485024.000.000) 2023-04-01 22:04:48 Image size of job updated: 5405372
	1308  -  MemoryUsage of job (MB)
	1339316  -  ResidentSetSize of job (KB)
...
006 (113485024.000.000) 2023-04-01 22:29:50 Image size of job updated: 5472964
	1308  -  MemoryUsage of job (MB)
	1339316  -  ResidentSetSize of job (KB)
...
006 (113485024.000.000) 2023-04-01 22:54:54 Image size of job updated: 5472964
	1312  -  MemoryUsage of job (MB)
	1342640  -  ResidentSetSize of job (KB)
...
006 (113485024.000.000) 2023-04-01 23:14:56 Image size of job updated: 5475552
	1312  -  MemoryUsage of job (MB)
	1343356  -  ResidentSetSize of job (KB)
...
006 (113485024.000.000) 2023-04-01 23:24:56 Image size of job updated: 5475552
	1316  -  MemoryUsage of job (MB)
	1347084  -  ResidentSetSize of job (KB)
...
006 (113485024.000.000) 2023-04-01 23:34:57 Image size of job updated: 5481176
	1318  -  MemoryUsage of job (MB)
	1349004  -  ResidentSetSize of job (KB)
...
006 (113485024.000.000) 2023-04-01 23:44:58 Image size of job updated: 5481696
	1319  -  MemoryUsage of job (MB)
	1350584  -  ResidentSetSize of job (KB)
...
006 (113485024.000.000) 2023-04-01 23:49:59 Image size of job updated: 5481696
	1324  -  MemoryUsage of job (MB)
	1354960  -  ResidentSetSize of job (KB)
...
006 (113485024.000.000) 2023-04-01 23:54:59 Image size of job updated: 5481696
	1326  -  MemoryUsage of job (MB)
	1356996  -  ResidentSetSize of job (KB)
...
006 (113485024.000.000) 2023-04-02 00:00:00 Image size of job updated: 5481696
	1326  -  MemoryUsage of job (MB)
	1357664  -  ResidentSetSize of job (KB)
...
006 (113485024.000.000) 2023-04-02 00:10:01 Image size of job updated: 5481696
	1330  -  MemoryUsage of job (MB)
	1360920  -  ResidentSetSize of job (KB)
...
006 (113485024.000.000) 2023-04-02 00:15:01 Image size of job updated: 5481696
	1332  -  MemoryUsage of job (MB)
	1363396  -  ResidentSetSize of job (KB)
...
006 (113485024.000.000) 2023-04-02 00:20:02 Image size of job updated: 5481696
	1334  -  MemoryUsage of job (MB)
	1365764  -  ResidentSetSize of job (KB)
...
006 (113485024.000.000) 2023-04-02 00:35:03 Image size of job updated: 5481696
	1335  -  MemoryUsage of job (MB)
	1366200  -  ResidentSetSize of job (KB)
...
006 (113485024.000.000) 2023-04-02 00:40:04 Image size of job updated: 5481696
	1337  -  MemoryUsage of job (MB)
	1368248  -  ResidentSetSize of job (KB)
...
006 (113485024.000.000) 2023-04-02 00:45:04 Image size of job updated: 5510808
	1410  -  MemoryUsage of job (MB)
	1443000  -  ResidentSetSize of job (KB)
...
006 (113485024.000.000) 2023-04-02 01:00:06 Image size of job updated: 5514876
	1410  -  MemoryUsage of job (MB)
	1443000  -  ResidentSetSize of job (KB)
...
006 (113485024.000.000) 2023-04-02 01:15:08 Image size of job updated: 5532980
	1410  -  MemoryUsage of job (MB)
	1443000  -  ResidentSetSize of job (KB)
...
006 (113485024.000.000) 2023-04-02 01:40:10 Image size of job updated: 5549200
	1410  -  MemoryUsage of job (MB)
	1443000  -  ResidentSetSize of job (KB)
...
006 (113485024.000.000) 2023-04-02 02:30:15 Image size of job updated: 5549200
	1421  -  MemoryUsage of job (MB)
	1454588  -  ResidentSetSize of job (KB)
...
006 (113485024.000.000) 2023-04-02 05:20:33 Image size of job updated: 5595120
	1484  -  MemoryUsage of job (MB)
	1519092  -  ResidentSetSize of job (KB)
...
006 (113485024.000.000) 2023-04-02 06:00:38 Image size of job updated: 5605196
	1484  -  MemoryUsage of job (MB)
	1519092  -  ResidentSetSize of job (KB)
...
006 (113485024.000.000) 2023-04-02 06:20:40 Image size of job updated: 5613444
	1484  -  MemoryUsage of job (MB)
	1519092  -  ResidentSetSize of job (KB)
...
006 (113485024.000.000) 2023-04-02 06:55:43 Image size of job updated: 5635656
	1484  -  MemoryUsage of job (MB)
	1519092  -  ResidentSetSize of job (KB)
...
006 (113485024.000.000) 2023-04-02 07:35:46 Image size of job updated: 5692256
	1484  -  MemoryUsage of job (MB)
	1519092  -  ResidentSetSize of job (KB)
...
006 (113485024.000.000) 2023-04-02 08:00:49 Image size of job updated: 5698444
	1484  -  MemoryUsage of job (MB)
	1519092  -  ResidentSetSize of job (KB)
...
006 (113485024.000.000) 2023-04-02 08:10:49 Image size of job updated: 5700956
	1484  -  MemoryUsage of job (MB)
	1519092  -  ResidentSetSize of job (KB)
...
006 (113485024.000.000) 2023-04-02 08:40:53 Image size of job updated: 5700956
	1485  -  MemoryUsage of job (MB)
	1520404  -  ResidentSetSize of job (KB)
...
006 (113485024.000.000) 2023-04-02 08:55:55 Image size of job updated: 5710452
	1485  -  MemoryUsage of job (MB)
	1520404  -  ResidentSetSize of job (KB)
...
006 (113485024.000.000) 2023-04-02 09:05:56 Image size of job updated: 5712460
	1485  -  MemoryUsage of job (MB)
	1520404  -  ResidentSetSize of job (KB)
...
006 (113485024.000.000) 2023-04-02 09:20:57 Image size of job updated: 5712460
	1493  -  MemoryUsage of job (MB)
	1528600  -  ResidentSetSize of job (KB)
...
006 (113485024.000.000) 2023-04-02 09:35:59 Image size of job updated: 5712460
	1510  -  MemoryUsage of job (MB)
	1545736  -  ResidentSetSize of job (KB)
...
006 (113485024.000.000) 2023-04-02 10:11:03 Image size of job updated: 5734800
	1510  -  MemoryUsage of job (MB)
	1545736  -  ResidentSetSize of job (KB)
...
006 (113485024.000.000) 2023-04-02 10:26:05 Image size of job updated: 5738272
	1510  -  MemoryUsage of job (MB)
	1545736  -  ResidentSetSize of job (KB)
...
006 (113485024.000.000) 2023-04-02 10:41:07 Image size of job updated: 5738272
	1512  -  MemoryUsage of job (MB)
	1547976  -  ResidentSetSize of job (KB)
...
006 (113485024.000.000) 2023-04-02 10:46:07 Image size of job updated: 5738272
	1521  -  MemoryUsage of job (MB)
	1556612  -  ResidentSetSize of job (KB)
...
006 (113485024.000.000) 2023-04-02 10:56:08 Image size of job updated: 5738272
	1523  -  MemoryUsage of job (MB)
	1558860  -  ResidentSetSize of job (KB)
...
006 (113485024.000.000) 2023-04-02 11:01:08 Image size of job updated: 5761800
	1524  -  MemoryUsage of job (MB)
	1559684  -  ResidentSetSize of job (KB)
...
006 (113485024.000.000) 2023-04-02 11:16:10 Image size of job updated: 5764560
	1527  -  MemoryUsage of job (MB)
	1563420  -  ResidentSetSize of job (KB)
...
006 (113485024.000.000) 2023-04-02 11:31:12 Image size of job updated: 5764560
	1528  -  MemoryUsage of job (MB)
	1564140  -  ResidentSetSize of job (KB)
...
006 (113485024.000.000) 2023-04-02 11:36:12 Image size of job updated: 5783708
	1545  -  MemoryUsage of job (MB)
	1581392  -  ResidentSetSize of job (KB)
...
006 (113485024.000.000) 2023-04-02 11:51:14 Image size of job updated: 5783708
	1549  -  MemoryUsage of job (MB)
	1585360  -  ResidentSetSize of job (KB)
...
006 (113485024.000.000) 2023-04-02 12:06:16 Image size of job updated: 5788220
	1549  -  MemoryUsage of job (MB)
	1585872  -  ResidentSetSize of job (KB)
...
006 (113485024.000.000) 2023-04-02 12:11:16 Image size of job updated: 5788220
	1551  -  MemoryUsage of job (MB)
	1587228  -  ResidentSetSize of job (KB)
...
006 (113485024.000.000) 2023-04-02 12:16:16 Image size of job updated: 5788220
	1568  -  MemoryUsage of job (MB)
	1604904  -  ResidentSetSize of job (KB)
...
006 (113485024.000.000) 2023-04-02 12:26:17 Image size of job updated: 5788220
	1570  -  MemoryUsage of job (MB)
	1606952  -  ResidentSetSize of job (KB)
...
006 (113485024.000.000) 2023-04-02 12:31:17 Image size of job updated: 5788220
	1571  -  MemoryUsage of job (MB)
	1608256  -  ResidentSetSize of job (KB)
...
006 (113485024.000.000) 2023-04-02 12:56:20 Image size of job updated: 5788220
	1573  -  MemoryUsage of job (MB)
	1610528  -  ResidentSetSize of job (KB)
...
006 (113485024.000.000) 2023-04-02 13:11:22 Image size of job updated: 5788220
	1579  -  MemoryUsage of job (MB)
	1616116  -  ResidentSetSize of job (KB)
...
006 (113485024.000.000) 2023-04-02 13:16:22 Image size of job updated: 5821268
	1581  -  MemoryUsage of job (MB)
	1618196  -  ResidentSetSize of job (KB)
...
006 (113485024.000.000) 2023-04-02 13:26:06 Image size of job updated: 5822764
	1581  -  MemoryUsage of job (MB)
	1618196  -  ResidentSetSize of job (KB)
...
004 (113485024.000.000) 2023-04-02 13:26:06 Job was evicted.
	(0) CPU times
		Usr 3 09:18:27, Sys 0 00:03:00  -  Run Remote Usage
		Usr 0 00:00:00, Sys 0 00:00:00  -  Run Local Usage
	0  -  Run Bytes Sent By Job
	366  -  Run Bytes Received By Job
	Partitionable Resources :    Usage  Request Allocated 
	   Cpus                 :     1.00        1         1 
	   Disk (KB)            :  3759      500000    624256 
	   GPUs                 :                           0 
	   Memory (MB)          :  1581       20000     20096 
...
009 (113485024.000.000) 2023-04-02 13:26:06 Job was aborted.
	removed because <OtherJobRemoveRequirements = DAGManJobId =?= 113484998> fired when job (113484998.0) was removed
...
000 (113493728.000.000) 2023-04-02 13:26:39 Job submitted from host: <10.14.0.160:9618?addrs=10.14.0.160-9618&alias=ldas-pcdev2.ligo.caltech.edu&noUDP&sock=schedd_7450_a8a7>
    DAG Node: 108
...
040 (113493728.000.000) 2023-04-02 13:28:50 Started transferring input files
	Transferring to host: <10.14.9.97:9618?addrs=10.14.9.97-9618&alias=node2097.cluster.ldas.cit&noUDP&sock=slot1_2_543435_de6c_13178>
...
040 (113493728.000.000) 2023-04-02 13:28:50 Finished transferring input files
...
001 (113493728.000.000) 2023-04-02 13:28:51 Job executing on host: <10.14.9.97:9618?addrs=10.14.9.97-9618&alias=node2097.cluster.ldas.cit&noUDP&sock=startd_543294_12be>
...
006 (113493728.000.000) 2023-04-02 13:28:59 Image size of job updated: 245740
	191  -  MemoryUsage of job (MB)
	194632  -  ResidentSetSize of job (KB)
...
006 (113493728.000.000) 2023-04-02 13:33:59 Image size of job updated: 4862164
	599  -  MemoryUsage of job (MB)
	612660  -  ResidentSetSize of job (KB)
...
006 (113493728.000.000) 2023-04-02 13:38:59 Image size of job updated: 5143792
	865  -  MemoryUsage of job (MB)
	885428  -  ResidentSetSize of job (KB)
...
006 (113493728.000.000) 2023-04-02 13:44:00 Image size of job updated: 5160888
	882  -  MemoryUsage of job (MB)
	902812  -  ResidentSetSize of job (KB)
...
006 (113493728.000.000) 2023-04-02 13:49:00 Image size of job updated: 5188908
	882  -  MemoryUsage of job (MB)
	902812  -  ResidentSetSize of job (KB)
...
006 (113493728.000.000) 2023-04-02 13:54:00 Image size of job updated: 5332312
	882  -  MemoryUsage of job (MB)
	902812  -  ResidentSetSize of job (KB)
...
006 (113493728.000.000) 2023-04-02 14:04:02 Image size of job updated: 5332312
	942  -  MemoryUsage of job (MB)
	964492  -  ResidentSetSize of job (KB)
...
006 (113493728.000.000) 2023-04-02 14:09:02 Image size of job updated: 5332312
	950  -  MemoryUsage of job (MB)
	972668  -  ResidentSetSize of job (KB)
...
006 (113493728.000.000) 2023-04-02 14:14:02 Image size of job updated: 5360152
	950  -  MemoryUsage of job (MB)
	972668  -  ResidentSetSize of job (KB)
...
006 (113493728.000.000) 2023-04-02 14:29:04 Image size of job updated: 5397096
	990  -  MemoryUsage of job (MB)
	1012972  -  ResidentSetSize of job (KB)
...
006 (113493728.000.000) 2023-04-02 14:39:05 Image size of job updated: 5397096
	997  -  MemoryUsage of job (MB)
	1019908  -  ResidentSetSize of job (KB)
...
006 (113493728.000.000) 2023-04-02 14:59:07 Image size of job updated: 5397096
	1037  -  MemoryUsage of job (MB)
	1061184  -  ResidentSetSize of job (KB)
...
006 (113493728.000.000) 2023-04-02 15:04:08 Image size of job updated: 5397096
	1038  -  MemoryUsage of job (MB)
	1062088  -  ResidentSetSize of job (KB)
...
006 (113493728.000.000) 2023-04-02 15:14:08 Image size of job updated: 5397096
	1043  -  MemoryUsage of job (MB)
	1067444  -  ResidentSetSize of job (KB)
...
006 (113493728.000.000) 2023-04-02 15:19:09 Image size of job updated: 5397096
	1058  -  MemoryUsage of job (MB)
	1082984  -  ResidentSetSize of job (KB)
...
006 (113493728.000.000) 2023-04-02 15:24:09 Image size of job updated: 5466076
	1059  -  MemoryUsage of job (MB)
	1084128  -  ResidentSetSize of job (KB)
...
006 (113493728.000.000) 2023-04-02 15:29:09 Image size of job updated: 5466076
	1183  -  MemoryUsage of job (MB)
	1210456  -  ResidentSetSize of job (KB)
...
006 (113493728.000.000) 2023-04-02 15:34:10 Image size of job updated: 5466076
	1406  -  MemoryUsage of job (MB)
	1439548  -  ResidentSetSize of job (KB)
...
006 (113493728.000.000) 2023-04-02 15:39:11 Image size of job updated: 5466076
	1420  -  MemoryUsage of job (MB)
	1453732  -  ResidentSetSize of job (KB)
...
006 (113493728.000.000) 2023-04-02 15:44:11 Image size of job updated: 5466076
	1420  -  MemoryUsage of job (MB)
	1453988  -  ResidentSetSize of job (KB)
...
006 (113493728.000.000) 2023-04-02 16:04:12 Image size of job updated: 5642120
	1427  -  MemoryUsage of job (MB)
	1460572  -  ResidentSetSize of job (KB)
...
006 (113493728.000.000) 2023-04-02 16:19:14 Image size of job updated: 5642120
	1438  -  MemoryUsage of job (MB)
	1472036  -  ResidentSetSize of job (KB)
...
006 (113493728.000.000) 2023-04-02 16:24:14 Image size of job updated: 5642120
	1440  -  MemoryUsage of job (MB)
	1474084  -  ResidentSetSize of job (KB)
...
006 (113493728.000.000) 2023-04-02 16:29:15 Image size of job updated: 5642120
	1446  -  MemoryUsage of job (MB)
	1480600  -  ResidentSetSize of job (KB)
...
006 (113493728.000.000) 2023-04-02 16:44:17 Image size of job updated: 5642120
	1448  -  MemoryUsage of job (MB)
	1481988  -  ResidentSetSize of job (KB)
...
006 (113493728.000.000) 2023-04-02 16:49:18 Image size of job updated: 5642120
	1464  -  MemoryUsage of job (MB)
	1498476  -  ResidentSetSize of job (KB)
...
006 (113493728.000.000) 2023-04-02 16:59:18 Image size of job updated: 5642120
	1475  -  MemoryUsage of job (MB)
	1509768  -  ResidentSetSize of job (KB)
...
006 (113493728.000.000) 2023-04-02 17:09:20 Image size of job updated: 5642120
	1488  -  MemoryUsage of job (MB)
	1523332  -  ResidentSetSize of job (KB)
...
006 (113493728.000.000) 2023-04-02 17:14:20 Image size of job updated: 5642120
	1495  -  MemoryUsage of job (MB)
	1529956  -  ResidentSetSize of job (KB)
...
006 (113493728.000.000) 2023-04-02 17:19:20 Image size of job updated: 5642120
	1495  -  MemoryUsage of job (MB)
	1529976  -  ResidentSetSize of job (KB)
...
006 (113493728.000.000) 2023-04-02 17:29:21 Image size of job updated: 5642120
	1496  -  MemoryUsage of job (MB)
	1531564  -  ResidentSetSize of job (KB)
...
006 (113493728.000.000) 2023-04-02 17:39:22 Image size of job updated: 5642120
	1499  -  MemoryUsage of job (MB)
	1534356  -  ResidentSetSize of job (KB)
...
006 (113493728.000.000) 2023-04-02 17:44:23 Image size of job updated: 5642120
	1502  -  MemoryUsage of job (MB)
	1537572  -  ResidentSetSize of job (KB)
...
006 (113493728.000.000) 2023-04-02 17:54:23 Image size of job updated: 5642120
	1503  -  MemoryUsage of job (MB)
	1538324  -  ResidentSetSize of job (KB)
...
006 (113493728.000.000) 2023-04-02 17:59:24 Image size of job updated: 5642120
	1513  -  MemoryUsage of job (MB)
	1548904  -  ResidentSetSize of job (KB)
...
006 (113493728.000.000) 2023-04-02 18:09:25 Image size of job updated: 5642120
	1528  -  MemoryUsage of job (MB)
	1564528  -  ResidentSetSize of job (KB)
...
006 (113493728.000.000) 2023-04-02 18:14:26 Image size of job updated: 5642120
	1549  -  MemoryUsage of job (MB)
	1585680  -  ResidentSetSize of job (KB)
...
006 (113493728.000.000) 2023-04-02 18:19:27 Image size of job updated: 5642120
	1549  -  MemoryUsage of job (MB)
	1585936  -  ResidentSetSize of job (KB)
...
006 (113493728.000.000) 2023-04-02 19:19:31 Image size of job updated: 5642120
	1558  -  MemoryUsage of job (MB)
	1595324  -  ResidentSetSize of job (KB)
...
006 (113493728.000.000) 2023-04-02 19:24:31 Image size of job updated: 5642120
	1574  -  MemoryUsage of job (MB)
	1611700  -  ResidentSetSize of job (KB)
...
006 (113493728.000.000) 2023-04-02 19:29:33 Image size of job updated: 5642120
	1739  -  MemoryUsage of job (MB)
	1780584  -  ResidentSetSize of job (KB)
...
006 (113493728.000.000) 2023-04-02 19:49:35 Image size of job updated: 5796064
	1739  -  MemoryUsage of job (MB)
	1780584  -  ResidentSetSize of job (KB)
...
006 (113493728.000.000) 2023-04-02 21:24:44 Image size of job updated: 5833492
	1739  -  MemoryUsage of job (MB)
	1780584  -  ResidentSetSize of job (KB)
...
006 (113493728.000.000) 2023-04-02 23:44:58 Image size of job updated: 5833492
	1835  -  MemoryUsage of job (MB)
	1878748  -  ResidentSetSize of job (KB)
...
006 (113493728.000.000) 2023-04-02 23:49:58 Image size of job updated: 5833492
	1836  -  MemoryUsage of job (MB)
	1879712  -  ResidentSetSize of job (KB)
...
006 (113493728.000.000) 2023-04-03 00:05:01 Image size of job updated: 5852288
	1836  -  MemoryUsage of job (MB)
	1879712  -  ResidentSetSize of job (KB)
...
006 (113493728.000.000) 2023-04-03 06:50:41 Image size of job updated: 5914320
	1836  -  MemoryUsage of job (MB)
	1879712  -  ResidentSetSize of job (KB)
...
006 (113493728.000.000) 2023-04-03 07:25:44 Image size of job updated: 5914320
	1946  -  MemoryUsage of job (MB)
	1992500  -  ResidentSetSize of job (KB)
...
006 (113493728.000.000) 2023-04-03 08:05:49 Image size of job updated: 5990952
	1946  -  MemoryUsage of job (MB)
	1992500  -  ResidentSetSize of job (KB)
...
006 (113493728.000.000) 2023-04-03 11:51:14 Image size of job updated: 6036020
	1946  -  MemoryUsage of job (MB)
	1992500  -  ResidentSetSize of job (KB)
...
004 (113493728.000.000) 2023-04-03 13:34:44 Job was evicted.
	(0) CPU times
		Usr 4 06:34:55, Sys 0 00:03:45  -  Run Remote Usage
		Usr 0 00:00:00, Sys 0 00:00:00  -  Run Local Usage
	0  -  Run Bytes Sent By Job
	366  -  Run Bytes Received By Job
	Partitionable Resources :    Usage  Request Allocated 
	   Cpus                 :     1.99        1         1 
	   Disk (KB)            :  3239      500000    609620 
	   GPUs                 :                           0 
	   Memory (MB)          :  1946       20000     20096 
...
040 (113493728.000.000) 2023-04-03 13:41:19 Started transferring input files
	Transferring to host: <10.14.9.198:9618?addrs=10.14.9.198-9618&alias=node2198.cluster.ldas.cit&noUDP&sock=slot1_6_187610_f786_133536>
...
040 (113493728.000.000) 2023-04-03 13:41:19 Finished transferring input files
...
001 (113493728.000.000) 2023-04-03 13:41:20 Job executing on host: <10.14.9.198:9618?addrs=10.14.9.198-9618&alias=node2198.cluster.ldas.cit&noUDP&sock=startd_187572_5e70>
...
040 (113493728.000.000) 2023-04-03 13:41:20 Started transferring output files
...
040 (113493728.000.000) 2023-04-03 13:41:20 Finished transferring output files
...
005 (113493728.000.000) 2023-04-03 13:41:20 Job terminated.
	(1) Normal termination (return value 127)
		Usr 0 00:00:00, Sys 0 00:00:00  -  Run Remote Usage
		Usr 0 00:00:00, Sys 0 00:00:00  -  Run Local Usage
		Usr 4 06:34:55, Sys 0 00:03:45  -  Total Remote Usage
		Usr 0 00:00:00, Sys 0 00:00:00  -  Total Local Usage
	407  -  Run Bytes Sent By Job
	366  -  Run Bytes Received By Job
	407  -  Total Bytes Sent By Job
	732  -  Total Bytes Received By Job
	Partitionable Resources :    Usage  Request Allocated 
	   Cpus                 :     1.99        1         1 
	   Disk (KB)            :    16      500000    519527 
	   GPUs                 :                           0 
	   Memory (MB)          :  1954       20000     20096 

	Job terminated of its own accord at 2023-04-03T20:41:20Z with exit-code 127.
...
000 (113587219.000.000) 2023-04-05 14:54:23 Job submitted from host: <10.14.0.160:9618?addrs=10.14.0.160-9618&alias=ldas-pcdev2.ligo.caltech.edu&noUDP&sock=schedd_7450_a8a7>
    DAG Node: 108
...
040 (113587219.000.000) 2023-04-05 15:01:02 Started transferring input files
	Transferring to host: <10.14.9.184:9618?addrs=10.14.9.184-9618&alias=node2184.cluster.ldas.cit&noUDP&sock=slot1_8_3911040_3d3a_1450>
...
040 (113587219.000.000) 2023-04-05 15:01:02 Finished transferring input files
...
001 (113587219.000.000) 2023-04-05 15:01:03 Job executing on host: <10.14.9.184:9618?addrs=10.14.9.184-9618&alias=node2184.cluster.ldas.cit&noUDP&sock=startd_3910997_37bb>
...
006 (113587219.000.000) 2023-04-05 15:01:12 Image size of job updated: 565584
	191  -  MemoryUsage of job (MB)
	194596  -  ResidentSetSize of job (KB)
...
006 (113587219.000.000) 2023-04-05 15:06:12 Image size of job updated: 4967932
	737  -  MemoryUsage of job (MB)
	753984  -  ResidentSetSize of job (KB)
...
006 (113587219.000.000) 2023-04-05 15:11:12 Image size of job updated: 5126052
	891  -  MemoryUsage of job (MB)
	912140  -  ResidentSetSize of job (KB)
...
006 (113587219.000.000) 2023-04-05 15:16:13 Image size of job updated: 5230136
	1334  -  MemoryUsage of job (MB)
	1365872  -  ResidentSetSize of job (KB)
...
006 (113587219.000.000) 2023-04-05 15:21:14 Image size of job updated: 5469320
	1334  -  MemoryUsage of job (MB)
	1365872  -  ResidentSetSize of job (KB)
...
006 (113587219.000.000) 2023-04-05 15:26:14 Image size of job updated: 5473640
	1334  -  MemoryUsage of job (MB)
	1365872  -  ResidentSetSize of job (KB)
...
006 (113587219.000.000) 2023-04-05 15:31:14 Image size of job updated: 5497296
	1334  -  MemoryUsage of job (MB)
	1365872  -  ResidentSetSize of job (KB)
...
006 (113587219.000.000) 2023-04-05 15:36:15 Image size of job updated: 5497552
	1334  -  MemoryUsage of job (MB)
	1365872  -  ResidentSetSize of job (KB)
...
006 (113587219.000.000) 2023-04-05 15:41:15 Image size of job updated: 5536452
	1334  -  MemoryUsage of job (MB)
	1365872  -  ResidentSetSize of job (KB)
...
006 (113587219.000.000) 2023-04-05 16:21:19 Image size of job updated: 5549984
	1431  -  MemoryUsage of job (MB)
	1464500  -  ResidentSetSize of job (KB)
...
006 (113587219.000.000) 2023-04-05 16:26:20 Image size of job updated: 5549984
	1608  -  MemoryUsage of job (MB)
	1645696  -  ResidentSetSize of job (KB)
...
006 (113587219.000.000) 2023-04-05 16:31:21 Image size of job updated: 5559028
	1608  -  MemoryUsage of job (MB)
	1645696  -  ResidentSetSize of job (KB)
...
006 (113587219.000.000) 2023-04-05 16:36:21 Image size of job updated: 5560664
	1625  -  MemoryUsage of job (MB)
	1663044  -  ResidentSetSize of job (KB)
...
006 (113587219.000.000) 2023-04-05 16:46:22 Image size of job updated: 5776980
	1629  -  MemoryUsage of job (MB)
	1667600  -  ResidentSetSize of job (KB)
...
006 (113587219.000.000) 2023-04-05 16:51:22 Image size of job updated: 5776980
	1630  -  MemoryUsage of job (MB)
	1668324  -  ResidentSetSize of job (KB)
...
006 (113587219.000.000) 2023-04-05 17:21:26 Image size of job updated: 5776980
	1644  -  MemoryUsage of job (MB)
	1683104  -  ResidentSetSize of job (KB)
...
006 (113587219.000.000) 2023-04-05 17:31:26 Image size of job updated: 5776980
	1648  -  MemoryUsage of job (MB)
	1687316  -  ResidentSetSize of job (KB)
...
006 (113587219.000.000) 2023-04-05 17:56:29 Image size of job updated: 5805448
	1658  -  MemoryUsage of job (MB)
	1697088  -  ResidentSetSize of job (KB)
...
006 (113587219.000.000) 2023-04-05 18:06:29 Image size of job updated: 5807400
	1659  -  MemoryUsage of job (MB)
	1698608  -  ResidentSetSize of job (KB)
...
006 (113587219.000.000) 2023-04-05 18:16:30 Image size of job updated: 5807400
	1661  -  MemoryUsage of job (MB)
	1700272  -  ResidentSetSize of job (KB)
...
006 (113587219.000.000) 2023-04-05 18:41:33 Image size of job updated: 5807400
	1661  -  MemoryUsage of job (MB)
	1700276  -  ResidentSetSize of job (KB)
...
006 (113587219.000.000) 2023-04-05 18:51:34 Image size of job updated: 5807400
	1845  -  MemoryUsage of job (MB)
	1889228  -  ResidentSetSize of job (KB)
...
006 (113587219.000.000) 2023-04-05 19:36:39 Image size of job updated: 5820580
	1845  -  MemoryUsage of job (MB)
	1889228  -  ResidentSetSize of job (KB)
...
006 (113587219.000.000) 2023-04-05 20:11:42 Image size of job updated: 5828808
	1845  -  MemoryUsage of job (MB)
	1889228  -  ResidentSetSize of job (KB)
...
006 (113587219.000.000) 2023-04-05 20:56:45 Image size of job updated: 5836892
	1845  -  MemoryUsage of job (MB)
	1889228  -  ResidentSetSize of job (KB)
...
006 (113587219.000.000) 2023-04-05 21:16:47 Image size of job updated: 5878368
	1845  -  MemoryUsage of job (MB)
	1889228  -  ResidentSetSize of job (KB)
...
006 (113587219.000.000) 2023-04-05 21:46:51 Image size of job updated: 5887768
	1845  -  MemoryUsage of job (MB)
	1889228  -  ResidentSetSize of job (KB)
...
006 (113587219.000.000) 2023-04-05 22:41:55 Image size of job updated: 6042288
	1845  -  MemoryUsage of job (MB)
	1889228  -  ResidentSetSize of job (KB)
...
006 (113587219.000.000) 2023-04-06 02:02:17 Image size of job updated: 6042288
	1855  -  MemoryUsage of job (MB)
	1899132  -  ResidentSetSize of job (KB)
...
006 (113587219.000.000) 2023-04-06 02:07:18 Image size of job updated: 6042288
	1885  -  MemoryUsage of job (MB)
	1929412  -  ResidentSetSize of job (KB)
...
006 (113587219.000.000) 2023-04-06 05:37:40 Image size of job updated: 6042288
	1885  -  MemoryUsage of job (MB)
	1930120  -  ResidentSetSize of job (KB)
...
006 (113587219.000.000) 2023-04-06 06:02:42 Image size of job updated: 6042288
	1891  -  MemoryUsage of job (MB)
	1936340  -  ResidentSetSize of job (KB)
...
006 (113587219.000.000) 2023-04-06 06:07:42 Image size of job updated: 6042288
	1899  -  MemoryUsage of job (MB)
	1944472  -  ResidentSetSize of job (KB)
...
006 (113587219.000.000) 2023-04-06 06:52:47 Image size of job updated: 6042288
	1902  -  MemoryUsage of job (MB)
	1947280  -  ResidentSetSize of job (KB)
...
006 (113587219.000.000) 2023-04-06 07:47:53 Image size of job updated: 6042288
	1912  -  MemoryUsage of job (MB)
	1956888  -  ResidentSetSize of job (KB)
...
006 (113587219.000.000) 2023-04-06 07:52:54 Image size of job updated: 6042288
	1925  -  MemoryUsage of job (MB)
	1970820  -  ResidentSetSize of job (KB)
...
006 (113587219.000.000) 2023-04-06 07:57:55 Image size of job updated: 6042288
	1933  -  MemoryUsage of job (MB)
	1979208  -  ResidentSetSize of job (KB)
...
006 (113587219.000.000) 2023-04-06 08:22:56 Image size of job updated: 6042288
	1942  -  MemoryUsage of job (MB)
	1988504  -  ResidentSetSize of job (KB)
...
006 (113587219.000.000) 2023-04-06 09:18:02 Image size of job updated: 6042288
	1943  -  MemoryUsage of job (MB)
	1988900  -  ResidentSetSize of job (KB)
...
006 (113587219.000.000) 2023-04-06 11:23:17 Image size of job updated: 6130544
	1943  -  MemoryUsage of job (MB)
	1988900  -  ResidentSetSize of job (KB)
...
004 (113587219.000.000) 2023-04-06 15:16:59 Job was evicted.
	(0) CPU times
		Usr 4 16:55:18, Sys 0 00:05:14  -  Run Remote Usage
		Usr 0 00:00:00, Sys 0 00:00:00  -  Run Local Usage
	0  -  Run Bytes Sent By Job
	366  -  Run Bytes Received By Job
	Partitionable Resources :    Usage  Request Allocated 
	   Cpus                 :     7.94        1         1 
	   Disk (KB)            :  2996      500000    609620 
	   GPUs                 :                           0 
	   Memory (MB)          :  1943       20000     20096 
...
040 (113587219.000.000) 2023-04-06 15:24:21 Started transferring input files
	Transferring to host: <10.14.4.71:9618?addrs=10.14.4.71-9618&alias=node821.cluster.ldas.cit&noUDP&sock=slot1_5_2246128_1ec3_2021>
...
040 (113587219.000.000) 2023-04-06 15:24:21 Finished transferring input files
...
001 (113587219.000.000) 2023-04-06 15:24:22 Job executing on host: <10.14.4.71:9618?addrs=10.14.4.71-9618&alias=node821.cluster.ldas.cit&noUDP&sock=startd_2246086_c0c8>
...
004 (113587219.000.000) 2023-04-06 16:04:49 Job was evicted.
	(0) CPU times
		Usr 0 03:04:09, Sys 0 00:00:15  -  Run Remote Usage
		Usr 0 00:00:00, Sys 0 00:00:00  -  Run Local Usage
	0  -  Run Bytes Sent By Job
	366  -  Run Bytes Received By Job
	Partitionable Resources :    Usage  Request Allocated 
	   Cpus                 :     7.96        1         1 
	   Disk (KB)            :  2716      500000    624256 
	   GPUs                 :                           0 
	   Memory (MB)          :  1954       20000     20096 
...
009 (113587219.000.000) 2023-04-06 16:04:49 Job was aborted.
	removed because <OtherJobRemoveRequirements = DAGManJobId =?= 113587193> fired when job (113587193.0) was removed
...
000 (113604332.000.000) 2023-04-06 16:28:16 Job submitted from host: <10.14.0.160:9618?addrs=10.14.0.160-9618&alias=ldas-pcdev2.ligo.caltech.edu&noUDP&sock=schedd_7450_a8a7>
    DAG Node: 108
...
040 (113604332.000.000) 2023-04-06 16:35:56 Started transferring input files
	Transferring to host: <10.14.9.158:9618?addrs=10.14.9.158-9618&alias=node2158.cluster.ldas.cit&noUDP&sock=slot1_6_680695_f4b9_1511>
...
040 (113604332.000.000) 2023-04-06 16:35:56 Finished transferring input files
...
001 (113604332.000.000) 2023-04-06 16:35:57 Job executing on host: <10.14.9.158:9618?addrs=10.14.9.158-9618&alias=node2158.cluster.ldas.cit&noUDP&sock=startd_680654_9bac>
...
006 (113604332.000.000) 2023-04-06 16:36:05 Image size of job updated: 196508
	192  -  MemoryUsage of job (MB)
	196500  -  ResidentSetSize of job (KB)
...
006 (113604332.000.000) 2023-04-06 16:41:06 Image size of job updated: 4997080
	192  -  MemoryUsage of job (MB)
	196500  -  ResidentSetSize of job (KB)
...
006 (113604332.000.000) 2023-04-06 16:46:07 Image size of job updated: 4997080
	367  -  MemoryUsage of job (MB)
	374992  -  ResidentSetSize of job (KB)
...
006 (113604332.000.000) 2023-04-06 16:51:07 Image size of job updated: 4997080
	373  -  MemoryUsage of job (MB)
	381792  -  ResidentSetSize of job (KB)
...
006 (113604332.000.000) 2023-04-06 16:56:07 Image size of job updated: 4997080
	484  -  MemoryUsage of job (MB)
	494684  -  ResidentSetSize of job (KB)
...
006 (113604332.000.000) 2023-04-06 17:01:08 Image size of job updated: 4997080
	488  -  MemoryUsage of job (MB)
	499620  -  ResidentSetSize of job (KB)
...
006 (113604332.000.000) 2023-04-06 17:06:09 Image size of job updated: 4997080
	531  -  MemoryUsage of job (MB)
	543628  -  ResidentSetSize of job (KB)
...
006 (113604332.000.000) 2023-04-06 17:11:09 Image size of job updated: 4997080
	534  -  MemoryUsage of job (MB)
	546212  -  ResidentSetSize of job (KB)
...
006 (113604332.000.000) 2023-04-06 17:16:09 Image size of job updated: 4997080
	541  -  MemoryUsage of job (MB)
	553476  -  ResidentSetSize of job (KB)
...
006 (113604332.000.000) 2023-04-06 17:21:10 Image size of job updated: 4997080
	579  -  MemoryUsage of job (MB)
	592628  -  ResidentSetSize of job (KB)
...
006 (113604332.000.000) 2023-04-06 17:26:10 Image size of job updated: 4997080
	590  -  MemoryUsage of job (MB)
	603452  -  ResidentSetSize of job (KB)
...
006 (113604332.000.000) 2023-04-06 17:31:10 Image size of job updated: 4997080
	599  -  MemoryUsage of job (MB)
	613132  -  ResidentSetSize of job (KB)
...
006 (113604332.000.000) 2023-04-06 17:36:11 Image size of job updated: 4997080
	599  -  MemoryUsage of job (MB)
	613376  -  ResidentSetSize of job (KB)
...
006 (113604332.000.000) 2023-04-06 17:41:12 Image size of job updated: 4997080
	616  -  MemoryUsage of job (MB)
	630576  -  ResidentSetSize of job (KB)
...
006 (113604332.000.000) 2023-04-06 17:46:12 Image size of job updated: 4997080
	618  -  MemoryUsage of job (MB)
	632660  -  ResidentSetSize of job (KB)
...
006 (113604332.000.000) 2023-04-06 17:51:13 Image size of job updated: 4997080
	628  -  MemoryUsage of job (MB)
	642980  -  ResidentSetSize of job (KB)
...
006 (113604332.000.000) 2023-04-06 17:56:14 Image size of job updated: 4997080
	671  -  MemoryUsage of job (MB)
	686632  -  ResidentSetSize of job (KB)
...
006 (113604332.000.000) 2023-04-06 18:01:14 Image size of job updated: 4997080
	827  -  MemoryUsage of job (MB)
	846136  -  ResidentSetSize of job (KB)
...
006 (113604332.000.000) 2023-04-06 18:06:14 Image size of job updated: 4997080
	950  -  MemoryUsage of job (MB)
	971860  -  ResidentSetSize of job (KB)
...
006 (113604332.000.000) 2023-04-06 18:11:15 Image size of job updated: 4997080
	953  -  MemoryUsage of job (MB)
	975156  -  ResidentSetSize of job (KB)
...
006 (113604332.000.000) 2023-04-06 18:16:15 Image size of job updated: 4997080
	962  -  MemoryUsage of job (MB)
	984872  -  ResidentSetSize of job (KB)
...
006 (113604332.000.000) 2023-04-06 18:21:15 Image size of job updated: 4997080
	963  -  MemoryUsage of job (MB)
	985508  -  ResidentSetSize of job (KB)
...
006 (113604332.000.000) 2023-04-06 18:26:16 Image size of job updated: 4997080
	963  -  MemoryUsage of job (MB)
	985524  -  ResidentSetSize of job (KB)
...
006 (113604332.000.000) 2023-04-06 18:31:17 Image size of job updated: 4997080
	979  -  MemoryUsage of job (MB)
	1001880  -  ResidentSetSize of job (KB)
...
006 (113604332.000.000) 2023-04-06 18:36:17 Image size of job updated: 4997080
	1001  -  MemoryUsage of job (MB)
	1024196  -  ResidentSetSize of job (KB)
...
006 (113604332.000.000) 2023-04-06 18:46:18 Image size of job updated: 4997080
	1005  -  MemoryUsage of job (MB)
	1028972  -  ResidentSetSize of job (KB)
...
006 (113604332.000.000) 2023-04-06 18:51:19 Image size of job updated: 4997080
	1006  -  MemoryUsage of job (MB)
	1029228  -  ResidentSetSize of job (KB)
...
006 (113604332.000.000) 2023-04-06 18:56:19 Image size of job updated: 4997080
	1010  -  MemoryUsage of job (MB)
	1033508  -  ResidentSetSize of job (KB)
...
006 (113604332.000.000) 2023-04-06 19:01:19 Image size of job updated: 4997080
	1018  -  MemoryUsage of job (MB)
	1042032  -  ResidentSetSize of job (KB)
...
006 (113604332.000.000) 2023-04-06 19:06:20 Image size of job updated: 4997080
	1044  -  MemoryUsage of job (MB)
	1068708  -  ResidentSetSize of job (KB)
...
006 (113604332.000.000) 2023-04-06 19:11:21 Image size of job updated: 4997080
	1064  -  MemoryUsage of job (MB)
	1089484  -  ResidentSetSize of job (KB)
...
006 (113604332.000.000) 2023-04-06 19:16:21 Image size of job updated: 4997080
	1070  -  MemoryUsage of job (MB)
	1095284  -  ResidentSetSize of job (KB)
...
006 (113604332.000.000) 2023-04-06 19:21:21 Image size of job updated: 5010604
	1104  -  MemoryUsage of job (MB)
	1129720  -  ResidentSetSize of job (KB)
...
006 (113604332.000.000) 2023-04-06 19:26:22 Image size of job updated: 5011932
	1125  -  MemoryUsage of job (MB)
	1151648  -  ResidentSetSize of job (KB)
...
006 (113604332.000.000) 2023-04-06 19:31:23 Image size of job updated: 5021316
	1130  -  MemoryUsage of job (MB)
	1156632  -  ResidentSetSize of job (KB)
...
006 (113604332.000.000) 2023-04-06 19:36:23 Image size of job updated: 5024520
	1137  -  MemoryUsage of job (MB)
	1164168  -  ResidentSetSize of job (KB)
...
006 (113604332.000.000) 2023-04-06 19:41:24 Image size of job updated: 5068496
	1137  -  MemoryUsage of job (MB)
	1164168  -  ResidentSetSize of job (KB)
...
006 (113604332.000.000) 2023-04-06 19:51:25 Image size of job updated: 5068496
	1189  -  MemoryUsage of job (MB)
	1217428  -  ResidentSetSize of job (KB)
...
006 (113604332.000.000) 2023-04-06 20:06:27 Image size of job updated: 5068496
	1203  -  MemoryUsage of job (MB)
	1231500  -  ResidentSetSize of job (KB)
...
006 (113604332.000.000) 2023-04-06 20:11:27 Image size of job updated: 5068496
	1203  -  MemoryUsage of job (MB)
	1231756  -  ResidentSetSize of job (KB)
...
006 (113604332.000.000) 2023-04-06 20:16:28 Image size of job updated: 5068496
	1205  -  MemoryUsage of job (MB)
	1233532  -  ResidentSetSize of job (KB)
...
006 (113604332.000.000) 2023-04-06 20:21:29 Image size of job updated: 5068496
	1207  -  MemoryUsage of job (MB)
	1234976  -  ResidentSetSize of job (KB)
...
006 (113604332.000.000) 2023-04-06 20:26:29 Image size of job updated: 5068496
	1226  -  MemoryUsage of job (MB)
	1255352  -  ResidentSetSize of job (KB)
...
006 (113604332.000.000) 2023-04-06 20:41:31 Image size of job updated: 5070468
	1228  -  MemoryUsage of job (MB)
	1257436  -  ResidentSetSize of job (KB)
...
006 (113604332.000.000) 2023-04-06 20:46:31 Image size of job updated: 5075056
	1233  -  MemoryUsage of job (MB)
	1262024  -  ResidentSetSize of job (KB)
...
006 (113604332.000.000) 2023-04-06 20:51:32 Image size of job updated: 5094056
	1252  -  MemoryUsage of job (MB)
	1281476  -  ResidentSetSize of job (KB)
...
006 (113604332.000.000) 2023-04-06 21:01:33 Image size of job updated: 5097960
	1256  -  MemoryUsage of job (MB)
	1285992  -  ResidentSetSize of job (KB)
...
006 (113604332.000.000) 2023-04-06 21:06:33 Image size of job updated: 5101616
	1262  -  MemoryUsage of job (MB)
	1291888  -  ResidentSetSize of job (KB)
...
006 (113604332.000.000) 2023-04-06 21:11:34 Image size of job updated: 5101616
	1264  -  MemoryUsage of job (MB)
	1293892  -  ResidentSetSize of job (KB)
...
006 (113604332.000.000) 2023-04-06 21:21:34 Image size of job updated: 5115880
	1278  -  MemoryUsage of job (MB)
	1308492  -  ResidentSetSize of job (KB)
...
006 (113604332.000.000) 2023-04-06 21:26:35 Image size of job updated: 5126804
	1288  -  MemoryUsage of job (MB)
	1318676  -  ResidentSetSize of job (KB)
...
006 (113604332.000.000) 2023-04-06 21:36:36 Image size of job updated: 5126804
	1289  -  MemoryUsage of job (MB)
	1319204  -  ResidentSetSize of job (KB)
...
006 (113604332.000.000) 2023-04-06 21:41:37 Image size of job updated: 5126804
	1289  -  MemoryUsage of job (MB)
	1319700  -  ResidentSetSize of job (KB)
...
006 (113604332.000.000) 2023-04-06 21:46:38 Image size of job updated: 5126804
	1290  -  MemoryUsage of job (MB)
	1320200  -  ResidentSetSize of job (KB)
...
006 (113604332.000.000) 2023-04-06 21:51:38 Image size of job updated: 5134976
	1295  -  MemoryUsage of job (MB)
	1325596  -  ResidentSetSize of job (KB)
...
006 (113604332.000.000) 2023-04-06 22:01:39 Image size of job updated: 5141476
	1301  -  MemoryUsage of job (MB)
	1331872  -  ResidentSetSize of job (KB)
...
006 (113604332.000.000) 2023-04-06 22:06:39 Image size of job updated: 5171332
	1301  -  MemoryUsage of job (MB)
	1331872  -  ResidentSetSize of job (KB)
...
006 (113604332.000.000) 2023-04-06 22:46:43 Image size of job updated: 5195992
	1301  -  MemoryUsage of job (MB)
	1331872  -  ResidentSetSize of job (KB)
...
006 (113604332.000.000) 2023-04-06 23:21:47 Image size of job updated: 5195992
	1320  -  MemoryUsage of job (MB)
	1350824  -  ResidentSetSize of job (KB)
...
006 (113604332.000.000) 2023-04-06 23:26:48 Image size of job updated: 5195992
	1320  -  MemoryUsage of job (MB)
	1350832  -  ResidentSetSize of job (KB)
...
006 (113604332.000.000) 2023-04-06 23:31:49 Image size of job updated: 5195992
	1323  -  MemoryUsage of job (MB)
	1354360  -  ResidentSetSize of job (KB)
...
006 (113604332.000.000) 2023-04-06 23:36:49 Image size of job updated: 5195992
	1324  -  MemoryUsage of job (MB)
	1355356  -  ResidentSetSize of job (KB)
...
006 (113604332.000.000) 2023-04-06 23:41:49 Image size of job updated: 5195992
	1325  -  MemoryUsage of job (MB)
	1356600  -  ResidentSetSize of job (KB)
...
006 (113604332.000.000) 2023-04-06 23:46:50 Image size of job updated: 5195992
	1329  -  MemoryUsage of job (MB)
	1360480  -  ResidentSetSize of job (KB)
...
006 (113604332.000.000) 2023-04-07 00:01:52 Image size of job updated: 5232696
	1342  -  MemoryUsage of job (MB)
	1373256  -  ResidentSetSize of job (KB)
...
006 (113604332.000.000) 2023-04-07 00:11:53 Image size of job updated: 5232696
	1344  -  MemoryUsage of job (MB)
	1375304  -  ResidentSetSize of job (KB)
...
006 (113604332.000.000) 2023-04-07 00:16:53 Image size of job updated: 5232696
	1348  -  MemoryUsage of job (MB)
	1379732  -  ResidentSetSize of job (KB)
...
006 (113604332.000.000) 2023-04-07 00:21:54 Image size of job updated: 5232696
	1348  -  MemoryUsage of job (MB)
	1380048  -  ResidentSetSize of job (KB)
...
006 (113604332.000.000) 2023-04-07 00:26:55 Image size of job updated: 5232696
	1350  -  MemoryUsage of job (MB)
	1382084  -  ResidentSetSize of job (KB)
...
006 (113604332.000.000) 2023-04-07 00:31:55 Image size of job updated: 5232696
	1371  -  MemoryUsage of job (MB)
	1403792  -  ResidentSetSize of job (KB)
...
006 (113604332.000.000) 2023-04-07 00:36:56 Image size of job updated: 5232696
	1376  -  MemoryUsage of job (MB)
	1408044  -  ResidentSetSize of job (KB)
...
006 (113604332.000.000) 2023-04-07 00:51:57 Image size of job updated: 5279344
	1376  -  MemoryUsage of job (MB)
	1408044  -  ResidentSetSize of job (KB)
...
006 (113604332.000.000) 2023-04-07 01:06:59 Image size of job updated: 5279344
	1423  -  MemoryUsage of job (MB)
	1456568  -  ResidentSetSize of job (KB)
...
006 (113604332.000.000) 2023-04-07 01:11:59 Image size of job updated: 5279344
	1423  -  MemoryUsage of job (MB)
	1456900  -  ResidentSetSize of job (KB)
...
006 (113604332.000.000) 2023-04-07 01:22:00 Image size of job updated: 5279344
	1427  -  MemoryUsage of job (MB)
	1461052  -  ResidentSetSize of job (KB)
...
006 (113604332.000.000) 2023-04-07 01:27:00 Image size of job updated: 5279344
	1428  -  MemoryUsage of job (MB)
	1461900  -  ResidentSetSize of job (KB)
...
006 (113604332.000.000) 2023-04-07 01:32:01 Image size of job updated: 5279344
	1430  -  MemoryUsage of job (MB)
	1463732  -  ResidentSetSize of job (KB)
...
006 (113604332.000.000) 2023-04-07 01:37:02 Image size of job updated: 5279344
	1431  -  MemoryUsage of job (MB)
	1464592  -  ResidentSetSize of job (KB)
...
006 (113604332.000.000) 2023-04-07 01:42:02 Image size of job updated: 5279344
	1433  -  MemoryUsage of job (MB)
	1466936  -  ResidentSetSize of job (KB)
...
006 (113604332.000.000) 2023-04-07 02:02:04 Image size of job updated: 5342312
	1433  -  MemoryUsage of job (MB)
	1466936  -  ResidentSetSize of job (KB)
...
006 (113604332.000.000) 2023-04-07 02:27:06 Image size of job updated: 5350304
	1439  -  MemoryUsage of job (MB)
	1473260  -  ResidentSetSize of job (KB)
...
006 (113604332.000.000) 2023-04-07 02:42:08 Image size of job updated: 5355560
	1443  -  MemoryUsage of job (MB)
	1477584  -  ResidentSetSize of job (KB)
...
006 (113604332.000.000) 2023-04-07 02:47:09 Image size of job updated: 5355560
	1446  -  MemoryUsage of job (MB)
	1479848  -  ResidentSetSize of job (KB)
...
006 (113604332.000.000) 2023-04-07 02:52:10 Image size of job updated: 5355560
	1446  -  MemoryUsage of job (MB)
	1479960  -  ResidentSetSize of job (KB)
...
006 (113604332.000.000) 2023-04-07 02:57:10 Image size of job updated: 5370408
	1450  -  MemoryUsage of job (MB)
	1484488  -  ResidentSetSize of job (KB)
...
006 (113604332.000.000) 2023-04-07 03:12:12 Image size of job updated: 5370408
	1455  -  MemoryUsage of job (MB)
	1489764  -  ResidentSetSize of job (KB)
...
006 (113604332.000.000) 2023-04-07 03:17:12 Image size of job updated: 5370408
	1461  -  MemoryUsage of job (MB)
	1495696  -  ResidentSetSize of job (KB)
...
006 (113604332.000.000) 2023-04-07 03:22:13 Image size of job updated: 5370408
	1461  -  MemoryUsage of job (MB)
	1495780  -  ResidentSetSize of job (KB)
...
006 (113604332.000.000) 2023-04-07 03:42:15 Image size of job updated: 5389700
	1469  -  MemoryUsage of job (MB)
	1504084  -  ResidentSetSize of job (KB)
...
006 (113604332.000.000) 2023-04-07 03:47:16 Image size of job updated: 5389700
	1471  -  MemoryUsage of job (MB)
	1506132  -  ResidentSetSize of job (KB)
...
006 (113604332.000.000) 2023-04-07 04:02:18 Image size of job updated: 5389700
	1474  -  MemoryUsage of job (MB)
	1508840  -  ResidentSetSize of job (KB)
...
006 (113604332.000.000) 2023-04-07 04:07:18 Image size of job updated: 5389700
	1476  -  MemoryUsage of job (MB)
	1510428  -  ResidentSetSize of job (KB)
...
006 (113604332.000.000) 2023-04-07 04:12:18 Image size of job updated: 5389700
	1477  -  MemoryUsage of job (MB)
	1511608  -  ResidentSetSize of job (KB)
...
006 (113604332.000.000) 2023-04-07 04:32:21 Image size of job updated: 5389700
	1477  -  MemoryUsage of job (MB)
	1512376  -  ResidentSetSize of job (KB)
...
006 (113604332.000.000) 2023-04-07 04:57:24 Image size of job updated: 5389700
	1503  -  MemoryUsage of job (MB)
	1538052  -  ResidentSetSize of job (KB)
...
006 (113604332.000.000) 2023-04-07 05:07:25 Image size of job updated: 5389700
	1505  -  MemoryUsage of job (MB)
	1540100  -  ResidentSetSize of job (KB)
...
006 (113604332.000.000) 2023-04-07 05:17:26 Image size of job updated: 5389700
	1505  -  MemoryUsage of job (MB)
	1540476  -  ResidentSetSize of job (KB)
...
006 (113604332.000.000) 2023-04-07 05:22:26 Image size of job updated: 5389700
	1526  -  MemoryUsage of job (MB)
	1561748  -  ResidentSetSize of job (KB)
...
006 (113604332.000.000) 2023-04-07 06:02:30 Image size of job updated: 5438428
	1526  -  MemoryUsage of job (MB)
	1561748  -  ResidentSetSize of job (KB)
...
006 (113604332.000.000) 2023-04-07 06:37:34 Image size of job updated: 5469556
	1526  -  MemoryUsage of job (MB)
	1561748  -  ResidentSetSize of job (KB)
...
006 (113604332.000.000) 2023-04-07 06:47:34 Image size of job updated: 5469556
	1532  -  MemoryUsage of job (MB)
	1568268  -  ResidentSetSize of job (KB)
...
006 (113604332.000.000) 2023-04-07 06:57:35 Image size of job updated: 5469556
	1550  -  MemoryUsage of job (MB)
	1586520  -  ResidentSetSize of job (KB)
...
006 (113604332.000.000) 2023-04-07 07:02:35 Image size of job updated: 5494916
	1550  -  MemoryUsage of job (MB)
	1586520  -  ResidentSetSize of job (KB)
...
006 (113604332.000.000) 2023-04-07 07:17:37 Image size of job updated: 5494916
	1554  -  MemoryUsage of job (MB)
	1590596  -  ResidentSetSize of job (KB)
...
006 (113604332.000.000) 2023-04-07 07:22:37 Image size of job updated: 5494916
	1556  -  MemoryUsage of job (MB)
	1592388  -  ResidentSetSize of job (KB)
...
006 (113604332.000.000) 2023-04-07 07:27:38 Image size of job updated: 5494916
	1558  -  MemoryUsage of job (MB)
	1594736  -  ResidentSetSize of job (KB)
...
006 (113604332.000.000) 2023-04-07 07:52:40 Image size of job updated: 5513416
	1568  -  MemoryUsage of job (MB)
	1604820  -  ResidentSetSize of job (KB)
...
006 (113604332.000.000) 2023-04-07 07:57:40 Image size of job updated: 5513416
	1570  -  MemoryUsage of job (MB)
	1607404  -  ResidentSetSize of job (KB)
...
006 (113604332.000.000) 2023-04-07 08:02:41 Image size of job updated: 5513416
	1583  -  MemoryUsage of job (MB)
	1620168  -  ResidentSetSize of job (KB)
...
006 (113604332.000.000) 2023-04-07 08:07:42 Image size of job updated: 5513416
	1583  -  MemoryUsage of job (MB)
	1620824  -  ResidentSetSize of job (KB)
...
006 (113604332.000.000) 2023-04-07 08:12:42 Image size of job updated: 5513416
	1584  -  MemoryUsage of job (MB)
	1621064  -  ResidentSetSize of job (KB)
...
006 (113604332.000.000) 2023-04-07 08:22:43 Image size of job updated: 5515824
	1584  -  MemoryUsage of job (MB)
	1621064  -  ResidentSetSize of job (KB)
...
006 (113604332.000.000) 2023-04-07 08:52:46 Image size of job updated: 5516768
	1584  -  MemoryUsage of job (MB)
	1621064  -  ResidentSetSize of job (KB)
...
006 (113604332.000.000) 2023-04-07 09:07:47 Image size of job updated: 5516768
	1586  -  MemoryUsage of job (MB)
	1623740  -  ResidentSetSize of job (KB)
...
006 (113604332.000.000) 2023-04-07 09:32:50 Image size of job updated: 5521372
	1586  -  MemoryUsage of job (MB)
	1623740  -  ResidentSetSize of job (KB)
...
006 (113604332.000.000) 2023-04-07 10:22:55 Image size of job updated: 5521372
	1605  -  MemoryUsage of job (MB)
	1643212  -  ResidentSetSize of job (KB)
...
006 (113604332.000.000) 2023-04-07 10:27:56 Image size of job updated: 5524020
	1605  -  MemoryUsage of job (MB)
	1643212  -  ResidentSetSize of job (KB)
...
006 (113604332.000.000) 2023-04-07 10:52:58 Image size of job updated: 5552192
	1605  -  MemoryUsage of job (MB)
	1643212  -  ResidentSetSize of job (KB)
...
006 (113604332.000.000) 2023-04-07 11:23:02 Image size of job updated: 5552192
	1605  -  MemoryUsage of job (MB)
	1643420  -  ResidentSetSize of job (KB)
...
006 (113604332.000.000) 2023-04-07 11:38:03 Image size of job updated: 5552192
	1613  -  MemoryUsage of job (MB)
	1651116  -  ResidentSetSize of job (KB)
...
006 (113604332.000.000) 2023-04-07 11:53:05 Image size of job updated: 5552192
	1641  -  MemoryUsage of job (MB)
	1679812  -  ResidentSetSize of job (KB)
...
006 (113604332.000.000) 2023-04-07 11:58:06 Image size of job updated: 5555120
	1641  -  MemoryUsage of job (MB)
	1679812  -  ResidentSetSize of job (KB)
...
006 (113604332.000.000) 2023-04-07 12:08:06 Image size of job updated: 5574196
	1641  -  MemoryUsage of job (MB)
	1679812  -  ResidentSetSize of job (KB)
...
006 (113604332.000.000) 2023-04-07 12:53:12 Image size of job updated: 5587544
	1641  -  MemoryUsage of job (MB)
	1679812  -  ResidentSetSize of job (KB)
...
006 (113604332.000.000) 2023-04-07 13:13:14 Image size of job updated: 5604784
	1641  -  MemoryUsage of job (MB)
	1679812  -  ResidentSetSize of job (KB)
...
006 (113604332.000.000) 2023-04-07 14:03:18 Image size of job updated: 5604784
	1644  -  MemoryUsage of job (MB)
	1682684  -  ResidentSetSize of job (KB)
...
006 (113604332.000.000) 2023-04-07 14:18:19 Image size of job updated: 5604784
	1651  -  MemoryUsage of job (MB)
	1690020  -  ResidentSetSize of job (KB)
...
006 (113604332.000.000) 2023-04-07 14:23:20 Image size of job updated: 5653972
	1661  -  MemoryUsage of job (MB)
	1700732  -  ResidentSetSize of job (KB)
...
006 (113604332.000.000) 2023-04-07 15:33:26 Image size of job updated: 5658884
	1665  -  MemoryUsage of job (MB)
	1704652  -  ResidentSetSize of job (KB)
...
006 (113604332.000.000) 2023-04-07 16:03:29 Image size of job updated: 5658884
	1810  -  MemoryUsage of job (MB)
	1852988  -  ResidentSetSize of job (KB)
...
004 (113604332.000.000) 2023-04-07 16:56:38 Job was evicted.
	(0) CPU times
		Usr 3 23:36:13, Sys 0 00:02:44  -  Run Remote Usage
		Usr 0 00:00:00, Sys 0 00:00:00  -  Run Local Usage
	0  -  Run Bytes Sent By Job
	366  -  Run Bytes Received By Job
	Partitionable Resources :    Usage  Request Allocated 
	   Cpus                 :     7.96        1         1 
	   Disk (KB)            :  3906      500000    609620 
	   GPUs                 :                           0 
	   Memory (MB)          :  1810       20000     20096 
...
040 (113604332.000.000) 2023-04-07 16:56:58 Started transferring input files
	Transferring to host: <10.14.3.38:9618?addrs=10.14.3.38-9618&alias=node538.cluster.ldas.cit&noUDP&sock=slot1_8_3451422_c778_37205>
...
040 (113604332.000.000) 2023-04-07 16:56:58 Finished transferring input files
...
001 (113604332.000.000) 2023-04-07 16:56:59 Job executing on host: <10.14.3.38:9618?addrs=10.14.3.38-9618&alias=node538.cluster.ldas.cit&noUDP&sock=startd_3451385_9d55>
...
004 (113604332.000.000) 2023-04-08 20:09:40 Job was evicted.
	(0) CPU times
		Usr 5 11:08:20, Sys 0 00:06:48  -  Run Remote Usage
		Usr 0 00:00:00, Sys 0 00:00:00  -  Run Local Usage
	0  -  Run Bytes Sent By Job
	366  -  Run Bytes Received By Job
	Partitionable Resources :    Usage  Request Allocated 
	   Cpus                 :     7.95        1         1 
	   Disk (KB)            :  3054      500000    609620 
	   GPUs                 :                           0 
	   Memory (MB)          :  1954       20000     20096 
...
040 (113604332.000.000) 2023-04-08 20:28:25 Started transferring input files
	Transferring to host: <10.14.10.102:9618?addrs=10.14.10.102-9618&alias=node2352.cluster.ldas.cit&noUDP&sock=slot1_5_2129182_1570_5600>
...
040 (113604332.000.000) 2023-04-08 20:28:25 Finished transferring input files
...
001 (113604332.000.000) 2023-04-08 20:28:26 Job executing on host: <10.14.10.102:9618?addrs=10.14.10.102-9618&alias=node2352.cluster.ldas.cit&noUDP&sock=startd_2129140_8632>
...
004 (113604332.000.000) 2023-04-09 21:05:38 Job was evicted.
	(0) CPU times
		Usr 5 14:33:45, Sys 0 00:04:14  -  Run Remote Usage
		Usr 0 00:00:00, Sys 0 00:00:00  -  Run Local Usage
	0  -  Run Bytes Sent By Job
	366  -  Run Bytes Received By Job
	Partitionable Resources :    Usage  Request Allocated 
	   Cpus                 :     3.96        1         1 
	   Disk (KB)            :  3061      500000    624256 
	   GPUs                 :                           0 
	   Memory (MB)          :  1954       20000     20096 
...
040 (113604332.000.000) 2023-04-09 21:06:57 Started transferring input files
	Transferring to host: <10.14.10.102:9618?addrs=10.14.10.102-9618&alias=node2352.cluster.ldas.cit&noUDP&sock=slot1_5_2129182_1570_7085>
...
040 (113604332.000.000) 2023-04-09 21:06:57 Finished transferring input files
...
001 (113604332.000.000) 2023-04-09 21:06:58 Job executing on host: <10.14.10.102:9618?addrs=10.14.10.102-9618&alias=node2352.cluster.ldas.cit&noUDP&sock=startd_2129140_8632>
...
006 (113604332.000.000) 2023-04-10 15:39:01 Image size of job updated: 7500000
	1968  -  MemoryUsage of job (MB)
	2014680  -  ResidentSetSize of job (KB)
...
006 (113604332.000.000) 2023-04-10 16:44:06 Image size of job updated: 7500000
	1971  -  MemoryUsage of job (MB)
	2017408  -  ResidentSetSize of job (KB)
...
006 (113604332.000.000) 2023-04-10 18:04:14 Image size of job updated: 7500000
	2037  -  MemoryUsage of job (MB)
	2085540  -  ResidentSetSize of job (KB)
...
006 (113604332.000.000) 2023-04-10 19:09:21 Image size of job updated: 7500000
	2070  -  MemoryUsage of job (MB)
	2118908  -  ResidentSetSize of job (KB)
...
004 (113604332.000.000) 2023-04-10 21:30:06 Job was evicted.
	(0) CPU times
		Usr 5 19:17:12, Sys 0 00:03:52  -  Run Remote Usage
		Usr 0 00:00:00, Sys 0 00:00:00  -  Run Local Usage
	0  -  Run Bytes Sent By Job
	366  -  Run Bytes Received By Job
	Partitionable Resources :    Usage  Request Allocated 
	   Cpus                 :     3.96        1         1 
	   Disk (KB)            :  2992      500000    624256 
	   GPUs                 :                           0 
	   Memory (MB)          :  2070       20000     20096 
...
040 (113604332.000.000) 2023-04-10 21:31:44 Started transferring input files
	Transferring to host: <10.14.10.21:9618?addrs=10.14.10.21-9618&alias=node2271.cluster.ldas.cit&noUDP&sock=slot1_6_2785817_d7dd_7935>
...
040 (113604332.000.000) 2023-04-10 21:31:44 Finished transferring input files
...
001 (113604332.000.000) 2023-04-10 21:31:45 Job executing on host: <10.14.10.21:9618?addrs=10.14.10.21-9618&alias=node2271.cluster.ldas.cit&noUDP&sock=startd_2785671_2eab>
...
004 (113604332.000.000) 2023-04-11 21:31:45 Job was evicted.
	(0) CPU times
		Usr 4 16:02:25, Sys 0 00:04:59  -  Run Remote Usage
		Usr 0 00:00:00, Sys 0 00:00:00  -  Run Local Usage
	0  -  Run Bytes Sent By Job
	366  -  Run Bytes Received By Job
	Partitionable Resources :    Usage  Request Allocated 
	   Cpus                 :     4.92        1         1 
	   Disk (KB)            :  3045      500000    624256 
	   GPUs                 :                           0 
	   Memory (MB)          :  2198       20000     20096 
...
040 (113604332.000.000) 2023-04-11 21:33:56 Started transferring input files
	Transferring to host: <10.14.9.139:9618?addrs=10.14.9.139-9618&alias=node2139.cluster.ldas.cit&noUDP&sock=slot1_2_417045_ae18_5677>
...
040 (113604332.000.000) 2023-04-11 21:33:56 Finished transferring input files
...
001 (113604332.000.000) 2023-04-11 21:33:57 Job executing on host: <10.14.9.139:9618?addrs=10.14.9.139-9618&alias=node2139.cluster.ldas.cit&noUDP&sock=startd_417002_4407>
...
006 (113604332.000.000) 2023-04-12 19:06:19 Image size of job updated: 7500000
	2210  -  MemoryUsage of job (MB)
	2262560  -  ResidentSetSize of job (KB)
...
004 (113604332.000.000) 2023-04-12 21:37:09 Job was evicted.
	(0) CPU times
		Usr 4 05:37:16, Sys 0 00:03:42  -  Run Remote Usage
		Usr 0 00:00:00, Sys 0 00:00:00  -  Run Local Usage
	0  -  Run Bytes Sent By Job
	366  -  Run Bytes Received By Job
	Partitionable Resources :    Usage  Request Allocated 
	   Cpus                 :     7.97        1         1 
	   Disk (KB)            :  2923      500000    609620 
	   GPUs                 :                           0 
	   Memory (MB)          :  2210       20000     20096 
...
040 (113604332.000.000) 2023-04-12 21:39:53 Started transferring input files
	Transferring to host: <10.14.10.71:9618?addrs=10.14.10.71-9618&alias=node2321.cluster.ldas.cit&noUDP&sock=slot1_4_3793623_5734_12202>
...
040 (113604332.000.000) 2023-04-12 21:39:54 Finished transferring input files
...
001 (113604332.000.000) 2023-04-12 21:39:54 Job executing on host: <10.14.10.71:9618?addrs=10.14.10.71-9618&alias=node2321.cluster.ldas.cit&noUDP&sock=startd_3793581_9ba2>
...
004 (113604332.000.000) 2023-04-13 21:55:13 Job was evicted.
	(0) CPU times
		Usr 4 19:06:47, Sys 0 00:03:09  -  Run Remote Usage
		Usr 0 00:00:00, Sys 0 00:00:00  -  Run Local Usage
	0  -  Run Bytes Sent By Job
	366  -  Run Bytes Received By Job
	Partitionable Resources :    Usage  Request Allocated 
	   Cpus                 :     1.00        1         1 
	   Disk (KB)            :  3068      500000    624256 
	   GPUs                 :                           0 
	   Memory (MB)          :  2442       20000     20096 
...
040 (113604332.000.000) 2023-04-13 21:58:38 Started transferring input files
	Transferring to host: <10.14.4.17:9618?addrs=10.14.4.17-9618&alias=node767.cluster.ldas.cit&noUDP&sock=slot1_26_1158377_235a_11471>
...
040 (113604332.000.000) 2023-04-13 21:58:38 Finished transferring input files
...
001 (113604332.000.000) 2023-04-13 21:58:39 Job executing on host: <10.14.4.17:9618?addrs=10.14.4.17-9618&alias=node767.cluster.ldas.cit&noUDP&sock=startd_1158338_199d>
...
004 (113604332.000.000) 2023-04-14 22:27:33 Job was evicted.
	(0) CPU times
		Usr 4 02:33:41, Sys 0 00:08:43  -  Run Remote Usage
		Usr 0 00:00:00, Sys 0 00:00:00  -  Run Local Usage
	0  -  Run Bytes Sent By Job
	366  -  Run Bytes Received By Job
	Partitionable Resources :    Usage  Request Allocated 
	   Cpus                 :     0.99        1         1 
	   Disk (KB)            :  2799      500000    609620 
	   GPUs                 :                           0 
	   Memory (MB)          :  2442       20000     20096 
...
040 (113604332.000.000) 2023-04-14 22:29:03 Started transferring input files
	Transferring to host: <10.14.4.28:9618?addrs=10.14.4.28-9618&alias=node778.cluster.ldas.cit&noUDP&sock=slot1_5_1501693_5163_28600>
...
040 (113604332.000.000) 2023-04-14 22:29:03 Finished transferring input files
...
001 (113604332.000.000) 2023-04-14 22:29:04 Job executing on host: <10.14.4.28:9618?addrs=10.14.4.28-9618&alias=node778.cluster.ldas.cit&noUDP&sock=startd_250992_36bf>
...
004 (113604332.000.000) 2023-04-15 22:38:32 Job was evicted.
	(0) CPU times
		Usr 2 21:16:32, Sys 0 00:03:54  -  Run Remote Usage
		Usr 0 00:00:00, Sys 0 00:00:00  -  Run Local Usage
	0  -  Run Bytes Sent By Job
	366  -  Run Bytes Received By Job
	Partitionable Resources :    Usage  Request Allocated 
	   Cpus                 :     1.00        1         1 
	   Disk (KB)            :  2799      500000    621976 
	   GPUs                 :                           0 
	   Memory (MB)          :  2442       20000     20096 
...
040 (113604332.000.000) 2023-04-15 22:44:05 Started transferring input files
	Transferring to host: <10.14.4.34:9618?addrs=10.14.4.34-9618&alias=node784.cluster.ldas.cit&noUDP&sock=slot1_8_2870439_b28f_34268>
...
040 (113604332.000.000) 2023-04-15 22:44:05 Finished transferring input files
...
001 (113604332.000.000) 2023-04-15 22:44:06 Job executing on host: <10.14.4.34:9618?addrs=10.14.4.34-9618&alias=node784.cluster.ldas.cit&noUDP&sock=startd_3179_1ba9>
...
004 (113604332.000.000) 2023-04-16 22:44:43 Job was evicted.
	(0) CPU times
		Usr 3 06:56:52, Sys 0 00:07:03  -  Run Remote Usage
		Usr 0 00:00:00, Sys 0 00:00:00  -  Run Local Usage
	0  -  Run Bytes Sent By Job
	366  -  Run Bytes Received By Job
	Partitionable Resources :    Usage  Request Allocated 
	   Cpus                 :     0.99        1         1 
	   Disk (KB)            :  2804      500000    624256 
	   GPUs                 :                           0 
	   Memory (MB)          :  2442       20000     20096 
...
040 (113604332.000.000) 2023-04-16 23:31:41 Started transferring input files
	Transferring to host: <10.14.10.56:9618?addrs=10.14.10.56-9618&alias=node2306.cluster.ldas.cit&noUDP&sock=slot1_5_413308_a020_17253>
...
040 (113604332.000.000) 2023-04-16 23:31:41 Finished transferring input files
...
001 (113604332.000.000) 2023-04-16 23:31:42 Job executing on host: <10.14.10.56:9618?addrs=10.14.10.56-9618&alias=node2306.cluster.ldas.cit&noUDP&sock=startd_413267_5dcc>
...
006 (113604332.000.000) 2023-04-17 22:04:13 Image size of job updated: 7500000
	2629  -  MemoryUsage of job (MB)
	2691800  -  ResidentSetSize of job (KB)
...
004 (113604332.000.000) 2023-04-17 23:32:00 Job was evicted.
	(0) CPU times
		Usr 5 22:22:43, Sys 0 00:05:42  -  Run Remote Usage
		Usr 0 00:00:00, Sys 0 00:00:00  -  Run Local Usage
	0  -  Run Bytes Sent By Job
	366  -  Run Bytes Received By Job
	Partitionable Resources :    Usage  Request Allocated 
	   Cpus                 :     7.50        1         1 
	   Disk (KB)            :  2952      500000    624256 
	   GPUs                 :                           0 
	   Memory (MB)          :  2629       20000     20096 
...
040 (113604332.000.000) 2023-04-18 00:31:12 Started transferring input files
	Transferring to host: <10.14.10.78:9618?addrs=10.14.10.78-9618&alias=node2328.cluster.ldas.cit&noUDP&sock=slot1_11_3409288_9087_21044>
...
040 (113604332.000.000) 2023-04-18 00:31:12 Finished transferring input files
...
001 (113604332.000.000) 2023-04-18 00:31:13 Job executing on host: <10.14.10.78:9618?addrs=10.14.10.78-9618&alias=node2328.cluster.ldas.cit&noUDP&sock=startd_3409247_7393>
...
004 (113604332.000.000) 2023-04-18 09:20:08 Job was evicted.
	(0) CPU times
		Usr 2 02:27:19, Sys 0 00:01:25  -  Run Remote Usage
		Usr 0 00:00:00, Sys 0 00:00:00  -  Run Local Usage
	0  -  Run Bytes Sent By Job
	366  -  Run Bytes Received By Job
	Partitionable Resources :    Usage  Request Allocated 
	   Cpus                 :     7.93        1         1 
	   Disk (KB)            :  2779      500000    624256 
	   GPUs                 :                           0 
	   Memory (MB)          :  2686       20000     20096 
...
040 (113604332.000.000) 2023-04-18 09:31:34 Entered queue to transfer input files
	Transferring to host: <10.14.4.98:9618?addrs=10.14.4.98-9618&alias=node848.cluster.ldas.cit&noUDP&sock=slot1_8_3875532_a416_15>
...
040 (113604332.000.000) 2023-04-18 09:31:51 Started transferring input files
	Seconds spent in queue: 17
...
040 (113604332.000.000) 2023-04-18 09:31:51 Finished transferring input files
...
001 (113604332.000.000) 2023-04-18 09:31:52 Job executing on host: <10.14.4.98:9618?addrs=10.14.4.98-9618&alias=node848.cluster.ldas.cit&noUDP&sock=startd_4059693_4e42>
...
022 (113604332.000.000) 2023-04-18 09:56:13 Job disconnected, attempting to reconnect
    Local schedd and job shadow died, schedd now running again
    Trying to reconnect to slot1_8@node848.cluster.ldas.cit <10.14.4.98:9618?addrs=10.14.4.98-9618&alias=node848.cluster.ldas.cit&noUDP&sock=startd_4059693_4e42>
...
023 (113604332.000.000) 2023-04-18 09:56:18 Job reconnected to slot1_8@node848.cluster.ldas.cit
    startd address: <10.14.4.98:9618?addrs=10.14.4.98-9618&alias=node848.cluster.ldas.cit&noUDP&sock=startd_4059693_4e42>
    starter address: <10.14.4.98:9618?addrs=10.14.4.98-9618&alias=node848.cluster.ldas.cit&noUDP&sock=slot1_8_3875532_a416_15>
...
004 (113604332.000.000) 2023-04-19 09:54:15 Job was evicted.
	(0) CPU times
		Usr 6 00:13:26, Sys 0 00:09:05  -  Run Remote Usage
		Usr 0 00:00:00, Sys 0 00:00:00  -  Run Local Usage
	0  -  Run Bytes Sent By Job
	0  -  Run Bytes Received By Job
	Partitionable Resources :    Usage  Request Allocated 
	   Cpus                 :     1.99        1         1 
	   Disk (KB)            :  2803      500000    624256 
	   Memory (MB)          :  2686       20000     20096 
...
040 (113604332.000.000) 2023-04-19 09:55:20 Started transferring input files
	Seconds spent in queue: 87826
...
040 (113604332.000.000) 2023-04-19 09:55:20 Finished transferring input files
...
001 (113604332.000.000) 2023-04-19 09:55:21 Job executing on host: <10.14.10.48:9618?addrs=10.14.10.48-9618&alias=node2298.cluster.ldas.cit&noUDP&sock=startd_2598008_f933>
...
006 (113604332.000.000) 2023-04-20 07:27:43 Image size of job updated: 22811160
	2686  -  MemoryUsage of job (MB)
	2750000  -  ResidentSetSize of job (KB)
...
040 (113604332.000.000) 2023-04-20 07:30:58 Started transferring output files
	Seconds spent in queue: 165564
...
040 (113604332.000.000) 2023-04-20 07:30:58 Finished transferring output files
...
005 (113604332.000.000) 2023-04-20 07:30:58 Job terminated.
	(1) Normal termination (return value 0)
		Usr 5 10:03:38, Sys 0 00:09:37  -  Run Remote Usage
		Usr 0 00:00:00, Sys 0 00:00:00  -  Run Local Usage
		Usr 64 08:05:50, Sys 0 01:15:04  -  Total Remote Usage
		Usr 0 00:00:00, Sys 0 00:00:00  -  Total Local Usage
	2981691  -  Run Bytes Sent By Job
	366  -  Run Bytes Received By Job
	2981691  -  Total Bytes Sent By Job
	5124  -  Total Bytes Received By Job
	Partitionable Resources :    Usage  Request Allocated 
	   Cpus                 :     0.98        1         1 
	   Disk (KB)            :  2935      500000    624256 
	   GPUs                 :                           0 
	   Memory (MB)          :  2686       20000     20096 

	Job terminated of its own accord at 2023-04-20T14:30:58Z with exit-code 0.
...
