000 (113449924.000.000) 2023-03-29 17:01:34 Job submitted from host: <10.14.0.160:9618?addrs=10.14.0.160-9618&alias=ldas-pcdev2.ligo.caltech.edu&noUDP&sock=schedd_7450_a8a7>
    DAG Node: 834
...
040 (113449924.000.000) 2023-03-29 17:41:28 Started transferring input files
	Transferring to host: <10.14.9.194:9618?addrs=10.14.9.194-9618&alias=node2194.cluster.ldas.cit&noUDP&sock=slot1_2_189911_3ac4_88977>
...
040 (113449924.000.000) 2023-03-29 17:41:28 Finished transferring input files
...
001 (113449924.000.000) 2023-03-29 17:41:29 Job executing on host: <10.14.9.194:9618?addrs=10.14.9.194-9618&alias=node2194.cluster.ldas.cit&noUDP&sock=startd_189641_87e3>
...
006 (113449924.000.000) 2023-03-29 17:41:29 Image size of job updated: 1
	0  -  MemoryUsage of job (MB)
	0  -  ResidentSetSize of job (KB)
...
040 (113449924.000.000) 2023-03-29 17:41:29 Started transferring output files
...
040 (113449924.000.000) 2023-03-29 17:41:29 Finished transferring output files
...
005 (113449924.000.000) 2023-03-29 17:41:29 Job terminated.
	(1) Normal termination (return value 127)
		Usr 0 00:00:00, Sys 0 00:00:00  -  Run Remote Usage
		Usr 0 00:00:00, Sys 0 00:00:00  -  Run Local Usage
		Usr 0 00:00:00, Sys 0 00:00:00  -  Total Remote Usage
		Usr 0 00:00:00, Sys 0 00:00:00  -  Total Local Usage
	407  -  Run Bytes Sent By Job
	381  -  Run Bytes Received By Job
	407  -  Total Bytes Sent By Job
	381  -  Total Bytes Received By Job
	Partitionable Resources :    Usage  Request Allocated 
	   Cpus                 :                 1         1 
	   Disk (KB)            :       14   500000    561711 
	   GPUs                 :                           0 
	   Memory (MB)          :        0    20000     20096 

	Job terminated of its own accord at 2023-03-30T00:41:29Z with exit-code 127.
...
000 (113484675.000.000) 2023-04-01 14:23:09 Job submitted from host: <10.14.0.160:9618?addrs=10.14.0.160-9618&alias=ldas-pcdev2.ligo.caltech.edu&noUDP&sock=schedd_7450_a8a7>
    DAG Node: 834
...
040 (113484675.000.000) 2023-04-01 14:24:54 Started transferring input files
	Transferring to host: <10.14.10.110:9618?addrs=10.14.10.110-9618&alias=node2360.cluster.ldas.cit&noUDP&sock=slot1_17_3596303_8cdc_2722>
...
040 (113484675.000.000) 2023-04-01 14:24:54 Finished transferring input files
...
001 (113484675.000.000) 2023-04-01 14:24:55 Job executing on host: <10.14.10.110:9618?addrs=10.14.10.110-9618&alias=node2360.cluster.ldas.cit&noUDP&sock=startd_3596262_2fad>
...
006 (113484675.000.000) 2023-04-01 14:25:04 Image size of job updated: 91344
	61  -  MemoryUsage of job (MB)
	61996  -  ResidentSetSize of job (KB)
...
006 (113484675.000.000) 2023-04-01 14:30:04 Image size of job updated: 4400124
	141  -  MemoryUsage of job (MB)
	143464  -  ResidentSetSize of job (KB)
...
006 (113484675.000.000) 2023-04-01 14:35:04 Image size of job updated: 4400124
	142  -  MemoryUsage of job (MB)
	144568  -  ResidentSetSize of job (KB)
...
006 (113484675.000.000) 2023-04-01 14:40:05 Image size of job updated: 4400124
	313  -  MemoryUsage of job (MB)
	320128  -  ResidentSetSize of job (KB)
...
006 (113484675.000.000) 2023-04-01 14:45:05 Image size of job updated: 4400124
	317  -  MemoryUsage of job (MB)
	323776  -  ResidentSetSize of job (KB)
...
006 (113484675.000.000) 2023-04-01 14:50:05 Image size of job updated: 4400124
	418  -  MemoryUsage of job (MB)
	427808  -  ResidentSetSize of job (KB)
...
006 (113484675.000.000) 2023-04-01 14:55:06 Image size of job updated: 4400124
	419  -  MemoryUsage of job (MB)
	428708  -  ResidentSetSize of job (KB)
...
006 (113484675.000.000) 2023-04-01 15:00:07 Image size of job updated: 4400124
	451  -  MemoryUsage of job (MB)
	461584  -  ResidentSetSize of job (KB)
...
006 (113484675.000.000) 2023-04-01 15:05:07 Image size of job updated: 4400124
	451  -  MemoryUsage of job (MB)
	461656  -  ResidentSetSize of job (KB)
...
006 (113484675.000.000) 2023-04-01 15:10:07 Image size of job updated: 4400124
	456  -  MemoryUsage of job (MB)
	466944  -  ResidentSetSize of job (KB)
...
006 (113484675.000.000) 2023-04-01 15:15:08 Image size of job updated: 4400124
	457  -  MemoryUsage of job (MB)
	467884  -  ResidentSetSize of job (KB)
...
006 (113484675.000.000) 2023-04-01 15:20:08 Image size of job updated: 4400124
	465  -  MemoryUsage of job (MB)
	475544  -  ResidentSetSize of job (KB)
...
006 (113484675.000.000) 2023-04-01 15:25:08 Image size of job updated: 4400124
	468  -  MemoryUsage of job (MB)
	478656  -  ResidentSetSize of job (KB)
...
006 (113484675.000.000) 2023-04-01 15:30:09 Image size of job updated: 4400124
	483  -  MemoryUsage of job (MB)
	494344  -  ResidentSetSize of job (KB)
...
006 (113484675.000.000) 2023-04-01 15:35:09 Image size of job updated: 4400124
	513  -  MemoryUsage of job (MB)
	525088  -  ResidentSetSize of job (KB)
...
006 (113484675.000.000) 2023-04-01 15:40:09 Image size of job updated: 4400124
	518  -  MemoryUsage of job (MB)
	529540  -  ResidentSetSize of job (KB)
...
006 (113484675.000.000) 2023-04-01 15:45:10 Image size of job updated: 4400124
	518  -  MemoryUsage of job (MB)
	529884  -  ResidentSetSize of job (KB)
...
006 (113484675.000.000) 2023-04-01 15:50:11 Image size of job updated: 4400124
	520  -  MemoryUsage of job (MB)
	531476  -  ResidentSetSize of job (KB)
...
006 (113484675.000.000) 2023-04-01 15:55:11 Image size of job updated: 4400124
	523  -  MemoryUsage of job (MB)
	535052  -  ResidentSetSize of job (KB)
...
006 (113484675.000.000) 2023-04-01 16:00:12 Image size of job updated: 4400124
	524  -  MemoryUsage of job (MB)
	536036  -  ResidentSetSize of job (KB)
...
006 (113484675.000.000) 2023-04-01 16:05:13 Image size of job updated: 4408900
	537  -  MemoryUsage of job (MB)
	549180  -  ResidentSetSize of job (KB)
...
006 (113484675.000.000) 2023-04-01 16:10:13 Image size of job updated: 4410436
	538  -  MemoryUsage of job (MB)
	549972  -  ResidentSetSize of job (KB)
...
006 (113484675.000.000) 2023-04-01 16:15:13 Image size of job updated: 4414376
	542  -  MemoryUsage of job (MB)
	554936  -  ResidentSetSize of job (KB)
...
006 (113484675.000.000) 2023-04-01 16:20:14 Image size of job updated: 4415292
	543  -  MemoryUsage of job (MB)
	555780  -  ResidentSetSize of job (KB)
...
006 (113484675.000.000) 2023-04-01 16:25:14 Image size of job updated: 4425856
	561  -  MemoryUsage of job (MB)
	573688  -  ResidentSetSize of job (KB)
...
006 (113484675.000.000) 2023-04-01 16:30:14 Image size of job updated: 4433632
	561  -  MemoryUsage of job (MB)
	573688  -  ResidentSetSize of job (KB)
...
006 (113484675.000.000) 2023-04-01 16:35:15 Image size of job updated: 4433828
	669  -  MemoryUsage of job (MB)
	684660  -  ResidentSetSize of job (KB)
...
006 (113484675.000.000) 2023-04-01 16:40:16 Image size of job updated: 4442764
	824  -  MemoryUsage of job (MB)
	842768  -  ResidentSetSize of job (KB)
...
006 (113484675.000.000) 2023-04-01 16:45:16 Image size of job updated: 4442764
	826  -  MemoryUsage of job (MB)
	845508  -  ResidentSetSize of job (KB)
...
006 (113484675.000.000) 2023-04-01 16:50:17 Image size of job updated: 4453908
	830  -  MemoryUsage of job (MB)
	849212  -  ResidentSetSize of job (KB)
...
006 (113484675.000.000) 2023-04-01 16:55:18 Image size of job updated: 4453908
	830  -  MemoryUsage of job (MB)
	849568  -  ResidentSetSize of job (KB)
...
006 (113484675.000.000) 2023-04-01 17:00:18 Image size of job updated: 4456660
	833  -  MemoryUsage of job (MB)
	852920  -  ResidentSetSize of job (KB)
...
006 (113484675.000.000) 2023-04-01 17:10:19 Image size of job updated: 4456660
	835  -  MemoryUsage of job (MB)
	854344  -  ResidentSetSize of job (KB)
...
006 (113484675.000.000) 2023-04-01 17:15:19 Image size of job updated: 4473940
	857  -  MemoryUsage of job (MB)
	876884  -  ResidentSetSize of job (KB)
...
006 (113484675.000.000) 2023-04-01 17:20:19 Image size of job updated: 4474124
	859  -  MemoryUsage of job (MB)
	879156  -  ResidentSetSize of job (KB)
...
006 (113484675.000.000) 2023-04-01 17:25:21 Image size of job updated: 4479648
	860  -  MemoryUsage of job (MB)
	880124  -  ResidentSetSize of job (KB)
...
006 (113484675.000.000) 2023-04-01 17:30:21 Image size of job updated: 4479648
	861  -  MemoryUsage of job (MB)
	880956  -  ResidentSetSize of job (KB)
...
006 (113484675.000.000) 2023-04-01 17:35:21 Image size of job updated: 4482188
	867  -  MemoryUsage of job (MB)
	887080  -  ResidentSetSize of job (KB)
...
006 (113484675.000.000) 2023-04-01 17:40:22 Image size of job updated: 4483372
	869  -  MemoryUsage of job (MB)
	889280  -  ResidentSetSize of job (KB)
...
006 (113484675.000.000) 2023-04-01 17:45:23 Image size of job updated: 4485036
	871  -  MemoryUsage of job (MB)
	891016  -  ResidentSetSize of job (KB)
...
006 (113484675.000.000) 2023-04-01 17:50:23 Image size of job updated: 4497848
	874  -  MemoryUsage of job (MB)
	894576  -  ResidentSetSize of job (KB)
...
006 (113484675.000.000) 2023-04-01 17:55:24 Image size of job updated: 4497848
	874  -  MemoryUsage of job (MB)
	894912  -  ResidentSetSize of job (KB)
...
006 (113484675.000.000) 2023-04-01 18:05:25 Image size of job updated: 4521680
	906  -  MemoryUsage of job (MB)
	927680  -  ResidentSetSize of job (KB)
...
006 (113484675.000.000) 2023-04-01 18:15:26 Image size of job updated: 4522432
	907  -  MemoryUsage of job (MB)
	927896  -  ResidentSetSize of job (KB)
...
006 (113484675.000.000) 2023-04-01 18:20:26 Image size of job updated: 4529332
	909  -  MemoryUsage of job (MB)
	930184  -  ResidentSetSize of job (KB)
...
006 (113484675.000.000) 2023-04-01 18:25:26 Image size of job updated: 4529332
	912  -  MemoryUsage of job (MB)
	933728  -  ResidentSetSize of job (KB)
...
006 (113484675.000.000) 2023-04-01 18:30:27 Image size of job updated: 4529332
	918  -  MemoryUsage of job (MB)
	939364  -  ResidentSetSize of job (KB)
...
006 (113484675.000.000) 2023-04-01 18:35:28 Image size of job updated: 4536376
	919  -  MemoryUsage of job (MB)
	941012  -  ResidentSetSize of job (KB)
...
006 (113484675.000.000) 2023-04-01 18:40:28 Image size of job updated: 4536376
	920  -  MemoryUsage of job (MB)
	941840  -  ResidentSetSize of job (KB)
...
006 (113484675.000.000) 2023-04-01 18:45:29 Image size of job updated: 4542412
	922  -  MemoryUsage of job (MB)
	943124  -  ResidentSetSize of job (KB)
...
006 (113484675.000.000) 2023-04-01 18:50:30 Image size of job updated: 4542412
	922  -  MemoryUsage of job (MB)
	943348  -  ResidentSetSize of job (KB)
...
006 (113484675.000.000) 2023-04-01 18:55:30 Image size of job updated: 4545360
	922  -  MemoryUsage of job (MB)
	943348  -  ResidentSetSize of job (KB)
...
006 (113484675.000.000) 2023-04-01 19:40:34 Image size of job updated: 4549820
	949  -  MemoryUsage of job (MB)
	971064  -  ResidentSetSize of job (KB)
...
006 (113484675.000.000) 2023-04-01 19:45:34 Image size of job updated: 4552612
	953  -  MemoryUsage of job (MB)
	975556  -  ResidentSetSize of job (KB)
...
006 (113484675.000.000) 2023-04-01 19:50:35 Image size of job updated: 4553244
	955  -  MemoryUsage of job (MB)
	977324  -  ResidentSetSize of job (KB)
...
006 (113484675.000.000) 2023-04-01 19:55:36 Image size of job updated: 4555884
	956  -  MemoryUsage of job (MB)
	978744  -  ResidentSetSize of job (KB)
...
006 (113484675.000.000) 2023-04-01 20:05:36 Image size of job updated: 4558732
	962  -  MemoryUsage of job (MB)
	984260  -  ResidentSetSize of job (KB)
...
006 (113484675.000.000) 2023-04-01 20:10:37 Image size of job updated: 4563492
	962  -  MemoryUsage of job (MB)
	984260  -  ResidentSetSize of job (KB)
...
006 (113484675.000.000) 2023-04-01 20:15:37 Image size of job updated: 4568928
	966  -  MemoryUsage of job (MB)
	988316  -  ResidentSetSize of job (KB)
...
006 (113484675.000.000) 2023-04-01 20:20:37 Image size of job updated: 4568928
	981  -  MemoryUsage of job (MB)
	1004008  -  ResidentSetSize of job (KB)
...
006 (113484675.000.000) 2023-04-01 20:25:38 Image size of job updated: 4568928
	986  -  MemoryUsage of job (MB)
	1009376  -  ResidentSetSize of job (KB)
...
006 (113484675.000.000) 2023-04-01 20:30:39 Image size of job updated: 4570204
	986  -  MemoryUsage of job (MB)
	1009376  -  ResidentSetSize of job (KB)
...
006 (113484675.000.000) 2023-04-01 20:45:41 Image size of job updated: 4618548
	994  -  MemoryUsage of job (MB)
	1017480  -  ResidentSetSize of job (KB)
...
006 (113484675.000.000) 2023-04-01 21:00:42 Image size of job updated: 4618548
	994  -  MemoryUsage of job (MB)
	1017772  -  ResidentSetSize of job (KB)
...
006 (113484675.000.000) 2023-04-01 21:05:42 Image size of job updated: 4618548
	1015  -  MemoryUsage of job (MB)
	1038788  -  ResidentSetSize of job (KB)
...
006 (113484675.000.000) 2023-04-01 21:15:44 Image size of job updated: 4622428
	1015  -  MemoryUsage of job (MB)
	1038788  -  ResidentSetSize of job (KB)
...
006 (113484675.000.000) 2023-04-01 21:20:44 Image size of job updated: 4622428
	1018  -  MemoryUsage of job (MB)
	1042096  -  ResidentSetSize of job (KB)
...
006 (113484675.000.000) 2023-04-01 21:35:46 Image size of job updated: 4622428
	1018  -  MemoryUsage of job (MB)
	1042212  -  ResidentSetSize of job (KB)
...
006 (113484675.000.000) 2023-04-01 21:40:46 Image size of job updated: 4634012
	1025  -  MemoryUsage of job (MB)
	1048672  -  ResidentSetSize of job (KB)
...
006 (113484675.000.000) 2023-04-01 21:45:47 Image size of job updated: 4634012
	1025  -  MemoryUsage of job (MB)
	1049244  -  ResidentSetSize of job (KB)
...
006 (113484675.000.000) 2023-04-01 22:10:49 Image size of job updated: 4634012
	1054  -  MemoryUsage of job (MB)
	1078916  -  ResidentSetSize of job (KB)
...
006 (113484675.000.000) 2023-04-01 22:15:49 Image size of job updated: 4634012
	1087  -  MemoryUsage of job (MB)
	1112520  -  ResidentSetSize of job (KB)
...
006 (113484675.000.000) 2023-04-01 22:20:50 Image size of job updated: 4634012
	1089  -  MemoryUsage of job (MB)
	1114572  -  ResidentSetSize of job (KB)
...
006 (113484675.000.000) 2023-04-01 22:25:51 Image size of job updated: 4646016
	1090  -  MemoryUsage of job (MB)
	1115260  -  ResidentSetSize of job (KB)
...
006 (113484675.000.000) 2023-04-01 22:30:51 Image size of job updated: 4646016
	1093  -  MemoryUsage of job (MB)
	1118332  -  ResidentSetSize of job (KB)
...
006 (113484675.000.000) 2023-04-01 22:35:52 Image size of job updated: 4646016
	1097  -  MemoryUsage of job (MB)
	1123000  -  ResidentSetSize of job (KB)
...
006 (113484675.000.000) 2023-04-01 22:45:53 Image size of job updated: 4646016
	1100  -  MemoryUsage of job (MB)
	1125904  -  ResidentSetSize of job (KB)
...
006 (113484675.000.000) 2023-04-01 22:50:54 Image size of job updated: 4658164
	1100  -  MemoryUsage of job (MB)
	1125904  -  ResidentSetSize of job (KB)
...
006 (113484675.000.000) 2023-04-01 23:05:55 Image size of job updated: 4658164
	1103  -  MemoryUsage of job (MB)
	1128860  -  ResidentSetSize of job (KB)
...
006 (113484675.000.000) 2023-04-01 23:20:57 Image size of job updated: 4658164
	1103  -  MemoryUsage of job (MB)
	1129084  -  ResidentSetSize of job (KB)
...
006 (113484675.000.000) 2023-04-01 23:25:58 Image size of job updated: 4658164
	1121  -  MemoryUsage of job (MB)
	1147720  -  ResidentSetSize of job (KB)
...
006 (113484675.000.000) 2023-04-01 23:30:59 Image size of job updated: 4674376
	1121  -  MemoryUsage of job (MB)
	1147720  -  ResidentSetSize of job (KB)
...
006 (113484675.000.000) 2023-04-01 23:46:01 Image size of job updated: 4679676
	1121  -  MemoryUsage of job (MB)
	1147720  -  ResidentSetSize of job (KB)
...
006 (113484675.000.000) 2023-04-01 23:56:01 Image size of job updated: 4679676
	1195  -  MemoryUsage of job (MB)
	1223484  -  ResidentSetSize of job (KB)
...
006 (113484675.000.000) 2023-04-02 00:26:04 Image size of job updated: 4690376
	1195  -  MemoryUsage of job (MB)
	1223484  -  ResidentSetSize of job (KB)
...
006 (113484675.000.000) 2023-04-02 00:41:06 Image size of job updated: 4695968
	1195  -  MemoryUsage of job (MB)
	1223484  -  ResidentSetSize of job (KB)
...
006 (113484675.000.000) 2023-04-02 01:16:09 Image size of job updated: 4705168
	1195  -  MemoryUsage of job (MB)
	1223484  -  ResidentSetSize of job (KB)
...
006 (113484675.000.000) 2023-04-02 01:46:13 Image size of job updated: 4723412
	1195  -  MemoryUsage of job (MB)
	1223484  -  ResidentSetSize of job (KB)
...
006 (113484675.000.000) 2023-04-02 02:31:17 Image size of job updated: 4737480
	1195  -  MemoryUsage of job (MB)
	1223484  -  ResidentSetSize of job (KB)
...
006 (113484675.000.000) 2023-04-02 02:41:18 Image size of job updated: 4737860
	1195  -  MemoryUsage of job (MB)
	1223484  -  ResidentSetSize of job (KB)
...
006 (113484675.000.000) 2023-04-02 03:06:20 Image size of job updated: 4751176
	1195  -  MemoryUsage of job (MB)
	1223484  -  ResidentSetSize of job (KB)
...
006 (113484675.000.000) 2023-04-02 03:56:25 Image size of job updated: 4751176
	1197  -  MemoryUsage of job (MB)
	1224864  -  ResidentSetSize of job (KB)
...
006 (113484675.000.000) 2023-04-02 04:01:25 Image size of job updated: 4751176
	1198  -  MemoryUsage of job (MB)
	1225984  -  ResidentSetSize of job (KB)
...
006 (113484675.000.000) 2023-04-02 04:16:27 Image size of job updated: 4751176
	1198  -  MemoryUsage of job (MB)
	1226416  -  ResidentSetSize of job (KB)
...
006 (113484675.000.000) 2023-04-02 04:31:29 Image size of job updated: 4771932
	1200  -  MemoryUsage of job (MB)
	1227884  -  ResidentSetSize of job (KB)
...
006 (113484675.000.000) 2023-04-02 04:36:29 Image size of job updated: 4771932
	1207  -  MemoryUsage of job (MB)
	1235052  -  ResidentSetSize of job (KB)
...
006 (113484675.000.000) 2023-04-02 04:51:30 Image size of job updated: 4771932
	1207  -  MemoryUsage of job (MB)
	1235340  -  ResidentSetSize of job (KB)
...
006 (113484675.000.000) 2023-04-02 04:56:31 Image size of job updated: 4771932
	1208  -  MemoryUsage of job (MB)
	1236980  -  ResidentSetSize of job (KB)
...
006 (113484675.000.000) 2023-04-02 05:01:32 Image size of job updated: 4776676
	1212  -  MemoryUsage of job (MB)
	1240876  -  ResidentSetSize of job (KB)
...
006 (113484675.000.000) 2023-04-02 05:06:32 Image size of job updated: 4776676
	1213  -  MemoryUsage of job (MB)
	1242036  -  ResidentSetSize of job (KB)
...
006 (113484675.000.000) 2023-04-02 05:11:33 Image size of job updated: 4795688
	1217  -  MemoryUsage of job (MB)
	1245204  -  ResidentSetSize of job (KB)
...
006 (113484675.000.000) 2023-04-02 05:26:35 Image size of job updated: 4795688
	1217  -  MemoryUsage of job (MB)
	1245840  -  ResidentSetSize of job (KB)
...
006 (113484675.000.000) 2023-04-02 05:31:36 Image size of job updated: 4795688
	1218  -  MemoryUsage of job (MB)
	1246604  -  ResidentSetSize of job (KB)
...
006 (113484675.000.000) 2023-04-02 05:41:36 Image size of job updated: 4807840
	1225  -  MemoryUsage of job (MB)
	1254172  -  ResidentSetSize of job (KB)
...
006 (113484675.000.000) 2023-04-02 06:06:40 Image size of job updated: 4807840
	1227  -  MemoryUsage of job (MB)
	1256008  -  ResidentSetSize of job (KB)
...
006 (113484675.000.000) 2023-04-02 06:46:43 Image size of job updated: 4807840
	1230  -  MemoryUsage of job (MB)
	1258824  -  ResidentSetSize of job (KB)
...
006 (113484675.000.000) 2023-04-02 06:56:45 Image size of job updated: 4809728
	1230  -  MemoryUsage of job (MB)
	1258824  -  ResidentSetSize of job (KB)
...
006 (113484675.000.000) 2023-04-02 07:11:47 Image size of job updated: 4809728
	1235  -  MemoryUsage of job (MB)
	1264068  -  ResidentSetSize of job (KB)
...
006 (113484675.000.000) 2023-04-02 07:16:47 Image size of job updated: 4809728
	1236  -  MemoryUsage of job (MB)
	1265536  -  ResidentSetSize of job (KB)
...
006 (113484675.000.000) 2023-04-02 07:21:47 Image size of job updated: 4831328
	1236  -  MemoryUsage of job (MB)
	1265536  -  ResidentSetSize of job (KB)
...
006 (113484675.000.000) 2023-04-02 07:51:50 Image size of job updated: 4831328
	1241  -  MemoryUsage of job (MB)
	1270600  -  ResidentSetSize of job (KB)
...
006 (113484675.000.000) 2023-04-02 07:56:51 Image size of job updated: 4831328
	1244  -  MemoryUsage of job (MB)
	1272936  -  ResidentSetSize of job (KB)
...
006 (113484675.000.000) 2023-04-02 08:01:52 Image size of job updated: 4831328
	1348  -  MemoryUsage of job (MB)
	1379488  -  ResidentSetSize of job (KB)
...
006 (113484675.000.000) 2023-04-02 08:21:54 Image size of job updated: 4846200
	1348  -  MemoryUsage of job (MB)
	1379488  -  ResidentSetSize of job (KB)
...
006 (113484675.000.000) 2023-04-02 09:22:01 Image size of job updated: 4847608
	1348  -  MemoryUsage of job (MB)
	1379488  -  ResidentSetSize of job (KB)
...
006 (113484675.000.000) 2023-04-02 10:27:07 Image size of job updated: 4869972
	1348  -  MemoryUsage of job (MB)
	1379488  -  ResidentSetSize of job (KB)
...
006 (113484675.000.000) 2023-04-02 10:47:10 Image size of job updated: 4874388
	1348  -  MemoryUsage of job (MB)
	1379488  -  ResidentSetSize of job (KB)
...
006 (113484675.000.000) 2023-04-02 11:02:12 Image size of job updated: 4883068
	1348  -  MemoryUsage of job (MB)
	1379488  -  ResidentSetSize of job (KB)
...
006 (113484675.000.000) 2023-04-02 12:17:19 Image size of job updated: 4910648
	1417  -  MemoryUsage of job (MB)
	1450584  -  ResidentSetSize of job (KB)
...
006 (113484675.000.000) 2023-04-02 14:12:31 Image size of job updated: 4962252
	1417  -  MemoryUsage of job (MB)
	1450584  -  ResidentSetSize of job (KB)
...
004 (113484675.000.000) 2023-04-02 14:28:11 Job was evicted.
	(0) CPU times
		Usr 2 01:51:53, Sys 0 00:05:15  -  Run Remote Usage
		Usr 0 00:00:00, Sys 0 00:00:00  -  Run Local Usage
	0  -  Run Bytes Sent By Job
	381  -  Run Bytes Received By Job
	Partitionable Resources :    Usage  Request Allocated 
	   Cpus                 :     0.99        1         1 
	   Disk (KB)            :  1185      500000    624256 
	   GPUs                 :                           0 
	   Memory (MB)          :  1417       20000     20096 
...
040 (113484675.000.000) 2023-04-02 14:30:59 Started transferring input files
	Transferring to host: <10.14.10.60:9618?addrs=10.14.10.60-9618&alias=node2310.cluster.ldas.cit&noUDP&sock=slot1_16_2869576_a2cb_11523>
...
040 (113484675.000.000) 2023-04-02 14:30:59 Finished transferring input files
...
001 (113484675.000.000) 2023-04-02 14:31:00 Job executing on host: <10.14.10.60:9618?addrs=10.14.10.60-9618&alias=node2310.cluster.ldas.cit&noUDP&sock=startd_2869535_e929>
...
006 (113484675.000.000) 2023-04-02 22:57:00 Image size of job updated: 5012644
	1465  -  MemoryUsage of job (MB)
	1500000  -  ResidentSetSize of job (KB)
...
006 (113484675.000.000) 2023-04-02 23:57:06 Image size of job updated: 5018312
	1465  -  MemoryUsage of job (MB)
	1500000  -  ResidentSetSize of job (KB)
...
006 (113484675.000.000) 2023-04-03 00:12:07 Image size of job updated: 5030300
	1465  -  MemoryUsage of job (MB)
	1500000  -  ResidentSetSize of job (KB)
...
006 (113484675.000.000) 2023-04-03 01:07:12 Image size of job updated: 5040816
	1465  -  MemoryUsage of job (MB)
	1500000  -  ResidentSetSize of job (KB)
...
006 (113484675.000.000) 2023-04-03 02:42:22 Image size of job updated: 5069040
	1465  -  MemoryUsage of job (MB)
	1500000  -  ResidentSetSize of job (KB)
...
006 (113484675.000.000) 2023-04-03 03:17:25 Image size of job updated: 5093024
	1465  -  MemoryUsage of job (MB)
	1500000  -  ResidentSetSize of job (KB)
...
006 (113484675.000.000) 2023-04-03 04:52:35 Image size of job updated: 5101320
	1465  -  MemoryUsage of job (MB)
	1500000  -  ResidentSetSize of job (KB)
...
006 (113484675.000.000) 2023-04-03 07:57:54 Image size of job updated: 5156612
	1465  -  MemoryUsage of job (MB)
	1500000  -  ResidentSetSize of job (KB)
...
006 (113484675.000.000) 2023-04-03 08:07:56 Image size of job updated: 5156612
	1478  -  MemoryUsage of job (MB)
	1513040  -  ResidentSetSize of job (KB)
...
006 (113484675.000.000) 2023-04-03 08:47:59 Image size of job updated: 5173072
	1483  -  MemoryUsage of job (MB)
	1517772  -  ResidentSetSize of job (KB)
...
006 (113484675.000.000) 2023-04-03 08:53:00 Image size of job updated: 5173072
	1484  -  MemoryUsage of job (MB)
	1519156  -  ResidentSetSize of job (KB)
...
006 (113484675.000.000) 2023-04-03 10:53:12 Image size of job updated: 5173072
	1642  -  MemoryUsage of job (MB)
	1681096  -  ResidentSetSize of job (KB)
...
006 (113484675.000.000) 2023-04-03 14:03:31 Image size of job updated: 5195908
	1642  -  MemoryUsage of job (MB)
	1681096  -  ResidentSetSize of job (KB)
...
004 (113484675.000.000) 2023-04-03 14:51:22 Job was evicted.
	(0) CPU times
		Usr 2 22:12:18, Sys 0 00:06:59  -  Run Remote Usage
		Usr 0 00:00:00, Sys 0 00:00:00  -  Run Local Usage
	0  -  Run Bytes Sent By Job
	381  -  Run Bytes Received By Job
	Partitionable Resources :    Usage  Request Allocated 
	   Cpus                 :     2.18        1         1 
	   Disk (KB)            :   505      500000    624256 
	   GPUs                 :                           0 
	   Memory (MB)          :  1642       20000     20096 
...
040 (113484675.000.000) 2023-04-03 15:06:01 Started transferring input files
	Transferring to host: <10.14.0.201:9618?addrs=10.14.0.201-9618&alias=deepclean.ldas.cit&noUDP&sock=slot1_7_1643935_acbb_13680>
...
040 (113484675.000.000) 2023-04-03 15:06:01 Finished transferring input files
...
001 (113484675.000.000) 2023-04-03 15:06:02 Job executing on host: <10.14.0.201:9618?addrs=10.14.0.201-9618&alias=deepclean.ldas.cit&noUDP&sock=startd_6280_22d9>
...
006 (113484675.000.000) 2023-04-04 05:37:39 Image size of job updated: 7500000
	1852  -  MemoryUsage of job (MB)
	1895628  -  ResidentSetSize of job (KB)
...
006 (113484675.000.000) 2023-04-04 06:22:44 Image size of job updated: 7500000
	1859  -  MemoryUsage of job (MB)
	1903272  -  ResidentSetSize of job (KB)
...
006 (113484675.000.000) 2023-04-04 09:12:37 Image size of job updated: 10699692
	1859  -  MemoryUsage of job (MB)
	1903272  -  ResidentSetSize of job (KB)
...
040 (113484675.000.000) 2023-04-04 09:12:37 Started transferring output files
...
040 (113484675.000.000) 2023-04-04 09:12:37 Finished transferring output files
...
005 (113484675.000.000) 2023-04-04 09:12:37 Job terminated.
	(1) Normal termination (return value 0)
		Usr 2 11:54:35, Sys 0 00:04:48  -  Run Remote Usage
		Usr 0 00:00:00, Sys 0 00:00:00  -  Run Local Usage
		Usr 7 11:58:46, Sys 0 00:17:02  -  Total Remote Usage
		Usr 0 00:00:00, Sys 0 00:00:00  -  Total Local Usage
	325692  -  Run Bytes Sent By Job
	381  -  Run Bytes Received By Job
	325692  -  Total Bytes Sent By Job
	1143  -  Total Bytes Received By Job
	Partitionable Resources :    Usage  Request Allocated 
	   Cpus                 :     0.26        1         1 
	   Disk (KB)            :   343      500000   1128781 
	   GPUs                 :                           0 
	   Memory (MB)          :  1859       20000     20096 

	Job terminated of its own accord at 2023-04-04T16:12:37Z with exit-code 0.
...
