000 (113449859.000.000) 2023-03-29 17:01:33 Job submitted from host: <10.14.0.160:9618?addrs=10.14.0.160-9618&alias=ldas-pcdev2.ligo.caltech.edu&noUDP&sock=schedd_7450_a8a7>
    DAG Node: 573
...
040 (113449859.000.000) 2023-03-29 17:40:19 Started transferring input files
	Transferring to host: <10.14.9.194:9618?addrs=10.14.9.194-9618&alias=node2194.cluster.ldas.cit&noUDP&sock=slot1_2_189911_3ac4_88918>
...
040 (113449859.000.000) 2023-03-29 17:40:19 Finished transferring input files
...
001 (113449859.000.000) 2023-03-29 17:40:20 Job executing on host: <10.14.9.194:9618?addrs=10.14.9.194-9618&alias=node2194.cluster.ldas.cit&noUDP&sock=startd_189641_87e3>
...
006 (113449859.000.000) 2023-03-29 17:40:20 Image size of job updated: 1
	0  -  MemoryUsage of job (MB)
	0  -  ResidentSetSize of job (KB)
...
040 (113449859.000.000) 2023-03-29 17:40:20 Started transferring output files
...
040 (113449859.000.000) 2023-03-29 17:40:20 Finished transferring output files
...
005 (113449859.000.000) 2023-03-29 17:40:20 Job terminated.
	(1) Normal termination (return value 127)
		Usr 0 00:00:00, Sys 0 00:00:00  -  Run Remote Usage
		Usr 0 00:00:00, Sys 0 00:00:00  -  Run Local Usage
		Usr 0 00:00:00, Sys 0 00:00:00  -  Total Remote Usage
		Usr 0 00:00:00, Sys 0 00:00:00  -  Total Local Usage
	407  -  Run Bytes Sent By Job
	366  -  Run Bytes Received By Job
	407  -  Total Bytes Sent By Job
	366  -  Total Bytes Received By Job
	Partitionable Resources :    Usage  Request Allocated 
	   Cpus                 :                 1         1 
	   Disk (KB)            :       14   500000    561711 
	   GPUs                 :                           0 
	   Memory (MB)          :        0    20000     20096 

	Job terminated of its own accord at 2023-03-30T00:40:20Z with exit-code 127.
...
000 (113484888.000.000) 2023-04-01 14:23:51 Job submitted from host: <10.14.0.160:9618?addrs=10.14.0.160-9618&alias=ldas-pcdev2.ligo.caltech.edu&noUDP&sock=schedd_7450_a8a7>
    DAG Node: 573
...
040 (113484888.000.000) 2023-04-01 14:28:54 Started transferring input files
	Transferring to host: <10.14.9.194:9618?addrs=10.14.9.194-9618&alias=node2194.cluster.ldas.cit&noUDP&sock=slot1_2_189911_3ac4_109088>
...
040 (113484888.000.000) 2023-04-01 14:28:54 Finished transferring input files
...
001 (113484888.000.000) 2023-04-01 14:28:55 Job executing on host: <10.14.9.194:9618?addrs=10.14.9.194-9618&alias=node2194.cluster.ldas.cit&noUDP&sock=startd_189641_87e3>
...
006 (113484888.000.000) 2023-04-01 14:28:55 Image size of job updated: 1
	0  -  MemoryUsage of job (MB)
	0  -  ResidentSetSize of job (KB)
...
040 (113484888.000.000) 2023-04-01 14:28:55 Started transferring output files
...
040 (113484888.000.000) 2023-04-01 14:28:55 Finished transferring output files
...
005 (113484888.000.000) 2023-04-01 14:28:55 Job terminated.
	(1) Normal termination (return value 127)
		Usr 0 00:00:00, Sys 0 00:00:00  -  Run Remote Usage
		Usr 0 00:00:00, Sys 0 00:00:00  -  Run Local Usage
		Usr 0 00:00:00, Sys 0 00:00:00  -  Total Remote Usage
		Usr 0 00:00:00, Sys 0 00:00:00  -  Total Local Usage
	411  -  Run Bytes Sent By Job
	366  -  Run Bytes Received By Job
	411  -  Total Bytes Sent By Job
	366  -  Total Bytes Received By Job
	Partitionable Resources :    Usage  Request Allocated 
	   Cpus                 :                 1         1 
	   Disk (KB)            :       14   500000    561711 
	   GPUs                 :                           0 
	   Memory (MB)          :        0    20000     20096 

	Job terminated of its own accord at 2023-04-01T21:28:55Z with exit-code 127.
...
000 (113485092.000.000) 2023-04-01 14:53:04 Job submitted from host: <10.14.0.160:9618?addrs=10.14.0.160-9618&alias=ldas-pcdev2.ligo.caltech.edu&noUDP&sock=schedd_7450_a8a7>
    DAG Node: 573
...
040 (113485092.000.000) 2023-04-01 14:59:36 Started transferring input files
	Transferring to host: <10.14.9.196:9618?addrs=10.14.9.196-9618&alias=node2196.cluster.ldas.cit&noUDP&sock=slot1_3_186547_fcbb_160750>
...
040 (113485092.000.000) 2023-04-01 14:59:36 Finished transferring input files
...
001 (113485092.000.000) 2023-04-01 14:59:37 Job executing on host: <10.14.9.196:9618?addrs=10.14.9.196-9618&alias=node2196.cluster.ldas.cit&noUDP&sock=startd_186508_8dac>
...
006 (113485092.000.000) 2023-04-01 14:59:37 Image size of job updated: 1
	0  -  MemoryUsage of job (MB)
	0  -  ResidentSetSize of job (KB)
...
040 (113485092.000.000) 2023-04-01 14:59:37 Started transferring output files
...
040 (113485092.000.000) 2023-04-01 14:59:37 Finished transferring output files
...
005 (113485092.000.000) 2023-04-01 14:59:37 Job terminated.
	(1) Normal termination (return value 127)
		Usr 0 00:00:00, Sys 0 00:00:00  -  Run Remote Usage
		Usr 0 00:00:00, Sys 0 00:00:00  -  Run Local Usage
		Usr 0 00:00:00, Sys 0 00:00:00  -  Total Remote Usage
		Usr 0 00:00:00, Sys 0 00:00:00  -  Total Local Usage
	403  -  Run Bytes Sent By Job
	366  -  Run Bytes Received By Job
	403  -  Total Bytes Sent By Job
	366  -  Total Bytes Received By Job
	Partitionable Resources :    Usage  Request Allocated 
	   Cpus                 :                 1         1 
	   Disk (KB)            :       15   500000    519527 
	   GPUs                 :                           0 
	   Memory (MB)          :        0    20000     20096 

	Job terminated of its own accord at 2023-04-01T21:59:37Z with exit-code 127.
...
000 (113493797.000.000) 2023-04-02 13:26:42 Job submitted from host: <10.14.0.160:9618?addrs=10.14.0.160-9618&alias=ldas-pcdev2.ligo.caltech.edu&noUDP&sock=schedd_7450_a8a7>
    DAG Node: 573
...
040 (113493797.000.000) 2023-04-02 13:28:50 Started transferring input files
	Transferring to host: <10.14.10.67:9618?addrs=10.14.10.67-9618&alias=node2317.cluster.ldas.cit&noUDP&sock=slot1_19_3643178_3a6e_10871>
...
040 (113493797.000.000) 2023-04-02 13:28:50 Finished transferring input files
...
001 (113493797.000.000) 2023-04-02 13:28:51 Job executing on host: <10.14.10.67:9618?addrs=10.14.10.67-9618&alias=node2317.cluster.ldas.cit&noUDP&sock=startd_3643136_d9f6>
...
006 (113493797.000.000) 2023-04-02 13:28:59 Image size of job updated: 598368
	190  -  MemoryUsage of job (MB)
	194436  -  ResidentSetSize of job (KB)
...
006 (113493797.000.000) 2023-04-02 13:33:59 Image size of job updated: 5144124
	306  -  MemoryUsage of job (MB)
	313048  -  ResidentSetSize of job (KB)
...
006 (113493797.000.000) 2023-04-02 13:39:00 Image size of job updated: 5144124
	481  -  MemoryUsage of job (MB)
	492376  -  ResidentSetSize of job (KB)
...
006 (113493797.000.000) 2023-04-02 13:44:01 Image size of job updated: 5144124
	490  -  MemoryUsage of job (MB)
	500940  -  ResidentSetSize of job (KB)
...
006 (113493797.000.000) 2023-04-02 13:49:01 Image size of job updated: 5144124
	551  -  MemoryUsage of job (MB)
	563236  -  ResidentSetSize of job (KB)
...
006 (113493797.000.000) 2023-04-02 13:54:02 Image size of job updated: 5144124
	556  -  MemoryUsage of job (MB)
	568428  -  ResidentSetSize of job (KB)
...
006 (113493797.000.000) 2023-04-02 13:59:03 Image size of job updated: 5144124
	569  -  MemoryUsage of job (MB)
	581996  -  ResidentSetSize of job (KB)
...
006 (113493797.000.000) 2023-04-02 14:04:03 Image size of job updated: 5144124
	573  -  MemoryUsage of job (MB)
	585816  -  ResidentSetSize of job (KB)
...
006 (113493797.000.000) 2023-04-02 14:09:03 Image size of job updated: 5144124
	578  -  MemoryUsage of job (MB)
	591656  -  ResidentSetSize of job (KB)
...
006 (113493797.000.000) 2023-04-02 14:14:04 Image size of job updated: 5144124
	581  -  MemoryUsage of job (MB)
	594336  -  ResidentSetSize of job (KB)
...
006 (113493797.000.000) 2023-04-02 14:19:05 Image size of job updated: 5144124
	586  -  MemoryUsage of job (MB)
	599696  -  ResidentSetSize of job (KB)
...
006 (113493797.000.000) 2023-04-02 14:24:05 Image size of job updated: 5144124
	586  -  MemoryUsage of job (MB)
	599908  -  ResidentSetSize of job (KB)
...
006 (113493797.000.000) 2023-04-02 14:29:06 Image size of job updated: 5144124
	587  -  MemoryUsage of job (MB)
	601060  -  ResidentSetSize of job (KB)
...
006 (113493797.000.000) 2023-04-02 14:34:07 Image size of job updated: 5144124
	590  -  MemoryUsage of job (MB)
	603372  -  ResidentSetSize of job (KB)
...
006 (113493797.000.000) 2023-04-02 14:39:07 Image size of job updated: 5144124
	592  -  MemoryUsage of job (MB)
	606172  -  ResidentSetSize of job (KB)
...
006 (113493797.000.000) 2023-04-02 14:44:07 Image size of job updated: 5144124
	646  -  MemoryUsage of job (MB)
	661396  -  ResidentSetSize of job (KB)
...
006 (113493797.000.000) 2023-04-02 14:49:08 Image size of job updated: 5144124
	652  -  MemoryUsage of job (MB)
	666828  -  ResidentSetSize of job (KB)
...
006 (113493797.000.000) 2023-04-02 14:54:08 Image size of job updated: 5148320
	715  -  MemoryUsage of job (MB)
	731956  -  ResidentSetSize of job (KB)
...
006 (113493797.000.000) 2023-04-02 14:59:08 Image size of job updated: 5169488
	747  -  MemoryUsage of job (MB)
	764128  -  ResidentSetSize of job (KB)
...
006 (113493797.000.000) 2023-04-02 15:04:09 Image size of job updated: 5193320
	845  -  MemoryUsage of job (MB)
	865188  -  ResidentSetSize of job (KB)
...
006 (113493797.000.000) 2023-04-02 15:09:10 Image size of job updated: 5197348
	880  -  MemoryUsage of job (MB)
	900796  -  ResidentSetSize of job (KB)
...
006 (113493797.000.000) 2023-04-02 15:14:10 Image size of job updated: 5205560
	1010  -  MemoryUsage of job (MB)
	1033720  -  ResidentSetSize of job (KB)
...
006 (113493797.000.000) 2023-04-02 15:19:11 Image size of job updated: 5216468
	1128  -  MemoryUsage of job (MB)
	1154936  -  ResidentSetSize of job (KB)
...
006 (113493797.000.000) 2023-04-02 15:24:12 Image size of job updated: 5230800
	1161  -  MemoryUsage of job (MB)
	1188292  -  ResidentSetSize of job (KB)
...
006 (113493797.000.000) 2023-04-02 15:34:12 Image size of job updated: 5236456
	1166  -  MemoryUsage of job (MB)
	1193896  -  ResidentSetSize of job (KB)
...
006 (113493797.000.000) 2023-04-02 15:39:13 Image size of job updated: 5238348
	1168  -  MemoryUsage of job (MB)
	1195872  -  ResidentSetSize of job (KB)
...
006 (113493797.000.000) 2023-04-02 15:44:13 Image size of job updated: 5244748
	1173  -  MemoryUsage of job (MB)
	1200664  -  ResidentSetSize of job (KB)
...
006 (113493797.000.000) 2023-04-02 15:49:13 Image size of job updated: 5246996
	1176  -  MemoryUsage of job (MB)
	1204140  -  ResidentSetSize of job (KB)
...
006 (113493797.000.000) 2023-04-02 15:54:14 Image size of job updated: 5276540
	1205  -  MemoryUsage of job (MB)
	1233664  -  ResidentSetSize of job (KB)
...
006 (113493797.000.000) 2023-04-02 15:59:15 Image size of job updated: 5283492
	1212  -  MemoryUsage of job (MB)
	1241080  -  ResidentSetSize of job (KB)
...
006 (113493797.000.000) 2023-04-02 16:04:15 Image size of job updated: 5292796
	1220  -  MemoryUsage of job (MB)
	1248580  -  ResidentSetSize of job (KB)
...
006 (113493797.000.000) 2023-04-02 16:14:17 Image size of job updated: 5297148
	1221  -  MemoryUsage of job (MB)
	1250276  -  ResidentSetSize of job (KB)
...
006 (113493797.000.000) 2023-04-02 16:29:18 Image size of job updated: 5335404
	1256  -  MemoryUsage of job (MB)
	1285476  -  ResidentSetSize of job (KB)
...
006 (113493797.000.000) 2023-04-02 16:39:18 Image size of job updated: 5335404
	1264  -  MemoryUsage of job (MB)
	1293644  -  ResidentSetSize of job (KB)
...
006 (113493797.000.000) 2023-04-02 16:44:19 Image size of job updated: 5363548
	1291  -  MemoryUsage of job (MB)
	1321284  -  ResidentSetSize of job (KB)
...
006 (113493797.000.000) 2023-04-02 16:54:20 Image size of job updated: 5368748
	1296  -  MemoryUsage of job (MB)
	1326324  -  ResidentSetSize of job (KB)
...
006 (113493797.000.000) 2023-04-02 17:04:22 Image size of job updated: 5372200
	1299  -  MemoryUsage of job (MB)
	1329868  -  ResidentSetSize of job (KB)
...
006 (113493797.000.000) 2023-04-02 17:09:22 Image size of job updated: 5372756
	1300  -  MemoryUsage of job (MB)
	1330424  -  ResidentSetSize of job (KB)
...
006 (113493797.000.000) 2023-04-02 17:14:22 Image size of job updated: 5386324
	1312  -  MemoryUsage of job (MB)
	1342936  -  ResidentSetSize of job (KB)
...
006 (113493797.000.000) 2023-04-02 17:24:23 Image size of job updated: 5394176
	1321  -  MemoryUsage of job (MB)
	1351864  -  ResidentSetSize of job (KB)
...
006 (113493797.000.000) 2023-04-02 17:29:23 Image size of job updated: 5396116
	1323  -  MemoryUsage of job (MB)
	1353760  -  ResidentSetSize of job (KB)
...
006 (113493797.000.000) 2023-04-02 17:39:25 Image size of job updated: 5415828
	1328  -  MemoryUsage of job (MB)
	1359700  -  ResidentSetSize of job (KB)
...
006 (113493797.000.000) 2023-04-02 17:44:25 Image size of job updated: 5419896
	1346  -  MemoryUsage of job (MB)
	1377508  -  ResidentSetSize of job (KB)
...
006 (113493797.000.000) 2023-04-02 17:49:25 Image size of job updated: 5425408
	1351  -  MemoryUsage of job (MB)
	1383060  -  ResidentSetSize of job (KB)
...
006 (113493797.000.000) 2023-04-02 18:19:28 Image size of job updated: 5435564
	1360  -  MemoryUsage of job (MB)
	1392620  -  ResidentSetSize of job (KB)
...
006 (113493797.000.000) 2023-04-02 18:29:30 Image size of job updated: 5451948
	1362  -  MemoryUsage of job (MB)
	1394360  -  ResidentSetSize of job (KB)
...
006 (113493797.000.000) 2023-04-02 18:49:32 Image size of job updated: 5458684
	1383  -  MemoryUsage of job (MB)
	1415528  -  ResidentSetSize of job (KB)
...
006 (113493797.000.000) 2023-04-02 19:04:33 Image size of job updated: 5458908
	1383  -  MemoryUsage of job (MB)
	1416172  -  ResidentSetSize of job (KB)
...
006 (113493797.000.000) 2023-04-02 19:24:35 Image size of job updated: 5471460
	1383  -  MemoryUsage of job (MB)
	1416172  -  ResidentSetSize of job (KB)
...
006 (113493797.000.000) 2023-04-02 19:49:37 Image size of job updated: 5526324
	1383  -  MemoryUsage of job (MB)
	1416172  -  ResidentSetSize of job (KB)
...
006 (113493797.000.000) 2023-04-02 20:14:40 Image size of job updated: 5526324
	1386  -  MemoryUsage of job (MB)
	1418504  -  ResidentSetSize of job (KB)
...
006 (113493797.000.000) 2023-04-02 20:19:40 Image size of job updated: 5526324
	1392  -  MemoryUsage of job (MB)
	1424580  -  ResidentSetSize of job (KB)
...
006 (113493797.000.000) 2023-04-02 20:24:41 Image size of job updated: 5544292
	1395  -  MemoryUsage of job (MB)
	1428432  -  ResidentSetSize of job (KB)
...
006 (113493797.000.000) 2023-04-02 20:39:42 Image size of job updated: 5544292
	1397  -  MemoryUsage of job (MB)
	1430356  -  ResidentSetSize of job (KB)
...
006 (113493797.000.000) 2023-04-02 20:44:43 Image size of job updated: 5544292
	1399  -  MemoryUsage of job (MB)
	1431832  -  ResidentSetSize of job (KB)
...
006 (113493797.000.000) 2023-04-02 20:49:43 Image size of job updated: 5554912
	1399  -  MemoryUsage of job (MB)
	1431832  -  ResidentSetSize of job (KB)
...
006 (113493797.000.000) 2023-04-02 20:59:45 Image size of job updated: 5557408
	1403  -  MemoryUsage of job (MB)
	1435960  -  ResidentSetSize of job (KB)
...
006 (113493797.000.000) 2023-04-02 21:14:46 Image size of job updated: 5645964
	1404  -  MemoryUsage of job (MB)
	1437388  -  ResidentSetSize of job (KB)
...
006 (113493797.000.000) 2023-04-02 21:19:46 Image size of job updated: 5645964
	1419  -  MemoryUsage of job (MB)
	1452500  -  ResidentSetSize of job (KB)
...
006 (113493797.000.000) 2023-04-02 21:24:46 Image size of job updated: 5645964
	1423  -  MemoryUsage of job (MB)
	1456224  -  ResidentSetSize of job (KB)
...
006 (113493797.000.000) 2023-04-02 21:29:47 Image size of job updated: 5645964
	1424  -  MemoryUsage of job (MB)
	1458052  -  ResidentSetSize of job (KB)
...
006 (113493797.000.000) 2023-04-02 21:49:49 Image size of job updated: 5645964
	1446  -  MemoryUsage of job (MB)
	1480116  -  ResidentSetSize of job (KB)
...
006 (113493797.000.000) 2023-04-02 22:04:51 Image size of job updated: 5645964
	1475  -  MemoryUsage of job (MB)
	1509384  -  ResidentSetSize of job (KB)
...
006 (113493797.000.000) 2023-04-02 22:14:51 Image size of job updated: 5645964
	1478  -  MemoryUsage of job (MB)
	1513008  -  ResidentSetSize of job (KB)
...
006 (113493797.000.000) 2023-04-02 22:24:53 Image size of job updated: 5645964
	1480  -  MemoryUsage of job (MB)
	1515244  -  ResidentSetSize of job (KB)
...
006 (113493797.000.000) 2023-04-02 22:34:54 Image size of job updated: 5654340
	1480  -  MemoryUsage of job (MB)
	1515364  -  ResidentSetSize of job (KB)
...
006 (113493797.000.000) 2023-04-02 22:39:55 Image size of job updated: 5654340
	1483  -  MemoryUsage of job (MB)
	1518044  -  ResidentSetSize of job (KB)
...
006 (113493797.000.000) 2023-04-02 22:49:55 Image size of job updated: 5654340
	1487  -  MemoryUsage of job (MB)
	1521896  -  ResidentSetSize of job (KB)
...
006 (113493797.000.000) 2023-04-02 22:59:56 Image size of job updated: 5654340
	1500  -  MemoryUsage of job (MB)
	1535872  -  ResidentSetSize of job (KB)
...
006 (113493797.000.000) 2023-04-02 23:14:58 Image size of job updated: 5679852
	1502  -  MemoryUsage of job (MB)
	1537732  -  ResidentSetSize of job (KB)
...
006 (113493797.000.000) 2023-04-02 23:24:59 Image size of job updated: 5679852
	1508  -  MemoryUsage of job (MB)
	1543284  -  ResidentSetSize of job (KB)
...
006 (113493797.000.000) 2023-04-02 23:40:01 Image size of job updated: 5679852
	1509  -  MemoryUsage of job (MB)
	1545116  -  ResidentSetSize of job (KB)
...
006 (113493797.000.000) 2023-04-02 23:50:02 Image size of job updated: 5679852
	1510  -  MemoryUsage of job (MB)
	1545628  -  ResidentSetSize of job (KB)
...
006 (113493797.000.000) 2023-04-02 23:55:02 Image size of job updated: 5694892
	1513  -  MemoryUsage of job (MB)
	1548812  -  ResidentSetSize of job (KB)
...
006 (113493797.000.000) 2023-04-03 00:05:03 Image size of job updated: 5694892
	1514  -  MemoryUsage of job (MB)
	1550060  -  ResidentSetSize of job (KB)
...
006 (113493797.000.000) 2023-04-03 00:20:05 Image size of job updated: 5694892
	1515  -  MemoryUsage of job (MB)
	1551284  -  ResidentSetSize of job (KB)
...
006 (113493797.000.000) 2023-04-03 01:05:09 Image size of job updated: 5694892
	1534  -  MemoryUsage of job (MB)
	1570132  -  ResidentSetSize of job (KB)
...
006 (113493797.000.000) 2023-04-03 01:15:09 Image size of job updated: 5725776
	1534  -  MemoryUsage of job (MB)
	1570132  -  ResidentSetSize of job (KB)
...
006 (113493797.000.000) 2023-04-03 01:30:11 Image size of job updated: 5725776
	1537  -  MemoryUsage of job (MB)
	1572912  -  ResidentSetSize of job (KB)
...
006 (113493797.000.000) 2023-04-03 02:15:16 Image size of job updated: 5725776
	1554  -  MemoryUsage of job (MB)
	1590688  -  ResidentSetSize of job (KB)
...
006 (113493797.000.000) 2023-04-03 02:25:17 Image size of job updated: 5751908
	1554  -  MemoryUsage of job (MB)
	1590688  -  ResidentSetSize of job (KB)
...
006 (113493797.000.000) 2023-04-03 02:40:18 Image size of job updated: 5753908
	1556  -  MemoryUsage of job (MB)
	1593280  -  ResidentSetSize of job (KB)
...
006 (113493797.000.000) 2023-04-03 02:55:19 Image size of job updated: 5756916
	1558  -  MemoryUsage of job (MB)
	1594876  -  ResidentSetSize of job (KB)
...
006 (113493797.000.000) 2023-04-03 03:05:21 Image size of job updated: 5759684
	1560  -  MemoryUsage of job (MB)
	1596504  -  ResidentSetSize of job (KB)
...
006 (113493797.000.000) 2023-04-03 03:20:23 Image size of job updated: 5761428
	1561  -  MemoryUsage of job (MB)
	1597608  -  ResidentSetSize of job (KB)
...
006 (113493797.000.000) 2023-04-03 03:25:23 Image size of job updated: 5761428
	1561  -  MemoryUsage of job (MB)
	1597672  -  ResidentSetSize of job (KB)
...
006 (113493797.000.000) 2023-04-03 03:30:23 Image size of job updated: 5761428
	1590  -  MemoryUsage of job (MB)
	1627904  -  ResidentSetSize of job (KB)
...
006 (113493797.000.000) 2023-04-03 03:45:24 Image size of job updated: 5795872
	1591  -  MemoryUsage of job (MB)
	1628216  -  ResidentSetSize of job (KB)
...
006 (113493797.000.000) 2023-04-03 03:50:25 Image size of job updated: 5812264
	1714  -  MemoryUsage of job (MB)
	1754808  -  ResidentSetSize of job (KB)
...
006 (113493797.000.000) 2023-04-03 03:55:25 Image size of job updated: 5827344
	1716  -  MemoryUsage of job (MB)
	1756308  -  ResidentSetSize of job (KB)
...
006 (113493797.000.000) 2023-04-03 04:05:26 Image size of job updated: 5827344
	1718  -  MemoryUsage of job (MB)
	1758356  -  ResidentSetSize of job (KB)
...
006 (113493797.000.000) 2023-04-03 04:15:27 Image size of job updated: 5827344
	1720  -  MemoryUsage of job (MB)
	1760456  -  ResidentSetSize of job (KB)
...
006 (113493797.000.000) 2023-04-03 04:25:29 Image size of job updated: 5827344
	1721  -  MemoryUsage of job (MB)
	1762132  -  ResidentSetSize of job (KB)
...
006 (113493797.000.000) 2023-04-03 04:35:29 Image size of job updated: 5827344
	1721  -  MemoryUsage of job (MB)
	1762136  -  ResidentSetSize of job (KB)
...
006 (113493797.000.000) 2023-04-03 04:45:30 Image size of job updated: 5947804
	1726  -  MemoryUsage of job (MB)
	1766764  -  ResidentSetSize of job (KB)
...
006 (113493797.000.000) 2023-04-03 04:55:31 Image size of job updated: 5948556
	1726  -  MemoryUsage of job (MB)
	1767320  -  ResidentSetSize of job (KB)
...
006 (113493797.000.000) 2023-04-03 05:00:32 Image size of job updated: 5948556
	1727  -  MemoryUsage of job (MB)
	1767756  -  ResidentSetSize of job (KB)
...
006 (113493797.000.000) 2023-04-03 05:05:32 Image size of job updated: 5948556
	1728  -  MemoryUsage of job (MB)
	1769436  -  ResidentSetSize of job (KB)
...
006 (113493797.000.000) 2023-04-03 05:10:33 Image size of job updated: 5948556
	1731  -  MemoryUsage of job (MB)
	1772276  -  ResidentSetSize of job (KB)
...
006 (113493797.000.000) 2023-04-03 05:20:34 Image size of job updated: 5955680
	1733  -  MemoryUsage of job (MB)
	1774332  -  ResidentSetSize of job (KB)
...
006 (113493797.000.000) 2023-04-03 05:35:35 Image size of job updated: 5957840
	1735  -  MemoryUsage of job (MB)
	1775884  -  ResidentSetSize of job (KB)
...
006 (113493797.000.000) 2023-04-03 05:40:35 Image size of job updated: 5957840
	1737  -  MemoryUsage of job (MB)
	1778420  -  ResidentSetSize of job (KB)
...
006 (113493797.000.000) 2023-04-03 05:45:36 Image size of job updated: 5961388
	1738  -  MemoryUsage of job (MB)
	1779200  -  ResidentSetSize of job (KB)
...
006 (113493797.000.000) 2023-04-03 05:50:37 Image size of job updated: 5961388
	1740  -  MemoryUsage of job (MB)
	1780996  -  ResidentSetSize of job (KB)
...
006 (113493797.000.000) 2023-04-03 05:55:37 Image size of job updated: 5961388
	1740  -  MemoryUsage of job (MB)
	1781024  -  ResidentSetSize of job (KB)
...
006 (113493797.000.000) 2023-04-03 06:00:38 Image size of job updated: 5961388
	1744  -  MemoryUsage of job (MB)
	1785172  -  ResidentSetSize of job (KB)
...
006 (113493797.000.000) 2023-04-03 06:05:39 Image size of job updated: 5961388
	1744  -  MemoryUsage of job (MB)
	1785396  -  ResidentSetSize of job (KB)
...
006 (113493797.000.000) 2023-04-03 06:15:39 Image size of job updated: 5968020
	1744  -  MemoryUsage of job (MB)
	1785396  -  ResidentSetSize of job (KB)
...
006 (113493797.000.000) 2023-04-03 06:20:40 Image size of job updated: 5968020
	1746  -  MemoryUsage of job (MB)
	1787144  -  ResidentSetSize of job (KB)
...
006 (113493797.000.000) 2023-04-03 06:25:40 Image size of job updated: 5968020
	1746  -  MemoryUsage of job (MB)
	1787148  -  ResidentSetSize of job (KB)
...
006 (113493797.000.000) 2023-04-03 06:30:40 Image size of job updated: 5971664
	1749  -  MemoryUsage of job (MB)
	1790412  -  ResidentSetSize of job (KB)
...
006 (113493797.000.000) 2023-04-03 06:40:42 Image size of job updated: 5971664
	1751  -  MemoryUsage of job (MB)
	1792460  -  ResidentSetSize of job (KB)
...
006 (113493797.000.000) 2023-04-03 06:45:42 Image size of job updated: 5975896
	1753  -  MemoryUsage of job (MB)
	1794712  -  ResidentSetSize of job (KB)
...
006 (113493797.000.000) 2023-04-03 06:55:44 Image size of job updated: 5977160
	1753  -  MemoryUsage of job (MB)
	1794712  -  ResidentSetSize of job (KB)
...
006 (113493797.000.000) 2023-04-03 07:10:46 Image size of job updated: 5977160
	1755  -  MemoryUsage of job (MB)
	1796556  -  ResidentSetSize of job (KB)
...
006 (113493797.000.000) 2023-04-03 07:15:46 Image size of job updated: 5977160
	1755  -  MemoryUsage of job (MB)
	1797036  -  ResidentSetSize of job (KB)
...
006 (113493797.000.000) 2023-04-03 07:25:47 Image size of job updated: 5977160
	1757  -  MemoryUsage of job (MB)
	1798724  -  ResidentSetSize of job (KB)
...
006 (113493797.000.000) 2023-04-03 07:30:47 Image size of job updated: 5977160
	1758  -  MemoryUsage of job (MB)
	1799848  -  ResidentSetSize of job (KB)
...
006 (113493797.000.000) 2023-04-03 07:35:47 Image size of job updated: 5977160
	1759  -  MemoryUsage of job (MB)
	1800892  -  ResidentSetSize of job (KB)
...
006 (113493797.000.000) 2023-04-03 07:45:49 Image size of job updated: 5977160
	1761  -  MemoryUsage of job (MB)
	1803132  -  ResidentSetSize of job (KB)
...
006 (113493797.000.000) 2023-04-03 07:55:50 Image size of job updated: 5977160
	1763  -  MemoryUsage of job (MB)
	1804476  -  ResidentSetSize of job (KB)
...
006 (113493797.000.000) 2023-04-03 08:05:51 Image size of job updated: 6005620
	1763  -  MemoryUsage of job (MB)
	1804476  -  ResidentSetSize of job (KB)
...
006 (113493797.000.000) 2023-04-03 08:30:53 Image size of job updated: 6005620
	1766  -  MemoryUsage of job (MB)
	1808308  -  ResidentSetSize of job (KB)
...
006 (113493797.000.000) 2023-04-03 08:45:55 Image size of job updated: 6005620
	1771  -  MemoryUsage of job (MB)
	1812832  -  ResidentSetSize of job (KB)
...
006 (113493797.000.000) 2023-04-03 09:00:56 Image size of job updated: 6013132
	1771  -  MemoryUsage of job (MB)
	1812832  -  ResidentSetSize of job (KB)
...
006 (113493797.000.000) 2023-04-03 09:15:57 Image size of job updated: 6014148
	1772  -  MemoryUsage of job (MB)
	1814500  -  ResidentSetSize of job (KB)
...
006 (113493797.000.000) 2023-04-03 09:25:59 Image size of job updated: 6014148
	1779  -  MemoryUsage of job (MB)
	1820996  -  ResidentSetSize of job (KB)
...
006 (113493797.000.000) 2023-04-03 09:46:01 Image size of job updated: 6021812
	1781  -  MemoryUsage of job (MB)
	1822892  -  ResidentSetSize of job (KB)
...
006 (113493797.000.000) 2023-04-03 09:56:03 Image size of job updated: 6024044
	1782  -  MemoryUsage of job (MB)
	1824700  -  ResidentSetSize of job (KB)
...
006 (113493797.000.000) 2023-04-03 10:11:04 Image size of job updated: 6024044
	1786  -  MemoryUsage of job (MB)
	1828604  -  ResidentSetSize of job (KB)
...
006 (113493797.000.000) 2023-04-03 10:16:04 Image size of job updated: 6024044
	1786  -  MemoryUsage of job (MB)
	1828608  -  ResidentSetSize of job (KB)
...
006 (113493797.000.000) 2023-04-03 10:31:06 Image size of job updated: 6024044
	1787  -  MemoryUsage of job (MB)
	1829828  -  ResidentSetSize of job (KB)
...
006 (113493797.000.000) 2023-04-03 10:36:06 Image size of job updated: 6024044
	1789  -  MemoryUsage of job (MB)
	1831876  -  ResidentSetSize of job (KB)
...
006 (113493797.000.000) 2023-04-03 10:46:08 Image size of job updated: 6032272
	1791  -  MemoryUsage of job (MB)
	1833772  -  ResidentSetSize of job (KB)
...
006 (113493797.000.000) 2023-04-03 11:01:09 Image size of job updated: 6032272
	1793  -  MemoryUsage of job (MB)
	1835092  -  ResidentSetSize of job (KB)
...
006 (113493797.000.000) 2023-04-03 11:11:09 Image size of job updated: 6032272
	1942  -  MemoryUsage of job (MB)
	1988532  -  ResidentSetSize of job (KB)
...
006 (113493797.000.000) 2023-04-03 11:41:13 Image size of job updated: 6041916
	1942  -  MemoryUsage of job (MB)
	1988532  -  ResidentSetSize of job (KB)
...
006 (113493797.000.000) 2023-04-03 11:51:14 Image size of job updated: 6042412
	1942  -  MemoryUsage of job (MB)
	1988532  -  ResidentSetSize of job (KB)
...
006 (113493797.000.000) 2023-04-03 12:16:16 Image size of job updated: 6045940
	1942  -  MemoryUsage of job (MB)
	1988532  -  ResidentSetSize of job (KB)
...
006 (113493797.000.000) 2023-04-03 12:26:18 Image size of job updated: 6047700
	1942  -  MemoryUsage of job (MB)
	1988532  -  ResidentSetSize of job (KB)
...
006 (113493797.000.000) 2023-04-03 12:41:20 Image size of job updated: 6049204
	1942  -  MemoryUsage of job (MB)
	1988532  -  ResidentSetSize of job (KB)
...
006 (113493797.000.000) 2023-04-03 12:51:20 Image size of job updated: 6070052
	1942  -  MemoryUsage of job (MB)
	1988532  -  ResidentSetSize of job (KB)
...
006 (113493797.000.000) 2023-04-03 13:01:21 Image size of job updated: 6072068
	1942  -  MemoryUsage of job (MB)
	1988532  -  ResidentSetSize of job (KB)
...
004 (113493797.000.000) 2023-04-03 13:34:45 Job was evicted.
	(0) CPU times
		Usr 3 08:41:58, Sys 0 00:05:20  -  Run Remote Usage
		Usr 0 00:00:00, Sys 0 00:00:00  -  Run Local Usage
	0  -  Run Bytes Sent By Job
	366  -  Run Bytes Received By Job
	Partitionable Resources :    Usage  Request Allocated 
	   Cpus                 :     7.73        1         1 
	   Disk (KB)            :  3994      500000    624256 
	   GPUs                 :                           0 
	   Memory (MB)          :  1942       20000     20096 
...
040 (113493797.000.000) 2023-04-03 13:42:18 Started transferring input files
	Transferring to host: <10.14.9.198:9618?addrs=10.14.9.198-9618&alias=node2198.cluster.ldas.cit&noUDP&sock=slot1_6_187610_f786_133568>
...
040 (113493797.000.000) 2023-04-03 13:42:18 Finished transferring input files
...
001 (113493797.000.000) 2023-04-03 13:42:19 Job executing on host: <10.14.9.198:9618?addrs=10.14.9.198-9618&alias=node2198.cluster.ldas.cit&noUDP&sock=startd_187572_5e70>
...
040 (113493797.000.000) 2023-04-03 13:42:19 Started transferring output files
...
040 (113493797.000.000) 2023-04-03 13:42:19 Finished transferring output files
...
005 (113493797.000.000) 2023-04-03 13:42:19 Job terminated.
	(1) Normal termination (return value 127)
		Usr 0 00:00:00, Sys 0 00:00:00  -  Run Remote Usage
		Usr 0 00:00:00, Sys 0 00:00:00  -  Run Local Usage
		Usr 3 08:41:58, Sys 0 00:05:20  -  Total Remote Usage
		Usr 0 00:00:00, Sys 0 00:00:00  -  Total Local Usage
	407  -  Run Bytes Sent By Job
	366  -  Run Bytes Received By Job
	407  -  Total Bytes Sent By Job
	732  -  Total Bytes Received By Job
	Partitionable Resources :    Usage  Request Allocated 
	   Cpus                 :     7.73        1         1 
	   Disk (KB)            :    16      500000    519527 
	   GPUs                 :                           0 
	   Memory (MB)          :  1954       20000     20096 

	Job terminated of its own accord at 2023-04-03T20:42:19Z with exit-code 127.
...
000 (113587287.000.000) 2023-04-05 14:54:25 Job submitted from host: <10.14.0.160:9618?addrs=10.14.0.160-9618&alias=ldas-pcdev2.ligo.caltech.edu&noUDP&sock=schedd_7450_a8a7>
    DAG Node: 573
...
040 (113587287.000.000) 2023-04-05 15:01:03 Started transferring input files
	Transferring to host: <10.14.4.69:9618?addrs=10.14.4.69-9618&alias=node819.cluster.ldas.cit&noUDP&sock=slot1_11_2236321_3394_781>
...
040 (113587287.000.000) 2023-04-05 15:01:03 Finished transferring input files
...
001 (113587287.000.000) 2023-04-05 15:01:04 Job executing on host: <10.14.4.69:9618?addrs=10.14.4.69-9618&alias=node819.cluster.ldas.cit&noUDP&sock=startd_2236279_f77e>
...
006 (113587287.000.000) 2023-04-05 15:01:12 Image size of job updated: 194412
	190  -  MemoryUsage of job (MB)
	194404  -  ResidentSetSize of job (KB)
...
006 (113587287.000.000) 2023-04-05 15:06:12 Image size of job updated: 5143504
	611  -  MemoryUsage of job (MB)
	624684  -  ResidentSetSize of job (KB)
...
006 (113587287.000.000) 2023-04-05 15:11:13 Image size of job updated: 5246540
	712  -  MemoryUsage of job (MB)
	728228  -  ResidentSetSize of job (KB)
...
006 (113587287.000.000) 2023-04-05 15:16:14 Image size of job updated: 5610608
	962  -  MemoryUsage of job (MB)
	984276  -  ResidentSetSize of job (KB)
...
006 (113587287.000.000) 2023-04-05 15:21:14 Image size of job updated: 5610608
	982  -  MemoryUsage of job (MB)
	1004832  -  ResidentSetSize of job (KB)
...
006 (113587287.000.000) 2023-04-05 15:31:16 Image size of job updated: 5610608
	1031  -  MemoryUsage of job (MB)
	1055372  -  ResidentSetSize of job (KB)
...
006 (113587287.000.000) 2023-04-05 15:36:16 Image size of job updated: 5610608
	1052  -  MemoryUsage of job (MB)
	1076324  -  ResidentSetSize of job (KB)
...
006 (113587287.000.000) 2023-04-05 15:41:16 Image size of job updated: 5749884
	1052  -  MemoryUsage of job (MB)
	1076324  -  ResidentSetSize of job (KB)
...
006 (113587287.000.000) 2023-04-05 16:06:20 Image size of job updated: 5749884
	1073  -  MemoryUsage of job (MB)
	1098708  -  ResidentSetSize of job (KB)
...
006 (113587287.000.000) 2023-04-05 16:11:20 Image size of job updated: 5749884
	1108  -  MemoryUsage of job (MB)
	1134316  -  ResidentSetSize of job (KB)
...
006 (113587287.000.000) 2023-04-05 16:16:21 Image size of job updated: 5787780
	1119  -  MemoryUsage of job (MB)
	1145796  -  ResidentSetSize of job (KB)
...
006 (113587287.000.000) 2023-04-05 16:21:22 Image size of job updated: 5787780
	1120  -  MemoryUsage of job (MB)
	1146200  -  ResidentSetSize of job (KB)
...
006 (113587287.000.000) 2023-04-05 16:26:22 Image size of job updated: 5790696
	1133  -  MemoryUsage of job (MB)
	1159312  -  ResidentSetSize of job (KB)
...
006 (113587287.000.000) 2023-04-05 16:41:24 Image size of job updated: 5790696
	1162  -  MemoryUsage of job (MB)
	1189204  -  ResidentSetSize of job (KB)
...
006 (113587287.000.000) 2023-04-05 16:46:24 Image size of job updated: 5790696
	1165  -  MemoryUsage of job (MB)
	1192172  -  ResidentSetSize of job (KB)
...
006 (113587287.000.000) 2023-04-05 16:51:25 Image size of job updated: 5790696
	1169  -  MemoryUsage of job (MB)
	1196344  -  ResidentSetSize of job (KB)
...
006 (113587287.000.000) 2023-04-05 17:01:25 Image size of job updated: 5790696
	1181  -  MemoryUsage of job (MB)
	1208828  -  ResidentSetSize of job (KB)
...
006 (113587287.000.000) 2023-04-05 17:06:26 Image size of job updated: 5790696
	1182  -  MemoryUsage of job (MB)
	1210212  -  ResidentSetSize of job (KB)
...
006 (113587287.000.000) 2023-04-05 17:11:26 Image size of job updated: 5886576
	1189  -  MemoryUsage of job (MB)
	1217032  -  ResidentSetSize of job (KB)
...
006 (113587287.000.000) 2023-04-05 17:16:26 Image size of job updated: 5886576
	1191  -  MemoryUsage of job (MB)
	1219080  -  ResidentSetSize of job (KB)
...
006 (113587287.000.000) 2023-04-05 17:26:28 Image size of job updated: 5893380
	1191  -  MemoryUsage of job (MB)
	1219080  -  ResidentSetSize of job (KB)
...
006 (113587287.000.000) 2023-04-05 17:41:30 Image size of job updated: 5893976
	1222  -  MemoryUsage of job (MB)
	1250712  -  ResidentSetSize of job (KB)
...
006 (113587287.000.000) 2023-04-05 17:51:30 Image size of job updated: 5893976
	1229  -  MemoryUsage of job (MB)
	1257920  -  ResidentSetSize of job (KB)
...
006 (113587287.000.000) 2023-04-05 17:56:31 Image size of job updated: 5903104
	1229  -  MemoryUsage of job (MB)
	1257920  -  ResidentSetSize of job (KB)
...
006 (113587287.000.000) 2023-04-05 18:01:31 Image size of job updated: 5903104
	1345  -  MemoryUsage of job (MB)
	1376432  -  ResidentSetSize of job (KB)
...
006 (113587287.000.000) 2023-04-05 18:06:31 Image size of job updated: 5903104
	1351  -  MemoryUsage of job (MB)
	1383180  -  ResidentSetSize of job (KB)
...
006 (113587287.000.000) 2023-04-05 18:11:32 Image size of job updated: 5903104
	1383  -  MemoryUsage of job (MB)
	1415832  -  ResidentSetSize of job (KB)
...
006 (113587287.000.000) 2023-04-05 18:16:32 Image size of job updated: 5907832
	1521  -  MemoryUsage of job (MB)
	1557140  -  ResidentSetSize of job (KB)
...
006 (113587287.000.000) 2023-04-05 18:26:33 Image size of job updated: 5912624
	1522  -  MemoryUsage of job (MB)
	1558344  -  ResidentSetSize of job (KB)
...
006 (113587287.000.000) 2023-04-05 18:31:34 Image size of job updated: 5912624
	1525  -  MemoryUsage of job (MB)
	1561508  -  ResidentSetSize of job (KB)
...
006 (113587287.000.000) 2023-04-05 18:36:34 Image size of job updated: 5912624
	1529  -  MemoryUsage of job (MB)
	1565652  -  ResidentSetSize of job (KB)
...
006 (113587287.000.000) 2023-04-05 18:41:34 Image size of job updated: 5912624
	1535  -  MemoryUsage of job (MB)
	1571476  -  ResidentSetSize of job (KB)
...
006 (113587287.000.000) 2023-04-05 18:51:35 Image size of job updated: 5912624
	1536  -  MemoryUsage of job (MB)
	1572060  -  ResidentSetSize of job (KB)
...
006 (113587287.000.000) 2023-04-05 18:56:35 Image size of job updated: 5926024
	1542  -  MemoryUsage of job (MB)
	1578576  -  ResidentSetSize of job (KB)
...
006 (113587287.000.000) 2023-04-05 19:01:37 Image size of job updated: 5926024
	1542  -  MemoryUsage of job (MB)
	1578956  -  ResidentSetSize of job (KB)
...
006 (113587287.000.000) 2023-04-05 19:11:37 Image size of job updated: 6124768
	1544  -  MemoryUsage of job (MB)
	1581008  -  ResidentSetSize of job (KB)
...
006 (113587287.000.000) 2023-04-05 19:16:38 Image size of job updated: 6124768
	1550  -  MemoryUsage of job (MB)
	1587032  -  ResidentSetSize of job (KB)
...
006 (113587287.000.000) 2023-04-05 19:26:39 Image size of job updated: 6124768
	1552  -  MemoryUsage of job (MB)
	1588808  -  ResidentSetSize of job (KB)
...
006 (113587287.000.000) 2023-04-05 19:31:40 Image size of job updated: 6124768
	1552  -  MemoryUsage of job (MB)
	1589060  -  ResidentSetSize of job (KB)
...
006 (113587287.000.000) 2023-04-05 19:36:41 Image size of job updated: 6124768
	1554  -  MemoryUsage of job (MB)
	1590852  -  ResidentSetSize of job (KB)
...
006 (113587287.000.000) 2023-04-05 19:56:42 Image size of job updated: 6124768
	1558  -  MemoryUsage of job (MB)
	1594576  -  ResidentSetSize of job (KB)
...
006 (113587287.000.000) 2023-04-05 20:01:42 Image size of job updated: 6124768
	1560  -  MemoryUsage of job (MB)
	1596584  -  ResidentSetSize of job (KB)
...
006 (113587287.000.000) 2023-04-05 20:06:43 Image size of job updated: 6124768
	1561  -  MemoryUsage of job (MB)
	1598376  -  ResidentSetSize of job (KB)
...
006 (113587287.000.000) 2023-04-05 20:11:43 Image size of job updated: 6124768
	1563  -  MemoryUsage of job (MB)
	1600144  -  ResidentSetSize of job (KB)
...
006 (113587287.000.000) 2023-04-05 20:51:48 Image size of job updated: 6124768
	1567  -  MemoryUsage of job (MB)
	1603980  -  ResidentSetSize of job (KB)
...
006 (113587287.000.000) 2023-04-05 21:01:49 Image size of job updated: 6124768
	1746  -  MemoryUsage of job (MB)
	1787216  -  ResidentSetSize of job (KB)
...
006 (113587287.000.000) 2023-04-06 00:32:09 Image size of job updated: 6124768
	1748  -  MemoryUsage of job (MB)
	1789440  -  ResidentSetSize of job (KB)
...
006 (113587287.000.000) 2023-04-06 00:37:10 Image size of job updated: 6124768
	1748  -  MemoryUsage of job (MB)
	1789864  -  ResidentSetSize of job (KB)
...
006 (113587287.000.000) 2023-04-06 00:47:10 Image size of job updated: 6124768
	1751  -  MemoryUsage of job (MB)
	1792104  -  ResidentSetSize of job (KB)
...
006 (113587287.000.000) 2023-04-06 00:52:11 Image size of job updated: 6124768
	1751  -  MemoryUsage of job (MB)
	1792476  -  ResidentSetSize of job (KB)
...
006 (113587287.000.000) 2023-04-06 00:57:11 Image size of job updated: 6124768
	1756  -  MemoryUsage of job (MB)
	1797584  -  ResidentSetSize of job (KB)
...
006 (113587287.000.000) 2023-04-06 01:02:11 Image size of job updated: 6124768
	1759  -  MemoryUsage of job (MB)
	1800404  -  ResidentSetSize of job (KB)
...
006 (113587287.000.000) 2023-04-06 01:07:12 Image size of job updated: 6124768
	1761  -  MemoryUsage of job (MB)
	1802572  -  ResidentSetSize of job (KB)
...
006 (113587287.000.000) 2023-04-06 01:12:13 Image size of job updated: 6124768
	1792  -  MemoryUsage of job (MB)
	1834068  -  ResidentSetSize of job (KB)
...
006 (113587287.000.000) 2023-04-06 01:47:18 Image size of job updated: 6124768
	1941  -  MemoryUsage of job (MB)
	1987544  -  ResidentSetSize of job (KB)
...
006 (113587287.000.000) 2023-04-06 02:02:20 Image size of job updated: 6124768
	1946  -  MemoryUsage of job (MB)
	1992480  -  ResidentSetSize of job (KB)
...
006 (113587287.000.000) 2023-04-06 08:32:59 Image size of job updated: 6287208
	1946  -  MemoryUsage of job (MB)
	1992480  -  ResidentSetSize of job (KB)
...
006 (113587287.000.000) 2023-04-06 10:13:10 Image size of job updated: 6287208
	2014  -  MemoryUsage of job (MB)
	2061956  -  ResidentSetSize of job (KB)
...
006 (113587287.000.000) 2023-04-06 10:43:13 Image size of job updated: 6287208
	2056  -  MemoryUsage of job (MB)
	2104736  -  ResidentSetSize of job (KB)
...
004 (113587287.000.000) 2023-04-06 15:56:55 Job was evicted.
	(0) CPU times
		Usr 3 14:40:54, Sys 0 00:05:55  -  Run Remote Usage
		Usr 0 00:00:00, Sys 0 00:00:00  -  Run Local Usage
	0  -  Run Bytes Sent By Job
	366  -  Run Bytes Received By Job
	Partitionable Resources :    Usage  Request Allocated 
	   Cpus                 :     1.00        1         1 
	   Disk (KB)            :  3281      500000    624256 
	   GPUs                 :                           0 
	   Memory (MB)          :  2056       20000     20096 
...
009 (113587287.000.000) 2023-04-06 16:04:54 Job was aborted.
	removed because <OtherJobRemoveRequirements = DAGManJobId =?= 113587193> fired when job (113587193.0) was removed
...
000 (113604400.000.000) 2023-04-06 16:28:18 Job submitted from host: <10.14.0.160:9618?addrs=10.14.0.160-9618&alias=ldas-pcdev2.ligo.caltech.edu&noUDP&sock=schedd_7450_a8a7>
    DAG Node: 573
...
040 (113604400.000.000) 2023-04-06 16:45:44 Started transferring input files
	Transferring to host: <10.14.9.120:9618?addrs=10.14.9.120-9618&alias=node2120.cluster.ldas.cit&noUDP&sock=slot1_7_184823_45f5_2284>
...
040 (113604400.000.000) 2023-04-06 16:45:44 Finished transferring input files
...
001 (113604400.000.000) 2023-04-06 16:45:45 Job executing on host: <10.14.9.120:9618?addrs=10.14.9.120-9618&alias=node2120.cluster.ldas.cit&noUDP&sock=startd_184780_4a04>
...
006 (113604400.000.000) 2023-04-06 16:45:54 Image size of job updated: 245968
	191  -  MemoryUsage of job (MB)
	194692  -  ResidentSetSize of job (KB)
...
006 (113604400.000.000) 2023-04-06 16:50:55 Image size of job updated: 4791480
	332  -  MemoryUsage of job (MB)
	339600  -  ResidentSetSize of job (KB)
...
006 (113604400.000.000) 2023-04-06 16:55:55 Image size of job updated: 4791480
	524  -  MemoryUsage of job (MB)
	536148  -  ResidentSetSize of job (KB)
...
006 (113604400.000.000) 2023-04-06 17:00:55 Image size of job updated: 4791480
	536  -  MemoryUsage of job (MB)
	548172  -  ResidentSetSize of job (KB)
...
006 (113604400.000.000) 2023-04-06 17:05:56 Image size of job updated: 4854264
	595  -  MemoryUsage of job (MB)
	608684  -  ResidentSetSize of job (KB)
...
006 (113604400.000.000) 2023-04-06 17:10:57 Image size of job updated: 4858028
	599  -  MemoryUsage of job (MB)
	612868  -  ResidentSetSize of job (KB)
...
006 (113604400.000.000) 2023-04-06 17:15:57 Image size of job updated: 4875180
	616  -  MemoryUsage of job (MB)
	630124  -  ResidentSetSize of job (KB)
...
006 (113604400.000.000) 2023-04-06 17:20:58 Image size of job updated: 4887628
	628  -  MemoryUsage of job (MB)
	642744  -  ResidentSetSize of job (KB)
...
006 (113604400.000.000) 2023-04-06 17:25:59 Image size of job updated: 4891344
	632  -  MemoryUsage of job (MB)
	646684  -  ResidentSetSize of job (KB)
...
006 (113604400.000.000) 2023-04-06 17:30:59 Image size of job updated: 4896200
	637  -  MemoryUsage of job (MB)
	651856  -  ResidentSetSize of job (KB)
...
006 (113604400.000.000) 2023-04-06 17:35:59 Image size of job updated: 4932868
	698  -  MemoryUsage of job (MB)
	714060  -  ResidentSetSize of job (KB)
...
006 (113604400.000.000) 2023-04-06 17:41:01 Image size of job updated: 4937872
	856  -  MemoryUsage of job (MB)
	875968  -  ResidentSetSize of job (KB)
...
006 (113604400.000.000) 2023-04-06 17:46:01 Image size of job updated: 4946692
	1020  -  MemoryUsage of job (MB)
	1044008  -  ResidentSetSize of job (KB)
...
006 (113604400.000.000) 2023-04-06 17:51:01 Image size of job updated: 4978932
	1051  -  MemoryUsage of job (MB)
	1075992  -  ResidentSetSize of job (KB)
...
006 (113604400.000.000) 2023-04-06 17:56:02 Image size of job updated: 4981784
	1073  -  MemoryUsage of job (MB)
	1098004  -  ResidentSetSize of job (KB)
...
006 (113604400.000.000) 2023-04-06 18:01:03 Image size of job updated: 5004312
	1091  -  MemoryUsage of job (MB)
	1116720  -  ResidentSetSize of job (KB)
...
006 (113604400.000.000) 2023-04-06 18:06:03 Image size of job updated: 5012476
	1140  -  MemoryUsage of job (MB)
	1166564  -  ResidentSetSize of job (KB)
...
006 (113604400.000.000) 2023-04-06 18:11:03 Image size of job updated: 5030688
	1148  -  MemoryUsage of job (MB)
	1175100  -  ResidentSetSize of job (KB)
...
006 (113604400.000.000) 2023-04-06 18:16:04 Image size of job updated: 5030688
	1151  -  MemoryUsage of job (MB)
	1177924  -  ResidentSetSize of job (KB)
...
006 (113604400.000.000) 2023-04-06 18:21:04 Image size of job updated: 5030688
	1156  -  MemoryUsage of job (MB)
	1182872  -  ResidentSetSize of job (KB)
...
006 (113604400.000.000) 2023-04-06 18:26:04 Image size of job updated: 5030688
	1156  -  MemoryUsage of job (MB)
	1182876  -  ResidentSetSize of job (KB)
...
006 (113604400.000.000) 2023-04-06 18:31:06 Image size of job updated: 5050712
	1176  -  MemoryUsage of job (MB)
	1203584  -  ResidentSetSize of job (KB)
...
006 (113604400.000.000) 2023-04-06 18:36:06 Image size of job updated: 5057768
	1194  -  MemoryUsage of job (MB)
	1222612  -  ResidentSetSize of job (KB)
...
006 (113604400.000.000) 2023-04-06 18:41:06 Image size of job updated: 5057768
	1213  -  MemoryUsage of job (MB)
	1241904  -  ResidentSetSize of job (KB)
...
006 (113604400.000.000) 2023-04-06 18:46:07 Image size of job updated: 5089608
	1252  -  MemoryUsage of job (MB)
	1281804  -  ResidentSetSize of job (KB)
...
006 (113604400.000.000) 2023-04-06 18:51:08 Image size of job updated: 5090684
	1253  -  MemoryUsage of job (MB)
	1283032  -  ResidentSetSize of job (KB)
...
006 (113604400.000.000) 2023-04-06 18:56:08 Image size of job updated: 5098964
	1262  -  MemoryUsage of job (MB)
	1292160  -  ResidentSetSize of job (KB)
...
006 (113604400.000.000) 2023-04-06 19:01:08 Image size of job updated: 5100152
	1262  -  MemoryUsage of job (MB)
	1292160  -  ResidentSetSize of job (KB)
...
006 (113604400.000.000) 2023-04-06 19:11:09 Image size of job updated: 5133400
	1296  -  MemoryUsage of job (MB)
	1326244  -  ResidentSetSize of job (KB)
...
006 (113604400.000.000) 2023-04-06 19:16:09 Image size of job updated: 5133400
	1298  -  MemoryUsage of job (MB)
	1328152  -  ResidentSetSize of job (KB)
...
006 (113604400.000.000) 2023-04-06 19:21:10 Image size of job updated: 5133400
	1301  -  MemoryUsage of job (MB)
	1331332  -  ResidentSetSize of job (KB)
...
006 (113604400.000.000) 2023-04-06 19:36:11 Image size of job updated: 5170660
	1324  -  MemoryUsage of job (MB)
	1355740  -  ResidentSetSize of job (KB)
...
006 (113604400.000.000) 2023-04-06 19:41:12 Image size of job updated: 5170660
	1331  -  MemoryUsage of job (MB)
	1362820  -  ResidentSetSize of job (KB)
...
006 (113604400.000.000) 2023-04-06 19:46:12 Image size of job updated: 5170660
	1336  -  MemoryUsage of job (MB)
	1367188  -  ResidentSetSize of job (KB)
...
006 (113604400.000.000) 2023-04-06 19:51:12 Image size of job updated: 5170660
	1338  -  MemoryUsage of job (MB)
	1369304  -  ResidentSetSize of job (KB)
...
006 (113604400.000.000) 2023-04-06 19:56:13 Image size of job updated: 5170660
	1348  -  MemoryUsage of job (MB)
	1379816  -  ResidentSetSize of job (KB)
...
006 (113604400.000.000) 2023-04-06 20:01:14 Image size of job updated: 5170660
	1363  -  MemoryUsage of job (MB)
	1394924  -  ResidentSetSize of job (KB)
...
006 (113604400.000.000) 2023-04-06 20:06:14 Image size of job updated: 5171584
	1366  -  MemoryUsage of job (MB)
	1398232  -  ResidentSetSize of job (KB)
...
006 (113604400.000.000) 2023-04-06 20:21:15 Image size of job updated: 5180088
	1376  -  MemoryUsage of job (MB)
	1408876  -  ResidentSetSize of job (KB)
...
006 (113604400.000.000) 2023-04-06 20:26:15 Image size of job updated: 5180088
	1377  -  MemoryUsage of job (MB)
	1409592  -  ResidentSetSize of job (KB)
...
006 (113604400.000.000) 2023-04-06 20:31:16 Image size of job updated: 5193700
	1438  -  MemoryUsage of job (MB)
	1471928  -  ResidentSetSize of job (KB)
...
006 (113604400.000.000) 2023-04-06 20:41:17 Image size of job updated: 5206004
	1438  -  MemoryUsage of job (MB)
	1471928  -  ResidentSetSize of job (KB)
...
006 (113604400.000.000) 2023-04-06 20:46:17 Image size of job updated: 5223980
	1438  -  MemoryUsage of job (MB)
	1471928  -  ResidentSetSize of job (KB)
...
006 (113604400.000.000) 2023-04-06 21:11:20 Image size of job updated: 5305516
	1438  -  MemoryUsage of job (MB)
	1471928  -  ResidentSetSize of job (KB)
...
006 (113604400.000.000) 2023-04-06 21:36:21 Image size of job updated: 5305516
	1468  -  MemoryUsage of job (MB)
	1502712  -  ResidentSetSize of job (KB)
...
006 (113604400.000.000) 2023-04-06 21:41:22 Image size of job updated: 5305516
	1471  -  MemoryUsage of job (MB)
	1505620  -  ResidentSetSize of job (KB)
...
006 (113604400.000.000) 2023-04-06 21:51:23 Image size of job updated: 5305516
	1474  -  MemoryUsage of job (MB)
	1508576  -  ResidentSetSize of job (KB)
...
006 (113604400.000.000) 2023-04-06 21:56:24 Image size of job updated: 5305516
	1476  -  MemoryUsage of job (MB)
	1510624  -  ResidentSetSize of job (KB)
...
006 (113604400.000.000) 2023-04-06 22:01:25 Image size of job updated: 5361260
	1476  -  MemoryUsage of job (MB)
	1510624  -  ResidentSetSize of job (KB)
...
006 (113604400.000.000) 2023-04-06 22:16:27 Image size of job updated: 5380408
	1491  -  MemoryUsage of job (MB)
	1526076  -  ResidentSetSize of job (KB)
...
006 (113604400.000.000) 2023-04-06 22:41:29 Image size of job updated: 5380408
	1519  -  MemoryUsage of job (MB)
	1555220  -  ResidentSetSize of job (KB)
...
006 (113604400.000.000) 2023-04-06 22:46:29 Image size of job updated: 5380408
	1521  -  MemoryUsage of job (MB)
	1557268  -  ResidentSetSize of job (KB)
...
006 (113604400.000.000) 2023-04-06 22:51:30 Image size of job updated: 5380408
	1522  -  MemoryUsage of job (MB)
	1557544  -  ResidentSetSize of job (KB)
...
006 (113604400.000.000) 2023-04-06 22:56:30 Image size of job updated: 5380408
	1528  -  MemoryUsage of job (MB)
	1563800  -  ResidentSetSize of job (KB)
...
006 (113604400.000.000) 2023-04-06 23:01:30 Image size of job updated: 5380408
	1531  -  MemoryUsage of job (MB)
	1567364  -  ResidentSetSize of job (KB)
...
006 (113604400.000.000) 2023-04-06 23:06:31 Image size of job updated: 5380408
	1533  -  MemoryUsage of job (MB)
	1569180  -  ResidentSetSize of job (KB)
...
006 (113604400.000.000) 2023-04-06 23:11:32 Image size of job updated: 5380408
	1535  -  MemoryUsage of job (MB)
	1570976  -  ResidentSetSize of job (KB)
...
006 (113604400.000.000) 2023-04-06 23:16:32 Image size of job updated: 5380408
	1539  -  MemoryUsage of job (MB)
	1575372  -  ResidentSetSize of job (KB)
...
006 (113604400.000.000) 2023-04-06 23:21:32 Image size of job updated: 5380408
	1541  -  MemoryUsage of job (MB)
	1577168  -  ResidentSetSize of job (KB)
...
006 (113604400.000.000) 2023-04-06 23:31:34 Image size of job updated: 5469192
	1560  -  MemoryUsage of job (MB)
	1597384  -  ResidentSetSize of job (KB)
...
006 (113604400.000.000) 2023-04-06 23:41:34 Image size of job updated: 5472928
	1568  -  MemoryUsage of job (MB)
	1604832  -  ResidentSetSize of job (KB)
...
006 (113604400.000.000) 2023-04-06 23:46:35 Image size of job updated: 5472928
	1571  -  MemoryUsage of job (MB)
	1608704  -  ResidentSetSize of job (KB)
...
006 (113604400.000.000) 2023-04-06 23:51:35 Image size of job updated: 5472928
	1575  -  MemoryUsage of job (MB)
	1611880  -  ResidentSetSize of job (KB)
...
006 (113604400.000.000) 2023-04-07 00:01:37 Image size of job updated: 5472928
	1583  -  MemoryUsage of job (MB)
	1620340  -  ResidentSetSize of job (KB)
...
006 (113604400.000.000) 2023-04-07 00:06:37 Image size of job updated: 5472928
	1591  -  MemoryUsage of job (MB)
	1628192  -  ResidentSetSize of job (KB)
...
006 (113604400.000.000) 2023-04-07 00:11:37 Image size of job updated: 5472928
	1591  -  MemoryUsage of job (MB)
	1628284  -  ResidentSetSize of job (KB)
...
006 (113604400.000.000) 2023-04-07 00:21:39 Image size of job updated: 5472928
	1596  -  MemoryUsage of job (MB)
	1633576  -  ResidentSetSize of job (KB)
...
006 (113604400.000.000) 2023-04-07 00:31:39 Image size of job updated: 5518528
	1602  -  MemoryUsage of job (MB)
	1640136  -  ResidentSetSize of job (KB)
...
006 (113604400.000.000) 2023-04-07 00:46:40 Image size of job updated: 5518528
	1607  -  MemoryUsage of job (MB)
	1645568  -  ResidentSetSize of job (KB)
...
006 (113604400.000.000) 2023-04-07 00:51:41 Image size of job updated: 5518528
	1612  -  MemoryUsage of job (MB)
	1650068  -  ResidentSetSize of job (KB)
...
006 (113604400.000.000) 2023-04-07 00:56:41 Image size of job updated: 5518528
	1639  -  MemoryUsage of job (MB)
	1677872  -  ResidentSetSize of job (KB)
...
006 (113604400.000.000) 2023-04-07 01:01:41 Image size of job updated: 5518528
	1642  -  MemoryUsage of job (MB)
	1680704  -  ResidentSetSize of job (KB)
...
006 (113604400.000.000) 2023-04-07 01:06:42 Image size of job updated: 5518528
	1643  -  MemoryUsage of job (MB)
	1681772  -  ResidentSetSize of job (KB)
...
006 (113604400.000.000) 2023-04-07 01:11:43 Image size of job updated: 5518528
	1646  -  MemoryUsage of job (MB)
	1684708  -  ResidentSetSize of job (KB)
...
006 (113604400.000.000) 2023-04-07 01:16:43 Image size of job updated: 5518528
	1649  -  MemoryUsage of job (MB)
	1688100  -  ResidentSetSize of job (KB)
...
006 (113604400.000.000) 2023-04-07 01:21:44 Image size of job updated: 5581000
	1649  -  MemoryUsage of job (MB)
	1688100  -  ResidentSetSize of job (KB)
...
006 (113604400.000.000) 2023-04-07 01:31:45 Image size of job updated: 5581000
	1650  -  MemoryUsage of job (MB)
	1688944  -  ResidentSetSize of job (KB)
...
006 (113604400.000.000) 2023-04-07 01:36:45 Image size of job updated: 5589816
	1656  -  MemoryUsage of job (MB)
	1695276  -  ResidentSetSize of job (KB)
...
006 (113604400.000.000) 2023-04-07 01:41:46 Image size of job updated: 5589816
	1656  -  MemoryUsage of job (MB)
	1695528  -  ResidentSetSize of job (KB)
...
006 (113604400.000.000) 2023-04-07 01:46:47 Image size of job updated: 5589816
	1663  -  MemoryUsage of job (MB)
	1702776  -  ResidentSetSize of job (KB)
...
006 (113604400.000.000) 2023-04-07 01:56:48 Image size of job updated: 5589816
	1667  -  MemoryUsage of job (MB)
	1706244  -  ResidentSetSize of job (KB)
...
006 (113604400.000.000) 2023-04-07 02:01:49 Image size of job updated: 5608596
	1673  -  MemoryUsage of job (MB)
	1712660  -  ResidentSetSize of job (KB)
...
006 (113604400.000.000) 2023-04-07 02:06:49 Image size of job updated: 5608596
	1674  -  MemoryUsage of job (MB)
	1713820  -  ResidentSetSize of job (KB)
...
006 (113604400.000.000) 2023-04-07 02:11:49 Image size of job updated: 5608596
	1675  -  MemoryUsage of job (MB)
	1714728  -  ResidentSetSize of job (KB)
...
006 (113604400.000.000) 2023-04-07 02:16:50 Image size of job updated: 5632116
	1684  -  MemoryUsage of job (MB)
	1723668  -  ResidentSetSize of job (KB)
...
006 (113604400.000.000) 2023-04-07 02:21:50 Image size of job updated: 5632116
	1686  -  MemoryUsage of job (MB)
	1726236  -  ResidentSetSize of job (KB)
...
006 (113604400.000.000) 2023-04-07 02:26:50 Image size of job updated: 5636012
	1686  -  MemoryUsage of job (MB)
	1726236  -  ResidentSetSize of job (KB)
...
006 (113604400.000.000) 2023-04-07 03:01:53 Image size of job updated: 5636012
	1696  -  MemoryUsage of job (MB)
	1736252  -  ResidentSetSize of job (KB)
...
006 (113604400.000.000) 2023-04-07 03:06:54 Image size of job updated: 5650728
	1702  -  MemoryUsage of job (MB)
	1742676  -  ResidentSetSize of job (KB)
...
006 (113604400.000.000) 2023-04-07 03:11:55 Image size of job updated: 5650728
	1702  -  MemoryUsage of job (MB)
	1742680  -  ResidentSetSize of job (KB)
...
006 (113604400.000.000) 2023-04-07 03:16:55 Image size of job updated: 5650728
	1707  -  MemoryUsage of job (MB)
	1747128  -  ResidentSetSize of job (KB)
...
006 (113604400.000.000) 2023-04-07 03:21:55 Image size of job updated: 5650728
	1711  -  MemoryUsage of job (MB)
	1751784  -  ResidentSetSize of job (KB)
...
006 (113604400.000.000) 2023-04-07 03:41:58 Image size of job updated: 5670316
	1840  -  MemoryUsage of job (MB)
	1883424  -  ResidentSetSize of job (KB)
...
006 (113604400.000.000) 2023-04-07 04:12:01 Image size of job updated: 5701164
	1840  -  MemoryUsage of job (MB)
	1883424  -  ResidentSetSize of job (KB)
...
006 (113604400.000.000) 2023-04-07 04:52:05 Image size of job updated: 5709876
	1840  -  MemoryUsage of job (MB)
	1883424  -  ResidentSetSize of job (KB)
...
006 (113604400.000.000) 2023-04-07 05:07:06 Image size of job updated: 5721936
	1840  -  MemoryUsage of job (MB)
	1883424  -  ResidentSetSize of job (KB)
...
006 (113604400.000.000) 2023-04-07 05:32:09 Image size of job updated: 5754556
	1840  -  MemoryUsage of job (MB)
	1883424  -  ResidentSetSize of job (KB)
...
006 (113604400.000.000) 2023-04-07 05:57:11 Image size of job updated: 5768472
	1840  -  MemoryUsage of job (MB)
	1883424  -  ResidentSetSize of job (KB)
...
006 (113604400.000.000) 2023-04-07 06:37:15 Image size of job updated: 5804624
	1840  -  MemoryUsage of job (MB)
	1883424  -  ResidentSetSize of job (KB)
...
006 (113604400.000.000) 2023-04-07 07:12:18 Image size of job updated: 5832200
	1840  -  MemoryUsage of job (MB)
	1883424  -  ResidentSetSize of job (KB)
...
006 (113604400.000.000) 2023-04-07 07:37:21 Image size of job updated: 5840196
	1840  -  MemoryUsage of job (MB)
	1883424  -  ResidentSetSize of job (KB)
...
006 (113604400.000.000) 2023-04-07 10:17:35 Image size of job updated: 5840196
	1843  -  MemoryUsage of job (MB)
	1886772  -  ResidentSetSize of job (KB)
...
006 (113604400.000.000) 2023-04-07 10:37:37 Image size of job updated: 5840196
	1843  -  MemoryUsage of job (MB)
	1887140  -  ResidentSetSize of job (KB)
...
006 (113604400.000.000) 2023-04-07 11:12:40 Image size of job updated: 5845524
	1843  -  MemoryUsage of job (MB)
	1887140  -  ResidentSetSize of job (KB)
...
006 (113604400.000.000) 2023-04-07 11:27:42 Image size of job updated: 5879636
	1843  -  MemoryUsage of job (MB)
	1887140  -  ResidentSetSize of job (KB)
...
006 (113604400.000.000) 2023-04-07 11:42:44 Image size of job updated: 5879636
	1849  -  MemoryUsage of job (MB)
	1893212  -  ResidentSetSize of job (KB)
...
006 (113604400.000.000) 2023-04-07 11:47:44 Image size of job updated: 5879636
	1853  -  MemoryUsage of job (MB)
	1897040  -  ResidentSetSize of job (KB)
...
006 (113604400.000.000) 2023-04-07 11:57:46 Image size of job updated: 5903280
	1853  -  MemoryUsage of job (MB)
	1897040  -  ResidentSetSize of job (KB)
...
006 (113604400.000.000) 2023-04-07 12:07:47 Image size of job updated: 5903280
	1872  -  MemoryUsage of job (MB)
	1916260  -  ResidentSetSize of job (KB)
...
006 (113604400.000.000) 2023-04-07 12:12:48 Image size of job updated: 5903280
	1874  -  MemoryUsage of job (MB)
	1918308  -  ResidentSetSize of job (KB)
...
006 (113604400.000.000) 2023-04-07 12:22:48 Image size of job updated: 5924704
	1887  -  MemoryUsage of job (MB)
	1932132  -  ResidentSetSize of job (KB)
...
006 (113604400.000.000) 2023-04-07 13:22:56 Image size of job updated: 5924704
	1888  -  MemoryUsage of job (MB)
	1932320  -  ResidentSetSize of job (KB)
...
006 (113604400.000.000) 2023-04-07 14:02:59 Image size of job updated: 5928356
	1888  -  MemoryUsage of job (MB)
	1932320  -  ResidentSetSize of job (KB)
...
006 (113604400.000.000) 2023-04-07 14:13:01 Image size of job updated: 5928356
	1895  -  MemoryUsage of job (MB)
	1940192  -  ResidentSetSize of job (KB)
...
006 (113604400.000.000) 2023-04-07 14:23:01 Image size of job updated: 5939984
	1895  -  MemoryUsage of job (MB)
	1940192  -  ResidentSetSize of job (KB)
...
006 (113604400.000.000) 2023-04-07 15:08:06 Image size of job updated: 5957716
	1895  -  MemoryUsage of job (MB)
	1940192  -  ResidentSetSize of job (KB)
...
006 (113604400.000.000) 2023-04-07 15:13:06 Image size of job updated: 5957716
	1924  -  MemoryUsage of job (MB)
	1969240  -  ResidentSetSize of job (KB)
...
006 (113604400.000.000) 2023-04-07 15:23:08 Image size of job updated: 5995052
	1926  -  MemoryUsage of job (MB)
	1971316  -  ResidentSetSize of job (KB)
...
006 (113604400.000.000) 2023-04-07 15:28:08 Image size of job updated: 5995052
	1926  -  MemoryUsage of job (MB)
	1971568  -  ResidentSetSize of job (KB)
...
006 (113604400.000.000) 2023-04-07 15:33:08 Image size of job updated: 6001436
	2161  -  MemoryUsage of job (MB)
	2212804  -  ResidentSetSize of job (KB)
...
006 (113604400.000.000) 2023-04-07 15:58:12 Image size of job updated: 6005396
	2161  -  MemoryUsage of job (MB)
	2212804  -  ResidentSetSize of job (KB)
...
006 (113604400.000.000) 2023-04-07 16:13:14 Image size of job updated: 6248480
	2161  -  MemoryUsage of job (MB)
	2212804  -  ResidentSetSize of job (KB)
...
004 (113604400.000.000) 2023-04-07 17:09:38 Job was evicted.
	(0) CPU times
		Usr 4 06:37:24, Sys 0 00:05:36  -  Run Remote Usage
		Usr 0 00:00:00, Sys 0 00:00:00  -  Run Local Usage
	0  -  Run Bytes Sent By Job
	366  -  Run Bytes Received By Job
	Partitionable Resources :    Usage  Request Allocated 
	   Cpus                 :     5.96        1         1 
	   Disk (KB)            :  4528      500000    609620 
	   GPUs                 :                           0 
	   Memory (MB)          :  2161       20000     20096 
...
040 (113604400.000.000) 2023-04-07 17:11:34 Started transferring input files
	Transferring to host: <10.14.4.1:9618?addrs=10.14.4.1-9618&alias=node751.cluster.ldas.cit&noUDP&sock=slot1_21_3213206_0ea1_10463>
...
040 (113604400.000.000) 2023-04-07 17:11:34 Finished transferring input files
...
001 (113604400.000.000) 2023-04-07 17:11:35 Job executing on host: <10.14.4.1:9618?addrs=10.14.4.1-9618&alias=node751.cluster.ldas.cit&noUDP&sock=startd_3213168_910e>
...
004 (113604400.000.000) 2023-04-08 18:40:04 Job was evicted.
	(0) CPU times
		Usr 1 22:51:50, Sys 0 00:16:12  -  Run Remote Usage
		Usr 0 00:00:00, Sys 0 00:00:00  -  Run Local Usage
	0  -  Run Bytes Sent By Job
	366  -  Run Bytes Received By Job
	Partitionable Resources :    Usage  Request Allocated 
	   Cpus                 :     0.97        1         1 
	   Disk (KB)            :  2961      500000    609620 
	   GPUs                 :                           0 
	   Memory (MB)          :  2198       20000     20096 
...
040 (113604400.000.000) 2023-04-08 18:41:04 Started transferring input files
	Transferring to host: <10.14.9.141:9618?addrs=10.14.9.141-9618&alias=node2141.cluster.ldas.cit&noUDP&sock=slot1_3_1759164_ede9_3208>
...
040 (113604400.000.000) 2023-04-08 18:41:04 Finished transferring input files
...
001 (113604400.000.000) 2023-04-08 18:41:05 Job executing on host: <10.14.9.141:9618?addrs=10.14.9.141-9618&alias=node2141.cluster.ldas.cit&noUDP&sock=startd_1759122_f3f6>
...
006 (113604400.000.000) 2023-04-09 15:48:25 Image size of job updated: 7500000
	2378  -  MemoryUsage of job (MB)
	2434488  -  ResidentSetSize of job (KB)
...
004 (113604400.000.000) 2023-04-09 18:52:52 Job was evicted.
	(0) CPU times
		Usr 2 21:16:19, Sys 0 00:03:55  -  Run Remote Usage
		Usr 0 00:00:00, Sys 0 00:00:00  -  Run Local Usage
	0  -  Run Bytes Sent By Job
	366  -  Run Bytes Received By Job
	Partitionable Resources :    Usage  Request Allocated 
	   Cpus                 :     7.89        1         1 
	   Disk (KB)            :  3276      500000    609620 
	   GPUs                 :                           0 
	   Memory (MB)          :  2378       20000     20096 
...
040 (113604400.000.000) 2023-04-09 18:53:41 Started transferring input files
	Transferring to host: <10.14.4.123:9618?addrs=10.14.4.123-9618&alias=node873.cluster.ldas.cit&noUDP&sock=slot1_4_3988297_c8e0_2111>
...
040 (113604400.000.000) 2023-04-09 18:53:41 Finished transferring input files
...
001 (113604400.000.000) 2023-04-09 18:53:42 Job executing on host: <10.14.4.123:9618?addrs=10.14.4.123-9618&alias=node873.cluster.ldas.cit&noUDP&sock=startd_3988255_c797>
...
006 (113604400.000.000) 2023-04-10 08:50:15 Image size of job updated: 19788412
	2442  -  MemoryUsage of job (MB)
	2500000  -  ResidentSetSize of job (KB)
...
040 (113604400.000.000) 2023-04-10 08:57:36 Started transferring output files
...
040 (113604400.000.000) 2023-04-10 08:57:36 Finished transferring output files
...
005 (113604400.000.000) 2023-04-10 08:57:36 Job terminated.
	(1) Normal termination (return value 0)
		Usr 1 02:44:51, Sys 0 00:09:33  -  Run Remote Usage
		Usr 0 00:00:00, Sys 0 00:00:00  -  Run Local Usage
		Usr 10 05:30:24, Sys 0 00:35:16  -  Total Remote Usage
		Usr 0 00:00:00, Sys 0 00:00:00  -  Total Local Usage
	2967852  -  Run Bytes Sent By Job
	366  -  Run Bytes Received By Job
	2967852  -  Total Bytes Sent By Job
	1464  -  Total Bytes Received By Job
	Partitionable Resources :    Usage  Request Allocated 
	   Cpus                 :     2.20        1         1 
	   Disk (KB)            :  2922      500000    558637 
	   GPUs                 :                           0 
	   Memory (MB)          :  2442       20000     20096 

	Job terminated of its own accord at 2023-04-10T15:57:36Z with exit-code 0.
...
