000 (113449810.000.000) 2023-03-29 17:01:33 Job submitted from host: <10.14.0.160:9618?addrs=10.14.0.160-9618&alias=ldas-pcdev2.ligo.caltech.edu&noUDP&sock=schedd_7450_a8a7>
    DAG Node: 912
...
040 (113449810.000.000) 2023-03-29 17:39:21 Started transferring input files
	Transferring to host: <10.14.9.194:9618?addrs=10.14.9.194-9618&alias=node2194.cluster.ldas.cit&noUDP&sock=slot1_2_189911_3ac4_88866>
...
040 (113449810.000.000) 2023-03-29 17:39:21 Finished transferring input files
...
001 (113449810.000.000) 2023-03-29 17:39:22 Job executing on host: <10.14.9.194:9618?addrs=10.14.9.194-9618&alias=node2194.cluster.ldas.cit&noUDP&sock=startd_189641_87e3>
...
006 (113449810.000.000) 2023-03-29 17:39:22 Image size of job updated: 1
	0  -  MemoryUsage of job (MB)
	0  -  ResidentSetSize of job (KB)
...
040 (113449810.000.000) 2023-03-29 17:39:22 Started transferring output files
...
040 (113449810.000.000) 2023-03-29 17:39:22 Finished transferring output files
...
005 (113449810.000.000) 2023-03-29 17:39:22 Job terminated.
	(1) Normal termination (return value 127)
		Usr 0 00:00:00, Sys 0 00:00:00  -  Run Remote Usage
		Usr 0 00:00:00, Sys 0 00:00:00  -  Run Local Usage
		Usr 0 00:00:00, Sys 0 00:00:00  -  Total Remote Usage
		Usr 0 00:00:00, Sys 0 00:00:00  -  Total Local Usage
	407  -  Run Bytes Sent By Job
	375  -  Run Bytes Received By Job
	407  -  Total Bytes Sent By Job
	375  -  Total Bytes Received By Job
	Partitionable Resources :    Usage  Request Allocated 
	   Cpus                 :                 1         1 
	   Disk (KB)            :       14   500000    561711 
	   GPUs                 :                           0 
	   Memory (MB)          :        0    20000     20096 

	Job terminated of its own accord at 2023-03-30T00:39:22Z with exit-code 127.
...
000 (113471338.000.000) 2023-03-31 13:47:50 Job submitted from host: <10.14.0.160:9618?addrs=10.14.0.160-9618&alias=ldas-pcdev2.ligo.caltech.edu&noUDP&sock=schedd_7450_a8a7>
    DAG Node: 912
...
040 (113471338.000.000) 2023-03-31 13:57:37 Started transferring input files
	Transferring to host: <10.14.9.86:9618?addrs=10.14.9.86-9618&alias=node2086.cluster.ldas.cit&noUDP&sock=slot1_11_4132380_4ae3_2943>
...
040 (113471338.000.000) 2023-03-31 13:57:37 Finished transferring input files
...
001 (113471338.000.000) 2023-03-31 13:57:38 Job executing on host: <10.14.9.86:9618?addrs=10.14.9.86-9618&alias=node2086.cluster.ldas.cit&noUDP&sock=startd_4132342_7a1d>
...
006 (113471338.000.000) 2023-03-31 13:57:47 Image size of job updated: 459032
	100  -  MemoryUsage of job (MB)
	102208  -  ResidentSetSize of job (KB)
...
006 (113471338.000.000) 2023-03-31 14:02:48 Image size of job updated: 3640796
	523  -  MemoryUsage of job (MB)
	534884  -  ResidentSetSize of job (KB)
...
006 (113471338.000.000) 2023-03-31 14:07:49 Image size of job updated: 3642700
	525  -  MemoryUsage of job (MB)
	537120  -  ResidentSetSize of job (KB)
...
006 (113471338.000.000) 2023-03-31 14:12:49 Image size of job updated: 3782800
	600  -  MemoryUsage of job (MB)
	613872  -  ResidentSetSize of job (KB)
...
006 (113471338.000.000) 2023-03-31 14:17:49 Image size of job updated: 3789932
	609  -  MemoryUsage of job (MB)
	622808  -  ResidentSetSize of job (KB)
...
006 (113471338.000.000) 2023-03-31 14:22:50 Image size of job updated: 3793644
	612  -  MemoryUsage of job (MB)
	626648  -  ResidentSetSize of job (KB)
...
006 (113471338.000.000) 2023-03-31 14:27:50 Image size of job updated: 3793648
	612  -  MemoryUsage of job (MB)
	626648  -  ResidentSetSize of job (KB)
...
006 (113471338.000.000) 2023-03-31 14:32:50 Image size of job updated: 3825632
	636  -  MemoryUsage of job (MB)
	650596  -  ResidentSetSize of job (KB)
...
006 (113471338.000.000) 2023-03-31 14:37:51 Image size of job updated: 3825632
	636  -  MemoryUsage of job (MB)
	650808  -  ResidentSetSize of job (KB)
...
006 (113471338.000.000) 2023-03-31 14:42:52 Image size of job updated: 3825632
	638  -  MemoryUsage of job (MB)
	653220  -  ResidentSetSize of job (KB)
...
006 (113471338.000.000) 2023-03-31 14:52:53 Image size of job updated: 3827060
	638  -  MemoryUsage of job (MB)
	653220  -  ResidentSetSize of job (KB)
...
006 (113471338.000.000) 2023-03-31 15:07:54 Image size of job updated: 3832772
	650  -  MemoryUsage of job (MB)
	665516  -  ResidentSetSize of job (KB)
...
006 (113471338.000.000) 2023-03-31 15:12:55 Image size of job updated: 3832772
	652  -  MemoryUsage of job (MB)
	666928  -  ResidentSetSize of job (KB)
...
006 (113471338.000.000) 2023-03-31 15:22:55 Image size of job updated: 3842616
	652  -  MemoryUsage of job (MB)
	666928  -  ResidentSetSize of job (KB)
...
006 (113471338.000.000) 2023-03-31 15:27:56 Image size of job updated: 3842616
	655  -  MemoryUsage of job (MB)
	669956  -  ResidentSetSize of job (KB)
...
006 (113471338.000.000) 2023-03-31 15:42:58 Image size of job updated: 3842616
	658  -  MemoryUsage of job (MB)
	672788  -  ResidentSetSize of job (KB)
...
006 (113471338.000.000) 2023-03-31 15:57:59 Image size of job updated: 3851320
	658  -  MemoryUsage of job (MB)
	672788  -  ResidentSetSize of job (KB)
...
006 (113471338.000.000) 2023-03-31 16:03:00 Image size of job updated: 3851320
	707  -  MemoryUsage of job (MB)
	723940  -  ResidentSetSize of job (KB)
...
006 (113471338.000.000) 2023-03-31 16:08:00 Image size of job updated: 3860348
	885  -  MemoryUsage of job (MB)
	905432  -  ResidentSetSize of job (KB)
...
006 (113471338.000.000) 2023-03-31 16:33:02 Image size of job updated: 3860784
	891  -  MemoryUsage of job (MB)
	911496  -  ResidentSetSize of job (KB)
...
006 (113471338.000.000) 2023-03-31 16:43:03 Image size of job updated: 3860784
	892  -  MemoryUsage of job (MB)
	913220  -  ResidentSetSize of job (KB)
...
006 (113471338.000.000) 2023-03-31 16:48:03 Image size of job updated: 3865844
	892  -  MemoryUsage of job (MB)
	913220  -  ResidentSetSize of job (KB)
...
006 (113471338.000.000) 2023-03-31 17:03:04 Image size of job updated: 3868676
	906  -  MemoryUsage of job (MB)
	926864  -  ResidentSetSize of job (KB)
...
006 (113471338.000.000) 2023-03-31 17:13:05 Image size of job updated: 3873664
	906  -  MemoryUsage of job (MB)
	926864  -  ResidentSetSize of job (KB)
...
006 (113471338.000.000) 2023-03-31 17:23:06 Image size of job updated: 3883648
	910  -  MemoryUsage of job (MB)
	930948  -  ResidentSetSize of job (KB)
...
006 (113471338.000.000) 2023-03-31 17:45:37 Image size of job updated: 3883648
	911  -  MemoryUsage of job (MB)
	931944  -  ResidentSetSize of job (KB)
...
006 (113471338.000.000) 2023-03-31 17:53:02 Image size of job updated: 3885368
	913  -  MemoryUsage of job (MB)
	934736  -  ResidentSetSize of job (KB)
...
006 (113471338.000.000) 2023-03-31 18:03:58 Image size of job updated: 3885368
	915  -  MemoryUsage of job (MB)
	936768  -  ResidentSetSize of job (KB)
...
006 (113471338.000.000) 2023-03-31 18:08:58 Image size of job updated: 3887960
	917  -  MemoryUsage of job (MB)
	938172  -  ResidentSetSize of job (KB)
...
006 (113471338.000.000) 2023-03-31 18:13:59 Image size of job updated: 3887960
	920  -  MemoryUsage of job (MB)
	941596  -  ResidentSetSize of job (KB)
...
006 (113471338.000.000) 2023-03-31 18:19:00 Image size of job updated: 3887960
	921  -  MemoryUsage of job (MB)
	942296  -  ResidentSetSize of job (KB)
...
006 (113471338.000.000) 2023-03-31 18:29:01 Image size of job updated: 3890092
	921  -  MemoryUsage of job (MB)
	942296  -  ResidentSetSize of job (KB)
...
006 (113471338.000.000) 2023-03-31 18:39:02 Image size of job updated: 3897524
	924  -  MemoryUsage of job (MB)
	945832  -  ResidentSetSize of job (KB)
...
006 (113471338.000.000) 2023-03-31 18:44:02 Image size of job updated: 3897524
	925  -  MemoryUsage of job (MB)
	946732  -  ResidentSetSize of job (KB)
...
006 (113471338.000.000) 2023-03-31 18:49:03 Image size of job updated: 3897524
	925  -  MemoryUsage of job (MB)
	947152  -  ResidentSetSize of job (KB)
...
006 (113471338.000.000) 2023-03-31 19:04:04 Image size of job updated: 3910104
	946  -  MemoryUsage of job (MB)
	968064  -  ResidentSetSize of job (KB)
...
006 (113471338.000.000) 2023-03-31 19:09:05 Image size of job updated: 3915260
	948  -  MemoryUsage of job (MB)
	969808  -  ResidentSetSize of job (KB)
...
006 (113471338.000.000) 2023-03-31 19:14:05 Image size of job updated: 3916316
	952  -  MemoryUsage of job (MB)
	974076  -  ResidentSetSize of job (KB)
...
006 (113471338.000.000) 2023-03-31 19:19:06 Image size of job updated: 3917644
	953  -  MemoryUsage of job (MB)
	975508  -  ResidentSetSize of job (KB)
...
006 (113471338.000.000) 2023-03-31 19:24:07 Image size of job updated: 3923656
	953  -  MemoryUsage of job (MB)
	975508  -  ResidentSetSize of job (KB)
...
006 (113471338.000.000) 2023-03-31 19:39:08 Image size of job updated: 3929828
	964  -  MemoryUsage of job (MB)
	986812  -  ResidentSetSize of job (KB)
...
006 (113471338.000.000) 2023-03-31 19:44:09 Image size of job updated: 3931924
	964  -  MemoryUsage of job (MB)
	986812  -  ResidentSetSize of job (KB)
...
006 (113471338.000.000) 2023-03-31 19:54:10 Image size of job updated: 3931924
	965  -  MemoryUsage of job (MB)
	987556  -  ResidentSetSize of job (KB)
...
006 (113471338.000.000) 2023-03-31 19:59:11 Image size of job updated: 3933228
	969  -  MemoryUsage of job (MB)
	991432  -  ResidentSetSize of job (KB)
...
006 (113471338.000.000) 2023-03-31 20:04:11 Image size of job updated: 3937196
	974  -  MemoryUsage of job (MB)
	997268  -  ResidentSetSize of job (KB)
...
006 (113471338.000.000) 2023-03-31 20:09:11 Image size of job updated: 3939224
	974  -  MemoryUsage of job (MB)
	997268  -  ResidentSetSize of job (KB)
...
006 (113471338.000.000) 2023-03-31 20:29:13 Image size of job updated: 3945840
	982  -  MemoryUsage of job (MB)
	1005128  -  ResidentSetSize of job (KB)
...
006 (113471338.000.000) 2023-03-31 20:34:14 Image size of job updated: 3946124
	982  -  MemoryUsage of job (MB)
	1005128  -  ResidentSetSize of job (KB)
...
006 (113471338.000.000) 2023-03-31 20:39:14 Image size of job updated: 3946144
	982  -  MemoryUsage of job (MB)
	1005536  -  ResidentSetSize of job (KB)
...
006 (113471338.000.000) 2023-03-31 20:44:15 Image size of job updated: 3951864
	986  -  MemoryUsage of job (MB)
	1009612  -  ResidentSetSize of job (KB)
...
006 (113471338.000.000) 2023-03-31 20:49:16 Image size of job updated: 3952380
	987  -  MemoryUsage of job (MB)
	1010188  -  ResidentSetSize of job (KB)
...
006 (113471338.000.000) 2023-03-31 20:54:16 Image size of job updated: 3954216
	989  -  MemoryUsage of job (MB)
	1012024  -  ResidentSetSize of job (KB)
...
006 (113471338.000.000) 2023-03-31 20:59:16 Image size of job updated: 3958292
	993  -  MemoryUsage of job (MB)
	1016356  -  ResidentSetSize of job (KB)
...
006 (113471338.000.000) 2023-03-31 21:04:18 Image size of job updated: 3958856
	993  -  MemoryUsage of job (MB)
	1016356  -  ResidentSetSize of job (KB)
...
006 (113471338.000.000) 2023-03-31 21:09:18 Image size of job updated: 3959208
	995  -  MemoryUsage of job (MB)
	1017860  -  ResidentSetSize of job (KB)
...
006 (113471338.000.000) 2023-03-31 21:14:18 Image size of job updated: 3959516
	995  -  MemoryUsage of job (MB)
	1018128  -  ResidentSetSize of job (KB)
...
006 (113471338.000.000) 2023-03-31 21:19:19 Image size of job updated: 3959724
	995  -  MemoryUsage of job (MB)
	1018328  -  ResidentSetSize of job (KB)
...
006 (113471338.000.000) 2023-03-31 21:29:20 Image size of job updated: 3960984
	996  -  MemoryUsage of job (MB)
	1019588  -  ResidentSetSize of job (KB)
...
006 (113471338.000.000) 2023-03-31 21:34:21 Image size of job updated: 3962188
	997  -  MemoryUsage of job (MB)
	1020492  -  ResidentSetSize of job (KB)
...
006 (113471338.000.000) 2023-03-31 21:39:22 Image size of job updated: 3962700
	1005  -  MemoryUsage of job (MB)
	1028320  -  ResidentSetSize of job (KB)
...
006 (113471338.000.000) 2023-03-31 21:44:22 Image size of job updated: 3969748
	1005  -  MemoryUsage of job (MB)
	1028352  -  ResidentSetSize of job (KB)
...
006 (113471338.000.000) 2023-03-31 21:49:22 Image size of job updated: 4016532
	1009  -  MemoryUsage of job (MB)
	1032584  -  ResidentSetSize of job (KB)
...
006 (113471338.000.000) 2023-03-31 21:54:23 Image size of job updated: 4016532
	1012  -  MemoryUsage of job (MB)
	1035316  -  ResidentSetSize of job (KB)
...
006 (113471338.000.000) 2023-03-31 23:29:32 Image size of job updated: 4016532
	1028  -  MemoryUsage of job (MB)
	1052620  -  ResidentSetSize of job (KB)
...
006 (113471338.000.000) 2023-03-31 23:34:34 Image size of job updated: 4016532
	1032  -  MemoryUsage of job (MB)
	1055752  -  ResidentSetSize of job (KB)
...
006 (113471338.000.000) 2023-03-31 23:44:34 Image size of job updated: 4016532
	1034  -  MemoryUsage of job (MB)
	1058396  -  ResidentSetSize of job (KB)
...
006 (113471338.000.000) 2023-03-31 23:54:36 Image size of job updated: 4016532
	1035  -  MemoryUsage of job (MB)
	1059728  -  ResidentSetSize of job (KB)
...
006 (113471338.000.000) 2023-04-01 00:14:38 Image size of job updated: 4016532
	1038  -  MemoryUsage of job (MB)
	1062004  -  ResidentSetSize of job (KB)
...
006 (113471338.000.000) 2023-04-01 00:19:38 Image size of job updated: 4016532
	1039  -  MemoryUsage of job (MB)
	1063720  -  ResidentSetSize of job (KB)
...
006 (113471338.000.000) 2023-04-01 00:24:40 Image size of job updated: 4016532
	1044  -  MemoryUsage of job (MB)
	1068040  -  ResidentSetSize of job (KB)
...
006 (113471338.000.000) 2023-04-01 00:34:40 Image size of job updated: 4016532
	1048  -  MemoryUsage of job (MB)
	1072528  -  ResidentSetSize of job (KB)
...
006 (113471338.000.000) 2023-04-01 00:39:41 Image size of job updated: 4016828
	1048  -  MemoryUsage of job (MB)
	1072528  -  ResidentSetSize of job (KB)
...
006 (113471338.000.000) 2023-04-01 01:29:47 Image size of job updated: 4016828
	1049  -  MemoryUsage of job (MB)
	1073440  -  ResidentSetSize of job (KB)
...
006 (113471338.000.000) 2023-04-01 01:34:48 Image size of job updated: 4017084
	1049  -  MemoryUsage of job (MB)
	1073440  -  ResidentSetSize of job (KB)
...
006 (113471338.000.000) 2023-04-01 01:44:48 Image size of job updated: 4017084
	1049  -  MemoryUsage of job (MB)
	1073608  -  ResidentSetSize of job (KB)
...
006 (113471338.000.000) 2023-04-01 01:49:49 Image size of job updated: 4019500
	1054  -  MemoryUsage of job (MB)
	1079296  -  ResidentSetSize of job (KB)
...
006 (113471338.000.000) 2023-04-01 01:59:49 Image size of job updated: 4020992
	1056  -  MemoryUsage of job (MB)
	1080788  -  ResidentSetSize of job (KB)
...
006 (113471338.000.000) 2023-04-01 02:04:50 Image size of job updated: 4021904
	1056  -  MemoryUsage of job (MB)
	1080788  -  ResidentSetSize of job (KB)
...
006 (113471338.000.000) 2023-04-01 02:09:51 Image size of job updated: 4025500
	1056  -  MemoryUsage of job (MB)
	1080788  -  ResidentSetSize of job (KB)
...
006 (113471338.000.000) 2023-04-01 02:19:52 Image size of job updated: 4026600
	1059  -  MemoryUsage of job (MB)
	1083812  -  ResidentSetSize of job (KB)
...
006 (113471338.000.000) 2023-04-01 02:24:53 Image size of job updated: 4027000
	1059  -  MemoryUsage of job (MB)
	1083812  -  ResidentSetSize of job (KB)
...
006 (113471338.000.000) 2023-04-01 02:29:53 Image size of job updated: 4033556
	1059  -  MemoryUsage of job (MB)
	1083812  -  ResidentSetSize of job (KB)
...
006 (113471338.000.000) 2023-04-01 02:59:56 Image size of job updated: 4035076
	1069  -  MemoryUsage of job (MB)
	1094456  -  ResidentSetSize of job (KB)
...
006 (113471338.000.000) 2023-04-01 03:24:58 Image size of job updated: 4035784
	1070  -  MemoryUsage of job (MB)
	1095632  -  ResidentSetSize of job (KB)
...
006 (113471338.000.000) 2023-04-01 03:29:59 Image size of job updated: 4036040
	1071  -  MemoryUsage of job (MB)
	1095744  -  ResidentSetSize of job (KB)
...
006 (113471338.000.000) 2023-04-01 03:39:59 Image size of job updated: 4041444
	1072  -  MemoryUsage of job (MB)
	1097696  -  ResidentSetSize of job (KB)
...
006 (113471338.000.000) 2023-04-01 03:45:00 Image size of job updated: 4042876
	1072  -  MemoryUsage of job (MB)
	1097696  -  ResidentSetSize of job (KB)
...
006 (113471338.000.000) 2023-04-01 03:50:01 Image size of job updated: 4042876
	1074  -  MemoryUsage of job (MB)
	1098940  -  ResidentSetSize of job (KB)
...
006 (113471338.000.000) 2023-04-01 03:55:01 Image size of job updated: 4043212
	1074  -  MemoryUsage of job (MB)
	1098940  -  ResidentSetSize of job (KB)
...
006 (113471338.000.000) 2023-04-01 04:00:01 Image size of job updated: 4045584
	1077  -  MemoryUsage of job (MB)
	1102788  -  ResidentSetSize of job (KB)
...
006 (113471338.000.000) 2023-04-01 04:05:02 Image size of job updated: 4045584
	1080  -  MemoryUsage of job (MB)
	1104952  -  ResidentSetSize of job (KB)
...
006 (113471338.000.000) 2023-04-01 04:10:02 Image size of job updated: 4048080
	1080  -  MemoryUsage of job (MB)
	1105728  -  ResidentSetSize of job (KB)
...
006 (113471338.000.000) 2023-04-01 04:15:02 Image size of job updated: 4048080
	1081  -  MemoryUsage of job (MB)
	1106108  -  ResidentSetSize of job (KB)
...
006 (113471338.000.000) 2023-04-01 04:30:04 Image size of job updated: 4048484
	1082  -  MemoryUsage of job (MB)
	1107640  -  ResidentSetSize of job (KB)
...
006 (113471338.000.000) 2023-04-01 04:35:05 Image size of job updated: 4051720
	1085  -  MemoryUsage of job (MB)
	1110852  -  ResidentSetSize of job (KB)
...
006 (113471338.000.000) 2023-04-01 04:45:06 Image size of job updated: 4051736
	1085  -  MemoryUsage of job (MB)
	1110852  -  ResidentSetSize of job (KB)
...
006 (113471338.000.000) 2023-04-01 05:05:07 Image size of job updated: 4058584
	1085  -  MemoryUsage of job (MB)
	1110852  -  ResidentSetSize of job (KB)
...
006 (113471338.000.000) 2023-04-01 06:08:57 Image size of job updated: 8481296
	1085  -  MemoryUsage of job (MB)
	1110852  -  ResidentSetSize of job (KB)
...
040 (113471338.000.000) 2023-04-01 06:08:57 Started transferring output files
...
040 (113471338.000.000) 2023-04-01 06:08:57 Finished transferring output files
...
005 (113471338.000.000) 2023-04-01 06:08:57 Job terminated.
	(1) Normal termination (return value 0)
		Usr 2 06:40:37, Sys 0 00:05:33  -  Run Remote Usage
		Usr 0 00:00:00, Sys 0 00:00:00  -  Run Local Usage
		Usr 2 06:40:37, Sys 0 00:05:33  -  Total Remote Usage
		Usr 0 00:00:00, Sys 0 00:00:00  -  Total Local Usage
	686037  -  Run Bytes Sent By Job
	375  -  Run Bytes Received By Job
	686037  -  Total Bytes Sent By Job
	375  -  Total Bytes Received By Job
	Partitionable Resources :    Usage  Request Allocated 
	   Cpus                 :     1.00        1         1 
	   Disk (KB)            :   692      500000    609620 
	   GPUs                 :                           0 
	   Memory (MB)          :  1085       20000     20096 

	Job terminated of its own accord at 2023-04-01T13:08:57Z with exit-code 0.
...
