14:10 bilby INFO    : Waveform generator initiated with
  frequency_domain_source_model: bilby.gw.source.lal_binary_black_hole
  time_domain_source_model: None
  parameter_conversion: bilby.gw.conversion.convert_to_lal_binary_black_hole_parameters
14:11 bilby INFO    : Injected signal in H1:
14:11 bilby INFO    :   optimal SNR = 5.84
14:11 bilby INFO    :   matched filter SNR = 6.02-0.60j
14:11 bilby INFO    :   mass_1 = 42.15314078825365
14:11 bilby INFO    :   mass_2 = 41.596433902229556
14:11 bilby INFO    :   a_1 = 0.2884950908079086
14:11 bilby INFO    :   a_2 = 0.09959026405264428
14:11 bilby INFO    :   tilt_1 = 0.3565949535913271
14:11 bilby INFO    :   tilt_2 = 1.2521307955403855
14:11 bilby INFO    :   phi_12 = 2.323496294013921
14:11 bilby INFO    :   phi_jl = 4.999286250706889
14:11 bilby INFO    :   luminosity_distance = 1905.6953908831
14:11 bilby INFO    :   theta_jn = 2.7161441072792445
14:11 bilby INFO    :   psi = 2.7327769032
14:11 bilby INFO    :   phase = 5.7235709313
14:11 bilby INFO    :   geocent_time = 1126259642.413
14:11 bilby INFO    :   ra = 3.7636937394
14:11 bilby INFO    :   dec = 3.6094994871
14:11 bilby INFO    : Injected signal in L1:
14:11 bilby INFO    :   optimal SNR = 9.12
14:11 bilby INFO    :   matched filter SNR = 9.36-1.02j
14:11 bilby INFO    :   mass_1 = 42.15314078825365
14:11 bilby INFO    :   mass_2 = 41.596433902229556
14:11 bilby INFO    :   a_1 = 0.2884950908079086
14:11 bilby INFO    :   a_2 = 0.09959026405264428
14:11 bilby INFO    :   tilt_1 = 0.3565949535913271
14:11 bilby INFO    :   tilt_2 = 1.2521307955403855
14:11 bilby INFO    :   phi_12 = 2.323496294013921
14:11 bilby INFO    :   phi_jl = 4.999286250706889
14:11 bilby INFO    :   luminosity_distance = 1905.6953908831
14:11 bilby INFO    :   theta_jn = 2.7161441072792445
14:11 bilby INFO    :   psi = 2.7327769032
14:11 bilby INFO    :   phase = 5.7235709313
14:11 bilby INFO    :   geocent_time = 1126259642.413
14:11 bilby INFO    :   ra = 3.7636937394
14:11 bilby INFO    :   dec = 3.6094994871
14:11 bilby INFO    : Injected signal in V1:
14:11 bilby INFO    :   optimal SNR = 4.17
14:11 bilby INFO    :   matched filter SNR = 1.96-0.29j
14:11 bilby INFO    :   mass_1 = 42.15314078825365
14:11 bilby INFO    :   mass_2 = 41.596433902229556
14:11 bilby INFO    :   a_1 = 0.2884950908079086
14:11 bilby INFO    :   a_2 = 0.09959026405264428
14:11 bilby INFO    :   tilt_1 = 0.3565949535913271
14:11 bilby INFO    :   tilt_2 = 1.2521307955403855
14:11 bilby INFO    :   phi_12 = 2.323496294013921
14:11 bilby INFO    :   phi_jl = 4.999286250706889
14:11 bilby INFO    :   luminosity_distance = 1905.6953908831
14:11 bilby INFO    :   theta_jn = 2.7161441072792445
14:11 bilby INFO    :   psi = 2.7327769032
14:11 bilby INFO    :   phase = 5.7235709313
14:11 bilby INFO    :   geocent_time = 1126259642.413
14:11 bilby INFO    :   ra = 3.7636937394
14:11 bilby INFO    :   dec = 3.6094994871
14:11 bilby INFO    : Running for label 'job_00991_justSpin', output will be saved to '/home/simona.miller/comp-spin-mock-injections/Data/IndividualInferenceOutput/new_bilby/population2_mediumSpin_highmass'
14:11 bilby INFO    : Using lal version 7.3.0
14:11 bilby INFO    : Using lal git version Branch: None;Tag: lalsuite-v7.13;Id: ec1fcb1d2d1dab69321fdb8f0afef1f867b11e06;;Builder: Unknown User <>;Repository status: UNCLEAN: Modified working tree
14:11 bilby INFO    : Using lalsimulation version 5.0.0
14:11 bilby INFO    : Using lalsimulation git version Branch: None;Tag: lalsuite-v7.13;Id: ec1fcb1d2d1dab69321fdb8f0afef1f867b11e06;;Builder: Unknown User <>;Repository status: UNCLEAN: Modified working tree
14:11 bilby INFO    : Analysis priors:
14:11 bilby INFO    : a_1=Uniform(minimum=0, maximum=0.99, name='a_1', latex_label='$a_1$', unit=None, boundary=None)
14:11 bilby INFO    : a_2=Uniform(minimum=0, maximum=0.99, name='a_2', latex_label='$a_2$', unit=None, boundary=None)
14:11 bilby INFO    : tilt_1=Sine(minimum=0, maximum=3.141592653589793, name='tilt_1', latex_label='$\\theta_1$', unit=None, boundary=None)
14:11 bilby INFO    : tilt_2=Sine(minimum=0, maximum=3.141592653589793, name='tilt_2', latex_label='$\\theta_2$', unit=None, boundary=None)
14:11 bilby INFO    : ra=3.7636937394
14:11 bilby INFO    : dec=3.6094994871
14:11 bilby INFO    : geocent_time=1126259642.413
14:11 bilby INFO    : phase=5.7235709313
14:11 bilby INFO    : psi=2.7327769032
14:11 bilby INFO    : luminosity_distance=1905.6953908831
14:11 bilby INFO    : theta_jn=2.7161441072792445
14:11 bilby INFO    : mass_1=42.15314078825365
14:11 bilby INFO    : mass_2=41.596433902229556
14:11 bilby INFO    : phi_12=2.323496294013921
14:11 bilby INFO    : phi_jl=4.999286250706889
14:11 bilby INFO    : Analysis likelihood class: <class 'bilby.gw.likelihood.base.GravitationalWaveTransient'>
14:11 bilby INFO    : Analysis likelihood noise evidence: -24027.87622556786
14:11 bilby INFO    : Single likelihood evaluation took 1.721e-02 s
14:11 bilby INFO    : Using sampler Dynesty with kwargs {'nlive': 2000, 'bound': 'live', 'sample': 'act-walk', 'periodic': None, 'reflective': None, 'update_interval': 600, 'first_update': None, 'npdim': None, 'rstate': None, 'queue_size': 8, 'pool': None, 'use_pool': None, 'live_points': None, 'logl_args': None, 'logl_kwargs': None, 'ptform_args': None, 'ptform_kwargs': None, 'gradient': None, 'grad_args': None, 'grad_kwargs': None, 'compute_jac': False, 'enlarge': None, 'bootstrap': None, 'walks': 100, 'facc': 0.2, 'slices': None, 'fmove': 0.9, 'max_move': 100, 'update_func': None, 'ncdim': None, 'blob': False, 'save_history': False, 'history_filename': None, 'maxiter': None, 'maxcall': None, 'dlogz': 0.1, 'logl_max': inf, 'n_effective': None, 'add_live': True, 'print_progress': True, 'print_func': <bound method Dynesty._print_func of <bilby.core.sampler.dynesty.Dynesty object at 0x1474e96b1f40>>, 'save_bounds': False, 'checkpoint_file': None, 'checkpoint_every': 60, 'resume': False}
14:11 bilby INFO    : Checkpoint every check_point_delta_t = 600s
14:11 bilby INFO    : Using dynesty version 2.1.0
14:11 bilby INFO    : Using the bilby-implemented rwalk sampling tracking the autocorrelation function and thinning by 5 with maximum length 25000
14:11 bilby INFO    : Setting up multiproccesing pool with 8 processes
14:11 bilby INFO    : Resume file /home/simona.miller/comp-spin-mock-injections/Data/IndividualInferenceOutput/new_bilby/population2_mediumSpin_highmass/job_00991_justSpin_resume.pickle does not exist.
14:11 bilby INFO    : Generating initial points from the prior
14:22 bilby INFO    : Written checkpoint file /home/simona.miller/comp-spin-mock-injections/Data/IndividualInferenceOutput/new_bilby/population2_mediumSpin_highmass/job_00991_justSpin_resume.pickle
14:33 bilby INFO    : Written checkpoint file /home/simona.miller/comp-spin-mock-injections/Data/IndividualInferenceOutput/new_bilby/population2_mediumSpin_highmass/job_00991_justSpin_resume.pickle
14:44 bilby INFO    : Written checkpoint file /home/simona.miller/comp-spin-mock-injections/Data/IndividualInferenceOutput/new_bilby/population2_mediumSpin_highmass/job_00991_justSpin_resume.pickle
14:56 bilby INFO    : Written checkpoint file /home/simona.miller/comp-spin-mock-injections/Data/IndividualInferenceOutput/new_bilby/population2_mediumSpin_highmass/job_00991_justSpin_resume.pickle
15:07 bilby INFO    : Written checkpoint file /home/simona.miller/comp-spin-mock-injections/Data/IndividualInferenceOutput/new_bilby/population2_mediumSpin_highmass/job_00991_justSpin_resume.pickle
15:19 bilby INFO    : Written checkpoint file /home/simona.miller/comp-spin-mock-injections/Data/IndividualInferenceOutput/new_bilby/population2_mediumSpin_highmass/job_00991_justSpin_resume.pickle
15:32 bilby INFO    : Written checkpoint file /home/simona.miller/comp-spin-mock-injections/Data/IndividualInferenceOutput/new_bilby/population2_mediumSpin_highmass/job_00991_justSpin_resume.pickle
15:43 bilby INFO    : Written checkpoint file /home/simona.miller/comp-spin-mock-injections/Data/IndividualInferenceOutput/new_bilby/population2_mediumSpin_highmass/job_00991_justSpin_resume.pickle
15:54 bilby INFO    : Written checkpoint file /home/simona.miller/comp-spin-mock-injections/Data/IndividualInferenceOutput/new_bilby/population2_mediumSpin_highmass/job_00991_justSpin_resume.pickle
16:08 bilby INFO    : Written checkpoint file /home/simona.miller/comp-spin-mock-injections/Data/IndividualInferenceOutput/new_bilby/population2_mediumSpin_highmass/job_00991_justSpin_resume.pickle
16:26 bilby INFO    : Written checkpoint file /home/simona.miller/comp-spin-mock-injections/Data/IndividualInferenceOutput/new_bilby/population2_mediumSpin_highmass/job_00991_justSpin_resume.pickle
16:36 bilby INFO    : Written checkpoint file /home/simona.miller/comp-spin-mock-injections/Data/IndividualInferenceOutput/new_bilby/population2_mediumSpin_highmass/job_00991_justSpin_resume.pickle
16:47 bilby INFO    : Written checkpoint file /home/simona.miller/comp-spin-mock-injections/Data/IndividualInferenceOutput/new_bilby/population2_mediumSpin_highmass/job_00991_justSpin_resume.pickle
17:05 bilby INFO    : Written checkpoint file /home/simona.miller/comp-spin-mock-injections/Data/IndividualInferenceOutput/new_bilby/population2_mediumSpin_highmass/job_00991_justSpin_resume.pickle
17:18 bilby INFO    : Written checkpoint file /home/simona.miller/comp-spin-mock-injections/Data/IndividualInferenceOutput/new_bilby/population2_mediumSpin_highmass/job_00991_justSpin_resume.pickle
17:32 bilby INFO    : Written checkpoint file /home/simona.miller/comp-spin-mock-injections/Data/IndividualInferenceOutput/new_bilby/population2_mediumSpin_highmass/job_00991_justSpin_resume.pickle
17:43 bilby INFO    : Written checkpoint file /home/simona.miller/comp-spin-mock-injections/Data/IndividualInferenceOutput/new_bilby/population2_mediumSpin_highmass/job_00991_justSpin_resume.pickle
17:57 bilby INFO    : Written checkpoint file /home/simona.miller/comp-spin-mock-injections/Data/IndividualInferenceOutput/new_bilby/population2_mediumSpin_highmass/job_00991_justSpin_resume.pickle
18:11 bilby INFO    : Written checkpoint file /home/simona.miller/comp-spin-mock-injections/Data/IndividualInferenceOutput/new_bilby/population2_mediumSpin_highmass/job_00991_justSpin_resume.pickle
18:26 bilby INFO    : Written checkpoint file /home/simona.miller/comp-spin-mock-injections/Data/IndividualInferenceOutput/new_bilby/population2_mediumSpin_highmass/job_00991_justSpin_resume.pickle
18:38 bilby INFO    : Written checkpoint file /home/simona.miller/comp-spin-mock-injections/Data/IndividualInferenceOutput/new_bilby/population2_mediumSpin_highmass/job_00991_justSpin_resume.pickle
18:51 bilby INFO    : Written checkpoint file /home/simona.miller/comp-spin-mock-injections/Data/IndividualInferenceOutput/new_bilby/population2_mediumSpin_highmass/job_00991_justSpin_resume.pickle
19:02 bilby INFO    : Written checkpoint file /home/simona.miller/comp-spin-mock-injections/Data/IndividualInferenceOutput/new_bilby/population2_mediumSpin_highmass/job_00991_justSpin_resume.pickle
19:15 bilby INFO    : Written checkpoint file /home/simona.miller/comp-spin-mock-injections/Data/IndividualInferenceOutput/new_bilby/population2_mediumSpin_highmass/job_00991_justSpin_resume.pickle
19:29 bilby INFO    : Written checkpoint file /home/simona.miller/comp-spin-mock-injections/Data/IndividualInferenceOutput/new_bilby/population2_mediumSpin_highmass/job_00991_justSpin_resume.pickle
19:42 bilby INFO    : Written checkpoint file /home/simona.miller/comp-spin-mock-injections/Data/IndividualInferenceOutput/new_bilby/population2_mediumSpin_highmass/job_00991_justSpin_resume.pickle
19:56 bilby INFO    : Written checkpoint file /home/simona.miller/comp-spin-mock-injections/Data/IndividualInferenceOutput/new_bilby/population2_mediumSpin_highmass/job_00991_justSpin_resume.pickle
20:10 bilby INFO    : Written checkpoint file /home/simona.miller/comp-spin-mock-injections/Data/IndividualInferenceOutput/new_bilby/population2_mediumSpin_highmass/job_00991_justSpin_resume.pickle
20:20 bilby INFO    : Written checkpoint file /home/simona.miller/comp-spin-mock-injections/Data/IndividualInferenceOutput/new_bilby/population2_mediumSpin_highmass/job_00991_justSpin_resume.pickle
20:37 bilby INFO    : Written checkpoint file /home/simona.miller/comp-spin-mock-injections/Data/IndividualInferenceOutput/new_bilby/population2_mediumSpin_highmass/job_00991_justSpin_resume.pickle
20:54 bilby INFO    : Written checkpoint file /home/simona.miller/comp-spin-mock-injections/Data/IndividualInferenceOutput/new_bilby/population2_mediumSpin_highmass/job_00991_justSpin_resume.pickle
21:10 bilby INFO    : Written checkpoint file /home/simona.miller/comp-spin-mock-injections/Data/IndividualInferenceOutput/new_bilby/population2_mediumSpin_highmass/job_00991_justSpin_resume.pickle
21:23 bilby INFO    : Written checkpoint file /home/simona.miller/comp-spin-mock-injections/Data/IndividualInferenceOutput/new_bilby/population2_mediumSpin_highmass/job_00991_justSpin_resume.pickle
21:34 bilby INFO    : Written checkpoint file /home/simona.miller/comp-spin-mock-injections/Data/IndividualInferenceOutput/new_bilby/population2_mediumSpin_highmass/job_00991_justSpin_resume.pickle
21:49 bilby INFO    : Written checkpoint file /home/simona.miller/comp-spin-mock-injections/Data/IndividualInferenceOutput/new_bilby/population2_mediumSpin_highmass/job_00991_justSpin_resume.pickle
22:02 bilby INFO    : Written checkpoint file /home/simona.miller/comp-spin-mock-injections/Data/IndividualInferenceOutput/new_bilby/population2_mediumSpin_highmass/job_00991_justSpin_resume.pickle
22:14 bilby INFO    : Written checkpoint file /home/simona.miller/comp-spin-mock-injections/Data/IndividualInferenceOutput/new_bilby/population2_mediumSpin_highmass/job_00991_justSpin_resume.pickle
22:14 bilby INFO    : Written checkpoint file /home/simona.miller/comp-spin-mock-injections/Data/IndividualInferenceOutput/new_bilby/population2_mediumSpin_highmass/job_00991_justSpin_resume.pickle
22:14 bilby INFO    : Starting to close worker pool.
22:14 bilby INFO    : Finished closing worker pool.
22:15 bilby INFO    : Rejection sampling nested samples to obtain 4995 posterior samples
22:15 bilby INFO    : Sampling time: 8:03:09.842848
22:15 bilby INFO    : Computing per-detector log likelihoods.
22:15 bilby INFO    : Using a pool with size 8 for nsamples=4995
22:15 bilby INFO    : Generating sky frame parameters.
22:15 bilby INFO    : Computing SNRs for every sample.
22:15 bilby INFO    : Using a pool with size 8 for nsamples=4995
22:15 bilby INFO    : Summary of results:
nsamples: 4995
ln_noise_evidence: -24027.876
ln_evidence: -23968.005 +/-  0.047
ln_bayes_factor: 59.871 +/-  0.047

