000 (113449934.000.000) 2023-03-29 17:01:34 Job submitted from host: <10.14.0.160:9618?addrs=10.14.0.160-9618&alias=ldas-pcdev2.ligo.caltech.edu&noUDP&sock=schedd_7450_a8a7>
    DAG Node: 945
...
040 (113449934.000.000) 2023-03-29 17:41:40 Started transferring input files
	Transferring to host: <10.14.9.194:9618?addrs=10.14.9.194-9618&alias=node2194.cluster.ldas.cit&noUDP&sock=slot1_2_189911_3ac4_88987>
...
040 (113449934.000.000) 2023-03-29 17:41:40 Finished transferring input files
...
001 (113449934.000.000) 2023-03-29 17:41:41 Job executing on host: <10.14.9.194:9618?addrs=10.14.9.194-9618&alias=node2194.cluster.ldas.cit&noUDP&sock=startd_189641_87e3>
...
006 (113449934.000.000) 2023-03-29 17:41:41 Image size of job updated: 1
	0  -  MemoryUsage of job (MB)
	0  -  ResidentSetSize of job (KB)
...
040 (113449934.000.000) 2023-03-29 17:41:41 Started transferring output files
...
040 (113449934.000.000) 2023-03-29 17:41:41 Finished transferring output files
...
005 (113449934.000.000) 2023-03-29 17:41:41 Job terminated.
	(1) Normal termination (return value 127)
		Usr 0 00:00:00, Sys 0 00:00:00  -  Run Remote Usage
		Usr 0 00:00:00, Sys 0 00:00:00  -  Run Local Usage
		Usr 0 00:00:00, Sys 0 00:00:00  -  Total Remote Usage
		Usr 0 00:00:00, Sys 0 00:00:00  -  Total Local Usage
	407  -  Run Bytes Sent By Job
	375  -  Run Bytes Received By Job
	407  -  Total Bytes Sent By Job
	375  -  Total Bytes Received By Job
	Partitionable Resources :    Usage  Request Allocated 
	   Cpus                 :                 1         1 
	   Disk (KB)            :       14   500000    561711 
	   GPUs                 :                           0 
	   Memory (MB)          :        0    20000     20096 

	Job terminated of its own accord at 2023-03-30T00:41:41Z with exit-code 127.
...
000 (113471379.000.000) 2023-03-31 13:47:53 Job submitted from host: <10.14.0.160:9618?addrs=10.14.0.160-9618&alias=ldas-pcdev2.ligo.caltech.edu&noUDP&sock=schedd_7450_a8a7>
    DAG Node: 945
...
040 (113471379.000.000) 2023-03-31 14:08:41 Started transferring input files
	Transferring to host: <10.14.4.54:9618?addrs=10.14.4.54-9618&alias=node804.cluster.ldas.cit&noUDP&sock=slot1_10_3234714_638c_17435>
...
040 (113471379.000.000) 2023-03-31 14:08:41 Finished transferring input files
...
001 (113471379.000.000) 2023-03-31 14:08:42 Job executing on host: <10.14.4.54:9618?addrs=10.14.4.54-9618&alias=node804.cluster.ldas.cit&noUDP&sock=startd_3234675_946a>
...
006 (113471379.000.000) 2023-03-31 14:08:51 Image size of job updated: 206644
	170  -  MemoryUsage of job (MB)
	173812  -  ResidentSetSize of job (KB)
...
006 (113471379.000.000) 2023-03-31 14:13:52 Image size of job updated: 3913408
	524  -  MemoryUsage of job (MB)
	536468  -  ResidentSetSize of job (KB)
...
006 (113471379.000.000) 2023-03-31 14:18:52 Image size of job updated: 3914656
	526  -  MemoryUsage of job (MB)
	537932  -  ResidentSetSize of job (KB)
...
006 (113471379.000.000) 2023-03-31 14:23:52 Image size of job updated: 4019684
	599  -  MemoryUsage of job (MB)
	612612  -  ResidentSetSize of job (KB)
...
006 (113471379.000.000) 2023-03-31 14:28:53 Image size of job updated: 4019940
	599  -  MemoryUsage of job (MB)
	613048  -  ResidentSetSize of job (KB)
...
006 (113471379.000.000) 2023-03-31 14:33:54 Image size of job updated: 4050404
	612  -  MemoryUsage of job (MB)
	626444  -  ResidentSetSize of job (KB)
...
006 (113471379.000.000) 2023-03-31 14:38:54 Image size of job updated: 4050404
	622  -  MemoryUsage of job (MB)
	636448  -  ResidentSetSize of job (KB)
...
006 (113471379.000.000) 2023-03-31 14:43:55 Image size of job updated: 4050404
	664  -  MemoryUsage of job (MB)
	679504  -  ResidentSetSize of job (KB)
...
006 (113471379.000.000) 2023-03-31 14:48:56 Image size of job updated: 4050404
	666  -  MemoryUsage of job (MB)
	681824  -  ResidentSetSize of job (KB)
...
006 (113471379.000.000) 2023-03-31 14:53:56 Image size of job updated: 4050404
	828  -  MemoryUsage of job (MB)
	846940  -  ResidentSetSize of job (KB)
...
006 (113471379.000.000) 2023-03-31 14:58:56 Image size of job updated: 4056584
	892  -  MemoryUsage of job (MB)
	913176  -  ResidentSetSize of job (KB)
...
006 (113471379.000.000) 2023-03-31 15:03:57 Image size of job updated: 4060452
	892  -  MemoryUsage of job (MB)
	913176  -  ResidentSetSize of job (KB)
...
006 (113471379.000.000) 2023-03-31 15:13:57 Image size of job updated: 4067888
	904  -  MemoryUsage of job (MB)
	925044  -  ResidentSetSize of job (KB)
...
006 (113471379.000.000) 2023-03-31 15:18:58 Image size of job updated: 4068636
	904  -  MemoryUsage of job (MB)
	925044  -  ResidentSetSize of job (KB)
...
006 (113471379.000.000) 2023-03-31 15:23:59 Image size of job updated: 4070664
	906  -  MemoryUsage of job (MB)
	927428  -  ResidentSetSize of job (KB)
...
006 (113471379.000.000) 2023-03-31 15:28:59 Image size of job updated: 4084624
	906  -  MemoryUsage of job (MB)
	927428  -  ResidentSetSize of job (KB)
...
006 (113471379.000.000) 2023-03-31 15:44:01 Image size of job updated: 4084624
	907  -  MemoryUsage of job (MB)
	928256  -  ResidentSetSize of job (KB)
...
006 (113471379.000.000) 2023-03-31 15:49:01 Image size of job updated: 4084624
	907  -  MemoryUsage of job (MB)
	928552  -  ResidentSetSize of job (KB)
...
006 (113471379.000.000) 2023-03-31 15:59:02 Image size of job updated: 4084624
	913  -  MemoryUsage of job (MB)
	934336  -  ResidentSetSize of job (KB)
...
006 (113471379.000.000) 2023-03-31 16:04:02 Image size of job updated: 4084624
	914  -  MemoryUsage of job (MB)
	935752  -  ResidentSetSize of job (KB)
...
006 (113471379.000.000) 2023-03-31 16:24:04 Image size of job updated: 4090124
	914  -  MemoryUsage of job (MB)
	935752  -  ResidentSetSize of job (KB)
...
006 (113471379.000.000) 2023-03-31 16:34:05 Image size of job updated: 4095012
	916  -  MemoryUsage of job (MB)
	937344  -  ResidentSetSize of job (KB)
...
006 (113471379.000.000) 2023-03-31 16:39:06 Image size of job updated: 4095012
	917  -  MemoryUsage of job (MB)
	938916  -  ResidentSetSize of job (KB)
...
006 (113471379.000.000) 2023-03-31 16:44:07 Image size of job updated: 4095012
	918  -  MemoryUsage of job (MB)
	939500  -  ResidentSetSize of job (KB)
...
006 (113471379.000.000) 2023-03-31 17:04:08 Image size of job updated: 4095012
	922  -  MemoryUsage of job (MB)
	943468  -  ResidentSetSize of job (KB)
...
006 (113471379.000.000) 2023-03-31 17:19:10 Image size of job updated: 4095012
	925  -  MemoryUsage of job (MB)
	946308  -  ResidentSetSize of job (KB)
...
006 (113471379.000.000) 2023-03-31 17:24:10 Image size of job updated: 4095012
	926  -  MemoryUsage of job (MB)
	947816  -  ResidentSetSize of job (KB)
...
006 (113471379.000.000) 2023-03-31 17:43:41 Image size of job updated: 4099384
	935  -  MemoryUsage of job (MB)
	956500  -  ResidentSetSize of job (KB)
...
006 (113471379.000.000) 2023-03-31 17:57:09 Image size of job updated: 4104704
	938  -  MemoryUsage of job (MB)
	959580  -  ResidentSetSize of job (KB)
...
006 (113471379.000.000) 2023-03-31 18:07:55 Image size of job updated: 4105372
	938  -  MemoryUsage of job (MB)
	959580  -  ResidentSetSize of job (KB)
...
006 (113471379.000.000) 2023-03-31 18:29:25 Image size of job updated: 4105372
	938  -  MemoryUsage of job (MB)
	960024  -  ResidentSetSize of job (KB)
...
006 (113471379.000.000) 2023-03-31 18:34:25 Image size of job updated: 4105372
	938  -  MemoryUsage of job (MB)
	960212  -  ResidentSetSize of job (KB)
...
006 (113471379.000.000) 2023-03-31 18:39:26 Image size of job updated: 4105372
	939  -  MemoryUsage of job (MB)
	961436  -  ResidentSetSize of job (KB)
...
006 (113471379.000.000) 2023-03-31 18:44:27 Image size of job updated: 4114060
	945  -  MemoryUsage of job (MB)
	966780  -  ResidentSetSize of job (KB)
...
006 (113471379.000.000) 2023-03-31 19:04:28 Image size of job updated: 4120760
	945  -  MemoryUsage of job (MB)
	966780  -  ResidentSetSize of job (KB)
...
006 (113471379.000.000) 2023-03-31 19:49:33 Image size of job updated: 4120760
	945  -  MemoryUsage of job (MB)
	966992  -  ResidentSetSize of job (KB)
...
006 (113471379.000.000) 2023-03-31 20:09:35 Image size of job updated: 4120760
	947  -  MemoryUsage of job (MB)
	969324  -  ResidentSetSize of job (KB)
...
006 (113471379.000.000) 2023-03-31 20:24:37 Image size of job updated: 4120760
	950  -  MemoryUsage of job (MB)
	972596  -  ResidentSetSize of job (KB)
...
006 (113471379.000.000) 2023-03-31 20:29:37 Image size of job updated: 4121384
	950  -  MemoryUsage of job (MB)
	972596  -  ResidentSetSize of job (KB)
...
006 (113471379.000.000) 2023-03-31 20:34:38 Image size of job updated: 4121384
	952  -  MemoryUsage of job (MB)
	974768  -  ResidentSetSize of job (KB)
...
006 (113471379.000.000) 2023-03-31 20:49:39 Image size of job updated: 4125788
	960  -  MemoryUsage of job (MB)
	982720  -  ResidentSetSize of job (KB)
...
006 (113471379.000.000) 2023-03-31 20:54:40 Image size of job updated: 4125788
	960  -  MemoryUsage of job (MB)
	982872  -  ResidentSetSize of job (KB)
...
006 (113471379.000.000) 2023-03-31 20:59:40 Image size of job updated: 4127056
	960  -  MemoryUsage of job (MB)
	982872  -  ResidentSetSize of job (KB)
...
006 (113471379.000.000) 2023-03-31 21:29:44 Image size of job updated: 4127700
	960  -  MemoryUsage of job (MB)
	982872  -  ResidentSetSize of job (KB)
...
006 (113471379.000.000) 2023-03-31 21:34:44 Image size of job updated: 4136760
	960  -  MemoryUsage of job (MB)
	982872  -  ResidentSetSize of job (KB)
...
006 (113471379.000.000) 2023-03-31 21:44:45 Image size of job updated: 4136760
	961  -  MemoryUsage of job (MB)
	983848  -  ResidentSetSize of job (KB)
...
006 (113471379.000.000) 2023-03-31 21:59:46 Image size of job updated: 4136760
	967  -  MemoryUsage of job (MB)
	989948  -  ResidentSetSize of job (KB)
...
006 (113471379.000.000) 2023-03-31 22:04:47 Image size of job updated: 4136760
	969  -  MemoryUsage of job (MB)
	991888  -  ResidentSetSize of job (KB)
...
006 (113471379.000.000) 2023-03-31 22:09:47 Image size of job updated: 4136780
	971  -  MemoryUsage of job (MB)
	993640  -  ResidentSetSize of job (KB)
...
006 (113471379.000.000) 2023-03-31 22:14:48 Image size of job updated: 4136816
	971  -  MemoryUsage of job (MB)
	993640  -  ResidentSetSize of job (KB)
...
006 (113471379.000.000) 2023-03-31 22:24:49 Image size of job updated: 4142440
	974  -  MemoryUsage of job (MB)
	997180  -  ResidentSetSize of job (KB)
...
006 (113471379.000.000) 2023-04-01 01:10:06 Image size of job updated: 4143348
	977  -  MemoryUsage of job (MB)
	999848  -  ResidentSetSize of job (KB)
...
006 (113471379.000.000) 2023-04-01 01:15:06 Image size of job updated: 4147816
	979  -  MemoryUsage of job (MB)
	1001812  -  ResidentSetSize of job (KB)
...
006 (113471379.000.000) 2023-04-01 01:20:07 Image size of job updated: 4147816
	980  -  MemoryUsage of job (MB)
	1002576  -  ResidentSetSize of job (KB)
...
006 (113471379.000.000) 2023-04-01 01:25:07 Image size of job updated: 4151372
	984  -  MemoryUsage of job (MB)
	1006960  -  ResidentSetSize of job (KB)
...
006 (113471379.000.000) 2023-04-01 01:30:08 Image size of job updated: 4155332
	988  -  MemoryUsage of job (MB)
	1010920  -  ResidentSetSize of job (KB)
...
006 (113471379.000.000) 2023-04-01 01:35:10 Image size of job updated: 4156688
	988  -  MemoryUsage of job (MB)
	1010920  -  ResidentSetSize of job (KB)
...
006 (113471379.000.000) 2023-04-01 01:45:10 Image size of job updated: 4156688
	989  -  MemoryUsage of job (MB)
	1011728  -  ResidentSetSize of job (KB)
...
006 (113471379.000.000) 2023-04-01 01:50:11 Image size of job updated: 4156768
	989  -  MemoryUsage of job (MB)
	1011728  -  ResidentSetSize of job (KB)
...
006 (113471379.000.000) 2023-04-01 02:20:14 Image size of job updated: 4157872
	989  -  MemoryUsage of job (MB)
	1011728  -  ResidentSetSize of job (KB)
...
006 (113471379.000.000) 2023-04-01 02:25:15 Image size of job updated: 4178768
	1011  -  MemoryUsage of job (MB)
	1034604  -  ResidentSetSize of job (KB)
...
006 (113471379.000.000) 2023-04-01 02:40:16 Image size of job updated: 4178852
	1011  -  MemoryUsage of job (MB)
	1034604  -  ResidentSetSize of job (KB)
...
006 (113471379.000.000) 2023-04-01 03:35:22 Image size of job updated: 4180016
	1011  -  MemoryUsage of job (MB)
	1034604  -  ResidentSetSize of job (KB)
...
006 (113471379.000.000) 2023-04-01 03:40:22 Image size of job updated: 4185240
	1013  -  MemoryUsage of job (MB)
	1037236  -  ResidentSetSize of job (KB)
...
006 (113471379.000.000) 2023-04-01 03:45:23 Image size of job updated: 4185240
	1014  -  MemoryUsage of job (MB)
	1037800  -  ResidentSetSize of job (KB)
...
006 (113471379.000.000) 2023-04-01 03:50:24 Image size of job updated: 4187852
	1019  -  MemoryUsage of job (MB)
	1042492  -  ResidentSetSize of job (KB)
...
006 (113471379.000.000) 2023-04-01 03:55:24 Image size of job updated: 4188092
	1019  -  MemoryUsage of job (MB)
	1042492  -  ResidentSetSize of job (KB)
...
006 (113471379.000.000) 2023-04-01 04:15:25 Image size of job updated: 4190540
	1019  -  MemoryUsage of job (MB)
	1042492  -  ResidentSetSize of job (KB)
...
006 (113471379.000.000) 2023-04-01 04:30:27 Image size of job updated: 4193416
	1026  -  MemoryUsage of job (MB)
	1049688  -  ResidentSetSize of job (KB)
...
006 (113471379.000.000) 2023-04-01 04:35:28 Image size of job updated: 4194968
	1026  -  MemoryUsage of job (MB)
	1049688  -  ResidentSetSize of job (KB)
...
006 (113471379.000.000) 2023-04-01 05:00:30 Image size of job updated: 4199924
	1031  -  MemoryUsage of job (MB)
	1054788  -  ResidentSetSize of job (KB)
...
006 (113471379.000.000) 2023-04-01 05:05:30 Image size of job updated: 4204884
	1031  -  MemoryUsage of job (MB)
	1054788  -  ResidentSetSize of job (KB)
...
006 (113471379.000.000) 2023-04-01 05:40:35 Image size of job updated: 4204884
	1033  -  MemoryUsage of job (MB)
	1057128  -  ResidentSetSize of job (KB)
...
006 (113471379.000.000) 2023-04-01 05:45:36 Image size of job updated: 4204884
	1035  -  MemoryUsage of job (MB)
	1059788  -  ResidentSetSize of job (KB)
...
006 (113471379.000.000) 2023-04-01 05:50:36 Image size of job updated: 4211940
	1041  -  MemoryUsage of job (MB)
	1065864  -  ResidentSetSize of job (KB)
...
006 (113471379.000.000) 2023-04-01 06:05:38 Image size of job updated: 4213700
	1044  -  MemoryUsage of job (MB)
	1068260  -  ResidentSetSize of job (KB)
...
006 (113471379.000.000) 2023-04-01 06:10:38 Image size of job updated: 4214040
	1044  -  MemoryUsage of job (MB)
	1068260  -  ResidentSetSize of job (KB)
...
006 (113471379.000.000) 2023-04-01 06:20:40 Image size of job updated: 4219104
	1050  -  MemoryUsage of job (MB)
	1074272  -  ResidentSetSize of job (KB)
...
006 (113471379.000.000) 2023-04-01 06:25:40 Image size of job updated: 4220764
	1051  -  MemoryUsage of job (MB)
	1075932  -  ResidentSetSize of job (KB)
...
006 (113471379.000.000) 2023-04-01 06:35:42 Image size of job updated: 4220764
	1054  -  MemoryUsage of job (MB)
	1079272  -  ResidentSetSize of job (KB)
...
006 (113471379.000.000) 2023-04-01 06:40:42 Image size of job updated: 4224804
	1054  -  MemoryUsage of job (MB)
	1079272  -  ResidentSetSize of job (KB)
...
006 (113471379.000.000) 2023-04-01 07:10:46 Image size of job updated: 4227320
	1054  -  MemoryUsage of job (MB)
	1079272  -  ResidentSetSize of job (KB)
...
006 (113471379.000.000) 2023-04-01 07:45:50 Image size of job updated: 4229860
	1054  -  MemoryUsage of job (MB)
	1079272  -  ResidentSetSize of job (KB)
...
006 (113471379.000.000) 2023-04-01 08:10:53 Image size of job updated: 4229860
	1056  -  MemoryUsage of job (MB)
	1081040  -  ResidentSetSize of job (KB)
...
006 (113471379.000.000) 2023-04-01 08:25:54 Image size of job updated: 4229860
	1061  -  MemoryUsage of job (MB)
	1085976  -  ResidentSetSize of job (KB)
...
006 (113471379.000.000) 2023-04-01 08:30:55 Image size of job updated: 4234616
	1061  -  MemoryUsage of job (MB)
	1085976  -  ResidentSetSize of job (KB)
...
006 (113471379.000.000) 2023-04-01 08:55:57 Image size of job updated: 4242516
	1062  -  MemoryUsage of job (MB)
	1086648  -  ResidentSetSize of job (KB)
...
006 (113471379.000.000) 2023-04-01 09:41:02 Image size of job updated: 4242516
	1062  -  MemoryUsage of job (MB)
	1086676  -  ResidentSetSize of job (KB)
...
006 (113471379.000.000) 2023-04-01 09:46:02 Image size of job updated: 4242516
	1062  -  MemoryUsage of job (MB)
	1087060  -  ResidentSetSize of job (KB)
...
006 (113471379.000.000) 2023-04-01 09:51:03 Image size of job updated: 4242516
	1064  -  MemoryUsage of job (MB)
	1089108  -  ResidentSetSize of job (KB)
...
006 (113471379.000.000) 2023-04-01 09:56:04 Image size of job updated: 4242516
	1072  -  MemoryUsage of job (MB)
	1096944  -  ResidentSetSize of job (KB)
...
006 (113471379.000.000) 2023-04-01 10:01:04 Image size of job updated: 4246456
	1072  -  MemoryUsage of job (MB)
	1096944  -  ResidentSetSize of job (KB)
...
006 (113471379.000.000) 2023-04-01 10:26:06 Image size of job updated: 4252644
	1072  -  MemoryUsage of job (MB)
	1096944  -  ResidentSetSize of job (KB)
...
006 (113471379.000.000) 2023-04-01 10:41:08 Image size of job updated: 4252644
	1075  -  MemoryUsage of job (MB)
	1100012  -  ResidentSetSize of job (KB)
...
006 (113471379.000.000) 2023-04-01 11:41:14 Image size of job updated: 4252644
	1075  -  MemoryUsage of job (MB)
	1100628  -  ResidentSetSize of job (KB)
...
006 (113471379.000.000) 2023-04-01 11:46:15 Image size of job updated: 4253548
	1075  -  MemoryUsage of job (MB)
	1100628  -  ResidentSetSize of job (KB)
...
006 (113471379.000.000) 2023-04-01 11:51:16 Image size of job updated: 4253548
	1079  -  MemoryUsage of job (MB)
	1104244  -  ResidentSetSize of job (KB)
...
006 (113471379.000.000) 2023-04-01 11:56:16 Image size of job updated: 4257976
	1079  -  MemoryUsage of job (MB)
	1104244  -  ResidentSetSize of job (KB)
...
006 (113471379.000.000) 2023-04-01 12:06:17 Image size of job updated: 4257976
	1080  -  MemoryUsage of job (MB)
	1105088  -  ResidentSetSize of job (KB)
...
006 (113471379.000.000) 2023-04-01 12:36:20 Image size of job updated: 4259080
	1080  -  MemoryUsage of job (MB)
	1105424  -  ResidentSetSize of job (KB)
...
006 (113471379.000.000) 2023-04-01 12:41:21 Image size of job updated: 4259080
	1085  -  MemoryUsage of job (MB)
	1110464  -  ResidentSetSize of job (KB)
...
006 (113471379.000.000) 2023-04-01 12:46:21 Image size of job updated: 4276380
	1086  -  MemoryUsage of job (MB)
	1111736  -  ResidentSetSize of job (KB)
...
006 (113471379.000.000) 2023-04-01 13:01:23 Image size of job updated: 4276380
	1089  -  MemoryUsage of job (MB)
	1114844  -  ResidentSetSize of job (KB)
...
006 (113471379.000.000) 2023-04-01 13:06:23 Image size of job updated: 4276380
	1092  -  MemoryUsage of job (MB)
	1117364  -  ResidentSetSize of job (KB)
...
006 (113471379.000.000) 2023-04-01 13:31:27 Image size of job updated: 4276380
	1094  -  MemoryUsage of job (MB)
	1119484  -  ResidentSetSize of job (KB)
...
006 (113471379.000.000) 2023-04-01 13:56:28 Image size of job updated: 4276380
	1100  -  MemoryUsage of job (MB)
	1125504  -  ResidentSetSize of job (KB)
...
006 (113471379.000.000) 2023-04-01 14:01:29 Image size of job updated: 4276380
	1101  -  MemoryUsage of job (MB)
	1126776  -  ResidentSetSize of job (KB)
...
006 (113471379.000.000) 2023-04-01 14:06:30 Image size of job updated: 4277720
	1108  -  MemoryUsage of job (MB)
	1133672  -  ResidentSetSize of job (KB)
...
006 (113471379.000.000) 2023-04-01 14:11:30 Image size of job updated: 4280572
	1110  -  MemoryUsage of job (MB)
	1136604  -  ResidentSetSize of job (KB)
...
006 (113471379.000.000) 2023-04-01 14:26:32 Image size of job updated: 4283088
	1113  -  MemoryUsage of job (MB)
	1139120  -  ResidentSetSize of job (KB)
...
006 (113471379.000.000) 2023-04-01 14:31:32 Image size of job updated: 4285164
	1113  -  MemoryUsage of job (MB)
	1139120  -  ResidentSetSize of job (KB)
...
004 (113471379.000.000) 2023-04-01 14:58:39 Job was evicted.
	(0) CPU times
		Usr 2 05:16:54, Sys 0 00:09:29  -  Run Remote Usage
		Usr 0 00:00:00, Sys 0 00:00:00  -  Run Local Usage
	0  -  Run Bytes Sent By Job
	375  -  Run Bytes Received By Job
	Partitionable Resources :    Usage  Request Allocated 
	   Cpus                 :     0.97        1         1 
	   Disk (KB)            :   713      500000    624256 
	   GPUs                 :                           0 
	   Memory (MB)          :  1113       20000     20096 
...
040 (113471379.000.000) 2023-04-01 14:58:40 Started transferring input files
	Transferring to host: <10.14.9.196:9618?addrs=10.14.9.196-9618&alias=node2196.cluster.ldas.cit&noUDP&sock=slot1_3_186547_fcbb_160706>
...
040 (113471379.000.000) 2023-04-01 14:58:40 Finished transferring input files
...
001 (113471379.000.000) 2023-04-01 14:58:41 Job executing on host: <10.14.9.196:9618?addrs=10.14.9.196-9618&alias=node2196.cluster.ldas.cit&noUDP&sock=startd_186508_8dac>
...
040 (113471379.000.000) 2023-04-01 14:58:41 Started transferring output files
...
040 (113471379.000.000) 2023-04-01 14:58:41 Finished transferring output files
...
005 (113471379.000.000) 2023-04-01 14:58:41 Job terminated.
	(1) Normal termination (return value 127)
		Usr 0 00:00:00, Sys 0 00:00:00  -  Run Remote Usage
		Usr 0 00:00:00, Sys 0 00:00:00  -  Run Local Usage
		Usr 2 05:16:54, Sys 0 00:09:29  -  Total Remote Usage
		Usr 0 00:00:00, Sys 0 00:00:00  -  Total Local Usage
	403  -  Run Bytes Sent By Job
	375  -  Run Bytes Received By Job
	403  -  Total Bytes Sent By Job
	750  -  Total Bytes Received By Job
	Partitionable Resources :    Usage  Request Allocated 
	   Cpus                 :     0.97        1         1 
	   Disk (KB)            :    16      500000    519527 
	   GPUs                 :                           0 
	   Memory (MB)          :  1221       20000     20096 

	Job terminated of its own accord at 2023-04-01T21:58:41Z with exit-code 127.
...
000 (113513386.000.000) 2023-04-03 11:54:53 Job submitted from host: <10.14.0.160:9618?addrs=10.14.0.160-9618&alias=ldas-pcdev2.ligo.caltech.edu&noUDP&sock=schedd_7450_a8a7>
    DAG Node: 945
...
040 (113513386.000.000) 2023-04-03 11:58:30 Started transferring input files
	Transferring to host: <10.14.10.132:9618?addrs=10.14.10.132-9618&alias=node2382.cluster.ldas.cit&noUDP&sock=slot1_7_327371_3c1a_27656>
...
040 (113513386.000.000) 2023-04-03 11:58:30 Finished transferring input files
...
001 (113513386.000.000) 2023-04-03 11:58:31 Job executing on host: <10.14.10.132:9618?addrs=10.14.10.132-9618&alias=node2382.cluster.ldas.cit&noUDP&sock=startd_4140_462d>
...
006 (113513386.000.000) 2023-04-03 11:58:40 Image size of job updated: 583856
	569  -  MemoryUsage of job (MB)
	582188  -  ResidentSetSize of job (KB)
...
006 (113513386.000.000) 2023-04-03 12:03:41 Image size of job updated: 3990060
	590  -  MemoryUsage of job (MB)
	603652  -  ResidentSetSize of job (KB)
...
006 (113513386.000.000) 2023-04-03 12:08:41 Image size of job updated: 4007864
	608  -  MemoryUsage of job (MB)
	621616  -  ResidentSetSize of job (KB)
...
006 (113513386.000.000) 2023-04-03 12:13:42 Image size of job updated: 4207228
	715  -  MemoryUsage of job (MB)
	732112  -  ResidentSetSize of job (KB)
...
006 (113513386.000.000) 2023-04-03 12:33:45 Image size of job updated: 4216568
	772  -  MemoryUsage of job (MB)
	790024  -  ResidentSetSize of job (KB)
...
006 (113513386.000.000) 2023-04-03 12:38:45 Image size of job updated: 4235776
	787  -  MemoryUsage of job (MB)
	805748  -  ResidentSetSize of job (KB)
...
006 (113513386.000.000) 2023-04-03 12:48:46 Image size of job updated: 4235776
	790  -  MemoryUsage of job (MB)
	808452  -  ResidentSetSize of job (KB)
...
006 (113513386.000.000) 2023-04-03 13:13:48 Image size of job updated: 4238644
	792  -  MemoryUsage of job (MB)
	810448  -  ResidentSetSize of job (KB)
...
006 (113513386.000.000) 2023-04-03 13:18:49 Image size of job updated: 4243904
	799  -  MemoryUsage of job (MB)
	818112  -  ResidentSetSize of job (KB)
...
006 (113513386.000.000) 2023-04-03 13:23:50 Image size of job updated: 4245692
	799  -  MemoryUsage of job (MB)
	818112  -  ResidentSetSize of job (KB)
...
006 (113513386.000.000) 2023-04-03 13:33:50 Image size of job updated: 4253888
	802  -  MemoryUsage of job (MB)
	820964  -  ResidentSetSize of job (KB)
...
006 (113513386.000.000) 2023-04-03 13:38:51 Image size of job updated: 4253936
	810  -  MemoryUsage of job (MB)
	828744  -  ResidentSetSize of job (KB)
...
006 (113513386.000.000) 2023-04-03 13:43:51 Image size of job updated: 4261828
	810  -  MemoryUsage of job (MB)
	828744  -  ResidentSetSize of job (KB)
...
006 (113513386.000.000) 2023-04-03 14:23:55 Image size of job updated: 4264516
	811  -  MemoryUsage of job (MB)
	829612  -  ResidentSetSize of job (KB)
...
006 (113513386.000.000) 2023-04-03 14:33:56 Image size of job updated: 4264516
	811  -  MemoryUsage of job (MB)
	830056  -  ResidentSetSize of job (KB)
...
006 (113513386.000.000) 2023-04-03 15:03:59 Image size of job updated: 4269692
	822  -  MemoryUsage of job (MB)
	841500  -  ResidentSetSize of job (KB)
...
006 (113513386.000.000) 2023-04-03 15:08:59 Image size of job updated: 4270024
	823  -  MemoryUsage of job (MB)
	841776  -  ResidentSetSize of job (KB)
...
006 (113513386.000.000) 2023-04-03 15:14:01 Image size of job updated: 4271460
	825  -  MemoryUsage of job (MB)
	844788  -  ResidentSetSize of job (KB)
...
006 (113513386.000.000) 2023-04-03 15:19:01 Image size of job updated: 4299036
	825  -  MemoryUsage of job (MB)
	844788  -  ResidentSetSize of job (KB)
...
006 (113513386.000.000) 2023-04-03 15:39:03 Image size of job updated: 4299036
	827  -  MemoryUsage of job (MB)
	845836  -  ResidentSetSize of job (KB)
...
006 (113513386.000.000) 2023-04-03 15:54:05 Image size of job updated: 4299036
	829  -  MemoryUsage of job (MB)
	848420  -  ResidentSetSize of job (KB)
...
006 (113513386.000.000) 2023-04-03 15:59:06 Image size of job updated: 4300768
	854  -  MemoryUsage of job (MB)
	874064  -  ResidentSetSize of job (KB)
...
006 (113513386.000.000) 2023-04-03 16:09:07 Image size of job updated: 4302100
	854  -  MemoryUsage of job (MB)
	874064  -  ResidentSetSize of job (KB)
...
006 (113513386.000.000) 2023-04-03 16:14:08 Image size of job updated: 4302100
	930  -  MemoryUsage of job (MB)
	951716  -  ResidentSetSize of job (KB)
...
006 (113513386.000.000) 2023-04-03 16:19:09 Image size of job updated: 4302100
	1084  -  MemoryUsage of job (MB)
	1109800  -  ResidentSetSize of job (KB)
...
006 (113513386.000.000) 2023-04-03 16:24:09 Image size of job updated: 4307888
	1084  -  MemoryUsage of job (MB)
	1109800  -  ResidentSetSize of job (KB)
...
006 (113513386.000.000) 2023-04-03 16:29:09 Image size of job updated: 4323088
	1084  -  MemoryUsage of job (MB)
	1109800  -  ResidentSetSize of job (KB)
...
006 (113513386.000.000) 2023-04-03 16:54:11 Image size of job updated: 4323088
	1095  -  MemoryUsage of job (MB)
	1121260  -  ResidentSetSize of job (KB)
...
006 (113513386.000.000) 2023-04-03 17:59:16 Image size of job updated: 4323088
	1099  -  MemoryUsage of job (MB)
	1124584  -  ResidentSetSize of job (KB)
...
006 (113513386.000.000) 2023-04-03 18:04:17 Image size of job updated: 4323088
	1103  -  MemoryUsage of job (MB)
	1128920  -  ResidentSetSize of job (KB)
...
006 (113513386.000.000) 2023-04-03 18:19:19 Image size of job updated: 4328496
	1112  -  MemoryUsage of job (MB)
	1137900  -  ResidentSetSize of job (KB)
...
006 (113513386.000.000) 2023-04-03 18:24:20 Image size of job updated: 4332932
	1112  -  MemoryUsage of job (MB)
	1137900  -  ResidentSetSize of job (KB)
...
006 (113513386.000.000) 2023-04-03 18:29:20 Image size of job updated: 4337884
	1121  -  MemoryUsage of job (MB)
	1147224  -  ResidentSetSize of job (KB)
...
006 (113513386.000.000) 2023-04-03 18:34:21 Image size of job updated: 4353436
	1136  -  MemoryUsage of job (MB)
	1163028  -  ResidentSetSize of job (KB)
...
006 (113513386.000.000) 2023-04-03 18:39:22 Image size of job updated: 4359272
	1136  -  MemoryUsage of job (MB)
	1163028  -  ResidentSetSize of job (KB)
...
006 (113513386.000.000) 2023-04-03 19:44:28 Image size of job updated: 4383764
	1136  -  MemoryUsage of job (MB)
	1163028  -  ResidentSetSize of job (KB)
...
006 (113513386.000.000) 2023-04-03 19:49:28 Image size of job updated: 4383764
	1137  -  MemoryUsage of job (MB)
	1164064  -  ResidentSetSize of job (KB)
...
006 (113513386.000.000) 2023-04-03 21:04:35 Image size of job updated: 4383764
	1138  -  MemoryUsage of job (MB)
	1164996  -  ResidentSetSize of job (KB)
...
006 (113513386.000.000) 2023-04-03 21:12:29 Image size of job updated: 9323300
	1138  -  MemoryUsage of job (MB)
	1164996  -  ResidentSetSize of job (KB)
...
040 (113513386.000.000) 2023-04-03 21:12:29 Started transferring output files
...
040 (113513386.000.000) 2023-04-03 21:12:29 Finished transferring output files
...
005 (113513386.000.000) 2023-04-03 21:12:29 Job terminated.
	(1) Normal termination (return value 0)
		Usr 1 09:55:33, Sys 0 00:01:46  -  Run Remote Usage
		Usr 0 00:00:00, Sys 0 00:00:00  -  Run Local Usage
		Usr 1 09:55:33, Sys 0 00:01:46  -  Total Remote Usage
		Usr 0 00:00:00, Sys 0 00:00:00  -  Total Local Usage
	166340  -  Run Bytes Sent By Job
	375  -  Run Bytes Received By Job
	166340  -  Total Bytes Sent By Job
	375  -  Total Bytes Received By Job
	Partitionable Resources :    Usage  Request Allocated 
	   Cpus                 :     4.59        1         1 
	   Disk (KB)            :   184      500000    624256 
	   GPUs                 :                           0 
	   Memory (MB)          :  1138       20000     20096 

	Job terminated of its own accord at 2023-04-04T04:12:29Z with exit-code 0.
...
