000 (113449830.000.000) 2023-03-29 17:01:33 Job submitted from host: <10.14.0.160:9618?addrs=10.14.0.160-9618&alias=ldas-pcdev2.ligo.caltech.edu&noUDP&sock=schedd_7450_a8a7>
    DAG Node: 51
...
040 (113449830.000.000) 2023-03-29 17:39:45 Started transferring input files
	Transferring to host: <10.14.9.194:9618?addrs=10.14.9.194-9618&alias=node2194.cluster.ldas.cit&noUDP&sock=slot1_2_189911_3ac4_88889>
...
040 (113449830.000.000) 2023-03-29 17:39:45 Finished transferring input files
...
001 (113449830.000.000) 2023-03-29 17:39:46 Job executing on host: <10.14.9.194:9618?addrs=10.14.9.194-9618&alias=node2194.cluster.ldas.cit&noUDP&sock=startd_189641_87e3>
...
006 (113449830.000.000) 2023-03-29 17:39:46 Image size of job updated: 1
	0  -  MemoryUsage of job (MB)
	0  -  ResidentSetSize of job (KB)
...
040 (113449830.000.000) 2023-03-29 17:39:46 Started transferring output files
...
040 (113449830.000.000) 2023-03-29 17:39:46 Finished transferring output files
...
005 (113449830.000.000) 2023-03-29 17:39:46 Job terminated.
	(1) Normal termination (return value 127)
		Usr 0 00:00:00, Sys 0 00:00:00  -  Run Remote Usage
		Usr 0 00:00:00, Sys 0 00:00:00  -  Run Local Usage
		Usr 0 00:00:00, Sys 0 00:00:00  -  Total Remote Usage
		Usr 0 00:00:00, Sys 0 00:00:00  -  Total Local Usage
	407  -  Run Bytes Sent By Job
	366  -  Run Bytes Received By Job
	407  -  Total Bytes Sent By Job
	366  -  Total Bytes Received By Job
	Partitionable Resources :    Usage  Request Allocated 
	   Cpus                 :                 1         1 
	   Disk (KB)            :       14   500000    561711 
	   GPUs                 :                           0 
	   Memory (MB)          :        0    20000     20096 

	Job terminated of its own accord at 2023-03-30T00:39:46Z with exit-code 127.
...
000 (113484878.000.000) 2023-04-01 14:23:50 Job submitted from host: <10.14.0.160:9618?addrs=10.14.0.160-9618&alias=ldas-pcdev2.ligo.caltech.edu&noUDP&sock=schedd_7450_a8a7>
    DAG Node: 51
...
040 (113484878.000.000) 2023-04-01 14:28:41 Started transferring input files
	Transferring to host: <10.14.9.194:9618?addrs=10.14.9.194-9618&alias=node2194.cluster.ldas.cit&noUDP&sock=slot1_2_189911_3ac4_109078>
...
040 (113484878.000.000) 2023-04-01 14:28:41 Finished transferring input files
...
001 (113484878.000.000) 2023-04-01 14:28:42 Job executing on host: <10.14.9.194:9618?addrs=10.14.9.194-9618&alias=node2194.cluster.ldas.cit&noUDP&sock=startd_189641_87e3>
...
006 (113484878.000.000) 2023-04-01 14:28:42 Image size of job updated: 1
	0  -  MemoryUsage of job (MB)
	0  -  ResidentSetSize of job (KB)
...
040 (113484878.000.000) 2023-04-01 14:28:42 Started transferring output files
...
040 (113484878.000.000) 2023-04-01 14:28:42 Finished transferring output files
...
005 (113484878.000.000) 2023-04-01 14:28:42 Job terminated.
	(1) Normal termination (return value 127)
		Usr 0 00:00:00, Sys 0 00:00:00  -  Run Remote Usage
		Usr 0 00:00:00, Sys 0 00:00:00  -  Run Local Usage
		Usr 0 00:00:00, Sys 0 00:00:00  -  Total Remote Usage
		Usr 0 00:00:00, Sys 0 00:00:00  -  Total Local Usage
	411  -  Run Bytes Sent By Job
	366  -  Run Bytes Received By Job
	411  -  Total Bytes Sent By Job
	366  -  Total Bytes Received By Job
	Partitionable Resources :    Usage  Request Allocated 
	   Cpus                 :                 1         1 
	   Disk (KB)            :       14   500000    561711 
	   GPUs                 :                           0 
	   Memory (MB)          :        0    20000     20096 

	Job terminated of its own accord at 2023-04-01T21:28:42Z with exit-code 127.
...
000 (113485082.000.000) 2023-04-01 14:53:03 Job submitted from host: <10.14.0.160:9618?addrs=10.14.0.160-9618&alias=ldas-pcdev2.ligo.caltech.edu&noUDP&sock=schedd_7450_a8a7>
    DAG Node: 51
...
040 (113485082.000.000) 2023-04-01 14:59:23 Started transferring input files
	Transferring to host: <10.14.9.196:9618?addrs=10.14.9.196-9618&alias=node2196.cluster.ldas.cit&noUDP&sock=slot1_3_186547_fcbb_160740>
...
040 (113485082.000.000) 2023-04-01 14:59:23 Finished transferring input files
...
001 (113485082.000.000) 2023-04-01 14:59:24 Job executing on host: <10.14.9.196:9618?addrs=10.14.9.196-9618&alias=node2196.cluster.ldas.cit&noUDP&sock=startd_186508_8dac>
...
006 (113485082.000.000) 2023-04-01 14:59:25 Image size of job updated: 1
	0  -  MemoryUsage of job (MB)
	0  -  ResidentSetSize of job (KB)
...
040 (113485082.000.000) 2023-04-01 14:59:25 Started transferring output files
...
040 (113485082.000.000) 2023-04-01 14:59:25 Finished transferring output files
...
005 (113485082.000.000) 2023-04-01 14:59:25 Job terminated.
	(1) Normal termination (return value 127)
		Usr 0 00:00:00, Sys 0 00:00:00  -  Run Remote Usage
		Usr 0 00:00:00, Sys 0 00:00:00  -  Run Local Usage
		Usr 0 00:00:00, Sys 0 00:00:00  -  Total Remote Usage
		Usr 0 00:00:00, Sys 0 00:00:00  -  Total Local Usage
	403  -  Run Bytes Sent By Job
	366  -  Run Bytes Received By Job
	403  -  Total Bytes Sent By Job
	366  -  Total Bytes Received By Job
	Partitionable Resources :    Usage  Request Allocated 
	   Cpus                 :                 1         1 
	   Disk (KB)            :       15   500000    519527 
	   GPUs                 :                           0 
	   Memory (MB)          :        0    20000     20096 

	Job terminated of its own accord at 2023-04-01T21:59:25Z with exit-code 127.
...
000 (113493786.000.000) 2023-04-02 13:26:41 Job submitted from host: <10.14.0.160:9618?addrs=10.14.0.160-9618&alias=ldas-pcdev2.ligo.caltech.edu&noUDP&sock=schedd_7450_a8a7>
    DAG Node: 51
...
040 (113493786.000.000) 2023-04-02 13:28:50 Started transferring input files
	Transferring to host: <10.14.10.92:9618?addrs=10.14.10.92-9618&alias=node2342.cluster.ldas.cit&noUDP&sock=slot1_14_2723727_d241_14805>
...
040 (113493786.000.000) 2023-04-02 13:28:50 Finished transferring input files
...
001 (113493786.000.000) 2023-04-02 13:28:51 Job executing on host: <10.14.10.92:9618?addrs=10.14.10.92-9618&alias=node2342.cluster.ldas.cit&noUDP&sock=startd_2723683_91fb>
...
006 (113493786.000.000) 2023-04-02 13:28:59 Image size of job updated: 598368
	194  -  MemoryUsage of job (MB)
	198436  -  ResidentSetSize of job (KB)
...
006 (113493786.000.000) 2023-04-02 13:33:59 Image size of job updated: 5087640
	320  -  MemoryUsage of job (MB)
	327452  -  ResidentSetSize of job (KB)
...
006 (113493786.000.000) 2023-04-02 13:39:00 Image size of job updated: 5087640
	505  -  MemoryUsage of job (MB)
	516180  -  ResidentSetSize of job (KB)
...
006 (113493786.000.000) 2023-04-02 13:44:01 Image size of job updated: 5087640
	506  -  MemoryUsage of job (MB)
	517572  -  ResidentSetSize of job (KB)
...
006 (113493786.000.000) 2023-04-02 13:49:01 Image size of job updated: 5087640
	570  -  MemoryUsage of job (MB)
	583404  -  ResidentSetSize of job (KB)
...
006 (113493786.000.000) 2023-04-02 13:54:01 Image size of job updated: 5095820
	609  -  MemoryUsage of job (MB)
	623300  -  ResidentSetSize of job (KB)
...
006 (113493786.000.000) 2023-04-02 13:59:02 Image size of job updated: 5112240
	623  -  MemoryUsage of job (MB)
	637024  -  ResidentSetSize of job (KB)
...
006 (113493786.000.000) 2023-04-02 14:04:02 Image size of job updated: 5112240
	624  -  MemoryUsage of job (MB)
	638028  -  ResidentSetSize of job (KB)
...
006 (113493786.000.000) 2023-04-02 14:09:02 Image size of job updated: 5117832
	631  -  MemoryUsage of job (MB)
	645756  -  ResidentSetSize of job (KB)
...
006 (113493786.000.000) 2023-04-02 14:14:04 Image size of job updated: 5124192
	675  -  MemoryUsage of job (MB)
	690216  -  ResidentSetSize of job (KB)
...
006 (113493786.000.000) 2023-04-02 14:19:04 Image size of job updated: 5138024
	856  -  MemoryUsage of job (MB)
	876324  -  ResidentSetSize of job (KB)
...
006 (113493786.000.000) 2023-04-02 14:24:04 Image size of job updated: 5138024
	932  -  MemoryUsage of job (MB)
	953852  -  ResidentSetSize of job (KB)
...
006 (113493786.000.000) 2023-04-02 14:29:05 Image size of job updated: 5141676
	937  -  MemoryUsage of job (MB)
	958596  -  ResidentSetSize of job (KB)
...
006 (113493786.000.000) 2023-04-02 14:34:06 Image size of job updated: 5141676
	937  -  MemoryUsage of job (MB)
	958628  -  ResidentSetSize of job (KB)
...
006 (113493786.000.000) 2023-04-02 14:39:06 Image size of job updated: 5156220
	1009  -  MemoryUsage of job (MB)
	1033216  -  ResidentSetSize of job (KB)
...
006 (113493786.000.000) 2023-04-02 14:44:07 Image size of job updated: 5159760
	1014  -  MemoryUsage of job (MB)
	1037596  -  ResidentSetSize of job (KB)
...
006 (113493786.000.000) 2023-04-02 14:49:08 Image size of job updated: 5165012
	1018  -  MemoryUsage of job (MB)
	1042240  -  ResidentSetSize of job (KB)
...
006 (113493786.000.000) 2023-04-02 14:54:08 Image size of job updated: 5180852
	1093  -  MemoryUsage of job (MB)
	1118300  -  ResidentSetSize of job (KB)
...
006 (113493786.000.000) 2023-04-02 14:59:08 Image size of job updated: 5207520
	1119  -  MemoryUsage of job (MB)
	1145504  -  ResidentSetSize of job (KB)
...
006 (113493786.000.000) 2023-04-02 15:04:09 Image size of job updated: 5207520
	1120  -  MemoryUsage of job (MB)
	1146032  -  ResidentSetSize of job (KB)
...
006 (113493786.000.000) 2023-04-02 15:09:09 Image size of job updated: 5212640
	1125  -  MemoryUsage of job (MB)
	1151332  -  ResidentSetSize of job (KB)
...
006 (113493786.000.000) 2023-04-02 15:14:09 Image size of job updated: 5214476
	1127  -  MemoryUsage of job (MB)
	1153396  -  ResidentSetSize of job (KB)
...
006 (113493786.000.000) 2023-04-02 15:19:10 Image size of job updated: 5214744
	1127  -  MemoryUsage of job (MB)
	1153732  -  ResidentSetSize of job (KB)
...
006 (113493786.000.000) 2023-04-02 15:24:11 Image size of job updated: 5224256
	1136  -  MemoryUsage of job (MB)
	1162344  -  ResidentSetSize of job (KB)
...
006 (113493786.000.000) 2023-04-02 15:29:11 Image size of job updated: 5228320
	1140  -  MemoryUsage of job (MB)
	1167236  -  ResidentSetSize of job (KB)
...
006 (113493786.000.000) 2023-04-02 15:34:12 Image size of job updated: 5259612
	1169  -  MemoryUsage of job (MB)
	1197028  -  ResidentSetSize of job (KB)
...
006 (113493786.000.000) 2023-04-02 15:44:13 Image size of job updated: 5271388
	1174  -  MemoryUsage of job (MB)
	1201268  -  ResidentSetSize of job (KB)
...
006 (113493786.000.000) 2023-04-02 15:49:13 Image size of job updated: 5271388
	1176  -  MemoryUsage of job (MB)
	1203620  -  ResidentSetSize of job (KB)
...
006 (113493786.000.000) 2023-04-02 15:54:14 Image size of job updated: 5281400
	1193  -  MemoryUsage of job (MB)
	1220744  -  ResidentSetSize of job (KB)
...
006 (113493786.000.000) 2023-04-02 15:59:15 Image size of job updated: 5281532
	1193  -  MemoryUsage of job (MB)
	1220936  -  ResidentSetSize of job (KB)
...
006 (113493786.000.000) 2023-04-02 16:24:17 Image size of job updated: 5298592
	1193  -  MemoryUsage of job (MB)
	1220936  -  ResidentSetSize of job (KB)
...
006 (113493786.000.000) 2023-04-02 16:29:19 Image size of job updated: 5298592
	1195  -  MemoryUsage of job (MB)
	1223260  -  ResidentSetSize of job (KB)
...
006 (113493786.000.000) 2023-04-02 16:34:19 Image size of job updated: 5331000
	1198  -  MemoryUsage of job (MB)
	1226472  -  ResidentSetSize of job (KB)
...
006 (113493786.000.000) 2023-04-02 16:39:19 Image size of job updated: 5331000
	1200  -  MemoryUsage of job (MB)
	1228576  -  ResidentSetSize of job (KB)
...
006 (113493786.000.000) 2023-04-02 16:44:20 Image size of job updated: 5331000
	1203  -  MemoryUsage of job (MB)
	1231268  -  ResidentSetSize of job (KB)
...
006 (113493786.000.000) 2023-04-02 16:49:21 Image size of job updated: 5331000
	1204  -  MemoryUsage of job (MB)
	1231940  -  ResidentSetSize of job (KB)
...
006 (113493786.000.000) 2023-04-02 16:54:21 Image size of job updated: 5331000
	1206  -  MemoryUsage of job (MB)
	1233988  -  ResidentSetSize of job (KB)
...
006 (113493786.000.000) 2023-04-02 16:59:21 Image size of job updated: 5390140
	1252  -  MemoryUsage of job (MB)
	1281316  -  ResidentSetSize of job (KB)
...
006 (113493786.000.000) 2023-04-02 17:04:22 Image size of job updated: 5390140
	1253  -  MemoryUsage of job (MB)
	1282880  -  ResidentSetSize of job (KB)
...
006 (113493786.000.000) 2023-04-02 17:09:22 Image size of job updated: 5390140
	1255  -  MemoryUsage of job (MB)
	1284688  -  ResidentSetSize of job (KB)
...
006 (113493786.000.000) 2023-04-02 17:14:22 Image size of job updated: 5390140
	1266  -  MemoryUsage of job (MB)
	1295388  -  ResidentSetSize of job (KB)
...
006 (113493786.000.000) 2023-04-02 17:19:23 Image size of job updated: 5390140
	1274  -  MemoryUsage of job (MB)
	1304356  -  ResidentSetSize of job (KB)
...
006 (113493786.000.000) 2023-04-02 17:29:24 Image size of job updated: 5390140
	1281  -  MemoryUsage of job (MB)
	1311036  -  ResidentSetSize of job (KB)
...
006 (113493786.000.000) 2023-04-02 17:34:24 Image size of job updated: 5390140
	1287  -  MemoryUsage of job (MB)
	1317656  -  ResidentSetSize of job (KB)
...
006 (113493786.000.000) 2023-04-02 17:39:25 Image size of job updated: 5390140
	1292  -  MemoryUsage of job (MB)
	1322612  -  ResidentSetSize of job (KB)
...
006 (113493786.000.000) 2023-04-02 17:44:25 Image size of job updated: 5463928
	1316  -  MemoryUsage of job (MB)
	1347560  -  ResidentSetSize of job (KB)
...
006 (113493786.000.000) 2023-04-02 17:49:25 Image size of job updated: 5463928
	1318  -  MemoryUsage of job (MB)
	1348888  -  ResidentSetSize of job (KB)
...
006 (113493786.000.000) 2023-04-02 17:54:26 Image size of job updated: 5463928
	1321  -  MemoryUsage of job (MB)
	1351796  -  ResidentSetSize of job (KB)
...
006 (113493786.000.000) 2023-04-02 17:59:27 Image size of job updated: 5463928
	1327  -  MemoryUsage of job (MB)
	1358356  -  ResidentSetSize of job (KB)
...
006 (113493786.000.000) 2023-04-02 18:04:27 Image size of job updated: 5463928
	1329  -  MemoryUsage of job (MB)
	1360404  -  ResidentSetSize of job (KB)
...
006 (113493786.000.000) 2023-04-02 18:09:27 Image size of job updated: 5485856
	1329  -  MemoryUsage of job (MB)
	1360404  -  ResidentSetSize of job (KB)
...
006 (113493786.000.000) 2023-04-02 18:24:29 Image size of job updated: 5485856
	1357  -  MemoryUsage of job (MB)
	1388844  -  ResidentSetSize of job (KB)
...
006 (113493786.000.000) 2023-04-02 18:29:30 Image size of job updated: 5485856
	1358  -  MemoryUsage of job (MB)
	1389908  -  ResidentSetSize of job (KB)
...
006 (113493786.000.000) 2023-04-02 18:34:31 Image size of job updated: 5485856
	1361  -  MemoryUsage of job (MB)
	1393416  -  ResidentSetSize of job (KB)
...
006 (113493786.000.000) 2023-04-02 18:44:31 Image size of job updated: 5545952
	1384  -  MemoryUsage of job (MB)
	1416924  -  ResidentSetSize of job (KB)
...
006 (113493786.000.000) 2023-04-02 18:54:33 Image size of job updated: 5545952
	1387  -  MemoryUsage of job (MB)
	1419408  -  ResidentSetSize of job (KB)
...
006 (113493786.000.000) 2023-04-02 18:59:33 Image size of job updated: 5545952
	1390  -  MemoryUsage of job (MB)
	1423156  -  ResidentSetSize of job (KB)
...
006 (113493786.000.000) 2023-04-02 19:04:34 Image size of job updated: 5545952
	1390  -  MemoryUsage of job (MB)
	1423360  -  ResidentSetSize of job (KB)
...
006 (113493786.000.000) 2023-04-02 19:14:35 Image size of job updated: 5545952
	1397  -  MemoryUsage of job (MB)
	1429760  -  ResidentSetSize of job (KB)
...
006 (113493786.000.000) 2023-04-02 19:24:36 Image size of job updated: 5545952
	1402  -  MemoryUsage of job (MB)
	1435300  -  ResidentSetSize of job (KB)
...
006 (113493786.000.000) 2023-04-02 19:34:37 Image size of job updated: 5576980
	1405  -  MemoryUsage of job (MB)
	1438064  -  ResidentSetSize of job (KB)
...
006 (113493786.000.000) 2023-04-02 19:39:37 Image size of job updated: 5576980
	1407  -  MemoryUsage of job (MB)
	1440112  -  ResidentSetSize of job (KB)
...
006 (113493786.000.000) 2023-04-02 19:44:38 Image size of job updated: 5576980
	1409  -  MemoryUsage of job (MB)
	1441796  -  ResidentSetSize of job (KB)
...
006 (113493786.000.000) 2023-04-02 19:59:39 Image size of job updated: 5576980
	1418  -  MemoryUsage of job (MB)
	1451932  -  ResidentSetSize of job (KB)
...
006 (113493786.000.000) 2023-04-02 20:09:40 Image size of job updated: 5576980
	1420  -  MemoryUsage of job (MB)
	1453852  -  ResidentSetSize of job (KB)
...
006 (113493786.000.000) 2023-04-02 20:14:41 Image size of job updated: 5576980
	1422  -  MemoryUsage of job (MB)
	1455784  -  ResidentSetSize of job (KB)
...
006 (113493786.000.000) 2023-04-02 20:19:42 Image size of job updated: 5576980
	1423  -  MemoryUsage of job (MB)
	1457064  -  ResidentSetSize of job (KB)
...
006 (113493786.000.000) 2023-04-02 20:24:42 Image size of job updated: 5576980
	1427  -  MemoryUsage of job (MB)
	1461236  -  ResidentSetSize of job (KB)
...
006 (113493786.000.000) 2023-04-02 20:29:42 Image size of job updated: 5576980
	1429  -  MemoryUsage of job (MB)
	1463284  -  ResidentSetSize of job (KB)
...
006 (113493786.000.000) 2023-04-02 20:34:43 Image size of job updated: 5576980
	1430  -  MemoryUsage of job (MB)
	1463400  -  ResidentSetSize of job (KB)
...
006 (113493786.000.000) 2023-04-02 20:39:44 Image size of job updated: 5576980
	1431  -  MemoryUsage of job (MB)
	1464988  -  ResidentSetSize of job (KB)
...
006 (113493786.000.000) 2023-04-02 20:44:44 Image size of job updated: 5576980
	1432  -  MemoryUsage of job (MB)
	1465488  -  ResidentSetSize of job (KB)
...
006 (113493786.000.000) 2023-04-02 20:49:44 Image size of job updated: 5576980
	1436  -  MemoryUsage of job (MB)
	1470376  -  ResidentSetSize of job (KB)
...
006 (113493786.000.000) 2023-04-02 20:54:45 Image size of job updated: 5576980
	1439  -  MemoryUsage of job (MB)
	1473236  -  ResidentSetSize of job (KB)
...
006 (113493786.000.000) 2023-04-02 20:59:45 Image size of job updated: 5635908
	1439  -  MemoryUsage of job (MB)
	1473236  -  ResidentSetSize of job (KB)
...
006 (113493786.000.000) 2023-04-02 21:14:46 Image size of job updated: 5640900
	1446  -  MemoryUsage of job (MB)
	1480100  -  ResidentSetSize of job (KB)
...
006 (113493786.000.000) 2023-04-02 21:19:46 Image size of job updated: 5640900
	1451  -  MemoryUsage of job (MB)
	1485448  -  ResidentSetSize of job (KB)
...
006 (113493786.000.000) 2023-04-02 21:24:47 Image size of job updated: 5649388
	1454  -  MemoryUsage of job (MB)
	1488680  -  ResidentSetSize of job (KB)
...
006 (113493786.000.000) 2023-04-02 21:29:48 Image size of job updated: 5649388
	1457  -  MemoryUsage of job (MB)
	1490960  -  ResidentSetSize of job (KB)
...
006 (113493786.000.000) 2023-04-02 21:39:48 Image size of job updated: 5649388
	1459  -  MemoryUsage of job (MB)
	1493600  -  ResidentSetSize of job (KB)
...
006 (113493786.000.000) 2023-04-02 21:44:49 Image size of job updated: 5649388
	1460  -  MemoryUsage of job (MB)
	1494180  -  ResidentSetSize of job (KB)
...
006 (113493786.000.000) 2023-04-02 21:49:50 Image size of job updated: 5649388
	1464  -  MemoryUsage of job (MB)
	1498660  -  ResidentSetSize of job (KB)
...
006 (113493786.000.000) 2023-04-02 21:54:50 Image size of job updated: 5649388
	1465  -  MemoryUsage of job (MB)
	1499852  -  ResidentSetSize of job (KB)
...
006 (113493786.000.000) 2023-04-02 21:59:51 Image size of job updated: 5649388
	1466  -  MemoryUsage of job (MB)
	1500604  -  ResidentSetSize of job (KB)
...
006 (113493786.000.000) 2023-04-02 22:04:52 Image size of job updated: 5709084
	1500  -  MemoryUsage of job (MB)
	1535576  -  ResidentSetSize of job (KB)
...
006 (113493786.000.000) 2023-04-02 22:09:52 Image size of job updated: 5709084
	1501  -  MemoryUsage of job (MB)
	1536448  -  ResidentSetSize of job (KB)
...
006 (113493786.000.000) 2023-04-02 22:14:52 Image size of job updated: 5709084
	1503  -  MemoryUsage of job (MB)
	1538776  -  ResidentSetSize of job (KB)
...
006 (113493786.000.000) 2023-04-02 22:19:53 Image size of job updated: 5709084
	1505  -  MemoryUsage of job (MB)
	1540824  -  ResidentSetSize of job (KB)
...
006 (113493786.000.000) 2023-04-02 22:24:54 Image size of job updated: 5709084
	1508  -  MemoryUsage of job (MB)
	1543448  -  ResidentSetSize of job (KB)
...
006 (113493786.000.000) 2023-04-02 22:29:54 Image size of job updated: 5720024
	1514  -  MemoryUsage of job (MB)
	1549528  -  ResidentSetSize of job (KB)
...
006 (113493786.000.000) 2023-04-02 22:44:56 Image size of job updated: 5720024
	1536  -  MemoryUsage of job (MB)
	1571872  -  ResidentSetSize of job (KB)
...
006 (113493786.000.000) 2023-04-02 22:49:56 Image size of job updated: 5720024
	1536  -  MemoryUsage of job (MB)
	1572684  -  ResidentSetSize of job (KB)
...
006 (113493786.000.000) 2023-04-02 23:09:59 Image size of job updated: 5769728
	1536  -  MemoryUsage of job (MB)
	1572684  -  ResidentSetSize of job (KB)
...
006 (113493786.000.000) 2023-04-02 23:25:00 Image size of job updated: 5769728
	1546  -  MemoryUsage of job (MB)
	1583060  -  ResidentSetSize of job (KB)
...
006 (113493786.000.000) 2023-04-02 23:30:01 Image size of job updated: 5769728
	1548  -  MemoryUsage of job (MB)
	1584196  -  ResidentSetSize of job (KB)
...
006 (113493786.000.000) 2023-04-02 23:35:02 Image size of job updated: 5769728
	1550  -  MemoryUsage of job (MB)
	1586844  -  ResidentSetSize of job (KB)
...
006 (113493786.000.000) 2023-04-02 23:40:02 Image size of job updated: 5769728
	1573  -  MemoryUsage of job (MB)
	1609956  -  ResidentSetSize of job (KB)
...
006 (113493786.000.000) 2023-04-02 23:50:03 Image size of job updated: 5769728
	1587  -  MemoryUsage of job (MB)
	1624348  -  ResidentSetSize of job (KB)
...
006 (113493786.000.000) 2023-04-02 23:55:03 Image size of job updated: 5769728
	1589  -  MemoryUsage of job (MB)
	1627100  -  ResidentSetSize of job (KB)
...
006 (113493786.000.000) 2023-04-03 00:05:04 Image size of job updated: 5769728
	1593  -  MemoryUsage of job (MB)
	1630232  -  ResidentSetSize of job (KB)
...
006 (113493786.000.000) 2023-04-03 00:10:05 Image size of job updated: 5769728
	1595  -  MemoryUsage of job (MB)
	1632280  -  ResidentSetSize of job (KB)
...
006 (113493786.000.000) 2023-04-03 00:20:06 Image size of job updated: 5816272
	1596  -  MemoryUsage of job (MB)
	1633864  -  ResidentSetSize of job (KB)
...
006 (113493786.000.000) 2023-04-03 00:40:08 Image size of job updated: 5816272
	1706  -  MemoryUsage of job (MB)
	1746208  -  ResidentSetSize of job (KB)
...
006 (113493786.000.000) 2023-04-03 01:05:10 Image size of job updated: 5844412
	1706  -  MemoryUsage of job (MB)
	1746208  -  ResidentSetSize of job (KB)
...
006 (113493786.000.000) 2023-04-03 01:40:14 Image size of job updated: 5870964
	1706  -  MemoryUsage of job (MB)
	1746208  -  ResidentSetSize of job (KB)
...
006 (113493786.000.000) 2023-04-03 01:50:15 Image size of job updated: 5878564
	1706  -  MemoryUsage of job (MB)
	1746208  -  ResidentSetSize of job (KB)
...
006 (113493786.000.000) 2023-04-03 02:05:17 Image size of job updated: 5887220
	1706  -  MemoryUsage of job (MB)
	1746208  -  ResidentSetSize of job (KB)
...
006 (113493786.000.000) 2023-04-03 02:40:20 Image size of job updated: 5902532
	1706  -  MemoryUsage of job (MB)
	1746208  -  ResidentSetSize of job (KB)
...
006 (113493786.000.000) 2023-04-03 02:55:22 Image size of job updated: 5906156
	1706  -  MemoryUsage of job (MB)
	1746208  -  ResidentSetSize of job (KB)
...
006 (113493786.000.000) 2023-04-03 04:05:29 Image size of job updated: 5924028
	1706  -  MemoryUsage of job (MB)
	1746208  -  ResidentSetSize of job (KB)
...
006 (113493786.000.000) 2023-04-03 04:30:32 Image size of job updated: 5933740
	1706  -  MemoryUsage of job (MB)
	1746208  -  ResidentSetSize of job (KB)
...
006 (113493786.000.000) 2023-04-03 05:30:38 Image size of job updated: 6116520
	1706  -  MemoryUsage of job (MB)
	1746208  -  ResidentSetSize of job (KB)
...
006 (113493786.000.000) 2023-04-03 06:30:45 Image size of job updated: 6116520
	1709  -  MemoryUsage of job (MB)
	1749796  -  ResidentSetSize of job (KB)
...
006 (113493786.000.000) 2023-04-03 06:40:45 Image size of job updated: 6116520
	1712  -  MemoryUsage of job (MB)
	1752384  -  ResidentSetSize of job (KB)
...
006 (113493786.000.000) 2023-04-03 06:45:46 Image size of job updated: 6116520
	1713  -  MemoryUsage of job (MB)
	1753304  -  ResidentSetSize of job (KB)
...
006 (113493786.000.000) 2023-04-03 06:55:46 Image size of job updated: 6116520
	1719  -  MemoryUsage of job (MB)
	1760128  -  ResidentSetSize of job (KB)
...
006 (113493786.000.000) 2023-04-03 07:00:47 Image size of job updated: 6116520
	1720  -  MemoryUsage of job (MB)
	1760412  -  ResidentSetSize of job (KB)
...
006 (113493786.000.000) 2023-04-03 07:05:48 Image size of job updated: 6116520
	1720  -  MemoryUsage of job (MB)
	1760724  -  ResidentSetSize of job (KB)
...
006 (113493786.000.000) 2023-04-03 07:10:48 Image size of job updated: 6116520
	1723  -  MemoryUsage of job (MB)
	1763960  -  ResidentSetSize of job (KB)
...
006 (113493786.000.000) 2023-04-03 07:20:50 Image size of job updated: 6116520
	1733  -  MemoryUsage of job (MB)
	1773576  -  ResidentSetSize of job (KB)
...
006 (113493786.000.000) 2023-04-03 07:30:50 Image size of job updated: 6116520
	1734  -  MemoryUsage of job (MB)
	1774972  -  ResidentSetSize of job (KB)
...
006 (113493786.000.000) 2023-04-03 07:35:52 Image size of job updated: 6116520
	1735  -  MemoryUsage of job (MB)
	1775956  -  ResidentSetSize of job (KB)
...
006 (113493786.000.000) 2023-04-03 07:40:52 Image size of job updated: 6116520
	1738  -  MemoryUsage of job (MB)
	1778832  -  ResidentSetSize of job (KB)
...
006 (113493786.000.000) 2023-04-03 07:45:52 Image size of job updated: 6116520
	1742  -  MemoryUsage of job (MB)
	1783172  -  ResidentSetSize of job (KB)
...
006 (113493786.000.000) 2023-04-03 07:50:53 Image size of job updated: 6116520
	1744  -  MemoryUsage of job (MB)
	1785220  -  ResidentSetSize of job (KB)
...
006 (113493786.000.000) 2023-04-03 07:55:54 Image size of job updated: 6116520
	1746  -  MemoryUsage of job (MB)
	1787076  -  ResidentSetSize of job (KB)
...
006 (113493786.000.000) 2023-04-03 08:00:54 Image size of job updated: 6116520
	1748  -  MemoryUsage of job (MB)
	1789124  -  ResidentSetSize of job (KB)
...
006 (113493786.000.000) 2023-04-03 08:10:55 Image size of job updated: 6116520
	1752  -  MemoryUsage of job (MB)
	1794036  -  ResidentSetSize of job (KB)
...
006 (113493786.000.000) 2023-04-03 08:15:56 Image size of job updated: 6116520
	1755  -  MemoryUsage of job (MB)
	1796192  -  ResidentSetSize of job (KB)
...
006 (113493786.000.000) 2023-04-03 08:20:56 Image size of job updated: 6116520
	1760  -  MemoryUsage of job (MB)
	1801912  -  ResidentSetSize of job (KB)
...
006 (113493786.000.000) 2023-04-03 08:35:58 Image size of job updated: 6116520
	1761  -  MemoryUsage of job (MB)
	1803024  -  ResidentSetSize of job (KB)
...
006 (113493786.000.000) 2023-04-03 08:40:58 Image size of job updated: 6116520
	1762  -  MemoryUsage of job (MB)
	1804024  -  ResidentSetSize of job (KB)
...
006 (113493786.000.000) 2023-04-03 08:45:59 Image size of job updated: 6116520
	1764  -  MemoryUsage of job (MB)
	1805432  -  ResidentSetSize of job (KB)
...
006 (113493786.000.000) 2023-04-03 08:50:59 Image size of job updated: 6116520
	1766  -  MemoryUsage of job (MB)
	1807684  -  ResidentSetSize of job (KB)
...
006 (113493786.000.000) 2023-04-03 09:11:01 Image size of job updated: 6116520
	1774  -  MemoryUsage of job (MB)
	1816556  -  ResidentSetSize of job (KB)
...
006 (113493786.000.000) 2023-04-03 09:16:02 Image size of job updated: 6116520
	1777  -  MemoryUsage of job (MB)
	1819056  -  ResidentSetSize of job (KB)
...
006 (113493786.000.000) 2023-04-03 09:21:03 Image size of job updated: 6116520
	1778  -  MemoryUsage of job (MB)
	1820276  -  ResidentSetSize of job (KB)
...
006 (113493786.000.000) 2023-04-03 09:26:03 Image size of job updated: 6116520
	1780  -  MemoryUsage of job (MB)
	1822324  -  ResidentSetSize of job (KB)
...
006 (113493786.000.000) 2023-04-03 09:36:05 Image size of job updated: 6116520
	1784  -  MemoryUsage of job (MB)
	1826444  -  ResidentSetSize of job (KB)
...
006 (113493786.000.000) 2023-04-03 09:46:05 Image size of job updated: 6116520
	1789  -  MemoryUsage of job (MB)
	1831360  -  ResidentSetSize of job (KB)
...
006 (113493786.000.000) 2023-04-03 09:51:06 Image size of job updated: 6116520
	1791  -  MemoryUsage of job (MB)
	1833408  -  ResidentSetSize of job (KB)
...
006 (113493786.000.000) 2023-04-03 10:01:07 Image size of job updated: 6116520
	1792  -  MemoryUsage of job (MB)
	1834368  -  ResidentSetSize of job (KB)
...
006 (113493786.000.000) 2023-04-03 10:11:09 Image size of job updated: 6120776
	1797  -  MemoryUsage of job (MB)
	1839624  -  ResidentSetSize of job (KB)
...
006 (113493786.000.000) 2023-04-03 10:16:09 Image size of job updated: 6120776
	1799  -  MemoryUsage of job (MB)
	1841416  -  ResidentSetSize of job (KB)
...
006 (113493786.000.000) 2023-04-03 10:21:09 Image size of job updated: 6120776
	1799  -  MemoryUsage of job (MB)
	1841716  -  ResidentSetSize of job (KB)
...
006 (113493786.000.000) 2023-04-03 10:41:12 Image size of job updated: 6120776
	1806  -  MemoryUsage of job (MB)
	1848732  -  ResidentSetSize of job (KB)
...
006 (113493786.000.000) 2023-04-03 10:56:14 Image size of job updated: 6120776
	1811  -  MemoryUsage of job (MB)
	1854184  -  ResidentSetSize of job (KB)
...
006 (113493786.000.000) 2023-04-03 11:06:15 Image size of job updated: 6140556
	1813  -  MemoryUsage of job (MB)
	1856072  -  ResidentSetSize of job (KB)
...
006 (113493786.000.000) 2023-04-03 11:11:15 Image size of job updated: 6140556
	1815  -  MemoryUsage of job (MB)
	1857864  -  ResidentSetSize of job (KB)
...
006 (113493786.000.000) 2023-04-03 11:21:16 Image size of job updated: 6142020
	1815  -  MemoryUsage of job (MB)
	1857864  -  ResidentSetSize of job (KB)
...
006 (113493786.000.000) 2023-04-03 11:56:20 Image size of job updated: 6164868
	1815  -  MemoryUsage of job (MB)
	1857864  -  ResidentSetSize of job (KB)
...
006 (113493786.000.000) 2023-04-03 12:11:22 Image size of job updated: 6168380
	1816  -  MemoryUsage of job (MB)
	1858920  -  ResidentSetSize of job (KB)
...
006 (113493786.000.000) 2023-04-03 12:16:22 Image size of job updated: 6168380
	1816  -  MemoryUsage of job (MB)
	1859104  -  ResidentSetSize of job (KB)
...
006 (113493786.000.000) 2023-04-03 12:21:23 Image size of job updated: 6168380
	1821  -  MemoryUsage of job (MB)
	1864580  -  ResidentSetSize of job (KB)
...
006 (113493786.000.000) 2023-04-03 12:31:24 Image size of job updated: 6168380
	1822  -  MemoryUsage of job (MB)
	1864928  -  ResidentSetSize of job (KB)
...
006 (113493786.000.000) 2023-04-03 12:46:25 Image size of job updated: 6179164
	1826  -  MemoryUsage of job (MB)
	1869756  -  ResidentSetSize of job (KB)
...
006 (113493786.000.000) 2023-04-03 12:56:26 Image size of job updated: 6179164
	1840  -  MemoryUsage of job (MB)
	1883968  -  ResidentSetSize of job (KB)
...
006 (113493786.000.000) 2023-04-03 13:01:27 Image size of job updated: 6195460
	1844  -  MemoryUsage of job (MB)
	1887732  -  ResidentSetSize of job (KB)
...
006 (113493786.000.000) 2023-04-03 13:06:27 Image size of job updated: 6195460
	1845  -  MemoryUsage of job (MB)
	1888764  -  ResidentSetSize of job (KB)
...
006 (113493786.000.000) 2023-04-03 13:16:29 Image size of job updated: 6195460
	1848  -  MemoryUsage of job (MB)
	1891680  -  ResidentSetSize of job (KB)
...
006 (113493786.000.000) 2023-04-03 13:21:29 Image size of job updated: 6195460
	1849  -  MemoryUsage of job (MB)
	1892532  -  ResidentSetSize of job (KB)
...
006 (113493786.000.000) 2023-04-03 13:26:29 Image size of job updated: 6195460
	1852  -  MemoryUsage of job (MB)
	1896044  -  ResidentSetSize of job (KB)
...
006 (113493786.000.000) 2023-04-03 13:31:30 Image size of job updated: 6195460
	1852  -  MemoryUsage of job (MB)
	1896304  -  ResidentSetSize of job (KB)
...
004 (113493786.000.000) 2023-04-03 13:32:06 Job was evicted.
	(0) CPU times
		Usr 4 04:03:23, Sys 0 00:04:47  -  Run Remote Usage
		Usr 0 00:00:00, Sys 0 00:00:00  -  Run Local Usage
	0  -  Run Bytes Sent By Job
	366  -  Run Bytes Received By Job
	Partitionable Resources :    Usage  Request Allocated 
	   Cpus                 :     2.86        1         1 
	   Disk (KB)            :  4548      500000    624256 
	   GPUs                 :                           0 
	   Memory (MB)          :  1852       20000     20096 
...
040 (113493786.000.000) 2023-04-03 13:42:11 Started transferring input files
	Transferring to host: <10.14.9.198:9618?addrs=10.14.9.198-9618&alias=node2198.cluster.ldas.cit&noUDP&sock=slot1_6_187610_f786_133562>
...
040 (113493786.000.000) 2023-04-03 13:42:11 Finished transferring input files
...
001 (113493786.000.000) 2023-04-03 13:42:12 Job executing on host: <10.14.9.198:9618?addrs=10.14.9.198-9618&alias=node2198.cluster.ldas.cit&noUDP&sock=startd_187572_5e70>
...
040 (113493786.000.000) 2023-04-03 13:42:12 Started transferring output files
...
040 (113493786.000.000) 2023-04-03 13:42:12 Finished transferring output files
...
005 (113493786.000.000) 2023-04-03 13:42:12 Job terminated.
	(1) Normal termination (return value 127)
		Usr 0 00:00:00, Sys 0 00:00:00  -  Run Remote Usage
		Usr 0 00:00:00, Sys 0 00:00:00  -  Run Local Usage
		Usr 4 04:03:23, Sys 0 00:04:47  -  Total Remote Usage
		Usr 0 00:00:00, Sys 0 00:00:00  -  Total Local Usage
	407  -  Run Bytes Sent By Job
	366  -  Run Bytes Received By Job
	407  -  Total Bytes Sent By Job
	732  -  Total Bytes Received By Job
	Partitionable Resources :    Usage  Request Allocated 
	   Cpus                 :     2.86        1         1 
	   Disk (KB)            :    16      500000    519527 
	   GPUs                 :                           0 
	   Memory (MB)          :  1954       20000     20096 

	Job terminated of its own accord at 2023-04-03T20:42:12Z with exit-code 127.
...
000 (113587277.000.000) 2023-04-05 14:54:25 Job submitted from host: <10.14.0.160:9618?addrs=10.14.0.160-9618&alias=ldas-pcdev2.ligo.caltech.edu&noUDP&sock=schedd_7450_a8a7>
    DAG Node: 51
...
040 (113587277.000.000) 2023-04-05 15:01:03 Started transferring input files
	Transferring to host: <10.14.4.99:9618?addrs=10.14.4.99-9618&alias=node849.cluster.ldas.cit&noUDP&sock=slot1_3_1601128_454e_527>
...
040 (113587277.000.000) 2023-04-05 15:01:03 Finished transferring input files
...
001 (113587277.000.000) 2023-04-05 15:01:04 Job executing on host: <10.14.4.99:9618?addrs=10.14.4.99-9618&alias=node849.cluster.ldas.cit&noUDP&sock=startd_1601085_b747>
...
006 (113587277.000.000) 2023-04-05 15:01:12 Image size of job updated: 207712
	190  -  MemoryUsage of job (MB)
	194376  -  ResidentSetSize of job (KB)
...
006 (113587277.000.000) 2023-04-05 15:06:12 Image size of job updated: 5262340
	734  -  MemoryUsage of job (MB)
	751288  -  ResidentSetSize of job (KB)
...
006 (113587277.000.000) 2023-04-05 15:11:13 Image size of job updated: 5400384
	871  -  MemoryUsage of job (MB)
	891868  -  ResidentSetSize of job (KB)
...
006 (113587277.000.000) 2023-04-05 15:16:14 Image size of job updated: 5912236
	1190  -  MemoryUsage of job (MB)
	1218168  -  ResidentSetSize of job (KB)
...
006 (113587277.000.000) 2023-04-05 15:21:14 Image size of job updated: 5912236
	1193  -  MemoryUsage of job (MB)
	1221496  -  ResidentSetSize of job (KB)
...
006 (113587277.000.000) 2023-04-05 15:26:15 Image size of job updated: 5912236
	1198  -  MemoryUsage of job (MB)
	1226392  -  ResidentSetSize of job (KB)
...
006 (113587277.000.000) 2023-04-05 15:36:16 Image size of job updated: 5997392
	1198  -  MemoryUsage of job (MB)
	1226392  -  ResidentSetSize of job (KB)
...
006 (113587277.000.000) 2023-04-05 15:56:18 Image size of job updated: 6027544
	1266  -  MemoryUsage of job (MB)
	1296000  -  ResidentSetSize of job (KB)
...
006 (113587277.000.000) 2023-04-05 16:06:20 Image size of job updated: 6027544
	1297  -  MemoryUsage of job (MB)
	1327864  -  ResidentSetSize of job (KB)
...
006 (113587277.000.000) 2023-04-05 16:16:20 Image size of job updated: 6070668
	1297  -  MemoryUsage of job (MB)
	1327864  -  ResidentSetSize of job (KB)
...
006 (113587277.000.000) 2023-04-05 16:26:22 Image size of job updated: 6070668
	1319  -  MemoryUsage of job (MB)
	1350268  -  ResidentSetSize of job (KB)
...
006 (113587277.000.000) 2023-04-05 16:51:24 Image size of job updated: 6093764
	1319  -  MemoryUsage of job (MB)
	1350268  -  ResidentSetSize of job (KB)
...
006 (113587277.000.000) 2023-04-05 16:56:26 Image size of job updated: 6093764
	1324  -  MemoryUsage of job (MB)
	1355540  -  ResidentSetSize of job (KB)
...
006 (113587277.000.000) 2023-04-05 17:06:26 Image size of job updated: 6116816
	1344  -  MemoryUsage of job (MB)
	1375628  -  ResidentSetSize of job (KB)
...
006 (113587277.000.000) 2023-04-05 18:16:33 Image size of job updated: 6132304
	1365  -  MemoryUsage of job (MB)
	1397104  -  ResidentSetSize of job (KB)
...
006 (113587277.000.000) 2023-04-05 18:26:35 Image size of job updated: 6136460
	1365  -  MemoryUsage of job (MB)
	1397104  -  ResidentSetSize of job (KB)
...
006 (113587277.000.000) 2023-04-05 18:31:35 Image size of job updated: 6136460
	1365  -  MemoryUsage of job (MB)
	1397636  -  ResidentSetSize of job (KB)
...
006 (113587277.000.000) 2023-04-05 18:36:36 Image size of job updated: 6136460
	1367  -  MemoryUsage of job (MB)
	1398992  -  ResidentSetSize of job (KB)
...
006 (113587277.000.000) 2023-04-05 18:46:37 Image size of job updated: 6138544
	1367  -  MemoryUsage of job (MB)
	1398992  -  ResidentSetSize of job (KB)
...
006 (113587277.000.000) 2023-04-05 19:06:39 Image size of job updated: 6151772
	1640  -  MemoryUsage of job (MB)
	1678852  -  ResidentSetSize of job (KB)
...
006 (113587277.000.000) 2023-04-05 19:26:40 Image size of job updated: 6222760
	1640  -  MemoryUsage of job (MB)
	1678852  -  ResidentSetSize of job (KB)
...
006 (113587277.000.000) 2023-04-05 19:41:42 Image size of job updated: 6224520
	1640  -  MemoryUsage of job (MB)
	1678852  -  ResidentSetSize of job (KB)
...
006 (113587277.000.000) 2023-04-05 20:16:45 Image size of job updated: 6259716
	1730  -  MemoryUsage of job (MB)
	1771412  -  ResidentSetSize of job (KB)
...
006 (113587277.000.000) 2023-04-05 20:21:45 Image size of job updated: 6259716
	1731  -  MemoryUsage of job (MB)
	1772100  -  ResidentSetSize of job (KB)
...
006 (113587277.000.000) 2023-04-05 20:31:47 Image size of job updated: 6267260
	1732  -  MemoryUsage of job (MB)
	1772932  -  ResidentSetSize of job (KB)
...
006 (113587277.000.000) 2023-04-05 20:56:49 Image size of job updated: 6272672
	1745  -  MemoryUsage of job (MB)
	1786436  -  ResidentSetSize of job (KB)
...
006 (113587277.000.000) 2023-04-05 21:11:51 Image size of job updated: 6275456
	1749  -  MemoryUsage of job (MB)
	1790636  -  ResidentSetSize of job (KB)
...
006 (113587277.000.000) 2023-04-05 21:16:51 Image size of job updated: 6275456
	1749  -  MemoryUsage of job (MB)
	1790736  -  ResidentSetSize of job (KB)
...
006 (113587277.000.000) 2023-04-05 21:26:53 Image size of job updated: 6277736
	1749  -  MemoryUsage of job (MB)
	1790736  -  ResidentSetSize of job (KB)
...
006 (113587277.000.000) 2023-04-05 21:46:55 Image size of job updated: 6280760
	1750  -  MemoryUsage of job (MB)
	1791264  -  ResidentSetSize of job (KB)
...
006 (113587277.000.000) 2023-04-05 21:56:56 Image size of job updated: 6280760
	1753  -  MemoryUsage of job (MB)
	1795024  -  ResidentSetSize of job (KB)
...
006 (113587277.000.000) 2023-04-05 22:06:57 Image size of job updated: 6296316
	1791  -  MemoryUsage of job (MB)
	1833880  -  ResidentSetSize of job (KB)
...
006 (113587277.000.000) 2023-04-05 22:16:59 Image size of job updated: 6302712
	1798  -  MemoryUsage of job (MB)
	1840252  -  ResidentSetSize of job (KB)
...
006 (113587277.000.000) 2023-04-05 22:21:59 Image size of job updated: 6302712
	1817  -  MemoryUsage of job (MB)
	1860188  -  ResidentSetSize of job (KB)
...
006 (113587277.000.000) 2023-04-05 22:26:59 Image size of job updated: 6302712
	1818  -  MemoryUsage of job (MB)
	1860688  -  ResidentSetSize of job (KB)
...
006 (113587277.000.000) 2023-04-05 22:42:01 Image size of job updated: 6557964
	1821  -  MemoryUsage of job (MB)
	1863868  -  ResidentSetSize of job (KB)
...
006 (113587277.000.000) 2023-04-05 22:57:03 Image size of job updated: 6557964
	1823  -  MemoryUsage of job (MB)
	1866412  -  ResidentSetSize of job (KB)
...
006 (113587277.000.000) 2023-04-05 23:02:03 Image size of job updated: 6557964
	1843  -  MemoryUsage of job (MB)
	1886680  -  ResidentSetSize of job (KB)
...
006 (113587277.000.000) 2023-04-05 23:27:06 Image size of job updated: 6557964
	1879  -  MemoryUsage of job (MB)
	1923960  -  ResidentSetSize of job (KB)
...
006 (113587277.000.000) 2023-04-05 23:42:08 Image size of job updated: 6557964
	1883  -  MemoryUsage of job (MB)
	1927320  -  ResidentSetSize of job (KB)
...
006 (113587277.000.000) 2023-04-05 23:52:09 Image size of job updated: 6557964
	1902  -  MemoryUsage of job (MB)
	1947584  -  ResidentSetSize of job (KB)
...
006 (113587277.000.000) 2023-04-05 23:57:09 Image size of job updated: 6557964
	1909  -  MemoryUsage of job (MB)
	1954636  -  ResidentSetSize of job (KB)
...
006 (113587277.000.000) 2023-04-06 00:07:11 Image size of job updated: 6557964
	1910  -  MemoryUsage of job (MB)
	1954892  -  ResidentSetSize of job (KB)
...
006 (113587277.000.000) 2023-04-06 01:02:17 Image size of job updated: 6557964
	1910  -  MemoryUsage of job (MB)
	1955152  -  ResidentSetSize of job (KB)
...
006 (113587277.000.000) 2023-04-06 01:22:19 Image size of job updated: 6557964
	2176  -  MemoryUsage of job (MB)
	2227860  -  ResidentSetSize of job (KB)
...
004 (113587277.000.000) 2023-04-06 15:03:47 Job was evicted.
	(0) CPU times
		Usr 3 14:23:19, Sys 0 00:07:34  -  Run Remote Usage
		Usr 0 00:00:00, Sys 0 00:00:00  -  Run Local Usage
	0  -  Run Bytes Sent By Job
	366  -  Run Bytes Received By Job
	Partitionable Resources :    Usage  Request Allocated 
	   Cpus                 :     2.98        1         1 
	   Disk (KB)            :  3076      500000    624256 
	   GPUs                 :                           0 
	   Memory (MB)          :  2176       20000     20096 
...
040 (113587277.000.000) 2023-04-06 15:26:39 Started transferring input files
	Transferring to host: <10.14.4.22:9618?addrs=10.14.4.22-9618&alias=node772.cluster.ldas.cit&noUDP&sock=slot1_15_2497897_2821_8234>
...
040 (113587277.000.000) 2023-04-06 15:26:39 Finished transferring input files
...
001 (113587277.000.000) 2023-04-06 15:26:40 Job executing on host: <10.14.4.22:9618?addrs=10.14.4.22-9618&alias=node772.cluster.ldas.cit&noUDP&sock=startd_2497859_16e7>
...
004 (113587277.000.000) 2023-04-06 16:04:49 Job was evicted.
	(0) CPU times
		Usr 0 02:09:37, Sys 0 00:00:21  -  Run Remote Usage
		Usr 0 00:00:00, Sys 0 00:00:00  -  Run Local Usage
	0  -  Run Bytes Sent By Job
	366  -  Run Bytes Received By Job
	Partitionable Resources :    Usage  Request Allocated 
	   Cpus                 :     7.93        1         1 
	   Disk (KB)            :  2716      500000    609620 
	   GPUs                 :                           0 
	   Memory (MB)          :  2198       20000     20096 
...
009 (113587277.000.000) 2023-04-06 16:04:49 Job was aborted.
	removed because <OtherJobRemoveRequirements = DAGManJobId =?= 113587193> fired when job (113587193.0) was removed
...
000 (113604390.000.000) 2023-04-06 16:28:17 Job submitted from host: <10.14.0.160:9618?addrs=10.14.0.160-9618&alias=ldas-pcdev2.ligo.caltech.edu&noUDP&sock=schedd_7450_a8a7>
    DAG Node: 51
...
040 (113604390.000.000) 2023-04-06 16:42:25 Started transferring input files
	Transferring to host: <10.14.4.85:9618?addrs=10.14.4.85-9618&alias=node835.cluster.ldas.cit&noUDP&sock=slot1_2_1350884_bc0e_19318>
...
040 (113604390.000.000) 2023-04-06 16:42:25 Finished transferring input files
...
001 (113604390.000.000) 2023-04-06 16:42:26 Job executing on host: <10.14.4.85:9618?addrs=10.14.4.85-9618&alias=node835.cluster.ldas.cit&noUDP&sock=startd_3402_1148>
...
006 (113604390.000.000) 2023-04-06 16:42:35 Image size of job updated: 194320
	190  -  MemoryUsage of job (MB)
	194312  -  ResidentSetSize of job (KB)
...
006 (113604390.000.000) 2023-04-06 16:47:36 Image size of job updated: 5085944
	316  -  MemoryUsage of job (MB)
	323316  -  ResidentSetSize of job (KB)
...
006 (113604390.000.000) 2023-04-06 16:52:36 Image size of job updated: 5085944
	477  -  MemoryUsage of job (MB)
	488320  -  ResidentSetSize of job (KB)
...
006 (113604390.000.000) 2023-04-06 16:57:36 Image size of job updated: 5085944
	492  -  MemoryUsage of job (MB)
	503804  -  ResidentSetSize of job (KB)
...
006 (113604390.000.000) 2023-04-06 17:02:37 Image size of job updated: 5085944
	542  -  MemoryUsage of job (MB)
	554528  -  ResidentSetSize of job (KB)
...
006 (113604390.000.000) 2023-04-06 17:07:37 Image size of job updated: 5085944
	556  -  MemoryUsage of job (MB)
	568420  -  ResidentSetSize of job (KB)
...
006 (113604390.000.000) 2023-04-06 17:12:37 Image size of job updated: 5085944
	560  -  MemoryUsage of job (MB)
	573068  -  ResidentSetSize of job (KB)
...
006 (113604390.000.000) 2023-04-06 17:17:38 Image size of job updated: 5085944
	565  -  MemoryUsage of job (MB)
	578096  -  ResidentSetSize of job (KB)
...
006 (113604390.000.000) 2023-04-06 17:22:38 Image size of job updated: 5085944
	567  -  MemoryUsage of job (MB)
	580572  -  ResidentSetSize of job (KB)
...
006 (113604390.000.000) 2023-04-06 17:27:38 Image size of job updated: 5085944
	573  -  MemoryUsage of job (MB)
	586624  -  ResidentSetSize of job (KB)
...
006 (113604390.000.000) 2023-04-06 17:32:39 Image size of job updated: 5085944
	576  -  MemoryUsage of job (MB)
	589512  -  ResidentSetSize of job (KB)
...
006 (113604390.000.000) 2023-04-06 17:37:39 Image size of job updated: 5095048
	578  -  MemoryUsage of job (MB)
	591748  -  ResidentSetSize of job (KB)
...
006 (113604390.000.000) 2023-04-06 17:42:39 Image size of job updated: 5095048
	585  -  MemoryUsage of job (MB)
	598644  -  ResidentSetSize of job (KB)
...
006 (113604390.000.000) 2023-04-06 17:47:40 Image size of job updated: 5098376
	592  -  MemoryUsage of job (MB)
	605848  -  ResidentSetSize of job (KB)
...
006 (113604390.000.000) 2023-04-06 17:52:40 Image size of job updated: 5098376
	595  -  MemoryUsage of job (MB)
	608576  -  ResidentSetSize of job (KB)
...
006 (113604390.000.000) 2023-04-06 17:57:40 Image size of job updated: 5102572
	602  -  MemoryUsage of job (MB)
	616392  -  ResidentSetSize of job (KB)
...
006 (113604390.000.000) 2023-04-06 18:02:41 Image size of job updated: 5102572
	602  -  MemoryUsage of job (MB)
	616420  -  ResidentSetSize of job (KB)
...
006 (113604390.000.000) 2023-04-06 18:07:41 Image size of job updated: 5102780
	603  -  MemoryUsage of job (MB)
	616824  -  ResidentSetSize of job (KB)
...
006 (113604390.000.000) 2023-04-06 18:12:41 Image size of job updated: 5106364
	603  -  MemoryUsage of job (MB)
	616824  -  ResidentSetSize of job (KB)
...
006 (113604390.000.000) 2023-04-06 18:22:42 Image size of job updated: 5106364
	604  -  MemoryUsage of job (MB)
	618392  -  ResidentSetSize of job (KB)
...
006 (113604390.000.000) 2023-04-06 18:27:42 Image size of job updated: 5106364
	604  -  MemoryUsage of job (MB)
	618400  -  ResidentSetSize of job (KB)
...
006 (113604390.000.000) 2023-04-06 18:32:43 Image size of job updated: 5111872
	605  -  MemoryUsage of job (MB)
	619324  -  ResidentSetSize of job (KB)
...
006 (113604390.000.000) 2023-04-06 18:37:43 Image size of job updated: 5111872
	605  -  MemoryUsage of job (MB)
	619416  -  ResidentSetSize of job (KB)
...
006 (113604390.000.000) 2023-04-06 18:42:43 Image size of job updated: 5112816
	605  -  MemoryUsage of job (MB)
	619416  -  ResidentSetSize of job (KB)
...
006 (113604390.000.000) 2023-04-06 18:47:44 Image size of job updated: 5112816
	606  -  MemoryUsage of job (MB)
	620404  -  ResidentSetSize of job (KB)
...
006 (113604390.000.000) 2023-04-06 18:52:44 Image size of job updated: 5112816
	606  -  MemoryUsage of job (MB)
	620408  -  ResidentSetSize of job (KB)
...
006 (113604390.000.000) 2023-04-06 18:57:44 Image size of job updated: 5123768
	610  -  MemoryUsage of job (MB)
	623844  -  ResidentSetSize of job (KB)
...
006 (113604390.000.000) 2023-04-06 19:02:45 Image size of job updated: 5123768
	610  -  MemoryUsage of job (MB)
	623848  -  ResidentSetSize of job (KB)
...
006 (113604390.000.000) 2023-04-06 19:07:45 Image size of job updated: 5123768
	636  -  MemoryUsage of job (MB)
	650412  -  ResidentSetSize of job (KB)
...
006 (113604390.000.000) 2023-04-06 19:12:45 Image size of job updated: 5123768
	636  -  MemoryUsage of job (MB)
	650416  -  ResidentSetSize of job (KB)
...
006 (113604390.000.000) 2023-04-06 19:17:46 Image size of job updated: 5123768
	652  -  MemoryUsage of job (MB)
	667416  -  ResidentSetSize of job (KB)
...
006 (113604390.000.000) 2023-04-06 19:22:46 Image size of job updated: 5123768
	652  -  MemoryUsage of job (MB)
	667420  -  ResidentSetSize of job (KB)
...
006 (113604390.000.000) 2023-04-06 19:27:46 Image size of job updated: 5134292
	655  -  MemoryUsage of job (MB)
	670532  -  ResidentSetSize of job (KB)
...
006 (113604390.000.000) 2023-04-06 19:32:47 Image size of job updated: 5134292
	658  -  MemoryUsage of job (MB)
	673012  -  ResidentSetSize of job (KB)
...
006 (113604390.000.000) 2023-04-06 19:37:47 Image size of job updated: 5134292
	823  -  MemoryUsage of job (MB)
	842420  -  ResidentSetSize of job (KB)
...
006 (113604390.000.000) 2023-04-06 19:42:47 Image size of job updated: 5152476
	953  -  MemoryUsage of job (MB)
	975448  -  ResidentSetSize of job (KB)
...
006 (113604390.000.000) 2023-04-06 19:47:48 Image size of job updated: 5152656
	953  -  MemoryUsage of job (MB)
	975720  -  ResidentSetSize of job (KB)
...
006 (113604390.000.000) 2023-04-06 19:52:48 Image size of job updated: 5157776
	972  -  MemoryUsage of job (MB)
	995024  -  ResidentSetSize of job (KB)
...
006 (113604390.000.000) 2023-04-06 19:57:48 Image size of job updated: 5158424
	977  -  MemoryUsage of job (MB)
	1000108  -  ResidentSetSize of job (KB)
...
006 (113604390.000.000) 2023-04-06 20:02:49 Image size of job updated: 5167408
	980  -  MemoryUsage of job (MB)
	1003040  -  ResidentSetSize of job (KB)
...
006 (113604390.000.000) 2023-04-06 20:07:49 Image size of job updated: 5167408
	984  -  MemoryUsage of job (MB)
	1006636  -  ResidentSetSize of job (KB)
...
006 (113604390.000.000) 2023-04-06 20:17:50 Image size of job updated: 5191192
	1009  -  MemoryUsage of job (MB)
	1032640  -  ResidentSetSize of job (KB)
...
006 (113604390.000.000) 2023-04-06 20:22:50 Image size of job updated: 5191324
	1009  -  MemoryUsage of job (MB)
	1032852  -  ResidentSetSize of job (KB)
...
006 (113604390.000.000) 2023-04-06 20:27:50 Image size of job updated: 5208220
	1015  -  MemoryUsage of job (MB)
	1038404  -  ResidentSetSize of job (KB)
...
006 (113604390.000.000) 2023-04-06 20:32:51 Image size of job updated: 5208220
	1015  -  MemoryUsage of job (MB)
	1039048  -  ResidentSetSize of job (KB)
...
006 (113604390.000.000) 2023-04-06 20:37:51 Image size of job updated: 5208220
	1018  -  MemoryUsage of job (MB)
	1041500  -  ResidentSetSize of job (KB)
...
006 (113604390.000.000) 2023-04-06 20:42:51 Image size of job updated: 5210004
	1028  -  MemoryUsage of job (MB)
	1051844  -  ResidentSetSize of job (KB)
...
006 (113604390.000.000) 2023-04-06 20:47:52 Image size of job updated: 5210696
	1028  -  MemoryUsage of job (MB)
	1052560  -  ResidentSetSize of job (KB)
...
006 (113604390.000.000) 2023-04-06 20:52:52 Image size of job updated: 5227404
	1055  -  MemoryUsage of job (MB)
	1080020  -  ResidentSetSize of job (KB)
...
006 (113604390.000.000) 2023-04-06 20:57:52 Image size of job updated: 5227404
	1058  -  MemoryUsage of job (MB)
	1083140  -  ResidentSetSize of job (KB)
...
006 (113604390.000.000) 2023-04-06 21:07:53 Image size of job updated: 5228276
	1064  -  MemoryUsage of job (MB)
	1088696  -  ResidentSetSize of job (KB)
...
006 (113604390.000.000) 2023-04-06 21:17:54 Image size of job updated: 5228376
	1064  -  MemoryUsage of job (MB)
	1088796  -  ResidentSetSize of job (KB)
...
006 (113604390.000.000) 2023-04-06 21:22:54 Image size of job updated: 5228376
	1064  -  MemoryUsage of job (MB)
	1088920  -  ResidentSetSize of job (KB)
...
006 (113604390.000.000) 2023-04-06 21:27:54 Image size of job updated: 5229652
	1065  -  MemoryUsage of job (MB)
	1090104  -  ResidentSetSize of job (KB)
...
006 (113604390.000.000) 2023-04-06 21:32:55 Image size of job updated: 5248196
	1094  -  MemoryUsage of job (MB)
	1120112  -  ResidentSetSize of job (KB)
...
006 (113604390.000.000) 2023-04-06 21:42:55 Image size of job updated: 5251976
	1105  -  MemoryUsage of job (MB)
	1131012  -  ResidentSetSize of job (KB)
...
006 (113604390.000.000) 2023-04-06 21:47:56 Image size of job updated: 5265376
	1118  -  MemoryUsage of job (MB)
	1144344  -  ResidentSetSize of job (KB)
...
006 (113604390.000.000) 2023-04-06 21:52:56 Image size of job updated: 5272112
	1125  -  MemoryUsage of job (MB)
	1151260  -  ResidentSetSize of job (KB)
...
006 (113604390.000.000) 2023-04-06 21:57:56 Image size of job updated: 5276340
	1129  -  MemoryUsage of job (MB)
	1155600  -  ResidentSetSize of job (KB)
...
006 (113604390.000.000) 2023-04-06 22:02:57 Image size of job updated: 5308460
	1160  -  MemoryUsage of job (MB)
	1187728  -  ResidentSetSize of job (KB)
...
006 (113604390.000.000) 2023-04-06 22:12:57 Image size of job updated: 5312832
	1163  -  MemoryUsage of job (MB)
	1190840  -  ResidentSetSize of job (KB)
...
006 (113604390.000.000) 2023-04-06 22:27:58 Image size of job updated: 5348300
	1181  -  MemoryUsage of job (MB)
	1209292  -  ResidentSetSize of job (KB)
...
006 (113604390.000.000) 2023-04-06 22:37:59 Image size of job updated: 5348300
	1199  -  MemoryUsage of job (MB)
	1227404  -  ResidentSetSize of job (KB)
...
006 (113604390.000.000) 2023-04-06 22:42:59 Image size of job updated: 5348300
	1221  -  MemoryUsage of job (MB)
	1250236  -  ResidentSetSize of job (KB)
...
006 (113604390.000.000) 2023-04-06 22:53:00 Image size of job updated: 5348300
	1222  -  MemoryUsage of job (MB)
	1250332  -  ResidentSetSize of job (KB)
...
006 (113604390.000.000) 2023-04-06 23:18:02 Image size of job updated: 5348300
	1242  -  MemoryUsage of job (MB)
	1271104  -  ResidentSetSize of job (KB)
...
006 (113604390.000.000) 2023-04-06 23:23:02 Image size of job updated: 5348300
	1242  -  MemoryUsage of job (MB)
	1271144  -  ResidentSetSize of job (KB)
...
006 (113604390.000.000) 2023-04-06 23:43:03 Image size of job updated: 5348300
	1247  -  MemoryUsage of job (MB)
	1276280  -  ResidentSetSize of job (KB)
...
006 (113604390.000.000) 2023-04-06 23:58:04 Image size of job updated: 5348300
	1267  -  MemoryUsage of job (MB)
	1296848  -  ResidentSetSize of job (KB)
...
006 (113604390.000.000) 2023-04-07 00:18:06 Image size of job updated: 5348300
	1268  -  MemoryUsage of job (MB)
	1297460  -  ResidentSetSize of job (KB)
...
006 (113604390.000.000) 2023-04-07 00:23:06 Image size of job updated: 5348300
	1270  -  MemoryUsage of job (MB)
	1299896  -  ResidentSetSize of job (KB)
...
006 (113604390.000.000) 2023-04-07 00:28:06 Image size of job updated: 5349168
	1273  -  MemoryUsage of job (MB)
	1303108  -  ResidentSetSize of job (KB)
...
006 (113604390.000.000) 2023-04-07 00:43:07 Image size of job updated: 5350364
	1273  -  MemoryUsage of job (MB)
	1303108  -  ResidentSetSize of job (KB)
...
006 (113604390.000.000) 2023-04-07 00:53:08 Image size of job updated: 5355780
	1273  -  MemoryUsage of job (MB)
	1303108  -  ResidentSetSize of job (KB)
...
006 (113604390.000.000) 2023-04-07 00:58:08 Image size of job updated: 5357836
	1282  -  MemoryUsage of job (MB)
	1311760  -  ResidentSetSize of job (KB)
...
006 (113604390.000.000) 2023-04-07 01:03:09 Image size of job updated: 5359484
	1283  -  MemoryUsage of job (MB)
	1313332  -  ResidentSetSize of job (KB)
...
006 (113604390.000.000) 2023-04-07 01:13:09 Image size of job updated: 5360480
	1284  -  MemoryUsage of job (MB)
	1314096  -  ResidentSetSize of job (KB)
...
006 (113604390.000.000) 2023-04-07 01:23:10 Image size of job updated: 5432320
	1303  -  MemoryUsage of job (MB)
	1333740  -  ResidentSetSize of job (KB)
...
006 (113604390.000.000) 2023-04-07 01:38:11 Image size of job updated: 5432320
	1307  -  MemoryUsage of job (MB)
	1337636  -  ResidentSetSize of job (KB)
...
006 (113604390.000.000) 2023-04-07 01:43:11 Image size of job updated: 5432320
	1307  -  MemoryUsage of job (MB)
	1337640  -  ResidentSetSize of job (KB)
...
006 (113604390.000.000) 2023-04-07 01:48:12 Image size of job updated: 5432320
	1365  -  MemoryUsage of job (MB)
	1397564  -  ResidentSetSize of job (KB)
...
006 (113604390.000.000) 2023-04-07 02:53:19 Image size of job updated: 5489308
	1365  -  MemoryUsage of job (MB)
	1397564  -  ResidentSetSize of job (KB)
...
006 (113604390.000.000) 2023-04-07 03:18:22 Image size of job updated: 5502316
	1365  -  MemoryUsage of job (MB)
	1397564  -  ResidentSetSize of job (KB)
...
006 (113604390.000.000) 2023-04-07 03:48:26 Image size of job updated: 5524164
	1369  -  MemoryUsage of job (MB)
	1401724  -  ResidentSetSize of job (KB)
...
006 (113604390.000.000) 2023-04-07 03:53:27 Image size of job updated: 5524164
	1371  -  MemoryUsage of job (MB)
	1403772  -  ResidentSetSize of job (KB)
...
006 (113604390.000.000) 2023-04-07 04:03:28 Image size of job updated: 5524164
	1375  -  MemoryUsage of job (MB)
	1407020  -  ResidentSetSize of job (KB)
...
006 (113604390.000.000) 2023-04-07 04:13:29 Image size of job updated: 5524164
	1378  -  MemoryUsage of job (MB)
	1410436  -  ResidentSetSize of job (KB)
...
006 (113604390.000.000) 2023-04-07 04:28:31 Image size of job updated: 5524164
	1393  -  MemoryUsage of job (MB)
	1426388  -  ResidentSetSize of job (KB)
...
006 (113604390.000.000) 2023-04-07 04:48:34 Image size of job updated: 5524164
	1403  -  MemoryUsage of job (MB)
	1436556  -  ResidentSetSize of job (KB)
...
006 (113604390.000.000) 2023-04-07 04:53:35 Image size of job updated: 5524164
	1404  -  MemoryUsage of job (MB)
	1437288  -  ResidentSetSize of job (KB)
...
006 (113604390.000.000) 2023-04-07 04:58:35 Image size of job updated: 5524164
	1404  -  MemoryUsage of job (MB)
	1437416  -  ResidentSetSize of job (KB)
...
006 (113604390.000.000) 2023-04-07 05:03:36 Image size of job updated: 5524164
	1405  -  MemoryUsage of job (MB)
	1438576  -  ResidentSetSize of job (KB)
...
006 (113604390.000.000) 2023-04-07 05:08:37 Image size of job updated: 5524164
	1405  -  MemoryUsage of job (MB)
	1438704  -  ResidentSetSize of job (KB)
...
006 (113604390.000.000) 2023-04-07 05:13:37 Image size of job updated: 5524164
	1410  -  MemoryUsage of job (MB)
	1442908  -  ResidentSetSize of job (KB)
...
006 (113604390.000.000) 2023-04-07 05:28:39 Image size of job updated: 5578644
	1413  -  MemoryUsage of job (MB)
	1446652  -  ResidentSetSize of job (KB)
...
006 (113604390.000.000) 2023-04-07 05:38:41 Image size of job updated: 5597448
	1434  -  MemoryUsage of job (MB)
	1467944  -  ResidentSetSize of job (KB)
...
006 (113604390.000.000) 2023-04-07 05:53:43 Image size of job updated: 5597448
	1437  -  MemoryUsage of job (MB)
	1470644  -  ResidentSetSize of job (KB)
...
006 (113604390.000.000) 2023-04-07 06:13:45 Image size of job updated: 5597448
	1438  -  MemoryUsage of job (MB)
	1471704  -  ResidentSetSize of job (KB)
...
006 (113604390.000.000) 2023-04-07 06:18:46 Image size of job updated: 5597448
	1443  -  MemoryUsage of job (MB)
	1477472  -  ResidentSetSize of job (KB)
...
006 (113604390.000.000) 2023-04-07 06:23:47 Image size of job updated: 5597448
	1456  -  MemoryUsage of job (MB)
	1490492  -  ResidentSetSize of job (KB)
...
006 (113604390.000.000) 2023-04-07 06:38:49 Image size of job updated: 5597448
	1474  -  MemoryUsage of job (MB)
	1508564  -  ResidentSetSize of job (KB)
...
006 (113604390.000.000) 2023-04-07 06:43:49 Image size of job updated: 5597448
	1476  -  MemoryUsage of job (MB)
	1510612  -  ResidentSetSize of job (KB)
...
006 (113604390.000.000) 2023-04-07 06:48:50 Image size of job updated: 5597448
	1477  -  MemoryUsage of job (MB)
	1511608  -  ResidentSetSize of job (KB)
...
006 (113604390.000.000) 2023-04-07 07:03:52 Image size of job updated: 5661020
	1483  -  MemoryUsage of job (MB)
	1518312  -  ResidentSetSize of job (KB)
...
006 (113604390.000.000) 2023-04-07 07:13:53 Image size of job updated: 5663020
	1486  -  MemoryUsage of job (MB)
	1521252  -  ResidentSetSize of job (KB)
...
006 (113604390.000.000) 2023-04-07 07:28:55 Image size of job updated: 5663020
	1500  -  MemoryUsage of job (MB)
	1535724  -  ResidentSetSize of job (KB)
...
006 (113604390.000.000) 2023-04-07 07:33:56 Image size of job updated: 5663020
	1513  -  MemoryUsage of job (MB)
	1548880  -  ResidentSetSize of job (KB)
...
006 (113604390.000.000) 2023-04-07 07:48:58 Image size of job updated: 5693820
	1513  -  MemoryUsage of job (MB)
	1548880  -  ResidentSetSize of job (KB)
...
006 (113604390.000.000) 2023-04-07 07:58:59 Image size of job updated: 5709288
	1517  -  MemoryUsage of job (MB)
	1552808  -  ResidentSetSize of job (KB)
...
006 (113604390.000.000) 2023-04-07 08:04:00 Image size of job updated: 5709288
	1517  -  MemoryUsage of job (MB)
	1553024  -  ResidentSetSize of job (KB)
...
006 (113604390.000.000) 2023-04-07 08:14:01 Image size of job updated: 5709288
	1522  -  MemoryUsage of job (MB)
	1557620  -  ResidentSetSize of job (KB)
...
006 (113604390.000.000) 2023-04-07 08:29:03 Image size of job updated: 5709288
	1522  -  MemoryUsage of job (MB)
	1557632  -  ResidentSetSize of job (KB)
...
006 (113604390.000.000) 2023-04-07 08:34:04 Image size of job updated: 5715384
	1522  -  MemoryUsage of job (MB)
	1557632  -  ResidentSetSize of job (KB)
...
006 (113604390.000.000) 2023-04-07 08:44:05 Image size of job updated: 5718144
	1526  -  MemoryUsage of job (MB)
	1562532  -  ResidentSetSize of job (KB)
...
006 (113604390.000.000) 2023-04-07 08:59:07 Image size of job updated: 5770216
	1579  -  MemoryUsage of job (MB)
	1616720  -  ResidentSetSize of job (KB)
...
006 (113604390.000.000) 2023-04-07 09:24:11 Image size of job updated: 5774360
	1582  -  MemoryUsage of job (MB)
	1619760  -  ResidentSetSize of job (KB)
...
006 (113604390.000.000) 2023-04-07 09:39:13 Image size of job updated: 5777520
	1584  -  MemoryUsage of job (MB)
	1621624  -  ResidentSetSize of job (KB)
...
006 (113604390.000.000) 2023-04-07 09:49:14 Image size of job updated: 5779368
	1586  -  MemoryUsage of job (MB)
	1623668  -  ResidentSetSize of job (KB)
...
006 (113604390.000.000) 2023-04-07 09:54:15 Image size of job updated: 5779368
	1586  -  MemoryUsage of job (MB)
	1623920  -  ResidentSetSize of job (KB)
...
006 (113604390.000.000) 2023-04-07 10:04:17 Image size of job updated: 5783312
	1592  -  MemoryUsage of job (MB)
	1629640  -  ResidentSetSize of job (KB)
...
006 (113604390.000.000) 2023-04-07 10:19:19 Image size of job updated: 5783312
	1593  -  MemoryUsage of job (MB)
	1630908  -  ResidentSetSize of job (KB)
...
006 (113604390.000.000) 2023-04-07 10:34:21 Image size of job updated: 5788440
	1596  -  MemoryUsage of job (MB)
	1633384  -  ResidentSetSize of job (KB)
...
006 (113604390.000.000) 2023-04-07 10:39:21 Image size of job updated: 5788440
	1597  -  MemoryUsage of job (MB)
	1634432  -  ResidentSetSize of job (KB)
...
006 (113604390.000.000) 2023-04-07 10:49:23 Image size of job updated: 5808420
	1597  -  MemoryUsage of job (MB)
	1634432  -  ResidentSetSize of job (KB)
...
006 (113604390.000.000) 2023-04-07 11:04:25 Image size of job updated: 5809708
	1603  -  MemoryUsage of job (MB)
	1640820  -  ResidentSetSize of job (KB)
...
006 (113604390.000.000) 2023-04-07 11:09:25 Image size of job updated: 5809708
	1605  -  MemoryUsage of job (MB)
	1643124  -  ResidentSetSize of job (KB)
...
006 (113604390.000.000) 2023-04-07 11:14:25 Image size of job updated: 5813908
	1608  -  MemoryUsage of job (MB)
	1645952  -  ResidentSetSize of job (KB)
...
006 (113604390.000.000) 2023-04-07 11:29:27 Image size of job updated: 5815436
	1609  -  MemoryUsage of job (MB)
	1646652  -  ResidentSetSize of job (KB)
...
006 (113604390.000.000) 2023-04-07 11:44:29 Image size of job updated: 5817404
	1612  -  MemoryUsage of job (MB)
	1650144  -  ResidentSetSize of job (KB)
...
006 (113604390.000.000) 2023-04-07 11:49:30 Image size of job updated: 5817404
	1624  -  MemoryUsage of job (MB)
	1662868  -  ResidentSetSize of job (KB)
...
006 (113604390.000.000) 2023-04-07 12:04:31 Image size of job updated: 5835328
	1624  -  MemoryUsage of job (MB)
	1662868  -  ResidentSetSize of job (KB)
...
006 (113604390.000.000) 2023-04-07 12:14:31 Image size of job updated: 5840120
	1624  -  MemoryUsage of job (MB)
	1662868  -  ResidentSetSize of job (KB)
...
006 (113604390.000.000) 2023-04-07 12:29:33 Image size of job updated: 5850784
	1643  -  MemoryUsage of job (MB)
	1681416  -  ResidentSetSize of job (KB)
...
006 (113604390.000.000) 2023-04-07 13:49:39 Image size of job updated: 5854692
	1643  -  MemoryUsage of job (MB)
	1681416  -  ResidentSetSize of job (KB)
...
006 (113604390.000.000) 2023-04-07 13:59:39 Image size of job updated: 5857396
	1643  -  MemoryUsage of job (MB)
	1681416  -  ResidentSetSize of job (KB)
...
006 (113604390.000.000) 2023-04-07 14:14:40 Image size of job updated: 5862012
	1643  -  MemoryUsage of job (MB)
	1681416  -  ResidentSetSize of job (KB)
...
006 (113604390.000.000) 2023-04-07 14:29:41 Image size of job updated: 5864908
	1643  -  MemoryUsage of job (MB)
	1681416  -  ResidentSetSize of job (KB)
...
006 (113604390.000.000) 2023-04-07 14:39:42 Image size of job updated: 5868068
	1645  -  MemoryUsage of job (MB)
	1683660  -  ResidentSetSize of job (KB)
...
006 (113604390.000.000) 2023-04-07 14:54:43 Image size of job updated: 5868068
	1649  -  MemoryUsage of job (MB)
	1688376  -  ResidentSetSize of job (KB)
...
006 (113604390.000.000) 2023-04-07 14:59:43 Image size of job updated: 5868068
	1693  -  MemoryUsage of job (MB)
	1733004  -  ResidentSetSize of job (KB)
...
006 (113604390.000.000) 2023-04-07 16:39:55 Image size of job updated: 5870092
	1693  -  MemoryUsage of job (MB)
	1733004  -  ResidentSetSize of job (KB)
...
006 (113604390.000.000) 2023-04-07 16:49:57 Image size of job updated: 5873716
	1693  -  MemoryUsage of job (MB)
	1733004  -  ResidentSetSize of job (KB)
...
006 (113604390.000.000) 2023-04-07 17:04:59 Image size of job updated: 5897224
	1693  -  MemoryUsage of job (MB)
	1733004  -  ResidentSetSize of job (KB)
...
006 (113604390.000.000) 2023-04-07 17:15:00 Image size of job updated: 5897224
	1796  -  MemoryUsage of job (MB)
	1838824  -  ResidentSetSize of job (KB)
...
006 (113604390.000.000) 2023-04-07 17:20:01 Image size of job updated: 5898984
	1796  -  MemoryUsage of job (MB)
	1838824  -  ResidentSetSize of job (KB)
...
006 (113604390.000.000) 2023-04-07 17:30:01 Image size of job updated: 5907872
	1796  -  MemoryUsage of job (MB)
	1838824  -  ResidentSetSize of job (KB)
...
004 (113604390.000.000) 2023-04-07 17:55:19 Job was evicted.
	(0) CPU times
		Usr 1 22:05:18, Sys 0 00:04:26  -  Run Remote Usage
		Usr 0 00:00:00, Sys 0 00:00:00  -  Run Local Usage
	0  -  Run Bytes Sent By Job
	366  -  Run Bytes Received By Job
	Partitionable Resources :    Usage  Request Allocated 
	   Cpus                 :     0.94        1         1 
	   Disk (KB)            :  4191      500000    619149 
	   GPUs                 :                           0 
	   Memory (MB)          :  1796       20000     20096 
...
040 (113604390.000.000) 2023-04-07 17:59:04 Started transferring input files
	Transferring to host: <10.14.9.62:9618?addrs=10.14.9.62-9618&alias=node2062.cluster.ldas.cit&noUDP&sock=slot1_2_866956_ae30_13595>
...
040 (113604390.000.000) 2023-04-07 17:59:04 Finished transferring input files
...
001 (113604390.000.000) 2023-04-07 17:59:05 Job executing on host: <10.14.9.62:9618?addrs=10.14.9.62-9618&alias=node2062.cluster.ldas.cit&noUDP&sock=startd_866917_888d>
...
006 (113604390.000.000) 2023-04-08 11:06:01 Image size of job updated: 7500000
	1954  -  MemoryUsage of job (MB)
	2000692  -  ResidentSetSize of job (KB)
...
006 (113604390.000.000) 2023-04-08 11:41:04 Image size of job updated: 7500000
	1987  -  MemoryUsage of job (MB)
	2034300  -  ResidentSetSize of job (KB)
...
006 (113604390.000.000) 2023-04-08 13:16:14 Image size of job updated: 7500000
	2178  -  MemoryUsage of job (MB)
	2229936  -  ResidentSetSize of job (KB)
...
004 (113604390.000.000) 2023-04-08 17:59:39 Job was evicted.
	(0) CPU times
		Usr 3 02:58:29, Sys 0 00:10:43  -  Run Remote Usage
		Usr 0 00:00:00, Sys 0 00:00:00  -  Run Local Usage
	0  -  Run Bytes Sent By Job
	366  -  Run Bytes Received By Job
	Partitionable Resources :    Usage  Request Allocated 
	   Cpus                 :     1.69        1         1 
	   Disk (KB)            :  3634      500000    609620 
	   GPUs                 :                           0 
	   Memory (MB)          :  2178       20000     20096 
...
040 (113604390.000.000) 2023-04-08 17:59:45 Started transferring input files
	Transferring to host: <10.14.9.194:9618?addrs=10.14.9.194-9618&alias=node2194.cluster.ldas.cit&noUDP&sock=slot1_13_3627645_d316_1435>
...
040 (113604390.000.000) 2023-04-08 17:59:45 Finished transferring input files
...
001 (113604390.000.000) 2023-04-08 17:59:46 Job executing on host: <10.14.9.194:9618?addrs=10.14.9.194-9618&alias=node2194.cluster.ldas.cit&noUDP&sock=startd_3627609_9ef3>
...
006 (113604390.000.000) 2023-04-09 16:02:21 Image size of job updated: 7500000
	2249  -  MemoryUsage of job (MB)
	2302856  -  ResidentSetSize of job (KB)
...
004 (113604390.000.000) 2023-04-09 18:14:15 Job was evicted.
	(0) CPU times
		Usr 2 04:02:54, Sys 0 00:10:53  -  Run Remote Usage
		Usr 0 00:00:00, Sys 0 00:00:00  -  Run Local Usage
	0  -  Run Bytes Sent By Job
	366  -  Run Bytes Received By Job
	Partitionable Resources :    Usage  Request Allocated 
	   Cpus                 :     1.95        1         1 
	   Disk (KB)            :  2987      500000    561711 
	   GPUs                 :                           0 
	   Memory (MB)          :  2249       20000     20096 
...
040 (113604390.000.000) 2023-04-09 18:14:20 Started transferring input files
	Transferring to host: <10.14.10.78:9618?addrs=10.14.10.78-9618&alias=node2328.cluster.ldas.cit&noUDP&sock=slot1_5_3409288_9087_6528>
...
040 (113604390.000.000) 2023-04-09 18:14:20 Finished transferring input files
...
001 (113604390.000.000) 2023-04-09 18:14:21 Job executing on host: <10.14.10.78:9618?addrs=10.14.10.78-9618&alias=node2328.cluster.ldas.cit&noUDP&sock=startd_3409247_7393>
...
006 (113604390.000.000) 2023-04-10 02:15:20 Image size of job updated: 7500000
	2559  -  MemoryUsage of job (MB)
	2620364  -  ResidentSetSize of job (KB)
...
006 (113604390.000.000) 2023-04-10 15:11:44 Image size of job updated: 7500000
	2711  -  MemoryUsage of job (MB)
	2775432  -  ResidentSetSize of job (KB)
...
006 (113604390.000.000) 2023-04-10 15:16:44 Image size of job updated: 7500000
	2712  -  MemoryUsage of job (MB)
	2776860  -  ResidentSetSize of job (KB)
...
006 (113604390.000.000) 2023-04-10 21:37:24 Image size of job updated: 7500000
	2732  -  MemoryUsage of job (MB)
	2797144  -  ResidentSetSize of job (KB)
...
004 (113604390.000.000) 2023-04-10 23:46:21 Job was evicted.
	(0) CPU times
		Usr 5 01:51:59, Sys 0 00:04:04  -  Run Remote Usage
		Usr 0 00:00:00, Sys 0 00:00:00  -  Run Local Usage
	0  -  Run Bytes Sent By Job
	366  -  Run Bytes Received By Job
	Partitionable Resources :    Usage  Request Allocated 
	   Cpus                 :     3.97        1         1 
	   Disk (KB)            :  3942      500000    624256 
	   GPUs                 :                           0 
	   Memory (MB)          :  2732       20000     20096 
...
040 (113604390.000.000) 2023-04-11 00:10:53 Started transferring input files
	Transferring to host: <10.14.4.75:9618?addrs=10.14.4.75-9618&alias=node825.cluster.ldas.cit&noUDP&sock=slot1_7_2281689_0fc9_4970>
...
040 (113604390.000.000) 2023-04-11 00:10:53 Finished transferring input files
...
001 (113604390.000.000) 2023-04-11 00:10:54 Job executing on host: <10.14.4.75:9618?addrs=10.14.4.75-9618&alias=node825.cluster.ldas.cit&noUDP&sock=startd_2281647_a426>
...
004 (113604390.000.000) 2023-04-12 00:14:22 Job was evicted.
	(0) CPU times
		Usr 3 09:25:03, Sys 0 00:04:05  -  Run Remote Usage
		Usr 0 00:00:00, Sys 0 00:00:00  -  Run Local Usage
	0  -  Run Bytes Sent By Job
	366  -  Run Bytes Received By Job
	Partitionable Resources :    Usage  Request Allocated 
	   Cpus                 :     2.99        1         1 
	   Disk (KB)            :  2930      500000    624256 
	   GPUs                 :                           0 
	   Memory (MB)          :  2930       20000     20096 
...
040 (113604390.000.000) 2023-04-12 00:16:32 Started transferring input files
	Transferring to host: <10.14.10.133:9618?addrs=10.14.10.133-9618&alias=node2383.cluster.ldas.cit&noUDP&sock=slot1_14_3052995_ea0e_49771>
...
040 (113604390.000.000) 2023-04-12 00:16:32 Finished transferring input files
...
001 (113604390.000.000) 2023-04-12 00:16:33 Job executing on host: <10.14.10.133:9618?addrs=10.14.10.133-9618&alias=node2383.cluster.ldas.cit&noUDP&sock=startd_4088_9b40>
...
006 (113604390.000.000) 2023-04-12 12:17:59 Image size of job updated: 7541480
	2930  -  MemoryUsage of job (MB)
	3000000  -  ResidentSetSize of job (KB)
...
004 (113604390.000.000) 2023-04-13 00:16:48 Job was evicted.
	(0) CPU times
		Usr 4 03:50:30, Sys 0 00:04:43  -  Run Remote Usage
		Usr 0 00:00:00, Sys 0 00:00:00  -  Run Local Usage
	0  -  Run Bytes Sent By Job
	366  -  Run Bytes Received By Job
	Partitionable Resources :    Usage  Request Allocated 
	   Cpus                 :     7.95        1         1 
	   Disk (KB)            :  2980      500000    624256 
	   GPUs                 :                           0 
	   Memory (MB)          :  2930       20000     20096 
...
040 (113604390.000.000) 2023-04-13 00:21:34 Started transferring input files
	Transferring to host: <10.14.10.128:9618?addrs=10.14.10.128-9618&alias=node2378.cluster.ldas.cit&noUDP&sock=slot1_19_3065713_e553_43630>
...
040 (113604390.000.000) 2023-04-13 00:21:34 Finished transferring input files
...
001 (113604390.000.000) 2023-04-13 00:21:35 Job executing on host: <10.14.10.128:9618?addrs=10.14.10.128-9618&alias=node2378.cluster.ldas.cit&noUDP&sock=startd_4171_899c>
...
006 (113604390.000.000) 2023-04-13 19:38:48 Image size of job updated: 23624584
	2930  -  MemoryUsage of job (MB)
	3000000  -  ResidentSetSize of job (KB)
...
040 (113604390.000.000) 2023-04-13 19:52:16 Entered queue to transfer output files
...
040 (113604390.000.000) 2023-04-13 19:55:22 Started transferring output files
...
040 (113604390.000.000) 2023-04-13 19:55:22 Finished transferring output files
...
005 (113604390.000.000) 2023-04-13 19:55:22 Job terminated.
	(1) Normal termination (return value 0)
		Usr 2 01:20:20, Sys 0 00:02:40  -  Run Remote Usage
		Usr 0 00:00:00, Sys 0 00:00:00  -  Run Local Usage
		Usr 21 21:34:33, Sys 0 00:41:34  -  Total Remote Usage
		Usr 0 00:00:00, Sys 0 00:00:00  -  Total Local Usage
	2985636  -  Run Bytes Sent By Job
	366  -  Run Bytes Received By Job
	2985636  -  Total Bytes Sent By Job
	2562  -  Total Bytes Received By Job
	Partitionable Resources :    Usage  Request Allocated 
	   Cpus                 :        0        1         1 
	   Disk (KB)            :     2939   500000    624256 
	   GPUs                 :                           0 
	   Memory (MB)          :     2930    20000     20096 

	Job terminated of its own accord at 2023-04-14T02:52:11Z with exit-code 0.
...
