000 (113449785.000.000) 2023-03-29 17:01:33 Job submitted from host: <10.14.0.160:9618?addrs=10.14.0.160-9618&alias=ldas-pcdev2.ligo.caltech.edu&noUDP&sock=schedd_7450_a8a7>
    DAG Node: 630
...
040 (113449785.000.000) 2023-03-29 17:38:53 Started transferring input files
	Transferring to host: <10.14.9.194:9618?addrs=10.14.9.194-9618&alias=node2194.cluster.ldas.cit&noUDP&sock=slot1_2_189911_3ac4_88842>
...
040 (113449785.000.000) 2023-03-29 17:38:53 Finished transferring input files
...
001 (113449785.000.000) 2023-03-29 17:38:54 Job executing on host: <10.14.9.194:9618?addrs=10.14.9.194-9618&alias=node2194.cluster.ldas.cit&noUDP&sock=startd_189641_87e3>
...
006 (113449785.000.000) 2023-03-29 17:38:54 Image size of job updated: 1
	0  -  MemoryUsage of job (MB)
	0  -  ResidentSetSize of job (KB)
...
040 (113449785.000.000) 2023-03-29 17:38:54 Started transferring output files
...
040 (113449785.000.000) 2023-03-29 17:38:54 Finished transferring output files
...
005 (113449785.000.000) 2023-03-29 17:38:54 Job terminated.
	(1) Normal termination (return value 127)
		Usr 0 00:00:00, Sys 0 00:00:00  -  Run Remote Usage
		Usr 0 00:00:00, Sys 0 00:00:00  -  Run Local Usage
		Usr 0 00:00:00, Sys 0 00:00:00  -  Total Remote Usage
		Usr 0 00:00:00, Sys 0 00:00:00  -  Total Local Usage
	407  -  Run Bytes Sent By Job
	366  -  Run Bytes Received By Job
	407  -  Total Bytes Sent By Job
	366  -  Total Bytes Received By Job
	Partitionable Resources :    Usage  Request Allocated 
	   Cpus                 :                 1         1 
	   Disk (KB)            :       14   500000    561711 
	   GPUs                 :                           0 
	   Memory (MB)          :        0    20000     20096 

	Job terminated of its own accord at 2023-03-30T00:38:54Z with exit-code 127.
...
000 (113484863.000.000) 2023-04-01 14:23:49 Job submitted from host: <10.14.0.160:9618?addrs=10.14.0.160-9618&alias=ldas-pcdev2.ligo.caltech.edu&noUDP&sock=schedd_7450_a8a7>
    DAG Node: 630
...
040 (113484863.000.000) 2023-04-01 14:28:23 Started transferring input files
	Transferring to host: <10.14.9.194:9618?addrs=10.14.9.194-9618&alias=node2194.cluster.ldas.cit&noUDP&sock=slot1_2_189911_3ac4_109063>
...
040 (113484863.000.000) 2023-04-01 14:28:23 Finished transferring input files
...
001 (113484863.000.000) 2023-04-01 14:28:24 Job executing on host: <10.14.9.194:9618?addrs=10.14.9.194-9618&alias=node2194.cluster.ldas.cit&noUDP&sock=startd_189641_87e3>
...
006 (113484863.000.000) 2023-04-01 14:28:24 Image size of job updated: 1
	0  -  MemoryUsage of job (MB)
	0  -  ResidentSetSize of job (KB)
...
040 (113484863.000.000) 2023-04-01 14:28:24 Started transferring output files
...
040 (113484863.000.000) 2023-04-01 14:28:24 Finished transferring output files
...
005 (113484863.000.000) 2023-04-01 14:28:24 Job terminated.
	(1) Normal termination (return value 127)
		Usr 0 00:00:00, Sys 0 00:00:00  -  Run Remote Usage
		Usr 0 00:00:00, Sys 0 00:00:00  -  Run Local Usage
		Usr 0 00:00:00, Sys 0 00:00:00  -  Total Remote Usage
		Usr 0 00:00:00, Sys 0 00:00:00  -  Total Local Usage
	411  -  Run Bytes Sent By Job
	366  -  Run Bytes Received By Job
	411  -  Total Bytes Sent By Job
	366  -  Total Bytes Received By Job
	Partitionable Resources :    Usage  Request Allocated 
	   Cpus                 :                 1         1 
	   Disk (KB)            :       14   500000    561711 
	   GPUs                 :                           0 
	   Memory (MB)          :        0    20000     20096 

	Job terminated of its own accord at 2023-04-01T21:28:24Z with exit-code 127.
...
000 (113485067.000.000) 2023-04-01 14:53:03 Job submitted from host: <10.14.0.160:9618?addrs=10.14.0.160-9618&alias=ldas-pcdev2.ligo.caltech.edu&noUDP&sock=schedd_7450_a8a7>
    DAG Node: 630
...
040 (113485067.000.000) 2023-04-01 14:59:04 Started transferring input files
	Transferring to host: <10.14.9.196:9618?addrs=10.14.9.196-9618&alias=node2196.cluster.ldas.cit&noUDP&sock=slot1_3_186547_fcbb_160725>
...
040 (113485067.000.000) 2023-04-01 14:59:04 Finished transferring input files
...
001 (113485067.000.000) 2023-04-01 14:59:05 Job executing on host: <10.14.9.196:9618?addrs=10.14.9.196-9618&alias=node2196.cluster.ldas.cit&noUDP&sock=startd_186508_8dac>
...
006 (113485067.000.000) 2023-04-01 14:59:06 Image size of job updated: 1
	0  -  MemoryUsage of job (MB)
	0  -  ResidentSetSize of job (KB)
...
040 (113485067.000.000) 2023-04-01 14:59:06 Started transferring output files
...
040 (113485067.000.000) 2023-04-01 14:59:06 Finished transferring output files
...
005 (113485067.000.000) 2023-04-01 14:59:06 Job terminated.
	(1) Normal termination (return value 127)
		Usr 0 00:00:00, Sys 0 00:00:00  -  Run Remote Usage
		Usr 0 00:00:00, Sys 0 00:00:00  -  Run Local Usage
		Usr 0 00:00:00, Sys 0 00:00:00  -  Total Remote Usage
		Usr 0 00:00:00, Sys 0 00:00:00  -  Total Local Usage
	403  -  Run Bytes Sent By Job
	366  -  Run Bytes Received By Job
	403  -  Total Bytes Sent By Job
	366  -  Total Bytes Received By Job
	Partitionable Resources :    Usage  Request Allocated 
	   Cpus                 :                 1         1 
	   Disk (KB)            :       15   500000    519527 
	   GPUs                 :                           0 
	   Memory (MB)          :        0    20000     20096 

	Job terminated of its own accord at 2023-04-01T21:59:06Z with exit-code 127.
...
000 (113493771.000.000) 2023-04-02 13:26:40 Job submitted from host: <10.14.0.160:9618?addrs=10.14.0.160-9618&alias=ldas-pcdev2.ligo.caltech.edu&noUDP&sock=schedd_7450_a8a7>
    DAG Node: 630
...
040 (113493771.000.000) 2023-04-02 13:28:50 Started transferring input files
	Transferring to host: <10.14.10.67:9618?addrs=10.14.10.67-9618&alias=node2317.cluster.ldas.cit&noUDP&sock=slot1_13_3643178_3a6e_10870>
...
040 (113493771.000.000) 2023-04-02 13:28:50 Finished transferring input files
...
001 (113493771.000.000) 2023-04-02 13:28:51 Job executing on host: <10.14.10.67:9618?addrs=10.14.10.67-9618&alias=node2317.cluster.ldas.cit&noUDP&sock=startd_3643136_d9f6>
...
006 (113493771.000.000) 2023-04-02 13:28:59 Image size of job updated: 598360
	194  -  MemoryUsage of job (MB)
	198396  -  ResidentSetSize of job (KB)
...
006 (113493771.000.000) 2023-04-02 13:33:59 Image size of job updated: 5095548
	194  -  MemoryUsage of job (MB)
	198396  -  ResidentSetSize of job (KB)
...
006 (113493771.000.000) 2023-04-02 13:39:00 Image size of job updated: 5095548
	367  -  MemoryUsage of job (MB)
	375176  -  ResidentSetSize of job (KB)
...
006 (113493771.000.000) 2023-04-02 13:44:01 Image size of job updated: 5095548
	374  -  MemoryUsage of job (MB)
	382244  -  ResidentSetSize of job (KB)
...
006 (113493771.000.000) 2023-04-02 13:49:01 Image size of job updated: 5095548
	488  -  MemoryUsage of job (MB)
	498888  -  ResidentSetSize of job (KB)
...
006 (113493771.000.000) 2023-04-02 13:54:01 Image size of job updated: 5095548
	491  -  MemoryUsage of job (MB)
	502472  -  ResidentSetSize of job (KB)
...
006 (113493771.000.000) 2023-04-02 13:59:02 Image size of job updated: 5095548
	515  -  MemoryUsage of job (MB)
	527176  -  ResidentSetSize of job (KB)
...
006 (113493771.000.000) 2023-04-02 14:04:02 Image size of job updated: 5095548
	522  -  MemoryUsage of job (MB)
	533896  -  ResidentSetSize of job (KB)
...
006 (113493771.000.000) 2023-04-02 14:09:02 Image size of job updated: 5095548
	545  -  MemoryUsage of job (MB)
	557184  -  ResidentSetSize of job (KB)
...
006 (113493771.000.000) 2023-04-02 14:14:03 Image size of job updated: 5095548
	547  -  MemoryUsage of job (MB)
	560032  -  ResidentSetSize of job (KB)
...
006 (113493771.000.000) 2023-04-02 14:19:04 Image size of job updated: 5095548
	561  -  MemoryUsage of job (MB)
	574052  -  ResidentSetSize of job (KB)
...
006 (113493771.000.000) 2023-04-02 14:24:04 Image size of job updated: 5095548
	562  -  MemoryUsage of job (MB)
	574592  -  ResidentSetSize of job (KB)
...
006 (113493771.000.000) 2023-04-02 14:29:05 Image size of job updated: 5095548
	577  -  MemoryUsage of job (MB)
	590296  -  ResidentSetSize of job (KB)
...
006 (113493771.000.000) 2023-04-02 14:34:06 Image size of job updated: 5095548
	579  -  MemoryUsage of job (MB)
	592136  -  ResidentSetSize of job (KB)
...
006 (113493771.000.000) 2023-04-02 14:39:06 Image size of job updated: 5098516
	585  -  MemoryUsage of job (MB)
	598200  -  ResidentSetSize of job (KB)
...
006 (113493771.000.000) 2023-04-02 14:44:06 Image size of job updated: 5116440
	599  -  MemoryUsage of job (MB)
	613148  -  ResidentSetSize of job (KB)
...
006 (113493771.000.000) 2023-04-02 14:49:07 Image size of job updated: 5124780
	635  -  MemoryUsage of job (MB)
	649900  -  ResidentSetSize of job (KB)
...
006 (113493771.000.000) 2023-04-02 14:54:07 Image size of job updated: 5124908
	639  -  MemoryUsage of job (MB)
	653664  -  ResidentSetSize of job (KB)
...
006 (113493771.000.000) 2023-04-02 14:59:07 Image size of job updated: 5147024
	659  -  MemoryUsage of job (MB)
	674684  -  ResidentSetSize of job (KB)
...
006 (113493771.000.000) 2023-04-02 15:04:08 Image size of job updated: 5157608
	721  -  MemoryUsage of job (MB)
	737972  -  ResidentSetSize of job (KB)
...
006 (113493771.000.000) 2023-04-02 15:09:09 Image size of job updated: 5157608
	754  -  MemoryUsage of job (MB)
	771216  -  ResidentSetSize of job (KB)
...
006 (113493771.000.000) 2023-04-02 15:14:09 Image size of job updated: 5175928
	860  -  MemoryUsage of job (MB)
	880580  -  ResidentSetSize of job (KB)
...
006 (113493771.000.000) 2023-04-02 15:19:10 Image size of job updated: 5175928
	862  -  MemoryUsage of job (MB)
	882656  -  ResidentSetSize of job (KB)
...
006 (113493771.000.000) 2023-04-02 15:24:11 Image size of job updated: 5182772
	930  -  MemoryUsage of job (MB)
	952116  -  ResidentSetSize of job (KB)
...
006 (113493771.000.000) 2023-04-02 15:29:11 Image size of job updated: 5188312
	1085  -  MemoryUsage of job (MB)
	1110220  -  ResidentSetSize of job (KB)
...
006 (113493771.000.000) 2023-04-02 15:34:11 Image size of job updated: 5189872
	1119  -  MemoryUsage of job (MB)
	1145088  -  ResidentSetSize of job (KB)
...
006 (113493771.000.000) 2023-04-02 15:39:13 Image size of job updated: 5189872
	1119  -  MemoryUsage of job (MB)
	1145096  -  ResidentSetSize of job (KB)
...
006 (113493771.000.000) 2023-04-02 15:44:13 Image size of job updated: 5196544
	1125  -  MemoryUsage of job (MB)
	1151616  -  ResidentSetSize of job (KB)
...
006 (113493771.000.000) 2023-04-02 15:49:13 Image size of job updated: 5197636
	1126  -  MemoryUsage of job (MB)
	1152512  -  ResidentSetSize of job (KB)
...
006 (113493771.000.000) 2023-04-02 15:54:14 Image size of job updated: 5212924
	1141  -  MemoryUsage of job (MB)
	1167768  -  ResidentSetSize of job (KB)
...
006 (113493771.000.000) 2023-04-02 15:59:15 Image size of job updated: 5212924
	1141  -  MemoryUsage of job (MB)
	1168024  -  ResidentSetSize of job (KB)
...
006 (113493771.000.000) 2023-04-02 16:09:16 Image size of job updated: 5223944
	1152  -  MemoryUsage of job (MB)
	1179060  -  ResidentSetSize of job (KB)
...
006 (113493771.000.000) 2023-04-02 16:19:17 Image size of job updated: 5261136
	1188  -  MemoryUsage of job (MB)
	1216284  -  ResidentSetSize of job (KB)
...
006 (113493771.000.000) 2023-04-02 16:24:17 Image size of job updated: 5261892
	1189  -  MemoryUsage of job (MB)
	1217064  -  ResidentSetSize of job (KB)
...
006 (113493771.000.000) 2023-04-02 16:29:18 Image size of job updated: 5268452
	1192  -  MemoryUsage of job (MB)
	1219880  -  ResidentSetSize of job (KB)
...
006 (113493771.000.000) 2023-04-02 16:39:19 Image size of job updated: 5268452
	1192  -  MemoryUsage of job (MB)
	1220312  -  ResidentSetSize of job (KB)
...
006 (113493771.000.000) 2023-04-02 16:44:20 Image size of job updated: 5271912
	1199  -  MemoryUsage of job (MB)
	1226756  -  ResidentSetSize of job (KB)
...
006 (113493771.000.000) 2023-04-02 16:49:21 Image size of job updated: 5280848
	1207  -  MemoryUsage of job (MB)
	1235896  -  ResidentSetSize of job (KB)
...
006 (113493771.000.000) 2023-04-02 16:54:21 Image size of job updated: 5284432
	1207  -  MemoryUsage of job (MB)
	1235896  -  ResidentSetSize of job (KB)
...
006 (113493771.000.000) 2023-04-02 17:14:23 Image size of job updated: 5292668
	1207  -  MemoryUsage of job (MB)
	1235896  -  ResidentSetSize of job (KB)
...
006 (113493771.000.000) 2023-04-02 17:24:24 Image size of job updated: 5292760
	1210  -  MemoryUsage of job (MB)
	1238164  -  ResidentSetSize of job (KB)
...
006 (113493771.000.000) 2023-04-02 17:34:25 Image size of job updated: 5293244
	1221  -  MemoryUsage of job (MB)
	1249628  -  ResidentSetSize of job (KB)
...
006 (113493771.000.000) 2023-04-02 17:39:26 Image size of job updated: 5341528
	1264  -  MemoryUsage of job (MB)
	1293816  -  ResidentSetSize of job (KB)
...
006 (113493771.000.000) 2023-04-02 17:44:26 Image size of job updated: 5352352
	1274  -  MemoryUsage of job (MB)
	1304392  -  ResidentSetSize of job (KB)
...
006 (113493771.000.000) 2023-04-02 17:49:27 Image size of job updated: 5401448
	1274  -  MemoryUsage of job (MB)
	1304392  -  ResidentSetSize of job (KB)
...
006 (113493771.000.000) 2023-04-02 17:59:28 Image size of job updated: 5401448
	1281  -  MemoryUsage of job (MB)
	1311652  -  ResidentSetSize of job (KB)
...
006 (113493771.000.000) 2023-04-02 18:04:28 Image size of job updated: 5406112
	1286  -  MemoryUsage of job (MB)
	1315900  -  ResidentSetSize of job (KB)
...
006 (113493771.000.000) 2023-04-02 18:09:29 Image size of job updated: 5406112
	1288  -  MemoryUsage of job (MB)
	1318244  -  ResidentSetSize of job (KB)
...
006 (113493771.000.000) 2023-04-02 18:14:29 Image size of job updated: 5406112
	1290  -  MemoryUsage of job (MB)
	1320192  -  ResidentSetSize of job (KB)
...
006 (113493771.000.000) 2023-04-02 18:19:29 Image size of job updated: 5406112
	1303  -  MemoryUsage of job (MB)
	1333416  -  ResidentSetSize of job (KB)
...
006 (113493771.000.000) 2023-04-02 18:24:30 Image size of job updated: 5406112
	1303  -  MemoryUsage of job (MB)
	1333440  -  ResidentSetSize of job (KB)
...
006 (113493771.000.000) 2023-04-02 18:29:31 Image size of job updated: 5406112
	1304  -  MemoryUsage of job (MB)
	1334900  -  ResidentSetSize of job (KB)
...
006 (113493771.000.000) 2023-04-02 18:34:31 Image size of job updated: 5406112
	1305  -  MemoryUsage of job (MB)
	1335924  -  ResidentSetSize of job (KB)
...
006 (113493771.000.000) 2023-04-02 18:39:32 Image size of job updated: 5406112
	1307  -  MemoryUsage of job (MB)
	1337572  -  ResidentSetSize of job (KB)
...
006 (113493771.000.000) 2023-04-02 18:44:33 Image size of job updated: 5464300
	1335  -  MemoryUsage of job (MB)
	1366616  -  ResidentSetSize of job (KB)
...
006 (113493771.000.000) 2023-04-02 18:49:33 Image size of job updated: 5464300
	1335  -  MemoryUsage of job (MB)
	1367020  -  ResidentSetSize of job (KB)
...
006 (113493771.000.000) 2023-04-02 18:54:33 Image size of job updated: 5466644
	1339  -  MemoryUsage of job (MB)
	1370988  -  ResidentSetSize of job (KB)
...
006 (113493771.000.000) 2023-04-02 19:04:34 Image size of job updated: 5466644
	1341  -  MemoryUsage of job (MB)
	1372780  -  ResidentSetSize of job (KB)
...
006 (113493771.000.000) 2023-04-02 19:19:36 Image size of job updated: 5466644
	1349  -  MemoryUsage of job (MB)
	1380796  -  ResidentSetSize of job (KB)
...
006 (113493771.000.000) 2023-04-02 19:29:37 Image size of job updated: 5466644
	1353  -  MemoryUsage of job (MB)
	1384964  -  ResidentSetSize of job (KB)
...
006 (113493771.000.000) 2023-04-02 19:44:38 Image size of job updated: 5491000
	1357  -  MemoryUsage of job (MB)
	1388580  -  ResidentSetSize of job (KB)
...
006 (113493771.000.000) 2023-04-02 19:54:39 Image size of job updated: 5491000
	1362  -  MemoryUsage of job (MB)
	1393980  -  ResidentSetSize of job (KB)
...
006 (113493771.000.000) 2023-04-02 20:09:41 Image size of job updated: 5491000
	1366  -  MemoryUsage of job (MB)
	1398040  -  ResidentSetSize of job (KB)
...
006 (113493771.000.000) 2023-04-02 20:19:42 Image size of job updated: 5491000
	1371  -  MemoryUsage of job (MB)
	1403120  -  ResidentSetSize of job (KB)
...
006 (113493771.000.000) 2023-04-02 20:24:43 Image size of job updated: 5491000
	1371  -  MemoryUsage of job (MB)
	1403152  -  ResidentSetSize of job (KB)
...
006 (113493771.000.000) 2023-04-02 20:29:43 Image size of job updated: 5516368
	1372  -  MemoryUsage of job (MB)
	1404192  -  ResidentSetSize of job (KB)
...
006 (113493771.000.000) 2023-04-02 20:34:44 Image size of job updated: 5516368
	1372  -  MemoryUsage of job (MB)
	1404780  -  ResidentSetSize of job (KB)
...
006 (113493771.000.000) 2023-04-02 20:39:45 Image size of job updated: 5519872
	1376  -  MemoryUsage of job (MB)
	1408092  -  ResidentSetSize of job (KB)
...
006 (113493771.000.000) 2023-04-02 20:44:45 Image size of job updated: 5519872
	1377  -  MemoryUsage of job (MB)
	1409948  -  ResidentSetSize of job (KB)
...
006 (113493771.000.000) 2023-04-02 20:49:45 Image size of job updated: 5519872
	1380  -  MemoryUsage of job (MB)
	1412100  -  ResidentSetSize of job (KB)
...
006 (113493771.000.000) 2023-04-02 20:54:46 Image size of job updated: 5519872
	1381  -  MemoryUsage of job (MB)
	1413212  -  ResidentSetSize of job (KB)
...
006 (113493771.000.000) 2023-04-02 20:59:47 Image size of job updated: 5519872
	1384  -  MemoryUsage of job (MB)
	1416828  -  ResidentSetSize of job (KB)
...
006 (113493771.000.000) 2023-04-02 21:04:47 Image size of job updated: 5538080
	1386  -  MemoryUsage of job (MB)
	1418312  -  ResidentSetSize of job (KB)
...
006 (113493771.000.000) 2023-04-02 21:09:48 Image size of job updated: 5538080
	1388  -  MemoryUsage of job (MB)
	1420408  -  ResidentSetSize of job (KB)
...
006 (113493771.000.000) 2023-04-02 21:14:49 Image size of job updated: 5546088
	1392  -  MemoryUsage of job (MB)
	1425100  -  ResidentSetSize of job (KB)
...
006 (113493771.000.000) 2023-04-02 21:19:49 Image size of job updated: 5546088
	1393  -  MemoryUsage of job (MB)
	1426088  -  ResidentSetSize of job (KB)
...
006 (113493771.000.000) 2023-04-02 21:24:49 Image size of job updated: 5549840
	1397  -  MemoryUsage of job (MB)
	1429516  -  ResidentSetSize of job (KB)
...
006 (113493771.000.000) 2023-04-02 21:29:50 Image size of job updated: 5549840
	1399  -  MemoryUsage of job (MB)
	1431928  -  ResidentSetSize of job (KB)
...
006 (113493771.000.000) 2023-04-02 21:39:50 Image size of job updated: 5549840
	1404  -  MemoryUsage of job (MB)
	1436820  -  ResidentSetSize of job (KB)
...
006 (113493771.000.000) 2023-04-02 21:49:52 Image size of job updated: 5549840
	1408  -  MemoryUsage of job (MB)
	1441268  -  ResidentSetSize of job (KB)
...
006 (113493771.000.000) 2023-04-02 21:59:52 Image size of job updated: 5549840
	1410  -  MemoryUsage of job (MB)
	1443700  -  ResidentSetSize of job (KB)
...
006 (113493771.000.000) 2023-04-02 22:04:53 Image size of job updated: 5549840
	1412  -  MemoryUsage of job (MB)
	1445748  -  ResidentSetSize of job (KB)
...
006 (113493771.000.000) 2023-04-02 22:34:56 Image size of job updated: 5549840
	1419  -  MemoryUsage of job (MB)
	1452164  -  ResidentSetSize of job (KB)
...
006 (113493771.000.000) 2023-04-02 22:39:57 Image size of job updated: 5549840
	1421  -  MemoryUsage of job (MB)
	1454280  -  ResidentSetSize of job (KB)
...
006 (113493771.000.000) 2023-04-02 22:49:57 Image size of job updated: 5549840
	1423  -  MemoryUsage of job (MB)
	1457016  -  ResidentSetSize of job (KB)
...
006 (113493771.000.000) 2023-04-02 22:59:58 Image size of job updated: 5549840
	1426  -  MemoryUsage of job (MB)
	1459492  -  ResidentSetSize of job (KB)
...
006 (113493771.000.000) 2023-04-02 23:09:59 Image size of job updated: 5549840
	1427  -  MemoryUsage of job (MB)
	1461156  -  ResidentSetSize of job (KB)
...
006 (113493771.000.000) 2023-04-02 23:15:00 Image size of job updated: 5549840
	1429  -  MemoryUsage of job (MB)
	1463204  -  ResidentSetSize of job (KB)
...
006 (113493771.000.000) 2023-04-02 23:25:01 Image size of job updated: 5549840
	1432  -  MemoryUsage of job (MB)
	1465592  -  ResidentSetSize of job (KB)
...
006 (113493771.000.000) 2023-04-02 23:35:02 Image size of job updated: 5549840
	1433  -  MemoryUsage of job (MB)
	1466688  -  ResidentSetSize of job (KB)
...
006 (113493771.000.000) 2023-04-02 23:40:02 Image size of job updated: 5549840
	1435  -  MemoryUsage of job (MB)
	1468736  -  ResidentSetSize of job (KB)
...
006 (113493771.000.000) 2023-04-03 00:00:04 Image size of job updated: 5614320
	1438  -  MemoryUsage of job (MB)
	1472488  -  ResidentSetSize of job (KB)
...
006 (113493771.000.000) 2023-04-03 00:05:05 Image size of job updated: 5614320
	1456  -  MemoryUsage of job (MB)
	1490144  -  ResidentSetSize of job (KB)
...
006 (113493771.000.000) 2023-04-03 00:10:05 Image size of job updated: 5651108
	1456  -  MemoryUsage of job (MB)
	1490144  -  ResidentSetSize of job (KB)
...
006 (113493771.000.000) 2023-04-03 00:25:07 Image size of job updated: 5651108
	1480  -  MemoryUsage of job (MB)
	1515168  -  ResidentSetSize of job (KB)
...
006 (113493771.000.000) 2023-04-03 00:30:07 Image size of job updated: 5651108
	1482  -  MemoryUsage of job (MB)
	1517216  -  ResidentSetSize of job (KB)
...
006 (113493771.000.000) 2023-04-03 00:35:08 Image size of job updated: 5669840
	1483  -  MemoryUsage of job (MB)
	1517892  -  ResidentSetSize of job (KB)
...
006 (113493771.000.000) 2023-04-03 00:40:08 Image size of job updated: 5669840
	1485  -  MemoryUsage of job (MB)
	1519940  -  ResidentSetSize of job (KB)
...
006 (113493771.000.000) 2023-04-03 00:50:09 Image size of job updated: 5778780
	1489  -  MemoryUsage of job (MB)
	1523788  -  ResidentSetSize of job (KB)
...
006 (113493771.000.000) 2023-04-03 01:30:13 Image size of job updated: 5778780
	1497  -  MemoryUsage of job (MB)
	1532292  -  ResidentSetSize of job (KB)
...
006 (113493771.000.000) 2023-04-03 01:40:14 Image size of job updated: 5778780
	1497  -  MemoryUsage of job (MB)
	1532440  -  ResidentSetSize of job (KB)
...
006 (113493771.000.000) 2023-04-03 01:55:15 Image size of job updated: 5778780
	1498  -  MemoryUsage of job (MB)
	1533652  -  ResidentSetSize of job (KB)
...
006 (113493771.000.000) 2023-04-03 02:10:17 Image size of job updated: 5778780
	1500  -  MemoryUsage of job (MB)
	1535020  -  ResidentSetSize of job (KB)
...
006 (113493771.000.000) 2023-04-03 02:15:18 Image size of job updated: 5778780
	1503  -  MemoryUsage of job (MB)
	1538088  -  ResidentSetSize of job (KB)
...
006 (113493771.000.000) 2023-04-03 02:20:18 Image size of job updated: 5778780
	1505  -  MemoryUsage of job (MB)
	1540708  -  ResidentSetSize of job (KB)
...
006 (113493771.000.000) 2023-04-03 02:25:18 Image size of job updated: 5778780
	1520  -  MemoryUsage of job (MB)
	1555720  -  ResidentSetSize of job (KB)
...
006 (113493771.000.000) 2023-04-03 02:30:19 Image size of job updated: 5778780
	1521  -  MemoryUsage of job (MB)
	1556628  -  ResidentSetSize of job (KB)
...
006 (113493771.000.000) 2023-04-03 02:35:19 Image size of job updated: 5778780
	1633  -  MemoryUsage of job (MB)
	1671860  -  ResidentSetSize of job (KB)
...
006 (113493771.000.000) 2023-04-03 07:05:46 Image size of job updated: 5794884
	1633  -  MemoryUsage of job (MB)
	1671860  -  ResidentSetSize of job (KB)
...
006 (113493771.000.000) 2023-04-03 07:15:47 Image size of job updated: 5797148
	1633  -  MemoryUsage of job (MB)
	1671860  -  ResidentSetSize of job (KB)
...
006 (113493771.000.000) 2023-04-03 07:45:51 Image size of job updated: 5800660
	1633  -  MemoryUsage of job (MB)
	1671860  -  ResidentSetSize of job (KB)
...
006 (113493771.000.000) 2023-04-03 08:00:53 Image size of job updated: 5803668
	1633  -  MemoryUsage of job (MB)
	1671860  -  ResidentSetSize of job (KB)
...
006 (113493771.000.000) 2023-04-03 08:50:58 Image size of job updated: 5803924
	1633  -  MemoryUsage of job (MB)
	1671860  -  ResidentSetSize of job (KB)
...
006 (113493771.000.000) 2023-04-03 09:05:59 Image size of job updated: 5806164
	1633  -  MemoryUsage of job (MB)
	1671860  -  ResidentSetSize of job (KB)
...
006 (113493771.000.000) 2023-04-03 10:31:09 Image size of job updated: 5811184
	1633  -  MemoryUsage of job (MB)
	1671860  -  ResidentSetSize of job (KB)
...
006 (113493771.000.000) 2023-04-03 10:56:11 Image size of job updated: 5816176
	1633  -  MemoryUsage of job (MB)
	1671860  -  ResidentSetSize of job (KB)
...
006 (113493771.000.000) 2023-04-03 11:06:12 Image size of job updated: 5816176
	1746  -  MemoryUsage of job (MB)
	1787064  -  ResidentSetSize of job (KB)
...
006 (113493771.000.000) 2023-04-03 11:11:12 Image size of job updated: 5831764
	1746  -  MemoryUsage of job (MB)
	1787064  -  ResidentSetSize of job (KB)
...
006 (113493771.000.000) 2023-04-03 11:41:16 Image size of job updated: 5834764
	1746  -  MemoryUsage of job (MB)
	1787064  -  ResidentSetSize of job (KB)
...
006 (113493771.000.000) 2023-04-03 11:51:17 Image size of job updated: 5841748
	1746  -  MemoryUsage of job (MB)
	1787064  -  ResidentSetSize of job (KB)
...
006 (113493771.000.000) 2023-04-03 12:06:18 Image size of job updated: 5860424
	1746  -  MemoryUsage of job (MB)
	1787064  -  ResidentSetSize of job (KB)
...
006 (113493771.000.000) 2023-04-03 12:16:19 Image size of job updated: 5864688
	1746  -  MemoryUsage of job (MB)
	1787064  -  ResidentSetSize of job (KB)
...
006 (113493771.000.000) 2023-04-03 12:31:21 Image size of job updated: 6007096
	1746  -  MemoryUsage of job (MB)
	1787064  -  ResidentSetSize of job (KB)
...
004 (113493771.000.000) 2023-04-03 14:02:28 Job was evicted.
	(0) CPU times
		Usr 3 09:19:44, Sys 0 00:07:26  -  Run Remote Usage
		Usr 0 00:00:00, Sys 0 00:00:00  -  Run Local Usage
	0  -  Run Bytes Sent By Job
	366  -  Run Bytes Received By Job
	Partitionable Resources :    Usage  Request Allocated 
	   Cpus                 :     5.89        1         1 
	   Disk (KB)            :  3912      500000    624256 
	   GPUs                 :                           0 
	   Memory (MB)          :  1746       20000     20096 
...
040 (113493771.000.000) 2023-04-03 14:23:49 Started transferring input files
	Transferring to host: <10.14.3.37:9618?addrs=10.14.3.37-9618&alias=node537.cluster.ldas.cit&noUDP&sock=slot1_14_2389006_98b5_32234>
...
040 (113493771.000.000) 2023-04-03 14:23:49 Finished transferring input files
...
001 (113493771.000.000) 2023-04-03 14:23:50 Job executing on host: <10.14.3.37:9618?addrs=10.14.3.37-9618&alias=node537.cluster.ldas.cit&noUDP&sock=startd_2388970_4adf>
...
004 (113493771.000.000) 2023-04-03 15:50:06 Job was evicted.
	(0) CPU times
		Usr 0 05:57:19, Sys 0 00:00:42  -  Run Remote Usage
		Usr 0 00:00:00, Sys 0 00:00:00  -  Run Local Usage
	0  -  Run Bytes Sent By Job
	366  -  Run Bytes Received By Job
	Partitionable Resources :    Usage  Request Allocated 
	   Cpus                 :     6.95        1         1 
	   Disk (KB)            :  2727      500000    609620 
	   GPUs                 :                           0 
	   Memory (MB)          :  1954       20000     20096 
...
040 (113493771.000.000) 2023-04-03 15:51:26 Started transferring input files
	Transferring to host: <10.14.10.24:9618?addrs=10.14.10.24-9618&alias=node2274.cluster.ldas.cit&noUDP&sock=slot1_2_1638048_c02c_30556>
...
040 (113493771.000.000) 2023-04-03 15:51:26 Finished transferring input files
...
001 (113493771.000.000) 2023-04-03 15:51:27 Job executing on host: <10.14.10.24:9618?addrs=10.14.10.24-9618&alias=node2274.cluster.ldas.cit&noUDP&sock=startd_223416_5f1c>
...
004 (113493771.000.000) 2023-04-04 13:15:49 Job was evicted.
	(0) CPU times
		Usr 4 02:21:47, Sys 0 00:07:01  -  Run Remote Usage
		Usr 0 00:00:00, Sys 0 00:00:00  -  Run Local Usage
	0  -  Run Bytes Sent By Job
	366  -  Run Bytes Received By Job
	Partitionable Resources :    Usage  Request Allocated 
	   Cpus                 :     1.00        1         1 
	   Disk (KB)            :  3300      500000    624256 
	   GPUs                 :                           0 
	   Memory (MB)          :  1954       20000     20096 
...
040 (113493771.000.000) 2023-04-04 14:01:11 Started transferring input files
	Transferring to host: <10.14.10.67:9618?addrs=10.14.10.67-9618&alias=node2317.cluster.ldas.cit&noUDP&sock=slot1_3_995665_d081_7>
...
040 (113493771.000.000) 2023-04-04 14:01:11 Finished transferring input files
...
001 (113493771.000.000) 2023-04-04 14:01:12 Job executing on host: <10.14.10.67:9618?addrs=10.14.10.67-9618&alias=node2317.cluster.ldas.cit&noUDP&sock=startd_995621_c5b3>
...
006 (113493771.000.000) 2023-04-04 18:46:48 Image size of job updated: 7500000
	1965  -  MemoryUsage of job (MB)
	2012068  -  ResidentSetSize of job (KB)
...
006 (113493771.000.000) 2023-04-04 19:21:52 Image size of job updated: 7500000
	1994  -  MemoryUsage of job (MB)
	2041184  -  ResidentSetSize of job (KB)
...
006 (113493771.000.000) 2023-04-04 22:47:13 Image size of job updated: 7500000
	2084  -  MemoryUsage of job (MB)
	2133248  -  ResidentSetSize of job (KB)
...
004 (113493771.000.000) 2023-04-05 14:01:37 Job was evicted.
	(0) CPU times
		Usr 4 07:43:35, Sys 0 00:03:48  -  Run Remote Usage
		Usr 0 00:00:00, Sys 0 00:00:00  -  Run Local Usage
	0  -  Run Bytes Sent By Job
	366  -  Run Bytes Received By Job
	Partitionable Resources :    Usage  Request Allocated 
	   Cpus                 :     3.79        1         1 
	   Disk (KB)            :  3177      500000    624256 
	   GPUs                 :                           0 
	   Memory (MB)          :  2084       20000     20096 
...
040 (113493771.000.000) 2023-04-05 14:05:31 Started transferring input files
	Transferring to host: <10.14.3.47:9618?addrs=10.14.3.47-9618&alias=node547.cluster.ldas.cit&noUDP&sock=slot1_16_344813_b39f_35043>
...
040 (113493771.000.000) 2023-04-05 14:05:31 Finished transferring input files
...
001 (113493771.000.000) 2023-04-05 14:05:32 Job executing on host: <10.14.3.47:9618?addrs=10.14.3.47-9618&alias=node547.cluster.ldas.cit&noUDP&sock=startd_344776_3cbb>
...
004 (113493771.000.000) 2023-04-05 14:52:27 Job was evicted.
	(0) CPU times
		Usr 0 02:27:55, Sys 0 00:00:24  -  Run Remote Usage
		Usr 0 00:00:00, Sys 0 00:00:00  -  Run Local Usage
	0  -  Run Bytes Sent By Job
	366  -  Run Bytes Received By Job
	Partitionable Resources :    Usage  Request Allocated 
	   Cpus                 :     2.51        1         1 
	   Disk (KB)            :  2712      500000    609620 
	   GPUs                 :                           0 
	   Memory (MB)          :  2198       20000     20096 
...
009 (113493771.000.000) 2023-04-05 14:52:27 Job was aborted.
	removed because <OtherJobRemoveRequirements = DAGManJobId =?= 113493702> fired when job (113493702.0) was removed
...
000 (113587262.000.000) 2023-04-05 14:54:24 Job submitted from host: <10.14.0.160:9618?addrs=10.14.0.160-9618&alias=ldas-pcdev2.ligo.caltech.edu&noUDP&sock=schedd_7450_a8a7>
    DAG Node: 630
...
040 (113587262.000.000) 2023-04-05 15:01:03 Started transferring input files
	Transferring to host: <10.14.10.79:9618?addrs=10.14.10.79-9618&alias=node2329.cluster.ldas.cit&noUDP&sock=slot1_4_2626122_44df_1388>
...
040 (113587262.000.000) 2023-04-05 15:01:03 Finished transferring input files
...
001 (113587262.000.000) 2023-04-05 15:01:04 Job executing on host: <10.14.10.79:9618?addrs=10.14.10.79-9618&alias=node2329.cluster.ldas.cit&noUDP&sock=startd_2626080_07cf>
...
006 (113587262.000.000) 2023-04-05 15:01:12 Image size of job updated: 598384
	190  -  MemoryUsage of job (MB)
	194484  -  ResidentSetSize of job (KB)
...
006 (113587262.000.000) 2023-04-05 15:06:12 Image size of job updated: 5365108
	823  -  MemoryUsage of job (MB)
	842444  -  ResidentSetSize of job (KB)
...
006 (113587262.000.000) 2023-04-05 15:11:12 Image size of job updated: 5554060
	949  -  MemoryUsage of job (MB)
	971648  -  ResidentSetSize of job (KB)
...
006 (113587262.000.000) 2023-04-05 15:16:13 Image size of job updated: 5577360
	1026  -  MemoryUsage of job (MB)
	1050140  -  ResidentSetSize of job (KB)
...
006 (113587262.000.000) 2023-04-05 15:21:14 Image size of job updated: 6094120
	1305  -  MemoryUsage of job (MB)
	1336184  -  ResidentSetSize of job (KB)
...
006 (113587262.000.000) 2023-04-05 15:26:14 Image size of job updated: 6094120
	1390  -  MemoryUsage of job (MB)
	1422752  -  ResidentSetSize of job (KB)
...
006 (113587262.000.000) 2023-04-05 15:31:14 Image size of job updated: 6094120
	1434  -  MemoryUsage of job (MB)
	1467644  -  ResidentSetSize of job (KB)
...
006 (113587262.000.000) 2023-04-05 15:36:15 Image size of job updated: 6266120
	1434  -  MemoryUsage of job (MB)
	1467644  -  ResidentSetSize of job (KB)
...
006 (113587262.000.000) 2023-04-05 15:41:15 Image size of job updated: 6266120
	1450  -  MemoryUsage of job (MB)
	1484360  -  ResidentSetSize of job (KB)
...
006 (113587262.000.000) 2023-04-05 16:01:17 Image size of job updated: 6322772
	1463  -  MemoryUsage of job (MB)
	1497720  -  ResidentSetSize of job (KB)
...
006 (113587262.000.000) 2023-04-05 16:06:18 Image size of job updated: 6322772
	1464  -  MemoryUsage of job (MB)
	1498556  -  ResidentSetSize of job (KB)
...
006 (113587262.000.000) 2023-04-05 16:16:19 Image size of job updated: 6322772
	1516  -  MemoryUsage of job (MB)
	1552140  -  ResidentSetSize of job (KB)
...
006 (113587262.000.000) 2023-04-05 16:26:21 Image size of job updated: 6322772
	1559  -  MemoryUsage of job (MB)
	1595932  -  ResidentSetSize of job (KB)
...
006 (113587262.000.000) 2023-04-05 16:36:21 Image size of job updated: 6338184
	1559  -  MemoryUsage of job (MB)
	1595932  -  ResidentSetSize of job (KB)
...
006 (113587262.000.000) 2023-04-05 16:41:22 Image size of job updated: 6338184
	1596  -  MemoryUsage of job (MB)
	1633592  -  ResidentSetSize of job (KB)
...
006 (113587262.000.000) 2023-04-05 16:46:23 Image size of job updated: 6359520
	1596  -  MemoryUsage of job (MB)
	1633592  -  ResidentSetSize of job (KB)
...
006 (113587262.000.000) 2023-04-05 17:06:24 Image size of job updated: 6359520
	1828  -  MemoryUsage of job (MB)
	1871296  -  ResidentSetSize of job (KB)
...
006 (113587262.000.000) 2023-04-05 17:11:24 Image size of job updated: 6359520
	1877  -  MemoryUsage of job (MB)
	1921588  -  ResidentSetSize of job (KB)
...
006 (113587262.000.000) 2023-04-05 18:01:29 Image size of job updated: 6359520
	1944  -  MemoryUsage of job (MB)
	1989644  -  ResidentSetSize of job (KB)
...
006 (113587262.000.000) 2023-04-05 18:46:34 Image size of job updated: 6359520
	1954  -  MemoryUsage of job (MB)
	2000424  -  ResidentSetSize of job (KB)
...
006 (113587262.000.000) 2023-04-05 18:51:34 Image size of job updated: 6359520
	1987  -  MemoryUsage of job (MB)
	2034300  -  ResidentSetSize of job (KB)
...
006 (113587262.000.000) 2023-04-05 20:21:44 Image size of job updated: 6359520
	2015  -  MemoryUsage of job (MB)
	2063240  -  ResidentSetSize of job (KB)
...
006 (113587262.000.000) 2023-04-05 20:36:46 Image size of job updated: 6359520
	2035  -  MemoryUsage of job (MB)
	2082920  -  ResidentSetSize of job (KB)
...
006 (113587262.000.000) 2023-04-05 20:51:48 Image size of job updated: 6359520
	2052  -  MemoryUsage of job (MB)
	2100484  -  ResidentSetSize of job (KB)
...
006 (113587262.000.000) 2023-04-05 22:01:55 Image size of job updated: 6361320
	2052  -  MemoryUsage of job (MB)
	2100484  -  ResidentSetSize of job (KB)
...
006 (113587262.000.000) 2023-04-05 22:06:55 Image size of job updated: 6361320
	2085  -  MemoryUsage of job (MB)
	2134188  -  ResidentSetSize of job (KB)
...
006 (113587262.000.000) 2023-04-05 23:42:06 Image size of job updated: 6367944
	2085  -  MemoryUsage of job (MB)
	2134188  -  ResidentSetSize of job (KB)
...
006 (113587262.000.000) 2023-04-05 23:57:07 Image size of job updated: 6371808
	2085  -  MemoryUsage of job (MB)
	2134188  -  ResidentSetSize of job (KB)
...
006 (113587262.000.000) 2023-04-06 01:12:14 Image size of job updated: 6371808
	2190  -  MemoryUsage of job (MB)
	2242268  -  ResidentSetSize of job (KB)
...
006 (113587262.000.000) 2023-04-06 01:42:18 Image size of job updated: 6392032
	2190  -  MemoryUsage of job (MB)
	2242268  -  ResidentSetSize of job (KB)
...
006 (113587262.000.000) 2023-04-06 02:17:22 Image size of job updated: 6407304
	2190  -  MemoryUsage of job (MB)
	2242268  -  ResidentSetSize of job (KB)
...
006 (113587262.000.000) 2023-04-06 04:12:32 Image size of job updated: 6416692
	2190  -  MemoryUsage of job (MB)
	2242268  -  ResidentSetSize of job (KB)
...
006 (113587262.000.000) 2023-04-06 04:22:33 Image size of job updated: 6459296
	2190  -  MemoryUsage of job (MB)
	2242268  -  ResidentSetSize of job (KB)
...
006 (113587262.000.000) 2023-04-06 07:22:52 Image size of job updated: 6459296
	2339  -  MemoryUsage of job (MB)
	2394600  -  ResidentSetSize of job (KB)
...
006 (113587262.000.000) 2023-04-06 10:28:08 Image size of job updated: 6512324
	2339  -  MemoryUsage of job (MB)
	2394600  -  ResidentSetSize of job (KB)
...
006 (113587262.000.000) 2023-04-06 13:38:29 Image size of job updated: 6682292
	2339  -  MemoryUsage of job (MB)
	2394600  -  ResidentSetSize of job (KB)
...
006 (113587262.000.000) 2023-04-06 15:03:38 Image size of job updated: 6682292
	2380  -  MemoryUsage of job (MB)
	2436796  -  ResidentSetSize of job (KB)
...
004 (113587262.000.000) 2023-04-06 15:29:05 Job was evicted.
	(0) CPU times
		Usr 3 19:07:53, Sys 0 00:03:21  -  Run Remote Usage
		Usr 0 00:00:00, Sys 0 00:00:00  -  Run Local Usage
	0  -  Run Bytes Sent By Job
	366  -  Run Bytes Received By Job
	Partitionable Resources :    Usage  Request Allocated 
	   Cpus                 :     0.99        1         1 
	   Disk (KB)            :  3098      500000    624256 
	   GPUs                 :                           0 
	   Memory (MB)          :  2380       20000     20096 
...
040 (113587262.000.000) 2023-04-06 15:34:32 Started transferring input files
	Transferring to host: <10.14.9.180:9618?addrs=10.14.9.180-9618&alias=node2180.cluster.ldas.cit&noUDP&sock=slot1_1_4187183_f6b8_2558>
...
040 (113587262.000.000) 2023-04-06 15:34:32 Finished transferring input files
...
001 (113587262.000.000) 2023-04-06 15:34:33 Job executing on host: <10.14.9.180:9618?addrs=10.14.9.180-9618&alias=node2180.cluster.ldas.cit&noUDP&sock=startd_4187142_b80c>
...
004 (113587262.000.000) 2023-04-06 16:04:49 Job was evicted.
	(0) CPU times
		Usr 0 02:13:35, Sys 0 00:00:10  -  Run Remote Usage
		Usr 0 00:00:00, Sys 0 00:00:00  -  Run Local Usage
	0  -  Run Bytes Sent By Job
	366  -  Run Bytes Received By Job
	Partitionable Resources :    Usage  Request Allocated 
	   Cpus                 :     2.98        1         1 
	   Disk (KB)            :  2714      500000    609620 
	   GPUs                 :                           0 
	   Memory (MB)          :  2442       20000     20096 
...
009 (113587262.000.000) 2023-04-06 16:04:49 Job was aborted.
	removed because <OtherJobRemoveRequirements = DAGManJobId =?= 113587193> fired when job (113587193.0) was removed
...
000 (113604375.000.000) 2023-04-06 16:28:17 Job submitted from host: <10.14.0.160:9618?addrs=10.14.0.160-9618&alias=ldas-pcdev2.ligo.caltech.edu&noUDP&sock=schedd_7450_a8a7>
    DAG Node: 630
...
040 (113604375.000.000) 2023-04-06 16:41:02 Started transferring input files
	Transferring to host: <10.14.4.65:9618?addrs=10.14.4.65-9618&alias=node815.cluster.ldas.cit&noUDP&sock=slot1_11_2256477_ed48_904>
...
040 (113604375.000.000) 2023-04-06 16:41:02 Finished transferring input files
...
001 (113604375.000.000) 2023-04-06 16:41:03 Job executing on host: <10.14.4.65:9618?addrs=10.14.4.65-9618&alias=node815.cluster.ldas.cit&noUDP&sock=startd_2256435_4e67>
...
006 (113604375.000.000) 2023-04-06 16:41:12 Image size of job updated: 194448
	190  -  MemoryUsage of job (MB)
	194440  -  ResidentSetSize of job (KB)
...
006 (113604375.000.000) 2023-04-06 16:46:13 Image size of job updated: 5102872
	237  -  MemoryUsage of job (MB)
	242104  -  ResidentSetSize of job (KB)
...
006 (113604375.000.000) 2023-04-06 16:51:14 Image size of job updated: 5102872
	415  -  MemoryUsage of job (MB)
	424800  -  ResidentSetSize of job (KB)
...
006 (113604375.000.000) 2023-04-06 16:56:14 Image size of job updated: 5102872
	427  -  MemoryUsage of job (MB)
	436368  -  ResidentSetSize of job (KB)
...
006 (113604375.000.000) 2023-04-06 17:01:15 Image size of job updated: 5102872
	490  -  MemoryUsage of job (MB)
	501596  -  ResidentSetSize of job (KB)
...
006 (113604375.000.000) 2023-04-06 17:06:16 Image size of job updated: 5102872
	499  -  MemoryUsage of job (MB)
	510560  -  ResidentSetSize of job (KB)
...
006 (113604375.000.000) 2023-04-06 17:11:16 Image size of job updated: 5102872
	536  -  MemoryUsage of job (MB)
	548548  -  ResidentSetSize of job (KB)
...
006 (113604375.000.000) 2023-04-06 17:16:16 Image size of job updated: 5102872
	543  -  MemoryUsage of job (MB)
	555280  -  ResidentSetSize of job (KB)
...
006 (113604375.000.000) 2023-04-06 17:21:17 Image size of job updated: 5102872
	554  -  MemoryUsage of job (MB)
	566656  -  ResidentSetSize of job (KB)
...
006 (113604375.000.000) 2023-04-06 17:26:17 Image size of job updated: 5102872
	578  -  MemoryUsage of job (MB)
	591348  -  ResidentSetSize of job (KB)
...
006 (113604375.000.000) 2023-04-06 17:31:17 Image size of job updated: 5102872
	583  -  MemoryUsage of job (MB)
	596708  -  ResidentSetSize of job (KB)
...
006 (113604375.000.000) 2023-04-06 17:36:18 Image size of job updated: 5105232
	612  -  MemoryUsage of job (MB)
	625976  -  ResidentSetSize of job (KB)
...
006 (113604375.000.000) 2023-04-06 17:41:19 Image size of job updated: 5109000
	618  -  MemoryUsage of job (MB)
	632288  -  ResidentSetSize of job (KB)
...
006 (113604375.000.000) 2023-04-06 17:46:19 Image size of job updated: 5139112
	627  -  MemoryUsage of job (MB)
	641384  -  ResidentSetSize of job (KB)
...
006 (113604375.000.000) 2023-04-06 17:51:20 Image size of job updated: 5144888
	638  -  MemoryUsage of job (MB)
	652576  -  ResidentSetSize of job (KB)
...
006 (113604375.000.000) 2023-04-06 17:56:21 Image size of job updated: 5173804
	679  -  MemoryUsage of job (MB)
	694948  -  ResidentSetSize of job (KB)
...
006 (113604375.000.000) 2023-04-06 18:01:21 Image size of job updated: 5178820
	684  -  MemoryUsage of job (MB)
	700064  -  ResidentSetSize of job (KB)
...
006 (113604375.000.000) 2023-04-06 18:06:21 Image size of job updated: 5186644
	691  -  MemoryUsage of job (MB)
	707396  -  ResidentSetSize of job (KB)
...
006 (113604375.000.000) 2023-04-06 18:11:22 Image size of job updated: 5188364
	693  -  MemoryUsage of job (MB)
	709588  -  ResidentSetSize of job (KB)
...
006 (113604375.000.000) 2023-04-06 18:16:22 Image size of job updated: 5203728
	709  -  MemoryUsage of job (MB)
	725060  -  ResidentSetSize of job (KB)
...
006 (113604375.000.000) 2023-04-06 18:21:22 Image size of job updated: 5210640
	712  -  MemoryUsage of job (MB)
	728488  -  ResidentSetSize of job (KB)
...
006 (113604375.000.000) 2023-04-06 18:26:23 Image size of job updated: 5218676
	723  -  MemoryUsage of job (MB)
	739900  -  ResidentSetSize of job (KB)
...
006 (113604375.000.000) 2023-04-06 18:31:23 Image size of job updated: 5229940
	730  -  MemoryUsage of job (MB)
	746788  -  ResidentSetSize of job (KB)
...
006 (113604375.000.000) 2023-04-06 18:36:23 Image size of job updated: 5229940
	758  -  MemoryUsage of job (MB)
	775588  -  ResidentSetSize of job (KB)
...
006 (113604375.000.000) 2023-04-06 18:41:24 Image size of job updated: 5262480
	814  -  MemoryUsage of job (MB)
	832832  -  ResidentSetSize of job (KB)
...
006 (113604375.000.000) 2023-04-06 18:46:24 Image size of job updated: 5262480
	821  -  MemoryUsage of job (MB)
	840276  -  ResidentSetSize of job (KB)
...
006 (113604375.000.000) 2023-04-06 18:51:24 Image size of job updated: 5271596
	878  -  MemoryUsage of job (MB)
	898620  -  ResidentSetSize of job (KB)
...
006 (113604375.000.000) 2023-04-06 18:56:26 Image size of job updated: 5278956
	982  -  MemoryUsage of job (MB)
	1005096  -  ResidentSetSize of job (KB)
...
006 (113604375.000.000) 2023-04-06 19:01:26 Image size of job updated: 5279468
	983  -  MemoryUsage of job (MB)
	1005640  -  ResidentSetSize of job (KB)
...
006 (113604375.000.000) 2023-04-06 19:06:26 Image size of job updated: 5295348
	998  -  MemoryUsage of job (MB)
	1021584  -  ResidentSetSize of job (KB)
...
006 (113604375.000.000) 2023-04-06 19:11:27 Image size of job updated: 5308628
	1006  -  MemoryUsage of job (MB)
	1030124  -  ResidentSetSize of job (KB)
...
006 (113604375.000.000) 2023-04-06 19:16:27 Image size of job updated: 5342428
	1042  -  MemoryUsage of job (MB)
	1066228  -  ResidentSetSize of job (KB)
...
006 (113604375.000.000) 2023-04-06 20:01:32 Image size of job updated: 5360936
	1042  -  MemoryUsage of job (MB)
	1066228  -  ResidentSetSize of job (KB)
...
006 (113604375.000.000) 2023-04-06 20:46:37 Image size of job updated: 5368892
	1067  -  MemoryUsage of job (MB)
	1091608  -  ResidentSetSize of job (KB)
...
006 (113604375.000.000) 2023-04-06 20:56:39 Image size of job updated: 5372324
	1067  -  MemoryUsage of job (MB)
	1091608  -  ResidentSetSize of job (KB)
...
006 (113604375.000.000) 2023-04-06 21:11:40 Image size of job updated: 5382864
	1079  -  MemoryUsage of job (MB)
	1104884  -  ResidentSetSize of job (KB)
...
006 (113604375.000.000) 2023-04-06 21:16:40 Image size of job updated: 5382864
	1081  -  MemoryUsage of job (MB)
	1106932  -  ResidentSetSize of job (KB)
...
006 (113604375.000.000) 2023-04-06 21:21:40 Image size of job updated: 5383512
	1094  -  MemoryUsage of job (MB)
	1120100  -  ResidentSetSize of job (KB)
...
006 (113604375.000.000) 2023-04-06 21:26:41 Image size of job updated: 5398800
	1099  -  MemoryUsage of job (MB)
	1124364  -  ResidentSetSize of job (KB)
...
006 (113604375.000.000) 2023-04-06 21:31:42 Image size of job updated: 5406184
	1101  -  MemoryUsage of job (MB)
	1127040  -  ResidentSetSize of job (KB)
...
006 (113604375.000.000) 2023-04-06 21:36:42 Image size of job updated: 5415408
	1105  -  MemoryUsage of job (MB)
	1130744  -  ResidentSetSize of job (KB)
...
006 (113604375.000.000) 2023-04-06 21:46:44 Image size of job updated: 5480636
	1112  -  MemoryUsage of job (MB)
	1138496  -  ResidentSetSize of job (KB)
...
006 (113604375.000.000) 2023-04-06 21:51:44 Image size of job updated: 5480636
	1132  -  MemoryUsage of job (MB)
	1158720  -  ResidentSetSize of job (KB)
...
006 (113604375.000.000) 2023-04-06 22:01:45 Image size of job updated: 5480636
	1135  -  MemoryUsage of job (MB)
	1161340  -  ResidentSetSize of job (KB)
...
006 (113604375.000.000) 2023-04-06 22:06:45 Image size of job updated: 5480636
	1139  -  MemoryUsage of job (MB)
	1165356  -  ResidentSetSize of job (KB)
...
006 (113604375.000.000) 2023-04-06 22:26:47 Image size of job updated: 5525436
	1139  -  MemoryUsage of job (MB)
	1165356  -  ResidentSetSize of job (KB)
...
006 (113604375.000.000) 2023-04-06 22:31:48 Image size of job updated: 5525436
	1273  -  MemoryUsage of job (MB)
	1302792  -  ResidentSetSize of job (KB)
...
006 (113604375.000.000) 2023-04-06 22:36:49 Image size of job updated: 5525436
	1339  -  MemoryUsage of job (MB)
	1370244  -  ResidentSetSize of job (KB)
...
006 (113604375.000.000) 2023-04-06 22:41:49 Image size of job updated: 5525436
	1413  -  MemoryUsage of job (MB)
	1446844  -  ResidentSetSize of job (KB)
...
006 (113604375.000.000) 2023-04-06 23:06:53 Image size of job updated: 5525436
	1437  -  MemoryUsage of job (MB)
	1470792  -  ResidentSetSize of job (KB)
...
006 (113604375.000.000) 2023-04-06 23:21:55 Image size of job updated: 5586268
	1437  -  MemoryUsage of job (MB)
	1470792  -  ResidentSetSize of job (KB)
...
006 (113604375.000.000) 2023-04-06 23:36:56 Image size of job updated: 5586268
	1449  -  MemoryUsage of job (MB)
	1483280  -  ResidentSetSize of job (KB)
...
006 (113604375.000.000) 2023-04-06 23:46:56 Image size of job updated: 5586268
	1453  -  MemoryUsage of job (MB)
	1487356  -  ResidentSetSize of job (KB)
...
006 (113604375.000.000) 2023-04-06 23:51:57 Image size of job updated: 5586268
	1455  -  MemoryUsage of job (MB)
	1489152  -  ResidentSetSize of job (KB)
...
006 (113604375.000.000) 2023-04-06 23:56:57 Image size of job updated: 5602424
	1455  -  MemoryUsage of job (MB)
	1489152  -  ResidentSetSize of job (KB)
...
006 (113604375.000.000) 2023-04-07 00:11:58 Image size of job updated: 5632224
	1455  -  MemoryUsage of job (MB)
	1489152  -  ResidentSetSize of job (KB)
...
006 (113604375.000.000) 2023-04-07 00:21:59 Image size of job updated: 5634464
	1455  -  MemoryUsage of job (MB)
	1489152  -  ResidentSetSize of job (KB)
...
006 (113604375.000.000) 2023-04-07 00:37:01 Image size of job updated: 5634464
	1483  -  MemoryUsage of job (MB)
	1518544  -  ResidentSetSize of job (KB)
...
006 (113604375.000.000) 2023-04-07 00:47:02 Image size of job updated: 5640536
	1486  -  MemoryUsage of job (MB)
	1520724  -  ResidentSetSize of job (KB)
...
006 (113604375.000.000) 2023-04-07 00:57:04 Image size of job updated: 5640536
	1490  -  MemoryUsage of job (MB)
	1524820  -  ResidentSetSize of job (KB)
...
006 (113604375.000.000) 2023-04-07 01:07:05 Image size of job updated: 5640536
	1494  -  MemoryUsage of job (MB)
	1529620  -  ResidentSetSize of job (KB)
...
006 (113604375.000.000) 2023-04-07 01:12:06 Image size of job updated: 5640536
	1495  -  MemoryUsage of job (MB)
	1530664  -  ResidentSetSize of job (KB)
...
006 (113604375.000.000) 2023-04-07 01:17:06 Image size of job updated: 5654812
	1498  -  MemoryUsage of job (MB)
	1533716  -  ResidentSetSize of job (KB)
...
006 (113604375.000.000) 2023-04-07 01:27:08 Image size of job updated: 5654812
	1500  -  MemoryUsage of job (MB)
	1535244  -  ResidentSetSize of job (KB)
...
006 (113604375.000.000) 2023-04-07 01:32:08 Image size of job updated: 5654812
	1505  -  MemoryUsage of job (MB)
	1540836  -  ResidentSetSize of job (KB)
...
006 (113604375.000.000) 2023-04-07 01:37:09 Image size of job updated: 5654812
	1506  -  MemoryUsage of job (MB)
	1541460  -  ResidentSetSize of job (KB)
...
006 (113604375.000.000) 2023-04-07 01:42:10 Image size of job updated: 5654812
	1512  -  MemoryUsage of job (MB)
	1547708  -  ResidentSetSize of job (KB)
...
006 (113604375.000.000) 2023-04-07 01:52:11 Image size of job updated: 5654812
	1518  -  MemoryUsage of job (MB)
	1553972  -  ResidentSetSize of job (KB)
...
006 (113604375.000.000) 2023-04-07 02:27:15 Image size of job updated: 5654812
	1529  -  MemoryUsage of job (MB)
	1564984  -  ResidentSetSize of job (KB)
...
006 (113604375.000.000) 2023-04-07 02:37:15 Image size of job updated: 5654812
	1529  -  MemoryUsage of job (MB)
	1565336  -  ResidentSetSize of job (KB)
...
006 (113604375.000.000) 2023-04-07 02:42:16 Image size of job updated: 5654812
	1531  -  MemoryUsage of job (MB)
	1567244  -  ResidentSetSize of job (KB)
...
006 (113604375.000.000) 2023-04-07 02:47:16 Image size of job updated: 5654812
	1536  -  MemoryUsage of job (MB)
	1572472  -  ResidentSetSize of job (KB)
...
006 (113604375.000.000) 2023-04-07 02:52:16 Image size of job updated: 5654812
	1541  -  MemoryUsage of job (MB)
	1577504  -  ResidentSetSize of job (KB)
...
006 (113604375.000.000) 2023-04-07 03:02:17 Image size of job updated: 5712676
	1546  -  MemoryUsage of job (MB)
	1582084  -  ResidentSetSize of job (KB)
...
006 (113604375.000.000) 2023-04-07 03:07:17 Image size of job updated: 5712676
	1561  -  MemoryUsage of job (MB)
	1597488  -  ResidentSetSize of job (KB)
...
006 (113604375.000.000) 2023-04-07 04:27:27 Image size of job updated: 5723188
	1561  -  MemoryUsage of job (MB)
	1598036  -  ResidentSetSize of job (KB)
...
006 (113604375.000.000) 2023-04-07 04:42:29 Image size of job updated: 5763532
	1583  -  MemoryUsage of job (MB)
	1620844  -  ResidentSetSize of job (KB)
...
006 (113604375.000.000) 2023-04-07 04:47:30 Image size of job updated: 5763532
	1586  -  MemoryUsage of job (MB)
	1623196  -  ResidentSetSize of job (KB)
...
006 (113604375.000.000) 2023-04-07 04:52:31 Image size of job updated: 5763532
	1587  -  MemoryUsage of job (MB)
	1624096  -  ResidentSetSize of job (KB)
...
006 (113604375.000.000) 2023-04-07 05:57:38 Image size of job updated: 5763532
	1594  -  MemoryUsage of job (MB)
	1632176  -  ResidentSetSize of job (KB)
...
006 (113604375.000.000) 2023-04-07 06:07:39 Image size of job updated: 5763532
	1598  -  MemoryUsage of job (MB)
	1635800  -  ResidentSetSize of job (KB)
...
006 (113604375.000.000) 2023-04-07 06:17:39 Image size of job updated: 5779116
	1601  -  MemoryUsage of job (MB)
	1638504  -  ResidentSetSize of job (KB)
...
006 (113604375.000.000) 2023-04-07 06:37:42 Image size of job updated: 5779116
	1635  -  MemoryUsage of job (MB)
	1673508  -  ResidentSetSize of job (KB)
...
006 (113604375.000.000) 2023-04-07 07:02:44 Image size of job updated: 5786756
	1635  -  MemoryUsage of job (MB)
	1673508  -  ResidentSetSize of job (KB)
...
006 (113604375.000.000) 2023-04-07 07:32:47 Image size of job updated: 5786756
	1641  -  MemoryUsage of job (MB)
	1679788  -  ResidentSetSize of job (KB)
...
006 (113604375.000.000) 2023-04-07 07:57:50 Image size of job updated: 5794248
	1641  -  MemoryUsage of job (MB)
	1679788  -  ResidentSetSize of job (KB)
...
006 (113604375.000.000) 2023-04-07 08:12:52 Image size of job updated: 5820912
	1641  -  MemoryUsage of job (MB)
	1679788  -  ResidentSetSize of job (KB)
...
006 (113604375.000.000) 2023-04-07 09:07:58 Image size of job updated: 5820912
	1647  -  MemoryUsage of job (MB)
	1686512  -  ResidentSetSize of job (KB)
...
006 (113604375.000.000) 2023-04-07 09:12:59 Image size of job updated: 5823032
	1647  -  MemoryUsage of job (MB)
	1686512  -  ResidentSetSize of job (KB)
...
006 (113604375.000.000) 2023-04-07 09:28:01 Image size of job updated: 5823032
	1725  -  MemoryUsage of job (MB)
	1766252  -  ResidentSetSize of job (KB)
...
006 (113604375.000.000) 2023-04-07 09:43:02 Image size of job updated: 5900120
	1725  -  MemoryUsage of job (MB)
	1766252  -  ResidentSetSize of job (KB)
...
006 (113604375.000.000) 2023-04-07 11:23:10 Image size of job updated: 5926172
	1725  -  MemoryUsage of job (MB)
	1766252  -  ResidentSetSize of job (KB)
...
006 (113604375.000.000) 2023-04-07 14:03:27 Image size of job updated: 5926172
	1742  -  MemoryUsage of job (MB)
	1783560  -  ResidentSetSize of job (KB)
...
006 (113604375.000.000) 2023-04-07 15:53:36 Image size of job updated: 5926172
	1825  -  MemoryUsage of job (MB)
	1868160  -  ResidentSetSize of job (KB)
...
004 (113604375.000.000) 2023-04-07 16:59:53 Job was evicted.
	(0) CPU times
		Usr 3 12:36:15, Sys 0 00:06:25  -  Run Remote Usage
		Usr 0 00:00:00, Sys 0 00:00:00  -  Run Local Usage
	0  -  Run Bytes Sent By Job
	366  -  Run Bytes Received By Job
	Partitionable Resources :    Usage  Request Allocated 
	   Cpus                 :     4.98        1         1 
	   Disk (KB)            :  4196      500000    624256 
	   GPUs                 :                           0 
	   Memory (MB)          :  1825       20000     20096 
...
040 (113604375.000.000) 2023-04-07 17:01:11 Started transferring input files
	Transferring to host: <10.14.4.7:9618?addrs=10.14.4.7-9618&alias=node757.cluster.ldas.cit&noUDP&sock=slot1_2_1730395_90f7_9893>
...
040 (113604375.000.000) 2023-04-07 17:01:11 Finished transferring input files
...
001 (113604375.000.000) 2023-04-07 17:01:12 Job executing on host: <10.14.4.7:9618?addrs=10.14.4.7-9618&alias=node757.cluster.ldas.cit&noUDP&sock=startd_1730357_8e38>
...
004 (113604375.000.000) 2023-04-08 18:10:19 Job was evicted.
	(0) CPU times
		Usr 1 23:42:27, Sys 0 00:06:37  -  Run Remote Usage
		Usr 0 00:00:00, Sys 0 00:00:00  -  Run Local Usage
	0  -  Run Bytes Sent By Job
	366  -  Run Bytes Received By Job
	Partitionable Resources :    Usage  Request Allocated 
	   Cpus                 :     1.67        1         1 
	   Disk (KB)            :  2877      500000    609620 
	   GPUs                 :                           0 
	   Memory (MB)          :  1954       20000     20096 
...
040 (113604375.000.000) 2023-04-08 18:10:30 Started transferring input files
	Transferring to host: <10.14.10.103:9618?addrs=10.14.10.103-9618&alias=node2353.cluster.ldas.cit&noUDP&sock=slot1_7_43954_51b4_6248>
...
040 (113604375.000.000) 2023-04-08 18:10:30 Finished transferring input files
...
001 (113604375.000.000) 2023-04-08 18:10:31 Job executing on host: <10.14.10.103:9618?addrs=10.14.10.103-9618&alias=node2353.cluster.ldas.cit&noUDP&sock=startd_43913_3e73>
...
006 (113604375.000.000) 2023-04-09 01:21:28 Image size of job updated: 7500000
	2012  -  MemoryUsage of job (MB)
	2059792  -  ResidentSetSize of job (KB)
...
006 (113604375.000.000) 2023-04-09 03:01:38 Image size of job updated: 7500000
	2022  -  MemoryUsage of job (MB)
	2069768  -  ResidentSetSize of job (KB)
...
006 (113604375.000.000) 2023-04-09 09:17:18 Image size of job updated: 7500000
	2130  -  MemoryUsage of job (MB)
	2181048  -  ResidentSetSize of job (KB)
...
006 (113604375.000.000) 2023-04-09 12:42:39 Image size of job updated: 7500000
	2213  -  MemoryUsage of job (MB)
	2265404  -  ResidentSetSize of job (KB)
...
006 (113604375.000.000) 2023-04-09 13:47:45 Image size of job updated: 7500000
	2214  -  MemoryUsage of job (MB)
	2266292  -  ResidentSetSize of job (KB)
...
004 (113604375.000.000) 2023-04-09 18:22:54 Job was evicted.
	(0) CPU times
		Usr 4 02:41:02, Sys 0 00:03:59  -  Run Remote Usage
		Usr 0 00:00:00, Sys 0 00:00:00  -  Run Local Usage
	0  -  Run Bytes Sent By Job
	366  -  Run Bytes Received By Job
	Partitionable Resources :    Usage  Request Allocated 
	   Cpus                 :     0.99        1         1 
	   Disk (KB)            :  3534      500000    624256 
	   GPUs                 :                           0 
	   Memory (MB)          :  2214       20000     20096 
...
040 (113604375.000.000) 2023-04-09 18:27:24 Started transferring input files
	Transferring to host: <10.14.10.76:9618?addrs=10.14.10.76-9618&alias=node2326.cluster.ldas.cit&noUDP&sock=slot1_12_3662080_65ae_8952>
...
040 (113604375.000.000) 2023-04-09 18:27:24 Finished transferring input files
...
001 (113604375.000.000) 2023-04-09 18:27:25 Job executing on host: <10.14.10.76:9618?addrs=10.14.10.76-9618&alias=node2326.cluster.ldas.cit&noUDP&sock=startd_3662038_0d1c>
...
006 (113604375.000.000) 2023-04-10 11:39:22 Image size of job updated: 7500000
	2451  -  MemoryUsage of job (MB)
	2509052  -  ResidentSetSize of job (KB)
...
004 (113604375.000.000) 2023-04-10 21:26:53 Job was evicted.
	(0) CPU times
		Usr 3 11:24:09, Sys 0 00:03:12  -  Run Remote Usage
		Usr 0 00:00:00, Sys 0 00:00:00  -  Run Local Usage
	0  -  Run Bytes Sent By Job
	366  -  Run Bytes Received By Job
	Partitionable Resources :    Usage  Request Allocated 
	   Cpus                 :     5.31        1         1 
	   Disk (KB)            :  3586      500000    624256 
	   GPUs                 :                           0 
	   Memory (MB)          :  2451       20000     20096 
...
040 (113604375.000.000) 2023-04-10 21:27:53 Started transferring input files
	Transferring to host: <10.14.3.245:9618?addrs=10.14.3.245-9618&alias=node745.cluster.ldas.cit&noUDP&sock=slot1_19_1674053_87c4_13990>
...
040 (113604375.000.000) 2023-04-10 21:27:53 Finished transferring input files
...
001 (113604375.000.000) 2023-04-10 21:27:54 Job executing on host: <10.14.3.245:9618?addrs=10.14.3.245-9618&alias=node745.cluster.ldas.cit&noUDP&sock=startd_1674015_a13f>
...
006 (113604375.000.000) 2023-04-11 03:23:39 Image size of job updated: 19709204
	2686  -  MemoryUsage of job (MB)
	2750000  -  ResidentSetSize of job (KB)
...
040 (113604375.000.000) 2023-04-11 03:29:10 Started transferring output files
...
040 (113604375.000.000) 2023-04-11 03:29:10 Finished transferring output files
...
005 (113604375.000.000) 2023-04-11 03:29:10 Job terminated.
	(1) Normal termination (return value 0)
		Usr 0 13:07:06, Sys 0 00:04:45  -  Run Remote Usage
		Usr 0 00:00:00, Sys 0 00:00:00  -  Run Local Usage
		Usr 13 15:30:59, Sys 0 00:24:58  -  Total Remote Usage
		Usr 0 00:00:00, Sys 0 00:00:00  -  Total Local Usage
	2989217  -  Run Bytes Sent By Job
	366  -  Run Bytes Received By Job
	2989217  -  Total Bytes Sent By Job
	1830  -  Total Bytes Received By Job
	Partitionable Resources :    Usage  Request Allocated 
	   Cpus                 :     0.99        1         1 
	   Disk (KB)            :  2942      500000    609620 
	   GPUs                 :                           0 
	   Memory (MB)          :  2686       20000     20096 

	Job terminated of its own accord at 2023-04-11T10:29:10Z with exit-code 0.
...
