000 (113449676.000.000) 2023-03-29 17:01:32 Job submitted from host: <10.14.0.160:9618?addrs=10.14.0.160-9618&alias=ldas-pcdev2.ligo.caltech.edu&noUDP&sock=schedd_7450_a8a7>
    DAG Node: 669
...
040 (113449676.000.000) 2023-03-29 17:36:55 Started transferring input files
	Transferring to host: <10.14.9.194:9618?addrs=10.14.9.194-9618&alias=node2194.cluster.ldas.cit&noUDP&sock=slot1_2_189911_3ac4_88738>
...
040 (113449676.000.000) 2023-03-29 17:36:55 Finished transferring input files
...
001 (113449676.000.000) 2023-03-29 17:36:56 Job executing on host: <10.14.9.194:9618?addrs=10.14.9.194-9618&alias=node2194.cluster.ldas.cit&noUDP&sock=startd_189641_87e3>
...
006 (113449676.000.000) 2023-03-29 17:36:56 Image size of job updated: 1
	0  -  MemoryUsage of job (MB)
	0  -  ResidentSetSize of job (KB)
...
040 (113449676.000.000) 2023-03-29 17:36:56 Started transferring output files
...
040 (113449676.000.000) 2023-03-29 17:36:56 Finished transferring output files
...
005 (113449676.000.000) 2023-03-29 17:36:56 Job terminated.
	(1) Normal termination (return value 127)
		Usr 0 00:00:00, Sys 0 00:00:00  -  Run Remote Usage
		Usr 0 00:00:00, Sys 0 00:00:00  -  Run Local Usage
		Usr 0 00:00:00, Sys 0 00:00:00  -  Total Remote Usage
		Usr 0 00:00:00, Sys 0 00:00:00  -  Total Local Usage
	407  -  Run Bytes Sent By Job
	381  -  Run Bytes Received By Job
	407  -  Total Bytes Sent By Job
	381  -  Total Bytes Received By Job
	Partitionable Resources :    Usage  Request Allocated 
	   Cpus                 :                 1         1 
	   Disk (KB)            :       14   500000    561711 
	   GPUs                 :                           0 
	   Memory (MB)          :        0    20000     20096 

	Job terminated of its own accord at 2023-03-30T00:36:56Z with exit-code 127.
...
000 (113484596.000.000) 2023-04-01 14:23:05 Job submitted from host: <10.14.0.160:9618?addrs=10.14.0.160-9618&alias=ldas-pcdev2.ligo.caltech.edu&noUDP&sock=schedd_7450_a8a7>
    DAG Node: 669
...
040 (113484596.000.000) 2023-04-01 14:24:54 Started transferring input files
	Transferring to host: <10.14.4.20:9618?addrs=10.14.4.20-9618&alias=node770.cluster.ldas.cit&noUDP&sock=slot1_4_3604874_9858_4434>
...
040 (113484596.000.000) 2023-04-01 14:24:54 Finished transferring input files
...
001 (113484596.000.000) 2023-04-01 14:24:55 Job executing on host: <10.14.4.20:9618?addrs=10.14.4.20-9618&alias=node770.cluster.ldas.cit&noUDP&sock=startd_3604835_8d18>
...
006 (113484596.000.000) 2023-04-01 14:25:04 Image size of job updated: 194212
	102  -  MemoryUsage of job (MB)
	103980  -  ResidentSetSize of job (KB)
...
006 (113484596.000.000) 2023-04-01 14:30:05 Image size of job updated: 4400368
	385  -  MemoryUsage of job (MB)
	393924  -  ResidentSetSize of job (KB)
...
006 (113484596.000.000) 2023-04-01 14:35:05 Image size of job updated: 4484008
	385  -  MemoryUsage of job (MB)
	393924  -  ResidentSetSize of job (KB)
...
006 (113484596.000.000) 2023-04-01 14:55:07 Image size of job updated: 4484008
	419  -  MemoryUsage of job (MB)
	428548  -  ResidentSetSize of job (KB)
...
006 (113484596.000.000) 2023-04-01 15:00:07 Image size of job updated: 4484008
	421  -  MemoryUsage of job (MB)
	430280  -  ResidentSetSize of job (KB)
...
006 (113484596.000.000) 2023-04-01 15:05:08 Image size of job updated: 4484008
	456  -  MemoryUsage of job (MB)
	466220  -  ResidentSetSize of job (KB)
...
006 (113484596.000.000) 2023-04-01 15:10:08 Image size of job updated: 4484008
	457  -  MemoryUsage of job (MB)
	467352  -  ResidentSetSize of job (KB)
...
006 (113484596.000.000) 2023-04-01 15:15:08 Image size of job updated: 4484008
	461  -  MemoryUsage of job (MB)
	472052  -  ResidentSetSize of job (KB)
...
006 (113484596.000.000) 2023-04-01 15:20:10 Image size of job updated: 4484008
	509  -  MemoryUsage of job (MB)
	520924  -  ResidentSetSize of job (KB)
...
006 (113484596.000.000) 2023-04-01 15:25:10 Image size of job updated: 4484008
	511  -  MemoryUsage of job (MB)
	522620  -  ResidentSetSize of job (KB)
...
006 (113484596.000.000) 2023-04-01 15:30:10 Image size of job updated: 4484008
	521  -  MemoryUsage of job (MB)
	533212  -  ResidentSetSize of job (KB)
...
006 (113484596.000.000) 2023-04-01 15:35:11 Image size of job updated: 4484008
	666  -  MemoryUsage of job (MB)
	681008  -  ResidentSetSize of job (KB)
...
006 (113484596.000.000) 2023-04-01 15:40:12 Image size of job updated: 4484008
	750  -  MemoryUsage of job (MB)
	767968  -  ResidentSetSize of job (KB)
...
006 (113484596.000.000) 2023-04-01 15:45:12 Image size of job updated: 4484008
	791  -  MemoryUsage of job (MB)
	809412  -  ResidentSetSize of job (KB)
...
006 (113484596.000.000) 2023-04-01 15:50:13 Image size of job updated: 4484008
	806  -  MemoryUsage of job (MB)
	824824  -  ResidentSetSize of job (KB)
...
006 (113484596.000.000) 2023-04-01 16:00:14 Image size of job updated: 4484008
	820  -  MemoryUsage of job (MB)
	838996  -  ResidentSetSize of job (KB)
...
006 (113484596.000.000) 2023-04-01 16:05:14 Image size of job updated: 4484008
	821  -  MemoryUsage of job (MB)
	840024  -  ResidentSetSize of job (KB)
...
006 (113484596.000.000) 2023-04-01 16:15:15 Image size of job updated: 4484008
	832  -  MemoryUsage of job (MB)
	851584  -  ResidentSetSize of job (KB)
...
006 (113484596.000.000) 2023-04-01 16:20:15 Image size of job updated: 4484008
	832  -  MemoryUsage of job (MB)
	851800  -  ResidentSetSize of job (KB)
...
006 (113484596.000.000) 2023-04-01 16:25:16 Image size of job updated: 4493472
	864  -  MemoryUsage of job (MB)
	884408  -  ResidentSetSize of job (KB)
...
006 (113484596.000.000) 2023-04-01 16:30:17 Image size of job updated: 4494144
	866  -  MemoryUsage of job (MB)
	886336  -  ResidentSetSize of job (KB)
...
006 (113484596.000.000) 2023-04-01 16:35:17 Image size of job updated: 4536520
	907  -  MemoryUsage of job (MB)
	928756  -  ResidentSetSize of job (KB)
...
006 (113484596.000.000) 2023-04-01 16:40:18 Image size of job updated: 4536972
	907  -  MemoryUsage of job (MB)
	928768  -  ResidentSetSize of job (KB)
...
006 (113484596.000.000) 2023-04-01 17:00:20 Image size of job updated: 4545388
	907  -  MemoryUsage of job (MB)
	928768  -  ResidentSetSize of job (KB)
...
006 (113484596.000.000) 2023-04-01 17:10:20 Image size of job updated: 4553916
	907  -  MemoryUsage of job (MB)
	928768  -  ResidentSetSize of job (KB)
...
006 (113484596.000.000) 2023-04-01 17:20:22 Image size of job updated: 4562300
	907  -  MemoryUsage of job (MB)
	928768  -  ResidentSetSize of job (KB)
...
006 (113484596.000.000) 2023-04-01 17:35:24 Image size of job updated: 4571624
	907  -  MemoryUsage of job (MB)
	928768  -  ResidentSetSize of job (KB)
...
006 (113484596.000.000) 2023-04-01 17:55:26 Image size of job updated: 4571624
	1019  -  MemoryUsage of job (MB)
	1042772  -  ResidentSetSize of job (KB)
...
006 (113484596.000.000) 2023-04-01 18:20:28 Image size of job updated: 4622100
	1019  -  MemoryUsage of job (MB)
	1042772  -  ResidentSetSize of job (KB)
...
006 (113484596.000.000) 2023-04-01 18:30:29 Image size of job updated: 4627272
	1019  -  MemoryUsage of job (MB)
	1042772  -  ResidentSetSize of job (KB)
...
006 (113484596.000.000) 2023-04-01 19:05:34 Image size of job updated: 4651024
	1019  -  MemoryUsage of job (MB)
	1042772  -  ResidentSetSize of job (KB)
...
006 (113484596.000.000) 2023-04-01 19:15:35 Image size of job updated: 4651024
	1025  -  MemoryUsage of job (MB)
	1049344  -  ResidentSetSize of job (KB)
...
006 (113484596.000.000) 2023-04-01 19:20:35 Image size of job updated: 4653180
	1025  -  MemoryUsage of job (MB)
	1049344  -  ResidentSetSize of job (KB)
...
006 (113484596.000.000) 2023-04-01 19:35:36 Image size of job updated: 4662696
	1056  -  MemoryUsage of job (MB)
	1080416  -  ResidentSetSize of job (KB)
...
006 (113484596.000.000) 2023-04-01 19:40:37 Image size of job updated: 4662696
	1065  -  MemoryUsage of job (MB)
	1089920  -  ResidentSetSize of job (KB)
...
006 (113484596.000.000) 2023-04-01 19:45:38 Image size of job updated: 4669412
	1138  -  MemoryUsage of job (MB)
	1164688  -  ResidentSetSize of job (KB)
...
006 (113484596.000.000) 2023-04-01 20:30:44 Image size of job updated: 4714280
	1138  -  MemoryUsage of job (MB)
	1164688  -  ResidentSetSize of job (KB)
...
006 (113484596.000.000) 2023-04-01 20:45:45 Image size of job updated: 4714280
	1139  -  MemoryUsage of job (MB)
	1165360  -  ResidentSetSize of job (KB)
...
006 (113484596.000.000) 2023-04-01 20:55:46 Image size of job updated: 4725136
	1146  -  MemoryUsage of job (MB)
	1173344  -  ResidentSetSize of job (KB)
...
006 (113484596.000.000) 2023-04-01 21:00:47 Image size of job updated: 4725136
	1148  -  MemoryUsage of job (MB)
	1175264  -  ResidentSetSize of job (KB)
...
006 (113484596.000.000) 2023-04-01 21:05:48 Image size of job updated: 4731388
	1148  -  MemoryUsage of job (MB)
	1175264  -  ResidentSetSize of job (KB)
...
006 (113484596.000.000) 2023-04-01 21:10:48 Image size of job updated: 4731388
	1152  -  MemoryUsage of job (MB)
	1179456  -  ResidentSetSize of job (KB)
...
006 (113484596.000.000) 2023-04-01 21:20:49 Image size of job updated: 4743928
	1155  -  MemoryUsage of job (MB)
	1182024  -  ResidentSetSize of job (KB)
...
006 (113484596.000.000) 2023-04-01 21:25:49 Image size of job updated: 4743928
	1157  -  MemoryUsage of job (MB)
	1184592  -  ResidentSetSize of job (KB)
...
006 (113484596.000.000) 2023-04-01 21:35:50 Image size of job updated: 4743928
	1162  -  MemoryUsage of job (MB)
	1189120  -  ResidentSetSize of job (KB)
...
006 (113484596.000.000) 2023-04-01 21:45:51 Image size of job updated: 4743928
	1167  -  MemoryUsage of job (MB)
	1194704  -  ResidentSetSize of job (KB)
...
006 (113484596.000.000) 2023-04-01 21:55:53 Image size of job updated: 4760176
	1172  -  MemoryUsage of job (MB)
	1199356  -  ResidentSetSize of job (KB)
...
006 (113484596.000.000) 2023-04-01 22:05:54 Image size of job updated: 4761148
	1264  -  MemoryUsage of job (MB)
	1294324  -  ResidentSetSize of job (KB)
...
006 (113484596.000.000) 2023-04-01 22:35:57 Image size of job updated: 4783436
	1264  -  MemoryUsage of job (MB)
	1294324  -  ResidentSetSize of job (KB)
...
006 (113484596.000.000) 2023-04-01 22:50:59 Image size of job updated: 4787732
	1264  -  MemoryUsage of job (MB)
	1294324  -  ResidentSetSize of job (KB)
...
006 (113484596.000.000) 2023-04-01 23:06:01 Image size of job updated: 4794304
	1264  -  MemoryUsage of job (MB)
	1294324  -  ResidentSetSize of job (KB)
...
006 (113484596.000.000) 2023-04-01 23:21:02 Image size of job updated: 4801288
	1264  -  MemoryUsage of job (MB)
	1294324  -  ResidentSetSize of job (KB)
...
006 (113484596.000.000) 2023-04-01 23:56:06 Image size of job updated: 4807744
	1264  -  MemoryUsage of job (MB)
	1294324  -  ResidentSetSize of job (KB)
...
006 (113484596.000.000) 2023-04-02 00:26:08 Image size of job updated: 4814608
	1264  -  MemoryUsage of job (MB)
	1294324  -  ResidentSetSize of job (KB)
...
006 (113484596.000.000) 2023-04-02 00:36:09 Image size of job updated: 4832920
	1264  -  MemoryUsage of job (MB)
	1294324  -  ResidentSetSize of job (KB)
...
006 (113484596.000.000) 2023-04-02 00:56:12 Image size of job updated: 4835196
	1264  -  MemoryUsage of job (MB)
	1294324  -  ResidentSetSize of job (KB)
...
006 (113484596.000.000) 2023-04-02 01:31:15 Image size of job updated: 4850156
	1264  -  MemoryUsage of job (MB)
	1294324  -  ResidentSetSize of job (KB)
...
006 (113484596.000.000) 2023-04-02 01:46:17 Image size of job updated: 4857160
	1264  -  MemoryUsage of job (MB)
	1294324  -  ResidentSetSize of job (KB)
...
006 (113484596.000.000) 2023-04-02 02:11:19 Image size of job updated: 4858616
	1264  -  MemoryUsage of job (MB)
	1294324  -  ResidentSetSize of job (KB)
...
006 (113484596.000.000) 2023-04-02 02:41:22 Image size of job updated: 4864812
	1264  -  MemoryUsage of job (MB)
	1294324  -  ResidentSetSize of job (KB)
...
006 (113484596.000.000) 2023-04-02 03:16:25 Image size of job updated: 4874512
	1264  -  MemoryUsage of job (MB)
	1294324  -  ResidentSetSize of job (KB)
...
006 (113484596.000.000) 2023-04-02 03:21:26 Image size of job updated: 4874512
	1269  -  MemoryUsage of job (MB)
	1298932  -  ResidentSetSize of job (KB)
...
006 (113484596.000.000) 2023-04-02 03:26:26 Image size of job updated: 4900884
	1269  -  MemoryUsage of job (MB)
	1298932  -  ResidentSetSize of job (KB)
...
006 (113484596.000.000) 2023-04-02 03:56:30 Image size of job updated: 4901360
	1269  -  MemoryUsage of job (MB)
	1298932  -  ResidentSetSize of job (KB)
...
006 (113484596.000.000) 2023-04-02 04:41:34 Image size of job updated: 4915588
	1283  -  MemoryUsage of job (MB)
	1313460  -  ResidentSetSize of job (KB)
...
006 (113484596.000.000) 2023-04-02 04:46:35 Image size of job updated: 4915588
	1286  -  MemoryUsage of job (MB)
	1316548  -  ResidentSetSize of job (KB)
...
006 (113484596.000.000) 2023-04-02 04:56:36 Image size of job updated: 4918908
	1288  -  MemoryUsage of job (MB)
	1318268  -  ResidentSetSize of job (KB)
...
006 (113484596.000.000) 2023-04-02 05:11:37 Image size of job updated: 4919756
	1291  -  MemoryUsage of job (MB)
	1321048  -  ResidentSetSize of job (KB)
...
006 (113484596.000.000) 2023-04-02 05:16:38 Image size of job updated: 4919756
	1293  -  MemoryUsage of job (MB)
	1324020  -  ResidentSetSize of job (KB)
...
006 (113484596.000.000) 2023-04-02 05:26:38 Image size of job updated: 4922544
	1293  -  MemoryUsage of job (MB)
	1324020  -  ResidentSetSize of job (KB)
...
006 (113484596.000.000) 2023-04-02 05:56:42 Image size of job updated: 4940420
	1304  -  MemoryUsage of job (MB)
	1334656  -  ResidentSetSize of job (KB)
...
006 (113484596.000.000) 2023-04-02 06:01:42 Image size of job updated: 4940420
	1308  -  MemoryUsage of job (MB)
	1338384  -  ResidentSetSize of job (KB)
...
006 (113484596.000.000) 2023-04-02 06:06:43 Image size of job updated: 4940420
	1308  -  MemoryUsage of job (MB)
	1339372  -  ResidentSetSize of job (KB)
...
006 (113484596.000.000) 2023-04-02 06:41:47 Image size of job updated: 4949876
	1312  -  MemoryUsage of job (MB)
	1343360  -  ResidentSetSize of job (KB)
...
006 (113484596.000.000) 2023-04-02 07:46:54 Image size of job updated: 4949876
	1434  -  MemoryUsage of job (MB)
	1467932  -  ResidentSetSize of job (KB)
...
006 (113484596.000.000) 2023-04-02 09:12:02 Image size of job updated: 4953444
	1434  -  MemoryUsage of job (MB)
	1467932  -  ResidentSetSize of job (KB)
...
006 (113484596.000.000) 2023-04-02 09:42:06 Image size of job updated: 4957032
	1434  -  MemoryUsage of job (MB)
	1467932  -  ResidentSetSize of job (KB)
...
006 (113484596.000.000) 2023-04-02 09:57:07 Image size of job updated: 4966628
	1434  -  MemoryUsage of job (MB)
	1467932  -  ResidentSetSize of job (KB)
...
006 (113484596.000.000) 2023-04-02 10:07:07 Image size of job updated: 4968000
	1434  -  MemoryUsage of job (MB)
	1467932  -  ResidentSetSize of job (KB)
...
006 (113484596.000.000) 2023-04-02 11:02:13 Image size of job updated: 4975792
	1434  -  MemoryUsage of job (MB)
	1467932  -  ResidentSetSize of job (KB)
...
006 (113484596.000.000) 2023-04-02 11:17:14 Image size of job updated: 5000296
	1434  -  MemoryUsage of job (MB)
	1467932  -  ResidentSetSize of job (KB)
...
006 (113484596.000.000) 2023-04-02 11:32:16 Image size of job updated: 5005420
	1434  -  MemoryUsage of job (MB)
	1467932  -  ResidentSetSize of job (KB)
...
006 (113484596.000.000) 2023-04-02 11:47:18 Image size of job updated: 5005420
	1490  -  MemoryUsage of job (MB)
	1525400  -  ResidentSetSize of job (KB)
...
006 (113484596.000.000) 2023-04-02 12:02:19 Image size of job updated: 5005420
	1490  -  MemoryUsage of job (MB)
	1525676  -  ResidentSetSize of job (KB)
...
006 (113484596.000.000) 2023-04-02 12:32:22 Image size of job updated: 5006200
	1490  -  MemoryUsage of job (MB)
	1525676  -  ResidentSetSize of job (KB)
...
006 (113484596.000.000) 2023-04-02 12:47:24 Image size of job updated: 5012024
	1490  -  MemoryUsage of job (MB)
	1525676  -  ResidentSetSize of job (KB)
...
006 (113484596.000.000) 2023-04-02 13:02:25 Image size of job updated: 5017392
	1490  -  MemoryUsage of job (MB)
	1525676  -  ResidentSetSize of job (KB)
...
006 (113484596.000.000) 2023-04-02 13:47:31 Image size of job updated: 5018208
	1490  -  MemoryUsage of job (MB)
	1525676  -  ResidentSetSize of job (KB)
...
006 (113484596.000.000) 2023-04-02 14:02:32 Image size of job updated: 5021888
	1490  -  MemoryUsage of job (MB)
	1525676  -  ResidentSetSize of job (KB)
...
006 (113484596.000.000) 2023-04-02 14:37:36 Image size of job updated: 5035404
	1490  -  MemoryUsage of job (MB)
	1525676  -  ResidentSetSize of job (KB)
...
006 (113484596.000.000) 2023-04-02 14:57:37 Image size of job updated: 5044000
	1490  -  MemoryUsage of job (MB)
	1525676  -  ResidentSetSize of job (KB)
...
004 (113484596.000.000) 2023-04-02 15:01:10 Job was evicted.
	(0) CPU times
		Usr 2 09:15:50, Sys 0 00:17:05  -  Run Remote Usage
		Usr 0 00:00:00, Sys 0 00:00:00  -  Run Local Usage
	0  -  Run Bytes Sent By Job
	381  -  Run Bytes Received By Job
	Partitionable Resources :    Usage  Request Allocated 
	   Cpus                 :     2.47        1         1 
	   Disk (KB)            :  1502      500000    609620 
	   GPUs                 :                           0 
	   Memory (MB)          :  1490       20000     20096 
...
040 (113484596.000.000) 2023-04-02 15:03:42 Started transferring input files
	Transferring to host: <10.14.9.68:9618?addrs=10.14.9.68-9618&alias=node2068.cluster.ldas.cit&noUDP&sock=slot1_13_2089030_5e0f_4041>
...
040 (113484596.000.000) 2023-04-02 15:03:42 Finished transferring input files
...
001 (113484596.000.000) 2023-04-02 15:03:43 Job executing on host: <10.14.9.68:9618?addrs=10.14.9.68-9618&alias=node2068.cluster.ldas.cit&noUDP&sock=startd_2088992_55e8>
...
006 (113484596.000.000) 2023-04-02 15:26:02 Image size of job updated: 9159572
	1709  -  MemoryUsage of job (MB)
	1750000  -  ResidentSetSize of job (KB)
...
040 (113484596.000.000) 2023-04-02 15:26:02 Started transferring output files
...
040 (113484596.000.000) 2023-04-02 15:26:02 Finished transferring output files
...
005 (113484596.000.000) 2023-04-02 15:26:02 Job terminated.
	(1) Normal termination (return value 0)
		Usr 0 01:15:56, Sys 0 00:00:34  -  Run Remote Usage
		Usr 0 00:00:00, Sys 0 00:00:00  -  Run Local Usage
		Usr 2 10:31:46, Sys 0 00:17:39  -  Total Remote Usage
		Usr 0 00:00:00, Sys 0 00:00:00  -  Total Local Usage
	35481  -  Run Bytes Sent By Job
	381  -  Run Bytes Received By Job
	35481  -  Total Bytes Sent By Job
	762  -  Total Bytes Received By Job
	Partitionable Resources :    Usage  Request Allocated 
	   Cpus                 :     0.99        1         1 
	   Disk (KB)            :    58      500000    609620 
	   GPUs                 :                           0 
	   Memory (MB)          :  1709       20000     20096 

	Job terminated of its own accord at 2023-04-02T22:26:02Z with exit-code 0.
...
