000 (113449929.000.000) 2023-03-29 17:01:34 Job submitted from host: <10.14.0.160:9618?addrs=10.14.0.160-9618&alias=ldas-pcdev2.ligo.caltech.edu&noUDP&sock=schedd_7450_a8a7>
    DAG Node: 722
...
040 (113449929.000.000) 2023-03-29 17:41:34 Started transferring input files
	Transferring to host: <10.14.9.194:9618?addrs=10.14.9.194-9618&alias=node2194.cluster.ldas.cit&noUDP&sock=slot1_2_189911_3ac4_88982>
...
040 (113449929.000.000) 2023-03-29 17:41:34 Finished transferring input files
...
001 (113449929.000.000) 2023-03-29 17:41:35 Job executing on host: <10.14.9.194:9618?addrs=10.14.9.194-9618&alias=node2194.cluster.ldas.cit&noUDP&sock=startd_189641_87e3>
...
006 (113449929.000.000) 2023-03-29 17:41:35 Image size of job updated: 1
	0  -  MemoryUsage of job (MB)
	0  -  ResidentSetSize of job (KB)
...
040 (113449929.000.000) 2023-03-29 17:41:35 Started transferring output files
...
040 (113449929.000.000) 2023-03-29 17:41:35 Finished transferring output files
...
005 (113449929.000.000) 2023-03-29 17:41:35 Job terminated.
	(1) Normal termination (return value 127)
		Usr 0 00:00:00, Sys 0 00:00:00  -  Run Remote Usage
		Usr 0 00:00:00, Sys 0 00:00:00  -  Run Local Usage
		Usr 0 00:00:00, Sys 0 00:00:00  -  Total Remote Usage
		Usr 0 00:00:00, Sys 0 00:00:00  -  Total Local Usage
	407  -  Run Bytes Sent By Job
	366  -  Run Bytes Received By Job
	407  -  Total Bytes Sent By Job
	366  -  Total Bytes Received By Job
	Partitionable Resources :    Usage  Request Allocated 
	   Cpus                 :                 1         1 
	   Disk (KB)            :       14   500000    561711 
	   GPUs                 :                           0 
	   Memory (MB)          :        0    20000     20096 

	Job terminated of its own accord at 2023-03-30T00:41:35Z with exit-code 127.
...
000 (113484914.000.000) 2023-04-01 14:24:14 Job submitted from host: <10.14.0.160:9618?addrs=10.14.0.160-9618&alias=ldas-pcdev2.ligo.caltech.edu&noUDP&sock=schedd_7450_a8a7>
    DAG Node: 722
...
040 (113484914.000.000) 2023-04-01 14:29:25 Started transferring input files
	Transferring to host: <10.14.9.194:9618?addrs=10.14.9.194-9618&alias=node2194.cluster.ldas.cit&noUDP&sock=slot1_2_189911_3ac4_109113>
...
040 (113484914.000.000) 2023-04-01 14:29:25 Finished transferring input files
...
001 (113484914.000.000) 2023-04-01 14:29:26 Job executing on host: <10.14.9.194:9618?addrs=10.14.9.194-9618&alias=node2194.cluster.ldas.cit&noUDP&sock=startd_189641_87e3>
...
006 (113484914.000.000) 2023-04-01 14:29:26 Image size of job updated: 1
	0  -  MemoryUsage of job (MB)
	0  -  ResidentSetSize of job (KB)
...
040 (113484914.000.000) 2023-04-01 14:29:26 Started transferring output files
...
040 (113484914.000.000) 2023-04-01 14:29:26 Finished transferring output files
...
005 (113484914.000.000) 2023-04-01 14:29:26 Job terminated.
	(1) Normal termination (return value 127)
		Usr 0 00:00:00, Sys 0 00:00:00  -  Run Remote Usage
		Usr 0 00:00:00, Sys 0 00:00:00  -  Run Local Usage
		Usr 0 00:00:00, Sys 0 00:00:00  -  Total Remote Usage
		Usr 0 00:00:00, Sys 0 00:00:00  -  Total Local Usage
	411  -  Run Bytes Sent By Job
	366  -  Run Bytes Received By Job
	411  -  Total Bytes Sent By Job
	366  -  Total Bytes Received By Job
	Partitionable Resources :    Usage  Request Allocated 
	   Cpus                 :                 1         1 
	   Disk (KB)            :       14   500000    561711 
	   GPUs                 :                           0 
	   Memory (MB)          :        0    20000     20096 

	Job terminated of its own accord at 2023-04-01T21:29:26Z with exit-code 127.
...
000 (113485118.000.000) 2023-04-01 14:53:30 Job submitted from host: <10.14.0.160:9618?addrs=10.14.0.160-9618&alias=ldas-pcdev2.ligo.caltech.edu&noUDP&sock=schedd_7450_a8a7>
    DAG Node: 722
...
040 (113485118.000.000) 2023-04-01 15:00:08 Started transferring input files
	Transferring to host: <10.14.9.196:9618?addrs=10.14.9.196-9618&alias=node2196.cluster.ldas.cit&noUDP&sock=slot1_3_186547_fcbb_160775>
...
040 (113485118.000.000) 2023-04-01 15:00:08 Finished transferring input files
...
001 (113485118.000.000) 2023-04-01 15:00:09 Job executing on host: <10.14.9.196:9618?addrs=10.14.9.196-9618&alias=node2196.cluster.ldas.cit&noUDP&sock=startd_186508_8dac>
...
006 (113485118.000.000) 2023-04-01 15:00:09 Image size of job updated: 1
	0  -  MemoryUsage of job (MB)
	0  -  ResidentSetSize of job (KB)
...
040 (113485118.000.000) 2023-04-01 15:00:09 Started transferring output files
...
040 (113485118.000.000) 2023-04-01 15:00:09 Finished transferring output files
...
005 (113485118.000.000) 2023-04-01 15:00:09 Job terminated.
	(1) Normal termination (return value 127)
		Usr 0 00:00:00, Sys 0 00:00:00  -  Run Remote Usage
		Usr 0 00:00:00, Sys 0 00:00:00  -  Run Local Usage
		Usr 0 00:00:00, Sys 0 00:00:00  -  Total Remote Usage
		Usr 0 00:00:00, Sys 0 00:00:00  -  Total Local Usage
	403  -  Run Bytes Sent By Job
	366  -  Run Bytes Received By Job
	403  -  Total Bytes Sent By Job
	366  -  Total Bytes Received By Job
	Partitionable Resources :    Usage  Request Allocated 
	   Cpus                 :                 1         1 
	   Disk (KB)            :       15   500000    519527 
	   GPUs                 :                           0 
	   Memory (MB)          :        0    20000     20096 

	Job terminated of its own accord at 2023-04-01T22:00:09Z with exit-code 127.
...
000 (113493822.000.000) 2023-04-02 13:26:44 Job submitted from host: <10.14.0.160:9618?addrs=10.14.0.160-9618&alias=ldas-pcdev2.ligo.caltech.edu&noUDP&sock=schedd_7450_a8a7>
    DAG Node: 722
...
040 (113493822.000.000) 2023-04-02 13:31:20 Started transferring input files
	Transferring to host: <10.14.10.51:9618?addrs=10.14.10.51-9618&alias=node2301.cluster.ldas.cit&noUDP&sock=slot1_3_4182450_2317_27109>
...
040 (113493822.000.000) 2023-04-02 13:31:20 Finished transferring input files
...
001 (113493822.000.000) 2023-04-02 13:31:21 Job executing on host: <10.14.10.51:9618?addrs=10.14.10.51-9618&alias=node2301.cluster.ldas.cit&noUDP&sock=startd_99999_932d>
...
006 (113493822.000.000) 2023-04-02 13:31:30 Image size of job updated: 245548
	190  -  MemoryUsage of job (MB)
	194532  -  ResidentSetSize of job (KB)
...
006 (113493822.000.000) 2023-04-02 13:36:31 Image size of job updated: 5097508
	282  -  MemoryUsage of job (MB)
	288004  -  ResidentSetSize of job (KB)
...
006 (113493822.000.000) 2023-04-02 13:41:31 Image size of job updated: 5097508
	466  -  MemoryUsage of job (MB)
	476892  -  ResidentSetSize of job (KB)
...
006 (113493822.000.000) 2023-04-02 13:46:31 Image size of job updated: 5097508
	473  -  MemoryUsage of job (MB)
	483408  -  ResidentSetSize of job (KB)
...
006 (113493822.000.000) 2023-04-02 13:51:32 Image size of job updated: 5097508
	540  -  MemoryUsage of job (MB)
	552476  -  ResidentSetSize of job (KB)
...
006 (113493822.000.000) 2023-04-02 13:56:33 Image size of job updated: 5097508
	546  -  MemoryUsage of job (MB)
	558964  -  ResidentSetSize of job (KB)
...
006 (113493822.000.000) 2023-04-02 14:01:33 Image size of job updated: 5097508
	558  -  MemoryUsage of job (MB)
	570488  -  ResidentSetSize of job (KB)
...
006 (113493822.000.000) 2023-04-02 14:06:34 Image size of job updated: 5097508
	568  -  MemoryUsage of job (MB)
	580836  -  ResidentSetSize of job (KB)
...
006 (113493822.000.000) 2023-04-02 14:11:35 Image size of job updated: 5097508
	569  -  MemoryUsage of job (MB)
	582488  -  ResidentSetSize of job (KB)
...
006 (113493822.000.000) 2023-04-02 14:16:35 Image size of job updated: 5097508
	573  -  MemoryUsage of job (MB)
	585848  -  ResidentSetSize of job (KB)
...
006 (113493822.000.000) 2023-04-02 14:21:35 Image size of job updated: 5128836
	612  -  MemoryUsage of job (MB)
	626652  -  ResidentSetSize of job (KB)
...
006 (113493822.000.000) 2023-04-02 14:26:36 Image size of job updated: 5139460
	651  -  MemoryUsage of job (MB)
	666032  -  ResidentSetSize of job (KB)
...
006 (113493822.000.000) 2023-04-02 14:31:37 Image size of job updated: 5157228
	697  -  MemoryUsage of job (MB)
	713480  -  ResidentSetSize of job (KB)
...
006 (113493822.000.000) 2023-04-02 14:36:37 Image size of job updated: 5162792
	731  -  MemoryUsage of job (MB)
	748360  -  ResidentSetSize of job (KB)
...
006 (113493822.000.000) 2023-04-02 14:41:37 Image size of job updated: 5190664
	815  -  MemoryUsage of job (MB)
	834308  -  ResidentSetSize of job (KB)
...
006 (113493822.000.000) 2023-04-02 14:46:38 Image size of job updated: 5197328
	850  -  MemoryUsage of job (MB)
	870068  -  ResidentSetSize of job (KB)
...
006 (113493822.000.000) 2023-04-02 14:51:39 Image size of job updated: 5239812
	920  -  MemoryUsage of job (MB)
	941732  -  ResidentSetSize of job (KB)
...
006 (113493822.000.000) 2023-04-02 15:01:39 Image size of job updated: 5250240
	927  -  MemoryUsage of job (MB)
	949044  -  ResidentSetSize of job (KB)
...
006 (113493822.000.000) 2023-04-02 15:06:41 Image size of job updated: 5250240
	928  -  MemoryUsage of job (MB)
	949444  -  ResidentSetSize of job (KB)
...
006 (113493822.000.000) 2023-04-02 15:11:41 Image size of job updated: 5250456
	933  -  MemoryUsage of job (MB)
	955108  -  ResidentSetSize of job (KB)
...
006 (113493822.000.000) 2023-04-02 15:16:41 Image size of job updated: 5268424
	938  -  MemoryUsage of job (MB)
	959732  -  ResidentSetSize of job (KB)
...
006 (113493822.000.000) 2023-04-02 15:26:43 Image size of job updated: 5271832
	952  -  MemoryUsage of job (MB)
	974636  -  ResidentSetSize of job (KB)
...
006 (113493822.000.000) 2023-04-02 15:31:43 Image size of job updated: 5275200
	955  -  MemoryUsage of job (MB)
	977548  -  ResidentSetSize of job (KB)
...
006 (113493822.000.000) 2023-04-02 15:36:43 Image size of job updated: 5291256
	973  -  MemoryUsage of job (MB)
	995704  -  ResidentSetSize of job (KB)
...
006 (113493822.000.000) 2023-04-02 15:46:45 Image size of job updated: 5293816
	975  -  MemoryUsage of job (MB)
	998372  -  ResidentSetSize of job (KB)
...
006 (113493822.000.000) 2023-04-02 15:56:45 Image size of job updated: 5333484
	1046  -  MemoryUsage of job (MB)
	1070700  -  ResidentSetSize of job (KB)
...
006 (113493822.000.000) 2023-04-02 16:01:46 Image size of job updated: 5334444
	1108  -  MemoryUsage of job (MB)
	1134180  -  ResidentSetSize of job (KB)
...
006 (113493822.000.000) 2023-04-02 16:06:47 Image size of job updated: 5340508
	1224  -  MemoryUsage of job (MB)
	1253348  -  ResidentSetSize of job (KB)
...
006 (113493822.000.000) 2023-04-02 16:11:47 Image size of job updated: 5340508
	1267  -  MemoryUsage of job (MB)
	1297008  -  ResidentSetSize of job (KB)
...
006 (113493822.000.000) 2023-04-02 16:16:47 Image size of job updated: 5342644
	1267  -  MemoryUsage of job (MB)
	1297008  -  ResidentSetSize of job (KB)
...
006 (113493822.000.000) 2023-04-02 16:26:49 Image size of job updated: 5353140
	1273  -  MemoryUsage of job (MB)
	1303092  -  ResidentSetSize of job (KB)
...
006 (113493822.000.000) 2023-04-02 16:31:49 Image size of job updated: 5353140
	1273  -  MemoryUsage of job (MB)
	1303148  -  ResidentSetSize of job (KB)
...
006 (113493822.000.000) 2023-04-02 17:01:54 Image size of job updated: 5372328
	1298  -  MemoryUsage of job (MB)
	1328640  -  ResidentSetSize of job (KB)
...
006 (113493822.000.000) 2023-04-02 17:06:55 Image size of job updated: 5373184
	1299  -  MemoryUsage of job (MB)
	1329496  -  ResidentSetSize of job (KB)
...
006 (113493822.000.000) 2023-04-02 17:11:55 Image size of job updated: 5378748
	1304  -  MemoryUsage of job (MB)
	1335060  -  ResidentSetSize of job (KB)
...
006 (113493822.000.000) 2023-04-02 17:21:57 Image size of job updated: 5383984
	1309  -  MemoryUsage of job (MB)
	1340304  -  ResidentSetSize of job (KB)
...
006 (113493822.000.000) 2023-04-02 17:26:57 Image size of job updated: 5392768
	1309  -  MemoryUsage of job (MB)
	1340304  -  ResidentSetSize of job (KB)
...
006 (113493822.000.000) 2023-04-02 17:41:59 Image size of job updated: 5392768
	1314  -  MemoryUsage of job (MB)
	1345492  -  ResidentSetSize of job (KB)
...
006 (113493822.000.000) 2023-04-02 17:46:59 Image size of job updated: 5392900
	1315  -  MemoryUsage of job (MB)
	1345900  -  ResidentSetSize of job (KB)
...
006 (113493822.000.000) 2023-04-02 17:51:59 Image size of job updated: 5392900
	1317  -  MemoryUsage of job (MB)
	1347948  -  ResidentSetSize of job (KB)
...
006 (113493822.000.000) 2023-04-02 17:57:00 Image size of job updated: 5406404
	1322  -  MemoryUsage of job (MB)
	1353252  -  ResidentSetSize of job (KB)
...
006 (113493822.000.000) 2023-04-02 18:02:01 Image size of job updated: 5406404
	1323  -  MemoryUsage of job (MB)
	1354084  -  ResidentSetSize of job (KB)
...
006 (113493822.000.000) 2023-04-02 18:07:01 Image size of job updated: 5409460
	1328  -  MemoryUsage of job (MB)
	1359708  -  ResidentSetSize of job (KB)
...
006 (113493822.000.000) 2023-04-02 18:12:02 Image size of job updated: 5409460
	1330  -  MemoryUsage of job (MB)
	1361812  -  ResidentSetSize of job (KB)
...
006 (113493822.000.000) 2023-04-02 18:17:03 Image size of job updated: 5411504
	1332  -  MemoryUsage of job (MB)
	1363792  -  ResidentSetSize of job (KB)
...
006 (113493822.000.000) 2023-04-02 18:22:03 Image size of job updated: 5412256
	1333  -  MemoryUsage of job (MB)
	1364524  -  ResidentSetSize of job (KB)
...
006 (113493822.000.000) 2023-04-02 18:32:04 Image size of job updated: 5416176
	1339  -  MemoryUsage of job (MB)
	1370760  -  ResidentSetSize of job (KB)
...
006 (113493822.000.000) 2023-04-02 18:37:05 Image size of job updated: 5427792
	1342  -  MemoryUsage of job (MB)
	1373580  -  ResidentSetSize of job (KB)
...
006 (113493822.000.000) 2023-04-02 18:42:05 Image size of job updated: 5509584
	1349  -  MemoryUsage of job (MB)
	1380544  -  ResidentSetSize of job (KB)
...
006 (113493822.000.000) 2023-04-02 18:52:06 Image size of job updated: 5509584
	1353  -  MemoryUsage of job (MB)
	1385172  -  ResidentSetSize of job (KB)
...
006 (113493822.000.000) 2023-04-02 18:57:07 Image size of job updated: 5509584
	1354  -  MemoryUsage of job (MB)
	1386296  -  ResidentSetSize of job (KB)
...
006 (113493822.000.000) 2023-04-02 19:07:07 Image size of job updated: 5520240
	1354  -  MemoryUsage of job (MB)
	1386296  -  ResidentSetSize of job (KB)
...
006 (113493822.000.000) 2023-04-02 19:17:09 Image size of job updated: 5531380
	1368  -  MemoryUsage of job (MB)
	1400132  -  ResidentSetSize of job (KB)
...
006 (113493822.000.000) 2023-04-02 19:22:09 Image size of job updated: 5531380
	1369  -  MemoryUsage of job (MB)
	1401600  -  ResidentSetSize of job (KB)
...
006 (113493822.000.000) 2023-04-02 19:32:11 Image size of job updated: 5531380
	1372  -  MemoryUsage of job (MB)
	1404164  -  ResidentSetSize of job (KB)
...
006 (113493822.000.000) 2023-04-02 19:37:11 Image size of job updated: 5531380
	1376  -  MemoryUsage of job (MB)
	1408592  -  ResidentSetSize of job (KB)
...
006 (113493822.000.000) 2023-04-02 19:47:12 Image size of job updated: 5531380
	1397  -  MemoryUsage of job (MB)
	1429644  -  ResidentSetSize of job (KB)
...
006 (113493822.000.000) 2023-04-02 19:52:13 Image size of job updated: 5531380
	1399  -  MemoryUsage of job (MB)
	1431844  -  ResidentSetSize of job (KB)
...
006 (113493822.000.000) 2023-04-02 19:57:13 Image size of job updated: 5531380
	1401  -  MemoryUsage of job (MB)
	1433892  -  ResidentSetSize of job (KB)
...
006 (113493822.000.000) 2023-04-02 20:02:14 Image size of job updated: 5580968
	1404  -  MemoryUsage of job (MB)
	1437424  -  ResidentSetSize of job (KB)
...
006 (113493822.000.000) 2023-04-02 20:12:15 Image size of job updated: 5580968
	1408  -  MemoryUsage of job (MB)
	1441012  -  ResidentSetSize of job (KB)
...
006 (113493822.000.000) 2023-04-02 20:17:15 Image size of job updated: 5580968
	1411  -  MemoryUsage of job (MB)
	1444300  -  ResidentSetSize of job (KB)
...
006 (113493822.000.000) 2023-04-02 20:22:16 Image size of job updated: 5580968
	1415  -  MemoryUsage of job (MB)
	1448344  -  ResidentSetSize of job (KB)
...
006 (113493822.000.000) 2023-04-02 20:27:17 Image size of job updated: 5595048
	1418  -  MemoryUsage of job (MB)
	1451512  -  ResidentSetSize of job (KB)
...
006 (113493822.000.000) 2023-04-02 20:32:17 Image size of job updated: 5595048
	1420  -  MemoryUsage of job (MB)
	1453584  -  ResidentSetSize of job (KB)
...
006 (113493822.000.000) 2023-04-02 20:47:19 Image size of job updated: 5595048
	1430  -  MemoryUsage of job (MB)
	1464188  -  ResidentSetSize of job (KB)
...
006 (113493822.000.000) 2023-04-02 20:57:19 Image size of job updated: 5595048
	1456  -  MemoryUsage of job (MB)
	1490208  -  ResidentSetSize of job (KB)
...
006 (113493822.000.000) 2023-04-02 21:02:20 Image size of job updated: 5595048
	1472  -  MemoryUsage of job (MB)
	1506984  -  ResidentSetSize of job (KB)
...
006 (113493822.000.000) 2023-04-02 21:37:23 Image size of job updated: 5704356
	1513  -  MemoryUsage of job (MB)
	1548752  -  ResidentSetSize of job (KB)
...
006 (113493822.000.000) 2023-04-02 21:42:24 Image size of job updated: 5704356
	1524  -  MemoryUsage of job (MB)
	1560188  -  ResidentSetSize of job (KB)
...
006 (113493822.000.000) 2023-04-02 21:47:25 Image size of job updated: 5704356
	1534  -  MemoryUsage of job (MB)
	1570108  -  ResidentSetSize of job (KB)
...
006 (113493822.000.000) 2023-04-02 21:52:25 Image size of job updated: 5704356
	1549  -  MemoryUsage of job (MB)
	1586116  -  ResidentSetSize of job (KB)
...
006 (113493822.000.000) 2023-04-02 21:57:25 Image size of job updated: 5704356
	1553  -  MemoryUsage of job (MB)
	1589940  -  ResidentSetSize of job (KB)
...
006 (113493822.000.000) 2023-04-02 22:17:27 Image size of job updated: 5704356
	1555  -  MemoryUsage of job (MB)
	1592048  -  ResidentSetSize of job (KB)
...
006 (113493822.000.000) 2023-04-02 22:22:28 Image size of job updated: 5778728
	1555  -  MemoryUsage of job (MB)
	1592048  -  ResidentSetSize of job (KB)
...
006 (113493822.000.000) 2023-04-02 22:37:29 Image size of job updated: 5778728
	1555  -  MemoryUsage of job (MB)
	1592296  -  ResidentSetSize of job (KB)
...
006 (113493822.000.000) 2023-04-02 22:42:31 Image size of job updated: 5778728
	1563  -  MemoryUsage of job (MB)
	1599980  -  ResidentSetSize of job (KB)
...
006 (113493822.000.000) 2023-04-02 22:52:31 Image size of job updated: 5778728
	1567  -  MemoryUsage of job (MB)
	1604548  -  ResidentSetSize of job (KB)
...
006 (113493822.000.000) 2023-04-02 22:57:32 Image size of job updated: 5778728
	1585  -  MemoryUsage of job (MB)
	1622696  -  ResidentSetSize of job (KB)
...
006 (113493822.000.000) 2023-04-02 23:02:33 Image size of job updated: 5778728
	1588  -  MemoryUsage of job (MB)
	1625400  -  ResidentSetSize of job (KB)
...
006 (113493822.000.000) 2023-04-02 23:07:33 Image size of job updated: 5778728
	1591  -  MemoryUsage of job (MB)
	1629096  -  ResidentSetSize of job (KB)
...
006 (113493822.000.000) 2023-04-03 00:27:42 Image size of job updated: 5810832
	1593  -  MemoryUsage of job (MB)
	1630808  -  ResidentSetSize of job (KB)
...
006 (113493822.000.000) 2023-04-03 00:37:43 Image size of job updated: 5810832
	1596  -  MemoryUsage of job (MB)
	1633660  -  ResidentSetSize of job (KB)
...
006 (113493822.000.000) 2023-04-03 00:52:45 Image size of job updated: 5810832
	1605  -  MemoryUsage of job (MB)
	1643500  -  ResidentSetSize of job (KB)
...
006 (113493822.000.000) 2023-04-03 00:57:45 Image size of job updated: 5810832
	1607  -  MemoryUsage of job (MB)
	1645548  -  ResidentSetSize of job (KB)
...
006 (113493822.000.000) 2023-04-03 01:07:47 Image size of job updated: 5810832
	1608  -  MemoryUsage of job (MB)
	1646192  -  ResidentSetSize of job (KB)
...
006 (113493822.000.000) 2023-04-03 01:37:49 Image size of job updated: 5818092
	1608  -  MemoryUsage of job (MB)
	1646192  -  ResidentSetSize of job (KB)
...
006 (113493822.000.000) 2023-04-03 01:42:50 Image size of job updated: 5818092
	1613  -  MemoryUsage of job (MB)
	1651420  -  ResidentSetSize of job (KB)
...
006 (113493822.000.000) 2023-04-03 01:47:50 Image size of job updated: 5818092
	1614  -  MemoryUsage of job (MB)
	1652656  -  ResidentSetSize of job (KB)
...
006 (113493822.000.000) 2023-04-03 01:57:51 Image size of job updated: 5818092
	1616  -  MemoryUsage of job (MB)
	1654704  -  ResidentSetSize of job (KB)
...
006 (113493822.000.000) 2023-04-03 02:02:52 Image size of job updated: 5818092
	1622  -  MemoryUsage of job (MB)
	1660336  -  ResidentSetSize of job (KB)
...
006 (113493822.000.000) 2023-04-03 02:37:56 Image size of job updated: 5818092
	1627  -  MemoryUsage of job (MB)
	1665036  -  ResidentSetSize of job (KB)
...
006 (113493822.000.000) 2023-04-03 02:42:56 Image size of job updated: 5818092
	1631  -  MemoryUsage of job (MB)
	1669596  -  ResidentSetSize of job (KB)
...
006 (113493822.000.000) 2023-04-03 02:47:56 Image size of job updated: 5818092
	1634  -  MemoryUsage of job (MB)
	1672704  -  ResidentSetSize of job (KB)
...
006 (113493822.000.000) 2023-04-03 02:52:57 Image size of job updated: 5818092
	1638  -  MemoryUsage of job (MB)
	1676552  -  ResidentSetSize of job (KB)
...
006 (113493822.000.000) 2023-04-03 03:07:59 Image size of job updated: 5878980
	1638  -  MemoryUsage of job (MB)
	1676552  -  ResidentSetSize of job (KB)
...
006 (113493822.000.000) 2023-04-03 03:18:00 Image size of job updated: 5878980
	1643  -  MemoryUsage of job (MB)
	1681532  -  ResidentSetSize of job (KB)
...
006 (113493822.000.000) 2023-04-03 03:28:01 Image size of job updated: 5878980
	1644  -  MemoryUsage of job (MB)
	1683324  -  ResidentSetSize of job (KB)
...
006 (113493822.000.000) 2023-04-03 04:03:04 Image size of job updated: 5891148
	1644  -  MemoryUsage of job (MB)
	1683324  -  ResidentSetSize of job (KB)
...
006 (113493822.000.000) 2023-04-03 04:33:08 Image size of job updated: 5891148
	1646  -  MemoryUsage of job (MB)
	1684704  -  ResidentSetSize of job (KB)
...
006 (113493822.000.000) 2023-04-03 04:38:08 Image size of job updated: 5891148
	1665  -  MemoryUsage of job (MB)
	1704288  -  ResidentSetSize of job (KB)
...
006 (113493822.000.000) 2023-04-03 05:03:12 Image size of job updated: 5898028
	1665  -  MemoryUsage of job (MB)
	1704288  -  ResidentSetSize of job (KB)
...
006 (113493822.000.000) 2023-04-03 05:33:14 Image size of job updated: 5898028
	1668  -  MemoryUsage of job (MB)
	1707724  -  ResidentSetSize of job (KB)
...
006 (113493822.000.000) 2023-04-03 05:38:15 Image size of job updated: 5898028
	1671  -  MemoryUsage of job (MB)
	1710256  -  ResidentSetSize of job (KB)
...
006 (113493822.000.000) 2023-04-03 05:58:18 Image size of job updated: 5912620
	1671  -  MemoryUsage of job (MB)
	1710256  -  ResidentSetSize of job (KB)
...
006 (113493822.000.000) 2023-04-03 06:08:18 Image size of job updated: 5918540
	1679  -  MemoryUsage of job (MB)
	1718796  -  ResidentSetSize of job (KB)
...
006 (113493822.000.000) 2023-04-03 06:18:20 Image size of job updated: 5918540
	1679  -  MemoryUsage of job (MB)
	1719060  -  ResidentSetSize of job (KB)
...
006 (113493822.000.000) 2023-04-03 06:23:20 Image size of job updated: 5918540
	1681  -  MemoryUsage of job (MB)
	1721048  -  ResidentSetSize of job (KB)
...
006 (113493822.000.000) 2023-04-03 06:33:21 Image size of job updated: 5942404
	1682  -  MemoryUsage of job (MB)
	1722080  -  ResidentSetSize of job (KB)
...
006 (113493822.000.000) 2023-04-03 06:43:22 Image size of job updated: 5942404
	1687  -  MemoryUsage of job (MB)
	1726664  -  ResidentSetSize of job (KB)
...
006 (113493822.000.000) 2023-04-03 06:48:23 Image size of job updated: 5942404
	1691  -  MemoryUsage of job (MB)
	1731196  -  ResidentSetSize of job (KB)
...
006 (113493822.000.000) 2023-04-03 06:58:24 Image size of job updated: 5945448
	1691  -  MemoryUsage of job (MB)
	1731196  -  ResidentSetSize of job (KB)
...
006 (113493822.000.000) 2023-04-03 08:23:33 Image size of job updated: 5945448
	1691  -  MemoryUsage of job (MB)
	1731368  -  ResidentSetSize of job (KB)
...
006 (113493822.000.000) 2023-04-03 08:28:33 Image size of job updated: 5945448
	1696  -  MemoryUsage of job (MB)
	1736656  -  ResidentSetSize of job (KB)
...
006 (113493822.000.000) 2023-04-03 08:48:35 Image size of job updated: 5945448
	1705  -  MemoryUsage of job (MB)
	1745544  -  ResidentSetSize of job (KB)
...
006 (113493822.000.000) 2023-04-03 08:58:37 Image size of job updated: 5945448
	1706  -  MemoryUsage of job (MB)
	1746424  -  ResidentSetSize of job (KB)
...
006 (113493822.000.000) 2023-04-03 09:08:37 Image size of job updated: 5945448
	1712  -  MemoryUsage of job (MB)
	1752812  -  ResidentSetSize of job (KB)
...
006 (113493822.000.000) 2023-04-03 09:13:38 Image size of job updated: 5973692
	1714  -  MemoryUsage of job (MB)
	1754256  -  ResidentSetSize of job (KB)
...
006 (113493822.000.000) 2023-04-03 09:18:39 Image size of job updated: 5973692
	1739  -  MemoryUsage of job (MB)
	1780248  -  ResidentSetSize of job (KB)
...
006 (113493822.000.000) 2023-04-03 10:13:44 Image size of job updated: 5976660
	1739  -  MemoryUsage of job (MB)
	1780248  -  ResidentSetSize of job (KB)
...
006 (113493822.000.000) 2023-04-03 10:58:49 Image size of job updated: 5980760
	1739  -  MemoryUsage of job (MB)
	1780248  -  ResidentSetSize of job (KB)
...
006 (113493822.000.000) 2023-04-03 12:13:56 Image size of job updated: 5995824
	1739  -  MemoryUsage of job (MB)
	1780248  -  ResidentSetSize of job (KB)
...
006 (113493822.000.000) 2023-04-03 12:43:58 Image size of job updated: 6014816
	1739  -  MemoryUsage of job (MB)
	1780248  -  ResidentSetSize of job (KB)
...
006 (113493822.000.000) 2023-04-03 13:04:00 Image size of job updated: 6014816
	1740  -  MemoryUsage of job (MB)
	1781568  -  ResidentSetSize of job (KB)
...
006 (113493822.000.000) 2023-04-03 13:09:01 Image size of job updated: 6014816
	1742  -  MemoryUsage of job (MB)
	1783720  -  ResidentSetSize of job (KB)
...
004 (113493822.000.000) 2023-04-03 13:32:05 Job was evicted.
	(0) CPU times
		Usr 4 08:53:04, Sys 0 00:06:24  -  Run Remote Usage
		Usr 0 00:00:00, Sys 0 00:00:00  -  Run Local Usage
	0  -  Run Bytes Sent By Job
	366  -  Run Bytes Received By Job
	Partitionable Resources :    Usage  Request Allocated 
	   Cpus                 :     7.79        1         1 
	   Disk (KB)            :  4075      500000    613126 
	   GPUs                 :                           0 
	   Memory (MB)          :  1742       20000     20096 
...
040 (113493822.000.000) 2023-04-03 13:42:37 Started transferring input files
	Transferring to host: <10.14.9.198:9618?addrs=10.14.9.198-9618&alias=node2198.cluster.ldas.cit&noUDP&sock=slot1_6_187610_f786_133584>
...
040 (113493822.000.000) 2023-04-03 13:42:37 Finished transferring input files
...
001 (113493822.000.000) 2023-04-03 13:42:38 Job executing on host: <10.14.9.198:9618?addrs=10.14.9.198-9618&alias=node2198.cluster.ldas.cit&noUDP&sock=startd_187572_5e70>
...
040 (113493822.000.000) 2023-04-03 13:42:38 Started transferring output files
...
040 (113493822.000.000) 2023-04-03 13:42:38 Finished transferring output files
...
005 (113493822.000.000) 2023-04-03 13:42:38 Job terminated.
	(1) Normal termination (return value 127)
		Usr 0 00:00:00, Sys 0 00:00:00  -  Run Remote Usage
		Usr 0 00:00:00, Sys 0 00:00:00  -  Run Local Usage
		Usr 4 08:53:04, Sys 0 00:06:24  -  Total Remote Usage
		Usr 0 00:00:00, Sys 0 00:00:00  -  Total Local Usage
	407  -  Run Bytes Sent By Job
	366  -  Run Bytes Received By Job
	407  -  Total Bytes Sent By Job
	732  -  Total Bytes Received By Job
	Partitionable Resources :    Usage  Request Allocated 
	   Cpus                 :     7.79        1         1 
	   Disk (KB)            :    16      500000    519527 
	   GPUs                 :                           0 
	   Memory (MB)          :  1954       20000     20096 

	Job terminated of its own accord at 2023-04-03T20:42:38Z with exit-code 127.
...
000 (113587313.000.000) 2023-04-05 14:54:32 Job submitted from host: <10.14.0.160:9618?addrs=10.14.0.160-9618&alias=ldas-pcdev2.ligo.caltech.edu&noUDP&sock=schedd_7450_a8a7>
    DAG Node: 722
...
040 (113587313.000.000) 2023-04-05 15:01:03 Started transferring input files
	Transferring to host: <10.14.10.136:9618?addrs=10.14.10.136-9618&alias=node2386.cluster.ldas.cit&noUDP&sock=slot1_12_1126894_843a_677>
...
040 (113587313.000.000) 2023-04-05 15:01:03 Finished transferring input files
...
001 (113587313.000.000) 2023-04-05 15:01:04 Job executing on host: <10.14.10.136:9618?addrs=10.14.10.136-9618&alias=node2386.cluster.ldas.cit&noUDP&sock=startd_1126852_52ac>
...
006 (113587313.000.000) 2023-04-05 15:01:12 Image size of job updated: 214224
	190  -  MemoryUsage of job (MB)
	194460  -  ResidentSetSize of job (KB)
...
006 (113587313.000.000) 2023-04-05 15:06:12 Image size of job updated: 5178372
	658  -  MemoryUsage of job (MB)
	673640  -  ResidentSetSize of job (KB)
...
006 (113587313.000.000) 2023-04-05 15:11:13 Image size of job updated: 5392176
	862  -  MemoryUsage of job (MB)
	882332  -  ResidentSetSize of job (KB)
...
006 (113587313.000.000) 2023-04-05 15:16:14 Image size of job updated: 5476984
	887  -  MemoryUsage of job (MB)
	907464  -  ResidentSetSize of job (KB)
...
006 (113587313.000.000) 2023-04-05 15:21:14 Image size of job updated: 5689988
	1149  -  MemoryUsage of job (MB)
	1175952  -  ResidentSetSize of job (KB)
...
006 (113587313.000.000) 2023-04-05 15:26:14 Image size of job updated: 5718132
	1178  -  MemoryUsage of job (MB)
	1205936  -  ResidentSetSize of job (KB)
...
006 (113587313.000.000) 2023-04-05 15:31:15 Image size of job updated: 5718132
	1178  -  MemoryUsage of job (MB)
	1206188  -  ResidentSetSize of job (KB)
...
006 (113587313.000.000) 2023-04-05 15:36:15 Image size of job updated: 5753740
	1213  -  MemoryUsage of job (MB)
	1241328  -  ResidentSetSize of job (KB)
...
006 (113587313.000.000) 2023-04-05 15:41:15 Image size of job updated: 5757256
	1216  -  MemoryUsage of job (MB)
	1244604  -  ResidentSetSize of job (KB)
...
006 (113587313.000.000) 2023-04-05 15:46:16 Image size of job updated: 5785776
	1216  -  MemoryUsage of job (MB)
	1244604  -  ResidentSetSize of job (KB)
...
006 (113587313.000.000) 2023-04-05 15:51:17 Image size of job updated: 5795164
	1253  -  MemoryUsage of job (MB)
	1282120  -  ResidentSetSize of job (KB)
...
006 (113587313.000.000) 2023-04-05 15:56:17 Image size of job updated: 5944568
	1253  -  MemoryUsage of job (MB)
	1282120  -  ResidentSetSize of job (KB)
...
006 (113587313.000.000) 2023-04-05 16:16:19 Image size of job updated: 5987832
	1253  -  MemoryUsage of job (MB)
	1282120  -  ResidentSetSize of job (KB)
...
006 (113587313.000.000) 2023-04-05 17:01:24 Image size of job updated: 5987832
	1254  -  MemoryUsage of job (MB)
	1283816  -  ResidentSetSize of job (KB)
...
006 (113587313.000.000) 2023-04-05 17:06:24 Image size of job updated: 5989084
	1295  -  MemoryUsage of job (MB)
	1325804  -  ResidentSetSize of job (KB)
...
006 (113587313.000.000) 2023-04-05 17:16:26 Image size of job updated: 5989084
	1296  -  MemoryUsage of job (MB)
	1326088  -  ResidentSetSize of job (KB)
...
006 (113587313.000.000) 2023-04-05 17:21:26 Image size of job updated: 5989084
	1297  -  MemoryUsage of job (MB)
	1328032  -  ResidentSetSize of job (KB)
...
006 (113587313.000.000) 2023-04-05 17:36:28 Image size of job updated: 5989084
	1306  -  MemoryUsage of job (MB)
	1337208  -  ResidentSetSize of job (KB)
...
006 (113587313.000.000) 2023-04-05 17:41:28 Image size of job updated: 5989084
	1309  -  MemoryUsage of job (MB)
	1339456  -  ResidentSetSize of job (KB)
...
006 (113587313.000.000) 2023-04-05 18:21:33 Image size of job updated: 6002628
	1309  -  MemoryUsage of job (MB)
	1339456  -  ResidentSetSize of job (KB)
...
006 (113587313.000.000) 2023-04-05 18:26:33 Image size of job updated: 6002628
	1309  -  MemoryUsage of job (MB)
	1340152  -  ResidentSetSize of job (KB)
...
006 (113587313.000.000) 2023-04-05 18:36:34 Image size of job updated: 6008572
	1312  -  MemoryUsage of job (MB)
	1343220  -  ResidentSetSize of job (KB)
...
006 (113587313.000.000) 2023-04-05 18:41:34 Image size of job updated: 6008572
	1339  -  MemoryUsage of job (MB)
	1370476  -  ResidentSetSize of job (KB)
...
006 (113587313.000.000) 2023-04-05 18:56:36 Image size of job updated: 6008572
	1383  -  MemoryUsage of job (MB)
	1416008  -  ResidentSetSize of job (KB)
...
006 (113587313.000.000) 2023-04-05 19:01:36 Image size of job updated: 6008572
	1516  -  MemoryUsage of job (MB)
	1552220  -  ResidentSetSize of job (KB)
...
006 (113587313.000.000) 2023-04-05 19:06:37 Image size of job updated: 6008572
	1546  -  MemoryUsage of job (MB)
	1582620  -  ResidentSetSize of job (KB)
...
006 (113587313.000.000) 2023-04-05 19:11:38 Image size of job updated: 6008572
	1587  -  MemoryUsage of job (MB)
	1624404  -  ResidentSetSize of job (KB)
...
006 (113587313.000.000) 2023-04-05 19:41:41 Image size of job updated: 6008572
	1606  -  MemoryUsage of job (MB)
	1643896  -  ResidentSetSize of job (KB)
...
006 (113587313.000.000) 2023-04-05 19:46:42 Image size of job updated: 6008572
	1608  -  MemoryUsage of job (MB)
	1646124  -  ResidentSetSize of job (KB)
...
006 (113587313.000.000) 2023-04-05 19:51:42 Image size of job updated: 6011584
	1608  -  MemoryUsage of job (MB)
	1646124  -  ResidentSetSize of job (KB)
...
006 (113587313.000.000) 2023-04-05 20:16:45 Image size of job updated: 6011584
	1633  -  MemoryUsage of job (MB)
	1671252  -  ResidentSetSize of job (KB)
...
006 (113587313.000.000) 2023-04-05 20:31:47 Image size of job updated: 6050956
	1633  -  MemoryUsage of job (MB)
	1671252  -  ResidentSetSize of job (KB)
...
006 (113587313.000.000) 2023-04-05 21:06:50 Image size of job updated: 6050956
	1653  -  MemoryUsage of job (MB)
	1692340  -  ResidentSetSize of job (KB)
...
006 (113587313.000.000) 2023-04-05 21:31:53 Image size of job updated: 6050956
	1655  -  MemoryUsage of job (MB)
	1694104  -  ResidentSetSize of job (KB)
...
006 (113587313.000.000) 2023-04-05 22:01:56 Image size of job updated: 6175272
	1655  -  MemoryUsage of job (MB)
	1694104  -  ResidentSetSize of job (KB)
...
006 (113587313.000.000) 2023-04-05 22:21:59 Image size of job updated: 6175272
	1680  -  MemoryUsage of job (MB)
	1720144  -  ResidentSetSize of job (KB)
...
006 (113587313.000.000) 2023-04-05 22:31:59 Image size of job updated: 6175272
	1688  -  MemoryUsage of job (MB)
	1727976  -  ResidentSetSize of job (KB)
...
006 (113587313.000.000) 2023-04-05 22:37:00 Image size of job updated: 6175272
	1698  -  MemoryUsage of job (MB)
	1738316  -  ResidentSetSize of job (KB)
...
006 (113587313.000.000) 2023-04-05 22:47:00 Image size of job updated: 6175272
	1721  -  MemoryUsage of job (MB)
	1761772  -  ResidentSetSize of job (KB)
...
006 (113587313.000.000) 2023-04-06 00:17:10 Image size of job updated: 6175272
	1764  -  MemoryUsage of job (MB)
	1805556  -  ResidentSetSize of job (KB)
...
006 (113587313.000.000) 2023-04-06 00:32:11 Image size of job updated: 6175272
	1778  -  MemoryUsage of job (MB)
	1820528  -  ResidentSetSize of job (KB)
...
006 (113587313.000.000) 2023-04-06 00:47:12 Image size of job updated: 6175272
	1798  -  MemoryUsage of job (MB)
	1840232  -  ResidentSetSize of job (KB)
...
006 (113587313.000.000) 2023-04-06 01:17:16 Image size of job updated: 6175272
	1804  -  MemoryUsage of job (MB)
	1847268  -  ResidentSetSize of job (KB)
...
006 (113587313.000.000) 2023-04-06 01:42:19 Image size of job updated: 6175272
	1808  -  MemoryUsage of job (MB)
	1851232  -  ResidentSetSize of job (KB)
...
006 (113587313.000.000) 2023-04-06 01:52:20 Image size of job updated: 6175272
	1812  -  MemoryUsage of job (MB)
	1855292  -  ResidentSetSize of job (KB)
...
006 (113587313.000.000) 2023-04-06 03:02:26 Image size of job updated: 6175272
	1814  -  MemoryUsage of job (MB)
	1857204  -  ResidentSetSize of job (KB)
...
006 (113587313.000.000) 2023-04-06 03:32:29 Image size of job updated: 6175272
	1868  -  MemoryUsage of job (MB)
	1912516  -  ResidentSetSize of job (KB)
...
006 (113587313.000.000) 2023-04-06 07:47:55 Image size of job updated: 6175272
	1885  -  MemoryUsage of job (MB)
	1930060  -  ResidentSetSize of job (KB)
...
006 (113587313.000.000) 2023-04-06 08:27:59 Image size of job updated: 6175272
	1956  -  MemoryUsage of job (MB)
	2002000  -  ResidentSetSize of job (KB)
...
006 (113587313.000.000) 2023-04-06 11:28:17 Image size of job updated: 6423224
	1956  -  MemoryUsage of job (MB)
	2002000  -  ResidentSetSize of job (KB)
...
004 (113587313.000.000) 2023-04-06 15:02:14 Job was evicted.
	(0) CPU times
		Usr 4 08:58:40, Sys 0 00:03:42  -  Run Remote Usage
		Usr 0 00:00:00, Sys 0 00:00:00  -  Run Local Usage
	0  -  Run Bytes Sent By Job
	366  -  Run Bytes Received By Job
	Partitionable Resources :    Usage  Request Allocated 
	   Cpus                 :     7.96        1         1 
	   Disk (KB)            :  3126      500000    624256 
	   GPUs                 :                           0 
	   Memory (MB)          :  1956       20000     20096 
...
040 (113587313.000.000) 2023-04-06 15:34:32 Started transferring input files
	Transferring to host: <10.14.4.56:9618?addrs=10.14.4.56-9618&alias=node806.cluster.ldas.cit&noUDP&sock=slot1_8_2264012_041a_1523>
...
040 (113587313.000.000) 2023-04-06 15:34:32 Finished transferring input files
...
001 (113587313.000.000) 2023-04-06 15:34:33 Job executing on host: <10.14.4.56:9618?addrs=10.14.4.56-9618&alias=node806.cluster.ldas.cit&noUDP&sock=startd_2263970_b084>
...
004 (113587313.000.000) 2023-04-06 16:04:53 Job was evicted.
	(0) CPU times
		Usr 0 02:08:59, Sys 0 00:00:07  -  Run Remote Usage
		Usr 0 00:00:00, Sys 0 00:00:00  -  Run Local Usage
	0  -  Run Bytes Sent By Job
	366  -  Run Bytes Received By Job
	Partitionable Resources :    Usage  Request Allocated 
	   Cpus                 :     7.93        1         1 
	   Disk (KB)            :  2716      500000    624256 
	   GPUs                 :                           0 
	   Memory (MB)          :  2198       20000     20096 
...
009 (113587313.000.000) 2023-04-06 16:04:53 Job was aborted.
	removed because <OtherJobRemoveRequirements = DAGManJobId =?= 113587294> fired when job (113587294.0) was removed
...
000 (113604426.000.000) 2023-04-06 16:28:33 Job submitted from host: <10.14.0.160:9618?addrs=10.14.0.160-9618&alias=ldas-pcdev2.ligo.caltech.edu&noUDP&sock=schedd_7450_a8a7>
    DAG Node: 722
...
040 (113604426.000.000) 2023-04-06 16:47:06 Started transferring input files
	Transferring to host: <10.14.4.40:9618?addrs=10.14.4.40-9618&alias=node790.cluster.ldas.cit&noUDP&sock=slot1_12_4000466_f22f_25717>
...
040 (113604426.000.000) 2023-04-06 16:47:06 Finished transferring input files
...
001 (113604426.000.000) 2023-04-06 16:47:07 Job executing on host: <10.14.4.40:9618?addrs=10.14.4.40-9618&alias=node790.cluster.ldas.cit&noUDP&sock=startd_261434_8ead>
...
006 (113604426.000.000) 2023-04-06 16:47:15 Image size of job updated: 247228
	192  -  MemoryUsage of job (MB)
	196440  -  ResidentSetSize of job (KB)
...
006 (113604426.000.000) 2023-04-06 16:52:15 Image size of job updated: 5091580
	272  -  MemoryUsage of job (MB)
	278228  -  ResidentSetSize of job (KB)
...
006 (113604426.000.000) 2023-04-06 16:57:17 Image size of job updated: 5091580
	442  -  MemoryUsage of job (MB)
	451792  -  ResidentSetSize of job (KB)
...
006 (113604426.000.000) 2023-04-06 17:02:17 Image size of job updated: 5091580
	451  -  MemoryUsage of job (MB)
	461400  -  ResidentSetSize of job (KB)
...
006 (113604426.000.000) 2023-04-06 17:07:17 Image size of job updated: 5091580
	505  -  MemoryUsage of job (MB)
	516132  -  ResidentSetSize of job (KB)
...
006 (113604426.000.000) 2023-04-06 17:12:18 Image size of job updated: 5091580
	516  -  MemoryUsage of job (MB)
	528024  -  ResidentSetSize of job (KB)
...
006 (113604426.000.000) 2023-04-06 17:17:18 Image size of job updated: 5091580
	523  -  MemoryUsage of job (MB)
	535128  -  ResidentSetSize of job (KB)
...
006 (113604426.000.000) 2023-04-06 17:22:18 Image size of job updated: 5091580
	531  -  MemoryUsage of job (MB)
	543412  -  ResidentSetSize of job (KB)
...
006 (113604426.000.000) 2023-04-06 17:27:20 Image size of job updated: 5091580
	536  -  MemoryUsage of job (MB)
	548692  -  ResidentSetSize of job (KB)
...
006 (113604426.000.000) 2023-04-06 17:32:20 Image size of job updated: 5091580
	541  -  MemoryUsage of job (MB)
	553172  -  ResidentSetSize of job (KB)
...
006 (113604426.000.000) 2023-04-06 17:37:20 Image size of job updated: 5091580
	544  -  MemoryUsage of job (MB)
	556164  -  ResidentSetSize of job (KB)
...
006 (113604426.000.000) 2023-04-06 17:42:21 Image size of job updated: 5091580
	557  -  MemoryUsage of job (MB)
	569816  -  ResidentSetSize of job (KB)
...
006 (113604426.000.000) 2023-04-06 17:47:22 Image size of job updated: 5091580
	559  -  MemoryUsage of job (MB)
	571932  -  ResidentSetSize of job (KB)
...
006 (113604426.000.000) 2023-04-06 17:52:22 Image size of job updated: 5093328
	574  -  MemoryUsage of job (MB)
	587428  -  ResidentSetSize of job (KB)
...
006 (113604426.000.000) 2023-04-06 17:57:23 Image size of job updated: 5093812
	575  -  MemoryUsage of job (MB)
	588692  -  ResidentSetSize of job (KB)
...
006 (113604426.000.000) 2023-04-06 18:02:24 Image size of job updated: 5096896
	578  -  MemoryUsage of job (MB)
	591780  -  ResidentSetSize of job (KB)
...
006 (113604426.000.000) 2023-04-06 18:07:24 Image size of job updated: 5097900
	579  -  MemoryUsage of job (MB)
	592896  -  ResidentSetSize of job (KB)
...
006 (113604426.000.000) 2023-04-06 18:12:26 Image size of job updated: 5107340
	588  -  MemoryUsage of job (MB)
	602052  -  ResidentSetSize of job (KB)
...
006 (113604426.000.000) 2023-04-06 18:17:26 Image size of job updated: 5107764
	589  -  MemoryUsage of job (MB)
	602432  -  ResidentSetSize of job (KB)
...
006 (113604426.000.000) 2023-04-06 18:22:26 Image size of job updated: 5134580
	615  -  MemoryUsage of job (MB)
	629364  -  ResidentSetSize of job (KB)
...
006 (113604426.000.000) 2023-04-06 18:27:27 Image size of job updated: 5134832
	615  -  MemoryUsage of job (MB)
	629612  -  ResidentSetSize of job (KB)
...
006 (113604426.000.000) 2023-04-06 18:32:28 Image size of job updated: 5139940
	620  -  MemoryUsage of job (MB)
	634676  -  ResidentSetSize of job (KB)
...
006 (113604426.000.000) 2023-04-06 18:37:28 Image size of job updated: 5145628
	626  -  MemoryUsage of job (MB)
	640348  -  ResidentSetSize of job (KB)
...
006 (113604426.000.000) 2023-04-06 18:42:29 Image size of job updated: 5156224
	636  -  MemoryUsage of job (MB)
	651076  -  ResidentSetSize of job (KB)
...
006 (113604426.000.000) 2023-04-06 18:47:30 Image size of job updated: 5181364
	661  -  MemoryUsage of job (MB)
	676248  -  ResidentSetSize of job (KB)
...
006 (113604426.000.000) 2023-04-06 18:52:30 Image size of job updated: 5185584
	665  -  MemoryUsage of job (MB)
	680592  -  ResidentSetSize of job (KB)
...
006 (113604426.000.000) 2023-04-06 18:57:31 Image size of job updated: 5188436
	670  -  MemoryUsage of job (MB)
	685104  -  ResidentSetSize of job (KB)
...
006 (113604426.000.000) 2023-04-06 19:02:32 Image size of job updated: 5189440
	671  -  MemoryUsage of job (MB)
	686104  -  ResidentSetSize of job (KB)
...
006 (113604426.000.000) 2023-04-06 19:07:32 Image size of job updated: 5217320
	671  -  MemoryUsage of job (MB)
	686104  -  ResidentSetSize of job (KB)
...
006 (113604426.000.000) 2023-04-06 19:17:34 Image size of job updated: 5226044
	671  -  MemoryUsage of job (MB)
	686104  -  ResidentSetSize of job (KB)
...
006 (113604426.000.000) 2023-04-06 19:27:35 Image size of job updated: 5256672
	734  -  MemoryUsage of job (MB)
	751528  -  ResidentSetSize of job (KB)
...
006 (113604426.000.000) 2023-04-06 19:32:35 Image size of job updated: 5256672
	735  -  MemoryUsage of job (MB)
	752060  -  ResidentSetSize of job (KB)
...
006 (113604426.000.000) 2023-04-06 19:37:35 Image size of job updated: 5265624
	807  -  MemoryUsage of job (MB)
	826304  -  ResidentSetSize of job (KB)
...
006 (113604426.000.000) 2023-04-06 19:42:37 Image size of job updated: 5273772
	964  -  MemoryUsage of job (MB)
	986224  -  ResidentSetSize of job (KB)
...
006 (113604426.000.000) 2023-04-06 19:47:37 Image size of job updated: 5273772
	1102  -  MemoryUsage of job (MB)
	1127976  -  ResidentSetSize of job (KB)
...
006 (113604426.000.000) 2023-04-06 19:52:37 Image size of job updated: 5283456
	1111  -  MemoryUsage of job (MB)
	1137552  -  ResidentSetSize of job (KB)
...
006 (113604426.000.000) 2023-04-06 20:02:39 Image size of job updated: 5297692
	1125  -  MemoryUsage of job (MB)
	1151880  -  ResidentSetSize of job (KB)
...
006 (113604426.000.000) 2023-04-06 20:07:39 Image size of job updated: 5297692
	1125  -  MemoryUsage of job (MB)
	1151884  -  ResidentSetSize of job (KB)
...
006 (113604426.000.000) 2023-04-06 20:27:42 Image size of job updated: 5334216
	1125  -  MemoryUsage of job (MB)
	1151884  -  ResidentSetSize of job (KB)
...
006 (113604426.000.000) 2023-04-06 20:37:43 Image size of job updated: 5334216
	1145  -  MemoryUsage of job (MB)
	1172320  -  ResidentSetSize of job (KB)
...
006 (113604426.000.000) 2023-04-06 20:42:44 Image size of job updated: 5334216
	1165  -  MemoryUsage of job (MB)
	1192440  -  ResidentSetSize of job (KB)
...
006 (113604426.000.000) 2023-04-06 20:52:45 Image size of job updated: 5334216
	1170  -  MemoryUsage of job (MB)
	1197128  -  ResidentSetSize of job (KB)
...
006 (113604426.000.000) 2023-04-06 20:57:46 Image size of job updated: 5334216
	1203  -  MemoryUsage of job (MB)
	1231064  -  ResidentSetSize of job (KB)
...
006 (113604426.000.000) 2023-04-06 21:12:48 Image size of job updated: 5334216
	1228  -  MemoryUsage of job (MB)
	1256792  -  ResidentSetSize of job (KB)
...
006 (113604426.000.000) 2023-04-06 21:17:49 Image size of job updated: 5334216
	1247  -  MemoryUsage of job (MB)
	1276780  -  ResidentSetSize of job (KB)
...
006 (113604426.000.000) 2023-04-06 21:27:50 Image size of job updated: 5373924
	1251  -  MemoryUsage of job (MB)
	1280724  -  ResidentSetSize of job (KB)
...
006 (113604426.000.000) 2023-04-06 21:32:51 Image size of job updated: 5373924
	1251  -  MemoryUsage of job (MB)
	1280980  -  ResidentSetSize of job (KB)
...
006 (113604426.000.000) 2023-04-06 21:37:51 Image size of job updated: 5373924
	1255  -  MemoryUsage of job (MB)
	1284164  -  ResidentSetSize of job (KB)
...
006 (113604426.000.000) 2023-04-06 21:42:52 Image size of job updated: 5373924
	1264  -  MemoryUsage of job (MB)
	1293644  -  ResidentSetSize of job (KB)
...
006 (113604426.000.000) 2023-04-06 21:47:53 Image size of job updated: 5373924
	1333  -  MemoryUsage of job (MB)
	1364388  -  ResidentSetSize of job (KB)
...
006 (113604426.000.000) 2023-04-06 22:02:55 Image size of job updated: 5414032
	1333  -  MemoryUsage of job (MB)
	1364388  -  ResidentSetSize of job (KB)
...
006 (113604426.000.000) 2023-04-06 22:37:59 Image size of job updated: 5415204
	1338  -  MemoryUsage of job (MB)
	1369768  -  ResidentSetSize of job (KB)
...
006 (113604426.000.000) 2023-04-06 22:48:01 Image size of job updated: 5479184
	1341  -  MemoryUsage of job (MB)
	1372804  -  ResidentSetSize of job (KB)
...
006 (113604426.000.000) 2023-04-06 22:53:01 Image size of job updated: 5479184
	1342  -  MemoryUsage of job (MB)
	1373436  -  ResidentSetSize of job (KB)
...
006 (113604426.000.000) 2023-04-06 22:58:02 Image size of job updated: 5479184
	1348  -  MemoryUsage of job (MB)
	1379392  -  ResidentSetSize of job (KB)
...
006 (113604426.000.000) 2023-04-06 23:03:03 Image size of job updated: 5487908
	1348  -  MemoryUsage of job (MB)
	1380252  -  ResidentSetSize of job (KB)
...
006 (113604426.000.000) 2023-04-06 23:08:03 Image size of job updated: 5487908
	1357  -  MemoryUsage of job (MB)
	1389136  -  ResidentSetSize of job (KB)
...
006 (113604426.000.000) 2023-04-06 23:13:04 Image size of job updated: 5504856
	1363  -  MemoryUsage of job (MB)
	1394876  -  ResidentSetSize of job (KB)
...
006 (113604426.000.000) 2023-04-06 23:23:05 Image size of job updated: 5508568
	1366  -  MemoryUsage of job (MB)
	1397824  -  ResidentSetSize of job (KB)
...
006 (113604426.000.000) 2023-04-06 23:38:07 Image size of job updated: 5508568
	1367  -  MemoryUsage of job (MB)
	1399664  -  ResidentSetSize of job (KB)
...
006 (113604426.000.000) 2023-04-06 23:48:09 Image size of job updated: 5518592
	1371  -  MemoryUsage of job (MB)
	1403436  -  ResidentSetSize of job (KB)
...
006 (113604426.000.000) 2023-04-07 00:03:11 Image size of job updated: 5524184
	1374  -  MemoryUsage of job (MB)
	1406808  -  ResidentSetSize of job (KB)
...
006 (113604426.000.000) 2023-04-07 00:28:13 Image size of job updated: 5540416
	1386  -  MemoryUsage of job (MB)
	1418568  -  ResidentSetSize of job (KB)
...
006 (113604426.000.000) 2023-04-07 00:33:14 Image size of job updated: 5540416
	1389  -  MemoryUsage of job (MB)
	1421824  -  ResidentSetSize of job (KB)
...
006 (113604426.000.000) 2023-04-07 00:38:14 Image size of job updated: 5540416
	1393  -  MemoryUsage of job (MB)
	1426192  -  ResidentSetSize of job (KB)
...
006 (113604426.000.000) 2023-04-07 00:43:14 Image size of job updated: 5540416
	1397  -  MemoryUsage of job (MB)
	1429836  -  ResidentSetSize of job (KB)
...
006 (113604426.000.000) 2023-04-07 00:53:15 Image size of job updated: 5559144
	1400  -  MemoryUsage of job (MB)
	1433524  -  ResidentSetSize of job (KB)
...
006 (113604426.000.000) 2023-04-07 00:58:15 Image size of job updated: 5559144
	1404  -  MemoryUsage of job (MB)
	1437436  -  ResidentSetSize of job (KB)
...
006 (113604426.000.000) 2023-04-07 01:03:17 Image size of job updated: 5559144
	1408  -  MemoryUsage of job (MB)
	1441368  -  ResidentSetSize of job (KB)
...
006 (113604426.000.000) 2023-04-07 01:13:17 Image size of job updated: 5559144
	1526  -  MemoryUsage of job (MB)
	1562572  -  ResidentSetSize of job (KB)
...
006 (113604426.000.000) 2023-04-07 01:18:18 Image size of job updated: 5608256
	1526  -  MemoryUsage of job (MB)
	1562572  -  ResidentSetSize of job (KB)
...
006 (113604426.000.000) 2023-04-07 01:28:19 Image size of job updated: 5613776
	1526  -  MemoryUsage of job (MB)
	1562572  -  ResidentSetSize of job (KB)
...
006 (113604426.000.000) 2023-04-07 01:38:21 Image size of job updated: 5613776
	1550  -  MemoryUsage of job (MB)
	1586304  -  ResidentSetSize of job (KB)
...
006 (113604426.000.000) 2023-04-07 01:53:22 Image size of job updated: 5639008
	1550  -  MemoryUsage of job (MB)
	1586304  -  ResidentSetSize of job (KB)
...
006 (113604426.000.000) 2023-04-07 02:08:23 Image size of job updated: 5644016
	1550  -  MemoryUsage of job (MB)
	1586304  -  ResidentSetSize of job (KB)
...
006 (113604426.000.000) 2023-04-07 02:23:25 Image size of job updated: 5676492
	1550  -  MemoryUsage of job (MB)
	1586304  -  ResidentSetSize of job (KB)
...
006 (113604426.000.000) 2023-04-07 02:38:27 Image size of job updated: 5684360
	1550  -  MemoryUsage of job (MB)
	1586304  -  ResidentSetSize of job (KB)
...
006 (113604426.000.000) 2023-04-07 02:53:28 Image size of job updated: 5692532
	1550  -  MemoryUsage of job (MB)
	1586304  -  ResidentSetSize of job (KB)
...
006 (113604426.000.000) 2023-04-07 03:13:30 Image size of job updated: 5732244
	1550  -  MemoryUsage of job (MB)
	1586304  -  ResidentSetSize of job (KB)
...
006 (113604426.000.000) 2023-04-07 03:28:31 Image size of job updated: 5738780
	1550  -  MemoryUsage of job (MB)
	1586304  -  ResidentSetSize of job (KB)
...
006 (113604426.000.000) 2023-04-07 04:43:39 Image size of job updated: 5753136
	1555  -  MemoryUsage of job (MB)
	1591544  -  ResidentSetSize of job (KB)
...
006 (113604426.000.000) 2023-04-07 04:48:40 Image size of job updated: 5753136
	1569  -  MemoryUsage of job (MB)
	1606136  -  ResidentSetSize of job (KB)
...
006 (113604426.000.000) 2023-04-07 05:03:41 Image size of job updated: 5753136
	1577  -  MemoryUsage of job (MB)
	1614584  -  ResidentSetSize of job (KB)
...
006 (113604426.000.000) 2023-04-07 05:18:43 Image size of job updated: 5753136
	1578  -  MemoryUsage of job (MB)
	1615172  -  ResidentSetSize of job (KB)
...
006 (113604426.000.000) 2023-04-07 05:33:44 Image size of job updated: 5784092
	1580  -  MemoryUsage of job (MB)
	1617600  -  ResidentSetSize of job (KB)
...
006 (113604426.000.000) 2023-04-07 05:38:44 Image size of job updated: 5784092
	1580  -  MemoryUsage of job (MB)
	1617852  -  ResidentSetSize of job (KB)
...
006 (113604426.000.000) 2023-04-07 06:03:48 Image size of job updated: 5808720
	1590  -  MemoryUsage of job (MB)
	1627268  -  ResidentSetSize of job (KB)
...
006 (113604426.000.000) 2023-04-07 06:13:48 Image size of job updated: 5808720
	1592  -  MemoryUsage of job (MB)
	1629616  -  ResidentSetSize of job (KB)
...
006 (113604426.000.000) 2023-04-07 06:18:49 Image size of job updated: 5814988
	1594  -  MemoryUsage of job (MB)
	1631512  -  ResidentSetSize of job (KB)
...
006 (113604426.000.000) 2023-04-07 06:33:51 Image size of job updated: 5816468
	1598  -  MemoryUsage of job (MB)
	1635424  -  ResidentSetSize of job (KB)
...
006 (113604426.000.000) 2023-04-07 06:53:54 Image size of job updated: 5821256
	1599  -  MemoryUsage of job (MB)
	1637116  -  ResidentSetSize of job (KB)
...
006 (113604426.000.000) 2023-04-07 06:58:54 Image size of job updated: 5821256
	1601  -  MemoryUsage of job (MB)
	1639164  -  ResidentSetSize of job (KB)
...
006 (113604426.000.000) 2023-04-07 07:03:54 Image size of job updated: 5824728
	1605  -  MemoryUsage of job (MB)
	1642768  -  ResidentSetSize of job (KB)
...
006 (113604426.000.000) 2023-04-07 07:13:56 Image size of job updated: 5824728
	1607  -  MemoryUsage of job (MB)
	1644816  -  ResidentSetSize of job (KB)
...
006 (113604426.000.000) 2023-04-07 07:59:00 Image size of job updated: 5824728
	1619  -  MemoryUsage of job (MB)
	1657424  -  ResidentSetSize of job (KB)
...
006 (113604426.000.000) 2023-04-07 08:04:01 Image size of job updated: 5824728
	1648  -  MemoryUsage of job (MB)
	1687536  -  ResidentSetSize of job (KB)
...
006 (113604426.000.000) 2023-04-07 08:39:05 Image size of job updated: 5848260
	1648  -  MemoryUsage of job (MB)
	1687536  -  ResidentSetSize of job (KB)
...
006 (113604426.000.000) 2023-04-07 08:54:07 Image size of job updated: 5873428
	1648  -  MemoryUsage of job (MB)
	1687536  -  ResidentSetSize of job (KB)
...
006 (113604426.000.000) 2023-04-07 09:24:10 Image size of job updated: 5877612
	1648  -  MemoryUsage of job (MB)
	1687536  -  ResidentSetSize of job (KB)
...
006 (113604426.000.000) 2023-04-07 10:09:16 Image size of job updated: 5891980
	1648  -  MemoryUsage of job (MB)
	1687536  -  ResidentSetSize of job (KB)
...
006 (113604426.000.000) 2023-04-07 10:24:18 Image size of job updated: 5896840
	1658  -  MemoryUsage of job (MB)
	1697332  -  ResidentSetSize of job (KB)
...
006 (113604426.000.000) 2023-04-07 10:49:21 Image size of job updated: 5896840
	1680  -  MemoryUsage of job (MB)
	1719380  -  ResidentSetSize of job (KB)
...
006 (113604426.000.000) 2023-04-07 10:59:23 Image size of job updated: 5902632
	1680  -  MemoryUsage of job (MB)
	1719380  -  ResidentSetSize of job (KB)
...
006 (113604426.000.000) 2023-04-07 11:44:26 Image size of job updated: 5909532
	1680  -  MemoryUsage of job (MB)
	1719380  -  ResidentSetSize of job (KB)
...
006 (113604426.000.000) 2023-04-07 12:14:28 Image size of job updated: 5940972
	1700  -  MemoryUsage of job (MB)
	1740600  -  ResidentSetSize of job (KB)
...
006 (113604426.000.000) 2023-04-07 14:49:38 Image size of job updated: 5948576
	1700  -  MemoryUsage of job (MB)
	1740600  -  ResidentSetSize of job (KB)
...
006 (113604426.000.000) 2023-04-07 15:34:43 Image size of job updated: 5948576
	1707  -  MemoryUsage of job (MB)
	1746980  -  ResidentSetSize of job (KB)
...
006 (113604426.000.000) 2023-04-07 16:24:50 Image size of job updated: 5948576
	1839  -  MemoryUsage of job (MB)
	1882828  -  ResidentSetSize of job (KB)
...
006 (113604426.000.000) 2023-04-07 16:29:51 Image size of job updated: 5948576
	1840  -  MemoryUsage of job (MB)
	1883616  -  ResidentSetSize of job (KB)
...
006 (113604426.000.000) 2023-04-07 16:44:53 Image size of job updated: 5957112
	1840  -  MemoryUsage of job (MB)
	1883616  -  ResidentSetSize of job (KB)
...
006 (113604426.000.000) 2023-04-07 17:29:59 Image size of job updated: 5968152
	1840  -  MemoryUsage of job (MB)
	1883616  -  ResidentSetSize of job (KB)
...
006 (113604426.000.000) 2023-04-07 17:45:00 Image size of job updated: 5975380
	1840  -  MemoryUsage of job (MB)
	1883616  -  ResidentSetSize of job (KB)
...
006 (113604426.000.000) 2023-04-07 18:00:01 Image size of job updated: 5997372
	1840  -  MemoryUsage of job (MB)
	1883616  -  ResidentSetSize of job (KB)
...
006 (113604426.000.000) 2023-04-07 20:15:16 Image size of job updated: 6037652
	1840  -  MemoryUsage of job (MB)
	1883616  -  ResidentSetSize of job (KB)
...
006 (113604426.000.000) 2023-04-07 21:00:22 Image size of job updated: 6037652
	1939  -  MemoryUsage of job (MB)
	1984784  -  ResidentSetSize of job (KB)
...
006 (113604426.000.000) 2023-04-07 21:20:25 Image size of job updated: 6050800
	1939  -  MemoryUsage of job (MB)
	1984784  -  ResidentSetSize of job (KB)
...
004 (113604426.000.000) 2023-04-07 21:24:14 Job was evicted.
	(0) CPU times
		Usr 3 16:25:51, Sys 0 00:08:41  -  Run Remote Usage
		Usr 0 00:00:00, Sys 0 00:00:00  -  Run Local Usage
	0  -  Run Bytes Sent By Job
	366  -  Run Bytes Received By Job
	Partitionable Resources :    Usage  Request Allocated 
	   Cpus                 :     1.98        1         1 
	   Disk (KB)            :  4272      500000    621330 
	   GPUs                 :                           0 
	   Memory (MB)          :  1939       20000     20096 
...
040 (113604426.000.000) 2023-04-07 22:27:44 Started transferring input files
	Transferring to host: <10.14.4.28:9618?addrs=10.14.4.28-9618&alias=node778.cluster.ldas.cit&noUDP&sock=slot1_6_1501693_5163_24987>
...
040 (113604426.000.000) 2023-04-07 22:27:44 Finished transferring input files
...
001 (113604426.000.000) 2023-04-07 22:27:45 Job executing on host: <10.14.4.28:9618?addrs=10.14.4.28-9618&alias=node778.cluster.ldas.cit&noUDP&sock=startd_250992_36bf>
...
006 (113604426.000.000) 2023-04-09 01:40:36 Image size of job updated: 7500000
	1957  -  MemoryUsage of job (MB)
	2003840  -  ResidentSetSize of job (KB)
...
006 (113604426.000.000) 2023-04-09 01:50:37 Image size of job updated: 7500000
	1978  -  MemoryUsage of job (MB)
	2024596  -  ResidentSetSize of job (KB)
...
004 (113604426.000.000) 2023-04-09 03:13:18 Job was evicted.
	(0) CPU times
		Usr 4 00:34:58, Sys 0 00:10:30  -  Run Remote Usage
		Usr 0 00:00:00, Sys 0 00:00:00  -  Run Local Usage
	0  -  Run Bytes Sent By Job
	366  -  Run Bytes Received By Job
	Partitionable Resources :    Usage  Request Allocated 
	   Cpus                 :     0.99        1         1 
	   Disk (KB)            :  3269      500000    621976 
	   GPUs                 :                           0 
	   Memory (MB)          :  1978       20000     20096 
...
040 (113604426.000.000) 2023-04-09 03:17:28 Started transferring input files
	Transferring to host: <10.14.10.20:9618?addrs=10.14.10.20-9618&alias=node2270.cluster.ldas.cit&noUDP&sock=slot1_1_2092941_054e_5780>
...
040 (113604426.000.000) 2023-04-09 03:17:28 Finished transferring input files
...
001 (113604426.000.000) 2023-04-09 03:17:29 Job executing on host: <10.14.10.20:9618?addrs=10.14.10.20-9618&alias=node2270.cluster.ldas.cit&noUDP&sock=startd_2092898_86d5>
...
006 (113604426.000.000) 2023-04-09 16:13:50 Image size of job updated: 7500000
	2309  -  MemoryUsage of job (MB)
	2363504  -  ResidentSetSize of job (KB)
...
004 (113604426.000.000) 2023-04-10 03:17:40 Job was evicted.
	(0) CPU times
		Usr 4 06:32:55, Sys 0 00:06:17  -  Run Remote Usage
		Usr 0 00:00:00, Sys 0 00:00:00  -  Run Local Usage
	0  -  Run Bytes Sent By Job
	366  -  Run Bytes Received By Job
	Partitionable Resources :    Usage  Request Allocated 
	   Cpus                 :     7.72        1         1 
	   Disk (KB)            :  3479      500000    624256 
	   GPUs                 :                           0 
	   Memory (MB)          :  2309       20000     20096 
...
040 (113604426.000.000) 2023-04-10 03:19:53 Started transferring input files
	Transferring to host: <10.14.4.74:9618?addrs=10.14.4.74-9618&alias=node824.cluster.ldas.cit&noUDP&sock=slot1_10_2277176_3eb2_5248>
...
040 (113604426.000.000) 2023-04-10 03:19:53 Finished transferring input files
...
001 (113604426.000.000) 2023-04-10 03:19:54 Job executing on host: <10.14.4.74:9618?addrs=10.14.4.74-9618&alias=node824.cluster.ldas.cit&noUDP&sock=startd_2277133_69a5>
...
004 (113604426.000.000) 2023-04-11 03:20:57 Job was evicted.
	(0) CPU times
		Usr 4 07:56:20, Sys 0 00:10:04  -  Run Remote Usage
		Usr 0 00:00:00, Sys 0 00:00:00  -  Run Local Usage
	0  -  Run Bytes Sent By Job
	366  -  Run Bytes Received By Job
	Partitionable Resources :    Usage  Request Allocated 
	   Cpus                 :     0.98        1         1 
	   Disk (KB)            :  2980      500000    624256 
	   GPUs                 :                           0 
	   Memory (MB)          :  2442       20000     20096 
...
040 (113604426.000.000) 2023-04-11 03:54:38 Started transferring input files
	Transferring to host: <10.14.10.107:9618?addrs=10.14.10.107-9618&alias=node2357.cluster.ldas.cit&noUDP&sock=slot1_17_857127_42c0_7638>
...
040 (113604426.000.000) 2023-04-11 03:54:38 Finished transferring input files
...
001 (113604426.000.000) 2023-04-11 03:54:39 Job executing on host: <10.14.10.107:9618?addrs=10.14.10.107-9618&alias=node2357.cluster.ldas.cit&noUDP&sock=startd_857085_9965>
...
006 (113604426.000.000) 2023-04-11 12:10:41 Image size of job updated: 7500000
	2454  -  MemoryUsage of job (MB)
	2511960  -  ResidentSetSize of job (KB)
...
006 (113604426.000.000) 2023-04-11 14:20:53 Image size of job updated: 7500000
	2504  -  MemoryUsage of job (MB)
	2563996  -  ResidentSetSize of job (KB)
...
006 (113604426.000.000) 2023-04-11 17:46:15 Image size of job updated: 7500000
	2515  -  MemoryUsage of job (MB)
	2574780  -  ResidentSetSize of job (KB)
...
006 (113604426.000.000) 2023-04-11 18:41:20 Image size of job updated: 7500000
	2524  -  MemoryUsage of job (MB)
	2583560  -  ResidentSetSize of job (KB)
...
004 (113604426.000.000) 2023-04-12 03:56:16 Job was evicted.
	(0) CPU times
		Usr 6 02:18:50, Sys 0 00:03:50  -  Run Remote Usage
		Usr 0 00:00:00, Sys 0 00:00:00  -  Run Local Usage
	0  -  Run Bytes Sent By Job
	366  -  Run Bytes Received By Job
	Partitionable Resources :    Usage  Request Allocated 
	   Cpus                 :     6.94        1         1 
	   Disk (KB)            :  3110      500000    624256 
	   GPUs                 :                           0 
	   Memory (MB)          :  2524       20000     20096 
...
040 (113604426.000.000) 2023-04-12 04:09:57 Started transferring input files
	Transferring to host: <10.14.10.34:9618?addrs=10.14.10.34-9618&alias=node2284.cluster.ldas.cit&noUDP&sock=slot1_10_4030517_9815_16044>
...
040 (113604426.000.000) 2023-04-12 04:09:57 Finished transferring input files
...
001 (113604426.000.000) 2023-04-12 04:09:58 Job executing on host: <10.14.10.34:9618?addrs=10.14.10.34-9618&alias=node2284.cluster.ldas.cit&noUDP&sock=startd_4030476_dfb5>
...
006 (113604426.000.000) 2023-04-12 18:11:30 Image size of job updated: 13944840
	2686  -  MemoryUsage of job (MB)
	2750000  -  ResidentSetSize of job (KB)
...
040 (113604426.000.000) 2023-04-12 18:12:28 Started transferring output files
...
040 (113604426.000.000) 2023-04-12 18:12:28 Finished transferring output files
...
005 (113604426.000.000) 2023-04-12 18:12:28 Job terminated.
	(1) Normal termination (return value 0)
		Usr 2 23:57:55, Sys 0 00:05:29  -  Run Remote Usage
		Usr 0 00:00:00, Sys 0 00:00:00  -  Run Local Usage
		Usr 25 09:46:49, Sys 0 00:44:51  -  Total Remote Usage
		Usr 0 00:00:00, Sys 0 00:00:00  -  Total Local Usage
	2970234  -  Run Bytes Sent By Job
	366  -  Run Bytes Received By Job
	2970234  -  Total Bytes Sent By Job
	2196  -  Total Bytes Received By Job
	Partitionable Resources :    Usage  Request Allocated 
	   Cpus                 :     4.10        1         1 
	   Disk (KB)            :  2924      500000    624256 
	   GPUs                 :                           0 
	   Memory (MB)          :  2686       20000     20096 

	Job terminated of its own accord at 2023-04-13T01:12:28Z with exit-code 0.
...
