15:15 bilby INFO    : Waveform generator initiated with
  frequency_domain_source_model: bilby.gw.source.lal_binary_black_hole
  time_domain_source_model: None
  parameter_conversion: bilby.gw.conversion.convert_to_lal_binary_black_hole_parameters
15:15 bilby INFO    : Injected signal in H1:
15:15 bilby INFO    :   optimal SNR = 7.46
15:15 bilby INFO    :   matched filter SNR = 7.13-1.43j
15:15 bilby INFO    :   mass_1 = 37.49399442596427
15:15 bilby INFO    :   mass_2 = 28.523473182265835
15:15 bilby INFO    :   a_1 = 0.022791351868690784
15:15 bilby INFO    :   a_2 = 0.018595467692964454
15:15 bilby INFO    :   tilt_1 = 1.633176737488587
15:15 bilby INFO    :   tilt_2 = 0.5179113764572484
15:15 bilby INFO    :   phi_12 = 5.887663699033485
15:15 bilby INFO    :   phi_jl = 1.493104333863825
15:15 bilby INFO    :   luminosity_distance = 2149.0406274955
15:15 bilby INFO    :   theta_jn = 0.6468818211133703
15:15 bilby INFO    :   psi = 1.5445023289000002
15:15 bilby INFO    :   phase = 0.3710634095
15:15 bilby INFO    :   geocent_time = 1126259642.413
15:15 bilby INFO    :   ra = 6.1670349004
15:15 bilby INFO    :   dec = 3.6958179497
15:15 bilby INFO    : Injected signal in L1:
15:15 bilby INFO    :   optimal SNR = 6.80
15:15 bilby INFO    :   matched filter SNR = 6.72+0.56j
15:15 bilby INFO    :   mass_1 = 37.49399442596427
15:15 bilby INFO    :   mass_2 = 28.523473182265835
15:15 bilby INFO    :   a_1 = 0.022791351868690784
15:15 bilby INFO    :   a_2 = 0.018595467692964454
15:15 bilby INFO    :   tilt_1 = 1.633176737488587
15:15 bilby INFO    :   tilt_2 = 0.5179113764572484
15:15 bilby INFO    :   phi_12 = 5.887663699033485
15:15 bilby INFO    :   phi_jl = 1.493104333863825
15:15 bilby INFO    :   luminosity_distance = 2149.0406274955
15:15 bilby INFO    :   theta_jn = 0.6468818211133703
15:15 bilby INFO    :   psi = 1.5445023289000002
15:15 bilby INFO    :   phase = 0.3710634095
15:15 bilby INFO    :   geocent_time = 1126259642.413
15:15 bilby INFO    :   ra = 6.1670349004
15:15 bilby INFO    :   dec = 3.6958179497
15:15 bilby INFO    : Injected signal in V1:
15:15 bilby INFO    :   optimal SNR = 0.94
15:15 bilby INFO    :   matched filter SNR = 0.15-0.41j
15:15 bilby INFO    :   mass_1 = 37.49399442596427
15:15 bilby INFO    :   mass_2 = 28.523473182265835
15:15 bilby INFO    :   a_1 = 0.022791351868690784
15:15 bilby INFO    :   a_2 = 0.018595467692964454
15:15 bilby INFO    :   tilt_1 = 1.633176737488587
15:15 bilby INFO    :   tilt_2 = 0.5179113764572484
15:15 bilby INFO    :   phi_12 = 5.887663699033485
15:15 bilby INFO    :   phi_jl = 1.493104333863825
15:15 bilby INFO    :   luminosity_distance = 2149.0406274955
15:15 bilby INFO    :   theta_jn = 0.6468818211133703
15:15 bilby INFO    :   psi = 1.5445023289000002
15:15 bilby INFO    :   phase = 0.3710634095
15:15 bilby INFO    :   geocent_time = 1126259642.413
15:15 bilby INFO    :   ra = 6.1670349004
15:15 bilby INFO    :   dec = 3.6958179497
15:15 bilby INFO    : Running for label 'job_00541_fixedExtrinsic', output will be saved to '/home/simona.miller/comp-spin-mock-injections/Data/IndividualInferenceOutput/new_bilby/population3_lowSpinAligned_highmass'
15:15 bilby INFO    : Using lal version 7.3.0
15:15 bilby INFO    : Using lal git version Branch: None;Tag: lalsuite-v7.13;Id: ec1fcb1d2d1dab69321fdb8f0afef1f867b11e06;;Builder: Unknown User <>;Repository status: UNCLEAN: Modified working tree
15:15 bilby INFO    : Using lalsimulation version 5.0.0
15:15 bilby INFO    : Using lalsimulation git version Branch: None;Tag: lalsuite-v7.13;Id: ec1fcb1d2d1dab69321fdb8f0afef1f867b11e06;;Builder: Unknown User <>;Repository status: UNCLEAN: Modified working tree
15:15 bilby INFO    : Analysis priors:
15:15 bilby INFO    : chirp_mass=bilby.gw.prior.UniformInComponentsChirpMass(minimum=2, maximum=200, name='chirp_mass', latex_label='$\\mathcal{M}$', unit=None, boundary=None)
15:15 bilby INFO    : mass_ratio=bilby.gw.prior.UniformInComponentsMassRatio(minimum=0.05, maximum=1, name='mass_ratio', latex_label='$q$', unit=None, boundary=None, equal_mass=False)
15:15 bilby INFO    : a_1=Uniform(minimum=0, maximum=0.99, name='a_1', latex_label='$a_1$', unit=None, boundary=None)
15:15 bilby INFO    : a_2=Uniform(minimum=0, maximum=0.99, name='a_2', latex_label='$a_2$', unit=None, boundary=None)
15:15 bilby INFO    : tilt_1=Sine(minimum=0, maximum=3.141592653589793, name='tilt_1', latex_label='$\\theta_1$', unit=None, boundary=None)
15:15 bilby INFO    : tilt_2=Sine(minimum=0, maximum=3.141592653589793, name='tilt_2', latex_label='$\\theta_2$', unit=None, boundary=None)
15:15 bilby INFO    : phi_12=Uniform(minimum=0, maximum=6.283185307179586, name='phi_12', latex_label='$\\Delta\\phi$', unit=None, boundary='periodic')
15:15 bilby INFO    : phi_jl=Uniform(minimum=0, maximum=6.283185307179586, name='phi_jl', latex_label='$\\phi_{JL}$', unit=None, boundary='periodic')
15:15 bilby INFO    : mass_1=Constraint(minimum=27.493994425964267, maximum=47.49399442596427, name='mass_1', latex_label='$m_1$', unit=None)
15:15 bilby INFO    : mass_2=Constraint(minimum=18.523473182265835, maximum=38.52347318226583, name='mass_2', latex_label='$m_2$', unit=None)
15:15 bilby INFO    : ra=6.1670349004
15:15 bilby INFO    : dec=3.6958179497
15:15 bilby INFO    : geocent_time=1126259642.413
15:15 bilby INFO    : phase=0.3710634095
15:15 bilby INFO    : psi=1.5445023289000002
15:15 bilby INFO    : luminosity_distance=2149.0406274955
15:15 bilby INFO    : theta_jn=0.6468818211133703
15:15 bilby INFO    : Analysis likelihood class: <class 'bilby.gw.likelihood.base.GravitationalWaveTransient'>
15:15 bilby INFO    : Analysis likelihood noise evidence: -24007.632262515282
15:15 bilby INFO    : Single likelihood evaluation took 1.029e-01 s
15:15 bilby INFO    : Using sampler Dynesty with kwargs {'nlive': 2000, 'bound': 'live', 'sample': 'act-walk', 'periodic': None, 'reflective': None, 'update_interval': 600, 'first_update': None, 'npdim': None, 'rstate': None, 'queue_size': 8, 'pool': None, 'use_pool': None, 'live_points': None, 'logl_args': None, 'logl_kwargs': None, 'ptform_args': None, 'ptform_kwargs': None, 'gradient': None, 'grad_args': None, 'grad_kwargs': None, 'compute_jac': False, 'enlarge': None, 'bootstrap': None, 'walks': 100, 'facc': 0.2, 'slices': None, 'fmove': 0.9, 'max_move': 100, 'update_func': None, 'ncdim': None, 'blob': False, 'save_history': False, 'history_filename': None, 'maxiter': None, 'maxcall': None, 'dlogz': 0.1, 'logl_max': inf, 'n_effective': None, 'add_live': True, 'print_progress': True, 'print_func': <bound method Dynesty._print_func of <bilby.core.sampler.dynesty.Dynesty object at 0x147649a80d30>>, 'save_bounds': False, 'checkpoint_file': None, 'checkpoint_every': 60, 'resume': False}
15:15 bilby INFO    : Checkpoint every check_point_delta_t = 600s
15:15 bilby INFO    : Using dynesty version 2.1.0
15:15 bilby INFO    : Using the bilby-implemented rwalk sampling tracking the autocorrelation function and thinning by 5 with maximum length 25000
15:15 bilby INFO    : Setting up multiproccesing pool with 8 processes
15:15 bilby INFO    : Reading resume file /home/simona.miller/comp-spin-mock-injections/Data/IndividualInferenceOutput/new_bilby/population3_lowSpinAligned_highmass/job_00541_fixedExtrinsic_resume.pickle
15:15 bilby INFO    : Resume file successfully loaded.
16:09 bilby INFO    : Written checkpoint file /home/simona.miller/comp-spin-mock-injections/Data/IndividualInferenceOutput/new_bilby/population3_lowSpinAligned_highmass/job_00541_fixedExtrinsic_resume.pickle
16:29 bilby INFO    : Written checkpoint file /home/simona.miller/comp-spin-mock-injections/Data/IndividualInferenceOutput/new_bilby/population3_lowSpinAligned_highmass/job_00541_fixedExtrinsic_resume.pickle
17:21 bilby INFO    : Written checkpoint file /home/simona.miller/comp-spin-mock-injections/Data/IndividualInferenceOutput/new_bilby/population3_lowSpinAligned_highmass/job_00541_fixedExtrinsic_resume.pickle
17:59 bilby INFO    : Written checkpoint file /home/simona.miller/comp-spin-mock-injections/Data/IndividualInferenceOutput/new_bilby/population3_lowSpinAligned_highmass/job_00541_fixedExtrinsic_resume.pickle
18:36 bilby INFO    : Written checkpoint file /home/simona.miller/comp-spin-mock-injections/Data/IndividualInferenceOutput/new_bilby/population3_lowSpinAligned_highmass/job_00541_fixedExtrinsic_resume.pickle
18:38 bilby INFO    : Written checkpoint file /home/simona.miller/comp-spin-mock-injections/Data/IndividualInferenceOutput/new_bilby/population3_lowSpinAligned_highmass/job_00541_fixedExtrinsic_resume.pickle
18:38 bilby INFO    : Starting to close worker pool.
18:38 bilby INFO    : Finished closing worker pool.
18:39 bilby INFO    : Rejection sampling nested samples to obtain 6528 posterior samples
18:39 bilby INFO    : Sampling time: 2 days, 3:07:04.508132
18:41 bilby INFO    : Computing per-detector log likelihoods.
18:41 bilby INFO    : Using a pool with size 8 for nsamples=6528
18:43 bilby INFO    : Generating sky frame parameters.
18:43 bilby INFO    : Computing SNRs for every sample.
18:43 bilby INFO    : Using a pool with size 8 for nsamples=6528
18:45 bilby INFO    : Summary of results:
nsamples: 6528
ln_noise_evidence: -24007.632
ln_evidence: -23962.294 +/-  0.056
ln_bayes_factor: 45.339 +/-  0.056

