15:39 bilby INFO    : Waveform generator initiated with
  frequency_domain_source_model: bilby.gw.source.lal_binary_black_hole
  time_domain_source_model: None
  parameter_conversion: bilby.gw.conversion.convert_to_lal_binary_black_hole_parameters
15:39 bilby INFO    : Injected signal in H1:
15:39 bilby INFO    :   optimal SNR = 7.67
15:39 bilby INFO    :   matched filter SNR = 7.40+0.60j
15:39 bilby INFO    :   mass_1 = 43.87266411667468
15:39 bilby INFO    :   mass_2 = 33.70543036177244
15:39 bilby INFO    :   a_1 = 0.15557264310436625
15:39 bilby INFO    :   a_2 = 0.3246512967002326
15:39 bilby INFO    :   tilt_1 = 0.9754663808634164
15:39 bilby INFO    :   tilt_2 = 0.3725762670325049
15:39 bilby INFO    :   phi_12 = 4.37447564039608
15:39 bilby INFO    :   phi_jl = 0.8508788551326839
15:39 bilby INFO    :   luminosity_distance = 2952.8005187591
15:39 bilby INFO    :   theta_jn = 0.4237247901181287
15:39 bilby INFO    :   psi = 5.9190177498
15:39 bilby INFO    :   phase = 1.8211080912000002
15:39 bilby INFO    :   geocent_time = 1126259642.413
15:39 bilby INFO    :   ra = 3.7709880029000002
15:39 bilby INFO    :   dec = 2.7433626542000003
15:39 bilby INFO    : Injected signal in L1:
15:39 bilby INFO    :   optimal SNR = 10.00
15:39 bilby INFO    :   matched filter SNR = 9.02-0.12j
15:39 bilby INFO    :   mass_1 = 43.87266411667468
15:39 bilby INFO    :   mass_2 = 33.70543036177244
15:39 bilby INFO    :   a_1 = 0.15557264310436625
15:39 bilby INFO    :   a_2 = 0.3246512967002326
15:39 bilby INFO    :   tilt_1 = 0.9754663808634164
15:39 bilby INFO    :   tilt_2 = 0.3725762670325049
15:39 bilby INFO    :   phi_12 = 4.37447564039608
15:39 bilby INFO    :   phi_jl = 0.8508788551326839
15:39 bilby INFO    :   luminosity_distance = 2952.8005187591
15:39 bilby INFO    :   theta_jn = 0.4237247901181287
15:39 bilby INFO    :   psi = 5.9190177498
15:39 bilby INFO    :   phase = 1.8211080912000002
15:39 bilby INFO    :   geocent_time = 1126259642.413
15:39 bilby INFO    :   ra = 3.7709880029000002
15:39 bilby INFO    :   dec = 2.7433626542000003
15:39 bilby INFO    : Injected signal in V1:
15:39 bilby INFO    :   optimal SNR = 1.73
15:39 bilby INFO    :   matched filter SNR = 0.50-1.94j
15:39 bilby INFO    :   mass_1 = 43.87266411667468
15:39 bilby INFO    :   mass_2 = 33.70543036177244
15:39 bilby INFO    :   a_1 = 0.15557264310436625
15:39 bilby INFO    :   a_2 = 0.3246512967002326
15:39 bilby INFO    :   tilt_1 = 0.9754663808634164
15:39 bilby INFO    :   tilt_2 = 0.3725762670325049
15:39 bilby INFO    :   phi_12 = 4.37447564039608
15:39 bilby INFO    :   phi_jl = 0.8508788551326839
15:39 bilby INFO    :   luminosity_distance = 2952.8005187591
15:39 bilby INFO    :   theta_jn = 0.4237247901181287
15:39 bilby INFO    :   psi = 5.9190177498
15:39 bilby INFO    :   phase = 1.8211080912000002
15:39 bilby INFO    :   geocent_time = 1126259642.413
15:39 bilby INFO    :   ra = 3.7709880029000002
15:39 bilby INFO    :   dec = 2.7433626542000003
15:39 bilby INFO    : Running for label 'job_00464_fixedExtrinsic', output will be saved to '/home/simona.miller/comp-spin-mock-injections/Data/IndividualInferenceOutput/new_bilby/population3_lowSpinAligned_highmass'
15:39 bilby INFO    : Using lal version 7.3.0
15:39 bilby INFO    : Using lal git version Branch: None;Tag: lalsuite-v7.13;Id: ec1fcb1d2d1dab69321fdb8f0afef1f867b11e06;;Builder: Unknown User <>;Repository status: UNCLEAN: Modified working tree
15:39 bilby INFO    : Using lalsimulation version 5.0.0
15:39 bilby INFO    : Using lalsimulation git version Branch: None;Tag: lalsuite-v7.13;Id: ec1fcb1d2d1dab69321fdb8f0afef1f867b11e06;;Builder: Unknown User <>;Repository status: UNCLEAN: Modified working tree
15:39 bilby INFO    : Analysis priors:
15:39 bilby INFO    : chirp_mass=bilby.gw.prior.UniformInComponentsChirpMass(minimum=2, maximum=200, name='chirp_mass', latex_label='$\\mathcal{M}$', unit=None, boundary=None)
15:39 bilby INFO    : mass_ratio=bilby.gw.prior.UniformInComponentsMassRatio(minimum=0.05, maximum=1, name='mass_ratio', latex_label='$q$', unit=None, boundary=None, equal_mass=False)
15:39 bilby INFO    : a_1=Uniform(minimum=0, maximum=0.99, name='a_1', latex_label='$a_1$', unit=None, boundary=None)
15:39 bilby INFO    : a_2=Uniform(minimum=0, maximum=0.99, name='a_2', latex_label='$a_2$', unit=None, boundary=None)
15:39 bilby INFO    : tilt_1=Sine(minimum=0, maximum=3.141592653589793, name='tilt_1', latex_label='$\\theta_1$', unit=None, boundary=None)
15:39 bilby INFO    : tilt_2=Sine(minimum=0, maximum=3.141592653589793, name='tilt_2', latex_label='$\\theta_2$', unit=None, boundary=None)
15:39 bilby INFO    : phi_12=Uniform(minimum=0, maximum=6.283185307179586, name='phi_12', latex_label='$\\Delta\\phi$', unit=None, boundary='periodic')
15:39 bilby INFO    : phi_jl=Uniform(minimum=0, maximum=6.283185307179586, name='phi_jl', latex_label='$\\phi_{JL}$', unit=None, boundary='periodic')
15:39 bilby INFO    : mass_1=Constraint(minimum=33.87266411667468, maximum=53.87266411667468, name='mass_1', latex_label='$m_1$', unit=None)
15:39 bilby INFO    : mass_2=Constraint(minimum=23.705430361772443, maximum=43.70543036177244, name='mass_2', latex_label='$m_2$', unit=None)
15:39 bilby INFO    : ra=3.7709880029000002
15:39 bilby INFO    : dec=2.7433626542000003
15:39 bilby INFO    : geocent_time=1126259642.413
15:39 bilby INFO    : phase=1.8211080912000002
15:39 bilby INFO    : psi=5.9190177498
15:39 bilby INFO    : luminosity_distance=2952.8005187591
15:39 bilby INFO    : theta_jn=0.4237247901181287
15:39 bilby INFO    : Analysis likelihood class: <class 'bilby.gw.likelihood.base.GravitationalWaveTransient'>
15:39 bilby INFO    : Analysis likelihood noise evidence: -24072.755597412674
15:39 bilby INFO    : Single likelihood evaluation took 8.109e-02 s
15:39 bilby INFO    : Using sampler Dynesty with kwargs {'nlive': 2000, 'bound': 'live', 'sample': 'act-walk', 'periodic': None, 'reflective': None, 'update_interval': 600, 'first_update': None, 'npdim': None, 'rstate': None, 'queue_size': 8, 'pool': None, 'use_pool': None, 'live_points': None, 'logl_args': None, 'logl_kwargs': None, 'ptform_args': None, 'ptform_kwargs': None, 'gradient': None, 'grad_args': None, 'grad_kwargs': None, 'compute_jac': False, 'enlarge': None, 'bootstrap': None, 'walks': 100, 'facc': 0.2, 'slices': None, 'fmove': 0.9, 'max_move': 100, 'update_func': None, 'ncdim': None, 'blob': False, 'save_history': False, 'history_filename': None, 'maxiter': None, 'maxcall': None, 'dlogz': 0.1, 'logl_max': inf, 'n_effective': None, 'add_live': True, 'print_progress': True, 'print_func': <bound method Dynesty._print_func of <bilby.core.sampler.dynesty.Dynesty object at 0x1481d8340be0>>, 'save_bounds': False, 'checkpoint_file': None, 'checkpoint_every': 60, 'resume': False}
15:39 bilby INFO    : Checkpoint every check_point_delta_t = 600s
15:39 bilby INFO    : Using dynesty version 2.1.0
15:39 bilby INFO    : Using the bilby-implemented rwalk sampling tracking the autocorrelation function and thinning by 5 with maximum length 25000
15:39 bilby INFO    : Setting up multiproccesing pool with 8 processes
15:39 bilby INFO    : Reading resume file /home/simona.miller/comp-spin-mock-injections/Data/IndividualInferenceOutput/new_bilby/population3_lowSpinAligned_highmass/job_00464_fixedExtrinsic_resume.pickle
15:39 bilby INFO    : Resume file successfully loaded.
15:47 bilby INFO    : Written checkpoint file /home/simona.miller/comp-spin-mock-injections/Data/IndividualInferenceOutput/new_bilby/population3_lowSpinAligned_highmass/job_00464_fixedExtrinsic_resume.pickle
16:06 bilby INFO    : Written checkpoint file /home/simona.miller/comp-spin-mock-injections/Data/IndividualInferenceOutput/new_bilby/population3_lowSpinAligned_highmass/job_00464_fixedExtrinsic_resume.pickle
16:19 bilby INFO    : Written checkpoint file /home/simona.miller/comp-spin-mock-injections/Data/IndividualInferenceOutput/new_bilby/population3_lowSpinAligned_highmass/job_00464_fixedExtrinsic_resume.pickle
16:38 bilby INFO    : Written checkpoint file /home/simona.miller/comp-spin-mock-injections/Data/IndividualInferenceOutput/new_bilby/population3_lowSpinAligned_highmass/job_00464_fixedExtrinsic_resume.pickle
16:50 bilby INFO    : Written checkpoint file /home/simona.miller/comp-spin-mock-injections/Data/IndividualInferenceOutput/new_bilby/population3_lowSpinAligned_highmass/job_00464_fixedExtrinsic_resume.pickle
17:04 bilby INFO    : Written checkpoint file /home/simona.miller/comp-spin-mock-injections/Data/IndividualInferenceOutput/new_bilby/population3_lowSpinAligned_highmass/job_00464_fixedExtrinsic_resume.pickle
17:17 bilby INFO    : Written checkpoint file /home/simona.miller/comp-spin-mock-injections/Data/IndividualInferenceOutput/new_bilby/population3_lowSpinAligned_highmass/job_00464_fixedExtrinsic_resume.pickle
17:34 bilby INFO    : Written checkpoint file /home/simona.miller/comp-spin-mock-injections/Data/IndividualInferenceOutput/new_bilby/population3_lowSpinAligned_highmass/job_00464_fixedExtrinsic_resume.pickle
18:19 bilby INFO    : Written checkpoint file /home/simona.miller/comp-spin-mock-injections/Data/IndividualInferenceOutput/new_bilby/population3_lowSpinAligned_highmass/job_00464_fixedExtrinsic_resume.pickle
18:36 bilby INFO    : Written checkpoint file /home/simona.miller/comp-spin-mock-injections/Data/IndividualInferenceOutput/new_bilby/population3_lowSpinAligned_highmass/job_00464_fixedExtrinsic_resume.pickle
18:49 bilby INFO    : Written checkpoint file /home/simona.miller/comp-spin-mock-injections/Data/IndividualInferenceOutput/new_bilby/population3_lowSpinAligned_highmass/job_00464_fixedExtrinsic_resume.pickle
19:04 bilby INFO    : Written checkpoint file /home/simona.miller/comp-spin-mock-injections/Data/IndividualInferenceOutput/new_bilby/population3_lowSpinAligned_highmass/job_00464_fixedExtrinsic_resume.pickle
19:16 bilby INFO    : Written checkpoint file /home/simona.miller/comp-spin-mock-injections/Data/IndividualInferenceOutput/new_bilby/population3_lowSpinAligned_highmass/job_00464_fixedExtrinsic_resume.pickle
19:35 bilby INFO    : Written checkpoint file /home/simona.miller/comp-spin-mock-injections/Data/IndividualInferenceOutput/new_bilby/population3_lowSpinAligned_highmass/job_00464_fixedExtrinsic_resume.pickle
19:49 bilby INFO    : Written checkpoint file /home/simona.miller/comp-spin-mock-injections/Data/IndividualInferenceOutput/new_bilby/population3_lowSpinAligned_highmass/job_00464_fixedExtrinsic_resume.pickle
20:00 bilby INFO    : Written checkpoint file /home/simona.miller/comp-spin-mock-injections/Data/IndividualInferenceOutput/new_bilby/population3_lowSpinAligned_highmass/job_00464_fixedExtrinsic_resume.pickle
20:17 bilby INFO    : Written checkpoint file /home/simona.miller/comp-spin-mock-injections/Data/IndividualInferenceOutput/new_bilby/population3_lowSpinAligned_highmass/job_00464_fixedExtrinsic_resume.pickle
20:35 bilby INFO    : Written checkpoint file /home/simona.miller/comp-spin-mock-injections/Data/IndividualInferenceOutput/new_bilby/population3_lowSpinAligned_highmass/job_00464_fixedExtrinsic_resume.pickle
20:46 bilby INFO    : Written checkpoint file /home/simona.miller/comp-spin-mock-injections/Data/IndividualInferenceOutput/new_bilby/population3_lowSpinAligned_highmass/job_00464_fixedExtrinsic_resume.pickle
20:59 bilby INFO    : Written checkpoint file /home/simona.miller/comp-spin-mock-injections/Data/IndividualInferenceOutput/new_bilby/population3_lowSpinAligned_highmass/job_00464_fixedExtrinsic_resume.pickle
21:24 bilby INFO    : Written checkpoint file /home/simona.miller/comp-spin-mock-injections/Data/IndividualInferenceOutput/new_bilby/population3_lowSpinAligned_highmass/job_00464_fixedExtrinsic_resume.pickle
21:40 bilby INFO    : Written checkpoint file /home/simona.miller/comp-spin-mock-injections/Data/IndividualInferenceOutput/new_bilby/population3_lowSpinAligned_highmass/job_00464_fixedExtrinsic_resume.pickle
21:54 bilby INFO    : Written checkpoint file /home/simona.miller/comp-spin-mock-injections/Data/IndividualInferenceOutput/new_bilby/population3_lowSpinAligned_highmass/job_00464_fixedExtrinsic_resume.pickle
22:12 bilby INFO    : Written checkpoint file /home/simona.miller/comp-spin-mock-injections/Data/IndividualInferenceOutput/new_bilby/population3_lowSpinAligned_highmass/job_00464_fixedExtrinsic_resume.pickle
22:25 bilby INFO    : Written checkpoint file /home/simona.miller/comp-spin-mock-injections/Data/IndividualInferenceOutput/new_bilby/population3_lowSpinAligned_highmass/job_00464_fixedExtrinsic_resume.pickle
22:47 bilby INFO    : Written checkpoint file /home/simona.miller/comp-spin-mock-injections/Data/IndividualInferenceOutput/new_bilby/population3_lowSpinAligned_highmass/job_00464_fixedExtrinsic_resume.pickle
23:07 bilby INFO    : Written checkpoint file /home/simona.miller/comp-spin-mock-injections/Data/IndividualInferenceOutput/new_bilby/population3_lowSpinAligned_highmass/job_00464_fixedExtrinsic_resume.pickle
23:20 bilby INFO    : Written checkpoint file /home/simona.miller/comp-spin-mock-injections/Data/IndividualInferenceOutput/new_bilby/population3_lowSpinAligned_highmass/job_00464_fixedExtrinsic_resume.pickle
23:37 bilby INFO    : Written checkpoint file /home/simona.miller/comp-spin-mock-injections/Data/IndividualInferenceOutput/new_bilby/population3_lowSpinAligned_highmass/job_00464_fixedExtrinsic_resume.pickle
23:57 bilby INFO    : Written checkpoint file /home/simona.miller/comp-spin-mock-injections/Data/IndividualInferenceOutput/new_bilby/population3_lowSpinAligned_highmass/job_00464_fixedExtrinsic_resume.pickle
00:16 bilby INFO    : Written checkpoint file /home/simona.miller/comp-spin-mock-injections/Data/IndividualInferenceOutput/new_bilby/population3_lowSpinAligned_highmass/job_00464_fixedExtrinsic_resume.pickle
00:28 bilby INFO    : Written checkpoint file /home/simona.miller/comp-spin-mock-injections/Data/IndividualInferenceOutput/new_bilby/population3_lowSpinAligned_highmass/job_00464_fixedExtrinsic_resume.pickle
00:53 bilby INFO    : Written checkpoint file /home/simona.miller/comp-spin-mock-injections/Data/IndividualInferenceOutput/new_bilby/population3_lowSpinAligned_highmass/job_00464_fixedExtrinsic_resume.pickle
01:08 bilby INFO    : Written checkpoint file /home/simona.miller/comp-spin-mock-injections/Data/IndividualInferenceOutput/new_bilby/population3_lowSpinAligned_highmass/job_00464_fixedExtrinsic_resume.pickle
01:23 bilby INFO    : Written checkpoint file /home/simona.miller/comp-spin-mock-injections/Data/IndividualInferenceOutput/new_bilby/population3_lowSpinAligned_highmass/job_00464_fixedExtrinsic_resume.pickle
01:36 bilby INFO    : Written checkpoint file /home/simona.miller/comp-spin-mock-injections/Data/IndividualInferenceOutput/new_bilby/population3_lowSpinAligned_highmass/job_00464_fixedExtrinsic_resume.pickle
01:50 bilby INFO    : Written checkpoint file /home/simona.miller/comp-spin-mock-injections/Data/IndividualInferenceOutput/new_bilby/population3_lowSpinAligned_highmass/job_00464_fixedExtrinsic_resume.pickle
02:07 bilby INFO    : Written checkpoint file /home/simona.miller/comp-spin-mock-injections/Data/IndividualInferenceOutput/new_bilby/population3_lowSpinAligned_highmass/job_00464_fixedExtrinsic_resume.pickle
02:19 bilby INFO    : Written checkpoint file /home/simona.miller/comp-spin-mock-injections/Data/IndividualInferenceOutput/new_bilby/population3_lowSpinAligned_highmass/job_00464_fixedExtrinsic_resume.pickle
02:33 bilby INFO    : Written checkpoint file /home/simona.miller/comp-spin-mock-injections/Data/IndividualInferenceOutput/new_bilby/population3_lowSpinAligned_highmass/job_00464_fixedExtrinsic_resume.pickle
02:45 bilby INFO    : Written checkpoint file /home/simona.miller/comp-spin-mock-injections/Data/IndividualInferenceOutput/new_bilby/population3_lowSpinAligned_highmass/job_00464_fixedExtrinsic_resume.pickle
02:56 bilby INFO    : Written checkpoint file /home/simona.miller/comp-spin-mock-injections/Data/IndividualInferenceOutput/new_bilby/population3_lowSpinAligned_highmass/job_00464_fixedExtrinsic_resume.pickle
03:15 bilby INFO    : Written checkpoint file /home/simona.miller/comp-spin-mock-injections/Data/IndividualInferenceOutput/new_bilby/population3_lowSpinAligned_highmass/job_00464_fixedExtrinsic_resume.pickle
03:30 bilby INFO    : Written checkpoint file /home/simona.miller/comp-spin-mock-injections/Data/IndividualInferenceOutput/new_bilby/population3_lowSpinAligned_highmass/job_00464_fixedExtrinsic_resume.pickle
03:44 bilby INFO    : Written checkpoint file /home/simona.miller/comp-spin-mock-injections/Data/IndividualInferenceOutput/new_bilby/population3_lowSpinAligned_highmass/job_00464_fixedExtrinsic_resume.pickle
03:56 bilby INFO    : Written checkpoint file /home/simona.miller/comp-spin-mock-injections/Data/IndividualInferenceOutput/new_bilby/population3_lowSpinAligned_highmass/job_00464_fixedExtrinsic_resume.pickle
04:09 bilby INFO    : Written checkpoint file /home/simona.miller/comp-spin-mock-injections/Data/IndividualInferenceOutput/new_bilby/population3_lowSpinAligned_highmass/job_00464_fixedExtrinsic_resume.pickle
04:19 bilby INFO    : Written checkpoint file /home/simona.miller/comp-spin-mock-injections/Data/IndividualInferenceOutput/new_bilby/population3_lowSpinAligned_highmass/job_00464_fixedExtrinsic_resume.pickle
04:19 bilby INFO    : Starting to close worker pool.
04:19 bilby INFO    : Finished closing worker pool.
04:20 bilby INFO    : Rejection sampling nested samples to obtain 7380 posterior samples
04:20 bilby INFO    : Sampling time: 1 day, 13:26:54.417327
04:21 bilby INFO    : Computing per-detector log likelihoods.
04:21 bilby INFO    : Using a pool with size 8 for nsamples=7380
04:22 bilby INFO    : Generating sky frame parameters.
04:22 bilby INFO    : Computing SNRs for every sample.
04:22 bilby INFO    : Using a pool with size 8 for nsamples=7380
04:23 bilby INFO    : Summary of results:
nsamples: 7380
ln_noise_evidence: -24072.756
ln_evidence: -24010.310 +/-  0.060
ln_bayes_factor: 62.445 +/-  0.060

