000 (113450128.000.000) 2023-03-29 17:01:36 Job submitted from host: <10.14.0.160:9618?addrs=10.14.0.160-9618&alias=ldas-pcdev2.ligo.caltech.edu&noUDP&sock=schedd_7450_a8a7>
    DAG Node: 766
...
040 (113450128.000.000) 2023-03-29 17:45:12 Started transferring input files
	Transferring to host: <10.14.9.194:9618?addrs=10.14.9.194-9618&alias=node2194.cluster.ldas.cit&noUDP&sock=slot1_2_189911_3ac4_89175>
...
040 (113450128.000.000) 2023-03-29 17:45:13 Finished transferring input files
...
001 (113450128.000.000) 2023-03-29 17:45:13 Job executing on host: <10.14.9.194:9618?addrs=10.14.9.194-9618&alias=node2194.cluster.ldas.cit&noUDP&sock=startd_189641_87e3>
...
006 (113450128.000.000) 2023-03-29 17:45:14 Image size of job updated: 1
	0  -  MemoryUsage of job (MB)
	0  -  ResidentSetSize of job (KB)
...
040 (113450128.000.000) 2023-03-29 17:45:14 Started transferring output files
...
040 (113450128.000.000) 2023-03-29 17:45:14 Finished transferring output files
...
005 (113450128.000.000) 2023-03-29 17:45:14 Job terminated.
	(1) Normal termination (return value 127)
		Usr 0 00:00:00, Sys 0 00:00:00  -  Run Remote Usage
		Usr 0 00:00:00, Sys 0 00:00:00  -  Run Local Usage
		Usr 0 00:00:00, Sys 0 00:00:00  -  Total Remote Usage
		Usr 0 00:00:00, Sys 0 00:00:00  -  Total Local Usage
	407  -  Run Bytes Sent By Job
	366  -  Run Bytes Received By Job
	407  -  Total Bytes Sent By Job
	366  -  Total Bytes Received By Job
	Partitionable Resources :    Usage  Request Allocated 
	   Cpus                 :                 1         1 
	   Disk (KB)            :       14   500000    561711 
	   GPUs                 :                           0 
	   Memory (MB)          :        0    20000     20096 

	Job terminated of its own accord at 2023-03-30T00:45:14Z with exit-code 127.
...
000 (113484981.000.000) 2023-04-01 14:24:18 Job submitted from host: <10.14.0.160:9618?addrs=10.14.0.160-9618&alias=ldas-pcdev2.ligo.caltech.edu&noUDP&sock=schedd_7450_a8a7>
    DAG Node: 766
...
040 (113484981.000.000) 2023-04-01 14:30:07 Started transferring input files
	Transferring to host: <10.14.9.194:9618?addrs=10.14.9.194-9618&alias=node2194.cluster.ldas.cit&noUDP&sock=slot1_2_189911_3ac4_109147>
...
040 (113484981.000.000) 2023-04-01 14:30:07 Finished transferring input files
...
001 (113484981.000.000) 2023-04-01 14:30:08 Job executing on host: <10.14.9.194:9618?addrs=10.14.9.194-9618&alias=node2194.cluster.ldas.cit&noUDP&sock=startd_189641_87e3>
...
006 (113484981.000.000) 2023-04-01 14:30:08 Image size of job updated: 1
	0  -  MemoryUsage of job (MB)
	0  -  ResidentSetSize of job (KB)
...
040 (113484981.000.000) 2023-04-01 14:30:08 Started transferring output files
...
040 (113484981.000.000) 2023-04-01 14:30:08 Finished transferring output files
...
005 (113484981.000.000) 2023-04-01 14:30:08 Job terminated.
	(1) Normal termination (return value 127)
		Usr 0 00:00:00, Sys 0 00:00:00  -  Run Remote Usage
		Usr 0 00:00:00, Sys 0 00:00:00  -  Run Local Usage
		Usr 0 00:00:00, Sys 0 00:00:00  -  Total Remote Usage
		Usr 0 00:00:00, Sys 0 00:00:00  -  Total Local Usage
	411  -  Run Bytes Sent By Job
	366  -  Run Bytes Received By Job
	411  -  Total Bytes Sent By Job
	366  -  Total Bytes Received By Job
	Partitionable Resources :    Usage  Request Allocated 
	   Cpus                 :                 1         1 
	   Disk (KB)            :       14   500000    561711 
	   GPUs                 :                           0 
	   Memory (MB)          :        0    20000     20096 

	Job terminated of its own accord at 2023-04-01T21:30:08Z with exit-code 127.
...
000 (113485185.000.000) 2023-04-01 14:53:32 Job submitted from host: <10.14.0.160:9618?addrs=10.14.0.160-9618&alias=ldas-pcdev2.ligo.caltech.edu&noUDP&sock=schedd_7450_a8a7>
    DAG Node: 766
...
040 (113485185.000.000) 2023-04-01 15:01:31 Started transferring input files
	Transferring to host: <10.14.9.196:9618?addrs=10.14.9.196-9618&alias=node2196.cluster.ldas.cit&noUDP&sock=slot1_3_186547_fcbb_160841>
...
040 (113485185.000.000) 2023-04-01 15:01:31 Finished transferring input files
...
001 (113485185.000.000) 2023-04-01 15:01:32 Job executing on host: <10.14.9.196:9618?addrs=10.14.9.196-9618&alias=node2196.cluster.ldas.cit&noUDP&sock=startd_186508_8dac>
...
006 (113485185.000.000) 2023-04-01 15:01:33 Image size of job updated: 1
	0  -  MemoryUsage of job (MB)
	0  -  ResidentSetSize of job (KB)
...
040 (113485185.000.000) 2023-04-01 15:01:33 Started transferring output files
...
040 (113485185.000.000) 2023-04-01 15:01:33 Finished transferring output files
...
005 (113485185.000.000) 2023-04-01 15:01:33 Job terminated.
	(1) Normal termination (return value 127)
		Usr 0 00:00:00, Sys 0 00:00:00  -  Run Remote Usage
		Usr 0 00:00:00, Sys 0 00:00:00  -  Run Local Usage
		Usr 0 00:00:00, Sys 0 00:00:00  -  Total Remote Usage
		Usr 0 00:00:00, Sys 0 00:00:00  -  Total Local Usage
	403  -  Run Bytes Sent By Job
	366  -  Run Bytes Received By Job
	403  -  Total Bytes Sent By Job
	366  -  Total Bytes Received By Job
	Partitionable Resources :    Usage  Request Allocated 
	   Cpus                 :                 1         1 
	   Disk (KB)            :       15   500000    519527 
	   GPUs                 :                           0 
	   Memory (MB)          :        0    20000     20096 

	Job terminated of its own accord at 2023-04-01T22:01:33Z with exit-code 127.
...
000 (113493889.000.000) 2023-04-02 13:26:48 Job submitted from host: <10.14.0.160:9618?addrs=10.14.0.160-9618&alias=ldas-pcdev2.ligo.caltech.edu&noUDP&sock=schedd_7450_a8a7>
    DAG Node: 766
...
040 (113493889.000.000) 2023-04-02 13:44:27 Started transferring input files
	Transferring to host: <10.14.10.28:9618?addrs=10.14.10.28-9618&alias=node2278.cluster.ldas.cit&noUDP&sock=slot1_3_4177382_45c9_25496>
...
040 (113493889.000.000) 2023-04-02 13:44:27 Finished transferring input files
...
001 (113493889.000.000) 2023-04-02 13:44:28 Job executing on host: <10.14.10.28:9618?addrs=10.14.10.28-9618&alias=node2278.cluster.ldas.cit&noUDP&sock=startd_150699_8ed0>
...
006 (113493889.000.000) 2023-04-02 13:44:37 Image size of job updated: 598356
	190  -  MemoryUsage of job (MB)
	194536  -  ResidentSetSize of job (KB)
...
006 (113493889.000.000) 2023-04-02 13:49:38 Image size of job updated: 5101652
	385  -  MemoryUsage of job (MB)
	393628  -  ResidentSetSize of job (KB)
...
006 (113493889.000.000) 2023-04-02 13:54:39 Image size of job updated: 5115884
	568  -  MemoryUsage of job (MB)
	580848  -  ResidentSetSize of job (KB)
...
006 (113493889.000.000) 2023-04-02 13:59:39 Image size of job updated: 5122184
	575  -  MemoryUsage of job (MB)
	587892  -  ResidentSetSize of job (KB)
...
006 (113493889.000.000) 2023-04-02 14:04:39 Image size of job updated: 5153272
	634  -  MemoryUsage of job (MB)
	648648  -  ResidentSetSize of job (KB)
...
006 (113493889.000.000) 2023-04-02 14:09:40 Image size of job updated: 5158288
	639  -  MemoryUsage of job (MB)
	653796  -  ResidentSetSize of job (KB)
...
006 (113493889.000.000) 2023-04-02 14:14:41 Image size of job updated: 5171188
	652  -  MemoryUsage of job (MB)
	666820  -  ResidentSetSize of job (KB)
...
006 (113493889.000.000) 2023-04-02 14:19:41 Image size of job updated: 5184072
	665  -  MemoryUsage of job (MB)
	680352  -  ResidentSetSize of job (KB)
...
006 (113493889.000.000) 2023-04-02 14:24:41 Image size of job updated: 5192376
	671  -  MemoryUsage of job (MB)
	686428  -  ResidentSetSize of job (KB)
...
006 (113493889.000.000) 2023-04-02 14:29:42 Image size of job updated: 5194112
	675  -  MemoryUsage of job (MB)
	690748  -  ResidentSetSize of job (KB)
...
006 (113493889.000.000) 2023-04-02 14:34:43 Image size of job updated: 5202204
	683  -  MemoryUsage of job (MB)
	698656  -  ResidentSetSize of job (KB)
...
006 (113493889.000.000) 2023-04-02 14:39:43 Image size of job updated: 5205628
	687  -  MemoryUsage of job (MB)
	702572  -  ResidentSetSize of job (KB)
...
006 (113493889.000.000) 2023-04-02 14:44:43 Image size of job updated: 5212120
	693  -  MemoryUsage of job (MB)
	708968  -  ResidentSetSize of job (KB)
...
006 (113493889.000.000) 2023-04-02 14:49:44 Image size of job updated: 5212120
	693  -  MemoryUsage of job (MB)
	708972  -  ResidentSetSize of job (KB)
...
006 (113493889.000.000) 2023-04-02 14:54:45 Image size of job updated: 5215768
	697  -  MemoryUsage of job (MB)
	712724  -  ResidentSetSize of job (KB)
...
006 (113493889.000.000) 2023-04-02 14:59:45 Image size of job updated: 5216136
	697  -  MemoryUsage of job (MB)
	713052  -  ResidentSetSize of job (KB)
...
006 (113493889.000.000) 2023-04-02 15:04:46 Image size of job updated: 5219084
	698  -  MemoryUsage of job (MB)
	714532  -  ResidentSetSize of job (KB)
...
006 (113493889.000.000) 2023-04-02 15:09:47 Image size of job updated: 5219084
	708  -  MemoryUsage of job (MB)
	724900  -  ResidentSetSize of job (KB)
...
006 (113493889.000.000) 2023-04-02 15:14:47 Image size of job updated: 5242548
	740  -  MemoryUsage of job (MB)
	757184  -  ResidentSetSize of job (KB)
...
006 (113493889.000.000) 2023-04-02 15:19:47 Image size of job updated: 5242548
	770  -  MemoryUsage of job (MB)
	787832  -  ResidentSetSize of job (KB)
...
006 (113493889.000.000) 2023-04-02 15:24:48 Image size of job updated: 5245812
	783  -  MemoryUsage of job (MB)
	800972  -  ResidentSetSize of job (KB)
...
006 (113493889.000.000) 2023-04-02 15:29:49 Image size of job updated: 5272036
	847  -  MemoryUsage of job (MB)
	866940  -  ResidentSetSize of job (KB)
...
006 (113493889.000.000) 2023-04-02 15:34:49 Image size of job updated: 5272036
	859  -  MemoryUsage of job (MB)
	879556  -  ResidentSetSize of job (KB)
...
006 (113493889.000.000) 2023-04-02 15:39:49 Image size of job updated: 5273984
	918  -  MemoryUsage of job (MB)
	939116  -  ResidentSetSize of job (KB)
...
006 (113493889.000.000) 2023-04-02 15:44:50 Image size of job updated: 5273984
	946  -  MemoryUsage of job (MB)
	968324  -  ResidentSetSize of job (KB)
...
006 (113493889.000.000) 2023-04-02 15:49:51 Image size of job updated: 5278156
	955  -  MemoryUsage of job (MB)
	977620  -  ResidentSetSize of job (KB)
...
006 (113493889.000.000) 2023-04-02 15:59:51 Image size of job updated: 5280384
	957  -  MemoryUsage of job (MB)
	979160  -  ResidentSetSize of job (KB)
...
006 (113493889.000.000) 2023-04-02 16:09:53 Image size of job updated: 5318788
	996  -  MemoryUsage of job (MB)
	1019524  -  ResidentSetSize of job (KB)
...
006 (113493889.000.000) 2023-04-02 16:14:53 Image size of job updated: 5336176
	1014  -  MemoryUsage of job (MB)
	1038332  -  ResidentSetSize of job (KB)
...
006 (113493889.000.000) 2023-04-02 16:19:53 Image size of job updated: 5361228
	1029  -  MemoryUsage of job (MB)
	1053616  -  ResidentSetSize of job (KB)
...
006 (113493889.000.000) 2023-04-02 16:24:54 Image size of job updated: 5361228
	1029  -  MemoryUsage of job (MB)
	1053620  -  ResidentSetSize of job (KB)
...
006 (113493889.000.000) 2023-04-02 16:29:55 Image size of job updated: 5369696
	1047  -  MemoryUsage of job (MB)
	1071968  -  ResidentSetSize of job (KB)
...
006 (113493889.000.000) 2023-04-02 16:34:55 Image size of job updated: 5389748
	1058  -  MemoryUsage of job (MB)
	1082468  -  ResidentSetSize of job (KB)
...
006 (113493889.000.000) 2023-04-02 16:44:57 Image size of job updated: 5389748
	1092  -  MemoryUsage of job (MB)
	1118104  -  ResidentSetSize of job (KB)
...
006 (113493889.000.000) 2023-04-02 16:49:57 Image size of job updated: 5389748
	1212  -  MemoryUsage of job (MB)
	1240136  -  ResidentSetSize of job (KB)
...
006 (113493889.000.000) 2023-04-02 16:54:57 Image size of job updated: 5389748
	1302  -  MemoryUsage of job (MB)
	1333140  -  ResidentSetSize of job (KB)
...
006 (113493889.000.000) 2023-04-02 16:59:58 Image size of job updated: 5400100
	1303  -  MemoryUsage of job (MB)
	1334236  -  ResidentSetSize of job (KB)
...
006 (113493889.000.000) 2023-04-02 17:09:59 Image size of job updated: 5400100
	1305  -  MemoryUsage of job (MB)
	1335540  -  ResidentSetSize of job (KB)
...
006 (113493889.000.000) 2023-04-02 17:15:00 Image size of job updated: 5430720
	1348  -  MemoryUsage of job (MB)
	1379968  -  ResidentSetSize of job (KB)
...
006 (113493889.000.000) 2023-04-02 17:20:01 Image size of job updated: 5447360
	1353  -  MemoryUsage of job (MB)
	1384984  -  ResidentSetSize of job (KB)
...
006 (113493889.000.000) 2023-04-02 17:25:02 Image size of job updated: 5447360
	1353  -  MemoryUsage of job (MB)
	1385240  -  ResidentSetSize of job (KB)
...
006 (113493889.000.000) 2023-04-02 17:35:03 Image size of job updated: 5447360
	1355  -  MemoryUsage of job (MB)
	1387392  -  ResidentSetSize of job (KB)
...
006 (113493889.000.000) 2023-04-02 17:40:04 Image size of job updated: 5447360
	1356  -  MemoryUsage of job (MB)
	1388412  -  ResidentSetSize of job (KB)
...
006 (113493889.000.000) 2023-04-02 17:45:04 Image size of job updated: 5447360
	1356  -  MemoryUsage of job (MB)
	1388544  -  ResidentSetSize of job (KB)
...
006 (113493889.000.000) 2023-04-02 17:50:04 Image size of job updated: 5447360
	1360  -  MemoryUsage of job (MB)
	1392636  -  ResidentSetSize of job (KB)
...
006 (113493889.000.000) 2023-04-02 17:55:05 Image size of job updated: 5456212
	1369  -  MemoryUsage of job (MB)
	1401348  -  ResidentSetSize of job (KB)
...
006 (113493889.000.000) 2023-04-02 18:00:06 Image size of job updated: 5456212
	1369  -  MemoryUsage of job (MB)
	1401388  -  ResidentSetSize of job (KB)
...
006 (113493889.000.000) 2023-04-02 18:10:06 Image size of job updated: 5456592
	1370  -  MemoryUsage of job (MB)
	1402824  -  ResidentSetSize of job (KB)
...
006 (113493889.000.000) 2023-04-02 18:15:07 Image size of job updated: 5459664
	1374  -  MemoryUsage of job (MB)
	1406252  -  ResidentSetSize of job (KB)
...
006 (113493889.000.000) 2023-04-02 18:20:08 Image size of job updated: 5515352
	1431  -  MemoryUsage of job (MB)
	1464592  -  ResidentSetSize of job (KB)
...
006 (113493889.000.000) 2023-04-02 18:30:08 Image size of job updated: 5531152
	1431  -  MemoryUsage of job (MB)
	1464592  -  ResidentSetSize of job (KB)
...
006 (113493889.000.000) 2023-04-02 19:20:14 Image size of job updated: 5577240
	1491  -  MemoryUsage of job (MB)
	1525892  -  ResidentSetSize of job (KB)
...
006 (113493889.000.000) 2023-04-02 19:30:15 Image size of job updated: 5577240
	1492  -  MemoryUsage of job (MB)
	1527684  -  ResidentSetSize of job (KB)
...
006 (113493889.000.000) 2023-04-02 19:35:16 Image size of job updated: 5579196
	1492  -  MemoryUsage of job (MB)
	1527684  -  ResidentSetSize of job (KB)
...
006 (113493889.000.000) 2023-04-02 19:45:17 Image size of job updated: 5582592
	1492  -  MemoryUsage of job (MB)
	1527684  -  ResidentSetSize of job (KB)
...
006 (113493889.000.000) 2023-04-02 19:55:18 Image size of job updated: 5582592
	1503  -  MemoryUsage of job (MB)
	1538108  -  ResidentSetSize of job (KB)
...
006 (113493889.000.000) 2023-04-02 20:00:18 Image size of job updated: 5585196
	1503  -  MemoryUsage of job (MB)
	1538608  -  ResidentSetSize of job (KB)
...
006 (113493889.000.000) 2023-04-02 20:05:19 Image size of job updated: 5593532
	1503  -  MemoryUsage of job (MB)
	1538632  -  ResidentSetSize of job (KB)
...
006 (113493889.000.000) 2023-04-02 20:10:20 Image size of job updated: 5594960
	1505  -  MemoryUsage of job (MB)
	1540740  -  ResidentSetSize of job (KB)
...
006 (113493889.000.000) 2023-04-02 20:15:20 Image size of job updated: 5594960
	1508  -  MemoryUsage of job (MB)
	1543396  -  ResidentSetSize of job (KB)
...
006 (113493889.000.000) 2023-04-02 20:20:20 Image size of job updated: 5596376
	1509  -  MemoryUsage of job (MB)
	1544940  -  ResidentSetSize of job (KB)
...
006 (113493889.000.000) 2023-04-02 20:25:21 Image size of job updated: 5597144
	1510  -  MemoryUsage of job (MB)
	1545708  -  ResidentSetSize of job (KB)
...
006 (113493889.000.000) 2023-04-02 20:35:22 Image size of job updated: 5598136
	1511  -  MemoryUsage of job (MB)
	1546260  -  ResidentSetSize of job (KB)
...
006 (113493889.000.000) 2023-04-02 20:40:22 Image size of job updated: 5598136
	1513  -  MemoryUsage of job (MB)
	1548308  -  ResidentSetSize of job (KB)
...
006 (113493889.000.000) 2023-04-02 20:45:23 Image size of job updated: 5672800
	1514  -  MemoryUsage of job (MB)
	1550232  -  ResidentSetSize of job (KB)
...
006 (113493889.000.000) 2023-04-02 20:55:24 Image size of job updated: 5672800
	1519  -  MemoryUsage of job (MB)
	1554660  -  ResidentSetSize of job (KB)
...
006 (113493889.000.000) 2023-04-02 21:00:24 Image size of job updated: 5672800
	1520  -  MemoryUsage of job (MB)
	1556196  -  ResidentSetSize of job (KB)
...
006 (113493889.000.000) 2023-04-02 21:05:25 Image size of job updated: 5672800
	1522  -  MemoryUsage of job (MB)
	1557768  -  ResidentSetSize of job (KB)
...
006 (113493889.000.000) 2023-04-02 21:10:26 Image size of job updated: 5672800
	1522  -  MemoryUsage of job (MB)
	1558276  -  ResidentSetSize of job (KB)
...
006 (113493889.000.000) 2023-04-02 21:20:27 Image size of job updated: 5672800
	1538  -  MemoryUsage of job (MB)
	1574240  -  ResidentSetSize of job (KB)
...
006 (113493889.000.000) 2023-04-02 21:25:28 Image size of job updated: 5672800
	1539  -  MemoryUsage of job (MB)
	1575084  -  ResidentSetSize of job (KB)
...
006 (113493889.000.000) 2023-04-02 21:30:28 Image size of job updated: 5672800
	1543  -  MemoryUsage of job (MB)
	1579572  -  ResidentSetSize of job (KB)
...
006 (113493889.000.000) 2023-04-02 21:45:30 Image size of job updated: 5672800
	1562  -  MemoryUsage of job (MB)
	1598804  -  ResidentSetSize of job (KB)
...
006 (113493889.000.000) 2023-04-02 21:55:30 Image size of job updated: 5672800
	1563  -  MemoryUsage of job (MB)
	1600380  -  ResidentSetSize of job (KB)
...
006 (113493889.000.000) 2023-04-02 22:00:31 Image size of job updated: 5672800
	1567  -  MemoryUsage of job (MB)
	1603680  -  ResidentSetSize of job (KB)
...
006 (113493889.000.000) 2023-04-02 22:10:32 Image size of job updated: 5672800
	1571  -  MemoryUsage of job (MB)
	1607880  -  ResidentSetSize of job (KB)
...
006 (113493889.000.000) 2023-04-02 22:15:32 Image size of job updated: 5672800
	1571  -  MemoryUsage of job (MB)
	1608136  -  ResidentSetSize of job (KB)
...
006 (113493889.000.000) 2023-04-02 22:35:34 Image size of job updated: 5672800
	1576  -  MemoryUsage of job (MB)
	1613620  -  ResidentSetSize of job (KB)
...
006 (113493889.000.000) 2023-04-02 22:40:36 Image size of job updated: 5672800
	1577  -  MemoryUsage of job (MB)
	1614448  -  ResidentSetSize of job (KB)
...
006 (113493889.000.000) 2023-04-02 22:45:36 Image size of job updated: 5672800
	1577  -  MemoryUsage of job (MB)
	1614596  -  ResidentSetSize of job (KB)
...
006 (113493889.000.000) 2023-04-02 22:50:36 Image size of job updated: 5672800
	1580  -  MemoryUsage of job (MB)
	1617240  -  ResidentSetSize of job (KB)
...
006 (113493889.000.000) 2023-04-02 22:55:37 Image size of job updated: 5672800
	1581  -  MemoryUsage of job (MB)
	1618008  -  ResidentSetSize of job (KB)
...
006 (113493889.000.000) 2023-04-02 23:30:40 Image size of job updated: 5673976
	1583  -  MemoryUsage of job (MB)
	1620576  -  ResidentSetSize of job (KB)
...
006 (113493889.000.000) 2023-04-02 23:35:41 Image size of job updated: 5684196
	1583  -  MemoryUsage of job (MB)
	1620576  -  ResidentSetSize of job (KB)
...
006 (113493889.000.000) 2023-04-03 00:25:46 Image size of job updated: 5710320
	1583  -  MemoryUsage of job (MB)
	1620576  -  ResidentSetSize of job (KB)
...
006 (113493889.000.000) 2023-04-03 01:50:55 Image size of job updated: 5721788
	1628  -  MemoryUsage of job (MB)
	1666100  -  ResidentSetSize of job (KB)
...
006 (113493889.000.000) 2023-04-03 01:55:56 Image size of job updated: 5723068
	1628  -  MemoryUsage of job (MB)
	1666100  -  ResidentSetSize of job (KB)
...
006 (113493889.000.000) 2023-04-03 04:21:11 Image size of job updated: 5821524
	1628  -  MemoryUsage of job (MB)
	1666100  -  ResidentSetSize of job (KB)
...
006 (113493889.000.000) 2023-04-03 04:56:14 Image size of job updated: 5834972
	1628  -  MemoryUsage of job (MB)
	1666100  -  ResidentSetSize of job (KB)
...
006 (113493889.000.000) 2023-04-03 05:11:16 Image size of job updated: 5834972
	1633  -  MemoryUsage of job (MB)
	1671580  -  ResidentSetSize of job (KB)
...
006 (113493889.000.000) 2023-04-03 05:16:18 Image size of job updated: 5834972
	1645  -  MemoryUsage of job (MB)
	1684428  -  ResidentSetSize of job (KB)
...
006 (113493889.000.000) 2023-04-03 05:21:18 Image size of job updated: 5871716
	1648  -  MemoryUsage of job (MB)
	1686808  -  ResidentSetSize of job (KB)
...
006 (113493889.000.000) 2023-04-03 05:26:18 Image size of job updated: 5871716
	1649  -  MemoryUsage of job (MB)
	1687764  -  ResidentSetSize of job (KB)
...
006 (113493889.000.000) 2023-04-03 05:31:19 Image size of job updated: 5871716
	1651  -  MemoryUsage of job (MB)
	1690520  -  ResidentSetSize of job (KB)
...
006 (113493889.000.000) 2023-04-03 05:46:20 Image size of job updated: 5871716
	1657  -  MemoryUsage of job (MB)
	1696268  -  ResidentSetSize of job (KB)
...
006 (113493889.000.000) 2023-04-03 06:11:23 Image size of job updated: 5887104
	1663  -  MemoryUsage of job (MB)
	1701892  -  ResidentSetSize of job (KB)
...
006 (113493889.000.000) 2023-04-03 06:16:24 Image size of job updated: 5887104
	1665  -  MemoryUsage of job (MB)
	1703940  -  ResidentSetSize of job (KB)
...
006 (113493889.000.000) 2023-04-03 06:21:24 Image size of job updated: 5889072
	1665  -  MemoryUsage of job (MB)
	1703940  -  ResidentSetSize of job (KB)
...
006 (113493889.000.000) 2023-04-03 07:21:30 Image size of job updated: 5902860
	1665  -  MemoryUsage of job (MB)
	1703940  -  ResidentSetSize of job (KB)
...
006 (113493889.000.000) 2023-04-03 07:46:34 Image size of job updated: 5927992
	1687  -  MemoryUsage of job (MB)
	1726508  -  ResidentSetSize of job (KB)
...
006 (113493889.000.000) 2023-04-03 07:56:34 Image size of job updated: 5930808
	1688  -  MemoryUsage of job (MB)
	1727552  -  ResidentSetSize of job (KB)
...
006 (113493889.000.000) 2023-04-03 08:01:35 Image size of job updated: 5930808
	1690  -  MemoryUsage of job (MB)
	1729616  -  ResidentSetSize of job (KB)
...
006 (113493889.000.000) 2023-04-03 08:06:36 Image size of job updated: 5930808
	1690  -  MemoryUsage of job (MB)
	1729852  -  ResidentSetSize of job (KB)
...
006 (113493889.000.000) 2023-04-03 08:26:37 Image size of job updated: 5930808
	1698  -  MemoryUsage of job (MB)
	1737840  -  ResidentSetSize of job (KB)
...
006 (113493889.000.000) 2023-04-03 08:41:39 Image size of job updated: 5941896
	1700  -  MemoryUsage of job (MB)
	1740032  -  ResidentSetSize of job (KB)
...
006 (113493889.000.000) 2023-04-03 08:56:40 Image size of job updated: 6093436
	1702  -  MemoryUsage of job (MB)
	1741952  -  ResidentSetSize of job (KB)
...
006 (113493889.000.000) 2023-04-03 09:01:40 Image size of job updated: 6093436
	1704  -  MemoryUsage of job (MB)
	1744000  -  ResidentSetSize of job (KB)
...
006 (113493889.000.000) 2023-04-03 09:11:41 Image size of job updated: 6093436
	1705  -  MemoryUsage of job (MB)
	1745072  -  ResidentSetSize of job (KB)
...
006 (113493889.000.000) 2023-04-03 09:21:42 Image size of job updated: 6093436
	1707  -  MemoryUsage of job (MB)
	1747908  -  ResidentSetSize of job (KB)
...
006 (113493889.000.000) 2023-04-03 09:26:43 Image size of job updated: 6093436
	1721  -  MemoryUsage of job (MB)
	1761712  -  ResidentSetSize of job (KB)
...
006 (113493889.000.000) 2023-04-03 09:31:44 Image size of job updated: 6093436
	1724  -  MemoryUsage of job (MB)
	1765208  -  ResidentSetSize of job (KB)
...
006 (113493889.000.000) 2023-04-03 09:36:44 Image size of job updated: 6093436
	1725  -  MemoryUsage of job (MB)
	1765488  -  ResidentSetSize of job (KB)
...
006 (113493889.000.000) 2023-04-03 09:51:45 Image size of job updated: 6093436
	1725  -  MemoryUsage of job (MB)
	1766064  -  ResidentSetSize of job (KB)
...
006 (113493889.000.000) 2023-04-03 09:56:45 Image size of job updated: 6093436
	1728  -  MemoryUsage of job (MB)
	1769444  -  ResidentSetSize of job (KB)
...
006 (113493889.000.000) 2023-04-03 10:01:46 Image size of job updated: 6093436
	1729  -  MemoryUsage of job (MB)
	1769820  -  ResidentSetSize of job (KB)
...
006 (113493889.000.000) 2023-04-03 10:06:47 Image size of job updated: 6093436
	1729  -  MemoryUsage of job (MB)
	1770320  -  ResidentSetSize of job (KB)
...
006 (113493889.000.000) 2023-04-03 10:11:47 Image size of job updated: 6093436
	1731  -  MemoryUsage of job (MB)
	1772016  -  ResidentSetSize of job (KB)
...
006 (113493889.000.000) 2023-04-03 10:16:47 Image size of job updated: 6093436
	1731  -  MemoryUsage of job (MB)
	1772516  -  ResidentSetSize of job (KB)
...
006 (113493889.000.000) 2023-04-03 10:21:48 Image size of job updated: 6093436
	1732  -  MemoryUsage of job (MB)
	1773016  -  ResidentSetSize of job (KB)
...
006 (113493889.000.000) 2023-04-03 10:26:49 Image size of job updated: 6093436
	1735  -  MemoryUsage of job (MB)
	1776460  -  ResidentSetSize of job (KB)
...
006 (113493889.000.000) 2023-04-03 10:31:49 Image size of job updated: 6093436
	1736  -  MemoryUsage of job (MB)
	1776960  -  ResidentSetSize of job (KB)
...
006 (113493889.000.000) 2023-04-03 10:36:49 Image size of job updated: 6093436
	1736  -  MemoryUsage of job (MB)
	1777068  -  ResidentSetSize of job (KB)
...
006 (113493889.000.000) 2023-04-03 10:56:51 Image size of job updated: 6093436
	1742  -  MemoryUsage of job (MB)
	1783784  -  ResidentSetSize of job (KB)
...
006 (113493889.000.000) 2023-04-03 11:01:53 Image size of job updated: 6093436
	1758  -  MemoryUsage of job (MB)
	1799860  -  ResidentSetSize of job (KB)
...
006 (113493889.000.000) 2023-04-03 11:06:53 Image size of job updated: 6093436
	1760  -  MemoryUsage of job (MB)
	1801528  -  ResidentSetSize of job (KB)
...
006 (113493889.000.000) 2023-04-03 11:16:54 Image size of job updated: 6093436
	1760  -  MemoryUsage of job (MB)
	1801532  -  ResidentSetSize of job (KB)
...
006 (113493889.000.000) 2023-04-03 11:21:55 Image size of job updated: 6093436
	1762  -  MemoryUsage of job (MB)
	1803976  -  ResidentSetSize of job (KB)
...
006 (113493889.000.000) 2023-04-03 11:26:55 Image size of job updated: 6093436
	1764  -  MemoryUsage of job (MB)
	1806024  -  ResidentSetSize of job (KB)
...
006 (113493889.000.000) 2023-04-03 11:36:56 Image size of job updated: 6093436
	1766  -  MemoryUsage of job (MB)
	1807572  -  ResidentSetSize of job (KB)
...
006 (113493889.000.000) 2023-04-03 11:46:56 Image size of job updated: 6093436
	1768  -  MemoryUsage of job (MB)
	1810016  -  ResidentSetSize of job (KB)
...
006 (113493889.000.000) 2023-04-03 11:56:58 Image size of job updated: 6093436
	1770  -  MemoryUsage of job (MB)
	1811808  -  ResidentSetSize of job (KB)
...
006 (113493889.000.000) 2023-04-03 12:17:00 Image size of job updated: 6093436
	1772  -  MemoryUsage of job (MB)
	1814324  -  ResidentSetSize of job (KB)
...
006 (113493889.000.000) 2023-04-03 12:22:00 Image size of job updated: 6093436
	1774  -  MemoryUsage of job (MB)
	1816372  -  ResidentSetSize of job (KB)
...
006 (113493889.000.000) 2023-04-03 12:42:01 Image size of job updated: 6093436
	1779  -  MemoryUsage of job (MB)
	1821632  -  ResidentSetSize of job (KB)
...
006 (113493889.000.000) 2023-04-03 12:47:02 Image size of job updated: 6093436
	1791  -  MemoryUsage of job (MB)
	1833240  -  ResidentSetSize of job (KB)
...
006 (113493889.000.000) 2023-04-03 12:57:03 Image size of job updated: 6093436
	1792  -  MemoryUsage of job (MB)
	1834396  -  ResidentSetSize of job (KB)
...
006 (113493889.000.000) 2023-04-03 13:02:03 Image size of job updated: 6093436
	1795  -  MemoryUsage of job (MB)
	1837540  -  ResidentSetSize of job (KB)
...
006 (113493889.000.000) 2023-04-03 13:32:06 Image size of job updated: 6093436
	1798  -  MemoryUsage of job (MB)
	1840376  -  ResidentSetSize of job (KB)
...
006 (113493889.000.000) 2023-04-03 13:42:07 Image size of job updated: 6093436
	1800  -  MemoryUsage of job (MB)
	1842424  -  ResidentSetSize of job (KB)
...
006 (113493889.000.000) 2023-04-03 13:47:08 Image size of job updated: 6093436
	1804  -  MemoryUsage of job (MB)
	1847220  -  ResidentSetSize of job (KB)
...
006 (113493889.000.000) 2023-04-03 14:02:10 Image size of job updated: 6093436
	1806  -  MemoryUsage of job (MB)
	1849300  -  ResidentSetSize of job (KB)
...
004 (113493889.000.000) 2023-04-03 14:05:13 Job was evicted.
	(0) CPU times
		Usr 4 00:53:18, Sys 0 00:04:43  -  Run Remote Usage
		Usr 0 00:00:00, Sys 0 00:00:00  -  Run Local Usage
	0  -  Run Bytes Sent By Job
	366  -  Run Bytes Received By Job
	Partitionable Resources :    Usage  Request Allocated 
	   Cpus                 :     0.98        1         1 
	   Disk (KB)            :  3992      500000    624256 
	   GPUs                 :                           0 
	   Memory (MB)          :  1806       20000     20096 
...
040 (113493889.000.000) 2023-04-03 14:41:23 Started transferring input files
	Transferring to host: <10.14.10.81:9618?addrs=10.14.10.81-9618&alias=node2331.cluster.ldas.cit&noUDP&sock=slot1_1_253093_aa0d_12768>
...
040 (113493889.000.000) 2023-04-03 14:41:23 Finished transferring input files
...
001 (113493889.000.000) 2023-04-03 14:41:24 Job executing on host: <10.14.10.81:9618?addrs=10.14.10.81-9618&alias=node2331.cluster.ldas.cit&noUDP&sock=startd_253052_33d7>
...
004 (113493889.000.000) 2023-04-04 13:15:48 Job was evicted.
	(0) CPU times
		Usr 4 06:07:23, Sys 0 00:03:03  -  Run Remote Usage
		Usr 0 00:00:00, Sys 0 00:00:00  -  Run Local Usage
	0  -  Run Bytes Sent By Job
	366  -  Run Bytes Received By Job
	Partitionable Resources :    Usage  Request Allocated 
	   Cpus                 :     2.98        1         1 
	   Disk (KB)            :  3161      500000    624256 
	   GPUs                 :                           0 
	   Memory (MB)          :  1954       20000     20096 
...
040 (113493889.000.000) 2023-04-04 14:01:11 Started transferring input files
	Transferring to host: <10.14.10.68:9618?addrs=10.14.10.68-9618&alias=node2318.cluster.ldas.cit&noUDP&sock=slot1_9_3337961_3d92_13>
...
040 (113493889.000.000) 2023-04-04 14:01:11 Finished transferring input files
...
001 (113493889.000.000) 2023-04-04 14:01:12 Job executing on host: <10.14.10.68:9618?addrs=10.14.10.68-9618&alias=node2318.cluster.ldas.cit&noUDP&sock=startd_3337919_6054>
...
006 (113493889.000.000) 2023-04-05 08:18:12 Image size of job updated: 7500000
	2011  -  MemoryUsage of job (MB)
	2058512  -  ResidentSetSize of job (KB)
...
004 (113493889.000.000) 2023-04-05 14:52:31 Job was evicted.
	(0) CPU times
		Usr 4 11:37:31, Sys 0 00:05:07  -  Run Remote Usage
		Usr 0 00:00:00, Sys 0 00:00:00  -  Run Local Usage
	0  -  Run Bytes Sent By Job
	366  -  Run Bytes Received By Job
	Partitionable Resources :    Usage  Request Allocated 
	   Cpus                 :     7.92        1         1 
	   Disk (KB)            :  2914      500000    624256 
	   GPUs                 :                           0 
	   Memory (MB)          :  2011       20000     20096 
...
009 (113493889.000.000) 2023-04-05 14:52:31 Job was aborted.
	removed because <OtherJobRemoveRequirements = DAGManJobId =?= 113493790> fired when job (113493790.0) was removed
...
000 (113587380.000.000) 2023-04-05 14:54:35 Job submitted from host: <10.14.0.160:9618?addrs=10.14.0.160-9618&alias=ldas-pcdev2.ligo.caltech.edu&noUDP&sock=schedd_7450_a8a7>
    DAG Node: 766
...
040 (113587380.000.000) 2023-04-05 15:01:03 Started transferring input files
	Transferring to host: <10.14.10.73:9618?addrs=10.14.10.73-9618&alias=node2323.cluster.ldas.cit&noUDP&sock=slot1_13_1751566_7374_1174>
...
040 (113587380.000.000) 2023-04-05 15:01:03 Finished transferring input files
...
001 (113587380.000.000) 2023-04-05 15:01:04 Job executing on host: <10.14.10.73:9618?addrs=10.14.10.73-9618&alias=node2323.cluster.ldas.cit&noUDP&sock=startd_1751524_5b61>
...
006 (113587380.000.000) 2023-04-05 15:01:12 Image size of job updated: 598360
	192  -  MemoryUsage of job (MB)
	196556  -  ResidentSetSize of job (KB)
...
006 (113587380.000.000) 2023-04-05 15:06:13 Image size of job updated: 5283816
	752  -  MemoryUsage of job (MB)
	769096  -  ResidentSetSize of job (KB)
...
006 (113587380.000.000) 2023-04-05 15:11:14 Image size of job updated: 5368776
	835  -  MemoryUsage of job (MB)
	854168  -  ResidentSetSize of job (KB)
...
006 (113587380.000.000) 2023-04-05 15:16:14 Image size of job updated: 5587492
	1048  -  MemoryUsage of job (MB)
	1072748  -  ResidentSetSize of job (KB)
...
006 (113587380.000.000) 2023-04-05 15:21:14 Image size of job updated: 5588576
	1048  -  MemoryUsage of job (MB)
	1072748  -  ResidentSetSize of job (KB)
...
006 (113587380.000.000) 2023-04-05 15:31:16 Image size of job updated: 5867312
	1168  -  MemoryUsage of job (MB)
	1195652  -  ResidentSetSize of job (KB)
...
006 (113587380.000.000) 2023-04-05 15:36:16 Image size of job updated: 5867312
	1354  -  MemoryUsage of job (MB)
	1385532  -  ResidentSetSize of job (KB)
...
006 (113587380.000.000) 2023-04-05 15:41:16 Image size of job updated: 6013484
	1354  -  MemoryUsage of job (MB)
	1385532  -  ResidentSetSize of job (KB)
...
006 (113587380.000.000) 2023-04-05 16:01:18 Image size of job updated: 6013484
	1450  -  MemoryUsage of job (MB)
	1484168  -  ResidentSetSize of job (KB)
...
006 (113587380.000.000) 2023-04-05 16:06:19 Image size of job updated: 6040168
	1450  -  MemoryUsage of job (MB)
	1484168  -  ResidentSetSize of job (KB)
...
006 (113587380.000.000) 2023-04-05 16:36:22 Image size of job updated: 6040168
	1556  -  MemoryUsage of job (MB)
	1592920  -  ResidentSetSize of job (KB)
...
006 (113587380.000.000) 2023-04-05 16:41:23 Image size of job updated: 6040168
	1721  -  MemoryUsage of job (MB)
	1761796  -  ResidentSetSize of job (KB)
...
006 (113587380.000.000) 2023-04-05 16:46:23 Image size of job updated: 6055320
	1721  -  MemoryUsage of job (MB)
	1761796  -  ResidentSetSize of job (KB)
...
006 (113587380.000.000) 2023-04-05 17:06:25 Image size of job updated: 6055320
	1747  -  MemoryUsage of job (MB)
	1788800  -  ResidentSetSize of job (KB)
...
006 (113587380.000.000) 2023-04-05 17:26:28 Image size of job updated: 6075896
	1747  -  MemoryUsage of job (MB)
	1788800  -  ResidentSetSize of job (KB)
...
006 (113587380.000.000) 2023-04-05 17:56:31 Image size of job updated: 6075896
	1801  -  MemoryUsage of job (MB)
	1843536  -  ResidentSetSize of job (KB)
...
006 (113587380.000.000) 2023-04-05 18:01:32 Image size of job updated: 6076768
	1801  -  MemoryUsage of job (MB)
	1843536  -  ResidentSetSize of job (KB)
...
006 (113587380.000.000) 2023-04-05 18:11:33 Image size of job updated: 6139744
	1801  -  MemoryUsage of job (MB)
	1843536  -  ResidentSetSize of job (KB)
...
006 (113587380.000.000) 2023-04-05 18:41:36 Image size of job updated: 6139744
	1822  -  MemoryUsage of job (MB)
	1865056  -  ResidentSetSize of job (KB)
...
006 (113587380.000.000) 2023-04-05 19:06:39 Image size of job updated: 6139744
	1828  -  MemoryUsage of job (MB)
	1871292  -  ResidentSetSize of job (KB)
...
006 (113587380.000.000) 2023-04-05 23:02:03 Image size of job updated: 6139824
	1929  -  MemoryUsage of job (MB)
	1974696  -  ResidentSetSize of job (KB)
...
006 (113587380.000.000) 2023-04-05 23:07:04 Image size of job updated: 6140328
	1929  -  MemoryUsage of job (MB)
	1974696  -  ResidentSetSize of job (KB)
...
006 (113587380.000.000) 2023-04-06 01:47:20 Image size of job updated: 6140328
	1955  -  MemoryUsage of job (MB)
	2000972  -  ResidentSetSize of job (KB)
...
006 (113587380.000.000) 2023-04-06 01:52:21 Image size of job updated: 6165884
	1955  -  MemoryUsage of job (MB)
	2000972  -  ResidentSetSize of job (KB)
...
006 (113587380.000.000) 2023-04-06 03:32:31 Image size of job updated: 6165884
	1988  -  MemoryUsage of job (MB)
	2035444  -  ResidentSetSize of job (KB)
...
006 (113587380.000.000) 2023-04-06 06:47:50 Image size of job updated: 6180512
	1988  -  MemoryUsage of job (MB)
	2035444  -  ResidentSetSize of job (KB)
...
006 (113587380.000.000) 2023-04-06 08:18:00 Image size of job updated: 6217736
	1988  -  MemoryUsage of job (MB)
	2035444  -  ResidentSetSize of job (KB)
...
006 (113587380.000.000) 2023-04-06 09:08:06 Image size of job updated: 6217736
	2007  -  MemoryUsage of job (MB)
	2054848  -  ResidentSetSize of job (KB)
...
006 (113587380.000.000) 2023-04-06 09:18:08 Image size of job updated: 6217736
	2022  -  MemoryUsage of job (MB)
	2069632  -  ResidentSetSize of job (KB)
...
006 (113587380.000.000) 2023-04-06 09:28:08 Image size of job updated: 6217736
	2046  -  MemoryUsage of job (MB)
	2094432  -  ResidentSetSize of job (KB)
...
006 (113587380.000.000) 2023-04-06 14:33:42 Image size of job updated: 6217736
	2115  -  MemoryUsage of job (MB)
	2164892  -  ResidentSetSize of job (KB)
...
004 (113587380.000.000) 2023-04-06 15:29:05 Job was evicted.
	(0) CPU times
		Usr 5 18:18:25, Sys 0 00:04:12  -  Run Remote Usage
		Usr 0 00:00:00, Sys 0 00:00:00  -  Run Local Usage
	0  -  Run Bytes Sent By Job
	366  -  Run Bytes Received By Job
	Partitionable Resources :    Usage  Request Allocated 
	   Cpus                 :     7.94        1         1 
	   Disk (KB)            :  2942      500000    624256 
	   GPUs                 :                           0 
	   Memory (MB)          :  2115       20000     20096 
...
040 (113587380.000.000) 2023-04-06 15:37:13 Started transferring input files
	Transferring to host: <10.14.10.25:9618?addrs=10.14.10.25-9618&alias=node2275.cluster.ldas.cit&noUDP&sock=slot1_11_2268487_0ef0_2212>
...
040 (113587380.000.000) 2023-04-06 15:37:13 Finished transferring input files
...
001 (113587380.000.000) 2023-04-06 15:37:14 Job executing on host: <10.14.10.25:9618?addrs=10.14.10.25-9618&alias=node2275.cluster.ldas.cit&noUDP&sock=startd_2268445_2ad5>
...
004 (113587380.000.000) 2023-04-06 16:04:53 Job was evicted.
	(0) CPU times
		Usr 0 02:56:41, Sys 0 00:00:07  -  Run Remote Usage
		Usr 0 00:00:00, Sys 0 00:00:00  -  Run Local Usage
	0  -  Run Bytes Sent By Job
	366  -  Run Bytes Received By Job
	Partitionable Resources :    Usage  Request Allocated 
	   Cpus                 :     7.96        1         1 
	   Disk (KB)            :  2716      500000    624256 
	   GPUs                 :                           0 
	   Memory (MB)          :  2198       20000     20000 
...
009 (113587380.000.000) 2023-04-06 16:04:53 Job was aborted.
	removed because <OtherJobRemoveRequirements = DAGManJobId =?= 113587294> fired when job (113587294.0) was removed
...
000 (113604493.000.000) 2023-04-06 16:28:35 Job submitted from host: <10.14.0.160:9618?addrs=10.14.0.160-9618&alias=ldas-pcdev2.ligo.caltech.edu&noUDP&sock=schedd_7450_a8a7>
    DAG Node: 766
...
040 (113604493.000.000) 2023-04-06 17:00:25 Started transferring input files
	Transferring to host: <10.14.4.27:9618?addrs=10.14.4.27-9618&alias=node777.cluster.ldas.cit&noUDP&sock=slot1_24_5016_f9c5_21157>
...
040 (113604493.000.000) 2023-04-06 17:00:25 Finished transferring input files
...
001 (113604493.000.000) 2023-04-06 17:00:26 Job executing on host: <10.14.4.27:9618?addrs=10.14.4.27-9618&alias=node777.cluster.ldas.cit&noUDP&sock=startd_2695_1fd3>
...
006 (113604493.000.000) 2023-04-06 17:00:35 Image size of job updated: 12400
	13  -  MemoryUsage of job (MB)
	12400  -  ResidentSetSize of job (KB)
...
006 (113604493.000.000) 2023-04-06 17:05:36 Image size of job updated: 5026800
	351  -  MemoryUsage of job (MB)
	359304  -  ResidentSetSize of job (KB)
...
006 (113604493.000.000) 2023-04-06 17:10:36 Image size of job updated: 5084124
	351  -  MemoryUsage of job (MB)
	359304  -  ResidentSetSize of job (KB)
...
006 (113604493.000.000) 2023-04-06 17:15:37 Image size of job updated: 5084124
	365  -  MemoryUsage of job (MB)
	373400  -  ResidentSetSize of job (KB)
...
006 (113604493.000.000) 2023-04-06 17:20:38 Image size of job updated: 5084124
	372  -  MemoryUsage of job (MB)
	380448  -  ResidentSetSize of job (KB)
...
006 (113604493.000.000) 2023-04-06 17:25:38 Image size of job updated: 5084124
	476  -  MemoryUsage of job (MB)
	486996  -  ResidentSetSize of job (KB)
...
006 (113604493.000.000) 2023-04-06 17:30:39 Image size of job updated: 5084124
	479  -  MemoryUsage of job (MB)
	490200  -  ResidentSetSize of job (KB)
...
006 (113604493.000.000) 2023-04-06 17:35:40 Image size of job updated: 5084124
	500  -  MemoryUsage of job (MB)
	511784  -  ResidentSetSize of job (KB)
...
006 (113604493.000.000) 2023-04-06 17:40:40 Image size of job updated: 5084124
	501  -  MemoryUsage of job (MB)
	512028  -  ResidentSetSize of job (KB)
...
006 (113604493.000.000) 2023-04-06 17:45:41 Image size of job updated: 5084124
	509  -  MemoryUsage of job (MB)
	520316  -  ResidentSetSize of job (KB)
...
006 (113604493.000.000) 2023-04-06 17:50:42 Image size of job updated: 5084124
	516  -  MemoryUsage of job (MB)
	527380  -  ResidentSetSize of job (KB)
...
006 (113604493.000.000) 2023-04-06 17:55:42 Image size of job updated: 5084124
	536  -  MemoryUsage of job (MB)
	548684  -  ResidentSetSize of job (KB)
...
006 (113604493.000.000) 2023-04-06 18:00:43 Image size of job updated: 5084124
	540  -  MemoryUsage of job (MB)
	552180  -  ResidentSetSize of job (KB)
...
006 (113604493.000.000) 2023-04-06 18:05:44 Image size of job updated: 5084124
	543  -  MemoryUsage of job (MB)
	556028  -  ResidentSetSize of job (KB)
...
006 (113604493.000.000) 2023-04-06 18:10:44 Image size of job updated: 5084124
	544  -  MemoryUsage of job (MB)
	556480  -  ResidentSetSize of job (KB)
...
006 (113604493.000.000) 2023-04-06 18:15:45 Image size of job updated: 5084124
	545  -  MemoryUsage of job (MB)
	558068  -  ResidentSetSize of job (KB)
...
006 (113604493.000.000) 2023-04-06 18:20:46 Image size of job updated: 5084124
	546  -  MemoryUsage of job (MB)
	558692  -  ResidentSetSize of job (KB)
...
006 (113604493.000.000) 2023-04-06 18:30:48 Image size of job updated: 5084124
	552  -  MemoryUsage of job (MB)
	564880  -  ResidentSetSize of job (KB)
...
006 (113604493.000.000) 2023-04-06 18:35:48 Image size of job updated: 5084124
	558  -  MemoryUsage of job (MB)
	571384  -  ResidentSetSize of job (KB)
...
006 (113604493.000.000) 2023-04-06 18:40:48 Image size of job updated: 5084124
	561  -  MemoryUsage of job (MB)
	573452  -  ResidentSetSize of job (KB)
...
006 (113604493.000.000) 2023-04-06 18:45:49 Image size of job updated: 5084124
	561  -  MemoryUsage of job (MB)
	573456  -  ResidentSetSize of job (KB)
...
006 (113604493.000.000) 2023-04-06 18:50:50 Image size of job updated: 5098772
	581  -  MemoryUsage of job (MB)
	594460  -  ResidentSetSize of job (KB)
...
006 (113604493.000.000) 2023-04-06 19:00:51 Image size of job updated: 5122580
	604  -  MemoryUsage of job (MB)
	618476  -  ResidentSetSize of job (KB)
...
006 (113604493.000.000) 2023-04-06 19:05:52 Image size of job updated: 5127568
	610  -  MemoryUsage of job (MB)
	624020  -  ResidentSetSize of job (KB)
...
006 (113604493.000.000) 2023-04-06 19:10:52 Image size of job updated: 5129552
	613  -  MemoryUsage of job (MB)
	626816  -  ResidentSetSize of job (KB)
...
006 (113604493.000.000) 2023-04-06 19:15:53 Image size of job updated: 5142948
	625  -  MemoryUsage of job (MB)
	639964  -  ResidentSetSize of job (KB)
...
006 (113604493.000.000) 2023-04-06 19:20:54 Image size of job updated: 5147168
	630  -  MemoryUsage of job (MB)
	644540  -  ResidentSetSize of job (KB)
...
006 (113604493.000.000) 2023-04-06 19:25:54 Image size of job updated: 5150864
	633  -  MemoryUsage of job (MB)
	648088  -  ResidentSetSize of job (KB)
...
006 (113604493.000.000) 2023-04-06 19:30:56 Image size of job updated: 5150864
	633  -  MemoryUsage of job (MB)
	648112  -  ResidentSetSize of job (KB)
...
006 (113604493.000.000) 2023-04-06 19:35:56 Image size of job updated: 5161616
	639  -  MemoryUsage of job (MB)
	654264  -  ResidentSetSize of job (KB)
...
006 (113604493.000.000) 2023-04-06 19:40:56 Image size of job updated: 5173060
	655  -  MemoryUsage of job (MB)
	670248  -  ResidentSetSize of job (KB)
...
006 (113604493.000.000) 2023-04-06 19:45:57 Image size of job updated: 5179204
	659  -  MemoryUsage of job (MB)
	674724  -  ResidentSetSize of job (KB)
...
006 (113604493.000.000) 2023-04-06 19:50:57 Image size of job updated: 5179204
	660  -  MemoryUsage of job (MB)
	675524  -  ResidentSetSize of job (KB)
...
006 (113604493.000.000) 2023-04-06 19:55:57 Image size of job updated: 5185192
	668  -  MemoryUsage of job (MB)
	683052  -  ResidentSetSize of job (KB)
...
006 (113604493.000.000) 2023-04-06 20:00:58 Image size of job updated: 5188220
	769  -  MemoryUsage of job (MB)
	786704  -  ResidentSetSize of job (KB)
...
006 (113604493.000.000) 2023-04-06 20:05:58 Image size of job updated: 5196296
	902  -  MemoryUsage of job (MB)
	923032  -  ResidentSetSize of job (KB)
...
006 (113604493.000.000) 2023-04-06 20:10:58 Image size of job updated: 5216720
	995  -  MemoryUsage of job (MB)
	1018376  -  ResidentSetSize of job (KB)
...
006 (113604493.000.000) 2023-04-06 20:25:59 Image size of job updated: 5225184
	995  -  MemoryUsage of job (MB)
	1018376  -  ResidentSetSize of job (KB)
...
006 (113604493.000.000) 2023-04-06 20:36:01 Image size of job updated: 5232916
	995  -  MemoryUsage of job (MB)
	1018376  -  ResidentSetSize of job (KB)
...
006 (113604493.000.000) 2023-04-06 20:46:03 Image size of job updated: 5232916
	1037  -  MemoryUsage of job (MB)
	1061636  -  ResidentSetSize of job (KB)
...
006 (113604493.000.000) 2023-04-06 20:51:03 Image size of job updated: 5259912
	1037  -  MemoryUsage of job (MB)
	1061636  -  ResidentSetSize of job (KB)
...
006 (113604493.000.000) 2023-04-06 20:56:03 Image size of job updated: 5260288
	1038  -  MemoryUsage of job (MB)
	1061988  -  ResidentSetSize of job (KB)
...
006 (113604493.000.000) 2023-04-06 21:01:05 Image size of job updated: 5272816
	1038  -  MemoryUsage of job (MB)
	1061988  -  ResidentSetSize of job (KB)
...
006 (113604493.000.000) 2023-04-06 21:16:07 Image size of job updated: 5288356
	1065  -  MemoryUsage of job (MB)
	1090144  -  ResidentSetSize of job (KB)
...
006 (113604493.000.000) 2023-04-06 22:31:14 Image size of job updated: 5288356
	1068  -  MemoryUsage of job (MB)
	1092692  -  ResidentSetSize of job (KB)
...
006 (113604493.000.000) 2023-04-06 22:41:14 Image size of job updated: 5288356
	1068  -  MemoryUsage of job (MB)
	1092972  -  ResidentSetSize of job (KB)
...
006 (113604493.000.000) 2023-04-06 22:46:15 Image size of job updated: 5288356
	1090  -  MemoryUsage of job (MB)
	1115748  -  ResidentSetSize of job (KB)
...
006 (113604493.000.000) 2023-04-06 22:51:15 Image size of job updated: 5296112
	1128  -  MemoryUsage of job (MB)
	1154572  -  ResidentSetSize of job (KB)
...
006 (113604493.000.000) 2023-04-06 23:11:16 Image size of job updated: 5296112
	1134  -  MemoryUsage of job (MB)
	1160380  -  ResidentSetSize of job (KB)
...
006 (113604493.000.000) 2023-04-06 23:16:17 Image size of job updated: 5296112
	1166  -  MemoryUsage of job (MB)
	1193156  -  ResidentSetSize of job (KB)
...
006 (113604493.000.000) 2023-04-06 23:21:17 Image size of job updated: 5320256
	1166  -  MemoryUsage of job (MB)
	1193156  -  ResidentSetSize of job (KB)
...
006 (113604493.000.000) 2023-04-06 23:31:18 Image size of job updated: 5320256
	1176  -  MemoryUsage of job (MB)
	1203576  -  ResidentSetSize of job (KB)
...
006 (113604493.000.000) 2023-04-06 23:36:18 Image size of job updated: 5320256
	1177  -  MemoryUsage of job (MB)
	1205236  -  ResidentSetSize of job (KB)
...
006 (113604493.000.000) 2023-04-06 23:41:18 Image size of job updated: 5320256
	1181  -  MemoryUsage of job (MB)
	1208492  -  ResidentSetSize of job (KB)
...
006 (113604493.000.000) 2023-04-06 23:46:19 Image size of job updated: 5320256
	1223  -  MemoryUsage of job (MB)
	1252228  -  ResidentSetSize of job (KB)
...
006 (113604493.000.000) 2023-04-06 23:51:19 Image size of job updated: 5320256
	1224  -  MemoryUsage of job (MB)
	1252484  -  ResidentSetSize of job (KB)
...
006 (113604493.000.000) 2023-04-06 23:56:19 Image size of job updated: 5320256
	1229  -  MemoryUsage of job (MB)
	1257840  -  ResidentSetSize of job (KB)
...
006 (113604493.000.000) 2023-04-07 00:01:20 Image size of job updated: 5320256
	1229  -  MemoryUsage of job (MB)
	1257968  -  ResidentSetSize of job (KB)
...
006 (113604493.000.000) 2023-04-07 00:06:20 Image size of job updated: 5320256
	1230  -  MemoryUsage of job (MB)
	1259472  -  ResidentSetSize of job (KB)
...
006 (113604493.000.000) 2023-04-07 00:11:20 Image size of job updated: 5323968
	1232  -  MemoryUsage of job (MB)
	1261548  -  ResidentSetSize of job (KB)
...
006 (113604493.000.000) 2023-04-07 00:16:21 Image size of job updated: 5325244
	1234  -  MemoryUsage of job (MB)
	1263184  -  ResidentSetSize of job (KB)
...
006 (113604493.000.000) 2023-04-07 00:26:21 Image size of job updated: 5326260
	1236  -  MemoryUsage of job (MB)
	1264720  -  ResidentSetSize of job (KB)
...
006 (113604493.000.000) 2023-04-07 00:31:22 Image size of job updated: 5332716
	1242  -  MemoryUsage of job (MB)
	1271144  -  ResidentSetSize of job (KB)
...
006 (113604493.000.000) 2023-04-07 00:36:22 Image size of job updated: 5337388
	1242  -  MemoryUsage of job (MB)
	1271144  -  ResidentSetSize of job (KB)
...
006 (113604493.000.000) 2023-04-07 00:46:23 Image size of job updated: 5354792
	1266  -  MemoryUsage of job (MB)
	1295560  -  ResidentSetSize of job (KB)
...
006 (113604493.000.000) 2023-04-07 00:51:23 Image size of job updated: 5354792
	1266  -  MemoryUsage of job (MB)
	1295564  -  ResidentSetSize of job (KB)
...
006 (113604493.000.000) 2023-04-07 00:56:23 Image size of job updated: 5355036
	1266  -  MemoryUsage of job (MB)
	1296352  -  ResidentSetSize of job (KB)
...
006 (113604493.000.000) 2023-04-07 01:01:24 Image size of job updated: 5358668
	1268  -  MemoryUsage of job (MB)
	1298288  -  ResidentSetSize of job (KB)
...
006 (113604493.000.000) 2023-04-07 01:06:24 Image size of job updated: 5358668
	1270  -  MemoryUsage of job (MB)
	1299848  -  ResidentSetSize of job (KB)
...
006 (113604493.000.000) 2023-04-07 01:11:24 Image size of job updated: 5358668
	1270  -  MemoryUsage of job (MB)
	1299940  -  ResidentSetSize of job (KB)
...
006 (113604493.000.000) 2023-04-07 01:16:25 Image size of job updated: 5367060
	1278  -  MemoryUsage of job (MB)
	1308472  -  ResidentSetSize of job (KB)
...
006 (113604493.000.000) 2023-04-07 01:21:25 Image size of job updated: 5367060
	1285  -  MemoryUsage of job (MB)
	1315464  -  ResidentSetSize of job (KB)
...
006 (113604493.000.000) 2023-04-07 01:26:25 Image size of job updated: 5368548
	1289  -  MemoryUsage of job (MB)
	1319780  -  ResidentSetSize of job (KB)
...
006 (113604493.000.000) 2023-04-07 01:36:26 Image size of job updated: 5369604
	1290  -  MemoryUsage of job (MB)
	1320840  -  ResidentSetSize of job (KB)
...
006 (113604493.000.000) 2023-04-07 01:41:26 Image size of job updated: 5384708
	1305  -  MemoryUsage of job (MB)
	1336028  -  ResidentSetSize of job (KB)
...
006 (113604493.000.000) 2023-04-07 01:46:28 Image size of job updated: 5504912
	1313  -  MemoryUsage of job (MB)
	1343608  -  ResidentSetSize of job (KB)
...
006 (113604493.000.000) 2023-04-07 01:51:28 Image size of job updated: 5504912
	1315  -  MemoryUsage of job (MB)
	1346332  -  ResidentSetSize of job (KB)
...
006 (113604493.000.000) 2023-04-07 02:01:29 Image size of job updated: 5504912
	1319  -  MemoryUsage of job (MB)
	1350396  -  ResidentSetSize of job (KB)
...
006 (113604493.000.000) 2023-04-07 02:06:30 Image size of job updated: 5504912
	1321  -  MemoryUsage of job (MB)
	1351748  -  ResidentSetSize of job (KB)
...
006 (113604493.000.000) 2023-04-07 02:11:30 Image size of job updated: 5504912
	1325  -  MemoryUsage of job (MB)
	1356152  -  ResidentSetSize of job (KB)
...
006 (113604493.000.000) 2023-04-07 02:21:32 Image size of job updated: 5504912
	1328  -  MemoryUsage of job (MB)
	1359412  -  ResidentSetSize of job (KB)
...
006 (113604493.000.000) 2023-04-07 02:26:32 Image size of job updated: 5504912
	1329  -  MemoryUsage of job (MB)
	1360796  -  ResidentSetSize of job (KB)
...
006 (113604493.000.000) 2023-04-07 02:36:34 Image size of job updated: 5504912
	1335  -  MemoryUsage of job (MB)
	1366320  -  ResidentSetSize of job (KB)
...
006 (113604493.000.000) 2023-04-07 02:51:36 Image size of job updated: 5504912
	1342  -  MemoryUsage of job (MB)
	1373964  -  ResidentSetSize of job (KB)
...
006 (113604493.000.000) 2023-04-07 03:06:38 Image size of job updated: 5504912
	1346  -  MemoryUsage of job (MB)
	1377444  -  ResidentSetSize of job (KB)
...
006 (113604493.000.000) 2023-04-07 03:11:38 Image size of job updated: 5504912
	1346  -  MemoryUsage of job (MB)
	1378036  -  ResidentSetSize of job (KB)
...
006 (113604493.000.000) 2023-04-07 03:16:39 Image size of job updated: 5504912
	1351  -  MemoryUsage of job (MB)
	1383128  -  ResidentSetSize of job (KB)
...
006 (113604493.000.000) 2023-04-07 03:31:40 Image size of job updated: 5504912
	1353  -  MemoryUsage of job (MB)
	1385452  -  ResidentSetSize of job (KB)
...
006 (113604493.000.000) 2023-04-07 03:41:41 Image size of job updated: 5504912
	1355  -  MemoryUsage of job (MB)
	1387500  -  ResidentSetSize of job (KB)
...
006 (113604493.000.000) 2023-04-07 03:46:41 Image size of job updated: 5509860
	1356  -  MemoryUsage of job (MB)
	1387540  -  ResidentSetSize of job (KB)
...
006 (113604493.000.000) 2023-04-07 04:01:42 Image size of job updated: 5509860
	1374  -  MemoryUsage of job (MB)
	1406064  -  ResidentSetSize of job (KB)
...
006 (113604493.000.000) 2023-04-07 04:11:43 Image size of job updated: 5509860
	1376  -  MemoryUsage of job (MB)
	1408112  -  ResidentSetSize of job (KB)
...
006 (113604493.000.000) 2023-04-07 04:21:44 Image size of job updated: 5548740
	1395  -  MemoryUsage of job (MB)
	1427468  -  ResidentSetSize of job (KB)
...
006 (113604493.000.000) 2023-04-07 04:26:44 Image size of job updated: 5548740
	1395  -  MemoryUsage of job (MB)
	1427880  -  ResidentSetSize of job (KB)
...
006 (113604493.000.000) 2023-04-07 04:31:44 Image size of job updated: 5548740
	1395  -  MemoryUsage of job (MB)
	1428316  -  ResidentSetSize of job (KB)
...
006 (113604493.000.000) 2023-04-07 04:36:45 Image size of job updated: 5553300
	1398  -  MemoryUsage of job (MB)
	1430808  -  ResidentSetSize of job (KB)
...
006 (113604493.000.000) 2023-04-07 04:41:45 Image size of job updated: 5553300
	1398  -  MemoryUsage of job (MB)
	1431168  -  ResidentSetSize of job (KB)
...
006 (113604493.000.000) 2023-04-07 04:51:46 Image size of job updated: 5553300
	1400  -  MemoryUsage of job (MB)
	1433384  -  ResidentSetSize of job (KB)
...
006 (113604493.000.000) 2023-04-07 05:01:46 Image size of job updated: 5553300
	1439  -  MemoryUsage of job (MB)
	1472992  -  ResidentSetSize of job (KB)
...
006 (113604493.000.000) 2023-04-07 05:11:47 Image size of job updated: 5553300
	1441  -  MemoryUsage of job (MB)
	1474848  -  ResidentSetSize of job (KB)
...
006 (113604493.000.000) 2023-04-07 05:26:48 Image size of job updated: 5607832
	1442  -  MemoryUsage of job (MB)
	1475908  -  ResidentSetSize of job (KB)
...
006 (113604493.000.000) 2023-04-07 05:31:48 Image size of job updated: 5607832
	1444  -  MemoryUsage of job (MB)
	1477956  -  ResidentSetSize of job (KB)
...
006 (113604493.000.000) 2023-04-07 05:36:49 Image size of job updated: 5607832
	1527  -  MemoryUsage of job (MB)
	1562696  -  ResidentSetSize of job (KB)
...
006 (113604493.000.000) 2023-04-07 08:11:59 Image size of job updated: 5616748
	1527  -  MemoryUsage of job (MB)
	1562696  -  ResidentSetSize of job (KB)
...
006 (113604493.000.000) 2023-04-07 09:07:03 Image size of job updated: 5632052
	1527  -  MemoryUsage of job (MB)
	1562696  -  ResidentSetSize of job (KB)
...
006 (113604493.000.000) 2023-04-07 09:32:04 Image size of job updated: 5651272
	1527  -  MemoryUsage of job (MB)
	1562696  -  ResidentSetSize of job (KB)
...
006 (113604493.000.000) 2023-04-07 09:52:06 Image size of job updated: 5652744
	1527  -  MemoryUsage of job (MB)
	1562696  -  ResidentSetSize of job (KB)
...
006 (113604493.000.000) 2023-04-07 10:02:07 Image size of job updated: 5662100
	1527  -  MemoryUsage of job (MB)
	1562696  -  ResidentSetSize of job (KB)
...
006 (113604493.000.000) 2023-04-07 10:17:09 Image size of job updated: 5668428
	1527  -  MemoryUsage of job (MB)
	1562696  -  ResidentSetSize of job (KB)
...
006 (113604493.000.000) 2023-04-07 10:27:11 Image size of job updated: 5670220
	1527  -  MemoryUsage of job (MB)
	1562696  -  ResidentSetSize of job (KB)
...
006 (113604493.000.000) 2023-04-07 11:17:15 Image size of job updated: 5692584
	1527  -  MemoryUsage of job (MB)
	1562696  -  ResidentSetSize of job (KB)
...
006 (113604493.000.000) 2023-04-07 11:42:17 Image size of job updated: 5711524
	1527  -  MemoryUsage of job (MB)
	1562696  -  ResidentSetSize of job (KB)
...
006 (113604493.000.000) 2023-04-07 12:12:19 Image size of job updated: 5717416
	1527  -  MemoryUsage of job (MB)
	1562696  -  ResidentSetSize of job (KB)
...
006 (113604493.000.000) 2023-04-07 12:32:21 Image size of job updated: 5717416
	1532  -  MemoryUsage of job (MB)
	1567892  -  ResidentSetSize of job (KB)
...
006 (113604493.000.000) 2023-04-07 12:42:23 Image size of job updated: 5742828
	1537  -  MemoryUsage of job (MB)
	1573724  -  ResidentSetSize of job (KB)
...
006 (113604493.000.000) 2023-04-07 12:57:25 Image size of job updated: 5744428
	1541  -  MemoryUsage of job (MB)
	1577364  -  ResidentSetSize of job (KB)
...
006 (113604493.000.000) 2023-04-07 13:12:27 Image size of job updated: 5746180
	1542  -  MemoryUsage of job (MB)
	1578304  -  ResidentSetSize of job (KB)
...
006 (113604493.000.000) 2023-04-07 13:27:29 Image size of job updated: 5747948
	1544  -  MemoryUsage of job (MB)
	1580796  -  ResidentSetSize of job (KB)
...
006 (113604493.000.000) 2023-04-07 13:37:30 Image size of job updated: 5747948
	1545  -  MemoryUsage of job (MB)
	1581104  -  ResidentSetSize of job (KB)
...
006 (113604493.000.000) 2023-04-07 13:42:30 Image size of job updated: 5752504
	1549  -  MemoryUsage of job (MB)
	1586172  -  ResidentSetSize of job (KB)
...
006 (113604493.000.000) 2023-04-07 13:52:31 Image size of job updated: 5777252
	1553  -  MemoryUsage of job (MB)
	1589288  -  ResidentSetSize of job (KB)
...
006 (113604493.000.000) 2023-04-07 14:22:33 Image size of job updated: 5781860
	1557  -  MemoryUsage of job (MB)
	1593764  -  ResidentSetSize of job (KB)
...
006 (113604493.000.000) 2023-04-07 14:37:34 Image size of job updated: 5781860
	1575  -  MemoryUsage of job (MB)
	1611912  -  ResidentSetSize of job (KB)
...
006 (113604493.000.000) 2023-04-07 14:52:35 Image size of job updated: 5784836
	1576  -  MemoryUsage of job (MB)
	1612868  -  ResidentSetSize of job (KB)
...
006 (113604493.000.000) 2023-04-07 14:57:35 Image size of job updated: 5784836
	1576  -  MemoryUsage of job (MB)
	1612996  -  ResidentSetSize of job (KB)
...
006 (113604493.000.000) 2023-04-07 15:07:36 Image size of job updated: 5786748
	1579  -  MemoryUsage of job (MB)
	1616404  -  ResidentSetSize of job (KB)
...
006 (113604493.000.000) 2023-04-07 15:12:36 Image size of job updated: 5786748
	1579  -  MemoryUsage of job (MB)
	1616516  -  ResidentSetSize of job (KB)
...
006 (113604493.000.000) 2023-04-07 15:22:37 Image size of job updated: 5805932
	1582  -  MemoryUsage of job (MB)
	1619232  -  ResidentSetSize of job (KB)
...
006 (113604493.000.000) 2023-04-07 15:37:38 Image size of job updated: 5805932
	1584  -  MemoryUsage of job (MB)
	1621100  -  ResidentSetSize of job (KB)
...
006 (113604493.000.000) 2023-04-07 15:52:39 Image size of job updated: 5809940
	1584  -  MemoryUsage of job (MB)
	1621100  -  ResidentSetSize of job (KB)
...
006 (113604493.000.000) 2023-04-07 16:12:40 Image size of job updated: 5809940
	1591  -  MemoryUsage of job (MB)
	1628680  -  ResidentSetSize of job (KB)
...
006 (113604493.000.000) 2023-04-07 16:32:41 Image size of job updated: 5818212
	1595  -  MemoryUsage of job (MB)
	1632500  -  ResidentSetSize of job (KB)
...
006 (113604493.000.000) 2023-04-07 16:47:42 Image size of job updated: 5820444
	1595  -  MemoryUsage of job (MB)
	1632500  -  ResidentSetSize of job (KB)
...
006 (113604493.000.000) 2023-04-07 17:07:45 Image size of job updated: 5822924
	1598  -  MemoryUsage of job (MB)
	1636156  -  ResidentSetSize of job (KB)
...
006 (113604493.000.000) 2023-04-07 17:12:45 Image size of job updated: 5822924
	1600  -  MemoryUsage of job (MB)
	1638204  -  ResidentSetSize of job (KB)
...
006 (113604493.000.000) 2023-04-07 17:17:45 Image size of job updated: 5825340
	1732  -  MemoryUsage of job (MB)
	1772912  -  ResidentSetSize of job (KB)
...
006 (113604493.000.000) 2023-04-07 18:02:50 Image size of job updated: 5855676
	1732  -  MemoryUsage of job (MB)
	1772912  -  ResidentSetSize of job (KB)
...
006 (113604493.000.000) 2023-04-07 18:22:52 Image size of job updated: 5857684
	1732  -  MemoryUsage of job (MB)
	1772912  -  ResidentSetSize of job (KB)
...
006 (113604493.000.000) 2023-04-07 18:37:53 Image size of job updated: 5858940
	1732  -  MemoryUsage of job (MB)
	1772912  -  ResidentSetSize of job (KB)
...
006 (113604493.000.000) 2023-04-07 18:47:54 Image size of job updated: 5860724
	1732  -  MemoryUsage of job (MB)
	1772912  -  ResidentSetSize of job (KB)
...
006 (113604493.000.000) 2023-04-07 18:57:55 Image size of job updated: 5861460
	1773  -  MemoryUsage of job (MB)
	1815272  -  ResidentSetSize of job (KB)
...
006 (113604493.000.000) 2023-04-07 19:12:57 Image size of job updated: 5868516
	1773  -  MemoryUsage of job (MB)
	1815272  -  ResidentSetSize of job (KB)
...
006 (113604493.000.000) 2023-04-07 19:43:01 Image size of job updated: 5889040
	1773  -  MemoryUsage of job (MB)
	1815272  -  ResidentSetSize of job (KB)
...
006 (113604493.000.000) 2023-04-07 20:13:05 Image size of job updated: 5900056
	1773  -  MemoryUsage of job (MB)
	1815272  -  ResidentSetSize of job (KB)
...
004 (113604493.000.000) 2023-04-07 20:39:26 Job was evicted.
	(0) CPU times
		Usr 2 15:46:33, Sys 0 00:06:34  -  Run Remote Usage
		Usr 0 00:00:00, Sys 0 00:00:00  -  Run Local Usage
	0  -  Run Bytes Sent By Job
	366  -  Run Bytes Received By Job
	Partitionable Resources :    Usage  Request Allocated 
	   Cpus                 :     5.44        1         1 
	   Disk (KB)            :  4106      500000    624246 
	   GPUs                 :                           0 
	   Memory (MB)          :  1773       20000     20096 
...
040 (113604493.000.000) 2023-04-07 20:45:39 Started transferring input files
	Transferring to host: <10.14.4.11:9618?addrs=10.14.4.11-9618&alias=node761.cluster.ldas.cit&noUDP&sock=slot1_18_1415755_38fc_9500>
...
040 (113604493.000.000) 2023-04-07 20:45:39 Finished transferring input files
...
001 (113604493.000.000) 2023-04-07 20:45:40 Job executing on host: <10.14.4.11:9618?addrs=10.14.4.11-9618&alias=node761.cluster.ldas.cit&noUDP&sock=startd_1415716_0011>
...
004 (113604493.000.000) 2023-04-08 21:04:09 Job was evicted.
	(0) CPU times
		Usr 2 23:46:05, Sys 0 00:14:16  -  Run Remote Usage
		Usr 0 00:00:00, Sys 0 00:00:00  -  Run Local Usage
	0  -  Run Bytes Sent By Job
	366  -  Run Bytes Received By Job
	Partitionable Resources :    Usage  Request Allocated 
	   Cpus                 :     0.99        1         1 
	   Disk (KB)            :  3069      500000    609620 
	   GPUs                 :                           0 
	   Memory (MB)          :  1954       20000     20096 
...
040 (113604493.000.000) 2023-04-08 21:05:40 Started transferring input files
	Transferring to host: <10.14.10.28:9618?addrs=10.14.10.28-9618&alias=node2278.cluster.ldas.cit&noUDP&sock=slot1_13_920214_c265_5327>
...
040 (113604493.000.000) 2023-04-08 21:05:40 Finished transferring input files
...
001 (113604493.000.000) 2023-04-08 21:05:41 Job executing on host: <10.14.10.28:9618?addrs=10.14.10.28-9618&alias=node2278.cluster.ldas.cit&noUDP&sock=startd_920173_b842>
...
006 (113604493.000.000) 2023-04-09 12:47:28 Image size of job updated: 7500000
	1998  -  MemoryUsage of job (MB)
	2045356  -  ResidentSetSize of job (KB)
...
006 (113604493.000.000) 2023-04-09 18:43:06 Image size of job updated: 7500000
	2023  -  MemoryUsage of job (MB)
	2070872  -  ResidentSetSize of job (KB)
...
004 (113604493.000.000) 2023-04-09 21:06:52 Job was evicted.
	(0) CPU times
		Usr 4 09:25:23, Sys 0 00:07:05  -  Run Remote Usage
		Usr 0 00:00:00, Sys 0 00:00:00  -  Run Local Usage
	0  -  Run Bytes Sent By Job
	366  -  Run Bytes Received By Job
	Partitionable Resources :    Usage  Request Allocated 
	   Cpus                 :     1.00        1         1 
	   Disk (KB)            :  3204      500000    624256 
	   GPUs                 :                           0 
	   Memory (MB)          :  2023       20000     20096 
...
040 (113604493.000.000) 2023-04-09 21:06:57 Started transferring input files
	Transferring to host: <10.14.10.102:9618?addrs=10.14.10.102-9618&alias=node2352.cluster.ldas.cit&noUDP&sock=slot1_7_2129182_1570_7086>
...
040 (113604493.000.000) 2023-04-09 21:06:57 Finished transferring input files
...
001 (113604493.000.000) 2023-04-09 21:06:58 Job executing on host: <10.14.10.102:9618?addrs=10.14.10.102-9618&alias=node2352.cluster.ldas.cit&noUDP&sock=startd_2129140_8632>
...
004 (113604493.000.000) 2023-04-10 21:30:06 Job was evicted.
	(0) CPU times
		Usr 6 02:38:12, Sys 0 00:04:07  -  Run Remote Usage
		Usr 0 00:00:00, Sys 0 00:00:00  -  Run Local Usage
	0  -  Run Bytes Sent By Job
	366  -  Run Bytes Received By Job
	Partitionable Resources :    Usage  Request Allocated 
	   Cpus                 :     7.92        1         1 
	   Disk (KB)            :  3081      500000    624256 
	   GPUs                 :                           0 
	   Memory (MB)          :  2198       20000     20096 
...
040 (113604493.000.000) 2023-04-10 21:31:44 Started transferring input files
	Transferring to host: <10.14.10.116:9618?addrs=10.14.10.116-9618&alias=node2366.cluster.ldas.cit&noUDP&sock=slot1_7_3985217_a563_9981>
...
040 (113604493.000.000) 2023-04-10 21:31:44 Finished transferring input files
...
001 (113604493.000.000) 2023-04-10 21:31:45 Job executing on host: <10.14.10.116:9618?addrs=10.14.10.116-9618&alias=node2366.cluster.ldas.cit&noUDP&sock=startd_3985173_c8b4>
...
006 (113604493.000.000) 2023-04-11 20:29:09 Image size of job updated: 7500000
	2213  -  MemoryUsage of job (MB)
	2265360  -  ResidentSetSize of job (KB)
...
004 (113604493.000.000) 2023-04-11 21:31:46 Job was evicted.
	(0) CPU times
		Usr 6 02:46:00, Sys 0 00:06:45  -  Run Remote Usage
		Usr 0 00:00:00, Sys 0 00:00:00  -  Run Local Usage
	0  -  Run Bytes Sent By Job
	366  -  Run Bytes Received By Job
	Partitionable Resources :    Usage  Request Allocated 
	   Cpus                 :     7.91        1         1 
	   Disk (KB)            :  2972      500000    624256 
	   GPUs                 :                           0 
	   Memory (MB)          :  2213       20000     20096 
...
040 (113604493.000.000) 2023-04-11 21:33:56 Started transferring input files
	Transferring to host: <10.14.10.43:9618?addrs=10.14.10.43-9618&alias=node2293.cluster.ldas.cit&noUDP&sock=slot1_15_3736618_2945_17350>
...
040 (113604493.000.000) 2023-04-11 21:33:56 Finished transferring input files
...
001 (113604493.000.000) 2023-04-11 21:33:57 Job executing on host: <10.14.10.43:9618?addrs=10.14.10.43-9618&alias=node2293.cluster.ldas.cit&noUDP&sock=startd_3736575_3bc6>
...
004 (113604493.000.000) 2023-04-12 21:38:38 Job was evicted.
	(0) CPU times
		Usr 5 15:27:43, Sys 0 00:07:01  -  Run Remote Usage
		Usr 0 00:00:00, Sys 0 00:00:00  -  Run Local Usage
	0  -  Run Bytes Sent By Job
	366  -  Run Bytes Received By Job
	Partitionable Resources :    Usage  Request Allocated 
	   Cpus                 :     7.40        1         1 
	   Disk (KB)            :  2920      500000    624256 
	   GPUs                 :                           0 
	   Memory (MB)          :  2442       20000     20096 
...
040 (113604493.000.000) 2023-04-12 21:39:54 Started transferring input files
	Transferring to host: <10.14.9.199:9618?addrs=10.14.9.199-9618&alias=node2199.cluster.ldas.cit&noUDP&sock=slot1_5_4842_607e_1379>
...
040 (113604493.000.000) 2023-04-12 21:39:54 Finished transferring input files
...
001 (113604493.000.000) 2023-04-12 21:39:55 Job executing on host: <10.14.9.199:9618?addrs=10.14.9.199-9618&alias=node2199.cluster.ldas.cit&noUDP&sock=startd_3618_39bd>
...
004 (113604493.000.000) 2023-04-13 21:55:15 Job was evicted.
	(0) CPU times
		Usr 3 18:16:47, Sys 0 00:07:26  -  Run Remote Usage
		Usr 0 00:00:00, Sys 0 00:00:00  -  Run Local Usage
	0  -  Run Bytes Sent By Job
	366  -  Run Bytes Received By Job
	Partitionable Resources :    Usage  Request Allocated 
	   Cpus                 :     0.99        1         1 
	   Disk (KB)            :  2764      500000    624256 
	   GPUs                 :                           0 
	   Memory (MB)          :  2442       20000     20096 
...
040 (113604493.000.000) 2023-04-13 21:58:38 Started transferring input files
	Transferring to host: <10.14.9.134:9618?addrs=10.14.9.134-9618&alias=node2134.cluster.ldas.cit&noUDP&sock=slot1_7_1633210_f127_8233>
...
040 (113604493.000.000) 2023-04-13 21:58:38 Finished transferring input files
...
001 (113604493.000.000) 2023-04-13 21:58:39 Job executing on host: <10.14.9.134:9618?addrs=10.14.9.134-9618&alias=node2134.cluster.ldas.cit&noUDP&sock=startd_1633167_4caa>
...
004 (113604493.000.000) 2023-04-14 22:03:46 Job was evicted.
	(0) CPU times
		Usr 4 12:21:07, Sys 0 00:11:53  -  Run Remote Usage
		Usr 0 00:00:00, Sys 0 00:00:00  -  Run Local Usage
	0  -  Run Bytes Sent By Job
	366  -  Run Bytes Received By Job
	Partitionable Resources :    Usage  Request Allocated 
	   Cpus                 :     7.62        1         1 
	   Disk (KB)            :  2810      500000    609620 
	   GPUs                 :                           0 
	   Memory (MB)          :  2442       20000     20096 
...
040 (113604493.000.000) 2023-04-14 22:05:42 Started transferring input files
	Transferring to host: <10.14.4.41:9618?addrs=10.14.4.41-9618&alias=node791.cluster.ldas.cit&noUDP&sock=slot1_6_3281107_744a_27865>
...
040 (113604493.000.000) 2023-04-14 22:05:42 Finished transferring input files
...
001 (113604493.000.000) 2023-04-14 22:05:43 Job executing on host: <10.14.4.41:9618?addrs=10.14.4.41-9618&alias=node791.cluster.ldas.cit&noUDP&sock=startd_3281071_606f>
...
004 (113604493.000.000) 2023-04-15 22:38:32 Job was evicted.
	(0) CPU times
		Usr 3 20:34:26, Sys 0 00:04:52  -  Run Remote Usage
		Usr 0 00:00:00, Sys 0 00:00:00  -  Run Local Usage
	0  -  Run Bytes Sent By Job
	366  -  Run Bytes Received By Job
	Partitionable Resources :    Usage  Request Allocated 
	   Cpus                 :     0.88        1         1 
	   Disk (KB)            :  2812      500000    624256 
	   GPUs                 :                           0 
	   Memory (MB)          :  2442       20000     20096 
...
040 (113604493.000.000) 2023-04-15 22:44:05 Started transferring input files
	Transferring to host: <10.14.4.11:9618?addrs=10.14.4.11-9618&alias=node761.cluster.ldas.cit&noUDP&sock=slot1_5_1415755_38fc_17751>
...
040 (113604493.000.000) 2023-04-15 22:44:05 Finished transferring input files
...
001 (113604493.000.000) 2023-04-15 22:44:06 Job executing on host: <10.14.4.11:9618?addrs=10.14.4.11-9618&alias=node761.cluster.ldas.cit&noUDP&sock=startd_1415716_0011>
...
004 (113604493.000.000) 2023-04-16 22:48:02 Job was evicted.
	(0) CPU times
		Usr 5 07:13:52, Sys 0 00:13:54  -  Run Remote Usage
		Usr 0 00:00:00, Sys 0 00:00:00  -  Run Local Usage
	0  -  Run Bytes Sent By Job
	366  -  Run Bytes Received By Job
	Partitionable Resources :    Usage  Request Allocated 
	   Cpus                 :     1.00        1         1 
	   Disk (KB)            :  2789      500000    609620 
	   GPUs                 :                           0 
	   Memory (MB)          :  2442       20000     20096 
...
040 (113604493.000.000) 2023-04-16 23:31:41 Started transferring input files
	Transferring to host: <10.14.10.99:9618?addrs=10.14.10.99-9618&alias=node2349.cluster.ldas.cit&noUDP&sock=slot1_2_1479718_f145_48079>
...
040 (113604493.000.000) 2023-04-16 23:31:41 Finished transferring input files
...
001 (113604493.000.000) 2023-04-16 23:31:42 Job executing on host: <10.14.10.99:9618?addrs=10.14.10.99-9618&alias=node2349.cluster.ldas.cit&noUDP&sock=startd_1479682_5b16>
...
040 (113604493.000.000) 2023-04-17 17:05:19 Started transferring output files
...
040 (113604493.000.000) 2023-04-17 17:05:19 Finished transferring output files
...
005 (113604493.000.000) 2023-04-17 17:05:19 Job terminated.
	(1) Normal termination (return value 0)
		Usr 4 03:31:03, Sys 0 00:02:53  -  Run Remote Usage
		Usr 0 00:00:00, Sys 0 00:00:00  -  Run Local Usage
		Usr 49 11:47:11, Sys 0 01:26:46  -  Total Remote Usage
		Usr 0 00:00:00, Sys 0 00:00:00  -  Total Local Usage
	2877941  -  Run Bytes Sent By Job
	366  -  Run Bytes Received By Job
	2877941  -  Total Bytes Sent By Job
	4026  -  Total Bytes Received By Job
	Partitionable Resources :    Usage  Request Allocated 
	   Cpus                 :     1.00        1         1 
	   Disk (KB)            :  2834      500000    624256 
	   GPUs                 :                           0 
	   Memory (MB)          :  2442       20000     20096 

	Job terminated of its own accord at 2023-04-18T00:05:19Z with exit-code 0.
...
