000 (113450241.000.000) 2023-03-29 17:01:38 Job submitted from host: <10.14.0.160:9618?addrs=10.14.0.160-9618&alias=ldas-pcdev2.ligo.caltech.edu&noUDP&sock=schedd_7450_a8a7>
    DAG Node: 185
...
040 (113450241.000.000) 2023-03-29 17:47:24 Started transferring input files
	Transferring to host: <10.14.9.194:9618?addrs=10.14.9.194-9618&alias=node2194.cluster.ldas.cit&noUDP&sock=slot1_2_189911_3ac4_89290>
...
040 (113450241.000.000) 2023-03-29 17:47:24 Finished transferring input files
...
001 (113450241.000.000) 2023-03-29 17:47:25 Job executing on host: <10.14.9.194:9618?addrs=10.14.9.194-9618&alias=node2194.cluster.ldas.cit&noUDP&sock=startd_189641_87e3>
...
006 (113450241.000.000) 2023-03-29 17:47:25 Image size of job updated: 1
	0  -  MemoryUsage of job (MB)
	0  -  ResidentSetSize of job (KB)
...
040 (113450241.000.000) 2023-03-29 17:47:25 Started transferring output files
...
040 (113450241.000.000) 2023-03-29 17:47:25 Finished transferring output files
...
005 (113450241.000.000) 2023-03-29 17:47:25 Job terminated.
	(1) Normal termination (return value 127)
		Usr 0 00:00:00, Sys 0 00:00:00  -  Run Remote Usage
		Usr 0 00:00:00, Sys 0 00:00:00  -  Run Local Usage
		Usr 0 00:00:00, Sys 0 00:00:00  -  Total Remote Usage
		Usr 0 00:00:00, Sys 0 00:00:00  -  Total Local Usage
	407  -  Run Bytes Sent By Job
	375  -  Run Bytes Received By Job
	407  -  Total Bytes Sent By Job
	375  -  Total Bytes Received By Job
	Partitionable Resources :    Usage  Request Allocated 
	   Cpus                 :                 1         1 
	   Disk (KB)            :       14   500000    561711 
	   GPUs                 :                           0 
	   Memory (MB)          :        0    20000     20096 

	Job terminated of its own accord at 2023-03-30T00:47:25Z with exit-code 127.
...
000 (113471493.000.000) 2023-03-31 13:48:00 Job submitted from host: <10.14.0.160:9618?addrs=10.14.0.160-9618&alias=ldas-pcdev2.ligo.caltech.edu&noUDP&sock=schedd_7450_a8a7>
    DAG Node: 185
...
022 (113471493.000.000) 2023-03-31 14:47:14 Job disconnected, attempting to reconnect
    Socket between submit and execute hosts closed unexpectedly
    Trying to reconnect to slot1_4@node2267.cluster.ldas.cit <10.14.10.17:9618?addrs=10.14.10.17-9618&alias=node2267.cluster.ldas.cit&noUDP&sock=startd_3479_e213>
...
024 (113471493.000.000) 2023-03-31 14:47:22 Job reconnection failed
    Job not found at execution machine
    Can not reconnect to slot1_4@node2267.cluster.ldas.cit, rescheduling job
...
022 (113471493.000.000) 2023-03-31 14:49:05 Job disconnected, attempting to reconnect
    Socket between submit and execute hosts closed unexpectedly
    Trying to reconnect to slot1_3@node2199.cluster.ldas.cit <10.14.9.199:9618?addrs=10.14.9.199-9618&alias=node2199.cluster.ldas.cit&noUDP&sock=startd_3766_bdc1>
...
024 (113471493.000.000) 2023-03-31 14:49:14 Job reconnection failed
    Job not found at execution machine
    Can not reconnect to slot1_3@node2199.cluster.ldas.cit, rescheduling job
...
040 (113471493.000.000) 2023-03-31 14:50:54 Started transferring input files
	Transferring to host: <10.14.10.63:9618?addrs=10.14.10.63-9618&alias=node2313.cluster.ldas.cit&noUDP&sock=slot1_15_384719_16b6_12280>
...
040 (113471493.000.000) 2023-03-31 14:50:54 Finished transferring input files
...
001 (113471493.000.000) 2023-03-31 14:50:55 Job executing on host: <10.14.10.63:9618?addrs=10.14.10.63-9618&alias=node2313.cluster.ldas.cit&noUDP&sock=startd_384677_0121>
...
006 (113471493.000.000) 2023-03-31 14:51:03 Image size of job updated: 232120
	169  -  MemoryUsage of job (MB)
	172844  -  ResidentSetSize of job (KB)
...
006 (113471493.000.000) 2023-03-31 14:56:03 Image size of job updated: 3937196
	525  -  MemoryUsage of job (MB)
	537412  -  ResidentSetSize of job (KB)
...
006 (113471493.000.000) 2023-03-31 15:01:04 Image size of job updated: 3950780
	542  -  MemoryUsage of job (MB)
	554696  -  ResidentSetSize of job (KB)
...
006 (113471493.000.000) 2023-03-31 15:06:04 Image size of job updated: 4046516
	602  -  MemoryUsage of job (MB)
	616044  -  ResidentSetSize of job (KB)
...
006 (113471493.000.000) 2023-03-31 15:11:04 Image size of job updated: 4046756
	605  -  MemoryUsage of job (MB)
	619064  -  ResidentSetSize of job (KB)
...
006 (113471493.000.000) 2023-03-31 15:16:05 Image size of job updated: 4048816
	605  -  MemoryUsage of job (MB)
	619064  -  ResidentSetSize of job (KB)
...
006 (113471493.000.000) 2023-03-31 15:21:06 Image size of job updated: 4073420
	629  -  MemoryUsage of job (MB)
	643224  -  ResidentSetSize of job (KB)
...
006 (113471493.000.000) 2023-03-31 15:31:07 Image size of job updated: 4073420
	632  -  MemoryUsage of job (MB)
	646428  -  ResidentSetSize of job (KB)
...
006 (113471493.000.000) 2023-03-31 15:36:08 Image size of job updated: 4085600
	645  -  MemoryUsage of job (MB)
	659896  -  ResidentSetSize of job (KB)
...
006 (113471493.000.000) 2023-03-31 15:41:08 Image size of job updated: 4089304
	645  -  MemoryUsage of job (MB)
	659896  -  ResidentSetSize of job (KB)
...
006 (113471493.000.000) 2023-03-31 15:46:08 Image size of job updated: 4089624
	646  -  MemoryUsage of job (MB)
	661104  -  ResidentSetSize of job (KB)
...
006 (113471493.000.000) 2023-03-31 15:51:10 Image size of job updated: 4114872
	650  -  MemoryUsage of job (MB)
	665064  -  ResidentSetSize of job (KB)
...
006 (113471493.000.000) 2023-03-31 16:01:10 Image size of job updated: 4114872
	798  -  MemoryUsage of job (MB)
	816328  -  ResidentSetSize of job (KB)
...
006 (113471493.000.000) 2023-03-31 16:06:11 Image size of job updated: 4114872
	913  -  MemoryUsage of job (MB)
	934320  -  ResidentSetSize of job (KB)
...
006 (113471493.000.000) 2023-03-31 16:11:12 Image size of job updated: 4114872
	916  -  MemoryUsage of job (MB)
	937244  -  ResidentSetSize of job (KB)
...
006 (113471493.000.000) 2023-03-31 16:16:12 Image size of job updated: 4115076
	916  -  MemoryUsage of job (MB)
	937244  -  ResidentSetSize of job (KB)
...
006 (113471493.000.000) 2023-03-31 16:26:13 Image size of job updated: 4120392
	916  -  MemoryUsage of job (MB)
	937244  -  ResidentSetSize of job (KB)
...
006 (113471493.000.000) 2023-03-31 16:31:13 Image size of job updated: 4120392
	918  -  MemoryUsage of job (MB)
	939596  -  ResidentSetSize of job (KB)
...
006 (113471493.000.000) 2023-03-31 16:36:13 Image size of job updated: 4120392
	922  -  MemoryUsage of job (MB)
	943448  -  ResidentSetSize of job (KB)
...
006 (113471493.000.000) 2023-03-31 16:41:14 Image size of job updated: 4121224
	923  -  MemoryUsage of job (MB)
	944372  -  ResidentSetSize of job (KB)
...
006 (113471493.000.000) 2023-03-31 16:56:16 Image size of job updated: 4124848
	925  -  MemoryUsage of job (MB)
	946972  -  ResidentSetSize of job (KB)
...
006 (113471493.000.000) 2023-03-31 17:01:17 Image size of job updated: 4124848
	927  -  MemoryUsage of job (MB)
	948972  -  ResidentSetSize of job (KB)
...
006 (113471493.000.000) 2023-03-31 17:11:17 Image size of job updated: 4132796
	927  -  MemoryUsage of job (MB)
	948972  -  ResidentSetSize of job (KB)
...
006 (113471493.000.000) 2023-03-31 17:26:19 Image size of job updated: 4132796
	933  -  MemoryUsage of job (MB)
	955384  -  ResidentSetSize of job (KB)
...
006 (113471493.000.000) 2023-03-31 17:31:20 Image size of job updated: 4132796
	935  -  MemoryUsage of job (MB)
	957204  -  ResidentSetSize of job (KB)
...
006 (113471493.000.000) 2023-03-31 17:40:54 Image size of job updated: 4148824
	949  -  MemoryUsage of job (MB)
	971640  -  ResidentSetSize of job (KB)
...
006 (113471493.000.000) 2023-03-31 17:54:34 Image size of job updated: 4158412
	950  -  MemoryUsage of job (MB)
	972136  -  ResidentSetSize of job (KB)
...
006 (113471493.000.000) 2023-03-31 18:57:08 Image size of job updated: 4160068
	961  -  MemoryUsage of job (MB)
	983288  -  ResidentSetSize of job (KB)
...
006 (113471493.000.000) 2023-03-31 19:07:09 Image size of job updated: 4160068
	961  -  MemoryUsage of job (MB)
	983920  -  ResidentSetSize of job (KB)
...
006 (113471493.000.000) 2023-03-31 19:12:09 Image size of job updated: 4166136
	961  -  MemoryUsage of job (MB)
	983920  -  ResidentSetSize of job (KB)
...
006 (113471493.000.000) 2023-03-31 19:17:10 Image size of job updated: 4166136
	962  -  MemoryUsage of job (MB)
	984140  -  ResidentSetSize of job (KB)
...
006 (113471493.000.000) 2023-03-31 19:22:11 Image size of job updated: 4166136
	962  -  MemoryUsage of job (MB)
	985040  -  ResidentSetSize of job (KB)
...
006 (113471493.000.000) 2023-03-31 19:32:12 Image size of job updated: 4179404
	967  -  MemoryUsage of job (MB)
	989864  -  ResidentSetSize of job (KB)
...
006 (113471493.000.000) 2023-03-31 19:42:13 Image size of job updated: 4179404
	970  -  MemoryUsage of job (MB)
	992720  -  ResidentSetSize of job (KB)
...
006 (113471493.000.000) 2023-03-31 19:47:13 Image size of job updated: 4186376
	976  -  MemoryUsage of job (MB)
	998412  -  ResidentSetSize of job (KB)
...
006 (113471493.000.000) 2023-03-31 19:52:14 Image size of job updated: 4186376
	976  -  MemoryUsage of job (MB)
	999376  -  ResidentSetSize of job (KB)
...
006 (113471493.000.000) 2023-03-31 20:12:17 Image size of job updated: 4186900
	976  -  MemoryUsage of job (MB)
	999376  -  ResidentSetSize of job (KB)
...
006 (113471493.000.000) 2023-03-31 20:22:17 Image size of job updated: 4194976
	997  -  MemoryUsage of job (MB)
	1020084  -  ResidentSetSize of job (KB)
...
006 (113471493.000.000) 2023-03-31 20:27:18 Image size of job updated: 4195560
	997  -  MemoryUsage of job (MB)
	1020084  -  ResidentSetSize of job (KB)
...
006 (113471493.000.000) 2023-03-31 21:07:23 Image size of job updated: 4200348
	997  -  MemoryUsage of job (MB)
	1020084  -  ResidentSetSize of job (KB)
...
006 (113471493.000.000) 2023-03-31 21:17:24 Image size of job updated: 4200348
	999  -  MemoryUsage of job (MB)
	1022428  -  ResidentSetSize of job (KB)
...
006 (113471493.000.000) 2023-03-31 21:27:25 Image size of job updated: 4200348
	1003  -  MemoryUsage of job (MB)
	1026720  -  ResidentSetSize of job (KB)
...
006 (113471493.000.000) 2023-03-31 21:32:26 Image size of job updated: 4211828
	1009  -  MemoryUsage of job (MB)
	1032552  -  ResidentSetSize of job (KB)
...
006 (113471493.000.000) 2023-03-31 21:37:27 Image size of job updated: 4215428
	1015  -  MemoryUsage of job (MB)
	1038480  -  ResidentSetSize of job (KB)
...
006 (113471493.000.000) 2023-03-31 21:42:27 Image size of job updated: 4215428
	1015  -  MemoryUsage of job (MB)
	1038536  -  ResidentSetSize of job (KB)
...
006 (113471493.000.000) 2023-03-31 21:47:27 Image size of job updated: 4216676
	1017  -  MemoryUsage of job (MB)
	1040392  -  ResidentSetSize of job (KB)
...
006 (113471493.000.000) 2023-03-31 21:52:29 Image size of job updated: 4220228
	1017  -  MemoryUsage of job (MB)
	1040392  -  ResidentSetSize of job (KB)
...
006 (113471493.000.000) 2023-03-31 22:02:29 Image size of job updated: 4222792
	1023  -  MemoryUsage of job (MB)
	1046628  -  ResidentSetSize of job (KB)
...
006 (113471493.000.000) 2023-03-31 22:07:30 Image size of job updated: 4228548
	1029  -  MemoryUsage of job (MB)
	1052684  -  ResidentSetSize of job (KB)
...
006 (113471493.000.000) 2023-03-31 22:12:31 Image size of job updated: 4230900
	1029  -  MemoryUsage of job (MB)
	1052684  -  ResidentSetSize of job (KB)
...
006 (113471493.000.000) 2023-03-31 23:12:37 Image size of job updated: 4237956
	1036  -  MemoryUsage of job (MB)
	1060288  -  ResidentSetSize of job (KB)
...
006 (113471493.000.000) 2023-03-31 23:42:40 Image size of job updated: 4245932
	1036  -  MemoryUsage of job (MB)
	1060288  -  ResidentSetSize of job (KB)
...
006 (113471493.000.000) 2023-04-01 00:02:42 Image size of job updated: 4246912
	1046  -  MemoryUsage of job (MB)
	1070460  -  ResidentSetSize of job (KB)
...
006 (113471493.000.000) 2023-04-01 00:07:43 Image size of job updated: 4250596
	1046  -  MemoryUsage of job (MB)
	1070680  -  ResidentSetSize of job (KB)
...
006 (113471493.000.000) 2023-04-01 00:12:44 Image size of job updated: 4254140
	1051  -  MemoryUsage of job (MB)
	1076072  -  ResidentSetSize of job (KB)
...
006 (113471493.000.000) 2023-04-01 00:32:46 Image size of job updated: 4254140
	1052  -  MemoryUsage of job (MB)
	1077208  -  ResidentSetSize of job (KB)
...
006 (113471493.000.000) 2023-04-01 00:37:46 Image size of job updated: 4255164
	1054  -  MemoryUsage of job (MB)
	1078500  -  ResidentSetSize of job (KB)
...
006 (113471493.000.000) 2023-04-01 01:12:50 Image size of job updated: 4257204
	1054  -  MemoryUsage of job (MB)
	1079164  -  ResidentSetSize of job (KB)
...
006 (113471493.000.000) 2023-04-01 01:17:51 Image size of job updated: 4261612
	1057  -  MemoryUsage of job (MB)
	1081428  -  ResidentSetSize of job (KB)
...
006 (113471493.000.000) 2023-04-01 01:22:52 Image size of job updated: 4261612
	1057  -  MemoryUsage of job (MB)
	1082316  -  ResidentSetSize of job (KB)
...
006 (113471493.000.000) 2023-04-01 01:27:52 Image size of job updated: 4270504
	1060  -  MemoryUsage of job (MB)
	1084748  -  ResidentSetSize of job (KB)
...
006 (113471493.000.000) 2023-04-01 01:32:53 Image size of job updated: 4270504
	1064  -  MemoryUsage of job (MB)
	1089164  -  ResidentSetSize of job (KB)
...
006 (113471493.000.000) 2023-04-01 01:37:54 Image size of job updated: 4270504
	1067  -  MemoryUsage of job (MB)
	1092532  -  ResidentSetSize of job (KB)
...
006 (113471493.000.000) 2023-04-01 01:42:55 Image size of job updated: 4271512
	1067  -  MemoryUsage of job (MB)
	1092532  -  ResidentSetSize of job (KB)
...
006 (113471493.000.000) 2023-04-01 02:32:59 Image size of job updated: 4276408
	1075  -  MemoryUsage of job (MB)
	1100572  -  ResidentSetSize of job (KB)
...
006 (113471493.000.000) 2023-04-01 02:38:00 Image size of job updated: 4283456
	1082  -  MemoryUsage of job (MB)
	1107876  -  ResidentSetSize of job (KB)
...
006 (113471493.000.000) 2023-04-01 02:43:00 Image size of job updated: 4292288
	1089  -  MemoryUsage of job (MB)
	1114560  -  ResidentSetSize of job (KB)
...
006 (113471493.000.000) 2023-04-01 02:48:01 Image size of job updated: 4293012
	1093  -  MemoryUsage of job (MB)
	1119032  -  ResidentSetSize of job (KB)
...
006 (113471493.000.000) 2023-04-01 02:53:02 Image size of job updated: 4296132
	1093  -  MemoryUsage of job (MB)
	1119032  -  ResidentSetSize of job (KB)
...
006 (113471493.000.000) 2023-04-01 02:58:02 Image size of job updated: 4299960
	1095  -  MemoryUsage of job (MB)
	1120900  -  ResidentSetSize of job (KB)
...
006 (113471493.000.000) 2023-04-01 03:03:02 Image size of job updated: 4302040
	1101  -  MemoryUsage of job (MB)
	1126840  -  ResidentSetSize of job (KB)
...
006 (113471493.000.000) 2023-04-01 04:03:08 Image size of job updated: 4306052
	1101  -  MemoryUsage of job (MB)
	1126840  -  ResidentSetSize of job (KB)
...
006 (113471493.000.000) 2023-04-01 04:23:10 Image size of job updated: 4306316
	1104  -  MemoryUsage of job (MB)
	1130300  -  ResidentSetSize of job (KB)
...
006 (113471493.000.000) 2023-04-01 04:38:12 Image size of job updated: 4308840
	1107  -  MemoryUsage of job (MB)
	1133244  -  ResidentSetSize of job (KB)
...
006 (113471493.000.000) 2023-04-01 04:43:12 Image size of job updated: 4308980
	1107  -  MemoryUsage of job (MB)
	1133244  -  ResidentSetSize of job (KB)
...
006 (113471493.000.000) 2023-04-01 04:48:12 Image size of job updated: 4309380
	1107  -  MemoryUsage of job (MB)
	1133244  -  ResidentSetSize of job (KB)
...
006 (113471493.000.000) 2023-04-01 04:58:14 Image size of job updated: 4311268
	1107  -  MemoryUsage of job (MB)
	1133244  -  ResidentSetSize of job (KB)
...
006 (113471493.000.000) 2023-04-01 05:03:14 Image size of job updated: 4313376
	1113  -  MemoryUsage of job (MB)
	1138776  -  ResidentSetSize of job (KB)
...
006 (113471493.000.000) 2023-04-01 05:08:15 Image size of job updated: 4316004
	1115  -  MemoryUsage of job (MB)
	1141404  -  ResidentSetSize of job (KB)
...
006 (113471493.000.000) 2023-04-01 05:18:16 Image size of job updated: 4316972
	1116  -  MemoryUsage of job (MB)
	1142372  -  ResidentSetSize of job (KB)
...
006 (113471493.000.000) 2023-04-01 05:23:16 Image size of job updated: 4321056
	1117  -  MemoryUsage of job (MB)
	1143428  -  ResidentSetSize of job (KB)
...
006 (113471493.000.000) 2023-04-01 05:28:17 Image size of job updated: 4321700
	1117  -  MemoryUsage of job (MB)
	1143428  -  ResidentSetSize of job (KB)
...
006 (113471493.000.000) 2023-04-01 05:58:20 Image size of job updated: 4322492
	1119  -  MemoryUsage of job (MB)
	1145440  -  ResidentSetSize of job (KB)
...
006 (113471493.000.000) 2023-04-01 06:18:22 Image size of job updated: 4322604
	1119  -  MemoryUsage of job (MB)
	1145456  -  ResidentSetSize of job (KB)
...
006 (113471493.000.000) 2023-04-01 06:23:22 Image size of job updated: 4323116
	1119  -  MemoryUsage of job (MB)
	1145732  -  ResidentSetSize of job (KB)
...
006 (113471493.000.000) 2023-04-01 06:28:22 Image size of job updated: 4323372
	1120  -  MemoryUsage of job (MB)
	1146200  -  ResidentSetSize of job (KB)
...
006 (113471493.000.000) 2023-04-01 06:33:23 Image size of job updated: 4323884
	1120  -  MemoryUsage of job (MB)
	1146632  -  ResidentSetSize of job (KB)
...
006 (113471493.000.000) 2023-04-01 06:38:24 Image size of job updated: 4324396
	1121  -  MemoryUsage of job (MB)
	1147100  -  ResidentSetSize of job (KB)
...
006 (113471493.000.000) 2023-04-01 06:43:24 Image size of job updated: 4330764
	1121  -  MemoryUsage of job (MB)
	1147456  -  ResidentSetSize of job (KB)
...
006 (113471493.000.000) 2023-04-01 06:48:24 Image size of job updated: 4330764
	1121  -  MemoryUsage of job (MB)
	1147640  -  ResidentSetSize of job (KB)
...
006 (113471493.000.000) 2023-04-01 07:43:30 Image size of job updated: 4330764
	1128  -  MemoryUsage of job (MB)
	1154412  -  ResidentSetSize of job (KB)
...
006 (113471493.000.000) 2023-04-01 08:23:35 Image size of job updated: 4335500
	1134  -  MemoryUsage of job (MB)
	1160644  -  ResidentSetSize of job (KB)
...
006 (113471493.000.000) 2023-04-01 08:28:35 Image size of job updated: 4339312
	1134  -  MemoryUsage of job (MB)
	1161216  -  ResidentSetSize of job (KB)
...
006 (113471493.000.000) 2023-04-01 08:33:36 Image size of job updated: 4339704
	1135  -  MemoryUsage of job (MB)
	1161512  -  ResidentSetSize of job (KB)
...
006 (113471493.000.000) 2023-04-01 08:58:38 Image size of job updated: 4339868
	1135  -  MemoryUsage of job (MB)
	1161784  -  ResidentSetSize of job (KB)
...
006 (113471493.000.000) 2023-04-01 09:03:38 Image size of job updated: 4340504
	1135  -  MemoryUsage of job (MB)
	1161784  -  ResidentSetSize of job (KB)
...
006 (113471493.000.000) 2023-04-01 09:23:41 Image size of job updated: 4348968
	1140  -  MemoryUsage of job (MB)
	1167016  -  ResidentSetSize of job (KB)
...
006 (113471493.000.000) 2023-04-01 09:53:43 Image size of job updated: 4357808
	1156  -  MemoryUsage of job (MB)
	1183092  -  ResidentSetSize of job (KB)
...
006 (113471493.000.000) 2023-04-01 10:10:22 Image size of job updated: 8624320
	1156  -  MemoryUsage of job (MB)
	1183092  -  ResidentSetSize of job (KB)
...
040 (113471493.000.000) 2023-04-01 10:10:22 Started transferring output files
...
040 (113471493.000.000) 2023-04-01 10:10:22 Finished transferring output files
...
005 (113471493.000.000) 2023-04-01 10:10:22 Job terminated.
	(1) Normal termination (return value 0)
		Usr 2 13:36:00, Sys 0 00:02:12  -  Run Remote Usage
		Usr 0 00:00:00, Sys 0 00:00:00  -  Run Local Usage
		Usr 2 13:36:00, Sys 0 00:02:12  -  Total Remote Usage
		Usr 0 00:00:00, Sys 0 00:00:00  -  Total Local Usage
	513624  -  Run Bytes Sent By Job
	375  -  Run Bytes Received By Job
	513624  -  Total Bytes Sent By Job
	375  -  Total Bytes Received By Job
	Partitionable Resources :    Usage  Request Allocated 
	   Cpus                 :     0.99        1         1 
	   Disk (KB)            :   524      500000    624256 
	   GPUs                 :                           0 
	   Memory (MB)          :  1156       20000     20096 

	Job terminated of its own accord at 2023-04-01T17:10:22Z with exit-code 0.
...
