000 (113450166.000.000) 2023-03-29 17:01:36 Job submitted from host: <10.14.0.160:9618?addrs=10.14.0.160-9618&alias=ldas-pcdev2.ligo.caltech.edu&noUDP&sock=schedd_7450_a8a7>
    DAG Node: 781
...
040 (113450166.000.000) 2023-03-29 17:45:57 Started transferring input files
	Transferring to host: <10.14.9.194:9618?addrs=10.14.9.194-9618&alias=node2194.cluster.ldas.cit&noUDP&sock=slot1_2_189911_3ac4_89213>
...
040 (113450166.000.000) 2023-03-29 17:45:57 Finished transferring input files
...
001 (113450166.000.000) 2023-03-29 17:45:58 Job executing on host: <10.14.9.194:9618?addrs=10.14.9.194-9618&alias=node2194.cluster.ldas.cit&noUDP&sock=startd_189641_87e3>
...
006 (113450166.000.000) 2023-03-29 17:45:58 Image size of job updated: 1
	0  -  MemoryUsage of job (MB)
	0  -  ResidentSetSize of job (KB)
...
040 (113450166.000.000) 2023-03-29 17:45:58 Started transferring output files
...
040 (113450166.000.000) 2023-03-29 17:45:58 Finished transferring output files
...
005 (113450166.000.000) 2023-03-29 17:45:58 Job terminated.
	(1) Normal termination (return value 127)
		Usr 0 00:00:00, Sys 0 00:00:00  -  Run Remote Usage
		Usr 0 00:00:00, Sys 0 00:00:00  -  Run Local Usage
		Usr 0 00:00:00, Sys 0 00:00:00  -  Total Remote Usage
		Usr 0 00:00:00, Sys 0 00:00:00  -  Total Local Usage
	407  -  Run Bytes Sent By Job
	366  -  Run Bytes Received By Job
	407  -  Total Bytes Sent By Job
	366  -  Total Bytes Received By Job
	Partitionable Resources :    Usage  Request Allocated 
	   Cpus                 :                 1         1 
	   Disk (KB)            :       14   500000    561711 
	   GPUs                 :                           0 
	   Memory (MB)          :        0    20000     20096 

	Job terminated of its own accord at 2023-03-30T00:45:58Z with exit-code 127.
...
000 (113484994.000.000) 2023-04-01 14:24:24 Job submitted from host: <10.14.0.160:9618?addrs=10.14.0.160-9618&alias=ldas-pcdev2.ligo.caltech.edu&noUDP&sock=schedd_7450_a8a7>
    DAG Node: 781
...
040 (113484994.000.000) 2023-04-01 14:30:12 Started transferring input files
	Transferring to host: <10.14.9.194:9618?addrs=10.14.9.194-9618&alias=node2194.cluster.ldas.cit&noUDP&sock=slot1_2_189911_3ac4_109151>
...
040 (113484994.000.000) 2023-04-01 14:30:12 Finished transferring input files
...
001 (113484994.000.000) 2023-04-01 14:30:13 Job executing on host: <10.14.9.194:9618?addrs=10.14.9.194-9618&alias=node2194.cluster.ldas.cit&noUDP&sock=startd_189641_87e3>
...
006 (113484994.000.000) 2023-04-01 14:30:13 Image size of job updated: 1
	0  -  MemoryUsage of job (MB)
	0  -  ResidentSetSize of job (KB)
...
040 (113484994.000.000) 2023-04-01 14:30:13 Started transferring output files
...
040 (113484994.000.000) 2023-04-01 14:30:13 Finished transferring output files
...
005 (113484994.000.000) 2023-04-01 14:30:13 Job terminated.
	(1) Normal termination (return value 127)
		Usr 0 00:00:00, Sys 0 00:00:00  -  Run Remote Usage
		Usr 0 00:00:00, Sys 0 00:00:00  -  Run Local Usage
		Usr 0 00:00:00, Sys 0 00:00:00  -  Total Remote Usage
		Usr 0 00:00:00, Sys 0 00:00:00  -  Total Local Usage
	411  -  Run Bytes Sent By Job
	366  -  Run Bytes Received By Job
	411  -  Total Bytes Sent By Job
	366  -  Total Bytes Received By Job
	Partitionable Resources :    Usage  Request Allocated 
	   Cpus                 :                 1         1 
	   Disk (KB)            :       14   500000    561711 
	   GPUs                 :                           0 
	   Memory (MB)          :        0    20000     20096 

	Job terminated of its own accord at 2023-04-01T21:30:13Z with exit-code 127.
...
000 (113485198.000.000) 2023-04-01 14:53:32 Job submitted from host: <10.14.0.160:9618?addrs=10.14.0.160-9618&alias=ldas-pcdev2.ligo.caltech.edu&noUDP&sock=schedd_7450_a8a7>
    DAG Node: 781
...
040 (113485198.000.000) 2023-04-01 15:01:48 Started transferring input files
	Transferring to host: <10.14.9.196:9618?addrs=10.14.9.196-9618&alias=node2196.cluster.ldas.cit&noUDP&sock=slot1_3_186547_fcbb_160854>
...
040 (113485198.000.000) 2023-04-01 15:01:48 Finished transferring input files
...
001 (113485198.000.000) 2023-04-01 15:01:49 Job executing on host: <10.14.9.196:9618?addrs=10.14.9.196-9618&alias=node2196.cluster.ldas.cit&noUDP&sock=startd_186508_8dac>
...
006 (113485198.000.000) 2023-04-01 15:01:49 Image size of job updated: 1
	0  -  MemoryUsage of job (MB)
	0  -  ResidentSetSize of job (KB)
...
040 (113485198.000.000) 2023-04-01 15:01:49 Started transferring output files
...
040 (113485198.000.000) 2023-04-01 15:01:49 Finished transferring output files
...
005 (113485198.000.000) 2023-04-01 15:01:49 Job terminated.
	(1) Normal termination (return value 127)
		Usr 0 00:00:00, Sys 0 00:00:00  -  Run Remote Usage
		Usr 0 00:00:00, Sys 0 00:00:00  -  Run Local Usage
		Usr 0 00:00:00, Sys 0 00:00:00  -  Total Remote Usage
		Usr 0 00:00:00, Sys 0 00:00:00  -  Total Local Usage
	403  -  Run Bytes Sent By Job
	366  -  Run Bytes Received By Job
	403  -  Total Bytes Sent By Job
	366  -  Total Bytes Received By Job
	Partitionable Resources :    Usage  Request Allocated 
	   Cpus                 :                 1         1 
	   Disk (KB)            :       15   500000    519527 
	   GPUs                 :                           0 
	   Memory (MB)          :        0    20000     20096 

	Job terminated of its own accord at 2023-04-01T22:01:49Z with exit-code 127.
...
000 (113493902.000.000) 2023-04-02 13:26:48 Job submitted from host: <10.14.0.160:9618?addrs=10.14.0.160-9618&alias=ldas-pcdev2.ligo.caltech.edu&noUDP&sock=schedd_7450_a8a7>
    DAG Node: 781
...
040 (113493902.000.000) 2023-04-02 13:44:27 Started transferring input files
	Transferring to host: <10.14.10.125:9618?addrs=10.14.10.125-9618&alias=node2375.cluster.ldas.cit&noUDP&sock=slot1_4_4170239_6206_28267>
...
040 (113493902.000.000) 2023-04-02 13:44:27 Finished transferring input files
...
001 (113493902.000.000) 2023-04-02 13:44:28 Job executing on host: <10.14.10.125:9618?addrs=10.14.10.125-9618&alias=node2375.cluster.ldas.cit&noUDP&sock=startd_4089_4ad8>
...
006 (113493902.000.000) 2023-04-02 13:44:37 Image size of job updated: 245328
	190  -  MemoryUsage of job (MB)
	194448  -  ResidentSetSize of job (KB)
...
006 (113493902.000.000) 2023-04-02 13:49:38 Image size of job updated: 5304624
	759  -  MemoryUsage of job (MB)
	776780  -  ResidentSetSize of job (KB)
...
006 (113493902.000.000) 2023-04-02 13:54:38 Image size of job updated: 5404136
	759  -  MemoryUsage of job (MB)
	776780  -  ResidentSetSize of job (KB)
...
006 (113493902.000.000) 2023-04-02 16:29:53 Image size of job updated: 5404136
	798  -  MemoryUsage of job (MB)
	816576  -  ResidentSetSize of job (KB)
...
006 (113493902.000.000) 2023-04-02 16:34:54 Image size of job updated: 5404136
	874  -  MemoryUsage of job (MB)
	894796  -  ResidentSetSize of job (KB)
...
006 (113493902.000.000) 2023-04-02 16:39:54 Image size of job updated: 5404136
	980  -  MemoryUsage of job (MB)
	1002512  -  ResidentSetSize of job (KB)
...
006 (113493902.000.000) 2023-04-02 16:44:54 Image size of job updated: 5404136
	1092  -  MemoryUsage of job (MB)
	1117940  -  ResidentSetSize of job (KB)
...
006 (113493902.000.000) 2023-04-02 17:09:58 Image size of job updated: 5404136
	1104  -  MemoryUsage of job (MB)
	1130116  -  ResidentSetSize of job (KB)
...
006 (113493902.000.000) 2023-04-02 17:25:00 Image size of job updated: 5404136
	1106  -  MemoryUsage of job (MB)
	1131556  -  ResidentSetSize of job (KB)
...
006 (113493902.000.000) 2023-04-02 17:30:00 Image size of job updated: 5404136
	1148  -  MemoryUsage of job (MB)
	1174912  -  ResidentSetSize of job (KB)
...
006 (113493902.000.000) 2023-04-02 17:35:00 Image size of job updated: 5404136
	1168  -  MemoryUsage of job (MB)
	1195140  -  ResidentSetSize of job (KB)
...
006 (113493902.000.000) 2023-04-02 17:40:01 Image size of job updated: 5404136
	1171  -  MemoryUsage of job (MB)
	1198648  -  ResidentSetSize of job (KB)
...
006 (113493902.000.000) 2023-04-02 17:45:01 Image size of job updated: 5404136
	1190  -  MemoryUsage of job (MB)
	1217680  -  ResidentSetSize of job (KB)
...
006 (113493902.000.000) 2023-04-02 17:50:01 Image size of job updated: 5404136
	1198  -  MemoryUsage of job (MB)
	1226096  -  ResidentSetSize of job (KB)
...
006 (113493902.000.000) 2023-04-02 17:55:02 Image size of job updated: 5404136
	1223  -  MemoryUsage of job (MB)
	1251752  -  ResidentSetSize of job (KB)
...
006 (113493902.000.000) 2023-04-02 18:05:03 Image size of job updated: 5404136
	1238  -  MemoryUsage of job (MB)
	1267136  -  ResidentSetSize of job (KB)
...
006 (113493902.000.000) 2023-04-02 18:10:04 Image size of job updated: 5404136
	1239  -  MemoryUsage of job (MB)
	1267932  -  ResidentSetSize of job (KB)
...
006 (113493902.000.000) 2023-04-02 18:20:05 Image size of job updated: 5404136
	1242  -  MemoryUsage of job (MB)
	1271600  -  ResidentSetSize of job (KB)
...
006 (113493902.000.000) 2023-04-02 18:30:06 Image size of job updated: 5404136
	1247  -  MemoryUsage of job (MB)
	1276472  -  ResidentSetSize of job (KB)
...
006 (113493902.000.000) 2023-04-02 18:55:08 Image size of job updated: 5404136
	1273  -  MemoryUsage of job (MB)
	1303552  -  ResidentSetSize of job (KB)
...
006 (113493902.000.000) 2023-04-02 19:00:09 Image size of job updated: 5404136
	1276  -  MemoryUsage of job (MB)
	1305824  -  ResidentSetSize of job (KB)
...
006 (113493902.000.000) 2023-04-02 19:10:10 Image size of job updated: 5404136
	1280  -  MemoryUsage of job (MB)
	1310568  -  ResidentSetSize of job (KB)
...
006 (113493902.000.000) 2023-04-02 19:15:10 Image size of job updated: 5404136
	1283  -  MemoryUsage of job (MB)
	1312988  -  ResidentSetSize of job (KB)
...
006 (113493902.000.000) 2023-04-02 19:35:12 Image size of job updated: 5406704
	1289  -  MemoryUsage of job (MB)
	1319356  -  ResidentSetSize of job (KB)
...
006 (113493902.000.000) 2023-04-02 19:45:13 Image size of job updated: 5411464
	1289  -  MemoryUsage of job (MB)
	1319356  -  ResidentSetSize of job (KB)
...
006 (113493902.000.000) 2023-04-02 20:00:15 Image size of job updated: 5422224
	1297  -  MemoryUsage of job (MB)
	1327416  -  ResidentSetSize of job (KB)
...
006 (113493902.000.000) 2023-04-02 20:10:17 Image size of job updated: 5422224
	1299  -  MemoryUsage of job (MB)
	1329756  -  ResidentSetSize of job (KB)
...
006 (113493902.000.000) 2023-04-02 20:15:17 Image size of job updated: 5422224
	1301  -  MemoryUsage of job (MB)
	1331804  -  ResidentSetSize of job (KB)
...
006 (113493902.000.000) 2023-04-02 20:20:17 Image size of job updated: 5422224
	1310  -  MemoryUsage of job (MB)
	1341088  -  ResidentSetSize of job (KB)
...
006 (113493902.000.000) 2023-04-02 20:25:18 Image size of job updated: 5422224
	1311  -  MemoryUsage of job (MB)
	1342132  -  ResidentSetSize of job (KB)
...
006 (113493902.000.000) 2023-04-02 20:30:18 Image size of job updated: 5451972
	1379  -  MemoryUsage of job (MB)
	1411760  -  ResidentSetSize of job (KB)
...
006 (113493902.000.000) 2023-04-02 20:35:18 Image size of job updated: 5451972
	1379  -  MemoryUsage of job (MB)
	1412036  -  ResidentSetSize of job (KB)
...
006 (113493902.000.000) 2023-04-02 20:40:19 Image size of job updated: 5451972
	1380  -  MemoryUsage of job (MB)
	1412660  -  ResidentSetSize of job (KB)
...
006 (113493902.000.000) 2023-04-02 20:45:20 Image size of job updated: 5513968
	1380  -  MemoryUsage of job (MB)
	1412660  -  ResidentSetSize of job (KB)
...
006 (113493902.000.000) 2023-04-02 20:55:21 Image size of job updated: 5532376
	1394  -  MemoryUsage of job (MB)
	1426488  -  ResidentSetSize of job (KB)
...
006 (113493902.000.000) 2023-04-02 21:10:22 Image size of job updated: 5536676
	1396  -  MemoryUsage of job (MB)
	1429264  -  ResidentSetSize of job (KB)
...
006 (113493902.000.000) 2023-04-02 21:15:23 Image size of job updated: 5536676
	1398  -  MemoryUsage of job (MB)
	1431312  -  ResidentSetSize of job (KB)
...
006 (113493902.000.000) 2023-04-02 21:20:24 Image size of job updated: 5536676
	1400  -  MemoryUsage of job (MB)
	1432600  -  ResidentSetSize of job (KB)
...
006 (113493902.000.000) 2023-04-02 21:25:24 Image size of job updated: 5536676
	1402  -  MemoryUsage of job (MB)
	1435004  -  ResidentSetSize of job (KB)
...
006 (113493902.000.000) 2023-04-02 21:30:25 Image size of job updated: 5536676
	1404  -  MemoryUsage of job (MB)
	1437052  -  ResidentSetSize of job (KB)
...
006 (113493902.000.000) 2023-04-02 21:35:26 Image size of job updated: 5545588
	1404  -  MemoryUsage of job (MB)
	1437052  -  ResidentSetSize of job (KB)
...
006 (113493902.000.000) 2023-04-02 21:45:26 Image size of job updated: 5545588
	1410  -  MemoryUsage of job (MB)
	1443788  -  ResidentSetSize of job (KB)
...
006 (113493902.000.000) 2023-04-02 21:55:28 Image size of job updated: 5545588
	1412  -  MemoryUsage of job (MB)
	1445660  -  ResidentSetSize of job (KB)
...
006 (113493902.000.000) 2023-04-02 22:00:28 Image size of job updated: 5545588
	1413  -  MemoryUsage of job (MB)
	1446224  -  ResidentSetSize of job (KB)
...
006 (113493902.000.000) 2023-04-02 22:10:30 Image size of job updated: 5545588
	1415  -  MemoryUsage of job (MB)
	1448132  -  ResidentSetSize of job (KB)
...
006 (113493902.000.000) 2023-04-02 22:15:30 Image size of job updated: 5545588
	1415  -  MemoryUsage of job (MB)
	1448632  -  ResidentSetSize of job (KB)
...
006 (113493902.000.000) 2023-04-02 22:20:30 Image size of job updated: 5545588
	1415  -  MemoryUsage of job (MB)
	1448760  -  ResidentSetSize of job (KB)
...
006 (113493902.000.000) 2023-04-02 22:25:31 Image size of job updated: 5545588
	1419  -  MemoryUsage of job (MB)
	1452580  -  ResidentSetSize of job (KB)
...
006 (113493902.000.000) 2023-04-02 22:35:31 Image size of job updated: 5545588
	1425  -  MemoryUsage of job (MB)
	1458872  -  ResidentSetSize of job (KB)
...
006 (113493902.000.000) 2023-04-02 22:45:33 Image size of job updated: 5545588
	1427  -  MemoryUsage of job (MB)
	1460920  -  ResidentSetSize of job (KB)
...
006 (113493902.000.000) 2023-04-02 22:50:33 Image size of job updated: 5545588
	1429  -  MemoryUsage of job (MB)
	1462808  -  ResidentSetSize of job (KB)
...
006 (113493902.000.000) 2023-04-02 22:55:34 Image size of job updated: 5545588
	1431  -  MemoryUsage of job (MB)
	1464856  -  ResidentSetSize of job (KB)
...
006 (113493902.000.000) 2023-04-02 23:00:35 Image size of job updated: 5545588
	1433  -  MemoryUsage of job (MB)
	1466532  -  ResidentSetSize of job (KB)
...
006 (113493902.000.000) 2023-04-02 23:10:36 Image size of job updated: 5545588
	1434  -  MemoryUsage of job (MB)
	1467624  -  ResidentSetSize of job (KB)
...
006 (113493902.000.000) 2023-04-02 23:15:37 Image size of job updated: 5545588
	1454  -  MemoryUsage of job (MB)
	1488004  -  ResidentSetSize of job (KB)
...
006 (113493902.000.000) 2023-04-02 23:25:37 Image size of job updated: 5545588
	1454  -  MemoryUsage of job (MB)
	1488204  -  ResidentSetSize of job (KB)
...
006 (113493902.000.000) 2023-04-02 23:30:38 Image size of job updated: 5606900
	1456  -  MemoryUsage of job (MB)
	1490228  -  ResidentSetSize of job (KB)
...
006 (113493902.000.000) 2023-04-02 23:35:39 Image size of job updated: 5606900
	1456  -  MemoryUsage of job (MB)
	1490356  -  ResidentSetSize of job (KB)
...
006 (113493902.000.000) 2023-04-02 23:40:39 Image size of job updated: 5606900
	1457  -  MemoryUsage of job (MB)
	1491628  -  ResidentSetSize of job (KB)
...
006 (113493902.000.000) 2023-04-02 23:45:40 Image size of job updated: 5606900
	1475  -  MemoryUsage of job (MB)
	1510128  -  ResidentSetSize of job (KB)
...
006 (113493902.000.000) 2023-04-02 23:55:41 Image size of job updated: 5606900
	1497  -  MemoryUsage of job (MB)
	1532304  -  ResidentSetSize of job (KB)
...
006 (113493902.000.000) 2023-04-03 00:00:41 Image size of job updated: 5663272
	1502  -  MemoryUsage of job (MB)
	1537496  -  ResidentSetSize of job (KB)
...
006 (113493902.000.000) 2023-04-03 00:10:42 Image size of job updated: 5663272
	1504  -  MemoryUsage of job (MB)
	1539304  -  ResidentSetSize of job (KB)
...
006 (113493902.000.000) 2023-04-03 00:25:43 Image size of job updated: 5663272
	1522  -  MemoryUsage of job (MB)
	1557644  -  ResidentSetSize of job (KB)
...
006 (113493902.000.000) 2023-04-03 00:30:44 Image size of job updated: 5692900
	1522  -  MemoryUsage of job (MB)
	1557644  -  ResidentSetSize of job (KB)
...
006 (113493902.000.000) 2023-04-03 00:40:44 Image size of job updated: 5692900
	1534  -  MemoryUsage of job (MB)
	1570468  -  ResidentSetSize of job (KB)
...
006 (113493902.000.000) 2023-04-03 00:55:46 Image size of job updated: 5692900
	1553  -  MemoryUsage of job (MB)
	1589344  -  ResidentSetSize of job (KB)
...
006 (113493902.000.000) 2023-04-03 01:00:47 Image size of job updated: 5692900
	1555  -  MemoryUsage of job (MB)
	1591376  -  ResidentSetSize of job (KB)
...
006 (113493902.000.000) 2023-04-03 01:10:48 Image size of job updated: 5692900
	1555  -  MemoryUsage of job (MB)
	1592112  -  ResidentSetSize of job (KB)
...
006 (113493902.000.000) 2023-04-03 02:45:58 Image size of job updated: 5709124
	1555  -  MemoryUsage of job (MB)
	1592112  -  ResidentSetSize of job (KB)
...
006 (113493902.000.000) 2023-04-03 03:31:02 Image size of job updated: 5720108
	1555  -  MemoryUsage of job (MB)
	1592112  -  ResidentSetSize of job (KB)
...
006 (113493902.000.000) 2023-04-03 03:41:03 Image size of job updated: 5738136
	1555  -  MemoryUsage of job (MB)
	1592112  -  ResidentSetSize of job (KB)
...
006 (113493902.000.000) 2023-04-03 03:56:05 Image size of job updated: 5742392
	1555  -  MemoryUsage of job (MB)
	1592112  -  ResidentSetSize of job (KB)
...
006 (113493902.000.000) 2023-04-03 04:06:05 Image size of job updated: 5742392
	1556  -  MemoryUsage of job (MB)
	1592924  -  ResidentSetSize of job (KB)
...
006 (113493902.000.000) 2023-04-03 04:11:06 Image size of job updated: 5742392
	1563  -  MemoryUsage of job (MB)
	1600224  -  ResidentSetSize of job (KB)
...
006 (113493902.000.000) 2023-04-03 04:21:07 Image size of job updated: 5754408
	1567  -  MemoryUsage of job (MB)
	1603648  -  ResidentSetSize of job (KB)
...
006 (113493902.000.000) 2023-04-03 04:31:09 Image size of job updated: 5754408
	1568  -  MemoryUsage of job (MB)
	1605252  -  ResidentSetSize of job (KB)
...
006 (113493902.000.000) 2023-04-03 04:41:09 Image size of job updated: 5754408
	1571  -  MemoryUsage of job (MB)
	1607948  -  ResidentSetSize of job (KB)
...
006 (113493902.000.000) 2023-04-03 04:46:10 Image size of job updated: 5754408
	1573  -  MemoryUsage of job (MB)
	1610596  -  ResidentSetSize of job (KB)
...
006 (113493902.000.000) 2023-04-03 04:56:11 Image size of job updated: 5754408
	1574  -  MemoryUsage of job (MB)
	1611552  -  ResidentSetSize of job (KB)
...
006 (113493902.000.000) 2023-04-03 05:06:13 Image size of job updated: 5754408
	1576  -  MemoryUsage of job (MB)
	1613600  -  ResidentSetSize of job (KB)
...
006 (113493902.000.000) 2023-04-03 05:11:13 Image size of job updated: 5754408
	1577  -  MemoryUsage of job (MB)
	1614804  -  ResidentSetSize of job (KB)
...
006 (113493902.000.000) 2023-04-03 05:16:13 Image size of job updated: 5754408
	1578  -  MemoryUsage of job (MB)
	1615172  -  ResidentSetSize of job (KB)
...
006 (113493902.000.000) 2023-04-03 05:21:14 Image size of job updated: 5754408
	1581  -  MemoryUsage of job (MB)
	1618192  -  ResidentSetSize of job (KB)
...
006 (113493902.000.000) 2023-04-03 05:26:15 Image size of job updated: 5754408
	1581  -  MemoryUsage of job (MB)
	1618312  -  ResidentSetSize of job (KB)
...
006 (113493902.000.000) 2023-04-03 05:31:15 Image size of job updated: 5754408
	1584  -  MemoryUsage of job (MB)
	1621040  -  ResidentSetSize of job (KB)
...
006 (113493902.000.000) 2023-04-03 05:36:15 Image size of job updated: 5754408
	1586  -  MemoryUsage of job (MB)
	1623152  -  ResidentSetSize of job (KB)
...
006 (113493902.000.000) 2023-04-03 05:41:16 Image size of job updated: 5754408
	1589  -  MemoryUsage of job (MB)
	1626184  -  ResidentSetSize of job (KB)
...
006 (113493902.000.000) 2023-04-03 05:46:16 Image size of job updated: 5796992
	1592  -  MemoryUsage of job (MB)
	1629824  -  ResidentSetSize of job (KB)
...
006 (113493902.000.000) 2023-04-03 05:56:17 Image size of job updated: 5796992
	1597  -  MemoryUsage of job (MB)
	1634440  -  ResidentSetSize of job (KB)
...
006 (113493902.000.000) 2023-04-03 06:11:19 Image size of job updated: 5805264
	1601  -  MemoryUsage of job (MB)
	1638424  -  ResidentSetSize of job (KB)
...
006 (113493902.000.000) 2023-04-03 06:21:20 Image size of job updated: 5805264
	1604  -  MemoryUsage of job (MB)
	1642224  -  ResidentSetSize of job (KB)
...
006 (113493902.000.000) 2023-04-03 06:36:22 Image size of job updated: 5805264
	1607  -  MemoryUsage of job (MB)
	1645348  -  ResidentSetSize of job (KB)
...
006 (113493902.000.000) 2023-04-03 06:41:22 Image size of job updated: 5805264
	1609  -  MemoryUsage of job (MB)
	1647140  -  ResidentSetSize of job (KB)
...
006 (113493902.000.000) 2023-04-03 06:46:23 Image size of job updated: 5818552
	1612  -  MemoryUsage of job (MB)
	1649752  -  ResidentSetSize of job (KB)
...
006 (113493902.000.000) 2023-04-03 06:56:24 Image size of job updated: 5818552
	1614  -  MemoryUsage of job (MB)
	1651800  -  ResidentSetSize of job (KB)
...
006 (113493902.000.000) 2023-04-03 07:01:24 Image size of job updated: 5818552
	1615  -  MemoryUsage of job (MB)
	1653732  -  ResidentSetSize of job (KB)
...
006 (113493902.000.000) 2023-04-03 07:26:28 Image size of job updated: 5843988
	1621  -  MemoryUsage of job (MB)
	1659488  -  ResidentSetSize of job (KB)
...
006 (113493902.000.000) 2023-04-03 07:36:28 Image size of job updated: 5843988
	1762  -  MemoryUsage of job (MB)
	1803640  -  ResidentSetSize of job (KB)
...
006 (113493902.000.000) 2023-04-03 07:51:29 Image size of job updated: 5853772
	1762  -  MemoryUsage of job (MB)
	1803640  -  ResidentSetSize of job (KB)
...
006 (113493902.000.000) 2023-04-03 08:21:33 Image size of job updated: 5876904
	1762  -  MemoryUsage of job (MB)
	1803640  -  ResidentSetSize of job (KB)
...
006 (113493902.000.000) 2023-04-03 08:31:35 Image size of job updated: 5879416
	1762  -  MemoryUsage of job (MB)
	1803640  -  ResidentSetSize of job (KB)
...
006 (113493902.000.000) 2023-04-03 08:46:37 Image size of job updated: 5882672
	1762  -  MemoryUsage of job (MB)
	1803640  -  ResidentSetSize of job (KB)
...
006 (113493902.000.000) 2023-04-03 09:11:39 Image size of job updated: 5888920
	1762  -  MemoryUsage of job (MB)
	1803640  -  ResidentSetSize of job (KB)
...
006 (113493902.000.000) 2023-04-03 09:21:40 Image size of job updated: 5892192
	1762  -  MemoryUsage of job (MB)
	1803640  -  ResidentSetSize of job (KB)
...
006 (113493902.000.000) 2023-04-03 09:36:41 Image size of job updated: 5895968
	1762  -  MemoryUsage of job (MB)
	1803640  -  ResidentSetSize of job (KB)
...
006 (113493902.000.000) 2023-04-03 10:41:47 Image size of job updated: 6089172
	1762  -  MemoryUsage of job (MB)
	1803640  -  ResidentSetSize of job (KB)
...
006 (113493902.000.000) 2023-04-03 13:07:02 Image size of job updated: 6089172
	1814  -  MemoryUsage of job (MB)
	1856600  -  ResidentSetSize of job (KB)
...
004 (113493902.000.000) 2023-04-03 14:23:36 Job was evicted.
	(0) CPU times
		Usr 3 20:14:57, Sys 0 00:02:56  -  Run Remote Usage
		Usr 0 00:00:00, Sys 0 00:00:00  -  Run Local Usage
	0  -  Run Bytes Sent By Job
	366  -  Run Bytes Received By Job
	Partitionable Resources :    Usage  Request Allocated 
	   Cpus                 :     1.00        1         1 
	   Disk (KB)            :  4033      500000    624256 
	   GPUs                 :                           0 
	   Memory (MB)          :  1814       20000     20096 
...
040 (113493902.000.000) 2023-04-03 14:43:55 Started transferring input files
	Transferring to host: <10.14.4.4:9618?addrs=10.14.4.4-9618&alias=node754.cluster.ldas.cit&noUDP&sock=slot1_6_454589_d30f_5723>
...
040 (113493902.000.000) 2023-04-03 14:43:55 Finished transferring input files
...
001 (113493902.000.000) 2023-04-03 14:43:56 Job executing on host: <10.14.4.4:9618?addrs=10.14.4.4-9618&alias=node754.cluster.ldas.cit&noUDP&sock=startd_454551_c1ac>
...
006 (113493902.000.000) 2023-04-04 10:51:08 Image size of job updated: 7500000
	1967  -  MemoryUsage of job (MB)
	2013692  -  ResidentSetSize of job (KB)
...
006 (113493902.000.000) 2023-04-04 11:51:15 Image size of job updated: 7500000
	1970  -  MemoryUsage of job (MB)
	2017188  -  ResidentSetSize of job (KB)
...
004 (113493902.000.000) 2023-04-04 16:48:29 Job was evicted.
	(0) CPU times
		Usr 4 05:01:08, Sys 0 00:15:48  -  Run Remote Usage
		Usr 0 00:00:00, Sys 0 00:00:00  -  Run Local Usage
	0  -  Run Bytes Sent By Job
	366  -  Run Bytes Received By Job
	Partitionable Resources :    Usage  Request Allocated 
	   Cpus                 :     1.00        1         1 
	   Disk (KB)            :  3009      500000    609620 
	   GPUs                 :                           0 
	   Memory (MB)          :  1970       20000     20096 
...
040 (113493902.000.000) 2023-04-04 16:54:25 Started transferring input files
	Transferring to host: <10.14.10.32:9618?addrs=10.14.10.32-9618&alias=node2282.cluster.ldas.cit&noUDP&sock=slot1_5_3564180_fda1_179>
...
040 (113493902.000.000) 2023-04-04 16:54:25 Finished transferring input files
...
001 (113493902.000.000) 2023-04-04 16:54:26 Job executing on host: <10.14.10.32:9618?addrs=10.14.10.32-9618&alias=node2282.cluster.ldas.cit&noUDP&sock=startd_3564138_cb50>
...
004 (113493902.000.000) 2023-04-05 14:52:31 Job was evicted.
	(0) CPU times
		Usr 4 03:04:54, Sys 0 00:02:15  -  Run Remote Usage
		Usr 0 00:00:00, Sys 0 00:00:00  -  Run Local Usage
	0  -  Run Bytes Sent By Job
	366  -  Run Bytes Received By Job
	Partitionable Resources :    Usage  Request Allocated 
	   Cpus                 :     0.99        1         1 
	   Disk (KB)            :  3079      500000    624256 
	   GPUs                 :                           0 
	   Memory (MB)          :  2198       20000     20096 
...
009 (113493902.000.000) 2023-04-05 14:52:31 Job was aborted.
	removed because <OtherJobRemoveRequirements = DAGManJobId =?= 113493790> fired when job (113493790.0) was removed
...
000 (113587393.000.000) 2023-04-05 14:54:35 Job submitted from host: <10.14.0.160:9618?addrs=10.14.0.160-9618&alias=ldas-pcdev2.ligo.caltech.edu&noUDP&sock=schedd_7450_a8a7>
    DAG Node: 781
...
040 (113587393.000.000) 2023-04-05 15:12:37 Started transferring input files
	Transferring to host: <10.14.4.8:9618?addrs=10.14.4.8-9618&alias=node758.cluster.ldas.cit&noUDP&sock=slot1_4_1395218_0c59_6985>
...
040 (113587393.000.000) 2023-04-05 15:12:37 Finished transferring input files
...
001 (113587393.000.000) 2023-04-05 15:12:38 Job executing on host: <10.14.4.8:9618?addrs=10.14.4.8-9618&alias=node758.cluster.ldas.cit&noUDP&sock=startd_1395180_032b>
...
006 (113587393.000.000) 2023-04-05 15:12:47 Image size of job updated: 433900
	190  -  MemoryUsage of job (MB)
	194348  -  ResidentSetSize of job (KB)
...
006 (113587393.000.000) 2023-04-05 15:17:48 Image size of job updated: 5222420
	690  -  MemoryUsage of job (MB)
	706300  -  ResidentSetSize of job (KB)
...
006 (113587393.000.000) 2023-04-05 15:22:48 Image size of job updated: 5246520
	717  -  MemoryUsage of job (MB)
	733212  -  ResidentSetSize of job (KB)
...
006 (113587393.000.000) 2023-04-05 15:27:48 Image size of job updated: 5289108
	758  -  MemoryUsage of job (MB)
	775948  -  ResidentSetSize of job (KB)
...
006 (113587393.000.000) 2023-04-05 15:32:50 Image size of job updated: 5355500
	839  -  MemoryUsage of job (MB)
	858892  -  ResidentSetSize of job (KB)
...
006 (113587393.000.000) 2023-04-05 15:37:50 Image size of job updated: 5451120
	919  -  MemoryUsage of job (MB)
	940284  -  ResidentSetSize of job (KB)
...
006 (113587393.000.000) 2023-04-05 15:42:50 Image size of job updated: 5486356
	951  -  MemoryUsage of job (MB)
	973516  -  ResidentSetSize of job (KB)
...
006 (113587393.000.000) 2023-04-05 15:47:51 Image size of job updated: 5500740
	965  -  MemoryUsage of job (MB)
	988052  -  ResidentSetSize of job (KB)
...
006 (113587393.000.000) 2023-04-05 15:52:52 Image size of job updated: 5509000
	974  -  MemoryUsage of job (MB)
	996468  -  ResidentSetSize of job (KB)
...
006 (113587393.000.000) 2023-04-05 15:57:52 Image size of job updated: 5537508
	996  -  MemoryUsage of job (MB)
	1019672  -  ResidentSetSize of job (KB)
...
006 (113587393.000.000) 2023-04-05 16:02:53 Image size of job updated: 6042672
	1019  -  MemoryUsage of job (MB)
	1043204  -  ResidentSetSize of job (KB)
...
006 (113587393.000.000) 2023-04-05 16:07:54 Image size of job updated: 6042672
	1021  -  MemoryUsage of job (MB)
	1044860  -  ResidentSetSize of job (KB)
...
006 (113587393.000.000) 2023-04-05 16:12:54 Image size of job updated: 6042672
	1029  -  MemoryUsage of job (MB)
	1053168  -  ResidentSetSize of job (KB)
...
006 (113587393.000.000) 2023-04-05 16:22:55 Image size of job updated: 6042672
	1038  -  MemoryUsage of job (MB)
	1061892  -  ResidentSetSize of job (KB)
...
006 (113587393.000.000) 2023-04-05 16:27:55 Image size of job updated: 6042672
	1068  -  MemoryUsage of job (MB)
	1093180  -  ResidentSetSize of job (KB)
...
006 (113587393.000.000) 2023-04-05 16:32:55 Image size of job updated: 6042672
	1080  -  MemoryUsage of job (MB)
	1104984  -  ResidentSetSize of job (KB)
...
006 (113587393.000.000) 2023-04-05 16:37:56 Image size of job updated: 6042672
	1087  -  MemoryUsage of job (MB)
	1113052  -  ResidentSetSize of job (KB)
...
006 (113587393.000.000) 2023-04-05 16:42:56 Image size of job updated: 6042672
	1092  -  MemoryUsage of job (MB)
	1117852  -  ResidentSetSize of job (KB)
...
006 (113587393.000.000) 2023-04-05 16:52:57 Image size of job updated: 6042672
	1119  -  MemoryUsage of job (MB)
	1145536  -  ResidentSetSize of job (KB)
...
006 (113587393.000.000) 2023-04-05 16:57:57 Image size of job updated: 6162268
	1604  -  MemoryUsage of job (MB)
	1641980  -  ResidentSetSize of job (KB)
...
006 (113587393.000.000) 2023-04-05 17:48:02 Image size of job updated: 6219492
	1604  -  MemoryUsage of job (MB)
	1641980  -  ResidentSetSize of job (KB)
...
006 (113587393.000.000) 2023-04-05 19:33:12 Image size of job updated: 6219492
	1621  -  MemoryUsage of job (MB)
	1659800  -  ResidentSetSize of job (KB)
...
006 (113587393.000.000) 2023-04-05 19:53:14 Image size of job updated: 6219492
	1624  -  MemoryUsage of job (MB)
	1662092  -  ResidentSetSize of job (KB)
...
006 (113587393.000.000) 2023-04-05 19:58:15 Image size of job updated: 6219492
	1627  -  MemoryUsage of job (MB)
	1665576  -  ResidentSetSize of job (KB)
...
006 (113587393.000.000) 2023-04-05 20:03:15 Image size of job updated: 6219492
	1665  -  MemoryUsage of job (MB)
	1704300  -  ResidentSetSize of job (KB)
...
006 (113587393.000.000) 2023-04-05 20:08:16 Image size of job updated: 6219492
	1679  -  MemoryUsage of job (MB)
	1718464  -  ResidentSetSize of job (KB)
...
006 (113587393.000.000) 2023-04-05 20:13:17 Image size of job updated: 6219492
	1686  -  MemoryUsage of job (MB)
	1726448  -  ResidentSetSize of job (KB)
...
006 (113587393.000.000) 2023-04-05 20:18:17 Image size of job updated: 6286016
	1699  -  MemoryUsage of job (MB)
	1739372  -  ResidentSetSize of job (KB)
...
006 (113587393.000.000) 2023-04-05 20:53:20 Image size of job updated: 6286016
	1717  -  MemoryUsage of job (MB)
	1758020  -  ResidentSetSize of job (KB)
...
006 (113587393.000.000) 2023-04-05 21:33:24 Image size of job updated: 6286016
	1734  -  MemoryUsage of job (MB)
	1774900  -  ResidentSetSize of job (KB)
...
006 (113587393.000.000) 2023-04-06 00:03:41 Image size of job updated: 6286016
	1869  -  MemoryUsage of job (MB)
	1913436  -  ResidentSetSize of job (KB)
...
006 (113587393.000.000) 2023-04-06 01:43:52 Image size of job updated: 6286016
	1880  -  MemoryUsage of job (MB)
	1924668  -  ResidentSetSize of job (KB)
...
006 (113587393.000.000) 2023-04-06 06:39:23 Image size of job updated: 6302040
	1880  -  MemoryUsage of job (MB)
	1924668  -  ResidentSetSize of job (KB)
...
006 (113587393.000.000) 2023-04-06 07:04:25 Image size of job updated: 6305604
	1880  -  MemoryUsage of job (MB)
	1924668  -  ResidentSetSize of job (KB)
...
004 (113587393.000.000) 2023-04-06 15:16:59 Job was evicted.
	(0) CPU times
		Usr 4 13:21:48, Sys 0 00:04:46  -  Run Remote Usage
		Usr 0 00:00:00, Sys 0 00:00:00  -  Run Local Usage
	0  -  Run Bytes Sent By Job
	366  -  Run Bytes Received By Job
	Partitionable Resources :    Usage  Request Allocated 
	   Cpus                 :     7.94        1         1 
	   Disk (KB)            :  2824      500000    609620 
	   GPUs                 :                           0 
	   Memory (MB)          :  1880       20000     20096 
...
009 (113587393.000.000) 2023-04-06 16:04:55 Job was aborted.
	removed because <OtherJobRemoveRequirements = DAGManJobId =?= 113587294> fired when job (113587294.0) was removed
...
000 (113604506.000.000) 2023-04-06 16:28:35 Job submitted from host: <10.14.0.160:9618?addrs=10.14.0.160-9618&alias=ldas-pcdev2.ligo.caltech.edu&noUDP&sock=schedd_7450_a8a7>
    DAG Node: 781
...
040 (113604506.000.000) 2023-04-06 17:06:35 Started transferring input files
	Transferring to host: <10.14.4.3:9618?addrs=10.14.4.3-9618&alias=node753.cluster.ldas.cit&noUDP&sock=slot1_12_3120222_6adc_7505>
...
040 (113604506.000.000) 2023-04-06 17:06:35 Finished transferring input files
...
001 (113604506.000.000) 2023-04-06 17:06:36 Job executing on host: <10.14.4.3:9618?addrs=10.14.4.3-9618&alias=node753.cluster.ldas.cit&noUDP&sock=startd_3120184_46d6>
...
006 (113604506.000.000) 2023-04-06 17:06:45 Image size of job updated: 199984
	190  -  MemoryUsage of job (MB)
	194332  -  ResidentSetSize of job (KB)
...
006 (113604506.000.000) 2023-04-06 17:11:46 Image size of job updated: 5358332
	703  -  MemoryUsage of job (MB)
	719112  -  ResidentSetSize of job (KB)
...
006 (113604506.000.000) 2023-04-06 17:16:46 Image size of job updated: 5367168
	703  -  MemoryUsage of job (MB)
	719112  -  ResidentSetSize of job (KB)
...
006 (113604506.000.000) 2023-04-06 17:46:49 Image size of job updated: 5367168
	793  -  MemoryUsage of job (MB)
	811436  -  ResidentSetSize of job (KB)
...
006 (113604506.000.000) 2023-04-06 17:51:49 Image size of job updated: 5367168
	803  -  MemoryUsage of job (MB)
	821384  -  ResidentSetSize of job (KB)
...
006 (113604506.000.000) 2023-04-06 17:56:50 Image size of job updated: 5367168
	822  -  MemoryUsage of job (MB)
	841480  -  ResidentSetSize of job (KB)
...
006 (113604506.000.000) 2023-04-06 18:01:51 Image size of job updated: 5367168
	825  -  MemoryUsage of job (MB)
	844780  -  ResidentSetSize of job (KB)
...
006 (113604506.000.000) 2023-04-06 18:06:51 Image size of job updated: 5367168
	832  -  MemoryUsage of job (MB)
	851112  -  ResidentSetSize of job (KB)
...
006 (113604506.000.000) 2023-04-06 18:11:52 Image size of job updated: 5367168
	834  -  MemoryUsage of job (MB)
	853508  -  ResidentSetSize of job (KB)
...
006 (113604506.000.000) 2023-04-06 18:16:53 Image size of job updated: 5367168
	859  -  MemoryUsage of job (MB)
	879176  -  ResidentSetSize of job (KB)
...
006 (113604506.000.000) 2023-04-06 18:21:53 Image size of job updated: 5367168
	860  -  MemoryUsage of job (MB)
	879936  -  ResidentSetSize of job (KB)
...
006 (113604506.000.000) 2023-04-06 18:26:54 Image size of job updated: 5367168
	881  -  MemoryUsage of job (MB)
	901552  -  ResidentSetSize of job (KB)
...
006 (113604506.000.000) 2023-04-06 18:31:55 Image size of job updated: 5367168
	885  -  MemoryUsage of job (MB)
	905472  -  ResidentSetSize of job (KB)
...
006 (113604506.000.000) 2023-04-06 18:36:55 Image size of job updated: 5367168
	898  -  MemoryUsage of job (MB)
	918908  -  ResidentSetSize of job (KB)
...
006 (113604506.000.000) 2023-04-06 18:46:56 Image size of job updated: 5367168
	899  -  MemoryUsage of job (MB)
	919616  -  ResidentSetSize of job (KB)
...
006 (113604506.000.000) 2023-04-06 18:51:56 Image size of job updated: 5367168
	904  -  MemoryUsage of job (MB)
	924680  -  ResidentSetSize of job (KB)
...
006 (113604506.000.000) 2023-04-06 19:01:57 Image size of job updated: 5367168
	925  -  MemoryUsage of job (MB)
	946216  -  ResidentSetSize of job (KB)
...
006 (113604506.000.000) 2023-04-06 19:06:57 Image size of job updated: 5367168
	925  -  MemoryUsage of job (MB)
	946380  -  ResidentSetSize of job (KB)
...
006 (113604506.000.000) 2023-04-06 19:11:57 Image size of job updated: 5367168
	925  -  MemoryUsage of job (MB)
	946720  -  ResidentSetSize of job (KB)
...
006 (113604506.000.000) 2023-04-06 19:16:58 Image size of job updated: 5367168
	927  -  MemoryUsage of job (MB)
	948664  -  ResidentSetSize of job (KB)
...
006 (113604506.000.000) 2023-04-06 19:21:58 Image size of job updated: 5367168
	930  -  MemoryUsage of job (MB)
	952300  -  ResidentSetSize of job (KB)
...
006 (113604506.000.000) 2023-04-06 19:26:58 Image size of job updated: 5367168
	936  -  MemoryUsage of job (MB)
	958176  -  ResidentSetSize of job (KB)
...
006 (113604506.000.000) 2023-04-06 19:31:59 Image size of job updated: 5367168
	936  -  MemoryUsage of job (MB)
	958420  -  ResidentSetSize of job (KB)
...
006 (113604506.000.000) 2023-04-06 19:37:00 Image size of job updated: 5367168
	945  -  MemoryUsage of job (MB)
	967560  -  ResidentSetSize of job (KB)
...
006 (113604506.000.000) 2023-04-06 19:42:00 Image size of job updated: 5367168
	947  -  MemoryUsage of job (MB)
	968808  -  ResidentSetSize of job (KB)
...
006 (113604506.000.000) 2023-04-06 19:47:01 Image size of job updated: 5367168
	949  -  MemoryUsage of job (MB)
	971424  -  ResidentSetSize of job (KB)
...
006 (113604506.000.000) 2023-04-06 19:52:02 Image size of job updated: 5367168
	959  -  MemoryUsage of job (MB)
	981988  -  ResidentSetSize of job (KB)
...
006 (113604506.000.000) 2023-04-06 19:57:02 Image size of job updated: 5367168
	961  -  MemoryUsage of job (MB)
	983532  -  ResidentSetSize of job (KB)
...
006 (113604506.000.000) 2023-04-06 20:02:03 Image size of job updated: 5367168
	968  -  MemoryUsage of job (MB)
	990984  -  ResidentSetSize of job (KB)
...
006 (113604506.000.000) 2023-04-06 20:07:04 Image size of job updated: 5367168
	973  -  MemoryUsage of job (MB)
	995404  -  ResidentSetSize of job (KB)
...
006 (113604506.000.000) 2023-04-06 20:12:04 Image size of job updated: 5367168
	973  -  MemoryUsage of job (MB)
	996220  -  ResidentSetSize of job (KB)
...
006 (113604506.000.000) 2023-04-06 20:17:05 Image size of job updated: 5367168
	1003  -  MemoryUsage of job (MB)
	1026512  -  ResidentSetSize of job (KB)
...
006 (113604506.000.000) 2023-04-06 20:22:06 Image size of job updated: 5367168
	1007  -  MemoryUsage of job (MB)
	1031112  -  ResidentSetSize of job (KB)
...
006 (113604506.000.000) 2023-04-06 20:27:06 Image size of job updated: 5367168
	1010  -  MemoryUsage of job (MB)
	1033360  -  ResidentSetSize of job (KB)
...
006 (113604506.000.000) 2023-04-06 20:32:06 Image size of job updated: 5367168
	1010  -  MemoryUsage of job (MB)
	1033372  -  ResidentSetSize of job (KB)
...
006 (113604506.000.000) 2023-04-06 20:37:07 Image size of job updated: 5367168
	1010  -  MemoryUsage of job (MB)
	1033392  -  ResidentSetSize of job (KB)
...
006 (113604506.000.000) 2023-04-06 20:42:07 Image size of job updated: 5367168
	1043  -  MemoryUsage of job (MB)
	1067448  -  ResidentSetSize of job (KB)
...
006 (113604506.000.000) 2023-04-06 20:57:09 Image size of job updated: 5367168
	1048  -  MemoryUsage of job (MB)
	1072532  -  ResidentSetSize of job (KB)
...
006 (113604506.000.000) 2023-04-06 21:07:10 Image size of job updated: 5367168
	1051  -  MemoryUsage of job (MB)
	1076124  -  ResidentSetSize of job (KB)
...
006 (113604506.000.000) 2023-04-06 21:17:11 Image size of job updated: 5367168
	1052  -  MemoryUsage of job (MB)
	1076644  -  ResidentSetSize of job (KB)
...
006 (113604506.000.000) 2023-04-06 21:37:13 Image size of job updated: 5367168
	1061  -  MemoryUsage of job (MB)
	1086004  -  ResidentSetSize of job (KB)
...
006 (113604506.000.000) 2023-04-06 21:42:14 Image size of job updated: 5367168
	1062  -  MemoryUsage of job (MB)
	1086732  -  ResidentSetSize of job (KB)
...
006 (113604506.000.000) 2023-04-06 21:47:14 Image size of job updated: 5367168
	1069  -  MemoryUsage of job (MB)
	1093872  -  ResidentSetSize of job (KB)
...
006 (113604506.000.000) 2023-04-06 22:02:15 Image size of job updated: 5367168
	1077  -  MemoryUsage of job (MB)
	1102024  -  ResidentSetSize of job (KB)
...
006 (113604506.000.000) 2023-04-06 22:12:16 Image size of job updated: 5367168
	1080  -  MemoryUsage of job (MB)
	1105472  -  ResidentSetSize of job (KB)
...
006 (113604506.000.000) 2023-04-06 22:22:17 Image size of job updated: 5367168
	1080  -  MemoryUsage of job (MB)
	1105488  -  ResidentSetSize of job (KB)
...
006 (113604506.000.000) 2023-04-06 22:27:18 Image size of job updated: 5367168
	1084  -  MemoryUsage of job (MB)
	1109552  -  ResidentSetSize of job (KB)
...
006 (113604506.000.000) 2023-04-06 22:32:19 Image size of job updated: 5367168
	1084  -  MemoryUsage of job (MB)
	1109696  -  ResidentSetSize of job (KB)
...
006 (113604506.000.000) 2023-04-06 22:42:20 Image size of job updated: 5367168
	1088  -  MemoryUsage of job (MB)
	1113484  -  ResidentSetSize of job (KB)
...
006 (113604506.000.000) 2023-04-06 23:07:23 Image size of job updated: 5367168
	1108  -  MemoryUsage of job (MB)
	1134028  -  ResidentSetSize of job (KB)
...
006 (113604506.000.000) 2023-04-06 23:42:25 Image size of job updated: 5374148
	1124  -  MemoryUsage of job (MB)
	1150328  -  ResidentSetSize of job (KB)
...
006 (113604506.000.000) 2023-04-06 23:52:26 Image size of job updated: 5378148
	1128  -  MemoryUsage of job (MB)
	1154412  -  ResidentSetSize of job (KB)
...
006 (113604506.000.000) 2023-04-07 00:02:27 Image size of job updated: 5378148
	1134  -  MemoryUsage of job (MB)
	1160260  -  ResidentSetSize of job (KB)
...
006 (113604506.000.000) 2023-04-07 00:07:28 Image size of job updated: 5378148
	1147  -  MemoryUsage of job (MB)
	1174412  -  ResidentSetSize of job (KB)
...
006 (113604506.000.000) 2023-04-07 00:12:28 Image size of job updated: 5378148
	1150  -  MemoryUsage of job (MB)
	1176796  -  ResidentSetSize of job (KB)
...
006 (113604506.000.000) 2023-04-07 00:17:29 Image size of job updated: 5378148
	1167  -  MemoryUsage of job (MB)
	1194900  -  ResidentSetSize of job (KB)
...
006 (113604506.000.000) 2023-04-07 00:32:31 Image size of job updated: 5378148
	1170  -  MemoryUsage of job (MB)
	1197848  -  ResidentSetSize of job (KB)
...
006 (113604506.000.000) 2023-04-07 00:37:32 Image size of job updated: 5422100
	1177  -  MemoryUsage of job (MB)
	1204384  -  ResidentSetSize of job (KB)
...
006 (113604506.000.000) 2023-04-07 00:47:33 Image size of job updated: 5422100
	1188  -  MemoryUsage of job (MB)
	1216188  -  ResidentSetSize of job (KB)
...
006 (113604506.000.000) 2023-04-07 00:52:34 Image size of job updated: 5422100
	1192  -  MemoryUsage of job (MB)
	1219728  -  ResidentSetSize of job (KB)
...
006 (113604506.000.000) 2023-04-07 00:57:34 Image size of job updated: 5422100
	1209  -  MemoryUsage of job (MB)
	1237708  -  ResidentSetSize of job (KB)
...
006 (113604506.000.000) 2023-04-07 01:02:34 Image size of job updated: 5422100
	1210  -  MemoryUsage of job (MB)
	1238852  -  ResidentSetSize of job (KB)
...
006 (113604506.000.000) 2023-04-07 01:07:35 Image size of job updated: 5422100
	1211  -  MemoryUsage of job (MB)
	1239944  -  ResidentSetSize of job (KB)
...
006 (113604506.000.000) 2023-04-07 01:17:35 Image size of job updated: 5422100
	1220  -  MemoryUsage of job (MB)
	1248600  -  ResidentSetSize of job (KB)
...
006 (113604506.000.000) 2023-04-07 01:27:37 Image size of job updated: 5422100
	1239  -  MemoryUsage of job (MB)
	1268272  -  ResidentSetSize of job (KB)
...
006 (113604506.000.000) 2023-04-07 01:32:37 Image size of job updated: 5422100
	1240  -  MemoryUsage of job (MB)
	1269524  -  ResidentSetSize of job (KB)
...
006 (113604506.000.000) 2023-04-07 01:42:39 Image size of job updated: 5460544
	1245  -  MemoryUsage of job (MB)
	1274784  -  ResidentSetSize of job (KB)
...
006 (113604506.000.000) 2023-04-07 01:47:39 Image size of job updated: 5460544
	1262  -  MemoryUsage of job (MB)
	1292072  -  ResidentSetSize of job (KB)
...
006 (113604506.000.000) 2023-04-07 01:52:40 Image size of job updated: 5464156
	1265  -  MemoryUsage of job (MB)
	1294756  -  ResidentSetSize of job (KB)
...
006 (113604506.000.000) 2023-04-07 02:02:41 Image size of job updated: 5464156
	1267  -  MemoryUsage of job (MB)
	1297120  -  ResidentSetSize of job (KB)
...
006 (113604506.000.000) 2023-04-07 02:07:42 Image size of job updated: 5464156
	1274  -  MemoryUsage of job (MB)
	1303600  -  ResidentSetSize of job (KB)
...
006 (113604506.000.000) 2023-04-07 02:17:43 Image size of job updated: 5475008
	1277  -  MemoryUsage of job (MB)
	1307000  -  ResidentSetSize of job (KB)
...
006 (113604506.000.000) 2023-04-07 02:32:44 Image size of job updated: 5480016
	1282  -  MemoryUsage of job (MB)
	1311832  -  ResidentSetSize of job (KB)
...
006 (113604506.000.000) 2023-04-07 02:37:44 Image size of job updated: 5480016
	1285  -  MemoryUsage of job (MB)
	1314872  -  ResidentSetSize of job (KB)
...
006 (113604506.000.000) 2023-04-07 02:42:45 Image size of job updated: 5480016
	1302  -  MemoryUsage of job (MB)
	1332420  -  ResidentSetSize of job (KB)
...
006 (113604506.000.000) 2023-04-07 02:47:45 Image size of job updated: 5497420
	1302  -  MemoryUsage of job (MB)
	1332420  -  ResidentSetSize of job (KB)
...
006 (113604506.000.000) 2023-04-07 03:12:48 Image size of job updated: 5526532
	1353  -  MemoryUsage of job (MB)
	1384452  -  ResidentSetSize of job (KB)
...
006 (113604506.000.000) 2023-04-07 03:22:49 Image size of job updated: 5526532
	1354  -  MemoryUsage of job (MB)
	1385732  -  ResidentSetSize of job (KB)
...
006 (113604506.000.000) 2023-04-07 03:27:50 Image size of job updated: 5531780
	1357  -  MemoryUsage of job (MB)
	1388588  -  ResidentSetSize of job (KB)
...
006 (113604506.000.000) 2023-04-07 03:42:52 Image size of job updated: 5533772
	1358  -  MemoryUsage of job (MB)
	1389984  -  ResidentSetSize of job (KB)
...
006 (113604506.000.000) 2023-04-07 03:47:53 Image size of job updated: 5533772
	1359  -  MemoryUsage of job (MB)
	1391012  -  ResidentSetSize of job (KB)
...
006 (113604506.000.000) 2023-04-07 03:57:53 Image size of job updated: 5550384
	1359  -  MemoryUsage of job (MB)
	1391012  -  ResidentSetSize of job (KB)
...
006 (113604506.000.000) 2023-04-07 04:22:55 Image size of job updated: 5555800
	1371  -  MemoryUsage of job (MB)
	1403208  -  ResidentSetSize of job (KB)
...
006 (113604506.000.000) 2023-04-07 04:37:57 Image size of job updated: 5561336
	1376  -  MemoryUsage of job (MB)
	1408884  -  ResidentSetSize of job (KB)
...
006 (113604506.000.000) 2023-04-07 04:47:58 Image size of job updated: 5562424
	1377  -  MemoryUsage of job (MB)
	1409060  -  ResidentSetSize of job (KB)
...
006 (113604506.000.000) 2023-04-07 04:57:59 Image size of job updated: 5562424
	1379  -  MemoryUsage of job (MB)
	1411108  -  ResidentSetSize of job (KB)
...
006 (113604506.000.000) 2023-04-07 05:03:00 Image size of job updated: 5568088
	1381  -  MemoryUsage of job (MB)
	1413964  -  ResidentSetSize of job (KB)
...
006 (113604506.000.000) 2023-04-07 05:13:01 Image size of job updated: 5568088
	1382  -  MemoryUsage of job (MB)
	1414476  -  ResidentSetSize of job (KB)
...
006 (113604506.000.000) 2023-04-07 05:23:02 Image size of job updated: 5570544
	1384  -  MemoryUsage of job (MB)
	1416632  -  ResidentSetSize of job (KB)
...
006 (113604506.000.000) 2023-04-07 05:28:02 Image size of job updated: 5570544
	1384  -  MemoryUsage of job (MB)
	1416756  -  ResidentSetSize of job (KB)
...
006 (113604506.000.000) 2023-04-07 05:38:04 Image size of job updated: 5573296
	1384  -  MemoryUsage of job (MB)
	1416756  -  ResidentSetSize of job (KB)
...
006 (113604506.000.000) 2023-04-07 05:53:05 Image size of job updated: 5690200
	1393  -  MemoryUsage of job (MB)
	1426068  -  ResidentSetSize of job (KB)
...
006 (113604506.000.000) 2023-04-07 06:18:08 Image size of job updated: 5690200
	1412  -  MemoryUsage of job (MB)
	1445260  -  ResidentSetSize of job (KB)
...
006 (113604506.000.000) 2023-04-07 06:33:10 Image size of job updated: 5690200
	1416  -  MemoryUsage of job (MB)
	1449592  -  ResidentSetSize of job (KB)
...
006 (113604506.000.000) 2023-04-07 06:48:11 Image size of job updated: 5690200
	1418  -  MemoryUsage of job (MB)
	1451684  -  ResidentSetSize of job (KB)
...
006 (113604506.000.000) 2023-04-07 06:53:11 Image size of job updated: 5690200
	1420  -  MemoryUsage of job (MB)
	1453732  -  ResidentSetSize of job (KB)
...
006 (113604506.000.000) 2023-04-07 07:18:14 Image size of job updated: 5751680
	1443  -  MemoryUsage of job (MB)
	1476976  -  ResidentSetSize of job (KB)
...
006 (113604506.000.000) 2023-04-07 07:28:15 Image size of job updated: 5751680
	1444  -  MemoryUsage of job (MB)
	1478104  -  ResidentSetSize of job (KB)
...
006 (113604506.000.000) 2023-04-07 07:33:16 Image size of job updated: 5751680
	1448  -  MemoryUsage of job (MB)
	1482636  -  ResidentSetSize of job (KB)
...
006 (113604506.000.000) 2023-04-07 07:48:18 Image size of job updated: 5751680
	1452  -  MemoryUsage of job (MB)
	1486692  -  ResidentSetSize of job (KB)
...
006 (113604506.000.000) 2023-04-07 08:03:19 Image size of job updated: 5751680
	1454  -  MemoryUsage of job (MB)
	1488180  -  ResidentSetSize of job (KB)
...
006 (113604506.000.000) 2023-04-07 08:08:20 Image size of job updated: 5751680
	1456  -  MemoryUsage of job (MB)
	1490228  -  ResidentSetSize of job (KB)
...
006 (113604506.000.000) 2023-04-07 08:18:21 Image size of job updated: 5751680
	1460  -  MemoryUsage of job (MB)
	1494024  -  ResidentSetSize of job (KB)
...
006 (113604506.000.000) 2023-04-07 08:28:22 Image size of job updated: 5751680
	1574  -  MemoryUsage of job (MB)
	1610820  -  ResidentSetSize of job (KB)
...
006 (113604506.000.000) 2023-04-07 10:38:35 Image size of job updated: 5840028
	1574  -  MemoryUsage of job (MB)
	1610820  -  ResidentSetSize of job (KB)
...
006 (113604506.000.000) 2023-04-07 11:03:38 Image size of job updated: 5847296
	1574  -  MemoryUsage of job (MB)
	1610820  -  ResidentSetSize of job (KB)
...
006 (113604506.000.000) 2023-04-07 12:43:47 Image size of job updated: 5847296
	1651  -  MemoryUsage of job (MB)
	1690040  -  ResidentSetSize of job (KB)
...
006 (113604506.000.000) 2023-04-07 13:18:52 Image size of job updated: 5847296
	1657  -  MemoryUsage of job (MB)
	1696052  -  ResidentSetSize of job (KB)
...
004 (113604506.000.000) 2023-04-07 17:28:47 Job was evicted.
	(0) CPU times
		Usr 2 23:51:32, Sys 0 00:06:11  -  Run Remote Usage
		Usr 0 00:00:00, Sys 0 00:00:00  -  Run Local Usage
	0  -  Run Bytes Sent By Job
	366  -  Run Bytes Received By Job
	Partitionable Resources :    Usage  Request Allocated 
	   Cpus                 :     0.99        1         1 
	   Disk (KB)            :  3959      500000    609620 
	   GPUs                 :                           0 
	   Memory (MB)          :  1657       20000     20096 
...
040 (113604506.000.000) 2023-04-07 17:30:44 Started transferring input files
	Transferring to host: <10.14.4.55:9618?addrs=10.14.4.55-9618&alias=node805.cluster.ldas.cit&noUDP&sock=slot1_8_2265327_8d70_2484>
...
040 (113604506.000.000) 2023-04-07 17:30:44 Finished transferring input files
...
001 (113604506.000.000) 2023-04-07 17:30:45 Job executing on host: <10.14.4.55:9618?addrs=10.14.4.55-9618&alias=node805.cluster.ldas.cit&noUDP&sock=startd_2265284_fbf6>
...
006 (113604506.000.000) 2023-04-08 04:27:00 Image size of job updated: 7500000
	1712  -  MemoryUsage of job (MB)
	1752440  -  ResidentSetSize of job (KB)
...
006 (113604506.000.000) 2023-04-08 04:32:01 Image size of job updated: 7500000
	1712  -  MemoryUsage of job (MB)
	1752692  -  ResidentSetSize of job (KB)
...
006 (113604506.000.000) 2023-04-08 04:57:04 Image size of job updated: 7500000
	1731  -  MemoryUsage of job (MB)
	1772420  -  ResidentSetSize of job (KB)
...
006 (113604506.000.000) 2023-04-08 05:07:05 Image size of job updated: 7500000
	1913  -  MemoryUsage of job (MB)
	1958468  -  ResidentSetSize of job (KB)
...
006 (113604506.000.000) 2023-04-08 16:28:14 Image size of job updated: 7500000
	1923  -  MemoryUsage of job (MB)
	1968724  -  ResidentSetSize of job (KB)
...
006 (113604506.000.000) 2023-04-08 17:58:24 Image size of job updated: 7500000
	2097  -  MemoryUsage of job (MB)
	2146700  -  ResidentSetSize of job (KB)
...
004 (113604506.000.000) 2023-04-08 18:29:55 Job was evicted.
	(0) CPU times
		Usr 4 01:54:49, Sys 0 00:08:16  -  Run Remote Usage
		Usr 0 00:00:00, Sys 0 00:00:00  -  Run Local Usage
	0  -  Run Bytes Sent By Job
	366  -  Run Bytes Received By Job
	Partitionable Resources :    Usage  Request Allocated 
	   Cpus                 :     1.00        1         1 
	   Disk (KB)            :  3426      500000    624256 
	   GPUs                 :                           0 
	   Memory (MB)          :  2097       20000     20096 
...
040 (113604506.000.000) 2023-04-08 18:31:44 Started transferring input files
	Transferring to host: <10.14.10.101:9618?addrs=10.14.10.101-9618&alias=node2351.cluster.ldas.cit&noUDP&sock=slot1_15_4094864_e06d_6888>
...
040 (113604506.000.000) 2023-04-08 18:31:44 Finished transferring input files
...
001 (113604506.000.000) 2023-04-08 18:31:45 Job executing on host: <10.14.10.101:9618?addrs=10.14.10.101-9618&alias=node2351.cluster.ldas.cit&noUDP&sock=startd_4094820_8186>
...
004 (113604506.000.000) 2023-04-09 20:59:49 Job was evicted.
	(0) CPU times
		Usr 5 15:20:19, Sys 0 00:04:12  -  Run Remote Usage
		Usr 0 00:00:00, Sys 0 00:00:00  -  Run Local Usage
	0  -  Run Bytes Sent By Job
	366  -  Run Bytes Received By Job
	Partitionable Resources :    Usage  Request Allocated 
	   Cpus                 :     5.94        1         1 
	   Disk (KB)            :  3239      500000    624248 
	   GPUs                 :                           0 
	   Memory (MB)          :  2198       20000     20096 
...
040 (113604506.000.000) 2023-04-09 21:03:02 Started transferring input files
	Transferring to host: <10.14.10.121:9618?addrs=10.14.10.121-9618&alias=node2371.cluster.ldas.cit&noUDP&sock=slot1_9_696772_a827_42702>
...
040 (113604506.000.000) 2023-04-09 21:03:02 Finished transferring input files
...
001 (113604506.000.000) 2023-04-09 21:03:03 Job executing on host: <10.14.10.121:9618?addrs=10.14.10.121-9618&alias=node2371.cluster.ldas.cit&noUDP&sock=startd_4129_baa2>
...
004 (113604506.000.000) 2023-04-10 23:46:21 Job was evicted.
	(0) CPU times
		Usr 5 08:53:35, Sys 0 00:04:36  -  Run Remote Usage
		Usr 0 00:00:00, Sys 0 00:00:00  -  Run Local Usage
	0  -  Run Bytes Sent By Job
	366  -  Run Bytes Received By Job
	Partitionable Resources :    Usage  Request Allocated 
	   Cpus                 :     2.98        1         1 
	   Disk (KB)            :  2914      500000    624256 
	   GPUs                 :                           0 
	   Memory (MB)          :  2198       20000     20096 
...
040 (113604506.000.000) 2023-04-11 00:10:53 Started transferring input files
	Transferring to host: <10.14.4.58:9618?addrs=10.14.4.58-9618&alias=node808.cluster.ldas.cit&noUDP&sock=slot1_4_2236731_1565_4652>
...
040 (113604506.000.000) 2023-04-11 00:10:53 Finished transferring input files
...
001 (113604506.000.000) 2023-04-11 00:10:54 Job executing on host: <10.14.4.58:9618?addrs=10.14.4.58-9618&alias=node808.cluster.ldas.cit&noUDP&sock=startd_2236659_9d7b>
...
006 (113604506.000.000) 2023-04-11 17:57:53 Image size of job updated: 7500000
	2206  -  MemoryUsage of job (MB)
	2258052  -  ResidentSetSize of job (KB)
...
004 (113604506.000.000) 2023-04-12 00:12:19 Job was evicted.
	(0) CPU times
		Usr 5 20:04:27, Sys 0 00:06:47  -  Run Remote Usage
		Usr 0 00:00:00, Sys 0 00:00:00  -  Run Local Usage
	0  -  Run Bytes Sent By Job
	366  -  Run Bytes Received By Job
	Partitionable Resources :    Usage  Request Allocated 
	   Cpus                 :     6.96        1         1 
	   Disk (KB)            :  2876      500000    624256 
	   GPUs                 :                           0 
	   Memory (MB)          :  2206       20000     20096 
...
040 (113604506.000.000) 2023-04-12 00:17:31 Started transferring input files
	Transferring to host: <10.14.4.79:9618?addrs=10.14.4.79-9618&alias=node829.cluster.ldas.cit&noUDP&sock=slot1_11_2254102_8647_4449>
...
040 (113604506.000.000) 2023-04-12 00:17:31 Finished transferring input files
...
001 (113604506.000.000) 2023-04-12 00:17:32 Job executing on host: <10.14.4.79:9618?addrs=10.14.4.79-9618&alias=node829.cluster.ldas.cit&noUDP&sock=startd_2254057_3230>
...
004 (113604506.000.000) 2023-04-13 00:24:30 Job was evicted.
	(0) CPU times
		Usr 5 00:27:03, Sys 0 00:08:38  -  Run Remote Usage
		Usr 0 00:00:00, Sys 0 00:00:00  -  Run Local Usage
	0  -  Run Bytes Sent By Job
	366  -  Run Bytes Received By Job
	Partitionable Resources :    Usage  Request Allocated 
	   Cpus                 :     1.00        1         1 
	   Disk (KB)            :  2846      500000    624256 
	   GPUs                 :                           0 
	   Memory (MB)          :  2442       20000     20096 
...
040 (113604506.000.000) 2023-04-13 00:25:44 Started transferring input files
	Transferring to host: <10.14.10.60:9618?addrs=10.14.10.60-9618&alias=node2310.cluster.ldas.cit&noUDP&sock=slot1_13_3922126_543d_13710>
...
040 (113604506.000.000) 2023-04-13 00:25:44 Finished transferring input files
...
001 (113604506.000.000) 2023-04-13 00:25:45 Job executing on host: <10.14.10.60:9618?addrs=10.14.10.60-9618&alias=node2310.cluster.ldas.cit&noUDP&sock=startd_3922085_a9d7>
...
004 (113604506.000.000) 2023-04-14 00:30:26 Job was evicted.
	(0) CPU times
		Usr 5 00:57:26, Sys 0 00:04:58  -  Run Remote Usage
		Usr 0 00:00:00, Sys 0 00:00:00  -  Run Local Usage
	0  -  Run Bytes Sent By Job
	366  -  Run Bytes Received By Job
	Partitionable Resources :    Usage  Request Allocated 
	   Cpus                 :     7.91        1         1 
	   Disk (KB)            :  2876      500000    624256 
	   GPUs                 :                           0 
	   Memory (MB)          :  2442       20000     20096 
...
040 (113604506.000.000) 2023-04-14 01:03:08 Started transferring input files
	Transferring to host: <10.14.4.40:9618?addrs=10.14.4.40-9618&alias=node790.cluster.ldas.cit&noUDP&sock=slot1_14_4000466_f22f_31126>
...
040 (113604506.000.000) 2023-04-14 01:03:08 Finished transferring input files
...
001 (113604506.000.000) 2023-04-14 01:03:09 Job executing on host: <10.14.4.40:9618?addrs=10.14.4.40-9618&alias=node790.cluster.ldas.cit&noUDP&sock=startd_261434_8ead>
...
004 (113604506.000.000) 2023-04-15 01:46:36 Job was evicted.
	(0) CPU times
		Usr 2 23:56:06, Sys 0 00:04:25  -  Run Remote Usage
		Usr 0 00:00:00, Sys 0 00:00:00  -  Run Local Usage
	0  -  Run Bytes Sent By Job
	366  -  Run Bytes Received By Job
	Partitionable Resources :    Usage  Request Allocated 
	   Cpus                 :     5.69        1         1 
	   Disk (KB)            :  2775      500000    621330 
	   GPUs                 :                           0 
	   Memory (MB)          :  2442       20000     20096 
...
040 (113604506.000.000) 2023-04-15 01:47:34 Started transferring input files
	Transferring to host: <10.14.10.119:9618?addrs=10.14.10.119-9618&alias=node2369.cluster.ldas.cit&noUDP&sock=slot1_10_2451988_1cf6_14668>
...
040 (113604506.000.000) 2023-04-15 01:47:34 Finished transferring input files
...
001 (113604506.000.000) 2023-04-15 01:47:35 Job executing on host: <10.14.10.119:9618?addrs=10.14.10.119-9618&alias=node2369.cluster.ldas.cit&noUDP&sock=startd_2451945_e789>
...
004 (113604506.000.000) 2023-04-16 02:06:26 Job was evicted.
	(0) CPU times
		Usr 6 08:19:04, Sys 0 00:02:54  -  Run Remote Usage
		Usr 0 00:00:00, Sys 0 00:00:00  -  Run Local Usage
	0  -  Run Bytes Sent By Job
	366  -  Run Bytes Received By Job
	Partitionable Resources :    Usage  Request Allocated 
	   Cpus                 :     7.91        1         1 
	   Disk (KB)            :  2918      500000    624256 
	   GPUs                 :                           0 
	   Memory (MB)          :  2442       20000     20096 
...
040 (113604506.000.000) 2023-04-16 02:09:19 Started transferring input files
	Transferring to host: <10.14.10.29:9618?addrs=10.14.10.29-9618&alias=node2279.cluster.ldas.cit&noUDP&sock=slot1_9_2174187_2d76_16712>
...
040 (113604506.000.000) 2023-04-16 02:09:19 Finished transferring input files
...
001 (113604506.000.000) 2023-04-16 02:09:20 Job executing on host: <10.14.10.29:9618?addrs=10.14.10.29-9618&alias=node2279.cluster.ldas.cit&noUDP&sock=startd_2174146_e592>
...
006 (113604506.000.000) 2023-04-17 00:06:45 Image size of job updated: 7500000
	2524  -  MemoryUsage of job (MB)
	2584464  -  ResidentSetSize of job (KB)
...
004 (113604506.000.000) 2023-04-17 02:11:04 Job was evicted.
	(0) CPU times
		Usr 6 02:54:06, Sys 0 00:07:48  -  Run Remote Usage
		Usr 0 00:00:00, Sys 0 00:00:00  -  Run Local Usage
	0  -  Run Bytes Sent By Job
	366  -  Run Bytes Received By Job
	Partitionable Resources :    Usage  Request Allocated 
	   Cpus                 :     0.99        1         1 
	   Disk (KB)            :  2878      500000    624256 
	   GPUs                 :                           0 
	   Memory (MB)          :  2524       20000     20096 
...
040 (113604506.000.000) 2023-04-17 02:49:14 Started transferring input files
	Transferring to host: <10.14.10.77:9618?addrs=10.14.10.77-9618&alias=node2327.cluster.ldas.cit&noUDP&sock=slot1_8_3852361_9348_20762>
...
040 (113604506.000.000) 2023-04-17 02:49:14 Finished transferring input files
...
001 (113604506.000.000) 2023-04-17 02:49:15 Job executing on host: <10.14.10.77:9618?addrs=10.14.10.77-9618&alias=node2327.cluster.ldas.cit&noUDP&sock=startd_3852319_fd86>
...
004 (113604506.000.000) 2023-04-18 03:40:22 Job was evicted.
	(0) CPU times
		Usr 6 08:17:52, Sys 0 00:02:46  -  Run Remote Usage
		Usr 0 00:00:00, Sys 0 00:00:00  -  Run Local Usage
	0  -  Run Bytes Sent By Job
	366  -  Run Bytes Received By Job
	Partitionable Resources :    Usage  Request Allocated 
	   Cpus                 :     0.99        1         1 
	   Disk (KB)            :  2869      500000    624256 
	   GPUs                 :                           0 
	   Memory (MB)          :  2686       20000     20096 
...
040 (113604506.000.000) 2023-04-18 03:43:18 Started transferring input files
	Transferring to host: <10.14.10.90:9618?addrs=10.14.10.90-9618&alias=node2340.cluster.ldas.cit&noUDP&sock=slot1_3_3440478_bdbb_22053>
...
040 (113604506.000.000) 2023-04-18 03:43:18 Finished transferring input files
...
001 (113604506.000.000) 2023-04-18 03:43:19 Job executing on host: <10.14.10.90:9618?addrs=10.14.10.90-9618&alias=node2340.cluster.ldas.cit&noUDP&sock=startd_3440437_327b>
...
004 (113604506.000.000) 2023-04-18 09:20:09 Job was evicted.
	(0) CPU times
		Usr 1 12:00:47, Sys 0 00:01:02  -  Run Remote Usage
		Usr 0 00:00:00, Sys 0 00:00:00  -  Run Local Usage
	0  -  Run Bytes Sent By Job
	366  -  Run Bytes Received By Job
	Partitionable Resources :    Usage  Request Allocated 
	   Cpus                 :     7.96        1         1 
	   Disk (KB)            :  2742      500000    624256 
	   GPUs                 :                           0 
	   Memory (MB)          :  2686       20000     20096 
...
040 (113604506.000.000) 2023-04-18 09:59:33 Started transferring input files
	Transferring to host: <10.14.10.32:9618?addrs=10.14.10.32-9618&alias=node2282.cluster.ldas.cit&noUDP&sock=slot1_7_3092469_eb13_65>
...
040 (113604506.000.000) 2023-04-18 09:59:33 Finished transferring input files
...
001 (113604506.000.000) 2023-04-18 09:59:34 Job executing on host: <10.14.10.32:9618?addrs=10.14.10.32-9618&alias=node2282.cluster.ldas.cit&noUDP&sock=startd_3564138_cb50>
...
004 (113604506.000.000) 2023-04-19 10:12:32 Job was evicted.
	(0) CPU times
		Usr 6 10:10:55, Sys 0 00:04:19  -  Run Remote Usage
		Usr 0 00:00:00, Sys 0 00:00:00  -  Run Local Usage
	0  -  Run Bytes Sent By Job
	366  -  Run Bytes Received By Job
	Partitionable Resources :    Usage  Request Allocated 
	   Cpus                 :     0.99        1         1 
	   Disk (KB)            :  2863      500000    624256 
	   GPUs                 :                           0 
	   Memory (MB)          :  2686       20000     20096 
...
040 (113604506.000.000) 2023-04-19 10:14:06 Started transferring input files
	Transferring to host: <10.14.10.84:9618?addrs=10.14.10.84-9618&alias=node2334.cluster.ldas.cit&noUDP&sock=slot1_16_151193_e55d_802>
...
040 (113604506.000.000) 2023-04-19 10:14:06 Finished transferring input files
...
001 (113604506.000.000) 2023-04-19 10:14:07 Job executing on host: <10.14.10.84:9618?addrs=10.14.10.84-9618&alias=node2334.cluster.ldas.cit&noUDP&sock=startd_2675879_009d>
...
004 (113604506.000.000) 2023-04-20 10:32:08 Job was evicted.
	(0) CPU times
		Usr 5 21:06:50, Sys 0 00:03:50  -  Run Remote Usage
		Usr 0 00:00:00, Sys 0 00:00:00  -  Run Local Usage
	0  -  Run Bytes Sent By Job
	366  -  Run Bytes Received By Job
	Partitionable Resources :    Usage  Request Allocated 
	   Cpus                 :     6.94        1         1 
	   Disk (KB)            :  2809      500000    624256 
	   GPUs                 :                           0 
	   Memory (MB)          :  2686       20000     20096 
...
040 (113604506.000.000) 2023-04-20 10:41:10 Started transferring input files
	Transferring to host: <10.14.4.55:9618?addrs=10.14.4.55-9618&alias=node805.cluster.ldas.cit&noUDP&sock=slot1_4_290401_867a_441>
...
040 (113604506.000.000) 2023-04-20 10:41:10 Finished transferring input files
...
001 (113604506.000.000) 2023-04-20 10:41:11 Job executing on host: <10.14.4.55:9618?addrs=10.14.4.55-9618&alias=node805.cluster.ldas.cit&noUDP&sock=startd_2265284_fbf6>
...
004 (113604506.000.000) 2023-04-21 10:42:46 Job was evicted.
	(0) CPU times
		Usr 5 22:28:09, Sys 0 00:08:41  -  Run Remote Usage
		Usr 0 00:00:00, Sys 0 00:00:00  -  Run Local Usage
	0  -  Run Bytes Sent By Job
	366  -  Run Bytes Received By Job
	Partitionable Resources :    Usage  Request Allocated 
	   Cpus                 :     7.28        1         1 
	   Disk (KB)            :  2790      500000    624256 
	   GPUs                 :                           0 
	   Memory (MB)          :  2686       20000     20096 
...
040 (113604506.000.000) 2023-04-21 10:47:12 Started transferring input files
	Transferring to host: <10.14.10.129:9618?addrs=10.14.10.129-9618&alias=node2379.cluster.ldas.cit&noUDP&sock=slot1_25_2905320_8479_1793>
...
040 (113604506.000.000) 2023-04-21 10:47:12 Finished transferring input files
...
001 (113604506.000.000) 2023-04-21 10:47:13 Job executing on host: <10.14.10.129:9618?addrs=10.14.10.129-9618&alias=node2379.cluster.ldas.cit&noUDP&sock=startd_84106_4c80>
...
