14:25 bilby INFO    : Waveform generator initiated with
  frequency_domain_source_model: bilby.gw.source.lal_binary_black_hole
  time_domain_source_model: None
  parameter_conversion: bilby.gw.conversion.convert_to_lal_binary_black_hole_parameters
14:25 bilby INFO    : Injected signal in H1:
14:25 bilby INFO    :   optimal SNR = 10.33
14:25 bilby INFO    :   matched filter SNR = 9.63+0.93j
14:25 bilby INFO    :   mass_1 = 102.42822187815075
14:25 bilby INFO    :   mass_2 = 101.5798656733847
14:25 bilby INFO    :   a_1 = 0.2133019797906366
14:25 bilby INFO    :   a_2 = 0.12054266264857984
14:25 bilby INFO    :   tilt_1 = 0.5839716064382005
14:25 bilby INFO    :   tilt_2 = 3.0491226138307574
14:25 bilby INFO    :   phi_12 = 4.011084403067092
14:25 bilby INFO    :   phi_jl = 6.174636149445547
14:25 bilby INFO    :   luminosity_distance = 3496.9354408523
14:25 bilby INFO    :   theta_jn = 0.6775314649103655
14:25 bilby INFO    :   psi = 2.0621071303
14:25 bilby INFO    :   phase = 1.4228695921
14:25 bilby INFO    :   geocent_time = 1126259642.413
14:25 bilby INFO    :   ra = 3.8764521439
14:25 bilby INFO    :   dec = 2.0513794625
14:25 bilby INFO    : Injected signal in L1:
14:25 bilby INFO    :   optimal SNR = 12.22
14:25 bilby INFO    :   matched filter SNR = 12.86-0.16j
14:25 bilby INFO    :   mass_1 = 102.42822187815075
14:25 bilby INFO    :   mass_2 = 101.5798656733847
14:25 bilby INFO    :   a_1 = 0.2133019797906366
14:25 bilby INFO    :   a_2 = 0.12054266264857984
14:25 bilby INFO    :   tilt_1 = 0.5839716064382005
14:25 bilby INFO    :   tilt_2 = 3.0491226138307574
14:25 bilby INFO    :   phi_12 = 4.011084403067092
14:25 bilby INFO    :   phi_jl = 6.174636149445547
14:25 bilby INFO    :   luminosity_distance = 3496.9354408523
14:25 bilby INFO    :   theta_jn = 0.6775314649103655
14:25 bilby INFO    :   psi = 2.0621071303
14:25 bilby INFO    :   phase = 1.4228695921
14:25 bilby INFO    :   geocent_time = 1126259642.413
14:25 bilby INFO    :   ra = 3.8764521439
14:25 bilby INFO    :   dec = 2.0513794625
14:25 bilby INFO    : Injected signal in V1:
14:25 bilby INFO    :   optimal SNR = 2.96
14:25 bilby INFO    :   matched filter SNR = 3.87+0.58j
14:25 bilby INFO    :   mass_1 = 102.42822187815075
14:25 bilby INFO    :   mass_2 = 101.5798656733847
14:25 bilby INFO    :   a_1 = 0.2133019797906366
14:25 bilby INFO    :   a_2 = 0.12054266264857984
14:25 bilby INFO    :   tilt_1 = 0.5839716064382005
14:25 bilby INFO    :   tilt_2 = 3.0491226138307574
14:25 bilby INFO    :   phi_12 = 4.011084403067092
14:25 bilby INFO    :   phi_jl = 6.174636149445547
14:25 bilby INFO    :   luminosity_distance = 3496.9354408523
14:25 bilby INFO    :   theta_jn = 0.6775314649103655
14:25 bilby INFO    :   psi = 2.0621071303
14:25 bilby INFO    :   phase = 1.4228695921
14:25 bilby INFO    :   geocent_time = 1126259642.413
14:25 bilby INFO    :   ra = 3.8764521439
14:25 bilby INFO    :   dec = 2.0513794625
14:25 bilby INFO    : Running for label 'job_00250_fixedExtrinsic', output will be saved to '/home/simona.miller/comp-spin-mock-injections/Data/IndividualInferenceOutput/new_bilby/population3_lowSpinAligned_highmass'
14:25 bilby INFO    : Using lal version 7.3.0
14:25 bilby INFO    : Using lal git version Branch: None;Tag: lalsuite-v7.13;Id: ec1fcb1d2d1dab69321fdb8f0afef1f867b11e06;;Builder: Unknown User <>;Repository status: UNCLEAN: Modified working tree
14:25 bilby INFO    : Using lalsimulation version 5.0.0
14:25 bilby INFO    : Using lalsimulation git version Branch: None;Tag: lalsuite-v7.13;Id: ec1fcb1d2d1dab69321fdb8f0afef1f867b11e06;;Builder: Unknown User <>;Repository status: UNCLEAN: Modified working tree
14:25 bilby INFO    : Analysis priors:
14:25 bilby INFO    : chirp_mass=bilby.gw.prior.UniformInComponentsChirpMass(minimum=2, maximum=200, name='chirp_mass', latex_label='$\\mathcal{M}$', unit=None, boundary=None)
14:25 bilby INFO    : mass_ratio=bilby.gw.prior.UniformInComponentsMassRatio(minimum=0.05, maximum=1, name='mass_ratio', latex_label='$q$', unit=None, boundary=None, equal_mass=False)
14:25 bilby INFO    : a_1=Uniform(minimum=0, maximum=0.99, name='a_1', latex_label='$a_1$', unit=None, boundary=None)
14:25 bilby INFO    : a_2=Uniform(minimum=0, maximum=0.99, name='a_2', latex_label='$a_2$', unit=None, boundary=None)
14:25 bilby INFO    : tilt_1=Sine(minimum=0, maximum=3.141592653589793, name='tilt_1', latex_label='$\\theta_1$', unit=None, boundary=None)
14:25 bilby INFO    : tilt_2=Sine(minimum=0, maximum=3.141592653589793, name='tilt_2', latex_label='$\\theta_2$', unit=None, boundary=None)
14:25 bilby INFO    : phi_12=Uniform(minimum=0, maximum=6.283185307179586, name='phi_12', latex_label='$\\Delta\\phi$', unit=None, boundary='periodic')
14:25 bilby INFO    : phi_jl=Uniform(minimum=0, maximum=6.283185307179586, name='phi_jl', latex_label='$\\phi_{JL}$', unit=None, boundary='periodic')
14:25 bilby INFO    : mass_1=Constraint(minimum=92.42822187815075, maximum=112.42822187815075, name='mass_1', latex_label='$m_1$', unit=None)
14:25 bilby INFO    : mass_2=Constraint(minimum=91.5798656733847, maximum=111.5798656733847, name='mass_2', latex_label='$m_2$', unit=None)
14:25 bilby INFO    : ra=3.8764521439
14:25 bilby INFO    : dec=2.0513794625
14:25 bilby INFO    : geocent_time=1126259642.413
14:25 bilby INFO    : phase=1.4228695921
14:25 bilby INFO    : psi=2.0621071303
14:25 bilby INFO    : luminosity_distance=3496.9354408523
14:25 bilby INFO    : theta_jn=0.6775314649103655
14:25 bilby INFO    : Analysis likelihood class: <class 'bilby.gw.likelihood.base.GravitationalWaveTransient'>
14:25 bilby INFO    : Analysis likelihood noise evidence: -24150.20769796209
14:25 bilby INFO    : Single likelihood evaluation took 1.208e-01 s
14:25 bilby INFO    : Using sampler Dynesty with kwargs {'nlive': 2000, 'bound': 'live', 'sample': 'act-walk', 'periodic': None, 'reflective': None, 'update_interval': 600, 'first_update': None, 'npdim': None, 'rstate': None, 'queue_size': 8, 'pool': None, 'use_pool': None, 'live_points': None, 'logl_args': None, 'logl_kwargs': None, 'ptform_args': None, 'ptform_kwargs': None, 'gradient': None, 'grad_args': None, 'grad_kwargs': None, 'compute_jac': False, 'enlarge': None, 'bootstrap': None, 'walks': 100, 'facc': 0.2, 'slices': None, 'fmove': 0.9, 'max_move': 100, 'update_func': None, 'ncdim': None, 'blob': False, 'save_history': False, 'history_filename': None, 'maxiter': None, 'maxcall': None, 'dlogz': 0.1, 'logl_max': inf, 'n_effective': None, 'add_live': True, 'print_progress': True, 'print_func': <bound method Dynesty._print_func of <bilby.core.sampler.dynesty.Dynesty object at 0x14852ea17970>>, 'save_bounds': False, 'checkpoint_file': None, 'checkpoint_every': 60, 'resume': False}
14:25 bilby INFO    : Checkpoint every check_point_delta_t = 600s
14:25 bilby INFO    : Using dynesty version 2.1.0
14:25 bilby INFO    : Using the bilby-implemented rwalk sampling tracking the autocorrelation function and thinning by 5 with maximum length 25000
14:25 bilby INFO    : Setting up multiproccesing pool with 8 processes
14:25 bilby INFO    : Resume file /home/simona.miller/comp-spin-mock-injections/Data/IndividualInferenceOutput/new_bilby/population3_lowSpinAligned_highmass/job_00250_fixedExtrinsic_resume.pickle does not exist.
14:25 bilby INFO    : Generating initial points from the prior
14:46 bilby INFO    : Written checkpoint file /home/simona.miller/comp-spin-mock-injections/Data/IndividualInferenceOutput/new_bilby/population3_lowSpinAligned_highmass/job_00250_fixedExtrinsic_resume.pickle
14:56 bilby INFO    : Written checkpoint file /home/simona.miller/comp-spin-mock-injections/Data/IndividualInferenceOutput/new_bilby/population3_lowSpinAligned_highmass/job_00250_fixedExtrinsic_resume.pickle
15:07 bilby INFO    : Written checkpoint file /home/simona.miller/comp-spin-mock-injections/Data/IndividualInferenceOutput/new_bilby/population3_lowSpinAligned_highmass/job_00250_fixedExtrinsic_resume.pickle
15:18 bilby INFO    : Written checkpoint file /home/simona.miller/comp-spin-mock-injections/Data/IndividualInferenceOutput/new_bilby/population3_lowSpinAligned_highmass/job_00250_fixedExtrinsic_resume.pickle
15:29 bilby INFO    : Written checkpoint file /home/simona.miller/comp-spin-mock-injections/Data/IndividualInferenceOutput/new_bilby/population3_lowSpinAligned_highmass/job_00250_fixedExtrinsic_resume.pickle
15:40 bilby INFO    : Written checkpoint file /home/simona.miller/comp-spin-mock-injections/Data/IndividualInferenceOutput/new_bilby/population3_lowSpinAligned_highmass/job_00250_fixedExtrinsic_resume.pickle
15:51 bilby INFO    : Written checkpoint file /home/simona.miller/comp-spin-mock-injections/Data/IndividualInferenceOutput/new_bilby/population3_lowSpinAligned_highmass/job_00250_fixedExtrinsic_resume.pickle
16:02 bilby INFO    : Written checkpoint file /home/simona.miller/comp-spin-mock-injections/Data/IndividualInferenceOutput/new_bilby/population3_lowSpinAligned_highmass/job_00250_fixedExtrinsic_resume.pickle
16:12 bilby INFO    : Written checkpoint file /home/simona.miller/comp-spin-mock-injections/Data/IndividualInferenceOutput/new_bilby/population3_lowSpinAligned_highmass/job_00250_fixedExtrinsic_resume.pickle
16:24 bilby INFO    : Written checkpoint file /home/simona.miller/comp-spin-mock-injections/Data/IndividualInferenceOutput/new_bilby/population3_lowSpinAligned_highmass/job_00250_fixedExtrinsic_resume.pickle
16:35 bilby INFO    : Written checkpoint file /home/simona.miller/comp-spin-mock-injections/Data/IndividualInferenceOutput/new_bilby/population3_lowSpinAligned_highmass/job_00250_fixedExtrinsic_resume.pickle
16:47 bilby INFO    : Written checkpoint file /home/simona.miller/comp-spin-mock-injections/Data/IndividualInferenceOutput/new_bilby/population3_lowSpinAligned_highmass/job_00250_fixedExtrinsic_resume.pickle
16:59 bilby INFO    : Written checkpoint file /home/simona.miller/comp-spin-mock-injections/Data/IndividualInferenceOutput/new_bilby/population3_lowSpinAligned_highmass/job_00250_fixedExtrinsic_resume.pickle
17:12 bilby INFO    : Written checkpoint file /home/simona.miller/comp-spin-mock-injections/Data/IndividualInferenceOutput/new_bilby/population3_lowSpinAligned_highmass/job_00250_fixedExtrinsic_resume.pickle
17:24 bilby INFO    : Written checkpoint file /home/simona.miller/comp-spin-mock-injections/Data/IndividualInferenceOutput/new_bilby/population3_lowSpinAligned_highmass/job_00250_fixedExtrinsic_resume.pickle
17:36 bilby INFO    : Written checkpoint file /home/simona.miller/comp-spin-mock-injections/Data/IndividualInferenceOutput/new_bilby/population3_lowSpinAligned_highmass/job_00250_fixedExtrinsic_resume.pickle
17:47 bilby INFO    : Written checkpoint file /home/simona.miller/comp-spin-mock-injections/Data/IndividualInferenceOutput/new_bilby/population3_lowSpinAligned_highmass/job_00250_fixedExtrinsic_resume.pickle
17:58 bilby INFO    : Written checkpoint file /home/simona.miller/comp-spin-mock-injections/Data/IndividualInferenceOutput/new_bilby/population3_lowSpinAligned_highmass/job_00250_fixedExtrinsic_resume.pickle
18:08 bilby INFO    : Written checkpoint file /home/simona.miller/comp-spin-mock-injections/Data/IndividualInferenceOutput/new_bilby/population3_lowSpinAligned_highmass/job_00250_fixedExtrinsic_resume.pickle
18:20 bilby INFO    : Written checkpoint file /home/simona.miller/comp-spin-mock-injections/Data/IndividualInferenceOutput/new_bilby/population3_lowSpinAligned_highmass/job_00250_fixedExtrinsic_resume.pickle
18:35 bilby INFO    : Written checkpoint file /home/simona.miller/comp-spin-mock-injections/Data/IndividualInferenceOutput/new_bilby/population3_lowSpinAligned_highmass/job_00250_fixedExtrinsic_resume.pickle
18:49 bilby INFO    : Written checkpoint file /home/simona.miller/comp-spin-mock-injections/Data/IndividualInferenceOutput/new_bilby/population3_lowSpinAligned_highmass/job_00250_fixedExtrinsic_resume.pickle
19:01 bilby INFO    : Written checkpoint file /home/simona.miller/comp-spin-mock-injections/Data/IndividualInferenceOutput/new_bilby/population3_lowSpinAligned_highmass/job_00250_fixedExtrinsic_resume.pickle
19:17 bilby INFO    : Written checkpoint file /home/simona.miller/comp-spin-mock-injections/Data/IndividualInferenceOutput/new_bilby/population3_lowSpinAligned_highmass/job_00250_fixedExtrinsic_resume.pickle
19:30 bilby INFO    : Written checkpoint file /home/simona.miller/comp-spin-mock-injections/Data/IndividualInferenceOutput/new_bilby/population3_lowSpinAligned_highmass/job_00250_fixedExtrinsic_resume.pickle
19:42 bilby INFO    : Written checkpoint file /home/simona.miller/comp-spin-mock-injections/Data/IndividualInferenceOutput/new_bilby/population3_lowSpinAligned_highmass/job_00250_fixedExtrinsic_resume.pickle
19:55 bilby INFO    : Written checkpoint file /home/simona.miller/comp-spin-mock-injections/Data/IndividualInferenceOutput/new_bilby/population3_lowSpinAligned_highmass/job_00250_fixedExtrinsic_resume.pickle
20:06 bilby INFO    : Written checkpoint file /home/simona.miller/comp-spin-mock-injections/Data/IndividualInferenceOutput/new_bilby/population3_lowSpinAligned_highmass/job_00250_fixedExtrinsic_resume.pickle
20:18 bilby INFO    : Written checkpoint file /home/simona.miller/comp-spin-mock-injections/Data/IndividualInferenceOutput/new_bilby/population3_lowSpinAligned_highmass/job_00250_fixedExtrinsic_resume.pickle
20:31 bilby INFO    : Written checkpoint file /home/simona.miller/comp-spin-mock-injections/Data/IndividualInferenceOutput/new_bilby/population3_lowSpinAligned_highmass/job_00250_fixedExtrinsic_resume.pickle
20:47 bilby INFO    : Written checkpoint file /home/simona.miller/comp-spin-mock-injections/Data/IndividualInferenceOutput/new_bilby/population3_lowSpinAligned_highmass/job_00250_fixedExtrinsic_resume.pickle
21:01 bilby INFO    : Written checkpoint file /home/simona.miller/comp-spin-mock-injections/Data/IndividualInferenceOutput/new_bilby/population3_lowSpinAligned_highmass/job_00250_fixedExtrinsic_resume.pickle
21:20 bilby INFO    : Written checkpoint file /home/simona.miller/comp-spin-mock-injections/Data/IndividualInferenceOutput/new_bilby/population3_lowSpinAligned_highmass/job_00250_fixedExtrinsic_resume.pickle
21:31 bilby INFO    : Written checkpoint file /home/simona.miller/comp-spin-mock-injections/Data/IndividualInferenceOutput/new_bilby/population3_lowSpinAligned_highmass/job_00250_fixedExtrinsic_resume.pickle
21:42 bilby INFO    : Written checkpoint file /home/simona.miller/comp-spin-mock-injections/Data/IndividualInferenceOutput/new_bilby/population3_lowSpinAligned_highmass/job_00250_fixedExtrinsic_resume.pickle
21:55 bilby INFO    : Written checkpoint file /home/simona.miller/comp-spin-mock-injections/Data/IndividualInferenceOutput/new_bilby/population3_lowSpinAligned_highmass/job_00250_fixedExtrinsic_resume.pickle
22:09 bilby INFO    : Written checkpoint file /home/simona.miller/comp-spin-mock-injections/Data/IndividualInferenceOutput/new_bilby/population3_lowSpinAligned_highmass/job_00250_fixedExtrinsic_resume.pickle
22:27 bilby INFO    : Written checkpoint file /home/simona.miller/comp-spin-mock-injections/Data/IndividualInferenceOutput/new_bilby/population3_lowSpinAligned_highmass/job_00250_fixedExtrinsic_resume.pickle
22:40 bilby INFO    : Written checkpoint file /home/simona.miller/comp-spin-mock-injections/Data/IndividualInferenceOutput/new_bilby/population3_lowSpinAligned_highmass/job_00250_fixedExtrinsic_resume.pickle
22:54 bilby INFO    : Written checkpoint file /home/simona.miller/comp-spin-mock-injections/Data/IndividualInferenceOutput/new_bilby/population3_lowSpinAligned_highmass/job_00250_fixedExtrinsic_resume.pickle
23:07 bilby INFO    : Written checkpoint file /home/simona.miller/comp-spin-mock-injections/Data/IndividualInferenceOutput/new_bilby/population3_lowSpinAligned_highmass/job_00250_fixedExtrinsic_resume.pickle
23:18 bilby INFO    : Written checkpoint file /home/simona.miller/comp-spin-mock-injections/Data/IndividualInferenceOutput/new_bilby/population3_lowSpinAligned_highmass/job_00250_fixedExtrinsic_resume.pickle
23:33 bilby INFO    : Written checkpoint file /home/simona.miller/comp-spin-mock-injections/Data/IndividualInferenceOutput/new_bilby/population3_lowSpinAligned_highmass/job_00250_fixedExtrinsic_resume.pickle
23:44 bilby INFO    : Written checkpoint file /home/simona.miller/comp-spin-mock-injections/Data/IndividualInferenceOutput/new_bilby/population3_lowSpinAligned_highmass/job_00250_fixedExtrinsic_resume.pickle
23:59 bilby INFO    : Written checkpoint file /home/simona.miller/comp-spin-mock-injections/Data/IndividualInferenceOutput/new_bilby/population3_lowSpinAligned_highmass/job_00250_fixedExtrinsic_resume.pickle
00:17 bilby INFO    : Written checkpoint file /home/simona.miller/comp-spin-mock-injections/Data/IndividualInferenceOutput/new_bilby/population3_lowSpinAligned_highmass/job_00250_fixedExtrinsic_resume.pickle
00:32 bilby INFO    : Written checkpoint file /home/simona.miller/comp-spin-mock-injections/Data/IndividualInferenceOutput/new_bilby/population3_lowSpinAligned_highmass/job_00250_fixedExtrinsic_resume.pickle
00:43 bilby INFO    : Written checkpoint file /home/simona.miller/comp-spin-mock-injections/Data/IndividualInferenceOutput/new_bilby/population3_lowSpinAligned_highmass/job_00250_fixedExtrinsic_resume.pickle
00:55 bilby INFO    : Written checkpoint file /home/simona.miller/comp-spin-mock-injections/Data/IndividualInferenceOutput/new_bilby/population3_lowSpinAligned_highmass/job_00250_fixedExtrinsic_resume.pickle
01:12 bilby INFO    : Written checkpoint file /home/simona.miller/comp-spin-mock-injections/Data/IndividualInferenceOutput/new_bilby/population3_lowSpinAligned_highmass/job_00250_fixedExtrinsic_resume.pickle
01:25 bilby INFO    : Written checkpoint file /home/simona.miller/comp-spin-mock-injections/Data/IndividualInferenceOutput/new_bilby/population3_lowSpinAligned_highmass/job_00250_fixedExtrinsic_resume.pickle
01:40 bilby INFO    : Written checkpoint file /home/simona.miller/comp-spin-mock-injections/Data/IndividualInferenceOutput/new_bilby/population3_lowSpinAligned_highmass/job_00250_fixedExtrinsic_resume.pickle
01:53 bilby INFO    : Written checkpoint file /home/simona.miller/comp-spin-mock-injections/Data/IndividualInferenceOutput/new_bilby/population3_lowSpinAligned_highmass/job_00250_fixedExtrinsic_resume.pickle
02:10 bilby INFO    : Written checkpoint file /home/simona.miller/comp-spin-mock-injections/Data/IndividualInferenceOutput/new_bilby/population3_lowSpinAligned_highmass/job_00250_fixedExtrinsic_resume.pickle
02:22 bilby INFO    : Written checkpoint file /home/simona.miller/comp-spin-mock-injections/Data/IndividualInferenceOutput/new_bilby/population3_lowSpinAligned_highmass/job_00250_fixedExtrinsic_resume.pickle
02:38 bilby INFO    : Written checkpoint file /home/simona.miller/comp-spin-mock-injections/Data/IndividualInferenceOutput/new_bilby/population3_lowSpinAligned_highmass/job_00250_fixedExtrinsic_resume.pickle
02:52 bilby INFO    : Written checkpoint file /home/simona.miller/comp-spin-mock-injections/Data/IndividualInferenceOutput/new_bilby/population3_lowSpinAligned_highmass/job_00250_fixedExtrinsic_resume.pickle
03:04 bilby INFO    : Written checkpoint file /home/simona.miller/comp-spin-mock-injections/Data/IndividualInferenceOutput/new_bilby/population3_lowSpinAligned_highmass/job_00250_fixedExtrinsic_resume.pickle
03:16 bilby INFO    : Written checkpoint file /home/simona.miller/comp-spin-mock-injections/Data/IndividualInferenceOutput/new_bilby/population3_lowSpinAligned_highmass/job_00250_fixedExtrinsic_resume.pickle
03:28 bilby INFO    : Written checkpoint file /home/simona.miller/comp-spin-mock-injections/Data/IndividualInferenceOutput/new_bilby/population3_lowSpinAligned_highmass/job_00250_fixedExtrinsic_resume.pickle
03:44 bilby INFO    : Written checkpoint file /home/simona.miller/comp-spin-mock-injections/Data/IndividualInferenceOutput/new_bilby/population3_lowSpinAligned_highmass/job_00250_fixedExtrinsic_resume.pickle
04:13 bilby INFO    : Written checkpoint file /home/simona.miller/comp-spin-mock-injections/Data/IndividualInferenceOutput/new_bilby/population3_lowSpinAligned_highmass/job_00250_fixedExtrinsic_resume.pickle
04:25 bilby INFO    : Written checkpoint file /home/simona.miller/comp-spin-mock-injections/Data/IndividualInferenceOutput/new_bilby/population3_lowSpinAligned_highmass/job_00250_fixedExtrinsic_resume.pickle
04:37 bilby INFO    : Written checkpoint file /home/simona.miller/comp-spin-mock-injections/Data/IndividualInferenceOutput/new_bilby/population3_lowSpinAligned_highmass/job_00250_fixedExtrinsic_resume.pickle
04:53 bilby INFO    : Written checkpoint file /home/simona.miller/comp-spin-mock-injections/Data/IndividualInferenceOutput/new_bilby/population3_lowSpinAligned_highmass/job_00250_fixedExtrinsic_resume.pickle
05:09 bilby INFO    : Written checkpoint file /home/simona.miller/comp-spin-mock-injections/Data/IndividualInferenceOutput/new_bilby/population3_lowSpinAligned_highmass/job_00250_fixedExtrinsic_resume.pickle
05:31 bilby INFO    : Written checkpoint file /home/simona.miller/comp-spin-mock-injections/Data/IndividualInferenceOutput/new_bilby/population3_lowSpinAligned_highmass/job_00250_fixedExtrinsic_resume.pickle
05:50 bilby INFO    : Written checkpoint file /home/simona.miller/comp-spin-mock-injections/Data/IndividualInferenceOutput/new_bilby/population3_lowSpinAligned_highmass/job_00250_fixedExtrinsic_resume.pickle
06:15 bilby INFO    : Written checkpoint file /home/simona.miller/comp-spin-mock-injections/Data/IndividualInferenceOutput/new_bilby/population3_lowSpinAligned_highmass/job_00250_fixedExtrinsic_resume.pickle
06:17 bilby INFO    : Written checkpoint file /home/simona.miller/comp-spin-mock-injections/Data/IndividualInferenceOutput/new_bilby/population3_lowSpinAligned_highmass/job_00250_fixedExtrinsic_resume.pickle
06:17 bilby INFO    : Starting to close worker pool.
06:17 bilby INFO    : Finished closing worker pool.
06:18 bilby INFO    : Rejection sampling nested samples to obtain 6378 posterior samples
06:18 bilby INFO    : Sampling time: 15:41:34.697937
06:18 bilby INFO    : Computing per-detector log likelihoods.
06:18 bilby INFO    : Using a pool with size 8 for nsamples=6378
06:18 bilby INFO    : Generating sky frame parameters.
06:18 bilby INFO    : Computing SNRs for every sample.
06:18 bilby INFO    : Using a pool with size 8 for nsamples=6378
06:19 bilby INFO    : Summary of results:
nsamples: 6378
ln_noise_evidence: -24150.208
ln_evidence: -24016.661 +/-  0.047
ln_bayes_factor: 133.547 +/-  0.047

