14:27 bilby INFO    : Waveform generator initiated with
  frequency_domain_source_model: bilby.gw.source.lal_binary_black_hole
  time_domain_source_model: None
  parameter_conversion: bilby.gw.conversion.convert_to_lal_binary_black_hole_parameters
14:27 bilby INFO    : Injected signal in H1:
14:27 bilby INFO    :   optimal SNR = 5.50
14:27 bilby INFO    :   matched filter SNR = 5.55+0.64j
14:27 bilby INFO    :   mass_1 = 123.35949553976191
14:27 bilby INFO    :   mass_2 = 76.75977634031098
14:27 bilby INFO    :   a_1 = 0.05810568896803043
14:27 bilby INFO    :   a_2 = 0.16799672289707868
14:27 bilby INFO    :   tilt_1 = 0.8010183243167746
14:27 bilby INFO    :   tilt_2 = 0.7774079378689193
14:27 bilby INFO    :   phi_12 = 4.988245346891009
14:27 bilby INFO    :   phi_jl = 1.125465457744706
14:27 bilby INFO    :   luminosity_distance = 3771.3692640178
14:27 bilby INFO    :   theta_jn = 1.0169367689241018
14:27 bilby INFO    :   psi = 0.5144188036
14:27 bilby INFO    :   phase = 4.503726263
14:27 bilby INFO    :   geocent_time = 1126259642.413
14:27 bilby INFO    :   ra = 4.4354415447
14:27 bilby INFO    :   dec = 2.4791363999
14:27 bilby INFO    : Injected signal in L1:
14:27 bilby INFO    :   optimal SNR = 8.34
14:27 bilby INFO    :   matched filter SNR = 9.12+2.07j
14:27 bilby INFO    :   mass_1 = 123.35949553976191
14:27 bilby INFO    :   mass_2 = 76.75977634031098
14:27 bilby INFO    :   a_1 = 0.05810568896803043
14:27 bilby INFO    :   a_2 = 0.16799672289707868
14:27 bilby INFO    :   tilt_1 = 0.8010183243167746
14:27 bilby INFO    :   tilt_2 = 0.7774079378689193
14:27 bilby INFO    :   phi_12 = 4.988245346891009
14:27 bilby INFO    :   phi_jl = 1.125465457744706
14:27 bilby INFO    :   luminosity_distance = 3771.3692640178
14:27 bilby INFO    :   theta_jn = 1.0169367689241018
14:27 bilby INFO    :   psi = 0.5144188036
14:27 bilby INFO    :   phase = 4.503726263
14:27 bilby INFO    :   geocent_time = 1126259642.413
14:27 bilby INFO    :   ra = 4.4354415447
14:27 bilby INFO    :   dec = 2.4791363999
14:27 bilby INFO    : Injected signal in V1:
14:27 bilby INFO    :   optimal SNR = 2.37
14:27 bilby INFO    :   matched filter SNR = 4.02+0.19j
14:27 bilby INFO    :   mass_1 = 123.35949553976191
14:27 bilby INFO    :   mass_2 = 76.75977634031098
14:27 bilby INFO    :   a_1 = 0.05810568896803043
14:27 bilby INFO    :   a_2 = 0.16799672289707868
14:27 bilby INFO    :   tilt_1 = 0.8010183243167746
14:27 bilby INFO    :   tilt_2 = 0.7774079378689193
14:27 bilby INFO    :   phi_12 = 4.988245346891009
14:27 bilby INFO    :   phi_jl = 1.125465457744706
14:27 bilby INFO    :   luminosity_distance = 3771.3692640178
14:27 bilby INFO    :   theta_jn = 1.0169367689241018
14:27 bilby INFO    :   psi = 0.5144188036
14:27 bilby INFO    :   phase = 4.503726263
14:27 bilby INFO    :   geocent_time = 1126259642.413
14:27 bilby INFO    :   ra = 4.4354415447
14:27 bilby INFO    :   dec = 2.4791363999
14:27 bilby INFO    : Running for label 'job_00911_fixedExtrinsic', output will be saved to '/home/simona.miller/comp-spin-mock-injections/Data/IndividualInferenceOutput/new_bilby/population3_lowSpinAligned_highmass'
14:27 bilby INFO    : Using lal version 7.3.0
14:27 bilby INFO    : Using lal git version Branch: None;Tag: lalsuite-v7.13;Id: ec1fcb1d2d1dab69321fdb8f0afef1f867b11e06;;Builder: Unknown User <>;Repository status: UNCLEAN: Modified working tree
14:27 bilby INFO    : Using lalsimulation version 5.0.0
14:27 bilby INFO    : Using lalsimulation git version Branch: None;Tag: lalsuite-v7.13;Id: ec1fcb1d2d1dab69321fdb8f0afef1f867b11e06;;Builder: Unknown User <>;Repository status: UNCLEAN: Modified working tree
14:27 bilby INFO    : Analysis priors:
14:27 bilby INFO    : chirp_mass=bilby.gw.prior.UniformInComponentsChirpMass(minimum=2, maximum=200, name='chirp_mass', latex_label='$\\mathcal{M}$', unit=None, boundary=None)
14:27 bilby INFO    : mass_ratio=bilby.gw.prior.UniformInComponentsMassRatio(minimum=0.05, maximum=1, name='mass_ratio', latex_label='$q$', unit=None, boundary=None, equal_mass=False)
14:27 bilby INFO    : a_1=Uniform(minimum=0, maximum=0.99, name='a_1', latex_label='$a_1$', unit=None, boundary=None)
14:27 bilby INFO    : a_2=Uniform(minimum=0, maximum=0.99, name='a_2', latex_label='$a_2$', unit=None, boundary=None)
14:27 bilby INFO    : tilt_1=Sine(minimum=0, maximum=3.141592653589793, name='tilt_1', latex_label='$\\theta_1$', unit=None, boundary=None)
14:27 bilby INFO    : tilt_2=Sine(minimum=0, maximum=3.141592653589793, name='tilt_2', latex_label='$\\theta_2$', unit=None, boundary=None)
14:27 bilby INFO    : phi_12=Uniform(minimum=0, maximum=6.283185307179586, name='phi_12', latex_label='$\\Delta\\phi$', unit=None, boundary='periodic')
14:27 bilby INFO    : phi_jl=Uniform(minimum=0, maximum=6.283185307179586, name='phi_jl', latex_label='$\\phi_{JL}$', unit=None, boundary='periodic')
14:27 bilby INFO    : mass_1=Constraint(minimum=113.35949553976191, maximum=133.3594955397619, name='mass_1', latex_label='$m_1$', unit=None)
14:27 bilby INFO    : mass_2=Constraint(minimum=66.75977634031098, maximum=86.75977634031098, name='mass_2', latex_label='$m_2$', unit=None)
14:27 bilby INFO    : ra=4.4354415447
14:27 bilby INFO    : dec=2.4791363999
14:27 bilby INFO    : geocent_time=1126259642.413
14:27 bilby INFO    : phase=4.503726263
14:27 bilby INFO    : psi=0.5144188036
14:27 bilby INFO    : luminosity_distance=3771.3692640178
14:27 bilby INFO    : theta_jn=1.0169367689241018
14:27 bilby INFO    : Analysis likelihood class: <class 'bilby.gw.likelihood.base.GravitationalWaveTransient'>
14:27 bilby INFO    : Analysis likelihood noise evidence: -24070.715088013938
14:27 bilby INFO    : Single likelihood evaluation took 8.298e-02 s
14:27 bilby INFO    : Using sampler Dynesty with kwargs {'nlive': 2000, 'bound': 'live', 'sample': 'act-walk', 'periodic': None, 'reflective': None, 'update_interval': 600, 'first_update': None, 'npdim': None, 'rstate': None, 'queue_size': 8, 'pool': None, 'use_pool': None, 'live_points': None, 'logl_args': None, 'logl_kwargs': None, 'ptform_args': None, 'ptform_kwargs': None, 'gradient': None, 'grad_args': None, 'grad_kwargs': None, 'compute_jac': False, 'enlarge': None, 'bootstrap': None, 'walks': 100, 'facc': 0.2, 'slices': None, 'fmove': 0.9, 'max_move': 100, 'update_func': None, 'ncdim': None, 'blob': False, 'save_history': False, 'history_filename': None, 'maxiter': None, 'maxcall': None, 'dlogz': 0.1, 'logl_max': inf, 'n_effective': None, 'add_live': True, 'print_progress': True, 'print_func': <bound method Dynesty._print_func of <bilby.core.sampler.dynesty.Dynesty object at 0x1535438e8ca0>>, 'save_bounds': False, 'checkpoint_file': None, 'checkpoint_every': 60, 'resume': False}
14:27 bilby INFO    : Checkpoint every check_point_delta_t = 600s
14:27 bilby INFO    : Using dynesty version 2.1.0
14:27 bilby INFO    : Using the bilby-implemented rwalk sampling tracking the autocorrelation function and thinning by 5 with maximum length 25000
14:27 bilby INFO    : Setting up multiproccesing pool with 8 processes
14:27 bilby INFO    : Resume file /home/simona.miller/comp-spin-mock-injections/Data/IndividualInferenceOutput/new_bilby/population3_lowSpinAligned_highmass/job_00911_fixedExtrinsic_resume.pickle does not exist.
14:27 bilby INFO    : Generating initial points from the prior
14:44 bilby INFO    : Written checkpoint file /home/simona.miller/comp-spin-mock-injections/Data/IndividualInferenceOutput/new_bilby/population3_lowSpinAligned_highmass/job_00911_fixedExtrinsic_resume.pickle
14:54 bilby INFO    : Written checkpoint file /home/simona.miller/comp-spin-mock-injections/Data/IndividualInferenceOutput/new_bilby/population3_lowSpinAligned_highmass/job_00911_fixedExtrinsic_resume.pickle
15:04 bilby INFO    : Written checkpoint file /home/simona.miller/comp-spin-mock-injections/Data/IndividualInferenceOutput/new_bilby/population3_lowSpinAligned_highmass/job_00911_fixedExtrinsic_resume.pickle
15:14 bilby INFO    : Written checkpoint file /home/simona.miller/comp-spin-mock-injections/Data/IndividualInferenceOutput/new_bilby/population3_lowSpinAligned_highmass/job_00911_fixedExtrinsic_resume.pickle
15:25 bilby INFO    : Written checkpoint file /home/simona.miller/comp-spin-mock-injections/Data/IndividualInferenceOutput/new_bilby/population3_lowSpinAligned_highmass/job_00911_fixedExtrinsic_resume.pickle
15:36 bilby INFO    : Written checkpoint file /home/simona.miller/comp-spin-mock-injections/Data/IndividualInferenceOutput/new_bilby/population3_lowSpinAligned_highmass/job_00911_fixedExtrinsic_resume.pickle
15:46 bilby INFO    : Written checkpoint file /home/simona.miller/comp-spin-mock-injections/Data/IndividualInferenceOutput/new_bilby/population3_lowSpinAligned_highmass/job_00911_fixedExtrinsic_resume.pickle
15:57 bilby INFO    : Written checkpoint file /home/simona.miller/comp-spin-mock-injections/Data/IndividualInferenceOutput/new_bilby/population3_lowSpinAligned_highmass/job_00911_fixedExtrinsic_resume.pickle
16:07 bilby INFO    : Written checkpoint file /home/simona.miller/comp-spin-mock-injections/Data/IndividualInferenceOutput/new_bilby/population3_lowSpinAligned_highmass/job_00911_fixedExtrinsic_resume.pickle
16:18 bilby INFO    : Written checkpoint file /home/simona.miller/comp-spin-mock-injections/Data/IndividualInferenceOutput/new_bilby/population3_lowSpinAligned_highmass/job_00911_fixedExtrinsic_resume.pickle
16:29 bilby INFO    : Written checkpoint file /home/simona.miller/comp-spin-mock-injections/Data/IndividualInferenceOutput/new_bilby/population3_lowSpinAligned_highmass/job_00911_fixedExtrinsic_resume.pickle
16:40 bilby INFO    : Written checkpoint file /home/simona.miller/comp-spin-mock-injections/Data/IndividualInferenceOutput/new_bilby/population3_lowSpinAligned_highmass/job_00911_fixedExtrinsic_resume.pickle
16:51 bilby INFO    : Written checkpoint file /home/simona.miller/comp-spin-mock-injections/Data/IndividualInferenceOutput/new_bilby/population3_lowSpinAligned_highmass/job_00911_fixedExtrinsic_resume.pickle
17:02 bilby INFO    : Written checkpoint file /home/simona.miller/comp-spin-mock-injections/Data/IndividualInferenceOutput/new_bilby/population3_lowSpinAligned_highmass/job_00911_fixedExtrinsic_resume.pickle
17:14 bilby INFO    : Written checkpoint file /home/simona.miller/comp-spin-mock-injections/Data/IndividualInferenceOutput/new_bilby/population3_lowSpinAligned_highmass/job_00911_fixedExtrinsic_resume.pickle
17:24 bilby INFO    : Written checkpoint file /home/simona.miller/comp-spin-mock-injections/Data/IndividualInferenceOutput/new_bilby/population3_lowSpinAligned_highmass/job_00911_fixedExtrinsic_resume.pickle
17:35 bilby INFO    : Written checkpoint file /home/simona.miller/comp-spin-mock-injections/Data/IndividualInferenceOutput/new_bilby/population3_lowSpinAligned_highmass/job_00911_fixedExtrinsic_resume.pickle
17:53 bilby INFO    : Written checkpoint file /home/simona.miller/comp-spin-mock-injections/Data/IndividualInferenceOutput/new_bilby/population3_lowSpinAligned_highmass/job_00911_fixedExtrinsic_resume.pickle
18:04 bilby INFO    : Written checkpoint file /home/simona.miller/comp-spin-mock-injections/Data/IndividualInferenceOutput/new_bilby/population3_lowSpinAligned_highmass/job_00911_fixedExtrinsic_resume.pickle
18:16 bilby INFO    : Written checkpoint file /home/simona.miller/comp-spin-mock-injections/Data/IndividualInferenceOutput/new_bilby/population3_lowSpinAligned_highmass/job_00911_fixedExtrinsic_resume.pickle
18:28 bilby INFO    : Written checkpoint file /home/simona.miller/comp-spin-mock-injections/Data/IndividualInferenceOutput/new_bilby/population3_lowSpinAligned_highmass/job_00911_fixedExtrinsic_resume.pickle
18:39 bilby INFO    : Written checkpoint file /home/simona.miller/comp-spin-mock-injections/Data/IndividualInferenceOutput/new_bilby/population3_lowSpinAligned_highmass/job_00911_fixedExtrinsic_resume.pickle
18:51 bilby INFO    : Written checkpoint file /home/simona.miller/comp-spin-mock-injections/Data/IndividualInferenceOutput/new_bilby/population3_lowSpinAligned_highmass/job_00911_fixedExtrinsic_resume.pickle
19:03 bilby INFO    : Written checkpoint file /home/simona.miller/comp-spin-mock-injections/Data/IndividualInferenceOutput/new_bilby/population3_lowSpinAligned_highmass/job_00911_fixedExtrinsic_resume.pickle
19:14 bilby INFO    : Written checkpoint file /home/simona.miller/comp-spin-mock-injections/Data/IndividualInferenceOutput/new_bilby/population3_lowSpinAligned_highmass/job_00911_fixedExtrinsic_resume.pickle
19:25 bilby INFO    : Written checkpoint file /home/simona.miller/comp-spin-mock-injections/Data/IndividualInferenceOutput/new_bilby/population3_lowSpinAligned_highmass/job_00911_fixedExtrinsic_resume.pickle
19:38 bilby INFO    : Written checkpoint file /home/simona.miller/comp-spin-mock-injections/Data/IndividualInferenceOutput/new_bilby/population3_lowSpinAligned_highmass/job_00911_fixedExtrinsic_resume.pickle
19:51 bilby INFO    : Written checkpoint file /home/simona.miller/comp-spin-mock-injections/Data/IndividualInferenceOutput/new_bilby/population3_lowSpinAligned_highmass/job_00911_fixedExtrinsic_resume.pickle
20:06 bilby INFO    : Written checkpoint file /home/simona.miller/comp-spin-mock-injections/Data/IndividualInferenceOutput/new_bilby/population3_lowSpinAligned_highmass/job_00911_fixedExtrinsic_resume.pickle
20:26 bilby INFO    : Written checkpoint file /home/simona.miller/comp-spin-mock-injections/Data/IndividualInferenceOutput/new_bilby/population3_lowSpinAligned_highmass/job_00911_fixedExtrinsic_resume.pickle
20:38 bilby INFO    : Written checkpoint file /home/simona.miller/comp-spin-mock-injections/Data/IndividualInferenceOutput/new_bilby/population3_lowSpinAligned_highmass/job_00911_fixedExtrinsic_resume.pickle
20:56 bilby INFO    : Written checkpoint file /home/simona.miller/comp-spin-mock-injections/Data/IndividualInferenceOutput/new_bilby/population3_lowSpinAligned_highmass/job_00911_fixedExtrinsic_resume.pickle
21:08 bilby INFO    : Written checkpoint file /home/simona.miller/comp-spin-mock-injections/Data/IndividualInferenceOutput/new_bilby/population3_lowSpinAligned_highmass/job_00911_fixedExtrinsic_resume.pickle
21:20 bilby INFO    : Written checkpoint file /home/simona.miller/comp-spin-mock-injections/Data/IndividualInferenceOutput/new_bilby/population3_lowSpinAligned_highmass/job_00911_fixedExtrinsic_resume.pickle
21:33 bilby INFO    : Written checkpoint file /home/simona.miller/comp-spin-mock-injections/Data/IndividualInferenceOutput/new_bilby/population3_lowSpinAligned_highmass/job_00911_fixedExtrinsic_resume.pickle
22:03 bilby INFO    : Written checkpoint file /home/simona.miller/comp-spin-mock-injections/Data/IndividualInferenceOutput/new_bilby/population3_lowSpinAligned_highmass/job_00911_fixedExtrinsic_resume.pickle
22:16 bilby INFO    : Written checkpoint file /home/simona.miller/comp-spin-mock-injections/Data/IndividualInferenceOutput/new_bilby/population3_lowSpinAligned_highmass/job_00911_fixedExtrinsic_resume.pickle
22:29 bilby INFO    : Written checkpoint file /home/simona.miller/comp-spin-mock-injections/Data/IndividualInferenceOutput/new_bilby/population3_lowSpinAligned_highmass/job_00911_fixedExtrinsic_resume.pickle
22:40 bilby INFO    : Written checkpoint file /home/simona.miller/comp-spin-mock-injections/Data/IndividualInferenceOutput/new_bilby/population3_lowSpinAligned_highmass/job_00911_fixedExtrinsic_resume.pickle
22:51 bilby INFO    : Written checkpoint file /home/simona.miller/comp-spin-mock-injections/Data/IndividualInferenceOutput/new_bilby/population3_lowSpinAligned_highmass/job_00911_fixedExtrinsic_resume.pickle
23:06 bilby INFO    : Written checkpoint file /home/simona.miller/comp-spin-mock-injections/Data/IndividualInferenceOutput/new_bilby/population3_lowSpinAligned_highmass/job_00911_fixedExtrinsic_resume.pickle
23:21 bilby INFO    : Written checkpoint file /home/simona.miller/comp-spin-mock-injections/Data/IndividualInferenceOutput/new_bilby/population3_lowSpinAligned_highmass/job_00911_fixedExtrinsic_resume.pickle
23:44 bilby INFO    : Written checkpoint file /home/simona.miller/comp-spin-mock-injections/Data/IndividualInferenceOutput/new_bilby/population3_lowSpinAligned_highmass/job_00911_fixedExtrinsic_resume.pickle
00:17 bilby INFO    : Written checkpoint file /home/simona.miller/comp-spin-mock-injections/Data/IndividualInferenceOutput/new_bilby/population3_lowSpinAligned_highmass/job_00911_fixedExtrinsic_resume.pickle
00:30 bilby INFO    : Written checkpoint file /home/simona.miller/comp-spin-mock-injections/Data/IndividualInferenceOutput/new_bilby/population3_lowSpinAligned_highmass/job_00911_fixedExtrinsic_resume.pickle
00:51 bilby INFO    : Written checkpoint file /home/simona.miller/comp-spin-mock-injections/Data/IndividualInferenceOutput/new_bilby/population3_lowSpinAligned_highmass/job_00911_fixedExtrinsic_resume.pickle
01:23 bilby INFO    : Written checkpoint file /home/simona.miller/comp-spin-mock-injections/Data/IndividualInferenceOutput/new_bilby/population3_lowSpinAligned_highmass/job_00911_fixedExtrinsic_resume.pickle
01:34 bilby INFO    : Written checkpoint file /home/simona.miller/comp-spin-mock-injections/Data/IndividualInferenceOutput/new_bilby/population3_lowSpinAligned_highmass/job_00911_fixedExtrinsic_resume.pickle
02:04 bilby INFO    : Written checkpoint file /home/simona.miller/comp-spin-mock-injections/Data/IndividualInferenceOutput/new_bilby/population3_lowSpinAligned_highmass/job_00911_fixedExtrinsic_resume.pickle
02:27 bilby INFO    : Written checkpoint file /home/simona.miller/comp-spin-mock-injections/Data/IndividualInferenceOutput/new_bilby/population3_lowSpinAligned_highmass/job_00911_fixedExtrinsic_resume.pickle
02:39 bilby INFO    : Written checkpoint file /home/simona.miller/comp-spin-mock-injections/Data/IndividualInferenceOutput/new_bilby/population3_lowSpinAligned_highmass/job_00911_fixedExtrinsic_resume.pickle
02:55 bilby INFO    : Written checkpoint file /home/simona.miller/comp-spin-mock-injections/Data/IndividualInferenceOutput/new_bilby/population3_lowSpinAligned_highmass/job_00911_fixedExtrinsic_resume.pickle
03:26 bilby INFO    : Written checkpoint file /home/simona.miller/comp-spin-mock-injections/Data/IndividualInferenceOutput/new_bilby/population3_lowSpinAligned_highmass/job_00911_fixedExtrinsic_resume.pickle
03:41 bilby INFO    : Written checkpoint file /home/simona.miller/comp-spin-mock-injections/Data/IndividualInferenceOutput/new_bilby/population3_lowSpinAligned_highmass/job_00911_fixedExtrinsic_resume.pickle
03:55 bilby INFO    : Written checkpoint file /home/simona.miller/comp-spin-mock-injections/Data/IndividualInferenceOutput/new_bilby/population3_lowSpinAligned_highmass/job_00911_fixedExtrinsic_resume.pickle
04:22 bilby INFO    : Written checkpoint file /home/simona.miller/comp-spin-mock-injections/Data/IndividualInferenceOutput/new_bilby/population3_lowSpinAligned_highmass/job_00911_fixedExtrinsic_resume.pickle
04:45 bilby INFO    : Written checkpoint file /home/simona.miller/comp-spin-mock-injections/Data/IndividualInferenceOutput/new_bilby/population3_lowSpinAligned_highmass/job_00911_fixedExtrinsic_resume.pickle
04:59 bilby INFO    : Written checkpoint file /home/simona.miller/comp-spin-mock-injections/Data/IndividualInferenceOutput/new_bilby/population3_lowSpinAligned_highmass/job_00911_fixedExtrinsic_resume.pickle
05:22 bilby INFO    : Written checkpoint file /home/simona.miller/comp-spin-mock-injections/Data/IndividualInferenceOutput/new_bilby/population3_lowSpinAligned_highmass/job_00911_fixedExtrinsic_resume.pickle
05:45 bilby INFO    : Written checkpoint file /home/simona.miller/comp-spin-mock-injections/Data/IndividualInferenceOutput/new_bilby/population3_lowSpinAligned_highmass/job_00911_fixedExtrinsic_resume.pickle
06:08 bilby INFO    : Written checkpoint file /home/simona.miller/comp-spin-mock-injections/Data/IndividualInferenceOutput/new_bilby/population3_lowSpinAligned_highmass/job_00911_fixedExtrinsic_resume.pickle
06:23 bilby INFO    : Written checkpoint file /home/simona.miller/comp-spin-mock-injections/Data/IndividualInferenceOutput/new_bilby/population3_lowSpinAligned_highmass/job_00911_fixedExtrinsic_resume.pickle
06:41 bilby INFO    : Written checkpoint file /home/simona.miller/comp-spin-mock-injections/Data/IndividualInferenceOutput/new_bilby/population3_lowSpinAligned_highmass/job_00911_fixedExtrinsic_resume.pickle
06:59 bilby INFO    : Written checkpoint file /home/simona.miller/comp-spin-mock-injections/Data/IndividualInferenceOutput/new_bilby/population3_lowSpinAligned_highmass/job_00911_fixedExtrinsic_resume.pickle
07:12 bilby INFO    : Written checkpoint file /home/simona.miller/comp-spin-mock-injections/Data/IndividualInferenceOutput/new_bilby/population3_lowSpinAligned_highmass/job_00911_fixedExtrinsic_resume.pickle
07:28 bilby INFO    : Written checkpoint file /home/simona.miller/comp-spin-mock-injections/Data/IndividualInferenceOutput/new_bilby/population3_lowSpinAligned_highmass/job_00911_fixedExtrinsic_resume.pickle
07:48 bilby INFO    : Written checkpoint file /home/simona.miller/comp-spin-mock-injections/Data/IndividualInferenceOutput/new_bilby/population3_lowSpinAligned_highmass/job_00911_fixedExtrinsic_resume.pickle
07:50 bilby INFO    : Written checkpoint file /home/simona.miller/comp-spin-mock-injections/Data/IndividualInferenceOutput/new_bilby/population3_lowSpinAligned_highmass/job_00911_fixedExtrinsic_resume.pickle
07:51 bilby INFO    : Starting to close worker pool.
07:51 bilby INFO    : Finished closing worker pool.
07:51 bilby INFO    : Rejection sampling nested samples to obtain 7345 posterior samples
07:51 bilby INFO    : Sampling time: 17:17:17.169603
07:51 bilby INFO    : Computing per-detector log likelihoods.
07:51 bilby INFO    : Using a pool with size 8 for nsamples=7345
07:53 bilby INFO    : Generating sky frame parameters.
07:53 bilby INFO    : Computing SNRs for every sample.
07:53 bilby INFO    : Using a pool with size 8 for nsamples=7345
07:54 bilby INFO    : Summary of results:
nsamples: 7345
ln_noise_evidence: -24070.715
ln_evidence: -24008.672 +/-  0.050
ln_bayes_factor: 62.043 +/-  0.050

