14:50 bilby INFO    : Waveform generator initiated with
  frequency_domain_source_model: bilby.gw.source.lal_binary_black_hole
  time_domain_source_model: None
  parameter_conversion: bilby.gw.conversion.convert_to_lal_binary_black_hole_parameters
14:51 bilby INFO    : Injected signal in H1:
14:51 bilby INFO    :   optimal SNR = 6.97
14:51 bilby INFO    :   matched filter SNR = 7.25+0.35j
14:51 bilby INFO    :   mass_1 = 59.943707320712505
14:51 bilby INFO    :   mass_2 = 59.236280309579314
14:51 bilby INFO    :   a_1 = 0.11504670333010594
14:51 bilby INFO    :   a_2 = 0.21642332503165781
14:51 bilby INFO    :   tilt_1 = 0.3449643942977076
14:51 bilby INFO    :   tilt_2 = 0.8036173317609654
14:51 bilby INFO    :   phi_12 = 1.7450559639595282
14:51 bilby INFO    :   phi_jl = 3.5592816332533617
14:51 bilby INFO    :   luminosity_distance = 2149.4463009374
14:51 bilby INFO    :   theta_jn = 1.5177050002880597
14:51 bilby INFO    :   psi = 5.9575547995
14:51 bilby INFO    :   phase = 0.9793808288
14:51 bilby INFO    :   geocent_time = 1126259642.413
14:51 bilby INFO    :   ra = 4.0913465879
14:51 bilby INFO    :   dec = 2.2552648959
14:51 bilby INFO    : Injected signal in L1:
14:51 bilby INFO    :   optimal SNR = 8.95
14:51 bilby INFO    :   matched filter SNR = 9.10+0.49j
14:51 bilby INFO    :   mass_1 = 59.943707320712505
14:51 bilby INFO    :   mass_2 = 59.236280309579314
14:51 bilby INFO    :   a_1 = 0.11504670333010594
14:51 bilby INFO    :   a_2 = 0.21642332503165781
14:51 bilby INFO    :   tilt_1 = 0.3449643942977076
14:51 bilby INFO    :   tilt_2 = 0.8036173317609654
14:51 bilby INFO    :   phi_12 = 1.7450559639595282
14:51 bilby INFO    :   phi_jl = 3.5592816332533617
14:51 bilby INFO    :   luminosity_distance = 2149.4463009374
14:51 bilby INFO    :   theta_jn = 1.5177050002880597
14:51 bilby INFO    :   psi = 5.9575547995
14:51 bilby INFO    :   phase = 0.9793808288
14:51 bilby INFO    :   geocent_time = 1126259642.413
14:51 bilby INFO    :   ra = 4.0913465879
14:51 bilby INFO    :   dec = 2.2552648959
14:51 bilby INFO    : Injected signal in V1:
14:51 bilby INFO    :   optimal SNR = 0.44
14:51 bilby INFO    :   matched filter SNR = -0.10-0.00j
14:51 bilby INFO    :   mass_1 = 59.943707320712505
14:51 bilby INFO    :   mass_2 = 59.236280309579314
14:51 bilby INFO    :   a_1 = 0.11504670333010594
14:51 bilby INFO    :   a_2 = 0.21642332503165781
14:51 bilby INFO    :   tilt_1 = 0.3449643942977076
14:51 bilby INFO    :   tilt_2 = 0.8036173317609654
14:51 bilby INFO    :   phi_12 = 1.7450559639595282
14:51 bilby INFO    :   phi_jl = 3.5592816332533617
14:51 bilby INFO    :   luminosity_distance = 2149.4463009374
14:51 bilby INFO    :   theta_jn = 1.5177050002880597
14:51 bilby INFO    :   psi = 5.9575547995
14:51 bilby INFO    :   phase = 0.9793808288
14:51 bilby INFO    :   geocent_time = 1126259642.413
14:51 bilby INFO    :   ra = 4.0913465879
14:51 bilby INFO    :   dec = 2.2552648959
14:51 bilby INFO    : Running for label 'job_00388_justSpin', output will be saved to '/home/simona.miller/comp-spin-mock-injections/Data/IndividualInferenceOutput/new_bilby/population3_lowSpinAligned_highmass'
14:51 bilby INFO    : Using lal version 7.3.0
14:51 bilby INFO    : Using lal git version Branch: None;Tag: lalsuite-v7.13;Id: ec1fcb1d2d1dab69321fdb8f0afef1f867b11e06;;Builder: Unknown User <>;Repository status: UNCLEAN: Modified working tree
14:51 bilby INFO    : Using lalsimulation version 5.0.0
14:51 bilby INFO    : Using lalsimulation git version Branch: None;Tag: lalsuite-v7.13;Id: ec1fcb1d2d1dab69321fdb8f0afef1f867b11e06;;Builder: Unknown User <>;Repository status: UNCLEAN: Modified working tree
14:51 bilby INFO    : Analysis priors:
14:51 bilby INFO    : a_1=Uniform(minimum=0, maximum=0.99, name='a_1', latex_label='$a_1$', unit=None, boundary=None)
14:51 bilby INFO    : a_2=Uniform(minimum=0, maximum=0.99, name='a_2', latex_label='$a_2$', unit=None, boundary=None)
14:51 bilby INFO    : tilt_1=Sine(minimum=0, maximum=3.141592653589793, name='tilt_1', latex_label='$\\theta_1$', unit=None, boundary=None)
14:51 bilby INFO    : tilt_2=Sine(minimum=0, maximum=3.141592653589793, name='tilt_2', latex_label='$\\theta_2$', unit=None, boundary=None)
14:51 bilby INFO    : ra=4.0913465879
14:51 bilby INFO    : dec=2.2552648959
14:51 bilby INFO    : geocent_time=1126259642.413
14:51 bilby INFO    : phase=0.9793808288
14:51 bilby INFO    : psi=5.9575547995
14:51 bilby INFO    : luminosity_distance=2149.4463009374
14:51 bilby INFO    : theta_jn=1.5177050002880597
14:51 bilby INFO    : mass_1=59.943707320712505
14:51 bilby INFO    : mass_2=59.236280309579314
14:51 bilby INFO    : phi_12=1.7450559639595282
14:51 bilby INFO    : phi_jl=3.5592816332533617
14:51 bilby INFO    : Analysis likelihood class: <class 'bilby.gw.likelihood.base.GravitationalWaveTransient'>
14:51 bilby INFO    : Analysis likelihood noise evidence: -24206.879099988146
14:51 bilby INFO    : Single likelihood evaluation took 2.640e-02 s
14:51 bilby INFO    : Using sampler Dynesty with kwargs {'nlive': 2000, 'bound': 'live', 'sample': 'act-walk', 'periodic': None, 'reflective': None, 'update_interval': 600, 'first_update': None, 'npdim': None, 'rstate': None, 'queue_size': 8, 'pool': None, 'use_pool': None, 'live_points': None, 'logl_args': None, 'logl_kwargs': None, 'ptform_args': None, 'ptform_kwargs': None, 'gradient': None, 'grad_args': None, 'grad_kwargs': None, 'compute_jac': False, 'enlarge': None, 'bootstrap': None, 'walks': 100, 'facc': 0.2, 'slices': None, 'fmove': 0.9, 'max_move': 100, 'update_func': None, 'ncdim': None, 'blob': False, 'save_history': False, 'history_filename': None, 'maxiter': None, 'maxcall': None, 'dlogz': 0.1, 'logl_max': inf, 'n_effective': None, 'add_live': True, 'print_progress': True, 'print_func': <bound method Dynesty._print_func of <bilby.core.sampler.dynesty.Dynesty object at 0x150a99e88f10>>, 'save_bounds': False, 'checkpoint_file': None, 'checkpoint_every': 60, 'resume': False}
14:51 bilby INFO    : Checkpoint every check_point_delta_t = 600s
14:51 bilby INFO    : Using dynesty version 2.1.0
14:51 bilby INFO    : Using the bilby-implemented rwalk sampling tracking the autocorrelation function and thinning by 5 with maximum length 25000
14:51 bilby INFO    : Setting up multiproccesing pool with 8 processes
14:51 bilby INFO    : Resume file /home/simona.miller/comp-spin-mock-injections/Data/IndividualInferenceOutput/new_bilby/population3_lowSpinAligned_highmass/job_00388_justSpin_resume.pickle does not exist.
14:51 bilby INFO    : Generating initial points from the prior
15:02 bilby INFO    : Written checkpoint file /home/simona.miller/comp-spin-mock-injections/Data/IndividualInferenceOutput/new_bilby/population3_lowSpinAligned_highmass/job_00388_justSpin_resume.pickle
15:13 bilby INFO    : Written checkpoint file /home/simona.miller/comp-spin-mock-injections/Data/IndividualInferenceOutput/new_bilby/population3_lowSpinAligned_highmass/job_00388_justSpin_resume.pickle
15:23 bilby INFO    : Written checkpoint file /home/simona.miller/comp-spin-mock-injections/Data/IndividualInferenceOutput/new_bilby/population3_lowSpinAligned_highmass/job_00388_justSpin_resume.pickle
15:35 bilby INFO    : Written checkpoint file /home/simona.miller/comp-spin-mock-injections/Data/IndividualInferenceOutput/new_bilby/population3_lowSpinAligned_highmass/job_00388_justSpin_resume.pickle
15:46 bilby INFO    : Written checkpoint file /home/simona.miller/comp-spin-mock-injections/Data/IndividualInferenceOutput/new_bilby/population3_lowSpinAligned_highmass/job_00388_justSpin_resume.pickle
15:57 bilby INFO    : Written checkpoint file /home/simona.miller/comp-spin-mock-injections/Data/IndividualInferenceOutput/new_bilby/population3_lowSpinAligned_highmass/job_00388_justSpin_resume.pickle
16:08 bilby INFO    : Written checkpoint file /home/simona.miller/comp-spin-mock-injections/Data/IndividualInferenceOutput/new_bilby/population3_lowSpinAligned_highmass/job_00388_justSpin_resume.pickle
16:18 bilby INFO    : Written checkpoint file /home/simona.miller/comp-spin-mock-injections/Data/IndividualInferenceOutput/new_bilby/population3_lowSpinAligned_highmass/job_00388_justSpin_resume.pickle
16:30 bilby INFO    : Written checkpoint file /home/simona.miller/comp-spin-mock-injections/Data/IndividualInferenceOutput/new_bilby/population3_lowSpinAligned_highmass/job_00388_justSpin_resume.pickle
16:44 bilby INFO    : Written checkpoint file /home/simona.miller/comp-spin-mock-injections/Data/IndividualInferenceOutput/new_bilby/population3_lowSpinAligned_highmass/job_00388_justSpin_resume.pickle
16:58 bilby INFO    : Written checkpoint file /home/simona.miller/comp-spin-mock-injections/Data/IndividualInferenceOutput/new_bilby/population3_lowSpinAligned_highmass/job_00388_justSpin_resume.pickle
17:09 bilby INFO    : Written checkpoint file /home/simona.miller/comp-spin-mock-injections/Data/IndividualInferenceOutput/new_bilby/population3_lowSpinAligned_highmass/job_00388_justSpin_resume.pickle
17:21 bilby INFO    : Written checkpoint file /home/simona.miller/comp-spin-mock-injections/Data/IndividualInferenceOutput/new_bilby/population3_lowSpinAligned_highmass/job_00388_justSpin_resume.pickle
17:33 bilby INFO    : Written checkpoint file /home/simona.miller/comp-spin-mock-injections/Data/IndividualInferenceOutput/new_bilby/population3_lowSpinAligned_highmass/job_00388_justSpin_resume.pickle
17:44 bilby INFO    : Written checkpoint file /home/simona.miller/comp-spin-mock-injections/Data/IndividualInferenceOutput/new_bilby/population3_lowSpinAligned_highmass/job_00388_justSpin_resume.pickle
17:56 bilby INFO    : Written checkpoint file /home/simona.miller/comp-spin-mock-injections/Data/IndividualInferenceOutput/new_bilby/population3_lowSpinAligned_highmass/job_00388_justSpin_resume.pickle
18:03 bilby INFO    : Written checkpoint file /home/simona.miller/comp-spin-mock-injections/Data/IndividualInferenceOutput/new_bilby/population3_lowSpinAligned_highmass/job_00388_justSpin_resume.pickle
18:03 bilby INFO    : Starting to close worker pool.
18:03 bilby INFO    : Finished closing worker pool.
18:03 bilby INFO    : Rejection sampling nested samples to obtain 6062 posterior samples
18:03 bilby INFO    : Sampling time: 3:11:17.687892
18:03 bilby INFO    : Computing per-detector log likelihoods.
18:03 bilby INFO    : Using a pool with size 8 for nsamples=6062
18:04 bilby INFO    : Generating sky frame parameters.
18:04 bilby INFO    : Computing SNRs for every sample.
18:04 bilby INFO    : Using a pool with size 8 for nsamples=6062
18:05 bilby INFO    : Summary of results:
nsamples: 6062
ln_noise_evidence: -24206.879
ln_evidence: -24142.713 +/-  0.047
ln_bayes_factor: 64.166 +/-  0.047

