000 (113450275.000.000) 2023-03-29 17:01:38 Job submitted from host: <10.14.0.160:9618?addrs=10.14.0.160-9618&alias=ldas-pcdev2.ligo.caltech.edu&noUDP&sock=schedd_7450_a8a7>
    DAG Node: 781
...
040 (113450275.000.000) 2023-03-29 17:48:04 Started transferring input files
	Transferring to host: <10.14.9.194:9618?addrs=10.14.9.194-9618&alias=node2194.cluster.ldas.cit&noUDP&sock=slot1_2_189911_3ac4_89324>
...
040 (113450275.000.000) 2023-03-29 17:48:04 Finished transferring input files
...
001 (113450275.000.000) 2023-03-29 17:48:05 Job executing on host: <10.14.9.194:9618?addrs=10.14.9.194-9618&alias=node2194.cluster.ldas.cit&noUDP&sock=startd_189641_87e3>
...
006 (113450275.000.000) 2023-03-29 17:48:05 Image size of job updated: 1
	0  -  MemoryUsage of job (MB)
	0  -  ResidentSetSize of job (KB)
...
040 (113450275.000.000) 2023-03-29 17:48:05 Started transferring output files
...
040 (113450275.000.000) 2023-03-29 17:48:05 Finished transferring output files
...
005 (113450275.000.000) 2023-03-29 17:48:05 Job terminated.
	(1) Normal termination (return value 127)
		Usr 0 00:00:00, Sys 0 00:00:00  -  Run Remote Usage
		Usr 0 00:00:00, Sys 0 00:00:00  -  Run Local Usage
		Usr 0 00:00:00, Sys 0 00:00:00  -  Total Remote Usage
		Usr 0 00:00:00, Sys 0 00:00:00  -  Total Local Usage
	407  -  Run Bytes Sent By Job
	375  -  Run Bytes Received By Job
	407  -  Total Bytes Sent By Job
	375  -  Total Bytes Received By Job
	Partitionable Resources :    Usage  Request Allocated 
	   Cpus                 :                 1         1 
	   Disk (KB)            :       14   500000    561711 
	   GPUs                 :                           0 
	   Memory (MB)          :        0    20000     20096 

	Job terminated of its own accord at 2023-03-30T00:48:05Z with exit-code 127.
...
000 (113471528.000.000) 2023-03-31 13:48:02 Job submitted from host: <10.14.0.160:9618?addrs=10.14.0.160-9618&alias=ldas-pcdev2.ligo.caltech.edu&noUDP&sock=schedd_7450_a8a7>
    DAG Node: 781
...
022 (113471528.000.000) 2023-03-31 14:55:44 Job disconnected, attempting to reconnect
    Socket between submit and execute hosts closed unexpectedly
    Trying to reconnect to slot1_5@node2267.cluster.ldas.cit <10.14.10.17:9618?addrs=10.14.10.17-9618&alias=node2267.cluster.ldas.cit&noUDP&sock=startd_3479_e213>
...
024 (113471528.000.000) 2023-03-31 14:55:53 Job reconnection failed
    Job not found at execution machine
    Can not reconnect to slot1_5@node2267.cluster.ldas.cit, rescheduling job
...
040 (113471528.000.000) 2023-03-31 14:58:14 Started transferring input files
	Transferring to host: <10.14.4.35:9618?addrs=10.14.4.35-9618&alias=node785.cluster.ldas.cit&noUDP&sock=slot1_8_2682066_e0c2_18001>
...
040 (113471528.000.000) 2023-03-31 14:58:14 Finished transferring input files
...
001 (113471528.000.000) 2023-03-31 14:58:15 Job executing on host: <10.14.4.35:9618?addrs=10.14.4.35-9618&alias=node785.cluster.ldas.cit&noUDP&sock=startd_2682030_13a8>
...
006 (113471528.000.000) 2023-03-31 14:58:23 Image size of job updated: 3740828
	171  -  MemoryUsage of job (MB)
	174720  -  ResidentSetSize of job (KB)
...
006 (113471528.000.000) 2023-03-31 15:03:23 Image size of job updated: 3936140
	527  -  MemoryUsage of job (MB)
	539320  -  ResidentSetSize of job (KB)
...
006 (113471528.000.000) 2023-03-31 15:08:23 Image size of job updated: 3937520
	529  -  MemoryUsage of job (MB)
	540732  -  ResidentSetSize of job (KB)
...
006 (113471528.000.000) 2023-03-31 15:13:24 Image size of job updated: 4038716
	629  -  MemoryUsage of job (MB)
	643796  -  ResidentSetSize of job (KB)
...
006 (113471528.000.000) 2023-03-31 15:18:24 Image size of job updated: 4049732
	640  -  MemoryUsage of job (MB)
	655196  -  ResidentSetSize of job (KB)
...
006 (113471528.000.000) 2023-03-31 15:23:24 Image size of job updated: 4051048
	702  -  MemoryUsage of job (MB)
	718164  -  ResidentSetSize of job (KB)
...
006 (113471528.000.000) 2023-03-31 15:28:25 Image size of job updated: 4058908
	850  -  MemoryUsage of job (MB)
	869804  -  ResidentSetSize of job (KB)
...
006 (113471528.000.000) 2023-03-31 15:33:25 Image size of job updated: 4060692
	850  -  MemoryUsage of job (MB)
	869804  -  ResidentSetSize of job (KB)
...
006 (113471528.000.000) 2023-03-31 15:38:25 Image size of job updated: 4070172
	855  -  MemoryUsage of job (MB)
	874924  -  ResidentSetSize of job (KB)
...
006 (113471528.000.000) 2023-03-31 15:43:26 Image size of job updated: 4070172
	859  -  MemoryUsage of job (MB)
	878792  -  ResidentSetSize of job (KB)
...
006 (113471528.000.000) 2023-03-31 15:48:26 Image size of job updated: 4080516
	868  -  MemoryUsage of job (MB)
	888140  -  ResidentSetSize of job (KB)
...
006 (113471528.000.000) 2023-03-31 15:58:27 Image size of job updated: 4095336
	874  -  MemoryUsage of job (MB)
	894740  -  ResidentSetSize of job (KB)
...
006 (113471528.000.000) 2023-03-31 16:13:28 Image size of job updated: 4095336
	875  -  MemoryUsage of job (MB)
	895388  -  ResidentSetSize of job (KB)
...
006 (113471528.000.000) 2023-03-31 16:23:29 Image size of job updated: 4095336
	875  -  MemoryUsage of job (MB)
	895620  -  ResidentSetSize of job (KB)
...
006 (113471528.000.000) 2023-03-31 16:28:30 Image size of job updated: 4095336
	880  -  MemoryUsage of job (MB)
	900404  -  ResidentSetSize of job (KB)
...
006 (113471528.000.000) 2023-03-31 16:38:31 Image size of job updated: 4095336
	880  -  MemoryUsage of job (MB)
	900524  -  ResidentSetSize of job (KB)
...
006 (113471528.000.000) 2023-03-31 16:43:32 Image size of job updated: 4095336
	883  -  MemoryUsage of job (MB)
	904056  -  ResidentSetSize of job (KB)
...
006 (113471528.000.000) 2023-03-31 16:48:32 Image size of job updated: 4095336
	885  -  MemoryUsage of job (MB)
	905880  -  ResidentSetSize of job (KB)
...
006 (113471528.000.000) 2023-03-31 16:53:33 Image size of job updated: 4098160
	888  -  MemoryUsage of job (MB)
	909068  -  ResidentSetSize of job (KB)
...
006 (113471528.000.000) 2023-03-31 16:58:34 Image size of job updated: 4105836
	895  -  MemoryUsage of job (MB)
	916468  -  ResidentSetSize of job (KB)
...
006 (113471528.000.000) 2023-03-31 17:03:34 Image size of job updated: 4111344
	897  -  MemoryUsage of job (MB)
	918380  -  ResidentSetSize of job (KB)
...
006 (113471528.000.000) 2023-03-31 17:13:36 Image size of job updated: 4111344
	898  -  MemoryUsage of job (MB)
	919168  -  ResidentSetSize of job (KB)
...
006 (113471528.000.000) 2023-03-31 17:18:36 Image size of job updated: 4111344
	899  -  MemoryUsage of job (MB)
	920084  -  ResidentSetSize of job (KB)
...
006 (113471528.000.000) 2023-03-31 17:28:38 Image size of job updated: 4111352
	899  -  MemoryUsage of job (MB)
	920084  -  ResidentSetSize of job (KB)
...
006 (113471528.000.000) 2023-03-31 17:33:38 Image size of job updated: 4111568
	901  -  MemoryUsage of job (MB)
	921856  -  ResidentSetSize of job (KB)
...
006 (113471528.000.000) 2023-03-31 17:38:38 Image size of job updated: 4127180
	916  -  MemoryUsage of job (MB)
	937512  -  ResidentSetSize of job (KB)
...
006 (113471528.000.000) 2023-03-31 17:45:37 Image size of job updated: 4127452
	916  -  MemoryUsage of job (MB)
	937512  -  ResidentSetSize of job (KB)
...
006 (113471528.000.000) 2023-03-31 18:36:38 Image size of job updated: 4128884
	916  -  MemoryUsage of job (MB)
	937512  -  ResidentSetSize of job (KB)
...
006 (113471528.000.000) 2023-03-31 18:56:41 Image size of job updated: 4128884
	918  -  MemoryUsage of job (MB)
	939116  -  ResidentSetSize of job (KB)
...
006 (113471528.000.000) 2023-03-31 19:01:42 Image size of job updated: 4128884
	918  -  MemoryUsage of job (MB)
	939176  -  ResidentSetSize of job (KB)
...
006 (113471528.000.000) 2023-03-31 19:11:43 Image size of job updated: 4133340
	918  -  MemoryUsage of job (MB)
	939176  -  ResidentSetSize of job (KB)
...
006 (113471528.000.000) 2023-03-31 19:16:44 Image size of job updated: 4133340
	919  -  MemoryUsage of job (MB)
	940124  -  ResidentSetSize of job (KB)
...
006 (113471528.000.000) 2023-03-31 19:21:44 Image size of job updated: 4134388
	922  -  MemoryUsage of job (MB)
	943212  -  ResidentSetSize of job (KB)
...
006 (113471528.000.000) 2023-03-31 19:31:46 Image size of job updated: 4134388
	922  -  MemoryUsage of job (MB)
	943700  -  ResidentSetSize of job (KB)
...
006 (113471528.000.000) 2023-03-31 19:36:46 Image size of job updated: 4134388
	922  -  MemoryUsage of job (MB)
	943892  -  ResidentSetSize of job (KB)
...
006 (113471528.000.000) 2023-03-31 19:46:48 Image size of job updated: 4143356
	932  -  MemoryUsage of job (MB)
	954192  -  ResidentSetSize of job (KB)
...
006 (113471528.000.000) 2023-03-31 19:51:48 Image size of job updated: 4143356
	932  -  MemoryUsage of job (MB)
	954220  -  ResidentSetSize of job (KB)
...
006 (113471528.000.000) 2023-03-31 19:56:49 Image size of job updated: 4145216
	934  -  MemoryUsage of job (MB)
	956228  -  ResidentSetSize of job (KB)
...
006 (113471528.000.000) 2023-03-31 20:01:50 Image size of job updated: 4151412
	940  -  MemoryUsage of job (MB)
	962316  -  ResidentSetSize of job (KB)
...
006 (113471528.000.000) 2023-03-31 20:06:50 Image size of job updated: 4152072
	940  -  MemoryUsage of job (MB)
	962316  -  ResidentSetSize of job (KB)
...
006 (113471528.000.000) 2023-03-31 20:31:54 Image size of job updated: 4170720
	941  -  MemoryUsage of job (MB)
	963072  -  ResidentSetSize of job (KB)
...
006 (113471528.000.000) 2023-03-31 20:36:54 Image size of job updated: 4170720
	941  -  MemoryUsage of job (MB)
	963176  -  ResidentSetSize of job (KB)
...
006 (113471528.000.000) 2023-03-31 20:46:56 Image size of job updated: 4170720
	943  -  MemoryUsage of job (MB)
	964684  -  ResidentSetSize of job (KB)
...
006 (113471528.000.000) 2023-03-31 20:51:56 Image size of job updated: 4170720
	943  -  MemoryUsage of job (MB)
	965104  -  ResidentSetSize of job (KB)
...
006 (113471528.000.000) 2023-03-31 20:56:56 Image size of job updated: 4170720
	945  -  MemoryUsage of job (MB)
	967104  -  ResidentSetSize of job (KB)
...
006 (113471528.000.000) 2023-03-31 21:01:57 Image size of job updated: 4170720
	955  -  MemoryUsage of job (MB)
	977352  -  ResidentSetSize of job (KB)
...
006 (113471528.000.000) 2023-03-31 21:06:57 Image size of job updated: 4170720
	958  -  MemoryUsage of job (MB)
	980508  -  ResidentSetSize of job (KB)
...
006 (113471528.000.000) 2023-03-31 21:11:58 Image size of job updated: 4171732
	958  -  MemoryUsage of job (MB)
	980508  -  ResidentSetSize of job (KB)
...
006 (113471528.000.000) 2023-03-31 22:47:08 Image size of job updated: 4171732
	958  -  MemoryUsage of job (MB)
	980724  -  ResidentSetSize of job (KB)
...
006 (113471528.000.000) 2023-03-31 22:57:08 Image size of job updated: 4183072
	972  -  MemoryUsage of job (MB)
	994388  -  ResidentSetSize of job (KB)
...
006 (113471528.000.000) 2023-03-31 23:02:10 Image size of job updated: 4186160
	972  -  MemoryUsage of job (MB)
	994388  -  ResidentSetSize of job (KB)
...
006 (113471528.000.000) 2023-03-31 23:07:10 Image size of job updated: 4186524
	973  -  MemoryUsage of job (MB)
	995904  -  ResidentSetSize of job (KB)
...
006 (113471528.000.000) 2023-03-31 23:12:10 Image size of job updated: 4189408
	974  -  MemoryUsage of job (MB)
	996812  -  ResidentSetSize of job (KB)
...
006 (113471528.000.000) 2023-03-31 23:17:11 Image size of job updated: 4193072
	980  -  MemoryUsage of job (MB)
	1003508  -  ResidentSetSize of job (KB)
...
006 (113471528.000.000) 2023-03-31 23:22:11 Image size of job updated: 4193072
	981  -  MemoryUsage of job (MB)
	1003568  -  ResidentSetSize of job (KB)
...
006 (113471528.000.000) 2023-03-31 23:27:11 Image size of job updated: 4195688
	981  -  MemoryUsage of job (MB)
	1003568  -  ResidentSetSize of job (KB)
...
006 (113471528.000.000) 2023-03-31 23:32:12 Image size of job updated: 4196584
	984  -  MemoryUsage of job (MB)
	1007616  -  ResidentSetSize of job (KB)
...
006 (113471528.000.000) 2023-03-31 23:37:12 Image size of job updated: 4197832
	984  -  MemoryUsage of job (MB)
	1007616  -  ResidentSetSize of job (KB)
...
006 (113471528.000.000) 2023-04-01 00:22:16 Image size of job updated: 4201644
	989  -  MemoryUsage of job (MB)
	1011880  -  ResidentSetSize of job (KB)
...
006 (113471528.000.000) 2023-04-01 00:27:16 Image size of job updated: 4202348
	989  -  MemoryUsage of job (MB)
	1012284  -  ResidentSetSize of job (KB)
...
006 (113471528.000.000) 2023-04-01 00:32:17 Image size of job updated: 4204728
	992  -  MemoryUsage of job (MB)
	1014900  -  ResidentSetSize of job (KB)
...
006 (113471528.000.000) 2023-04-01 00:37:18 Image size of job updated: 4209956
	996  -  MemoryUsage of job (MB)
	1019672  -  ResidentSetSize of job (KB)
...
006 (113471528.000.000) 2023-04-01 00:42:18 Image size of job updated: 4211924
	998  -  MemoryUsage of job (MB)
	1021944  -  ResidentSetSize of job (KB)
...
006 (113471528.000.000) 2023-04-01 00:47:19 Image size of job updated: 4214188
	998  -  MemoryUsage of job (MB)
	1021944  -  ResidentSetSize of job (KB)
...
006 (113471528.000.000) 2023-04-01 01:07:22 Image size of job updated: 4214188
	1000  -  MemoryUsage of job (MB)
	1023156  -  ResidentSetSize of job (KB)
...
006 (113471528.000.000) 2023-04-01 01:12:22 Image size of job updated: 4214332
	1000  -  MemoryUsage of job (MB)
	1023764  -  ResidentSetSize of job (KB)
...
006 (113471528.000.000) 2023-04-01 01:17:22 Image size of job updated: 4221732
	1006  -  MemoryUsage of job (MB)
	1030060  -  ResidentSetSize of job (KB)
...
006 (113471528.000.000) 2023-04-01 01:22:23 Image size of job updated: 4224348
	1006  -  MemoryUsage of job (MB)
	1030060  -  ResidentSetSize of job (KB)
...
006 (113471528.000.000) 2023-04-01 01:32:24 Image size of job updated: 4224776
	1011  -  MemoryUsage of job (MB)
	1034892  -  ResidentSetSize of job (KB)
...
006 (113471528.000.000) 2023-04-01 01:37:25 Image size of job updated: 4225048
	1014  -  MemoryUsage of job (MB)
	1037348  -  ResidentSetSize of job (KB)
...
006 (113471528.000.000) 2023-04-01 01:42:25 Image size of job updated: 4227820
	1014  -  MemoryUsage of job (MB)
	1037348  -  ResidentSetSize of job (KB)
...
006 (113471528.000.000) 2023-04-01 01:52:27 Image size of job updated: 4229548
	1014  -  MemoryUsage of job (MB)
	1037348  -  ResidentSetSize of job (KB)
...
006 (113471528.000.000) 2023-04-01 01:57:27 Image size of job updated: 4229548
	1014  -  MemoryUsage of job (MB)
	1037756  -  ResidentSetSize of job (KB)
...
006 (113471528.000.000) 2023-04-01 02:32:31 Image size of job updated: 4234064
	1020  -  MemoryUsage of job (MB)
	1043884  -  ResidentSetSize of job (KB)
...
006 (113471528.000.000) 2023-04-01 02:37:32 Image size of job updated: 4235708
	1021  -  MemoryUsage of job (MB)
	1044652  -  ResidentSetSize of job (KB)
...
006 (113471528.000.000) 2023-04-01 02:42:32 Image size of job updated: 4239608
	1024  -  MemoryUsage of job (MB)
	1047600  -  ResidentSetSize of job (KB)
...
006 (113471528.000.000) 2023-04-01 02:57:34 Image size of job updated: 4242004
	1024  -  MemoryUsage of job (MB)
	1047600  -  ResidentSetSize of job (KB)
...
006 (113471528.000.000) 2023-04-01 03:07:35 Image size of job updated: 4242004
	1025  -  MemoryUsage of job (MB)
	1049364  -  ResidentSetSize of job (KB)
...
006 (113471528.000.000) 2023-04-01 03:12:36 Image size of job updated: 4242004
	1025  -  MemoryUsage of job (MB)
	1049428  -  ResidentSetSize of job (KB)
...
006 (113471528.000.000) 2023-04-01 03:17:36 Image size of job updated: 4242484
	1027  -  MemoryUsage of job (MB)
	1051588  -  ResidentSetSize of job (KB)
...
006 (113471528.000.000) 2023-04-01 03:22:37 Image size of job updated: 4247568
	1027  -  MemoryUsage of job (MB)
	1051588  -  ResidentSetSize of job (KB)
...
006 (113471528.000.000) 2023-04-01 04:07:42 Image size of job updated: 4250300
	1036  -  MemoryUsage of job (MB)
	1060196  -  ResidentSetSize of job (KB)
...
006 (113471528.000.000) 2023-04-01 04:17:44 Image size of job updated: 4252160
	1036  -  MemoryUsage of job (MB)
	1060196  -  ResidentSetSize of job (KB)
...
006 (113471528.000.000) 2023-04-01 04:57:50 Image size of job updated: 4255064
	1039  -  MemoryUsage of job (MB)
	1063456  -  ResidentSetSize of job (KB)
...
006 (113471528.000.000) 2023-04-01 05:02:50 Image size of job updated: 4258352
	1039  -  MemoryUsage of job (MB)
	1063456  -  ResidentSetSize of job (KB)
...
006 (113471528.000.000) 2023-04-01 05:07:50 Image size of job updated: 4258352
	1042  -  MemoryUsage of job (MB)
	1066520  -  ResidentSetSize of job (KB)
...
006 (113471528.000.000) 2023-04-01 05:12:52 Image size of job updated: 4260588
	1045  -  MemoryUsage of job (MB)
	1069116  -  ResidentSetSize of job (KB)
...
006 (113471528.000.000) 2023-04-01 05:17:52 Image size of job updated: 4261504
	1045  -  MemoryUsage of job (MB)
	1069732  -  ResidentSetSize of job (KB)
...
006 (113471528.000.000) 2023-04-01 05:47:56 Image size of job updated: 4261504
	1047  -  MemoryUsage of job (MB)
	1071964  -  ResidentSetSize of job (KB)
...
006 (113471528.000.000) 2023-04-01 05:57:57 Image size of job updated: 4261504
	1049  -  MemoryUsage of job (MB)
	1073972  -  ResidentSetSize of job (KB)
...
006 (113471528.000.000) 2023-04-01 06:02:57 Image size of job updated: 4265652
	1049  -  MemoryUsage of job (MB)
	1073972  -  ResidentSetSize of job (KB)
...
006 (113471528.000.000) 2023-04-01 06:32:59 Image size of job updated: 4265652
	1051  -  MemoryUsage of job (MB)
	1076172  -  ResidentSetSize of job (KB)
...
006 (113471528.000.000) 2023-04-01 06:37:59 Image size of job updated: 4265652
	1052  -  MemoryUsage of job (MB)
	1076296  -  ResidentSetSize of job (KB)
...
006 (113471528.000.000) 2023-04-01 06:43:00 Image size of job updated: 4270804
	1056  -  MemoryUsage of job (MB)
	1080460  -  ResidentSetSize of job (KB)
...
006 (113471528.000.000) 2023-04-01 06:48:01 Image size of job updated: 4274212
	1061  -  MemoryUsage of job (MB)
	1085476  -  ResidentSetSize of job (KB)
...
006 (113471528.000.000) 2023-04-01 06:53:01 Image size of job updated: 4275440
	1061  -  MemoryUsage of job (MB)
	1085476  -  ResidentSetSize of job (KB)
...
006 (113471528.000.000) 2023-04-01 06:58:02 Image size of job updated: 4275440
	1061  -  MemoryUsage of job (MB)
	1085868  -  ResidentSetSize of job (KB)
...
006 (113471528.000.000) 2023-04-01 07:18:05 Image size of job updated: 4279616
	1063  -  MemoryUsage of job (MB)
	1087788  -  ResidentSetSize of job (KB)
...
006 (113471528.000.000) 2023-04-01 07:23:05 Image size of job updated: 4285040
	1068  -  MemoryUsage of job (MB)
	1093404  -  ResidentSetSize of job (KB)
...
006 (113471528.000.000) 2023-04-01 07:28:06 Image size of job updated: 4285476
	1068  -  MemoryUsage of job (MB)
	1093404  -  ResidentSetSize of job (KB)
...
006 (113471528.000.000) 2023-04-01 08:03:11 Image size of job updated: 4287880
	1068  -  MemoryUsage of job (MB)
	1093404  -  ResidentSetSize of job (KB)
...
006 (113471528.000.000) 2023-04-01 08:13:12 Image size of job updated: 4289724
	1070  -  MemoryUsage of job (MB)
	1095616  -  ResidentSetSize of job (KB)
...
006 (113471528.000.000) 2023-04-01 08:38:15 Image size of job updated: 4289724
	1073  -  MemoryUsage of job (MB)
	1098120  -  ResidentSetSize of job (KB)
...
006 (113471528.000.000) 2023-04-01 08:43:16 Image size of job updated: 4289724
	1073  -  MemoryUsage of job (MB)
	1098668  -  ResidentSetSize of job (KB)
...
006 (113471528.000.000) 2023-04-01 08:48:17 Image size of job updated: 4300084
	1084  -  MemoryUsage of job (MB)
	1109720  -  ResidentSetSize of job (KB)
...
006 (113471528.000.000) 2023-04-01 08:53:17 Image size of job updated: 4330160
	1084  -  MemoryUsage of job (MB)
	1109720  -  ResidentSetSize of job (KB)
...
006 (113471528.000.000) 2023-04-01 09:53:24 Image size of job updated: 4330160
	1086  -  MemoryUsage of job (MB)
	1111492  -  ResidentSetSize of job (KB)
...
006 (113471528.000.000) 2023-04-01 09:58:24 Image size of job updated: 4330160
	1092  -  MemoryUsage of job (MB)
	1117432  -  ResidentSetSize of job (KB)
...
006 (113471528.000.000) 2023-04-01 10:13:26 Image size of job updated: 4330160
	1101  -  MemoryUsage of job (MB)
	1126792  -  ResidentSetSize of job (KB)
...
006 (113471528.000.000) 2023-04-01 12:28:43 Image size of job updated: 4336012
	1101  -  MemoryUsage of job (MB)
	1126792  -  ResidentSetSize of job (KB)
...
006 (113471528.000.000) 2023-04-01 12:38:44 Image size of job updated: 4345480
	1101  -  MemoryUsage of job (MB)
	1126792  -  ResidentSetSize of job (KB)
...
006 (113471528.000.000) 2023-04-01 13:33:49 Image size of job updated: 4345480
	1105  -  MemoryUsage of job (MB)
	1130828  -  ResidentSetSize of job (KB)
...
006 (113471528.000.000) 2023-04-01 14:03:51 Image size of job updated: 4345480
	1108  -  MemoryUsage of job (MB)
	1133784  -  ResidentSetSize of job (KB)
...
004 (113471528.000.000) 2023-04-01 14:58:39 Job was evicted.
	(0) CPU times
		Usr 2 19:13:55, Sys 0 00:06:01  -  Run Remote Usage
		Usr 0 00:00:00, Sys 0 00:00:00  -  Run Local Usage
	0  -  Run Bytes Sent By Job
	375  -  Run Bytes Received By Job
	Partitionable Resources :    Usage  Request Allocated 
	   Cpus                 :     0.90        1         1 
	   Disk (KB)            :   732      500000    624256 
	   GPUs                 :                           0 
	   Memory (MB)          :  1108       20000     20096 
...
040 (113471528.000.000) 2023-04-01 14:58:44 Started transferring input files
	Transferring to host: <10.14.9.196:9618?addrs=10.14.9.196-9618&alias=node2196.cluster.ldas.cit&noUDP&sock=slot1_3_186547_fcbb_160709>
...
040 (113471528.000.000) 2023-04-01 14:58:44 Finished transferring input files
...
001 (113471528.000.000) 2023-04-01 14:58:45 Job executing on host: <10.14.9.196:9618?addrs=10.14.9.196-9618&alias=node2196.cluster.ldas.cit&noUDP&sock=startd_186508_8dac>
...
040 (113471528.000.000) 2023-04-01 14:58:45 Started transferring output files
...
040 (113471528.000.000) 2023-04-01 14:58:45 Finished transferring output files
...
005 (113471528.000.000) 2023-04-01 14:58:45 Job terminated.
	(1) Normal termination (return value 127)
		Usr 0 00:00:00, Sys 0 00:00:00  -  Run Remote Usage
		Usr 0 00:00:00, Sys 0 00:00:00  -  Run Local Usage
		Usr 2 19:13:55, Sys 0 00:06:01  -  Total Remote Usage
		Usr 0 00:00:00, Sys 0 00:00:00  -  Total Local Usage
	403  -  Run Bytes Sent By Job
	375  -  Run Bytes Received By Job
	403  -  Total Bytes Sent By Job
	750  -  Total Bytes Received By Job
	Partitionable Resources :    Usage  Request Allocated 
	   Cpus                 :     0.90        1         1 
	   Disk (KB)            :    16      500000    519527 
	   GPUs                 :                           0 
	   Memory (MB)          :  1221       20000     20096 

	Job terminated of its own accord at 2023-04-01T21:58:45Z with exit-code 127.
...
000 (113513383.000.000) 2023-04-03 11:54:53 Job submitted from host: <10.14.0.160:9618?addrs=10.14.0.160-9618&alias=ldas-pcdev2.ligo.caltech.edu&noUDP&sock=schedd_7450_a8a7>
    DAG Node: 781
...
040 (113513383.000.000) 2023-04-03 11:58:30 Started transferring input files
	Transferring to host: <10.14.10.64:9618?addrs=10.14.10.64-9618&alias=node2314.cluster.ldas.cit&noUDP&sock=slot1_17_3432305_1f8f_11408>
...
040 (113513383.000.000) 2023-04-03 11:58:30 Finished transferring input files
...
001 (113513383.000.000) 2023-04-03 11:58:31 Job executing on host: <10.14.10.64:9618?addrs=10.14.10.64-9618&alias=node2314.cluster.ldas.cit&noUDP&sock=startd_3432263_8359>
...
006 (113513383.000.000) 2023-04-03 11:58:40 Image size of job updated: 589128
	576  -  MemoryUsage of job (MB)
	589080  -  ResidentSetSize of job (KB)
...
006 (113513383.000.000) 2023-04-03 12:03:41 Image size of job updated: 3991288
	588  -  MemoryUsage of job (MB)
	601776  -  ResidentSetSize of job (KB)
...
006 (113513383.000.000) 2023-04-03 12:08:41 Image size of job updated: 4004768
	601  -  MemoryUsage of job (MB)
	614940  -  ResidentSetSize of job (KB)
...
006 (113513383.000.000) 2023-04-03 12:13:42 Image size of job updated: 4015476
	612  -  MemoryUsage of job (MB)
	625740  -  ResidentSetSize of job (KB)
...
006 (113513383.000.000) 2023-04-03 12:18:43 Image size of job updated: 4020332
	617  -  MemoryUsage of job (MB)
	631612  -  ResidentSetSize of job (KB)
...
006 (113513383.000.000) 2023-04-03 12:23:43 Image size of job updated: 4026984
	617  -  MemoryUsage of job (MB)
	631612  -  ResidentSetSize of job (KB)
...
006 (113513383.000.000) 2023-04-03 12:33:44 Image size of job updated: 4026984
	625  -  MemoryUsage of job (MB)
	639796  -  ResidentSetSize of job (KB)
...
006 (113513383.000.000) 2023-04-03 12:38:44 Image size of job updated: 4166276
	723  -  MemoryUsage of job (MB)
	740128  -  ResidentSetSize of job (KB)
...
006 (113513383.000.000) 2023-04-03 12:43:44 Image size of job updated: 4167552
	723  -  MemoryUsage of job (MB)
	740132  -  ResidentSetSize of job (KB)
...
006 (113513383.000.000) 2023-04-03 12:48:46 Image size of job updated: 4168352
	724  -  MemoryUsage of job (MB)
	740932  -  ResidentSetSize of job (KB)
...
006 (113513383.000.000) 2023-04-03 12:53:46 Image size of job updated: 4192092
	743  -  MemoryUsage of job (MB)
	760764  -  ResidentSetSize of job (KB)
...
006 (113513383.000.000) 2023-04-03 12:58:46 Image size of job updated: 4206316
	757  -  MemoryUsage of job (MB)
	774736  -  ResidentSetSize of job (KB)
...
006 (113513383.000.000) 2023-04-03 13:03:47 Image size of job updated: 4214628
	757  -  MemoryUsage of job (MB)
	774736  -  ResidentSetSize of job (KB)
...
006 (113513383.000.000) 2023-04-03 13:08:48 Image size of job updated: 4242376
	757  -  MemoryUsage of job (MB)
	774736  -  ResidentSetSize of job (KB)
...
006 (113513383.000.000) 2023-04-03 13:18:48 Image size of job updated: 4242376
	767  -  MemoryUsage of job (MB)
	785048  -  ResidentSetSize of job (KB)
...
006 (113513383.000.000) 2023-04-03 13:23:49 Image size of job updated: 4242376
	768  -  MemoryUsage of job (MB)
	785552  -  ResidentSetSize of job (KB)
...
006 (113513383.000.000) 2023-04-03 13:28:49 Image size of job updated: 4245428
	802  -  MemoryUsage of job (MB)
	821196  -  ResidentSetSize of job (KB)
...
006 (113513383.000.000) 2023-04-03 13:33:49 Image size of job updated: 4251904
	802  -  MemoryUsage of job (MB)
	821196  -  ResidentSetSize of job (KB)
...
006 (113513383.000.000) 2023-04-03 13:38:50 Image size of job updated: 4251904
	805  -  MemoryUsage of job (MB)
	824096  -  ResidentSetSize of job (KB)
...
006 (113513383.000.000) 2023-04-03 13:48:51 Image size of job updated: 4255172
	805  -  MemoryUsage of job (MB)
	824096  -  ResidentSetSize of job (KB)
...
006 (113513383.000.000) 2023-04-03 14:33:56 Image size of job updated: 4288160
	884  -  MemoryUsage of job (MB)
	904220  -  ResidentSetSize of job (KB)
...
006 (113513383.000.000) 2023-04-03 14:38:56 Image size of job updated: 4288160
	1022  -  MemoryUsage of job (MB)
	1045964  -  ResidentSetSize of job (KB)
...
006 (113513383.000.000) 2023-04-03 14:43:57 Image size of job updated: 4288160
	1030  -  MemoryUsage of job (MB)
	1054080  -  ResidentSetSize of job (KB)
...
006 (113513383.000.000) 2023-04-03 14:48:58 Image size of job updated: 4288160
	1037  -  MemoryUsage of job (MB)
	1061296  -  ResidentSetSize of job (KB)
...
006 (113513383.000.000) 2023-04-03 15:03:59 Image size of job updated: 4288160
	1037  -  MemoryUsage of job (MB)
	1061336  -  ResidentSetSize of job (KB)
...
006 (113513383.000.000) 2023-04-03 15:08:59 Image size of job updated: 4311816
	1037  -  MemoryUsage of job (MB)
	1061336  -  ResidentSetSize of job (KB)
...
006 (113513383.000.000) 2023-04-03 15:24:01 Image size of job updated: 8299004
	1037  -  MemoryUsage of job (MB)
	1061336  -  ResidentSetSize of job (KB)
...
040 (113513383.000.000) 2023-04-03 15:25:13 Started transferring output files
...
040 (113513383.000.000) 2023-04-03 15:25:13 Finished transferring output files
...
005 (113513383.000.000) 2023-04-03 15:25:13 Job terminated.
	(1) Normal termination (return value 0)
		Usr 0 10:53:16, Sys 0 00:01:04  -  Run Remote Usage
		Usr 0 00:00:00, Sys 0 00:00:00  -  Run Local Usage
		Usr 0 10:53:16, Sys 0 00:01:04  -  Total Remote Usage
		Usr 0 00:00:00, Sys 0 00:00:00  -  Total Local Usage
	85993  -  Run Bytes Sent By Job
	375  -  Run Bytes Received By Job
	85993  -  Total Bytes Sent By Job
	375  -  Total Bytes Received By Job
	Partitionable Resources :    Usage  Request Allocated 
	   Cpus                 :     1.59        1         1 
	   Disk (KB)            :   106      500000    624256 
	   GPUs                 :                           0 
	   Memory (MB)          :  1037       20000     20096 

	Job terminated of its own accord at 2023-04-03T22:25:13Z with exit-code 0.
...
