14:27 bilby INFO    : Waveform generator initiated with
  frequency_domain_source_model: bilby.gw.source.lal_binary_black_hole
  time_domain_source_model: None
  parameter_conversion: bilby.gw.conversion.convert_to_lal_binary_black_hole_parameters
14:27 bilby INFO    : Injected signal in H1:
14:27 bilby INFO    :   optimal SNR = 7.72
14:27 bilby INFO    :   matched filter SNR = 6.80-0.67j
14:27 bilby INFO    :   mass_1 = 64.23461375358663
14:27 bilby INFO    :   mass_2 = 59.283405763812645
14:27 bilby INFO    :   a_1 = 0.0400008457378203
14:27 bilby INFO    :   a_2 = 0.26327114181414013
14:27 bilby INFO    :   tilt_1 = 1.7782193993062092
14:27 bilby INFO    :   tilt_2 = 0.5578858857709585
14:27 bilby INFO    :   phi_12 = 1.3656993579439223
14:27 bilby INFO    :   phi_jl = 6.114137939054587
14:27 bilby INFO    :   luminosity_distance = 2119.4443721573
14:27 bilby INFO    :   theta_jn = 0.8865302167746459
14:27 bilby INFO    :   psi = 4.4031735997
14:27 bilby INFO    :   phase = 4.0522517509
14:27 bilby INFO    :   geocent_time = 1126259642.413
14:27 bilby INFO    :   ra = 4.7018311906
14:27 bilby INFO    :   dec = 2.511254134
14:27 bilby INFO    : Injected signal in L1:
14:27 bilby INFO    :   optimal SNR = 12.36
14:27 bilby INFO    :   matched filter SNR = 11.71+0.83j
14:27 bilby INFO    :   mass_1 = 64.23461375358663
14:27 bilby INFO    :   mass_2 = 59.283405763812645
14:27 bilby INFO    :   a_1 = 0.0400008457378203
14:27 bilby INFO    :   a_2 = 0.26327114181414013
14:27 bilby INFO    :   tilt_1 = 1.7782193993062092
14:27 bilby INFO    :   tilt_2 = 0.5578858857709585
14:27 bilby INFO    :   phi_12 = 1.3656993579439223
14:27 bilby INFO    :   phi_jl = 6.114137939054587
14:27 bilby INFO    :   luminosity_distance = 2119.4443721573
14:27 bilby INFO    :   theta_jn = 0.8865302167746459
14:27 bilby INFO    :   psi = 4.4031735997
14:27 bilby INFO    :   phase = 4.0522517509
14:27 bilby INFO    :   geocent_time = 1126259642.413
14:27 bilby INFO    :   ra = 4.7018311906
14:27 bilby INFO    :   dec = 2.511254134
14:27 bilby INFO    : Injected signal in V1:
14:27 bilby INFO    :   optimal SNR = 4.35
14:27 bilby INFO    :   matched filter SNR = 3.09-0.55j
14:27 bilby INFO    :   mass_1 = 64.23461375358663
14:27 bilby INFO    :   mass_2 = 59.283405763812645
14:27 bilby INFO    :   a_1 = 0.0400008457378203
14:27 bilby INFO    :   a_2 = 0.26327114181414013
14:27 bilby INFO    :   tilt_1 = 1.7782193993062092
14:27 bilby INFO    :   tilt_2 = 0.5578858857709585
14:27 bilby INFO    :   phi_12 = 1.3656993579439223
14:27 bilby INFO    :   phi_jl = 6.114137939054587
14:27 bilby INFO    :   luminosity_distance = 2119.4443721573
14:27 bilby INFO    :   theta_jn = 0.8865302167746459
14:27 bilby INFO    :   psi = 4.4031735997
14:27 bilby INFO    :   phase = 4.0522517509
14:27 bilby INFO    :   geocent_time = 1126259642.413
14:27 bilby INFO    :   ra = 4.7018311906
14:27 bilby INFO    :   dec = 2.511254134
14:27 bilby INFO    : Running for label 'job_00835_fixedExtrinsic', output will be saved to '/home/simona.miller/comp-spin-mock-injections/Data/IndividualInferenceOutput/new_bilby/population3_lowSpinAligned_highmass'
14:27 bilby INFO    : Using lal version 7.3.0
14:27 bilby INFO    : Using lal git version Branch: None;Tag: lalsuite-v7.13;Id: ec1fcb1d2d1dab69321fdb8f0afef1f867b11e06;;Builder: Unknown User <>;Repository status: UNCLEAN: Modified working tree
14:27 bilby INFO    : Using lalsimulation version 5.0.0
14:27 bilby INFO    : Using lalsimulation git version Branch: None;Tag: lalsuite-v7.13;Id: ec1fcb1d2d1dab69321fdb8f0afef1f867b11e06;;Builder: Unknown User <>;Repository status: UNCLEAN: Modified working tree
14:27 bilby INFO    : Analysis priors:
14:27 bilby INFO    : chirp_mass=bilby.gw.prior.UniformInComponentsChirpMass(minimum=2, maximum=200, name='chirp_mass', latex_label='$\\mathcal{M}$', unit=None, boundary=None)
14:27 bilby INFO    : mass_ratio=bilby.gw.prior.UniformInComponentsMassRatio(minimum=0.05, maximum=1, name='mass_ratio', latex_label='$q$', unit=None, boundary=None, equal_mass=False)
14:27 bilby INFO    : a_1=Uniform(minimum=0, maximum=0.99, name='a_1', latex_label='$a_1$', unit=None, boundary=None)
14:27 bilby INFO    : a_2=Uniform(minimum=0, maximum=0.99, name='a_2', latex_label='$a_2$', unit=None, boundary=None)
14:27 bilby INFO    : tilt_1=Sine(minimum=0, maximum=3.141592653589793, name='tilt_1', latex_label='$\\theta_1$', unit=None, boundary=None)
14:27 bilby INFO    : tilt_2=Sine(minimum=0, maximum=3.141592653589793, name='tilt_2', latex_label='$\\theta_2$', unit=None, boundary=None)
14:27 bilby INFO    : phi_12=Uniform(minimum=0, maximum=6.283185307179586, name='phi_12', latex_label='$\\Delta\\phi$', unit=None, boundary='periodic')
14:27 bilby INFO    : phi_jl=Uniform(minimum=0, maximum=6.283185307179586, name='phi_jl', latex_label='$\\phi_{JL}$', unit=None, boundary='periodic')
14:27 bilby INFO    : mass_1=Constraint(minimum=54.23461375358663, maximum=74.23461375358663, name='mass_1', latex_label='$m_1$', unit=None)
14:27 bilby INFO    : mass_2=Constraint(minimum=49.283405763812645, maximum=69.28340576381265, name='mass_2', latex_label='$m_2$', unit=None)
14:27 bilby INFO    : ra=4.7018311906
14:27 bilby INFO    : dec=2.511254134
14:27 bilby INFO    : geocent_time=1126259642.413
14:27 bilby INFO    : phase=4.0522517509
14:27 bilby INFO    : psi=4.4031735997
14:27 bilby INFO    : luminosity_distance=2119.4443721573
14:27 bilby INFO    : theta_jn=0.8865302167746459
14:27 bilby INFO    : Analysis likelihood class: <class 'bilby.gw.likelihood.base.GravitationalWaveTransient'>
14:27 bilby INFO    : Analysis likelihood noise evidence: -23922.056034562294
14:27 bilby INFO    : Single likelihood evaluation took 1.166e-01 s
14:27 bilby INFO    : Using sampler Dynesty with kwargs {'nlive': 2000, 'bound': 'live', 'sample': 'act-walk', 'periodic': None, 'reflective': None, 'update_interval': 600, 'first_update': None, 'npdim': None, 'rstate': None, 'queue_size': 8, 'pool': None, 'use_pool': None, 'live_points': None, 'logl_args': None, 'logl_kwargs': None, 'ptform_args': None, 'ptform_kwargs': None, 'gradient': None, 'grad_args': None, 'grad_kwargs': None, 'compute_jac': False, 'enlarge': None, 'bootstrap': None, 'walks': 100, 'facc': 0.2, 'slices': None, 'fmove': 0.9, 'max_move': 100, 'update_func': None, 'ncdim': None, 'blob': False, 'save_history': False, 'history_filename': None, 'maxiter': None, 'maxcall': None, 'dlogz': 0.1, 'logl_max': inf, 'n_effective': None, 'add_live': True, 'print_progress': True, 'print_func': <bound method Dynesty._print_func of <bilby.core.sampler.dynesty.Dynesty object at 0x1523ba3f0e80>>, 'save_bounds': False, 'checkpoint_file': None, 'checkpoint_every': 60, 'resume': False}
14:27 bilby INFO    : Checkpoint every check_point_delta_t = 600s
14:27 bilby INFO    : Using dynesty version 2.1.0
14:27 bilby INFO    : Using the bilby-implemented rwalk sampling tracking the autocorrelation function and thinning by 5 with maximum length 25000
14:27 bilby INFO    : Setting up multiproccesing pool with 8 processes
14:27 bilby INFO    : Resume file /home/simona.miller/comp-spin-mock-injections/Data/IndividualInferenceOutput/new_bilby/population3_lowSpinAligned_highmass/job_00835_fixedExtrinsic_resume.pickle does not exist.
14:27 bilby INFO    : Generating initial points from the prior
14:46 bilby INFO    : Written checkpoint file /home/simona.miller/comp-spin-mock-injections/Data/IndividualInferenceOutput/new_bilby/population3_lowSpinAligned_highmass/job_00835_fixedExtrinsic_resume.pickle
14:56 bilby INFO    : Written checkpoint file /home/simona.miller/comp-spin-mock-injections/Data/IndividualInferenceOutput/new_bilby/population3_lowSpinAligned_highmass/job_00835_fixedExtrinsic_resume.pickle
15:07 bilby INFO    : Written checkpoint file /home/simona.miller/comp-spin-mock-injections/Data/IndividualInferenceOutput/new_bilby/population3_lowSpinAligned_highmass/job_00835_fixedExtrinsic_resume.pickle
15:17 bilby INFO    : Written checkpoint file /home/simona.miller/comp-spin-mock-injections/Data/IndividualInferenceOutput/new_bilby/population3_lowSpinAligned_highmass/job_00835_fixedExtrinsic_resume.pickle
15:28 bilby INFO    : Written checkpoint file /home/simona.miller/comp-spin-mock-injections/Data/IndividualInferenceOutput/new_bilby/population3_lowSpinAligned_highmass/job_00835_fixedExtrinsic_resume.pickle
15:40 bilby INFO    : Written checkpoint file /home/simona.miller/comp-spin-mock-injections/Data/IndividualInferenceOutput/new_bilby/population3_lowSpinAligned_highmass/job_00835_fixedExtrinsic_resume.pickle
15:52 bilby INFO    : Written checkpoint file /home/simona.miller/comp-spin-mock-injections/Data/IndividualInferenceOutput/new_bilby/population3_lowSpinAligned_highmass/job_00835_fixedExtrinsic_resume.pickle
16:02 bilby INFO    : Written checkpoint file /home/simona.miller/comp-spin-mock-injections/Data/IndividualInferenceOutput/new_bilby/population3_lowSpinAligned_highmass/job_00835_fixedExtrinsic_resume.pickle
16:14 bilby INFO    : Written checkpoint file /home/simona.miller/comp-spin-mock-injections/Data/IndividualInferenceOutput/new_bilby/population3_lowSpinAligned_highmass/job_00835_fixedExtrinsic_resume.pickle
16:24 bilby INFO    : Written checkpoint file /home/simona.miller/comp-spin-mock-injections/Data/IndividualInferenceOutput/new_bilby/population3_lowSpinAligned_highmass/job_00835_fixedExtrinsic_resume.pickle
16:36 bilby INFO    : Written checkpoint file /home/simona.miller/comp-spin-mock-injections/Data/IndividualInferenceOutput/new_bilby/population3_lowSpinAligned_highmass/job_00835_fixedExtrinsic_resume.pickle
16:48 bilby INFO    : Written checkpoint file /home/simona.miller/comp-spin-mock-injections/Data/IndividualInferenceOutput/new_bilby/population3_lowSpinAligned_highmass/job_00835_fixedExtrinsic_resume.pickle
17:01 bilby INFO    : Written checkpoint file /home/simona.miller/comp-spin-mock-injections/Data/IndividualInferenceOutput/new_bilby/population3_lowSpinAligned_highmass/job_00835_fixedExtrinsic_resume.pickle
17:13 bilby INFO    : Written checkpoint file /home/simona.miller/comp-spin-mock-injections/Data/IndividualInferenceOutput/new_bilby/population3_lowSpinAligned_highmass/job_00835_fixedExtrinsic_resume.pickle
17:25 bilby INFO    : Written checkpoint file /home/simona.miller/comp-spin-mock-injections/Data/IndividualInferenceOutput/new_bilby/population3_lowSpinAligned_highmass/job_00835_fixedExtrinsic_resume.pickle
17:36 bilby INFO    : Written checkpoint file /home/simona.miller/comp-spin-mock-injections/Data/IndividualInferenceOutput/new_bilby/population3_lowSpinAligned_highmass/job_00835_fixedExtrinsic_resume.pickle
17:47 bilby INFO    : Written checkpoint file /home/simona.miller/comp-spin-mock-injections/Data/IndividualInferenceOutput/new_bilby/population3_lowSpinAligned_highmass/job_00835_fixedExtrinsic_resume.pickle
17:59 bilby INFO    : Written checkpoint file /home/simona.miller/comp-spin-mock-injections/Data/IndividualInferenceOutput/new_bilby/population3_lowSpinAligned_highmass/job_00835_fixedExtrinsic_resume.pickle
18:10 bilby INFO    : Written checkpoint file /home/simona.miller/comp-spin-mock-injections/Data/IndividualInferenceOutput/new_bilby/population3_lowSpinAligned_highmass/job_00835_fixedExtrinsic_resume.pickle
18:25 bilby INFO    : Written checkpoint file /home/simona.miller/comp-spin-mock-injections/Data/IndividualInferenceOutput/new_bilby/population3_lowSpinAligned_highmass/job_00835_fixedExtrinsic_resume.pickle
18:39 bilby INFO    : Written checkpoint file /home/simona.miller/comp-spin-mock-injections/Data/IndividualInferenceOutput/new_bilby/population3_lowSpinAligned_highmass/job_00835_fixedExtrinsic_resume.pickle
18:54 bilby INFO    : Written checkpoint file /home/simona.miller/comp-spin-mock-injections/Data/IndividualInferenceOutput/new_bilby/population3_lowSpinAligned_highmass/job_00835_fixedExtrinsic_resume.pickle
19:07 bilby INFO    : Written checkpoint file /home/simona.miller/comp-spin-mock-injections/Data/IndividualInferenceOutput/new_bilby/population3_lowSpinAligned_highmass/job_00835_fixedExtrinsic_resume.pickle
19:20 bilby INFO    : Written checkpoint file /home/simona.miller/comp-spin-mock-injections/Data/IndividualInferenceOutput/new_bilby/population3_lowSpinAligned_highmass/job_00835_fixedExtrinsic_resume.pickle
19:32 bilby INFO    : Written checkpoint file /home/simona.miller/comp-spin-mock-injections/Data/IndividualInferenceOutput/new_bilby/population3_lowSpinAligned_highmass/job_00835_fixedExtrinsic_resume.pickle
19:44 bilby INFO    : Written checkpoint file /home/simona.miller/comp-spin-mock-injections/Data/IndividualInferenceOutput/new_bilby/population3_lowSpinAligned_highmass/job_00835_fixedExtrinsic_resume.pickle
19:55 bilby INFO    : Written checkpoint file /home/simona.miller/comp-spin-mock-injections/Data/IndividualInferenceOutput/new_bilby/population3_lowSpinAligned_highmass/job_00835_fixedExtrinsic_resume.pickle
20:08 bilby INFO    : Written checkpoint file /home/simona.miller/comp-spin-mock-injections/Data/IndividualInferenceOutput/new_bilby/population3_lowSpinAligned_highmass/job_00835_fixedExtrinsic_resume.pickle
20:20 bilby INFO    : Written checkpoint file /home/simona.miller/comp-spin-mock-injections/Data/IndividualInferenceOutput/new_bilby/population3_lowSpinAligned_highmass/job_00835_fixedExtrinsic_resume.pickle
20:33 bilby INFO    : Written checkpoint file /home/simona.miller/comp-spin-mock-injections/Data/IndividualInferenceOutput/new_bilby/population3_lowSpinAligned_highmass/job_00835_fixedExtrinsic_resume.pickle
20:45 bilby INFO    : Written checkpoint file /home/simona.miller/comp-spin-mock-injections/Data/IndividualInferenceOutput/new_bilby/population3_lowSpinAligned_highmass/job_00835_fixedExtrinsic_resume.pickle
20:57 bilby INFO    : Written checkpoint file /home/simona.miller/comp-spin-mock-injections/Data/IndividualInferenceOutput/new_bilby/population3_lowSpinAligned_highmass/job_00835_fixedExtrinsic_resume.pickle
21:14 bilby INFO    : Written checkpoint file /home/simona.miller/comp-spin-mock-injections/Data/IndividualInferenceOutput/new_bilby/population3_lowSpinAligned_highmass/job_00835_fixedExtrinsic_resume.pickle
21:27 bilby INFO    : Written checkpoint file /home/simona.miller/comp-spin-mock-injections/Data/IndividualInferenceOutput/new_bilby/population3_lowSpinAligned_highmass/job_00835_fixedExtrinsic_resume.pickle
21:40 bilby INFO    : Written checkpoint file /home/simona.miller/comp-spin-mock-injections/Data/IndividualInferenceOutput/new_bilby/population3_lowSpinAligned_highmass/job_00835_fixedExtrinsic_resume.pickle
21:55 bilby INFO    : Written checkpoint file /home/simona.miller/comp-spin-mock-injections/Data/IndividualInferenceOutput/new_bilby/population3_lowSpinAligned_highmass/job_00835_fixedExtrinsic_resume.pickle
22:07 bilby INFO    : Written checkpoint file /home/simona.miller/comp-spin-mock-injections/Data/IndividualInferenceOutput/new_bilby/population3_lowSpinAligned_highmass/job_00835_fixedExtrinsic_resume.pickle
22:19 bilby INFO    : Written checkpoint file /home/simona.miller/comp-spin-mock-injections/Data/IndividualInferenceOutput/new_bilby/population3_lowSpinAligned_highmass/job_00835_fixedExtrinsic_resume.pickle
22:31 bilby INFO    : Written checkpoint file /home/simona.miller/comp-spin-mock-injections/Data/IndividualInferenceOutput/new_bilby/population3_lowSpinAligned_highmass/job_00835_fixedExtrinsic_resume.pickle
22:44 bilby INFO    : Written checkpoint file /home/simona.miller/comp-spin-mock-injections/Data/IndividualInferenceOutput/new_bilby/population3_lowSpinAligned_highmass/job_00835_fixedExtrinsic_resume.pickle
22:59 bilby INFO    : Written checkpoint file /home/simona.miller/comp-spin-mock-injections/Data/IndividualInferenceOutput/new_bilby/population3_lowSpinAligned_highmass/job_00835_fixedExtrinsic_resume.pickle
23:14 bilby INFO    : Written checkpoint file /home/simona.miller/comp-spin-mock-injections/Data/IndividualInferenceOutput/new_bilby/population3_lowSpinAligned_highmass/job_00835_fixedExtrinsic_resume.pickle
23:25 bilby INFO    : Written checkpoint file /home/simona.miller/comp-spin-mock-injections/Data/IndividualInferenceOutput/new_bilby/population3_lowSpinAligned_highmass/job_00835_fixedExtrinsic_resume.pickle
23:38 bilby INFO    : Written checkpoint file /home/simona.miller/comp-spin-mock-injections/Data/IndividualInferenceOutput/new_bilby/population3_lowSpinAligned_highmass/job_00835_fixedExtrinsic_resume.pickle
23:52 bilby INFO    : Written checkpoint file /home/simona.miller/comp-spin-mock-injections/Data/IndividualInferenceOutput/new_bilby/population3_lowSpinAligned_highmass/job_00835_fixedExtrinsic_resume.pickle
00:03 bilby INFO    : Written checkpoint file /home/simona.miller/comp-spin-mock-injections/Data/IndividualInferenceOutput/new_bilby/population3_lowSpinAligned_highmass/job_00835_fixedExtrinsic_resume.pickle
00:18 bilby INFO    : Written checkpoint file /home/simona.miller/comp-spin-mock-injections/Data/IndividualInferenceOutput/new_bilby/population3_lowSpinAligned_highmass/job_00835_fixedExtrinsic_resume.pickle
00:30 bilby INFO    : Written checkpoint file /home/simona.miller/comp-spin-mock-injections/Data/IndividualInferenceOutput/new_bilby/population3_lowSpinAligned_highmass/job_00835_fixedExtrinsic_resume.pickle
00:45 bilby INFO    : Written checkpoint file /home/simona.miller/comp-spin-mock-injections/Data/IndividualInferenceOutput/new_bilby/population3_lowSpinAligned_highmass/job_00835_fixedExtrinsic_resume.pickle
01:02 bilby INFO    : Written checkpoint file /home/simona.miller/comp-spin-mock-injections/Data/IndividualInferenceOutput/new_bilby/population3_lowSpinAligned_highmass/job_00835_fixedExtrinsic_resume.pickle
01:16 bilby INFO    : Written checkpoint file /home/simona.miller/comp-spin-mock-injections/Data/IndividualInferenceOutput/new_bilby/population3_lowSpinAligned_highmass/job_00835_fixedExtrinsic_resume.pickle
01:46 bilby INFO    : Written checkpoint file /home/simona.miller/comp-spin-mock-injections/Data/IndividualInferenceOutput/new_bilby/population3_lowSpinAligned_highmass/job_00835_fixedExtrinsic_resume.pickle
01:59 bilby INFO    : Written checkpoint file /home/simona.miller/comp-spin-mock-injections/Data/IndividualInferenceOutput/new_bilby/population3_lowSpinAligned_highmass/job_00835_fixedExtrinsic_resume.pickle
02:27 bilby INFO    : Written checkpoint file /home/simona.miller/comp-spin-mock-injections/Data/IndividualInferenceOutput/new_bilby/population3_lowSpinAligned_highmass/job_00835_fixedExtrinsic_resume.pickle
02:44 bilby INFO    : Written checkpoint file /home/simona.miller/comp-spin-mock-injections/Data/IndividualInferenceOutput/new_bilby/population3_lowSpinAligned_highmass/job_00835_fixedExtrinsic_resume.pickle
03:00 bilby INFO    : Written checkpoint file /home/simona.miller/comp-spin-mock-injections/Data/IndividualInferenceOutput/new_bilby/population3_lowSpinAligned_highmass/job_00835_fixedExtrinsic_resume.pickle
03:13 bilby INFO    : Written checkpoint file /home/simona.miller/comp-spin-mock-injections/Data/IndividualInferenceOutput/new_bilby/population3_lowSpinAligned_highmass/job_00835_fixedExtrinsic_resume.pickle
03:26 bilby INFO    : Written checkpoint file /home/simona.miller/comp-spin-mock-injections/Data/IndividualInferenceOutput/new_bilby/population3_lowSpinAligned_highmass/job_00835_fixedExtrinsic_resume.pickle
03:42 bilby INFO    : Written checkpoint file /home/simona.miller/comp-spin-mock-injections/Data/IndividualInferenceOutput/new_bilby/population3_lowSpinAligned_highmass/job_00835_fixedExtrinsic_resume.pickle
03:59 bilby INFO    : Written checkpoint file /home/simona.miller/comp-spin-mock-injections/Data/IndividualInferenceOutput/new_bilby/population3_lowSpinAligned_highmass/job_00835_fixedExtrinsic_resume.pickle
04:18 bilby INFO    : Written checkpoint file /home/simona.miller/comp-spin-mock-injections/Data/IndividualInferenceOutput/new_bilby/population3_lowSpinAligned_highmass/job_00835_fixedExtrinsic_resume.pickle
04:40 bilby INFO    : Written checkpoint file /home/simona.miller/comp-spin-mock-injections/Data/IndividualInferenceOutput/new_bilby/population3_lowSpinAligned_highmass/job_00835_fixedExtrinsic_resume.pickle
05:15 bilby INFO    : Written checkpoint file /home/simona.miller/comp-spin-mock-injections/Data/IndividualInferenceOutput/new_bilby/population3_lowSpinAligned_highmass/job_00835_fixedExtrinsic_resume.pickle
05:29 bilby INFO    : Written checkpoint file /home/simona.miller/comp-spin-mock-injections/Data/IndividualInferenceOutput/new_bilby/population3_lowSpinAligned_highmass/job_00835_fixedExtrinsic_resume.pickle
06:01 bilby INFO    : Written checkpoint file /home/simona.miller/comp-spin-mock-injections/Data/IndividualInferenceOutput/new_bilby/population3_lowSpinAligned_highmass/job_00835_fixedExtrinsic_resume.pickle
06:19 bilby INFO    : Written checkpoint file /home/simona.miller/comp-spin-mock-injections/Data/IndividualInferenceOutput/new_bilby/population3_lowSpinAligned_highmass/job_00835_fixedExtrinsic_resume.pickle
06:37 bilby INFO    : Written checkpoint file /home/simona.miller/comp-spin-mock-injections/Data/IndividualInferenceOutput/new_bilby/population3_lowSpinAligned_highmass/job_00835_fixedExtrinsic_resume.pickle
06:51 bilby INFO    : Written checkpoint file /home/simona.miller/comp-spin-mock-injections/Data/IndividualInferenceOutput/new_bilby/population3_lowSpinAligned_highmass/job_00835_fixedExtrinsic_resume.pickle
07:06 bilby INFO    : Written checkpoint file /home/simona.miller/comp-spin-mock-injections/Data/IndividualInferenceOutput/new_bilby/population3_lowSpinAligned_highmass/job_00835_fixedExtrinsic_resume.pickle
07:17 bilby INFO    : Written checkpoint file /home/simona.miller/comp-spin-mock-injections/Data/IndividualInferenceOutput/new_bilby/population3_lowSpinAligned_highmass/job_00835_fixedExtrinsic_resume.pickle
07:38 bilby INFO    : Written checkpoint file /home/simona.miller/comp-spin-mock-injections/Data/IndividualInferenceOutput/new_bilby/population3_lowSpinAligned_highmass/job_00835_fixedExtrinsic_resume.pickle
07:54 bilby INFO    : Written checkpoint file /home/simona.miller/comp-spin-mock-injections/Data/IndividualInferenceOutput/new_bilby/population3_lowSpinAligned_highmass/job_00835_fixedExtrinsic_resume.pickle
08:06 bilby INFO    : Written checkpoint file /home/simona.miller/comp-spin-mock-injections/Data/IndividualInferenceOutput/new_bilby/population3_lowSpinAligned_highmass/job_00835_fixedExtrinsic_resume.pickle
08:17 bilby INFO    : Written checkpoint file /home/simona.miller/comp-spin-mock-injections/Data/IndividualInferenceOutput/new_bilby/population3_lowSpinAligned_highmass/job_00835_fixedExtrinsic_resume.pickle
08:36 bilby INFO    : Written checkpoint file /home/simona.miller/comp-spin-mock-injections/Data/IndividualInferenceOutput/new_bilby/population3_lowSpinAligned_highmass/job_00835_fixedExtrinsic_resume.pickle
08:50 bilby INFO    : Written checkpoint file /home/simona.miller/comp-spin-mock-injections/Data/IndividualInferenceOutput/new_bilby/population3_lowSpinAligned_highmass/job_00835_fixedExtrinsic_resume.pickle
09:06 bilby INFO    : Written checkpoint file /home/simona.miller/comp-spin-mock-injections/Data/IndividualInferenceOutput/new_bilby/population3_lowSpinAligned_highmass/job_00835_fixedExtrinsic_resume.pickle
09:22 bilby INFO    : Written checkpoint file /home/simona.miller/comp-spin-mock-injections/Data/IndividualInferenceOutput/new_bilby/population3_lowSpinAligned_highmass/job_00835_fixedExtrinsic_resume.pickle
09:40 bilby INFO    : Written checkpoint file /home/simona.miller/comp-spin-mock-injections/Data/IndividualInferenceOutput/new_bilby/population3_lowSpinAligned_highmass/job_00835_fixedExtrinsic_resume.pickle
09:53 bilby INFO    : Written checkpoint file /home/simona.miller/comp-spin-mock-injections/Data/IndividualInferenceOutput/new_bilby/population3_lowSpinAligned_highmass/job_00835_fixedExtrinsic_resume.pickle
10:05 bilby INFO    : Written checkpoint file /home/simona.miller/comp-spin-mock-injections/Data/IndividualInferenceOutput/new_bilby/population3_lowSpinAligned_highmass/job_00835_fixedExtrinsic_resume.pickle
10:21 bilby INFO    : Written checkpoint file /home/simona.miller/comp-spin-mock-injections/Data/IndividualInferenceOutput/new_bilby/population3_lowSpinAligned_highmass/job_00835_fixedExtrinsic_resume.pickle
10:44 bilby INFO    : Written checkpoint file /home/simona.miller/comp-spin-mock-injections/Data/IndividualInferenceOutput/new_bilby/population3_lowSpinAligned_highmass/job_00835_fixedExtrinsic_resume.pickle
10:58 bilby INFO    : Written checkpoint file /home/simona.miller/comp-spin-mock-injections/Data/IndividualInferenceOutput/new_bilby/population3_lowSpinAligned_highmass/job_00835_fixedExtrinsic_resume.pickle
11:16 bilby INFO    : Written checkpoint file /home/simona.miller/comp-spin-mock-injections/Data/IndividualInferenceOutput/new_bilby/population3_lowSpinAligned_highmass/job_00835_fixedExtrinsic_resume.pickle
11:39 bilby INFO    : Written checkpoint file /home/simona.miller/comp-spin-mock-injections/Data/IndividualInferenceOutput/new_bilby/population3_lowSpinAligned_highmass/job_00835_fixedExtrinsic_resume.pickle
12:00 bilby INFO    : Written checkpoint file /home/simona.miller/comp-spin-mock-injections/Data/IndividualInferenceOutput/new_bilby/population3_lowSpinAligned_highmass/job_00835_fixedExtrinsic_resume.pickle
12:13 bilby INFO    : Written checkpoint file /home/simona.miller/comp-spin-mock-injections/Data/IndividualInferenceOutput/new_bilby/population3_lowSpinAligned_highmass/job_00835_fixedExtrinsic_resume.pickle
12:33 bilby INFO    : Written checkpoint file /home/simona.miller/comp-spin-mock-injections/Data/IndividualInferenceOutput/new_bilby/population3_lowSpinAligned_highmass/job_00835_fixedExtrinsic_resume.pickle
12:47 bilby INFO    : Written checkpoint file /home/simona.miller/comp-spin-mock-injections/Data/IndividualInferenceOutput/new_bilby/population3_lowSpinAligned_highmass/job_00835_fixedExtrinsic_resume.pickle
13:08 bilby INFO    : Written checkpoint file /home/simona.miller/comp-spin-mock-injections/Data/IndividualInferenceOutput/new_bilby/population3_lowSpinAligned_highmass/job_00835_fixedExtrinsic_resume.pickle
13:20 bilby INFO    : Written checkpoint file /home/simona.miller/comp-spin-mock-injections/Data/IndividualInferenceOutput/new_bilby/population3_lowSpinAligned_highmass/job_00835_fixedExtrinsic_resume.pickle
13:33 bilby INFO    : Written checkpoint file /home/simona.miller/comp-spin-mock-injections/Data/IndividualInferenceOutput/new_bilby/population3_lowSpinAligned_highmass/job_00835_fixedExtrinsic_resume.pickle
13:51 bilby INFO    : Written checkpoint file /home/simona.miller/comp-spin-mock-injections/Data/IndividualInferenceOutput/new_bilby/population3_lowSpinAligned_highmass/job_00835_fixedExtrinsic_resume.pickle
13:53 bilby INFO    : Written checkpoint file /home/simona.miller/comp-spin-mock-injections/Data/IndividualInferenceOutput/new_bilby/population3_lowSpinAligned_highmass/job_00835_fixedExtrinsic_resume.pickle
13:54 bilby INFO    : Starting to close worker pool.
13:54 bilby INFO    : Finished closing worker pool.
13:54 bilby INFO    : Rejection sampling nested samples to obtain 6179 posterior samples
13:54 bilby INFO    : Sampling time: 23:18:07.284077
13:54 bilby INFO    : Computing per-detector log likelihoods.
13:54 bilby INFO    : Using a pool with size 8 for nsamples=6179
13:55 bilby INFO    : Generating sky frame parameters.
13:55 bilby INFO    : Computing SNRs for every sample.
13:55 bilby INFO    : Using a pool with size 8 for nsamples=6179
13:56 bilby INFO    : Summary of results:
nsamples: 6179
ln_noise_evidence: -23922.056
ln_evidence: -23830.307 +/-  0.052
ln_bayes_factor: 91.749 +/-  0.052

