000 (113450225.000.000) 2023-03-29 17:01:37 Job submitted from host: <10.14.0.160:9618?addrs=10.14.0.160-9618&alias=ldas-pcdev2.ligo.caltech.edu&noUDP&sock=schedd_7450_a8a7>
    DAG Node: 513
...
040 (113450225.000.000) 2023-03-29 17:47:06 Started transferring input files
	Transferring to host: <10.14.9.194:9618?addrs=10.14.9.194-9618&alias=node2194.cluster.ldas.cit&noUDP&sock=slot1_2_189911_3ac4_89274>
...
040 (113450225.000.000) 2023-03-29 17:47:06 Finished transferring input files
...
001 (113450225.000.000) 2023-03-29 17:47:07 Job executing on host: <10.14.9.194:9618?addrs=10.14.9.194-9618&alias=node2194.cluster.ldas.cit&noUDP&sock=startd_189641_87e3>
...
006 (113450225.000.000) 2023-03-29 17:47:07 Image size of job updated: 1
	0  -  MemoryUsage of job (MB)
	0  -  ResidentSetSize of job (KB)
...
040 (113450225.000.000) 2023-03-29 17:47:07 Started transferring output files
...
040 (113450225.000.000) 2023-03-29 17:47:07 Finished transferring output files
...
005 (113450225.000.000) 2023-03-29 17:47:07 Job terminated.
	(1) Normal termination (return value 127)
		Usr 0 00:00:00, Sys 0 00:00:00  -  Run Remote Usage
		Usr 0 00:00:00, Sys 0 00:00:00  -  Run Local Usage
		Usr 0 00:00:00, Sys 0 00:00:00  -  Total Remote Usage
		Usr 0 00:00:00, Sys 0 00:00:00  -  Total Local Usage
	407  -  Run Bytes Sent By Job
	381  -  Run Bytes Received By Job
	407  -  Total Bytes Sent By Job
	381  -  Total Bytes Received By Job
	Partitionable Resources :    Usage  Request Allocated 
	   Cpus                 :                 1         1 
	   Disk (KB)            :       15   500000    561711 
	   GPUs                 :                           0 
	   Memory (MB)          :        0    20000     20096 

	Job terminated of its own accord at 2023-03-30T00:47:07Z with exit-code 127.
...
000 (113484788.000.000) 2023-04-01 14:23:19 Job submitted from host: <10.14.0.160:9618?addrs=10.14.0.160-9618&alias=ldas-pcdev2.ligo.caltech.edu&noUDP&sock=schedd_7450_a8a7>
    DAG Node: 513
...
040 (113484788.000.000) 2023-04-01 14:27:04 Started transferring input files
	Transferring to host: <10.14.10.108:9618?addrs=10.14.10.108-9618&alias=node2358.cluster.ldas.cit&noUDP&sock=slot1_12_639358_4cc8_4073>
...
040 (113484788.000.000) 2023-04-01 14:27:04 Finished transferring input files
...
001 (113484788.000.000) 2023-04-01 14:27:05 Job executing on host: <10.14.10.108:9618?addrs=10.14.10.108-9618&alias=node2358.cluster.ldas.cit&noUDP&sock=startd_639316_2daf>
...
006 (113484788.000.000) 2023-04-01 14:27:14 Image size of job updated: 108616
	102  -  MemoryUsage of job (MB)
	104084  -  ResidentSetSize of job (KB)
...
006 (113484788.000.000) 2023-04-01 14:32:15 Image size of job updated: 4236244
	308  -  MemoryUsage of job (MB)
	314636  -  ResidentSetSize of job (KB)
...
006 (113484788.000.000) 2023-04-01 14:37:15 Image size of job updated: 4248928
	322  -  MemoryUsage of job (MB)
	329048  -  ResidentSetSize of job (KB)
...
006 (113484788.000.000) 2023-04-01 14:42:16 Image size of job updated: 4344424
	442  -  MemoryUsage of job (MB)
	451880  -  ResidentSetSize of job (KB)
...
006 (113484788.000.000) 2023-04-01 14:47:17 Image size of job updated: 4352412
	447  -  MemoryUsage of job (MB)
	457072  -  ResidentSetSize of job (KB)
...
006 (113484788.000.000) 2023-04-01 14:52:17 Image size of job updated: 4354020
	450  -  MemoryUsage of job (MB)
	460400  -  ResidentSetSize of job (KB)
...
006 (113484788.000.000) 2023-04-01 14:57:17 Image size of job updated: 4378808
	476  -  MemoryUsage of job (MB)
	487184  -  ResidentSetSize of job (KB)
...
006 (113484788.000.000) 2023-04-01 15:07:19 Image size of job updated: 4383408
	481  -  MemoryUsage of job (MB)
	491692  -  ResidentSetSize of job (KB)
...
006 (113484788.000.000) 2023-04-01 15:12:19 Image size of job updated: 4383656
	481  -  MemoryUsage of job (MB)
	491692  -  ResidentSetSize of job (KB)
...
006 (113484788.000.000) 2023-04-01 15:17:20 Image size of job updated: 4387636
	482  -  MemoryUsage of job (MB)
	493212  -  ResidentSetSize of job (KB)
...
006 (113484788.000.000) 2023-04-01 15:22:21 Image size of job updated: 4387636
	485  -  MemoryUsage of job (MB)
	495760  -  ResidentSetSize of job (KB)
...
006 (113484788.000.000) 2023-04-01 15:27:21 Image size of job updated: 4412520
	510  -  MemoryUsage of job (MB)
	521956  -  ResidentSetSize of job (KB)
...
006 (113484788.000.000) 2023-04-01 15:32:21 Image size of job updated: 4412780
	510  -  MemoryUsage of job (MB)
	521956  -  ResidentSetSize of job (KB)
...
006 (113484788.000.000) 2023-04-01 15:37:22 Image size of job updated: 4420096
	516  -  MemoryUsage of job (MB)
	527616  -  ResidentSetSize of job (KB)
...
006 (113484788.000.000) 2023-04-01 15:42:22 Image size of job updated: 4438320
	536  -  MemoryUsage of job (MB)
	548040  -  ResidentSetSize of job (KB)
...
006 (113484788.000.000) 2023-04-01 15:47:22 Image size of job updated: 4453116
	551  -  MemoryUsage of job (MB)
	563432  -  ResidentSetSize of job (KB)
...
006 (113484788.000.000) 2023-04-01 15:52:23 Image size of job updated: 4454524
	577  -  MemoryUsage of job (MB)
	589900  -  ResidentSetSize of job (KB)
...
006 (113484788.000.000) 2023-04-01 15:57:24 Image size of job updated: 4458140
	651  -  MemoryUsage of job (MB)
	665684  -  ResidentSetSize of job (KB)
...
006 (113484788.000.000) 2023-04-01 16:02:24 Image size of job updated: 4464832
	769  -  MemoryUsage of job (MB)
	787056  -  ResidentSetSize of job (KB)
...
006 (113484788.000.000) 2023-04-01 16:07:25 Image size of job updated: 4468328
	842  -  MemoryUsage of job (MB)
	861300  -  ResidentSetSize of job (KB)
...
006 (113484788.000.000) 2023-04-01 16:12:26 Image size of job updated: 4478292
	854  -  MemoryUsage of job (MB)
	874272  -  ResidentSetSize of job (KB)
...
006 (113484788.000.000) 2023-04-01 16:17:26 Image size of job updated: 4481840
	858  -  MemoryUsage of job (MB)
	878192  -  ResidentSetSize of job (KB)
...
006 (113484788.000.000) 2023-04-01 16:22:26 Image size of job updated: 4485972
	858  -  MemoryUsage of job (MB)
	878288  -  ResidentSetSize of job (KB)
...
006 (113484788.000.000) 2023-04-01 16:27:27 Image size of job updated: 4490824
	865  -  MemoryUsage of job (MB)
	885180  -  ResidentSetSize of job (KB)
...
006 (113484788.000.000) 2023-04-01 16:32:27 Image size of job updated: 4496216
	870  -  MemoryUsage of job (MB)
	890672  -  ResidentSetSize of job (KB)
...
006 (113484788.000.000) 2023-04-01 16:57:30 Image size of job updated: 4514080
	948  -  MemoryUsage of job (MB)
	970432  -  ResidentSetSize of job (KB)
...
006 (113484788.000.000) 2023-04-01 17:02:31 Image size of job updated: 4514852
	986  -  MemoryUsage of job (MB)
	1009176  -  ResidentSetSize of job (KB)
...
006 (113484788.000.000) 2023-04-01 17:07:31 Image size of job updated: 4520592
	1008  -  MemoryUsage of job (MB)
	1031332  -  ResidentSetSize of job (KB)
...
006 (113484788.000.000) 2023-04-01 17:12:31 Image size of job updated: 4523676
	1015  -  MemoryUsage of job (MB)
	1038432  -  ResidentSetSize of job (KB)
...
006 (113484788.000.000) 2023-04-01 17:17:32 Image size of job updated: 4527220
	1037  -  MemoryUsage of job (MB)
	1061716  -  ResidentSetSize of job (KB)
...
006 (113484788.000.000) 2023-04-01 17:22:32 Image size of job updated: 4531616
	1041  -  MemoryUsage of job (MB)
	1065564  -  ResidentSetSize of job (KB)
...
006 (113484788.000.000) 2023-04-01 17:27:32 Image size of job updated: 4534156
	1043  -  MemoryUsage of job (MB)
	1067452  -  ResidentSetSize of job (KB)
...
006 (113484788.000.000) 2023-04-01 18:02:36 Image size of job updated: 4541396
	1043  -  MemoryUsage of job (MB)
	1067452  -  ResidentSetSize of job (KB)
...
006 (113484788.000.000) 2023-04-01 18:07:37 Image size of job updated: 4543128
	1047  -  MemoryUsage of job (MB)
	1071148  -  ResidentSetSize of job (KB)
...
006 (113484788.000.000) 2023-04-01 18:12:37 Image size of job updated: 4543856
	1048  -  MemoryUsage of job (MB)
	1072260  -  ResidentSetSize of job (KB)
...
006 (113484788.000.000) 2023-04-01 18:17:37 Image size of job updated: 4549224
	1050  -  MemoryUsage of job (MB)
	1074976  -  ResidentSetSize of job (KB)
...
006 (113484788.000.000) 2023-04-01 18:22:38 Image size of job updated: 4549224
	1051  -  MemoryUsage of job (MB)
	1076208  -  ResidentSetSize of job (KB)
...
006 (113484788.000.000) 2023-04-01 18:27:39 Image size of job updated: 4549224
	1053  -  MemoryUsage of job (MB)
	1077392  -  ResidentSetSize of job (KB)
...
006 (113484788.000.000) 2023-04-01 18:42:41 Image size of job updated: 4555360
	1058  -  MemoryUsage of job (MB)
	1083196  -  ResidentSetSize of job (KB)
...
006 (113484788.000.000) 2023-04-01 18:47:41 Image size of job updated: 4555528
	1061  -  MemoryUsage of job (MB)
	1085900  -  ResidentSetSize of job (KB)
...
006 (113484788.000.000) 2023-04-01 18:52:41 Image size of job updated: 4558264
	1069  -  MemoryUsage of job (MB)
	1093872  -  ResidentSetSize of job (KB)
...
006 (113484788.000.000) 2023-04-01 18:57:42 Image size of job updated: 4565968
	1072  -  MemoryUsage of job (MB)
	1097692  -  ResidentSetSize of job (KB)
...
006 (113484788.000.000) 2023-04-01 19:02:42 Image size of job updated: 4566156
	1072  -  MemoryUsage of job (MB)
	1097692  -  ResidentSetSize of job (KB)
...
006 (113484788.000.000) 2023-04-01 19:07:42 Image size of job updated: 4566156
	1076  -  MemoryUsage of job (MB)
	1100828  -  ResidentSetSize of job (KB)
...
006 (113484788.000.000) 2023-04-01 19:12:43 Image size of job updated: 4568376
	1076  -  MemoryUsage of job (MB)
	1100828  -  ResidentSetSize of job (KB)
...
006 (113484788.000.000) 2023-04-01 19:32:46 Image size of job updated: 4579852
	1088  -  MemoryUsage of job (MB)
	1113252  -  ResidentSetSize of job (KB)
...
006 (113484788.000.000) 2023-04-01 19:37:46 Image size of job updated: 4581440
	1088  -  MemoryUsage of job (MB)
	1113252  -  ResidentSetSize of job (KB)
...
006 (113484788.000.000) 2023-04-01 19:42:46 Image size of job updated: 4584600
	1089  -  MemoryUsage of job (MB)
	1115108  -  ResidentSetSize of job (KB)
...
006 (113484788.000.000) 2023-04-01 19:52:48 Image size of job updated: 4584600
	1095  -  MemoryUsage of job (MB)
	1121044  -  ResidentSetSize of job (KB)
...
006 (113484788.000.000) 2023-04-01 19:57:48 Image size of job updated: 4588200
	1099  -  MemoryUsage of job (MB)
	1124668  -  ResidentSetSize of job (KB)
...
006 (113484788.000.000) 2023-04-01 20:02:49 Image size of job updated: 4597704
	1100  -  MemoryUsage of job (MB)
	1126164  -  ResidentSetSize of job (KB)
...
006 (113484788.000.000) 2023-04-01 20:07:50 Image size of job updated: 4597704
	1102  -  MemoryUsage of job (MB)
	1127616  -  ResidentSetSize of job (KB)
...
006 (113484788.000.000) 2023-04-01 20:17:51 Image size of job updated: 4609476
	1115  -  MemoryUsage of job (MB)
	1140808  -  ResidentSetSize of job (KB)
...
006 (113484788.000.000) 2023-04-01 20:22:52 Image size of job updated: 4610744
	1115  -  MemoryUsage of job (MB)
	1140808  -  ResidentSetSize of job (KB)
...
006 (113484788.000.000) 2023-04-01 20:27:52 Image size of job updated: 4654072
	1115  -  MemoryUsage of job (MB)
	1140808  -  ResidentSetSize of job (KB)
...
006 (113484788.000.000) 2023-04-01 20:42:54 Image size of job updated: 4654072
	1115  -  MemoryUsage of job (MB)
	1141520  -  ResidentSetSize of job (KB)
...
006 (113484788.000.000) 2023-04-01 20:52:56 Image size of job updated: 4654072
	1116  -  MemoryUsage of job (MB)
	1141904  -  ResidentSetSize of job (KB)
...
006 (113484788.000.000) 2023-04-01 21:53:01 Image size of job updated: 4704656
	1145  -  MemoryUsage of job (MB)
	1171844  -  ResidentSetSize of job (KB)
...
006 (113484788.000.000) 2023-04-01 22:03:03 Image size of job updated: 4704656
	1146  -  MemoryUsage of job (MB)
	1172564  -  ResidentSetSize of job (KB)
...
006 (113484788.000.000) 2023-04-01 23:53:14 Image size of job updated: 4704656
	1147  -  MemoryUsage of job (MB)
	1173760  -  ResidentSetSize of job (KB)
...
006 (113484788.000.000) 2023-04-02 00:13:16 Image size of job updated: 4704656
	1149  -  MemoryUsage of job (MB)
	1175660  -  ResidentSetSize of job (KB)
...
006 (113484788.000.000) 2023-04-02 00:18:16 Image size of job updated: 4704656
	1154  -  MemoryUsage of job (MB)
	1180684  -  ResidentSetSize of job (KB)
...
006 (113484788.000.000) 2023-04-02 01:03:21 Image size of job updated: 4742340
	1168  -  MemoryUsage of job (MB)
	1195276  -  ResidentSetSize of job (KB)
...
006 (113484788.000.000) 2023-04-02 01:08:21 Image size of job updated: 4742340
	1172  -  MemoryUsage of job (MB)
	1199540  -  ResidentSetSize of job (KB)
...
006 (113484788.000.000) 2023-04-02 01:18:22 Image size of job updated: 4746740
	1172  -  MemoryUsage of job (MB)
	1199540  -  ResidentSetSize of job (KB)
...
006 (113484788.000.000) 2023-04-02 01:23:23 Image size of job updated: 4746740
	1183  -  MemoryUsage of job (MB)
	1211200  -  ResidentSetSize of job (KB)
...
006 (113484788.000.000) 2023-04-02 01:28:23 Image size of job updated: 4746740
	1188  -  MemoryUsage of job (MB)
	1215896  -  ResidentSetSize of job (KB)
...
006 (113484788.000.000) 2023-04-02 01:48:25 Image size of job updated: 4746740
	1191  -  MemoryUsage of job (MB)
	1219232  -  ResidentSetSize of job (KB)
...
006 (113484788.000.000) 2023-04-02 02:03:26 Image size of job updated: 4782452
	1196  -  MemoryUsage of job (MB)
	1223696  -  ResidentSetSize of job (KB)
...
006 (113484788.000.000) 2023-04-02 02:08:27 Image size of job updated: 4782452
	1198  -  MemoryUsage of job (MB)
	1226364  -  ResidentSetSize of job (KB)
...
006 (113484788.000.000) 2023-04-02 02:18:27 Image size of job updated: 4800012
	1213  -  MemoryUsage of job (MB)
	1241188  -  ResidentSetSize of job (KB)
...
006 (113484788.000.000) 2023-04-02 02:23:28 Image size of job updated: 4800012
	1219  -  MemoryUsage of job (MB)
	1247544  -  ResidentSetSize of job (KB)
...
006 (113484788.000.000) 2023-04-02 02:48:31 Image size of job updated: 4838476
	1219  -  MemoryUsage of job (MB)
	1247544  -  ResidentSetSize of job (KB)
...
006 (113484788.000.000) 2023-04-02 03:18:34 Image size of job updated: 4839256
	1240  -  MemoryUsage of job (MB)
	1268956  -  ResidentSetSize of job (KB)
...
006 (113484788.000.000) 2023-04-02 03:23:34 Image size of job updated: 4839256
	1241  -  MemoryUsage of job (MB)
	1269924  -  ResidentSetSize of job (KB)
...
006 (113484788.000.000) 2023-04-02 03:28:35 Image size of job updated: 4839256
	1241  -  MemoryUsage of job (MB)
	1270112  -  ResidentSetSize of job (KB)
...
006 (113484788.000.000) 2023-04-02 03:43:36 Image size of job updated: 4853748
	1250  -  MemoryUsage of job (MB)
	1279524  -  ResidentSetSize of job (KB)
...
006 (113484788.000.000) 2023-04-02 04:18:40 Image size of job updated: 4853748
	1263  -  MemoryUsage of job (MB)
	1292292  -  ResidentSetSize of job (KB)
...
006 (113484788.000.000) 2023-04-02 04:23:41 Image size of job updated: 4853748
	1273  -  MemoryUsage of job (MB)
	1302856  -  ResidentSetSize of job (KB)
...
006 (113484788.000.000) 2023-04-02 04:33:41 Image size of job updated: 4853748
	1279  -  MemoryUsage of job (MB)
	1308836  -  ResidentSetSize of job (KB)
...
006 (113484788.000.000) 2023-04-02 04:38:42 Image size of job updated: 4853748
	1279  -  MemoryUsage of job (MB)
	1309232  -  ResidentSetSize of job (KB)
...
006 (113484788.000.000) 2023-04-02 04:48:42 Image size of job updated: 4875844
	1279  -  MemoryUsage of job (MB)
	1309232  -  ResidentSetSize of job (KB)
...
006 (113484788.000.000) 2023-04-02 05:03:44 Image size of job updated: 4891248
	1281  -  MemoryUsage of job (MB)
	1311040  -  ResidentSetSize of job (KB)
...
006 (113484788.000.000) 2023-04-02 05:08:44 Image size of job updated: 4891248
	1281  -  MemoryUsage of job (MB)
	1311504  -  ResidentSetSize of job (KB)
...
006 (113484788.000.000) 2023-04-02 05:13:45 Image size of job updated: 4891248
	1284  -  MemoryUsage of job (MB)
	1314520  -  ResidentSetSize of job (KB)
...
006 (113484788.000.000) 2023-04-02 06:28:52 Image size of job updated: 4900740
	1286  -  MemoryUsage of job (MB)
	1316460  -  ResidentSetSize of job (KB)
...
006 (113484788.000.000) 2023-04-02 06:43:54 Image size of job updated: 4901500
	1291  -  MemoryUsage of job (MB)
	1321216  -  ResidentSetSize of job (KB)
...
006 (113484788.000.000) 2023-04-02 06:48:55 Image size of job updated: 4901500
	1295  -  MemoryUsage of job (MB)
	1325332  -  ResidentSetSize of job (KB)
...
006 (113484788.000.000) 2023-04-02 06:53:56 Image size of job updated: 4901500
	1297  -  MemoryUsage of job (MB)
	1327252  -  ResidentSetSize of job (KB)
...
006 (113484788.000.000) 2023-04-02 07:08:57 Image size of job updated: 4901500
	1299  -  MemoryUsage of job (MB)
	1329784  -  ResidentSetSize of job (KB)
...
006 (113484788.000.000) 2023-04-02 07:54:01 Image size of job updated: 4901500
	1301  -  MemoryUsage of job (MB)
	1331464  -  ResidentSetSize of job (KB)
...
006 (113484788.000.000) 2023-04-02 07:59:02 Image size of job updated: 4901500
	1302  -  MemoryUsage of job (MB)
	1332656  -  ResidentSetSize of job (KB)
...
006 (113484788.000.000) 2023-04-02 08:49:08 Image size of job updated: 4960940
	1331  -  MemoryUsage of job (MB)
	1361956  -  ResidentSetSize of job (KB)
...
006 (113484788.000.000) 2023-04-02 09:24:11 Image size of job updated: 4960940
	1331  -  MemoryUsage of job (MB)
	1362192  -  ResidentSetSize of job (KB)
...
006 (113484788.000.000) 2023-04-02 09:29:12 Image size of job updated: 4960940
	1345  -  MemoryUsage of job (MB)
	1376876  -  ResidentSetSize of job (KB)
...
006 (113484788.000.000) 2023-04-02 09:34:12 Image size of job updated: 4973868
	1345  -  MemoryUsage of job (MB)
	1376876  -  ResidentSetSize of job (KB)
...
006 (113484788.000.000) 2023-04-02 09:39:13 Image size of job updated: 4973868
	1348  -  MemoryUsage of job (MB)
	1379624  -  ResidentSetSize of job (KB)
...
006 (113484788.000.000) 2023-04-02 09:44:14 Image size of job updated: 4973868
	1350  -  MemoryUsage of job (MB)
	1381620  -  ResidentSetSize of job (KB)
...
006 (113484788.000.000) 2023-04-02 09:49:14 Image size of job updated: 4973868
	1355  -  MemoryUsage of job (MB)
	1386736  -  ResidentSetSize of job (KB)
...
006 (113484788.000.000) 2023-04-02 10:14:17 Image size of job updated: 4973868
	1355  -  MemoryUsage of job (MB)
	1386864  -  ResidentSetSize of job (KB)
...
006 (113484788.000.000) 2023-04-02 10:19:17 Image size of job updated: 4993408
	1361  -  MemoryUsage of job (MB)
	1393160  -  ResidentSetSize of job (KB)
...
006 (113484788.000.000) 2023-04-02 10:24:17 Image size of job updated: 4993408
	1371  -  MemoryUsage of job (MB)
	1402884  -  ResidentSetSize of job (KB)
...
006 (113484788.000.000) 2023-04-02 10:29:18 Image size of job updated: 4993408
	1371  -  MemoryUsage of job (MB)
	1403620  -  ResidentSetSize of job (KB)
...
006 (113484788.000.000) 2023-04-02 11:19:23 Image size of job updated: 4994436
	1371  -  MemoryUsage of job (MB)
	1403620  -  ResidentSetSize of job (KB)
...
006 (113484788.000.000) 2023-04-02 11:54:26 Image size of job updated: 5022204
	1373  -  MemoryUsage of job (MB)
	1404968  -  ResidentSetSize of job (KB)
...
006 (113484788.000.000) 2023-04-02 12:34:31 Image size of job updated: 5022204
	1373  -  MemoryUsage of job (MB)
	1405040  -  ResidentSetSize of job (KB)
...
006 (113484788.000.000) 2023-04-02 12:39:31 Image size of job updated: 5027212
	1373  -  MemoryUsage of job (MB)
	1405040  -  ResidentSetSize of job (KB)
...
006 (113484788.000.000) 2023-04-02 12:54:33 Image size of job updated: 5027848
	1382  -  MemoryUsage of job (MB)
	1414532  -  ResidentSetSize of job (KB)
...
006 (113484788.000.000) 2023-04-02 12:59:33 Image size of job updated: 5027848
	1388  -  MemoryUsage of job (MB)
	1421124  -  ResidentSetSize of job (KB)
...
006 (113484788.000.000) 2023-04-02 13:24:37 Image size of job updated: 5041176
	1388  -  MemoryUsage of job (MB)
	1421124  -  ResidentSetSize of job (KB)
...
006 (113484788.000.000) 2023-04-02 13:39:38 Image size of job updated: 5068992
	1388  -  MemoryUsage of job (MB)
	1421124  -  ResidentSetSize of job (KB)
...
006 (113484788.000.000) 2023-04-02 13:49:39 Image size of job updated: 5076796
	1406  -  MemoryUsage of job (MB)
	1439076  -  ResidentSetSize of job (KB)
...
006 (113484788.000.000) 2023-04-02 14:04:41 Image size of job updated: 5078376
	1409  -  MemoryUsage of job (MB)
	1442056  -  ResidentSetSize of job (KB)
...
006 (113484788.000.000) 2023-04-02 14:09:41 Image size of job updated: 5078376
	1410  -  MemoryUsage of job (MB)
	1443036  -  ResidentSetSize of job (KB)
...
006 (113484788.000.000) 2023-04-02 14:14:42 Image size of job updated: 5078376
	1421  -  MemoryUsage of job (MB)
	1454496  -  ResidentSetSize of job (KB)
...
006 (113484788.000.000) 2023-04-02 14:19:42 Image size of job updated: 5078376
	1422  -  MemoryUsage of job (MB)
	1455680  -  ResidentSetSize of job (KB)
...
006 (113484788.000.000) 2023-04-02 14:24:42 Image size of job updated: 5078376
	1423  -  MemoryUsage of job (MB)
	1456484  -  ResidentSetSize of job (KB)
...
006 (113484788.000.000) 2023-04-02 14:34:44 Image size of job updated: 5078376
	1427  -  MemoryUsage of job (MB)
	1460268  -  ResidentSetSize of job (KB)
...
006 (113484788.000.000) 2023-04-02 14:39:44 Image size of job updated: 5078376
	1427  -  MemoryUsage of job (MB)
	1461000  -  ResidentSetSize of job (KB)
...
006 (113484788.000.000) 2023-04-02 14:44:44 Image size of job updated: 5078376
	1428  -  MemoryUsage of job (MB)
	1461768  -  ResidentSetSize of job (KB)
...
006 (113484788.000.000) 2023-04-02 14:49:45 Image size of job updated: 5078376
	1430  -  MemoryUsage of job (MB)
	1464144  -  ResidentSetSize of job (KB)
...
004 (113484788.000.000) 2023-04-02 14:52:43 Job was evicted.
	(0) CPU times
		Usr 3 06:31:33, Sys 0 00:06:04  -  Run Remote Usage
		Usr 0 00:00:00, Sys 0 00:00:00  -  Run Local Usage
	0  -  Run Bytes Sent By Job
	381  -  Run Bytes Received By Job
	Partitionable Resources :    Usage  Request Allocated 
	   Cpus                 :     0.99        1         1 
	   Disk (KB)            :  1531      500000    624256 
	   GPUs                 :                           0 
	   Memory (MB)          :  1430       20000     20096 
...
040 (113484788.000.000) 2023-04-02 14:52:45 Started transferring input files
	Transferring to host: <10.14.10.85:9618?addrs=10.14.10.85-9618&alias=node2335.cluster.ldas.cit&noUDP&sock=slot1_8_1408476_8234_10645>
...
040 (113484788.000.000) 2023-04-02 14:52:45 Finished transferring input files
...
001 (113484788.000.000) 2023-04-02 14:52:46 Job executing on host: <10.14.10.85:9618?addrs=10.14.10.85-9618&alias=node2335.cluster.ldas.cit&noUDP&sock=startd_1408434_2769>
...
006 (113484788.000.000) 2023-04-02 17:10:38 Image size of job updated: 12618388
	1465  -  MemoryUsage of job (MB)
	1500000  -  ResidentSetSize of job (KB)
...
040 (113484788.000.000) 2023-04-02 17:10:38 Started transferring output files
...
040 (113484788.000.000) 2023-04-02 17:10:38 Finished transferring output files
...
005 (113484788.000.000) 2023-04-02 17:10:38 Job terminated.
	(1) Normal termination (return value 0)
		Usr 0 05:45:27, Sys 0 00:00:47  -  Run Remote Usage
		Usr 0 00:00:00, Sys 0 00:00:00  -  Run Local Usage
		Usr 3 12:17:00, Sys 0 00:06:51  -  Total Remote Usage
		Usr 0 00:00:00, Sys 0 00:00:00  -  Total Local Usage
	103155  -  Run Bytes Sent By Job
	381  -  Run Bytes Received By Job
	103155  -  Total Bytes Sent By Job
	762  -  Total Bytes Received By Job
	Partitionable Resources :    Usage  Request Allocated 
	   Cpus                 :     4.72        1         1 
	   Disk (KB)            :   124      500000    624256 
	   GPUs                 :                           0 
	   Memory (MB)          :  1465       20000     20096 

	Job terminated of its own accord at 2023-04-03T00:10:38Z with exit-code 0.
...
