000 (113450098.000.000) 2023-03-29 17:01:36 Job submitted from host: <10.14.0.160:9618?addrs=10.14.0.160-9618&alias=ldas-pcdev2.ligo.caltech.edu&noUDP&sock=schedd_7450_a8a7>
    DAG Node: 583
...
040 (113450098.000.000) 2023-03-29 17:44:37 Started transferring input files
	Transferring to host: <10.14.9.194:9618?addrs=10.14.9.194-9618&alias=node2194.cluster.ldas.cit&noUDP&sock=slot1_2_189911_3ac4_89145>
...
040 (113450098.000.000) 2023-03-29 17:44:38 Finished transferring input files
...
001 (113450098.000.000) 2023-03-29 17:44:39 Job executing on host: <10.14.9.194:9618?addrs=10.14.9.194-9618&alias=node2194.cluster.ldas.cit&noUDP&sock=startd_189641_87e3>
...
006 (113450098.000.000) 2023-03-29 17:44:39 Image size of job updated: 1
	0  -  MemoryUsage of job (MB)
	0  -  ResidentSetSize of job (KB)
...
040 (113450098.000.000) 2023-03-29 17:44:39 Started transferring output files
...
040 (113450098.000.000) 2023-03-29 17:44:39 Finished transferring output files
...
005 (113450098.000.000) 2023-03-29 17:44:39 Job terminated.
	(1) Normal termination (return value 127)
		Usr 0 00:00:00, Sys 0 00:00:00  -  Run Remote Usage
		Usr 0 00:00:00, Sys 0 00:00:00  -  Run Local Usage
		Usr 0 00:00:00, Sys 0 00:00:00  -  Total Remote Usage
		Usr 0 00:00:00, Sys 0 00:00:00  -  Total Local Usage
	407  -  Run Bytes Sent By Job
	366  -  Run Bytes Received By Job
	407  -  Total Bytes Sent By Job
	366  -  Total Bytes Received By Job
	Partitionable Resources :    Usage  Request Allocated 
	   Cpus                 :                 1         1 
	   Disk (KB)            :       14   500000    561711 
	   GPUs                 :                           0 
	   Memory (MB)          :        0    20000     20096 

	Job terminated of its own accord at 2023-03-30T00:44:39Z with exit-code 127.
...
000 (113484971.000.000) 2023-04-01 14:24:17 Job submitted from host: <10.14.0.160:9618?addrs=10.14.0.160-9618&alias=ldas-pcdev2.ligo.caltech.edu&noUDP&sock=schedd_7450_a8a7>
    DAG Node: 583
...
040 (113484971.000.000) 2023-04-01 14:29:55 Started transferring input files
	Transferring to host: <10.14.9.194:9618?addrs=10.14.9.194-9618&alias=node2194.cluster.ldas.cit&noUDP&sock=slot1_2_189911_3ac4_109137>
...
040 (113484971.000.000) 2023-04-01 14:29:55 Finished transferring input files
...
001 (113484971.000.000) 2023-04-01 14:29:56 Job executing on host: <10.14.9.194:9618?addrs=10.14.9.194-9618&alias=node2194.cluster.ldas.cit&noUDP&sock=startd_189641_87e3>
...
006 (113484971.000.000) 2023-04-01 14:29:56 Image size of job updated: 1
	0  -  MemoryUsage of job (MB)
	0  -  ResidentSetSize of job (KB)
...
040 (113484971.000.000) 2023-04-01 14:29:56 Started transferring output files
...
040 (113484971.000.000) 2023-04-01 14:29:56 Finished transferring output files
...
005 (113484971.000.000) 2023-04-01 14:29:56 Job terminated.
	(1) Normal termination (return value 127)
		Usr 0 00:00:00, Sys 0 00:00:00  -  Run Remote Usage
		Usr 0 00:00:00, Sys 0 00:00:00  -  Run Local Usage
		Usr 0 00:00:00, Sys 0 00:00:00  -  Total Remote Usage
		Usr 0 00:00:00, Sys 0 00:00:00  -  Total Local Usage
	411  -  Run Bytes Sent By Job
	366  -  Run Bytes Received By Job
	411  -  Total Bytes Sent By Job
	366  -  Total Bytes Received By Job
	Partitionable Resources :    Usage  Request Allocated 
	   Cpus                 :                 1         1 
	   Disk (KB)            :       14   500000    561711 
	   GPUs                 :                           0 
	   Memory (MB)          :        0    20000     20096 

	Job terminated of its own accord at 2023-04-01T21:29:56Z with exit-code 127.
...
000 (113485175.000.000) 2023-04-01 14:53:31 Job submitted from host: <10.14.0.160:9618?addrs=10.14.0.160-9618&alias=ldas-pcdev2.ligo.caltech.edu&noUDP&sock=schedd_7450_a8a7>
    DAG Node: 583
...
040 (113485175.000.000) 2023-04-01 15:01:19 Started transferring input files
	Transferring to host: <10.14.9.196:9618?addrs=10.14.9.196-9618&alias=node2196.cluster.ldas.cit&noUDP&sock=slot1_3_186547_fcbb_160831>
...
040 (113485175.000.000) 2023-04-01 15:01:19 Finished transferring input files
...
001 (113485175.000.000) 2023-04-01 15:01:20 Job executing on host: <10.14.9.196:9618?addrs=10.14.9.196-9618&alias=node2196.cluster.ldas.cit&noUDP&sock=startd_186508_8dac>
...
006 (113485175.000.000) 2023-04-01 15:01:20 Image size of job updated: 1
	0  -  MemoryUsage of job (MB)
	0  -  ResidentSetSize of job (KB)
...
040 (113485175.000.000) 2023-04-01 15:01:20 Started transferring output files
...
040 (113485175.000.000) 2023-04-01 15:01:20 Finished transferring output files
...
005 (113485175.000.000) 2023-04-01 15:01:20 Job terminated.
	(1) Normal termination (return value 127)
		Usr 0 00:00:00, Sys 0 00:00:00  -  Run Remote Usage
		Usr 0 00:00:00, Sys 0 00:00:00  -  Run Local Usage
		Usr 0 00:00:00, Sys 0 00:00:00  -  Total Remote Usage
		Usr 0 00:00:00, Sys 0 00:00:00  -  Total Local Usage
	403  -  Run Bytes Sent By Job
	366  -  Run Bytes Received By Job
	403  -  Total Bytes Sent By Job
	366  -  Total Bytes Received By Job
	Partitionable Resources :    Usage  Request Allocated 
	   Cpus                 :                 1         1 
	   Disk (KB)            :       15   500000    519527 
	   GPUs                 :                           0 
	   Memory (MB)          :        0    20000     20096 

	Job terminated of its own accord at 2023-04-01T22:01:20Z with exit-code 127.
...
000 (113493879.000.000) 2023-04-02 13:26:47 Job submitted from host: <10.14.0.160:9618?addrs=10.14.0.160-9618&alias=ldas-pcdev2.ligo.caltech.edu&noUDP&sock=schedd_7450_a8a7>
    DAG Node: 583
...
040 (113493879.000.000) 2023-04-02 13:41:13 Started transferring input files
	Transferring to host: <10.14.4.44:9618?addrs=10.14.4.44-9618&alias=node794.cluster.ldas.cit&noUDP&sock=slot1_3_631012_c9b5_18592>
...
040 (113493879.000.000) 2023-04-02 13:41:13 Finished transferring input files
...
001 (113493879.000.000) 2023-04-02 13:41:14 Job executing on host: <10.14.4.44:9618?addrs=10.14.4.44-9618&alias=node794.cluster.ldas.cit&noUDP&sock=startd_3401_61b0>
...
006 (113493879.000.000) 2023-04-02 13:41:23 Image size of job updated: 594108
	192  -  MemoryUsage of job (MB)
	196472  -  ResidentSetSize of job (KB)
...
006 (113493879.000.000) 2023-04-02 13:46:24 Image size of job updated: 5176400
	211  -  MemoryUsage of job (MB)
	216028  -  ResidentSetSize of job (KB)
...
006 (113493879.000.000) 2023-04-02 13:51:24 Image size of job updated: 5176400
	213  -  MemoryUsage of job (MB)
	217176  -  ResidentSetSize of job (KB)
...
006 (113493879.000.000) 2023-04-02 13:56:24 Image size of job updated: 5176400
	392  -  MemoryUsage of job (MB)
	400544  -  ResidentSetSize of job (KB)
...
006 (113493879.000.000) 2023-04-02 14:01:25 Image size of job updated: 5176400
	398  -  MemoryUsage of job (MB)
	406788  -  ResidentSetSize of job (KB)
...
006 (113493879.000.000) 2023-04-02 14:06:26 Image size of job updated: 5176400
	494  -  MemoryUsage of job (MB)
	505288  -  ResidentSetSize of job (KB)
...
006 (113493879.000.000) 2023-04-02 14:11:26 Image size of job updated: 5176400
	495  -  MemoryUsage of job (MB)
	505924  -  ResidentSetSize of job (KB)
...
006 (113493879.000.000) 2023-04-02 14:16:27 Image size of job updated: 5176400
	506  -  MemoryUsage of job (MB)
	517960  -  ResidentSetSize of job (KB)
...
006 (113493879.000.000) 2023-04-02 14:21:28 Image size of job updated: 5176400
	507  -  MemoryUsage of job (MB)
	518628  -  ResidentSetSize of job (KB)
...
006 (113493879.000.000) 2023-04-02 14:26:28 Image size of job updated: 5176400
	529  -  MemoryUsage of job (MB)
	541216  -  ResidentSetSize of job (KB)
...
006 (113493879.000.000) 2023-04-02 14:31:29 Image size of job updated: 5176400
	531  -  MemoryUsage of job (MB)
	542868  -  ResidentSetSize of job (KB)
...
006 (113493879.000.000) 2023-04-02 14:36:30 Image size of job updated: 5176400
	552  -  MemoryUsage of job (MB)
	564808  -  ResidentSetSize of job (KB)
...
006 (113493879.000.000) 2023-04-02 14:41:30 Image size of job updated: 5176400
	553  -  MemoryUsage of job (MB)
	565880  -  ResidentSetSize of job (KB)
...
006 (113493879.000.000) 2023-04-02 14:46:31 Image size of job updated: 5176400
	570  -  MemoryUsage of job (MB)
	583396  -  ResidentSetSize of job (KB)
...
006 (113493879.000.000) 2023-04-02 14:51:32 Image size of job updated: 5176400
	574  -  MemoryUsage of job (MB)
	586848  -  ResidentSetSize of job (KB)
...
006 (113493879.000.000) 2023-04-02 14:56:32 Image size of job updated: 5176400
	598  -  MemoryUsage of job (MB)
	611888  -  ResidentSetSize of job (KB)
...
006 (113493879.000.000) 2023-04-02 15:06:34 Image size of job updated: 5176400
	604  -  MemoryUsage of job (MB)
	617824  -  ResidentSetSize of job (KB)
...
006 (113493879.000.000) 2023-04-02 15:11:34 Image size of job updated: 5176400
	609  -  MemoryUsage of job (MB)
	622832  -  ResidentSetSize of job (KB)
...
006 (113493879.000.000) 2023-04-02 15:16:34 Image size of job updated: 5176400
	616  -  MemoryUsage of job (MB)
	630152  -  ResidentSetSize of job (KB)
...
006 (113493879.000.000) 2023-04-02 15:21:35 Image size of job updated: 5176400
	650  -  MemoryUsage of job (MB)
	665192  -  ResidentSetSize of job (KB)
...
006 (113493879.000.000) 2023-04-02 15:26:35 Image size of job updated: 5176400
	757  -  MemoryUsage of job (MB)
	774220  -  ResidentSetSize of job (KB)
...
006 (113493879.000.000) 2023-04-02 15:31:35 Image size of job updated: 5176400
	914  -  MemoryUsage of job (MB)
	935764  -  ResidentSetSize of job (KB)
...
006 (113493879.000.000) 2023-04-02 15:36:36 Image size of job updated: 5176400
	932  -  MemoryUsage of job (MB)
	954168  -  ResidentSetSize of job (KB)
...
006 (113493879.000.000) 2023-04-02 15:41:36 Image size of job updated: 5176400
	946  -  MemoryUsage of job (MB)
	967784  -  ResidentSetSize of job (KB)
...
006 (113493879.000.000) 2023-04-02 15:46:36 Image size of job updated: 5176400
	946  -  MemoryUsage of job (MB)
	968124  -  ResidentSetSize of job (KB)
...
006 (113493879.000.000) 2023-04-02 15:51:38 Image size of job updated: 5176400
	952  -  MemoryUsage of job (MB)
	974264  -  ResidentSetSize of job (KB)
...
006 (113493879.000.000) 2023-04-02 15:56:38 Image size of job updated: 5176400
	953  -  MemoryUsage of job (MB)
	975296  -  ResidentSetSize of job (KB)
...
006 (113493879.000.000) 2023-04-02 16:01:38 Image size of job updated: 5179220
	1012  -  MemoryUsage of job (MB)
	1035692  -  ResidentSetSize of job (KB)
...
006 (113493879.000.000) 2023-04-02 16:06:39 Image size of job updated: 5187200
	1020  -  MemoryUsage of job (MB)
	1044356  -  ResidentSetSize of job (KB)
...
006 (113493879.000.000) 2023-04-02 16:11:40 Image size of job updated: 5201896
	1045  -  MemoryUsage of job (MB)
	1069668  -  ResidentSetSize of job (KB)
...
006 (113493879.000.000) 2023-04-02 16:16:40 Image size of job updated: 5201896
	1045  -  MemoryUsage of job (MB)
	1069932  -  ResidentSetSize of job (KB)
...
006 (113493879.000.000) 2023-04-02 16:21:41 Image size of job updated: 5201896
	1047  -  MemoryUsage of job (MB)
	1071264  -  ResidentSetSize of job (KB)
...
006 (113493879.000.000) 2023-04-02 16:26:42 Image size of job updated: 5205948
	1078  -  MemoryUsage of job (MB)
	1103564  -  ResidentSetSize of job (KB)
...
006 (113493879.000.000) 2023-04-02 16:31:42 Image size of job updated: 5212380
	1106  -  MemoryUsage of job (MB)
	1131912  -  ResidentSetSize of job (KB)
...
006 (113493879.000.000) 2023-04-02 16:36:43 Image size of job updated: 5256992
	1141  -  MemoryUsage of job (MB)
	1167596  -  ResidentSetSize of job (KB)
...
006 (113493879.000.000) 2023-04-02 16:41:44 Image size of job updated: 5256992
	1164  -  MemoryUsage of job (MB)
	1191856  -  ResidentSetSize of job (KB)
...
006 (113493879.000.000) 2023-04-02 16:46:44 Image size of job updated: 5256992
	1167  -  MemoryUsage of job (MB)
	1194148  -  ResidentSetSize of job (KB)
...
006 (113493879.000.000) 2023-04-02 16:51:45 Image size of job updated: 5256992
	1186  -  MemoryUsage of job (MB)
	1213656  -  ResidentSetSize of job (KB)
...
006 (113493879.000.000) 2023-04-02 16:56:46 Image size of job updated: 5256992
	1206  -  MemoryUsage of job (MB)
	1234192  -  ResidentSetSize of job (KB)
...
006 (113493879.000.000) 2023-04-02 17:01:46 Image size of job updated: 5260368
	1211  -  MemoryUsage of job (MB)
	1239652  -  ResidentSetSize of job (KB)
...
006 (113493879.000.000) 2023-04-02 17:06:47 Image size of job updated: 5266820
	1219  -  MemoryUsage of job (MB)
	1248152  -  ResidentSetSize of job (KB)
...
006 (113493879.000.000) 2023-04-02 17:11:48 Image size of job updated: 5269636
	1219  -  MemoryUsage of job (MB)
	1248152  -  ResidentSetSize of job (KB)
...
006 (113493879.000.000) 2023-04-02 17:21:49 Image size of job updated: 5274408
	1225  -  MemoryUsage of job (MB)
	1253792  -  ResidentSetSize of job (KB)
...
006 (113493879.000.000) 2023-04-02 17:31:50 Image size of job updated: 5274408
	1226  -  MemoryUsage of job (MB)
	1254804  -  ResidentSetSize of job (KB)
...
006 (113493879.000.000) 2023-04-02 17:36:51 Image size of job updated: 5316048
	1264  -  MemoryUsage of job (MB)
	1293372  -  ResidentSetSize of job (KB)
...
006 (113493879.000.000) 2023-04-02 17:41:52 Image size of job updated: 5319900
	1267  -  MemoryUsage of job (MB)
	1296968  -  ResidentSetSize of job (KB)
...
006 (113493879.000.000) 2023-04-02 18:01:54 Image size of job updated: 5329452
	1267  -  MemoryUsage of job (MB)
	1296968  -  ResidentSetSize of job (KB)
...
006 (113493879.000.000) 2023-04-02 18:56:59 Image size of job updated: 5350696
	1267  -  MemoryUsage of job (MB)
	1296968  -  ResidentSetSize of job (KB)
...
006 (113493879.000.000) 2023-04-02 19:07:00 Image size of job updated: 5351100
	1267  -  MemoryUsage of job (MB)
	1296968  -  ResidentSetSize of job (KB)
...
006 (113493879.000.000) 2023-04-02 19:17:02 Image size of job updated: 5366688
	1267  -  MemoryUsage of job (MB)
	1296968  -  ResidentSetSize of job (KB)
...
006 (113493879.000.000) 2023-04-02 19:32:04 Image size of job updated: 5366688
	1271  -  MemoryUsage of job (MB)
	1301108  -  ResidentSetSize of job (KB)
...
006 (113493879.000.000) 2023-04-02 19:37:04 Image size of job updated: 5366688
	1273  -  MemoryUsage of job (MB)
	1303156  -  ResidentSetSize of job (KB)
...
006 (113493879.000.000) 2023-04-02 19:42:04 Image size of job updated: 5383756
	1273  -  MemoryUsage of job (MB)
	1303156  -  ResidentSetSize of job (KB)
...
006 (113493879.000.000) 2023-04-02 19:52:05 Image size of job updated: 5397960
	1288  -  MemoryUsage of job (MB)
	1318496  -  ResidentSetSize of job (KB)
...
006 (113493879.000.000) 2023-04-02 19:57:05 Image size of job updated: 5397960
	1297  -  MemoryUsage of job (MB)
	1327544  -  ResidentSetSize of job (KB)
...
006 (113493879.000.000) 2023-04-02 20:02:06 Image size of job updated: 5397960
	1325  -  MemoryUsage of job (MB)
	1356768  -  ResidentSetSize of job (KB)
...
006 (113493879.000.000) 2023-04-02 20:07:06 Image size of job updated: 5397960
	1326  -  MemoryUsage of job (MB)
	1357372  -  ResidentSetSize of job (KB)
...
006 (113493879.000.000) 2023-04-02 20:12:06 Image size of job updated: 5397960
	1330  -  MemoryUsage of job (MB)
	1361200  -  ResidentSetSize of job (KB)
...
006 (113493879.000.000) 2023-04-02 20:17:08 Image size of job updated: 5397960
	1331  -  MemoryUsage of job (MB)
	1362068  -  ResidentSetSize of job (KB)
...
006 (113493879.000.000) 2023-04-02 20:22:08 Image size of job updated: 5397960
	1333  -  MemoryUsage of job (MB)
	1364468  -  ResidentSetSize of job (KB)
...
006 (113493879.000.000) 2023-04-02 20:27:08 Image size of job updated: 5397960
	1334  -  MemoryUsage of job (MB)
	1365248  -  ResidentSetSize of job (KB)
...
006 (113493879.000.000) 2023-04-02 20:32:09 Image size of job updated: 5397960
	1334  -  MemoryUsage of job (MB)
	1365440  -  ResidentSetSize of job (KB)
...
006 (113493879.000.000) 2023-04-02 20:37:10 Image size of job updated: 5403232
	1351  -  MemoryUsage of job (MB)
	1382868  -  ResidentSetSize of job (KB)
...
006 (113493879.000.000) 2023-04-02 20:42:10 Image size of job updated: 5411376
	1359  -  MemoryUsage of job (MB)
	1391556  -  ResidentSetSize of job (KB)
...
006 (113493879.000.000) 2023-04-02 20:47:11 Image size of job updated: 5411376
	1360  -  MemoryUsage of job (MB)
	1391764  -  ResidentSetSize of job (KB)
...
006 (113493879.000.000) 2023-04-02 20:52:12 Image size of job updated: 5419456
	1362  -  MemoryUsage of job (MB)
	1394300  -  ResidentSetSize of job (KB)
...
006 (113493879.000.000) 2023-04-02 20:57:12 Image size of job updated: 5490180
	1364  -  MemoryUsage of job (MB)
	1395808  -  ResidentSetSize of job (KB)
...
006 (113493879.000.000) 2023-04-02 21:07:13 Image size of job updated: 5490180
	1370  -  MemoryUsage of job (MB)
	1402536  -  ResidentSetSize of job (KB)
...
006 (113493879.000.000) 2023-04-02 21:22:14 Image size of job updated: 5490180
	1371  -  MemoryUsage of job (MB)
	1403276  -  ResidentSetSize of job (KB)
...
006 (113493879.000.000) 2023-04-02 21:27:14 Image size of job updated: 5490180
	1371  -  MemoryUsage of job (MB)
	1403904  -  ResidentSetSize of job (KB)
...
006 (113493879.000.000) 2023-04-02 21:32:14 Image size of job updated: 5502236
	1374  -  MemoryUsage of job (MB)
	1406796  -  ResidentSetSize of job (KB)
...
006 (113493879.000.000) 2023-04-02 21:37:15 Image size of job updated: 5502236
	1377  -  MemoryUsage of job (MB)
	1409224  -  ResidentSetSize of job (KB)
...
006 (113493879.000.000) 2023-04-02 21:47:15 Image size of job updated: 5506764
	1379  -  MemoryUsage of job (MB)
	1412060  -  ResidentSetSize of job (KB)
...
006 (113493879.000.000) 2023-04-02 21:52:17 Image size of job updated: 5506764
	1381  -  MemoryUsage of job (MB)
	1413168  -  ResidentSetSize of job (KB)
...
006 (113493879.000.000) 2023-04-02 21:57:17 Image size of job updated: 5520472
	1383  -  MemoryUsage of job (MB)
	1415284  -  ResidentSetSize of job (KB)
...
006 (113493879.000.000) 2023-04-02 22:02:17 Image size of job updated: 5520472
	1384  -  MemoryUsage of job (MB)
	1416408  -  ResidentSetSize of job (KB)
...
006 (113493879.000.000) 2023-04-02 22:17:19 Image size of job updated: 5527968
	1391  -  MemoryUsage of job (MB)
	1424140  -  ResidentSetSize of job (KB)
...
006 (113493879.000.000) 2023-04-02 22:32:21 Image size of job updated: 5531984
	1395  -  MemoryUsage of job (MB)
	1428240  -  ResidentSetSize of job (KB)
...
006 (113493879.000.000) 2023-04-02 22:42:23 Image size of job updated: 5531984
	1398  -  MemoryUsage of job (MB)
	1431092  -  ResidentSetSize of job (KB)
...
006 (113493879.000.000) 2023-04-02 22:47:23 Image size of job updated: 5531984
	1399  -  MemoryUsage of job (MB)
	1432000  -  ResidentSetSize of job (KB)
...
006 (113493879.000.000) 2023-04-02 22:52:24 Image size of job updated: 5531984
	1399  -  MemoryUsage of job (MB)
	1432500  -  ResidentSetSize of job (KB)
...
006 (113493879.000.000) 2023-04-02 23:07:25 Image size of job updated: 5554212
	1406  -  MemoryUsage of job (MB)
	1439092  -  ResidentSetSize of job (KB)
...
006 (113493879.000.000) 2023-04-02 23:17:26 Image size of job updated: 5581456
	1511  -  MemoryUsage of job (MB)
	1546816  -  ResidentSetSize of job (KB)
...
006 (113493879.000.000) 2023-04-02 23:57:31 Image size of job updated: 5584748
	1511  -  MemoryUsage of job (MB)
	1546816  -  ResidentSetSize of job (KB)
...
006 (113493879.000.000) 2023-04-03 00:12:32 Image size of job updated: 5589276
	1511  -  MemoryUsage of job (MB)
	1546816  -  ResidentSetSize of job (KB)
...
006 (113493879.000.000) 2023-04-03 00:27:33 Image size of job updated: 5592028
	1511  -  MemoryUsage of job (MB)
	1546816  -  ResidentSetSize of job (KB)
...
006 (113493879.000.000) 2023-04-03 00:52:37 Image size of job updated: 5619732
	1511  -  MemoryUsage of job (MB)
	1546816  -  ResidentSetSize of job (KB)
...
006 (113493879.000.000) 2023-04-03 01:02:38 Image size of job updated: 5622856
	1511  -  MemoryUsage of job (MB)
	1546816  -  ResidentSetSize of job (KB)
...
006 (113493879.000.000) 2023-04-03 01:17:39 Image size of job updated: 5627584
	1511  -  MemoryUsage of job (MB)
	1546816  -  ResidentSetSize of job (KB)
...
006 (113493879.000.000) 2023-04-03 01:27:41 Image size of job updated: 5629816
	1511  -  MemoryUsage of job (MB)
	1546816  -  ResidentSetSize of job (KB)
...
006 (113493879.000.000) 2023-04-03 01:52:44 Image size of job updated: 5635040
	1511  -  MemoryUsage of job (MB)
	1546816  -  ResidentSetSize of job (KB)
...
006 (113493879.000.000) 2023-04-03 02:07:46 Image size of job updated: 5642908
	1511  -  MemoryUsage of job (MB)
	1546816  -  ResidentSetSize of job (KB)
...
006 (113493879.000.000) 2023-04-03 02:37:49 Image size of job updated: 5663960
	1511  -  MemoryUsage of job (MB)
	1546816  -  ResidentSetSize of job (KB)
...
006 (113493879.000.000) 2023-04-03 02:47:51 Image size of job updated: 5667644
	1511  -  MemoryUsage of job (MB)
	1546816  -  ResidentSetSize of job (KB)
...
006 (113493879.000.000) 2023-04-03 02:57:51 Image size of job updated: 5669396
	1604  -  MemoryUsage of job (MB)
	1642288  -  ResidentSetSize of job (KB)
...
006 (113493879.000.000) 2023-04-03 03:12:52 Image size of job updated: 5672912
	1604  -  MemoryUsage of job (MB)
	1642288  -  ResidentSetSize of job (KB)
...
006 (113493879.000.000) 2023-04-03 03:27:54 Image size of job updated: 5677392
	1604  -  MemoryUsage of job (MB)
	1642288  -  ResidentSetSize of job (KB)
...
006 (113493879.000.000) 2023-04-03 03:57:58 Image size of job updated: 5684496
	1604  -  MemoryUsage of job (MB)
	1642288  -  ResidentSetSize of job (KB)
...
006 (113493879.000.000) 2023-04-03 04:07:59 Image size of job updated: 5687752
	1604  -  MemoryUsage of job (MB)
	1642288  -  ResidentSetSize of job (KB)
...
006 (113493879.000.000) 2023-04-03 04:23:00 Image size of job updated: 5813008
	1604  -  MemoryUsage of job (MB)
	1642288  -  ResidentSetSize of job (KB)
...
006 (113493879.000.000) 2023-04-03 08:33:26 Image size of job updated: 5818836
	1604  -  MemoryUsage of job (MB)
	1642288  -  ResidentSetSize of job (KB)
...
006 (113493879.000.000) 2023-04-03 09:03:28 Image size of job updated: 5818836
	1629  -  MemoryUsage of job (MB)
	1667172  -  ResidentSetSize of job (KB)
...
006 (113493879.000.000) 2023-04-03 09:08:29 Image size of job updated: 5818836
	1630  -  MemoryUsage of job (MB)
	1668164  -  ResidentSetSize of job (KB)
...
006 (113493879.000.000) 2023-04-03 09:13:29 Image size of job updated: 5847272
	1630  -  MemoryUsage of job (MB)
	1668164  -  ResidentSetSize of job (KB)
...
006 (113493879.000.000) 2023-04-03 09:28:31 Image size of job updated: 5847992
	1634  -  MemoryUsage of job (MB)
	1672576  -  ResidentSetSize of job (KB)
...
006 (113493879.000.000) 2023-04-03 09:33:32 Image size of job updated: 5847992
	1636  -  MemoryUsage of job (MB)
	1674648  -  ResidentSetSize of job (KB)
...
006 (113493879.000.000) 2023-04-03 09:38:33 Image size of job updated: 5994236
	1637  -  MemoryUsage of job (MB)
	1675376  -  ResidentSetSize of job (KB)
...
006 (113493879.000.000) 2023-04-03 09:48:33 Image size of job updated: 5994236
	1642  -  MemoryUsage of job (MB)
	1680424  -  ResidentSetSize of job (KB)
...
006 (113493879.000.000) 2023-04-03 09:53:34 Image size of job updated: 5994236
	1646  -  MemoryUsage of job (MB)
	1684996  -  ResidentSetSize of job (KB)
...
006 (113493879.000.000) 2023-04-03 10:08:35 Image size of job updated: 5994236
	1647  -  MemoryUsage of job (MB)
	1685576  -  ResidentSetSize of job (KB)
...
006 (113493879.000.000) 2023-04-03 10:28:37 Image size of job updated: 5994236
	1651  -  MemoryUsage of job (MB)
	1690280  -  ResidentSetSize of job (KB)
...
006 (113493879.000.000) 2023-04-03 10:43:38 Image size of job updated: 5994236
	1653  -  MemoryUsage of job (MB)
	1691868  -  ResidentSetSize of job (KB)
...
006 (113493879.000.000) 2023-04-03 10:48:39 Image size of job updated: 5994236
	1665  -  MemoryUsage of job (MB)
	1704724  -  ResidentSetSize of job (KB)
...
006 (113493879.000.000) 2023-04-03 10:53:39 Image size of job updated: 5994236
	1672  -  MemoryUsage of job (MB)
	1711732  -  ResidentSetSize of job (KB)
...
006 (113493879.000.000) 2023-04-03 10:58:39 Image size of job updated: 5994236
	1673  -  MemoryUsage of job (MB)
	1712740  -  ResidentSetSize of job (KB)
...
006 (113493879.000.000) 2023-04-03 11:13:40 Image size of job updated: 5994236
	1674  -  MemoryUsage of job (MB)
	1713992  -  ResidentSetSize of job (KB)
...
006 (113493879.000.000) 2023-04-03 11:18:41 Image size of job updated: 5994236
	1676  -  MemoryUsage of job (MB)
	1716040  -  ResidentSetSize of job (KB)
...
006 (113493879.000.000) 2023-04-03 11:33:42 Image size of job updated: 5994236
	1830  -  MemoryUsage of job (MB)
	1873408  -  ResidentSetSize of job (KB)
...
004 (113493879.000.000) 2023-04-03 15:00:47 Job was evicted.
	(0) CPU times
		Usr 3 12:51:39, Sys 0 00:05:33  -  Run Remote Usage
		Usr 0 00:00:00, Sys 0 00:00:00  -  Run Local Usage
	0  -  Run Bytes Sent By Job
	366  -  Run Bytes Received By Job
	Partitionable Resources :    Usage  Request Allocated 
	   Cpus                 :     2.99        1         1 
	   Disk (KB)            :  4160      500000    619991 
	   GPUs                 :                           0 
	   Memory (MB)          :  1830       20000     20096 
...
040 (113493879.000.000) 2023-04-03 15:18:51 Started transferring input files
	Transferring to host: <10.14.4.23:9618?addrs=10.14.4.23-9618&alias=node773.cluster.ldas.cit&noUDP&sock=slot1_8_4026539_bbb3_6399>
...
040 (113493879.000.000) 2023-04-03 15:18:51 Finished transferring input files
...
001 (113493879.000.000) 2023-04-03 15:18:52 Job executing on host: <10.14.4.23:9618?addrs=10.14.4.23-9618&alias=node773.cluster.ldas.cit&noUDP&sock=startd_4026501_5abf>
...
006 (113493879.000.000) 2023-04-04 10:00:57 Image size of job updated: 7500000
	1968  -  MemoryUsage of job (MB)
	2014336  -  ResidentSetSize of job (KB)
...
006 (113493879.000.000) 2023-04-04 14:01:23 Image size of job updated: 7500000
	2014  -  MemoryUsage of job (MB)
	2061388  -  ResidentSetSize of job (KB)
...
004 (113493879.000.000) 2023-04-04 15:30:27 Job was evicted.
	(0) CPU times
		Usr 2 22:31:03, Sys 0 00:11:25  -  Run Remote Usage
		Usr 0 00:00:00, Sys 0 00:00:00  -  Run Local Usage
	0  -  Run Bytes Sent By Job
	366  -  Run Bytes Received By Job
	Partitionable Resources :    Usage  Request Allocated 
	   Cpus                 :     1.98        1         1 
	   Disk (KB)            :  3260      500000    609620 
	   GPUs                 :                           0 
	   Memory (MB)          :  2014       20000     20096 
...
040 (113493879.000.000) 2023-04-04 15:34:21 Started transferring input files
	Transferring to host: <10.14.10.123:9618?addrs=10.14.10.123-9618&alias=node2373.cluster.ldas.cit&noUDP&sock=slot1_1_1968561_0f0c_29015>
...
040 (113493879.000.000) 2023-04-04 15:34:21 Finished transferring input files
...
001 (113493879.000.000) 2023-04-04 15:34:22 Job executing on host: <10.14.10.123:9618?addrs=10.14.10.123-9618&alias=node2373.cluster.ldas.cit&noUDP&sock=startd_4440_0c96>
...
006 (113493879.000.000) 2023-04-05 03:25:45 Image size of job updated: 7500000
	2236  -  MemoryUsage of job (MB)
	2289312  -  ResidentSetSize of job (KB)
...
006 (113493879.000.000) 2023-04-05 03:40:46 Image size of job updated: 7500000
	2247  -  MemoryUsage of job (MB)
	2299936  -  ResidentSetSize of job (KB)
...
006 (113493879.000.000) 2023-04-05 07:46:10 Image size of job updated: 7500000
	2275  -  MemoryUsage of job (MB)
	2328808  -  ResidentSetSize of job (KB)
...
006 (113493879.000.000) 2023-04-05 14:01:49 Image size of job updated: 7500000
	2340  -  MemoryUsage of job (MB)
	2395672  -  ResidentSetSize of job (KB)
...
004 (113493879.000.000) 2023-04-05 14:52:31 Job was evicted.
	(0) CPU times
		Usr 3 09:44:27, Sys 0 00:04:22  -  Run Remote Usage
		Usr 0 00:00:00, Sys 0 00:00:00  -  Run Local Usage
	0  -  Run Bytes Sent By Job
	366  -  Run Bytes Received By Job
	Partitionable Resources :    Usage  Request Allocated 
	   Cpus                 :     1.00        1         1 
	   Disk (KB)            :  3280      500000    624256 
	   GPUs                 :                           0 
	   Memory (MB)          :  2340       20000     20096 
...
009 (113493879.000.000) 2023-04-05 14:52:31 Job was aborted.
	removed because <OtherJobRemoveRequirements = DAGManJobId =?= 113493790> fired when job (113493790.0) was removed
...
000 (113587370.000.000) 2023-04-05 14:54:34 Job submitted from host: <10.14.0.160:9618?addrs=10.14.0.160-9618&alias=ldas-pcdev2.ligo.caltech.edu&noUDP&sock=schedd_7450_a8a7>
    DAG Node: 583
...
040 (113587370.000.000) 2023-04-05 15:01:03 Started transferring input files
	Transferring to host: <10.14.4.80:9618?addrs=10.14.4.80-9618&alias=node830.cluster.ldas.cit&noUDP&sock=slot1_8_2249809_b7b9_169>
...
040 (113587370.000.000) 2023-04-05 15:01:03 Finished transferring input files
...
001 (113587370.000.000) 2023-04-05 15:01:04 Job executing on host: <10.14.4.80:9618?addrs=10.14.4.80-9618&alias=node830.cluster.ldas.cit&noUDP&sock=startd_2249767_9ce5>
...
006 (113587370.000.000) 2023-04-05 15:01:12 Image size of job updated: 199100
	190  -  MemoryUsage of job (MB)
	194404  -  ResidentSetSize of job (KB)
...
006 (113587370.000.000) 2023-04-05 15:06:12 Image size of job updated: 5293772
	765  -  MemoryUsage of job (MB)
	782536  -  ResidentSetSize of job (KB)
...
006 (113587370.000.000) 2023-04-05 15:11:13 Image size of job updated: 5386544
	855  -  MemoryUsage of job (MB)
	875488  -  ResidentSetSize of job (KB)
...
006 (113587370.000.000) 2023-04-05 15:16:13 Image size of job updated: 5472868
	940  -  MemoryUsage of job (MB)
	962424  -  ResidentSetSize of job (KB)
...
006 (113587370.000.000) 2023-04-05 15:21:13 Image size of job updated: 5506136
	973  -  MemoryUsage of job (MB)
	995756  -  ResidentSetSize of job (KB)
...
006 (113587370.000.000) 2023-04-05 15:26:14 Image size of job updated: 5555488
	1021  -  MemoryUsage of job (MB)
	1045144  -  ResidentSetSize of job (KB)
...
006 (113587370.000.000) 2023-04-05 15:31:14 Image size of job updated: 5555744
	1021  -  MemoryUsage of job (MB)
	1045144  -  ResidentSetSize of job (KB)
...
006 (113587370.000.000) 2023-04-05 15:36:15 Image size of job updated: 5666760
	1641  -  MemoryUsage of job (MB)
	1680348  -  ResidentSetSize of job (KB)
...
006 (113587370.000.000) 2023-04-05 15:41:16 Image size of job updated: 6195168
	1641  -  MemoryUsage of job (MB)
	1680348  -  ResidentSetSize of job (KB)
...
006 (113587370.000.000) 2023-04-05 15:51:16 Image size of job updated: 6300656
	1641  -  MemoryUsage of job (MB)
	1680348  -  ResidentSetSize of job (KB)
...
006 (113587370.000.000) 2023-04-05 16:06:17 Image size of job updated: 6365140
	1806  -  MemoryUsage of job (MB)
	1849020  -  ResidentSetSize of job (KB)
...
006 (113587370.000.000) 2023-04-05 16:26:19 Image size of job updated: 6662760
	1806  -  MemoryUsage of job (MB)
	1849020  -  ResidentSetSize of job (KB)
...
006 (113587370.000.000) 2023-04-05 17:31:25 Image size of job updated: 6662760
	1863  -  MemoryUsage of job (MB)
	1907368  -  ResidentSetSize of job (KB)
...
006 (113587370.000.000) 2023-04-05 18:21:30 Image size of job updated: 6662760
	1883  -  MemoryUsage of job (MB)
	1928164  -  ResidentSetSize of job (KB)
...
006 (113587370.000.000) 2023-04-05 18:31:31 Image size of job updated: 6662760
	1910  -  MemoryUsage of job (MB)
	1955212  -  ResidentSetSize of job (KB)
...
006 (113587370.000.000) 2023-04-05 18:46:33 Image size of job updated: 6662760
	1914  -  MemoryUsage of job (MB)
	1959564  -  ResidentSetSize of job (KB)
...
006 (113587370.000.000) 2023-04-05 18:51:33 Image size of job updated: 6662760
	1914  -  MemoryUsage of job (MB)
	1959688  -  ResidentSetSize of job (KB)
...
006 (113587370.000.000) 2023-04-05 19:31:36 Image size of job updated: 6662760
	1941  -  MemoryUsage of job (MB)
	1987072  -  ResidentSetSize of job (KB)
...
006 (113587370.000.000) 2023-04-05 20:11:39 Image size of job updated: 6662760
	2249  -  MemoryUsage of job (MB)
	2302556  -  ResidentSetSize of job (KB)
...
006 (113587370.000.000) 2023-04-06 03:22:20 Image size of job updated: 6662760
	2406  -  MemoryUsage of job (MB)
	2462916  -  ResidentSetSize of job (KB)
...
006 (113587370.000.000) 2023-04-06 06:27:43 Image size of job updated: 6662760
	2473  -  MemoryUsage of job (MB)
	2531800  -  ResidentSetSize of job (KB)
...
006 (113587370.000.000) 2023-04-06 06:52:46 Image size of job updated: 6898360
	2473  -  MemoryUsage of job (MB)
	2531800  -  ResidentSetSize of job (KB)
...
006 (113587370.000.000) 2023-04-06 07:37:50 Image size of job updated: 6902476
	2473  -  MemoryUsage of job (MB)
	2531800  -  ResidentSetSize of job (KB)
...
004 (113587370.000.000) 2023-04-06 15:16:59 Job was evicted.
	(0) CPU times
		Usr 2 21:46:59, Sys 0 00:06:29  -  Run Remote Usage
		Usr 0 00:00:00, Sys 0 00:00:00  -  Run Local Usage
	0  -  Run Bytes Sent By Job
	366  -  Run Bytes Received By Job
	Partitionable Resources :    Usage  Request Allocated 
	   Cpus                 :     7.97        1         1 
	   Disk (KB)            :  2956      500000    624256 
	   GPUs                 :                           0 
	   Memory (MB)          :  2473       20000     20096 
...
040 (113587370.000.000) 2023-04-06 15:37:12 Started transferring input files
	Transferring to host: <10.14.9.82:9618?addrs=10.14.9.82-9618&alias=node2082.cluster.ldas.cit&noUDP&sock=slot1_16_4078164_3746_9785>
...
040 (113587370.000.000) 2023-04-06 15:37:12 Finished transferring input files
...
001 (113587370.000.000) 2023-04-06 15:37:13 Job executing on host: <10.14.9.82:9618?addrs=10.14.9.82-9618&alias=node2082.cluster.ldas.cit&noUDP&sock=startd_4078126_cf7d>
...
004 (113587370.000.000) 2023-04-06 16:04:53 Job was evicted.
	(0) CPU times
		Usr 0 01:51:59, Sys 0 00:00:14  -  Run Remote Usage
		Usr 0 00:00:00, Sys 0 00:00:00  -  Run Local Usage
	0  -  Run Bytes Sent By Job
	366  -  Run Bytes Received By Job
	Partitionable Resources :    Usage  Request Allocated 
	   Cpus                 :     1.00        1         1 
	   Disk (KB)            :  2712      500000    609620 
	   GPUs                 :                           0 
	   Memory (MB)          :  2686       20000     20096 
...
009 (113587370.000.000) 2023-04-06 16:04:54 Job was aborted.
	removed because <OtherJobRemoveRequirements = DAGManJobId =?= 113587294> fired when job (113587294.0) was removed
...
000 (113604483.000.000) 2023-04-06 16:28:35 Job submitted from host: <10.14.0.160:9618?addrs=10.14.0.160-9618&alias=ldas-pcdev2.ligo.caltech.edu&noUDP&sock=schedd_7450_a8a7>
    DAG Node: 583
...
040 (113604483.000.000) 2023-04-06 16:58:48 Started transferring input files
	Transferring to host: <10.14.10.45:9618?addrs=10.14.10.45-9618&alias=node2295.cluster.ldas.cit&noUDP&sock=slot1_2_925037_ffc9_1478>
...
040 (113604483.000.000) 2023-04-06 16:58:48 Finished transferring input files
...
001 (113604483.000.000) 2023-04-06 16:58:49 Job executing on host: <10.14.10.45:9618?addrs=10.14.10.45-9618&alias=node2295.cluster.ldas.cit&noUDP&sock=startd_924995_35ef>
...
006 (113604483.000.000) 2023-04-06 16:58:57 Image size of job updated: 245284
	190  -  MemoryUsage of job (MB)
	194440  -  ResidentSetSize of job (KB)
...
006 (113604483.000.000) 2023-04-06 17:03:57 Image size of job updated: 5122108
	190  -  MemoryUsage of job (MB)
	194440  -  ResidentSetSize of job (KB)
...
006 (113604483.000.000) 2023-04-06 17:08:57 Image size of job updated: 5122108
	367  -  MemoryUsage of job (MB)
	375180  -  ResidentSetSize of job (KB)
...
006 (113604483.000.000) 2023-04-06 17:13:58 Image size of job updated: 5122108
	383  -  MemoryUsage of job (MB)
	391424  -  ResidentSetSize of job (KB)
...
006 (113604483.000.000) 2023-04-06 17:18:58 Image size of job updated: 5122108
	496  -  MemoryUsage of job (MB)
	507244  -  ResidentSetSize of job (KB)
...
006 (113604483.000.000) 2023-04-06 17:23:58 Image size of job updated: 5122108
	502  -  MemoryUsage of job (MB)
	513136  -  ResidentSetSize of job (KB)
...
006 (113604483.000.000) 2023-04-06 17:28:59 Image size of job updated: 5122108
	537  -  MemoryUsage of job (MB)
	549664  -  ResidentSetSize of job (KB)
...
006 (113604483.000.000) 2023-04-06 17:34:00 Image size of job updated: 5122108
	545  -  MemoryUsage of job (MB)
	557376  -  ResidentSetSize of job (KB)
...
006 (113604483.000.000) 2023-04-06 17:39:00 Image size of job updated: 5122108
	596  -  MemoryUsage of job (MB)
	609416  -  ResidentSetSize of job (KB)
...
006 (113604483.000.000) 2023-04-06 17:44:00 Image size of job updated: 5122108
	600  -  MemoryUsage of job (MB)
	613808  -  ResidentSetSize of job (KB)
...
006 (113604483.000.000) 2023-04-06 17:49:01 Image size of job updated: 5143004
	623  -  MemoryUsage of job (MB)
	637836  -  ResidentSetSize of job (KB)
...
006 (113604483.000.000) 2023-04-06 17:54:02 Image size of job updated: 5161644
	670  -  MemoryUsage of job (MB)
	685972  -  ResidentSetSize of job (KB)
...
006 (113604483.000.000) 2023-04-06 17:59:02 Image size of job updated: 5169524
	674  -  MemoryUsage of job (MB)
	689304  -  ResidentSetSize of job (KB)
...
006 (113604483.000.000) 2023-04-06 18:09:03 Image size of job updated: 5169524
	674  -  MemoryUsage of job (MB)
	689516  -  ResidentSetSize of job (KB)
...
006 (113604483.000.000) 2023-04-06 18:14:03 Image size of job updated: 5171892
	681  -  MemoryUsage of job (MB)
	696340  -  ResidentSetSize of job (KB)
...
006 (113604483.000.000) 2023-04-06 18:19:03 Image size of job updated: 5178924
	716  -  MemoryUsage of job (MB)
	732660  -  ResidentSetSize of job (KB)
...
006 (113604483.000.000) 2023-04-06 18:24:04 Image size of job updated: 5185244
	723  -  MemoryUsage of job (MB)
	739504  -  ResidentSetSize of job (KB)
...
006 (113604483.000.000) 2023-04-06 18:29:05 Image size of job updated: 5185748
	723  -  MemoryUsage of job (MB)
	740112  -  ResidentSetSize of job (KB)
...
006 (113604483.000.000) 2023-04-06 18:34:05 Image size of job updated: 5192156
	730  -  MemoryUsage of job (MB)
	746676  -  ResidentSetSize of job (KB)
...
006 (113604483.000.000) 2023-04-06 18:39:05 Image size of job updated: 5192156
	730  -  MemoryUsage of job (MB)
	746700  -  ResidentSetSize of job (KB)
...
006 (113604483.000.000) 2023-04-06 18:44:06 Image size of job updated: 5215424
	752  -  MemoryUsage of job (MB)
	769836  -  ResidentSetSize of job (KB)
...
006 (113604483.000.000) 2023-04-06 18:49:06 Image size of job updated: 5237004
	803  -  MemoryUsage of job (MB)
	821372  -  ResidentSetSize of job (KB)
...
006 (113604483.000.000) 2023-04-06 18:54:06 Image size of job updated: 5247000
	812  -  MemoryUsage of job (MB)
	830896  -  ResidentSetSize of job (KB)
...
006 (113604483.000.000) 2023-04-06 18:59:07 Image size of job updated: 5247352
	841  -  MemoryUsage of job (MB)
	860564  -  ResidentSetSize of job (KB)
...
006 (113604483.000.000) 2023-04-06 19:04:08 Image size of job updated: 5254304
	863  -  MemoryUsage of job (MB)
	882736  -  ResidentSetSize of job (KB)
...
006 (113604483.000.000) 2023-04-06 19:09:08 Image size of job updated: 5293104
	915  -  MemoryUsage of job (MB)
	936168  -  ResidentSetSize of job (KB)
...
006 (113604483.000.000) 2023-04-06 19:14:08 Image size of job updated: 5319096
	958  -  MemoryUsage of job (MB)
	980252  -  ResidentSetSize of job (KB)
...
006 (113604483.000.000) 2023-04-06 19:19:09 Image size of job updated: 5334328
	1012  -  MemoryUsage of job (MB)
	1035324  -  ResidentSetSize of job (KB)
...
006 (113604483.000.000) 2023-04-06 19:24:10 Image size of job updated: 5334328
	1012  -  MemoryUsage of job (MB)
	1035956  -  ResidentSetSize of job (KB)
...
006 (113604483.000.000) 2023-04-06 19:29:10 Image size of job updated: 5365276
	1043  -  MemoryUsage of job (MB)
	1067792  -  ResidentSetSize of job (KB)
...
006 (113604483.000.000) 2023-04-06 19:39:12 Image size of job updated: 5381660
	1055  -  MemoryUsage of job (MB)
	1079512  -  ResidentSetSize of job (KB)
...
006 (113604483.000.000) 2023-04-06 19:49:12 Image size of job updated: 5381660
	1056  -  MemoryUsage of job (MB)
	1080456  -  ResidentSetSize of job (KB)
...
006 (113604483.000.000) 2023-04-06 19:54:13 Image size of job updated: 5381660
	1056  -  MemoryUsage of job (MB)
	1080968  -  ResidentSetSize of job (KB)
...
006 (113604483.000.000) 2023-04-06 19:59:14 Image size of job updated: 5381660
	1056  -  MemoryUsage of job (MB)
	1081028  -  ResidentSetSize of job (KB)
...
006 (113604483.000.000) 2023-04-06 20:04:14 Image size of job updated: 5397996
	1065  -  MemoryUsage of job (MB)
	1090456  -  ResidentSetSize of job (KB)
...
006 (113604483.000.000) 2023-04-06 20:09:15 Image size of job updated: 5397996
	1068  -  MemoryUsage of job (MB)
	1093628  -  ResidentSetSize of job (KB)
...
006 (113604483.000.000) 2023-04-06 20:14:16 Image size of job updated: 5424844
	1088  -  MemoryUsage of job (MB)
	1113612  -  ResidentSetSize of job (KB)
...
006 (113604483.000.000) 2023-04-06 20:24:16 Image size of job updated: 5425356
	1088  -  MemoryUsage of job (MB)
	1113612  -  ResidentSetSize of job (KB)
...
006 (113604483.000.000) 2023-04-06 20:44:18 Image size of job updated: 5425356
	1119  -  MemoryUsage of job (MB)
	1144868  -  ResidentSetSize of job (KB)
...
006 (113604483.000.000) 2023-04-06 20:49:20 Image size of job updated: 5428540
	1183  -  MemoryUsage of job (MB)
	1211216  -  ResidentSetSize of job (KB)
...
006 (113604483.000.000) 2023-04-06 20:54:20 Image size of job updated: 5428540
	1308  -  MemoryUsage of job (MB)
	1338844  -  ResidentSetSize of job (KB)
...
006 (113604483.000.000) 2023-04-06 20:59:20 Image size of job updated: 5428540
	1343  -  MemoryUsage of job (MB)
	1374876  -  ResidentSetSize of job (KB)
...
006 (113604483.000.000) 2023-04-06 21:04:21 Image size of job updated: 5446740
	1358  -  MemoryUsage of job (MB)
	1389644  -  ResidentSetSize of job (KB)
...
006 (113604483.000.000) 2023-04-06 21:09:22 Image size of job updated: 5446740
	1358  -  MemoryUsage of job (MB)
	1389684  -  ResidentSetSize of job (KB)
...
006 (113604483.000.000) 2023-04-06 21:14:22 Image size of job updated: 5480788
	1407  -  MemoryUsage of job (MB)
	1439968  -  ResidentSetSize of job (KB)
...
006 (113604483.000.000) 2023-04-06 21:19:22 Image size of job updated: 5480788
	1407  -  MemoryUsage of job (MB)
	1440188  -  ResidentSetSize of job (KB)
...
006 (113604483.000.000) 2023-04-06 21:29:23 Image size of job updated: 5485852
	1412  -  MemoryUsage of job (MB)
	1445188  -  ResidentSetSize of job (KB)
...
006 (113604483.000.000) 2023-04-06 21:54:25 Image size of job updated: 5514156
	1438  -  MemoryUsage of job (MB)
	1471552  -  ResidentSetSize of job (KB)
...
006 (113604483.000.000) 2023-04-06 21:59:26 Image size of job updated: 5514156
	1439  -  MemoryUsage of job (MB)
	1472800  -  ResidentSetSize of job (KB)
...
006 (113604483.000.000) 2023-04-06 22:04:26 Image size of job updated: 5517032
	1442  -  MemoryUsage of job (MB)
	1476212  -  ResidentSetSize of job (KB)
...
006 (113604483.000.000) 2023-04-06 22:09:26 Image size of job updated: 5517240
	1442  -  MemoryUsage of job (MB)
	1476436  -  ResidentSetSize of job (KB)
...
006 (113604483.000.000) 2023-04-06 22:14:27 Image size of job updated: 5517240
	1442  -  MemoryUsage of job (MB)
	1476552  -  ResidentSetSize of job (KB)
...
006 (113604483.000.000) 2023-04-06 22:19:28 Image size of job updated: 5523608
	1449  -  MemoryUsage of job (MB)
	1483116  -  ResidentSetSize of job (KB)
...
006 (113604483.000.000) 2023-04-06 22:24:28 Image size of job updated: 5540136
	1465  -  MemoryUsage of job (MB)
	1499628  -  ResidentSetSize of job (KB)
...
006 (113604483.000.000) 2023-04-06 22:34:29 Image size of job updated: 5541712
	1466  -  MemoryUsage of job (MB)
	1501032  -  ResidentSetSize of job (KB)
...
006 (113604483.000.000) 2023-04-06 22:39:30 Image size of job updated: 5541880
	1466  -  MemoryUsage of job (MB)
	1501108  -  ResidentSetSize of job (KB)
...
006 (113604483.000.000) 2023-04-06 22:44:30 Image size of job updated: 5547064
	1466  -  MemoryUsage of job (MB)
	1501108  -  ResidentSetSize of job (KB)
...
006 (113604483.000.000) 2023-04-06 22:54:32 Image size of job updated: 5564680
	1486  -  MemoryUsage of job (MB)
	1520976  -  ResidentSetSize of job (KB)
...
006 (113604483.000.000) 2023-04-06 23:09:33 Image size of job updated: 5564884
	1488  -  MemoryUsage of job (MB)
	1523456  -  ResidentSetSize of job (KB)
...
006 (113604483.000.000) 2023-04-06 23:19:34 Image size of job updated: 5569080
	1493  -  MemoryUsage of job (MB)
	1528432  -  ResidentSetSize of job (KB)
...
006 (113604483.000.000) 2023-04-06 23:29:36 Image size of job updated: 5570156
	1493  -  MemoryUsage of job (MB)
	1528432  -  ResidentSetSize of job (KB)
...
006 (113604483.000.000) 2023-04-06 23:34:36 Image size of job updated: 5570740
	1494  -  MemoryUsage of job (MB)
	1529364  -  ResidentSetSize of job (KB)
...
006 (113604483.000.000) 2023-04-06 23:44:37 Image size of job updated: 5575764
	1500  -  MemoryUsage of job (MB)
	1535344  -  ResidentSetSize of job (KB)
...
006 (113604483.000.000) 2023-04-06 23:59:38 Image size of job updated: 5650740
	1500  -  MemoryUsage of job (MB)
	1535344  -  ResidentSetSize of job (KB)
...
006 (113604483.000.000) 2023-04-07 00:09:39 Image size of job updated: 5650740
	1503  -  MemoryUsage of job (MB)
	1538192  -  ResidentSetSize of job (KB)
...
006 (113604483.000.000) 2023-04-07 00:14:39 Image size of job updated: 5650740
	1503  -  MemoryUsage of job (MB)
	1538260  -  ResidentSetSize of job (KB)
...
006 (113604483.000.000) 2023-04-07 00:19:40 Image size of job updated: 5650740
	1507  -  MemoryUsage of job (MB)
	1542776  -  ResidentSetSize of job (KB)
...
006 (113604483.000.000) 2023-04-07 00:24:41 Image size of job updated: 5650740
	1512  -  MemoryUsage of job (MB)
	1547500  -  ResidentSetSize of job (KB)
...
006 (113604483.000.000) 2023-04-07 00:34:41 Image size of job updated: 5650740
	1512  -  MemoryUsage of job (MB)
	1547660  -  ResidentSetSize of job (KB)
...
006 (113604483.000.000) 2023-04-07 00:54:44 Image size of job updated: 5653456
	1512  -  MemoryUsage of job (MB)
	1547660  -  ResidentSetSize of job (KB)
...
006 (113604483.000.000) 2023-04-07 01:19:47 Image size of job updated: 5653456
	1512  -  MemoryUsage of job (MB)
	1548116  -  ResidentSetSize of job (KB)
...
006 (113604483.000.000) 2023-04-07 01:24:47 Image size of job updated: 5653456
	1512  -  MemoryUsage of job (MB)
	1548120  -  ResidentSetSize of job (KB)
...
006 (113604483.000.000) 2023-04-07 01:34:49 Image size of job updated: 5653456
	1527  -  MemoryUsage of job (MB)
	1562688  -  ResidentSetSize of job (KB)
...
006 (113604483.000.000) 2023-04-07 01:39:49 Image size of job updated: 5672308
	1527  -  MemoryUsage of job (MB)
	1562688  -  ResidentSetSize of job (KB)
...
006 (113604483.000.000) 2023-04-07 02:04:51 Image size of job updated: 5687648
	1527  -  MemoryUsage of job (MB)
	1562688  -  ResidentSetSize of job (KB)
...
006 (113604483.000.000) 2023-04-07 02:14:53 Image size of job updated: 5691416
	1527  -  MemoryUsage of job (MB)
	1562688  -  ResidentSetSize of job (KB)
...
006 (113604483.000.000) 2023-04-07 02:29:55 Image size of job updated: 5695916
	1527  -  MemoryUsage of job (MB)
	1562688  -  ResidentSetSize of job (KB)
...
006 (113604483.000.000) 2023-04-07 02:39:55 Image size of job updated: 5700756
	1527  -  MemoryUsage of job (MB)
	1562688  -  ResidentSetSize of job (KB)
...
006 (113604483.000.000) 2023-04-07 02:54:57 Image size of job updated: 5700756
	1562  -  MemoryUsage of job (MB)
	1598956  -  ResidentSetSize of job (KB)
...
006 (113604483.000.000) 2023-04-07 03:04:58 Image size of job updated: 5700756
	1568  -  MemoryUsage of job (MB)
	1604824  -  ResidentSetSize of job (KB)
...
006 (113604483.000.000) 2023-04-07 03:14:58 Image size of job updated: 5700756
	1574  -  MemoryUsage of job (MB)
	1611632  -  ResidentSetSize of job (KB)
...
006 (113604483.000.000) 2023-04-07 03:19:59 Image size of job updated: 5700756
	1576  -  MemoryUsage of job (MB)
	1613492  -  ResidentSetSize of job (KB)
...
006 (113604483.000.000) 2023-04-07 03:35:00 Image size of job updated: 5700756
	1577  -  MemoryUsage of job (MB)
	1614684  -  ResidentSetSize of job (KB)
...
006 (113604483.000.000) 2023-04-07 03:40:01 Image size of job updated: 5774896
	1587  -  MemoryUsage of job (MB)
	1624940  -  ResidentSetSize of job (KB)
...
006 (113604483.000.000) 2023-04-07 03:45:01 Image size of job updated: 5774896
	1589  -  MemoryUsage of job (MB)
	1626180  -  ResidentSetSize of job (KB)
...
006 (113604483.000.000) 2023-04-07 04:05:03 Image size of job updated: 5784928
	1598  -  MemoryUsage of job (MB)
	1636008  -  ResidentSetSize of job (KB)
...
006 (113604483.000.000) 2023-04-07 04:10:03 Image size of job updated: 5784928
	1599  -  MemoryUsage of job (MB)
	1636428  -  ResidentSetSize of job (KB)
...
006 (113604483.000.000) 2023-04-07 04:15:04 Image size of job updated: 5804148
	1599  -  MemoryUsage of job (MB)
	1636428  -  ResidentSetSize of job (KB)
...
006 (113604483.000.000) 2023-04-07 04:20:05 Image size of job updated: 5804148
	1599  -  MemoryUsage of job (MB)
	1637036  -  ResidentSetSize of job (KB)
...
006 (113604483.000.000) 2023-04-07 04:30:06 Image size of job updated: 5808644
	1608  -  MemoryUsage of job (MB)
	1645952  -  ResidentSetSize of job (KB)
...
006 (113604483.000.000) 2023-04-07 04:35:07 Image size of job updated: 5808644
	1610  -  MemoryUsage of job (MB)
	1648000  -  ResidentSetSize of job (KB)
...
006 (113604483.000.000) 2023-04-07 04:45:08 Image size of job updated: 5813564
	1610  -  MemoryUsage of job (MB)
	1648000  -  ResidentSetSize of job (KB)
...
006 (113604483.000.000) 2023-04-07 04:55:09 Image size of job updated: 5813564
	1617  -  MemoryUsage of job (MB)
	1654912  -  ResidentSetSize of job (KB)
...
006 (113604483.000.000) 2023-04-07 05:05:10 Image size of job updated: 5813564
	1619  -  MemoryUsage of job (MB)
	1656960  -  ResidentSetSize of job (KB)
...
006 (113604483.000.000) 2023-04-07 05:10:10 Image size of job updated: 5813564
	1633  -  MemoryUsage of job (MB)
	1671840  -  ResidentSetSize of job (KB)
...
006 (113604483.000.000) 2023-04-07 05:15:10 Image size of job updated: 5813564
	1638  -  MemoryUsage of job (MB)
	1677060  -  ResidentSetSize of job (KB)
...
006 (113604483.000.000) 2023-04-07 05:20:11 Image size of job updated: 5813564
	1640  -  MemoryUsage of job (MB)
	1679108  -  ResidentSetSize of job (KB)
...
006 (113604483.000.000) 2023-04-07 05:25:12 Image size of job updated: 5845936
	1640  -  MemoryUsage of job (MB)
	1679108  -  ResidentSetSize of job (KB)
...
006 (113604483.000.000) 2023-04-07 05:50:14 Image size of job updated: 5845936
	1652  -  MemoryUsage of job (MB)
	1690652  -  ResidentSetSize of job (KB)
...
006 (113604483.000.000) 2023-04-07 06:00:16 Image size of job updated: 5845936
	1654  -  MemoryUsage of job (MB)
	1693416  -  ResidentSetSize of job (KB)
...
006 (113604483.000.000) 2023-04-07 06:05:16 Image size of job updated: 5845936
	1656  -  MemoryUsage of job (MB)
	1695208  -  ResidentSetSize of job (KB)
...
006 (113604483.000.000) 2023-04-07 06:30:19 Image size of job updated: 5845936
	1667  -  MemoryUsage of job (MB)
	1706604  -  ResidentSetSize of job (KB)
...
006 (113604483.000.000) 2023-04-07 06:35:20 Image size of job updated: 5845936
	1667  -  MemoryUsage of job (MB)
	1706920  -  ResidentSetSize of job (KB)
...
006 (113604483.000.000) 2023-04-07 06:40:20 Image size of job updated: 5888108
	1670  -  MemoryUsage of job (MB)
	1709208  -  ResidentSetSize of job (KB)
...
006 (113604483.000.000) 2023-04-07 06:45:20 Image size of job updated: 5888108
	1672  -  MemoryUsage of job (MB)
	1711256  -  ResidentSetSize of job (KB)
...
006 (113604483.000.000) 2023-04-07 07:00:21 Image size of job updated: 5888108
	1672  -  MemoryUsage of job (MB)
	1711784  -  ResidentSetSize of job (KB)
...
006 (113604483.000.000) 2023-04-07 07:20:24 Image size of job updated: 5888108
	1811  -  MemoryUsage of job (MB)
	1853808  -  ResidentSetSize of job (KB)
...
006 (113604483.000.000) 2023-04-07 07:35:25 Image size of job updated: 5902188
	1811  -  MemoryUsage of job (MB)
	1853808  -  ResidentSetSize of job (KB)
...
006 (113604483.000.000) 2023-04-07 08:10:29 Image size of job updated: 5930360
	1811  -  MemoryUsage of job (MB)
	1853808  -  ResidentSetSize of job (KB)
...
006 (113604483.000.000) 2023-04-07 08:25:31 Image size of job updated: 5936488
	1811  -  MemoryUsage of job (MB)
	1853808  -  ResidentSetSize of job (KB)
...
006 (113604483.000.000) 2023-04-07 08:35:32 Image size of job updated: 5940192
	1811  -  MemoryUsage of job (MB)
	1853808  -  ResidentSetSize of job (KB)
...
006 (113604483.000.000) 2023-04-07 09:15:37 Image size of job updated: 5965828
	1811  -  MemoryUsage of job (MB)
	1853808  -  ResidentSetSize of job (KB)
...
006 (113604483.000.000) 2023-04-07 10:40:47 Image size of job updated: 6010344
	1811  -  MemoryUsage of job (MB)
	1853808  -  ResidentSetSize of job (KB)
...
006 (113604483.000.000) 2023-04-07 11:05:49 Image size of job updated: 6015352
	1811  -  MemoryUsage of job (MB)
	1853808  -  ResidentSetSize of job (KB)
...
006 (113604483.000.000) 2023-04-07 12:00:55 Image size of job updated: 6018120
	1811  -  MemoryUsage of job (MB)
	1853808  -  ResidentSetSize of job (KB)
...
006 (113604483.000.000) 2023-04-07 12:15:56 Image size of job updated: 6051452
	1811  -  MemoryUsage of job (MB)
	1853808  -  ResidentSetSize of job (KB)
...
006 (113604483.000.000) 2023-04-07 12:30:58 Image size of job updated: 6055632
	1811  -  MemoryUsage of job (MB)
	1853808  -  ResidentSetSize of job (KB)
...
006 (113604483.000.000) 2023-04-07 12:56:00 Image size of job updated: 6059520
	1811  -  MemoryUsage of job (MB)
	1853808  -  ResidentSetSize of job (KB)
...
006 (113604483.000.000) 2023-04-07 13:06:02 Image size of job updated: 6068316
	1811  -  MemoryUsage of job (MB)
	1853808  -  ResidentSetSize of job (KB)
...
006 (113604483.000.000) 2023-04-07 13:16:02 Image size of job updated: 6068316
	1811  -  MemoryUsage of job (MB)
	1854180  -  ResidentSetSize of job (KB)
...
006 (113604483.000.000) 2023-04-07 13:26:04 Image size of job updated: 6100424
	1820  -  MemoryUsage of job (MB)
	1862972  -  ResidentSetSize of job (KB)
...
006 (113604483.000.000) 2023-04-07 13:31:04 Image size of job updated: 6100424
	1823  -  MemoryUsage of job (MB)
	1866148  -  ResidentSetSize of job (KB)
...
006 (113604483.000.000) 2023-04-07 13:41:05 Image size of job updated: 6106008
	1823  -  MemoryUsage of job (MB)
	1866148  -  ResidentSetSize of job (KB)
...
006 (113604483.000.000) 2023-04-07 14:11:07 Image size of job updated: 6112296
	1831  -  MemoryUsage of job (MB)
	1874724  -  ResidentSetSize of job (KB)
...
006 (113604483.000.000) 2023-04-07 14:16:08 Image size of job updated: 6112296
	1832  -  MemoryUsage of job (MB)
	1875852  -  ResidentSetSize of job (KB)
...
006 (113604483.000.000) 2023-04-07 14:41:10 Image size of job updated: 6112296
	1844  -  MemoryUsage of job (MB)
	1887600  -  ResidentSetSize of job (KB)
...
006 (113604483.000.000) 2023-04-07 14:46:10 Image size of job updated: 6112296
	1844  -  MemoryUsage of job (MB)
	1887852  -  ResidentSetSize of job (KB)
...
006 (113604483.000.000) 2023-04-07 14:51:11 Image size of job updated: 6126712
	1844  -  MemoryUsage of job (MB)
	1887852  -  ResidentSetSize of job (KB)
...
006 (113604483.000.000) 2023-04-07 15:26:14 Image size of job updated: 6141168
	1860  -  MemoryUsage of job (MB)
	1903680  -  ResidentSetSize of job (KB)
...
006 (113604483.000.000) 2023-04-07 15:36:15 Image size of job updated: 6141168
	1862  -  MemoryUsage of job (MB)
	1905728  -  ResidentSetSize of job (KB)
...
006 (113604483.000.000) 2023-04-07 15:41:15 Image size of job updated: 6145920
	1862  -  MemoryUsage of job (MB)
	1905728  -  ResidentSetSize of job (KB)
...
006 (113604483.000.000) 2023-04-07 16:21:19 Image size of job updated: 6146556
	1864  -  MemoryUsage of job (MB)
	1908676  -  ResidentSetSize of job (KB)
...
006 (113604483.000.000) 2023-04-07 16:41:21 Image size of job updated: 6146556
	1865  -  MemoryUsage of job (MB)
	1909356  -  ResidentSetSize of job (KB)
...
006 (113604483.000.000) 2023-04-07 16:46:22 Image size of job updated: 6182668
	1870  -  MemoryUsage of job (MB)
	1914800  -  ResidentSetSize of job (KB)
...
006 (113604483.000.000) 2023-04-07 16:56:22 Image size of job updated: 6185820
	1879  -  MemoryUsage of job (MB)
	1923516  -  ResidentSetSize of job (KB)
...
006 (113604483.000.000) 2023-04-07 17:06:24 Image size of job updated: 6185820
	1883  -  MemoryUsage of job (MB)
	1927652  -  ResidentSetSize of job (KB)
...
006 (113604483.000.000) 2023-04-07 18:01:30 Image size of job updated: 6395428
	1883  -  MemoryUsage of job (MB)
	1927652  -  ResidentSetSize of job (KB)
...
006 (113604483.000.000) 2023-04-07 18:06:30 Image size of job updated: 6395428
	1894  -  MemoryUsage of job (MB)
	1939376  -  ResidentSetSize of job (KB)
...
006 (113604483.000.000) 2023-04-07 18:11:31 Image size of job updated: 6395428
	1897  -  MemoryUsage of job (MB)
	1941664  -  ResidentSetSize of job (KB)
...
006 (113604483.000.000) 2023-04-07 18:16:32 Image size of job updated: 6395428
	1898  -  MemoryUsage of job (MB)
	1942608  -  ResidentSetSize of job (KB)
...
006 (113604483.000.000) 2023-04-07 18:51:36 Image size of job updated: 6395428
	1905  -  MemoryUsage of job (MB)
	1949824  -  ResidentSetSize of job (KB)
...
004 (113604483.000.000) 2023-04-07 18:55:32 Job was evicted.
	(0) CPU times
		Usr 4 06:16:31, Sys 0 00:06:42  -  Run Remote Usage
		Usr 0 00:00:00, Sys 0 00:00:00  -  Run Local Usage
	0  -  Run Bytes Sent By Job
	366  -  Run Bytes Received By Job
	Partitionable Resources :    Usage  Request Allocated 
	   Cpus                 :     0.98        1         1 
	   Disk (KB)            :  4321      500000    624256 
	   GPUs                 :                           0 
	   Memory (MB)          :  1905       20000     20096 
...
040 (113604483.000.000) 2023-04-07 18:57:29 Started transferring input files
	Transferring to host: <10.14.10.105:9618?addrs=10.14.10.105-9618&alias=node2355.cluster.ldas.cit&noUDP&sock=slot1_1_3602688_5c3f_2704>
...
040 (113604483.000.000) 2023-04-07 18:57:29 Finished transferring input files
...
001 (113604483.000.000) 2023-04-07 18:57:30 Job executing on host: <10.14.10.105:9618?addrs=10.14.10.105-9618&alias=node2355.cluster.ldas.cit&noUDP&sock=startd_3602647_c3e1>
...
006 (113604483.000.000) 2023-04-08 02:48:30 Image size of job updated: 7500000
	2084  -  MemoryUsage of job (MB)
	2133776  -  ResidentSetSize of job (KB)
...
006 (113604483.000.000) 2023-04-08 04:58:45 Image size of job updated: 7500000
	2156  -  MemoryUsage of job (MB)
	2207552  -  ResidentSetSize of job (KB)
...
006 (113604483.000.000) 2023-04-08 17:29:59 Image size of job updated: 14583560
	2156  -  MemoryUsage of job (MB)
	2207552  -  ResidentSetSize of job (KB)
...
040 (113604483.000.000) 2023-04-08 17:30:12 Started transferring output files
...
040 (113604483.000.000) 2023-04-08 17:30:12 Finished transferring output files
...
005 (113604483.000.000) 2023-04-08 17:30:12 Job terminated.
	(1) Normal termination (return value 0)
		Usr 3 11:40:25, Sys 0 00:03:23  -  Run Remote Usage
		Usr 0 00:00:00, Sys 0 00:00:00  -  Run Local Usage
		Usr 7 17:56:56, Sys 0 00:10:05  -  Total Remote Usage
		Usr 0 00:00:00, Sys 0 00:00:00  -  Total Local Usage
	3515070  -  Run Bytes Sent By Job
	366  -  Run Bytes Received By Job
	3515070  -  Total Bytes Sent By Job
	732  -  Total Bytes Received By Job
	Partitionable Resources :    Usage  Request Allocated 
	   Cpus                 :     0.29        1         1 
	   Disk (KB)            :  3456      500000    624256 
	   GPUs                 :                           0 
	   Memory (MB)          :  2156       20000     20096 

	Job terminated of its own accord at 2023-04-09T00:30:12Z with exit-code 0.
...
