000 (113450000.000.000) 2023-03-29 17:01:35 Job submitted from host: <10.14.0.160:9618?addrs=10.14.0.160-9618&alias=ldas-pcdev2.ligo.caltech.edu&noUDP&sock=schedd_7450_a8a7>
    DAG Node: 287
...
040 (113450000.000.000) 2023-03-29 17:42:31 Started transferring input files
	Transferring to host: <10.14.9.194:9618?addrs=10.14.9.194-9618&alias=node2194.cluster.ldas.cit&noUDP&sock=slot1_2_189911_3ac4_89031>
...
040 (113450000.000.000) 2023-03-29 17:42:31 Finished transferring input files
...
001 (113450000.000.000) 2023-03-29 17:42:32 Job executing on host: <10.14.9.194:9618?addrs=10.14.9.194-9618&alias=node2194.cluster.ldas.cit&noUDP&sock=startd_189641_87e3>
...
006 (113450000.000.000) 2023-03-29 17:42:32 Image size of job updated: 1
	0  -  MemoryUsage of job (MB)
	0  -  ResidentSetSize of job (KB)
...
040 (113450000.000.000) 2023-03-29 17:42:32 Started transferring output files
...
040 (113450000.000.000) 2023-03-29 17:42:32 Finished transferring output files
...
005 (113450000.000.000) 2023-03-29 17:42:32 Job terminated.
	(1) Normal termination (return value 127)
		Usr 0 00:00:00, Sys 0 00:00:00  -  Run Remote Usage
		Usr 0 00:00:00, Sys 0 00:00:00  -  Run Local Usage
		Usr 0 00:00:00, Sys 0 00:00:00  -  Total Remote Usage
		Usr 0 00:00:00, Sys 0 00:00:00  -  Total Local Usage
	407  -  Run Bytes Sent By Job
	381  -  Run Bytes Received By Job
	407  -  Total Bytes Sent By Job
	381  -  Total Bytes Received By Job
	Partitionable Resources :    Usage  Request Allocated 
	   Cpus                 :                 1         1 
	   Disk (KB)            :       15   500000    561711 
	   GPUs                 :                           0 
	   Memory (MB)          :        0    20000     20096 

	Job terminated of its own accord at 2023-03-30T00:42:32Z with exit-code 127.
...
000 (113484700.000.000) 2023-04-01 14:23:15 Job submitted from host: <10.14.0.160:9618?addrs=10.14.0.160-9618&alias=ldas-pcdev2.ligo.caltech.edu&noUDP&sock=schedd_7450_a8a7>
    DAG Node: 287
...
040 (113484700.000.000) 2023-04-01 14:25:04 Started transferring input files
	Transferring to host: <10.14.4.83:9618?addrs=10.14.4.83-9618&alias=node833.cluster.ldas.cit&noUDP&sock=slot1_9_1628855_7356_16114>
...
040 (113484700.000.000) 2023-04-01 14:25:04 Finished transferring input files
...
001 (113484700.000.000) 2023-04-01 14:25:05 Job executing on host: <10.14.4.83:9618?addrs=10.14.4.83-9618&alias=node833.cluster.ldas.cit&noUDP&sock=startd_3459_2a2e>
...
006 (113484700.000.000) 2023-04-01 14:25:13 Image size of job updated: 439868
	102  -  MemoryUsage of job (MB)
	104052  -  ResidentSetSize of job (KB)
...
006 (113484700.000.000) 2023-04-01 14:30:13 Image size of job updated: 4221040
	142  -  MemoryUsage of job (MB)
	144728  -  ResidentSetSize of job (KB)
...
006 (113484700.000.000) 2023-04-01 14:35:14 Image size of job updated: 4221040
	311  -  MemoryUsage of job (MB)
	317504  -  ResidentSetSize of job (KB)
...
006 (113484700.000.000) 2023-04-01 14:40:15 Image size of job updated: 4228136
	318  -  MemoryUsage of job (MB)
	325292  -  ResidentSetSize of job (KB)
...
006 (113484700.000.000) 2023-04-01 14:45:15 Image size of job updated: 4316512
	433  -  MemoryUsage of job (MB)
	442584  -  ResidentSetSize of job (KB)
...
006 (113484700.000.000) 2023-04-01 14:50:16 Image size of job updated: 4320400
	436  -  MemoryUsage of job (MB)
	446380  -  ResidentSetSize of job (KB)
...
006 (113484700.000.000) 2023-04-01 14:55:17 Image size of job updated: 4343876
	492  -  MemoryUsage of job (MB)
	503136  -  ResidentSetSize of job (KB)
...
006 (113484700.000.000) 2023-04-01 15:00:17 Image size of job updated: 4344132
	652  -  MemoryUsage of job (MB)
	667256  -  ResidentSetSize of job (KB)
...
006 (113484700.000.000) 2023-04-01 15:05:18 Image size of job updated: 4351288
	761  -  MemoryUsage of job (MB)
	778320  -  ResidentSetSize of job (KB)
...
006 (113484700.000.000) 2023-04-01 15:10:19 Image size of job updated: 4351580
	761  -  MemoryUsage of job (MB)
	778672  -  ResidentSetSize of job (KB)
...
006 (113484700.000.000) 2023-04-01 15:15:19 Image size of job updated: 4370632
	779  -  MemoryUsage of job (MB)
	797536  -  ResidentSetSize of job (KB)
...
006 (113484700.000.000) 2023-04-01 15:20:20 Image size of job updated: 4371776
	781  -  MemoryUsage of job (MB)
	798792  -  ResidentSetSize of job (KB)
...
006 (113484700.000.000) 2023-04-01 15:25:21 Image size of job updated: 4374632
	782  -  MemoryUsage of job (MB)
	800092  -  ResidentSetSize of job (KB)
...
006 (113484700.000.000) 2023-04-01 15:30:21 Image size of job updated: 4374632
	783  -  MemoryUsage of job (MB)
	801756  -  ResidentSetSize of job (KB)
...
006 (113484700.000.000) 2023-04-01 15:35:22 Image size of job updated: 4376492
	786  -  MemoryUsage of job (MB)
	804124  -  ResidentSetSize of job (KB)
...
006 (113484700.000.000) 2023-04-01 15:40:23 Image size of job updated: 4379740
	787  -  MemoryUsage of job (MB)
	805132  -  ResidentSetSize of job (KB)
...
006 (113484700.000.000) 2023-04-01 15:45:23 Image size of job updated: 4379740
	798  -  MemoryUsage of job (MB)
	816496  -  ResidentSetSize of job (KB)
...
006 (113484700.000.000) 2023-04-01 15:50:24 Image size of job updated: 4394696
	804  -  MemoryUsage of job (MB)
	822624  -  ResidentSetSize of job (KB)
...
006 (113484700.000.000) 2023-04-01 16:10:27 Image size of job updated: 4413516
	820  -  MemoryUsage of job (MB)
	839624  -  ResidentSetSize of job (KB)
...
006 (113484700.000.000) 2023-04-01 16:15:27 Image size of job updated: 4414184
	822  -  MemoryUsage of job (MB)
	841156  -  ResidentSetSize of job (KB)
...
006 (113484700.000.000) 2023-04-01 16:20:28 Image size of job updated: 4435856
	844  -  MemoryUsage of job (MB)
	863892  -  ResidentSetSize of job (KB)
...
006 (113484700.000.000) 2023-04-01 16:25:29 Image size of job updated: 4436852
	844  -  MemoryUsage of job (MB)
	863892  -  ResidentSetSize of job (KB)
...
006 (113484700.000.000) 2023-04-01 16:30:29 Image size of job updated: 4444204
	870  -  MemoryUsage of job (MB)
	890004  -  ResidentSetSize of job (KB)
...
006 (113484700.000.000) 2023-04-01 16:35:30 Image size of job updated: 4444204
	871  -  MemoryUsage of job (MB)
	891656  -  ResidentSetSize of job (KB)
...
006 (113484700.000.000) 2023-04-01 16:40:31 Image size of job updated: 4451584
	873  -  MemoryUsage of job (MB)
	893604  -  ResidentSetSize of job (KB)
...
006 (113484700.000.000) 2023-04-01 16:45:31 Image size of job updated: 4451584
	874  -  MemoryUsage of job (MB)
	894860  -  ResidentSetSize of job (KB)
...
006 (113484700.000.000) 2023-04-01 16:55:33 Image size of job updated: 4460024
	876  -  MemoryUsage of job (MB)
	896608  -  ResidentSetSize of job (KB)
...
006 (113484700.000.000) 2023-04-01 17:00:33 Image size of job updated: 4460024
	880  -  MemoryUsage of job (MB)
	900132  -  ResidentSetSize of job (KB)
...
006 (113484700.000.000) 2023-04-01 17:05:33 Image size of job updated: 4462388
	881  -  MemoryUsage of job (MB)
	902092  -  ResidentSetSize of job (KB)
...
006 (113484700.000.000) 2023-04-01 17:10:34 Image size of job updated: 4462388
	907  -  MemoryUsage of job (MB)
	928380  -  ResidentSetSize of job (KB)
...
006 (113484700.000.000) 2023-04-01 17:15:34 Image size of job updated: 4470040
	929  -  MemoryUsage of job (MB)
	950320  -  ResidentSetSize of job (KB)
...
006 (113484700.000.000) 2023-04-01 17:20:34 Image size of job updated: 4470040
	946  -  MemoryUsage of job (MB)
	968008  -  ResidentSetSize of job (KB)
...
006 (113484700.000.000) 2023-04-01 17:40:36 Image size of job updated: 4491216
	946  -  MemoryUsage of job (MB)
	968008  -  ResidentSetSize of job (KB)
...
006 (113484700.000.000) 2023-04-01 18:05:37 Image size of job updated: 4514804
	999  -  MemoryUsage of job (MB)
	1022904  -  ResidentSetSize of job (KB)
...
006 (113484700.000.000) 2023-04-01 18:10:39 Image size of job updated: 4516108
	1018  -  MemoryUsage of job (MB)
	1042204  -  ResidentSetSize of job (KB)
...
006 (113484700.000.000) 2023-04-01 18:15:39 Image size of job updated: 4517236
	1018  -  MemoryUsage of job (MB)
	1042204  -  ResidentSetSize of job (KB)
...
006 (113484700.000.000) 2023-04-01 18:30:41 Image size of job updated: 4517236
	1020  -  MemoryUsage of job (MB)
	1043820  -  ResidentSetSize of job (KB)
...
006 (113484700.000.000) 2023-04-01 19:00:45 Image size of job updated: 4517236
	1047  -  MemoryUsage of job (MB)
	1071196  -  ResidentSetSize of job (KB)
...
006 (113484700.000.000) 2023-04-01 19:05:45 Image size of job updated: 4519904
	1050  -  MemoryUsage of job (MB)
	1075060  -  ResidentSetSize of job (KB)
...
006 (113484700.000.000) 2023-04-01 19:10:46 Image size of job updated: 4521536
	1050  -  MemoryUsage of job (MB)
	1075060  -  ResidentSetSize of job (KB)
...
006 (113484700.000.000) 2023-04-01 19:15:47 Image size of job updated: 4526576
	1054  -  MemoryUsage of job (MB)
	1078900  -  ResidentSetSize of job (KB)
...
006 (113484700.000.000) 2023-04-01 19:25:48 Image size of job updated: 4526576
	1056  -  MemoryUsage of job (MB)
	1081124  -  ResidentSetSize of job (KB)
...
006 (113484700.000.000) 2023-04-01 19:30:49 Image size of job updated: 4527108
	1061  -  MemoryUsage of job (MB)
	1085644  -  ResidentSetSize of job (KB)
...
006 (113484700.000.000) 2023-04-01 19:35:49 Image size of job updated: 4528756
	1061  -  MemoryUsage of job (MB)
	1085644  -  ResidentSetSize of job (KB)
...
006 (113484700.000.000) 2023-04-01 19:40:50 Image size of job updated: 4530072
	1064  -  MemoryUsage of job (MB)
	1089184  -  ResidentSetSize of job (KB)
...
006 (113484700.000.000) 2023-04-01 19:45:51 Image size of job updated: 4530600
	1064  -  MemoryUsage of job (MB)
	1089184  -  ResidentSetSize of job (KB)
...
006 (113484700.000.000) 2023-04-01 19:50:51 Image size of job updated: 4531192
	1064  -  MemoryUsage of job (MB)
	1089184  -  ResidentSetSize of job (KB)
...
006 (113484700.000.000) 2023-04-01 19:55:52 Image size of job updated: 4581880
	1073  -  MemoryUsage of job (MB)
	1097768  -  ResidentSetSize of job (KB)
...
006 (113484700.000.000) 2023-04-01 20:00:53 Image size of job updated: 4581880
	1074  -  MemoryUsage of job (MB)
	1098856  -  ResidentSetSize of job (KB)
...
006 (113484700.000.000) 2023-04-01 20:05:53 Image size of job updated: 4596012
	1124  -  MemoryUsage of job (MB)
	1150340  -  ResidentSetSize of job (KB)
...
006 (113484700.000.000) 2023-04-01 20:25:54 Image size of job updated: 4596012
	1128  -  MemoryUsage of job (MB)
	1154420  -  ResidentSetSize of job (KB)
...
006 (113484700.000.000) 2023-04-01 20:30:55 Image size of job updated: 4598360
	1133  -  MemoryUsage of job (MB)
	1160120  -  ResidentSetSize of job (KB)
...
006 (113484700.000.000) 2023-04-01 20:35:55 Image size of job updated: 4600216
	1135  -  MemoryUsage of job (MB)
	1161720  -  ResidentSetSize of job (KB)
...
006 (113484700.000.000) 2023-04-01 20:40:55 Image size of job updated: 4600804
	1135  -  MemoryUsage of job (MB)
	1161720  -  ResidentSetSize of job (KB)
...
006 (113484700.000.000) 2023-04-01 20:45:56 Image size of job updated: 4610044
	1142  -  MemoryUsage of job (MB)
	1169308  -  ResidentSetSize of job (KB)
...
006 (113484700.000.000) 2023-04-01 20:50:56 Image size of job updated: 4610044
	1144  -  MemoryUsage of job (MB)
	1170580  -  ResidentSetSize of job (KB)
...
006 (113484700.000.000) 2023-04-01 20:55:56 Image size of job updated: 4664072
	1144  -  MemoryUsage of job (MB)
	1170580  -  ResidentSetSize of job (KB)
...
006 (113484700.000.000) 2023-04-01 21:00:57 Image size of job updated: 4664072
	1146  -  MemoryUsage of job (MB)
	1172500  -  ResidentSetSize of job (KB)
...
006 (113484700.000.000) 2023-04-01 21:15:59 Image size of job updated: 4664072
	1152  -  MemoryUsage of job (MB)
	1178964  -  ResidentSetSize of job (KB)
...
006 (113484700.000.000) 2023-04-01 21:25:59 Image size of job updated: 4664072
	1154  -  MemoryUsage of job (MB)
	1181460  -  ResidentSetSize of job (KB)
...
006 (113484700.000.000) 2023-04-01 21:46:02 Image size of job updated: 4664072
	1156  -  MemoryUsage of job (MB)
	1183220  -  ResidentSetSize of job (KB)
...
006 (113484700.000.000) 2023-04-01 21:51:03 Image size of job updated: 4664072
	1162  -  MemoryUsage of job (MB)
	1189660  -  ResidentSetSize of job (KB)
...
006 (113484700.000.000) 2023-04-01 21:56:03 Image size of job updated: 4664072
	1168  -  MemoryUsage of job (MB)
	1195472  -  ResidentSetSize of job (KB)
...
006 (113484700.000.000) 2023-04-01 22:31:07 Image size of job updated: 4664072
	1169  -  MemoryUsage of job (MB)
	1196356  -  ResidentSetSize of job (KB)
...
006 (113484700.000.000) 2023-04-01 22:36:08 Image size of job updated: 4701764
	1170  -  MemoryUsage of job (MB)
	1197188  -  ResidentSetSize of job (KB)
...
006 (113484700.000.000) 2023-04-01 22:46:09 Image size of job updated: 4701764
	1173  -  MemoryUsage of job (MB)
	1200748  -  ResidentSetSize of job (KB)
...
006 (113484700.000.000) 2023-04-01 22:51:10 Image size of job updated: 4704316
	1173  -  MemoryUsage of job (MB)
	1200748  -  ResidentSetSize of job (KB)
...
006 (113484700.000.000) 2023-04-01 22:56:11 Image size of job updated: 4704316
	1176  -  MemoryUsage of job (MB)
	1203512  -  ResidentSetSize of job (KB)
...
006 (113484700.000.000) 2023-04-01 23:01:11 Image size of job updated: 4707632
	1176  -  MemoryUsage of job (MB)
	1203512  -  ResidentSetSize of job (KB)
...
006 (113484700.000.000) 2023-04-01 23:06:12 Image size of job updated: 4707632
	1176  -  MemoryUsage of job (MB)
	1203740  -  ResidentSetSize of job (KB)
...
006 (113484700.000.000) 2023-04-01 23:11:13 Image size of job updated: 4707632
	1177  -  MemoryUsage of job (MB)
	1204536  -  ResidentSetSize of job (KB)
...
006 (113484700.000.000) 2023-04-01 23:16:13 Image size of job updated: 4715984
	1183  -  MemoryUsage of job (MB)
	1211100  -  ResidentSetSize of job (KB)
...
006 (113484700.000.000) 2023-04-01 23:21:14 Image size of job updated: 4715984
	1185  -  MemoryUsage of job (MB)
	1213388  -  ResidentSetSize of job (KB)
...
006 (113484700.000.000) 2023-04-01 23:31:15 Image size of job updated: 4715984
	1192  -  MemoryUsage of job (MB)
	1219732  -  ResidentSetSize of job (KB)
...
006 (113484700.000.000) 2023-04-01 23:41:16 Image size of job updated: 4715984
	1192  -  MemoryUsage of job (MB)
	1220104  -  ResidentSetSize of job (KB)
...
006 (113484700.000.000) 2023-04-01 23:46:16 Image size of job updated: 4715984
	1221  -  MemoryUsage of job (MB)
	1250272  -  ResidentSetSize of job (KB)
...
006 (113484700.000.000) 2023-04-01 23:51:16 Image size of job updated: 4715984
	1225  -  MemoryUsage of job (MB)
	1253552  -  ResidentSetSize of job (KB)
...
006 (113484700.000.000) 2023-04-02 00:01:17 Image size of job updated: 4766824
	1228  -  MemoryUsage of job (MB)
	1256640  -  ResidentSetSize of job (KB)
...
006 (113484700.000.000) 2023-04-02 00:46:22 Image size of job updated: 4766824
	1235  -  MemoryUsage of job (MB)
	1264084  -  ResidentSetSize of job (KB)
...
006 (113484700.000.000) 2023-04-02 00:51:22 Image size of job updated: 4766824
	1237  -  MemoryUsage of job (MB)
	1266232  -  ResidentSetSize of job (KB)
...
006 (113484700.000.000) 2023-04-02 00:56:23 Image size of job updated: 4766824
	1243  -  MemoryUsage of job (MB)
	1271928  -  ResidentSetSize of job (KB)
...
006 (113484700.000.000) 2023-04-02 01:01:24 Image size of job updated: 4790232
	1243  -  MemoryUsage of job (MB)
	1271928  -  ResidentSetSize of job (KB)
...
006 (113484700.000.000) 2023-04-02 01:06:24 Image size of job updated: 4790232
	1245  -  MemoryUsage of job (MB)
	1274784  -  ResidentSetSize of job (KB)
...
006 (113484700.000.000) 2023-04-02 01:26:26 Image size of job updated: 4790232
	1262  -  MemoryUsage of job (MB)
	1291780  -  ResidentSetSize of job (KB)
...
006 (113484700.000.000) 2023-04-02 01:31:27 Image size of job updated: 4790232
	1266  -  MemoryUsage of job (MB)
	1296236  -  ResidentSetSize of job (KB)
...
006 (113484700.000.000) 2023-04-02 03:16:36 Image size of job updated: 4850308
	1278  -  MemoryUsage of job (MB)
	1308540  -  ResidentSetSize of job (KB)
...
006 (113484700.000.000) 2023-04-02 03:21:37 Image size of job updated: 4850308
	1286  -  MemoryUsage of job (MB)
	1316092  -  ResidentSetSize of job (KB)
...
006 (113484700.000.000) 2023-04-02 03:36:39 Image size of job updated: 4850308
	1293  -  MemoryUsage of job (MB)
	1323884  -  ResidentSetSize of job (KB)
...
006 (113484700.000.000) 2023-04-02 04:36:46 Image size of job updated: 4885572
	1311  -  MemoryUsage of job (MB)
	1342340  -  ResidentSetSize of job (KB)
...
006 (113484700.000.000) 2023-04-02 04:41:47 Image size of job updated: 4885572
	1315  -  MemoryUsage of job (MB)
	1346288  -  ResidentSetSize of job (KB)
...
006 (113484700.000.000) 2023-04-02 04:51:48 Image size of job updated: 4885572
	1315  -  MemoryUsage of job (MB)
	1346452  -  ResidentSetSize of job (KB)
...
006 (113484700.000.000) 2023-04-02 04:56:49 Image size of job updated: 4885572
	1320  -  MemoryUsage of job (MB)
	1351572  -  ResidentSetSize of job (KB)
...
006 (113484700.000.000) 2023-04-02 05:41:53 Image size of job updated: 4885572
	1332  -  MemoryUsage of job (MB)
	1363180  -  ResidentSetSize of job (KB)
...
006 (113484700.000.000) 2023-04-02 05:46:54 Image size of job updated: 4885572
	1332  -  MemoryUsage of job (MB)
	1363424  -  ResidentSetSize of job (KB)
...
006 (113484700.000.000) 2023-04-02 05:51:54 Image size of job updated: 4899096
	1332  -  MemoryUsage of job (MB)
	1363424  -  ResidentSetSize of job (KB)
...
006 (113484700.000.000) 2023-04-02 06:46:59 Image size of job updated: 4936396
	1332  -  MemoryUsage of job (MB)
	1363424  -  ResidentSetSize of job (KB)
...
006 (113484700.000.000) 2023-04-02 07:02:01 Image size of job updated: 4947060
	1344  -  MemoryUsage of job (MB)
	1375992  -  ResidentSetSize of job (KB)
...
006 (113484700.000.000) 2023-04-02 07:12:02 Image size of job updated: 4949300
	1350  -  MemoryUsage of job (MB)
	1381448  -  ResidentSetSize of job (KB)
...
006 (113484700.000.000) 2023-04-02 07:17:03 Image size of job updated: 4949300
	1350  -  MemoryUsage of job (MB)
	1381788  -  ResidentSetSize of job (KB)
...
006 (113484700.000.000) 2023-04-02 07:32:04 Image size of job updated: 4949300
	1354  -  MemoryUsage of job (MB)
	1386156  -  ResidentSetSize of job (KB)
...
006 (113484700.000.000) 2023-04-02 07:52:06 Image size of job updated: 4950072
	1354  -  MemoryUsage of job (MB)
	1386156  -  ResidentSetSize of job (KB)
...
006 (113484700.000.000) 2023-04-02 08:17:07 Image size of job updated: 4957404
	1355  -  MemoryUsage of job (MB)
	1387364  -  ResidentSetSize of job (KB)
...
006 (113484700.000.000) 2023-04-02 08:27:08 Image size of job updated: 4957404
	1356  -  MemoryUsage of job (MB)
	1387744  -  ResidentSetSize of job (KB)
...
006 (113484700.000.000) 2023-04-02 08:32:08 Image size of job updated: 4963868
	1362  -  MemoryUsage of job (MB)
	1394456  -  ResidentSetSize of job (KB)
...
006 (113484700.000.000) 2023-04-02 08:37:10 Image size of job updated: 4963868
	1365  -  MemoryUsage of job (MB)
	1397152  -  ResidentSetSize of job (KB)
...
006 (113484700.000.000) 2023-04-02 08:42:10 Image size of job updated: 4967156
	1365  -  MemoryUsage of job (MB)
	1397152  -  ResidentSetSize of job (KB)
...
006 (113484700.000.000) 2023-04-02 08:47:10 Image size of job updated: 4967156
	1370  -  MemoryUsage of job (MB)
	1402792  -  ResidentSetSize of job (KB)
...
006 (113484700.000.000) 2023-04-02 08:57:12 Image size of job updated: 4978212
	1370  -  MemoryUsage of job (MB)
	1402792  -  ResidentSetSize of job (KB)
...
006 (113484700.000.000) 2023-04-02 09:27:16 Image size of job updated: 4978212
	1383  -  MemoryUsage of job (MB)
	1416008  -  ResidentSetSize of job (KB)
...
006 (113484700.000.000) 2023-04-02 09:32:16 Image size of job updated: 4978212
	1388  -  MemoryUsage of job (MB)
	1420360  -  ResidentSetSize of job (KB)
...
006 (113484700.000.000) 2023-04-02 09:37:17 Image size of job updated: 4978212
	1391  -  MemoryUsage of job (MB)
	1423720  -  ResidentSetSize of job (KB)
...
006 (113484700.000.000) 2023-04-02 09:42:18 Image size of job updated: 4978212
	1393  -  MemoryUsage of job (MB)
	1425456  -  ResidentSetSize of job (KB)
...
006 (113484700.000.000) 2023-04-02 09:47:18 Image size of job updated: 4978212
	1396  -  MemoryUsage of job (MB)
	1428872  -  ResidentSetSize of job (KB)
...
006 (113484700.000.000) 2023-04-02 09:57:20 Image size of job updated: 5017012
	1399  -  MemoryUsage of job (MB)
	1431632  -  ResidentSetSize of job (KB)
...
006 (113484700.000.000) 2023-04-02 10:07:20 Image size of job updated: 5017012
	1399  -  MemoryUsage of job (MB)
	1431876  -  ResidentSetSize of job (KB)
...
006 (113484700.000.000) 2023-04-02 10:17:21 Image size of job updated: 5023232
	1403  -  MemoryUsage of job (MB)
	1435832  -  ResidentSetSize of job (KB)
...
006 (113484700.000.000) 2023-04-02 10:22:21 Image size of job updated: 5023232
	1404  -  MemoryUsage of job (MB)
	1437660  -  ResidentSetSize of job (KB)
...
006 (113484700.000.000) 2023-04-02 10:27:22 Image size of job updated: 5029324
	1409  -  MemoryUsage of job (MB)
	1442476  -  ResidentSetSize of job (KB)
...
006 (113484700.000.000) 2023-04-02 10:32:22 Image size of job updated: 5029324
	1410  -  MemoryUsage of job (MB)
	1442988  -  ResidentSetSize of job (KB)
...
006 (113484700.000.000) 2023-04-02 10:37:22 Image size of job updated: 5029324
	1413  -  MemoryUsage of job (MB)
	1446200  -  ResidentSetSize of job (KB)
...
006 (113484700.000.000) 2023-04-02 10:39:55 Image size of job updated: 12400836
	1413  -  MemoryUsage of job (MB)
	1446200  -  ResidentSetSize of job (KB)
...
040 (113484700.000.000) 2023-04-02 10:39:55 Started transferring output files
...
040 (113484700.000.000) 2023-04-02 10:39:55 Finished transferring output files
...
005 (113484700.000.000) 2023-04-02 10:39:55 Job terminated.
	(1) Normal termination (return value 0)
		Usr 2 06:36:18, Sys 0 00:06:28  -  Run Remote Usage
		Usr 0 00:00:00, Sys 0 00:00:00  -  Run Local Usage
		Usr 2 06:36:18, Sys 0 00:06:28  -  Total Remote Usage
		Usr 0 00:00:00, Sys 0 00:00:00  -  Total Local Usage
	1681879  -  Run Bytes Sent By Job
	381  -  Run Bytes Received By Job
	1681879  -  Total Bytes Sent By Job
	381  -  Total Bytes Received By Job
	Partitionable Resources :    Usage  Request Allocated 
	   Cpus                 :     0.80        1         1 
	   Disk (KB)            :  1664      500000    624256 
	   GPUs                 :                           0 
	   Memory (MB)          :  1413       20000     20096 

	Job terminated of its own accord at 2023-04-02T17:39:55Z with exit-code 0.
...
