14:45 bilby INFO    : Waveform generator initiated with
  frequency_domain_source_model: bilby.gw.source.lal_binary_black_hole
  time_domain_source_model: None
  parameter_conversion: bilby.gw.conversion.convert_to_lal_binary_black_hole_parameters
14:45 bilby INFO    : Injected signal in H1:
14:45 bilby INFO    :   optimal SNR = 14.59
14:45 bilby INFO    :   matched filter SNR = 15.05-0.12j
14:45 bilby INFO    :   mass_1 = 90.96115776314679
14:45 bilby INFO    :   mass_2 = 83.75180400670244
14:45 bilby INFO    :   a_1 = 0.3607952440055085
14:45 bilby INFO    :   a_2 = 0.06432183106390237
14:45 bilby INFO    :   tilt_1 = 0.23565433113239279
14:45 bilby INFO    :   tilt_2 = 0.32342696619219896
14:45 bilby INFO    :   phi_12 = 2.141415034077009
14:45 bilby INFO    :   phi_jl = 2.0608344256010778
14:45 bilby INFO    :   luminosity_distance = 1974.9616729927
14:45 bilby INFO    :   theta_jn = 0.8106782606150954
14:45 bilby INFO    :   psi = 2.3770324676
14:45 bilby INFO    :   phase = 2.3432847406
14:45 bilby INFO    :   geocent_time = 1126259642.413
14:45 bilby INFO    :   ra = 4.1279471002
14:45 bilby INFO    :   dec = 2.7036662148
14:45 bilby INFO    : Injected signal in L1:
14:45 bilby INFO    :   optimal SNR = 22.35
14:45 bilby INFO    :   matched filter SNR = 20.78+0.05j
14:45 bilby INFO    :   mass_1 = 90.96115776314679
14:45 bilby INFO    :   mass_2 = 83.75180400670244
14:45 bilby INFO    :   a_1 = 0.3607952440055085
14:45 bilby INFO    :   a_2 = 0.06432183106390237
14:45 bilby INFO    :   tilt_1 = 0.23565433113239279
14:45 bilby INFO    :   tilt_2 = 0.32342696619219896
14:45 bilby INFO    :   phi_12 = 2.141415034077009
14:45 bilby INFO    :   phi_jl = 2.0608344256010778
14:45 bilby INFO    :   luminosity_distance = 1974.9616729927
14:45 bilby INFO    :   theta_jn = 0.8106782606150954
14:45 bilby INFO    :   psi = 2.3770324676
14:45 bilby INFO    :   phase = 2.3432847406
14:45 bilby INFO    :   geocent_time = 1126259642.413
14:45 bilby INFO    :   ra = 4.1279471002
14:45 bilby INFO    :   dec = 2.7036662148
14:45 bilby INFO    : Injected signal in V1:
14:45 bilby INFO    :   optimal SNR = 4.93
14:45 bilby INFO    :   matched filter SNR = 6.06+0.19j
14:45 bilby INFO    :   mass_1 = 90.96115776314679
14:45 bilby INFO    :   mass_2 = 83.75180400670244
14:45 bilby INFO    :   a_1 = 0.3607952440055085
14:45 bilby INFO    :   a_2 = 0.06432183106390237
14:45 bilby INFO    :   tilt_1 = 0.23565433113239279
14:45 bilby INFO    :   tilt_2 = 0.32342696619219896
14:45 bilby INFO    :   phi_12 = 2.141415034077009
14:45 bilby INFO    :   phi_jl = 2.0608344256010778
14:45 bilby INFO    :   luminosity_distance = 1974.9616729927
14:45 bilby INFO    :   theta_jn = 0.8106782606150954
14:45 bilby INFO    :   psi = 2.3770324676
14:45 bilby INFO    :   phase = 2.3432847406
14:45 bilby INFO    :   geocent_time = 1126259642.413
14:45 bilby INFO    :   ra = 4.1279471002
14:45 bilby INFO    :   dec = 2.7036662148
14:45 bilby INFO    : Running for label 'job_00943_justSpin', output will be saved to '/home/simona.miller/comp-spin-mock-injections/Data/IndividualInferenceOutput/new_bilby/population3_lowSpinAligned_highmass'
14:45 bilby INFO    : Using lal version 7.3.0
14:45 bilby INFO    : Using lal git version Branch: None;Tag: lalsuite-v7.13;Id: ec1fcb1d2d1dab69321fdb8f0afef1f867b11e06;;Builder: Unknown User <>;Repository status: UNCLEAN: Modified working tree
14:45 bilby INFO    : Using lalsimulation version 5.0.0
14:45 bilby INFO    : Using lalsimulation git version Branch: None;Tag: lalsuite-v7.13;Id: ec1fcb1d2d1dab69321fdb8f0afef1f867b11e06;;Builder: Unknown User <>;Repository status: UNCLEAN: Modified working tree
14:45 bilby INFO    : Analysis priors:
14:45 bilby INFO    : a_1=Uniform(minimum=0, maximum=0.99, name='a_1', latex_label='$a_1$', unit=None, boundary=None)
14:45 bilby INFO    : a_2=Uniform(minimum=0, maximum=0.99, name='a_2', latex_label='$a_2$', unit=None, boundary=None)
14:45 bilby INFO    : tilt_1=Sine(minimum=0, maximum=3.141592653589793, name='tilt_1', latex_label='$\\theta_1$', unit=None, boundary=None)
14:45 bilby INFO    : tilt_2=Sine(minimum=0, maximum=3.141592653589793, name='tilt_2', latex_label='$\\theta_2$', unit=None, boundary=None)
14:45 bilby INFO    : ra=4.1279471002
14:45 bilby INFO    : dec=2.7036662148
14:45 bilby INFO    : geocent_time=1126259642.413
14:45 bilby INFO    : phase=2.3432847406
14:45 bilby INFO    : psi=2.3770324676
14:45 bilby INFO    : luminosity_distance=1974.9616729927
14:45 bilby INFO    : theta_jn=0.8106782606150954
14:45 bilby INFO    : mass_1=90.96115776314679
14:45 bilby INFO    : mass_2=83.75180400670244
14:45 bilby INFO    : phi_12=2.141415034077009
14:45 bilby INFO    : phi_jl=2.0608344256010778
14:45 bilby INFO    : Analysis likelihood class: <class 'bilby.gw.likelihood.base.GravitationalWaveTransient'>
14:45 bilby INFO    : Analysis likelihood noise evidence: -24551.580594418898
14:45 bilby INFO    : Single likelihood evaluation took 2.356e-02 s
14:45 bilby INFO    : Using sampler Dynesty with kwargs {'nlive': 2000, 'bound': 'live', 'sample': 'act-walk', 'periodic': None, 'reflective': None, 'update_interval': 600, 'first_update': None, 'npdim': None, 'rstate': None, 'queue_size': 8, 'pool': None, 'use_pool': None, 'live_points': None, 'logl_args': None, 'logl_kwargs': None, 'ptform_args': None, 'ptform_kwargs': None, 'gradient': None, 'grad_args': None, 'grad_kwargs': None, 'compute_jac': False, 'enlarge': None, 'bootstrap': None, 'walks': 100, 'facc': 0.2, 'slices': None, 'fmove': 0.9, 'max_move': 100, 'update_func': None, 'ncdim': None, 'blob': False, 'save_history': False, 'history_filename': None, 'maxiter': None, 'maxcall': None, 'dlogz': 0.1, 'logl_max': inf, 'n_effective': None, 'add_live': True, 'print_progress': True, 'print_func': <bound method Dynesty._print_func of <bilby.core.sampler.dynesty.Dynesty object at 0x149220e21e80>>, 'save_bounds': False, 'checkpoint_file': None, 'checkpoint_every': 60, 'resume': False}
14:45 bilby INFO    : Checkpoint every check_point_delta_t = 600s
14:45 bilby INFO    : Using dynesty version 2.1.0
14:45 bilby INFO    : Using the bilby-implemented rwalk sampling tracking the autocorrelation function and thinning by 5 with maximum length 25000
14:45 bilby INFO    : Setting up multiproccesing pool with 8 processes
14:45 bilby INFO    : Resume file /home/simona.miller/comp-spin-mock-injections/Data/IndividualInferenceOutput/new_bilby/population3_lowSpinAligned_highmass/job_00943_justSpin_resume.pickle does not exist.
14:45 bilby INFO    : Generating initial points from the prior
14:57 bilby INFO    : Written checkpoint file /home/simona.miller/comp-spin-mock-injections/Data/IndividualInferenceOutput/new_bilby/population3_lowSpinAligned_highmass/job_00943_justSpin_resume.pickle
15:23 bilby INFO    : Written checkpoint file /home/simona.miller/comp-spin-mock-injections/Data/IndividualInferenceOutput/new_bilby/population3_lowSpinAligned_highmass/job_00943_justSpin_resume.pickle
15:36 bilby INFO    : Written checkpoint file /home/simona.miller/comp-spin-mock-injections/Data/IndividualInferenceOutput/new_bilby/population3_lowSpinAligned_highmass/job_00943_justSpin_resume.pickle
15:46 bilby INFO    : Written checkpoint file /home/simona.miller/comp-spin-mock-injections/Data/IndividualInferenceOutput/new_bilby/population3_lowSpinAligned_highmass/job_00943_justSpin_resume.pickle
15:57 bilby INFO    : Written checkpoint file /home/simona.miller/comp-spin-mock-injections/Data/IndividualInferenceOutput/new_bilby/population3_lowSpinAligned_highmass/job_00943_justSpin_resume.pickle
16:08 bilby INFO    : Written checkpoint file /home/simona.miller/comp-spin-mock-injections/Data/IndividualInferenceOutput/new_bilby/population3_lowSpinAligned_highmass/job_00943_justSpin_resume.pickle
16:20 bilby INFO    : Written checkpoint file /home/simona.miller/comp-spin-mock-injections/Data/IndividualInferenceOutput/new_bilby/population3_lowSpinAligned_highmass/job_00943_justSpin_resume.pickle
16:32 bilby INFO    : Written checkpoint file /home/simona.miller/comp-spin-mock-injections/Data/IndividualInferenceOutput/new_bilby/population3_lowSpinAligned_highmass/job_00943_justSpin_resume.pickle
16:42 bilby INFO    : Written checkpoint file /home/simona.miller/comp-spin-mock-injections/Data/IndividualInferenceOutput/new_bilby/population3_lowSpinAligned_highmass/job_00943_justSpin_resume.pickle
16:54 bilby INFO    : Written checkpoint file /home/simona.miller/comp-spin-mock-injections/Data/IndividualInferenceOutput/new_bilby/population3_lowSpinAligned_highmass/job_00943_justSpin_resume.pickle
17:07 bilby INFO    : Written checkpoint file /home/simona.miller/comp-spin-mock-injections/Data/IndividualInferenceOutput/new_bilby/population3_lowSpinAligned_highmass/job_00943_justSpin_resume.pickle
17:20 bilby INFO    : Written checkpoint file /home/simona.miller/comp-spin-mock-injections/Data/IndividualInferenceOutput/new_bilby/population3_lowSpinAligned_highmass/job_00943_justSpin_resume.pickle
17:31 bilby INFO    : Written checkpoint file /home/simona.miller/comp-spin-mock-injections/Data/IndividualInferenceOutput/new_bilby/population3_lowSpinAligned_highmass/job_00943_justSpin_resume.pickle
17:45 bilby INFO    : Written checkpoint file /home/simona.miller/comp-spin-mock-injections/Data/IndividualInferenceOutput/new_bilby/population3_lowSpinAligned_highmass/job_00943_justSpin_resume.pickle
17:55 bilby INFO    : Written checkpoint file /home/simona.miller/comp-spin-mock-injections/Data/IndividualInferenceOutput/new_bilby/population3_lowSpinAligned_highmass/job_00943_justSpin_resume.pickle
18:06 bilby INFO    : Written checkpoint file /home/simona.miller/comp-spin-mock-injections/Data/IndividualInferenceOutput/new_bilby/population3_lowSpinAligned_highmass/job_00943_justSpin_resume.pickle
18:18 bilby INFO    : Written checkpoint file /home/simona.miller/comp-spin-mock-injections/Data/IndividualInferenceOutput/new_bilby/population3_lowSpinAligned_highmass/job_00943_justSpin_resume.pickle
18:31 bilby INFO    : Written checkpoint file /home/simona.miller/comp-spin-mock-injections/Data/IndividualInferenceOutput/new_bilby/population3_lowSpinAligned_highmass/job_00943_justSpin_resume.pickle
18:41 bilby INFO    : Written checkpoint file /home/simona.miller/comp-spin-mock-injections/Data/IndividualInferenceOutput/new_bilby/population3_lowSpinAligned_highmass/job_00943_justSpin_resume.pickle
18:52 bilby INFO    : Written checkpoint file /home/simona.miller/comp-spin-mock-injections/Data/IndividualInferenceOutput/new_bilby/population3_lowSpinAligned_highmass/job_00943_justSpin_resume.pickle
19:03 bilby INFO    : Written checkpoint file /home/simona.miller/comp-spin-mock-injections/Data/IndividualInferenceOutput/new_bilby/population3_lowSpinAligned_highmass/job_00943_justSpin_resume.pickle
19:15 bilby INFO    : Written checkpoint file /home/simona.miller/comp-spin-mock-injections/Data/IndividualInferenceOutput/new_bilby/population3_lowSpinAligned_highmass/job_00943_justSpin_resume.pickle
19:26 bilby INFO    : Written checkpoint file /home/simona.miller/comp-spin-mock-injections/Data/IndividualInferenceOutput/new_bilby/population3_lowSpinAligned_highmass/job_00943_justSpin_resume.pickle
19:38 bilby INFO    : Written checkpoint file /home/simona.miller/comp-spin-mock-injections/Data/IndividualInferenceOutput/new_bilby/population3_lowSpinAligned_highmass/job_00943_justSpin_resume.pickle
19:49 bilby INFO    : Written checkpoint file /home/simona.miller/comp-spin-mock-injections/Data/IndividualInferenceOutput/new_bilby/population3_lowSpinAligned_highmass/job_00943_justSpin_resume.pickle
19:59 bilby INFO    : Written checkpoint file /home/simona.miller/comp-spin-mock-injections/Data/IndividualInferenceOutput/new_bilby/population3_lowSpinAligned_highmass/job_00943_justSpin_resume.pickle
20:10 bilby INFO    : Written checkpoint file /home/simona.miller/comp-spin-mock-injections/Data/IndividualInferenceOutput/new_bilby/population3_lowSpinAligned_highmass/job_00943_justSpin_resume.pickle
20:21 bilby INFO    : Written checkpoint file /home/simona.miller/comp-spin-mock-injections/Data/IndividualInferenceOutput/new_bilby/population3_lowSpinAligned_highmass/job_00943_justSpin_resume.pickle
20:31 bilby INFO    : Written checkpoint file /home/simona.miller/comp-spin-mock-injections/Data/IndividualInferenceOutput/new_bilby/population3_lowSpinAligned_highmass/job_00943_justSpin_resume.pickle
20:46 bilby INFO    : Written checkpoint file /home/simona.miller/comp-spin-mock-injections/Data/IndividualInferenceOutput/new_bilby/population3_lowSpinAligned_highmass/job_00943_justSpin_resume.pickle
20:57 bilby INFO    : Written checkpoint file /home/simona.miller/comp-spin-mock-injections/Data/IndividualInferenceOutput/new_bilby/population3_lowSpinAligned_highmass/job_00943_justSpin_resume.pickle
21:08 bilby INFO    : Written checkpoint file /home/simona.miller/comp-spin-mock-injections/Data/IndividualInferenceOutput/new_bilby/population3_lowSpinAligned_highmass/job_00943_justSpin_resume.pickle
21:19 bilby INFO    : Written checkpoint file /home/simona.miller/comp-spin-mock-injections/Data/IndividualInferenceOutput/new_bilby/population3_lowSpinAligned_highmass/job_00943_justSpin_resume.pickle
21:30 bilby INFO    : Written checkpoint file /home/simona.miller/comp-spin-mock-injections/Data/IndividualInferenceOutput/new_bilby/population3_lowSpinAligned_highmass/job_00943_justSpin_resume.pickle
21:41 bilby INFO    : Written checkpoint file /home/simona.miller/comp-spin-mock-injections/Data/IndividualInferenceOutput/new_bilby/population3_lowSpinAligned_highmass/job_00943_justSpin_resume.pickle
21:52 bilby INFO    : Written checkpoint file /home/simona.miller/comp-spin-mock-injections/Data/IndividualInferenceOutput/new_bilby/population3_lowSpinAligned_highmass/job_00943_justSpin_resume.pickle
21:52 bilby INFO    : Starting to close worker pool.
21:52 bilby INFO    : Finished closing worker pool.
21:52 bilby INFO    : Rejection sampling nested samples to obtain 6593 posterior samples
21:52 bilby INFO    : Sampling time: 7:05:57.429622
21:52 bilby INFO    : Computing per-detector log likelihoods.
21:52 bilby INFO    : Using a pool with size 8 for nsamples=6593
21:53 bilby INFO    : Generating sky frame parameters.
21:53 bilby INFO    : Computing SNRs for every sample.
21:53 bilby INFO    : Using a pool with size 8 for nsamples=6593
21:54 bilby INFO    : Summary of results:
nsamples: 6593
ln_noise_evidence: -24551.581
ln_evidence: -24210.585 +/-  0.060
ln_bayes_factor: 340.995 +/-  0.060

