000 (113450120.000.000) 2023-03-29 17:01:36 Job submitted from host: <10.14.0.160:9618?addrs=10.14.0.160-9618&alias=ldas-pcdev2.ligo.caltech.edu&noUDP&sock=schedd_7450_a8a7>
    DAG Node: 113
...
040 (113450120.000.000) 2023-03-29 17:45:03 Started transferring input files
	Transferring to host: <10.14.9.194:9618?addrs=10.14.9.194-9618&alias=node2194.cluster.ldas.cit&noUDP&sock=slot1_2_189911_3ac4_89167>
...
040 (113450120.000.000) 2023-03-29 17:45:03 Finished transferring input files
...
001 (113450120.000.000) 2023-03-29 17:45:04 Job executing on host: <10.14.9.194:9618?addrs=10.14.9.194-9618&alias=node2194.cluster.ldas.cit&noUDP&sock=startd_189641_87e3>
...
006 (113450120.000.000) 2023-03-29 17:45:04 Image size of job updated: 1
	0  -  MemoryUsage of job (MB)
	0  -  ResidentSetSize of job (KB)
...
040 (113450120.000.000) 2023-03-29 17:45:04 Started transferring output files
...
040 (113450120.000.000) 2023-03-29 17:45:04 Finished transferring output files
...
005 (113450120.000.000) 2023-03-29 17:45:04 Job terminated.
	(1) Normal termination (return value 127)
		Usr 0 00:00:00, Sys 0 00:00:00  -  Run Remote Usage
		Usr 0 00:00:00, Sys 0 00:00:00  -  Run Local Usage
		Usr 0 00:00:00, Sys 0 00:00:00  -  Total Remote Usage
		Usr 0 00:00:00, Sys 0 00:00:00  -  Total Local Usage
	407  -  Run Bytes Sent By Job
	381  -  Run Bytes Received By Job
	407  -  Total Bytes Sent By Job
	381  -  Total Bytes Received By Job
	Partitionable Resources :    Usage  Request Allocated 
	   Cpus                 :                 1         1 
	   Disk (KB)            :       15   500000    561711 
	   GPUs                 :                           0 
	   Memory (MB)          :        0    20000     20096 

	Job terminated of its own accord at 2023-03-30T00:45:04Z with exit-code 127.
...
000 (113484744.000.000) 2023-04-01 14:23:17 Job submitted from host: <10.14.0.160:9618?addrs=10.14.0.160-9618&alias=ldas-pcdev2.ligo.caltech.edu&noUDP&sock=schedd_7450_a8a7>
    DAG Node: 113
...
040 (113484744.000.000) 2023-04-01 14:25:21 Started transferring input files
	Transferring to host: <10.14.3.245:9618?addrs=10.14.3.245-9618&alias=node745.cluster.ldas.cit&noUDP&sock=slot1_3_1674053_87c4_3309>
...
040 (113484744.000.000) 2023-04-01 14:25:21 Finished transferring input files
...
001 (113484744.000.000) 2023-04-01 14:25:22 Job executing on host: <10.14.3.245:9618?addrs=10.14.3.245-9618&alias=node745.cluster.ldas.cit&noUDP&sock=startd_1674015_a13f>
...
006 (113484744.000.000) 2023-04-01 14:25:30 Image size of job updated: 254016
	101  -  MemoryUsage of job (MB)
	102600  -  ResidentSetSize of job (KB)
...
006 (113484744.000.000) 2023-04-01 14:30:30 Image size of job updated: 4247900
	142  -  MemoryUsage of job (MB)
	144812  -  ResidentSetSize of job (KB)
...
006 (113484744.000.000) 2023-04-01 14:35:31 Image size of job updated: 4247900
	143  -  MemoryUsage of job (MB)
	145588  -  ResidentSetSize of job (KB)
...
006 (113484744.000.000) 2023-04-01 14:40:31 Image size of job updated: 4247900
	312  -  MemoryUsage of job (MB)
	318588  -  ResidentSetSize of job (KB)
...
006 (113484744.000.000) 2023-04-01 14:45:31 Image size of job updated: 4248404
	321  -  MemoryUsage of job (MB)
	328484  -  ResidentSetSize of job (KB)
...
006 (113484744.000.000) 2023-04-01 14:50:32 Image size of job updated: 4321968
	422  -  MemoryUsage of job (MB)
	431116  -  ResidentSetSize of job (KB)
...
006 (113484744.000.000) 2023-04-01 14:55:33 Image size of job updated: 4323256
	423  -  MemoryUsage of job (MB)
	432708  -  ResidentSetSize of job (KB)
...
006 (113484744.000.000) 2023-04-01 15:00:33 Image size of job updated: 4351496
	451  -  MemoryUsage of job (MB)
	460944  -  ResidentSetSize of job (KB)
...
006 (113484744.000.000) 2023-04-01 15:05:34 Image size of job updated: 4355144
	454  -  MemoryUsage of job (MB)
	464608  -  ResidentSetSize of job (KB)
...
006 (113484744.000.000) 2023-04-01 15:10:35 Image size of job updated: 4362224
	461  -  MemoryUsage of job (MB)
	471572  -  ResidentSetSize of job (KB)
...
006 (113484744.000.000) 2023-04-01 15:15:35 Image size of job updated: 4362224
	461  -  MemoryUsage of job (MB)
	471648  -  ResidentSetSize of job (KB)
...
006 (113484744.000.000) 2023-04-01 15:20:35 Image size of job updated: 4375032
	474  -  MemoryUsage of job (MB)
	485060  -  ResidentSetSize of job (KB)
...
006 (113484744.000.000) 2023-04-01 15:25:36 Image size of job updated: 4376184
	476  -  MemoryUsage of job (MB)
	486644  -  ResidentSetSize of job (KB)
...
006 (113484744.000.000) 2023-04-01 15:30:36 Image size of job updated: 4406116
	504  -  MemoryUsage of job (MB)
	515864  -  ResidentSetSize of job (KB)
...
006 (113484744.000.000) 2023-04-01 15:35:36 Image size of job updated: 4406452
	505  -  MemoryUsage of job (MB)
	516204  -  ResidentSetSize of job (KB)
...
006 (113484744.000.000) 2023-04-01 15:40:37 Image size of job updated: 4406772
	512  -  MemoryUsage of job (MB)
	523480  -  ResidentSetSize of job (KB)
...
006 (113484744.000.000) 2023-04-01 15:45:38 Image size of job updated: 4410884
	512  -  MemoryUsage of job (MB)
	523480  -  ResidentSetSize of job (KB)
...
006 (113484744.000.000) 2023-04-01 15:50:38 Image size of job updated: 4410988
	512  -  MemoryUsage of job (MB)
	523480  -  ResidentSetSize of job (KB)
...
006 (113484744.000.000) 2023-04-01 15:55:39 Image size of job updated: 4433512
	531  -  MemoryUsage of job (MB)
	542944  -  ResidentSetSize of job (KB)
...
006 (113484744.000.000) 2023-04-01 16:00:40 Image size of job updated: 4433696
	531  -  MemoryUsage of job (MB)
	543028  -  ResidentSetSize of job (KB)
...
006 (113484744.000.000) 2023-04-01 16:05:40 Image size of job updated: 4444232
	531  -  MemoryUsage of job (MB)
	543028  -  ResidentSetSize of job (KB)
...
006 (113484744.000.000) 2023-04-01 16:15:41 Image size of job updated: 4449584
	547  -  MemoryUsage of job (MB)
	559588  -  ResidentSetSize of job (KB)
...
006 (113484744.000.000) 2023-04-01 16:20:41 Image size of job updated: 4452352
	548  -  MemoryUsage of job (MB)
	560884  -  ResidentSetSize of job (KB)
...
006 (113484744.000.000) 2023-04-01 16:25:41 Image size of job updated: 4456184
	553  -  MemoryUsage of job (MB)
	566036  -  ResidentSetSize of job (KB)
...
006 (113484744.000.000) 2023-04-01 16:30:42 Image size of job updated: 4459896
	556  -  MemoryUsage of job (MB)
	568972  -  ResidentSetSize of job (KB)
...
006 (113484744.000.000) 2023-04-01 16:35:42 Image size of job updated: 4460332
	556  -  MemoryUsage of job (MB)
	568972  -  ResidentSetSize of job (KB)
...
006 (113484744.000.000) 2023-04-01 16:40:42 Image size of job updated: 4465948
	563  -  MemoryUsage of job (MB)
	576380  -  ResidentSetSize of job (KB)
...
006 (113484744.000.000) 2023-04-01 16:45:43 Image size of job updated: 4470068
	565  -  MemoryUsage of job (MB)
	577688  -  ResidentSetSize of job (KB)
...
006 (113484744.000.000) 2023-04-01 16:50:44 Image size of job updated: 4476120
	571  -  MemoryUsage of job (MB)
	584284  -  ResidentSetSize of job (KB)
...
006 (113484744.000.000) 2023-04-01 16:55:44 Image size of job updated: 4476300
	572  -  MemoryUsage of job (MB)
	585440  -  ResidentSetSize of job (KB)
...
006 (113484744.000.000) 2023-04-01 17:00:45 Image size of job updated: 4483076
	572  -  MemoryUsage of job (MB)
	585440  -  ResidentSetSize of job (KB)
...
006 (113484744.000.000) 2023-04-01 17:15:46 Image size of job updated: 4525644
	618  -  MemoryUsage of job (MB)
	632172  -  ResidentSetSize of job (KB)
...
006 (113484744.000.000) 2023-04-01 17:20:47 Image size of job updated: 4525644
	653  -  MemoryUsage of job (MB)
	667972  -  ResidentSetSize of job (KB)
...
006 (113484744.000.000) 2023-04-01 17:30:47 Image size of job updated: 4525644
	820  -  MemoryUsage of job (MB)
	838760  -  ResidentSetSize of job (KB)
...
006 (113484744.000.000) 2023-04-01 17:35:48 Image size of job updated: 4527764
	932  -  MemoryUsage of job (MB)
	954048  -  ResidentSetSize of job (KB)
...
006 (113484744.000.000) 2023-04-01 17:40:49 Image size of job updated: 4527764
	936  -  MemoryUsage of job (MB)
	957448  -  ResidentSetSize of job (KB)
...
006 (113484744.000.000) 2023-04-01 17:45:49 Image size of job updated: 4528536
	936  -  MemoryUsage of job (MB)
	957536  -  ResidentSetSize of job (KB)
...
006 (113484744.000.000) 2023-04-01 18:00:51 Image size of job updated: 4535932
	949  -  MemoryUsage of job (MB)
	971028  -  ResidentSetSize of job (KB)
...
006 (113484744.000.000) 2023-04-01 18:05:52 Image size of job updated: 4536196
	950  -  MemoryUsage of job (MB)
	972056  -  ResidentSetSize of job (KB)
...
006 (113484744.000.000) 2023-04-01 18:10:53 Image size of job updated: 4536196
	951  -  MemoryUsage of job (MB)
	973108  -  ResidentSetSize of job (KB)
...
006 (113484744.000.000) 2023-04-01 18:15:53 Image size of job updated: 4542068
	955  -  MemoryUsage of job (MB)
	977328  -  ResidentSetSize of job (KB)
...
006 (113484744.000.000) 2023-04-01 18:25:54 Image size of job updated: 4544592
	961  -  MemoryUsage of job (MB)
	983584  -  ResidentSetSize of job (KB)
...
006 (113484744.000.000) 2023-04-01 18:30:54 Image size of job updated: 4545748
	961  -  MemoryUsage of job (MB)
	983584  -  ResidentSetSize of job (KB)
...
006 (113484744.000.000) 2023-04-01 18:35:54 Image size of job updated: 4556912
	972  -  MemoryUsage of job (MB)
	994732  -  ResidentSetSize of job (KB)
...
006 (113484744.000.000) 2023-04-01 18:45:56 Image size of job updated: 4557368
	972  -  MemoryUsage of job (MB)
	994732  -  ResidentSetSize of job (KB)
...
006 (113484744.000.000) 2023-04-01 18:50:56 Image size of job updated: 4560072
	983  -  MemoryUsage of job (MB)
	1005688  -  ResidentSetSize of job (KB)
...
006 (113484744.000.000) 2023-04-01 18:55:57 Image size of job updated: 4562084
	983  -  MemoryUsage of job (MB)
	1006140  -  ResidentSetSize of job (KB)
...
006 (113484744.000.000) 2023-04-01 19:10:59 Image size of job updated: 4562084
	988  -  MemoryUsage of job (MB)
	1010824  -  ResidentSetSize of job (KB)
...
006 (113484744.000.000) 2023-04-01 19:16:00 Image size of job updated: 4567008
	989  -  MemoryUsage of job (MB)
	1012056  -  ResidentSetSize of job (KB)
...
006 (113484744.000.000) 2023-04-01 19:21:00 Image size of job updated: 4570212
	989  -  MemoryUsage of job (MB)
	1012056  -  ResidentSetSize of job (KB)
...
006 (113484744.000.000) 2023-04-01 19:26:00 Image size of job updated: 4570844
	996  -  MemoryUsage of job (MB)
	1019880  -  ResidentSetSize of job (KB)
...
006 (113484744.000.000) 2023-04-01 19:31:01 Image size of job updated: 4574428
	997  -  MemoryUsage of job (MB)
	1020000  -  ResidentSetSize of job (KB)
...
006 (113484744.000.000) 2023-04-01 19:36:01 Image size of job updated: 4576008
	997  -  MemoryUsage of job (MB)
	1020000  -  ResidentSetSize of job (KB)
...
006 (113484744.000.000) 2023-04-01 19:51:03 Image size of job updated: 4579280
	1019  -  MemoryUsage of job (MB)
	1042444  -  ResidentSetSize of job (KB)
...
006 (113484744.000.000) 2023-04-01 19:56:03 Image size of job updated: 4579280
	1038  -  MemoryUsage of job (MB)
	1062056  -  ResidentSetSize of job (KB)
...
006 (113484744.000.000) 2023-04-01 20:16:05 Image size of job updated: 4648620
	1061  -  MemoryUsage of job (MB)
	1086104  -  ResidentSetSize of job (KB)
...
006 (113484744.000.000) 2023-04-01 20:21:06 Image size of job updated: 4648620
	1064  -  MemoryUsage of job (MB)
	1089520  -  ResidentSetSize of job (KB)
...
006 (113484744.000.000) 2023-04-01 20:31:06 Image size of job updated: 4648620
	1070  -  MemoryUsage of job (MB)
	1095408  -  ResidentSetSize of job (KB)
...
006 (113484744.000.000) 2023-04-01 20:36:07 Image size of job updated: 4648620
	1074  -  MemoryUsage of job (MB)
	1099240  -  ResidentSetSize of job (KB)
...
006 (113484744.000.000) 2023-04-01 20:46:08 Image size of job updated: 4667860
	1074  -  MemoryUsage of job (MB)
	1099516  -  ResidentSetSize of job (KB)
...
006 (113484744.000.000) 2023-04-01 20:51:09 Image size of job updated: 4667860
	1094  -  MemoryUsage of job (MB)
	1119468  -  ResidentSetSize of job (KB)
...
006 (113484744.000.000) 2023-04-01 21:01:10 Image size of job updated: 4667860
	1094  -  MemoryUsage of job (MB)
	1119692  -  ResidentSetSize of job (KB)
...
006 (113484744.000.000) 2023-04-01 21:06:10 Image size of job updated: 4667860
	1096  -  MemoryUsage of job (MB)
	1122224  -  ResidentSetSize of job (KB)
...
006 (113484744.000.000) 2023-04-01 21:11:11 Image size of job updated: 4667860
	1100  -  MemoryUsage of job (MB)
	1126376  -  ResidentSetSize of job (KB)
...
006 (113484744.000.000) 2023-04-01 21:21:11 Image size of job updated: 4684156
	1100  -  MemoryUsage of job (MB)
	1126376  -  ResidentSetSize of job (KB)
...
006 (113484744.000.000) 2023-04-01 21:31:13 Image size of job updated: 4684552
	1100  -  MemoryUsage of job (MB)
	1126376  -  ResidentSetSize of job (KB)
...
006 (113484744.000.000) 2023-04-01 21:36:13 Image size of job updated: 4684552
	1106  -  MemoryUsage of job (MB)
	1132260  -  ResidentSetSize of job (KB)
...
006 (113484744.000.000) 2023-04-01 21:46:15 Image size of job updated: 4690316
	1108  -  MemoryUsage of job (MB)
	1133820  -  ResidentSetSize of job (KB)
...
006 (113484744.000.000) 2023-04-01 21:51:15 Image size of job updated: 4690316
	1109  -  MemoryUsage of job (MB)
	1134668  -  ResidentSetSize of job (KB)
...
006 (113484744.000.000) 2023-04-01 21:56:15 Image size of job updated: 4690316
	1112  -  MemoryUsage of job (MB)
	1138064  -  ResidentSetSize of job (KB)
...
006 (113484744.000.000) 2023-04-01 22:01:16 Image size of job updated: 4690316
	1130  -  MemoryUsage of job (MB)
	1156180  -  ResidentSetSize of job (KB)
...
006 (113484744.000.000) 2023-04-01 22:06:16 Image size of job updated: 4704220
	1136  -  MemoryUsage of job (MB)
	1163024  -  ResidentSetSize of job (KB)
...
006 (113484744.000.000) 2023-04-01 22:11:16 Image size of job updated: 4704220
	1138  -  MemoryUsage of job (MB)
	1164424  -  ResidentSetSize of job (KB)
...
006 (113484744.000.000) 2023-04-01 22:16:17 Image size of job updated: 4704220
	1139  -  MemoryUsage of job (MB)
	1165728  -  ResidentSetSize of job (KB)
...
006 (113484744.000.000) 2023-04-01 22:21:18 Image size of job updated: 4711260
	1139  -  MemoryUsage of job (MB)
	1165728  -  ResidentSetSize of job (KB)
...
006 (113484744.000.000) 2023-04-01 22:26:18 Image size of job updated: 4711260
	1139  -  MemoryUsage of job (MB)
	1166268  -  ResidentSetSize of job (KB)
...
006 (113484744.000.000) 2023-04-01 22:36:20 Image size of job updated: 4720668
	1139  -  MemoryUsage of job (MB)
	1166268  -  ResidentSetSize of job (KB)
...
006 (113484744.000.000) 2023-04-01 22:46:20 Image size of job updated: 4720668
	1156  -  MemoryUsage of job (MB)
	1183524  -  ResidentSetSize of job (KB)
...
006 (113484744.000.000) 2023-04-01 23:01:21 Image size of job updated: 4726552
	1156  -  MemoryUsage of job (MB)
	1183524  -  ResidentSetSize of job (KB)
...
006 (113484744.000.000) 2023-04-01 23:16:23 Image size of job updated: 4726552
	1185  -  MemoryUsage of job (MB)
	1213052  -  ResidentSetSize of job (KB)
...
006 (113484744.000.000) 2023-04-01 23:21:24 Image size of job updated: 4726552
	1186  -  MemoryUsage of job (MB)
	1213864  -  ResidentSetSize of job (KB)
...
006 (113484744.000.000) 2023-04-01 23:31:25 Image size of job updated: 4756792
	1186  -  MemoryUsage of job (MB)
	1213864  -  ResidentSetSize of job (KB)
...
006 (113484744.000.000) 2023-04-01 23:41:26 Image size of job updated: 4764384
	1186  -  MemoryUsage of job (MB)
	1213864  -  ResidentSetSize of job (KB)
...
006 (113484744.000.000) 2023-04-02 00:06:28 Image size of job updated: 4764384
	1207  -  MemoryUsage of job (MB)
	1235504  -  ResidentSetSize of job (KB)
...
006 (113484744.000.000) 2023-04-02 00:11:29 Image size of job updated: 4764384
	1215  -  MemoryUsage of job (MB)
	1243348  -  ResidentSetSize of job (KB)
...
006 (113484744.000.000) 2023-04-02 00:21:30 Image size of job updated: 4771192
	1215  -  MemoryUsage of job (MB)
	1243348  -  ResidentSetSize of job (KB)
...
006 (113484744.000.000) 2023-04-02 00:41:31 Image size of job updated: 4771192
	1215  -  MemoryUsage of job (MB)
	1243612  -  ResidentSetSize of job (KB)
...
006 (113484744.000.000) 2023-04-02 00:46:33 Image size of job updated: 4771192
	1221  -  MemoryUsage of job (MB)
	1250116  -  ResidentSetSize of job (KB)
...
006 (113484744.000.000) 2023-04-02 01:01:34 Image size of job updated: 4772436
	1221  -  MemoryUsage of job (MB)
	1250116  -  ResidentSetSize of job (KB)
...
006 (113484744.000.000) 2023-04-02 01:11:35 Image size of job updated: 4772436
	1224  -  MemoryUsage of job (MB)
	1252740  -  ResidentSetSize of job (KB)
...
006 (113484744.000.000) 2023-04-02 01:16:36 Image size of job updated: 4783532
	1227  -  MemoryUsage of job (MB)
	1255944  -  ResidentSetSize of job (KB)
...
006 (113484744.000.000) 2023-04-02 01:26:37 Image size of job updated: 4783532
	1230  -  MemoryUsage of job (MB)
	1258928  -  ResidentSetSize of job (KB)
...
006 (113484744.000.000) 2023-04-02 01:31:37 Image size of job updated: 4783532
	1234  -  MemoryUsage of job (MB)
	1262916  -  ResidentSetSize of job (KB)
...
006 (113484744.000.000) 2023-04-02 01:51:39 Image size of job updated: 4793732
	1234  -  MemoryUsage of job (MB)
	1262916  -  ResidentSetSize of job (KB)
...
006 (113484744.000.000) 2023-04-02 02:16:42 Image size of job updated: 4805780
	1234  -  MemoryUsage of job (MB)
	1262916  -  ResidentSetSize of job (KB)
...
006 (113484744.000.000) 2023-04-02 02:31:43 Image size of job updated: 4805780
	1236  -  MemoryUsage of job (MB)
	1265412  -  ResidentSetSize of job (KB)
...
006 (113484744.000.000) 2023-04-02 02:36:43 Image size of job updated: 4805780
	1241  -  MemoryUsage of job (MB)
	1270640  -  ResidentSetSize of job (KB)
...
006 (113484744.000.000) 2023-04-02 02:41:44 Image size of job updated: 4805780
	1246  -  MemoryUsage of job (MB)
	1275284  -  ResidentSetSize of job (KB)
...
006 (113484744.000.000) 2023-04-02 02:56:46 Image size of job updated: 4805780
	1248  -  MemoryUsage of job (MB)
	1277012  -  ResidentSetSize of job (KB)
...
006 (113484744.000.000) 2023-04-02 03:01:47 Image size of job updated: 4805780
	1252  -  MemoryUsage of job (MB)
	1281340  -  ResidentSetSize of job (KB)
...
006 (113484744.000.000) 2023-04-02 03:06:47 Image size of job updated: 4805780
	1255  -  MemoryUsage of job (MB)
	1284668  -  ResidentSetSize of job (KB)
...
006 (113484744.000.000) 2023-04-02 03:11:47 Image size of job updated: 4824248
	1260  -  MemoryUsage of job (MB)
	1289700  -  ResidentSetSize of job (KB)
...
006 (113484744.000.000) 2023-04-02 04:06:54 Image size of job updated: 4829232
	1260  -  MemoryUsage of job (MB)
	1289700  -  ResidentSetSize of job (KB)
...
006 (113484744.000.000) 2023-04-02 04:16:54 Image size of job updated: 4841112
	1261  -  MemoryUsage of job (MB)
	1290252  -  ResidentSetSize of job (KB)
...
006 (113484744.000.000) 2023-04-02 04:41:57 Image size of job updated: 4841112
	1263  -  MemoryUsage of job (MB)
	1293016  -  ResidentSetSize of job (KB)
...
006 (113484744.000.000) 2023-04-02 05:12:01 Image size of job updated: 4845716
	1263  -  MemoryUsage of job (MB)
	1293016  -  ResidentSetSize of job (KB)
...
006 (113484744.000.000) 2023-04-02 05:42:04 Image size of job updated: 4848992
	1266  -  MemoryUsage of job (MB)
	1295784  -  ResidentSetSize of job (KB)
...
006 (113484744.000.000) 2023-04-02 05:57:05 Image size of job updated: 4848992
	1271  -  MemoryUsage of job (MB)
	1300532  -  ResidentSetSize of job (KB)
...
006 (113484744.000.000) 2023-04-02 06:07:06 Image size of job updated: 4849720
	1271  -  MemoryUsage of job (MB)
	1300532  -  ResidentSetSize of job (KB)
...
006 (113484744.000.000) 2023-04-02 06:22:08 Image size of job updated: 4849720
	1276  -  MemoryUsage of job (MB)
	1306068  -  ResidentSetSize of job (KB)
...
006 (113484744.000.000) 2023-04-02 06:32:09 Image size of job updated: 4849720
	1285  -  MemoryUsage of job (MB)
	1315180  -  ResidentSetSize of job (KB)
...
006 (113484744.000.000) 2023-04-02 06:37:10 Image size of job updated: 4849720
	1288  -  MemoryUsage of job (MB)
	1318356  -  ResidentSetSize of job (KB)
...
006 (113484744.000.000) 2023-04-02 06:42:10 Image size of job updated: 4849720
	1406  -  MemoryUsage of job (MB)
	1439280  -  ResidentSetSize of job (KB)
...
006 (113484744.000.000) 2023-04-02 06:47:11 Image size of job updated: 4872264
	1406  -  MemoryUsage of job (MB)
	1439280  -  ResidentSetSize of job (KB)
...
006 (113484744.000.000) 2023-04-02 07:32:15 Image size of job updated: 4873916
	1406  -  MemoryUsage of job (MB)
	1439280  -  ResidentSetSize of job (KB)
...
006 (113484744.000.000) 2023-04-02 08:07:18 Image size of job updated: 4897080
	1406  -  MemoryUsage of job (MB)
	1439280  -  ResidentSetSize of job (KB)
...
006 (113484744.000.000) 2023-04-02 09:57:31 Image size of job updated: 4901312
	1406  -  MemoryUsage of job (MB)
	1439280  -  ResidentSetSize of job (KB)
...
006 (113484744.000.000) 2023-04-02 10:47:37 Image size of job updated: 4907884
	1406  -  MemoryUsage of job (MB)
	1439280  -  ResidentSetSize of job (KB)
...
006 (113484744.000.000) 2023-04-02 11:12:38 Image size of job updated: 4916736
	1406  -  MemoryUsage of job (MB)
	1439280  -  ResidentSetSize of job (KB)
...
006 (113484744.000.000) 2023-04-02 11:37:42 Image size of job updated: 4921168
	1406  -  MemoryUsage of job (MB)
	1439280  -  ResidentSetSize of job (KB)
...
006 (113484744.000.000) 2023-04-02 12:27:47 Image size of job updated: 4922680
	1406  -  MemoryUsage of job (MB)
	1439280  -  ResidentSetSize of job (KB)
...
006 (113484744.000.000) 2023-04-02 12:42:48 Image size of job updated: 4929548
	1406  -  MemoryUsage of job (MB)
	1439280  -  ResidentSetSize of job (KB)
...
006 (113484744.000.000) 2023-04-02 12:57:50 Image size of job updated: 4939640
	1406  -  MemoryUsage of job (MB)
	1439280  -  ResidentSetSize of job (KB)
...
006 (113484744.000.000) 2023-04-02 14:12:57 Image size of job updated: 4951592
	1406  -  MemoryUsage of job (MB)
	1439280  -  ResidentSetSize of job (KB)
...
006 (113484744.000.000) 2023-04-02 14:53:01 Image size of job updated: 4954860
	1406  -  MemoryUsage of job (MB)
	1439280  -  ResidentSetSize of job (KB)
...
006 (113484744.000.000) 2023-04-02 15:43:06 Image size of job updated: 4971732
	1406  -  MemoryUsage of job (MB)
	1439280  -  ResidentSetSize of job (KB)
...
004 (113484744.000.000) 2023-04-02 15:53:22 Job was evicted.
	(0) CPU times
		Usr 2 23:11:40, Sys 0 00:16:03  -  Run Remote Usage
		Usr 0 00:00:00, Sys 0 00:00:00  -  Run Local Usage
	0  -  Run Bytes Sent By Job
	381  -  Run Bytes Received By Job
	Partitionable Resources :    Usage  Request Allocated 
	   Cpus                 :     0.99        1         1 
	   Disk (KB)            :  1318      500000    609620 
	   GPUs                 :                           0 
	   Memory (MB)          :  1406       20000     20096 
...
040 (113484744.000.000) 2023-04-02 15:55:50 Started transferring input files
	Transferring to host: <10.14.4.83:9618?addrs=10.14.4.83-9618&alias=node833.cluster.ldas.cit&noUDP&sock=slot1_8_1628855_7356_16632>
...
040 (113484744.000.000) 2023-04-02 15:55:50 Finished transferring input files
...
001 (113484744.000.000) 2023-04-02 15:55:51 Job executing on host: <10.14.4.83:9618?addrs=10.14.4.83-9618&alias=node833.cluster.ldas.cit&noUDP&sock=startd_3459_2a2e>
...
006 (113484744.000.000) 2023-04-02 17:11:10 Image size of job updated: 5004684
	1465  -  MemoryUsage of job (MB)
	1500000  -  ResidentSetSize of job (KB)
...
006 (113484744.000.000) 2023-04-03 00:12:06 Image size of job updated: 5005972
	1465  -  MemoryUsage of job (MB)
	1500000  -  ResidentSetSize of job (KB)
...
006 (113484744.000.000) 2023-04-03 01:02:13 Image size of job updated: 5034576
	1465  -  MemoryUsage of job (MB)
	1500000  -  ResidentSetSize of job (KB)
...
006 (113484744.000.000) 2023-04-03 02:32:25 Image size of job updated: 5047380
	1465  -  MemoryUsage of job (MB)
	1500000  -  ResidentSetSize of job (KB)
...
006 (113484744.000.000) 2023-04-03 04:47:43 Image size of job updated: 5065780
	1465  -  MemoryUsage of job (MB)
	1500000  -  ResidentSetSize of job (KB)
...
006 (113484744.000.000) 2023-04-03 06:12:49 Image size of job updated: 5073844
	1465  -  MemoryUsage of job (MB)
	1500000  -  ResidentSetSize of job (KB)
...
006 (113484744.000.000) 2023-04-03 07:07:55 Image size of job updated: 5093520
	1465  -  MemoryUsage of job (MB)
	1500000  -  ResidentSetSize of job (KB)
...
006 (113484744.000.000) 2023-04-03 08:08:03 Image size of job updated: 5118980
	1465  -  MemoryUsage of job (MB)
	1500000  -  ResidentSetSize of job (KB)
...
006 (113484744.000.000) 2023-04-03 09:28:13 Image size of job updated: 5118980
	1604  -  MemoryUsage of job (MB)
	1641820  -  ResidentSetSize of job (KB)
...
006 (113484744.000.000) 2023-04-03 10:53:24 Image size of job updated: 5132700
	1604  -  MemoryUsage of job (MB)
	1641820  -  ResidentSetSize of job (KB)
...
006 (113484744.000.000) 2023-04-03 12:53:37 Image size of job updated: 5176920
	1604  -  MemoryUsage of job (MB)
	1641820  -  ResidentSetSize of job (KB)
...
006 (113484744.000.000) 2023-04-03 15:38:49 Image size of job updated: 5339740
	1604  -  MemoryUsage of job (MB)
	1641820  -  ResidentSetSize of job (KB)
...
004 (113484744.000.000) 2023-04-03 16:12:59 Job was evicted.
	(0) CPU times
		Usr 1 19:21:12, Sys 0 00:03:52  -  Run Remote Usage
		Usr 0 00:00:00, Sys 0 00:00:00  -  Run Local Usage
	0  -  Run Bytes Sent By Job
	381  -  Run Bytes Received By Job
	Partitionable Resources :    Usage  Request Allocated 
	   Cpus                 :     3.96        1         1 
	   Disk (KB)            :   370      500000    624256 
	   GPUs                 :                           0 
	   Memory (MB)          :  1604       20000     20096 
...
040 (113484744.000.000) 2023-04-03 16:20:18 Started transferring input files
	Transferring to host: <10.14.9.193:9618?addrs=10.14.9.193-9618&alias=node2193.cluster.ldas.cit&noUDP&sock=slot1_7_2344614_6aa8_11588>
...
040 (113484744.000.000) 2023-04-03 16:20:18 Finished transferring input files
...
001 (113484744.000.000) 2023-04-03 16:20:19 Job executing on host: <10.14.9.193:9618?addrs=10.14.9.193-9618&alias=node2193.cluster.ldas.cit&noUDP&sock=startd_188980_23c9>
...
004 (113484744.000.000) 2023-04-04 16:47:44 Job was evicted.
	(0) CPU times
		Usr 2 18:00:13, Sys 0 00:07:31  -  Run Remote Usage
		Usr 0 00:00:00, Sys 0 00:00:00  -  Run Local Usage
	0  -  Run Bytes Sent By Job
	381  -  Run Bytes Received By Job
	Partitionable Resources :    Usage  Request Allocated 
	   Cpus                 :     7.90        1         1 
	   Disk (KB)            :   267      500000    624251 
	   GPUs                 :                           0 
	   Memory (MB)          :  1709       20000     20096 
...
040 (113484744.000.000) 2023-04-04 16:54:24 Started transferring input files
	Transferring to host: <10.14.10.73:9618?addrs=10.14.10.73-9618&alias=node2323.cluster.ldas.cit&noUDP&sock=slot1_7_1751566_7374_120>
...
040 (113484744.000.000) 2023-04-04 16:54:24 Finished transferring input files
...
001 (113484744.000.000) 2023-04-04 16:54:25 Job executing on host: <10.14.10.73:9618?addrs=10.14.10.73-9618&alias=node2323.cluster.ldas.cit&noUDP&sock=startd_1751524_5b61>
...
006 (113484744.000.000) 2023-04-04 18:53:52 Image size of job updated: 13813312
	1709  -  MemoryUsage of job (MB)
	1750000  -  ResidentSetSize of job (KB)
...
040 (113484744.000.000) 2023-04-04 18:53:52 Started transferring output files
...
040 (113484744.000.000) 2023-04-04 18:53:52 Finished transferring output files
...
005 (113484744.000.000) 2023-04-04 18:53:52 Job terminated.
	(1) Normal termination (return value 0)
		Usr 0 07:04:53, Sys 0 00:00:31  -  Run Remote Usage
		Usr 0 00:00:00, Sys 0 00:00:00  -  Run Local Usage
		Usr 7 19:37:58, Sys 0 00:27:57  -  Total Remote Usage
		Usr 0 00:00:00, Sys 0 00:00:00  -  Total Local Usage
	57833  -  Run Bytes Sent By Job
	381  -  Run Bytes Received By Job
	57833  -  Total Bytes Sent By Job
	1524  -  Total Bytes Received By Job
	Partitionable Resources :    Usage  Request Allocated 
	   Cpus                 :     0.99        1         1 
	   Disk (KB)            :    80      500000    624256 
	   GPUs                 :                           0 
	   Memory (MB)          :  1709       20000     20096 

	Job terminated of its own accord at 2023-04-05T01:53:52Z with exit-code 0.
...
