000 (113450197.000.000) 2023-03-29 17:01:37 Job submitted from host: <10.14.0.160:9618?addrs=10.14.0.160-9618&alias=ldas-pcdev2.ligo.caltech.edu&noUDP&sock=schedd_7450_a8a7>
    DAG Node: 710
...
040 (113450197.000.000) 2023-03-29 17:46:33 Started transferring input files
	Transferring to host: <10.14.9.194:9618?addrs=10.14.9.194-9618&alias=node2194.cluster.ldas.cit&noUDP&sock=slot1_2_189911_3ac4_89244>
...
040 (113450197.000.000) 2023-03-29 17:46:33 Finished transferring input files
...
001 (113450197.000.000) 2023-03-29 17:46:34 Job executing on host: <10.14.9.194:9618?addrs=10.14.9.194-9618&alias=node2194.cluster.ldas.cit&noUDP&sock=startd_189641_87e3>
...
006 (113450197.000.000) 2023-03-29 17:46:34 Image size of job updated: 1
	0  -  MemoryUsage of job (MB)
	0  -  ResidentSetSize of job (KB)
...
040 (113450197.000.000) 2023-03-29 17:46:34 Started transferring output files
...
040 (113450197.000.000) 2023-03-29 17:46:34 Finished transferring output files
...
005 (113450197.000.000) 2023-03-29 17:46:34 Job terminated.
	(1) Normal termination (return value 127)
		Usr 0 00:00:00, Sys 0 00:00:00  -  Run Remote Usage
		Usr 0 00:00:00, Sys 0 00:00:00  -  Run Local Usage
		Usr 0 00:00:00, Sys 0 00:00:00  -  Total Remote Usage
		Usr 0 00:00:00, Sys 0 00:00:00  -  Total Local Usage
	407  -  Run Bytes Sent By Job
	381  -  Run Bytes Received By Job
	407  -  Total Bytes Sent By Job
	381  -  Total Bytes Received By Job
	Partitionable Resources :    Usage  Request Allocated 
	   Cpus                 :                 1         1 
	   Disk (KB)            :       15   500000    561711 
	   GPUs                 :                           0 
	   Memory (MB)          :        0    20000     20096 

	Job terminated of its own accord at 2023-03-30T00:46:34Z with exit-code 127.
...
000 (113484774.000.000) 2023-04-01 14:23:19 Job submitted from host: <10.14.0.160:9618?addrs=10.14.0.160-9618&alias=ldas-pcdev2.ligo.caltech.edu&noUDP&sock=schedd_7450_a8a7>
    DAG Node: 710
...
040 (113484774.000.000) 2023-04-01 14:27:04 Started transferring input files
	Transferring to host: <10.14.10.104:9618?addrs=10.14.10.104-9618&alias=node2354.cluster.ldas.cit&noUDP&sock=slot1_5_715248_ab96_5851>
...
040 (113484774.000.000) 2023-04-01 14:27:04 Finished transferring input files
...
001 (113484774.000.000) 2023-04-01 14:27:05 Job executing on host: <10.14.10.104:9618?addrs=10.14.10.104-9618&alias=node2354.cluster.ldas.cit&noUDP&sock=startd_715206_67fc>
...
006 (113484774.000.000) 2023-04-01 14:27:14 Image size of job updated: 444124
	102  -  MemoryUsage of job (MB)
	104328  -  ResidentSetSize of job (KB)
...
006 (113484774.000.000) 2023-04-01 14:32:15 Image size of job updated: 4482548
	370  -  MemoryUsage of job (MB)
	378428  -  ResidentSetSize of job (KB)
...
006 (113484774.000.000) 2023-04-01 14:52:17 Image size of job updated: 4482548
	437  -  MemoryUsage of job (MB)
	446948  -  ResidentSetSize of job (KB)
...
006 (113484774.000.000) 2023-04-01 14:57:17 Image size of job updated: 4482548
	438  -  MemoryUsage of job (MB)
	447736  -  ResidentSetSize of job (KB)
...
006 (113484774.000.000) 2023-04-01 15:02:18 Image size of job updated: 4482548
	460  -  MemoryUsage of job (MB)
	470696  -  ResidentSetSize of job (KB)
...
006 (113484774.000.000) 2023-04-01 15:07:18 Image size of job updated: 4482548
	461  -  MemoryUsage of job (MB)
	472056  -  ResidentSetSize of job (KB)
...
006 (113484774.000.000) 2023-04-01 15:12:18 Image size of job updated: 4482548
	471  -  MemoryUsage of job (MB)
	481592  -  ResidentSetSize of job (KB)
...
006 (113484774.000.000) 2023-04-01 15:17:19 Image size of job updated: 4482548
	472  -  MemoryUsage of job (MB)
	482988  -  ResidentSetSize of job (KB)
...
006 (113484774.000.000) 2023-04-01 15:22:20 Image size of job updated: 4482548
	475  -  MemoryUsage of job (MB)
	486024  -  ResidentSetSize of job (KB)
...
006 (113484774.000.000) 2023-04-01 15:32:21 Image size of job updated: 4482548
	482  -  MemoryUsage of job (MB)
	492640  -  ResidentSetSize of job (KB)
...
006 (113484774.000.000) 2023-04-01 15:37:22 Image size of job updated: 4482548
	523  -  MemoryUsage of job (MB)
	535484  -  ResidentSetSize of job (KB)
...
006 (113484774.000.000) 2023-04-01 15:42:22 Image size of job updated: 4482548
	527  -  MemoryUsage of job (MB)
	539292  -  ResidentSetSize of job (KB)
...
006 (113484774.000.000) 2023-04-01 15:47:22 Image size of job updated: 4482548
	578  -  MemoryUsage of job (MB)
	591136  -  ResidentSetSize of job (KB)
...
006 (113484774.000.000) 2023-04-01 15:52:23 Image size of job updated: 4482548
	742  -  MemoryUsage of job (MB)
	759648  -  ResidentSetSize of job (KB)
...
006 (113484774.000.000) 2023-04-01 15:57:23 Image size of job updated: 4482548
	829  -  MemoryUsage of job (MB)
	848884  -  ResidentSetSize of job (KB)
...
006 (113484774.000.000) 2023-04-01 16:07:24 Image size of job updated: 4482548
	842  -  MemoryUsage of job (MB)
	862036  -  ResidentSetSize of job (KB)
...
006 (113484774.000.000) 2023-04-01 16:12:25 Image size of job updated: 4482548
	844  -  MemoryUsage of job (MB)
	863468  -  ResidentSetSize of job (KB)
...
006 (113484774.000.000) 2023-04-01 16:17:25 Image size of job updated: 4482548
	846  -  MemoryUsage of job (MB)
	865472  -  ResidentSetSize of job (KB)
...
006 (113484774.000.000) 2023-04-01 16:22:26 Image size of job updated: 4482548
	846  -  MemoryUsage of job (MB)
	865620  -  ResidentSetSize of job (KB)
...
006 (113484774.000.000) 2023-04-01 16:27:27 Image size of job updated: 4482548
	871  -  MemoryUsage of job (MB)
	891008  -  ResidentSetSize of job (KB)
...
006 (113484774.000.000) 2023-04-01 16:37:27 Image size of job updated: 4482548
	874  -  MemoryUsage of job (MB)
	894556  -  ResidentSetSize of job (KB)
...
006 (113484774.000.000) 2023-04-01 16:42:28 Image size of job updated: 4482548
	874  -  MemoryUsage of job (MB)
	894704  -  ResidentSetSize of job (KB)
...
006 (113484774.000.000) 2023-04-01 16:47:28 Image size of job updated: 4482548
	874  -  MemoryUsage of job (MB)
	894764  -  ResidentSetSize of job (KB)
...
006 (113484774.000.000) 2023-04-01 16:52:28 Image size of job updated: 4487400
	884  -  MemoryUsage of job (MB)
	904356  -  ResidentSetSize of job (KB)
...
006 (113484774.000.000) 2023-04-01 17:02:30 Image size of job updated: 4489256
	888  -  MemoryUsage of job (MB)
	909040  -  ResidentSetSize of job (KB)
...
006 (113484774.000.000) 2023-04-01 17:07:30 Image size of job updated: 4489456
	888  -  MemoryUsage of job (MB)
	909040  -  ResidentSetSize of job (KB)
...
006 (113484774.000.000) 2023-04-01 17:12:31 Image size of job updated: 4494208
	890  -  MemoryUsage of job (MB)
	911300  -  ResidentSetSize of job (KB)
...
006 (113484774.000.000) 2023-04-01 17:17:32 Image size of job updated: 4494208
	892  -  MemoryUsage of job (MB)
	913284  -  ResidentSetSize of job (KB)
...
006 (113484774.000.000) 2023-04-01 17:27:32 Image size of job updated: 4503144
	914  -  MemoryUsage of job (MB)
	935392  -  ResidentSetSize of job (KB)
...
006 (113484774.000.000) 2023-04-01 17:32:33 Image size of job updated: 4503144
	917  -  MemoryUsage of job (MB)
	938704  -  ResidentSetSize of job (KB)
...
006 (113484774.000.000) 2023-04-01 17:37:33 Image size of job updated: 4535012
	953  -  MemoryUsage of job (MB)
	975804  -  ResidentSetSize of job (KB)
...
006 (113484774.000.000) 2023-04-01 17:42:33 Image size of job updated: 4537588
	954  -  MemoryUsage of job (MB)
	975976  -  ResidentSetSize of job (KB)
...
006 (113484774.000.000) 2023-04-01 17:47:34 Image size of job updated: 4545596
	954  -  MemoryUsage of job (MB)
	975976  -  ResidentSetSize of job (KB)
...
006 (113484774.000.000) 2023-04-01 17:52:35 Image size of job updated: 4545596
	954  -  MemoryUsage of job (MB)
	976360  -  ResidentSetSize of job (KB)
...
006 (113484774.000.000) 2023-04-01 18:07:37 Image size of job updated: 4545596
	979  -  MemoryUsage of job (MB)
	1001840  -  ResidentSetSize of job (KB)
...
006 (113484774.000.000) 2023-04-01 18:12:37 Image size of job updated: 4587264
	1021  -  MemoryUsage of job (MB)
	1045200  -  ResidentSetSize of job (KB)
...
006 (113484774.000.000) 2023-04-01 18:47:40 Image size of job updated: 4587264
	1077  -  MemoryUsage of job (MB)
	1102708  -  ResidentSetSize of job (KB)
...
006 (113484774.000.000) 2023-04-01 18:52:41 Image size of job updated: 4587264
	1080  -  MemoryUsage of job (MB)
	1105504  -  ResidentSetSize of job (KB)
...
006 (113484774.000.000) 2023-04-01 18:57:42 Image size of job updated: 4587264
	1088  -  MemoryUsage of job (MB)
	1113452  -  ResidentSetSize of job (KB)
...
006 (113484774.000.000) 2023-04-01 19:22:43 Image size of job updated: 4587264
	1102  -  MemoryUsage of job (MB)
	1127564  -  ResidentSetSize of job (KB)
...
006 (113484774.000.000) 2023-04-01 19:27:44 Image size of job updated: 4587264
	1103  -  MemoryUsage of job (MB)
	1129028  -  ResidentSetSize of job (KB)
...
006 (113484774.000.000) 2023-04-01 19:47:47 Image size of job updated: 4587264
	1112  -  MemoryUsage of job (MB)
	1138508  -  ResidentSetSize of job (KB)
...
006 (113484774.000.000) 2023-04-01 19:57:47 Image size of job updated: 4594580
	1117  -  MemoryUsage of job (MB)
	1142888  -  ResidentSetSize of job (KB)
...
006 (113484774.000.000) 2023-04-01 20:02:48 Image size of job updated: 4595164
	1120  -  MemoryUsage of job (MB)
	1145944  -  ResidentSetSize of job (KB)
...
006 (113484774.000.000) 2023-04-01 20:12:48 Image size of job updated: 4596652
	1120  -  MemoryUsage of job (MB)
	1145944  -  ResidentSetSize of job (KB)
...
006 (113484774.000.000) 2023-04-01 20:17:49 Image size of job updated: 4596652
	1121  -  MemoryUsage of job (MB)
	1146928  -  ResidentSetSize of job (KB)
...
006 (113484774.000.000) 2023-04-01 20:22:50 Image size of job updated: 4598692
	1125  -  MemoryUsage of job (MB)
	1151920  -  ResidentSetSize of job (KB)
...
006 (113484774.000.000) 2023-04-01 20:27:50 Image size of job updated: 4599408
	1125  -  MemoryUsage of job (MB)
	1151920  -  ResidentSetSize of job (KB)
...
006 (113484774.000.000) 2023-04-01 20:32:51 Image size of job updated: 4599408
	1127  -  MemoryUsage of job (MB)
	1153712  -  ResidentSetSize of job (KB)
...
006 (113484774.000.000) 2023-04-01 20:37:52 Image size of job updated: 4603496
	1132  -  MemoryUsage of job (MB)
	1158480  -  ResidentSetSize of job (KB)
...
006 (113484774.000.000) 2023-04-01 20:42:52 Image size of job updated: 4606060
	1134  -  MemoryUsage of job (MB)
	1161156  -  ResidentSetSize of job (KB)
...
006 (113484774.000.000) 2023-04-01 20:47:53 Image size of job updated: 4613844
	1136  -  MemoryUsage of job (MB)
	1162588  -  ResidentSetSize of job (KB)
...
006 (113484774.000.000) 2023-04-01 20:52:54 Image size of job updated: 4677684
	1136  -  MemoryUsage of job (MB)
	1162588  -  ResidentSetSize of job (KB)
...
006 (113484774.000.000) 2023-04-01 21:02:54 Image size of job updated: 4682504
	1143  -  MemoryUsage of job (MB)
	1169800  -  ResidentSetSize of job (KB)
...
006 (113484774.000.000) 2023-04-01 21:27:58 Image size of job updated: 4682852
	1146  -  MemoryUsage of job (MB)
	1173384  -  ResidentSetSize of job (KB)
...
006 (113484774.000.000) 2023-04-01 21:37:59 Image size of job updated: 4682852
	1153  -  MemoryUsage of job (MB)
	1180028  -  ResidentSetSize of job (KB)
...
006 (113484774.000.000) 2023-04-01 21:53:00 Image size of job updated: 4682852
	1161  -  MemoryUsage of job (MB)
	1188852  -  ResidentSetSize of job (KB)
...
006 (113484774.000.000) 2023-04-01 22:08:01 Image size of job updated: 4716508
	1166  -  MemoryUsage of job (MB)
	1193192  -  ResidentSetSize of job (KB)
...
006 (113484774.000.000) 2023-04-01 22:18:03 Image size of job updated: 4716508
	1167  -  MemoryUsage of job (MB)
	1194008  -  ResidentSetSize of job (KB)
...
006 (113484774.000.000) 2023-04-01 22:28:04 Image size of job updated: 4716508
	1171  -  MemoryUsage of job (MB)
	1198452  -  ResidentSetSize of job (KB)
...
006 (113484774.000.000) 2023-04-01 22:43:05 Image size of job updated: 4717016
	1173  -  MemoryUsage of job (MB)
	1200300  -  ResidentSetSize of job (KB)
...
006 (113484774.000.000) 2023-04-01 22:48:06 Image size of job updated: 4717016
	1177  -  MemoryUsage of job (MB)
	1204380  -  ResidentSetSize of job (KB)
...
006 (113484774.000.000) 2023-04-01 23:38:11 Image size of job updated: 4731688
	1177  -  MemoryUsage of job (MB)
	1204380  -  ResidentSetSize of job (KB)
...
006 (113484774.000.000) 2023-04-01 23:48:11 Image size of job updated: 4731688
	1179  -  MemoryUsage of job (MB)
	1206868  -  ResidentSetSize of job (KB)
...
006 (113484774.000.000) 2023-04-01 23:53:13 Image size of job updated: 4747892
	1179  -  MemoryUsage of job (MB)
	1206868  -  ResidentSetSize of job (KB)
...
006 (113484774.000.000) 2023-04-02 00:23:16 Image size of job updated: 4747892
	1185  -  MemoryUsage of job (MB)
	1212764  -  ResidentSetSize of job (KB)
...
006 (113484774.000.000) 2023-04-02 00:38:17 Image size of job updated: 4757008
	1189  -  MemoryUsage of job (MB)
	1216988  -  ResidentSetSize of job (KB)
...
006 (113484774.000.000) 2023-04-02 00:48:18 Image size of job updated: 4757008
	1189  -  MemoryUsage of job (MB)
	1217228  -  ResidentSetSize of job (KB)
...
006 (113484774.000.000) 2023-04-02 00:53:18 Image size of job updated: 4757008
	1190  -  MemoryUsage of job (MB)
	1218412  -  ResidentSetSize of job (KB)
...
006 (113484774.000.000) 2023-04-02 00:58:19 Image size of job updated: 4766416
	1193  -  MemoryUsage of job (MB)
	1220684  -  ResidentSetSize of job (KB)
...
006 (113484774.000.000) 2023-04-02 01:03:20 Image size of job updated: 4766416
	1199  -  MemoryUsage of job (MB)
	1227264  -  ResidentSetSize of job (KB)
...
006 (113484774.000.000) 2023-04-02 01:08:20 Image size of job updated: 4766416
	1202  -  MemoryUsage of job (MB)
	1230180  -  ResidentSetSize of job (KB)
...
006 (113484774.000.000) 2023-04-02 01:13:21 Image size of job updated: 4766416
	1205  -  MemoryUsage of job (MB)
	1233080  -  ResidentSetSize of job (KB)
...
006 (113484774.000.000) 2023-04-02 01:23:22 Image size of job updated: 4766416
	1238  -  MemoryUsage of job (MB)
	1266748  -  ResidentSetSize of job (KB)
...
006 (113484774.000.000) 2023-04-02 01:28:22 Image size of job updated: 4766416
	1239  -  MemoryUsage of job (MB)
	1268496  -  ResidentSetSize of job (KB)
...
006 (113484774.000.000) 2023-04-02 01:38:23 Image size of job updated: 4795080
	1239  -  MemoryUsage of job (MB)
	1268496  -  ResidentSetSize of job (KB)
...
006 (113484774.000.000) 2023-04-02 01:53:25 Image size of job updated: 4795816
	1239  -  MemoryUsage of job (MB)
	1268496  -  ResidentSetSize of job (KB)
...
006 (113484774.000.000) 2023-04-02 02:03:26 Image size of job updated: 4797464
	1239  -  MemoryUsage of job (MB)
	1268496  -  ResidentSetSize of job (KB)
...
006 (113484774.000.000) 2023-04-02 02:23:28 Image size of job updated: 4805028
	1239  -  MemoryUsage of job (MB)
	1268496  -  ResidentSetSize of job (KB)
...
006 (113484774.000.000) 2023-04-02 02:38:29 Image size of job updated: 4845060
	1264  -  MemoryUsage of job (MB)
	1293700  -  ResidentSetSize of job (KB)
...
006 (113484774.000.000) 2023-04-02 02:43:30 Image size of job updated: 4845060
	1266  -  MemoryUsage of job (MB)
	1296316  -  ResidentSetSize of job (KB)
...
006 (113484774.000.000) 2023-04-02 03:33:35 Image size of job updated: 4882636
	1273  -  MemoryUsage of job (MB)
	1303240  -  ResidentSetSize of job (KB)
...
006 (113484774.000.000) 2023-04-02 03:38:35 Image size of job updated: 4882636
	1277  -  MemoryUsage of job (MB)
	1306684  -  ResidentSetSize of job (KB)
...
006 (113484774.000.000) 2023-04-02 03:43:36 Image size of job updated: 4882636
	1284  -  MemoryUsage of job (MB)
	1314692  -  ResidentSetSize of job (KB)
...
006 (113484774.000.000) 2023-04-02 04:38:42 Image size of job updated: 4882636
	1299  -  MemoryUsage of job (MB)
	1329336  -  ResidentSetSize of job (KB)
...
006 (113484774.000.000) 2023-04-02 04:48:42 Image size of job updated: 4882636
	1303  -  MemoryUsage of job (MB)
	1333500  -  ResidentSetSize of job (KB)
...
006 (113484774.000.000) 2023-04-02 05:13:45 Image size of job updated: 4931804
	1316  -  MemoryUsage of job (MB)
	1347164  -  ResidentSetSize of job (KB)
...
006 (113484774.000.000) 2023-04-02 06:38:53 Image size of job updated: 4931804
	1328  -  MemoryUsage of job (MB)
	1359328  -  ResidentSetSize of job (KB)
...
006 (113484774.000.000) 2023-04-02 06:43:53 Image size of job updated: 4931804
	1334  -  MemoryUsage of job (MB)
	1365644  -  ResidentSetSize of job (KB)
...
006 (113484774.000.000) 2023-04-02 07:13:57 Image size of job updated: 4931804
	1445  -  MemoryUsage of job (MB)
	1478804  -  ResidentSetSize of job (KB)
...
006 (113484774.000.000) 2023-04-02 08:04:01 Image size of job updated: 4955544
	1445  -  MemoryUsage of job (MB)
	1478804  -  ResidentSetSize of job (KB)
...
006 (113484774.000.000) 2023-04-02 08:24:02 Image size of job updated: 4965140
	1445  -  MemoryUsage of job (MB)
	1478804  -  ResidentSetSize of job (KB)
...
006 (113484774.000.000) 2023-04-02 08:39:04 Image size of job updated: 4971852
	1445  -  MemoryUsage of job (MB)
	1478804  -  ResidentSetSize of job (KB)
...
006 (113484774.000.000) 2023-04-02 09:24:10 Image size of job updated: 4990112
	1445  -  MemoryUsage of job (MB)
	1478804  -  ResidentSetSize of job (KB)
...
006 (113484774.000.000) 2023-04-02 09:39:12 Image size of job updated: 4995236
	1445  -  MemoryUsage of job (MB)
	1478804  -  ResidentSetSize of job (KB)
...
006 (113484774.000.000) 2023-04-02 09:54:13 Image size of job updated: 4998756
	1445  -  MemoryUsage of job (MB)
	1478804  -  ResidentSetSize of job (KB)
...
006 (113484774.000.000) 2023-04-02 10:29:17 Image size of job updated: 5013988
	1445  -  MemoryUsage of job (MB)
	1478804  -  ResidentSetSize of job (KB)
...
006 (113484774.000.000) 2023-04-02 11:09:20 Image size of job updated: 5044288
	1445  -  MemoryUsage of job (MB)
	1478804  -  ResidentSetSize of job (KB)
...
006 (113484774.000.000) 2023-04-02 11:24:21 Image size of job updated: 5052240
	1445  -  MemoryUsage of job (MB)
	1478804  -  ResidentSetSize of job (KB)
...
006 (113484774.000.000) 2023-04-02 11:54:25 Image size of job updated: 5055620
	1445  -  MemoryUsage of job (MB)
	1478804  -  ResidentSetSize of job (KB)
...
006 (113484774.000.000) 2023-04-02 12:19:27 Image size of job updated: 5064848
	1445  -  MemoryUsage of job (MB)
	1478804  -  ResidentSetSize of job (KB)
...
006 (113484774.000.000) 2023-04-02 12:59:32 Image size of job updated: 5064848
	1462  -  MemoryUsage of job (MB)
	1496172  -  ResidentSetSize of job (KB)
...
006 (113484774.000.000) 2023-04-02 13:04:32 Image size of job updated: 5064848
	1464  -  MemoryUsage of job (MB)
	1498224  -  ResidentSetSize of job (KB)
...
006 (113484774.000.000) 2023-04-02 13:39:36 Image size of job updated: 5116108
	1464  -  MemoryUsage of job (MB)
	1498224  -  ResidentSetSize of job (KB)
...
006 (113484774.000.000) 2023-04-02 13:44:36 Image size of job updated: 5116108
	1469  -  MemoryUsage of job (MB)
	1503712  -  ResidentSetSize of job (KB)
...
006 (113484774.000.000) 2023-04-02 13:54:37 Image size of job updated: 5116108
	1472  -  MemoryUsage of job (MB)
	1506332  -  ResidentSetSize of job (KB)
...
006 (113484774.000.000) 2023-04-02 14:29:41 Image size of job updated: 5130952
	1476  -  MemoryUsage of job (MB)
	1510408  -  ResidentSetSize of job (KB)
...
006 (113484774.000.000) 2023-04-02 14:34:41 Image size of job updated: 5130952
	1480  -  MemoryUsage of job (MB)
	1515224  -  ResidentSetSize of job (KB)
...
006 (113484774.000.000) 2023-04-02 14:44:42 Image size of job updated: 5132592
	1480  -  MemoryUsage of job (MB)
	1515224  -  ResidentSetSize of job (KB)
...
004 (113484774.000.000) 2023-04-02 14:44:47 Job was evicted.
	(0) CPU times
		Usr 2 19:51:42, Sys 0 00:05:44  -  Run Remote Usage
		Usr 0 00:00:00, Sys 0 00:00:00  -  Run Local Usage
	0  -  Run Bytes Sent By Job
	381  -  Run Bytes Received By Job
	Partitionable Resources :    Usage  Request Allocated 
	   Cpus                 :     1.77        1         1 
	   Disk (KB)            :  1692      500000    624256 
	   GPUs                 :                           0 
	   Memory (MB)          :  1480       20000     20096 
...
040 (113484774.000.000) 2023-04-02 14:45:16 Started transferring input files
	Transferring to host: <10.14.10.22:9618?addrs=10.14.10.22-9618&alias=node2272.cluster.ldas.cit&noUDP&sock=slot1_8_1438962_a74c_23244>
...
040 (113484774.000.000) 2023-04-02 14:45:16 Finished transferring input files
...
001 (113484774.000.000) 2023-04-02 14:45:17 Job executing on host: <10.14.10.22:9618?addrs=10.14.10.22-9618&alias=node2272.cluster.ldas.cit&noUDP&sock=startd_3447233_b01c>
...
006 (113484774.000.000) 2023-04-03 06:52:08 Image size of job updated: 7500000
	1755  -  MemoryUsage of job (MB)
	1796276  -  ResidentSetSize of job (KB)
...
004 (113484774.000.000) 2023-04-03 15:08:03 Job was evicted.
	(0) CPU times
		Usr 2 23:23:36, Sys 0 00:06:48  -  Run Remote Usage
		Usr 0 00:00:00, Sys 0 00:00:00  -  Run Local Usage
	0  -  Run Bytes Sent By Job
	381  -  Run Bytes Received By Job
	Partitionable Resources :    Usage  Request Allocated 
	   Cpus                 :     0.98        1         1 
	   Disk (KB)            :   811      500000    575285 
	   GPUs                 :                           0 
	   Memory (MB)          :  1755       20000     20096 
...
040 (113484774.000.000) 2023-04-03 15:14:43 Started transferring input files
	Transferring to host: <10.14.10.64:9618?addrs=10.14.10.64-9618&alias=node2314.cluster.ldas.cit&noUDP&sock=slot1_18_3432305_1f8f_11590>
...
040 (113484774.000.000) 2023-04-03 15:14:43 Finished transferring input files
...
001 (113484774.000.000) 2023-04-03 15:14:44 Job executing on host: <10.14.10.64:9618?addrs=10.14.10.64-9618&alias=node2314.cluster.ldas.cit&noUDP&sock=startd_3432263_8359>
...
004 (113484774.000.000) 2023-04-04 13:15:34 Job was evicted.
	(0) CPU times
		Usr 2 04:02:23, Sys 0 00:04:09  -  Run Remote Usage
		Usr 0 00:00:00, Sys 0 00:00:00  -  Run Local Usage
	0  -  Run Bytes Sent By Job
	381  -  Run Bytes Received By Job
	Partitionable Resources :    Usage  Request Allocated 
	   Cpus                 :     0.99        1         1 
	   Disk (KB)            :   226      500000    624256 
	   GPUs                 :                           0 
	   Memory (MB)          :  1954       20000     20096 
...
040 (113484774.000.000) 2023-04-04 14:01:11 Started transferring input files
	Transferring to host: <10.14.10.118:9618?addrs=10.14.10.118-9618&alias=node2368.cluster.ldas.cit&noUDP&sock=slot1_7_881045_a7cc_11>
...
040 (113484774.000.000) 2023-04-04 14:01:11 Finished transferring input files
...
001 (113484774.000.000) 2023-04-04 14:01:12 Job executing on host: <10.14.10.118:9618?addrs=10.14.10.118-9618&alias=node2368.cluster.ldas.cit&noUDP&sock=startd_881003_5b98>
...
006 (113484774.000.000) 2023-04-05 13:23:44 Image size of job updated: 7500000
	2128  -  MemoryUsage of job (MB)
	2178692  -  ResidentSetSize of job (KB)
...
004 (113484774.000.000) 2023-04-05 14:01:37 Job was evicted.
	(0) CPU times
		Usr 2 18:06:16, Sys 0 00:02:34  -  Run Remote Usage
		Usr 0 00:00:00, Sys 0 00:00:00  -  Run Local Usage
	0  -  Run Bytes Sent By Job
	381  -  Run Bytes Received By Job
	Partitionable Resources :    Usage  Request Allocated 
	   Cpus                 :     0.99        1         1 
	   Disk (KB)            :   280      500000    624256 
	   GPUs                 :                           0 
	   Memory (MB)          :  2128       20000     20096 
...
022 (113484774.000.000) 2023-04-05 14:05:31 Job disconnected, attempting to reconnect
    Socket between submit and execute hosts closed unexpectedly
    Trying to reconnect to slot1_3@node2199.cluster.ldas.cit <10.14.9.199:9618?addrs=10.14.9.199-9618&alias=node2199.cluster.ldas.cit&noUDP&sock=startd_3766_bdc1>
...
024 (113484774.000.000) 2023-04-05 14:05:39 Job reconnection failed
    Job not found at execution machine
    Can not reconnect to slot1_3@node2199.cluster.ldas.cit, rescheduling job
...
040 (113484774.000.000) 2023-04-05 14:06:53 Started transferring input files
	Transferring to host: <10.14.10.130:9618?addrs=10.14.10.130-9618&alias=node2380.cluster.ldas.cit&noUDP&sock=slot1_11_1829776_78a0_33270>
...
040 (113484774.000.000) 2023-04-05 14:06:53 Finished transferring input files
...
001 (113484774.000.000) 2023-04-05 14:06:54 Job executing on host: <10.14.10.130:9618?addrs=10.14.10.130-9618&alias=node2380.cluster.ldas.cit&noUDP&sock=startd_4128_0b0a>
...
004 (113484774.000.000) 2023-04-06 14:15:43 Job was evicted.
	(0) CPU times
		Usr 2 14:57:39, Sys 0 00:02:58  -  Run Remote Usage
		Usr 0 00:00:00, Sys 0 00:00:00  -  Run Local Usage
	0  -  Run Bytes Sent By Job
	381  -  Run Bytes Received By Job
	Partitionable Resources :    Usage  Request Allocated 
	   Cpus                 :     6.80        1         1 
	   Disk (KB)            :   324      500000    624256 
	   GPUs                 :                           0 
	   Memory (MB)          :  2198       20000     20096 
...
040 (113484774.000.000) 2023-04-06 15:05:02 Started transferring input files
	Transferring to host: <10.14.9.71:9618?addrs=10.14.9.71-9618&alias=node2071.cluster.ldas.cit&noUDP&sock=slot1_3_4006320_9e5d_10837>
...
040 (113484774.000.000) 2023-04-06 15:05:02 Finished transferring input files
...
001 (113484774.000.000) 2023-04-06 15:05:03 Job executing on host: <10.14.9.71:9618?addrs=10.14.9.71-9618&alias=node2071.cluster.ldas.cit&noUDP&sock=startd_4006281_1dc6>
...
006 (113484774.000.000) 2023-04-07 12:22:22 Image size of job updated: 7500000
	2377  -  MemoryUsage of job (MB)
	2433820  -  ResidentSetSize of job (KB)
...
004 (113484774.000.000) 2023-04-07 15:45:20 Job was evicted.
	(0) CPU times
		Usr 2 12:26:07, Sys 0 00:06:26  -  Run Remote Usage
		Usr 0 00:00:00, Sys 0 00:00:00  -  Run Local Usage
	0  -  Run Bytes Sent By Job
	381  -  Run Bytes Received By Job
	Partitionable Resources :    Usage  Request Allocated 
	   Cpus                 :     0.99        1         1 
	   Disk (KB)            :   148      500000    609620 
	   GPUs                 :                           0 
	   Memory (MB)          :  2377       20000     20096 
...
040 (113484774.000.000) 2023-04-07 16:02:26 Started transferring input files
	Transferring to host: <10.14.10.135:9618?addrs=10.14.10.135-9618&alias=node2385.cluster.ldas.cit&noUDP&sock=slot1_28_678386_0e7b_55680>
...
040 (113484774.000.000) 2023-04-07 16:02:26 Finished transferring input files
...
001 (113484774.000.000) 2023-04-07 16:02:27 Job executing on host: <10.14.10.135:9618?addrs=10.14.10.135-9618&alias=node2385.cluster.ldas.cit&noUDP&sock=startd_4316_fed8>
...
006 (113484774.000.000) 2023-04-08 00:24:32 Image size of job updated: 12541624
	2442  -  MemoryUsage of job (MB)
	2500000  -  ResidentSetSize of job (KB)
...
040 (113484774.000.000) 2023-04-08 00:24:32 Started transferring output files
...
040 (113484774.000.000) 2023-04-08 00:24:32 Finished transferring output files
...
005 (113484774.000.000) 2023-04-08 00:24:32 Job terminated.
	(1) Normal termination (return value 0)
		Usr 1 01:18:24, Sys 0 00:00:59  -  Run Remote Usage
		Usr 0 00:00:00, Sys 0 00:00:00  -  Run Local Usage
		Usr 16 22:06:07, Sys 0 00:29:38  -  Total Remote Usage
		Usr 0 00:00:00, Sys 0 00:00:00  -  Total Local Usage
	86523  -  Run Bytes Sent By Job
	381  -  Run Bytes Received By Job
	86523  -  Total Bytes Sent By Job
	2667  -  Total Bytes Received By Job
	Partitionable Resources :    Usage  Request Allocated 
	   Cpus                 :     1.00        1         1 
	   Disk (KB)            :   108      500000    624256 
	   GPUs                 :                           0 
	   Memory (MB)          :  2442       20000     20096 

	Job terminated of its own accord at 2023-04-08T07:24:32Z with exit-code 0.
...
