000 (113450112.000.000) 2023-03-29 17:01:36 Job submitted from host: <10.14.0.160:9618?addrs=10.14.0.160-9618&alias=ldas-pcdev2.ligo.caltech.edu&noUDP&sock=schedd_7450_a8a7>
    DAG Node: 200
...
040 (113450112.000.000) 2023-03-29 17:44:54 Started transferring input files
	Transferring to host: <10.14.9.194:9618?addrs=10.14.9.194-9618&alias=node2194.cluster.ldas.cit&noUDP&sock=slot1_2_189911_3ac4_89159>
...
040 (113450112.000.000) 2023-03-29 17:44:54 Finished transferring input files
...
001 (113450112.000.000) 2023-03-29 17:44:55 Job executing on host: <10.14.9.194:9618?addrs=10.14.9.194-9618&alias=node2194.cluster.ldas.cit&noUDP&sock=startd_189641_87e3>
...
006 (113450112.000.000) 2023-03-29 17:44:55 Image size of job updated: 1
	0  -  MemoryUsage of job (MB)
	0  -  ResidentSetSize of job (KB)
...
040 (113450112.000.000) 2023-03-29 17:44:55 Started transferring output files
...
040 (113450112.000.000) 2023-03-29 17:44:55 Finished transferring output files
...
005 (113450112.000.000) 2023-03-29 17:44:55 Job terminated.
	(1) Normal termination (return value 127)
		Usr 0 00:00:00, Sys 0 00:00:00  -  Run Remote Usage
		Usr 0 00:00:00, Sys 0 00:00:00  -  Run Local Usage
		Usr 0 00:00:00, Sys 0 00:00:00  -  Total Remote Usage
		Usr 0 00:00:00, Sys 0 00:00:00  -  Total Local Usage
	407  -  Run Bytes Sent By Job
	375  -  Run Bytes Received By Job
	407  -  Total Bytes Sent By Job
	375  -  Total Bytes Received By Job
	Partitionable Resources :    Usage  Request Allocated 
	   Cpus                 :                 1         1 
	   Disk (KB)            :       14   500000    561711 
	   GPUs                 :                           0 
	   Memory (MB)          :        0    20000     20096 

	Job terminated of its own accord at 2023-03-30T00:44:55Z with exit-code 127.
...
000 (113471436.000.000) 2023-03-31 13:47:57 Job submitted from host: <10.14.0.160:9618?addrs=10.14.0.160-9618&alias=ldas-pcdev2.ligo.caltech.edu&noUDP&sock=schedd_7450_a8a7>
    DAG Node: 200
...
040 (113471436.000.000) 2023-03-31 14:25:10 Started transferring input files
	Transferring to host: <10.14.10.48:9618?addrs=10.14.10.48-9618&alias=node2298.cluster.ldas.cit&noUDP&sock=slot1_12_4158575_0a2c_30303>
...
040 (113471436.000.000) 2023-03-31 14:25:10 Finished transferring input files
...
001 (113471436.000.000) 2023-03-31 14:25:11 Job executing on host: <10.14.10.48:9618?addrs=10.14.10.48-9618&alias=node2298.cluster.ldas.cit&noUDP&sock=startd_156073_acc4>
...
006 (113471436.000.000) 2023-03-31 14:25:19 Image size of job updated: 3740872
	172  -  MemoryUsage of job (MB)
	175292  -  ResidentSetSize of job (KB)
...
006 (113471436.000.000) 2023-03-31 14:30:19 Image size of job updated: 3937656
	529  -  MemoryUsage of job (MB)
	540840  -  ResidentSetSize of job (KB)
...
006 (113471436.000.000) 2023-03-31 14:35:20 Image size of job updated: 3950908
	546  -  MemoryUsage of job (MB)
	558304  -  ResidentSetSize of job (KB)
...
006 (113471436.000.000) 2023-03-31 14:40:21 Image size of job updated: 4049324
	609  -  MemoryUsage of job (MB)
	623212  -  ResidentSetSize of job (KB)
...
006 (113471436.000.000) 2023-03-31 14:45:21 Image size of job updated: 4051212
	610  -  MemoryUsage of job (MB)
	624336  -  ResidentSetSize of job (KB)
...
006 (113471436.000.000) 2023-03-31 14:50:21 Image size of job updated: 4077368
	636  -  MemoryUsage of job (MB)
	650416  -  ResidentSetSize of job (KB)
...
006 (113471436.000.000) 2023-03-31 14:55:22 Image size of job updated: 4077368
	639  -  MemoryUsage of job (MB)
	653508  -  ResidentSetSize of job (KB)
...
006 (113471436.000.000) 2023-03-31 15:00:23 Image size of job updated: 4085080
	644  -  MemoryUsage of job (MB)
	659204  -  ResidentSetSize of job (KB)
...
006 (113471436.000.000) 2023-03-31 15:05:24 Image size of job updated: 4085080
	647  -  MemoryUsage of job (MB)
	661924  -  ResidentSetSize of job (KB)
...
006 (113471436.000.000) 2023-03-31 15:10:24 Image size of job updated: 4088912
	648  -  MemoryUsage of job (MB)
	663492  -  ResidentSetSize of job (KB)
...
006 (113471436.000.000) 2023-03-31 15:15:24 Image size of job updated: 4093644
	652  -  MemoryUsage of job (MB)
	667540  -  ResidentSetSize of job (KB)
...
006 (113471436.000.000) 2023-03-31 15:25:25 Image size of job updated: 4102432
	664  -  MemoryUsage of job (MB)
	679292  -  ResidentSetSize of job (KB)
...
006 (113471436.000.000) 2023-03-31 15:40:27 Image size of job updated: 4115600
	664  -  MemoryUsage of job (MB)
	679292  -  ResidentSetSize of job (KB)
...
006 (113471436.000.000) 2023-03-31 15:55:28 Image size of job updated: 4115600
	665  -  MemoryUsage of job (MB)
	680368  -  ResidentSetSize of job (KB)
...
006 (113471436.000.000) 2023-03-31 16:00:29 Image size of job updated: 4127336
	785  -  MemoryUsage of job (MB)
	803256  -  ResidentSetSize of job (KB)
...
006 (113471436.000.000) 2023-03-31 16:05:29 Image size of job updated: 4128288
	936  -  MemoryUsage of job (MB)
	958164  -  ResidentSetSize of job (KB)
...
006 (113471436.000.000) 2023-03-31 16:10:29 Image size of job updated: 4130060
	936  -  MemoryUsage of job (MB)
	958164  -  ResidentSetSize of job (KB)
...
006 (113471436.000.000) 2023-03-31 16:40:32 Image size of job updated: 4130060
	938  -  MemoryUsage of job (MB)
	960052  -  ResidentSetSize of job (KB)
...
006 (113471436.000.000) 2023-03-31 16:45:32 Image size of job updated: 4130492
	940  -  MemoryUsage of job (MB)
	961724  -  ResidentSetSize of job (KB)
...
006 (113471436.000.000) 2023-03-31 16:50:32 Image size of job updated: 4131448
	941  -  MemoryUsage of job (MB)
	963204  -  ResidentSetSize of job (KB)
...
006 (113471436.000.000) 2023-03-31 16:55:33 Image size of job updated: 4136408
	941  -  MemoryUsage of job (MB)
	963204  -  ResidentSetSize of job (KB)
...
006 (113471436.000.000) 2023-03-31 17:00:34 Image size of job updated: 4136408
	947  -  MemoryUsage of job (MB)
	969676  -  ResidentSetSize of job (KB)
...
006 (113471436.000.000) 2023-03-31 17:05:34 Image size of job updated: 4143468
	953  -  MemoryUsage of job (MB)
	975748  -  ResidentSetSize of job (KB)
...
006 (113471436.000.000) 2023-03-31 17:10:35 Image size of job updated: 4145964
	953  -  MemoryUsage of job (MB)
	975748  -  ResidentSetSize of job (KB)
...
006 (113471436.000.000) 2023-03-31 17:15:36 Image size of job updated: 4147776
	953  -  MemoryUsage of job (MB)
	975748  -  ResidentSetSize of job (KB)
...
006 (113471436.000.000) 2023-03-31 17:20:36 Image size of job updated: 4151800
	953  -  MemoryUsage of job (MB)
	975748  -  ResidentSetSize of job (KB)
...
006 (113471436.000.000) 2023-03-31 17:45:11 Image size of job updated: 4151800
	953  -  MemoryUsage of job (MB)
	975784  -  ResidentSetSize of job (KB)
...
006 (113471436.000.000) 2023-03-31 17:58:51 Image size of job updated: 4157032
	964  -  MemoryUsage of job (MB)
	986896  -  ResidentSetSize of job (KB)
...
006 (113471436.000.000) 2023-03-31 18:09:47 Image size of job updated: 4160008
	964  -  MemoryUsage of job (MB)
	986976  -  ResidentSetSize of job (KB)
...
006 (113471436.000.000) 2023-03-31 18:16:21 Image size of job updated: 4172464
	980  -  MemoryUsage of job (MB)
	1002604  -  ResidentSetSize of job (KB)
...
006 (113471436.000.000) 2023-03-31 18:21:21 Image size of job updated: 4173736
	980  -  MemoryUsage of job (MB)
	1002604  -  ResidentSetSize of job (KB)
...
006 (113471436.000.000) 2023-03-31 18:26:22 Image size of job updated: 4175084
	980  -  MemoryUsage of job (MB)
	1002604  -  ResidentSetSize of job (KB)
...
006 (113471436.000.000) 2023-03-31 18:56:25 Image size of job updated: 4177460
	980  -  MemoryUsage of job (MB)
	1002932  -  ResidentSetSize of job (KB)
...
006 (113471436.000.000) 2023-03-31 19:01:25 Image size of job updated: 4178464
	980  -  MemoryUsage of job (MB)
	1002932  -  ResidentSetSize of job (KB)
...
006 (113471436.000.000) 2023-03-31 19:06:26 Image size of job updated: 4194676
	998  -  MemoryUsage of job (MB)
	1021712  -  ResidentSetSize of job (KB)
...
006 (113471436.000.000) 2023-03-31 19:11:27 Image size of job updated: 4195612
	1000  -  MemoryUsage of job (MB)
	1023868  -  ResidentSetSize of job (KB)
...
006 (113471436.000.000) 2023-03-31 19:16:27 Image size of job updated: 4202524
	1000  -  MemoryUsage of job (MB)
	1023868  -  ResidentSetSize of job (KB)
...
006 (113471436.000.000) 2023-03-31 19:41:30 Image size of job updated: 4205456
	1013  -  MemoryUsage of job (MB)
	1036328  -  ResidentSetSize of job (KB)
...
006 (113471436.000.000) 2023-03-31 19:46:31 Image size of job updated: 4209496
	1013  -  MemoryUsage of job (MB)
	1036328  -  ResidentSetSize of job (KB)
...
006 (113471436.000.000) 2023-03-31 19:51:31 Image size of job updated: 4217548
	1013  -  MemoryUsage of job (MB)
	1036328  -  ResidentSetSize of job (KB)
...
006 (113471436.000.000) 2023-03-31 19:56:31 Image size of job updated: 4220992
	1023  -  MemoryUsage of job (MB)
	1046976  -  ResidentSetSize of job (KB)
...
006 (113471436.000.000) 2023-03-31 20:01:32 Image size of job updated: 4221852
	1023  -  MemoryUsage of job (MB)
	1046976  -  ResidentSetSize of job (KB)
...
006 (113471436.000.000) 2023-03-31 20:06:33 Image size of job updated: 4225280
	1028  -  MemoryUsage of job (MB)
	1051920  -  ResidentSetSize of job (KB)
...
006 (113471436.000.000) 2023-03-31 20:11:33 Image size of job updated: 4225280
	1031  -  MemoryUsage of job (MB)
	1055172  -  ResidentSetSize of job (KB)
...
006 (113471436.000.000) 2023-03-31 20:16:33 Image size of job updated: 4227488
	1032  -  MemoryUsage of job (MB)
	1056360  -  ResidentSetSize of job (KB)
...
006 (113471436.000.000) 2023-03-31 20:21:35 Image size of job updated: 4228076
	1032  -  MemoryUsage of job (MB)
	1056360  -  ResidentSetSize of job (KB)
...
006 (113471436.000.000) 2023-03-31 20:36:36 Image size of job updated: 4230244
	1032  -  MemoryUsage of job (MB)
	1056360  -  ResidentSetSize of job (KB)
...
006 (113471436.000.000) 2023-03-31 20:46:37 Image size of job updated: 4234228
	1033  -  MemoryUsage of job (MB)
	1056784  -  ResidentSetSize of job (KB)
...
006 (113471436.000.000) 2023-03-31 20:51:37 Image size of job updated: 4234228
	1034  -  MemoryUsage of job (MB)
	1058212  -  ResidentSetSize of job (KB)
...
006 (113471436.000.000) 2023-03-31 21:21:41 Image size of job updated: 4234272
	1034  -  MemoryUsage of job (MB)
	1058212  -  ResidentSetSize of job (KB)
...
006 (113471436.000.000) 2023-03-31 21:26:41 Image size of job updated: 4234272
	1039  -  MemoryUsage of job (MB)
	1063008  -  ResidentSetSize of job (KB)
...
006 (113471436.000.000) 2023-03-31 21:31:42 Image size of job updated: 4237856
	1039  -  MemoryUsage of job (MB)
	1063008  -  ResidentSetSize of job (KB)
...
006 (113471436.000.000) 2023-03-31 21:51:44 Image size of job updated: 4238496
	1048  -  MemoryUsage of job (MB)
	1072228  -  ResidentSetSize of job (KB)
...
006 (113471436.000.000) 2023-03-31 21:56:45 Image size of job updated: 4249600
	1048  -  MemoryUsage of job (MB)
	1072228  -  ResidentSetSize of job (KB)
...
006 (113471436.000.000) 2023-03-31 22:01:45 Image size of job updated: 4249600
	1051  -  MemoryUsage of job (MB)
	1075660  -  ResidentSetSize of job (KB)
...
006 (113471436.000.000) 2023-03-31 22:21:47 Image size of job updated: 4255972
	1061  -  MemoryUsage of job (MB)
	1085544  -  ResidentSetSize of job (KB)
...
006 (113471436.000.000) 2023-03-31 22:31:49 Image size of job updated: 4257176
	1061  -  MemoryUsage of job (MB)
	1085544  -  ResidentSetSize of job (KB)
...
006 (113471436.000.000) 2023-03-31 22:41:49 Image size of job updated: 4262176
	1061  -  MemoryUsage of job (MB)
	1085544  -  ResidentSetSize of job (KB)
...
006 (113471436.000.000) 2023-03-31 22:51:50 Image size of job updated: 4262176
	1062  -  MemoryUsage of job (MB)
	1086508  -  ResidentSetSize of job (KB)
...
006 (113471436.000.000) 2023-03-31 22:56:50 Image size of job updated: 4265148
	1071  -  MemoryUsage of job (MB)
	1095992  -  ResidentSetSize of job (KB)
...
006 (113471436.000.000) 2023-03-31 23:01:51 Image size of job updated: 4272888
	1071  -  MemoryUsage of job (MB)
	1095992  -  ResidentSetSize of job (KB)
...
006 (113471436.000.000) 2023-03-31 23:21:54 Image size of job updated: 4274720
	1073  -  MemoryUsage of job (MB)
	1098452  -  ResidentSetSize of job (KB)
...
006 (113471436.000.000) 2023-03-31 23:26:54 Image size of job updated: 4275820
	1083  -  MemoryUsage of job (MB)
	1108680  -  ResidentSetSize of job (KB)
...
006 (113471436.000.000) 2023-03-31 23:31:54 Image size of job updated: 4279556
	1083  -  MemoryUsage of job (MB)
	1108680  -  ResidentSetSize of job (KB)
...
006 (113471436.000.000) 2023-03-31 23:36:54 Image size of job updated: 4281084
	1083  -  MemoryUsage of job (MB)
	1108680  -  ResidentSetSize of job (KB)
...
006 (113471436.000.000) 2023-03-31 23:46:55 Image size of job updated: 4282628
	1083  -  MemoryUsage of job (MB)
	1108680  -  ResidentSetSize of job (KB)
...
006 (113471436.000.000) 2023-03-31 23:51:55 Image size of job updated: 4282940
	1083  -  MemoryUsage of job (MB)
	1108680  -  ResidentSetSize of job (KB)
...
006 (113471436.000.000) 2023-03-31 23:56:55 Image size of job updated: 4284924
	1091  -  MemoryUsage of job (MB)
	1116580  -  ResidentSetSize of job (KB)
...
006 (113471436.000.000) 2023-04-01 00:21:59 Image size of job updated: 4286416
	1092  -  MemoryUsage of job (MB)
	1118056  -  ResidentSetSize of job (KB)
...
006 (113471436.000.000) 2023-04-01 00:37:00 Image size of job updated: 4291344
	1093  -  MemoryUsage of job (MB)
	1118880  -  ResidentSetSize of job (KB)
...
006 (113471436.000.000) 2023-04-01 00:57:02 Image size of job updated: 4307420
	1110  -  MemoryUsage of job (MB)
	1136460  -  ResidentSetSize of job (KB)
...
006 (113471436.000.000) 2023-04-01 01:12:04 Image size of job updated: 4309084
	1110  -  MemoryUsage of job (MB)
	1136460  -  ResidentSetSize of job (KB)
...
006 (113471436.000.000) 2023-04-01 01:27:05 Image size of job updated: 4309216
	1110  -  MemoryUsage of job (MB)
	1136460  -  ResidentSetSize of job (KB)
...
006 (113471436.000.000) 2023-04-01 01:32:06 Image size of job updated: 4309216
	1112  -  MemoryUsage of job (MB)
	1138480  -  ResidentSetSize of job (KB)
...
006 (113471436.000.000) 2023-04-01 01:47:07 Image size of job updated: 4316280
	1112  -  MemoryUsage of job (MB)
	1138480  -  ResidentSetSize of job (KB)
...
006 (113471436.000.000) 2023-04-01 01:57:08 Image size of job updated: 4317256
	1122  -  MemoryUsage of job (MB)
	1148596  -  ResidentSetSize of job (KB)
...
006 (113471436.000.000) 2023-04-01 02:02:08 Image size of job updated: 4317888
	1122  -  MemoryUsage of job (MB)
	1148596  -  ResidentSetSize of job (KB)
...
006 (113471436.000.000) 2023-04-01 02:22:10 Image size of job updated: 4324704
	1127  -  MemoryUsage of job (MB)
	1153248  -  ResidentSetSize of job (KB)
...
006 (113471436.000.000) 2023-04-01 02:27:12 Image size of job updated: 4325356
	1127  -  MemoryUsage of job (MB)
	1153248  -  ResidentSetSize of job (KB)
...
006 (113471436.000.000) 2023-04-01 02:37:12 Image size of job updated: 4327172
	1127  -  MemoryUsage of job (MB)
	1153248  -  ResidentSetSize of job (KB)
...
006 (113471436.000.000) 2023-04-01 02:57:14 Image size of job updated: 4328552
	1127  -  MemoryUsage of job (MB)
	1153924  -  ResidentSetSize of job (KB)
...
006 (113471436.000.000) 2023-04-01 03:02:15 Image size of job updated: 4333636
	1127  -  MemoryUsage of job (MB)
	1153924  -  ResidentSetSize of job (KB)
...
006 (113471436.000.000) 2023-04-01 03:17:16 Image size of job updated: 4333636
	1128  -  MemoryUsage of job (MB)
	1154056  -  ResidentSetSize of job (KB)
...
006 (113471436.000.000) 2023-04-01 03:22:17 Image size of job updated: 4333636
	1129  -  MemoryUsage of job (MB)
	1155156  -  ResidentSetSize of job (KB)
...
006 (113471436.000.000) 2023-04-01 03:27:17 Image size of job updated: 4334160
	1129  -  MemoryUsage of job (MB)
	1155952  -  ResidentSetSize of job (KB)
...
006 (113471436.000.000) 2023-04-01 05:22:29 Image size of job updated: 4334160
	1134  -  MemoryUsage of job (MB)
	1160508  -  ResidentSetSize of job (KB)
...
006 (113471436.000.000) 2023-04-01 06:12:35 Image size of job updated: 4350596
	1156  -  MemoryUsage of job (MB)
	1182840  -  ResidentSetSize of job (KB)
...
006 (113471436.000.000) 2023-04-01 06:17:35 Image size of job updated: 4353264
	1156  -  MemoryUsage of job (MB)
	1182840  -  ResidentSetSize of job (KB)
...
006 (113471436.000.000) 2023-04-01 06:57:39 Image size of job updated: 4353424
	1156  -  MemoryUsage of job (MB)
	1182840  -  ResidentSetSize of job (KB)
...
006 (113471436.000.000) 2023-04-01 07:32:42 Image size of job updated: 4357944
	1156  -  MemoryUsage of job (MB)
	1182840  -  ResidentSetSize of job (KB)
...
006 (113471436.000.000) 2023-04-01 08:07:46 Image size of job updated: 4357944
	1158  -  MemoryUsage of job (MB)
	1185260  -  ResidentSetSize of job (KB)
...
006 (113471436.000.000) 2023-04-01 08:47:51 Image size of job updated: 4360464
	1158  -  MemoryUsage of job (MB)
	1185260  -  ResidentSetSize of job (KB)
...
006 (113471436.000.000) 2023-04-01 08:57:52 Image size of job updated: 4385548
	1188  -  MemoryUsage of job (MB)
	1215604  -  ResidentSetSize of job (KB)
...
006 (113471436.000.000) 2023-04-01 09:02:52 Image size of job updated: 4385688
	1188  -  MemoryUsage of job (MB)
	1215752  -  ResidentSetSize of job (KB)
...
006 (113471436.000.000) 2023-04-01 09:12:54 Image size of job updated: 4394124
	1188  -  MemoryUsage of job (MB)
	1215752  -  ResidentSetSize of job (KB)
...
006 (113471436.000.000) 2023-04-01 10:28:02 Image size of job updated: 4394124
	1195  -  MemoryUsage of job (MB)
	1222920  -  ResidentSetSize of job (KB)
...
006 (113471436.000.000) 2023-04-01 10:33:03 Image size of job updated: 4394124
	1200  -  MemoryUsage of job (MB)
	1227804  -  ResidentSetSize of job (KB)
...
006 (113471436.000.000) 2023-04-01 12:03:13 Image size of job updated: 4417984
	1200  -  MemoryUsage of job (MB)
	1227804  -  ResidentSetSize of job (KB)
...
006 (113471436.000.000) 2023-04-01 12:08:13 Image size of job updated: 4417984
	1200  -  MemoryUsage of job (MB)
	1227940  -  ResidentSetSize of job (KB)
...
006 (113471436.000.000) 2023-04-01 12:48:16 Image size of job updated: 4417984
	1205  -  MemoryUsage of job (MB)
	1233208  -  ResidentSetSize of job (KB)
...
004 (113471436.000.000) 2023-04-01 14:40:59 Job was evicted.
	(0) CPU times
		Usr 3 19:24:30, Sys 0 00:06:32  -  Run Remote Usage
		Usr 0 00:00:00, Sys 0 00:00:00  -  Run Local Usage
	0  -  Run Bytes Sent By Job
	375  -  Run Bytes Received By Job
	Partitionable Resources :    Usage  Request Allocated 
	   Cpus                 :     1.92        1         1 
	   Disk (KB)            :   627      500000    624256 
	   GPUs                 :                           0 
	   Memory (MB)          :  1205       20000     20096 
...
040 (113471436.000.000) 2023-04-01 14:42:59 Started transferring input files
	Transferring to host: <10.14.9.101:9618?addrs=10.14.9.101-9618&alias=node2101.cluster.ldas.cit&noUDP&sock=slot1_5_3900390_59c9_2303>
...
040 (113471436.000.000) 2023-04-01 14:42:59 Finished transferring input files
...
001 (113471436.000.000) 2023-04-01 14:43:00 Job executing on host: <10.14.9.101:9618?addrs=10.14.9.101-9618&alias=node2101.cluster.ldas.cit&noUDP&sock=startd_3900347_341a>
...
006 (113471436.000.000) 2023-04-02 03:44:25 Image size of job updated: 4500000
	1226  -  MemoryUsage of job (MB)
	1254456  -  ResidentSetSize of job (KB)
...
006 (113471436.000.000) 2023-04-02 03:49:26 Image size of job updated: 4500000
	1227  -  MemoryUsage of job (MB)
	1255572  -  ResidentSetSize of job (KB)
...
006 (113471436.000.000) 2023-04-02 03:54:27 Image size of job updated: 4500000
	1232  -  MemoryUsage of job (MB)
	1260668  -  ResidentSetSize of job (KB)
...
006 (113471436.000.000) 2023-04-02 04:59:33 Image size of job updated: 4500000
	1237  -  MemoryUsage of job (MB)
	1266540  -  ResidentSetSize of job (KB)
...
006 (113471436.000.000) 2023-04-02 07:44:51 Image size of job updated: 10208524
	1237  -  MemoryUsage of job (MB)
	1266540  -  ResidentSetSize of job (KB)
...
040 (113471436.000.000) 2023-04-02 07:45:45 Started transferring output files
...
040 (113471436.000.000) 2023-04-02 07:45:45 Finished transferring output files
...
005 (113471436.000.000) 2023-04-02 07:45:45 Job terminated.
	(1) Normal termination (return value 0)
		Usr 2 21:19:26, Sys 0 00:02:43  -  Run Remote Usage
		Usr 0 00:00:00, Sys 0 00:00:00  -  Run Local Usage
		Usr 6 16:43:56, Sys 0 00:09:15  -  Total Remote Usage
		Usr 0 00:00:00, Sys 0 00:00:00  -  Total Local Usage
	264051  -  Run Bytes Sent By Job
	375  -  Run Bytes Received By Job
	264051  -  Total Bytes Sent By Job
	750  -  Total Bytes Received By Job
	Partitionable Resources :    Usage  Request Allocated 
	   Cpus                 :     0.99        1         1 
	   Disk (KB)            :   281      500000    609611 
	   GPUs                 :                           0 
	   Memory (MB)          :  1237       20000     20096 

	Job terminated of its own accord at 2023-04-02T14:45:45Z with exit-code 0.
...
