14:47 bilby INFO    : Waveform generator initiated with
  frequency_domain_source_model: bilby.gw.source.lal_binary_black_hole
  time_domain_source_model: None
  parameter_conversion: bilby.gw.conversion.convert_to_lal_binary_black_hole_parameters
14:47 bilby INFO    : Injected signal in H1:
14:47 bilby INFO    :   optimal SNR = 8.31
14:47 bilby INFO    :   matched filter SNR = 5.90-0.14j
14:47 bilby INFO    :   mass_1 = 71.7799633108316
14:47 bilby INFO    :   mass_2 = 46.9631051570596
14:47 bilby INFO    :   a_1 = 0.07719100473936709
14:47 bilby INFO    :   a_2 = 0.11908206032222894
14:47 bilby INFO    :   tilt_1 = 2.3638741242396923
14:47 bilby INFO    :   tilt_2 = 1.2342434649469352
14:47 bilby INFO    :   phi_12 = 4.949987628163741
14:47 bilby INFO    :   phi_jl = 2.010812961946404
14:47 bilby INFO    :   luminosity_distance = 2907.8506233393
14:47 bilby INFO    :   theta_jn = 0.3805568280120227
14:47 bilby INFO    :   psi = 4.4145224808
14:47 bilby INFO    :   phase = 0.43699976150000003
14:47 bilby INFO    :   geocent_time = 1126259642.413
14:47 bilby INFO    :   ra = 2.4505229825
14:47 bilby INFO    :   dec = 2.3693465138
14:47 bilby INFO    : Injected signal in L1:
14:47 bilby INFO    :   optimal SNR = 5.50
14:47 bilby INFO    :   matched filter SNR = 5.19-0.86j
14:47 bilby INFO    :   mass_1 = 71.7799633108316
14:47 bilby INFO    :   mass_2 = 46.9631051570596
14:47 bilby INFO    :   a_1 = 0.07719100473936709
14:47 bilby INFO    :   a_2 = 0.11908206032222894
14:47 bilby INFO    :   tilt_1 = 2.3638741242396923
14:47 bilby INFO    :   tilt_2 = 1.2342434649469352
14:47 bilby INFO    :   phi_12 = 4.949987628163741
14:47 bilby INFO    :   phi_jl = 2.010812961946404
14:47 bilby INFO    :   luminosity_distance = 2907.8506233393
14:47 bilby INFO    :   theta_jn = 0.3805568280120227
14:47 bilby INFO    :   psi = 4.4145224808
14:47 bilby INFO    :   phase = 0.43699976150000003
14:47 bilby INFO    :   geocent_time = 1126259642.413
14:47 bilby INFO    :   ra = 2.4505229825
14:47 bilby INFO    :   dec = 2.3693465138
14:47 bilby INFO    : Injected signal in V1:
14:47 bilby INFO    :   optimal SNR = 2.55
14:47 bilby INFO    :   matched filter SNR = 3.72+1.84j
14:47 bilby INFO    :   mass_1 = 71.7799633108316
14:47 bilby INFO    :   mass_2 = 46.9631051570596
14:47 bilby INFO    :   a_1 = 0.07719100473936709
14:47 bilby INFO    :   a_2 = 0.11908206032222894
14:47 bilby INFO    :   tilt_1 = 2.3638741242396923
14:47 bilby INFO    :   tilt_2 = 1.2342434649469352
14:47 bilby INFO    :   phi_12 = 4.949987628163741
14:47 bilby INFO    :   phi_jl = 2.010812961946404
14:47 bilby INFO    :   luminosity_distance = 2907.8506233393
14:47 bilby INFO    :   theta_jn = 0.3805568280120227
14:47 bilby INFO    :   psi = 4.4145224808
14:47 bilby INFO    :   phase = 0.43699976150000003
14:47 bilby INFO    :   geocent_time = 1126259642.413
14:47 bilby INFO    :   ra = 2.4505229825
14:47 bilby INFO    :   dec = 2.3693465138
14:47 bilby INFO    : Running for label 'job_00658_justSpin', output will be saved to '/home/simona.miller/comp-spin-mock-injections/Data/IndividualInferenceOutput/new_bilby/population3_lowSpinAligned_highmass'
14:47 bilby INFO    : Using lal version 7.3.0
14:47 bilby INFO    : Using lal git version Branch: None;Tag: lalsuite-v7.13;Id: ec1fcb1d2d1dab69321fdb8f0afef1f867b11e06;;Builder: Unknown User <>;Repository status: UNCLEAN: Modified working tree
14:47 bilby INFO    : Using lalsimulation version 5.0.0
14:47 bilby INFO    : Using lalsimulation git version Branch: None;Tag: lalsuite-v7.13;Id: ec1fcb1d2d1dab69321fdb8f0afef1f867b11e06;;Builder: Unknown User <>;Repository status: UNCLEAN: Modified working tree
14:47 bilby INFO    : Analysis priors:
14:47 bilby INFO    : a_1=Uniform(minimum=0, maximum=0.99, name='a_1', latex_label='$a_1$', unit=None, boundary=None)
14:47 bilby INFO    : a_2=Uniform(minimum=0, maximum=0.99, name='a_2', latex_label='$a_2$', unit=None, boundary=None)
14:47 bilby INFO    : tilt_1=Sine(minimum=0, maximum=3.141592653589793, name='tilt_1', latex_label='$\\theta_1$', unit=None, boundary=None)
14:47 bilby INFO    : tilt_2=Sine(minimum=0, maximum=3.141592653589793, name='tilt_2', latex_label='$\\theta_2$', unit=None, boundary=None)
14:47 bilby INFO    : ra=2.4505229825
14:47 bilby INFO    : dec=2.3693465138
14:47 bilby INFO    : geocent_time=1126259642.413
14:47 bilby INFO    : phase=0.43699976150000003
14:47 bilby INFO    : psi=4.4145224808
14:47 bilby INFO    : luminosity_distance=2907.8506233393
14:47 bilby INFO    : theta_jn=0.3805568280120227
14:47 bilby INFO    : mass_1=71.7799633108316
14:47 bilby INFO    : mass_2=46.9631051570596
14:47 bilby INFO    : phi_12=4.949987628163741
14:47 bilby INFO    : phi_jl=2.010812961946404
14:47 bilby INFO    : Analysis likelihood class: <class 'bilby.gw.likelihood.base.GravitationalWaveTransient'>
14:47 bilby INFO    : Analysis likelihood noise evidence: -24036.14391814481
14:47 bilby INFO    : Single likelihood evaluation took 1.679e-02 s
14:47 bilby INFO    : Using sampler Dynesty with kwargs {'nlive': 2000, 'bound': 'live', 'sample': 'act-walk', 'periodic': None, 'reflective': None, 'update_interval': 600, 'first_update': None, 'npdim': None, 'rstate': None, 'queue_size': 8, 'pool': None, 'use_pool': None, 'live_points': None, 'logl_args': None, 'logl_kwargs': None, 'ptform_args': None, 'ptform_kwargs': None, 'gradient': None, 'grad_args': None, 'grad_kwargs': None, 'compute_jac': False, 'enlarge': None, 'bootstrap': None, 'walks': 100, 'facc': 0.2, 'slices': None, 'fmove': 0.9, 'max_move': 100, 'update_func': None, 'ncdim': None, 'blob': False, 'save_history': False, 'history_filename': None, 'maxiter': None, 'maxcall': None, 'dlogz': 0.1, 'logl_max': inf, 'n_effective': None, 'add_live': True, 'print_progress': True, 'print_func': <bound method Dynesty._print_func of <bilby.core.sampler.dynesty.Dynesty object at 0x15080ff83190>>, 'save_bounds': False, 'checkpoint_file': None, 'checkpoint_every': 60, 'resume': False}
14:47 bilby INFO    : Checkpoint every check_point_delta_t = 600s
14:47 bilby INFO    : Using dynesty version 2.1.0
14:47 bilby INFO    : Using the bilby-implemented rwalk sampling tracking the autocorrelation function and thinning by 5 with maximum length 25000
14:47 bilby INFO    : Setting up multiproccesing pool with 8 processes
14:47 bilby INFO    : Resume file /home/simona.miller/comp-spin-mock-injections/Data/IndividualInferenceOutput/new_bilby/population3_lowSpinAligned_highmass/job_00658_justSpin_resume.pickle does not exist.
14:47 bilby INFO    : Generating initial points from the prior
14:58 bilby INFO    : Written checkpoint file /home/simona.miller/comp-spin-mock-injections/Data/IndividualInferenceOutput/new_bilby/population3_lowSpinAligned_highmass/job_00658_justSpin_resume.pickle
15:08 bilby INFO    : Written checkpoint file /home/simona.miller/comp-spin-mock-injections/Data/IndividualInferenceOutput/new_bilby/population3_lowSpinAligned_highmass/job_00658_justSpin_resume.pickle
15:20 bilby INFO    : Written checkpoint file /home/simona.miller/comp-spin-mock-injections/Data/IndividualInferenceOutput/new_bilby/population3_lowSpinAligned_highmass/job_00658_justSpin_resume.pickle
15:34 bilby INFO    : Written checkpoint file /home/simona.miller/comp-spin-mock-injections/Data/IndividualInferenceOutput/new_bilby/population3_lowSpinAligned_highmass/job_00658_justSpin_resume.pickle
15:48 bilby INFO    : Written checkpoint file /home/simona.miller/comp-spin-mock-injections/Data/IndividualInferenceOutput/new_bilby/population3_lowSpinAligned_highmass/job_00658_justSpin_resume.pickle
16:07 bilby INFO    : Written checkpoint file /home/simona.miller/comp-spin-mock-injections/Data/IndividualInferenceOutput/new_bilby/population3_lowSpinAligned_highmass/job_00658_justSpin_resume.pickle
16:17 bilby INFO    : Written checkpoint file /home/simona.miller/comp-spin-mock-injections/Data/IndividualInferenceOutput/new_bilby/population3_lowSpinAligned_highmass/job_00658_justSpin_resume.pickle
16:31 bilby INFO    : Written checkpoint file /home/simona.miller/comp-spin-mock-injections/Data/IndividualInferenceOutput/new_bilby/population3_lowSpinAligned_highmass/job_00658_justSpin_resume.pickle
16:42 bilby INFO    : Written checkpoint file /home/simona.miller/comp-spin-mock-injections/Data/IndividualInferenceOutput/new_bilby/population3_lowSpinAligned_highmass/job_00658_justSpin_resume.pickle
16:53 bilby INFO    : Written checkpoint file /home/simona.miller/comp-spin-mock-injections/Data/IndividualInferenceOutput/new_bilby/population3_lowSpinAligned_highmass/job_00658_justSpin_resume.pickle
17:03 bilby INFO    : Written checkpoint file /home/simona.miller/comp-spin-mock-injections/Data/IndividualInferenceOutput/new_bilby/population3_lowSpinAligned_highmass/job_00658_justSpin_resume.pickle
17:16 bilby INFO    : Written checkpoint file /home/simona.miller/comp-spin-mock-injections/Data/IndividualInferenceOutput/new_bilby/population3_lowSpinAligned_highmass/job_00658_justSpin_resume.pickle
17:38 bilby INFO    : Written checkpoint file /home/simona.miller/comp-spin-mock-injections/Data/IndividualInferenceOutput/new_bilby/population3_lowSpinAligned_highmass/job_00658_justSpin_resume.pickle
17:52 bilby INFO    : Written checkpoint file /home/simona.miller/comp-spin-mock-injections/Data/IndividualInferenceOutput/new_bilby/population3_lowSpinAligned_highmass/job_00658_justSpin_resume.pickle
18:05 bilby INFO    : Written checkpoint file /home/simona.miller/comp-spin-mock-injections/Data/IndividualInferenceOutput/new_bilby/population3_lowSpinAligned_highmass/job_00658_justSpin_resume.pickle
18:16 bilby INFO    : Written checkpoint file /home/simona.miller/comp-spin-mock-injections/Data/IndividualInferenceOutput/new_bilby/population3_lowSpinAligned_highmass/job_00658_justSpin_resume.pickle
18:27 bilby INFO    : Written checkpoint file /home/simona.miller/comp-spin-mock-injections/Data/IndividualInferenceOutput/new_bilby/population3_lowSpinAligned_highmass/job_00658_justSpin_resume.pickle
18:39 bilby INFO    : Written checkpoint file /home/simona.miller/comp-spin-mock-injections/Data/IndividualInferenceOutput/new_bilby/population3_lowSpinAligned_highmass/job_00658_justSpin_resume.pickle
19:01 bilby INFO    : Written checkpoint file /home/simona.miller/comp-spin-mock-injections/Data/IndividualInferenceOutput/new_bilby/population3_lowSpinAligned_highmass/job_00658_justSpin_resume.pickle
19:12 bilby INFO    : Written checkpoint file /home/simona.miller/comp-spin-mock-injections/Data/IndividualInferenceOutput/new_bilby/population3_lowSpinAligned_highmass/job_00658_justSpin_resume.pickle
19:22 bilby INFO    : Written checkpoint file /home/simona.miller/comp-spin-mock-injections/Data/IndividualInferenceOutput/new_bilby/population3_lowSpinAligned_highmass/job_00658_justSpin_resume.pickle
19:38 bilby INFO    : Written checkpoint file /home/simona.miller/comp-spin-mock-injections/Data/IndividualInferenceOutput/new_bilby/population3_lowSpinAligned_highmass/job_00658_justSpin_resume.pickle
19:50 bilby INFO    : Written checkpoint file /home/simona.miller/comp-spin-mock-injections/Data/IndividualInferenceOutput/new_bilby/population3_lowSpinAligned_highmass/job_00658_justSpin_resume.pickle
20:18 bilby INFO    : Written checkpoint file /home/simona.miller/comp-spin-mock-injections/Data/IndividualInferenceOutput/new_bilby/population3_lowSpinAligned_highmass/job_00658_justSpin_resume.pickle
20:30 bilby INFO    : Written checkpoint file /home/simona.miller/comp-spin-mock-injections/Data/IndividualInferenceOutput/new_bilby/population3_lowSpinAligned_highmass/job_00658_justSpin_resume.pickle
20:41 bilby INFO    : Written checkpoint file /home/simona.miller/comp-spin-mock-injections/Data/IndividualInferenceOutput/new_bilby/population3_lowSpinAligned_highmass/job_00658_justSpin_resume.pickle
20:52 bilby INFO    : Written checkpoint file /home/simona.miller/comp-spin-mock-injections/Data/IndividualInferenceOutput/new_bilby/population3_lowSpinAligned_highmass/job_00658_justSpin_resume.pickle
21:05 bilby INFO    : Written checkpoint file /home/simona.miller/comp-spin-mock-injections/Data/IndividualInferenceOutput/new_bilby/population3_lowSpinAligned_highmass/job_00658_justSpin_resume.pickle
21:17 bilby INFO    : Written checkpoint file /home/simona.miller/comp-spin-mock-injections/Data/IndividualInferenceOutput/new_bilby/population3_lowSpinAligned_highmass/job_00658_justSpin_resume.pickle
21:17 bilby INFO    : Written checkpoint file /home/simona.miller/comp-spin-mock-injections/Data/IndividualInferenceOutput/new_bilby/population3_lowSpinAligned_highmass/job_00658_justSpin_resume.pickle
21:17 bilby INFO    : Starting to close worker pool.
21:17 bilby INFO    : Finished closing worker pool.
21:18 bilby INFO    : Rejection sampling nested samples to obtain 4937 posterior samples
21:18 bilby INFO    : Sampling time: 6:29:57.088467
21:18 bilby INFO    : Computing per-detector log likelihoods.
21:18 bilby INFO    : Using a pool with size 8 for nsamples=4937
21:19 bilby INFO    : Generating sky frame parameters.
21:19 bilby INFO    : Computing SNRs for every sample.
21:19 bilby INFO    : Using a pool with size 8 for nsamples=4937
21:19 bilby INFO    : Summary of results:
nsamples: 4937
ln_noise_evidence: -24036.144
ln_evidence: -24004.255 +/-  0.033
ln_bayes_factor: 31.889 +/-  0.033

