14:58 bilby INFO    : Waveform generator initiated with
  frequency_domain_source_model: bilby.gw.source.lal_binary_black_hole
  time_domain_source_model: None
  parameter_conversion: bilby.gw.conversion.convert_to_lal_binary_black_hole_parameters
14:58 bilby INFO    : Injected signal in H1:
14:58 bilby INFO    :   optimal SNR = 8.26
14:58 bilby INFO    :   matched filter SNR = 8.46+1.95j
14:58 bilby INFO    :   mass_1 = 69.29771898602505
14:58 bilby INFO    :   mass_2 = 37.49671937233784
14:58 bilby INFO    :   a_1 = 0.02760263297552612
14:58 bilby INFO    :   a_2 = 0.3046502415366642
14:58 bilby INFO    :   tilt_1 = 1.1192668274826538
14:58 bilby INFO    :   tilt_2 = 0.16140895955692092
14:58 bilby INFO    :   phi_12 = 1.4996566462959036
14:58 bilby INFO    :   phi_jl = 4.39027960894621
14:58 bilby INFO    :   luminosity_distance = 3084.8431473438
14:58 bilby INFO    :   theta_jn = 2.5420663044790044
14:58 bilby INFO    :   psi = 1.3118865221
14:58 bilby INFO    :   phase = 6.0383366169
14:58 bilby INFO    :   geocent_time = 1126259642.413
14:58 bilby INFO    :   ra = 3.2542113447
14:58 bilby INFO    :   dec = 2.2082070889
14:58 bilby INFO    : Injected signal in L1:
14:58 bilby INFO    :   optimal SNR = 8.18
14:58 bilby INFO    :   matched filter SNR = 10.02-1.17j
14:58 bilby INFO    :   mass_1 = 69.29771898602505
14:58 bilby INFO    :   mass_2 = 37.49671937233784
14:58 bilby INFO    :   a_1 = 0.02760263297552612
14:58 bilby INFO    :   a_2 = 0.3046502415366642
14:58 bilby INFO    :   tilt_1 = 1.1192668274826538
14:58 bilby INFO    :   tilt_2 = 0.16140895955692092
14:58 bilby INFO    :   phi_12 = 1.4996566462959036
14:58 bilby INFO    :   phi_jl = 4.39027960894621
14:58 bilby INFO    :   luminosity_distance = 3084.8431473438
14:58 bilby INFO    :   theta_jn = 2.5420663044790044
14:58 bilby INFO    :   psi = 1.3118865221
14:58 bilby INFO    :   phase = 6.0383366169
14:58 bilby INFO    :   geocent_time = 1126259642.413
14:58 bilby INFO    :   ra = 3.2542113447
14:58 bilby INFO    :   dec = 2.2082070889
14:58 bilby INFO    : Injected signal in V1:
14:58 bilby INFO    :   optimal SNR = 0.91
14:58 bilby INFO    :   matched filter SNR = 1.78-1.31j
14:58 bilby INFO    :   mass_1 = 69.29771898602505
14:58 bilby INFO    :   mass_2 = 37.49671937233784
14:58 bilby INFO    :   a_1 = 0.02760263297552612
14:58 bilby INFO    :   a_2 = 0.3046502415366642
14:58 bilby INFO    :   tilt_1 = 1.1192668274826538
14:58 bilby INFO    :   tilt_2 = 0.16140895955692092
14:58 bilby INFO    :   phi_12 = 1.4996566462959036
14:58 bilby INFO    :   phi_jl = 4.39027960894621
14:58 bilby INFO    :   luminosity_distance = 3084.8431473438
14:58 bilby INFO    :   theta_jn = 2.5420663044790044
14:58 bilby INFO    :   psi = 1.3118865221
14:58 bilby INFO    :   phase = 6.0383366169
14:58 bilby INFO    :   geocent_time = 1126259642.413
14:58 bilby INFO    :   ra = 3.2542113447
14:58 bilby INFO    :   dec = 2.2082070889
14:58 bilby INFO    : Running for label 'job_00427_justSpin', output will be saved to '/home/simona.miller/comp-spin-mock-injections/Data/IndividualInferenceOutput/new_bilby/population3_lowSpinAligned_highmass'
14:58 bilby INFO    : Using lal version 7.3.0
14:58 bilby INFO    : Using lal git version Branch: None;Tag: lalsuite-v7.13;Id: ec1fcb1d2d1dab69321fdb8f0afef1f867b11e06;;Builder: Unknown User <>;Repository status: UNCLEAN: Modified working tree
14:58 bilby INFO    : Using lalsimulation version 5.0.0
14:58 bilby INFO    : Using lalsimulation git version Branch: None;Tag: lalsuite-v7.13;Id: ec1fcb1d2d1dab69321fdb8f0afef1f867b11e06;;Builder: Unknown User <>;Repository status: UNCLEAN: Modified working tree
14:58 bilby INFO    : Analysis priors:
14:58 bilby INFO    : a_1=Uniform(minimum=0, maximum=0.99, name='a_1', latex_label='$a_1$', unit=None, boundary=None)
14:58 bilby INFO    : a_2=Uniform(minimum=0, maximum=0.99, name='a_2', latex_label='$a_2$', unit=None, boundary=None)
14:58 bilby INFO    : tilt_1=Sine(minimum=0, maximum=3.141592653589793, name='tilt_1', latex_label='$\\theta_1$', unit=None, boundary=None)
14:58 bilby INFO    : tilt_2=Sine(minimum=0, maximum=3.141592653589793, name='tilt_2', latex_label='$\\theta_2$', unit=None, boundary=None)
14:58 bilby INFO    : ra=3.2542113447
14:58 bilby INFO    : dec=2.2082070889
14:58 bilby INFO    : geocent_time=1126259642.413
14:58 bilby INFO    : phase=6.0383366169
14:58 bilby INFO    : psi=1.3118865221
14:58 bilby INFO    : luminosity_distance=3084.8431473438
14:58 bilby INFO    : theta_jn=2.5420663044790044
14:58 bilby INFO    : mass_1=69.29771898602505
14:58 bilby INFO    : mass_2=37.49671937233784
14:58 bilby INFO    : phi_12=1.4996566462959036
14:58 bilby INFO    : phi_jl=4.39027960894621
14:58 bilby INFO    : Analysis likelihood class: <class 'bilby.gw.likelihood.base.GravitationalWaveTransient'>
14:58 bilby INFO    : Analysis likelihood noise evidence: -24035.17435751148
14:58 bilby INFO    : Single likelihood evaluation took 1.808e-02 s
14:58 bilby INFO    : Using sampler Dynesty with kwargs {'nlive': 2000, 'bound': 'live', 'sample': 'act-walk', 'periodic': None, 'reflective': None, 'update_interval': 600, 'first_update': None, 'npdim': None, 'rstate': None, 'queue_size': 8, 'pool': None, 'use_pool': None, 'live_points': None, 'logl_args': None, 'logl_kwargs': None, 'ptform_args': None, 'ptform_kwargs': None, 'gradient': None, 'grad_args': None, 'grad_kwargs': None, 'compute_jac': False, 'enlarge': None, 'bootstrap': None, 'walks': 100, 'facc': 0.2, 'slices': None, 'fmove': 0.9, 'max_move': 100, 'update_func': None, 'ncdim': None, 'blob': False, 'save_history': False, 'history_filename': None, 'maxiter': None, 'maxcall': None, 'dlogz': 0.1, 'logl_max': inf, 'n_effective': None, 'add_live': True, 'print_progress': True, 'print_func': <bound method Dynesty._print_func of <bilby.core.sampler.dynesty.Dynesty object at 0x14b60f912e50>>, 'save_bounds': False, 'checkpoint_file': None, 'checkpoint_every': 60, 'resume': False}
14:58 bilby INFO    : Checkpoint every check_point_delta_t = 600s
14:58 bilby INFO    : Using dynesty version 2.1.0
14:58 bilby INFO    : Using the bilby-implemented rwalk sampling tracking the autocorrelation function and thinning by 5 with maximum length 25000
14:58 bilby INFO    : Setting up multiproccesing pool with 8 processes
14:58 bilby INFO    : Resume file /home/simona.miller/comp-spin-mock-injections/Data/IndividualInferenceOutput/new_bilby/population3_lowSpinAligned_highmass/job_00427_justSpin_resume.pickle does not exist.
14:58 bilby INFO    : Generating initial points from the prior
15:09 bilby INFO    : Written checkpoint file /home/simona.miller/comp-spin-mock-injections/Data/IndividualInferenceOutput/new_bilby/population3_lowSpinAligned_highmass/job_00427_justSpin_resume.pickle
15:20 bilby INFO    : Written checkpoint file /home/simona.miller/comp-spin-mock-injections/Data/IndividualInferenceOutput/new_bilby/population3_lowSpinAligned_highmass/job_00427_justSpin_resume.pickle
15:31 bilby INFO    : Written checkpoint file /home/simona.miller/comp-spin-mock-injections/Data/IndividualInferenceOutput/new_bilby/population3_lowSpinAligned_highmass/job_00427_justSpin_resume.pickle
15:45 bilby INFO    : Written checkpoint file /home/simona.miller/comp-spin-mock-injections/Data/IndividualInferenceOutput/new_bilby/population3_lowSpinAligned_highmass/job_00427_justSpin_resume.pickle
15:57 bilby INFO    : Written checkpoint file /home/simona.miller/comp-spin-mock-injections/Data/IndividualInferenceOutput/new_bilby/population3_lowSpinAligned_highmass/job_00427_justSpin_resume.pickle
16:08 bilby INFO    : Written checkpoint file /home/simona.miller/comp-spin-mock-injections/Data/IndividualInferenceOutput/new_bilby/population3_lowSpinAligned_highmass/job_00427_justSpin_resume.pickle
16:20 bilby INFO    : Written checkpoint file /home/simona.miller/comp-spin-mock-injections/Data/IndividualInferenceOutput/new_bilby/population3_lowSpinAligned_highmass/job_00427_justSpin_resume.pickle
16:32 bilby INFO    : Written checkpoint file /home/simona.miller/comp-spin-mock-injections/Data/IndividualInferenceOutput/new_bilby/population3_lowSpinAligned_highmass/job_00427_justSpin_resume.pickle
16:43 bilby INFO    : Written checkpoint file /home/simona.miller/comp-spin-mock-injections/Data/IndividualInferenceOutput/new_bilby/population3_lowSpinAligned_highmass/job_00427_justSpin_resume.pickle
16:56 bilby INFO    : Written checkpoint file /home/simona.miller/comp-spin-mock-injections/Data/IndividualInferenceOutput/new_bilby/population3_lowSpinAligned_highmass/job_00427_justSpin_resume.pickle
17:07 bilby INFO    : Written checkpoint file /home/simona.miller/comp-spin-mock-injections/Data/IndividualInferenceOutput/new_bilby/population3_lowSpinAligned_highmass/job_00427_justSpin_resume.pickle
17:19 bilby INFO    : Written checkpoint file /home/simona.miller/comp-spin-mock-injections/Data/IndividualInferenceOutput/new_bilby/population3_lowSpinAligned_highmass/job_00427_justSpin_resume.pickle
17:29 bilby INFO    : Written checkpoint file /home/simona.miller/comp-spin-mock-injections/Data/IndividualInferenceOutput/new_bilby/population3_lowSpinAligned_highmass/job_00427_justSpin_resume.pickle
17:44 bilby INFO    : Written checkpoint file /home/simona.miller/comp-spin-mock-injections/Data/IndividualInferenceOutput/new_bilby/population3_lowSpinAligned_highmass/job_00427_justSpin_resume.pickle
17:55 bilby INFO    : Written checkpoint file /home/simona.miller/comp-spin-mock-injections/Data/IndividualInferenceOutput/new_bilby/population3_lowSpinAligned_highmass/job_00427_justSpin_resume.pickle
18:08 bilby INFO    : Written checkpoint file /home/simona.miller/comp-spin-mock-injections/Data/IndividualInferenceOutput/new_bilby/population3_lowSpinAligned_highmass/job_00427_justSpin_resume.pickle
18:19 bilby INFO    : Written checkpoint file /home/simona.miller/comp-spin-mock-injections/Data/IndividualInferenceOutput/new_bilby/population3_lowSpinAligned_highmass/job_00427_justSpin_resume.pickle
18:32 bilby INFO    : Written checkpoint file /home/simona.miller/comp-spin-mock-injections/Data/IndividualInferenceOutput/new_bilby/population3_lowSpinAligned_highmass/job_00427_justSpin_resume.pickle
18:43 bilby INFO    : Written checkpoint file /home/simona.miller/comp-spin-mock-injections/Data/IndividualInferenceOutput/new_bilby/population3_lowSpinAligned_highmass/job_00427_justSpin_resume.pickle
18:53 bilby INFO    : Written checkpoint file /home/simona.miller/comp-spin-mock-injections/Data/IndividualInferenceOutput/new_bilby/population3_lowSpinAligned_highmass/job_00427_justSpin_resume.pickle
19:05 bilby INFO    : Written checkpoint file /home/simona.miller/comp-spin-mock-injections/Data/IndividualInferenceOutput/new_bilby/population3_lowSpinAligned_highmass/job_00427_justSpin_resume.pickle
19:17 bilby INFO    : Written checkpoint file /home/simona.miller/comp-spin-mock-injections/Data/IndividualInferenceOutput/new_bilby/population3_lowSpinAligned_highmass/job_00427_justSpin_resume.pickle
19:27 bilby INFO    : Written checkpoint file /home/simona.miller/comp-spin-mock-injections/Data/IndividualInferenceOutput/new_bilby/population3_lowSpinAligned_highmass/job_00427_justSpin_resume.pickle
19:41 bilby INFO    : Written checkpoint file /home/simona.miller/comp-spin-mock-injections/Data/IndividualInferenceOutput/new_bilby/population3_lowSpinAligned_highmass/job_00427_justSpin_resume.pickle
19:54 bilby INFO    : Written checkpoint file /home/simona.miller/comp-spin-mock-injections/Data/IndividualInferenceOutput/new_bilby/population3_lowSpinAligned_highmass/job_00427_justSpin_resume.pickle
20:08 bilby INFO    : Written checkpoint file /home/simona.miller/comp-spin-mock-injections/Data/IndividualInferenceOutput/new_bilby/population3_lowSpinAligned_highmass/job_00427_justSpin_resume.pickle
20:23 bilby INFO    : Written checkpoint file /home/simona.miller/comp-spin-mock-injections/Data/IndividualInferenceOutput/new_bilby/population3_lowSpinAligned_highmass/job_00427_justSpin_resume.pickle
20:29 bilby INFO    : Written checkpoint file /home/simona.miller/comp-spin-mock-injections/Data/IndividualInferenceOutput/new_bilby/population3_lowSpinAligned_highmass/job_00427_justSpin_resume.pickle
20:29 bilby INFO    : Starting to close worker pool.
20:29 bilby INFO    : Finished closing worker pool.
20:29 bilby INFO    : Rejection sampling nested samples to obtain 5365 posterior samples
20:29 bilby INFO    : Sampling time: 5:30:05.400561
20:29 bilby INFO    : Computing per-detector log likelihoods.
20:29 bilby INFO    : Using a pool with size 8 for nsamples=5365
20:30 bilby INFO    : Generating sky frame parameters.
20:30 bilby INFO    : Computing SNRs for every sample.
20:30 bilby INFO    : Using a pool with size 8 for nsamples=5365
20:31 bilby INFO    : Summary of results:
nsamples: 5365
ln_noise_evidence: -24035.174
ln_evidence: -23950.490 +/-  0.048
ln_bayes_factor: 84.684 +/-  0.048

