14:27 bilby INFO    : Waveform generator initiated with
  frequency_domain_source_model: bilby.gw.source.lal_binary_black_hole
  time_domain_source_model: None
  parameter_conversion: bilby.gw.conversion.convert_to_lal_binary_black_hole_parameters
14:27 bilby INFO    : Injected signal in H1:
14:27 bilby INFO    :   optimal SNR = 7.74
14:27 bilby INFO    :   matched filter SNR = 8.25-1.20j
14:27 bilby INFO    :   mass_1 = 84.43807035852689
14:27 bilby INFO    :   mass_2 = 73.28137800924691
14:27 bilby INFO    :   a_1 = 0.4657856111019212
14:27 bilby INFO    :   a_2 = 0.19183097216656947
14:27 bilby INFO    :   tilt_1 = 0.3327854688858347
14:27 bilby INFO    :   tilt_2 = 0.024131733294722343
14:27 bilby INFO    :   phi_12 = 3.427747826065409
14:27 bilby INFO    :   phi_jl = 5.871500555143463
14:27 bilby INFO    :   luminosity_distance = 4298.0258505364
14:27 bilby INFO    :   theta_jn = 2.377042643977642
14:27 bilby INFO    :   psi = 1.5416930723
14:27 bilby INFO    :   phase = 3.2804915586
14:27 bilby INFO    :   geocent_time = 1126259642.413
14:27 bilby INFO    :   ra = 0.2132732933
14:27 bilby INFO    :   dec = 3.7050931426
14:27 bilby INFO    : Injected signal in L1:
14:27 bilby INFO    :   optimal SNR = 8.62
14:27 bilby INFO    :   matched filter SNR = 9.59+0.12j
14:27 bilby INFO    :   mass_1 = 84.43807035852689
14:27 bilby INFO    :   mass_2 = 73.28137800924691
14:27 bilby INFO    :   a_1 = 0.4657856111019212
14:27 bilby INFO    :   a_2 = 0.19183097216656947
14:27 bilby INFO    :   tilt_1 = 0.3327854688858347
14:27 bilby INFO    :   tilt_2 = 0.024131733294722343
14:27 bilby INFO    :   phi_12 = 3.427747826065409
14:27 bilby INFO    :   phi_jl = 5.871500555143463
14:27 bilby INFO    :   luminosity_distance = 4298.0258505364
14:27 bilby INFO    :   theta_jn = 2.377042643977642
14:27 bilby INFO    :   psi = 1.5416930723
14:27 bilby INFO    :   phase = 3.2804915586
14:27 bilby INFO    :   geocent_time = 1126259642.413
14:27 bilby INFO    :   ra = 0.2132732933
14:27 bilby INFO    :   dec = 3.7050931426
14:27 bilby INFO    : Injected signal in V1:
14:27 bilby INFO    :   optimal SNR = 0.67
14:27 bilby INFO    :   matched filter SNR = 1.42-1.36j
14:27 bilby INFO    :   mass_1 = 84.43807035852689
14:27 bilby INFO    :   mass_2 = 73.28137800924691
14:27 bilby INFO    :   a_1 = 0.4657856111019212
14:27 bilby INFO    :   a_2 = 0.19183097216656947
14:27 bilby INFO    :   tilt_1 = 0.3327854688858347
14:27 bilby INFO    :   tilt_2 = 0.024131733294722343
14:27 bilby INFO    :   phi_12 = 3.427747826065409
14:27 bilby INFO    :   phi_jl = 5.871500555143463
14:27 bilby INFO    :   luminosity_distance = 4298.0258505364
14:27 bilby INFO    :   theta_jn = 2.377042643977642
14:27 bilby INFO    :   psi = 1.5416930723
14:27 bilby INFO    :   phase = 3.2804915586
14:27 bilby INFO    :   geocent_time = 1126259642.413
14:27 bilby INFO    :   ra = 0.2132732933
14:27 bilby INFO    :   dec = 3.7050931426
14:27 bilby INFO    : Running for label 'job_00895_fixedExtrinsic', output will be saved to '/home/simona.miller/comp-spin-mock-injections/Data/IndividualInferenceOutput/new_bilby/population3_lowSpinAligned_highmass'
14:27 bilby INFO    : Using lal version 7.3.0
14:27 bilby INFO    : Using lal git version Branch: None;Tag: lalsuite-v7.13;Id: ec1fcb1d2d1dab69321fdb8f0afef1f867b11e06;;Builder: Unknown User <>;Repository status: UNCLEAN: Modified working tree
14:27 bilby INFO    : Using lalsimulation version 5.0.0
14:27 bilby INFO    : Using lalsimulation git version Branch: None;Tag: lalsuite-v7.13;Id: ec1fcb1d2d1dab69321fdb8f0afef1f867b11e06;;Builder: Unknown User <>;Repository status: UNCLEAN: Modified working tree
14:27 bilby INFO    : Analysis priors:
14:27 bilby INFO    : chirp_mass=bilby.gw.prior.UniformInComponentsChirpMass(minimum=2, maximum=200, name='chirp_mass', latex_label='$\\mathcal{M}$', unit=None, boundary=None)
14:27 bilby INFO    : mass_ratio=bilby.gw.prior.UniformInComponentsMassRatio(minimum=0.05, maximum=1, name='mass_ratio', latex_label='$q$', unit=None, boundary=None, equal_mass=False)
14:27 bilby INFO    : a_1=Uniform(minimum=0, maximum=0.99, name='a_1', latex_label='$a_1$', unit=None, boundary=None)
14:27 bilby INFO    : a_2=Uniform(minimum=0, maximum=0.99, name='a_2', latex_label='$a_2$', unit=None, boundary=None)
14:27 bilby INFO    : tilt_1=Sine(minimum=0, maximum=3.141592653589793, name='tilt_1', latex_label='$\\theta_1$', unit=None, boundary=None)
14:27 bilby INFO    : tilt_2=Sine(minimum=0, maximum=3.141592653589793, name='tilt_2', latex_label='$\\theta_2$', unit=None, boundary=None)
14:27 bilby INFO    : phi_12=Uniform(minimum=0, maximum=6.283185307179586, name='phi_12', latex_label='$\\Delta\\phi$', unit=None, boundary='periodic')
14:27 bilby INFO    : phi_jl=Uniform(minimum=0, maximum=6.283185307179586, name='phi_jl', latex_label='$\\phi_{JL}$', unit=None, boundary='periodic')
14:27 bilby INFO    : mass_1=Constraint(minimum=74.43807035852689, maximum=94.43807035852689, name='mass_1', latex_label='$m_1$', unit=None)
14:27 bilby INFO    : mass_2=Constraint(minimum=63.28137800924691, maximum=83.28137800924691, name='mass_2', latex_label='$m_2$', unit=None)
14:27 bilby INFO    : ra=0.2132732933
14:27 bilby INFO    : dec=3.7050931426
14:27 bilby INFO    : geocent_time=1126259642.413
14:27 bilby INFO    : phase=3.2804915586
14:27 bilby INFO    : psi=1.5416930723
14:27 bilby INFO    : luminosity_distance=4298.0258505364
14:27 bilby INFO    : theta_jn=2.377042643977642
14:27 bilby INFO    : Analysis likelihood class: <class 'bilby.gw.likelihood.base.GravitationalWaveTransient'>
14:27 bilby INFO    : Analysis likelihood noise evidence: -24175.55442090846
14:27 bilby INFO    : Single likelihood evaluation took 4.628e-02 s
14:27 bilby INFO    : Using sampler Dynesty with kwargs {'nlive': 2000, 'bound': 'live', 'sample': 'act-walk', 'periodic': None, 'reflective': None, 'update_interval': 600, 'first_update': None, 'npdim': None, 'rstate': None, 'queue_size': 8, 'pool': None, 'use_pool': None, 'live_points': None, 'logl_args': None, 'logl_kwargs': None, 'ptform_args': None, 'ptform_kwargs': None, 'gradient': None, 'grad_args': None, 'grad_kwargs': None, 'compute_jac': False, 'enlarge': None, 'bootstrap': None, 'walks': 100, 'facc': 0.2, 'slices': None, 'fmove': 0.9, 'max_move': 100, 'update_func': None, 'ncdim': None, 'blob': False, 'save_history': False, 'history_filename': None, 'maxiter': None, 'maxcall': None, 'dlogz': 0.1, 'logl_max': inf, 'n_effective': None, 'add_live': True, 'print_progress': True, 'print_func': <bound method Dynesty._print_func of <bilby.core.sampler.dynesty.Dynesty object at 0x15429d3ffd30>>, 'save_bounds': False, 'checkpoint_file': None, 'checkpoint_every': 60, 'resume': False}
14:27 bilby INFO    : Checkpoint every check_point_delta_t = 600s
14:27 bilby INFO    : Using dynesty version 2.1.0
14:27 bilby INFO    : Using the bilby-implemented rwalk sampling tracking the autocorrelation function and thinning by 5 with maximum length 25000
14:27 bilby INFO    : Setting up multiproccesing pool with 8 processes
14:27 bilby INFO    : Resume file /home/simona.miller/comp-spin-mock-injections/Data/IndividualInferenceOutput/new_bilby/population3_lowSpinAligned_highmass/job_00895_fixedExtrinsic_resume.pickle does not exist.
14:27 bilby INFO    : Generating initial points from the prior
14:41 bilby INFO    : Written checkpoint file /home/simona.miller/comp-spin-mock-injections/Data/IndividualInferenceOutput/new_bilby/population3_lowSpinAligned_highmass/job_00895_fixedExtrinsic_resume.pickle
14:51 bilby INFO    : Written checkpoint file /home/simona.miller/comp-spin-mock-injections/Data/IndividualInferenceOutput/new_bilby/population3_lowSpinAligned_highmass/job_00895_fixedExtrinsic_resume.pickle
15:01 bilby INFO    : Written checkpoint file /home/simona.miller/comp-spin-mock-injections/Data/IndividualInferenceOutput/new_bilby/population3_lowSpinAligned_highmass/job_00895_fixedExtrinsic_resume.pickle
15:12 bilby INFO    : Written checkpoint file /home/simona.miller/comp-spin-mock-injections/Data/IndividualInferenceOutput/new_bilby/population3_lowSpinAligned_highmass/job_00895_fixedExtrinsic_resume.pickle
15:23 bilby INFO    : Written checkpoint file /home/simona.miller/comp-spin-mock-injections/Data/IndividualInferenceOutput/new_bilby/population3_lowSpinAligned_highmass/job_00895_fixedExtrinsic_resume.pickle
15:33 bilby INFO    : Written checkpoint file /home/simona.miller/comp-spin-mock-injections/Data/IndividualInferenceOutput/new_bilby/population3_lowSpinAligned_highmass/job_00895_fixedExtrinsic_resume.pickle
15:44 bilby INFO    : Written checkpoint file /home/simona.miller/comp-spin-mock-injections/Data/IndividualInferenceOutput/new_bilby/population3_lowSpinAligned_highmass/job_00895_fixedExtrinsic_resume.pickle
15:54 bilby INFO    : Written checkpoint file /home/simona.miller/comp-spin-mock-injections/Data/IndividualInferenceOutput/new_bilby/population3_lowSpinAligned_highmass/job_00895_fixedExtrinsic_resume.pickle
16:05 bilby INFO    : Written checkpoint file /home/simona.miller/comp-spin-mock-injections/Data/IndividualInferenceOutput/new_bilby/population3_lowSpinAligned_highmass/job_00895_fixedExtrinsic_resume.pickle
16:16 bilby INFO    : Written checkpoint file /home/simona.miller/comp-spin-mock-injections/Data/IndividualInferenceOutput/new_bilby/population3_lowSpinAligned_highmass/job_00895_fixedExtrinsic_resume.pickle
16:26 bilby INFO    : Written checkpoint file /home/simona.miller/comp-spin-mock-injections/Data/IndividualInferenceOutput/new_bilby/population3_lowSpinAligned_highmass/job_00895_fixedExtrinsic_resume.pickle
16:36 bilby INFO    : Written checkpoint file /home/simona.miller/comp-spin-mock-injections/Data/IndividualInferenceOutput/new_bilby/population3_lowSpinAligned_highmass/job_00895_fixedExtrinsic_resume.pickle
16:47 bilby INFO    : Written checkpoint file /home/simona.miller/comp-spin-mock-injections/Data/IndividualInferenceOutput/new_bilby/population3_lowSpinAligned_highmass/job_00895_fixedExtrinsic_resume.pickle
16:57 bilby INFO    : Written checkpoint file /home/simona.miller/comp-spin-mock-injections/Data/IndividualInferenceOutput/new_bilby/population3_lowSpinAligned_highmass/job_00895_fixedExtrinsic_resume.pickle
17:08 bilby INFO    : Written checkpoint file /home/simona.miller/comp-spin-mock-injections/Data/IndividualInferenceOutput/new_bilby/population3_lowSpinAligned_highmass/job_00895_fixedExtrinsic_resume.pickle
17:18 bilby INFO    : Written checkpoint file /home/simona.miller/comp-spin-mock-injections/Data/IndividualInferenceOutput/new_bilby/population3_lowSpinAligned_highmass/job_00895_fixedExtrinsic_resume.pickle
17:29 bilby INFO    : Written checkpoint file /home/simona.miller/comp-spin-mock-injections/Data/IndividualInferenceOutput/new_bilby/population3_lowSpinAligned_highmass/job_00895_fixedExtrinsic_resume.pickle
17:40 bilby INFO    : Written checkpoint file /home/simona.miller/comp-spin-mock-injections/Data/IndividualInferenceOutput/new_bilby/population3_lowSpinAligned_highmass/job_00895_fixedExtrinsic_resume.pickle
17:55 bilby INFO    : Written checkpoint file /home/simona.miller/comp-spin-mock-injections/Data/IndividualInferenceOutput/new_bilby/population3_lowSpinAligned_highmass/job_00895_fixedExtrinsic_resume.pickle
18:07 bilby INFO    : Written checkpoint file /home/simona.miller/comp-spin-mock-injections/Data/IndividualInferenceOutput/new_bilby/population3_lowSpinAligned_highmass/job_00895_fixedExtrinsic_resume.pickle
18:18 bilby INFO    : Written checkpoint file /home/simona.miller/comp-spin-mock-injections/Data/IndividualInferenceOutput/new_bilby/population3_lowSpinAligned_highmass/job_00895_fixedExtrinsic_resume.pickle
18:29 bilby INFO    : Written checkpoint file /home/simona.miller/comp-spin-mock-injections/Data/IndividualInferenceOutput/new_bilby/population3_lowSpinAligned_highmass/job_00895_fixedExtrinsic_resume.pickle
18:40 bilby INFO    : Written checkpoint file /home/simona.miller/comp-spin-mock-injections/Data/IndividualInferenceOutput/new_bilby/population3_lowSpinAligned_highmass/job_00895_fixedExtrinsic_resume.pickle
18:52 bilby INFO    : Written checkpoint file /home/simona.miller/comp-spin-mock-injections/Data/IndividualInferenceOutput/new_bilby/population3_lowSpinAligned_highmass/job_00895_fixedExtrinsic_resume.pickle
19:03 bilby INFO    : Written checkpoint file /home/simona.miller/comp-spin-mock-injections/Data/IndividualInferenceOutput/new_bilby/population3_lowSpinAligned_highmass/job_00895_fixedExtrinsic_resume.pickle
19:13 bilby INFO    : Written checkpoint file /home/simona.miller/comp-spin-mock-injections/Data/IndividualInferenceOutput/new_bilby/population3_lowSpinAligned_highmass/job_00895_fixedExtrinsic_resume.pickle
19:25 bilby INFO    : Written checkpoint file /home/simona.miller/comp-spin-mock-injections/Data/IndividualInferenceOutput/new_bilby/population3_lowSpinAligned_highmass/job_00895_fixedExtrinsic_resume.pickle
19:37 bilby INFO    : Written checkpoint file /home/simona.miller/comp-spin-mock-injections/Data/IndividualInferenceOutput/new_bilby/population3_lowSpinAligned_highmass/job_00895_fixedExtrinsic_resume.pickle
19:45 bilby INFO    : Written checkpoint file /home/simona.miller/comp-spin-mock-injections/Data/IndividualInferenceOutput/new_bilby/population3_lowSpinAligned_highmass/job_00895_fixedExtrinsic_resume.pickle
19:45 bilby INFO    : Starting to close worker pool.
19:45 bilby INFO    : Finished closing worker pool.
19:45 bilby INFO    : Rejection sampling nested samples to obtain 7978 posterior samples
19:45 bilby INFO    : Sampling time: 5:14:29.696433
19:45 bilby INFO    : Computing per-detector log likelihoods.
19:45 bilby INFO    : Using a pool with size 8 for nsamples=7978
19:45 bilby INFO    : Generating sky frame parameters.
19:45 bilby INFO    : Computing SNRs for every sample.
19:45 bilby INFO    : Using a pool with size 8 for nsamples=7978
19:46 bilby INFO    : Summary of results:
nsamples: 7978
ln_noise_evidence: -24175.554
ln_evidence: -24097.862 +/-  0.060
ln_bayes_factor: 77.693 +/-  0.060

