000 (113450053.000.000) 2023-03-29 17:01:35 Job submitted from host: <10.14.0.160:9618?addrs=10.14.0.160-9618&alias=ldas-pcdev2.ligo.caltech.edu&noUDP&sock=schedd_7450_a8a7>
    DAG Node: 368
...
040 (113450053.000.000) 2023-03-29 17:43:45 Started transferring input files
	Transferring to host: <10.14.9.194:9618?addrs=10.14.9.194-9618&alias=node2194.cluster.ldas.cit&noUDP&sock=slot1_2_189911_3ac4_89098>
...
040 (113450053.000.000) 2023-03-29 17:43:45 Finished transferring input files
...
001 (113450053.000.000) 2023-03-29 17:43:46 Job executing on host: <10.14.9.194:9618?addrs=10.14.9.194-9618&alias=node2194.cluster.ldas.cit&noUDP&sock=startd_189641_87e3>
...
006 (113450053.000.000) 2023-03-29 17:43:46 Image size of job updated: 1
	0  -  MemoryUsage of job (MB)
	0  -  ResidentSetSize of job (KB)
...
040 (113450053.000.000) 2023-03-29 17:43:46 Started transferring output files
...
040 (113450053.000.000) 2023-03-29 17:43:46 Finished transferring output files
...
005 (113450053.000.000) 2023-03-29 17:43:46 Job terminated.
	(1) Normal termination (return value 127)
		Usr 0 00:00:00, Sys 0 00:00:00  -  Run Remote Usage
		Usr 0 00:00:00, Sys 0 00:00:00  -  Run Local Usage
		Usr 0 00:00:00, Sys 0 00:00:00  -  Total Remote Usage
		Usr 0 00:00:00, Sys 0 00:00:00  -  Total Local Usage
	407  -  Run Bytes Sent By Job
	381  -  Run Bytes Received By Job
	407  -  Total Bytes Sent By Job
	381  -  Total Bytes Received By Job
	Partitionable Resources :    Usage  Request Allocated 
	   Cpus                 :                 1         1 
	   Disk (KB)            :       15   500000    561711 
	   GPUs                 :                           0 
	   Memory (MB)          :        0    20000     20096 

	Job terminated of its own accord at 2023-03-30T00:43:46Z with exit-code 127.
...
000 (113484719.000.000) 2023-04-01 14:23:16 Job submitted from host: <10.14.0.160:9618?addrs=10.14.0.160-9618&alias=ldas-pcdev2.ligo.caltech.edu&noUDP&sock=schedd_7450_a8a7>
    DAG Node: 368
...
040 (113484719.000.000) 2023-04-01 14:25:08 Started transferring input files
	Transferring to host: <10.14.10.29:9618?addrs=10.14.10.29-9618&alias=node2279.cluster.ldas.cit&noUDP&sock=slot1_7_2338650_3d36_26779>
...
040 (113484719.000.000) 2023-04-01 14:25:08 Finished transferring input files
...
001 (113484719.000.000) 2023-04-01 14:25:09 Job executing on host: <10.14.10.29:9618?addrs=10.14.10.29-9618&alias=node2279.cluster.ldas.cit&noUDP&sock=startd_162040_8a62>
...
006 (113484719.000.000) 2023-04-01 14:25:18 Image size of job updated: 523556
	151  -  MemoryUsage of job (MB)
	154268  -  ResidentSetSize of job (KB)
...
006 (113484719.000.000) 2023-04-01 14:30:19 Image size of job updated: 4238312
	308  -  MemoryUsage of job (MB)
	314484  -  ResidentSetSize of job (KB)
...
006 (113484719.000.000) 2023-04-01 14:35:20 Image size of job updated: 4246560
	317  -  MemoryUsage of job (MB)
	323976  -  ResidentSetSize of job (KB)
...
006 (113484719.000.000) 2023-04-01 14:40:20 Image size of job updated: 4342380
	439  -  MemoryUsage of job (MB)
	449432  -  ResidentSetSize of job (KB)
...
006 (113484719.000.000) 2023-04-01 14:45:21 Image size of job updated: 4347032
	442  -  MemoryUsage of job (MB)
	452452  -  ResidentSetSize of job (KB)
...
006 (113484719.000.000) 2023-04-01 14:50:22 Image size of job updated: 4373924
	470  -  MemoryUsage of job (MB)
	480468  -  ResidentSetSize of job (KB)
...
006 (113484719.000.000) 2023-04-01 14:55:22 Image size of job updated: 4376472
	472  -  MemoryUsage of job (MB)
	482744  -  ResidentSetSize of job (KB)
...
006 (113484719.000.000) 2023-04-01 15:00:22 Image size of job updated: 4376772
	472  -  MemoryUsage of job (MB)
	482744  -  ResidentSetSize of job (KB)
...
006 (113484719.000.000) 2023-04-01 15:05:24 Image size of job updated: 4380784
	472  -  MemoryUsage of job (MB)
	482744  -  ResidentSetSize of job (KB)
...
006 (113484719.000.000) 2023-04-01 15:10:24 Image size of job updated: 4380784
	472  -  MemoryUsage of job (MB)
	483204  -  ResidentSetSize of job (KB)
...
006 (113484719.000.000) 2023-04-01 15:15:24 Image size of job updated: 4383672
	510  -  MemoryUsage of job (MB)
	521272  -  ResidentSetSize of job (KB)
...
006 (113484719.000.000) 2023-04-01 15:20:25 Image size of job updated: 4399200
	662  -  MemoryUsage of job (MB)
	676880  -  ResidentSetSize of job (KB)
...
006 (113484719.000.000) 2023-04-01 15:25:26 Image size of job updated: 4417136
	799  -  MemoryUsage of job (MB)
	817164  -  ResidentSetSize of job (KB)
...
006 (113484719.000.000) 2023-04-01 15:30:26 Image size of job updated: 4417136
	801  -  MemoryUsage of job (MB)
	819576  -  ResidentSetSize of job (KB)
...
006 (113484719.000.000) 2023-04-01 15:35:26 Image size of job updated: 4427424
	809  -  MemoryUsage of job (MB)
	828068  -  ResidentSetSize of job (KB)
...
006 (113484719.000.000) 2023-04-01 15:45:28 Image size of job updated: 4452856
	835  -  MemoryUsage of job (MB)
	854108  -  ResidentSetSize of job (KB)
...
006 (113484719.000.000) 2023-04-01 15:50:28 Image size of job updated: 4453412
	835  -  MemoryUsage of job (MB)
	854108  -  ResidentSetSize of job (KB)
...
006 (113484719.000.000) 2023-04-01 15:55:29 Image size of job updated: 4457620
	840  -  MemoryUsage of job (MB)
	859568  -  ResidentSetSize of job (KB)
...
006 (113484719.000.000) 2023-04-01 16:00:30 Image size of job updated: 4462696
	845  -  MemoryUsage of job (MB)
	864564  -  ResidentSetSize of job (KB)
...
006 (113484719.000.000) 2023-04-01 16:05:30 Image size of job updated: 4462788
	845  -  MemoryUsage of job (MB)
	864564  -  ResidentSetSize of job (KB)
...
006 (113484719.000.000) 2023-04-01 16:10:30 Image size of job updated: 4475416
	875  -  MemoryUsage of job (MB)
	895224  -  ResidentSetSize of job (KB)
...
006 (113484719.000.000) 2023-04-01 16:15:31 Image size of job updated: 4475416
	878  -  MemoryUsage of job (MB)
	898100  -  ResidentSetSize of job (KB)
...
006 (113484719.000.000) 2023-04-01 16:20:32 Image size of job updated: 4484436
	884  -  MemoryUsage of job (MB)
	904640  -  ResidentSetSize of job (KB)
...
006 (113484719.000.000) 2023-04-01 16:25:32 Image size of job updated: 4488816
	907  -  MemoryUsage of job (MB)
	928672  -  ResidentSetSize of job (KB)
...
006 (113484719.000.000) 2023-04-01 16:30:33 Image size of job updated: 4489316
	907  -  MemoryUsage of job (MB)
	928672  -  ResidentSetSize of job (KB)
...
006 (113484719.000.000) 2023-04-01 16:40:34 Image size of job updated: 4499984
	955  -  MemoryUsage of job (MB)
	977052  -  ResidentSetSize of job (KB)
...
006 (113484719.000.000) 2023-04-01 16:45:34 Image size of job updated: 4502016
	961  -  MemoryUsage of job (MB)
	983964  -  ResidentSetSize of job (KB)
...
006 (113484719.000.000) 2023-04-01 16:50:35 Image size of job updated: 4502016
	1001  -  MemoryUsage of job (MB)
	1024996  -  ResidentSetSize of job (KB)
...
006 (113484719.000.000) 2023-04-01 16:55:36 Image size of job updated: 4505520
	1022  -  MemoryUsage of job (MB)
	1046156  -  ResidentSetSize of job (KB)
...
006 (113484719.000.000) 2023-04-01 17:00:36 Image size of job updated: 4509092
	1023  -  MemoryUsage of job (MB)
	1046840  -  ResidentSetSize of job (KB)
...
006 (113484719.000.000) 2023-04-01 17:05:37 Image size of job updated: 4520928
	1036  -  MemoryUsage of job (MB)
	1060260  -  ResidentSetSize of job (KB)
...
006 (113484719.000.000) 2023-04-01 17:10:38 Image size of job updated: 4521804
	1036  -  MemoryUsage of job (MB)
	1060260  -  ResidentSetSize of job (KB)
...
006 (113484719.000.000) 2023-04-01 17:25:39 Image size of job updated: 4523232
	1036  -  MemoryUsage of job (MB)
	1060260  -  ResidentSetSize of job (KB)
...
006 (113484719.000.000) 2023-04-01 17:50:41 Image size of job updated: 4533284
	1045  -  MemoryUsage of job (MB)
	1069800  -  ResidentSetSize of job (KB)
...
006 (113484719.000.000) 2023-04-01 17:55:41 Image size of job updated: 4535092
	1049  -  MemoryUsage of job (MB)
	1073728  -  ResidentSetSize of job (KB)
...
006 (113484719.000.000) 2023-04-01 18:00:42 Image size of job updated: 4537476
	1049  -  MemoryUsage of job (MB)
	1073728  -  ResidentSetSize of job (KB)
...
006 (113484719.000.000) 2023-04-01 18:05:43 Image size of job updated: 4538896
	1050  -  MemoryUsage of job (MB)
	1074440  -  ResidentSetSize of job (KB)
...
006 (113484719.000.000) 2023-04-01 18:10:43 Image size of job updated: 4541136
	1056  -  MemoryUsage of job (MB)
	1080704  -  ResidentSetSize of job (KB)
...
006 (113484719.000.000) 2023-04-01 18:15:44 Image size of job updated: 4543948
	1056  -  MemoryUsage of job (MB)
	1080704  -  ResidentSetSize of job (KB)
...
006 (113484719.000.000) 2023-04-01 18:20:45 Image size of job updated: 4544524
	1056  -  MemoryUsage of job (MB)
	1080704  -  ResidentSetSize of job (KB)
...
006 (113484719.000.000) 2023-04-01 18:30:45 Image size of job updated: 4553672
	1071  -  MemoryUsage of job (MB)
	1096168  -  ResidentSetSize of job (KB)
...
006 (113484719.000.000) 2023-04-01 18:35:46 Image size of job updated: 4558492
	1071  -  MemoryUsage of job (MB)
	1096168  -  ResidentSetSize of job (KB)
...
006 (113484719.000.000) 2023-04-01 18:50:47 Image size of job updated: 4559644
	1075  -  MemoryUsage of job (MB)
	1100020  -  ResidentSetSize of job (KB)
...
006 (113484719.000.000) 2023-04-01 18:55:48 Image size of job updated: 4562448
	1075  -  MemoryUsage of job (MB)
	1100020  -  ResidentSetSize of job (KB)
...
006 (113484719.000.000) 2023-04-01 19:00:48 Image size of job updated: 4568384
	1080  -  MemoryUsage of job (MB)
	1105404  -  ResidentSetSize of job (KB)
...
006 (113484719.000.000) 2023-04-01 19:05:48 Image size of job updated: 4569488
	1080  -  MemoryUsage of job (MB)
	1105404  -  ResidentSetSize of job (KB)
...
006 (113484719.000.000) 2023-04-01 19:35:52 Image size of job updated: 4577320
	1080  -  MemoryUsage of job (MB)
	1105404  -  ResidentSetSize of job (KB)
...
006 (113484719.000.000) 2023-04-01 19:45:53 Image size of job updated: 4577320
	1082  -  MemoryUsage of job (MB)
	1107952  -  ResidentSetSize of job (KB)
...
006 (113484719.000.000) 2023-04-01 19:50:54 Image size of job updated: 4577320
	1084  -  MemoryUsage of job (MB)
	1109584  -  ResidentSetSize of job (KB)
...
006 (113484719.000.000) 2023-04-01 19:55:54 Image size of job updated: 4577320
	1088  -  MemoryUsage of job (MB)
	1113112  -  ResidentSetSize of job (KB)
...
006 (113484719.000.000) 2023-04-01 20:00:55 Image size of job updated: 4577328
	1088  -  MemoryUsage of job (MB)
	1113608  -  ResidentSetSize of job (KB)
...
006 (113484719.000.000) 2023-04-01 20:05:56 Image size of job updated: 4578992
	1093  -  MemoryUsage of job (MB)
	1118900  -  ResidentSetSize of job (KB)
...
006 (113484719.000.000) 2023-04-01 20:10:56 Image size of job updated: 4580744
	1093  -  MemoryUsage of job (MB)
	1118900  -  ResidentSetSize of job (KB)
...
006 (113484719.000.000) 2023-04-01 20:20:57 Image size of job updated: 4585128
	1093  -  MemoryUsage of job (MB)
	1118900  -  ResidentSetSize of job (KB)
...
006 (113484719.000.000) 2023-04-01 20:41:00 Image size of job updated: 4589832
	1103  -  MemoryUsage of job (MB)
	1129372  -  ResidentSetSize of job (KB)
...
006 (113484719.000.000) 2023-04-01 20:51:00 Image size of job updated: 4625284
	1129  -  MemoryUsage of job (MB)
	1155748  -  ResidentSetSize of job (KB)
...
006 (113484719.000.000) 2023-04-01 20:56:01 Image size of job updated: 4629176
	1132  -  MemoryUsage of job (MB)
	1158924  -  ResidentSetSize of job (KB)
...
006 (113484719.000.000) 2023-04-01 21:01:02 Image size of job updated: 4634760
	1132  -  MemoryUsage of job (MB)
	1158924  -  ResidentSetSize of job (KB)
...
006 (113484719.000.000) 2023-04-01 21:06:02 Image size of job updated: 4645024
	1135  -  MemoryUsage of job (MB)
	1161724  -  ResidentSetSize of job (KB)
...
006 (113484719.000.000) 2023-04-01 21:11:03 Image size of job updated: 4661248
	1149  -  MemoryUsage of job (MB)
	1175700  -  ResidentSetSize of job (KB)
...
006 (113484719.000.000) 2023-04-01 21:41:05 Image size of job updated: 4661248
	1160  -  MemoryUsage of job (MB)
	1187632  -  ResidentSetSize of job (KB)
...
006 (113484719.000.000) 2023-04-01 22:21:10 Image size of job updated: 4673896
	1172  -  MemoryUsage of job (MB)
	1199956  -  ResidentSetSize of job (KB)
...
006 (113484719.000.000) 2023-04-01 22:26:11 Image size of job updated: 4674104
	1173  -  MemoryUsage of job (MB)
	1200180  -  ResidentSetSize of job (KB)
...
006 (113484719.000.000) 2023-04-01 22:31:11 Image size of job updated: 4676520
	1175  -  MemoryUsage of job (MB)
	1202568  -  ResidentSetSize of job (KB)
...
006 (113484719.000.000) 2023-04-01 22:36:11 Image size of job updated: 4684228
	1190  -  MemoryUsage of job (MB)
	1218492  -  ResidentSetSize of job (KB)
...
006 (113484719.000.000) 2023-04-01 22:41:12 Image size of job updated: 4688016
	1194  -  MemoryUsage of job (MB)
	1222100  -  ResidentSetSize of job (KB)
...
006 (113484719.000.000) 2023-04-01 22:51:12 Image size of job updated: 4688472
	1194  -  MemoryUsage of job (MB)
	1222100  -  ResidentSetSize of job (KB)
...
006 (113484719.000.000) 2023-04-01 22:56:13 Image size of job updated: 4689808
	1198  -  MemoryUsage of job (MB)
	1226084  -  ResidentSetSize of job (KB)
...
006 (113484719.000.000) 2023-04-01 23:01:14 Image size of job updated: 4690360
	1198  -  MemoryUsage of job (MB)
	1226084  -  ResidentSetSize of job (KB)
...
006 (113484719.000.000) 2023-04-01 23:11:14 Image size of job updated: 4784368
	1201  -  MemoryUsage of job (MB)
	1229412  -  ResidentSetSize of job (KB)
...
006 (113484719.000.000) 2023-04-01 23:31:16 Image size of job updated: 4784368
	1205  -  MemoryUsage of job (MB)
	1233572  -  ResidentSetSize of job (KB)
...
006 (113484719.000.000) 2023-04-01 23:41:17 Image size of job updated: 4784368
	1210  -  MemoryUsage of job (MB)
	1239040  -  ResidentSetSize of job (KB)
...
006 (113484719.000.000) 2023-04-01 23:46:18 Image size of job updated: 4784368
	1213  -  MemoryUsage of job (MB)
	1241480  -  ResidentSetSize of job (KB)
...
006 (113484719.000.000) 2023-04-02 00:06:20 Image size of job updated: 4784368
	1216  -  MemoryUsage of job (MB)
	1244628  -  ResidentSetSize of job (KB)
...
006 (113484719.000.000) 2023-04-02 00:21:21 Image size of job updated: 4790704
	1216  -  MemoryUsage of job (MB)
	1244628  -  ResidentSetSize of job (KB)
...
006 (113484719.000.000) 2023-04-02 00:46:24 Image size of job updated: 4821232
	1240  -  MemoryUsage of job (MB)
	1268772  -  ResidentSetSize of job (KB)
...
006 (113484719.000.000) 2023-04-02 01:16:26 Image size of job updated: 4821232
	1264  -  MemoryUsage of job (MB)
	1294264  -  ResidentSetSize of job (KB)
...
006 (113484719.000.000) 2023-04-02 01:26:27 Image size of job updated: 4869592
	1271  -  MemoryUsage of job (MB)
	1300848  -  ResidentSetSize of job (KB)
...
006 (113484719.000.000) 2023-04-02 01:41:29 Image size of job updated: 4869592
	1276  -  MemoryUsage of job (MB)
	1305808  -  ResidentSetSize of job (KB)
...
006 (113484719.000.000) 2023-04-02 01:51:30 Image size of job updated: 4870640
	1276  -  MemoryUsage of job (MB)
	1305808  -  ResidentSetSize of job (KB)
...
006 (113484719.000.000) 2023-04-02 01:56:31 Image size of job updated: 4870640
	1283  -  MemoryUsage of job (MB)
	1313304  -  ResidentSetSize of job (KB)
...
006 (113484719.000.000) 2023-04-02 03:36:41 Image size of job updated: 4875016
	1283  -  MemoryUsage of job (MB)
	1313304  -  ResidentSetSize of job (KB)
...
006 (113484719.000.000) 2023-04-02 04:41:46 Image size of job updated: 4875016
	1287  -  MemoryUsage of job (MB)
	1317240  -  ResidentSetSize of job (KB)
...
006 (113484719.000.000) 2023-04-02 04:46:47 Image size of job updated: 4875016
	1295  -  MemoryUsage of job (MB)
	1325404  -  ResidentSetSize of job (KB)
...
006 (113484719.000.000) 2023-04-02 04:51:48 Image size of job updated: 4875016
	1304  -  MemoryUsage of job (MB)
	1334764  -  ResidentSetSize of job (KB)
...
006 (113484719.000.000) 2023-04-02 05:01:49 Image size of job updated: 4875016
	1310  -  MemoryUsage of job (MB)
	1340500  -  ResidentSetSize of job (KB)
...
006 (113484719.000.000) 2023-04-02 05:06:50 Image size of job updated: 4875016
	1313  -  MemoryUsage of job (MB)
	1344428  -  ResidentSetSize of job (KB)
...
006 (113484719.000.000) 2023-04-02 05:21:52 Image size of job updated: 4944520
	1319  -  MemoryUsage of job (MB)
	1350468  -  ResidentSetSize of job (KB)
...
006 (113484719.000.000) 2023-04-02 05:26:52 Image size of job updated: 4944520
	1320  -  MemoryUsage of job (MB)
	1350912  -  ResidentSetSize of job (KB)
...
006 (113484719.000.000) 2023-04-02 05:46:54 Image size of job updated: 4944520
	1321  -  MemoryUsage of job (MB)
	1352576  -  ResidentSetSize of job (KB)
...
006 (113484719.000.000) 2023-04-02 05:51:55 Image size of job updated: 4944520
	1331  -  MemoryUsage of job (MB)
	1362416  -  ResidentSetSize of job (KB)
...
006 (113484719.000.000) 2023-04-02 06:01:57 Image size of job updated: 4944520
	1448  -  MemoryUsage of job (MB)
	1482324  -  ResidentSetSize of job (KB)
...
006 (113484719.000.000) 2023-04-02 06:16:59 Image size of job updated: 4948072
	1448  -  MemoryUsage of job (MB)
	1482324  -  ResidentSetSize of job (KB)
...
006 (113484719.000.000) 2023-04-02 06:32:00 Image size of job updated: 4953208
	1448  -  MemoryUsage of job (MB)
	1482324  -  ResidentSetSize of job (KB)
...
006 (113484719.000.000) 2023-04-02 06:47:01 Image size of job updated: 4953756
	1448  -  MemoryUsage of job (MB)
	1482324  -  ResidentSetSize of job (KB)
...
006 (113484719.000.000) 2023-04-02 06:57:02 Image size of job updated: 4956616
	1448  -  MemoryUsage of job (MB)
	1482324  -  ResidentSetSize of job (KB)
...
006 (113484719.000.000) 2023-04-02 07:52:08 Image size of job updated: 4964964
	1448  -  MemoryUsage of job (MB)
	1482324  -  ResidentSetSize of job (KB)
...
006 (113484719.000.000) 2023-04-02 10:02:24 Image size of job updated: 5032328
	1448  -  MemoryUsage of job (MB)
	1482324  -  ResidentSetSize of job (KB)
...
006 (113484719.000.000) 2023-04-02 10:17:25 Image size of job updated: 5037084
	1448  -  MemoryUsage of job (MB)
	1482324  -  ResidentSetSize of job (KB)
...
006 (113484719.000.000) 2023-04-02 10:27:26 Image size of job updated: 5040716
	1448  -  MemoryUsage of job (MB)
	1482324  -  ResidentSetSize of job (KB)
...
006 (113484719.000.000) 2023-04-02 10:57:30 Image size of job updated: 5045268
	1448  -  MemoryUsage of job (MB)
	1482324  -  ResidentSetSize of job (KB)
...
006 (113484719.000.000) 2023-04-02 11:22:33 Image size of job updated: 5057944
	1448  -  MemoryUsage of job (MB)
	1482324  -  ResidentSetSize of job (KB)
...
006 (113484719.000.000) 2023-04-02 12:32:39 Image size of job updated: 5093004
	1448  -  MemoryUsage of job (MB)
	1482324  -  ResidentSetSize of job (KB)
...
006 (113484719.000.000) 2023-04-02 12:41:55 Image size of job updated: 12953012
	1448  -  MemoryUsage of job (MB)
	1482324  -  ResidentSetSize of job (KB)
...
040 (113484719.000.000) 2023-04-02 12:41:55 Started transferring output files
...
040 (113484719.000.000) 2023-04-02 12:41:55 Finished transferring output files
...
005 (113484719.000.000) 2023-04-02 12:41:55 Job terminated.
	(1) Normal termination (return value 0)
		Usr 3 07:05:40, Sys 0 00:06:01  -  Run Remote Usage
		Usr 0 00:00:00, Sys 0 00:00:00  -  Run Local Usage
		Usr 3 07:05:40, Sys 0 00:06:01  -  Total Remote Usage
		Usr 0 00:00:00, Sys 0 00:00:00  -  Total Local Usage
	1330093  -  Run Bytes Sent By Job
	381  -  Run Bytes Received By Job
	1330093  -  Total Bytes Sent By Job
	381  -  Total Bytes Received By Job
	Partitionable Resources :    Usage  Request Allocated 
	   Cpus                 :     5.12        1         1 
	   Disk (KB)            :  1321      500000    624256 
	   GPUs                 :                           0 
	   Memory (MB)          :  1448       20000     20096 

	Job terminated of its own accord at 2023-04-02T19:41:55Z with exit-code 0.
...
