000 (113450190.000.000) 2023-03-29 17:01:37 Job submitted from host: <10.14.0.160:9618?addrs=10.14.0.160-9618&alias=ldas-pcdev2.ligo.caltech.edu&noUDP&sock=schedd_7450_a8a7>
    DAG Node: 42
...
040 (113450190.000.000) 2023-03-29 17:46:25 Started transferring input files
	Transferring to host: <10.14.9.194:9618?addrs=10.14.9.194-9618&alias=node2194.cluster.ldas.cit&noUDP&sock=slot1_2_189911_3ac4_89237>
...
040 (113450190.000.000) 2023-03-29 17:46:25 Finished transferring input files
...
001 (113450190.000.000) 2023-03-29 17:46:26 Job executing on host: <10.14.9.194:9618?addrs=10.14.9.194-9618&alias=node2194.cluster.ldas.cit&noUDP&sock=startd_189641_87e3>
...
006 (113450190.000.000) 2023-03-29 17:46:26 Image size of job updated: 1
	0  -  MemoryUsage of job (MB)
	0  -  ResidentSetSize of job (KB)
...
040 (113450190.000.000) 2023-03-29 17:46:26 Started transferring output files
...
040 (113450190.000.000) 2023-03-29 17:46:26 Finished transferring output files
...
005 (113450190.000.000) 2023-03-29 17:46:26 Job terminated.
	(1) Normal termination (return value 127)
		Usr 0 00:00:00, Sys 0 00:00:00  -  Run Remote Usage
		Usr 0 00:00:00, Sys 0 00:00:00  -  Run Local Usage
		Usr 0 00:00:00, Sys 0 00:00:00  -  Total Remote Usage
		Usr 0 00:00:00, Sys 0 00:00:00  -  Total Local Usage
	407  -  Run Bytes Sent By Job
	375  -  Run Bytes Received By Job
	407  -  Total Bytes Sent By Job
	375  -  Total Bytes Received By Job
	Partitionable Resources :    Usage  Request Allocated 
	   Cpus                 :                 1         1 
	   Disk (KB)            :       14   500000    561711 
	   GPUs                 :                           0 
	   Memory (MB)          :        0    20000     20096 

	Job terminated of its own accord at 2023-03-30T00:46:26Z with exit-code 127.
...
000 (113471465.000.000) 2023-03-31 13:47:59 Job submitted from host: <10.14.0.160:9618?addrs=10.14.0.160-9618&alias=ldas-pcdev2.ligo.caltech.edu&noUDP&sock=schedd_7450_a8a7>
    DAG Node: 42
...
022 (113471465.000.000) 2023-03-31 14:36:40 Job disconnected, attempting to reconnect
    Socket between submit and execute hosts closed unexpectedly
    Trying to reconnect to slot1_4@node2267.cluster.ldas.cit <10.14.10.17:9618?addrs=10.14.10.17-9618&alias=node2267.cluster.ldas.cit&noUDP&sock=startd_3479_e213>
...
024 (113471465.000.000) 2023-03-31 14:36:48 Job reconnection failed
    Job not found at execution machine
    Can not reconnect to slot1_4@node2267.cluster.ldas.cit, rescheduling job
...
022 (113471465.000.000) 2023-03-31 14:38:45 Job disconnected, attempting to reconnect
    Socket between submit and execute hosts closed unexpectedly
    Trying to reconnect to slot1_1@node2267.cluster.ldas.cit <10.14.10.17:9618?addrs=10.14.10.17-9618&alias=node2267.cluster.ldas.cit&noUDP&sock=startd_3479_e213>
...
024 (113471465.000.000) 2023-03-31 14:38:54 Job reconnection failed
    Job not found at execution machine
    Can not reconnect to slot1_1@node2267.cluster.ldas.cit, rescheduling job
...
040 (113471465.000.000) 2023-03-31 14:42:49 Started transferring input files
	Transferring to host: <10.14.4.21:9618?addrs=10.14.4.21-9618&alias=node771.cluster.ldas.cit&noUDP&sock=slot1_16_1544125_8020_3534>
...
040 (113471465.000.000) 2023-03-31 14:42:49 Finished transferring input files
...
001 (113471465.000.000) 2023-03-31 14:42:50 Job executing on host: <10.14.4.21:9618?addrs=10.14.4.21-9618&alias=node771.cluster.ldas.cit&noUDP&sock=startd_1544086_2495>
...
006 (113471465.000.000) 2023-03-31 14:43:00 Image size of job updated: 261028
	102  -  MemoryUsage of job (MB)
	103900  -  ResidentSetSize of job (KB)
...
006 (113471465.000.000) 2023-03-31 14:48:00 Image size of job updated: 3936484
	527  -  MemoryUsage of job (MB)
	539080  -  ResidentSetSize of job (KB)
...
006 (113471465.000.000) 2023-03-31 14:53:00 Image size of job updated: 3948756
	543  -  MemoryUsage of job (MB)
	555464  -  ResidentSetSize of job (KB)
...
006 (113471465.000.000) 2023-03-31 14:58:01 Image size of job updated: 4053672
	617  -  MemoryUsage of job (MB)
	631580  -  ResidentSetSize of job (KB)
...
006 (113471465.000.000) 2023-03-31 15:03:02 Image size of job updated: 4054948
	618  -  MemoryUsage of job (MB)
	632508  -  ResidentSetSize of job (KB)
...
006 (113471465.000.000) 2023-03-31 15:08:02 Image size of job updated: 4069020
	631  -  MemoryUsage of job (MB)
	646008  -  ResidentSetSize of job (KB)
...
006 (113471465.000.000) 2023-03-31 15:13:03 Image size of job updated: 4070628
	632  -  MemoryUsage of job (MB)
	646588  -  ResidentSetSize of job (KB)
...
006 (113471465.000.000) 2023-03-31 15:18:04 Image size of job updated: 4098276
	648  -  MemoryUsage of job (MB)
	662792  -  ResidentSetSize of job (KB)
...
006 (113471465.000.000) 2023-03-31 15:23:04 Image size of job updated: 4098276
	648  -  MemoryUsage of job (MB)
	662952  -  ResidentSetSize of job (KB)
...
006 (113471465.000.000) 2023-03-31 15:28:04 Image size of job updated: 4109720
	742  -  MemoryUsage of job (MB)
	759632  -  ResidentSetSize of job (KB)
...
006 (113471465.000.000) 2023-03-31 15:33:05 Image size of job updated: 4109720
	898  -  MemoryUsage of job (MB)
	918840  -  ResidentSetSize of job (KB)
...
006 (113471465.000.000) 2023-03-31 15:43:05 Image size of job updated: 4109720
	910  -  MemoryUsage of job (MB)
	931096  -  ResidentSetSize of job (KB)
...
006 (113471465.000.000) 2023-03-31 15:48:06 Image size of job updated: 4109720
	911  -  MemoryUsage of job (MB)
	931944  -  ResidentSetSize of job (KB)
...
006 (113471465.000.000) 2023-03-31 15:53:07 Image size of job updated: 4125380
	913  -  MemoryUsage of job (MB)
	934176  -  ResidentSetSize of job (KB)
...
006 (113471465.000.000) 2023-03-31 16:18:09 Image size of job updated: 4131852
	924  -  MemoryUsage of job (MB)
	946136  -  ResidentSetSize of job (KB)
...
006 (113471465.000.000) 2023-03-31 16:33:10 Image size of job updated: 4131852
	925  -  MemoryUsage of job (MB)
	946908  -  ResidentSetSize of job (KB)
...
006 (113471465.000.000) 2023-03-31 16:38:11 Image size of job updated: 4131852
	929  -  MemoryUsage of job (MB)
	950504  -  ResidentSetSize of job (KB)
...
006 (113471465.000.000) 2023-03-31 16:43:12 Image size of job updated: 4144432
	932  -  MemoryUsage of job (MB)
	953988  -  ResidentSetSize of job (KB)
...
006 (113471465.000.000) 2023-03-31 16:48:12 Image size of job updated: 4144432
	933  -  MemoryUsage of job (MB)
	954704  -  ResidentSetSize of job (KB)
...
006 (113471465.000.000) 2023-03-31 16:53:13 Image size of job updated: 4144432
	942  -  MemoryUsage of job (MB)
	964224  -  ResidentSetSize of job (KB)
...
006 (113471465.000.000) 2023-03-31 17:13:15 Image size of job updated: 4144432
	942  -  MemoryUsage of job (MB)
	964416  -  ResidentSetSize of job (KB)
...
006 (113471465.000.000) 2023-03-31 17:18:15 Image size of job updated: 4164168
	961  -  MemoryUsage of job (MB)
	983576  -  ResidentSetSize of job (KB)
...
006 (113471465.000.000) 2023-03-31 17:33:17 Image size of job updated: 4164168
	978  -  MemoryUsage of job (MB)
	1001068  -  ResidentSetSize of job (KB)
...
006 (113471465.000.000) 2023-03-31 17:52:32 Image size of job updated: 4176260
	978  -  MemoryUsage of job (MB)
	1001068  -  ResidentSetSize of job (KB)
...
006 (113471465.000.000) 2023-03-31 18:08:06 Image size of job updated: 4189160
	997  -  MemoryUsage of job (MB)
	1020608  -  ResidentSetSize of job (KB)
...
006 (113471465.000.000) 2023-03-31 18:13:07 Image size of job updated: 4191192
	997  -  MemoryUsage of job (MB)
	1020608  -  ResidentSetSize of job (KB)
...
006 (113471465.000.000) 2023-03-31 18:18:08 Image size of job updated: 4191192
	997  -  MemoryUsage of job (MB)
	1020612  -  ResidentSetSize of job (KB)
...
006 (113471465.000.000) 2023-03-31 18:23:08 Image size of job updated: 4215804
	1002  -  MemoryUsage of job (MB)
	1025968  -  ResidentSetSize of job (KB)
...
006 (113471465.000.000) 2023-03-31 18:28:08 Image size of job updated: 4215804
	1003  -  MemoryUsage of job (MB)
	1026364  -  ResidentSetSize of job (KB)
...
006 (113471465.000.000) 2023-03-31 18:43:09 Image size of job updated: 4220144
	1006  -  MemoryUsage of job (MB)
	1030068  -  ResidentSetSize of job (KB)
...
006 (113471465.000.000) 2023-03-31 18:53:11 Image size of job updated: 4222832
	1009  -  MemoryUsage of job (MB)
	1032440  -  ResidentSetSize of job (KB)
...
006 (113471465.000.000) 2023-03-31 18:58:11 Image size of job updated: 4222832
	1011  -  MemoryUsage of job (MB)
	1034676  -  ResidentSetSize of job (KB)
...
006 (113471465.000.000) 2023-03-31 19:33:14 Image size of job updated: 4222832
	1017  -  MemoryUsage of job (MB)
	1040396  -  ResidentSetSize of job (KB)
...
006 (113471465.000.000) 2023-03-31 19:38:15 Image size of job updated: 4222832
	1017  -  MemoryUsage of job (MB)
	1040984  -  ResidentSetSize of job (KB)
...
006 (113471465.000.000) 2023-03-31 19:43:16 Image size of job updated: 4233764
	1019  -  MemoryUsage of job (MB)
	1043280  -  ResidentSetSize of job (KB)
...
006 (113471465.000.000) 2023-03-31 19:48:16 Image size of job updated: 4233764
	1021  -  MemoryUsage of job (MB)
	1044820  -  ResidentSetSize of job (KB)
...
006 (113471465.000.000) 2023-03-31 19:53:17 Image size of job updated: 4235784
	1025  -  MemoryUsage of job (MB)
	1049396  -  ResidentSetSize of job (KB)
...
006 (113471465.000.000) 2023-03-31 19:57:46 Image size of job updated: 8355548
	1025  -  MemoryUsage of job (MB)
	1049396  -  ResidentSetSize of job (KB)
...
040 (113471465.000.000) 2023-03-31 19:57:46 Started transferring output files
...
040 (113471465.000.000) 2023-03-31 19:57:46 Finished transferring output files
...
005 (113471465.000.000) 2023-03-31 19:57:46 Job terminated.
	(1) Normal termination (return value 0)
		Usr 0 14:46:29, Sys 0 00:03:08  -  Run Remote Usage
		Usr 0 00:00:00, Sys 0 00:00:00  -  Run Local Usage
		Usr 0 14:46:29, Sys 0 00:03:08  -  Total Remote Usage
		Usr 0 00:00:00, Sys 0 00:00:00  -  Total Local Usage
	413326  -  Run Bytes Sent By Job
	375  -  Run Bytes Received By Job
	413326  -  Total Bytes Sent By Job
	375  -  Total Bytes Received By Job
	Partitionable Resources :    Usage  Request Allocated 
	   Cpus                 :     8.19        1         1 
	   Disk (KB)            :   425      500000    609620 
	   GPUs                 :                           0 
	   Memory (MB)          :  1025       20000     20096 

	Job terminated of its own accord at 2023-04-01T02:57:46Z with exit-code 0.
...
