000 (113450276.000.000) 2023-03-29 17:01:38 Job submitted from host: <10.14.0.160:9618?addrs=10.14.0.160-9618&alias=ldas-pcdev2.ligo.caltech.edu&noUDP&sock=schedd_7450_a8a7>
    DAG Node: 476
...
040 (113450276.000.000) 2023-03-29 17:48:05 Started transferring input files
	Transferring to host: <10.14.9.194:9618?addrs=10.14.9.194-9618&alias=node2194.cluster.ldas.cit&noUDP&sock=slot1_2_189911_3ac4_89325>
...
040 (113450276.000.000) 2023-03-29 17:48:05 Finished transferring input files
...
001 (113450276.000.000) 2023-03-29 17:48:06 Job executing on host: <10.14.9.194:9618?addrs=10.14.9.194-9618&alias=node2194.cluster.ldas.cit&noUDP&sock=startd_189641_87e3>
...
006 (113450276.000.000) 2023-03-29 17:48:06 Image size of job updated: 1
	0  -  MemoryUsage of job (MB)
	0  -  ResidentSetSize of job (KB)
...
040 (113450276.000.000) 2023-03-29 17:48:06 Started transferring output files
...
040 (113450276.000.000) 2023-03-29 17:48:06 Finished transferring output files
...
005 (113450276.000.000) 2023-03-29 17:48:06 Job terminated.
	(1) Normal termination (return value 127)
		Usr 0 00:00:00, Sys 0 00:00:00  -  Run Remote Usage
		Usr 0 00:00:00, Sys 0 00:00:00  -  Run Local Usage
		Usr 0 00:00:00, Sys 0 00:00:00  -  Total Remote Usage
		Usr 0 00:00:00, Sys 0 00:00:00  -  Total Local Usage
	407  -  Run Bytes Sent By Job
	375  -  Run Bytes Received By Job
	407  -  Total Bytes Sent By Job
	375  -  Total Bytes Received By Job
	Partitionable Resources :    Usage  Request Allocated 
	   Cpus                 :                 1         1 
	   Disk (KB)            :       14   500000    561711 
	   GPUs                 :                           0 
	   Memory (MB)          :        0    20000     20096 

	Job terminated of its own accord at 2023-03-30T00:48:06Z with exit-code 127.
...
000 (113471529.000.000) 2023-03-31 13:48:02 Job submitted from host: <10.14.0.160:9618?addrs=10.14.0.160-9618&alias=ldas-pcdev2.ligo.caltech.edu&noUDP&sock=schedd_7450_a8a7>
    DAG Node: 476
...
040 (113471529.000.000) 2023-03-31 14:55:43 Started transferring input files
	Transferring to host: <10.14.4.33:9618?addrs=10.14.4.33-9618&alias=node783.cluster.ldas.cit&noUDP&sock=slot1_7_2171755_9d13_21681>
...
040 (113471529.000.000) 2023-03-31 14:55:43 Finished transferring input files
...
001 (113471529.000.000) 2023-03-31 14:55:44 Job executing on host: <10.14.4.33:9618?addrs=10.14.4.33-9618&alias=node783.cluster.ldas.cit&noUDP&sock=startd_380285_752d>
...
006 (113471529.000.000) 2023-03-31 14:55:53 Image size of job updated: 397572
	128  -  MemoryUsage of job (MB)
	130756  -  ResidentSetSize of job (KB)
...
006 (113471529.000.000) 2023-03-31 15:00:54 Image size of job updated: 3935064
	521  -  MemoryUsage of job (MB)
	533008  -  ResidentSetSize of job (KB)
...
006 (113471529.000.000) 2023-03-31 15:05:54 Image size of job updated: 3936356
	522  -  MemoryUsage of job (MB)
	534352  -  ResidentSetSize of job (KB)
...
006 (113471529.000.000) 2023-03-31 15:10:55 Image size of job updated: 4038432
	593  -  MemoryUsage of job (MB)
	607112  -  ResidentSetSize of job (KB)
...
006 (113471529.000.000) 2023-03-31 15:15:56 Image size of job updated: 4050436
	607  -  MemoryUsage of job (MB)
	621276  -  ResidentSetSize of job (KB)
...
006 (113471529.000.000) 2023-03-31 15:20:56 Image size of job updated: 4065968
	615  -  MemoryUsage of job (MB)
	629644  -  ResidentSetSize of job (KB)
...
006 (113471529.000.000) 2023-03-31 15:25:57 Image size of job updated: 4065968
	619  -  MemoryUsage of job (MB)
	633184  -  ResidentSetSize of job (KB)
...
006 (113471529.000.000) 2023-03-31 15:30:58 Image size of job updated: 4065968
	623  -  MemoryUsage of job (MB)
	637644  -  ResidentSetSize of job (KB)
...
006 (113471529.000.000) 2023-03-31 15:35:58 Image size of job updated: 4068040
	626  -  MemoryUsage of job (MB)
	640552  -  ResidentSetSize of job (KB)
...
006 (113471529.000.000) 2023-03-31 15:40:59 Image size of job updated: 4076032
	634  -  MemoryUsage of job (MB)
	648664  -  ResidentSetSize of job (KB)
...
006 (113471529.000.000) 2023-03-31 15:46:00 Image size of job updated: 4076632
	664  -  MemoryUsage of job (MB)
	679856  -  ResidentSetSize of job (KB)
...
006 (113471529.000.000) 2023-03-31 15:51:00 Image size of job updated: 4077436
	665  -  MemoryUsage of job (MB)
	680376  -  ResidentSetSize of job (KB)
...
006 (113471529.000.000) 2023-03-31 15:56:01 Image size of job updated: 4090876
	669  -  MemoryUsage of job (MB)
	684872  -  ResidentSetSize of job (KB)
...
006 (113471529.000.000) 2023-03-31 16:01:02 Image size of job updated: 4090876
	730  -  MemoryUsage of job (MB)
	747244  -  ResidentSetSize of job (KB)
...
006 (113471529.000.000) 2023-03-31 16:06:02 Image size of job updated: 4100104
	888  -  MemoryUsage of job (MB)
	909228  -  ResidentSetSize of job (KB)
...
006 (113471529.000.000) 2023-03-31 16:16:04 Image size of job updated: 4100104
	889  -  MemoryUsage of job (MB)
	909488  -  ResidentSetSize of job (KB)
...
006 (113471529.000.000) 2023-03-31 16:21:04 Image size of job updated: 4107192
	889  -  MemoryUsage of job (MB)
	909488  -  ResidentSetSize of job (KB)
...
006 (113471529.000.000) 2023-03-31 16:31:06 Image size of job updated: 4107192
	894  -  MemoryUsage of job (MB)
	914884  -  ResidentSetSize of job (KB)
...
006 (113471529.000.000) 2023-03-31 16:36:06 Image size of job updated: 4107192
	896  -  MemoryUsage of job (MB)
	916532  -  ResidentSetSize of job (KB)
...
006 (113471529.000.000) 2023-03-31 16:41:08 Image size of job updated: 4107460
	896  -  MemoryUsage of job (MB)
	916532  -  ResidentSetSize of job (KB)
...
006 (113471529.000.000) 2023-03-31 16:56:09 Image size of job updated: 4107460
	904  -  MemoryUsage of job (MB)
	925056  -  ResidentSetSize of job (KB)
...
006 (113471529.000.000) 2023-03-31 17:01:09 Image size of job updated: 4107460
	906  -  MemoryUsage of job (MB)
	926832  -  ResidentSetSize of job (KB)
...
006 (113471529.000.000) 2023-03-31 17:06:09 Image size of job updated: 4108528
	908  -  MemoryUsage of job (MB)
	929256  -  ResidentSetSize of job (KB)
...
006 (113471529.000.000) 2023-03-31 17:11:10 Image size of job updated: 4136328
	918  -  MemoryUsage of job (MB)
	939328  -  ResidentSetSize of job (KB)
...
006 (113471529.000.000) 2023-03-31 17:21:10 Image size of job updated: 4136328
	931  -  MemoryUsage of job (MB)
	952576  -  ResidentSetSize of job (KB)
...
006 (113471529.000.000) 2023-03-31 17:26:11 Image size of job updated: 4136328
	933  -  MemoryUsage of job (MB)
	955212  -  ResidentSetSize of job (KB)
...
006 (113471529.000.000) 2023-03-31 17:58:53 Image size of job updated: 4145236
	933  -  MemoryUsage of job (MB)
	955212  -  ResidentSetSize of job (KB)
...
006 (113471529.000.000) 2023-03-31 18:09:30 Image size of job updated: 4145428
	935  -  MemoryUsage of job (MB)
	956696  -  ResidentSetSize of job (KB)
...
006 (113471529.000.000) 2023-03-31 18:15:52 Image size of job updated: 4145428
	937  -  MemoryUsage of job (MB)
	958852  -  ResidentSetSize of job (KB)
...
006 (113471529.000.000) 2023-03-31 18:20:52 Image size of job updated: 4148044
	937  -  MemoryUsage of job (MB)
	958852  -  ResidentSetSize of job (KB)
...
006 (113471529.000.000) 2023-03-31 18:25:52 Image size of job updated: 4148044
	938  -  MemoryUsage of job (MB)
	960272  -  ResidentSetSize of job (KB)
...
006 (113471529.000.000) 2023-03-31 18:30:53 Image size of job updated: 4148044
	941  -  MemoryUsage of job (MB)
	962852  -  ResidentSetSize of job (KB)
...
006 (113471529.000.000) 2023-03-31 18:45:54 Image size of job updated: 4148044
	941  -  MemoryUsage of job (MB)
	963016  -  ResidentSetSize of job (KB)
...
006 (113471529.000.000) 2023-03-31 18:50:54 Image size of job updated: 4148044
	941  -  MemoryUsage of job (MB)
	963180  -  ResidentSetSize of job (KB)
...
006 (113471529.000.000) 2023-03-31 18:55:54 Image size of job updated: 4156688
	954  -  MemoryUsage of job (MB)
	976704  -  ResidentSetSize of job (KB)
...
006 (113471529.000.000) 2023-03-31 19:00:55 Image size of job updated: 4156688
	954  -  MemoryUsage of job (MB)
	976780  -  ResidentSetSize of job (KB)
...
006 (113471529.000.000) 2023-03-31 19:05:55 Image size of job updated: 4168088
	954  -  MemoryUsage of job (MB)
	976780  -  ResidentSetSize of job (KB)
...
006 (113471529.000.000) 2023-03-31 19:15:56 Image size of job updated: 4168088
	955  -  MemoryUsage of job (MB)
	977344  -  ResidentSetSize of job (KB)
...
006 (113471529.000.000) 2023-03-31 20:05:59 Image size of job updated: 8014916
	955  -  MemoryUsage of job (MB)
	977344  -  ResidentSetSize of job (KB)
...
040 (113471529.000.000) 2023-03-31 20:06:43 Started transferring output files
...
040 (113471529.000.000) 2023-03-31 20:06:43 Finished transferring output files
...
005 (113471529.000.000) 2023-03-31 20:06:43 Job terminated.
	(1) Normal termination (return value 0)
		Usr 0 09:41:56, Sys 0 00:01:13  -  Run Remote Usage
		Usr 0 00:00:00, Sys 0 00:00:00  -  Run Local Usage
		Usr 0 09:41:56, Sys 0 00:01:13  -  Total Remote Usage
		Usr 0 00:00:00, Sys 0 00:00:00  -  Total Local Usage
	467897  -  Run Bytes Sent By Job
	375  -  Run Bytes Received By Job
	467897  -  Total Bytes Sent By Job
	375  -  Total Bytes Received By Job
	Partitionable Resources :    Usage  Request Allocated 
	   Cpus                 :     1.02        1         1 
	   Disk (KB)            :   478      500000    624256 
	   GPUs                 :                           0 
	   Memory (MB)          :   955       20000     20096 

	Job terminated of its own accord at 2023-04-01T03:06:43Z with exit-code 0.
...
