16:53 bilby INFO    : Waveform generator initiated with
  frequency_domain_source_model: bilby.gw.source.lal_binary_black_hole
  time_domain_source_model: None
  parameter_conversion: bilby.gw.conversion.convert_to_lal_binary_black_hole_parameters
16:53 bilby INFO    : Injected signal in H1:
16:53 bilby INFO    :   optimal SNR = 4.40
16:53 bilby INFO    :   matched filter SNR = 3.27+1.95j
16:53 bilby INFO    :   mass_1 = 49.84040873962222
16:53 bilby INFO    :   mass_2 = 39.23724304241385
16:53 bilby INFO    :   a_1 = 0.23440544278881226
16:53 bilby INFO    :   a_2 = 0.11610343795560686
16:53 bilby INFO    :   tilt_1 = 0.2928770543031461
16:53 bilby INFO    :   tilt_2 = 0.7164019659785691
16:53 bilby INFO    :   phi_12 = 1.2786880970477303
16:53 bilby INFO    :   phi_jl = 6.009978127002946
16:53 bilby INFO    :   luminosity_distance = 3125.4342294821
16:53 bilby INFO    :   theta_jn = 3.1031014641697947
16:53 bilby INFO    :   psi = 0.8997096453000001
16:53 bilby INFO    :   phase = 3.1934393494
16:53 bilby INFO    :   geocent_time = 1126259642.413
16:53 bilby INFO    :   ra = 1.7126250338
16:53 bilby INFO    :   dec = 3.4947279955
16:53 bilby INFO    : Injected signal in L1:
16:53 bilby INFO    :   optimal SNR = 8.91
16:53 bilby INFO    :   matched filter SNR = 10.43+1.47j
16:53 bilby INFO    :   mass_1 = 49.84040873962222
16:53 bilby INFO    :   mass_2 = 39.23724304241385
16:53 bilby INFO    :   a_1 = 0.23440544278881226
16:53 bilby INFO    :   a_2 = 0.11610343795560686
16:53 bilby INFO    :   tilt_1 = 0.2928770543031461
16:53 bilby INFO    :   tilt_2 = 0.7164019659785691
16:53 bilby INFO    :   phi_12 = 1.2786880970477303
16:53 bilby INFO    :   phi_jl = 6.009978127002946
16:53 bilby INFO    :   luminosity_distance = 3125.4342294821
16:53 bilby INFO    :   theta_jn = 3.1031014641697947
16:53 bilby INFO    :   psi = 0.8997096453000001
16:53 bilby INFO    :   phase = 3.1934393494
16:53 bilby INFO    :   geocent_time = 1126259642.413
16:53 bilby INFO    :   ra = 1.7126250338
16:53 bilby INFO    :   dec = 3.4947279955
16:53 bilby INFO    : Injected signal in V1:
16:53 bilby INFO    :   optimal SNR = 3.02
16:53 bilby INFO    :   matched filter SNR = 1.82-0.00j
16:53 bilby INFO    :   mass_1 = 49.84040873962222
16:53 bilby INFO    :   mass_2 = 39.23724304241385
16:53 bilby INFO    :   a_1 = 0.23440544278881226
16:53 bilby INFO    :   a_2 = 0.11610343795560686
16:53 bilby INFO    :   tilt_1 = 0.2928770543031461
16:53 bilby INFO    :   tilt_2 = 0.7164019659785691
16:53 bilby INFO    :   phi_12 = 1.2786880970477303
16:53 bilby INFO    :   phi_jl = 6.009978127002946
16:53 bilby INFO    :   luminosity_distance = 3125.4342294821
16:53 bilby INFO    :   theta_jn = 3.1031014641697947
16:53 bilby INFO    :   psi = 0.8997096453000001
16:53 bilby INFO    :   phase = 3.1934393494
16:53 bilby INFO    :   geocent_time = 1126259642.413
16:53 bilby INFO    :   ra = 1.7126250338
16:53 bilby INFO    :   dec = 3.4947279955
16:53 bilby INFO    : Running for label 'job_00766_fixedExtrinsic', output will be saved to '/home/simona.miller/comp-spin-mock-injections/Data/IndividualInferenceOutput/new_bilby/population3_lowSpinAligned_highmass'
16:53 bilby INFO    : Using lal version 7.3.0
16:53 bilby INFO    : Using lal git version Branch: None;Tag: lalsuite-v7.13;Id: ec1fcb1d2d1dab69321fdb8f0afef1f867b11e06;;Builder: Unknown User <>;Repository status: UNCLEAN: Modified working tree
16:53 bilby INFO    : Using lalsimulation version 5.0.0
16:53 bilby INFO    : Using lalsimulation git version Branch: None;Tag: lalsuite-v7.13;Id: ec1fcb1d2d1dab69321fdb8f0afef1f867b11e06;;Builder: Unknown User <>;Repository status: UNCLEAN: Modified working tree
16:53 bilby INFO    : Analysis priors:
16:53 bilby INFO    : chirp_mass=bilby.gw.prior.UniformInComponentsChirpMass(minimum=2, maximum=200, name='chirp_mass', latex_label='$\\mathcal{M}$', unit=None, boundary=None)
16:53 bilby INFO    : mass_ratio=bilby.gw.prior.UniformInComponentsMassRatio(minimum=0.05, maximum=1, name='mass_ratio', latex_label='$q$', unit=None, boundary=None, equal_mass=False)
16:53 bilby INFO    : a_1=Uniform(minimum=0, maximum=0.99, name='a_1', latex_label='$a_1$', unit=None, boundary=None)
16:53 bilby INFO    : a_2=Uniform(minimum=0, maximum=0.99, name='a_2', latex_label='$a_2$', unit=None, boundary=None)
16:53 bilby INFO    : tilt_1=Sine(minimum=0, maximum=3.141592653589793, name='tilt_1', latex_label='$\\theta_1$', unit=None, boundary=None)
16:53 bilby INFO    : tilt_2=Sine(minimum=0, maximum=3.141592653589793, name='tilt_2', latex_label='$\\theta_2$', unit=None, boundary=None)
16:53 bilby INFO    : phi_12=Uniform(minimum=0, maximum=6.283185307179586, name='phi_12', latex_label='$\\Delta\\phi$', unit=None, boundary='periodic')
16:53 bilby INFO    : phi_jl=Uniform(minimum=0, maximum=6.283185307179586, name='phi_jl', latex_label='$\\phi_{JL}$', unit=None, boundary='periodic')
16:53 bilby INFO    : mass_1=Constraint(minimum=39.84040873962222, maximum=59.84040873962222, name='mass_1', latex_label='$m_1$', unit=None)
16:53 bilby INFO    : mass_2=Constraint(minimum=29.23724304241385, maximum=49.23724304241385, name='mass_2', latex_label='$m_2$', unit=None)
16:53 bilby INFO    : ra=1.7126250338
16:53 bilby INFO    : dec=3.4947279955
16:53 bilby INFO    : geocent_time=1126259642.413
16:53 bilby INFO    : phase=3.1934393494
16:53 bilby INFO    : psi=0.8997096453000001
16:53 bilby INFO    : luminosity_distance=3125.4342294821
16:53 bilby INFO    : theta_jn=3.1031014641697947
16:53 bilby INFO    : Analysis likelihood class: <class 'bilby.gw.likelihood.base.GravitationalWaveTransient'>
16:53 bilby INFO    : Analysis likelihood noise evidence: -24280.849492789297
16:53 bilby INFO    : Single likelihood evaluation took 8.200e-02 s
16:53 bilby INFO    : Using sampler Dynesty with kwargs {'nlive': 2000, 'bound': 'live', 'sample': 'act-walk', 'periodic': None, 'reflective': None, 'update_interval': 600, 'first_update': None, 'npdim': None, 'rstate': None, 'queue_size': 8, 'pool': None, 'use_pool': None, 'live_points': None, 'logl_args': None, 'logl_kwargs': None, 'ptform_args': None, 'ptform_kwargs': None, 'gradient': None, 'grad_args': None, 'grad_kwargs': None, 'compute_jac': False, 'enlarge': None, 'bootstrap': None, 'walks': 100, 'facc': 0.2, 'slices': None, 'fmove': 0.9, 'max_move': 100, 'update_func': None, 'ncdim': None, 'blob': False, 'save_history': False, 'history_filename': None, 'maxiter': None, 'maxcall': None, 'dlogz': 0.1, 'logl_max': inf, 'n_effective': None, 'add_live': True, 'print_progress': True, 'print_func': <bound method Dynesty._print_func of <bilby.core.sampler.dynesty.Dynesty object at 0x14f248817a30>>, 'save_bounds': False, 'checkpoint_file': None, 'checkpoint_every': 60, 'resume': False}
16:53 bilby INFO    : Checkpoint every check_point_delta_t = 600s
16:53 bilby INFO    : Using dynesty version 2.1.0
16:53 bilby INFO    : Using the bilby-implemented rwalk sampling tracking the autocorrelation function and thinning by 5 with maximum length 25000
16:53 bilby INFO    : Setting up multiproccesing pool with 8 processes
16:53 bilby INFO    : Reading resume file /home/simona.miller/comp-spin-mock-injections/Data/IndividualInferenceOutput/new_bilby/population3_lowSpinAligned_highmass/job_00766_fixedExtrinsic_resume.pickle
16:53 bilby INFO    : Resume file successfully loaded.
17:25 bilby INFO    : Written checkpoint file /home/simona.miller/comp-spin-mock-injections/Data/IndividualInferenceOutput/new_bilby/population3_lowSpinAligned_highmass/job_00766_fixedExtrinsic_resume.pickle
17:39 bilby INFO    : Written checkpoint file /home/simona.miller/comp-spin-mock-injections/Data/IndividualInferenceOutput/new_bilby/population3_lowSpinAligned_highmass/job_00766_fixedExtrinsic_resume.pickle
18:13 bilby INFO    : Written checkpoint file /home/simona.miller/comp-spin-mock-injections/Data/IndividualInferenceOutput/new_bilby/population3_lowSpinAligned_highmass/job_00766_fixedExtrinsic_resume.pickle
18:49 bilby INFO    : Written checkpoint file /home/simona.miller/comp-spin-mock-injections/Data/IndividualInferenceOutput/new_bilby/population3_lowSpinAligned_highmass/job_00766_fixedExtrinsic_resume.pickle
19:02 bilby INFO    : Written checkpoint file /home/simona.miller/comp-spin-mock-injections/Data/IndividualInferenceOutput/new_bilby/population3_lowSpinAligned_highmass/job_00766_fixedExtrinsic_resume.pickle
19:28 bilby INFO    : Written checkpoint file /home/simona.miller/comp-spin-mock-injections/Data/IndividualInferenceOutput/new_bilby/population3_lowSpinAligned_highmass/job_00766_fixedExtrinsic_resume.pickle
19:30 bilby INFO    : Written checkpoint file /home/simona.miller/comp-spin-mock-injections/Data/IndividualInferenceOutput/new_bilby/population3_lowSpinAligned_highmass/job_00766_fixedExtrinsic_resume.pickle
19:30 bilby INFO    : Starting to close worker pool.
19:30 bilby INFO    : Finished closing worker pool.
19:31 bilby INFO    : Rejection sampling nested samples to obtain 5938 posterior samples
19:31 bilby INFO    : Sampling time: 2 days, 3:45:59.602678
19:32 bilby INFO    : Computing per-detector log likelihoods.
19:32 bilby INFO    : Using a pool with size 8 for nsamples=5938
19:33 bilby INFO    : Generating sky frame parameters.
19:33 bilby INFO    : Computing SNRs for every sample.
19:33 bilby INFO    : Using a pool with size 8 for nsamples=5938
19:33 bilby INFO    : Summary of results:
nsamples: 5938
ln_noise_evidence: -24280.849
ln_evidence: -24225.640 +/-  0.051
ln_bayes_factor: 55.209 +/-  0.051

