14:27 bilby INFO    : Waveform generator initiated with
  frequency_domain_source_model: bilby.gw.source.lal_binary_black_hole
  time_domain_source_model: None
  parameter_conversion: bilby.gw.conversion.convert_to_lal_binary_black_hole_parameters
14:27 bilby INFO    : Injected signal in H1:
14:27 bilby INFO    :   optimal SNR = 7.99
14:27 bilby INFO    :   matched filter SNR = 7.57-0.58j
14:27 bilby INFO    :   mass_1 = 91.03382996849598
14:27 bilby INFO    :   mass_2 = 83.00054936049145
14:27 bilby INFO    :   a_1 = 0.11550235280099316
14:27 bilby INFO    :   a_2 = 0.06429748490442026
14:27 bilby INFO    :   tilt_1 = 0.3855459567790313
14:27 bilby INFO    :   tilt_2 = 1.7521563707406569
14:27 bilby INFO    :   phi_12 = 3.2281418216066164
14:27 bilby INFO    :   phi_jl = 1.1293832509059925
14:27 bilby INFO    :   luminosity_distance = 2537.4081051038
14:27 bilby INFO    :   theta_jn = 2.323919636962695
14:27 bilby INFO    :   psi = 6.2780705644
14:27 bilby INFO    :   phase = 5.7308247676
14:27 bilby INFO    :   geocent_time = 1126259642.413
14:27 bilby INFO    :   ra = 2.5366342342
14:27 bilby INFO    :   dec = 2.7831381691
14:27 bilby INFO    : Injected signal in L1:
14:27 bilby INFO    :   optimal SNR = 4.77
14:27 bilby INFO    :   matched filter SNR = 4.73-0.09j
14:27 bilby INFO    :   mass_1 = 91.03382996849598
14:27 bilby INFO    :   mass_2 = 83.00054936049145
14:27 bilby INFO    :   a_1 = 0.11550235280099316
14:27 bilby INFO    :   a_2 = 0.06429748490442026
14:27 bilby INFO    :   tilt_1 = 0.3855459567790313
14:27 bilby INFO    :   tilt_2 = 1.7521563707406569
14:27 bilby INFO    :   phi_12 = 3.2281418216066164
14:27 bilby INFO    :   phi_jl = 1.1293832509059925
14:27 bilby INFO    :   luminosity_distance = 2537.4081051038
14:27 bilby INFO    :   theta_jn = 2.323919636962695
14:27 bilby INFO    :   psi = 6.2780705644
14:27 bilby INFO    :   phase = 5.7308247676
14:27 bilby INFO    :   geocent_time = 1126259642.413
14:27 bilby INFO    :   ra = 2.5366342342
14:27 bilby INFO    :   dec = 2.7831381691
14:27 bilby INFO    : Injected signal in V1:
14:27 bilby INFO    :   optimal SNR = 3.72
14:27 bilby INFO    :   matched filter SNR = 5.86+0.96j
14:27 bilby INFO    :   mass_1 = 91.03382996849598
14:27 bilby INFO    :   mass_2 = 83.00054936049145
14:27 bilby INFO    :   a_1 = 0.11550235280099316
14:27 bilby INFO    :   a_2 = 0.06429748490442026
14:27 bilby INFO    :   tilt_1 = 0.3855459567790313
14:27 bilby INFO    :   tilt_2 = 1.7521563707406569
14:27 bilby INFO    :   phi_12 = 3.2281418216066164
14:27 bilby INFO    :   phi_jl = 1.1293832509059925
14:27 bilby INFO    :   luminosity_distance = 2537.4081051038
14:27 bilby INFO    :   theta_jn = 2.323919636962695
14:27 bilby INFO    :   psi = 6.2780705644
14:27 bilby INFO    :   phase = 5.7308247676
14:27 bilby INFO    :   geocent_time = 1126259642.413
14:27 bilby INFO    :   ra = 2.5366342342
14:27 bilby INFO    :   dec = 2.7831381691
14:27 bilby INFO    : Running for label 'job_00772_fixedExtrinsic', output will be saved to '/home/simona.miller/comp-spin-mock-injections/Data/IndividualInferenceOutput/new_bilby/population3_lowSpinAligned_highmass'
14:27 bilby INFO    : Using lal version 7.3.0
14:27 bilby INFO    : Using lal git version Branch: None;Tag: lalsuite-v7.13;Id: ec1fcb1d2d1dab69321fdb8f0afef1f867b11e06;;Builder: Unknown User <>;Repository status: UNCLEAN: Modified working tree
14:27 bilby INFO    : Using lalsimulation version 5.0.0
14:27 bilby INFO    : Using lalsimulation git version Branch: None;Tag: lalsuite-v7.13;Id: ec1fcb1d2d1dab69321fdb8f0afef1f867b11e06;;Builder: Unknown User <>;Repository status: UNCLEAN: Modified working tree
14:27 bilby INFO    : Analysis priors:
14:27 bilby INFO    : chirp_mass=bilby.gw.prior.UniformInComponentsChirpMass(minimum=2, maximum=200, name='chirp_mass', latex_label='$\\mathcal{M}$', unit=None, boundary=None)
14:27 bilby INFO    : mass_ratio=bilby.gw.prior.UniformInComponentsMassRatio(minimum=0.05, maximum=1, name='mass_ratio', latex_label='$q$', unit=None, boundary=None, equal_mass=False)
14:27 bilby INFO    : a_1=Uniform(minimum=0, maximum=0.99, name='a_1', latex_label='$a_1$', unit=None, boundary=None)
14:27 bilby INFO    : a_2=Uniform(minimum=0, maximum=0.99, name='a_2', latex_label='$a_2$', unit=None, boundary=None)
14:27 bilby INFO    : tilt_1=Sine(minimum=0, maximum=3.141592653589793, name='tilt_1', latex_label='$\\theta_1$', unit=None, boundary=None)
14:27 bilby INFO    : tilt_2=Sine(minimum=0, maximum=3.141592653589793, name='tilt_2', latex_label='$\\theta_2$', unit=None, boundary=None)
14:27 bilby INFO    : phi_12=Uniform(minimum=0, maximum=6.283185307179586, name='phi_12', latex_label='$\\Delta\\phi$', unit=None, boundary='periodic')
14:27 bilby INFO    : phi_jl=Uniform(minimum=0, maximum=6.283185307179586, name='phi_jl', latex_label='$\\phi_{JL}$', unit=None, boundary='periodic')
14:27 bilby INFO    : mass_1=Constraint(minimum=81.03382996849598, maximum=101.03382996849598, name='mass_1', latex_label='$m_1$', unit=None)
14:27 bilby INFO    : mass_2=Constraint(minimum=73.00054936049145, maximum=93.00054936049145, name='mass_2', latex_label='$m_2$', unit=None)
14:27 bilby INFO    : ra=2.5366342342
14:27 bilby INFO    : dec=2.7831381691
14:27 bilby INFO    : geocent_time=1126259642.413
14:27 bilby INFO    : phase=5.7308247676
14:27 bilby INFO    : psi=6.2780705644
14:27 bilby INFO    : luminosity_distance=2537.4081051038
14:27 bilby INFO    : theta_jn=2.323919636962695
14:27 bilby INFO    : Analysis likelihood class: <class 'bilby.gw.likelihood.base.GravitationalWaveTransient'>
14:27 bilby INFO    : Analysis likelihood noise evidence: -24026.987887074618
14:27 bilby INFO    : Single likelihood evaluation took 9.026e-02 s
14:27 bilby INFO    : Using sampler Dynesty with kwargs {'nlive': 2000, 'bound': 'live', 'sample': 'act-walk', 'periodic': None, 'reflective': None, 'update_interval': 600, 'first_update': None, 'npdim': None, 'rstate': None, 'queue_size': 8, 'pool': None, 'use_pool': None, 'live_points': None, 'logl_args': None, 'logl_kwargs': None, 'ptform_args': None, 'ptform_kwargs': None, 'gradient': None, 'grad_args': None, 'grad_kwargs': None, 'compute_jac': False, 'enlarge': None, 'bootstrap': None, 'walks': 100, 'facc': 0.2, 'slices': None, 'fmove': 0.9, 'max_move': 100, 'update_func': None, 'ncdim': None, 'blob': False, 'save_history': False, 'history_filename': None, 'maxiter': None, 'maxcall': None, 'dlogz': 0.1, 'logl_max': inf, 'n_effective': None, 'add_live': True, 'print_progress': True, 'print_func': <bound method Dynesty._print_func of <bilby.core.sampler.dynesty.Dynesty object at 0x14f1b48ade50>>, 'save_bounds': False, 'checkpoint_file': None, 'checkpoint_every': 60, 'resume': False}
14:27 bilby INFO    : Checkpoint every check_point_delta_t = 600s
14:27 bilby INFO    : Using dynesty version 2.1.0
14:27 bilby INFO    : Using the bilby-implemented rwalk sampling tracking the autocorrelation function and thinning by 5 with maximum length 25000
14:27 bilby INFO    : Setting up multiproccesing pool with 8 processes
14:27 bilby INFO    : Resume file /home/simona.miller/comp-spin-mock-injections/Data/IndividualInferenceOutput/new_bilby/population3_lowSpinAligned_highmass/job_00772_fixedExtrinsic_resume.pickle does not exist.
14:27 bilby INFO    : Generating initial points from the prior
14:43 bilby INFO    : Written checkpoint file /home/simona.miller/comp-spin-mock-injections/Data/IndividualInferenceOutput/new_bilby/population3_lowSpinAligned_highmass/job_00772_fixedExtrinsic_resume.pickle
14:53 bilby INFO    : Written checkpoint file /home/simona.miller/comp-spin-mock-injections/Data/IndividualInferenceOutput/new_bilby/population3_lowSpinAligned_highmass/job_00772_fixedExtrinsic_resume.pickle
15:04 bilby INFO    : Written checkpoint file /home/simona.miller/comp-spin-mock-injections/Data/IndividualInferenceOutput/new_bilby/population3_lowSpinAligned_highmass/job_00772_fixedExtrinsic_resume.pickle
15:14 bilby INFO    : Written checkpoint file /home/simona.miller/comp-spin-mock-injections/Data/IndividualInferenceOutput/new_bilby/population3_lowSpinAligned_highmass/job_00772_fixedExtrinsic_resume.pickle
15:25 bilby INFO    : Written checkpoint file /home/simona.miller/comp-spin-mock-injections/Data/IndividualInferenceOutput/new_bilby/population3_lowSpinAligned_highmass/job_00772_fixedExtrinsic_resume.pickle
15:35 bilby INFO    : Written checkpoint file /home/simona.miller/comp-spin-mock-injections/Data/IndividualInferenceOutput/new_bilby/population3_lowSpinAligned_highmass/job_00772_fixedExtrinsic_resume.pickle
15:46 bilby INFO    : Written checkpoint file /home/simona.miller/comp-spin-mock-injections/Data/IndividualInferenceOutput/new_bilby/population3_lowSpinAligned_highmass/job_00772_fixedExtrinsic_resume.pickle
15:58 bilby INFO    : Written checkpoint file /home/simona.miller/comp-spin-mock-injections/Data/IndividualInferenceOutput/new_bilby/population3_lowSpinAligned_highmass/job_00772_fixedExtrinsic_resume.pickle
16:09 bilby INFO    : Written checkpoint file /home/simona.miller/comp-spin-mock-injections/Data/IndividualInferenceOutput/new_bilby/population3_lowSpinAligned_highmass/job_00772_fixedExtrinsic_resume.pickle
16:20 bilby INFO    : Written checkpoint file /home/simona.miller/comp-spin-mock-injections/Data/IndividualInferenceOutput/new_bilby/population3_lowSpinAligned_highmass/job_00772_fixedExtrinsic_resume.pickle
16:32 bilby INFO    : Written checkpoint file /home/simona.miller/comp-spin-mock-injections/Data/IndividualInferenceOutput/new_bilby/population3_lowSpinAligned_highmass/job_00772_fixedExtrinsic_resume.pickle
16:43 bilby INFO    : Written checkpoint file /home/simona.miller/comp-spin-mock-injections/Data/IndividualInferenceOutput/new_bilby/population3_lowSpinAligned_highmass/job_00772_fixedExtrinsic_resume.pickle
16:56 bilby INFO    : Written checkpoint file /home/simona.miller/comp-spin-mock-injections/Data/IndividualInferenceOutput/new_bilby/population3_lowSpinAligned_highmass/job_00772_fixedExtrinsic_resume.pickle
17:10 bilby INFO    : Written checkpoint file /home/simona.miller/comp-spin-mock-injections/Data/IndividualInferenceOutput/new_bilby/population3_lowSpinAligned_highmass/job_00772_fixedExtrinsic_resume.pickle
17:24 bilby INFO    : Written checkpoint file /home/simona.miller/comp-spin-mock-injections/Data/IndividualInferenceOutput/new_bilby/population3_lowSpinAligned_highmass/job_00772_fixedExtrinsic_resume.pickle
17:35 bilby INFO    : Written checkpoint file /home/simona.miller/comp-spin-mock-injections/Data/IndividualInferenceOutput/new_bilby/population3_lowSpinAligned_highmass/job_00772_fixedExtrinsic_resume.pickle
17:46 bilby INFO    : Written checkpoint file /home/simona.miller/comp-spin-mock-injections/Data/IndividualInferenceOutput/new_bilby/population3_lowSpinAligned_highmass/job_00772_fixedExtrinsic_resume.pickle
17:57 bilby INFO    : Written checkpoint file /home/simona.miller/comp-spin-mock-injections/Data/IndividualInferenceOutput/new_bilby/population3_lowSpinAligned_highmass/job_00772_fixedExtrinsic_resume.pickle
18:10 bilby INFO    : Written checkpoint file /home/simona.miller/comp-spin-mock-injections/Data/IndividualInferenceOutput/new_bilby/population3_lowSpinAligned_highmass/job_00772_fixedExtrinsic_resume.pickle
18:22 bilby INFO    : Written checkpoint file /home/simona.miller/comp-spin-mock-injections/Data/IndividualInferenceOutput/new_bilby/population3_lowSpinAligned_highmass/job_00772_fixedExtrinsic_resume.pickle
18:32 bilby INFO    : Written checkpoint file /home/simona.miller/comp-spin-mock-injections/Data/IndividualInferenceOutput/new_bilby/population3_lowSpinAligned_highmass/job_00772_fixedExtrinsic_resume.pickle
18:46 bilby INFO    : Written checkpoint file /home/simona.miller/comp-spin-mock-injections/Data/IndividualInferenceOutput/new_bilby/population3_lowSpinAligned_highmass/job_00772_fixedExtrinsic_resume.pickle
19:00 bilby INFO    : Written checkpoint file /home/simona.miller/comp-spin-mock-injections/Data/IndividualInferenceOutput/new_bilby/population3_lowSpinAligned_highmass/job_00772_fixedExtrinsic_resume.pickle
19:15 bilby INFO    : Written checkpoint file /home/simona.miller/comp-spin-mock-injections/Data/IndividualInferenceOutput/new_bilby/population3_lowSpinAligned_highmass/job_00772_fixedExtrinsic_resume.pickle
19:27 bilby INFO    : Written checkpoint file /home/simona.miller/comp-spin-mock-injections/Data/IndividualInferenceOutput/new_bilby/population3_lowSpinAligned_highmass/job_00772_fixedExtrinsic_resume.pickle
19:39 bilby INFO    : Written checkpoint file /home/simona.miller/comp-spin-mock-injections/Data/IndividualInferenceOutput/new_bilby/population3_lowSpinAligned_highmass/job_00772_fixedExtrinsic_resume.pickle
19:51 bilby INFO    : Written checkpoint file /home/simona.miller/comp-spin-mock-injections/Data/IndividualInferenceOutput/new_bilby/population3_lowSpinAligned_highmass/job_00772_fixedExtrinsic_resume.pickle
20:03 bilby INFO    : Written checkpoint file /home/simona.miller/comp-spin-mock-injections/Data/IndividualInferenceOutput/new_bilby/population3_lowSpinAligned_highmass/job_00772_fixedExtrinsic_resume.pickle
20:17 bilby INFO    : Written checkpoint file /home/simona.miller/comp-spin-mock-injections/Data/IndividualInferenceOutput/new_bilby/population3_lowSpinAligned_highmass/job_00772_fixedExtrinsic_resume.pickle
20:31 bilby INFO    : Written checkpoint file /home/simona.miller/comp-spin-mock-injections/Data/IndividualInferenceOutput/new_bilby/population3_lowSpinAligned_highmass/job_00772_fixedExtrinsic_resume.pickle
21:01 bilby INFO    : Written checkpoint file /home/simona.miller/comp-spin-mock-injections/Data/IndividualInferenceOutput/new_bilby/population3_lowSpinAligned_highmass/job_00772_fixedExtrinsic_resume.pickle
21:12 bilby INFO    : Written checkpoint file /home/simona.miller/comp-spin-mock-injections/Data/IndividualInferenceOutput/new_bilby/population3_lowSpinAligned_highmass/job_00772_fixedExtrinsic_resume.pickle
21:24 bilby INFO    : Written checkpoint file /home/simona.miller/comp-spin-mock-injections/Data/IndividualInferenceOutput/new_bilby/population3_lowSpinAligned_highmass/job_00772_fixedExtrinsic_resume.pickle
21:35 bilby INFO    : Written checkpoint file /home/simona.miller/comp-spin-mock-injections/Data/IndividualInferenceOutput/new_bilby/population3_lowSpinAligned_highmass/job_00772_fixedExtrinsic_resume.pickle
21:50 bilby INFO    : Written checkpoint file /home/simona.miller/comp-spin-mock-injections/Data/IndividualInferenceOutput/new_bilby/population3_lowSpinAligned_highmass/job_00772_fixedExtrinsic_resume.pickle
21:52 bilby INFO    : Written checkpoint file /home/simona.miller/comp-spin-mock-injections/Data/IndividualInferenceOutput/new_bilby/population3_lowSpinAligned_highmass/job_00772_fixedExtrinsic_resume.pickle
21:52 bilby INFO    : Starting to close worker pool.
21:52 bilby INFO    : Finished closing worker pool.
21:53 bilby INFO    : Rejection sampling nested samples to obtain 5998 posterior samples
21:53 bilby INFO    : Sampling time: 7:19:34.627833
21:53 bilby INFO    : Computing per-detector log likelihoods.
21:53 bilby INFO    : Using a pool with size 8 for nsamples=5998
21:54 bilby INFO    : Generating sky frame parameters.
21:54 bilby INFO    : Computing SNRs for every sample.
21:54 bilby INFO    : Using a pool with size 8 for nsamples=5998
21:54 bilby INFO    : Summary of results:
nsamples: 5998
ln_noise_evidence: -24026.988
ln_evidence: -23974.759 +/-  0.041
ln_bayes_factor: 52.229 +/-  0.041

