14:43 bilby INFO    : Waveform generator initiated with
  frequency_domain_source_model: bilby.gw.source.lal_binary_black_hole
  time_domain_source_model: None
  parameter_conversion: bilby.gw.conversion.convert_to_lal_binary_black_hole_parameters
14:43 bilby INFO    : Injected signal in H1:
14:43 bilby INFO    :   optimal SNR = 12.35
14:43 bilby INFO    :   matched filter SNR = 12.83+0.27j
14:43 bilby INFO    :   mass_1 = 22.719293526991336
14:43 bilby INFO    :   mass_2 = 22.376387673106947
14:43 bilby INFO    :   a_1 = 0.07347637221119713
14:43 bilby INFO    :   a_2 = 0.04972961777361169
14:43 bilby INFO    :   tilt_1 = 1.0856613344864081
14:43 bilby INFO    :   tilt_2 = 1.4280055449157545
14:43 bilby INFO    :   phi_12 = 5.695760117752361
14:43 bilby INFO    :   phi_jl = 2.397185518104081
14:43 bilby INFO    :   luminosity_distance = 569.518853347
14:43 bilby INFO    :   theta_jn = 0.8998528319034166
14:43 bilby INFO    :   psi = 4.2446535126
14:43 bilby INFO    :   phase = 0.4480117631
14:43 bilby INFO    :   geocent_time = 1126259642.413
14:43 bilby INFO    :   ra = 4.7213829484000005
14:43 bilby INFO    :   dec = 4.3105921517
14:43 bilby INFO    : Injected signal in L1:
14:43 bilby INFO    :   optimal SNR = 12.58
14:43 bilby INFO    :   matched filter SNR = 12.71-0.23j
14:43 bilby INFO    :   mass_1 = 22.719293526991336
14:43 bilby INFO    :   mass_2 = 22.376387673106947
14:43 bilby INFO    :   a_1 = 0.07347637221119713
14:43 bilby INFO    :   a_2 = 0.04972961777361169
14:43 bilby INFO    :   tilt_1 = 1.0856613344864081
14:43 bilby INFO    :   tilt_2 = 1.4280055449157545
14:43 bilby INFO    :   phi_12 = 5.695760117752361
14:43 bilby INFO    :   phi_jl = 2.397185518104081
14:43 bilby INFO    :   luminosity_distance = 569.518853347
14:43 bilby INFO    :   theta_jn = 0.8998528319034166
14:43 bilby INFO    :   psi = 4.2446535126
14:43 bilby INFO    :   phase = 0.4480117631
14:43 bilby INFO    :   geocent_time = 1126259642.413
14:43 bilby INFO    :   ra = 4.7213829484000005
14:43 bilby INFO    :   dec = 4.3105921517
14:43 bilby INFO    : Injected signal in V1:
14:43 bilby INFO    :   optimal SNR = 5.53
14:43 bilby INFO    :   matched filter SNR = 4.59-1.21j
14:43 bilby INFO    :   mass_1 = 22.719293526991336
14:43 bilby INFO    :   mass_2 = 22.376387673106947
14:43 bilby INFO    :   a_1 = 0.07347637221119713
14:43 bilby INFO    :   a_2 = 0.04972961777361169
14:43 bilby INFO    :   tilt_1 = 1.0856613344864081
14:43 bilby INFO    :   tilt_2 = 1.4280055449157545
14:43 bilby INFO    :   phi_12 = 5.695760117752361
14:43 bilby INFO    :   phi_jl = 2.397185518104081
14:43 bilby INFO    :   luminosity_distance = 569.518853347
14:43 bilby INFO    :   theta_jn = 0.8998528319034166
14:43 bilby INFO    :   psi = 4.2446535126
14:43 bilby INFO    :   phase = 0.4480117631
14:43 bilby INFO    :   geocent_time = 1126259642.413
14:43 bilby INFO    :   ra = 4.7213829484000005
14:43 bilby INFO    :   dec = 4.3105921517
14:43 bilby INFO    : Running for label 'job_00373_justSpin', output will be saved to '/home/simona.miller/comp-spin-mock-injections/Data/IndividualInferenceOutput/new_bilby/population3_lowSpinAligned_highmass'
14:43 bilby INFO    : Using lal version 7.3.0
14:43 bilby INFO    : Using lal git version Branch: None;Tag: lalsuite-v7.13;Id: ec1fcb1d2d1dab69321fdb8f0afef1f867b11e06;;Builder: Unknown User <>;Repository status: UNCLEAN: Modified working tree
14:43 bilby INFO    : Using lalsimulation version 5.0.0
14:43 bilby INFO    : Using lalsimulation git version Branch: None;Tag: lalsuite-v7.13;Id: ec1fcb1d2d1dab69321fdb8f0afef1f867b11e06;;Builder: Unknown User <>;Repository status: UNCLEAN: Modified working tree
14:43 bilby INFO    : Analysis priors:
14:43 bilby INFO    : a_1=Uniform(minimum=0, maximum=0.99, name='a_1', latex_label='$a_1$', unit=None, boundary=None)
14:43 bilby INFO    : a_2=Uniform(minimum=0, maximum=0.99, name='a_2', latex_label='$a_2$', unit=None, boundary=None)
14:43 bilby INFO    : tilt_1=Sine(minimum=0, maximum=3.141592653589793, name='tilt_1', latex_label='$\\theta_1$', unit=None, boundary=None)
14:43 bilby INFO    : tilt_2=Sine(minimum=0, maximum=3.141592653589793, name='tilt_2', latex_label='$\\theta_2$', unit=None, boundary=None)
14:43 bilby INFO    : ra=4.7213829484000005
14:43 bilby INFO    : dec=4.3105921517
14:43 bilby INFO    : geocent_time=1126259642.413
14:43 bilby INFO    : phase=0.4480117631
14:43 bilby INFO    : psi=4.2446535126
14:43 bilby INFO    : luminosity_distance=569.518853347
14:43 bilby INFO    : theta_jn=0.8998528319034166
14:43 bilby INFO    : mass_1=22.719293526991336
14:43 bilby INFO    : mass_2=22.376387673106947
14:43 bilby INFO    : phi_12=5.695760117752361
14:43 bilby INFO    : phi_jl=2.397185518104081
14:43 bilby INFO    : Analysis likelihood class: <class 'bilby.gw.likelihood.base.GravitationalWaveTransient'>
14:43 bilby INFO    : Analysis likelihood noise evidence: -24156.105425920847
14:43 bilby INFO    : Single likelihood evaluation took 3.666e-02 s
14:43 bilby INFO    : Using sampler Dynesty with kwargs {'nlive': 2000, 'bound': 'live', 'sample': 'act-walk', 'periodic': None, 'reflective': None, 'update_interval': 600, 'first_update': None, 'npdim': None, 'rstate': None, 'queue_size': 8, 'pool': None, 'use_pool': None, 'live_points': None, 'logl_args': None, 'logl_kwargs': None, 'ptform_args': None, 'ptform_kwargs': None, 'gradient': None, 'grad_args': None, 'grad_kwargs': None, 'compute_jac': False, 'enlarge': None, 'bootstrap': None, 'walks': 100, 'facc': 0.2, 'slices': None, 'fmove': 0.9, 'max_move': 100, 'update_func': None, 'ncdim': None, 'blob': False, 'save_history': False, 'history_filename': None, 'maxiter': None, 'maxcall': None, 'dlogz': 0.1, 'logl_max': inf, 'n_effective': None, 'add_live': True, 'print_progress': True, 'print_func': <bound method Dynesty._print_func of <bilby.core.sampler.dynesty.Dynesty object at 0x14581d959dc0>>, 'save_bounds': False, 'checkpoint_file': None, 'checkpoint_every': 60, 'resume': False}
14:43 bilby INFO    : Checkpoint every check_point_delta_t = 600s
14:43 bilby INFO    : Using dynesty version 2.1.0
14:43 bilby INFO    : Using the bilby-implemented rwalk sampling tracking the autocorrelation function and thinning by 5 with maximum length 25000
14:43 bilby INFO    : Setting up multiproccesing pool with 8 processes
14:43 bilby INFO    : Reading resume file /home/simona.miller/comp-spin-mock-injections/Data/IndividualInferenceOutput/new_bilby/population3_lowSpinAligned_highmass/job_00373_justSpin_resume.pickle
14:43 bilby INFO    : Resume file successfully loaded.
14:47 bilby INFO    : Written checkpoint file /home/simona.miller/comp-spin-mock-injections/Data/IndividualInferenceOutput/new_bilby/population3_lowSpinAligned_highmass/job_00373_justSpin_resume.pickle
15:15 bilby INFO    : Written checkpoint file /home/simona.miller/comp-spin-mock-injections/Data/IndividualInferenceOutput/new_bilby/population3_lowSpinAligned_highmass/job_00373_justSpin_resume.pickle
15:27 bilby INFO    : Written checkpoint file /home/simona.miller/comp-spin-mock-injections/Data/IndividualInferenceOutput/new_bilby/population3_lowSpinAligned_highmass/job_00373_justSpin_resume.pickle
16:30 bilby INFO    : Written checkpoint file /home/simona.miller/comp-spin-mock-injections/Data/IndividualInferenceOutput/new_bilby/population3_lowSpinAligned_highmass/job_00373_justSpin_resume.pickle
16:46 bilby INFO    : Written checkpoint file /home/simona.miller/comp-spin-mock-injections/Data/IndividualInferenceOutput/new_bilby/population3_lowSpinAligned_highmass/job_00373_justSpin_resume.pickle
17:08 bilby INFO    : Written checkpoint file /home/simona.miller/comp-spin-mock-injections/Data/IndividualInferenceOutput/new_bilby/population3_lowSpinAligned_highmass/job_00373_justSpin_resume.pickle
17:21 bilby INFO    : Written checkpoint file /home/simona.miller/comp-spin-mock-injections/Data/IndividualInferenceOutput/new_bilby/population3_lowSpinAligned_highmass/job_00373_justSpin_resume.pickle
17:32 bilby INFO    : Written checkpoint file /home/simona.miller/comp-spin-mock-injections/Data/IndividualInferenceOutput/new_bilby/population3_lowSpinAligned_highmass/job_00373_justSpin_resume.pickle
17:43 bilby INFO    : Written checkpoint file /home/simona.miller/comp-spin-mock-injections/Data/IndividualInferenceOutput/new_bilby/population3_lowSpinAligned_highmass/job_00373_justSpin_resume.pickle
17:59 bilby INFO    : Written checkpoint file /home/simona.miller/comp-spin-mock-injections/Data/IndividualInferenceOutput/new_bilby/population3_lowSpinAligned_highmass/job_00373_justSpin_resume.pickle
18:14 bilby INFO    : Written checkpoint file /home/simona.miller/comp-spin-mock-injections/Data/IndividualInferenceOutput/new_bilby/population3_lowSpinAligned_highmass/job_00373_justSpin_resume.pickle
18:28 bilby INFO    : Written checkpoint file /home/simona.miller/comp-spin-mock-injections/Data/IndividualInferenceOutput/new_bilby/population3_lowSpinAligned_highmass/job_00373_justSpin_resume.pickle
18:41 bilby INFO    : Written checkpoint file /home/simona.miller/comp-spin-mock-injections/Data/IndividualInferenceOutput/new_bilby/population3_lowSpinAligned_highmass/job_00373_justSpin_resume.pickle
18:52 bilby INFO    : Written checkpoint file /home/simona.miller/comp-spin-mock-injections/Data/IndividualInferenceOutput/new_bilby/population3_lowSpinAligned_highmass/job_00373_justSpin_resume.pickle
19:43 bilby INFO    : Written checkpoint file /home/simona.miller/comp-spin-mock-injections/Data/IndividualInferenceOutput/new_bilby/population3_lowSpinAligned_highmass/job_00373_justSpin_resume.pickle
19:54 bilby INFO    : Written checkpoint file /home/simona.miller/comp-spin-mock-injections/Data/IndividualInferenceOutput/new_bilby/population3_lowSpinAligned_highmass/job_00373_justSpin_resume.pickle
20:07 bilby INFO    : Written checkpoint file /home/simona.miller/comp-spin-mock-injections/Data/IndividualInferenceOutput/new_bilby/population3_lowSpinAligned_highmass/job_00373_justSpin_resume.pickle
20:56 bilby INFO    : Written checkpoint file /home/simona.miller/comp-spin-mock-injections/Data/IndividualInferenceOutput/new_bilby/population3_lowSpinAligned_highmass/job_00373_justSpin_resume.pickle
21:08 bilby INFO    : Written checkpoint file /home/simona.miller/comp-spin-mock-injections/Data/IndividualInferenceOutput/new_bilby/population3_lowSpinAligned_highmass/job_00373_justSpin_resume.pickle
21:20 bilby INFO    : Written checkpoint file /home/simona.miller/comp-spin-mock-injections/Data/IndividualInferenceOutput/new_bilby/population3_lowSpinAligned_highmass/job_00373_justSpin_resume.pickle
21:33 bilby INFO    : Written checkpoint file /home/simona.miller/comp-spin-mock-injections/Data/IndividualInferenceOutput/new_bilby/population3_lowSpinAligned_highmass/job_00373_justSpin_resume.pickle
22:07 bilby INFO    : Written checkpoint file /home/simona.miller/comp-spin-mock-injections/Data/IndividualInferenceOutput/new_bilby/population3_lowSpinAligned_highmass/job_00373_justSpin_resume.pickle
22:19 bilby INFO    : Written checkpoint file /home/simona.miller/comp-spin-mock-injections/Data/IndividualInferenceOutput/new_bilby/population3_lowSpinAligned_highmass/job_00373_justSpin_resume.pickle
22:24 bilby INFO    : Written checkpoint file /home/simona.miller/comp-spin-mock-injections/Data/IndividualInferenceOutput/new_bilby/population3_lowSpinAligned_highmass/job_00373_justSpin_resume.pickle
22:25 bilby INFO    : Starting to close worker pool.
22:25 bilby INFO    : Finished closing worker pool.
22:25 bilby INFO    : Rejection sampling nested samples to obtain 5851 posterior samples
22:25 bilby INFO    : Sampling time: 1 day, 6:52:48.766284
22:25 bilby INFO    : Computing per-detector log likelihoods.
22:25 bilby INFO    : Using a pool with size 8 for nsamples=5851
22:26 bilby INFO    : Generating sky frame parameters.
22:26 bilby INFO    : Computing SNRs for every sample.
22:26 bilby INFO    : Using a pool with size 8 for nsamples=5851
22:26 bilby INFO    : Summary of results:
nsamples: 5851
ln_noise_evidence: -24156.105
ln_evidence: -23988.457 +/-  0.065
ln_bayes_factor: 167.648 +/-  0.065

