000 (113450177.000.000) 2023-03-29 17:01:37 Job submitted from host: <10.14.0.160:9618?addrs=10.14.0.160-9618&alias=ldas-pcdev2.ligo.caltech.edu&noUDP&sock=schedd_7450_a8a7>
    DAG Node: 372
...
040 (113450177.000.000) 2023-03-29 17:46:10 Started transferring input files
	Transferring to host: <10.14.9.194:9618?addrs=10.14.9.194-9618&alias=node2194.cluster.ldas.cit&noUDP&sock=slot1_2_189911_3ac4_89224>
...
040 (113450177.000.000) 2023-03-29 17:46:10 Finished transferring input files
...
001 (113450177.000.000) 2023-03-29 17:46:11 Job executing on host: <10.14.9.194:9618?addrs=10.14.9.194-9618&alias=node2194.cluster.ldas.cit&noUDP&sock=startd_189641_87e3>
...
006 (113450177.000.000) 2023-03-29 17:46:11 Image size of job updated: 1
	0  -  MemoryUsage of job (MB)
	0  -  ResidentSetSize of job (KB)
...
040 (113450177.000.000) 2023-03-29 17:46:11 Started transferring output files
...
040 (113450177.000.000) 2023-03-29 17:46:11 Finished transferring output files
...
005 (113450177.000.000) 2023-03-29 17:46:11 Job terminated.
	(1) Normal termination (return value 127)
		Usr 0 00:00:00, Sys 0 00:00:00  -  Run Remote Usage
		Usr 0 00:00:00, Sys 0 00:00:00  -  Run Local Usage
		Usr 0 00:00:00, Sys 0 00:00:00  -  Total Remote Usage
		Usr 0 00:00:00, Sys 0 00:00:00  -  Total Local Usage
	407  -  Run Bytes Sent By Job
	381  -  Run Bytes Received By Job
	407  -  Total Bytes Sent By Job
	381  -  Total Bytes Received By Job
	Partitionable Resources :    Usage  Request Allocated 
	   Cpus                 :                 1         1 
	   Disk (KB)            :       15   500000    561711 
	   GPUs                 :                           0 
	   Memory (MB)          :        0    20000     20096 

	Job terminated of its own accord at 2023-03-30T00:46:11Z with exit-code 127.
...
000 (113484764.000.000) 2023-04-01 14:23:18 Job submitted from host: <10.14.0.160:9618?addrs=10.14.0.160-9618&alias=ldas-pcdev2.ligo.caltech.edu&noUDP&sock=schedd_7450_a8a7>
    DAG Node: 372
...
040 (113484764.000.000) 2023-04-01 14:27:04 Started transferring input files
	Transferring to host: <10.14.10.93:9618?addrs=10.14.10.93-9618&alias=node2343.cluster.ldas.cit&noUDP&sock=slot1_9_946356_29cc_10828>
...
040 (113484764.000.000) 2023-04-01 14:27:04 Finished transferring input files
...
001 (113484764.000.000) 2023-04-01 14:27:05 Job executing on host: <10.14.10.93:9618?addrs=10.14.10.93-9618&alias=node2343.cluster.ldas.cit&noUDP&sock=startd_946313_95e5>
...
006 (113484764.000.000) 2023-04-01 14:27:14 Image size of job updated: 444128
	100  -  MemoryUsage of job (MB)
	102344  -  ResidentSetSize of job (KB)
...
006 (113484764.000.000) 2023-04-01 14:32:15 Image size of job updated: 4381276
	142  -  MemoryUsage of job (MB)
	145236  -  ResidentSetSize of job (KB)
...
006 (113484764.000.000) 2023-04-01 14:37:15 Image size of job updated: 4381276
	323  -  MemoryUsage of job (MB)
	329792  -  ResidentSetSize of job (KB)
...
006 (113484764.000.000) 2023-04-01 14:42:15 Image size of job updated: 4381276
	333  -  MemoryUsage of job (MB)
	340728  -  ResidentSetSize of job (KB)
...
006 (113484764.000.000) 2023-04-01 14:47:16 Image size of job updated: 4381276
	449  -  MemoryUsage of job (MB)
	459092  -  ResidentSetSize of job (KB)
...
006 (113484764.000.000) 2023-04-01 14:52:17 Image size of job updated: 4381276
	452  -  MemoryUsage of job (MB)
	461920  -  ResidentSetSize of job (KB)
...
006 (113484764.000.000) 2023-04-01 14:57:17 Image size of job updated: 4384092
	482  -  MemoryUsage of job (MB)
	492616  -  ResidentSetSize of job (KB)
...
006 (113484764.000.000) 2023-04-01 15:02:18 Image size of job updated: 4386108
	564  -  MemoryUsage of job (MB)
	576652  -  ResidentSetSize of job (KB)
...
006 (113484764.000.000) 2023-04-01 15:07:19 Image size of job updated: 4395008
	760  -  MemoryUsage of job (MB)
	777600  -  ResidentSetSize of job (KB)
...
006 (113484764.000.000) 2023-04-01 15:12:19 Image size of job updated: 4395948
	799  -  MemoryUsage of job (MB)
	817860  -  ResidentSetSize of job (KB)
...
006 (113484764.000.000) 2023-04-01 15:17:19 Image size of job updated: 4397460
	802  -  MemoryUsage of job (MB)
	820564  -  ResidentSetSize of job (KB)
...
006 (113484764.000.000) 2023-04-01 15:22:20 Image size of job updated: 4398148
	804  -  MemoryUsage of job (MB)
	822348  -  ResidentSetSize of job (KB)
...
006 (113484764.000.000) 2023-04-01 15:27:21 Image size of job updated: 4420116
	825  -  MemoryUsage of job (MB)
	843808  -  ResidentSetSize of job (KB)
...
006 (113484764.000.000) 2023-04-01 15:32:21 Image size of job updated: 4422008
	828  -  MemoryUsage of job (MB)
	847684  -  ResidentSetSize of job (KB)
...
006 (113484764.000.000) 2023-04-01 15:37:21 Image size of job updated: 4450332
	840  -  MemoryUsage of job (MB)
	859856  -  ResidentSetSize of job (KB)
...
006 (113484764.000.000) 2023-04-01 15:42:22 Image size of job updated: 4450332
	841  -  MemoryUsage of job (MB)
	860868  -  ResidentSetSize of job (KB)
...
006 (113484764.000.000) 2023-04-01 15:47:22 Image size of job updated: 4462940
	867  -  MemoryUsage of job (MB)
	887092  -  ResidentSetSize of job (KB)
...
006 (113484764.000.000) 2023-04-01 15:52:22 Image size of job updated: 4462940
	867  -  MemoryUsage of job (MB)
	887420  -  ResidentSetSize of job (KB)
...
006 (113484764.000.000) 2023-04-01 15:57:23 Image size of job updated: 4463672
	867  -  MemoryUsage of job (MB)
	887420  -  ResidentSetSize of job (KB)
...
006 (113484764.000.000) 2023-04-01 16:02:24 Image size of job updated: 4470532
	867  -  MemoryUsage of job (MB)
	887420  -  ResidentSetSize of job (KB)
...
006 (113484764.000.000) 2023-04-01 16:12:24 Image size of job updated: 4507628
	944  -  MemoryUsage of job (MB)
	965740  -  ResidentSetSize of job (KB)
...
006 (113484764.000.000) 2023-04-01 16:17:25 Image size of job updated: 4508332
	944  -  MemoryUsage of job (MB)
	966440  -  ResidentSetSize of job (KB)
...
006 (113484764.000.000) 2023-04-01 16:42:28 Image size of job updated: 4539404
	993  -  MemoryUsage of job (MB)
	1016568  -  ResidentSetSize of job (KB)
...
006 (113484764.000.000) 2023-04-01 16:47:28 Image size of job updated: 4542064
	993  -  MemoryUsage of job (MB)
	1016568  -  ResidentSetSize of job (KB)
...
006 (113484764.000.000) 2023-04-01 16:52:29 Image size of job updated: 4543552
	994  -  MemoryUsage of job (MB)
	1016900  -  ResidentSetSize of job (KB)
...
006 (113484764.000.000) 2023-04-01 16:57:29 Image size of job updated: 4548444
	994  -  MemoryUsage of job (MB)
	1016900  -  ResidentSetSize of job (KB)
...
006 (113484764.000.000) 2023-04-01 17:07:30 Image size of job updated: 4548444
	998  -  MemoryUsage of job (MB)
	1021792  -  ResidentSetSize of job (KB)
...
006 (113484764.000.000) 2023-04-01 17:12:31 Image size of job updated: 4548444
	1020  -  MemoryUsage of job (MB)
	1043948  -  ResidentSetSize of job (KB)
...
006 (113484764.000.000) 2023-04-01 17:17:31 Image size of job updated: 4548444
	1031  -  MemoryUsage of job (MB)
	1055520  -  ResidentSetSize of job (KB)
...
006 (113484764.000.000) 2023-04-01 17:22:31 Image size of job updated: 4548444
	1051  -  MemoryUsage of job (MB)
	1075484  -  ResidentSetSize of job (KB)
...
006 (113484764.000.000) 2023-04-01 17:27:33 Image size of job updated: 4548444
	1051  -  MemoryUsage of job (MB)
	1075612  -  ResidentSetSize of job (KB)
...
006 (113484764.000.000) 2023-04-01 17:42:34 Image size of job updated: 4548444
	1066  -  MemoryUsage of job (MB)
	1090644  -  ResidentSetSize of job (KB)
...
006 (113484764.000.000) 2023-04-01 17:57:35 Image size of job updated: 4555432
	1075  -  MemoryUsage of job (MB)
	1100380  -  ResidentSetSize of job (KB)
...
006 (113484764.000.000) 2023-04-01 18:02:36 Image size of job updated: 4555432
	1077  -  MemoryUsage of job (MB)
	1102092  -  ResidentSetSize of job (KB)
...
006 (113484764.000.000) 2023-04-01 18:17:38 Image size of job updated: 4568068
	1083  -  MemoryUsage of job (MB)
	1108540  -  ResidentSetSize of job (KB)
...
006 (113484764.000.000) 2023-04-01 18:27:40 Image size of job updated: 4568068
	1084  -  MemoryUsage of job (MB)
	1109652  -  ResidentSetSize of job (KB)
...
006 (113484764.000.000) 2023-04-01 18:32:40 Image size of job updated: 4570292
	1089  -  MemoryUsage of job (MB)
	1114120  -  ResidentSetSize of job (KB)
...
006 (113484764.000.000) 2023-04-01 18:37:41 Image size of job updated: 4571996
	1090  -  MemoryUsage of job (MB)
	1115332  -  ResidentSetSize of job (KB)
...
006 (113484764.000.000) 2023-04-01 18:42:42 Image size of job updated: 4644364
	1090  -  MemoryUsage of job (MB)
	1115332  -  ResidentSetSize of job (KB)
...
006 (113484764.000.000) 2023-04-01 19:07:44 Image size of job updated: 4644364
	1124  -  MemoryUsage of job (MB)
	1150808  -  ResidentSetSize of job (KB)
...
006 (113484764.000.000) 2023-04-01 19:22:46 Image size of job updated: 4644364
	1132  -  MemoryUsage of job (MB)
	1158344  -  ResidentSetSize of job (KB)
...
006 (113484764.000.000) 2023-04-01 19:27:46 Image size of job updated: 4644364
	1136  -  MemoryUsage of job (MB)
	1162700  -  ResidentSetSize of job (KB)
...
006 (113484764.000.000) 2023-04-01 20:47:55 Image size of job updated: 4679252
	1136  -  MemoryUsage of job (MB)
	1162700  -  ResidentSetSize of job (KB)
...
006 (113484764.000.000) 2023-04-01 20:52:55 Image size of job updated: 4679252
	1147  -  MemoryUsage of job (MB)
	1174260  -  ResidentSetSize of job (KB)
...
006 (113484764.000.000) 2023-04-01 20:57:56 Image size of job updated: 4679252
	1157  -  MemoryUsage of job (MB)
	1184604  -  ResidentSetSize of job (KB)
...
006 (113484764.000.000) 2023-04-01 21:22:59 Image size of job updated: 4679252
	1159  -  MemoryUsage of job (MB)
	1186444  -  ResidentSetSize of job (KB)
...
006 (113484764.000.000) 2023-04-01 21:38:00 Image size of job updated: 4679252
	1160  -  MemoryUsage of job (MB)
	1187048  -  ResidentSetSize of job (KB)
...
006 (113484764.000.000) 2023-04-01 21:58:02 Image size of job updated: 4728484
	1163  -  MemoryUsage of job (MB)
	1190544  -  ResidentSetSize of job (KB)
...
006 (113484764.000.000) 2023-04-01 22:03:03 Image size of job updated: 4728484
	1164  -  MemoryUsage of job (MB)
	1190968  -  ResidentSetSize of job (KB)
...
006 (113484764.000.000) 2023-04-01 22:13:04 Image size of job updated: 4730136
	1168  -  MemoryUsage of job (MB)
	1195160  -  ResidentSetSize of job (KB)
...
006 (113484764.000.000) 2023-04-01 22:18:04 Image size of job updated: 4730136
	1172  -  MemoryUsage of job (MB)
	1199796  -  ResidentSetSize of job (KB)
...
006 (113484764.000.000) 2023-04-01 22:38:07 Image size of job updated: 4759592
	1193  -  MemoryUsage of job (MB)
	1220672  -  ResidentSetSize of job (KB)
...
006 (113484764.000.000) 2023-04-01 22:43:09 Image size of job updated: 4759592
	1196  -  MemoryUsage of job (MB)
	1223908  -  ResidentSetSize of job (KB)
...
006 (113484764.000.000) 2023-04-01 23:08:11 Image size of job updated: 4759592
	1200  -  MemoryUsage of job (MB)
	1228756  -  ResidentSetSize of job (KB)
...
006 (113484764.000.000) 2023-04-01 23:13:11 Image size of job updated: 4759592
	1202  -  MemoryUsage of job (MB)
	1230564  -  ResidentSetSize of job (KB)
...
006 (113484764.000.000) 2023-04-01 23:33:14 Image size of job updated: 4759592
	1204  -  MemoryUsage of job (MB)
	1232352  -  ResidentSetSize of job (KB)
...
006 (113484764.000.000) 2023-04-01 23:38:15 Image size of job updated: 4759592
	1215  -  MemoryUsage of job (MB)
	1243480  -  ResidentSetSize of job (KB)
...
006 (113484764.000.000) 2023-04-01 23:53:17 Image size of job updated: 4813500
	1257  -  MemoryUsage of job (MB)
	1287080  -  ResidentSetSize of job (KB)
...
006 (113484764.000.000) 2023-04-01 23:58:17 Image size of job updated: 4813500
	1258  -  MemoryUsage of job (MB)
	1287980  -  ResidentSetSize of job (KB)
...
006 (113484764.000.000) 2023-04-02 01:13:24 Image size of job updated: 4817068
	1258  -  MemoryUsage of job (MB)
	1287980  -  ResidentSetSize of job (KB)
...
006 (113484764.000.000) 2023-04-02 01:38:27 Image size of job updated: 4822500
	1258  -  MemoryUsage of job (MB)
	1287980  -  ResidentSetSize of job (KB)
...
006 (113484764.000.000) 2023-04-02 02:28:31 Image size of job updated: 4838260
	1258  -  MemoryUsage of job (MB)
	1287980  -  ResidentSetSize of job (KB)
...
006 (113484764.000.000) 2023-04-02 02:48:33 Image size of job updated: 4838260
	1268  -  MemoryUsage of job (MB)
	1298404  -  ResidentSetSize of job (KB)
...
006 (113484764.000.000) 2023-04-02 02:58:34 Image size of job updated: 4856992
	1272  -  MemoryUsage of job (MB)
	1301596  -  ResidentSetSize of job (KB)
...
006 (113484764.000.000) 2023-04-02 03:18:35 Image size of job updated: 4856992
	1272  -  MemoryUsage of job (MB)
	1302184  -  ResidentSetSize of job (KB)
...
006 (113484764.000.000) 2023-04-02 03:43:38 Image size of job updated: 4856992
	1275  -  MemoryUsage of job (MB)
	1304676  -  ResidentSetSize of job (KB)
...
006 (113484764.000.000) 2023-04-02 03:48:38 Image size of job updated: 4856992
	1281  -  MemoryUsage of job (MB)
	1310976  -  ResidentSetSize of job (KB)
...
006 (113484764.000.000) 2023-04-02 03:58:40 Image size of job updated: 4856992
	1283  -  MemoryUsage of job (MB)
	1313536  -  ResidentSetSize of job (KB)
...
006 (113484764.000.000) 2023-04-02 04:03:40 Image size of job updated: 4856992
	1314  -  MemoryUsage of job (MB)
	1345060  -  ResidentSetSize of job (KB)
...
006 (113484764.000.000) 2023-04-02 05:33:49 Image size of job updated: 4897020
	1314  -  MemoryUsage of job (MB)
	1345060  -  ResidentSetSize of job (KB)
...
006 (113484764.000.000) 2023-04-02 06:03:52 Image size of job updated: 4897020
	1326  -  MemoryUsage of job (MB)
	1357368  -  ResidentSetSize of job (KB)
...
006 (113484764.000.000) 2023-04-02 06:08:52 Image size of job updated: 4897020
	1329  -  MemoryUsage of job (MB)
	1360892  -  ResidentSetSize of job (KB)
...
006 (113484764.000.000) 2023-04-02 06:38:56 Image size of job updated: 4897020
	1350  -  MemoryUsage of job (MB)
	1382012  -  ResidentSetSize of job (KB)
...
006 (113484764.000.000) 2023-04-02 06:43:56 Image size of job updated: 4962428
	1350  -  MemoryUsage of job (MB)
	1382012  -  ResidentSetSize of job (KB)
...
006 (113484764.000.000) 2023-04-02 07:24:00 Image size of job updated: 4974408
	1359  -  MemoryUsage of job (MB)
	1391196  -  ResidentSetSize of job (KB)
...
006 (113484764.000.000) 2023-04-02 07:29:01 Image size of job updated: 4974408
	1374  -  MemoryUsage of job (MB)
	1406372  -  ResidentSetSize of job (KB)
...
006 (113484764.000.000) 2023-04-02 08:39:08 Image size of job updated: 4974408
	1388  -  MemoryUsage of job (MB)
	1420600  -  ResidentSetSize of job (KB)
...
006 (113484764.000.000) 2023-04-02 08:49:09 Image size of job updated: 5025000
	1403  -  MemoryUsage of job (MB)
	1435708  -  ResidentSetSize of job (KB)
...
006 (113484764.000.000) 2023-04-02 08:54:09 Image size of job updated: 5025000
	1422  -  MemoryUsage of job (MB)
	1455784  -  ResidentSetSize of job (KB)
...
006 (113484764.000.000) 2023-04-02 09:39:14 Image size of job updated: 5025000
	1425  -  MemoryUsage of job (MB)
	1458876  -  ResidentSetSize of job (KB)
...
006 (113484764.000.000) 2023-04-02 09:44:14 Image size of job updated: 5025000
	1435  -  MemoryUsage of job (MB)
	1468656  -  ResidentSetSize of job (KB)
...
006 (113484764.000.000) 2023-04-02 11:14:23 Image size of job updated: 5025000
	1445  -  MemoryUsage of job (MB)
	1479072  -  ResidentSetSize of job (KB)
...
006 (113484764.000.000) 2023-04-02 11:19:24 Image size of job updated: 5025000
	1445  -  MemoryUsage of job (MB)
	1479156  -  ResidentSetSize of job (KB)
...
006 (113484764.000.000) 2023-04-02 13:44:37 Image size of job updated: 5035248
	1445  -  MemoryUsage of job (MB)
	1479156  -  ResidentSetSize of job (KB)
...
006 (113484764.000.000) 2023-04-02 14:04:39 Image size of job updated: 5050344
	1445  -  MemoryUsage of job (MB)
	1479156  -  ResidentSetSize of job (KB)
...
006 (113484764.000.000) 2023-04-02 14:54:44 Image size of job updated: 5074428
	1445  -  MemoryUsage of job (MB)
	1479156  -  ResidentSetSize of job (KB)
...
006 (113484764.000.000) 2023-04-02 15:04:45 Image size of job updated: 5074428
	1449  -  MemoryUsage of job (MB)
	1483088  -  ResidentSetSize of job (KB)
...
006 (113484764.000.000) 2023-04-02 15:09:45 Image size of job updated: 5074428
	1472  -  MemoryUsage of job (MB)
	1507108  -  ResidentSetSize of job (KB)
...
004 (113484764.000.000) 2023-04-02 16:06:37 Job was evicted.
	(0) CPU times
		Usr 4 04:25:22, Sys 0 00:03:27  -  Run Remote Usage
		Usr 0 00:00:00, Sys 0 00:00:00  -  Run Local Usage
	0  -  Run Bytes Sent By Job
	381  -  Run Bytes Received By Job
	Partitionable Resources :    Usage  Request Allocated 
	   Cpus                 :     6.97        1         1 
	   Disk (KB)            :  1206      500000    624256 
	   GPUs                 :                           0 
	   Memory (MB)          :  1472       20000     20096 
...
040 (113484764.000.000) 2023-04-02 16:22:24 Started transferring input files
	Transferring to host: <10.14.10.99:9618?addrs=10.14.10.99-9618&alias=node2349.cluster.ldas.cit&noUDP&sock=slot1_21_1479718_f145_28987>
...
040 (113484764.000.000) 2023-04-02 16:22:24 Finished transferring input files
...
001 (113484764.000.000) 2023-04-02 16:22:25 Job executing on host: <10.14.10.99:9618?addrs=10.14.10.99-9618&alias=node2349.cluster.ldas.cit&noUDP&sock=startd_1479682_5b16>
...
004 (113484764.000.000) 2023-04-03 17:10:25 Job was evicted.
	(0) CPU times
		Usr 3 23:50:14, Sys 0 00:04:33  -  Run Remote Usage
		Usr 0 00:00:00, Sys 0 00:00:00  -  Run Local Usage
	0  -  Run Bytes Sent By Job
	381  -  Run Bytes Received By Job
	Partitionable Resources :    Usage  Request Allocated 
	   Cpus                 :     1.00        1         1 
	   Disk (KB)            :   271      500000    624256 
	   GPUs                 :                           0 
	   Memory (MB)          :  1709       20000     20096 
...
040 (113484764.000.000) 2023-04-03 17:19:22 Started transferring input files
	Transferring to host: <10.14.9.120:9618?addrs=10.14.9.120-9618&alias=node2120.cluster.ldas.cit&noUDP&sock=slot1_3_3199755_9c5e_9435>
...
040 (113484764.000.000) 2023-04-03 17:19:22 Finished transferring input files
...
001 (113484764.000.000) 2023-04-03 17:19:23 Job executing on host: <10.14.9.120:9618?addrs=10.14.9.120-9618&alias=node2120.cluster.ldas.cit&noUDP&sock=startd_3199606_29a4>
...
004 (113484764.000.000) 2023-04-04 13:15:31 Job was evicted.
	(0) CPU times
		Usr 3 18:01:47, Sys 0 00:03:28  -  Run Remote Usage
		Usr 0 00:00:00, Sys 0 00:00:00  -  Run Local Usage
	0  -  Run Bytes Sent By Job
	381  -  Run Bytes Received By Job
	Partitionable Resources :    Usage  Request Allocated 
	   Cpus                 :     2.99        1         1 
	   Disk (KB)            :   175      500000    609620 
	   GPUs                 :                           0 
	   Memory (MB)          :  1709       20000     20096 
...
040 (113484764.000.000) 2023-04-04 14:01:11 Started transferring input files
	Transferring to host: <10.14.10.71:9618?addrs=10.14.10.71-9618&alias=node2321.cluster.ldas.cit&noUDP&sock=slot1_4_3793623_5734_8>
...
040 (113484764.000.000) 2023-04-04 14:01:11 Finished transferring input files
...
001 (113484764.000.000) 2023-04-04 14:01:12 Job executing on host: <10.14.10.71:9618?addrs=10.14.10.71-9618&alias=node2321.cluster.ldas.cit&noUDP&sock=startd_3793581_9ba2>
...
006 (113484764.000.000) 2023-04-05 09:48:23 Image size of job updated: 7500000
	1833  -  MemoryUsage of job (MB)
	1876216  -  ResidentSetSize of job (KB)
...
004 (113484764.000.000) 2023-04-05 14:01:37 Job was evicted.
	(0) CPU times
		Usr 4 06:12:06, Sys 0 00:03:54  -  Run Remote Usage
		Usr 0 00:00:00, Sys 0 00:00:00  -  Run Local Usage
	0  -  Run Bytes Sent By Job
	381  -  Run Bytes Received By Job
	Partitionable Resources :    Usage  Request Allocated 
	   Cpus                 :     0.99        1         1 
	   Disk (KB)            :   214      500000    624256 
	   GPUs                 :                           0 
	   Memory (MB)          :  1833       20000     20096 
...
040 (113484764.000.000) 2023-04-05 14:05:30 Started transferring input files
	Transferring to host: <10.14.10.50:9618?addrs=10.14.10.50-9618&alias=node2300.cluster.ldas.cit&noUDP&sock=slot1_9_2152794_dfb0_1586>
...
040 (113484764.000.000) 2023-04-05 14:05:30 Finished transferring input files
...
001 (113484764.000.000) 2023-04-05 14:05:31 Job executing on host: <10.14.10.50:9618?addrs=10.14.10.50-9618&alias=node2300.cluster.ldas.cit&noUDP&sock=startd_2152751_b4d1>
...
006 (113484764.000.000) 2023-04-06 04:39:02 Image size of job updated: 15587276
	1954  -  MemoryUsage of job (MB)
	2000000  -  ResidentSetSize of job (KB)
...
040 (113484764.000.000) 2023-04-06 04:39:02 Started transferring output files
...
040 (113484764.000.000) 2023-04-06 04:39:02 Finished transferring output files
...
005 (113484764.000.000) 2023-04-06 04:39:02 Job terminated.
	(1) Normal termination (return value 0)
		Usr 2 20:34:09, Sys 0 00:03:56  -  Run Remote Usage
		Usr 0 00:00:00, Sys 0 00:00:00  -  Run Local Usage
		Usr 19 01:03:38, Sys 0 00:19:18  -  Total Remote Usage
		Usr 0 00:00:00, Sys 0 00:00:00  -  Total Local Usage
	172961  -  Run Bytes Sent By Job
	381  -  Run Bytes Received By Job
	172961  -  Total Bytes Sent By Job
	1905  -  Total Bytes Received By Job
	Partitionable Resources :    Usage  Request Allocated 
	   Cpus                 :     1.00        1         1 
	   Disk (KB)            :   192      500000    624256 
	   GPUs                 :                           0 
	   Memory (MB)          :  1954       20000     20096 

	Job terminated of its own accord at 2023-04-06T11:39:02Z with exit-code 0.
...
