14:30 bilby INFO    : Waveform generator initiated with
  frequency_domain_source_model: bilby.gw.source.lal_binary_black_hole
  time_domain_source_model: None
  parameter_conversion: bilby.gw.conversion.convert_to_lal_binary_black_hole_parameters
14:30 bilby INFO    : Injected signal in H1:
14:30 bilby INFO    :   optimal SNR = 7.15
14:30 bilby INFO    :   matched filter SNR = 7.14+1.15j
14:30 bilby INFO    :   mass_1 = 144.69611417418784
14:30 bilby INFO    :   mass_2 = 129.5175706053094
14:30 bilby INFO    :   a_1 = 0.09065125781494199
14:30 bilby INFO    :   a_2 = 0.13229953978210546
14:30 bilby INFO    :   tilt_1 = 0.21148616579550206
14:30 bilby INFO    :   tilt_2 = 0.17784035193589146
14:30 bilby INFO    :   phi_12 = 3.2414147663516917
14:30 bilby INFO    :   phi_jl = 5.385578783570479
14:30 bilby INFO    :   luminosity_distance = 4396.1461136841
14:30 bilby INFO    :   theta_jn = 2.793579815221641
14:30 bilby INFO    :   psi = 3.9249904589
14:30 bilby INFO    :   phase = 2.7860749476
14:30 bilby INFO    :   geocent_time = 1126259642.413
14:30 bilby INFO    :   ra = 3.0745450944
14:30 bilby INFO    :   dec = 3.2333249784
14:30 bilby INFO    : Injected signal in L1:
14:30 bilby INFO    :   optimal SNR = 9.64
14:30 bilby INFO    :   matched filter SNR = 10.52+0.03j
14:30 bilby INFO    :   mass_1 = 144.69611417418784
14:30 bilby INFO    :   mass_2 = 129.5175706053094
14:30 bilby INFO    :   a_1 = 0.09065125781494199
14:30 bilby INFO    :   a_2 = 0.13229953978210546
14:30 bilby INFO    :   tilt_1 = 0.21148616579550206
14:30 bilby INFO    :   tilt_2 = 0.17784035193589146
14:30 bilby INFO    :   phi_12 = 3.2414147663516917
14:30 bilby INFO    :   phi_jl = 5.385578783570479
14:30 bilby INFO    :   luminosity_distance = 4396.1461136841
14:30 bilby INFO    :   theta_jn = 2.793579815221641
14:30 bilby INFO    :   psi = 3.9249904589
14:30 bilby INFO    :   phase = 2.7860749476
14:30 bilby INFO    :   geocent_time = 1126259642.413
14:30 bilby INFO    :   ra = 3.0745450944
14:30 bilby INFO    :   dec = 3.2333249784
14:30 bilby INFO    : Injected signal in V1:
14:30 bilby INFO    :   optimal SNR = 4.33
14:30 bilby INFO    :   matched filter SNR = 3.52-0.29j
14:30 bilby INFO    :   mass_1 = 144.69611417418784
14:30 bilby INFO    :   mass_2 = 129.5175706053094
14:30 bilby INFO    :   a_1 = 0.09065125781494199
14:30 bilby INFO    :   a_2 = 0.13229953978210546
14:30 bilby INFO    :   tilt_1 = 0.21148616579550206
14:30 bilby INFO    :   tilt_2 = 0.17784035193589146
14:30 bilby INFO    :   phi_12 = 3.2414147663516917
14:30 bilby INFO    :   phi_jl = 5.385578783570479
14:30 bilby INFO    :   luminosity_distance = 4396.1461136841
14:30 bilby INFO    :   theta_jn = 2.793579815221641
14:30 bilby INFO    :   psi = 3.9249904589
14:30 bilby INFO    :   phase = 2.7860749476
14:30 bilby INFO    :   geocent_time = 1126259642.413
14:30 bilby INFO    :   ra = 3.0745450944
14:30 bilby INFO    :   dec = 3.2333249784
14:30 bilby INFO    : Running for label 'job_00687_justSpin', output will be saved to '/home/simona.miller/comp-spin-mock-injections/Data/IndividualInferenceOutput/new_bilby/population3_lowSpinAligned_highmass'
14:30 bilby INFO    : Using lal version 7.3.0
14:30 bilby INFO    : Using lal git version Branch: None;Tag: lalsuite-v7.13;Id: ec1fcb1d2d1dab69321fdb8f0afef1f867b11e06;;Builder: Unknown User <>;Repository status: UNCLEAN: Modified working tree
14:30 bilby INFO    : Using lalsimulation version 5.0.0
14:30 bilby INFO    : Using lalsimulation git version Branch: None;Tag: lalsuite-v7.13;Id: ec1fcb1d2d1dab69321fdb8f0afef1f867b11e06;;Builder: Unknown User <>;Repository status: UNCLEAN: Modified working tree
14:30 bilby INFO    : Analysis priors:
14:30 bilby INFO    : a_1=Uniform(minimum=0, maximum=0.99, name='a_1', latex_label='$a_1$', unit=None, boundary=None)
14:30 bilby INFO    : a_2=Uniform(minimum=0, maximum=0.99, name='a_2', latex_label='$a_2$', unit=None, boundary=None)
14:30 bilby INFO    : tilt_1=Sine(minimum=0, maximum=3.141592653589793, name='tilt_1', latex_label='$\\theta_1$', unit=None, boundary=None)
14:30 bilby INFO    : tilt_2=Sine(minimum=0, maximum=3.141592653589793, name='tilt_2', latex_label='$\\theta_2$', unit=None, boundary=None)
14:30 bilby INFO    : ra=3.0745450944
14:30 bilby INFO    : dec=3.2333249784
14:30 bilby INFO    : geocent_time=1126259642.413
14:30 bilby INFO    : phase=2.7860749476
14:30 bilby INFO    : psi=3.9249904589
14:30 bilby INFO    : luminosity_distance=4396.1461136841
14:30 bilby INFO    : theta_jn=2.793579815221641
14:30 bilby INFO    : mass_1=144.69611417418784
14:30 bilby INFO    : mass_2=129.5175706053094
14:30 bilby INFO    : phi_12=3.2414147663516917
14:30 bilby INFO    : phi_jl=5.385578783570479
14:30 bilby INFO    : Analysis likelihood class: <class 'bilby.gw.likelihood.base.GravitationalWaveTransient'>
14:30 bilby INFO    : Analysis likelihood noise evidence: -24044.70839022859
14:30 bilby INFO    : Single likelihood evaluation took 7.859e-03 s
14:30 bilby INFO    : Using sampler Dynesty with kwargs {'nlive': 2000, 'bound': 'live', 'sample': 'act-walk', 'periodic': None, 'reflective': None, 'update_interval': 600, 'first_update': None, 'npdim': None, 'rstate': None, 'queue_size': 8, 'pool': None, 'use_pool': None, 'live_points': None, 'logl_args': None, 'logl_kwargs': None, 'ptform_args': None, 'ptform_kwargs': None, 'gradient': None, 'grad_args': None, 'grad_kwargs': None, 'compute_jac': False, 'enlarge': None, 'bootstrap': None, 'walks': 100, 'facc': 0.2, 'slices': None, 'fmove': 0.9, 'max_move': 100, 'update_func': None, 'ncdim': None, 'blob': False, 'save_history': False, 'history_filename': None, 'maxiter': None, 'maxcall': None, 'dlogz': 0.1, 'logl_max': inf, 'n_effective': None, 'add_live': True, 'print_progress': True, 'print_func': <bound method Dynesty._print_func of <bilby.core.sampler.dynesty.Dynesty object at 0x151114cd1a90>>, 'save_bounds': False, 'checkpoint_file': None, 'checkpoint_every': 60, 'resume': False}
14:30 bilby INFO    : Checkpoint every check_point_delta_t = 600s
14:30 bilby INFO    : Using dynesty version 2.1.0
14:30 bilby INFO    : Using the bilby-implemented rwalk sampling tracking the autocorrelation function and thinning by 5 with maximum length 25000
14:30 bilby INFO    : Setting up multiproccesing pool with 8 processes
14:30 bilby INFO    : Resume file /home/simona.miller/comp-spin-mock-injections/Data/IndividualInferenceOutput/new_bilby/population3_lowSpinAligned_highmass/job_00687_justSpin_resume.pickle does not exist.
14:30 bilby INFO    : Generating initial points from the prior
14:41 bilby INFO    : Written checkpoint file /home/simona.miller/comp-spin-mock-injections/Data/IndividualInferenceOutput/new_bilby/population3_lowSpinAligned_highmass/job_00687_justSpin_resume.pickle
14:52 bilby INFO    : Written checkpoint file /home/simona.miller/comp-spin-mock-injections/Data/IndividualInferenceOutput/new_bilby/population3_lowSpinAligned_highmass/job_00687_justSpin_resume.pickle
15:03 bilby INFO    : Written checkpoint file /home/simona.miller/comp-spin-mock-injections/Data/IndividualInferenceOutput/new_bilby/population3_lowSpinAligned_highmass/job_00687_justSpin_resume.pickle
15:07 bilby INFO    : Written checkpoint file /home/simona.miller/comp-spin-mock-injections/Data/IndividualInferenceOutput/new_bilby/population3_lowSpinAligned_highmass/job_00687_justSpin_resume.pickle
15:07 bilby INFO    : Starting to close worker pool.
15:07 bilby INFO    : Finished closing worker pool.
15:07 bilby INFO    : Rejection sampling nested samples to obtain 4707 posterior samples
15:07 bilby INFO    : Sampling time: 0:35:53.342113
15:07 bilby INFO    : Computing per-detector log likelihoods.
15:07 bilby INFO    : Using a pool with size 8 for nsamples=4707
15:07 bilby INFO    : Generating sky frame parameters.
15:07 bilby INFO    : Computing SNRs for every sample.
15:07 bilby INFO    : Using a pool with size 8 for nsamples=4707
15:07 bilby INFO    : Summary of results:
nsamples: 4707
ln_noise_evidence: -24044.708
ln_evidence: -23960.095 +/-  0.037
ln_bayes_factor: 84.614 +/-  0.037

