000 (113450233.000.000) 2023-03-29 17:01:37 Job submitted from host: <10.14.0.160:9618?addrs=10.14.0.160-9618&alias=ldas-pcdev2.ligo.caltech.edu&noUDP&sock=schedd_7450_a8a7>
    DAG Node: 781
...
040 (113450233.000.000) 2023-03-29 17:47:15 Started transferring input files
	Transferring to host: <10.14.9.194:9618?addrs=10.14.9.194-9618&alias=node2194.cluster.ldas.cit&noUDP&sock=slot1_2_189911_3ac4_89282>
...
040 (113450233.000.000) 2023-03-29 17:47:15 Finished transferring input files
...
001 (113450233.000.000) 2023-03-29 17:47:16 Job executing on host: <10.14.9.194:9618?addrs=10.14.9.194-9618&alias=node2194.cluster.ldas.cit&noUDP&sock=startd_189641_87e3>
...
006 (113450233.000.000) 2023-03-29 17:47:16 Image size of job updated: 1
	0  -  MemoryUsage of job (MB)
	0  -  ResidentSetSize of job (KB)
...
040 (113450233.000.000) 2023-03-29 17:47:16 Started transferring output files
...
040 (113450233.000.000) 2023-03-29 17:47:16 Finished transferring output files
...
005 (113450233.000.000) 2023-03-29 17:47:16 Job terminated.
	(1) Normal termination (return value 127)
		Usr 0 00:00:00, Sys 0 00:00:00  -  Run Remote Usage
		Usr 0 00:00:00, Sys 0 00:00:00  -  Run Local Usage
		Usr 0 00:00:00, Sys 0 00:00:00  -  Total Remote Usage
		Usr 0 00:00:00, Sys 0 00:00:00  -  Total Local Usage
	407  -  Run Bytes Sent By Job
	381  -  Run Bytes Received By Job
	407  -  Total Bytes Sent By Job
	381  -  Total Bytes Received By Job
	Partitionable Resources :    Usage  Request Allocated 
	   Cpus                 :                 1         1 
	   Disk (KB)            :       15   500000    561711 
	   GPUs                 :                           0 
	   Memory (MB)          :        0    20000     20096 

	Job terminated of its own accord at 2023-03-30T00:47:16Z with exit-code 127.
...
000 (113484792.000.000) 2023-04-01 14:23:19 Job submitted from host: <10.14.0.160:9618?addrs=10.14.0.160-9618&alias=ldas-pcdev2.ligo.caltech.edu&noUDP&sock=schedd_7450_a8a7>
    DAG Node: 781
...
040 (113484792.000.000) 2023-04-01 14:27:04 Started transferring input files
	Transferring to host: <10.14.10.104:9618?addrs=10.14.10.104-9618&alias=node2354.cluster.ldas.cit&noUDP&sock=slot1_9_715248_ab96_5852>
...
040 (113484792.000.000) 2023-04-01 14:27:04 Finished transferring input files
...
001 (113484792.000.000) 2023-04-01 14:27:05 Job executing on host: <10.14.10.104:9618?addrs=10.14.10.104-9618&alias=node2354.cluster.ldas.cit&noUDP&sock=startd_715206_67fc>
...
006 (113484792.000.000) 2023-04-01 14:27:14 Image size of job updated: 444124
	100  -  MemoryUsage of job (MB)
	102316  -  ResidentSetSize of job (KB)
...
006 (113484792.000.000) 2023-04-01 14:32:15 Image size of job updated: 4406944
	139  -  MemoryUsage of job (MB)
	141940  -  ResidentSetSize of job (KB)
...
006 (113484792.000.000) 2023-04-01 14:37:15 Image size of job updated: 4406944
	140  -  MemoryUsage of job (MB)
	143300  -  ResidentSetSize of job (KB)
...
006 (113484792.000.000) 2023-04-01 14:42:16 Image size of job updated: 4406944
	307  -  MemoryUsage of job (MB)
	313508  -  ResidentSetSize of job (KB)
...
006 (113484792.000.000) 2023-04-01 14:47:17 Image size of job updated: 4406944
	316  -  MemoryUsage of job (MB)
	322668  -  ResidentSetSize of job (KB)
...
006 (113484792.000.000) 2023-04-01 14:52:17 Image size of job updated: 4406944
	431  -  MemoryUsage of job (MB)
	441040  -  ResidentSetSize of job (KB)
...
006 (113484792.000.000) 2023-04-01 14:57:17 Image size of job updated: 4406944
	434  -  MemoryUsage of job (MB)
	443444  -  ResidentSetSize of job (KB)
...
006 (113484792.000.000) 2023-04-01 15:02:18 Image size of job updated: 4406944
	456  -  MemoryUsage of job (MB)
	466692  -  ResidentSetSize of job (KB)
...
006 (113484792.000.000) 2023-04-01 15:07:18 Image size of job updated: 4406944
	458  -  MemoryUsage of job (MB)
	468564  -  ResidentSetSize of job (KB)
...
006 (113484792.000.000) 2023-04-01 15:12:18 Image size of job updated: 4406944
	466  -  MemoryUsage of job (MB)
	477016  -  ResidentSetSize of job (KB)
...
006 (113484792.000.000) 2023-04-01 15:17:19 Image size of job updated: 4406944
	467  -  MemoryUsage of job (MB)
	477856  -  ResidentSetSize of job (KB)
...
006 (113484792.000.000) 2023-04-01 15:22:20 Image size of job updated: 4406944
	470  -  MemoryUsage of job (MB)
	480456  -  ResidentSetSize of job (KB)
...
006 (113484792.000.000) 2023-04-01 15:27:20 Image size of job updated: 4406944
	473  -  MemoryUsage of job (MB)
	483588  -  ResidentSetSize of job (KB)
...
006 (113484792.000.000) 2023-04-01 15:32:21 Image size of job updated: 4406944
	487  -  MemoryUsage of job (MB)
	497992  -  ResidentSetSize of job (KB)
...
006 (113484792.000.000) 2023-04-01 15:37:22 Image size of job updated: 4406944
	515  -  MemoryUsage of job (MB)
	527028  -  ResidentSetSize of job (KB)
...
006 (113484792.000.000) 2023-04-01 15:42:22 Image size of job updated: 4406944
	684  -  MemoryUsage of job (MB)
	699632  -  ResidentSetSize of job (KB)
...
006 (113484792.000.000) 2023-04-01 15:47:22 Image size of job updated: 4406944
	752  -  MemoryUsage of job (MB)
	769340  -  ResidentSetSize of job (KB)
...
006 (113484792.000.000) 2023-04-01 15:52:23 Image size of job updated: 4406944
	752  -  MemoryUsage of job (MB)
	769568  -  ResidentSetSize of job (KB)
...
006 (113484792.000.000) 2023-04-01 15:57:23 Image size of job updated: 4406944
	758  -  MemoryUsage of job (MB)
	775308  -  ResidentSetSize of job (KB)
...
006 (113484792.000.000) 2023-04-01 16:07:24 Image size of job updated: 4410892
	764  -  MemoryUsage of job (MB)
	782124  -  ResidentSetSize of job (KB)
...
006 (113484792.000.000) 2023-04-01 16:12:25 Image size of job updated: 4410892
	765  -  MemoryUsage of job (MB)
	783076  -  ResidentSetSize of job (KB)
...
006 (113484792.000.000) 2023-04-01 16:17:25 Image size of job updated: 4420564
	771  -  MemoryUsage of job (MB)
	789024  -  ResidentSetSize of job (KB)
...
006 (113484792.000.000) 2023-04-01 16:27:27 Image size of job updated: 4435124
	790  -  MemoryUsage of job (MB)
	808180  -  ResidentSetSize of job (KB)
...
006 (113484792.000.000) 2023-04-01 16:32:27 Image size of job updated: 4436344
	791  -  MemoryUsage of job (MB)
	809320  -  ResidentSetSize of job (KB)
...
006 (113484792.000.000) 2023-04-01 16:37:28 Image size of job updated: 4446820
	795  -  MemoryUsage of job (MB)
	813228  -  ResidentSetSize of job (KB)
...
006 (113484792.000.000) 2023-04-01 16:47:29 Image size of job updated: 4451520
	802  -  MemoryUsage of job (MB)
	820332  -  ResidentSetSize of job (KB)
...
006 (113484792.000.000) 2023-04-01 16:52:29 Image size of job updated: 4451520
	802  -  MemoryUsage of job (MB)
	820776  -  ResidentSetSize of job (KB)
...
006 (113484792.000.000) 2023-04-01 16:57:30 Image size of job updated: 4492640
	844  -  MemoryUsage of job (MB)
	863580  -  ResidentSetSize of job (KB)
...
006 (113484792.000.000) 2023-04-01 17:02:31 Image size of job updated: 4494744
	846  -  MemoryUsage of job (MB)
	866212  -  ResidentSetSize of job (KB)
...
006 (113484792.000.000) 2023-04-01 17:07:31 Image size of job updated: 4495276
	848  -  MemoryUsage of job (MB)
	867736  -  ResidentSetSize of job (KB)
...
006 (113484792.000.000) 2023-04-01 17:12:32 Image size of job updated: 4507164
	851  -  MemoryUsage of job (MB)
	871292  -  ResidentSetSize of job (KB)
...
006 (113484792.000.000) 2023-04-01 17:17:33 Image size of job updated: 4507164
	851  -  MemoryUsage of job (MB)
	871356  -  ResidentSetSize of job (KB)
...
006 (113484792.000.000) 2023-04-01 17:22:33 Image size of job updated: 4508660
	859  -  MemoryUsage of job (MB)
	878912  -  ResidentSetSize of job (KB)
...
006 (113484792.000.000) 2023-04-01 18:07:38 Image size of job updated: 4515740
	868  -  MemoryUsage of job (MB)
	888352  -  ResidentSetSize of job (KB)
...
006 (113484792.000.000) 2023-04-01 18:12:38 Image size of job updated: 4515740
	882  -  MemoryUsage of job (MB)
	902228  -  ResidentSetSize of job (KB)
...
006 (113484792.000.000) 2023-04-01 18:27:39 Image size of job updated: 4530144
	901  -  MemoryUsage of job (MB)
	922200  -  ResidentSetSize of job (KB)
...
006 (113484792.000.000) 2023-04-01 18:37:40 Image size of job updated: 4530144
	922  -  MemoryUsage of job (MB)
	943776  -  ResidentSetSize of job (KB)
...
006 (113484792.000.000) 2023-04-01 19:07:43 Image size of job updated: 4530868
	922  -  MemoryUsage of job (MB)
	943776  -  ResidentSetSize of job (KB)
...
006 (113484792.000.000) 2023-04-01 19:17:44 Image size of job updated: 4541356
	959  -  MemoryUsage of job (MB)
	981156  -  ResidentSetSize of job (KB)
...
006 (113484792.000.000) 2023-04-01 19:22:44 Image size of job updated: 4541480
	978  -  MemoryUsage of job (MB)
	1000972  -  ResidentSetSize of job (KB)
...
006 (113484792.000.000) 2023-04-01 19:27:45 Image size of job updated: 4542984
	978  -  MemoryUsage of job (MB)
	1001472  -  ResidentSetSize of job (KB)
...
006 (113484792.000.000) 2023-04-01 19:37:45 Image size of job updated: 4543348
	983  -  MemoryUsage of job (MB)
	1006084  -  ResidentSetSize of job (KB)
...
006 (113484792.000.000) 2023-04-01 19:42:46 Image size of job updated: 4547540
	988  -  MemoryUsage of job (MB)
	1011700  -  ResidentSetSize of job (KB)
...
006 (113484792.000.000) 2023-04-01 19:47:47 Image size of job updated: 4547540
	991  -  MemoryUsage of job (MB)
	1014780  -  ResidentSetSize of job (KB)
...
006 (113484792.000.000) 2023-04-01 19:52:47 Image size of job updated: 4547540
	992  -  MemoryUsage of job (MB)
	1015048  -  ResidentSetSize of job (KB)
...
006 (113484792.000.000) 2023-04-01 19:57:48 Image size of job updated: 4549004
	996  -  MemoryUsage of job (MB)
	1019792  -  ResidentSetSize of job (KB)
...
006 (113484792.000.000) 2023-04-01 20:02:49 Image size of job updated: 4550704
	996  -  MemoryUsage of job (MB)
	1019792  -  ResidentSetSize of job (KB)
...
006 (113484792.000.000) 2023-04-01 20:07:49 Image size of job updated: 4551276
	1000  -  MemoryUsage of job (MB)
	1023772  -  ResidentSetSize of job (KB)
...
006 (113484792.000.000) 2023-04-01 20:12:49 Image size of job updated: 4553536
	1021  -  MemoryUsage of job (MB)
	1044612  -  ResidentSetSize of job (KB)
...
006 (113484792.000.000) 2023-04-01 20:17:50 Image size of job updated: 4558072
	1023  -  MemoryUsage of job (MB)
	1047028  -  ResidentSetSize of job (KB)
...
006 (113484792.000.000) 2023-04-01 20:32:52 Image size of job updated: 4558072
	1078  -  MemoryUsage of job (MB)
	1103136  -  ResidentSetSize of job (KB)
...
006 (113484792.000.000) 2023-04-01 20:37:52 Image size of job updated: 4558320
	1078  -  MemoryUsage of job (MB)
	1103136  -  ResidentSetSize of job (KB)
...
006 (113484792.000.000) 2023-04-01 20:47:53 Image size of job updated: 4558944
	1078  -  MemoryUsage of job (MB)
	1103136  -  ResidentSetSize of job (KB)
...
006 (113484792.000.000) 2023-04-01 20:52:54 Image size of job updated: 4561060
	1078  -  MemoryUsage of job (MB)
	1103136  -  ResidentSetSize of job (KB)
...
006 (113484792.000.000) 2023-04-01 20:57:54 Image size of job updated: 4561748
	1078  -  MemoryUsage of job (MB)
	1103136  -  ResidentSetSize of job (KB)
...
006 (113484792.000.000) 2023-04-01 21:02:55 Image size of job updated: 4564856
	1078  -  MemoryUsage of job (MB)
	1103136  -  ResidentSetSize of job (KB)
...
006 (113484792.000.000) 2023-04-01 21:12:56 Image size of job updated: 4567908
	1078  -  MemoryUsage of job (MB)
	1103136  -  ResidentSetSize of job (KB)
...
006 (113484792.000.000) 2023-04-01 21:17:56 Image size of job updated: 4571588
	1078  -  MemoryUsage of job (MB)
	1103136  -  ResidentSetSize of job (KB)
...
006 (113484792.000.000) 2023-04-01 21:22:57 Image size of job updated: 4571764
	1078  -  MemoryUsage of job (MB)
	1103136  -  ResidentSetSize of job (KB)
...
006 (113484792.000.000) 2023-04-01 21:27:57 Image size of job updated: 4572096
	1078  -  MemoryUsage of job (MB)
	1103136  -  ResidentSetSize of job (KB)
...
006 (113484792.000.000) 2023-04-01 21:53:00 Image size of job updated: 4588760
	1078  -  MemoryUsage of job (MB)
	1103136  -  ResidentSetSize of job (KB)
...
006 (113484792.000.000) 2023-04-01 22:18:03 Image size of job updated: 4612720
	1078  -  MemoryUsage of job (MB)
	1103136  -  ResidentSetSize of job (KB)
...
006 (113484792.000.000) 2023-04-01 22:33:05 Image size of job updated: 4673988
	1096  -  MemoryUsage of job (MB)
	1121348  -  ResidentSetSize of job (KB)
...
006 (113484792.000.000) 2023-04-01 22:48:07 Image size of job updated: 4673988
	1098  -  MemoryUsage of job (MB)
	1123640  -  ResidentSetSize of job (KB)
...
006 (113484792.000.000) 2023-04-01 22:58:07 Image size of job updated: 4673988
	1100  -  MemoryUsage of job (MB)
	1125520  -  ResidentSetSize of job (KB)
...
006 (113484792.000.000) 2023-04-01 23:03:08 Image size of job updated: 4681044
	1108  -  MemoryUsage of job (MB)
	1133868  -  ResidentSetSize of job (KB)
...
006 (113484792.000.000) 2023-04-01 23:08:08 Image size of job updated: 4681044
	1110  -  MemoryUsage of job (MB)
	1135644  -  ResidentSetSize of job (KB)
...
006 (113484792.000.000) 2023-04-01 23:43:12 Image size of job updated: 4702672
	1110  -  MemoryUsage of job (MB)
	1135644  -  ResidentSetSize of job (KB)
...
006 (113484792.000.000) 2023-04-01 23:58:13 Image size of job updated: 4702672
	1110  -  MemoryUsage of job (MB)
	1136040  -  ResidentSetSize of job (KB)
...
006 (113484792.000.000) 2023-04-02 00:03:13 Image size of job updated: 4702672
	1112  -  MemoryUsage of job (MB)
	1138196  -  ResidentSetSize of job (KB)
...
006 (113484792.000.000) 2023-04-02 00:08:14 Image size of job updated: 4702672
	1119  -  MemoryUsage of job (MB)
	1145796  -  ResidentSetSize of job (KB)
...
006 (113484792.000.000) 2023-04-02 00:18:15 Image size of job updated: 4702672
	1121  -  MemoryUsage of job (MB)
	1146992  -  ResidentSetSize of job (KB)
...
006 (113484792.000.000) 2023-04-02 00:28:17 Image size of job updated: 4712468
	1124  -  MemoryUsage of job (MB)
	1150928  -  ResidentSetSize of job (KB)
...
006 (113484792.000.000) 2023-04-02 00:33:17 Image size of job updated: 4712468
	1132  -  MemoryUsage of job (MB)
	1158428  -  ResidentSetSize of job (KB)
...
006 (113484792.000.000) 2023-04-02 00:38:17 Image size of job updated: 4712468
	1133  -  MemoryUsage of job (MB)
	1160152  -  ResidentSetSize of job (KB)
...
006 (113484792.000.000) 2023-04-02 00:43:18 Image size of job updated: 4721064
	1136  -  MemoryUsage of job (MB)
	1163160  -  ResidentSetSize of job (KB)
...
006 (113484792.000.000) 2023-04-02 01:03:20 Image size of job updated: 4721064
	1139  -  MemoryUsage of job (MB)
	1165720  -  ResidentSetSize of job (KB)
...
006 (113484792.000.000) 2023-04-02 01:08:20 Image size of job updated: 4721064
	1140  -  MemoryUsage of job (MB)
	1166840  -  ResidentSetSize of job (KB)
...
006 (113484792.000.000) 2023-04-02 01:13:21 Image size of job updated: 4733124
	1144  -  MemoryUsage of job (MB)
	1170772  -  ResidentSetSize of job (KB)
...
006 (113484792.000.000) 2023-04-02 03:23:33 Image size of job updated: 4748640
	1144  -  MemoryUsage of job (MB)
	1170772  -  ResidentSetSize of job (KB)
...
006 (113484792.000.000) 2023-04-02 03:28:34 Image size of job updated: 4748640
	1146  -  MemoryUsage of job (MB)
	1172760  -  ResidentSetSize of job (KB)
...
006 (113484792.000.000) 2023-04-02 03:53:37 Image size of job updated: 4748640
	1173  -  MemoryUsage of job (MB)
	1200164  -  ResidentSetSize of job (KB)
...
006 (113484792.000.000) 2023-04-02 04:03:38 Image size of job updated: 4763788
	1173  -  MemoryUsage of job (MB)
	1200164  -  ResidentSetSize of job (KB)
...
006 (113484792.000.000) 2023-04-02 04:38:42 Image size of job updated: 4769392
	1173  -  MemoryUsage of job (MB)
	1200164  -  ResidentSetSize of job (KB)
...
006 (113484792.000.000) 2023-04-02 05:28:47 Image size of job updated: 4769392
	1176  -  MemoryUsage of job (MB)
	1203772  -  ResidentSetSize of job (KB)
...
006 (113484792.000.000) 2023-04-02 05:33:47 Image size of job updated: 4799680
	1177  -  MemoryUsage of job (MB)
	1205184  -  ResidentSetSize of job (KB)
...
006 (113484792.000.000) 2023-04-02 05:38:48 Image size of job updated: 4799680
	1179  -  MemoryUsage of job (MB)
	1207052  -  ResidentSetSize of job (KB)
...
006 (113484792.000.000) 2023-04-02 05:43:49 Image size of job updated: 4799680
	1181  -  MemoryUsage of job (MB)
	1209100  -  ResidentSetSize of job (KB)
...
006 (113484792.000.000) 2023-04-02 05:53:49 Image size of job updated: 4801776
	1181  -  MemoryUsage of job (MB)
	1209100  -  ResidentSetSize of job (KB)
...
006 (113484792.000.000) 2023-04-02 06:08:50 Image size of job updated: 4801776
	1191  -  MemoryUsage of job (MB)
	1218992  -  ResidentSetSize of job (KB)
...
006 (113484792.000.000) 2023-04-02 06:23:52 Image size of job updated: 4801776
	1192  -  MemoryUsage of job (MB)
	1220292  -  ResidentSetSize of job (KB)
...
006 (113484792.000.000) 2023-04-02 06:58:55 Image size of job updated: 4818116
	1204  -  MemoryUsage of job (MB)
	1232484  -  ResidentSetSize of job (KB)
...
006 (113484792.000.000) 2023-04-02 07:08:57 Image size of job updated: 4818116
	1226  -  MemoryUsage of job (MB)
	1254632  -  ResidentSetSize of job (KB)
...
006 (113484792.000.000) 2023-04-02 07:13:57 Image size of job updated: 4818116
	1232  -  MemoryUsage of job (MB)
	1260668  -  ResidentSetSize of job (KB)
...
006 (113484792.000.000) 2023-04-02 07:18:58 Image size of job updated: 4818116
	1236  -  MemoryUsage of job (MB)
	1265124  -  ResidentSetSize of job (KB)
...
006 (113484792.000.000) 2023-04-02 07:23:59 Image size of job updated: 4843684
	1236  -  MemoryUsage of job (MB)
	1265124  -  ResidentSetSize of job (KB)
...
006 (113484792.000.000) 2023-04-02 08:04:02 Image size of job updated: 4843684
	1239  -  MemoryUsage of job (MB)
	1268428  -  ResidentSetSize of job (KB)
...
006 (113484792.000.000) 2023-04-02 08:09:03 Image size of job updated: 4843684
	1244  -  MemoryUsage of job (MB)
	1273616  -  ResidentSetSize of job (KB)
...
006 (113484792.000.000) 2023-04-02 08:19:04 Image size of job updated: 4850728
	1244  -  MemoryUsage of job (MB)
	1273616  -  ResidentSetSize of job (KB)
...
006 (113484792.000.000) 2023-04-02 08:34:06 Image size of job updated: 4864560
	1244  -  MemoryUsage of job (MB)
	1273616  -  ResidentSetSize of job (KB)
...
006 (113484792.000.000) 2023-04-02 09:04:10 Image size of job updated: 4864560
	1271  -  MemoryUsage of job (MB)
	1300572  -  ResidentSetSize of job (KB)
...
006 (113484792.000.000) 2023-04-02 09:54:15 Image size of job updated: 4891696
	1271  -  MemoryUsage of job (MB)
	1300572  -  ResidentSetSize of job (KB)
...
006 (113484792.000.000) 2023-04-02 10:19:16 Image size of job updated: 4901200
	1271  -  MemoryUsage of job (MB)
	1300572  -  ResidentSetSize of job (KB)
...
006 (113484792.000.000) 2023-04-02 11:04:22 Image size of job updated: 4934516
	1272  -  MemoryUsage of job (MB)
	1302084  -  ResidentSetSize of job (KB)
...
006 (113484792.000.000) 2023-04-02 11:19:24 Image size of job updated: 4934516
	1280  -  MemoryUsage of job (MB)
	1310476  -  ResidentSetSize of job (KB)
...
006 (113484792.000.000) 2023-04-02 11:34:26 Image size of job updated: 4934516
	1284  -  MemoryUsage of job (MB)
	1313804  -  ResidentSetSize of job (KB)
...
006 (113484792.000.000) 2023-04-02 11:44:26 Image size of job updated: 4934516
	1285  -  MemoryUsage of job (MB)
	1315796  -  ResidentSetSize of job (KB)
...
006 (113484792.000.000) 2023-04-02 11:54:27 Image size of job updated: 4937080
	1285  -  MemoryUsage of job (MB)
	1315796  -  ResidentSetSize of job (KB)
...
006 (113484792.000.000) 2023-04-02 12:09:29 Image size of job updated: 4937080
	1287  -  MemoryUsage of job (MB)
	1317456  -  ResidentSetSize of job (KB)
...
006 (113484792.000.000) 2023-04-02 12:14:29 Image size of job updated: 4937080
	1293  -  MemoryUsage of job (MB)
	1324004  -  ResidentSetSize of job (KB)
...
006 (113484792.000.000) 2023-04-02 12:19:30 Image size of job updated: 4937080
	1295  -  MemoryUsage of job (MB)
	1326040  -  ResidentSetSize of job (KB)
...
006 (113484792.000.000) 2023-04-02 12:34:31 Image size of job updated: 4937080
	1297  -  MemoryUsage of job (MB)
	1327260  -  ResidentSetSize of job (KB)
...
006 (113484792.000.000) 2023-04-02 12:39:32 Image size of job updated: 4937080
	1298  -  MemoryUsage of job (MB)
	1328448  -  ResidentSetSize of job (KB)
...
006 (113484792.000.000) 2023-04-02 12:44:32 Image size of job updated: 4937080
	1302  -  MemoryUsage of job (MB)
	1332784  -  ResidentSetSize of job (KB)
...
006 (113484792.000.000) 2023-04-02 12:49:32 Image size of job updated: 4978872
	1307  -  MemoryUsage of job (MB)
	1338340  -  ResidentSetSize of job (KB)
...
006 (113484792.000.000) 2023-04-02 13:39:38 Image size of job updated: 4978872
	1310  -  MemoryUsage of job (MB)
	1341148  -  ResidentSetSize of job (KB)
...
006 (113484792.000.000) 2023-04-02 13:44:39 Image size of job updated: 4978872
	1313  -  MemoryUsage of job (MB)
	1344396  -  ResidentSetSize of job (KB)
...
006 (113484792.000.000) 2023-04-02 13:54:40 Image size of job updated: 4982716
	1314  -  MemoryUsage of job (MB)
	1345172  -  ResidentSetSize of job (KB)
...
006 (113484792.000.000) 2023-04-02 14:24:43 Image size of job updated: 4982716
	1318  -  MemoryUsage of job (MB)
	1348936  -  ResidentSetSize of job (KB)
...
006 (113484792.000.000) 2023-04-02 14:29:43 Image size of job updated: 4982716
	1324  -  MemoryUsage of job (MB)
	1355176  -  ResidentSetSize of job (KB)
...
004 (113484792.000.000) 2023-04-02 14:44:47 Job was evicted.
	(0) CPU times
		Usr 3 08:04:37, Sys 0 00:06:32  -  Run Remote Usage
		Usr 0 00:00:00, Sys 0 00:00:00  -  Run Local Usage
	0  -  Run Bytes Sent By Job
	381  -  Run Bytes Received By Job
	Partitionable Resources :    Usage  Request Allocated 
	   Cpus                 :     7.85        1         1 
	   Disk (KB)            :  1435      500000    624256 
	   GPUs                 :                           0 
	   Memory (MB)          :  1324       20000     20096 
...
040 (113484792.000.000) 2023-04-02 14:45:16 Started transferring input files
	Transferring to host: <10.14.4.85:9618?addrs=10.14.4.85-9618&alias=node835.cluster.ldas.cit&noUDP&sock=slot1_10_1350884_bc0e_16809>
...
040 (113484792.000.000) 2023-04-02 14:45:16 Finished transferring input files
...
001 (113484792.000.000) 2023-04-02 14:45:17 Job executing on host: <10.14.4.85:9618?addrs=10.14.4.85-9618&alias=node835.cluster.ldas.cit&noUDP&sock=startd_3402_1148>
...
006 (113484792.000.000) 2023-04-02 23:16:15 Image size of job updated: 5014936
	1465  -  MemoryUsage of job (MB)
	1500000  -  ResidentSetSize of job (KB)
...
006 (113484792.000.000) 2023-04-03 00:31:20 Image size of job updated: 5026880
	1465  -  MemoryUsage of job (MB)
	1500000  -  ResidentSetSize of job (KB)
...
006 (113484792.000.000) 2023-04-03 01:16:25 Image size of job updated: 5036096
	1465  -  MemoryUsage of job (MB)
	1500000  -  ResidentSetSize of job (KB)
...
006 (113484792.000.000) 2023-04-03 02:21:29 Image size of job updated: 5040600
	1465  -  MemoryUsage of job (MB)
	1500000  -  ResidentSetSize of job (KB)
...
006 (113484792.000.000) 2023-04-03 02:41:32 Image size of job updated: 5046600
	1465  -  MemoryUsage of job (MB)
	1500000  -  ResidentSetSize of job (KB)
...
006 (113484792.000.000) 2023-04-03 02:56:34 Image size of job updated: 5223460
	1465  -  MemoryUsage of job (MB)
	1500000  -  ResidentSetSize of job (KB)
...
006 (113484792.000.000) 2023-04-03 10:27:23 Image size of job updated: 5223460
	1528  -  MemoryUsage of job (MB)
	1563976  -  ResidentSetSize of job (KB)
...
006 (113484792.000.000) 2023-04-03 11:17:29 Image size of job updated: 5223460
	1565  -  MemoryUsage of job (MB)
	1601820  -  ResidentSetSize of job (KB)
...
006 (113484792.000.000) 2023-04-03 13:52:44 Image size of job updated: 5388600
	1565  -  MemoryUsage of job (MB)
	1601820  -  ResidentSetSize of job (KB)
...
004 (113484792.000.000) 2023-04-03 14:51:22 Job was evicted.
	(0) CPU times
		Usr 2 16:56:29, Sys 0 00:05:23  -  Run Remote Usage
		Usr 0 00:00:00, Sys 0 00:00:00  -  Run Local Usage
	0  -  Run Bytes Sent By Job
	381  -  Run Bytes Received By Job
	Partitionable Resources :    Usage  Request Allocated 
	   Cpus                 :     0.98        1         1 
	   Disk (KB)            :   477      500000    619149 
	   GPUs                 :                           0 
	   Memory (MB)          :  1565       20000     20096 
...
040 (113484792.000.000) 2023-04-03 15:14:43 Started transferring input files
	Transferring to host: <10.14.3.248:9618?addrs=10.14.3.248-9618&alias=node748.cluster.ldas.cit&noUDP&sock=slot1_5_135327_dd18_9465>
...
040 (113484792.000.000) 2023-04-03 15:14:43 Finished transferring input files
...
001 (113484792.000.000) 2023-04-03 15:14:44 Job executing on host: <10.14.3.248:9618?addrs=10.14.3.248-9618&alias=node748.cluster.ldas.cit&noUDP&sock=startd_135288_e4c9>
...
006 (113484792.000.000) 2023-04-04 07:18:49 Image size of job updated: 14908600
	1709  -  MemoryUsage of job (MB)
	1750000  -  ResidentSetSize of job (KB)
...
040 (113484792.000.000) 2023-04-04 07:18:49 Started transferring output files
...
040 (113484792.000.000) 2023-04-04 07:18:49 Finished transferring output files
...
005 (113484792.000.000) 2023-04-04 07:18:49 Job terminated.
	(1) Normal termination (return value 0)
		Usr 2 06:54:30, Sys 0 00:07:01  -  Run Remote Usage
		Usr 0 00:00:00, Sys 0 00:00:00  -  Run Local Usage
		Usr 8 07:55:36, Sys 0 00:18:56  -  Total Remote Usage
		Usr 0 00:00:00, Sys 0 00:00:00  -  Total Local Usage
	295658  -  Run Bytes Sent By Job
	381  -  Run Bytes Received By Job
	295658  -  Total Bytes Sent By Job
	1143  -  Total Bytes Received By Job
	Partitionable Resources :    Usage  Request Allocated 
	   Cpus                 :     4.95        1         1 
	   Disk (KB)            :   312      500000    624256 
	   GPUs                 :                           0 
	   Memory (MB)          :  1709       20000     20096 

	Job terminated of its own accord at 2023-04-04T14:18:49Z with exit-code 0.
...
