000 (113450149.000.000) 2023-03-29 17:01:36 Job submitted from host: <10.14.0.160:9618?addrs=10.14.0.160-9618&alias=ldas-pcdev2.ligo.caltech.edu&noUDP&sock=schedd_7450_a8a7>
    DAG Node: 835
...
040 (113450149.000.000) 2023-03-29 17:45:37 Started transferring input files
	Transferring to host: <10.14.9.194:9618?addrs=10.14.9.194-9618&alias=node2194.cluster.ldas.cit&noUDP&sock=slot1_2_189911_3ac4_89196>
...
040 (113450149.000.000) 2023-03-29 17:45:37 Finished transferring input files
...
001 (113450149.000.000) 2023-03-29 17:45:38 Job executing on host: <10.14.9.194:9618?addrs=10.14.9.194-9618&alias=node2194.cluster.ldas.cit&noUDP&sock=startd_189641_87e3>
...
006 (113450149.000.000) 2023-03-29 17:45:38 Image size of job updated: 1
	0  -  MemoryUsage of job (MB)
	0  -  ResidentSetSize of job (KB)
...
040 (113450149.000.000) 2023-03-29 17:45:38 Started transferring output files
...
040 (113450149.000.000) 2023-03-29 17:45:38 Finished transferring output files
...
005 (113450149.000.000) 2023-03-29 17:45:38 Job terminated.
	(1) Normal termination (return value 127)
		Usr 0 00:00:00, Sys 0 00:00:00  -  Run Remote Usage
		Usr 0 00:00:00, Sys 0 00:00:00  -  Run Local Usage
		Usr 0 00:00:00, Sys 0 00:00:00  -  Total Remote Usage
		Usr 0 00:00:00, Sys 0 00:00:00  -  Total Local Usage
	407  -  Run Bytes Sent By Job
	366  -  Run Bytes Received By Job
	407  -  Total Bytes Sent By Job
	366  -  Total Bytes Received By Job
	Partitionable Resources :    Usage  Request Allocated 
	   Cpus                 :                 1         1 
	   Disk (KB)            :       14   500000    561711 
	   GPUs                 :                           0 
	   Memory (MB)          :        0    20000     20096 

	Job terminated of its own accord at 2023-03-30T00:45:38Z with exit-code 127.
...
000 (113484988.000.000) 2023-04-01 14:24:18 Job submitted from host: <10.14.0.160:9618?addrs=10.14.0.160-9618&alias=ldas-pcdev2.ligo.caltech.edu&noUDP&sock=schedd_7450_a8a7>
    DAG Node: 835
...
040 (113484988.000.000) 2023-04-01 14:30:11 Started transferring input files
	Transferring to host: <10.14.10.133:9618?addrs=10.14.10.133-9618&alias=node2383.cluster.ldas.cit&noUDP&sock=slot1_7_3052995_ea0e_32533>
...
040 (113484988.000.000) 2023-04-01 14:30:11 Finished transferring input files
...
001 (113484988.000.000) 2023-04-01 14:30:12 Job executing on host: <10.14.10.133:9618?addrs=10.14.10.133-9618&alias=node2383.cluster.ldas.cit&noUDP&sock=startd_4088_9b40>
...
006 (113484988.000.000) 2023-04-01 14:30:21 Image size of job updated: 598364
	192  -  MemoryUsage of job (MB)
	196524  -  ResidentSetSize of job (KB)
...
006 (113484988.000.000) 2023-04-01 14:35:22 Image size of job updated: 5242768
	212  -  MemoryUsage of job (MB)
	216984  -  ResidentSetSize of job (KB)
...
006 (113484988.000.000) 2023-04-01 14:40:22 Image size of job updated: 5242768
	214  -  MemoryUsage of job (MB)
	218132  -  ResidentSetSize of job (KB)
...
006 (113484988.000.000) 2023-04-01 14:45:22 Image size of job updated: 5242768
	392  -  MemoryUsage of job (MB)
	400536  -  ResidentSetSize of job (KB)
...
006 (113484988.000.000) 2023-04-01 14:50:23 Image size of job updated: 5242768
	396  -  MemoryUsage of job (MB)
	405200  -  ResidentSetSize of job (KB)
...
004 (113484988.000.000) 2023-04-01 14:52:04 Job was evicted.
	(0) CPU times
		Usr 0 00:37:48, Sys 0 00:00:06  -  Run Remote Usage
		Usr 0 00:00:00, Sys 0 00:00:00  -  Run Local Usage
	0  -  Run Bytes Sent By Job
	366  -  Run Bytes Received By Job
	Partitionable Resources :    Usage  Request Allocated 
	   Cpus                 :     3.44        1         1 
	   Disk (KB)            :  2730      500000    624256 
	   GPUs                 :                           0 
	   Memory (MB)          :   396       20000     20096 
...
009 (113484988.000.000) 2023-04-01 14:52:04 Job was aborted.
	removed because <OtherJobRemoveRequirements = DAGManJobId =?= 113484895> fired when job (113484895.0) was removed
...
000 (113485192.000.000) 2023-04-01 14:53:32 Job submitted from host: <10.14.0.160:9618?addrs=10.14.0.160-9618&alias=ldas-pcdev2.ligo.caltech.edu&noUDP&sock=schedd_7450_a8a7>
    DAG Node: 835
...
040 (113485192.000.000) 2023-04-01 15:01:40 Started transferring input files
	Transferring to host: <10.14.9.196:9618?addrs=10.14.9.196-9618&alias=node2196.cluster.ldas.cit&noUDP&sock=slot1_3_186547_fcbb_160848>
...
040 (113485192.000.000) 2023-04-01 15:01:40 Finished transferring input files
...
001 (113485192.000.000) 2023-04-01 15:01:41 Job executing on host: <10.14.9.196:9618?addrs=10.14.9.196-9618&alias=node2196.cluster.ldas.cit&noUDP&sock=startd_186508_8dac>
...
006 (113485192.000.000) 2023-04-01 15:01:41 Image size of job updated: 1
	0  -  MemoryUsage of job (MB)
	0  -  ResidentSetSize of job (KB)
...
040 (113485192.000.000) 2023-04-01 15:01:41 Started transferring output files
...
040 (113485192.000.000) 2023-04-01 15:01:41 Finished transferring output files
...
005 (113485192.000.000) 2023-04-01 15:01:41 Job terminated.
	(1) Normal termination (return value 127)
		Usr 0 00:00:00, Sys 0 00:00:00  -  Run Remote Usage
		Usr 0 00:00:00, Sys 0 00:00:00  -  Run Local Usage
		Usr 0 00:00:00, Sys 0 00:00:00  -  Total Remote Usage
		Usr 0 00:00:00, Sys 0 00:00:00  -  Total Local Usage
	403  -  Run Bytes Sent By Job
	366  -  Run Bytes Received By Job
	403  -  Total Bytes Sent By Job
	366  -  Total Bytes Received By Job
	Partitionable Resources :    Usage  Request Allocated 
	   Cpus                 :                 1         1 
	   Disk (KB)            :       15   500000    519527 
	   GPUs                 :                           0 
	   Memory (MB)          :        0    20000     20096 

	Job terminated of its own accord at 2023-04-01T22:01:41Z with exit-code 127.
...
000 (113493896.000.000) 2023-04-02 13:26:48 Job submitted from host: <10.14.0.160:9618?addrs=10.14.0.160-9618&alias=ldas-pcdev2.ligo.caltech.edu&noUDP&sock=schedd_7450_a8a7>
    DAG Node: 835
...
040 (113493896.000.000) 2023-04-02 13:44:27 Started transferring input files
	Transferring to host: <10.14.10.120:9618?addrs=10.14.10.120-9618&alias=node2370.cluster.ldas.cit&noUDP&sock=slot1_12_1733606_019a_30580>
...
040 (113493896.000.000) 2023-04-02 13:44:27 Finished transferring input files
...
001 (113493896.000.000) 2023-04-02 13:44:28 Job executing on host: <10.14.10.120:9618?addrs=10.14.10.120-9618&alias=node2370.cluster.ldas.cit&noUDP&sock=startd_4141_f5c5>
...
006 (113493896.000.000) 2023-04-02 13:44:37 Image size of job updated: 194568
	190  -  MemoryUsage of job (MB)
	194448  -  ResidentSetSize of job (KB)
...
006 (113493896.000.000) 2023-04-02 13:49:38 Image size of job updated: 5250456
	373  -  MemoryUsage of job (MB)
	381340  -  ResidentSetSize of job (KB)
...
006 (113493896.000.000) 2023-04-02 13:54:39 Image size of job updated: 5250456
	374  -  MemoryUsage of job (MB)
	382648  -  ResidentSetSize of job (KB)
...
006 (113493896.000.000) 2023-04-02 13:59:39 Image size of job updated: 5250456
	552  -  MemoryUsage of job (MB)
	564740  -  ResidentSetSize of job (KB)
...
006 (113493896.000.000) 2023-04-02 14:04:40 Image size of job updated: 5250456
	558  -  MemoryUsage of job (MB)
	570756  -  ResidentSetSize of job (KB)
...
006 (113493896.000.000) 2023-04-02 14:09:41 Image size of job updated: 5250456
	626  -  MemoryUsage of job (MB)
	640548  -  ResidentSetSize of job (KB)
...
006 (113493896.000.000) 2023-04-02 14:14:41 Image size of job updated: 5250456
	630  -  MemoryUsage of job (MB)
	644716  -  ResidentSetSize of job (KB)
...
006 (113493896.000.000) 2023-04-02 14:19:41 Image size of job updated: 5250456
	632  -  MemoryUsage of job (MB)
	646224  -  ResidentSetSize of job (KB)
...
006 (113493896.000.000) 2023-04-02 14:24:42 Image size of job updated: 5250456
	634  -  MemoryUsage of job (MB)
	648500  -  ResidentSetSize of job (KB)
...
006 (113493896.000.000) 2023-04-02 14:29:42 Image size of job updated: 5250456
	639  -  MemoryUsage of job (MB)
	653532  -  ResidentSetSize of job (KB)
...
006 (113493896.000.000) 2023-04-02 14:34:42 Image size of job updated: 5250456
	639  -  MemoryUsage of job (MB)
	653568  -  ResidentSetSize of job (KB)
...
006 (113493896.000.000) 2023-04-02 14:39:43 Image size of job updated: 5250456
	643  -  MemoryUsage of job (MB)
	657856  -  ResidentSetSize of job (KB)
...
006 (113493896.000.000) 2023-04-02 14:44:44 Image size of job updated: 5250456
	644  -  MemoryUsage of job (MB)
	658948  -  ResidentSetSize of job (KB)
...
006 (113493896.000.000) 2023-04-02 14:49:44 Image size of job updated: 5250456
	646  -  MemoryUsage of job (MB)
	660856  -  ResidentSetSize of job (KB)
...
006 (113493896.000.000) 2023-04-02 14:54:45 Image size of job updated: 5250456
	646  -  MemoryUsage of job (MB)
	660964  -  ResidentSetSize of job (KB)
...
006 (113493896.000.000) 2023-04-02 14:59:46 Image size of job updated: 5250456
	651  -  MemoryUsage of job (MB)
	666076  -  ResidentSetSize of job (KB)
...
006 (113493896.000.000) 2023-04-02 15:09:46 Image size of job updated: 5250456
	653  -  MemoryUsage of job (MB)
	668092  -  ResidentSetSize of job (KB)
...
006 (113493896.000.000) 2023-04-02 15:14:47 Image size of job updated: 5250456
	657  -  MemoryUsage of job (MB)
	672584  -  ResidentSetSize of job (KB)
...
006 (113493896.000.000) 2023-04-02 15:19:47 Image size of job updated: 5250456
	679  -  MemoryUsage of job (MB)
	694860  -  ResidentSetSize of job (KB)
...
006 (113493896.000.000) 2023-04-02 15:24:47 Image size of job updated: 5250456
	713  -  MemoryUsage of job (MB)
	729392  -  ResidentSetSize of job (KB)
...
006 (113493896.000.000) 2023-04-02 15:29:48 Image size of job updated: 5250456
	714  -  MemoryUsage of job (MB)
	730428  -  ResidentSetSize of job (KB)
...
006 (113493896.000.000) 2023-04-02 15:34:48 Image size of job updated: 5250456
	739  -  MemoryUsage of job (MB)
	756320  -  ResidentSetSize of job (KB)
...
006 (113493896.000.000) 2023-04-02 15:39:48 Image size of job updated: 5250456
	743  -  MemoryUsage of job (MB)
	760104  -  ResidentSetSize of job (KB)
...
006 (113493896.000.000) 2023-04-02 15:44:50 Image size of job updated: 5250456
	745  -  MemoryUsage of job (MB)
	762212  -  ResidentSetSize of job (KB)
...
006 (113493896.000.000) 2023-04-02 15:49:50 Image size of job updated: 5250456
	773  -  MemoryUsage of job (MB)
	791340  -  ResidentSetSize of job (KB)
...
006 (113493896.000.000) 2023-04-02 15:54:50 Image size of job updated: 5250456
	777  -  MemoryUsage of job (MB)
	794996  -  ResidentSetSize of job (KB)
...
006 (113493896.000.000) 2023-04-02 15:59:51 Image size of job updated: 5250456
	780  -  MemoryUsage of job (MB)
	798292  -  ResidentSetSize of job (KB)
...
006 (113493896.000.000) 2023-04-02 16:04:52 Image size of job updated: 5250588
	841  -  MemoryUsage of job (MB)
	860192  -  ResidentSetSize of job (KB)
...
006 (113493896.000.000) 2023-04-02 16:09:52 Image size of job updated: 5250588
	947  -  MemoryUsage of job (MB)
	969308  -  ResidentSetSize of job (KB)
...
006 (113493896.000.000) 2023-04-02 16:14:52 Image size of job updated: 5282412
	1082  -  MemoryUsage of job (MB)
	1107400  -  ResidentSetSize of job (KB)
...
006 (113493896.000.000) 2023-04-02 16:19:53 Image size of job updated: 5282412
	1168  -  MemoryUsage of job (MB)
	1195348  -  ResidentSetSize of job (KB)
...
006 (113493896.000.000) 2023-04-02 16:24:53 Image size of job updated: 5304192
	1275  -  MemoryUsage of job (MB)
	1304612  -  ResidentSetSize of job (KB)
...
006 (113493896.000.000) 2023-04-02 16:34:54 Image size of job updated: 5306112
	1275  -  MemoryUsage of job (MB)
	1304612  -  ResidentSetSize of job (KB)
...
006 (113493896.000.000) 2023-04-02 16:39:55 Image size of job updated: 5307176
	1275  -  MemoryUsage of job (MB)
	1304612  -  ResidentSetSize of job (KB)
...
006 (113493896.000.000) 2023-04-02 16:49:56 Image size of job updated: 5313624
	1275  -  MemoryUsage of job (MB)
	1304612  -  ResidentSetSize of job (KB)
...
006 (113493896.000.000) 2023-04-02 16:54:57 Image size of job updated: 5313880
	1275  -  MemoryUsage of job (MB)
	1304612  -  ResidentSetSize of job (KB)
...
006 (113493896.000.000) 2023-04-02 16:59:57 Image size of job updated: 5316136
	1275  -  MemoryUsage of job (MB)
	1304612  -  ResidentSetSize of job (KB)
...
006 (113493896.000.000) 2023-04-02 17:04:57 Image size of job updated: 5325032
	1275  -  MemoryUsage of job (MB)
	1304612  -  ResidentSetSize of job (KB)
...
006 (113493896.000.000) 2023-04-02 17:24:59 Image size of job updated: 5395940
	1298  -  MemoryUsage of job (MB)
	1329068  -  ResidentSetSize of job (KB)
...
006 (113493896.000.000) 2023-04-02 17:30:00 Image size of job updated: 5395940
	1302  -  MemoryUsage of job (MB)
	1333000  -  ResidentSetSize of job (KB)
...
006 (113493896.000.000) 2023-04-02 17:35:00 Image size of job updated: 5395940
	1306  -  MemoryUsage of job (MB)
	1336720  -  ResidentSetSize of job (KB)
...
006 (113493896.000.000) 2023-04-02 17:40:01 Image size of job updated: 5395940
	1317  -  MemoryUsage of job (MB)
	1348272  -  ResidentSetSize of job (KB)
...
006 (113493896.000.000) 2023-04-02 17:45:02 Image size of job updated: 5395940
	1326  -  MemoryUsage of job (MB)
	1357572  -  ResidentSetSize of job (KB)
...
006 (113493896.000.000) 2023-04-02 17:50:02 Image size of job updated: 5395940
	1344  -  MemoryUsage of job (MB)
	1375648  -  ResidentSetSize of job (KB)
...
006 (113493896.000.000) 2023-04-02 17:55:03 Image size of job updated: 5412008
	1358  -  MemoryUsage of job (MB)
	1389588  -  ResidentSetSize of job (KB)
...
006 (113493896.000.000) 2023-04-02 18:10:04 Image size of job updated: 5412008
	1360  -  MemoryUsage of job (MB)
	1391940  -  ResidentSetSize of job (KB)
...
006 (113493896.000.000) 2023-04-02 18:20:05 Image size of job updated: 5424264
	1363  -  MemoryUsage of job (MB)
	1395288  -  ResidentSetSize of job (KB)
...
006 (113493896.000.000) 2023-04-02 18:30:06 Image size of job updated: 5429460
	1366  -  MemoryUsage of job (MB)
	1398088  -  ResidentSetSize of job (KB)
...
006 (113493896.000.000) 2023-04-02 18:40:07 Image size of job updated: 5429848
	1379  -  MemoryUsage of job (MB)
	1411488  -  ResidentSetSize of job (KB)
...
006 (113493896.000.000) 2023-04-02 18:45:08 Image size of job updated: 5433432
	1379  -  MemoryUsage of job (MB)
	1411488  -  ResidentSetSize of job (KB)
...
006 (113493896.000.000) 2023-04-02 19:20:12 Image size of job updated: 5433432
	1390  -  MemoryUsage of job (MB)
	1422888  -  ResidentSetSize of job (KB)
...
006 (113493896.000.000) 2023-04-02 19:25:12 Image size of job updated: 5518584
	1459  -  MemoryUsage of job (MB)
	1493040  -  ResidentSetSize of job (KB)
...
006 (113493896.000.000) 2023-04-02 19:30:12 Image size of job updated: 5518584
	1459  -  MemoryUsage of job (MB)
	1493492  -  ResidentSetSize of job (KB)
...
006 (113493896.000.000) 2023-04-02 19:35:14 Image size of job updated: 5526248
	1459  -  MemoryUsage of job (MB)
	1493932  -  ResidentSetSize of job (KB)
...
006 (113493896.000.000) 2023-04-02 19:40:14 Image size of job updated: 5526248
	1460  -  MemoryUsage of job (MB)
	1494428  -  ResidentSetSize of job (KB)
...
006 (113493896.000.000) 2023-04-02 19:45:14 Image size of job updated: 5526248
	1463  -  MemoryUsage of job (MB)
	1497928  -  ResidentSetSize of job (KB)
...
006 (113493896.000.000) 2023-04-02 19:50:15 Image size of job updated: 5526248
	1465  -  MemoryUsage of job (MB)
	1499160  -  ResidentSetSize of job (KB)
...
006 (113493896.000.000) 2023-04-02 19:55:16 Image size of job updated: 5597596
	1469  -  MemoryUsage of job (MB)
	1504164  -  ResidentSetSize of job (KB)
...
006 (113493896.000.000) 2023-04-02 20:00:16 Image size of job updated: 5597596
	1470  -  MemoryUsage of job (MB)
	1504532  -  ResidentSetSize of job (KB)
...
006 (113493896.000.000) 2023-04-02 20:05:17 Image size of job updated: 5597596
	1476  -  MemoryUsage of job (MB)
	1511400  -  ResidentSetSize of job (KB)
...
006 (113493896.000.000) 2023-04-02 20:10:18 Image size of job updated: 5597596
	1477  -  MemoryUsage of job (MB)
	1512400  -  ResidentSetSize of job (KB)
...
006 (113493896.000.000) 2023-04-02 20:15:18 Image size of job updated: 5597596
	1479  -  MemoryUsage of job (MB)
	1513528  -  ResidentSetSize of job (KB)
...
006 (113493896.000.000) 2023-04-02 20:20:19 Image size of job updated: 5620456
	1481  -  MemoryUsage of job (MB)
	1515956  -  ResidentSetSize of job (KB)
...
006 (113493896.000.000) 2023-04-02 20:25:20 Image size of job updated: 5620456
	1482  -  MemoryUsage of job (MB)
	1517412  -  ResidentSetSize of job (KB)
...
006 (113493896.000.000) 2023-04-02 20:30:20 Image size of job updated: 5625808
	1485  -  MemoryUsage of job (MB)
	1520492  -  ResidentSetSize of job (KB)
...
006 (113493896.000.000) 2023-04-02 20:35:20 Image size of job updated: 5625808
	1489  -  MemoryUsage of job (MB)
	1524032  -  ResidentSetSize of job (KB)
...
006 (113493896.000.000) 2023-04-02 20:45:21 Image size of job updated: 5632832
	1493  -  MemoryUsage of job (MB)
	1528452  -  ResidentSetSize of job (KB)
...
006 (113493896.000.000) 2023-04-02 20:55:22 Image size of job updated: 5635000
	1494  -  MemoryUsage of job (MB)
	1529716  -  ResidentSetSize of job (KB)
...
006 (113493896.000.000) 2023-04-02 21:00:22 Image size of job updated: 5635000
	1495  -  MemoryUsage of job (MB)
	1530468  -  ResidentSetSize of job (KB)
...
006 (113493896.000.000) 2023-04-02 21:05:22 Image size of job updated: 5635000
	1498  -  MemoryUsage of job (MB)
	1533324  -  ResidentSetSize of job (KB)
...
006 (113493896.000.000) 2023-04-02 21:10:23 Image size of job updated: 5635000
	1500  -  MemoryUsage of job (MB)
	1535716  -  ResidentSetSize of job (KB)
...
006 (113493896.000.000) 2023-04-02 21:15:24 Image size of job updated: 5635000
	1503  -  MemoryUsage of job (MB)
	1538580  -  ResidentSetSize of job (KB)
...
006 (113493896.000.000) 2023-04-02 21:20:24 Image size of job updated: 5635000
	1505  -  MemoryUsage of job (MB)
	1540628  -  ResidentSetSize of job (KB)
...
006 (113493896.000.000) 2023-04-02 21:25:25 Image size of job updated: 5635000
	1506  -  MemoryUsage of job (MB)
	1542032  -  ResidentSetSize of job (KB)
...
006 (113493896.000.000) 2023-04-02 21:30:26 Image size of job updated: 5658364
	1508  -  MemoryUsage of job (MB)
	1544088  -  ResidentSetSize of job (KB)
...
006 (113493896.000.000) 2023-04-02 21:35:26 Image size of job updated: 5658364
	1511  -  MemoryUsage of job (MB)
	1547192  -  ResidentSetSize of job (KB)
...
006 (113493896.000.000) 2023-04-02 21:40:26 Image size of job updated: 5665876
	1514  -  MemoryUsage of job (MB)
	1549652  -  ResidentSetSize of job (KB)
...
006 (113493896.000.000) 2023-04-02 21:45:26 Image size of job updated: 5665876
	1515  -  MemoryUsage of job (MB)
	1551004  -  ResidentSetSize of job (KB)
...
006 (113493896.000.000) 2023-04-02 21:50:27 Image size of job updated: 5665876
	1518  -  MemoryUsage of job (MB)
	1554108  -  ResidentSetSize of job (KB)
...
006 (113493896.000.000) 2023-04-02 21:55:27 Image size of job updated: 5665876
	1518  -  MemoryUsage of job (MB)
	1554380  -  ResidentSetSize of job (KB)
...
006 (113493896.000.000) 2023-04-02 22:00:27 Image size of job updated: 5665876
	1519  -  MemoryUsage of job (MB)
	1555384  -  ResidentSetSize of job (KB)
...
006 (113493896.000.000) 2023-04-02 22:05:28 Image size of job updated: 5665876
	1522  -  MemoryUsage of job (MB)
	1557596  -  ResidentSetSize of job (KB)
...
006 (113493896.000.000) 2023-04-02 22:10:28 Image size of job updated: 5665876
	1524  -  MemoryUsage of job (MB)
	1560044  -  ResidentSetSize of job (KB)
...
006 (113493896.000.000) 2023-04-02 22:15:28 Image size of job updated: 5665876
	1526  -  MemoryUsage of job (MB)
	1561624  -  ResidentSetSize of job (KB)
...
006 (113493896.000.000) 2023-04-02 22:20:29 Image size of job updated: 5665876
	1528  -  MemoryUsage of job (MB)
	1563672  -  ResidentSetSize of job (KB)
...
006 (113493896.000.000) 2023-04-02 22:25:30 Image size of job updated: 5665876
	1630  -  MemoryUsage of job (MB)
	1668548  -  ResidentSetSize of job (KB)
...
006 (113493896.000.000) 2023-04-02 22:40:32 Image size of job updated: 5699676
	1630  -  MemoryUsage of job (MB)
	1668548  -  ResidentSetSize of job (KB)
...
006 (113493896.000.000) 2023-04-02 23:05:33 Image size of job updated: 5705420
	1630  -  MemoryUsage of job (MB)
	1668548  -  ResidentSetSize of job (KB)
...
006 (113493896.000.000) 2023-04-02 23:55:38 Image size of job updated: 5754728
	1630  -  MemoryUsage of job (MB)
	1668548  -  ResidentSetSize of job (KB)
...
006 (113493896.000.000) 2023-04-03 00:05:39 Image size of job updated: 5756968
	1630  -  MemoryUsage of job (MB)
	1668548  -  ResidentSetSize of job (KB)
...
006 (113493896.000.000) 2023-04-03 00:20:41 Image size of job updated: 5759488
	1630  -  MemoryUsage of job (MB)
	1668548  -  ResidentSetSize of job (KB)
...
006 (113493896.000.000) 2023-04-03 00:30:42 Image size of job updated: 5763992
	1630  -  MemoryUsage of job (MB)
	1668548  -  ResidentSetSize of job (KB)
...
006 (113493896.000.000) 2023-04-03 00:45:44 Image size of job updated: 5768760
	1630  -  MemoryUsage of job (MB)
	1668548  -  ResidentSetSize of job (KB)
...
006 (113493896.000.000) 2023-04-03 01:40:49 Image size of job updated: 5809244
	1630  -  MemoryUsage of job (MB)
	1668548  -  ResidentSetSize of job (KB)
...
006 (113493896.000.000) 2023-04-03 02:05:52 Image size of job updated: 5814476
	1630  -  MemoryUsage of job (MB)
	1668548  -  ResidentSetSize of job (KB)
...
006 (113493896.000.000) 2023-04-03 02:55:57 Image size of job updated: 5824444
	1630  -  MemoryUsage of job (MB)
	1668548  -  ResidentSetSize of job (KB)
...
006 (113493896.000.000) 2023-04-03 03:05:57 Image size of job updated: 5827468
	1633  -  MemoryUsage of job (MB)
	1671500  -  ResidentSetSize of job (KB)
...
006 (113493896.000.000) 2023-04-03 03:20:58 Image size of job updated: 5827468
	1637  -  MemoryUsage of job (MB)
	1676280  -  ResidentSetSize of job (KB)
...
006 (113493896.000.000) 2023-04-03 03:30:59 Image size of job updated: 5833904
	1640  -  MemoryUsage of job (MB)
	1678460  -  ResidentSetSize of job (KB)
...
006 (113493896.000.000) 2023-04-03 03:41:00 Image size of job updated: 5836600
	1641  -  MemoryUsage of job (MB)
	1679484  -  ResidentSetSize of job (KB)
...
006 (113493896.000.000) 2023-04-03 03:51:00 Image size of job updated: 5836600
	1643  -  MemoryUsage of job (MB)
	1681532  -  ResidentSetSize of job (KB)
...
006 (113493896.000.000) 2023-04-03 04:01:01 Image size of job updated: 5839136
	1644  -  MemoryUsage of job (MB)
	1683172  -  ResidentSetSize of job (KB)
...
006 (113493896.000.000) 2023-04-03 04:11:02 Image size of job updated: 5841880
	1646  -  MemoryUsage of job (MB)
	1684584  -  ResidentSetSize of job (KB)
...
006 (113493896.000.000) 2023-04-03 04:16:03 Image size of job updated: 5841880
	1646  -  MemoryUsage of job (MB)
	1685104  -  ResidentSetSize of job (KB)
...
006 (113493896.000.000) 2023-04-03 04:21:03 Image size of job updated: 5841880
	1646  -  MemoryUsage of job (MB)
	1685352  -  ResidentSetSize of job (KB)
...
006 (113493896.000.000) 2023-04-03 04:26:04 Image size of job updated: 5845144
	1646  -  MemoryUsage of job (MB)
	1685352  -  ResidentSetSize of job (KB)
...
006 (113493896.000.000) 2023-04-03 04:36:05 Image size of job updated: 5866428
	1654  -  MemoryUsage of job (MB)
	1692748  -  ResidentSetSize of job (KB)
...
006 (113493896.000.000) 2023-04-03 04:51:07 Image size of job updated: 5869700
	1655  -  MemoryUsage of job (MB)
	1694396  -  ResidentSetSize of job (KB)
...
006 (113493896.000.000) 2023-04-03 04:56:07 Image size of job updated: 5869700
	1657  -  MemoryUsage of job (MB)
	1696448  -  ResidentSetSize of job (KB)
...
006 (113493896.000.000) 2023-04-03 05:06:08 Image size of job updated: 5869700
	1658  -  MemoryUsage of job (MB)
	1697720  -  ResidentSetSize of job (KB)
...
006 (113493896.000.000) 2023-04-03 05:36:11 Image size of job updated: 5869700
	1678  -  MemoryUsage of job (MB)
	1717964  -  ResidentSetSize of job (KB)
...
006 (113493896.000.000) 2023-04-03 05:46:12 Image size of job updated: 5895116
	1678  -  MemoryUsage of job (MB)
	1717964  -  ResidentSetSize of job (KB)
...
006 (113493896.000.000) 2023-04-03 06:16:15 Image size of job updated: 5895116
	1700  -  MemoryUsage of job (MB)
	1740028  -  ResidentSetSize of job (KB)
...
006 (113493896.000.000) 2023-04-03 06:26:16 Image size of job updated: 5895116
	1701  -  MemoryUsage of job (MB)
	1741660  -  ResidentSetSize of job (KB)
...
006 (113493896.000.000) 2023-04-03 06:41:18 Image size of job updated: 5895116
	1704  -  MemoryUsage of job (MB)
	1744116  -  ResidentSetSize of job (KB)
...
006 (113493896.000.000) 2023-04-03 06:56:20 Image size of job updated: 5919784
	1705  -  MemoryUsage of job (MB)
	1745532  -  ResidentSetSize of job (KB)
...
006 (113493896.000.000) 2023-04-03 07:11:22 Image size of job updated: 5919784
	1715  -  MemoryUsage of job (MB)
	1755264  -  ResidentSetSize of job (KB)
...
006 (113493896.000.000) 2023-04-03 07:16:22 Image size of job updated: 5919784
	1833  -  MemoryUsage of job (MB)
	1876452  -  ResidentSetSize of job (KB)
...
006 (113493896.000.000) 2023-04-03 07:36:23 Image size of job updated: 5939248
	1833  -  MemoryUsage of job (MB)
	1876452  -  ResidentSetSize of job (KB)
...
006 (113493896.000.000) 2023-04-03 08:51:31 Image size of job updated: 5996516
	1833  -  MemoryUsage of job (MB)
	1876452  -  ResidentSetSize of job (KB)
...
006 (113493896.000.000) 2023-04-03 10:31:41 Image size of job updated: 5999064
	1833  -  MemoryUsage of job (MB)
	1876452  -  ResidentSetSize of job (KB)
...
006 (113493896.000.000) 2023-04-03 10:41:42 Image size of job updated: 6001080
	1833  -  MemoryUsage of job (MB)
	1876452  -  ResidentSetSize of job (KB)
...
006 (113493896.000.000) 2023-04-03 11:41:48 Image size of job updated: 6001080
	1890  -  MemoryUsage of job (MB)
	1934868  -  ResidentSetSize of job (KB)
...
006 (113493896.000.000) 2023-04-03 13:32:00 Image size of job updated: 6001496
	1890  -  MemoryUsage of job (MB)
	1934868  -  ResidentSetSize of job (KB)
...
004 (113493896.000.000) 2023-04-03 13:56:55 Job was evicted.
	(0) CPU times
		Usr 3 08:03:01, Sys 0 00:04:42  -  Run Remote Usage
		Usr 0 00:00:00, Sys 0 00:00:00  -  Run Local Usage
	0  -  Run Bytes Sent By Job
	366  -  Run Bytes Received By Job
	Partitionable Resources :    Usage  Request Allocated 
	   Cpus                 :     0.98        1         1 
	   Disk (KB)            :  4092      500000    624256 
	   GPUs                 :                           0 
	   Memory (MB)          :  1890       20000     20096 
...
040 (113493896.000.000) 2023-04-03 14:41:23 Started transferring input files
	Transferring to host: <10.14.10.58:9618?addrs=10.14.10.58-9618&alias=node2308.cluster.ldas.cit&noUDP&sock=slot1_6_3864988_706a_14896>
...
040 (113493896.000.000) 2023-04-03 14:41:23 Finished transferring input files
...
001 (113493896.000.000) 2023-04-03 14:41:24 Job executing on host: <10.14.10.58:9618?addrs=10.14.10.58-9618&alias=node2308.cluster.ldas.cit&noUDP&sock=startd_3864947_bf7b>
...
006 (113493896.000.000) 2023-04-04 09:16:15 Image size of job updated: 7500000
	2033  -  MemoryUsage of job (MB)
	2080876  -  ResidentSetSize of job (KB)
...
004 (113493896.000.000) 2023-04-04 13:15:41 Job was evicted.
	(0) CPU times
		Usr 3 14:49:12, Sys 0 00:06:26  -  Run Remote Usage
		Usr 0 00:00:00, Sys 0 00:00:00  -  Run Local Usage
	0  -  Run Bytes Sent By Job
	366  -  Run Bytes Received By Job
	Partitionable Resources :    Usage  Request Allocated 
	   Cpus                 :     0.99        1         1 
	   Disk (KB)            :  3177      500000    624256 
	   GPUs                 :                           0 
	   Memory (MB)          :  2033       20000     20096 
...
040 (113493896.000.000) 2023-04-04 14:01:11 Started transferring input files
	Transferring to host: <10.14.10.113:9618?addrs=10.14.10.113-9618&alias=node2363.cluster.ldas.cit&noUDP&sock=slot1_6_673418_a6b1_10>
...
040 (113493896.000.000) 2023-04-04 14:01:11 Finished transferring input files
...
001 (113493896.000.000) 2023-04-04 14:01:12 Job executing on host: <10.14.10.113:9618?addrs=10.14.10.113-9618&alias=node2363.cluster.ldas.cit&noUDP&sock=startd_673376_8166>
...
004 (113493896.000.000) 2023-04-05 14:52:31 Job was evicted.
	(0) CPU times
		Usr 4 18:15:39, Sys 0 00:04:50  -  Run Remote Usage
		Usr 0 00:00:00, Sys 0 00:00:00  -  Run Local Usage
	0  -  Run Bytes Sent By Job
	366  -  Run Bytes Received By Job
	Partitionable Resources :    Usage  Request Allocated 
	   Cpus                 :     0.99        1         1 
	   Disk (KB)            :  3099      500000    624256 
	   GPUs                 :                           0 
	   Memory (MB)          :  2198       20000     20096 
...
009 (113493896.000.000) 2023-04-05 14:52:31 Job was aborted.
	removed because <OtherJobRemoveRequirements = DAGManJobId =?= 113493790> fired when job (113493790.0) was removed
...
000 (113587387.000.000) 2023-04-05 14:54:35 Job submitted from host: <10.14.0.160:9618?addrs=10.14.0.160-9618&alias=ldas-pcdev2.ligo.caltech.edu&noUDP&sock=schedd_7450_a8a7>
    DAG Node: 835
...
040 (113587387.000.000) 2023-04-05 15:01:03 Started transferring input files
	Transferring to host: <10.14.10.136:9618?addrs=10.14.10.136-9618&alias=node2386.cluster.ldas.cit&noUDP&sock=slot1_17_1126894_843a_682>
...
040 (113587387.000.000) 2023-04-05 15:01:03 Finished transferring input files
...
001 (113587387.000.000) 2023-04-05 15:01:04 Job executing on host: <10.14.10.136:9618?addrs=10.14.10.136-9618&alias=node2386.cluster.ldas.cit&noUDP&sock=startd_1126852_52ac>
...
006 (113587387.000.000) 2023-04-05 15:01:13 Image size of job updated: 197704
	191  -  MemoryUsage of job (MB)
	194588  -  ResidentSetSize of job (KB)
...
006 (113587387.000.000) 2023-04-05 15:06:14 Image size of job updated: 5320108
	775  -  MemoryUsage of job (MB)
	793388  -  ResidentSetSize of job (KB)
...
006 (113587387.000.000) 2023-04-05 15:11:15 Image size of job updated: 5502260
	953  -  MemoryUsage of job (MB)
	975356  -  ResidentSetSize of job (KB)
...
006 (113587387.000.000) 2023-04-05 15:16:15 Image size of job updated: 5630360
	953  -  MemoryUsage of job (MB)
	975356  -  ResidentSetSize of job (KB)
...
006 (113587387.000.000) 2023-04-05 15:26:16 Image size of job updated: 6084708
	1310  -  MemoryUsage of job (MB)
	1340512  -  ResidentSetSize of job (KB)
...
006 (113587387.000.000) 2023-04-05 15:31:16 Image size of job updated: 6084708
	1416  -  MemoryUsage of job (MB)
	1449064  -  ResidentSetSize of job (KB)
...
006 (113587387.000.000) 2023-04-05 15:41:17 Image size of job updated: 6198924
	1416  -  MemoryUsage of job (MB)
	1449064  -  ResidentSetSize of job (KB)
...
006 (113587387.000.000) 2023-04-05 16:11:19 Image size of job updated: 6198924
	1451  -  MemoryUsage of job (MB)
	1485752  -  ResidentSetSize of job (KB)
...
006 (113587387.000.000) 2023-04-05 16:41:23 Image size of job updated: 6198924
	1462  -  MemoryUsage of job (MB)
	1496636  -  ResidentSetSize of job (KB)
...
006 (113587387.000.000) 2023-04-05 17:01:25 Image size of job updated: 6198924
	1466  -  MemoryUsage of job (MB)
	1501156  -  ResidentSetSize of job (KB)
...
006 (113587387.000.000) 2023-04-05 17:41:29 Image size of job updated: 6198924
	1533  -  MemoryUsage of job (MB)
	1569104  -  ResidentSetSize of job (KB)
...
006 (113587387.000.000) 2023-04-05 17:51:29 Image size of job updated: 6198924
	1565  -  MemoryUsage of job (MB)
	1602448  -  ResidentSetSize of job (KB)
...
006 (113587387.000.000) 2023-04-05 17:56:30 Image size of job updated: 6198924
	1710  -  MemoryUsage of job (MB)
	1750936  -  ResidentSetSize of job (KB)
...
006 (113587387.000.000) 2023-04-05 18:01:31 Image size of job updated: 6198924
	1793  -  MemoryUsage of job (MB)
	1835552  -  ResidentSetSize of job (KB)
...
006 (113587387.000.000) 2023-04-05 18:16:32 Image size of job updated: 6198924
	1800  -  MemoryUsage of job (MB)
	1842640  -  ResidentSetSize of job (KB)
...
006 (113587387.000.000) 2023-04-05 18:26:32 Image size of job updated: 6198924
	1949  -  MemoryUsage of job (MB)
	1995456  -  ResidentSetSize of job (KB)
...
006 (113587387.000.000) 2023-04-05 18:46:35 Image size of job updated: 6217984
	1949  -  MemoryUsage of job (MB)
	1995456  -  ResidentSetSize of job (KB)
...
006 (113587387.000.000) 2023-04-05 19:01:36 Image size of job updated: 6233948
	1949  -  MemoryUsage of job (MB)
	1995456  -  ResidentSetSize of job (KB)
...
006 (113587387.000.000) 2023-04-05 20:21:45 Image size of job updated: 6293976
	1949  -  MemoryUsage of job (MB)
	1995456  -  ResidentSetSize of job (KB)
...
006 (113587387.000.000) 2023-04-06 02:42:23 Image size of job updated: 6293976
	2009  -  MemoryUsage of job (MB)
	2057024  -  ResidentSetSize of job (KB)
...
006 (113587387.000.000) 2023-04-06 03:12:26 Image size of job updated: 6293976
	2035  -  MemoryUsage of job (MB)
	2083460  -  ResidentSetSize of job (KB)
...
006 (113587387.000.000) 2023-04-06 08:32:59 Image size of job updated: 6293976
	2086  -  MemoryUsage of job (MB)
	2135852  -  ResidentSetSize of job (KB)
...
006 (113587387.000.000) 2023-04-06 08:43:01 Image size of job updated: 6293976
	2128  -  MemoryUsage of job (MB)
	2178852  -  ResidentSetSize of job (KB)
...
006 (113587387.000.000) 2023-04-06 09:03:03 Image size of job updated: 6324460
	2128  -  MemoryUsage of job (MB)
	2178852  -  ResidentSetSize of job (KB)
...
006 (113587387.000.000) 2023-04-06 15:13:43 Image size of job updated: 6324460
	2174  -  MemoryUsage of job (MB)
	2225540  -  ResidentSetSize of job (KB)
...
004 (113587387.000.000) 2023-04-06 15:48:08 Job was evicted.
	(0) CPU times
		Usr 4 16:16:47, Sys 0 00:03:13  -  Run Remote Usage
		Usr 0 00:00:00, Sys 0 00:00:00  -  Run Local Usage
	0  -  Run Bytes Sent By Job
	366  -  Run Bytes Received By Job
	Partitionable Resources :    Usage  Request Allocated 
	   Cpus                 :     6.96        1         1 
	   Disk (KB)            :  2979      500000    624256 
	   GPUs                 :                           0 
	   Memory (MB)          :  2174       20000     20096 
...
009 (113587387.000.000) 2023-04-06 16:04:54 Job was aborted.
	removed because <OtherJobRemoveRequirements = DAGManJobId =?= 113587294> fired when job (113587294.0) was removed
...
000 (113604500.000.000) 2023-04-06 16:28:35 Job submitted from host: <10.14.0.160:9618?addrs=10.14.0.160-9618&alias=ldas-pcdev2.ligo.caltech.edu&noUDP&sock=schedd_7450_a8a7>
    DAG Node: 835
...
040 (113604500.000.000) 2023-04-06 17:00:25 Started transferring input files
	Transferring to host: <10.14.4.19:9618?addrs=10.14.4.19-9618&alias=node769.cluster.ldas.cit&noUDP&sock=slot1_20_2995088_31bb_9579>
...
040 (113604500.000.000) 2023-04-06 17:00:25 Finished transferring input files
...
001 (113604500.000.000) 2023-04-06 17:00:26 Job executing on host: <10.14.4.19:9618?addrs=10.14.4.19-9618&alias=node769.cluster.ldas.cit&noUDP&sock=startd_2995049_1332>
...
006 (113604500.000.000) 2023-04-06 17:00:35 Image size of job updated: 433648
	190  -  MemoryUsage of job (MB)
	194352  -  ResidentSetSize of job (KB)
...
006 (113604500.000.000) 2023-04-06 17:05:36 Image size of job updated: 5361476
	367  -  MemoryUsage of job (MB)
	374924  -  ResidentSetSize of job (KB)
...
006 (113604500.000.000) 2023-04-06 17:20:37 Image size of job updated: 5361476
	461  -  MemoryUsage of job (MB)
	471908  -  ResidentSetSize of job (KB)
...
006 (113604500.000.000) 2023-04-06 17:25:38 Image size of job updated: 5361476
	471  -  MemoryUsage of job (MB)
	481660  -  ResidentSetSize of job (KB)
...
006 (113604500.000.000) 2023-04-06 17:30:38 Image size of job updated: 5361476
	492  -  MemoryUsage of job (MB)
	503048  -  ResidentSetSize of job (KB)
...
006 (113604500.000.000) 2023-04-06 17:35:39 Image size of job updated: 5361476
	493  -  MemoryUsage of job (MB)
	504484  -  ResidentSetSize of job (KB)
...
006 (113604500.000.000) 2023-04-06 17:40:40 Image size of job updated: 5361476
	514  -  MemoryUsage of job (MB)
	525532  -  ResidentSetSize of job (KB)
...
006 (113604500.000.000) 2023-04-06 17:45:40 Image size of job updated: 5361476
	519  -  MemoryUsage of job (MB)
	531452  -  ResidentSetSize of job (KB)
...
006 (113604500.000.000) 2023-04-06 17:50:40 Image size of job updated: 5361476
	526  -  MemoryUsage of job (MB)
	537716  -  ResidentSetSize of job (KB)
...
006 (113604500.000.000) 2023-04-06 17:55:41 Image size of job updated: 5361476
	545  -  MemoryUsage of job (MB)
	557780  -  ResidentSetSize of job (KB)
...
006 (113604500.000.000) 2023-04-06 18:00:41 Image size of job updated: 5361476
	550  -  MemoryUsage of job (MB)
	562752  -  ResidentSetSize of job (KB)
...
006 (113604500.000.000) 2023-04-06 18:05:41 Image size of job updated: 5361476
	588  -  MemoryUsage of job (MB)
	601148  -  ResidentSetSize of job (KB)
...
006 (113604500.000.000) 2023-04-06 18:10:42 Image size of job updated: 5361476
	588  -  MemoryUsage of job (MB)
	601676  -  ResidentSetSize of job (KB)
...
006 (113604500.000.000) 2023-04-06 18:25:44 Image size of job updated: 5361476
	593  -  MemoryUsage of job (MB)
	607048  -  ResidentSetSize of job (KB)
...
006 (113604500.000.000) 2023-04-06 18:30:45 Image size of job updated: 5361476
	594  -  MemoryUsage of job (MB)
	607772  -  ResidentSetSize of job (KB)
...
006 (113604500.000.000) 2023-04-06 18:35:45 Image size of job updated: 5361476
	609  -  MemoryUsage of job (MB)
	623440  -  ResidentSetSize of job (KB)
...
006 (113604500.000.000) 2023-04-06 18:40:45 Image size of job updated: 5361476
	615  -  MemoryUsage of job (MB)
	629736  -  ResidentSetSize of job (KB)
...
006 (113604500.000.000) 2023-04-06 18:45:46 Image size of job updated: 5361476
	650  -  MemoryUsage of job (MB)
	665400  -  ResidentSetSize of job (KB)
...
006 (113604500.000.000) 2023-04-06 18:50:46 Image size of job updated: 5361476
	683  -  MemoryUsage of job (MB)
	698708  -  ResidentSetSize of job (KB)
...
006 (113604500.000.000) 2023-04-06 18:55:46 Image size of job updated: 5361476
	785  -  MemoryUsage of job (MB)
	803180  -  ResidentSetSize of job (KB)
...
006 (113604500.000.000) 2023-04-06 19:00:47 Image size of job updated: 5361476
	987  -  MemoryUsage of job (MB)
	1010212  -  ResidentSetSize of job (KB)
...
006 (113604500.000.000) 2023-04-06 19:05:48 Image size of job updated: 5361476
	1032  -  MemoryUsage of job (MB)
	1055840  -  ResidentSetSize of job (KB)
...
006 (113604500.000.000) 2023-04-06 19:10:48 Image size of job updated: 5361476
	1036  -  MemoryUsage of job (MB)
	1060796  -  ResidentSetSize of job (KB)
...
006 (113604500.000.000) 2023-04-06 19:20:50 Image size of job updated: 5361476
	1055  -  MemoryUsage of job (MB)
	1080212  -  ResidentSetSize of job (KB)
...
006 (113604500.000.000) 2023-04-06 19:25:50 Image size of job updated: 5361476
	1063  -  MemoryUsage of job (MB)
	1088020  -  ResidentSetSize of job (KB)
...
006 (113604500.000.000) 2023-04-06 19:30:50 Image size of job updated: 5361476
	1071  -  MemoryUsage of job (MB)
	1096592  -  ResidentSetSize of job (KB)
...
006 (113604500.000.000) 2023-04-06 19:35:51 Image size of job updated: 5361476
	1073  -  MemoryUsage of job (MB)
	1098328  -  ResidentSetSize of job (KB)
...
006 (113604500.000.000) 2023-04-06 19:40:51 Image size of job updated: 5361476
	1073  -  MemoryUsage of job (MB)
	1098464  -  ResidentSetSize of job (KB)
...
006 (113604500.000.000) 2023-04-06 20:00:53 Image size of job updated: 5361476
	1077  -  MemoryUsage of job (MB)
	1102520  -  ResidentSetSize of job (KB)
...
006 (113604500.000.000) 2023-04-06 20:05:54 Image size of job updated: 5361476
	1079  -  MemoryUsage of job (MB)
	1103896  -  ResidentSetSize of job (KB)
...
006 (113604500.000.000) 2023-04-06 20:15:55 Image size of job updated: 5361476
	1079  -  MemoryUsage of job (MB)
	1104168  -  ResidentSetSize of job (KB)
...
006 (113604500.000.000) 2023-04-06 20:20:56 Image size of job updated: 5361476
	1080  -  MemoryUsage of job (MB)
	1105124  -  ResidentSetSize of job (KB)
...
006 (113604500.000.000) 2023-04-06 20:25:57 Image size of job updated: 5361476
	1091  -  MemoryUsage of job (MB)
	1116480  -  ResidentSetSize of job (KB)
...
006 (113604500.000.000) 2023-04-06 20:30:57 Image size of job updated: 5361476
	1109  -  MemoryUsage of job (MB)
	1135244  -  ResidentSetSize of job (KB)
...
006 (113604500.000.000) 2023-04-06 20:35:57 Image size of job updated: 5361476
	1109  -  MemoryUsage of job (MB)
	1135448  -  ResidentSetSize of job (KB)
...
006 (113604500.000.000) 2023-04-06 20:40:58 Image size of job updated: 5361476
	1118  -  MemoryUsage of job (MB)
	1143908  -  ResidentSetSize of job (KB)
...
006 (113604500.000.000) 2023-04-06 20:45:58 Image size of job updated: 5361476
	1136  -  MemoryUsage of job (MB)
	1162564  -  ResidentSetSize of job (KB)
...
006 (113604500.000.000) 2023-04-06 20:50:58 Image size of job updated: 5361476
	1143  -  MemoryUsage of job (MB)
	1169584  -  ResidentSetSize of job (KB)
...
006 (113604500.000.000) 2023-04-06 20:55:59 Image size of job updated: 5361476
	1189  -  MemoryUsage of job (MB)
	1216524  -  ResidentSetSize of job (KB)
...
006 (113604500.000.000) 2023-04-06 21:01:00 Image size of job updated: 5361476
	1204  -  MemoryUsage of job (MB)
	1232264  -  ResidentSetSize of job (KB)
...
006 (113604500.000.000) 2023-04-06 21:06:00 Image size of job updated: 5366992
	1239  -  MemoryUsage of job (MB)
	1268732  -  ResidentSetSize of job (KB)
...
006 (113604500.000.000) 2023-04-06 21:11:01 Image size of job updated: 5390124
	1249  -  MemoryUsage of job (MB)
	1278052  -  ResidentSetSize of job (KB)
...
006 (113604500.000.000) 2023-04-06 21:21:02 Image size of job updated: 5390124
	1249  -  MemoryUsage of job (MB)
	1278404  -  ResidentSetSize of job (KB)
...
006 (113604500.000.000) 2023-04-06 21:31:03 Image size of job updated: 5412344
	1270  -  MemoryUsage of job (MB)
	1299616  -  ResidentSetSize of job (KB)
...
006 (113604500.000.000) 2023-04-06 21:36:03 Image size of job updated: 5412344
	1285  -  MemoryUsage of job (MB)
	1314980  -  ResidentSetSize of job (KB)
...
006 (113604500.000.000) 2023-04-06 21:51:04 Image size of job updated: 5412344
	1287  -  MemoryUsage of job (MB)
	1317124  -  ResidentSetSize of job (KB)
...
006 (113604500.000.000) 2023-04-06 21:56:04 Image size of job updated: 5422012
	1311  -  MemoryUsage of job (MB)
	1341572  -  ResidentSetSize of job (KB)
...
006 (113604500.000.000) 2023-04-06 22:01:05 Image size of job updated: 5423804
	1311  -  MemoryUsage of job (MB)
	1341572  -  ResidentSetSize of job (KB)
...
006 (113604500.000.000) 2023-04-06 23:01:11 Image size of job updated: 5459332
	1311  -  MemoryUsage of job (MB)
	1341572  -  ResidentSetSize of job (KB)
...
006 (113604500.000.000) 2023-04-06 23:31:14 Image size of job updated: 5459332
	1317  -  MemoryUsage of job (MB)
	1347768  -  ResidentSetSize of job (KB)
...
006 (113604500.000.000) 2023-04-06 23:41:15 Image size of job updated: 5459332
	1319  -  MemoryUsage of job (MB)
	1349960  -  ResidentSetSize of job (KB)
...
006 (113604500.000.000) 2023-04-06 23:46:16 Image size of job updated: 5459332
	1340  -  MemoryUsage of job (MB)
	1371844  -  ResidentSetSize of job (KB)
...
006 (113604500.000.000) 2023-04-06 23:51:16 Image size of job updated: 5459332
	1370  -  MemoryUsage of job (MB)
	1402640  -  ResidentSetSize of job (KB)
...
006 (113604500.000.000) 2023-04-07 00:21:19 Image size of job updated: 5475020
	1370  -  MemoryUsage of job (MB)
	1402640  -  ResidentSetSize of job (KB)
...
006 (113604500.000.000) 2023-04-07 00:36:21 Image size of job updated: 5491632
	1370  -  MemoryUsage of job (MB)
	1402640  -  ResidentSetSize of job (KB)
...
006 (113604500.000.000) 2023-04-07 00:51:23 Image size of job updated: 5499008
	1370  -  MemoryUsage of job (MB)
	1402640  -  ResidentSetSize of job (KB)
...
006 (113604500.000.000) 2023-04-07 01:16:24 Image size of job updated: 5509224
	1370  -  MemoryUsage of job (MB)
	1402640  -  ResidentSetSize of job (KB)
...
006 (113604500.000.000) 2023-04-07 01:31:26 Image size of job updated: 5530120
	1372  -  MemoryUsage of job (MB)
	1404676  -  ResidentSetSize of job (KB)
...
006 (113604500.000.000) 2023-04-07 01:36:27 Image size of job updated: 5530120
	1374  -  MemoryUsage of job (MB)
	1406724  -  ResidentSetSize of job (KB)
...
006 (113604500.000.000) 2023-04-07 01:41:28 Image size of job updated: 5530120
	1376  -  MemoryUsage of job (MB)
	1408516  -  ResidentSetSize of job (KB)
...
006 (113604500.000.000) 2023-04-07 01:46:28 Image size of job updated: 5537896
	1381  -  MemoryUsage of job (MB)
	1413440  -  ResidentSetSize of job (KB)
...
006 (113604500.000.000) 2023-04-07 01:51:28 Image size of job updated: 5537896
	1383  -  MemoryUsage of job (MB)
	1415488  -  ResidentSetSize of job (KB)
...
006 (113604500.000.000) 2023-04-07 01:56:29 Image size of job updated: 5537896
	1390  -  MemoryUsage of job (MB)
	1422676  -  ResidentSetSize of job (KB)
...
006 (113604500.000.000) 2023-04-07 02:01:29 Image size of job updated: 5553464
	1395  -  MemoryUsage of job (MB)
	1427600  -  ResidentSetSize of job (KB)
...
006 (113604500.000.000) 2023-04-07 02:06:29 Image size of job updated: 5553464
	1396  -  MemoryUsage of job (MB)
	1428784  -  ResidentSetSize of job (KB)
...
006 (113604500.000.000) 2023-04-07 02:16:30 Image size of job updated: 5573196
	1403  -  MemoryUsage of job (MB)
	1436436  -  ResidentSetSize of job (KB)
...
006 (113604500.000.000) 2023-04-07 02:21:30 Image size of job updated: 5573196
	1405  -  MemoryUsage of job (MB)
	1438484  -  ResidentSetSize of job (KB)
...
006 (113604500.000.000) 2023-04-07 02:26:31 Image size of job updated: 5579024
	1409  -  MemoryUsage of job (MB)
	1442032  -  ResidentSetSize of job (KB)
...
006 (113604500.000.000) 2023-04-07 02:31:32 Image size of job updated: 5579024
	1411  -  MemoryUsage of job (MB)
	1444080  -  ResidentSetSize of job (KB)
...
006 (113604500.000.000) 2023-04-07 02:41:33 Image size of job updated: 5584136
	1411  -  MemoryUsage of job (MB)
	1444080  -  ResidentSetSize of job (KB)
...
006 (113604500.000.000) 2023-04-07 02:56:34 Image size of job updated: 5584136
	1427  -  MemoryUsage of job (MB)
	1460372  -  ResidentSetSize of job (KB)
...
006 (113604500.000.000) 2023-04-07 03:01:35 Image size of job updated: 5584136
	1427  -  MemoryUsage of job (MB)
	1461152  -  ResidentSetSize of job (KB)
...
006 (113604500.000.000) 2023-04-07 03:11:36 Image size of job updated: 5603580
	1432  -  MemoryUsage of job (MB)
	1466220  -  ResidentSetSize of job (KB)
...
006 (113604500.000.000) 2023-04-07 03:16:37 Image size of job updated: 5603580
	1435  -  MemoryUsage of job (MB)
	1468820  -  ResidentSetSize of job (KB)
...
006 (113604500.000.000) 2023-04-07 03:26:38 Image size of job updated: 5626824
	1442  -  MemoryUsage of job (MB)
	1476436  -  ResidentSetSize of job (KB)
...
006 (113604500.000.000) 2023-04-07 03:31:38 Image size of job updated: 5626824
	1442  -  MemoryUsage of job (MB)
	1476508  -  ResidentSetSize of job (KB)
...
006 (113604500.000.000) 2023-04-07 03:36:39 Image size of job updated: 5632140
	1447  -  MemoryUsage of job (MB)
	1480924  -  ResidentSetSize of job (KB)
...
006 (113604500.000.000) 2023-04-07 03:46:39 Image size of job updated: 5632140
	1449  -  MemoryUsage of job (MB)
	1482972  -  ResidentSetSize of job (KB)
...
006 (113604500.000.000) 2023-04-07 03:51:40 Image size of job updated: 5637172
	1452  -  MemoryUsage of job (MB)
	1486000  -  ResidentSetSize of job (KB)
...
006 (113604500.000.000) 2023-04-07 03:56:40 Image size of job updated: 5637172
	1452  -  MemoryUsage of job (MB)
	1486292  -  ResidentSetSize of job (KB)
...
006 (113604500.000.000) 2023-04-07 04:01:40 Image size of job updated: 5637172
	1462  -  MemoryUsage of job (MB)
	1497084  -  ResidentSetSize of job (KB)
...
006 (113604500.000.000) 2023-04-07 04:06:41 Image size of job updated: 5650464
	1462  -  MemoryUsage of job (MB)
	1497084  -  ResidentSetSize of job (KB)
...
006 (113604500.000.000) 2023-04-07 04:21:43 Image size of job updated: 5652632
	1468  -  MemoryUsage of job (MB)
	1502508  -  ResidentSetSize of job (KB)
...
006 (113604500.000.000) 2023-04-07 04:36:44 Image size of job updated: 5652632
	1468  -  MemoryUsage of job (MB)
	1503028  -  ResidentSetSize of job (KB)
...
006 (113604500.000.000) 2023-04-07 04:46:45 Image size of job updated: 5677192
	1491  -  MemoryUsage of job (MB)
	1526228  -  ResidentSetSize of job (KB)
...
006 (113604500.000.000) 2023-04-07 04:51:45 Image size of job updated: 5677192
	1491  -  MemoryUsage of job (MB)
	1526444  -  ResidentSetSize of job (KB)
...
006 (113604500.000.000) 2023-04-07 04:56:46 Image size of job updated: 5677192
	1491  -  MemoryUsage of job (MB)
	1526548  -  ResidentSetSize of job (KB)
...
006 (113604500.000.000) 2023-04-07 05:06:47 Image size of job updated: 5682960
	1491  -  MemoryUsage of job (MB)
	1526548  -  ResidentSetSize of job (KB)
...
006 (113604500.000.000) 2023-04-07 05:16:49 Image size of job updated: 5703688
	1501  -  MemoryUsage of job (MB)
	1536240  -  ResidentSetSize of job (KB)
...
006 (113604500.000.000) 2023-04-07 05:21:49 Image size of job updated: 5703688
	1507  -  MemoryUsage of job (MB)
	1542856  -  ResidentSetSize of job (KB)
...
006 (113604500.000.000) 2023-04-07 05:31:50 Image size of job updated: 5703688
	1511  -  MemoryUsage of job (MB)
	1546724  -  ResidentSetSize of job (KB)
...
006 (113604500.000.000) 2023-04-07 05:46:52 Image size of job updated: 5703688
	1514  -  MemoryUsage of job (MB)
	1549396  -  ResidentSetSize of job (KB)
...
006 (113604500.000.000) 2023-04-07 05:51:52 Image size of job updated: 5720324
	1518  -  MemoryUsage of job (MB)
	1554340  -  ResidentSetSize of job (KB)
...
006 (113604500.000.000) 2023-04-07 06:01:53 Image size of job updated: 5720324
	1519  -  MemoryUsage of job (MB)
	1554984  -  ResidentSetSize of job (KB)
...
006 (113604500.000.000) 2023-04-07 06:11:54 Image size of job updated: 5725136
	1523  -  MemoryUsage of job (MB)
	1559260  -  ResidentSetSize of job (KB)
...
006 (113604500.000.000) 2023-04-07 06:31:55 Image size of job updated: 5733700
	1532  -  MemoryUsage of job (MB)
	1568104  -  ResidentSetSize of job (KB)
...
006 (113604500.000.000) 2023-04-07 06:41:57 Image size of job updated: 5733700
	1547  -  MemoryUsage of job (MB)
	1583460  -  ResidentSetSize of job (KB)
...
006 (113604500.000.000) 2023-04-07 06:46:57 Image size of job updated: 5755212
	1554  -  MemoryUsage of job (MB)
	1590464  -  ResidentSetSize of job (KB)
...
006 (113604500.000.000) 2023-04-07 07:01:59 Image size of job updated: 5759716
	1555  -  MemoryUsage of job (MB)
	1591536  -  ResidentSetSize of job (KB)
...
006 (113604500.000.000) 2023-04-07 07:12:01 Image size of job updated: 5759716
	1557  -  MemoryUsage of job (MB)
	1593584  -  ResidentSetSize of job (KB)
...
006 (113604500.000.000) 2023-04-07 07:22:01 Image size of job updated: 5764484
	1560  -  MemoryUsage of job (MB)
	1596724  -  ResidentSetSize of job (KB)
...
006 (113604500.000.000) 2023-04-07 07:27:02 Image size of job updated: 5764484
	1561  -  MemoryUsage of job (MB)
	1597976  -  ResidentSetSize of job (KB)
...
006 (113604500.000.000) 2023-04-07 07:37:02 Image size of job updated: 5787136
	1567  -  MemoryUsage of job (MB)
	1604180  -  ResidentSetSize of job (KB)
...
006 (113604500.000.000) 2023-04-07 07:42:03 Image size of job updated: 5787136
	1567  -  MemoryUsage of job (MB)
	1604512  -  ResidentSetSize of job (KB)
...
006 (113604500.000.000) 2023-04-07 07:57:05 Image size of job updated: 5787136
	1711  -  MemoryUsage of job (MB)
	1751132  -  ResidentSetSize of job (KB)
...
006 (113604500.000.000) 2023-04-07 08:02:06 Image size of job updated: 5793144
	1711  -  MemoryUsage of job (MB)
	1751132  -  ResidentSetSize of job (KB)
...
006 (113604500.000.000) 2023-04-07 08:17:07 Image size of job updated: 5798904
	1711  -  MemoryUsage of job (MB)
	1751132  -  ResidentSetSize of job (KB)
...
006 (113604500.000.000) 2023-04-07 08:52:11 Image size of job updated: 5826280
	1711  -  MemoryUsage of job (MB)
	1751132  -  ResidentSetSize of job (KB)
...
006 (113604500.000.000) 2023-04-07 09:17:13 Image size of job updated: 5830572
	1711  -  MemoryUsage of job (MB)
	1751132  -  ResidentSetSize of job (KB)
...
006 (113604500.000.000) 2023-04-07 09:37:15 Image size of job updated: 5850000
	1711  -  MemoryUsage of job (MB)
	1751132  -  ResidentSetSize of job (KB)
...
006 (113604500.000.000) 2023-04-07 09:57:17 Image size of job updated: 5852000
	1711  -  MemoryUsage of job (MB)
	1751132  -  ResidentSetSize of job (KB)
...
006 (113604500.000.000) 2023-04-07 10:12:18 Image size of job updated: 5876352
	1711  -  MemoryUsage of job (MB)
	1751132  -  ResidentSetSize of job (KB)
...
006 (113604500.000.000) 2023-04-07 10:27:19 Image size of job updated: 5896592
	1711  -  MemoryUsage of job (MB)
	1751132  -  ResidentSetSize of job (KB)
...
006 (113604500.000.000) 2023-04-07 10:47:21 Image size of job updated: 5901120
	1711  -  MemoryUsage of job (MB)
	1751132  -  ResidentSetSize of job (KB)
...
006 (113604500.000.000) 2023-04-07 11:22:25 Image size of job updated: 5933288
	1711  -  MemoryUsage of job (MB)
	1751132  -  ResidentSetSize of job (KB)
...
006 (113604500.000.000) 2023-04-07 11:42:28 Image size of job updated: 5938056
	1711  -  MemoryUsage of job (MB)
	1751132  -  ResidentSetSize of job (KB)
...
006 (113604500.000.000) 2023-04-07 13:17:37 Image size of job updated: 5942008
	1711  -  MemoryUsage of job (MB)
	1751132  -  ResidentSetSize of job (KB)
...
006 (113604500.000.000) 2023-04-07 13:42:40 Image size of job updated: 5945040
	1711  -  MemoryUsage of job (MB)
	1751132  -  ResidentSetSize of job (KB)
...
006 (113604500.000.000) 2023-04-07 14:02:42 Image size of job updated: 5952632
	1711  -  MemoryUsage of job (MB)
	1751132  -  ResidentSetSize of job (KB)
...
006 (113604500.000.000) 2023-04-07 14:52:47 Image size of job updated: 5952632
	1712  -  MemoryUsage of job (MB)
	1752276  -  ResidentSetSize of job (KB)
...
004 (113604500.000.000) 2023-04-07 17:35:37 Job was evicted.
	(0) CPU times
		Usr 3 08:23:21, Sys 0 00:11:36  -  Run Remote Usage
		Usr 0 00:00:00, Sys 0 00:00:00  -  Run Local Usage
	0  -  Run Bytes Sent By Job
	366  -  Run Bytes Received By Job
	Partitionable Resources :    Usage  Request Allocated 
	   Cpus                 :     4.13        1         1 
	   Disk (KB)            :  4248      500000    609620 
	   GPUs                 :                           0 
	   Memory (MB)          :  1712       20000     20096 
...
040 (113604500.000.000) 2023-04-07 17:35:44 Started transferring input files
	Transferring to host: <10.14.9.145:9618?addrs=10.14.9.145-9618&alias=node2145.cluster.ldas.cit&noUDP&sock=slot1_10_4052159_5745_2705>
...
040 (113604500.000.000) 2023-04-07 17:35:44 Finished transferring input files
...
001 (113604500.000.000) 2023-04-07 17:35:45 Job executing on host: <10.14.9.145:9618?addrs=10.14.9.145-9618&alias=node2145.cluster.ldas.cit&noUDP&sock=startd_4052117_ccc2>
...
006 (113604500.000.000) 2023-04-08 13:17:54 Image size of job updated: 7500000
	2033  -  MemoryUsage of job (MB)
	2081624  -  ResidentSetSize of job (KB)
...
004 (113604500.000.000) 2023-04-08 17:47:51 Job was evicted.
	(0) CPU times
		Usr 4 05:54:56, Sys 0 00:06:11  -  Run Remote Usage
		Usr 0 00:00:00, Sys 0 00:00:00  -  Run Local Usage
	0  -  Run Bytes Sent By Job
	366  -  Run Bytes Received By Job
	Partitionable Resources :    Usage  Request Allocated 
	   Cpus                 :     7.94        1         1 
	   Disk (KB)            :  3381      500000    624239 
	   GPUs                 :                           0 
	   Memory (MB)          :  2033       20000     20096 
...
040 (113604500.000.000) 2023-04-08 17:52:39 Started transferring input files
	Transferring to host: <10.14.9.181:9618?addrs=10.14.9.181-9618&alias=node2181.cluster.ldas.cit&noUDP&sock=slot1_9_2905039_870e_3626>
...
040 (113604500.000.000) 2023-04-08 17:52:39 Finished transferring input files
...
001 (113604500.000.000) 2023-04-08 17:52:40 Job executing on host: <10.14.9.181:9618?addrs=10.14.9.181-9618&alias=node2181.cluster.ldas.cit&noUDP&sock=startd_2904997_e4a8>
...
004 (113604500.000.000) 2023-04-09 18:00:39 Job was evicted.
	(0) CPU times
		Usr 4 10:08:44, Sys 0 00:10:58  -  Run Remote Usage
		Usr 0 00:00:00, Sys 0 00:00:00  -  Run Local Usage
	0  -  Run Bytes Sent By Job
	366  -  Run Bytes Received By Job
	Partitionable Resources :    Usage  Request Allocated 
	   Cpus                 :     7.89        1         1 
	   Disk (KB)            :  3049      500000    609611 
	   GPUs                 :                           0 
	   Memory (MB)          :  2198       20000     20096 
...
040 (113604500.000.000) 2023-04-09 18:02:42 Started transferring input files
	Transferring to host: <10.14.4.76:9618?addrs=10.14.4.76-9618&alias=node826.cluster.ldas.cit&noUDP&sock=slot1_6_2201082_235b_4115>
...
040 (113604500.000.000) 2023-04-09 18:02:42 Finished transferring input files
...
001 (113604500.000.000) 2023-04-09 18:02:43 Job executing on host: <10.14.4.76:9618?addrs=10.14.4.76-9618&alias=node826.cluster.ldas.cit&noUDP&sock=startd_2201041_a136>
...
004 (113604500.000.000) 2023-04-10 18:19:42 Job was evicted.
	(0) CPU times
		Usr 4 18:03:28, Sys 0 00:11:33  -  Run Remote Usage
		Usr 0 00:00:00, Sys 0 00:00:00  -  Run Local Usage
	0  -  Run Bytes Sent By Job
	366  -  Run Bytes Received By Job
	Partitionable Resources :    Usage  Request Allocated 
	   Cpus                 :     6.90        1         1 
	   Disk (KB)            :  3060      500000    624256 
	   GPUs                 :                           0 
	   Memory (MB)          :  2198       20000     20096 
...
040 (113604500.000.000) 2023-04-10 18:23:32 Started transferring input files
	Transferring to host: <10.14.4.2:9618?addrs=10.14.4.2-9618&alias=node752.cluster.ldas.cit&noUDP&sock=slot1_10_2237363_627f_13580>
...
040 (113604500.000.000) 2023-04-10 18:23:32 Finished transferring input files
...
001 (113604500.000.000) 2023-04-10 18:23:33 Job executing on host: <10.14.4.2:9618?addrs=10.14.4.2-9618&alias=node752.cluster.ldas.cit&noUDP&sock=startd_2237325_6f8e>
...
004 (113604500.000.000) 2023-04-11 19:32:32 Job was evicted.
	(0) CPU times
		Usr 3 14:26:43, Sys 0 00:25:19  -  Run Remote Usage
		Usr 0 00:00:00, Sys 0 00:00:00  -  Run Local Usage
	0  -  Run Bytes Sent By Job
	366  -  Run Bytes Received By Job
	Partitionable Resources :    Usage  Request Allocated 
	   Cpus                 :     0.99        1         1 
	   Disk (KB)            :  2831      500000    609620 
	   GPUs                 :                           0 
	   Memory (MB)          :  2198       20000     20096 
...
040 (113604500.000.000) 2023-04-11 20:18:13 Started transferring input files
	Transferring to host: <10.14.10.76:9618?addrs=10.14.10.76-9618&alias=node2326.cluster.ldas.cit&noUDP&sock=slot1_17_3662080_65ae_12131>
...
040 (113604500.000.000) 2023-04-11 20:18:13 Finished transferring input files
...
001 (113604500.000.000) 2023-04-11 20:18:14 Job executing on host: <10.14.10.76:9618?addrs=10.14.10.76-9618&alias=node2326.cluster.ldas.cit&noUDP&sock=startd_3662038_0d1c>
...
006 (113604500.000.000) 2023-04-12 02:39:04 Image size of job updated: 7500000
	2202  -  MemoryUsage of job (MB)
	2254248  -  ResidentSetSize of job (KB)
...
006 (113604500.000.000) 2023-04-12 06:29:29 Image size of job updated: 7500000
	2211  -  MemoryUsage of job (MB)
	2263096  -  ResidentSetSize of job (KB)
...
006 (113604500.000.000) 2023-04-12 07:14:34 Image size of job updated: 7500000
	2253  -  MemoryUsage of job (MB)
	2306692  -  ResidentSetSize of job (KB)
...
006 (113604500.000.000) 2023-04-12 07:29:36 Image size of job updated: 7500000
	2413  -  MemoryUsage of job (MB)
	2470780  -  ResidentSetSize of job (KB)
...
004 (113604500.000.000) 2023-04-12 21:13:20 Job was evicted.
	(0) CPU times
		Usr 5 01:57:24, Sys 0 00:03:22  -  Run Remote Usage
		Usr 0 00:00:00, Sys 0 00:00:00  -  Run Local Usage
	0  -  Run Bytes Sent By Job
	366  -  Run Bytes Received By Job
	Partitionable Resources :    Usage  Request Allocated 
	   Cpus                 :     7.91        1         1 
	   Disk (KB)            :  3090      500000    624256 
	   GPUs                 :                           0 
	   Memory (MB)          :  2413       20000     20096 
...
040 (113604500.000.000) 2023-04-12 21:15:54 Started transferring input files
	Transferring to host: <10.14.10.102:9618?addrs=10.14.10.102-9618&alias=node2352.cluster.ldas.cit&noUDP&sock=slot1_11_2129182_1570_10186>
...
040 (113604500.000.000) 2023-04-12 21:15:54 Finished transferring input files
...
001 (113604500.000.000) 2023-04-12 21:15:55 Job executing on host: <10.14.10.102:9618?addrs=10.14.10.102-9618&alias=node2352.cluster.ldas.cit&noUDP&sock=startd_2129140_8632>
...
006 (113604500.000.000) 2023-04-13 15:17:52 Image size of job updated: 7500000
	2639  -  MemoryUsage of job (MB)
	2701336  -  ResidentSetSize of job (KB)
...
006 (113604500.000.000) 2023-04-13 16:53:02 Image size of job updated: 7500000
	2746  -  MemoryUsage of job (MB)
	2811496  -  ResidentSetSize of job (KB)
...
004 (113604500.000.000) 2023-04-13 21:48:12 Job was evicted.
	(0) CPU times
		Usr 4 13:35:51, Sys 0 00:03:01  -  Run Remote Usage
		Usr 0 00:00:00, Sys 0 00:00:00  -  Run Local Usage
	0  -  Run Bytes Sent By Job
	366  -  Run Bytes Received By Job
	Partitionable Resources :    Usage  Request Allocated 
	   Cpus                 :     7.91        1         1 
	   Disk (KB)            :  3102      500000    624256 
	   GPUs                 :                           0 
	   Memory (MB)          :  2746       20000     20096 
...
040 (113604500.000.000) 2023-04-13 21:55:11 Started transferring input files
	Transferring to host: <10.14.10.37:9618?addrs=10.14.10.37-9618&alias=node2287.cluster.ldas.cit&noUDP&sock=slot1_10_2191798_b862_15341>
...
040 (113604500.000.000) 2023-04-13 21:55:11 Finished transferring input files
...
001 (113604500.000.000) 2023-04-13 21:55:12 Job executing on host: <10.14.10.37:9618?addrs=10.14.10.37-9618&alias=node2287.cluster.ldas.cit&noUDP&sock=startd_2191756_e45c>
...
006 (113604500.000.000) 2023-04-14 09:45:15 Image size of job updated: 22521972
	2930  -  MemoryUsage of job (MB)
	3000000  -  ResidentSetSize of job (KB)
...
040 (113604500.000.000) 2023-04-14 09:45:15 Started transferring output files
...
040 (113604500.000.000) 2023-04-14 09:45:15 Finished transferring output files
...
005 (113604500.000.000) 2023-04-14 09:45:15 Job terminated.
	(1) Normal termination (return value 0)
		Usr 2 00:37:14, Sys 0 00:03:24  -  Run Remote Usage
		Usr 0 00:00:00, Sys 0 00:00:00  -  Run Local Usage
		Usr 32 01:07:41, Sys 0 01:15:24  -  Total Remote Usage
		Usr 0 00:00:00, Sys 0 00:00:00  -  Total Local Usage
	2999280  -  Run Bytes Sent By Job
	366  -  Run Bytes Received By Job
	2999280  -  Total Bytes Sent By Job
	2928  -  Total Bytes Received By Job
	Partitionable Resources :    Usage  Request Allocated 
	   Cpus                 :     0.98        1         1 
	   Disk (KB)            :  2953      500000    624256 
	   GPUs                 :                           0 
	   Memory (MB)          :  2930       20000     20096 

	Job terminated of its own accord at 2023-04-14T16:45:15Z with exit-code 0.
...
