16:22 bilby INFO    : Waveform generator initiated with
  frequency_domain_source_model: bilby.gw.source.lal_binary_black_hole
  time_domain_source_model: None
  parameter_conversion: bilby.gw.conversion.convert_to_lal_binary_black_hole_parameters
16:22 bilby INFO    : Injected signal in H1:
16:22 bilby INFO    :   optimal SNR = 5.61
16:22 bilby INFO    :   matched filter SNR = 4.23-0.76j
16:22 bilby INFO    :   mass_1 = 29.918324600540526
16:22 bilby INFO    :   mass_2 = 28.93517486044234
16:22 bilby INFO    :   a_1 = 0.20313124047155134
16:22 bilby INFO    :   a_2 = 0.3040056866960726
16:22 bilby INFO    :   tilt_1 = 0.8407840889601125
16:22 bilby INFO    :   tilt_2 = 0.6320623827864988
16:22 bilby INFO    :   phi_12 = 5.649554152774273
16:22 bilby INFO    :   phi_jl = 0.5934690488161388
16:22 bilby INFO    :   luminosity_distance = 2489.8762461626
16:22 bilby INFO    :   theta_jn = 2.7294425356876184
16:22 bilby INFO    :   psi = 4.4718543089
16:22 bilby INFO    :   phase = 3.6779821420000003
16:22 bilby INFO    :   geocent_time = 1126259642.413
16:22 bilby INFO    :   ra = 3.8306370996
16:22 bilby INFO    :   dec = 3.1412620678
16:22 bilby INFO    : Injected signal in L1:
16:22 bilby INFO    :   optimal SNR = 8.25
16:22 bilby INFO    :   matched filter SNR = 7.03-2.23j
16:22 bilby INFO    :   mass_1 = 29.918324600540526
16:22 bilby INFO    :   mass_2 = 28.93517486044234
16:22 bilby INFO    :   a_1 = 0.20313124047155134
16:22 bilby INFO    :   a_2 = 0.3040056866960726
16:22 bilby INFO    :   tilt_1 = 0.8407840889601125
16:22 bilby INFO    :   tilt_2 = 0.6320623827864988
16:22 bilby INFO    :   phi_12 = 5.649554152774273
16:22 bilby INFO    :   phi_jl = 0.5934690488161388
16:22 bilby INFO    :   luminosity_distance = 2489.8762461626
16:22 bilby INFO    :   theta_jn = 2.7294425356876184
16:22 bilby INFO    :   psi = 4.4718543089
16:22 bilby INFO    :   phase = 3.6779821420000003
16:22 bilby INFO    :   geocent_time = 1126259642.413
16:22 bilby INFO    :   ra = 3.8306370996
16:22 bilby INFO    :   dec = 3.1412620678
16:22 bilby INFO    : Injected signal in V1:
16:22 bilby INFO    :   optimal SNR = 1.95
16:22 bilby INFO    :   matched filter SNR = 0.77+0.14j
16:22 bilby INFO    :   mass_1 = 29.918324600540526
16:22 bilby INFO    :   mass_2 = 28.93517486044234
16:22 bilby INFO    :   a_1 = 0.20313124047155134
16:22 bilby INFO    :   a_2 = 0.3040056866960726
16:22 bilby INFO    :   tilt_1 = 0.8407840889601125
16:22 bilby INFO    :   tilt_2 = 0.6320623827864988
16:22 bilby INFO    :   phi_12 = 5.649554152774273
16:22 bilby INFO    :   phi_jl = 0.5934690488161388
16:22 bilby INFO    :   luminosity_distance = 2489.8762461626
16:22 bilby INFO    :   theta_jn = 2.7294425356876184
16:22 bilby INFO    :   psi = 4.4718543089
16:22 bilby INFO    :   phase = 3.6779821420000003
16:22 bilby INFO    :   geocent_time = 1126259642.413
16:22 bilby INFO    :   ra = 3.8306370996
16:22 bilby INFO    :   dec = 3.1412620678
16:22 bilby INFO    : Running for label 'job_00933_fixedExtrinsic', output will be saved to '/home/simona.miller/comp-spin-mock-injections/Data/IndividualInferenceOutput/new_bilby/population3_lowSpinAligned_highmass'
16:22 bilby INFO    : Using lal version 7.3.0
16:22 bilby INFO    : Using lal git version Branch: None;Tag: lalsuite-v7.13;Id: ec1fcb1d2d1dab69321fdb8f0afef1f867b11e06;;Builder: Unknown User <>;Repository status: UNCLEAN: Modified working tree
16:22 bilby INFO    : Using lalsimulation version 5.0.0
16:22 bilby INFO    : Using lalsimulation git version Branch: None;Tag: lalsuite-v7.13;Id: ec1fcb1d2d1dab69321fdb8f0afef1f867b11e06;;Builder: Unknown User <>;Repository status: UNCLEAN: Modified working tree
16:22 bilby INFO    : Analysis priors:
16:22 bilby INFO    : chirp_mass=bilby.gw.prior.UniformInComponentsChirpMass(minimum=2, maximum=200, name='chirp_mass', latex_label='$\\mathcal{M}$', unit=None, boundary=None)
16:22 bilby INFO    : mass_ratio=bilby.gw.prior.UniformInComponentsMassRatio(minimum=0.05, maximum=1, name='mass_ratio', latex_label='$q$', unit=None, boundary=None, equal_mass=False)
16:22 bilby INFO    : a_1=Uniform(minimum=0, maximum=0.99, name='a_1', latex_label='$a_1$', unit=None, boundary=None)
16:22 bilby INFO    : a_2=Uniform(minimum=0, maximum=0.99, name='a_2', latex_label='$a_2$', unit=None, boundary=None)
16:22 bilby INFO    : tilt_1=Sine(minimum=0, maximum=3.141592653589793, name='tilt_1', latex_label='$\\theta_1$', unit=None, boundary=None)
16:22 bilby INFO    : tilt_2=Sine(minimum=0, maximum=3.141592653589793, name='tilt_2', latex_label='$\\theta_2$', unit=None, boundary=None)
16:22 bilby INFO    : phi_12=Uniform(minimum=0, maximum=6.283185307179586, name='phi_12', latex_label='$\\Delta\\phi$', unit=None, boundary='periodic')
16:22 bilby INFO    : phi_jl=Uniform(minimum=0, maximum=6.283185307179586, name='phi_jl', latex_label='$\\phi_{JL}$', unit=None, boundary='periodic')
16:22 bilby INFO    : mass_1=Constraint(minimum=19.918324600540526, maximum=39.91832460054053, name='mass_1', latex_label='$m_1$', unit=None)
16:22 bilby INFO    : mass_2=Constraint(minimum=18.93517486044234, maximum=38.935174860442345, name='mass_2', latex_label='$m_2$', unit=None)
16:22 bilby INFO    : ra=3.8306370996
16:22 bilby INFO    : dec=3.1412620678
16:22 bilby INFO    : geocent_time=1126259642.413
16:22 bilby INFO    : phase=3.6779821420000003
16:22 bilby INFO    : psi=4.4718543089
16:22 bilby INFO    : luminosity_distance=2489.8762461626
16:22 bilby INFO    : theta_jn=2.7294425356876184
16:22 bilby INFO    : Analysis likelihood class: <class 'bilby.gw.likelihood.base.GravitationalWaveTransient'>
16:22 bilby INFO    : Analysis likelihood noise evidence: -23800.025407311907
16:22 bilby INFO    : Single likelihood evaluation took 1.045e-01 s
16:22 bilby INFO    : Using sampler Dynesty with kwargs {'nlive': 2000, 'bound': 'live', 'sample': 'act-walk', 'periodic': None, 'reflective': None, 'update_interval': 600, 'first_update': None, 'npdim': None, 'rstate': None, 'queue_size': 8, 'pool': None, 'use_pool': None, 'live_points': None, 'logl_args': None, 'logl_kwargs': None, 'ptform_args': None, 'ptform_kwargs': None, 'gradient': None, 'grad_args': None, 'grad_kwargs': None, 'compute_jac': False, 'enlarge': None, 'bootstrap': None, 'walks': 100, 'facc': 0.2, 'slices': None, 'fmove': 0.9, 'max_move': 100, 'update_func': None, 'ncdim': None, 'blob': False, 'save_history': False, 'history_filename': None, 'maxiter': None, 'maxcall': None, 'dlogz': 0.1, 'logl_max': inf, 'n_effective': None, 'add_live': True, 'print_progress': True, 'print_func': <bound method Dynesty._print_func of <bilby.core.sampler.dynesty.Dynesty object at 0x14b8878b0f10>>, 'save_bounds': False, 'checkpoint_file': None, 'checkpoint_every': 60, 'resume': False}
16:22 bilby INFO    : Checkpoint every check_point_delta_t = 600s
16:22 bilby INFO    : Using dynesty version 2.1.0
16:22 bilby INFO    : Using the bilby-implemented rwalk sampling tracking the autocorrelation function and thinning by 5 with maximum length 25000
16:22 bilby INFO    : Setting up multiproccesing pool with 8 processes
16:22 bilby INFO    : Reading resume file /home/simona.miller/comp-spin-mock-injections/Data/IndividualInferenceOutput/new_bilby/population3_lowSpinAligned_highmass/job_00933_fixedExtrinsic_resume.pickle
16:22 bilby INFO    : Resume file successfully loaded.
16:38 bilby INFO    : Written checkpoint file /home/simona.miller/comp-spin-mock-injections/Data/IndividualInferenceOutput/new_bilby/population3_lowSpinAligned_highmass/job_00933_fixedExtrinsic_resume.pickle
16:53 bilby INFO    : Written checkpoint file /home/simona.miller/comp-spin-mock-injections/Data/IndividualInferenceOutput/new_bilby/population3_lowSpinAligned_highmass/job_00933_fixedExtrinsic_resume.pickle
17:05 bilby INFO    : Written checkpoint file /home/simona.miller/comp-spin-mock-injections/Data/IndividualInferenceOutput/new_bilby/population3_lowSpinAligned_highmass/job_00933_fixedExtrinsic_resume.pickle
18:03 bilby INFO    : Written checkpoint file /home/simona.miller/comp-spin-mock-injections/Data/IndividualInferenceOutput/new_bilby/population3_lowSpinAligned_highmass/job_00933_fixedExtrinsic_resume.pickle
18:17 bilby INFO    : Written checkpoint file /home/simona.miller/comp-spin-mock-injections/Data/IndividualInferenceOutput/new_bilby/population3_lowSpinAligned_highmass/job_00933_fixedExtrinsic_resume.pickle
18:54 bilby INFO    : Written checkpoint file /home/simona.miller/comp-spin-mock-injections/Data/IndividualInferenceOutput/new_bilby/population3_lowSpinAligned_highmass/job_00933_fixedExtrinsic_resume.pickle
19:05 bilby INFO    : Written checkpoint file /home/simona.miller/comp-spin-mock-injections/Data/IndividualInferenceOutput/new_bilby/population3_lowSpinAligned_highmass/job_00933_fixedExtrinsic_resume.pickle
19:24 bilby INFO    : Written checkpoint file /home/simona.miller/comp-spin-mock-injections/Data/IndividualInferenceOutput/new_bilby/population3_lowSpinAligned_highmass/job_00933_fixedExtrinsic_resume.pickle
19:38 bilby INFO    : Written checkpoint file /home/simona.miller/comp-spin-mock-injections/Data/IndividualInferenceOutput/new_bilby/population3_lowSpinAligned_highmass/job_00933_fixedExtrinsic_resume.pickle
19:54 bilby INFO    : Written checkpoint file /home/simona.miller/comp-spin-mock-injections/Data/IndividualInferenceOutput/new_bilby/population3_lowSpinAligned_highmass/job_00933_fixedExtrinsic_resume.pickle
20:06 bilby INFO    : Written checkpoint file /home/simona.miller/comp-spin-mock-injections/Data/IndividualInferenceOutput/new_bilby/population3_lowSpinAligned_highmass/job_00933_fixedExtrinsic_resume.pickle
20:25 bilby INFO    : Written checkpoint file /home/simona.miller/comp-spin-mock-injections/Data/IndividualInferenceOutput/new_bilby/population3_lowSpinAligned_highmass/job_00933_fixedExtrinsic_resume.pickle
20:46 bilby INFO    : Written checkpoint file /home/simona.miller/comp-spin-mock-injections/Data/IndividualInferenceOutput/new_bilby/population3_lowSpinAligned_highmass/job_00933_fixedExtrinsic_resume.pickle
20:59 bilby INFO    : Written checkpoint file /home/simona.miller/comp-spin-mock-injections/Data/IndividualInferenceOutput/new_bilby/population3_lowSpinAligned_highmass/job_00933_fixedExtrinsic_resume.pickle
21:17 bilby INFO    : Written checkpoint file /home/simona.miller/comp-spin-mock-injections/Data/IndividualInferenceOutput/new_bilby/population3_lowSpinAligned_highmass/job_00933_fixedExtrinsic_resume.pickle
21:35 bilby INFO    : Written checkpoint file /home/simona.miller/comp-spin-mock-injections/Data/IndividualInferenceOutput/new_bilby/population3_lowSpinAligned_highmass/job_00933_fixedExtrinsic_resume.pickle
22:00 bilby INFO    : Written checkpoint file /home/simona.miller/comp-spin-mock-injections/Data/IndividualInferenceOutput/new_bilby/population3_lowSpinAligned_highmass/job_00933_fixedExtrinsic_resume.pickle
22:26 bilby INFO    : Written checkpoint file /home/simona.miller/comp-spin-mock-injections/Data/IndividualInferenceOutput/new_bilby/population3_lowSpinAligned_highmass/job_00933_fixedExtrinsic_resume.pickle
22:41 bilby INFO    : Written checkpoint file /home/simona.miller/comp-spin-mock-injections/Data/IndividualInferenceOutput/new_bilby/population3_lowSpinAligned_highmass/job_00933_fixedExtrinsic_resume.pickle
22:53 bilby INFO    : Written checkpoint file /home/simona.miller/comp-spin-mock-injections/Data/IndividualInferenceOutput/new_bilby/population3_lowSpinAligned_highmass/job_00933_fixedExtrinsic_resume.pickle
23:05 bilby INFO    : Written checkpoint file /home/simona.miller/comp-spin-mock-injections/Data/IndividualInferenceOutput/new_bilby/population3_lowSpinAligned_highmass/job_00933_fixedExtrinsic_resume.pickle
23:22 bilby INFO    : Written checkpoint file /home/simona.miller/comp-spin-mock-injections/Data/IndividualInferenceOutput/new_bilby/population3_lowSpinAligned_highmass/job_00933_fixedExtrinsic_resume.pickle
23:48 bilby INFO    : Written checkpoint file /home/simona.miller/comp-spin-mock-injections/Data/IndividualInferenceOutput/new_bilby/population3_lowSpinAligned_highmass/job_00933_fixedExtrinsic_resume.pickle
00:00 bilby INFO    : Written checkpoint file /home/simona.miller/comp-spin-mock-injections/Data/IndividualInferenceOutput/new_bilby/population3_lowSpinAligned_highmass/job_00933_fixedExtrinsic_resume.pickle
00:17 bilby INFO    : Written checkpoint file /home/simona.miller/comp-spin-mock-injections/Data/IndividualInferenceOutput/new_bilby/population3_lowSpinAligned_highmass/job_00933_fixedExtrinsic_resume.pickle
00:35 bilby INFO    : Written checkpoint file /home/simona.miller/comp-spin-mock-injections/Data/IndividualInferenceOutput/new_bilby/population3_lowSpinAligned_highmass/job_00933_fixedExtrinsic_resume.pickle
01:25 bilby INFO    : Written checkpoint file /home/simona.miller/comp-spin-mock-injections/Data/IndividualInferenceOutput/new_bilby/population3_lowSpinAligned_highmass/job_00933_fixedExtrinsic_resume.pickle
01:40 bilby INFO    : Written checkpoint file /home/simona.miller/comp-spin-mock-injections/Data/IndividualInferenceOutput/new_bilby/population3_lowSpinAligned_highmass/job_00933_fixedExtrinsic_resume.pickle
02:02 bilby INFO    : Written checkpoint file /home/simona.miller/comp-spin-mock-injections/Data/IndividualInferenceOutput/new_bilby/population3_lowSpinAligned_highmass/job_00933_fixedExtrinsic_resume.pickle
02:28 bilby INFO    : Written checkpoint file /home/simona.miller/comp-spin-mock-injections/Data/IndividualInferenceOutput/new_bilby/population3_lowSpinAligned_highmass/job_00933_fixedExtrinsic_resume.pickle
02:46 bilby INFO    : Written checkpoint file /home/simona.miller/comp-spin-mock-injections/Data/IndividualInferenceOutput/new_bilby/population3_lowSpinAligned_highmass/job_00933_fixedExtrinsic_resume.pickle
03:06 bilby INFO    : Written checkpoint file /home/simona.miller/comp-spin-mock-injections/Data/IndividualInferenceOutput/new_bilby/population3_lowSpinAligned_highmass/job_00933_fixedExtrinsic_resume.pickle
03:26 bilby INFO    : Written checkpoint file /home/simona.miller/comp-spin-mock-injections/Data/IndividualInferenceOutput/new_bilby/population3_lowSpinAligned_highmass/job_00933_fixedExtrinsic_resume.pickle
03:53 bilby INFO    : Written checkpoint file /home/simona.miller/comp-spin-mock-injections/Data/IndividualInferenceOutput/new_bilby/population3_lowSpinAligned_highmass/job_00933_fixedExtrinsic_resume.pickle
04:10 bilby INFO    : Written checkpoint file /home/simona.miller/comp-spin-mock-injections/Data/IndividualInferenceOutput/new_bilby/population3_lowSpinAligned_highmass/job_00933_fixedExtrinsic_resume.pickle
04:53 bilby INFO    : Written checkpoint file /home/simona.miller/comp-spin-mock-injections/Data/IndividualInferenceOutput/new_bilby/population3_lowSpinAligned_highmass/job_00933_fixedExtrinsic_resume.pickle
05:13 bilby INFO    : Written checkpoint file /home/simona.miller/comp-spin-mock-injections/Data/IndividualInferenceOutput/new_bilby/population3_lowSpinAligned_highmass/job_00933_fixedExtrinsic_resume.pickle
05:52 bilby INFO    : Written checkpoint file /home/simona.miller/comp-spin-mock-injections/Data/IndividualInferenceOutput/new_bilby/population3_lowSpinAligned_highmass/job_00933_fixedExtrinsic_resume.pickle
05:54 bilby INFO    : Written checkpoint file /home/simona.miller/comp-spin-mock-injections/Data/IndividualInferenceOutput/new_bilby/population3_lowSpinAligned_highmass/job_00933_fixedExtrinsic_resume.pickle
05:55 bilby INFO    : Starting to close worker pool.
05:55 bilby INFO    : Finished closing worker pool.
05:55 bilby INFO    : Rejection sampling nested samples to obtain 6837 posterior samples
05:55 bilby INFO    : Sampling time: 1 day, 14:33:56.633582
05:57 bilby INFO    : Computing per-detector log likelihoods.
05:57 bilby INFO    : Using a pool with size 8 for nsamples=6837
05:58 bilby INFO    : Generating sky frame parameters.
05:58 bilby INFO    : Computing SNRs for every sample.
05:58 bilby INFO    : Using a pool with size 8 for nsamples=6837
05:59 bilby INFO    : Summary of results:
nsamples: 6837
ln_noise_evidence: -23800.025
ln_evidence: -23769.297 +/-  0.057
ln_bayes_factor: 30.728 +/-  0.057

