15:48 bilby INFO    : Waveform generator initiated with
  frequency_domain_source_model: bilby.gw.source.lal_binary_black_hole
  time_domain_source_model: None
  parameter_conversion: bilby.gw.conversion.convert_to_lal_binary_black_hole_parameters
15:48 bilby INFO    : Injected signal in H1:
15:48 bilby INFO    :   optimal SNR = 8.10
15:48 bilby INFO    :   matched filter SNR = 10.30-2.02j
15:48 bilby INFO    :   mass_1 = 34.021286661454205
15:48 bilby INFO    :   mass_2 = 32.196365091901434
15:48 bilby INFO    :   a_1 = 0.04015835786874787
15:48 bilby INFO    :   a_2 = 0.09546120080736553
15:48 bilby INFO    :   tilt_1 = 2.6520438021625625
15:48 bilby INFO    :   tilt_2 = 2.7222352076111265
15:48 bilby INFO    :   phi_12 = 0.15284951957800708
15:48 bilby INFO    :   phi_jl = 5.5681898138788375
15:48 bilby INFO    :   luminosity_distance = 2050.0105602046
15:48 bilby INFO    :   theta_jn = 0.6715586727045021
15:48 bilby INFO    :   psi = 0.14461087450000001
15:48 bilby INFO    :   phase = 2.0299490992
15:48 bilby INFO    :   geocent_time = 1126259642.413
15:48 bilby INFO    :   ra = 2.9894169063
15:48 bilby INFO    :   dec = 2.2448323975
15:48 bilby INFO    : Injected signal in L1:
15:48 bilby INFO    :   optimal SNR = 7.28
15:48 bilby INFO    :   matched filter SNR = 6.15-0.94j
15:48 bilby INFO    :   mass_1 = 34.021286661454205
15:48 bilby INFO    :   mass_2 = 32.196365091901434
15:48 bilby INFO    :   a_1 = 0.04015835786874787
15:48 bilby INFO    :   a_2 = 0.09546120080736553
15:48 bilby INFO    :   tilt_1 = 2.6520438021625625
15:48 bilby INFO    :   tilt_2 = 2.7222352076111265
15:48 bilby INFO    :   phi_12 = 0.15284951957800708
15:48 bilby INFO    :   phi_jl = 5.5681898138788375
15:48 bilby INFO    :   luminosity_distance = 2050.0105602046
15:48 bilby INFO    :   theta_jn = 0.6715586727045021
15:48 bilby INFO    :   psi = 0.14461087450000001
15:48 bilby INFO    :   phase = 2.0299490992
15:48 bilby INFO    :   geocent_time = 1126259642.413
15:48 bilby INFO    :   ra = 2.9894169063
15:48 bilby INFO    :   dec = 2.2448323975
15:48 bilby INFO    : Injected signal in V1:
15:48 bilby INFO    :   optimal SNR = 1.02
15:48 bilby INFO    :   matched filter SNR = 0.66-0.32j
15:48 bilby INFO    :   mass_1 = 34.021286661454205
15:48 bilby INFO    :   mass_2 = 32.196365091901434
15:48 bilby INFO    :   a_1 = 0.04015835786874787
15:48 bilby INFO    :   a_2 = 0.09546120080736553
15:48 bilby INFO    :   tilt_1 = 2.6520438021625625
15:48 bilby INFO    :   tilt_2 = 2.7222352076111265
15:48 bilby INFO    :   phi_12 = 0.15284951957800708
15:48 bilby INFO    :   phi_jl = 5.5681898138788375
15:48 bilby INFO    :   luminosity_distance = 2050.0105602046
15:48 bilby INFO    :   theta_jn = 0.6715586727045021
15:48 bilby INFO    :   psi = 0.14461087450000001
15:48 bilby INFO    :   phase = 2.0299490992
15:48 bilby INFO    :   geocent_time = 1126259642.413
15:48 bilby INFO    :   ra = 2.9894169063
15:48 bilby INFO    :   dec = 2.2448323975
15:48 bilby INFO    : Running for label 'job_00405_fixedExtrinsic', output will be saved to '/home/simona.miller/comp-spin-mock-injections/Data/IndividualInferenceOutput/new_bilby/population3_lowSpinAligned_highmass'
15:48 bilby INFO    : Using lal version 7.3.0
15:48 bilby INFO    : Using lal git version Branch: None;Tag: lalsuite-v7.13;Id: ec1fcb1d2d1dab69321fdb8f0afef1f867b11e06;;Builder: Unknown User <>;Repository status: UNCLEAN: Modified working tree
15:48 bilby INFO    : Using lalsimulation version 5.0.0
15:48 bilby INFO    : Using lalsimulation git version Branch: None;Tag: lalsuite-v7.13;Id: ec1fcb1d2d1dab69321fdb8f0afef1f867b11e06;;Builder: Unknown User <>;Repository status: UNCLEAN: Modified working tree
15:48 bilby INFO    : Analysis priors:
15:48 bilby INFO    : chirp_mass=bilby.gw.prior.UniformInComponentsChirpMass(minimum=2, maximum=200, name='chirp_mass', latex_label='$\\mathcal{M}$', unit=None, boundary=None)
15:48 bilby INFO    : mass_ratio=bilby.gw.prior.UniformInComponentsMassRatio(minimum=0.05, maximum=1, name='mass_ratio', latex_label='$q$', unit=None, boundary=None, equal_mass=False)
15:48 bilby INFO    : a_1=Uniform(minimum=0, maximum=0.99, name='a_1', latex_label='$a_1$', unit=None, boundary=None)
15:48 bilby INFO    : a_2=Uniform(minimum=0, maximum=0.99, name='a_2', latex_label='$a_2$', unit=None, boundary=None)
15:48 bilby INFO    : tilt_1=Sine(minimum=0, maximum=3.141592653589793, name='tilt_1', latex_label='$\\theta_1$', unit=None, boundary=None)
15:48 bilby INFO    : tilt_2=Sine(minimum=0, maximum=3.141592653589793, name='tilt_2', latex_label='$\\theta_2$', unit=None, boundary=None)
15:48 bilby INFO    : phi_12=Uniform(minimum=0, maximum=6.283185307179586, name='phi_12', latex_label='$\\Delta\\phi$', unit=None, boundary='periodic')
15:48 bilby INFO    : phi_jl=Uniform(minimum=0, maximum=6.283185307179586, name='phi_jl', latex_label='$\\phi_{JL}$', unit=None, boundary='periodic')
15:48 bilby INFO    : mass_1=Constraint(minimum=24.021286661454205, maximum=44.021286661454205, name='mass_1', latex_label='$m_1$', unit=None)
15:48 bilby INFO    : mass_2=Constraint(minimum=22.196365091901434, maximum=42.196365091901434, name='mass_2', latex_label='$m_2$', unit=None)
15:48 bilby INFO    : ra=2.9894169063
15:48 bilby INFO    : dec=2.2448323975
15:48 bilby INFO    : geocent_time=1126259642.413
15:48 bilby INFO    : phase=2.0299490992
15:48 bilby INFO    : psi=0.14461087450000001
15:48 bilby INFO    : luminosity_distance=2050.0105602046
15:48 bilby INFO    : theta_jn=0.6715586727045021
15:48 bilby INFO    : Analysis likelihood class: <class 'bilby.gw.likelihood.base.GravitationalWaveTransient'>
15:48 bilby INFO    : Analysis likelihood noise evidence: -24344.21022421423
15:48 bilby INFO    : Single likelihood evaluation took 1.118e-01 s
15:48 bilby INFO    : Using sampler Dynesty with kwargs {'nlive': 2000, 'bound': 'live', 'sample': 'act-walk', 'periodic': None, 'reflective': None, 'update_interval': 600, 'first_update': None, 'npdim': None, 'rstate': None, 'queue_size': 8, 'pool': None, 'use_pool': None, 'live_points': None, 'logl_args': None, 'logl_kwargs': None, 'ptform_args': None, 'ptform_kwargs': None, 'gradient': None, 'grad_args': None, 'grad_kwargs': None, 'compute_jac': False, 'enlarge': None, 'bootstrap': None, 'walks': 100, 'facc': 0.2, 'slices': None, 'fmove': 0.9, 'max_move': 100, 'update_func': None, 'ncdim': None, 'blob': False, 'save_history': False, 'history_filename': None, 'maxiter': None, 'maxcall': None, 'dlogz': 0.1, 'logl_max': inf, 'n_effective': None, 'add_live': True, 'print_progress': True, 'print_func': <bound method Dynesty._print_func of <bilby.core.sampler.dynesty.Dynesty object at 0x14a040a56c40>>, 'save_bounds': False, 'checkpoint_file': None, 'checkpoint_every': 60, 'resume': False}
15:48 bilby INFO    : Checkpoint every check_point_delta_t = 600s
15:48 bilby INFO    : Using dynesty version 2.1.0
15:48 bilby INFO    : Using the bilby-implemented rwalk sampling tracking the autocorrelation function and thinning by 5 with maximum length 25000
15:48 bilby INFO    : Setting up multiproccesing pool with 8 processes
15:48 bilby INFO    : Reading resume file /home/simona.miller/comp-spin-mock-injections/Data/IndividualInferenceOutput/new_bilby/population3_lowSpinAligned_highmass/job_00405_fixedExtrinsic_resume.pickle
15:48 bilby INFO    : Resume file successfully loaded.
16:26 bilby INFO    : Written checkpoint file /home/simona.miller/comp-spin-mock-injections/Data/IndividualInferenceOutput/new_bilby/population3_lowSpinAligned_highmass/job_00405_fixedExtrinsic_resume.pickle
16:41 bilby INFO    : Written checkpoint file /home/simona.miller/comp-spin-mock-injections/Data/IndividualInferenceOutput/new_bilby/population3_lowSpinAligned_highmass/job_00405_fixedExtrinsic_resume.pickle
17:21 bilby INFO    : Written checkpoint file /home/simona.miller/comp-spin-mock-injections/Data/IndividualInferenceOutput/new_bilby/population3_lowSpinAligned_highmass/job_00405_fixedExtrinsic_resume.pickle
17:39 bilby INFO    : Written checkpoint file /home/simona.miller/comp-spin-mock-injections/Data/IndividualInferenceOutput/new_bilby/population3_lowSpinAligned_highmass/job_00405_fixedExtrinsic_resume.pickle
18:17 bilby INFO    : Written checkpoint file /home/simona.miller/comp-spin-mock-injections/Data/IndividualInferenceOutput/new_bilby/population3_lowSpinAligned_highmass/job_00405_fixedExtrinsic_resume.pickle
18:44 bilby INFO    : Written checkpoint file /home/simona.miller/comp-spin-mock-injections/Data/IndividualInferenceOutput/new_bilby/population3_lowSpinAligned_highmass/job_00405_fixedExtrinsic_resume.pickle
19:18 bilby INFO    : Written checkpoint file /home/simona.miller/comp-spin-mock-injections/Data/IndividualInferenceOutput/new_bilby/population3_lowSpinAligned_highmass/job_00405_fixedExtrinsic_resume.pickle
19:53 bilby INFO    : Written checkpoint file /home/simona.miller/comp-spin-mock-injections/Data/IndividualInferenceOutput/new_bilby/population3_lowSpinAligned_highmass/job_00405_fixedExtrinsic_resume.pickle
20:26 bilby INFO    : Written checkpoint file /home/simona.miller/comp-spin-mock-injections/Data/IndividualInferenceOutput/new_bilby/population3_lowSpinAligned_highmass/job_00405_fixedExtrinsic_resume.pickle
20:47 bilby INFO    : Written checkpoint file /home/simona.miller/comp-spin-mock-injections/Data/IndividualInferenceOutput/new_bilby/population3_lowSpinAligned_highmass/job_00405_fixedExtrinsic_resume.pickle
21:29 bilby INFO    : Written checkpoint file /home/simona.miller/comp-spin-mock-injections/Data/IndividualInferenceOutput/new_bilby/population3_lowSpinAligned_highmass/job_00405_fixedExtrinsic_resume.pickle
21:48 bilby INFO    : Written checkpoint file /home/simona.miller/comp-spin-mock-injections/Data/IndividualInferenceOutput/new_bilby/population3_lowSpinAligned_highmass/job_00405_fixedExtrinsic_resume.pickle
22:29 bilby INFO    : Written checkpoint file /home/simona.miller/comp-spin-mock-injections/Data/IndividualInferenceOutput/new_bilby/population3_lowSpinAligned_highmass/job_00405_fixedExtrinsic_resume.pickle
22:50 bilby INFO    : Written checkpoint file /home/simona.miller/comp-spin-mock-injections/Data/IndividualInferenceOutput/new_bilby/population3_lowSpinAligned_highmass/job_00405_fixedExtrinsic_resume.pickle
23:16 bilby INFO    : Written checkpoint file /home/simona.miller/comp-spin-mock-injections/Data/IndividualInferenceOutput/new_bilby/population3_lowSpinAligned_highmass/job_00405_fixedExtrinsic_resume.pickle
23:33 bilby INFO    : Written checkpoint file /home/simona.miller/comp-spin-mock-injections/Data/IndividualInferenceOutput/new_bilby/population3_lowSpinAligned_highmass/job_00405_fixedExtrinsic_resume.pickle
00:09 bilby INFO    : Written checkpoint file /home/simona.miller/comp-spin-mock-injections/Data/IndividualInferenceOutput/new_bilby/population3_lowSpinAligned_highmass/job_00405_fixedExtrinsic_resume.pickle
00:37 bilby INFO    : Written checkpoint file /home/simona.miller/comp-spin-mock-injections/Data/IndividualInferenceOutput/new_bilby/population3_lowSpinAligned_highmass/job_00405_fixedExtrinsic_resume.pickle
00:56 bilby INFO    : Written checkpoint file /home/simona.miller/comp-spin-mock-injections/Data/IndividualInferenceOutput/new_bilby/population3_lowSpinAligned_highmass/job_00405_fixedExtrinsic_resume.pickle
01:08 bilby INFO    : Written checkpoint file /home/simona.miller/comp-spin-mock-injections/Data/IndividualInferenceOutput/new_bilby/population3_lowSpinAligned_highmass/job_00405_fixedExtrinsic_resume.pickle
01:21 bilby INFO    : Written checkpoint file /home/simona.miller/comp-spin-mock-injections/Data/IndividualInferenceOutput/new_bilby/population3_lowSpinAligned_highmass/job_00405_fixedExtrinsic_resume.pickle
01:40 bilby INFO    : Written checkpoint file /home/simona.miller/comp-spin-mock-injections/Data/IndividualInferenceOutput/new_bilby/population3_lowSpinAligned_highmass/job_00405_fixedExtrinsic_resume.pickle
02:07 bilby INFO    : Written checkpoint file /home/simona.miller/comp-spin-mock-injections/Data/IndividualInferenceOutput/new_bilby/population3_lowSpinAligned_highmass/job_00405_fixedExtrinsic_resume.pickle
02:45 bilby INFO    : Written checkpoint file /home/simona.miller/comp-spin-mock-injections/Data/IndividualInferenceOutput/new_bilby/population3_lowSpinAligned_highmass/job_00405_fixedExtrinsic_resume.pickle
03:00 bilby INFO    : Written checkpoint file /home/simona.miller/comp-spin-mock-injections/Data/IndividualInferenceOutput/new_bilby/population3_lowSpinAligned_highmass/job_00405_fixedExtrinsic_resume.pickle
03:48 bilby INFO    : Written checkpoint file /home/simona.miller/comp-spin-mock-injections/Data/IndividualInferenceOutput/new_bilby/population3_lowSpinAligned_highmass/job_00405_fixedExtrinsic_resume.pickle
04:10 bilby INFO    : Written checkpoint file /home/simona.miller/comp-spin-mock-injections/Data/IndividualInferenceOutput/new_bilby/population3_lowSpinAligned_highmass/job_00405_fixedExtrinsic_resume.pickle
04:33 bilby INFO    : Written checkpoint file /home/simona.miller/comp-spin-mock-injections/Data/IndividualInferenceOutput/new_bilby/population3_lowSpinAligned_highmass/job_00405_fixedExtrinsic_resume.pickle
05:03 bilby INFO    : Written checkpoint file /home/simona.miller/comp-spin-mock-injections/Data/IndividualInferenceOutput/new_bilby/population3_lowSpinAligned_highmass/job_00405_fixedExtrinsic_resume.pickle
05:19 bilby INFO    : Written checkpoint file /home/simona.miller/comp-spin-mock-injections/Data/IndividualInferenceOutput/new_bilby/population3_lowSpinAligned_highmass/job_00405_fixedExtrinsic_resume.pickle
05:42 bilby INFO    : Written checkpoint file /home/simona.miller/comp-spin-mock-injections/Data/IndividualInferenceOutput/new_bilby/population3_lowSpinAligned_highmass/job_00405_fixedExtrinsic_resume.pickle
05:44 bilby INFO    : Written checkpoint file /home/simona.miller/comp-spin-mock-injections/Data/IndividualInferenceOutput/new_bilby/population3_lowSpinAligned_highmass/job_00405_fixedExtrinsic_resume.pickle
05:44 bilby INFO    : Starting to close worker pool.
05:44 bilby INFO    : Finished closing worker pool.
05:45 bilby INFO    : Rejection sampling nested samples to obtain 6167 posterior samples
05:45 bilby INFO    : Sampling time: 3 days, 13:52:12.309478
05:46 bilby INFO    : Computing per-detector log likelihoods.
05:46 bilby INFO    : Using a pool with size 8 for nsamples=6167
05:46 bilby INFO    : Generating sky frame parameters.
05:46 bilby INFO    : Computing SNRs for every sample.
05:46 bilby INFO    : Using a pool with size 8 for nsamples=6167
05:47 bilby INFO    : Summary of results:
nsamples: 6167
ln_noise_evidence: -24344.210
ln_evidence: -24275.028 +/-  0.053
ln_bayes_factor: 69.182 +/-  0.053

