14:25 bilby INFO    : Waveform generator initiated with
  frequency_domain_source_model: bilby.gw.source.lal_binary_black_hole
  time_domain_source_model: None
  parameter_conversion: bilby.gw.conversion.convert_to_lal_binary_black_hole_parameters
14:25 bilby INFO    : Injected signal in H1:
14:25 bilby INFO    :   optimal SNR = 6.55
14:25 bilby INFO    :   matched filter SNR = 7.20+0.20j
14:25 bilby INFO    :   mass_1 = 118.32758161499876
14:25 bilby INFO    :   mass_2 = 75.36487197714982
14:25 bilby INFO    :   a_1 = 0.1873479670525038
14:25 bilby INFO    :   a_2 = 0.31011230981864724
14:25 bilby INFO    :   tilt_1 = 0.2517558206439576
14:25 bilby INFO    :   tilt_2 = 0.6484587409160371
14:25 bilby INFO    :   phi_12 = 5.482421039172042
14:25 bilby INFO    :   phi_jl = 0.12060103135347322
14:25 bilby INFO    :   luminosity_distance = 4951.4447091843
14:25 bilby INFO    :   theta_jn = 2.7533365553707707
14:25 bilby INFO    :   psi = 3.8978964651
14:25 bilby INFO    :   phase = 3.8143266163
14:25 bilby INFO    :   geocent_time = 1126259642.413
14:25 bilby INFO    :   ra = 4.9575356967
14:25 bilby INFO    :   dec = 2.1183765522
14:25 bilby INFO    : Injected signal in L1:
14:25 bilby INFO    :   optimal SNR = 8.33
14:25 bilby INFO    :   matched filter SNR = 8.19+1.27j
14:25 bilby INFO    :   mass_1 = 118.32758161499876
14:25 bilby INFO    :   mass_2 = 75.36487197714982
14:25 bilby INFO    :   a_1 = 0.1873479670525038
14:25 bilby INFO    :   a_2 = 0.31011230981864724
14:25 bilby INFO    :   tilt_1 = 0.2517558206439576
14:25 bilby INFO    :   tilt_2 = 0.6484587409160371
14:25 bilby INFO    :   phi_12 = 5.482421039172042
14:25 bilby INFO    :   phi_jl = 0.12060103135347322
14:25 bilby INFO    :   luminosity_distance = 4951.4447091843
14:25 bilby INFO    :   theta_jn = 2.7533365553707707
14:25 bilby INFO    :   psi = 3.8978964651
14:25 bilby INFO    :   phase = 3.8143266163
14:25 bilby INFO    :   geocent_time = 1126259642.413
14:25 bilby INFO    :   ra = 4.9575356967
14:25 bilby INFO    :   dec = 2.1183765522
14:25 bilby INFO    : Injected signal in V1:
14:25 bilby INFO    :   optimal SNR = 4.06
14:25 bilby INFO    :   matched filter SNR = 4.08+0.09j
14:25 bilby INFO    :   mass_1 = 118.32758161499876
14:25 bilby INFO    :   mass_2 = 75.36487197714982
14:25 bilby INFO    :   a_1 = 0.1873479670525038
14:25 bilby INFO    :   a_2 = 0.31011230981864724
14:25 bilby INFO    :   tilt_1 = 0.2517558206439576
14:25 bilby INFO    :   tilt_2 = 0.6484587409160371
14:25 bilby INFO    :   phi_12 = 5.482421039172042
14:25 bilby INFO    :   phi_jl = 0.12060103135347322
14:25 bilby INFO    :   luminosity_distance = 4951.4447091843
14:25 bilby INFO    :   theta_jn = 2.7533365553707707
14:25 bilby INFO    :   psi = 3.8978964651
14:25 bilby INFO    :   phase = 3.8143266163
14:25 bilby INFO    :   geocent_time = 1126259642.413
14:25 bilby INFO    :   ra = 4.9575356967
14:25 bilby INFO    :   dec = 2.1183765522
14:25 bilby INFO    : Running for label 'job_00226_fixedExtrinsic', output will be saved to '/home/simona.miller/comp-spin-mock-injections/Data/IndividualInferenceOutput/new_bilby/population3_lowSpinAligned_highmass'
14:25 bilby INFO    : Using lal version 7.3.0
14:25 bilby INFO    : Using lal git version Branch: None;Tag: lalsuite-v7.13;Id: ec1fcb1d2d1dab69321fdb8f0afef1f867b11e06;;Builder: Unknown User <>;Repository status: UNCLEAN: Modified working tree
14:25 bilby INFO    : Using lalsimulation version 5.0.0
14:25 bilby INFO    : Using lalsimulation git version Branch: None;Tag: lalsuite-v7.13;Id: ec1fcb1d2d1dab69321fdb8f0afef1f867b11e06;;Builder: Unknown User <>;Repository status: UNCLEAN: Modified working tree
14:25 bilby INFO    : Analysis priors:
14:25 bilby INFO    : chirp_mass=bilby.gw.prior.UniformInComponentsChirpMass(minimum=2, maximum=200, name='chirp_mass', latex_label='$\\mathcal{M}$', unit=None, boundary=None)
14:25 bilby INFO    : mass_ratio=bilby.gw.prior.UniformInComponentsMassRatio(minimum=0.05, maximum=1, name='mass_ratio', latex_label='$q$', unit=None, boundary=None, equal_mass=False)
14:25 bilby INFO    : a_1=Uniform(minimum=0, maximum=0.99, name='a_1', latex_label='$a_1$', unit=None, boundary=None)
14:25 bilby INFO    : a_2=Uniform(minimum=0, maximum=0.99, name='a_2', latex_label='$a_2$', unit=None, boundary=None)
14:25 bilby INFO    : tilt_1=Sine(minimum=0, maximum=3.141592653589793, name='tilt_1', latex_label='$\\theta_1$', unit=None, boundary=None)
14:25 bilby INFO    : tilt_2=Sine(minimum=0, maximum=3.141592653589793, name='tilt_2', latex_label='$\\theta_2$', unit=None, boundary=None)
14:25 bilby INFO    : phi_12=Uniform(minimum=0, maximum=6.283185307179586, name='phi_12', latex_label='$\\Delta\\phi$', unit=None, boundary='periodic')
14:25 bilby INFO    : phi_jl=Uniform(minimum=0, maximum=6.283185307179586, name='phi_jl', latex_label='$\\phi_{JL}$', unit=None, boundary='periodic')
14:25 bilby INFO    : mass_1=Constraint(minimum=108.32758161499876, maximum=128.32758161499876, name='mass_1', latex_label='$m_1$', unit=None)
14:25 bilby INFO    : mass_2=Constraint(minimum=65.36487197714982, maximum=85.36487197714982, name='mass_2', latex_label='$m_2$', unit=None)
14:25 bilby INFO    : ra=4.9575356967
14:25 bilby INFO    : dec=2.1183765522
14:25 bilby INFO    : geocent_time=1126259642.413
14:25 bilby INFO    : phase=3.8143266163
14:25 bilby INFO    : psi=3.8978964651
14:25 bilby INFO    : luminosity_distance=4951.4447091843
14:25 bilby INFO    : theta_jn=2.7533365553707707
14:25 bilby INFO    : Analysis likelihood class: <class 'bilby.gw.likelihood.base.GravitationalWaveTransient'>
14:25 bilby INFO    : Analysis likelihood noise evidence: -23974.086221990477
14:25 bilby INFO    : Single likelihood evaluation took 6.675e-02 s
14:25 bilby INFO    : Using sampler Dynesty with kwargs {'nlive': 2000, 'bound': 'live', 'sample': 'act-walk', 'periodic': None, 'reflective': None, 'update_interval': 600, 'first_update': None, 'npdim': None, 'rstate': None, 'queue_size': 8, 'pool': None, 'use_pool': None, 'live_points': None, 'logl_args': None, 'logl_kwargs': None, 'ptform_args': None, 'ptform_kwargs': None, 'gradient': None, 'grad_args': None, 'grad_kwargs': None, 'compute_jac': False, 'enlarge': None, 'bootstrap': None, 'walks': 100, 'facc': 0.2, 'slices': None, 'fmove': 0.9, 'max_move': 100, 'update_func': None, 'ncdim': None, 'blob': False, 'save_history': False, 'history_filename': None, 'maxiter': None, 'maxcall': None, 'dlogz': 0.1, 'logl_max': inf, 'n_effective': None, 'add_live': True, 'print_progress': True, 'print_func': <bound method Dynesty._print_func of <bilby.core.sampler.dynesty.Dynesty object at 0x14cfa0bbcfd0>>, 'save_bounds': False, 'checkpoint_file': None, 'checkpoint_every': 60, 'resume': False}
14:25 bilby INFO    : Checkpoint every check_point_delta_t = 600s
14:25 bilby INFO    : Using dynesty version 2.1.0
14:25 bilby INFO    : Using the bilby-implemented rwalk sampling tracking the autocorrelation function and thinning by 5 with maximum length 25000
14:25 bilby INFO    : Setting up multiproccesing pool with 8 processes
14:25 bilby INFO    : Resume file /home/simona.miller/comp-spin-mock-injections/Data/IndividualInferenceOutput/new_bilby/population3_lowSpinAligned_highmass/job_00226_fixedExtrinsic_resume.pickle does not exist.
14:25 bilby INFO    : Generating initial points from the prior
14:40 bilby INFO    : Written checkpoint file /home/simona.miller/comp-spin-mock-injections/Data/IndividualInferenceOutput/new_bilby/population3_lowSpinAligned_highmass/job_00226_fixedExtrinsic_resume.pickle
14:51 bilby INFO    : Written checkpoint file /home/simona.miller/comp-spin-mock-injections/Data/IndividualInferenceOutput/new_bilby/population3_lowSpinAligned_highmass/job_00226_fixedExtrinsic_resume.pickle
15:01 bilby INFO    : Written checkpoint file /home/simona.miller/comp-spin-mock-injections/Data/IndividualInferenceOutput/new_bilby/population3_lowSpinAligned_highmass/job_00226_fixedExtrinsic_resume.pickle
15:12 bilby INFO    : Written checkpoint file /home/simona.miller/comp-spin-mock-injections/Data/IndividualInferenceOutput/new_bilby/population3_lowSpinAligned_highmass/job_00226_fixedExtrinsic_resume.pickle
15:22 bilby INFO    : Written checkpoint file /home/simona.miller/comp-spin-mock-injections/Data/IndividualInferenceOutput/new_bilby/population3_lowSpinAligned_highmass/job_00226_fixedExtrinsic_resume.pickle
15:33 bilby INFO    : Written checkpoint file /home/simona.miller/comp-spin-mock-injections/Data/IndividualInferenceOutput/new_bilby/population3_lowSpinAligned_highmass/job_00226_fixedExtrinsic_resume.pickle
15:44 bilby INFO    : Written checkpoint file /home/simona.miller/comp-spin-mock-injections/Data/IndividualInferenceOutput/new_bilby/population3_lowSpinAligned_highmass/job_00226_fixedExtrinsic_resume.pickle
15:55 bilby INFO    : Written checkpoint file /home/simona.miller/comp-spin-mock-injections/Data/IndividualInferenceOutput/new_bilby/population3_lowSpinAligned_highmass/job_00226_fixedExtrinsic_resume.pickle
16:05 bilby INFO    : Written checkpoint file /home/simona.miller/comp-spin-mock-injections/Data/IndividualInferenceOutput/new_bilby/population3_lowSpinAligned_highmass/job_00226_fixedExtrinsic_resume.pickle
16:16 bilby INFO    : Written checkpoint file /home/simona.miller/comp-spin-mock-injections/Data/IndividualInferenceOutput/new_bilby/population3_lowSpinAligned_highmass/job_00226_fixedExtrinsic_resume.pickle
16:27 bilby INFO    : Written checkpoint file /home/simona.miller/comp-spin-mock-injections/Data/IndividualInferenceOutput/new_bilby/population3_lowSpinAligned_highmass/job_00226_fixedExtrinsic_resume.pickle
16:38 bilby INFO    : Written checkpoint file /home/simona.miller/comp-spin-mock-injections/Data/IndividualInferenceOutput/new_bilby/population3_lowSpinAligned_highmass/job_00226_fixedExtrinsic_resume.pickle
16:49 bilby INFO    : Written checkpoint file /home/simona.miller/comp-spin-mock-injections/Data/IndividualInferenceOutput/new_bilby/population3_lowSpinAligned_highmass/job_00226_fixedExtrinsic_resume.pickle
17:01 bilby INFO    : Written checkpoint file /home/simona.miller/comp-spin-mock-injections/Data/IndividualInferenceOutput/new_bilby/population3_lowSpinAligned_highmass/job_00226_fixedExtrinsic_resume.pickle
17:13 bilby INFO    : Written checkpoint file /home/simona.miller/comp-spin-mock-injections/Data/IndividualInferenceOutput/new_bilby/population3_lowSpinAligned_highmass/job_00226_fixedExtrinsic_resume.pickle
17:24 bilby INFO    : Written checkpoint file /home/simona.miller/comp-spin-mock-injections/Data/IndividualInferenceOutput/new_bilby/population3_lowSpinAligned_highmass/job_00226_fixedExtrinsic_resume.pickle
17:37 bilby INFO    : Written checkpoint file /home/simona.miller/comp-spin-mock-injections/Data/IndividualInferenceOutput/new_bilby/population3_lowSpinAligned_highmass/job_00226_fixedExtrinsic_resume.pickle
17:50 bilby INFO    : Written checkpoint file /home/simona.miller/comp-spin-mock-injections/Data/IndividualInferenceOutput/new_bilby/population3_lowSpinAligned_highmass/job_00226_fixedExtrinsic_resume.pickle
18:02 bilby INFO    : Written checkpoint file /home/simona.miller/comp-spin-mock-injections/Data/IndividualInferenceOutput/new_bilby/population3_lowSpinAligned_highmass/job_00226_fixedExtrinsic_resume.pickle
18:13 bilby INFO    : Written checkpoint file /home/simona.miller/comp-spin-mock-injections/Data/IndividualInferenceOutput/new_bilby/population3_lowSpinAligned_highmass/job_00226_fixedExtrinsic_resume.pickle
18:26 bilby INFO    : Written checkpoint file /home/simona.miller/comp-spin-mock-injections/Data/IndividualInferenceOutput/new_bilby/population3_lowSpinAligned_highmass/job_00226_fixedExtrinsic_resume.pickle
18:37 bilby INFO    : Written checkpoint file /home/simona.miller/comp-spin-mock-injections/Data/IndividualInferenceOutput/new_bilby/population3_lowSpinAligned_highmass/job_00226_fixedExtrinsic_resume.pickle
18:51 bilby INFO    : Written checkpoint file /home/simona.miller/comp-spin-mock-injections/Data/IndividualInferenceOutput/new_bilby/population3_lowSpinAligned_highmass/job_00226_fixedExtrinsic_resume.pickle
19:03 bilby INFO    : Written checkpoint file /home/simona.miller/comp-spin-mock-injections/Data/IndividualInferenceOutput/new_bilby/population3_lowSpinAligned_highmass/job_00226_fixedExtrinsic_resume.pickle
19:15 bilby INFO    : Written checkpoint file /home/simona.miller/comp-spin-mock-injections/Data/IndividualInferenceOutput/new_bilby/population3_lowSpinAligned_highmass/job_00226_fixedExtrinsic_resume.pickle
19:28 bilby INFO    : Written checkpoint file /home/simona.miller/comp-spin-mock-injections/Data/IndividualInferenceOutput/new_bilby/population3_lowSpinAligned_highmass/job_00226_fixedExtrinsic_resume.pickle
19:42 bilby INFO    : Written checkpoint file /home/simona.miller/comp-spin-mock-injections/Data/IndividualInferenceOutput/new_bilby/population3_lowSpinAligned_highmass/job_00226_fixedExtrinsic_resume.pickle
19:55 bilby INFO    : Written checkpoint file /home/simona.miller/comp-spin-mock-injections/Data/IndividualInferenceOutput/new_bilby/population3_lowSpinAligned_highmass/job_00226_fixedExtrinsic_resume.pickle
20:06 bilby INFO    : Written checkpoint file /home/simona.miller/comp-spin-mock-injections/Data/IndividualInferenceOutput/new_bilby/population3_lowSpinAligned_highmass/job_00226_fixedExtrinsic_resume.pickle
20:08 bilby INFO    : Written checkpoint file /home/simona.miller/comp-spin-mock-injections/Data/IndividualInferenceOutput/new_bilby/population3_lowSpinAligned_highmass/job_00226_fixedExtrinsic_resume.pickle
20:08 bilby INFO    : Starting to close worker pool.
20:08 bilby INFO    : Finished closing worker pool.
20:08 bilby INFO    : Rejection sampling nested samples to obtain 5945 posterior samples
20:08 bilby INFO    : Sampling time: 5:38:44.714598
20:08 bilby INFO    : Computing per-detector log likelihoods.
20:08 bilby INFO    : Using a pool with size 8 for nsamples=5945
20:09 bilby INFO    : Generating sky frame parameters.
20:09 bilby INFO    : Computing SNRs for every sample.
20:09 bilby INFO    : Using a pool with size 8 for nsamples=5945
20:09 bilby INFO    : Summary of results:
nsamples: 5945
ln_noise_evidence: -23974.086
ln_evidence: -23909.470 +/-  0.046
ln_bayes_factor: 64.617 +/-  0.046

