16:22 bilby INFO    : Waveform generator initiated with
  frequency_domain_source_model: bilby.gw.source.lal_binary_black_hole
  time_domain_source_model: None
  parameter_conversion: bilby.gw.conversion.convert_to_lal_binary_black_hole_parameters
16:22 bilby INFO    : Injected signal in H1:
16:22 bilby INFO    :   optimal SNR = 10.88
16:22 bilby INFO    :   matched filter SNR = 11.29+1.61j
16:22 bilby INFO    :   mass_1 = 75.86076610273649
16:22 bilby INFO    :   mass_2 = 74.57464889516793
16:22 bilby INFO    :   a_1 = 0.21662736749844352
16:22 bilby INFO    :   a_2 = 0.07191491510053322
16:22 bilby INFO    :   tilt_1 = 0.5362480749824293
16:22 bilby INFO    :   tilt_2 = 1.6323458399331052
16:22 bilby INFO    :   phi_12 = 4.305548237091382
16:22 bilby INFO    :   phi_jl = 1.5964486562027316
16:22 bilby INFO    :   luminosity_distance = 4002.2961058003
16:22 bilby INFO    :   theta_jn = 0.06922137712016124
16:22 bilby INFO    :   psi = 2.8054930744
16:22 bilby INFO    :   phase = 2.3968478665
16:22 bilby INFO    :   geocent_time = 1126259642.413
16:22 bilby INFO    :   ra = 3.2404246523
16:22 bilby INFO    :   dec = 2.3560995726
16:22 bilby INFO    : Injected signal in L1:
16:22 bilby INFO    :   optimal SNR = 11.06
16:22 bilby INFO    :   matched filter SNR = 9.84+0.61j
16:22 bilby INFO    :   mass_1 = 75.86076610273649
16:22 bilby INFO    :   mass_2 = 74.57464889516793
16:22 bilby INFO    :   a_1 = 0.21662736749844352
16:22 bilby INFO    :   a_2 = 0.07191491510053322
16:22 bilby INFO    :   tilt_1 = 0.5362480749824293
16:22 bilby INFO    :   tilt_2 = 1.6323458399331052
16:22 bilby INFO    :   phi_12 = 4.305548237091382
16:22 bilby INFO    :   phi_jl = 1.5964486562027316
16:22 bilby INFO    :   luminosity_distance = 4002.2961058003
16:22 bilby INFO    :   theta_jn = 0.06922137712016124
16:22 bilby INFO    :   psi = 2.8054930744
16:22 bilby INFO    :   phase = 2.3968478665
16:22 bilby INFO    :   geocent_time = 1126259642.413
16:22 bilby INFO    :   ra = 3.2404246523
16:22 bilby INFO    :   dec = 2.3560995726
16:22 bilby INFO    : Injected signal in V1:
16:22 bilby INFO    :   optimal SNR = 0.43
16:22 bilby INFO    :   matched filter SNR = -0.65-0.49j
16:22 bilby INFO    :   mass_1 = 75.86076610273649
16:22 bilby INFO    :   mass_2 = 74.57464889516793
16:22 bilby INFO    :   a_1 = 0.21662736749844352
16:22 bilby INFO    :   a_2 = 0.07191491510053322
16:22 bilby INFO    :   tilt_1 = 0.5362480749824293
16:22 bilby INFO    :   tilt_2 = 1.6323458399331052
16:22 bilby INFO    :   phi_12 = 4.305548237091382
16:22 bilby INFO    :   phi_jl = 1.5964486562027316
16:22 bilby INFO    :   luminosity_distance = 4002.2961058003
16:22 bilby INFO    :   theta_jn = 0.06922137712016124
16:22 bilby INFO    :   psi = 2.8054930744
16:22 bilby INFO    :   phase = 2.3968478665
16:22 bilby INFO    :   geocent_time = 1126259642.413
16:22 bilby INFO    :   ra = 3.2404246523
16:22 bilby INFO    :   dec = 2.3560995726
16:22 bilby INFO    : Running for label 'job_00650_fixedExtrinsic', output will be saved to '/home/simona.miller/comp-spin-mock-injections/Data/IndividualInferenceOutput/new_bilby/population3_lowSpinAligned_highmass'
16:22 bilby INFO    : Using lal version 7.3.0
16:22 bilby INFO    : Using lal git version Branch: None;Tag: lalsuite-v7.13;Id: ec1fcb1d2d1dab69321fdb8f0afef1f867b11e06;;Builder: Unknown User <>;Repository status: UNCLEAN: Modified working tree
16:22 bilby INFO    : Using lalsimulation version 5.0.0
16:22 bilby INFO    : Using lalsimulation git version Branch: None;Tag: lalsuite-v7.13;Id: ec1fcb1d2d1dab69321fdb8f0afef1f867b11e06;;Builder: Unknown User <>;Repository status: UNCLEAN: Modified working tree
16:22 bilby INFO    : Analysis priors:
16:22 bilby INFO    : chirp_mass=bilby.gw.prior.UniformInComponentsChirpMass(minimum=2, maximum=200, name='chirp_mass', latex_label='$\\mathcal{M}$', unit=None, boundary=None)
16:22 bilby INFO    : mass_ratio=bilby.gw.prior.UniformInComponentsMassRatio(minimum=0.05, maximum=1, name='mass_ratio', latex_label='$q$', unit=None, boundary=None, equal_mass=False)
16:22 bilby INFO    : a_1=Uniform(minimum=0, maximum=0.99, name='a_1', latex_label='$a_1$', unit=None, boundary=None)
16:22 bilby INFO    : a_2=Uniform(minimum=0, maximum=0.99, name='a_2', latex_label='$a_2$', unit=None, boundary=None)
16:22 bilby INFO    : tilt_1=Sine(minimum=0, maximum=3.141592653589793, name='tilt_1', latex_label='$\\theta_1$', unit=None, boundary=None)
16:22 bilby INFO    : tilt_2=Sine(minimum=0, maximum=3.141592653589793, name='tilt_2', latex_label='$\\theta_2$', unit=None, boundary=None)
16:22 bilby INFO    : phi_12=Uniform(minimum=0, maximum=6.283185307179586, name='phi_12', latex_label='$\\Delta\\phi$', unit=None, boundary='periodic')
16:22 bilby INFO    : phi_jl=Uniform(minimum=0, maximum=6.283185307179586, name='phi_jl', latex_label='$\\phi_{JL}$', unit=None, boundary='periodic')
16:22 bilby INFO    : mass_1=Constraint(minimum=65.86076610273649, maximum=85.86076610273649, name='mass_1', latex_label='$m_1$', unit=None)
16:22 bilby INFO    : mass_2=Constraint(minimum=64.57464889516793, maximum=84.57464889516793, name='mass_2', latex_label='$m_2$', unit=None)
16:22 bilby INFO    : ra=3.2404246523
16:22 bilby INFO    : dec=2.3560995726
16:22 bilby INFO    : geocent_time=1126259642.413
16:22 bilby INFO    : phase=2.3968478665
16:22 bilby INFO    : psi=2.8054930744
16:22 bilby INFO    : luminosity_distance=4002.2961058003
16:22 bilby INFO    : theta_jn=0.06922137712016124
16:22 bilby INFO    : Analysis likelihood class: <class 'bilby.gw.likelihood.base.GravitationalWaveTransient'>
16:22 bilby INFO    : Analysis likelihood noise evidence: -24406.34842127852
16:22 bilby INFO    : Single likelihood evaluation took 1.108e-01 s
16:22 bilby INFO    : Using sampler Dynesty with kwargs {'nlive': 2000, 'bound': 'live', 'sample': 'act-walk', 'periodic': None, 'reflective': None, 'update_interval': 600, 'first_update': None, 'npdim': None, 'rstate': None, 'queue_size': 8, 'pool': None, 'use_pool': None, 'live_points': None, 'logl_args': None, 'logl_kwargs': None, 'ptform_args': None, 'ptform_kwargs': None, 'gradient': None, 'grad_args': None, 'grad_kwargs': None, 'compute_jac': False, 'enlarge': None, 'bootstrap': None, 'walks': 100, 'facc': 0.2, 'slices': None, 'fmove': 0.9, 'max_move': 100, 'update_func': None, 'ncdim': None, 'blob': False, 'save_history': False, 'history_filename': None, 'maxiter': None, 'maxcall': None, 'dlogz': 0.1, 'logl_max': inf, 'n_effective': None, 'add_live': True, 'print_progress': True, 'print_func': <bound method Dynesty._print_func of <bilby.core.sampler.dynesty.Dynesty object at 0x14f10bd8b8e0>>, 'save_bounds': False, 'checkpoint_file': None, 'checkpoint_every': 60, 'resume': False}
16:22 bilby INFO    : Checkpoint every check_point_delta_t = 600s
16:22 bilby INFO    : Using dynesty version 2.1.0
16:22 bilby INFO    : Using the bilby-implemented rwalk sampling tracking the autocorrelation function and thinning by 5 with maximum length 25000
16:22 bilby INFO    : Setting up multiproccesing pool with 8 processes
16:22 bilby INFO    : Reading resume file /home/simona.miller/comp-spin-mock-injections/Data/IndividualInferenceOutput/new_bilby/population3_lowSpinAligned_highmass/job_00650_fixedExtrinsic_resume.pickle
16:22 bilby INFO    : Resume file successfully loaded.
16:46 bilby INFO    : Written checkpoint file /home/simona.miller/comp-spin-mock-injections/Data/IndividualInferenceOutput/new_bilby/population3_lowSpinAligned_highmass/job_00650_fixedExtrinsic_resume.pickle
17:06 bilby INFO    : Written checkpoint file /home/simona.miller/comp-spin-mock-injections/Data/IndividualInferenceOutput/new_bilby/population3_lowSpinAligned_highmass/job_00650_fixedExtrinsic_resume.pickle
17:38 bilby INFO    : Written checkpoint file /home/simona.miller/comp-spin-mock-injections/Data/IndividualInferenceOutput/new_bilby/population3_lowSpinAligned_highmass/job_00650_fixedExtrinsic_resume.pickle
18:07 bilby INFO    : Written checkpoint file /home/simona.miller/comp-spin-mock-injections/Data/IndividualInferenceOutput/new_bilby/population3_lowSpinAligned_highmass/job_00650_fixedExtrinsic_resume.pickle
18:18 bilby INFO    : Written checkpoint file /home/simona.miller/comp-spin-mock-injections/Data/IndividualInferenceOutput/new_bilby/population3_lowSpinAligned_highmass/job_00650_fixedExtrinsic_resume.pickle
18:37 bilby INFO    : Written checkpoint file /home/simona.miller/comp-spin-mock-injections/Data/IndividualInferenceOutput/new_bilby/population3_lowSpinAligned_highmass/job_00650_fixedExtrinsic_resume.pickle
18:55 bilby INFO    : Written checkpoint file /home/simona.miller/comp-spin-mock-injections/Data/IndividualInferenceOutput/new_bilby/population3_lowSpinAligned_highmass/job_00650_fixedExtrinsic_resume.pickle
19:24 bilby INFO    : Written checkpoint file /home/simona.miller/comp-spin-mock-injections/Data/IndividualInferenceOutput/new_bilby/population3_lowSpinAligned_highmass/job_00650_fixedExtrinsic_resume.pickle
19:31 bilby INFO    : Written checkpoint file /home/simona.miller/comp-spin-mock-injections/Data/IndividualInferenceOutput/new_bilby/population3_lowSpinAligned_highmass/job_00650_fixedExtrinsic_resume.pickle
19:32 bilby INFO    : Starting to close worker pool.
19:32 bilby INFO    : Finished closing worker pool.
19:33 bilby INFO    : Rejection sampling nested samples to obtain 5772 posterior samples
19:33 bilby INFO    : Sampling time: 1 day, 4:31:37.165741
19:35 bilby INFO    : Computing per-detector log likelihoods.
19:35 bilby INFO    : Using a pool with size 8 for nsamples=5772
19:35 bilby INFO    : Generating sky frame parameters.
19:35 bilby INFO    : Computing SNRs for every sample.
19:35 bilby INFO    : Using a pool with size 8 for nsamples=5772
19:36 bilby INFO    : Summary of results:
nsamples: 5772
ln_noise_evidence: -24406.348
ln_evidence: -24297.439 +/-  0.049
ln_bayes_factor: 108.909 +/-  0.049

